0.12/0.20	=== Examples (../../dataset/examples/examples-33.json)
0.12/0.20	IO(inputs=('A001 John Doe',), output='John')
0.12/0.20	=== Library
0.12/0.20	concat
0.12/0.20	index
0.12/0.20	length
0.12/0.20	substr
0.12/0.20	add
0.12/0.20	sub
0.12/0.20	=== Synthesis
0.12/0.20	['concat']: UNSAT (0.022 seconds)
0.12/0.22	['index']: UNSAT (0.020 seconds)
0.12/0.24	['length']: UNSAT (0.017 seconds)
0.12/0.26	['substr']: UNSAT (0.024 seconds)
0.27/0.28	['add']: UNSAT (0.020 seconds)
0.27/0.30	['sub']: UNSAT (0.019 seconds)
0.27/0.32	['concat', 'concat']: UNSAT (0.032 seconds)
0.27/0.36	['concat', 'index']: UNSAT (0.030 seconds)
0.37/0.39	['concat', 'length']: UNSAT (0.026 seconds)
0.37/0.41	['concat', 'substr']: SAT (0.061 seconds)
0.46/0.48	substr(concat(arg0, '\\x00John'), 14, 14)
