0.11/0.20	=== Examples (../../dataset/examples/examples-31.json)
0.11/0.20	IO(inputs=('john.doe@outsystems.com',), output='john.doe')
0.11/0.20	=== Library
0.11/0.20	concat
0.11/0.20	index
0.11/0.20	length
0.11/0.20	substr
0.11/0.20	add
0.11/0.20	sub
0.11/0.20	=== Synthesis
0.11/0.20	['concat']: UNSAT (0.023 seconds)
0.11/0.22	['index']: UNSAT (0.021 seconds)
0.11/0.24	['length']: UNSAT (0.018 seconds)
0.11/0.26	['substr']: UNSAT (0.038 seconds)
0.25/0.30	['add']: UNSAT (0.019 seconds)
0.25/0.32	['sub']: UNSAT (0.019 seconds)
0.25/0.34	['concat', 'concat']: UNSAT (0.034 seconds)
0.36/0.37	['concat', 'index']: UNSAT (0.029 seconds)
0.36/0.40	['concat', 'length']: UNSAT (0.025 seconds)
0.36/0.43	['concat', 'substr']: SAT (0.294 seconds)
0.68/0.72	concat('john', substr(arg0, 4, 4))
