0.14/0.18	=== Examples (../../dataset/examples/examples-67.json)
0.14/0.18	IO(inputs=(' trim me ',), output='trim me €')
0.14/0.18	=== Library
0.14/0.18	concat
0.14/0.18	index
0.14/0.18	length
0.14/0.18	substr
0.14/0.18	add
0.14/0.18	sub
0.14/0.18	=== Synthesis
0.14/0.18	Traceback (most recent call last):
0.14/0.18	  File "runsynth.py", line 103, in <module>
0.14/0.18	    runsynth(opts)
0.14/0.18	  File "runsynth.py", line 45, in runsynth
0.14/0.18	    prog = synthesize(ios=examples, lib=lib, stack=stack)
0.14/0.18	  File "/home/rodrigo/msc/code/python/src/simple/synth.py", line 30, in synthesize
0.14/0.18	    problem = next(learner)
0.14/0.18	  File "/home/rodrigo/msc/code/python/src/simple/enumerator.py", line 171, in enumerator
0.14/0.18	    problem = Problem.mk(ios=ios, stack=stack, lib=sigs)
0.14/0.18	  File "/home/rodrigo/msc/code/python/src/simple/enumerator.py", line 87, in mk
0.14/0.18	    for io in ios)
0.14/0.18	  File "/home/rodrigo/msc/code/python/src/simple/enumerator.py", line 87, in <genexpr>
0.14/0.18	    for io in ios)
0.14/0.18	  File "/home/rodrigo/msc/code/python/src/simple/types.py", line 100, in mk
0.14/0.18	    output = Output(val=io.output, lineno=last_line, ctx=ctx)
0.14/0.18	  File "/home/rodrigo/msc/code/python/src/simple/types.py", line 88, in __init__
0.14/0.18	    super().__init__(expr=z3_val(val, ctx), kind=kind(val), \
0.14/0.18	  File "/home/rodrigo/msc/code/python/src/simple/utils.py", line 22, in z3_val
0.14/0.18	    return z3.StringVal(val, ctx)
0.14/0.18	  File "/home/rodrigo/msc/code/python/venv/lib/python3.7/site-packages/z3/z3.py", line 10049, in StringVal
0.14/0.18	    return SeqRef(Z3_mk_lstring(ctx.ref(), len(s), s), ctx)
0.14/0.18	  File "/home/rodrigo/msc/code/python/venv/lib/python3.7/site-packages/z3/z3core.py", line 2202, in Z3_mk_lstring
0.14/0.18	    r = _elems.f(a0, a1, _to_ascii(a2))
0.14/0.18	ctypes.ArgumentError: argument 3: <class 'TypeError'>: wrong type
