0.00/0.20	=== Examples (../../dataset/examples/examples-51.json)
0.00/0.20	IO(inputs=('George ', 'Michael '), output='George  Michael')
0.00/0.20	=== Library
0.00/0.20	concat
0.00/0.20	index
0.00/0.20	length
0.00/0.20	substr
0.00/0.20	add
0.00/0.20	sub
0.00/0.20	=== Synthesis
0.00/0.20	['concat']: UNSAT (0.023 seconds)
0.00/0.22	['index']: UNSAT (0.022 seconds)
0.21/0.24	['length']: UNSAT (0.018 seconds)
0.21/0.26	['substr']: UNSAT (0.022 seconds)
0.21/0.28	['add']: UNSAT (0.019 seconds)
0.21/0.30	['sub']: UNSAT (0.019 seconds)
0.21/0.32	['concat', 'concat']: UNSAT (0.035 seconds)
0.21/0.36	['concat', 'index']: UNSAT (0.032 seconds)
0.21/0.39	['concat', 'length']: UNSAT (0.029 seconds)
0.38/0.42	['concat', 'substr']: UNSAT (0.035 seconds)
0.38/0.46	['concat', 'add']: UNSAT (0.028 seconds)
0.38/0.49	['concat', 'sub']: UNSAT (0.028 seconds)
0.38/0.52	['index', 'index']: UNSAT (0.034 seconds)
0.50/0.55	['index', 'length']: UNSAT (0.027 seconds)
0.50/0.58	['index', 'substr']: UNSAT (0.036 seconds)
0.50/0.61	['index', 'add']: UNSAT (0.028 seconds)
0.50/0.64	['index', 'sub']: UNSAT (0.023 seconds)
0.65/0.67	['length', 'length']: UNSAT (0.016 seconds)
0.65/0.68	['length', 'substr']: UNSAT (0.022 seconds)
0.65/0.71	['length', 'add']: UNSAT (0.018 seconds)
0.65/0.73	['length', 'sub']: UNSAT (0.019 seconds)
0.65/0.75	['substr', 'substr']: UNSAT (0.029 seconds)
0.74/0.78	['substr', 'add']: UNSAT (0.025 seconds)
0.79/0.80	['substr', 'sub']: UNSAT (0.024 seconds)
0.79/0.83	['add', 'add']: UNSAT (0.022 seconds)
0.79/0.85	['add', 'sub']: UNSAT (0.022 seconds)
0.79/0.87	['sub', 'sub']: UNSAT (0.022 seconds)
0.79/0.89	['concat', 'concat', 'concat']: UNSAT (0.099 seconds)
0.89/0.99	['concat', 'concat', 'index']: UNSAT (0.036 seconds)
0.99/1.03	['concat', 'concat', 'length']: UNSAT (0.030 seconds)
0.99/1.06	['concat', 'concat', 'substr']: UNSAT (0.361 seconds)
1.39/1.42	['concat', 'concat', 'add']: UNSAT (0.028 seconds)
1.39/1.45	['concat', 'concat', 'sub']: UNSAT (0.029 seconds)
1.39/1.48	['concat', 'index', 'index']: UNSAT (0.036 seconds)
1.49/1.52	['concat', 'index', 'length']: UNSAT (0.029 seconds)
1.49/1.55	['concat', 'index', 'substr']: UNSAT (0.074 seconds)
1.59/1.62	['concat', 'index', 'add']: UNSAT (0.031 seconds)
1.59/1.65	['concat', 'index', 'sub']: UNSAT (0.031 seconds)
1.59/1.69	['concat', 'length', 'length']: UNSAT (0.025 seconds)
1.69/1.71	['concat', 'length', 'substr']: UNSAT (0.041 seconds)
1.69/1.75	['concat', 'length', 'add']: UNSAT (0.025 seconds)
1.69/1.78	['concat', 'length', 'sub']: UNSAT (0.026 seconds)
1.79/1.81	['concat', 'substr', 'substr']: UNSAT (0.056 seconds)
1.79/1.86	['concat', 'substr', 'add']: UNSAT (0.034 seconds)
1.89/1.90	['concat', 'substr', 'sub']: UNSAT (0.038 seconds)
1.89/1.94	['concat', 'add', 'add']: UNSAT (0.029 seconds)
1.89/1.97	['concat', 'add', 'sub']: UNSAT (0.029 seconds)
1.89/2.00	['concat', 'sub', 'sub']: UNSAT (0.028 seconds)
1.99/2.02	['index', 'index', 'index']: UNSAT (0.038 seconds)
1.99/2.06	['index', 'index', 'length']: UNSAT (0.032 seconds)
1.99/2.09	['index', 'index', 'substr']: UNSAT (0.064 seconds)
2.09/2.16	['index', 'index', 'add']: UNSAT (0.035 seconds)
2.09/2.20	['index', 'index', 'sub']: UNSAT (0.035 seconds)
2.09/2.23	['index', 'length', 'length']: UNSAT (0.027 seconds)
2.09/2.26	['index', 'length', 'substr']: UNSAT (0.035 seconds)
2.09/2.29	['index', 'length', 'add']: UNSAT (0.029 seconds)
2.30/2.32	['index', 'length', 'sub']: UNSAT (0.028 seconds)
2.30/2.35	['index', 'substr', 'substr']: UNSAT (0.050 seconds)
2.30/2.40	['index', 'substr', 'add']: UNSAT (0.041 seconds)
2.40/2.45	['index', 'substr', 'sub']: UNSAT (0.039 seconds)
2.40/2.49	['index', 'add', 'add']: UNSAT (0.034 seconds)
2.49/2.52	['index', 'add', 'sub']: UNSAT (0.033 seconds)
2.49/2.55	['index', 'sub', 'sub']: UNSAT (0.033 seconds)
2.49/2.59	['length', 'length', 'length']: UNSAT (0.022 seconds)
2.59/2.61	['length', 'length', 'substr']: UNSAT (0.028 seconds)
2.59/2.64	['length', 'length', 'add']: UNSAT (0.022 seconds)
2.59/2.66	['length', 'length', 'sub']: UNSAT (0.023 seconds)
2.59/2.69	['length', 'substr', 'substr']: UNSAT (0.038 seconds)
2.68/2.72	['length', 'substr', 'add']: UNSAT (0.029 seconds)
2.68/2.75	['length', 'substr', 'sub']: UNSAT (0.030 seconds)
2.68/2.79	['length', 'add', 'add']: UNSAT (0.025 seconds)
2.78/2.81	['length', 'add', 'sub']: UNSAT (0.025 seconds)
2.78/2.84	['length', 'sub', 'sub']: UNSAT (0.025 seconds)
2.78/2.86	['substr', 'substr', 'substr']: UNSAT (0.039 seconds)
2.88/2.90	['substr', 'substr', 'add']: UNSAT (0.038 seconds)
2.88/2.94	['substr', 'substr', 'sub']: UNSAT (0.035 seconds)
2.88/2.98	['substr', 'add', 'add']: UNSAT (0.031 seconds)
2.98/3.01	['substr', 'add', 'sub']: UNSAT (0.031 seconds)
2.98/3.04	['substr', 'sub', 'sub']: UNSAT (0.032 seconds)
2.98/3.07	['add', 'add', 'add']: UNSAT (0.032 seconds)
3.08/3.10	['add', 'add', 'sub']: UNSAT (0.030 seconds)
3.08/3.14	['add', 'sub', 'sub']: UNSAT (0.030 seconds)
3.08/3.17	['sub', 'sub', 'sub']: UNSAT (0.030 seconds)
3.18/3.20	['concat', 'concat', 'concat', 'concat']: UNSAT (21.095 seconds)
24.19/24.29	['concat', 'concat', 'concat', 'index']: UNSAT (0.046 seconds)
24.30/24.34	['concat', 'concat', 'concat', 'length']: UNSAT (0.038 seconds)
24.30/24.38	['concat', 'concat', 'concat', 'substr']: SAT (1.956 seconds)
26.28/26.34	concat(concat(arg0, substr(concat(arg1, arg1), 7, 7)), 'l')
