0.12/0.20	=== Examples (../../dataset/examples/examples-83.json)
0.12/0.20	IO(inputs=('george', 'conchichina xy'), output='george At:conchichina')
0.12/0.20	=== Library
0.12/0.20	concat
0.12/0.20	index
0.12/0.20	length
0.12/0.20	substr
0.12/0.20	add
0.12/0.20	sub
0.12/0.20	=== Synthesis
0.12/0.20	['concat']: UNSAT (0.023 seconds)
0.12/0.22	['index']: UNSAT (0.021 seconds)
0.12/0.24	['length']: UNSAT (0.017 seconds)
0.12/0.26	['substr']: UNSAT (0.021 seconds)
0.12/0.28	['add']: UNSAT (0.019 seconds)
0.27/0.30	['sub']: UNSAT (0.019 seconds)
0.27/0.32	['concat', 'concat']: UNSAT (0.035 seconds)
0.27/0.36	['concat', 'index']: UNSAT (0.031 seconds)
0.38/0.39	['concat', 'length']: UNSAT (0.026 seconds)
0.38/0.41	['concat', 'substr']: UNSAT (0.035 seconds)
0.38/0.45	['concat', 'add']: UNSAT (0.027 seconds)
0.38/0.48	['concat', 'sub']: UNSAT (0.027 seconds)
0.47/0.50	['index', 'index']: UNSAT (0.034 seconds)
0.47/0.54	['index', 'length']: UNSAT (0.026 seconds)
0.47/0.57	['index', 'substr']: UNSAT (0.037 seconds)
0.57/0.61	['index', 'add']: UNSAT (0.029 seconds)
0.57/0.64	['index', 'sub']: UNSAT (0.030 seconds)
0.63/0.67	['length', 'length']: UNSAT (0.018 seconds)
0.63/0.68	['length', 'substr']: UNSAT (0.021 seconds)
0.69/0.71	['length', 'add']: UNSAT (0.017 seconds)
0.69/0.72	['length', 'sub']: UNSAT (0.017 seconds)
0.69/0.74	['substr', 'substr']: UNSAT (0.029 seconds)
0.69/0.77	['substr', 'add']: UNSAT (0.022 seconds)
0.69/0.79	['substr', 'sub']: UNSAT (0.021 seconds)
0.79/0.81	['add', 'add']: UNSAT (0.019 seconds)
0.79/0.83	['add', 'sub']: UNSAT (0.022 seconds)
0.79/0.86	['sub', 'sub']: UNSAT (0.021 seconds)
0.79/0.88	['concat', 'concat', 'concat']: UNSAT (0.337 seconds)
1.19/1.22	['concat', 'concat', 'index']: UNSAT (0.031 seconds)
1.19/1.25	['concat', 'concat', 'length']: UNSAT (0.027 seconds)
1.19/1.28	['concat', 'concat', 'substr']: UNSAT (0.175 seconds)
1.39/1.45	['concat', 'concat', 'add']: UNSAT (0.031 seconds)
1.39/1.48	['concat', 'concat', 'sub']: UNSAT (0.028 seconds)
1.49/1.51	['concat', 'index', 'index']: UNSAT (0.036 seconds)
1.49/1.55	['concat', 'index', 'length']: UNSAT (0.027 seconds)
1.49/1.58	['concat', 'index', 'substr']: UNSAT (0.110 seconds)
1.59/1.69	['concat', 'index', 'add']: UNSAT (0.030 seconds)
1.69/1.72	['concat', 'index', 'sub']: UNSAT (0.029 seconds)
1.69/1.75	['concat', 'length', 'length']: UNSAT (0.025 seconds)
1.69/1.77	['concat', 'length', 'substr']: UNSAT (0.051 seconds)
1.79/1.82	['concat', 'length', 'add']: UNSAT (0.024 seconds)
1.79/1.85	['concat', 'length', 'sub']: UNSAT (0.027 seconds)
1.79/1.88	['concat', 'substr', 'substr']: UNSAT (0.049 seconds)
1.89/1.93	['concat', 'substr', 'add']: UNSAT (0.034 seconds)
1.89/1.96	['concat', 'substr', 'sub']: UNSAT (0.034 seconds)
1.89/2.00	['concat', 'add', 'add']: UNSAT (0.028 seconds)
1.89/2.02	['concat', 'add', 'sub']: UNSAT (0.028 seconds)
2.02/2.05	['concat', 'sub', 'sub']: UNSAT (0.028 seconds)
2.02/2.08	['index', 'index', 'index']: UNSAT (0.035 seconds)
2.02/2.12	['index', 'index', 'length']: UNSAT (0.029 seconds)
2.13/2.15	['index', 'index', 'substr']: UNSAT (0.063 seconds)
2.19/2.21	['index', 'index', 'add']: UNSAT (0.031 seconds)
2.19/2.24	['index', 'index', 'sub']: UNSAT (0.032 seconds)
2.19/2.27	['index', 'length', 'length']: UNSAT (0.026 seconds)
2.29/2.30	['index', 'length', 'substr']: UNSAT (0.034 seconds)
2.29/2.34	['index', 'length', 'add']: UNSAT (0.030 seconds)
2.29/2.37	['index', 'length', 'sub']: UNSAT (0.030 seconds)
2.39/2.40	['index', 'substr', 'substr']: UNSAT (0.049 seconds)
2.39/2.45	['index', 'substr', 'add']: UNSAT (0.041 seconds)
2.39/2.49	['index', 'substr', 'sub']: UNSAT (0.042 seconds)
2.49/2.53	['index', 'add', 'add']: UNSAT (0.033 seconds)
2.49/2.57	['index', 'add', 'sub']: UNSAT (0.033 seconds)
2.59/2.60	['index', 'sub', 'sub']: UNSAT (0.032 seconds)
2.59/2.63	['length', 'length', 'length']: UNSAT (0.022 seconds)
2.59/2.66	['length', 'length', 'substr']: UNSAT (0.028 seconds)
2.59/2.68	['length', 'length', 'add']: UNSAT (0.021 seconds)
2.69/2.71	['length', 'length', 'sub']: UNSAT (0.020 seconds)
2.69/2.73	['length', 'substr', 'substr']: UNSAT (0.038 seconds)
2.69/2.77	['length', 'substr', 'add']: UNSAT (0.031 seconds)
2.79/2.80	['length', 'substr', 'sub']: UNSAT (0.028 seconds)
2.79/2.83	['length', 'add', 'add']: UNSAT (0.023 seconds)
2.79/2.85	['length', 'add', 'sub']: UNSAT (0.028 seconds)
2.79/2.88	['length', 'sub', 'sub']: UNSAT (0.024 seconds)
2.89/2.90	['substr', 'substr', 'substr']: UNSAT (0.036 seconds)
2.89/2.94	['substr', 'substr', 'add']: UNSAT (0.037 seconds)
2.89/2.98	['substr', 'substr', 'sub']: UNSAT (0.034 seconds)
2.89/3.01	['substr', 'add', 'add']: UNSAT (0.030 seconds)
3.02/3.04	['substr', 'add', 'sub']: UNSAT (0.032 seconds)
3.02/3.08	['substr', 'sub', 'sub']: UNSAT (0.030 seconds)
3.02/3.11	['add', 'add', 'add']: UNSAT (0.028 seconds)
3.13/3.14	['add', 'add', 'sub']: UNSAT (0.031 seconds)
3.13/3.17	['add', 'sub', 'sub']: UNSAT (0.030 seconds)
3.19/3.20	['sub', 'sub', 'sub']: UNSAT (0.027 seconds)
3.19/3.23	['concat', 'concat', 'concat', 'concat']: UNSAT (21.000 seconds)
24.15/24.23	['concat', 'concat', 'concat', 'index']: UNSAT (0.045 seconds)
24.25/24.27	['concat', 'concat', 'concat', 'length']: UNSAT (0.038 seconds)
24.28/24.31	['concat', 'concat', 'concat', 'substr']: SAT (2.881 seconds)
27.12/27.19	concat(arg0, substr(concat(concat(arg1, '\\x00 At:'), arg1), 15, 15))
