0.11/0.20	=== Examples (../../dataset/examples/examples-45.json)
0.11/0.20	IO(inputs=('Make it two weeks',), output='make it two wks')
0.11/0.20	=== Library
0.11/0.20	concat
0.11/0.20	index
0.11/0.20	length
0.11/0.20	substr
0.11/0.20	add
0.11/0.20	sub
0.11/0.20	=== Synthesis
0.11/0.20	['concat']: UNSAT (0.022 seconds)
0.11/0.22	['index']: UNSAT (0.020 seconds)
0.11/0.24	['length']: UNSAT (0.017 seconds)
0.11/0.26	['substr']: UNSAT (0.022 seconds)
0.25/0.28	['add']: UNSAT (0.018 seconds)
0.25/0.30	['sub']: UNSAT (0.020 seconds)
0.25/0.32	['concat', 'concat']: UNSAT (0.032 seconds)
0.25/0.35	['concat', 'index']: UNSAT (0.029 seconds)
0.34/0.38	['concat', 'length']: UNSAT (0.024 seconds)
0.34/0.41	['concat', 'substr']: UNSAT (0.050 seconds)
0.34/0.46	['concat', 'add']: UNSAT (0.025 seconds)
0.34/0.48	['concat', 'sub']: UNSAT (0.025 seconds)
0.46/0.51	['index', 'index']: UNSAT (0.031 seconds)
0.46/0.54	['index', 'length']: UNSAT (0.025 seconds)
0.46/0.57	['index', 'substr']: UNSAT (0.064 seconds)
0.62/0.63	['index', 'add']: UNSAT (0.025 seconds)
0.62/0.66	['index', 'sub']: UNSAT (0.021 seconds)
0.62/0.68	['length', 'length']: UNSAT (0.016 seconds)
0.62/0.70	['length', 'substr']: UNSAT (0.026 seconds)
0.69/0.72	['length', 'add']: UNSAT (0.017 seconds)
0.69/0.74	['length', 'sub']: UNSAT (0.018 seconds)
0.69/0.76	['substr', 'substr']: UNSAT (0.026 seconds)
0.69/0.78	['substr', 'add']: UNSAT (0.022 seconds)
0.79/0.81	['substr', 'sub']: UNSAT (0.025 seconds)
0.79/0.83	['add', 'add']: UNSAT (0.020 seconds)
0.79/0.85	['add', 'sub']: UNSAT (0.020 seconds)
0.79/0.87	['sub', 'sub']: UNSAT (0.020 seconds)
0.79/0.89	['concat', 'concat', 'concat']: UNSAT (0.066 seconds)
0.89/0.96	['concat', 'concat', 'index']: UNSAT (0.031 seconds)
0.89/0.99	['concat', 'concat', 'length']: UNSAT (0.025 seconds)
0.89/1.02	['concat', 'concat', 'substr']: UNSAT (1.010 seconds)
1.89/2.03	['concat', 'concat', 'add']: UNSAT (0.026 seconds)
2.01/2.06	['concat', 'concat', 'sub']: UNSAT (0.027 seconds)
2.01/2.08	['concat', 'index', 'index']: UNSAT (0.033 seconds)
2.01/2.12	['concat', 'index', 'length']: UNSAT (0.027 seconds)
2.13/2.15	['concat', 'index', 'substr']: UNSAT (1.155 seconds)
3.29/3.30	['concat', 'index', 'add']: UNSAT (0.028 seconds)
3.29/3.33	['concat', 'index', 'sub']: UNSAT (0.028 seconds)
3.29/3.36	['concat', 'length', 'length']: UNSAT (0.022 seconds)
3.29/3.38	['concat', 'length', 'substr']: UNSAT (0.147 seconds)
3.49/3.53	['concat', 'length', 'add']: UNSAT (0.023 seconds)
3.49/3.55	['concat', 'length', 'sub']: UNSAT (0.024 seconds)
3.49/3.58	['concat', 'substr', 'substr']: UNSAT (0.082 seconds)
3.59/3.66	['concat', 'substr', 'add']: UNSAT (0.090 seconds)
3.69/3.75	['concat', 'substr', 'sub']: UNSAT (0.074 seconds)
3.79/3.83	['concat', 'add', 'add']: UNSAT (0.027 seconds)
3.79/3.85	['concat', 'add', 'sub']: UNSAT (0.026 seconds)
3.79/3.88	['concat', 'sub', 'sub']: UNSAT (0.026 seconds)
3.89/3.91	['index', 'index', 'index']: UNSAT (0.034 seconds)
3.89/3.94	['index', 'index', 'length']: UNSAT (0.028 seconds)
3.89/3.97	['index', 'index', 'substr']: UNSAT (0.165 seconds)
4.01/4.14	['index', 'index', 'add']: UNSAT (0.031 seconds)
4.13/4.17	['index', 'index', 'sub']: UNSAT (0.032 seconds)
4.19/4.20	['index', 'length', 'length']: UNSAT (0.023 seconds)
4.19/4.22	['index', 'length', 'substr']: UNSAT (0.058 seconds)
4.19/4.28	['index', 'length', 'add']: UNSAT (0.026 seconds)
4.29/4.31	['index', 'length', 'sub']: UNSAT (0.025 seconds)
4.29/4.34	['index', 'substr', 'substr']: UNSAT (0.099 seconds)
4.39/4.44	['index', 'substr', 'add']: UNSAT (0.064 seconds)
4.49/4.50	['index', 'substr', 'sub']: UNSAT (0.079 seconds)
4.49/4.58	['index', 'add', 'add']: UNSAT (0.030 seconds)
4.59/4.61	['index', 'add', 'sub']: UNSAT (0.033 seconds)
4.59/4.64	['index', 'sub', 'sub']: UNSAT (0.032 seconds)
4.59/4.68	['length', 'length', 'length']: UNSAT (0.021 seconds)
4.69/4.70	['length', 'length', 'substr']: UNSAT (0.035 seconds)
4.69/4.73	['length', 'length', 'add']: UNSAT (0.023 seconds)
4.69/4.76	['length', 'length', 'sub']: UNSAT (0.021 seconds)
4.69/4.78	['length', 'substr', 'substr']: UNSAT (0.089 seconds)
4.79/4.87	['length', 'substr', 'add']: UNSAT (0.043 seconds)
4.89/4.91	['length', 'substr', 'sub']: UNSAT (0.049 seconds)
4.89/4.96	['length', 'add', 'add']: UNSAT (0.024 seconds)
4.89/4.99	['length', 'add', 'sub']: UNSAT (0.024 seconds)
4.89/5.01	['length', 'sub', 'sub']: UNSAT (0.025 seconds)
4.89/5.04	['substr', 'substr', 'substr']: UNSAT (0.050 seconds)
5.01/5.09	['substr', 'substr', 'add']: UNSAT (0.049 seconds)
5.01/5.14	['substr', 'substr', 'sub']: UNSAT (0.048 seconds)
5.13/5.18	['substr', 'add', 'add']: UNSAT (0.041 seconds)
5.19/5.23	['substr', 'add', 'sub']: UNSAT (0.041 seconds)
5.19/5.27	['substr', 'sub', 'sub']: UNSAT (0.043 seconds)
5.29/5.31	['add', 'add', 'add']: UNSAT (0.029 seconds)
5.29/5.34	['add', 'add', 'sub']: UNSAT (0.028 seconds)
5.29/5.37	['add', 'sub', 'sub']: UNSAT (0.028 seconds)
5.39/5.40	['sub', 'sub', 'sub']: UNSAT (0.028 seconds)
5.39/5.43	['concat', 'concat', 'concat', 'concat']: UNSAT (0.121 seconds)
5.49/5.55	['concat', 'concat', 'concat', 'index']: UNSAT (0.041 seconds)
5.49/5.59	['concat', 'concat', 'concat', 'length']: UNSAT (0.036 seconds)
5.59/5.63	['concat', 'concat', 'concat', 'substr']: UNSAT (72.686 seconds)
78.29/78.32	['concat', 'concat', 'concat', 'add']: UNSAT (0.038 seconds)
78.29/78.35	['concat', 'concat', 'concat', 'sub']: UNSAT (0.035 seconds)
78.29/78.39	['concat', 'concat', 'index', 'index']: UNSAT (0.044 seconds)
78.39/78.44	['concat', 'concat', 'index', 'length']: UNSAT (0.037 seconds)
78.39/78.47	['concat', 'concat', 'index', 'substr']: UNSAT (8.127 seconds)
86.59/86.60	['concat', 'concat', 'index', 'add']: UNSAT (0.039 seconds)
86.59/86.64	['concat', 'concat', 'index', 'sub']: UNSAT (0.082 seconds)
86.69/86.72	['concat', 'concat', 'length', 'length']: UNSAT (0.056 seconds)
86.69/86.78	['concat', 'concat', 'length', 'substr']: UNSAT (2.794 seconds)
89.49/89.57	['concat', 'concat', 'length', 'add']: UNSAT (0.031 seconds)
89.59/89.61	['concat', 'concat', 'length', 'sub']: UNSAT (0.029 seconds)
89.59/89.64	['concat', 'concat', 'substr', 'substr']: UNSAT (3.502 seconds)
93.13/93.14	['concat', 'concat', 'substr', 'add']: UNSAT (1.830 seconds)
94.89/94.97	['concat', 'concat', 'substr', 'sub']: UNSAT (0.741 seconds)
95.69/95.71	['concat', 'concat', 'add', 'add']: UNSAT (0.032 seconds)
95.69/95.74	['concat', 'concat', 'add', 'sub']: UNSAT (0.031 seconds)
95.69/95.78	['concat', 'concat', 'sub', 'sub']: UNSAT (0.031 seconds)
95.79/95.81	['concat', 'index', 'index', 'index']: UNSAT (0.043 seconds)
95.79/95.85	['concat', 'index', 'index', 'length']: UNSAT (0.036 seconds)
95.79/95.89	['concat', 'index', 'index', 'substr']: UNSAT (2.669 seconds)
98.49/98.56	['concat', 'index', 'index', 'add']: UNSAT (0.040 seconds)
98.59/98.60	['concat', 'index', 'index', 'sub']: UNSAT (0.039 seconds)
98.59/98.64	['concat', 'index', 'length', 'length']: UNSAT (0.032 seconds)
98.59/98.67	['concat', 'index', 'length', 'substr']: UNSAT (0.863 seconds)
99.48/99.54	['concat', 'index', 'length', 'add']: UNSAT (0.035 seconds)
99.48/99.57	['concat', 'index', 'length', 'sub']: UNSAT (0.033 seconds)
99.58/99.61	['concat', 'index', 'substr', 'substr']: UNSAT (3.612 seconds)
103.18/103.22	['concat', 'index', 'substr', 'add']: UNSAT (1.601 seconds)
104.79/104.82	['concat', 'index', 'substr', 'sub']: UNSAT (0.791 seconds)
105.59/105.61	['concat', 'index', 'add', 'add']: UNSAT (0.036 seconds)
105.59/105.65	['concat', 'index', 'add', 'sub']: UNSAT (0.039 seconds)
105.59/105.69	['concat', 'index', 'sub', 'sub']: UNSAT (0.036 seconds)
105.68/105.72	['concat', 'length', 'length', 'length']: UNSAT (0.028 seconds)
105.68/105.75	['concat', 'length', 'length', 'substr']: UNSAT (0.086 seconds)
105.78/105.84	['concat', 'length', 'length', 'add']: UNSAT (0.027 seconds)
105.78/105.87	['concat', 'length', 'length', 'sub']: UNSAT (0.026 seconds)
105.78/105.89	['concat', 'length', 'substr', 'substr']: UNSAT (1.717 seconds)
107.58/107.61	['concat', 'length', 'substr', 'add']: UNSAT (0.438 seconds)
108.00/108.05	['concat', 'length', 'substr', 'sub']: UNSAT (0.386 seconds)
108.38/108.44	['concat', 'length', 'add', 'add']: UNSAT (0.031 seconds)
108.38/108.47	['concat', 'length', 'add', 'sub']: UNSAT (0.031 seconds)
108.48/108.50	['concat', 'length', 'sub', 'sub']: UNSAT (0.029 seconds)
108.48/108.53	['concat', 'substr', 'substr', 'substr']: UNSAT (0.268 seconds)
108.78/108.80	['concat', 'substr', 'substr', 'add']: UNSAT (0.449 seconds)
109.18/109.25	['concat', 'substr', 'substr', 'sub']: UNSAT (0.735 seconds)
109.88/109.98	['concat', 'substr', 'add', 'add']: UNSAT (0.404 seconds)
110.28/110.39	['concat', 'substr', 'add', 'sub']: UNSAT (0.216 seconds)
110.58/110.61	['concat', 'substr', 'sub', 'sub']: UNSAT (0.205 seconds)
110.78/110.81	['concat', 'add', 'add', 'add']: UNSAT (0.035 seconds)
110.78/110.85	['concat', 'add', 'add', 'sub']: UNSAT (0.035 seconds)
110.78/110.88	['concat', 'add', 'sub', 'sub']: UNSAT (0.035 seconds)
110.88/110.92	['concat', 'sub', 'sub', 'sub']: UNSAT (0.038 seconds)
110.88/110.96	['index', 'index', 'index', 'index']: UNSAT (0.046 seconds)
110.88/111.00	['index', 'index', 'index', 'length']: UNSAT (0.043 seconds)
111.00/111.05	['index', 'index', 'index', 'substr']: UNSAT (0.259 seconds)
111.28/111.31	['index', 'index', 'index', 'add']: UNSAT (0.045 seconds)
111.28/111.35	['index', 'index', 'index', 'sub']: UNSAT (0.042 seconds)
111.28/111.39	['index', 'index', 'length', 'length']: UNSAT (0.034 seconds)
111.38/111.43	['index', 'index', 'length', 'substr']: UNSAT (0.170 seconds)
111.58/111.60	['index', 'index', 'length', 'add']: UNSAT (0.036 seconds)
111.58/111.64	['index', 'index', 'length', 'sub']: UNSAT (0.037 seconds)
111.58/111.67	['index', 'index', 'substr', 'substr']: UNSAT (0.627 seconds)
112.28/112.30	['index', 'index', 'substr', 'add']: UNSAT (0.128 seconds)
112.38/112.43	['index', 'index', 'substr', 'sub']: UNSAT (0.151 seconds)
112.48/112.58	['index', 'index', 'add', 'add']: UNSAT (0.043 seconds)
112.58/112.63	['index', 'index', 'add', 'sub']: UNSAT (0.041 seconds)
112.58/112.67	['index', 'index', 'sub', 'sub']: UNSAT (0.042 seconds)
112.68/112.71	['index', 'length', 'length', 'length']: UNSAT (0.030 seconds)
112.68/112.74	['index', 'length', 'length', 'substr']: UNSAT (0.071 seconds)
112.78/112.81	['index', 'length', 'length', 'add']: UNSAT (0.031 seconds)
112.78/112.84	['index', 'length', 'length', 'sub']: UNSAT (0.029 seconds)
112.78/112.88	['index', 'length', 'substr', 'substr']: UNSAT (0.230 seconds)
113.00/113.11	['index', 'length', 'substr', 'add']: UNSAT (0.087 seconds)
113.12/113.19	['index', 'length', 'substr', 'sub']: UNSAT (0.108 seconds)
113.28/113.30	['index', 'length', 'add', 'add']: UNSAT (0.034 seconds)
113.28/113.34	['index', 'length', 'add', 'sub']: UNSAT (0.035 seconds)
113.28/113.37	['index', 'length', 'sub', 'sub']: UNSAT (0.034 seconds)
113.38/113.41	['index', 'substr', 'substr', 'substr']: UNSAT (0.484 seconds)
113.78/113.89	['index', 'substr', 'substr', 'add']: UNSAT (0.312 seconds)
114.18/114.21	['index', 'substr', 'substr', 'sub']: UNSAT (0.295 seconds)
114.48/114.50	['index', 'substr', 'add', 'add']: UNSAT (0.090 seconds)
114.48/114.59	['index', 'substr', 'add', 'sub']: UNSAT (0.079 seconds)
114.58/114.67	['index', 'substr', 'sub', 'sub']: UNSAT (0.100 seconds)
114.68/114.77	['index', 'add', 'add', 'add']: UNSAT (0.043 seconds)
114.78/114.82	['index', 'add', 'add', 'sub']: UNSAT (0.044 seconds)
114.78/114.86	['index', 'add', 'sub', 'sub']: UNSAT (0.043 seconds)
114.88/114.91	['index', 'sub', 'sub', 'sub']: UNSAT (0.043 seconds)
114.88/114.95	['length', 'length', 'length', 'length']: UNSAT (0.023 seconds)
114.88/114.97	['length', 'length', 'length', 'substr']: UNSAT (0.029 seconds)
114.88/115.00	['length', 'length', 'length', 'add']: UNSAT (0.026 seconds)
114.88/115.03	['length', 'length', 'length', 'sub']: UNSAT (0.024 seconds)
115.00/115.05	['length', 'length', 'substr', 'substr']: UNSAT (0.139 seconds)
115.12/115.19	['length', 'length', 'substr', 'add']: UNSAT (0.058 seconds)
115.18/115.25	['length', 'length', 'substr', 'sub']: UNSAT (0.056 seconds)
115.28/115.31	['length', 'length', 'add', 'add']: UNSAT (0.028 seconds)
115.28/115.34	['length', 'length', 'add', 'sub']: UNSAT (0.027 seconds)
115.28/115.37	['length', 'length', 'sub', 'sub']: UNSAT (0.027 seconds)
115.28/115.39	['length', 'substr', 'substr', 'substr']: UNSAT (0.238 seconds)
115.58/115.63	['length', 'substr', 'substr', 'add']: UNSAT (0.189 seconds)
115.78/115.82	['length', 'substr', 'substr', 'sub']: UNSAT (0.169 seconds)
115.88/115.99	['length', 'substr', 'add', 'add']: UNSAT (0.074 seconds)
116.00/116.07	['length', 'substr', 'add', 'sub']: UNSAT (0.061 seconds)
116.00/116.13	['length', 'substr', 'sub', 'sub']: UNSAT (0.061 seconds)
116.12/116.19	['length', 'add', 'add', 'add']: UNSAT (0.034 seconds)
116.18/116.23	['length', 'add', 'add', 'sub']: UNSAT (0.034 seconds)
116.18/116.26	['length', 'add', 'sub', 'sub']: UNSAT (0.033 seconds)
116.18/116.30	['length', 'sub', 'sub', 'sub']: UNSAT (0.034 seconds)
116.28/116.33	['substr', 'substr', 'substr', 'substr']: UNSAT (0.119 seconds)
116.38/116.45	['substr', 'substr', 'substr', 'add']: UNSAT (0.094 seconds)
116.48/116.54	['substr', 'substr', 'substr', 'sub']: UNSAT (0.131 seconds)
116.58/116.68	['substr', 'substr', 'add', 'add']: UNSAT (0.099 seconds)
116.68/116.78	['substr', 'substr', 'add', 'sub']: UNSAT (0.105 seconds)
116.78/116.88	['substr', 'substr', 'sub', 'sub']: UNSAT (0.101 seconds)
116.88/116.98	['substr', 'add', 'add', 'add']: UNSAT (0.140 seconds)
117.00/117.13	['substr', 'add', 'add', 'sub']: UNSAT (0.133 seconds)
117.18/117.26	['substr', 'add', 'sub', 'sub']: UNSAT (0.115 seconds)
117.28/117.37	['substr', 'sub', 'sub', 'sub']: UNSAT (0.116 seconds)
117.38/117.49	['add', 'add', 'add', 'add']: UNSAT (0.037 seconds)
117.48/117.53	['add', 'add', 'add', 'sub']: UNSAT (0.036 seconds)
117.48/117.57	['add', 'add', 'sub', 'sub']: UNSAT (0.038 seconds)
117.58/117.60	['add', 'sub', 'sub', 'sub']: UNSAT (0.037 seconds)
117.58/117.64	['sub', 'sub', 'sub', 'sub']: UNSAT (0.036 seconds)
117.58/117.68	['concat', 'concat', 'concat', 'concat', 'concat']: UNSAT (0.378 seconds)
118.00/118.06	['concat', 'concat', 'concat', 'concat', 'index']: UNSAT (0.057 seconds)
118.00/118.11	['concat', 'concat', 'concat', 'concat', 'length']: UNSAT (0.047 seconds)
118.12/118.16	['concat', 'concat', 'concat', 'concat', 'substr']: UNKNOWN (167.158 seconds)
285.29/285.32	Reason: smt tactic failed to show goal to be sat/unsat max-conflicts-reached
285.29/285.32	Reason: smt tactic failed to show goal to be sat/unsat max-conflicts-reached
285.29/285.32	['concat', 'concat', 'concat', 'concat', 'add']: UNSAT (0.048 seconds)
285.29/285.37	['concat', 'concat', 'concat', 'concat', 'sub']: UNSAT (0.048 seconds)
285.38/285.42	['concat', 'concat', 'concat', 'index', 'index']: UNSAT (0.056 seconds)
285.38/285.47	['concat', 'concat', 'concat', 'index', 'length']: UNSAT (0.046 seconds)
285.48/285.52	['concat', 'concat', 'concat', 'index', 'substr']: UNKNOWN (64.417 seconds)
349.88/349.94	Reason: smt tactic failed to show goal to be sat/unsat max-conflicts-reached
349.88/349.94	Reason: smt tactic failed to show goal to be sat/unsat max-conflicts-reached
349.88/349.94	['concat', 'concat', 'concat', 'index', 'add']: UNSAT (0.047 seconds)
349.88/349.99	['concat', 'concat', 'concat', 'index', 'sub']: UNSAT (0.045 seconds)
349.88/350.03	['concat', 'concat', 'concat', 'length', 'length']: UNSAT (0.039 seconds)
350.00/350.07	['concat', 'concat', 'concat', 'length', 'substr']: UNKNOWN (63.232 seconds)
413.28/413.31	Reason: smt tactic failed to show goal to be sat/unsat max-conflicts-reached
413.28/413.31	Reason: smt tactic failed to show goal to be sat/unsat max-conflicts-reached
413.28/413.31	['concat', 'concat', 'concat', 'length', 'add']: UNSAT (0.039 seconds)
413.28/413.34	['concat', 'concat', 'concat', 'length', 'sub']: UNSAT (0.040 seconds)
413.28/413.39	['concat', 'concat', 'concat', 'substr', 'substr']: UNKNOWN (66.001 seconds)
479.28/479.39	Reason: smt tactic failed to show goal to be sat/unsat max-conflicts-reached
479.28/479.39	Reason: smt tactic failed to show goal to be sat/unsat max-conflicts-reached
479.28/479.39	['concat', 'concat', 'concat', 'substr', 'add']: UNKNOWN (66.175 seconds)
545.48/545.56	Reason: smt tactic failed to show goal to be sat/unsat max-conflicts-reached
545.48/545.56	Reason: smt tactic failed to show goal to be sat/unsat max-conflicts-reached
545.48/545.56	['concat', 'concat', 'concat', 'substr', 'sub']: 