0.12/0.20	=== Examples (../../dataset/examples/examples-41.json)
0.12/0.20	IO(inputs=('who knows  ',), output='Prefix who knows')
0.12/0.20	=== Library
0.12/0.20	concat
0.12/0.20	index
0.12/0.20	length
0.12/0.20	substr
0.12/0.20	add
0.12/0.20	sub
0.12/0.20	=== Synthesis
0.12/0.20	['concat']: UNSAT (0.022 seconds)
0.12/0.22	['index']: UNSAT (0.020 seconds)
0.12/0.24	['length']: UNSAT (0.017 seconds)
0.12/0.26	['substr']: UNSAT (0.022 seconds)
0.12/0.28	['add']: UNSAT (0.019 seconds)
0.25/0.30	['sub']: UNSAT (0.019 seconds)
0.25/0.33	['concat', 'concat']: UNSAT (0.046 seconds)
0.25/0.37	['concat', 'index']: UNSAT (0.030 seconds)
0.38/0.40	['concat', 'length']: UNSAT (0.039 seconds)
0.38/0.44	['concat', 'substr']: UNSAT (0.045 seconds)
0.45/0.49	['concat', 'add']: UNSAT (0.028 seconds)
0.45/0.52	['concat', 'sub']: UNSAT (0.027 seconds)
0.45/0.55	['index', 'index']: UNSAT (0.049 seconds)
0.54/0.60	['index', 'length']: UNSAT (0.032 seconds)
0.54/0.63	['index', 'substr']: UNSAT (0.038 seconds)
0.62/0.67	['index', 'add']: UNSAT (0.028 seconds)
0.68/0.70	['index', 'sub']: UNSAT (0.029 seconds)
0.68/0.73	['length', 'length']: UNSAT (0.023 seconds)
0.68/0.75	['length', 'substr']: UNSAT (0.033 seconds)
0.68/0.79	['length', 'add']: UNSAT (0.034 seconds)
0.78/0.82	['length', 'sub']: UNSAT (0.022 seconds)
0.78/0.84	['substr', 'substr']: UNSAT (0.038 seconds)
0.78/0.88	['substr', 'add']: UNSAT (0.041 seconds)
0.88/0.92	['substr', 'sub']: UNSAT (0.030 seconds)
0.88/0.95	['add', 'add']: UNSAT (0.028 seconds)
0.88/0.98	['add', 'sub']: UNSAT (0.027 seconds)
0.88/1.01	['sub', 'sub']: UNSAT (0.027 seconds)
0.88/1.04	['concat', 'concat', 'concat']: UNSAT (0.364 seconds)
1.38/1.40	['concat', 'concat', 'index']: UNSAT (0.033 seconds)
1.38/1.44	['concat', 'concat', 'length']: UNSAT (0.028 seconds)
1.38/1.47	['concat', 'concat', 'substr']: UNSAT (0.472 seconds)
1.88/1.94	['concat', 'concat', 'add']: UNSAT (0.026 seconds)
1.88/1.97	['concat', 'concat', 'sub']: UNSAT (0.027 seconds)
1.88/1.99	['concat', 'index', 'index']: UNSAT (0.033 seconds)
1.88/2.03	['concat', 'index', 'length']: UNSAT (0.027 seconds)
2.01/2.05	['concat', 'index', 'substr']: UNSAT (0.114 seconds)
2.13/2.17	['concat', 'index', 'add']: UNSAT (0.029 seconds)
2.18/2.20	['concat', 'index', 'sub']: UNSAT (0.029 seconds)
2.18/2.23	['concat', 'length', 'length']: UNSAT (0.023 seconds)
2.18/2.25	['concat', 'length', 'substr']: UNSAT (0.069 seconds)
2.28/2.32	['concat', 'length', 'add']: UNSAT (0.024 seconds)
2.28/2.35	['concat', 'length', 'sub']: UNSAT (0.024 seconds)
2.28/2.37	['concat', 'substr', 'substr']: UNSAT (0.064 seconds)
2.38/2.44	['concat', 'substr', 'add']: UNSAT (0.046 seconds)
2.38/2.48	['concat', 'substr', 'sub']: UNSAT (0.051 seconds)
2.48/2.54	['concat', 'add', 'add']: UNSAT (0.027 seconds)
2.48/2.56	['concat', 'add', 'sub']: UNSAT (0.027 seconds)
2.48/2.59	['concat', 'sub', 'sub']: UNSAT (0.027 seconds)
2.58/2.62	['index', 'index', 'index']: UNSAT (0.037 seconds)
2.58/2.66	['index', 'index', 'length']: UNSAT (0.032 seconds)
2.58/2.69	['index', 'index', 'substr']: UNSAT (0.071 seconds)
2.68/2.76	['index', 'index', 'add']: UNSAT (0.031 seconds)
2.68/2.79	['index', 'index', 'sub']: UNSAT (0.032 seconds)
2.78/2.83	['index', 'length', 'length']: UNSAT (0.024 seconds)
2.78/2.85	['index', 'length', 'substr']: UNSAT (0.032 seconds)
2.78/2.88	['index', 'length', 'add']: UNSAT (0.026 seconds)
2.88/2.91	['index', 'length', 'sub']: UNSAT (0.026 seconds)
2.88/2.94	['index', 'substr', 'substr']: UNSAT (0.071 seconds)
2.88/3.01	['index', 'substr', 'add']: UNSAT (0.038 seconds)
3.01/3.05	['index', 'substr', 'sub']: UNSAT (0.042 seconds)
3.01/3.09	['index', 'add', 'add']: UNSAT (0.031 seconds)
3.01/3.12	['index', 'add', 'sub']: UNSAT (0.031 seconds)
3.13/3.15	['index', 'sub', 'sub']: UNSAT (0.030 seconds)
3.13/3.18	['length', 'length', 'length']: UNSAT (0.020 seconds)
3.18/3.20	['length', 'length', 'substr']: UNSAT (0.026 seconds)
3.18/3.23	['length', 'length', 'add']: UNSAT (0.021 seconds)
3.18/3.25	['length', 'length', 'sub']: UNSAT (0.021 seconds)
3.18/3.27	['length', 'substr', 'substr']: UNSAT (0.037 seconds)
3.28/3.31	['length', 'substr', 'add']: UNSAT (0.031 seconds)
3.28/3.34	['length', 'substr', 'sub']: UNSAT (0.030 seconds)
3.28/3.37	['length', 'add', 'add']: UNSAT (0.025 seconds)
3.38/3.40	['length', 'add', 'sub']: UNSAT (0.026 seconds)
3.38/3.43	['length', 'sub', 'sub']: UNSAT (0.025 seconds)
3.38/3.45	['substr', 'substr', 'substr']: UNSAT (0.044 seconds)
3.48/3.50	['substr', 'substr', 'add']: UNSAT (0.037 seconds)
3.48/3.53	['substr', 'substr', 'sub']: UNSAT (0.036 seconds)
3.48/3.57	['substr', 'add', 'add']: UNSAT (0.032 seconds)
3.58/3.60	['substr', 'add', 'sub']: UNSAT (0.032 seconds)
3.58/3.64	['substr', 'sub', 'sub']: UNSAT (0.032 seconds)
3.58/3.67	['add', 'add', 'add']: UNSAT (0.028 seconds)
3.68/3.70	['add', 'add', 'sub']: UNSAT (0.029 seconds)
3.68/3.73	['add', 'sub', 'sub']: UNSAT (0.029 seconds)
3.68/3.76	['sub', 'sub', 'sub']: UNSAT (0.028 seconds)
3.68/3.79	['concat', 'concat', 'concat', 'concat']: UNSAT (30.116 seconds)
33.88/33.91	['concat', 'concat', 'concat', 'index']: UNSAT (0.045 seconds)
33.88/33.95	['concat', 'concat', 'concat', 'length']: UNSAT (0.034 seconds)
33.88/33.99	['concat', 'concat', 'concat', 'substr']: UNSAT (53.965 seconds)
87.88/87.95	['concat', 'concat', 'concat', 'add']: UNSAT (0.037 seconds)
87.88/87.99	['concat', 'concat', 'concat', 'sub']: UNSAT (0.037 seconds)
87.88/88.03	['concat', 'concat', 'index', 'index']: UNSAT (0.046 seconds)
88.02/88.07	['concat', 'concat', 'index', 'length']: UNSAT (0.037 seconds)
88.02/88.11	['concat', 'concat', 'index', 'substr']: UNSAT (3.365 seconds)
91.37/91.48	['concat', 'concat', 'index', 'add']: UNSAT (0.038 seconds)
91.47/91.52	['concat', 'concat', 'index', 'sub']: UNSAT (0.040 seconds)
91.47/91.56	['concat', 'concat', 'length', 'length']: UNSAT (0.031 seconds)
91.47/91.59	['concat', 'concat', 'length', 'substr']: UNSAT (2.400 seconds)
93.87/93.99	['concat', 'concat', 'length', 'add']: UNSAT (0.031 seconds)
93.87/94.02	['concat', 'concat', 'length', 'sub']: UNSAT (0.032 seconds)
93.87/94.06	['concat', 'concat', 'substr', 'substr']: UNSAT (0.881 seconds)
94.87/94.94	['concat', 'concat', 'substr', 'add']: UNSAT (1.263 seconds)
96.17/96.20	['concat', 'concat', 'substr', 'sub']: UNSAT (0.653 seconds)
96.77/96.86	['concat', 'concat', 'add', 'add']: UNSAT (0.032 seconds)
96.77/96.89	['concat', 'concat', 'add', 'sub']: UNSAT (0.036 seconds)
96.87/96.92	['concat', 'concat', 'sub', 'sub']: UNSAT (0.038 seconds)
96.87/96.96	['concat', 'index', 'index', 'index']: UNSAT (0.050 seconds)
96.87/97.01	['concat', 'index', 'index', 'length']: UNSAT (0.043 seconds)
96.87/97.06	['concat', 'index', 'index', 'substr']: UNSAT (0.234 seconds)
97.17/97.29	['concat', 'index', 'index', 'add']: UNSAT (0.040 seconds)
97.27/97.33	['concat', 'index', 'index', 'sub']: UNSAT (0.037 seconds)
97.27/97.37	['concat', 'index', 'length', 'length']: UNSAT (0.031 seconds)
97.37/97.40	['concat', 'index', 'length', 'substr']: UNSAT (0.162 seconds)
97.47/97.56	['concat', 'index', 'length', 'add']: UNSAT (0.035 seconds)
97.57/97.60	['concat', 'index', 'length', 'sub']: UNSAT (0.032 seconds)
97.57/97.63	['concat', 'index', 'substr', 'substr']: UNSAT (0.509 seconds)
98.02/98.14	['concat', 'index', 'substr', 'add']: UNSAT (0.219 seconds)
98.27/98.36	['concat', 'index', 'substr', 'sub']: UNSAT (0.182 seconds)
98.47/98.54	['concat', 'index', 'add', 'add']: UNSAT (0.036 seconds)
98.47/98.58	['concat', 'index', 'add', 'sub']: UNSAT (0.036 seconds)
98.57/98.62	['concat', 'index', 'sub', 'sub']: UNSAT (0.035 seconds)
98.57/98.65	['concat', 'length', 'length', 'length']: UNSAT (0.025 seconds)
98.57/98.68	['concat', 'length', 'length', 'substr']: UNSAT (0.064 seconds)
98.67/98.74	['concat', 'length', 'length', 'add']: UNSAT (0.027 seconds)
98.67/98.77	['concat', 'length', 'length', 'sub']: UNSAT (0.028 seconds)
98.77/98.80	['concat', 'length', 'substr', 'substr']: UNSAT (0.352 seconds)
99.00/99.15	['concat', 'length', 'substr', 'add']: UNSAT (0.108 seconds)
99.17/99.26	['concat', 'length', 'substr', 'sub']: UNSAT (0.117 seconds)
99.27/99.38	['concat', 'length', 'add', 'add']: UNSAT (0.029 seconds)
99.37/99.41	['concat', 'length', 'add', 'sub']: UNSAT (0.034 seconds)
99.37/99.44	['concat', 'length', 'sub', 'sub']: UNSAT (0.030 seconds)
99.37/99.47	['concat', 'substr', 'substr', 'substr']: UNSAT (0.241 seconds)
99.67/99.71	['concat', 'substr', 'substr', 'add']: UNSAT (0.167 seconds)
99.77/99.88	['concat', 'substr', 'substr', 'sub']: UNSAT (0.235 seconds)
100.02/100.12	['concat', 'substr', 'add', 'add']: UNSAT (0.139 seconds)
100.17/100.26	['concat', 'substr', 'add', 'sub']: UNSAT (0.107 seconds)
100.27/100.36	['concat', 'substr', 'sub', 'sub']: UNSAT (0.122 seconds)
100.37/100.49	['concat', 'add', 'add', 'add']: UNSAT (0.038 seconds)
100.47/100.52	['concat', 'add', 'add', 'sub']: UNSAT (0.038 seconds)
100.47/100.56	['concat', 'add', 'sub', 'sub']: UNSAT (0.037 seconds)
100.57/100.60	['concat', 'sub', 'sub', 'sub']: UNSAT (0.036 seconds)
100.57/100.64	['index', 'index', 'index', 'index']: UNSAT (0.050 seconds)
100.57/100.69	['index', 'index', 'index', 'length']: UNSAT (0.039 seconds)
100.67/100.73	['index', 'index', 'index', 'substr']: UNSAT (0.134 seconds)
100.77/100.86	['index', 'index', 'index', 'add']: UNSAT (0.048 seconds)
100.87/100.91	['index', 'index', 'index', 'sub']: UNSAT (0.042 seconds)
100.87/100.95	['index', 'index', 'length', 'length']: UNSAT (0.035 seconds)
100.87/100.99	['index', 'index', 'length', 'substr']: UNSAT (0.047 seconds)
100.87/101.04	['index', 'index', 'length', 'add']: UNSAT (0.040 seconds)
101.00/101.08	['index', 'index', 'length', 'sub']: UNSAT (0.040 seconds)
101.00/101.12	['index', 'index', 'substr', 'substr']: UNSAT (0.099 seconds)
101.17/101.22	['index', 'index', 'substr', 'add']: UNSAT (0.061 seconds)
101.17/101.28	['index', 'index', 'substr', 'sub']: UNSAT (0.058 seconds)
101.27/101.34	['index', 'index', 'add', 'add']: UNSAT (0.042 seconds)
101.27/101.38	['index', 'index', 'add', 'sub']: UNSAT (0.046 seconds)
101.37/101.43	['index', 'index', 'sub', 'sub']: UNSAT (0.041 seconds)
101.37/101.47	['index', 'length', 'length', 'length']: UNSAT (0.028 seconds)
101.47/101.50	['index', 'length', 'length', 'substr']: UNSAT (0.041 seconds)
101.47/101.54	['index', 'length', 'length', 'add']: UNSAT (0.029 seconds)
101.47/101.57	['index', 'length', 'length', 'sub']: UNSAT (0.029 seconds)
101.57/101.60	['index', 'length', 'substr', 'substr']: UNSAT (0.064 seconds)
101.57/101.67	['index', 'length', 'substr', 'add']: UNSAT (0.049 seconds)
101.67/101.72	['index', 'length', 'substr', 'sub']: UNSAT (0.048 seconds)
101.67/101.76	['index', 'length', 'add', 'add']: UNSAT (0.035 seconds)
101.77/101.80	['index', 'length', 'add', 'sub']: UNSAT (0.035 seconds)
101.77/101.84	['index', 'length', 'sub', 'sub']: UNSAT (0.035 seconds)
101.77/101.87	['index', 'substr', 'substr', 'substr']: UNSAT (0.128 seconds)
101.87/102.00	['index', 'substr', 'substr', 'add']: UNSAT (0.105 seconds)
102.02/102.11	['index', 'substr', 'substr', 'sub']: UNSAT (0.087 seconds)
102.14/102.19	['index', 'substr', 'add', 'add']: UNSAT (0.054 seconds)
102.17/102.25	['index', 'substr', 'add', 'sub']: UNSAT (0.057 seconds)
102.27/102.31	['index', 'substr', 'sub', 'sub']: UNSAT (0.053 seconds)
102.27/102.36	['index', 'add', 'add', 'add']: UNSAT (0.042 seconds)
102.37/102.40	['index', 'add', 'add', 'sub']: UNSAT (0.047 seconds)
102.37/102.45	['index', 'add', 'sub', 'sub']: UNSAT (0.046 seconds)
102.37/102.50	['index', 'sub', 'sub', 'sub']: UNSAT (0.041 seconds)
102.47/102.54	['length', 'length', 'length', 'length']: UNSAT (0.024 seconds)
102.47/102.56	['length', 'length', 'length', 'substr']: UNSAT (0.029 seconds)
102.47/102.59	['length', 'length', 'length', 'add']: UNSAT (0.023 seconds)
102.57/102.62	['length', 'length', 'length', 'sub']: UNSAT (0.024 seconds)
102.57/102.64	['length', 'length', 'substr', 'substr']: UNSAT (0.071 seconds)
102.67/102.71	['length', 'length', 'substr', 'add']: UNSAT (0.040 seconds)
102.67/102.75	['length', 'length', 'substr', 'sub']: UNSAT (0.040 seconds)
102.67/102.79	['length', 'length', 'add', 'add']: UNSAT (0.027 seconds)
102.77/102.82	['length', 'length', 'add', 'sub']: UNSAT (0.031 seconds)
102.77/102.85	['length', 'length', 'sub', 'sub']: UNSAT (0.027 seconds)
102.77/102.88	['length', 'substr', 'substr', 'substr']: UNSAT (0.091 seconds)
102.87/102.97	['length', 'substr', 'substr', 'add']: UNSAT (0.069 seconds)
102.87/103.04	['length', 'substr', 'substr', 'sub']: UNSAT (0.062 seconds)
103.02/103.10	['length', 'substr', 'add', 'add']: UNSAT (0.050 seconds)
103.02/103.16	['length', 'substr', 'add', 'sub']: UNSAT (0.051 seconds)
103.17/103.21	['length', 'substr', 'sub', 'sub']: UNSAT (0.047 seconds)
103.17/103.25	['length', 'add', 'add', 'add']: UNSAT (0.034 seconds)
103.17/103.29	['length', 'add', 'add', 'sub']: UNSAT (0.036 seconds)
103.27/103.33	['length', 'add', 'sub', 'sub']: UNSAT (0.034 seconds)
103.27/103.36	['length', 'sub', 'sub', 'sub']: UNSAT (0.033 seconds)
103.27/103.39	['substr', 'substr', 'substr', 'substr']: UNSAT (0.086 seconds)
103.37/103.48	['substr', 'substr', 'substr', 'add']: UNSAT (0.056 seconds)
103.47/103.54	['substr', 'substr', 'substr', 'sub']: UNSAT (0.058 seconds)
103.47/103.59	['substr', 'substr', 'add', 'add']: UNSAT (0.046 seconds)
103.57/103.64	['substr', 'substr', 'add', 'sub']: UNSAT (0.044 seconds)
103.57/103.69	['substr', 'substr', 'sub', 'sub']: UNSAT (0.043 seconds)
103.67/103.73	['substr', 'add', 'add', 'add']: UNSAT (0.051 seconds)
103.67/103.78	['substr', 'add', 'add', 'sub']: UNSAT (0.039 seconds)
103.77/103.82	['substr', 'add', 'sub', 'sub']: UNSAT (0.043 seconds)
103.77/103.87	['substr', 'sub', 'sub', 'sub']: UNSAT (0.040 seconds)
103.87/103.91	['add', 'add', 'add', 'add']: UNSAT (0.038 seconds)
103.87/103.94	['add', 'add', 'add', 'sub']: UNSAT (0.039 seconds)
103.87/103.98	['add', 'add', 'sub', 'sub']: UNSAT (0.040 seconds)
103.87/104.02	['add', 'sub', 'sub', 'sub']: UNSAT (0.042 seconds)
104.03/104.07	['sub', 'sub', 'sub', 'sub']: UNSAT (0.036 seconds)
104.03/104.10	['concat', 'concat', 'concat', 'concat', 'concat']: UNKNOWN (240.425 seconds)
344.43/344.53	Reason: smt tactic failed to show goal to be sat/unsat max-conflicts-reached
344.43/344.53	Reason: smt tactic failed to show goal to be sat/unsat max-conflicts-reached
344.43/344.53	['concat', 'concat', 'concat', 'concat', 'index']: UNSAT (0.058 seconds)
344.43/344.59	['concat', 'concat', 'concat', 'concat', 'length']: UNSAT (0.049 seconds)
344.53/344.64	['concat', 'concat', 'concat', 'concat', 'substr']: 