0.11/0.19	=== Examples (../../dataset/examples/examples-16.json)
0.11/0.19	IO(inputs=('  hello world',), output='hello world')
0.11/0.19	=== Library
0.11/0.19	concat
0.11/0.19	index
0.11/0.19	length
0.11/0.19	substr
0.11/0.19	add
0.11/0.19	sub
0.11/0.19	=== Synthesis
0.11/0.19	['concat']: UNSAT (0.022 seconds)
0.11/0.21	['index']: UNSAT (0.021 seconds)
0.11/0.23	['length']: UNSAT (0.018 seconds)
0.11/0.25	['substr']: UNSAT (0.023 seconds)
0.11/0.28	['add']: UNSAT (0.019 seconds)
0.26/0.30	['sub']: UNSAT (0.019 seconds)
0.26/0.32	['concat', 'concat']: UNSAT (0.033 seconds)
0.26/0.35	['concat', 'index']: UNSAT (0.030 seconds)
0.26/0.38	['concat', 'length']: UNSAT (0.025 seconds)
0.26/0.41	['concat', 'substr']: SAT (0.038 seconds)
0.40/0.45	substr(concat(arg0, arg0), 15, 15)
