0.12/0.20	=== Examples (../../dataset/examples/examples-94.json)
0.12/0.20	IO(inputs=('<hello>',), output='hello')
0.12/0.20	IO(inputs=('<goodbye>',), output='goodbye')
0.12/0.20	IO(inputs=('<sigh>',), output='sigh')
0.12/0.20	=== Library
0.12/0.20	concat
0.12/0.20	index
0.12/0.20	length
0.12/0.20	substr
0.12/0.20	add
0.12/0.20	sub
0.12/0.20	=== Synthesis
0.12/0.20	['concat']: UNSAT (0.033 seconds)
0.12/0.23	['index']: UNSAT (0.034 seconds)
0.12/0.27	['length']: UNSAT (0.022 seconds)
0.25/0.29	['substr']: UNSAT (0.043 seconds)
0.25/0.33	['add']: UNSAT (0.031 seconds)
0.25/0.36	['sub']: UNSAT (0.031 seconds)
0.25/0.40	['concat', 'concat']: UNSAT (0.060 seconds)
0.36/0.46	['concat', 'index']: UNSAT (0.060 seconds)
0.48/0.52	['concat', 'length']: UNSAT (0.044 seconds)
0.48/0.56	['concat', 'substr']: UNSAT (0.206 seconds)
0.68/0.77	['concat', 'add']: UNSAT (0.035 seconds)
0.78/0.81	['concat', 'sub']: UNSAT (0.034 seconds)
0.78/0.84	['index', 'index']: UNSAT (0.048 seconds)
0.78/0.89	['index', 'length']: UNSAT (0.034 seconds)
0.88/0.93	['index', 'substr']: UNSAT (3.230 seconds)
4.13/4.16	['index', 'add']: UNSAT (0.042 seconds)
4.18/4.20	['index', 'sub']: UNSAT (0.043 seconds)
4.18/4.24	['length', 'length']: UNSAT (0.026 seconds)
4.18/4.27	['length', 'substr']: UNSAT (0.045 seconds)
4.28/4.31	['length', 'add']: UNSAT (0.029 seconds)
4.28/4.34	['length', 'sub']: UNSAT (0.030 seconds)
4.28/4.37	['substr', 'substr']: UNSAT (0.083 seconds)
4.38/4.46	['substr', 'add']: UNSAT (0.054 seconds)
4.48/4.51	['substr', 'sub']: UNSAT (0.055 seconds)
4.48/4.57	['add', 'add']: UNSAT (0.041 seconds)
4.58/4.61	['add', 'sub']: UNSAT (0.040 seconds)
4.58/4.65	['sub', 'sub']: UNSAT (0.038 seconds)
4.58/4.69	['concat', 'concat', 'concat']: UNSAT (0.113 seconds)
4.78/4.81	['concat', 'concat', 'index']: UNSAT (0.069 seconds)
4.78/4.88	['concat', 'concat', 'length']: UNSAT (0.053 seconds)
4.88/4.93	['concat', 'concat', 'substr']: 