0.00/0.18	=== Examples (../../dataset/examples/examples-16.json)
0.00/0.18	IO(inputs=('  hello world',), output='hello world')
0.00/0.18	IO(inputs=(' how are you? ',), output='how are you?')
0.00/0.18	IO(inputs=('are you there? ',), output='are you there?')
0.00/0.18	=== Library
0.00/0.18	concat
0.00/0.18	index
0.00/0.18	length
0.00/0.18	substr
0.00/0.18	add
0.00/0.18	sub
0.00/0.18	=== Synthesis
0.00/0.18	['concat']: UNSAT (0.034 seconds)
0.18/0.22	['index']: UNSAT (0.036 seconds)
0.18/0.25	['length']: UNSAT (0.024 seconds)
0.18/0.28	['substr']: UNSAT (0.041 seconds)
0.18/0.32	['add']: UNSAT (0.027 seconds)
0.33/0.35	['sub']: UNSAT (0.025 seconds)
0.33/0.37	['concat', 'concat']: UNSAT (0.054 seconds)
0.37/0.43	['concat', 'index']: UNSAT (0.052 seconds)
0.37/0.48	['concat', 'length']: UNSAT (0.038 seconds)
0.49/0.52	['concat', 'substr']: UNSAT (0.104 seconds)
0.61/0.62	['concat', 'add']: UNSAT (0.041 seconds)
0.61/0.67	['concat', 'sub']: UNSAT (0.040 seconds)
0.69/0.71	['index', 'index']: UNSAT (0.058 seconds)
0.69/0.77	['index', 'length']: UNSAT (0.044 seconds)
0.79/0.81	['index', 'substr']: UNSAT (0.165 seconds)
0.89/0.98	['index', 'add']: UNSAT (0.048 seconds)
0.89/1.03	['index', 'sub']: UNSAT (0.048 seconds)
1.02/1.07	['length', 'length']: UNSAT (0.029 seconds)
1.02/1.11	['length', 'substr']: UNSAT (0.054 seconds)
1.12/1.16	['length', 'add']: UNSAT (0.035 seconds)
1.12/1.20	['length', 'sub']: UNSAT (0.033 seconds)
1.19/1.23	['substr', 'substr']: UNSAT (0.074 seconds)
1.29/1.30	['substr', 'add']: UNSAT (0.061 seconds)
1.29/1.37	['substr', 'sub']: UNSAT (0.062 seconds)
1.39/1.43	['add', 'add']: UNSAT (0.046 seconds)
1.39/1.48	['add', 'sub']: UNSAT (0.045 seconds)
1.49/1.52	['sub', 'sub']: UNSAT (0.043 seconds)
1.49/1.57	['concat', 'concat', 'concat']: UNSAT (0.149 seconds)
1.69/1.72	['concat', 'concat', 'index']: UNSAT (0.082 seconds)
1.79/1.80	['concat', 'concat', 'length']: UNSAT (0.063 seconds)
1.79/1.86	['concat', 'concat', 'substr']: UNSAT (0.483 seconds)
2.29/2.35	['concat', 'concat', 'add']: UNSAT (0.067 seconds)
2.39/2.41	['concat', 'concat', 'sub']: UNSAT (0.066 seconds)
2.39/2.48	['concat', 'index', 'index']: UNSAT (0.088 seconds)
2.49/2.57	['concat', 'index', 'length']: UNSAT (0.069 seconds)
2.59/2.64	['concat', 'index', 'substr']: UNSAT (118.348 seconds)
120.89/120.99	['concat', 'index', 'add']: UNSAT (0.071 seconds)
121.02/121.06	['concat', 'index', 'sub']: UNSAT (0.067 seconds)
121.02/121.13	['concat', 'length', 'length']: UNSAT (0.048 seconds)
121.13/121.18	['concat', 'length', 'substr']: UNSAT (0.156 seconds)
121.28/121.34	['concat', 'length', 'add']: UNSAT (0.053 seconds)
121.28/121.39	['concat', 'length', 'sub']: UNSAT (0.054 seconds)
121.39/121.45	['concat', 'substr', 'substr']: UNSAT (0.929 seconds)
122.29/122.38	['concat', 'substr', 'add']: UNSAT (0.146 seconds)
122.49/122.52	['concat', 'substr', 'sub']: UNSAT (0.127 seconds)
122.59/122.65	['concat', 'add', 'add']: UNSAT (0.060 seconds)
122.69/122.71	['concat', 'add', 'sub']: UNSAT (0.059 seconds)
122.69/122.77	['concat', 'sub', 'sub']: UNSAT (0.061 seconds)
122.79/122.83	['index', 'index', 'index']: UNSAT (0.086 seconds)
122.89/122.92	['index', 'index', 'length']: UNSAT (0.069 seconds)
122.89/122.99	['index', 'index', 'substr']: UNSAT (110.237 seconds)
233.19/233.23	['index', 'index', 'add']: UNSAT (0.080 seconds)
233.29/233.31	['index', 'index', 'sub']: UNSAT (0.078 seconds)
233.29/233.39	['index', 'length', 'length']: UNSAT (0.052 seconds)
233.39/233.44	['index', 'length', 'substr']: UNSAT (0.520 seconds)
233.89/233.96	['index', 'length', 'add']: UNSAT (0.060 seconds)
233.89/234.02	['index', 'length', 'sub']: UNSAT (0.062 seconds)
234.03/234.08	['index', 'substr', 'substr']: UNSAT (0.775 seconds)
234.79/234.86	['index', 'substr', 'add']: UNSAT (0.313 seconds)
235.12/235.17	['index', 'substr', 'sub']: UNSAT (0.734 seconds)
235.89/235.91	['index', 'add', 'add']: UNSAT (0.072 seconds)
235.89/235.98	['index', 'add', 'sub']: UNSAT (0.071 seconds)
236.02/236.05	['index', 'sub', 'sub']: UNSAT (0.070 seconds)
236.02/236.12	['length', 'length', 'length']: UNSAT (0.037 seconds)
236.12/236.16	['length', 'length', 'substr']: UNSAT (0.064 seconds)
236.19/236.23	['length', 'length', 'add']: UNSAT (0.043 seconds)
236.19/236.27	['length', 'length', 'sub']: UNSAT (0.043 seconds)
236.29/236.32	['length', 'substr', 'substr']: UNSAT (0.165 seconds)
236.39/236.48	['length', 'substr', 'add']: UNSAT (0.088 seconds)
236.49/236.57	['length', 'substr', 'sub']: UNSAT (0.088 seconds)
236.59/236.66	['length', 'add', 'add']: UNSAT (0.055 seconds)
236.69/236.72	['length', 'add', 'sub']: UNSAT (0.054 seconds)
236.69/236.77	['length', 'sub', 'sub']: UNSAT (0.054 seconds)
236.79/236.83	['substr', 'substr', 'substr']: UNSAT (0.242 seconds)
237.03/237.07	['substr', 'substr', 'add']: UNSAT (0.133 seconds)
237.19/237.20	['substr', 'substr', 'sub']: UNSAT (0.148 seconds)
237.29/237.35	['substr', 'add', 'add']: UNSAT (0.132 seconds)
237.39/237.49	['substr', 'add', 'sub']: UNSAT (0.122 seconds)
237.59/237.61	['substr', 'sub', 'sub']: UNSAT (0.104 seconds)
237.69/237.71	['add', 'add', 'add']: UNSAT (0.069 seconds)
237.69/237.78	['add', 'add', 'sub']: UNSAT (0.068 seconds)
237.79/237.85	['add', 'sub', 'sub']: UNSAT (0.072 seconds)
237.89/237.93	['sub', 'sub', 'sub']: UNSAT (0.069 seconds)
237.89/238.00	['concat', 'concat', 'concat', 'concat']: UNSAT (0.261 seconds)
238.19/238.26	['concat', 'concat', 'concat', 'index']: UNSAT (0.117 seconds)
238.29/238.38	['concat', 'concat', 'concat', 'length']: UNSAT (0.093 seconds)
238.39/238.47	['concat', 'concat', 'concat', 'substr']: UNSAT (9.614 seconds)
248.02/248.09	['concat', 'concat', 'concat', 'add']: UNSAT (0.094 seconds)
248.13/248.18	['concat', 'concat', 'concat', 'sub']: UNSAT (0.092 seconds)
248.18/248.27	['concat', 'concat', 'index', 'index']: UNSAT (0.131 seconds)
248.39/248.41	['concat', 'concat', 'index', 'length']: UNSAT (0.095 seconds)
248.49/248.50	['concat', 'concat', 'index', 'substr']: UNKNOWN (265.087 seconds)
513.48/513.59	Reason: smt tactic failed to show goal to be sat/unsat max-conflicts-reached
513.48/513.59	Reason: smt tactic failed to show goal to be sat/unsat max-conflicts-reached
513.48/513.59	['concat', 'concat', 'index', 'add']: UNSAT (0.105 seconds)
513.58/513.70	['concat', 'concat', 'index', 'sub']: UNSAT (0.102 seconds)
513.68/513.80	['concat', 'concat', 'length', 'length']: UNSAT (0.076 seconds)
513.78/513.88	['concat', 'concat', 'length', 'substr']: UNSAT (1.596 seconds)
515.37/515.47	['concat', 'concat', 'length', 'add']: UNSAT (0.077 seconds)
515.47/515.55	['concat', 'concat', 'length', 'sub']: UNSAT (0.077 seconds)
515.57/515.63	['concat', 'concat', 'substr', 'substr']: UNSAT (23.193 seconds)
538.77/538.82	['concat', 'concat', 'substr', 'add']: UNSAT (0.940 seconds)
539.67/539.76	['concat', 'concat', 'substr', 'sub']: UNSAT (1.049 seconds)
540.77/540.81	['concat', 'concat', 'add', 'add']: UNSAT (0.088 seconds)
540.87/540.90	['concat', 'concat', 'add', 'sub']: UNSAT (0.086 seconds)
540.87/540.99	['concat', 'concat', 'sub', 'sub']: UNSAT (0.086 seconds)
541.02/541.08	['concat', 'index', 'index', 'index']: UNSAT (0.123 seconds)
541.17/541.20	['concat', 'index', 'index', 'length']: UNSAT (0.099 seconds)
541.27/541.30	['concat', 'index', 'index', 'substr']: 