0.11/0.18	=== Examples (../../dataset/examples/examples-27.json)
0.11/0.18	IO(inputs=('Maecenas sollicitudin tempus odio et imperdiet. Morbi sit amet mi fermentum, facilisis tellus amet.',), output='Maecenas sollicitudin tempus odio et imperdiet. Morbi sit amet mi fermentum, facilisis tellus amet....')
0.11/0.18	IO(inputs=('Pellentesque sit amet nisl non risus condimentum accumsan. Sed id eleifend dolor, ac interdum nullam.',), output='Pellentesque sit amet nisl non risus condimentum accumsan. Sed id eleifend dolor, ac interdum nullam...')
0.11/0.18	IO(inputs=('Praesent cursus, mauris ac rhoncus efficitur amet.',), output='Praesent cursus, mauris ac rhoncus efficitur amet....')
0.11/0.18	=== Library
0.11/0.18	concat
0.11/0.18	index
0.11/0.18	length
0.11/0.18	substr
0.11/0.18	add
0.11/0.18	sub
0.11/0.18	=== Synthesis
0.11/0.18	['concat']: UNSAT (0.030 seconds)
0.11/0.21	['index']: UNSAT (0.028 seconds)
0.11/0.24	['length']: UNSAT (0.019 seconds)
0.11/0.26	['substr']: UNSAT (0.034 seconds)
0.24/0.30	['add']: UNSAT (0.023 seconds)
0.24/0.32	['sub']: UNSAT (0.023 seconds)
0.24/0.35	['concat', 'concat']: UNSAT (0.288 seconds)
0.62/0.64	['concat', 'index']: UNSAT (0.052 seconds)
0.62/0.69	['concat', 'length']: UNSAT (0.038 seconds)
0.68/0.73	['concat', 'substr']: SAT (0.736 seconds)
1.39/1.46	concat(substr(arg0, 0, 100), '...')
