0.00/0.18	=== Examples (../../dataset/examples/examples-02.json)
0.00/0.18	IO(inputs=('0,1',), output='0, 1')
0.00/0.18	IO(inputs=('a,b,c,d',), output='a, b, c, d')
0.00/0.18	IO(inputs=('1,2,3,4,5,6,7,8,9,10',), output='1, 2, 3, 4, 5, 6, 7, 8, 9, 10')
0.00/0.18	=== Library
0.00/0.18	concat
0.00/0.18	index
0.00/0.18	length
0.00/0.18	substr
0.00/0.18	add
0.00/0.18	sub
0.00/0.18	=== Synthesis
0.00/0.18	['concat']: UNSAT (0.028 seconds)
0.00/0.20	['index']: UNSAT (0.030 seconds)
0.18/0.24	['length']: UNSAT (0.020 seconds)
0.18/0.26	['substr']: UNSAT (0.032 seconds)
0.18/0.29	['add']: UNSAT (0.023 seconds)
0.18/0.31	['sub']: UNSAT (0.024 seconds)
0.18/0.34	['concat', 'concat']: UNSAT (0.099 seconds)
0.18/0.44	['concat', 'index']: UNSAT (0.050 seconds)
0.18/0.49	['concat', 'length']: UNSAT (0.035 seconds)
0.44/0.52	['concat', 'substr']: UNSAT (0.118 seconds)
0.44/0.64	['concat', 'add']: UNSAT (0.038 seconds)
0.63/0.68	['concat', 'sub']: UNSAT (0.044 seconds)
0.63/0.73	['index', 'index']: UNSAT (0.056 seconds)
0.63/0.78	['index', 'length']: UNSAT (0.042 seconds)
0.63/0.83	['index', 'substr']: UNSAT (0.061 seconds)
0.77/0.89	['index', 'add']: UNSAT (0.046 seconds)
0.77/0.93	['index', 'sub']: UNSAT (0.048 seconds)
0.77/0.98	['length', 'length']: UNSAT (0.027 seconds)
0.77/1.01	['length', 'substr']: UNSAT (0.044 seconds)
0.77/1.06	['length', 'add']: UNSAT (0.033 seconds)
0.77/1.09	['length', 'sub']: UNSAT (0.033 seconds)
1.08/1.12	['substr', 'substr']: UNSAT (0.059 seconds)
1.08/1.18	['substr', 'add']: UNSAT (0.049 seconds)
1.21/1.23	['substr', 'sub']: UNSAT (0.049 seconds)
1.21/1.28	['add', 'add']: UNSAT (0.046 seconds)
1.29/1.33	['add', 'sub']: UNSAT (0.046 seconds)
1.29/1.38	['sub', 'sub']: UNSAT (0.045 seconds)
1.39/1.42	['concat', 'concat', 'concat']: UNSAT (0.682 seconds)
2.09/2.11	['concat', 'concat', 'index']: UNSAT (0.081 seconds)
2.09/2.19	['concat', 'concat', 'length']: UNSAT (0.064 seconds)
2.19/2.25	['concat', 'concat', 'substr']: UNSAT (0.898 seconds)
3.09/3.15	['concat', 'concat', 'add']: UNSAT (0.061 seconds)
3.19/3.21	['concat', 'concat', 'sub']: UNSAT (0.062 seconds)
3.19/3.28	['concat', 'index', 'index']: UNSAT (0.083 seconds)
3.28/3.36	['concat', 'index', 'length']: UNSAT (0.062 seconds)
3.38/3.42	['concat', 'index', 'substr']: UNSAT (0.298 seconds)
3.65/3.72	['concat', 'index', 'add']: UNSAT (0.068 seconds)
3.77/3.79	['concat', 'index', 'sub']: UNSAT (0.079 seconds)
3.78/3.87	['concat', 'length', 'length']: UNSAT (0.053 seconds)
3.88/3.92	['concat', 'length', 'substr']: UNSAT (0.107 seconds)
3.98/4.03	['concat', 'length', 'add']: UNSAT (0.056 seconds)
3.98/4.09	['concat', 'length', 'sub']: UNSAT (0.051 seconds)
4.08/4.14	['concat', 'substr', 'substr']: UNSAT (0.439 seconds)
4.49/4.58	['concat', 'substr', 'add']: UNSAT (0.112 seconds)
4.63/4.69	['concat', 'substr', 'sub']: UNSAT (0.118 seconds)
4.79/4.81	['concat', 'add', 'add']: UNSAT (0.068 seconds)
4.79/4.88	['concat', 'add', 'sub']: UNSAT (0.063 seconds)
4.89/4.95	['concat', 'sub', 'sub']: UNSAT (0.064 seconds)
4.99/5.01	['index', 'index', 'index']: UNSAT (0.097 seconds)
5.09/5.11	['index', 'index', 'length']: UNSAT (0.089 seconds)
5.19/5.20	['index', 'index', 'substr']: UNSAT (0.100 seconds)
5.29/5.30	['index', 'index', 'add']: UNSAT (0.084 seconds)
5.29/5.39	['index', 'index', 'sub']: UNSAT (0.080 seconds)
5.39/5.47	['index', 'length', 'length']: UNSAT (0.054 seconds)
5.49/5.52	['index', 'length', 'substr']: UNSAT (0.081 seconds)
5.49/5.61	['index', 'length', 'add']: UNSAT (0.062 seconds)
5.49/5.67	['index', 'length', 'sub']: UNSAT (0.064 seconds)
5.63/5.73	['index', 'substr', 'substr']: UNSAT (0.141 seconds)
5.79/5.87	['index', 'substr', 'add']: UNSAT (0.095 seconds)
5.89/5.97	['index', 'substr', 'sub']: UNSAT (0.092 seconds)
5.99/6.07	['index', 'add', 'add']: UNSAT (0.140 seconds)
6.19/6.21	['index', 'add', 'sub']: UNSAT (0.077 seconds)
6.19/6.28	['index', 'sub', 'sub']: UNSAT (0.075 seconds)
6.29/6.36	['length', 'length', 'length']: UNSAT (0.037 seconds)
6.39/6.40	['length', 'length', 'substr']: UNSAT (0.057 seconds)
6.39/6.46	['length', 'length', 'add']: UNSAT (0.044 seconds)
6.49/6.50	['length', 'length', 'sub']: UNSAT (0.048 seconds)
6.49/6.55	['length', 'substr', 'substr']: UNSAT (0.088 seconds)
6.49/6.64	['length', 'substr', 'add']: UNSAT (0.076 seconds)
6.49/6.72	['length', 'substr', 'sub']: UNSAT (0.070 seconds)
6.64/6.79	['length', 'add', 'add']: UNSAT (0.060 seconds)
6.80/6.85	['length', 'add', 'sub']: UNSAT (0.069 seconds)
6.89/6.92	['length', 'sub', 'sub']: UNSAT (0.062 seconds)
6.89/6.98	['substr', 'substr', 'substr']: UNSAT (0.116 seconds)
7.09/7.10	['substr', 'substr', 'add']: UNSAT (0.086 seconds)
7.09/7.19	['substr', 'substr', 'sub']: UNSAT (0.088 seconds)
7.19/7.27	['substr', 'add', 'add']: UNSAT (0.080 seconds)
7.29/7.36	['substr', 'add', 'sub']: UNSAT (0.081 seconds)
7.39/7.44	['substr', 'sub', 'sub']: UNSAT (0.080 seconds)
7.49/7.52	['add', 'add', 'add']: UNSAT (0.071 seconds)
7.49/7.59	['add', 'add', 'sub']: UNSAT (0.068 seconds)
7.59/7.66	['add', 'sub', 'sub']: UNSAT (0.070 seconds)
7.59/7.73	['sub', 'sub', 'sub']: UNSAT (0.073 seconds)
7.74/7.80	['concat', 'concat', 'concat', 'concat']: UNSAT (60.482 seconds)
68.18/68.29	['concat', 'concat', 'concat', 'index']: UNSAT (0.115 seconds)
68.38/68.40	['concat', 'concat', 'concat', 'length']: UNSAT (0.095 seconds)
68.38/68.50	['concat', 'concat', 'concat', 'substr']: UNSAT (116.996 seconds)
185.48/185.50	['concat', 'concat', 'concat', 'add']: UNSAT (0.093 seconds)
185.48/185.59	['concat', 'concat', 'concat', 'sub']: UNSAT (0.093 seconds)
185.58/185.69	['concat', 'concat', 'index', 'index']: UNSAT (0.133 seconds)
185.72/185.82	['concat', 'concat', 'index', 'length']: UNSAT (0.095 seconds)
185.88/185.92	['concat', 'concat', 'index', 'substr']: UNSAT (15.914 seconds)
201.71/201.83	['concat', 'concat', 'index', 'add']: UNSAT (0.101 seconds)
201.88/201.93	['concat', 'concat', 'index', 'sub']: UNSAT (0.100 seconds)
201.98/202.03	['concat', 'concat', 'length', 'length']: UNSAT (0.078 seconds)
202.09/202.11	['concat', 'concat', 'length', 'substr']: UNSAT (2.300 seconds)
204.38/204.41	['concat', 'concat', 'length', 'add']: UNSAT (0.082 seconds)
204.48/204.50	['concat', 'concat', 'length', 'sub']: UNSAT (0.082 seconds)
204.48/204.58	['concat', 'concat', 'substr', 'substr']: UNSAT (21.982 seconds)
226.48/226.56	['concat', 'concat', 'substr', 'add']: UNSAT (1.406 seconds)
227.88/227.97	['concat', 'concat', 'substr', 'sub']: UNSAT (1.455 seconds)
229.38/229.43	['concat', 'concat', 'add', 'add']: UNSAT (0.087 seconds)
229.48/229.51	['concat', 'concat', 'add', 'sub']: UNSAT (0.089 seconds)
229.58/229.60	['concat', 'concat', 'sub', 'sub']: UNSAT (0.090 seconds)
229.58/229.70	['concat', 'index', 'index', 'index']: UNSAT (0.131 seconds)
229.70/229.83	['concat', 'index', 'index', 'length']: UNSAT (0.106 seconds)
229.88/229.94	['concat', 'index', 'index', 'substr']: UNSAT (1.687 seconds)
231.58/231.62	['concat', 'index', 'index', 'add']: UNSAT (0.109 seconds)
231.58/231.73	['concat', 'index', 'index', 'sub']: UNSAT (0.109 seconds)
231.82/231.84	['concat', 'index', 'length', 'length']: UNSAT (0.081 seconds)
231.88/231.93	['concat', 'index', 'length', 'substr']: UNSAT (0.661 seconds)
232.48/232.59	['concat', 'index', 'length', 'add']: UNSAT (0.086 seconds)
232.58/232.68	['concat', 'index', 'length', 'sub']: UNSAT (0.087 seconds)
232.71/232.76	['concat', 'index', 'substr', 'substr']: UNSAT (4.313 seconds)
236.98/237.08	['concat', 'index', 'substr', 'add']: UNSAT (0.772 seconds)
237.82/237.85	['concat', 'index', 'substr', 'sub']: UNSAT (0.937 seconds)
238.71/238.79	['concat', 'index', 'add', 'add']: UNSAT (0.098 seconds)
238.82/238.89	['concat', 'index', 'add', 'sub']: UNSAT (0.098 seconds)
238.88/238.99	['concat', 'index', 'sub', 'sub']: UNSAT (0.099 seconds)
238.98/239.09	['concat', 'length', 'length', 'length']: UNSAT (0.066 seconds)
239.09/239.15	['concat', 'length', 'length', 'substr']: UNSAT (0.156 seconds)
239.27/239.31	['concat', 'length', 'length', 'add']: UNSAT (0.069 seconds)
239.27/239.38	['concat', 'length', 'length', 'sub']: UNSAT (0.069 seconds)
239.37/239.45	['concat', 'length', 'substr', 'substr']: UNSAT (1.212 seconds)
240.57/240.66	['concat', 'length', 'substr', 'add']: UNSAT (0.253 seconds)
240.87/240.92	['concat', 'length', 'substr', 'sub']: UNSAT (0.225 seconds)
241.09/241.14	['concat', 'length', 'add', 'add']: UNSAT (0.077 seconds)
241.17/241.22	['concat', 'length', 'add', 'sub']: UNSAT (0.077 seconds)
241.27/241.30	['concat', 'length', 'sub', 'sub']: UNSAT (0.078 seconds)
241.27/241.38	['concat', 'substr', 'substr', 'substr']: UNSAT (2.042 seconds)
243.37/243.42	['concat', 'substr', 'substr', 'add']: UNSAT (0.994 seconds)
244.37/244.42	['concat', 'substr', 'substr', 'sub']: UNSAT (0.882 seconds)
245.27/245.30	['concat', 'substr', 'add', 'add']: UNSAT (0.365 seconds)
245.57/245.67	['concat', 'substr', 'add', 'sub']: UNSAT (0.305 seconds)
245.87/245.97	['concat', 'substr', 'sub', 'sub']: UNSAT (0.270 seconds)
246.17/246.24	['concat', 'add', 'add', 'add']: UNSAT (0.092 seconds)
246.27/246.34	['concat', 'add', 'add', 'sub']: UNSAT (0.093 seconds)
246.37/246.43	['concat', 'add', 'sub', 'sub']: UNSAT (0.094 seconds)
246.47/246.53	['concat', 'sub', 'sub', 'sub']: UNSAT (0.099 seconds)
246.57/246.63	['index', 'index', 'index', 'index']: UNSAT (0.142 seconds)
246.70/246.77	['index', 'index', 'index', 'length']: UNSAT (0.113 seconds)
246.81/246.88	['index', 'index', 'index', 'substr']: UNSAT (0.224 seconds)
247.09/247.11	['index', 'index', 'index', 'add']: UNSAT (0.124 seconds)
247.17/247.23	['index', 'index', 'index', 'sub']: UNSAT (0.123 seconds)
247.27/247.36	['index', 'index', 'length', 'length']: UNSAT (0.088 seconds)
247.37/247.45	['index', 'index', 'length', 'substr']: UNSAT (0.123 seconds)
247.47/247.57	['index', 'index', 'length', 'add']: UNSAT (0.100 seconds)
247.57/247.67	['index', 'index', 'length', 'sub']: UNSAT (0.103 seconds)
247.70/247.78	['index', 'index', 'substr', 'substr']: UNSAT (0.333 seconds)
248.07/248.11	['index', 'index', 'substr', 'add']: UNSAT (0.166 seconds)
248.17/248.28	['index', 'index', 'substr', 'sub']: UNSAT (0.142 seconds)
248.37/248.42	['index', 'index', 'add', 'add']: UNSAT (0.113 seconds)
248.47/248.53	['index', 'index', 'add', 'sub']: UNSAT (0.115 seconds)
248.57/248.65	['index', 'index', 'sub', 'sub']: UNSAT (0.120 seconds)
248.71/248.77	['index', 'length', 'length', 'length']: UNSAT (0.070 seconds)
248.82/248.84	['index', 'length', 'length', 'substr']: UNSAT (0.109 seconds)
248.87/248.95	['index', 'length', 'length', 'add']: UNSAT (0.078 seconds)
248.97/249.03	['index', 'length', 'length', 'sub']: UNSAT (0.078 seconds)
249.09/249.11	['index', 'length', 'substr', 'substr']: UNSAT (0.169 seconds)
249.17/249.28	['index', 'length', 'substr', 'add']: UNSAT (0.118 seconds)
249.37/249.40	['index', 'length', 'substr', 'sub']: UNSAT (0.112 seconds)
249.47/249.51	['index', 'length', 'add', 'add']: UNSAT (0.090 seconds)
249.57/249.60	['index', 'length', 'add', 'sub']: UNSAT (0.093 seconds)
249.57/249.70	['index', 'length', 'sub', 'sub']: UNSAT (0.092 seconds)
249.71/249.79	['index', 'substr', 'substr', 'substr']: UNSAT (0.360 seconds)
250.09/250.15	['index', 'substr', 'substr', 'add']: UNSAT (0.221 seconds)
250.27/250.38	['index', 'substr', 'substr', 'sub']: UNSAT (0.199 seconds)
250.47/250.58	['index', 'substr', 'add', 'add']: UNSAT (0.140 seconds)
250.57/250.72	['index', 'substr', 'add', 'sub']: UNSAT (0.143 seconds)
250.82/250.86	['index', 'substr', 'sub', 'sub']: UNSAT (0.138 seconds)
250.97/251.00	['index', 'add', 'add', 'add']: UNSAT (0.110 seconds)
251.09/251.11	['index', 'add', 'add', 'sub']: UNSAT (0.112 seconds)
251.17/251.22	['index', 'add', 'sub', 'sub']: UNSAT (0.111 seconds)
251.27/251.34	['index', 'sub', 'sub', 'sub']: UNSAT (0.111 seconds)
251.37/251.45	['length', 'length', 'length', 'length']: UNSAT (0.051 seconds)
251.47/251.50	['length', 'length', 'length', 'substr']: UNSAT (0.068 seconds)
251.47/251.57	['length', 'length', 'length', 'add']: UNSAT (0.057 seconds)
251.57/251.63	['length', 'length', 'length', 'sub']: UNSAT (0.059 seconds)
251.57/251.69	['length', 'length', 'substr', 'substr']: UNSAT (0.139 seconds)
251.71/251.83	['length', 'length', 'substr', 'add']: UNSAT (0.093 seconds)
251.87/251.92	['length', 'length', 'substr', 'sub']: UNSAT (0.086 seconds)
251.97/252.01	['length', 'length', 'add', 'add']: UNSAT (0.068 seconds)
251.97/252.08	['length', 'length', 'add', 'sub']: UNSAT (0.071 seconds)
252.07/252.15	['length', 'length', 'sub', 'sub']: UNSAT (0.070 seconds)
252.17/252.22	['length', 'substr', 'substr', 'substr']: UNSAT (0.234 seconds)
252.37/252.46	['length', 'substr', 'substr', 'add']: UNSAT (0.131 seconds)
252.47/252.59	['length', 'substr', 'substr', 'sub']: UNSAT (0.148 seconds)
252.71/252.74	['length', 'substr', 'add', 'add']: UNSAT (0.102 seconds)
252.82/252.84	['length', 'substr', 'add', 'sub']: UNSAT (0.112 seconds)
252.87/252.95	['length', 'substr', 'sub', 'sub']: UNSAT (0.112 seconds)
252.97/253.07	['length', 'add', 'add', 'add']: UNSAT (0.088 seconds)
253.09/253.16	['length', 'add', 'add', 'sub']: UNSAT (0.087 seconds)
253.17/253.25	['length', 'add', 'sub', 'sub']: UNSAT (0.087 seconds)
253.27/253.33	['length', 'sub', 'sub', 'sub']: UNSAT (0.088 seconds)
253.37/253.42	['substr', 'substr', 'substr', 'substr']: UNSAT (0.186 seconds)
253.57/253.61	['substr', 'substr', 'substr', 'add']: UNSAT (0.146 seconds)
253.71/253.76	['substr', 'substr', 'substr', 'sub']: UNSAT (0.144 seconds)
253.87/253.90	['substr', 'substr', 'add', 'add']: UNSAT (0.127 seconds)
253.97/254.03	['substr', 'substr', 'add', 'sub']: UNSAT (0.129 seconds)
254.09/254.16	['substr', 'substr', 'sub', 'sub']: UNSAT (0.129 seconds)
254.17/254.29	['substr', 'add', 'add', 'add']: UNSAT (0.114 seconds)
254.37/254.41	['substr', 'add', 'add', 'sub']: UNSAT (0.111 seconds)
254.47/254.52	['substr', 'add', 'sub', 'sub']: UNSAT (0.110 seconds)
254.57/254.63	['substr', 'sub', 'sub', 'sub']: UNSAT (0.115 seconds)
254.70/254.74	['add', 'add', 'add', 'add']: UNSAT (0.109 seconds)
254.81/254.85	['add', 'add', 'add', 'sub']: UNSAT (0.103 seconds)
254.87/254.96	['add', 'add', 'sub', 'sub']: UNSAT (0.103 seconds)
254.97/255.06	['add', 'sub', 'sub', 'sub']: UNSAT (0.106 seconds)
255.09/255.17	['sub', 'sub', 'sub', 'sub']: UNSAT (0.104 seconds)
255.17/255.27	['concat', 'concat', 'concat', 'concat', 'concat']: 