0.00/0.22	=== Examples (../../dataset/examples/examples-38.json)
0.00/0.22	IO(inputs=('should not be spaced',), output='<span id=should_not_be_spaced > ')
0.00/0.22	IO(inputs=('but underscored',), output='<span id=but_underscored > ')
0.00/0.22	IO(inputs=('cant do anything right',), output='<span id=cant_do_anything_right > ')
0.00/0.22	=== Library
0.00/0.22	concat
0.00/0.22	index
0.00/0.22	length
0.00/0.22	substr
0.00/0.22	add
0.00/0.22	sub
0.00/0.22	=== Synthesis
0.00/0.22	['concat']: UNSAT (0.035 seconds)
0.18/0.25	['index']: UNSAT (0.035 seconds)
0.18/0.29	['length']: UNSAT (0.022 seconds)
0.18/0.31	['substr']: UNSAT (0.037 seconds)
0.18/0.35	['add']: UNSAT (0.029 seconds)
0.18/0.38	['sub']: UNSAT (0.030 seconds)
0.18/0.41	['concat', 'concat']: UNSAT (0.127 seconds)
0.39/0.54	['concat', 'index']: UNSAT (0.062 seconds)
0.39/0.60	['concat', 'length']: UNSAT (0.043 seconds)
0.39/0.65	['concat', 'substr']: UNSAT (0.151 seconds)
0.63/0.80	['concat', 'add']: UNSAT (0.042 seconds)
0.63/0.84	['concat', 'sub']: UNSAT (0.041 seconds)
0.63/0.88	['index', 'index']: UNSAT (0.054 seconds)
0.77/0.94	['index', 'length']: UNSAT (0.039 seconds)
0.77/0.98	['index', 'substr']: UNSAT (0.062 seconds)
0.77/1.04	['index', 'add']: UNSAT (0.049 seconds)
0.77/1.09	['index', 'sub']: UNSAT (0.048 seconds)
1.11/1.14	['length', 'length']: UNSAT (0.027 seconds)
1.11/1.17	['length', 'substr']: UNSAT (0.043 seconds)
1.18/1.21	['length', 'add']: UNSAT (0.031 seconds)
1.18/1.25	['length', 'sub']: UNSAT (0.031 seconds)
1.18/1.28	['substr', 'substr']: UNSAT (0.064 seconds)
1.28/1.34	['substr', 'add']: UNSAT (0.054 seconds)
1.38/1.40	['substr', 'sub']: UNSAT (0.054 seconds)
1.38/1.45	['add', 'add']: UNSAT (0.044 seconds)
1.38/1.50	['add', 'sub']: UNSAT (0.045 seconds)
1.38/1.54	['sub', 'sub']: UNSAT (0.046 seconds)
1.51/1.59	['concat', 'concat', 'concat']: UNSAT (16.726 seconds)
18.29/18.32	['concat', 'concat', 'index']: UNSAT (0.082 seconds)
18.39/18.40	['concat', 'concat', 'length']: UNSAT (0.065 seconds)
18.39/18.47	['concat', 'concat', 'substr']: UNSAT (2.217 seconds)
20.63/20.68	['concat', 'concat', 'add']: UNSAT (0.066 seconds)
20.69/20.75	['concat', 'concat', 'sub']: UNSAT (0.067 seconds)
20.79/20.82	['concat', 'index', 'index']: UNSAT (0.092 seconds)
20.90/20.91	['concat', 'index', 'length']: UNSAT (0.069 seconds)
20.90/20.98	['concat', 'index', 'substr']: UNSAT (0.769 seconds)
21.69/21.75	['concat', 'index', 'add']: UNSAT (0.073 seconds)
21.79/21.83	['concat', 'index', 'sub']: UNSAT (0.079 seconds)
21.90/21.91	['concat', 'length', 'length']: UNSAT (0.053 seconds)
21.90/21.96	['concat', 'length', 'substr']: UNSAT (0.127 seconds)
21.99/22.09	['concat', 'length', 'add']: UNSAT (0.057 seconds)
22.09/22.15	['concat', 'length', 'sub']: UNSAT (0.055 seconds)
22.19/22.20	['concat', 'substr', 'substr']: UNSAT (0.527 seconds)
22.69/22.73	['concat', 'substr', 'add']: UNSAT (0.122 seconds)
22.79/22.86	['concat', 'substr', 'sub']: UNSAT (0.125 seconds)
22.91/22.98	['concat', 'add', 'add']: UNSAT (0.067 seconds)
22.99/23.05	['concat', 'add', 'sub']: UNSAT (0.066 seconds)
23.09/23.12	['concat', 'sub', 'sub']: UNSAT (0.068 seconds)
23.09/23.19	['index', 'index', 'index']: UNSAT (0.096 seconds)
23.19/23.28	['index', 'index', 'length']: UNSAT (0.077 seconds)
23.29/23.36	['index', 'index', 'substr']: UNSAT (0.108 seconds)
23.39/23.47	['index', 'index', 'add']: UNSAT (0.086 seconds)
23.52/23.56	['index', 'index', 'sub']: UNSAT (0.084 seconds)
23.63/23.64	['index', 'length', 'length']: UNSAT (0.058 seconds)
23.69/23.70	['index', 'length', 'substr']: UNSAT (0.083 seconds)
23.69/23.78	['index', 'length', 'add']: UNSAT (0.065 seconds)
23.79/23.85	['index', 'length', 'sub']: UNSAT (0.067 seconds)
23.91/23.92	['index', 'substr', 'substr']: UNSAT (0.181 seconds)
24.09/24.10	['index', 'substr', 'add']: UNSAT (0.100 seconds)
24.19/24.20	['index', 'substr', 'sub']: UNSAT (0.099 seconds)
24.29/24.30	['index', 'add', 'add']: UNSAT (0.082 seconds)
24.29/24.39	['index', 'add', 'sub']: UNSAT (0.080 seconds)
24.39/24.47	['index', 'sub', 'sub']: UNSAT (0.079 seconds)
24.52/24.55	['length', 'length', 'length']: UNSAT (0.042 seconds)
24.52/24.59	['length', 'length', 'substr']: UNSAT (0.062 seconds)
24.63/24.65	['length', 'length', 'add']: UNSAT (0.048 seconds)
24.69/24.70	['length', 'length', 'sub']: UNSAT (0.046 seconds)
24.69/24.75	['length', 'substr', 'substr']: UNSAT (0.098 seconds)
24.79/24.85	['length', 'substr', 'add']: UNSAT (0.076 seconds)
24.90/24.92	['length', 'substr', 'sub']: UNSAT (0.076 seconds)
24.99/25.00	['length', 'add', 'add']: UNSAT (0.062 seconds)
24.99/25.06	['length', 'add', 'sub']: UNSAT (0.061 seconds)
25.09/25.13	['length', 'sub', 'sub']: UNSAT (0.059 seconds)
25.09/25.19	['substr', 'substr', 'substr']: UNSAT (0.120 seconds)
25.29/25.31	['substr', 'substr', 'add']: UNSAT (0.098 seconds)
25.39/25.41	['substr', 'substr', 'sub']: UNSAT (0.095 seconds)
25.39/25.50	['substr', 'add', 'add']: UNSAT (0.088 seconds)
25.52/25.59	['substr', 'add', 'sub']: UNSAT (0.085 seconds)
25.63/25.68	['substr', 'sub', 'sub']: UNSAT (0.085 seconds)
25.69/25.76	['add', 'add', 'add']: UNSAT (0.073 seconds)
25.79/25.84	['add', 'add', 'sub']: UNSAT (0.075 seconds)
25.91/25.91	['add', 'sub', 'sub']: UNSAT (0.072 seconds)
25.91/25.99	['sub', 'sub', 'sub']: UNSAT (0.074 seconds)
25.99/26.06	['concat', 'concat', 'concat', 'concat']: 