0.11/0.21	=== Examples (../../dataset/examples/examples-07.json)
0.11/0.21	IO(inputs=('Sub of by way',), output='Sub of<br /> by way')
0.11/0.21	IO(inputs=('again sub of by way',), output='again sub of<br /> by way')
0.11/0.21	IO(inputs=('one more time sub of by way',), output='one more time sub of<br /> by way')
0.11/0.21	=== Library
0.11/0.21	concat
0.11/0.21	index
0.11/0.21	length
0.11/0.21	substr
0.11/0.21	add
0.11/0.21	sub
0.11/0.21	=== Synthesis
0.11/0.21	['concat']: UNSAT (0.034 seconds)
0.11/0.25	['index']: UNSAT (0.035 seconds)
0.11/0.28	['length']: UNSAT (0.023 seconds)
0.27/0.31	['substr']: UNSAT (0.038 seconds)
0.27/0.35	['add']: UNSAT (0.029 seconds)
0.33/0.38	['sub']: UNSAT (0.029 seconds)
0.33/0.41	['concat', 'concat']: UNSAT (0.135 seconds)
0.43/0.54	['concat', 'index']: UNSAT (0.062 seconds)
0.55/0.61	['concat', 'length']: UNSAT (0.045 seconds)
0.63/0.65	['concat', 'substr']: UNSAT (0.359 seconds)
0.89/1.01	['concat', 'add']: UNSAT (0.042 seconds)
1.01/1.05	['concat', 'sub']: UNSAT (0.041 seconds)
1.01/1.10	['index', 'index']: UNSAT (0.057 seconds)
1.13/1.15	['index', 'length']: UNSAT (0.040 seconds)
1.13/1.20	['index', 'substr']: UNSAT (0.093 seconds)
1.19/1.29	['index', 'add']: UNSAT (0.066 seconds)
1.29/1.36	['index', 'sub']: UNSAT (0.049 seconds)
1.39/1.41	['length', 'length']: UNSAT (0.027 seconds)
1.39/1.44	['length', 'substr']: UNSAT (0.045 seconds)
1.39/1.48	['length', 'add']: UNSAT (0.032 seconds)
1.49/1.51	['length', 'sub']: UNSAT (0.033 seconds)
1.49/1.55	['substr', 'substr']: UNSAT (0.058 seconds)
1.59/1.61	['substr', 'add']: UNSAT (0.051 seconds)
1.59/1.66	['substr', 'sub']: UNSAT (0.051 seconds)
1.69/1.71	['add', 'add']: UNSAT (0.045 seconds)
1.69/1.76	['add', 'sub']: UNSAT (0.046 seconds)
1.79/1.81	['sub', 'sub']: UNSAT (0.046 seconds)
1.79/1.85	['concat', 'concat', 'concat']: UNSAT (26.125 seconds)
27.89/27.98	['concat', 'concat', 'index']: UNSAT (0.082 seconds)
28.01/28.06	['concat', 'concat', 'length']: UNSAT (0.062 seconds)
28.01/28.12	['concat', 'concat', 'substr']: UNSAT (4.586 seconds)
32.69/32.71	['concat', 'concat', 'add']: UNSAT (0.064 seconds)
32.69/32.78	['concat', 'concat', 'sub']: UNSAT (0.066 seconds)
32.79/32.84	['concat', 'index', 'index']: UNSAT (0.085 seconds)
32.89/32.93	['concat', 'index', 'length']: UNSAT (0.066 seconds)
32.89/33.00	['concat', 'index', 'substr']: UNSAT (0.475 seconds)
33.39/33.47	['concat', 'index', 'add']: UNSAT (0.070 seconds)
33.49/33.54	['concat', 'index', 'sub']: UNSAT (0.070 seconds)
33.59/33.62	['concat', 'length', 'length']: UNSAT (0.048 seconds)
33.59/33.66	['concat', 'length', 'substr']: UNSAT (0.112 seconds)
33.69/33.78	['concat', 'length', 'add']: UNSAT (0.053 seconds)
33.79/33.83	['concat', 'length', 'sub']: UNSAT (0.054 seconds)
33.79/33.89	['concat', 'substr', 'substr']: UNSAT (0.526 seconds)
34.39/34.41	['concat', 'substr', 'add']: UNSAT (0.129 seconds)
34.49/34.54	['concat', 'substr', 'sub']: UNSAT (0.129 seconds)
34.59/34.67	['concat', 'add', 'add']: UNSAT (0.063 seconds)
34.69/34.74	['concat', 'add', 'sub']: UNSAT (0.065 seconds)
34.79/34.80	['concat', 'sub', 'sub']: UNSAT (0.063 seconds)
34.79/34.87	['index', 'index', 'index']: UNSAT (0.090 seconds)
34.89/34.96	['index', 'index', 'length']: UNSAT (0.073 seconds)
35.00/35.03	['index', 'index', 'substr']: UNSAT (0.101 seconds)
35.12/35.13	['index', 'index', 'add']: UNSAT (0.079 seconds)
35.19/35.21	['index', 'index', 'sub']: UNSAT (0.079 seconds)
35.19/35.29	['index', 'length', 'length']: UNSAT (0.053 seconds)
35.29/35.35	['index', 'length', 'substr']: UNSAT (0.078 seconds)
35.39/35.43	['index', 'length', 'add']: UNSAT (0.061 seconds)
35.39/35.49	['index', 'length', 'sub']: UNSAT (0.061 seconds)
35.49/35.55	['index', 'substr', 'substr']: UNSAT (0.147 seconds)
35.69/35.70	['index', 'substr', 'add']: UNSAT (0.095 seconds)
35.79/35.80	['index', 'substr', 'sub']: UNSAT (0.093 seconds)
35.79/35.89	['index', 'add', 'add']: UNSAT (0.075 seconds)
35.89/35.97	['index', 'add', 'sub']: UNSAT (0.079 seconds)
36.00/36.05	['index', 'sub', 'sub']: UNSAT (0.077 seconds)
36.00/36.12	['length', 'length', 'length']: UNSAT (0.039 seconds)
36.12/36.16	['length', 'length', 'substr']: UNSAT (0.058 seconds)
36.19/36.22	['length', 'length', 'add']: UNSAT (0.044 seconds)
36.19/36.27	['length', 'length', 'sub']: UNSAT (0.044 seconds)
36.29/36.31	['length', 'substr', 'substr']: UNSAT (0.088 seconds)
36.39/36.40	['length', 'substr', 'add']: UNSAT (0.070 seconds)
36.39/36.47	['length', 'substr', 'sub']: UNSAT (0.070 seconds)
36.49/36.54	['length', 'add', 'add']: UNSAT (0.056 seconds)
36.59/36.60	['length', 'add', 'sub']: UNSAT (0.056 seconds)
36.59/36.66	['length', 'sub', 'sub']: UNSAT (0.057 seconds)
36.69/36.72	['substr', 'substr', 'substr']: UNSAT (0.110 seconds)
36.79/36.83	['substr', 'substr', 'add']: UNSAT (0.090 seconds)
36.89/36.92	['substr', 'substr', 'sub']: UNSAT (0.091 seconds)
36.89/37.01	['substr', 'add', 'add']: UNSAT (0.082 seconds)
37.00/37.09	['substr', 'add', 'sub']: UNSAT (0.079 seconds)
37.12/37.17	['substr', 'sub', 'sub']: UNSAT (0.079 seconds)
37.19/37.25	['add', 'add', 'add']: UNSAT (0.070 seconds)
37.29/37.33	['add', 'add', 'sub']: UNSAT (0.069 seconds)
37.29/37.40	['add', 'sub', 'sub']: UNSAT (0.070 seconds)
37.39/37.47	['sub', 'sub', 'sub']: UNSAT (0.070 seconds)
37.49/37.54	['concat', 'concat', 'concat', 'concat']: 