0.12/0.16	=== Examples (../../dataset/examples/examples-66.json)
0.12/0.16	IO(inputs=('take out the last 7 chars',), output='7 chars')
0.12/0.16	IO(inputs=('abcdefg',), output='abcdefg')
0.12/0.16	IO(inputs=('outsystems.com',), output='ems.com')
0.12/0.16	=== Library
0.12/0.16	concat
0.12/0.16	index
0.12/0.16	length
0.12/0.16	substr
0.12/0.16	add
0.12/0.16	sub
0.12/0.16	=== Synthesis
0.12/0.16	['concat']: UNSAT (0.028 seconds)
0.12/0.19	['index']: UNSAT (0.030 seconds)
0.12/0.22	['length']: UNSAT (0.022 seconds)
0.12/0.25	['substr']: UNSAT (0.038 seconds)
0.26/0.29	['add']: UNSAT (0.028 seconds)
0.26/0.31	['sub']: UNSAT (0.026 seconds)
0.26/0.34	['concat', 'concat']: UNSAT (0.053 seconds)
0.36/0.40	['concat', 'index']: UNSAT (0.052 seconds)
0.36/0.45	['concat', 'length']: UNSAT (0.037 seconds)
0.45/0.49	['concat', 'substr']: UNSAT (0.372 seconds)
0.81/0.86	['concat', 'add']: UNSAT (0.041 seconds)
0.88/0.90	['concat', 'sub']: UNSAT (0.041 seconds)
0.88/0.94	['index', 'index']: UNSAT (0.059 seconds)
0.88/1.00	['index', 'length']: UNSAT (0.042 seconds)
1.02/1.05	['index', 'substr']: UNSAT (86.378 seconds)
87.38/87.42	['index', 'add']: UNSAT (0.048 seconds)
87.38/87.47	['index', 'sub']: UNSAT (0.048 seconds)
87.48/87.52	['length', 'length']: UNSAT (0.027 seconds)
87.48/87.55	['length', 'substr']: UNSAT (0.060 seconds)
87.58/87.61	['length', 'add']: UNSAT (0.032 seconds)
87.58/87.64	['length', 'sub']: UNSAT (0.032 seconds)
87.58/87.68	['substr', 'substr']: UNSAT (0.094 seconds)
87.68/87.77	['substr', 'add']: UNSAT (0.064 seconds)
87.79/87.84	['substr', 'sub']: UNSAT (0.066 seconds)
87.88/87.90	['add', 'add']: UNSAT (0.043 seconds)
87.88/87.95	['add', 'sub']: UNSAT (0.044 seconds)
87.88/87.99	['sub', 'sub']: UNSAT (0.047 seconds)
87.88/88.04	['concat', 'concat', 'concat']: UNSAT (0.136 seconds)
88.13/88.18	['concat', 'concat', 'index']: UNSAT (0.079 seconds)
88.20/88.26	['concat', 'concat', 'length']: UNSAT (0.066 seconds)
88.28/88.33	['concat', 'concat', 'substr']: UNSAT (20.132 seconds)
108.38/108.46	['concat', 'concat', 'add']: UNSAT (0.062 seconds)
108.48/108.52	['concat', 'concat', 'sub']: UNSAT (0.062 seconds)
108.48/108.58	['concat', 'index', 'index']: UNSAT (0.088 seconds)
108.58/108.67	['concat', 'index', 'length']: UNSAT (0.067 seconds)
108.69/108.74	['concat', 'index', 'substr']: UNKNOWN (240.869 seconds)
349.58/349.61	Reason: smt tactic failed to show goal to be sat/unsat max-conflicts-reached
349.58/349.61	Reason: smt tactic failed to show goal to be sat/unsat max-conflicts-reached
349.58/349.61	['concat', 'index', 'add']: UNSAT (0.073 seconds)
349.58/349.69	['concat', 'index', 'sub']: UNSAT (0.072 seconds)
349.67/349.76	['concat', 'length', 'length']: UNSAT (0.050 seconds)
349.77/349.81	['concat', 'length', 'substr']: UNSAT (0.658 seconds)
350.37/350.47	['concat', 'length', 'add']: UNSAT (0.052 seconds)
350.47/350.52	['concat', 'length', 'sub']: UNSAT (0.052 seconds)
350.47/350.58	['concat', 'substr', 'substr']: UNSAT (3.083 seconds)
353.57/353.66	['concat', 'substr', 'add']: UNSAT (0.449 seconds)
353.97/354.11	['concat', 'substr', 'sub']: UNSAT (0.670 seconds)
354.67/354.78	['concat', 'add', 'add']: UNSAT (0.062 seconds)
354.77/354.84	['concat', 'add', 'sub']: UNSAT (0.062 seconds)
354.87/354.91	['concat', 'sub', 'sub']: UNSAT (0.061 seconds)
354.87/354.97	['index', 'index', 'index']: UNSAT (0.092 seconds)
354.97/355.06	['index', 'index', 'length']: UNSAT (0.073 seconds)
354.97/355.14	['index', 'index', 'substr']: 