0.11/0.20	=== Examples (../../dataset/examples/examples-20.json)
0.11/0.20	IO(inputs=('In+hac+habitasse+platea+dictumst.+Sed+dapibus+sit+amet+neque+gravida+sed.',), output='In hac habitasse platea dictumst. Sed dapibus')
0.11/0.20	IO(inputs=('Maecenas+mattis+nec+orci+a+luctus.+Maecenas+metus.',), output='Maecenas mattis nec orci a luctus. Maecenas m')
0.11/0.20	IO(inputs=('Sed+vehicula+vestibulum+metus.',), output='Sed vehicula vestibulum metus.')
0.11/0.20	=== Library
0.11/0.20	concat
0.11/0.20	index
0.11/0.20	length
0.11/0.20	substr
0.11/0.20	add
0.11/0.20	sub
0.11/0.20	=== Synthesis
0.11/0.20	['concat']: UNSAT (0.036 seconds)
0.11/0.24	['index']: UNSAT (0.035 seconds)
0.11/0.28	['length']: UNSAT (0.023 seconds)
0.11/0.30	['substr']: UNSAT (0.041 seconds)
0.28/0.34	['add']: UNSAT (0.029 seconds)
0.28/0.37	['sub']: UNSAT (0.029 seconds)
0.35/0.40	['concat', 'concat']: UNSAT (0.066 seconds)
0.35/0.47	['concat', 'index']: UNSAT (0.065 seconds)
0.46/0.54	['concat', 'length']: UNSAT (0.046 seconds)
0.56/0.58	['concat', 'substr']: UNSAT (0.731 seconds)
1.29/1.31	['concat', 'add']: UNSAT (0.043 seconds)
1.29/1.36	['concat', 'sub']: UNSAT (0.045 seconds)
1.39/1.40	['index', 'index']: UNSAT (0.060 seconds)
1.39/1.46	['index', 'length']: UNSAT (0.041 seconds)
1.49/1.51	['index', 'substr']: UNSAT (0.070 seconds)
1.49/1.58	['index', 'add']: UNSAT (0.049 seconds)
1.59/1.63	['index', 'sub']: UNSAT (0.049 seconds)
1.59/1.68	['length', 'length']: UNSAT (0.027 seconds)
1.69/1.70	['length', 'substr']: UNSAT (0.048 seconds)
1.69/1.75	['length', 'add']: UNSAT (0.038 seconds)
1.69/1.79	['length', 'sub']: UNSAT (0.036 seconds)
1.79/1.83	['substr', 'substr']: UNSAT (0.067 seconds)
1.89/1.90	['substr', 'add']: UNSAT (0.055 seconds)
1.89/1.95	['substr', 'sub']: UNSAT (0.057 seconds)
1.89/2.01	['add', 'add']: UNSAT (0.045 seconds)
2.02/2.06	['add', 'sub']: UNSAT (0.045 seconds)
2.02/2.10	['sub', 'sub']: UNSAT (0.046 seconds)
2.14/2.15	['concat', 'concat', 'concat']: UNSAT (0.282 seconds)
2.39/2.43	['concat', 'concat', 'index']: UNSAT (0.083 seconds)
2.49/2.52	['concat', 'concat', 'length']: UNSAT (0.062 seconds)
2.49/2.58	['concat', 'concat', 'substr']: UNSAT (21.588 seconds)
24.12/24.17	['concat', 'concat', 'add']: UNSAT (0.062 seconds)
24.18/24.23	['concat', 'concat', 'sub']: UNSAT (0.064 seconds)
24.28/24.30	['concat', 'index', 'index']: UNSAT (0.086 seconds)
24.28/24.38	['concat', 'index', 'length']: UNSAT (0.068 seconds)
24.38/24.45	['concat', 'index', 'substr']: UNSAT (3.350 seconds)
27.78/27.81	['concat', 'index', 'add']: UNSAT (0.071 seconds)
27.78/27.88	['concat', 'index', 'sub']: UNSAT (0.077 seconds)
27.88/27.96	['concat', 'length', 'length']: UNSAT (0.052 seconds)
27.88/28.01	['concat', 'length', 'substr']: UNSAT (0.967 seconds)
28.88/28.98	['concat', 'length', 'add']: UNSAT (0.055 seconds)
28.88/29.03	['concat', 'length', 'sub']: UNSAT (0.053 seconds)
29.01/29.09	['concat', 'substr', 'substr']: UNSAT (11.614 seconds)
40.68/40.70	['concat', 'substr', 'add']: UNSAT (1.392 seconds)
42.01/42.09	['concat', 'substr', 'sub']: UNSAT (1.525 seconds)
43.58/43.62	['concat', 'add', 'add']: UNSAT (0.066 seconds)
43.58/43.69	['concat', 'add', 'sub']: UNSAT (0.066 seconds)
43.68/43.75	['concat', 'sub', 'sub']: UNSAT (0.067 seconds)
43.78/43.82	['index', 'index', 'index']: UNSAT (0.089 seconds)
43.88/43.91	['index', 'index', 'length']: UNSAT (0.070 seconds)
43.88/43.98	['index', 'index', 'substr']: UNSAT (0.113 seconds)
44.01/44.10	['index', 'index', 'add']: UNSAT (0.083 seconds)
44.13/44.18	['index', 'index', 'sub']: UNSAT (0.086 seconds)
44.18/44.27	['index', 'length', 'length']: UNSAT (0.057 seconds)
44.28/44.33	['index', 'length', 'substr']: UNSAT (0.118 seconds)
44.38/44.45	['index', 'length', 'add']: UNSAT (0.064 seconds)
44.48/44.51	['index', 'length', 'sub']: UNSAT (0.064 seconds)
44.48/44.58	['index', 'substr', 'substr']: UNSAT (0.226 seconds)
44.78/44.80	['index', 'substr', 'add']: UNSAT (0.108 seconds)
44.88/44.91	['index', 'substr', 'sub']: UNSAT (0.100 seconds)
44.88/45.01	['index', 'add', 'add']: UNSAT (0.076 seconds)
45.01/45.09	['index', 'add', 'sub']: UNSAT (0.075 seconds)
45.13/45.17	['index', 'sub', 'sub']: UNSAT (0.077 seconds)
45.18/45.24	['length', 'length', 'length']: UNSAT (0.044 seconds)
45.18/45.29	['length', 'length', 'substr']: UNSAT (0.067 seconds)
45.28/45.36	['length', 'length', 'add']: UNSAT (0.049 seconds)
45.38/45.41	['length', 'length', 'sub']: UNSAT (0.048 seconds)
45.38/45.46	['length', 'substr', 'substr']: UNSAT (0.093 seconds)
45.48/45.55	['length', 'substr', 'add']: UNSAT (0.076 seconds)
45.58/45.63	['length', 'substr', 'sub']: UNSAT (0.074 seconds)
45.68/45.70	['length', 'add', 'add']: UNSAT (0.060 seconds)
45.68/45.76	['length', 'add', 'sub']: UNSAT (0.063 seconds)
45.78/45.83	['length', 'sub', 'sub']: UNSAT (0.060 seconds)
45.78/45.89	['substr', 'substr', 'substr']: UNSAT (0.131 seconds)
45.88/46.02	['substr', 'substr', 'add']: UNSAT (0.097 seconds)
46.01/46.12	['substr', 'substr', 'sub']: UNSAT (0.098 seconds)
46.18/46.22	['substr', 'add', 'add']: UNSAT (0.091 seconds)
46.28/46.31	['substr', 'add', 'sub']: UNSAT (0.087 seconds)
46.38/46.40	['substr', 'sub', 'sub']: UNSAT (0.083 seconds)
46.38/46.48	['add', 'add', 'add']: UNSAT (0.074 seconds)
46.48/46.56	['add', 'add', 'sub']: UNSAT (0.073 seconds)
46.58/46.63	['add', 'sub', 'sub']: UNSAT (0.072 seconds)
46.68/46.70	['sub', 'sub', 'sub']: UNSAT (0.073 seconds)
46.68/46.78	['concat', 'concat', 'concat', 'concat']: UNSAT (0.566 seconds)
47.28/47.34	['concat', 'concat', 'concat', 'index']: UNSAT (0.125 seconds)
47.38/47.47	['concat', 'concat', 'concat', 'length']: UNSAT (0.098 seconds)
47.48/47.57	['concat', 'concat', 'concat', 'substr']: UNKNOWN (445.281 seconds)
492.77/492.85	Reason: smt tactic failed to show goal to be sat/unsat max-conflicts-reached
492.77/492.85	Reason: smt tactic failed to show goal to be sat/unsat max-conflicts-reached
492.77/492.85	['concat', 'concat', 'concat', 'add']: UNSAT (0.099 seconds)
492.87/492.95	['concat', 'concat', 'concat', 'sub']: UNSAT (0.094 seconds)
492.97/493.05	['concat', 'concat', 'index', 'index']: UNSAT (0.128 seconds)
493.09/493.18	['concat', 'concat', 'index', 'length']: UNSAT (0.101 seconds)
493.21/493.28	['concat', 'concat', 'index', 'substr']: 