0.16/0.19	=== Examples (../../dataset/examples/examples-82.json)
0.16/0.19	IO(inputs=('take last three', 'and add this'), output='ree and add this')
0.16/0.19	IO(inputs=('ueueueueueu', 'xyz'), output='ueu xyz')
0.16/0.19	IO(inputs=('george not', 'and maebe'), output='not and maebe')
0.16/0.19	=== Library
0.16/0.19	concat
0.16/0.19	index
0.16/0.19	length
0.16/0.19	substr
0.16/0.19	add
0.16/0.19	sub
0.16/0.19	=== Synthesis
0.16/0.19	['concat']: UNSAT (0.031 seconds)
0.16/0.22	['index']: UNSAT (0.031 seconds)
0.16/0.25	['length']: UNSAT (0.021 seconds)
0.16/0.28	['substr']: UNSAT (0.032 seconds)
0.16/0.31	['add']: UNSAT (0.027 seconds)
0.16/0.34	['sub']: UNSAT (0.026 seconds)
0.32/0.36	['concat', 'concat']: UNSAT (0.057 seconds)
0.38/0.42	['concat', 'index']: UNSAT (0.056 seconds)
0.38/0.48	['concat', 'length']: UNSAT (0.041 seconds)
0.38/0.52	['concat', 'substr']: UNSAT (0.087 seconds)
0.51/0.61	['concat', 'add']: UNSAT (0.044 seconds)
0.62/0.65	['concat', 'sub']: UNSAT (0.044 seconds)
0.62/0.70	['index', 'index']: UNSAT (0.060 seconds)
0.72/0.76	['index', 'length']: UNSAT (0.045 seconds)
0.79/0.81	['index', 'substr']: UNSAT (0.063 seconds)
0.79/0.87	['index', 'add']: UNSAT (0.053 seconds)
0.89/0.93	['index', 'sub']: UNSAT (0.053 seconds)
0.89/0.98	['length', 'length']: UNSAT (0.031 seconds)
0.99/1.01	['length', 'substr']: UNSAT (0.048 seconds)
0.99/1.06	['length', 'add']: UNSAT (0.037 seconds)
0.99/1.10	['length', 'sub']: UNSAT (0.037 seconds)
0.99/1.14	['substr', 'substr']: UNSAT (0.064 seconds)
1.15/1.20	['substr', 'add']: UNSAT (0.052 seconds)
1.15/1.25	['substr', 'sub']: UNSAT (0.050 seconds)
1.29/1.30	['add', 'add']: UNSAT (0.046 seconds)
1.29/1.35	['add', 'sub']: UNSAT (0.048 seconds)
1.39/1.40	['sub', 'sub']: UNSAT (0.047 seconds)
1.39/1.45	['concat', 'concat', 'concat']: UNSAT (0.136 seconds)
1.49/1.59	['concat', 'concat', 'index']: UNSAT (0.088 seconds)
1.59/1.67	['concat', 'concat', 'length']: UNSAT (0.067 seconds)
1.69/1.74	['concat', 'concat', 'substr']: UNSAT (2.404 seconds)
3.99/4.15	['concat', 'concat', 'add']: UNSAT (0.075 seconds)
4.16/4.22	['concat', 'concat', 'sub']: UNSAT (0.071 seconds)
4.29/4.30	['concat', 'index', 'index']: UNSAT (0.093 seconds)
4.29/4.39	['concat', 'index', 'length']: UNSAT (0.076 seconds)
4.39/4.47	['concat', 'index', 'substr']: UNSAT (1.056 seconds)
5.49/5.52	['concat', 'index', 'add']: UNSAT (0.079 seconds)
5.59/5.61	['concat', 'index', 'sub']: UNSAT (0.080 seconds)
5.59/5.69	['concat', 'length', 'length']: UNSAT (0.054 seconds)
5.69/5.74	['concat', 'length', 'substr']: UNSAT (0.282 seconds)
5.99/6.02	['concat', 'length', 'add']: UNSAT (0.057 seconds)
5.99/6.08	['concat', 'length', 'sub']: UNSAT (0.057 seconds)
5.99/6.14	['concat', 'substr', 'substr']: UNSAT (0.470 seconds)
6.59/6.61	['concat', 'substr', 'add']: UNSAT (0.165 seconds)
6.69/6.78	['concat', 'substr', 'sub']: UNSAT (0.158 seconds)
6.89/6.94	['concat', 'add', 'add']: UNSAT (0.069 seconds)
6.99/7.01	['concat', 'add', 'sub']: UNSAT (0.069 seconds)
6.99/7.08	['concat', 'sub', 'sub']: UNSAT (0.069 seconds)
6.99/7.15	['index', 'index', 'index']: UNSAT (0.106 seconds)
7.15/7.25	['index', 'index', 'length']: UNSAT (0.083 seconds)
7.29/7.34	['index', 'index', 'substr']: UNSAT (0.108 seconds)
7.39/7.45	['index', 'index', 'add']: UNSAT (0.086 seconds)
7.49/7.53	['index', 'index', 'sub']: UNSAT (0.087 seconds)
7.59/7.62	['index', 'length', 'length']: UNSAT (0.061 seconds)
7.59/7.68	['index', 'length', 'substr']: UNSAT (0.084 seconds)
7.69/7.77	['index', 'length', 'add']: UNSAT (0.068 seconds)
7.79/7.84	['index', 'length', 'sub']: UNSAT (0.067 seconds)
7.89/7.91	['index', 'substr', 'substr']: UNSAT (0.179 seconds)
7.99/8.09	['index', 'substr', 'add']: UNSAT (0.117 seconds)
8.15/8.20	['index', 'substr', 'sub']: UNSAT (0.100 seconds)
8.29/8.31	['index', 'add', 'add']: UNSAT (0.082 seconds)
8.29/8.39	['index', 'add', 'sub']: UNSAT (0.083 seconds)
8.39/8.47	['index', 'sub', 'sub']: UNSAT (0.081 seconds)
8.49/8.55	['length', 'length', 'length']: UNSAT (0.043 seconds)
8.59/8.60	['length', 'length', 'substr']: UNSAT (0.066 seconds)
8.59/8.67	['length', 'length', 'add']: UNSAT (0.047 seconds)
8.69/8.71	['length', 'length', 'sub']: UNSAT (0.049 seconds)
8.69/8.76	['length', 'substr', 'substr']: UNSAT (0.084 seconds)
8.79/8.85	['length', 'substr', 'add']: UNSAT (0.068 seconds)
8.89/8.92	['length', 'substr', 'sub']: UNSAT (0.070 seconds)
8.89/8.99	['length', 'add', 'add']: UNSAT (0.060 seconds)
8.99/9.05	['length', 'add', 'sub']: UNSAT (0.061 seconds)
8.99/9.11	['length', 'sub', 'sub']: UNSAT (0.060 seconds)
8.99/9.17	['substr', 'substr', 'substr']: UNSAT (0.106 seconds)
9.26/9.28	['substr', 'substr', 'add']: UNSAT (0.090 seconds)
9.29/9.37	['substr', 'substr', 'sub']: UNSAT (0.089 seconds)
9.39/9.46	['substr', 'add', 'add']: UNSAT (0.082 seconds)
9.49/9.55	['substr', 'add', 'sub']: UNSAT (0.079 seconds)
9.59/9.62	['substr', 'sub', 'sub']: UNSAT (0.083 seconds)
9.69/9.71	['add', 'add', 'add']: UNSAT (0.075 seconds)
9.69/9.79	['add', 'add', 'sub']: UNSAT (0.077 seconds)
9.79/9.86	['add', 'sub', 'sub']: UNSAT (0.074 seconds)
9.89/9.94	['sub', 'sub', 'sub']: UNSAT (0.076 seconds)
9.99/10.02	['concat', 'concat', 'concat', 'concat']: UNSAT (0.300 seconds)
10.29/10.32	['concat', 'concat', 'concat', 'index']: UNSAT (0.140 seconds)
10.39/10.46	['concat', 'concat', 'concat', 'length']: UNSAT (0.105 seconds)
10.49/10.56	['concat', 'concat', 'concat', 'substr']: UNKNOWN (94.637 seconds)
105.19/105.20	Reason: smt tactic failed to show goal to be sat/unsat max-conflicts-reached
105.19/105.20	Reason: smt tactic failed to show goal to be sat/unsat max-conflicts-reached
105.19/105.20	['concat', 'concat', 'concat', 'add']: UNSAT (0.104 seconds)
105.19/105.31	['concat', 'concat', 'concat', 'sub']: UNSAT (0.105 seconds)
105.32/105.41	['concat', 'concat', 'index', 'index']: UNSAT (0.133 seconds)
105.48/105.55	['concat', 'concat', 'index', 'length']: UNSAT (0.106 seconds)
105.58/105.66	['concat', 'concat', 'index', 'substr']: UNKNOWN (148.226 seconds)
253.78/253.88	Reason: smt tactic failed to show goal to be sat/unsat max-conflicts-reached
253.78/253.88	Reason: smt tactic failed to show goal to be sat/unsat max-conflicts-reached
253.78/253.88	['concat', 'concat', 'index', 'add']: UNSAT (0.110 seconds)
253.88/253.99	['concat', 'concat', 'index', 'sub']: UNSAT (0.113 seconds)
254.08/254.11	['concat', 'concat', 'length', 'length']: UNSAT (0.087 seconds)
254.08/254.20	['concat', 'concat', 'length', 'substr']: UNSAT (9.916 seconds)
264.08/264.11	['concat', 'concat', 'length', 'add']: UNSAT (0.085 seconds)
264.18/264.20	['concat', 'concat', 'length', 'sub']: UNSAT (0.090 seconds)
264.18/264.29	['concat', 'concat', 'substr', 'substr']: UNKNOWN (68.535 seconds)
332.78/332.83	Reason: smt tactic failed to show goal to be sat/unsat max-conflicts-reached
332.78/332.83	Reason: smt tactic failed to show goal to be sat/unsat max-conflicts-reached
332.78/332.83	['concat', 'concat', 'substr', 'add']: UNSAT (3.121 seconds)
335.88/335.95	['concat', 'concat', 'substr', 'sub']: UNSAT (4.193 seconds)
340.08/340.14	['concat', 'concat', 'add', 'add']: UNSAT (0.104 seconds)
340.18/340.25	['concat', 'concat', 'add', 'sub']: UNSAT (0.100 seconds)
340.31/340.35	['concat', 'concat', 'sub', 'sub']: UNSAT (0.106 seconds)
340.42/340.46	['concat', 'index', 'index', 'index']: UNSAT (0.149 seconds)
340.58/340.61	['concat', 'index', 'index', 'length']: UNSAT (0.124 seconds)
340.68/340.73	['concat', 'index', 'index', 'substr']: UNSAT (4.437 seconds)
345.08/345.17	['concat', 'index', 'index', 'add']: UNSAT (0.129 seconds)
345.18/345.30	['concat', 'index', 'index', 'sub']: UNSAT (0.129 seconds)
345.31/345.43	['concat', 'index', 'length', 'length']: UNSAT (0.095 seconds)
345.48/345.53	['concat', 'index', 'length', 'substr']: UNSAT (2.013 seconds)
347.48/347.54	['concat', 'index', 'length', 'add']: UNSAT (0.102 seconds)
347.58/347.65	['concat', 'index', 'length', 'sub']: UNSAT (0.102 seconds)
347.68/347.75	['concat', 'index', 'substr', 'substr']: UNSAT (20.939 seconds)
368.58/368.69	['concat', 'index', 'substr', 'add']: UNSAT (2.452 seconds)
371.08/371.14	['concat', 'index', 'substr', 'sub']: UNSAT (1.903 seconds)
372.98/373.05	['concat', 'index', 'add', 'add']: UNSAT (0.109 seconds)
373.08/373.16	['concat', 'index', 'add', 'sub']: UNSAT (0.112 seconds)
373.18/373.27	['concat', 'index', 'sub', 'sub']: UNSAT (0.116 seconds)
373.30/373.39	['concat', 'length', 'length', 'length']: UNSAT (0.076 seconds)
373.41/373.46	['concat', 'length', 'length', 'substr']: UNSAT (0.551 seconds)
373.98/374.02	['concat', 'length', 'length', 'add']: UNSAT (0.079 seconds)
373.98/374.10	['concat', 'length', 'length', 'sub']: UNSAT (0.075 seconds)
374.08/374.17	['concat', 'length', 'substr', 'substr']: UNSAT (5.749 seconds)
379.88/379.92	['concat', 'length', 'substr', 'add']: UNSAT (0.984 seconds)
380.88/380.91	['concat', 'length', 'substr', 'sub']: UNSAT (0.849 seconds)
381.68/381.76	['concat', 'length', 'add', 'add']: UNSAT (0.089 seconds)
381.78/381.85	['concat', 'length', 'add', 'sub']: UNSAT (0.085 seconds)
381.88/381.94	['concat', 'length', 'sub', 'sub']: UNSAT (0.088 seconds)
381.98/382.02	['concat', 'substr', 'substr', 'substr']: UNSAT (3.718 seconds)
385.68/385.74	['concat', 'substr', 'substr', 'add']: UNSAT (2.942 seconds)
388.58/388.69	['concat', 'substr', 'substr', 'sub']: UNSAT (1.862 seconds)
390.48/390.55	['concat', 'substr', 'add', 'add']: UNSAT (0.334 seconds)
390.78/390.88	['concat', 'substr', 'add', 'sub']: UNSAT (0.384 seconds)
391.18/391.27	['concat', 'substr', 'sub', 'sub']: UNSAT (0.341 seconds)
391.58/391.61	['concat', 'add', 'add', 'add']: UNSAT (0.102 seconds)
391.68/391.71	['concat', 'add', 'add', 'sub']: UNSAT (0.108 seconds)
391.78/391.82	['concat', 'add', 'sub', 'sub']: UNSAT (0.108 seconds)
391.88/391.93	['concat', 'sub', 'sub', 'sub']: UNSAT (0.100 seconds)
391.98/392.03	['index', 'index', 'index', 'index']: UNSAT (0.151 seconds)
392.08/392.19	['index', 'index', 'index', 'length']: UNSAT (0.129 seconds)
392.18/392.32	['index', 'index', 'index', 'substr']: UNSAT (0.179 seconds)
392.48/392.50	['index', 'index', 'index', 'add']: UNSAT (0.140 seconds)
392.58/392.64	['index', 'index', 'index', 'sub']: UNSAT (0.140 seconds)
392.68/392.78	['index', 'index', 'length', 'length']: UNSAT (0.108 seconds)
392.78/392.89	['index', 'index', 'length', 'substr']: UNSAT (0.171 seconds)
392.98/393.06	['index', 'index', 'length', 'add']: UNSAT (0.111 seconds)
393.08/393.17	['index', 'index', 'length', 'sub']: UNSAT (0.112 seconds)
393.18/393.28	['index', 'index', 'substr', 'substr']: UNSAT (0.309 seconds)
393.48/393.59	['index', 'index', 'substr', 'add']: UNSAT (0.154 seconds)
393.68/393.75	['index', 'index', 'substr', 'sub']: UNSAT (0.160 seconds)
393.88/393.91	['index', 'index', 'add', 'add']: UNSAT (0.130 seconds)
393.98/394.04	['index', 'index', 'add', 'sub']: UNSAT (0.126 seconds)
394.08/394.17	['index', 'index', 'sub', 'sub']: UNSAT (0.129 seconds)
394.18/394.30	['index', 'length', 'length', 'length']: UNSAT (0.078 seconds)
394.31/394.38	['index', 'length', 'length', 'substr']: UNSAT (0.110 seconds)
394.42/394.49	['index', 'length', 'length', 'add']: UNSAT (0.086 seconds)
394.48/394.58	['index', 'length', 'length', 'sub']: UNSAT (0.085 seconds)
394.58/394.66	['index', 'length', 'substr', 'substr']: UNSAT (0.213 seconds)
394.78/394.88	['index', 'length', 'substr', 'add']: UNSAT (0.134 seconds)
394.98/395.01	['index', 'length', 'substr', 'sub']: UNSAT (0.129 seconds)
395.08/395.14	['index', 'length', 'add', 'add']: UNSAT (0.104 seconds)
395.18/395.25	['index', 'length', 'add', 'sub']: UNSAT (0.106 seconds)
395.31/395.35	['index', 'length', 'sub', 'sub']: UNSAT (0.109 seconds)
395.42/395.46	['index', 'substr', 'substr', 'substr']: UNSAT (0.361 seconds)
395.78/395.83	['index', 'substr', 'substr', 'add']: UNSAT (0.240 seconds)
395.98/396.07	['index', 'substr', 'substr', 'sub']: UNSAT (0.188 seconds)
396.18/396.26	['index', 'substr', 'add', 'add']: UNSAT (0.173 seconds)
396.30/396.43	['index', 'substr', 'add', 'sub']: UNSAT (0.153 seconds)
396.48/396.58	['index', 'substr', 'sub', 'sub']: UNSAT (0.153 seconds)
396.68/396.74	['index', 'add', 'add', 'add']: UNSAT (0.125 seconds)
396.78/396.87	['index', 'add', 'add', 'sub']: UNSAT (0.126 seconds)
396.88/396.99	['index', 'add', 'sub', 'sub']: UNSAT (0.126 seconds)
397.08/397.12	['index', 'sub', 'sub', 'sub']: UNSAT (0.127 seconds)
397.18/397.25	['length', 'length', 'length', 'length']: UNSAT (0.056 seconds)
397.18/397.31	['length', 'length', 'length', 'substr']: UNSAT (0.077 seconds)
397.30/397.38	['length', 'length', 'length', 'add']: UNSAT (0.064 seconds)
397.41/397.45	['length', 'length', 'length', 'sub']: UNSAT (0.062 seconds)
397.48/397.51	['length', 'length', 'substr', 'substr']: UNSAT (0.149 seconds)
397.58/397.66	['length', 'length', 'substr', 'add']: UNSAT (0.096 seconds)
397.68/397.76	['length', 'length', 'substr', 'sub']: UNSAT (0.104 seconds)
397.78/397.87	['length', 'length', 'add', 'add']: UNSAT (0.084 seconds)
397.88/397.95	['length', 'length', 'add', 'sub']: UNSAT (0.081 seconds)
397.98/398.03	['length', 'length', 'sub', 'sub']: UNSAT (0.077 seconds)
398.08/398.11	['length', 'substr', 'substr', 'substr']: UNSAT (0.178 seconds)
398.18/398.29	['length', 'substr', 'substr', 'add']: UNSAT (0.123 seconds)
398.31/398.41	['length', 'substr', 'substr', 'sub']: UNSAT (0.123 seconds)
398.48/398.54	['length', 'substr', 'add', 'add']: UNSAT (0.107 seconds)
398.58/398.65	['length', 'substr', 'add', 'sub']: UNSAT (0.105 seconds)
398.68/398.75	['length', 'substr', 'sub', 'sub']: UNSAT (0.107 seconds)
398.78/398.86	['length', 'add', 'add', 'add']: UNSAT (0.094 seconds)
398.88/398.96	['length', 'add', 'add', 'sub']: UNSAT (0.094 seconds)
398.98/399.05	['length', 'add', 'sub', 'sub']: UNSAT (0.091 seconds)
399.08/399.14	['length', 'sub', 'sub', 'sub']: UNSAT (0.092 seconds)
399.18/399.24	['substr', 'substr', 'substr', 'substr']: UNSAT (0.159 seconds)
399.31/399.40	['substr', 'substr', 'substr', 'add']: UNSAT (0.145 seconds)
399.48/399.54	['substr', 'substr', 'substr', 'sub']: UNSAT (0.143 seconds)
399.58/399.69	['substr', 'substr', 'add', 'add']: UNSAT (0.130 seconds)
399.78/399.82	['substr', 'substr', 'add', 'sub']: UNSAT (0.129 seconds)
399.88/399.95	['substr', 'substr', 'sub', 'sub']: UNSAT (0.134 seconds)
399.98/400.08	['substr', 'add', 'add', 'add']: UNSAT (0.116 seconds)
400.18/400.20	['substr', 'add', 'add', 'sub']: UNSAT (0.118 seconds)
400.18/400.32	['substr', 'add', 'sub', 'sub']: UNSAT (0.123 seconds)
400.42/400.44	['substr', 'sub', 'sub', 'sub']: UNSAT (0.120 seconds)
400.48/400.56	['add', 'add', 'add', 'add']: UNSAT (0.116 seconds)
400.58/400.68	['add', 'add', 'add', 'sub']: UNSAT (0.116 seconds)
400.78/400.80	['add', 'add', 'sub', 'sub']: UNSAT (0.113 seconds)
400.88/400.91	['add', 'sub', 'sub', 'sub']: UNSAT (0.115 seconds)
400.98/401.03	['sub', 'sub', 'sub', 'sub']: UNSAT (0.120 seconds)
401.08/401.15	['concat', 'concat', 'concat', 'concat', 'concat']: UNSAT (0.770 seconds)
401.88/401.92	['concat', 'concat', 'concat', 'concat', 'index']: UNSAT (0.180 seconds)
402.08/402.10	['concat', 'concat', 'concat', 'concat', 'length']: UNSAT (0.156 seconds)
402.18/402.26	['concat', 'concat', 'concat', 'concat', 'substr']: 