0.12/0.20	=== Examples (../../dataset/examples/examples-54.json)
0.12/0.20	IO(inputs=(' this is the same as trim man...  ',), output='this is the same as trim man...')
0.12/0.20	IO(inputs=('  know your libraries',), output='know your libraries')
0.12/0.20	IO(inputs=('or is trim too young? ',), output='or is trim too young?')
0.12/0.20	=== Library
0.12/0.20	concat
0.12/0.20	index
0.12/0.20	length
0.12/0.20	substr
0.12/0.20	add
0.12/0.20	sub
0.12/0.20	=== Synthesis
0.12/0.20	['concat']: UNSAT (0.036 seconds)
0.12/0.24	['index']: UNSAT (0.035 seconds)
0.12/0.27	['length']: UNSAT (0.023 seconds)
0.26/0.30	['substr']: UNSAT (0.042 seconds)
0.26/0.34	['add']: UNSAT (0.030 seconds)
0.26/0.37	['sub']: UNSAT (0.030 seconds)
0.34/0.40	['concat', 'concat']: UNSAT (0.063 seconds)
0.34/0.47	['concat', 'index']: UNSAT (0.062 seconds)
0.45/0.53	['concat', 'length']: UNSAT (0.045 seconds)
0.55/0.58	['concat', 'substr']: UNSAT (0.252 seconds)
0.79/0.83	['concat', 'add']: UNSAT (0.042 seconds)
0.79/0.87	['concat', 'sub']: UNSAT (0.044 seconds)
0.89/0.92	['index', 'index']: UNSAT (0.059 seconds)
0.89/0.98	['index', 'length']: UNSAT (0.042 seconds)
0.89/1.02	['index', 'substr']: UNSAT (2.805 seconds)
3.79/3.83	['index', 'add']: UNSAT (0.051 seconds)
3.79/3.88	['index', 'sub']: UNSAT (0.048 seconds)
3.89/3.93	['length', 'length']: UNSAT (0.027 seconds)
3.89/3.96	['length', 'substr']: UNSAT (0.055 seconds)
3.89/4.01	['length', 'add']: UNSAT (0.037 seconds)
3.89/4.05	['length', 'sub']: UNSAT (0.033 seconds)
4.02/4.09	['substr', 'substr']: UNSAT (0.087 seconds)
4.16/4.17	['substr', 'add']: UNSAT (0.058 seconds)
4.19/4.23	['substr', 'sub']: UNSAT (0.060 seconds)
4.19/4.29	['add', 'add']: UNSAT (0.043 seconds)
4.29/4.34	['add', 'sub']: UNSAT (0.044 seconds)
4.29/4.38	['sub', 'sub']: UNSAT (0.045 seconds)
4.39/4.43	['concat', 'concat', 'concat']: UNSAT (0.185 seconds)
4.59/4.61	['concat', 'concat', 'index']: UNSAT (0.077 seconds)
4.59/4.69	['concat', 'concat', 'length']: UNSAT (0.059 seconds)
4.69/4.75	['concat', 'concat', 'substr']: UNSAT (4.825 seconds)
9.49/9.58	['concat', 'concat', 'add']: UNSAT (0.065 seconds)
9.59/9.64	['concat', 'concat', 'sub']: UNSAT (0.065 seconds)
9.69/9.71	['concat', 'index', 'index']: UNSAT (0.087 seconds)
9.79/9.80	['concat', 'index', 'length']: UNSAT (0.065 seconds)
9.79/9.86	['concat', 'index', 'substr']: UNSAT (3.199 seconds)
13.02/13.06	['concat', 'index', 'add']: UNSAT (0.071 seconds)
13.02/13.14	['concat', 'index', 'sub']: UNSAT (0.076 seconds)
13.19/13.21	['concat', 'length', 'length']: UNSAT (0.053 seconds)
13.19/13.27	['concat', 'length', 'substr']: UNSAT (0.163 seconds)
13.39/13.43	['concat', 'length', 'add']: UNSAT (0.052 seconds)
13.39/13.48	['concat', 'length', 'sub']: UNSAT (0.054 seconds)
13.49/13.54	['concat', 'substr', 'substr']: UNSAT (1.043 seconds)
14.49/14.58	['concat', 'substr', 'add']: UNSAT (0.222 seconds)
14.79/14.81	['concat', 'substr', 'sub']: UNSAT (0.214 seconds)
14.89/15.02	['concat', 'add', 'add']: UNSAT (0.066 seconds)
15.02/15.09	['concat', 'add', 'sub']: UNSAT (0.068 seconds)
15.15/15.16	['concat', 'sub', 'sub']: UNSAT (0.065 seconds)
15.19/15.22	['index', 'index', 'index']: UNSAT (0.095 seconds)
15.29/15.32	['index', 'index', 'length']: UNSAT (0.074 seconds)
15.29/15.39	['index', 'index', 'substr']: UNSAT (57.207 seconds)
72.59/72.60	['index', 'index', 'add']: UNSAT (0.082 seconds)
72.59/72.69	['index', 'index', 'sub']: UNSAT (0.086 seconds)
72.69/72.77	['index', 'length', 'length']: UNSAT (0.055 seconds)
72.79/72.83	['index', 'length', 'substr']: UNSAT (0.253 seconds)
73.01/73.08	['index', 'length', 'add']: UNSAT (0.062 seconds)
73.01/73.15	['index', 'length', 'sub']: UNSAT (0.063 seconds)
73.19/73.21	['index', 'substr', 'substr']: UNSAT (0.993 seconds)
74.19/74.20	['index', 'substr', 'add']: UNSAT (0.272 seconds)
74.39/74.48	['index', 'substr', 'sub']: UNSAT (0.327 seconds)
74.79/74.80	['index', 'add', 'add']: UNSAT (0.080 seconds)
74.79/74.89	['index', 'add', 'sub']: UNSAT (0.075 seconds)
74.89/74.96	['index', 'sub', 'sub']: UNSAT (0.077 seconds)
74.89/75.04	['length', 'length', 'length']: UNSAT (0.042 seconds)
75.01/75.08	['length', 'length', 'substr']: UNSAT (0.075 seconds)
75.15/75.16	['length', 'length', 'add']: UNSAT (0.047 seconds)
75.19/75.21	['length', 'length', 'sub']: UNSAT (0.047 seconds)
75.19/75.26	['length', 'substr', 'substr']: UNSAT (0.240 seconds)
75.49/75.50	['length', 'substr', 'add']: UNSAT (0.095 seconds)
75.49/75.59	['length', 'substr', 'sub']: UNSAT (0.101 seconds)
75.59/75.69	['length', 'add', 'add']: UNSAT (0.056 seconds)
75.69/75.75	['length', 'add', 'sub']: UNSAT (0.062 seconds)
75.79/75.81	['length', 'sub', 'sub']: UNSAT (0.058 seconds)
75.79/75.87	['substr', 'substr', 'substr']: UNSAT (0.279 seconds)
76.01/76.15	['substr', 'substr', 'add']: UNSAT (0.230 seconds)
76.29/76.38	['substr', 'substr', 'sub']: UNSAT (0.220 seconds)
76.59/76.61	['substr', 'add', 'add']: UNSAT (0.182 seconds)
76.69/76.79	['substr', 'add', 'sub']: UNSAT (0.120 seconds)
76.89/76.91	['substr', 'sub', 'sub']: UNSAT (0.138 seconds)
76.89/77.05	['add', 'add', 'add']: UNSAT (0.068 seconds)
77.02/77.12	['add', 'add', 'sub']: UNSAT (0.074 seconds)
77.16/77.19	['add', 'sub', 'sub']: UNSAT (0.071 seconds)
77.19/77.26	['sub', 'sub', 'sub']: UNSAT (0.074 seconds)
77.29/77.34	['concat', 'concat', 'concat', 'concat']: UNSAT (0.305 seconds)
77.59/77.65	['concat', 'concat', 'concat', 'index']: UNSAT (0.114 seconds)
77.69/77.76	['concat', 'concat', 'concat', 'length']: UNSAT (0.092 seconds)
77.79/77.85	['concat', 'concat', 'concat', 'substr']: UNKNOWN (337.885 seconds)
415.68/415.74	Reason: smt tactic failed to show goal to be sat/unsat max-conflicts-reached
415.68/415.74	Reason: smt tactic failed to show goal to be sat/unsat max-conflicts-reached
415.68/415.74	['concat', 'concat', 'concat', 'add']: UNSAT (0.098 seconds)
415.77/415.84	['concat', 'concat', 'concat', 'sub']: UNSAT (0.093 seconds)
415.87/415.93	['concat', 'concat', 'index', 'index']: UNSAT (0.139 seconds)
415.98/416.07	['concat', 'concat', 'index', 'length']: UNSAT (0.105 seconds)
416.08/416.18	['concat', 'concat', 'index', 'substr']: UNSAT (106.873 seconds)
522.98/523.05	['concat', 'concat', 'index', 'add']: UNSAT (0.104 seconds)
523.08/523.16	['concat', 'concat', 'index', 'sub']: UNSAT (0.102 seconds)
523.18/523.26	['concat', 'concat', 'length', 'length']: UNSAT (0.081 seconds)
523.18/523.34	['concat', 'concat', 'length', 'substr']: UNSAT (2.084 seconds)
525.41/525.43	['concat', 'concat', 'length', 'add']: UNSAT (0.081 seconds)
525.47/525.51	['concat', 'concat', 'length', 'sub']: UNSAT (0.081 seconds)
525.47/525.59	['concat', 'concat', 'substr', 'substr']: 