0.11/0.20	=== Examples (../../dataset/examples/examples-80.json)
0.11/0.20	IO(inputs=('george.bluth@outsystems.com',), output='@outsystems.com')
0.11/0.20	IO(inputs=('maebe@cmu.edu',), output='@cmu.edu')
0.11/0.20	IO(inputs=('michael@tecnico.pt',), output='@tecnico.pt')
0.11/0.20	=== Library
0.11/0.20	concat
0.11/0.20	index
0.11/0.20	length
0.11/0.20	substr
0.11/0.20	add
0.11/0.20	sub
0.11/0.20	=== Synthesis
0.11/0.20	['concat']: UNSAT (0.035 seconds)
0.11/0.24	['index']: UNSAT (0.036 seconds)
0.11/0.28	['length']: UNSAT (0.024 seconds)
0.25/0.30	['substr']: UNSAT (0.041 seconds)
0.25/0.34	['add']: UNSAT (0.030 seconds)
0.25/0.38	['sub']: UNSAT (0.031 seconds)
0.36/0.41	['concat', 'concat']: UNSAT (0.063 seconds)
0.36/0.47	['concat', 'index']: UNSAT (0.063 seconds)
0.45/0.54	['concat', 'length']: UNSAT (0.046 seconds)
0.56/0.58	['concat', 'substr']: UNSAT (0.154 seconds)
0.69/0.74	['concat', 'add']: UNSAT (0.041 seconds)
0.69/0.78	['concat', 'sub']: UNSAT (0.042 seconds)
0.79/0.82	['index', 'index']: UNSAT (0.057 seconds)
0.79/0.88	['index', 'length']: UNSAT (0.041 seconds)
0.89/0.92	['index', 'substr']: SAT (34.531 seconds)
35.38/35.46	substr(arg0, index(arg0, '@', 1), 7539)
