0.15/0.21	=== Examples (../../dataset/examples/examples-88.json)
0.15/0.21	IO(inputs=('alo_helloworld',), output='hellowor')
0.15/0.21	IO(inputs=('123_testtest',), output='testte')
0.15/0.21	IO(inputs=('wazzuuuuuuuuup_xyz',), output='xyz')
0.15/0.21	=== Library
0.15/0.21	concat
0.15/0.21	index
0.15/0.21	length
0.15/0.21	substr
0.15/0.21	add
0.15/0.21	sub
0.15/0.21	=== Synthesis
0.15/0.21	['concat']: UNSAT (0.030 seconds)
0.15/0.25	['index']: UNSAT (0.030 seconds)
0.15/0.28	['length']: UNSAT (0.021 seconds)
0.15/0.30	['substr']: UNSAT (0.035 seconds)
0.15/0.33	['add']: UNSAT (0.025 seconds)
0.15/0.36	['sub']: UNSAT (0.026 seconds)
0.33/0.39	['concat', 'concat']: UNSAT (0.052 seconds)
0.33/0.44	['concat', 'index']: UNSAT (0.053 seconds)
0.33/0.49	['concat', 'length']: UNSAT (0.038 seconds)
0.33/0.53	['concat', 'substr']: UNSAT (0.099 seconds)
0.51/0.63	['concat', 'add']: UNSAT (0.044 seconds)
0.51/0.68	['concat', 'sub']: UNSAT (0.043 seconds)
0.63/0.72	['index', 'index']: UNSAT (0.059 seconds)
0.63/0.78	['index', 'length']: UNSAT (0.042 seconds)
0.63/0.83	['index', 'substr']: UNSAT (0.197 seconds)
0.98/1.02	['index', 'add']: UNSAT (0.052 seconds)
0.98/1.08	['index', 'sub']: UNSAT (0.050 seconds)
1.08/1.13	['length', 'length']: UNSAT (0.029 seconds)
1.08/1.16	['length', 'substr']: UNSAT (0.055 seconds)
1.18/1.21	['length', 'add']: UNSAT (0.034 seconds)
1.18/1.25	['length', 'sub']: UNSAT (0.033 seconds)
1.18/1.28	['substr', 'substr']: UNSAT (0.084 seconds)
1.31/1.37	['substr', 'add']: UNSAT (0.062 seconds)
1.31/1.43	['substr', 'sub']: UNSAT (0.061 seconds)
1.44/1.49	['add', 'add']: UNSAT (0.047 seconds)
1.48/1.54	['add', 'sub']: UNSAT (0.046 seconds)
1.48/1.59	['sub', 'sub']: UNSAT (0.044 seconds)
1.58/1.63	['concat', 'concat', 'concat']: UNSAT (0.147 seconds)
1.68/1.78	['concat', 'concat', 'index']: UNSAT (0.080 seconds)
1.78/1.86	['concat', 'concat', 'length']: UNSAT (0.065 seconds)
1.88/1.93	['concat', 'concat', 'substr']: UNSAT (0.374 seconds)
2.18/2.30	['concat', 'concat', 'add']: UNSAT (0.064 seconds)
2.31/2.37	['concat', 'concat', 'sub']: UNSAT (0.065 seconds)
2.31/2.43	['concat', 'index', 'index']: UNSAT (0.086 seconds)
2.48/2.52	['concat', 'index', 'length']: UNSAT (0.070 seconds)
2.48/2.59	['concat', 'index', 'substr']: UNSAT (5.026 seconds)
7.58/7.62	['concat', 'index', 'add']: UNSAT (0.077 seconds)
7.68/7.70	['concat', 'index', 'sub']: UNSAT (0.076 seconds)
7.68/7.77	['concat', 'length', 'length']: UNSAT (0.051 seconds)
7.78/7.83	['concat', 'length', 'substr']: UNSAT (0.164 seconds)
7.88/7.99	['concat', 'length', 'add']: UNSAT (0.054 seconds)
7.98/8.05	['concat', 'length', 'sub']: UNSAT (0.056 seconds)
8.08/8.10	['concat', 'substr', 'substr']: UNSAT (0.395 seconds)
8.48/8.50	['concat', 'substr', 'add']: UNSAT (0.120 seconds)
8.58/8.62	['concat', 'substr', 'sub']: UNSAT (0.124 seconds)
8.68/8.75	['concat', 'add', 'add']: UNSAT (0.069 seconds)
8.78/8.82	['concat', 'add', 'sub']: UNSAT (0.066 seconds)
8.78/8.88	['concat', 'sub', 'sub']: UNSAT (0.065 seconds)
8.88/8.95	['index', 'index', 'index']: UNSAT (0.094 seconds)
8.98/9.04	['index', 'index', 'length']: UNSAT (0.076 seconds)
9.08/9.12	['index', 'index', 'substr']: UNSAT (168.012 seconds)
177.08/177.14	['index', 'index', 'add']: UNSAT (0.085 seconds)
177.18/177.22	['index', 'index', 'sub']: UNSAT (0.083 seconds)
177.18/177.31	['index', 'length', 'length']: UNSAT (0.055 seconds)
177.30/177.36	['index', 'length', 'substr']: UNSAT (0.275 seconds)
177.58/177.64	['index', 'length', 'add']: UNSAT (0.063 seconds)
177.67/177.70	['index', 'length', 'sub']: UNSAT (0.063 seconds)
177.67/177.77	['index', 'substr', 'substr']: UNSAT (3.635 seconds)
181.30/181.40	['index', 'substr', 'add']: UNSAT (0.948 seconds)
182.30/182.35	['index', 'substr', 'sub']: UNSAT (1.057 seconds)
183.30/183.41	['index', 'add', 'add']: UNSAT (0.075 seconds)
183.41/183.49	['index', 'add', 'sub']: UNSAT (0.074 seconds)
183.47/183.56	['index', 'sub', 'sub']: UNSAT (0.075 seconds)
183.58/183.64	['length', 'length', 'length']: UNSAT (0.038 seconds)
183.58/183.68	['length', 'length', 'substr']: UNSAT (0.064 seconds)
183.68/183.74	['length', 'length', 'add']: UNSAT (0.046 seconds)
183.68/183.79	['length', 'length', 'sub']: UNSAT (0.045 seconds)
183.78/183.83	['length', 'substr', 'substr']: UNSAT (0.164 seconds)
183.98/184.00	['length', 'substr', 'add']: UNSAT (0.104 seconds)
184.07/184.10	['length', 'substr', 'sub']: UNSAT (0.091 seconds)
184.07/184.19	['length', 'add', 'add']: UNSAT (0.056 seconds)
184.17/184.25	['length', 'add', 'sub']: UNSAT (0.056 seconds)
184.17/184.31	['length', 'sub', 'sub']: UNSAT (0.057 seconds)
184.30/184.37	['substr', 'substr', 'substr']: UNSAT (0.275 seconds)
184.57/184.64	['substr', 'substr', 'add']: UNSAT (0.176 seconds)
184.77/184.82	['substr', 'substr', 'sub']: UNSAT (0.157 seconds)
184.87/184.98	['substr', 'add', 'add']: UNSAT (0.133 seconds)
185.07/185.11	['substr', 'add', 'sub']: UNSAT (0.124 seconds)
185.17/185.24	['substr', 'sub', 'sub']: UNSAT (0.134 seconds)
185.29/185.37	['add', 'add', 'add']: UNSAT (0.070 seconds)
185.42/185.44	['add', 'add', 'sub']: UNSAT (0.072 seconds)
185.47/185.52	['add', 'sub', 'sub']: UNSAT (0.072 seconds)
185.47/185.59	['sub', 'sub', 'sub']: UNSAT (0.070 seconds)
185.57/185.66	['concat', 'concat', 'concat', 'concat']: UNSAT (0.313 seconds)
185.87/185.97	['concat', 'concat', 'concat', 'index']: UNSAT (0.116 seconds)
185.97/186.09	['concat', 'concat', 'concat', 'length']: UNSAT (0.096 seconds)
186.07/186.19	['concat', 'concat', 'concat', 'substr']: UNSAT (1.624 seconds)
187.77/187.81	['concat', 'concat', 'concat', 'add']: UNSAT (0.092 seconds)
187.87/187.91	['concat', 'concat', 'concat', 'sub']: UNSAT (0.092 seconds)
187.97/188.00	['concat', 'concat', 'index', 'index']: UNSAT (0.138 seconds)
188.08/188.14	['concat', 'concat', 'index', 'length']: UNSAT (0.103 seconds)
188.18/188.24	['concat', 'concat', 'index', 'substr']: UNKNOWN (96.565 seconds)
284.77/284.81	Reason: smt tactic failed to show goal to be sat/unsat max-conflicts-reached
284.77/284.81	Reason: smt tactic failed to show goal to be sat/unsat max-conflicts-reached
284.77/284.81	['concat', 'concat', 'index', 'add']: UNSAT (0.105 seconds)
284.87/284.91	['concat', 'concat', 'index', 'sub']: UNSAT (0.102 seconds)
284.96/285.02	['concat', 'concat', 'length', 'length']: UNSAT (0.107 seconds)
285.06/285.13	['concat', 'concat', 'length', 'substr']: UNSAT (1.221 seconds)
286.29/286.35	['concat', 'concat', 'length', 'add']: UNSAT (0.110 seconds)
286.41/286.46	['concat', 'concat', 'length', 'sub']: UNSAT (0.115 seconds)
286.46/286.58	['concat', 'concat', 'substr', 'substr']: UNSAT (2.007 seconds)
288.46/288.58	['concat', 'concat', 'substr', 'add']: UNSAT (0.451 seconds)
288.96/289.04	['concat', 'concat', 'substr', 'sub']: UNSAT (0.584 seconds)
289.56/289.62	['concat', 'concat', 'add', 'add']: UNSAT (0.111 seconds)
289.66/289.73	['concat', 'concat', 'add', 'sub']: UNSAT (0.106 seconds)
289.76/289.84	['concat', 'concat', 'sub', 'sub']: UNSAT (0.090 seconds)
289.86/289.93	['concat', 'index', 'index', 'index']: UNSAT (0.132 seconds)
289.96/290.07	['concat', 'index', 'index', 'length']: UNSAT (0.109 seconds)
290.06/290.18	['concat', 'index', 'index', 'substr']: 