0.00/0.19	=== Examples (../../dataset/examples/examples-01.json)
0.00/0.19	IO(inputs=('Hello World',), output='Hello&nbsp;World')
0.00/0.19	IO(inputs=('Indicates the (zero-based) index where the search starts.',), output='Indicates&nbsp;the&nbsp;(zero-based)&nbsp;index&nbsp;where&nbsp;the&nbsp;search&nbsp;starts.')
0.00/0.19	IO(inputs=('Can be used with attributes in aggregates.',), output='Can&nbsp;be&nbsp;used&nbsp;with&nbsp;attributes&nbsp;in&nbsp;aggregates.')
0.00/0.19	=== Library
0.00/0.19	concat
0.00/0.19	index
0.00/0.19	length
0.00/0.19	substr
0.00/0.19	add
0.00/0.19	sub
0.00/0.19	=== Synthesis
0.00/0.19	['concat']: UNSAT (0.036 seconds)
0.00/0.23	['index']: UNSAT (0.036 seconds)
0.00/0.27	['length']: UNSAT (0.023 seconds)
0.00/0.29	['substr']: UNSAT (0.040 seconds)
0.00/0.33	['add']: UNSAT (0.029 seconds)
0.00/0.36	['sub']: UNSAT (0.029 seconds)
0.00/0.39	['concat', 'concat']: UNSAT (0.160 seconds)
0.29/0.55	['concat', 'index']: UNSAT (0.064 seconds)
0.29/0.62	['concat', 'length']: UNSAT (0.045 seconds)
0.29/0.67	['concat', 'substr']: UNSAT (0.507 seconds)
0.99/1.17	['concat', 'add']: UNSAT (0.044 seconds)
0.99/1.22	['concat', 'sub']: UNSAT (0.043 seconds)
0.99/1.26	['index', 'index']: UNSAT (0.061 seconds)
1.21/1.33	['index', 'length']: UNSAT (0.040 seconds)
1.21/1.37	['index', 'substr']: UNSAT (0.068 seconds)
1.21/1.44	['index', 'add']: UNSAT (0.049 seconds)
1.21/1.48	['index', 'sub']: UNSAT (0.048 seconds)
1.51/1.53	['length', 'length']: UNSAT (0.030 seconds)
1.51/1.57	['length', 'substr']: UNSAT (0.050 seconds)
1.59/1.62	['length', 'add']: UNSAT (0.034 seconds)
1.59/1.65	['length', 'sub']: UNSAT (0.035 seconds)
1.59/1.69	['substr', 'substr']: UNSAT (0.065 seconds)
1.69/1.75	['substr', 'add']: UNSAT (0.056 seconds)
1.79/1.81	['substr', 'sub']: UNSAT (0.084 seconds)
1.79/1.89	['add', 'add']: UNSAT (0.049 seconds)
1.79/1.95	['add', 'sub']: UNSAT (0.049 seconds)
1.79/1.99	['sub', 'sub']: UNSAT (0.054 seconds)
1.93/2.05	['concat', 'concat', 'concat']: UNSAT (1.565 seconds)
3.59/3.62	['concat', 'concat', 'index']: UNSAT (0.084 seconds)
3.69/3.70	['concat', 'concat', 'length']: UNSAT (0.065 seconds)
3.69/3.77	['concat', 'concat', 'substr']: UNSAT (0.732 seconds)
4.49/4.50	['concat', 'concat', 'add']: UNSAT (0.067 seconds)
4.49/4.57	['concat', 'concat', 'sub']: UNSAT (0.066 seconds)
4.58/4.64	['concat', 'index', 'index']: UNSAT (0.090 seconds)
4.68/4.73	['concat', 'index', 'length']: UNSAT (0.070 seconds)
4.78/4.80	['concat', 'index', 'substr']: UNSAT (0.721 seconds)
5.49/5.52	['concat', 'index', 'add']: UNSAT (0.075 seconds)
5.59/5.60	['concat', 'index', 'sub']: UNSAT (0.076 seconds)
5.59/5.67	['concat', 'length', 'length']: UNSAT (0.052 seconds)
5.69/5.73	['concat', 'length', 'substr']: UNSAT (0.128 seconds)
5.79/5.85	['concat', 'length', 'add']: UNSAT (0.058 seconds)
5.89/5.91	['concat', 'length', 'sub']: UNSAT (0.057 seconds)
5.89/5.97	['concat', 'substr', 'substr']: UNSAT (0.582 seconds)
6.54/6.55	['concat', 'substr', 'add']: UNSAT (0.131 seconds)
6.59/6.69	['concat', 'substr', 'sub']: UNSAT (0.130 seconds)
6.79/6.82	['concat', 'add', 'add']: UNSAT (0.067 seconds)
6.79/6.89	['concat', 'add', 'sub']: UNSAT (0.066 seconds)
6.89/6.95	['concat', 'sub', 'sub']: UNSAT (0.068 seconds)
6.99/7.02	['index', 'index', 'index']: UNSAT (0.098 seconds)
7.09/7.12	['index', 'index', 'length']: UNSAT (0.077 seconds)
7.19/7.20	['index', 'index', 'substr']: UNSAT (0.116 seconds)
7.29/7.32	['index', 'index', 'add']: UNSAT (0.085 seconds)
7.29/7.40	['index', 'index', 'sub']: UNSAT (0.082 seconds)
7.29/7.48	['index', 'length', 'length']: UNSAT (0.057 seconds)
7.29/7.54	['index', 'length', 'substr']: UNSAT (0.088 seconds)
7.51/7.63	['index', 'length', 'add']: UNSAT (0.065 seconds)
7.69/7.70	['index', 'length', 'sub']: UNSAT (0.066 seconds)
7.69/7.77	['index', 'substr', 'substr']: UNSAT (0.161 seconds)
7.89/7.93	['index', 'substr', 'add']: UNSAT (0.105 seconds)
7.99/8.03	['index', 'substr', 'sub']: UNSAT (0.099 seconds)
8.09/8.13	['index', 'add', 'add']: UNSAT (0.079 seconds)
8.19/8.21	['index', 'add', 'sub']: UNSAT (0.081 seconds)
8.19/8.29	['index', 'sub', 'sub']: UNSAT (0.082 seconds)
8.29/8.38	['length', 'length', 'length']: UNSAT (0.042 seconds)
8.39/8.42	['length', 'length', 'substr']: UNSAT (0.063 seconds)
8.39/8.48	['length', 'length', 'add']: UNSAT (0.046 seconds)
8.39/8.53	['length', 'length', 'sub']: UNSAT (0.048 seconds)
8.39/8.58	['length', 'substr', 'substr']: UNSAT (0.105 seconds)
8.59/8.69	['length', 'substr', 'add']: UNSAT (0.077 seconds)
8.74/8.76	['length', 'substr', 'sub']: UNSAT (0.076 seconds)
8.79/8.84	['length', 'add', 'add']: UNSAT (0.061 seconds)
8.89/8.90	['length', 'add', 'sub']: UNSAT (0.061 seconds)
8.89/8.96	['length', 'sub', 'sub']: UNSAT (0.058 seconds)
8.99/9.02	['substr', 'substr', 'substr']: UNSAT (0.124 seconds)
9.09/9.15	['substr', 'substr', 'add']: UNSAT (0.097 seconds)
9.19/9.25	['substr', 'substr', 'sub']: UNSAT (0.098 seconds)
9.29/9.35	['substr', 'add', 'add']: UNSAT (0.089 seconds)
9.39/9.44	['substr', 'add', 'sub']: UNSAT (0.086 seconds)
9.49/9.52	['substr', 'sub', 'sub']: UNSAT (0.085 seconds)
9.49/9.61	['add', 'add', 'add']: UNSAT (0.074 seconds)
9.49/9.68	['add', 'add', 'sub']: UNSAT (0.074 seconds)
9.49/9.76	['add', 'sub', 'sub']: UNSAT (0.091 seconds)
9.68/9.85	['sub', 'sub', 'sub']: UNSAT (0.074 seconds)
9.89/9.93	['concat', 'concat', 'concat', 'concat']: UNSAT (30.004 seconds)
39.90/39.93	['concat', 'concat', 'concat', 'index']: UNSAT (0.125 seconds)
39.98/40.06	['concat', 'concat', 'concat', 'length']: UNSAT (0.103 seconds)
40.08/40.16	['concat', 'concat', 'concat', 'substr']: UNSAT (143.291 seconds)
183.38/183.45	['concat', 'concat', 'concat', 'add']: UNSAT (0.101 seconds)
183.48/183.56	['concat', 'concat', 'concat', 'sub']: UNSAT (0.105 seconds)
183.58/183.66	['concat', 'concat', 'index', 'index']: UNSAT (0.150 seconds)
183.68/183.81	['concat', 'concat', 'index', 'length']: UNSAT (0.108 seconds)
183.82/183.92	['concat', 'concat', 'index', 'substr']: UNSAT (25.431 seconds)
209.28/209.36	['concat', 'concat', 'index', 'add']: UNSAT (0.112 seconds)
209.38/209.47	['concat', 'concat', 'index', 'sub']: UNSAT (0.110 seconds)
209.48/209.58	['concat', 'concat', 'length', 'length']: UNSAT (0.082 seconds)
209.58/209.66	['concat', 'concat', 'length', 'substr']: UNSAT (2.029 seconds)
211.58/211.69	['concat', 'concat', 'length', 'add']: UNSAT (0.087 seconds)
211.68/211.78	['concat', 'concat', 'length', 'sub']: UNSAT (0.087 seconds)
211.81/211.87	['concat', 'concat', 'substr', 'substr']: UNSAT (19.885 seconds)
231.68/231.75	['concat', 'concat', 'substr', 'add']: UNSAT (1.495 seconds)
233.18/233.25	['concat', 'concat', 'substr', 'sub']: UNSAT (1.756 seconds)
234.99/235.01	['concat', 'concat', 'add', 'add']: UNSAT (0.098 seconds)
234.99/235.11	['concat', 'concat', 'add', 'sub']: UNSAT (0.097 seconds)
235.18/235.21	['concat', 'concat', 'sub', 'sub']: UNSAT (0.093 seconds)
235.28/235.30	['concat', 'index', 'index', 'index']: UNSAT (0.138 seconds)
235.38/235.44	['concat', 'index', 'index', 'length']: UNSAT (0.115 seconds)
235.48/235.56	['concat', 'index', 'index', 'substr']: UNSAT (1.780 seconds)
237.28/237.34	['concat', 'index', 'index', 'add']: UNSAT (0.119 seconds)
237.38/237.46	['concat', 'index', 'index', 'sub']: UNSAT (0.121 seconds)
237.48/237.58	['concat', 'index', 'length', 'length']: UNSAT (0.089 seconds)
237.58/237.67	['concat', 'index', 'length', 'substr']: UNSAT (0.971 seconds)
238.58/238.64	['concat', 'index', 'length', 'add']: UNSAT (0.095 seconds)
238.68/238.74	['concat', 'index', 'length', 'sub']: UNSAT (0.095 seconds)
238.81/238.84	['concat', 'index', 'substr', 'substr']: UNSAT (55.248 seconds)
293.99/294.08	['concat', 'index', 'substr', 'add']: UNSAT (1.402 seconds)
295.38/295.49	['concat', 'index', 'substr', 'sub']: UNSAT (1.562 seconds)
296.99/297.05	['concat', 'index', 'add', 'add']: UNSAT (0.109 seconds)
297.09/297.16	['concat', 'index', 'add', 'sub']: UNSAT (0.107 seconds)
297.18/297.27	['concat', 'index', 'sub', 'sub']: UNSAT (0.111 seconds)
297.28/297.38	['concat', 'length', 'length', 'length']: UNSAT (0.067 seconds)
297.38/297.45	['concat', 'length', 'length', 'substr']: UNSAT (0.174 seconds)
297.58/297.62	['concat', 'length', 'length', 'add']: UNSAT (0.077 seconds)
297.67/297.70	['concat', 'length', 'length', 'sub']: UNSAT (0.073 seconds)
297.67/297.77	['concat', 'length', 'substr', 'substr']: UNSAT (1.297 seconds)
298.98/299.07	['concat', 'length', 'substr', 'add']: UNSAT (0.323 seconds)
299.37/299.40	['concat', 'length', 'substr', 'sub']: UNSAT (0.283 seconds)
299.57/299.68	['concat', 'length', 'add', 'add']: UNSAT (0.083 seconds)
299.67/299.77	['concat', 'length', 'add', 'sub']: UNSAT (0.082 seconds)
299.80/299.85	['concat', 'length', 'sub', 'sub']: UNSAT (0.083 seconds)
299.80/299.93	['concat', 'substr', 'substr', 'substr']: UNSAT (5.657 seconds)
305.48/305.59	['concat', 'substr', 'substr', 'add']: UNSAT (0.926 seconds)
306.48/306.52	['concat', 'substr', 'substr', 'sub']: UNSAT (1.100 seconds)
307.58/307.62	['concat', 'substr', 'add', 'add']: UNSAT (0.401 seconds)
307.99/308.02	['concat', 'substr', 'add', 'sub']: UNSAT (0.396 seconds)
308.38/308.42	['concat', 'substr', 'sub', 'sub']: UNSAT (0.357 seconds)
308.68/308.78	['concat', 'add', 'add', 'add']: UNSAT (0.116 seconds)
308.80/308.89	['concat', 'add', 'add', 'sub']: UNSAT (0.103 seconds)
308.91/309.00	['concat', 'add', 'sub', 'sub']: UNSAT (0.099 seconds)
308.98/309.10	['concat', 'sub', 'sub', 'sub']: UNSAT (0.101 seconds)
309.18/309.20	['index', 'index', 'index', 'index']: UNSAT (0.149 seconds)
309.28/309.35	['index', 'index', 'index', 'length']: UNSAT (0.118 seconds)
309.38/309.47	['index', 'index', 'index', 'substr']: UNSAT (0.266 seconds)
309.68/309.74	['index', 'index', 'index', 'add']: UNSAT (0.134 seconds)
309.80/309.87	['index', 'index', 'index', 'sub']: UNSAT (0.131 seconds)
309.99/310.00	['index', 'index', 'length', 'length']: UNSAT (0.097 seconds)
309.99/310.10	['index', 'index', 'length', 'substr']: UNSAT (0.144 seconds)
310.18/310.25	['index', 'index', 'length', 'add']: UNSAT (0.108 seconds)
310.28/310.36	['index', 'index', 'length', 'sub']: UNSAT (0.105 seconds)
310.38/310.46	['index', 'index', 'substr', 'substr']: UNSAT (0.381 seconds)
310.80/310.85	['index', 'index', 'substr', 'add']: UNSAT (0.171 seconds)
310.99/311.02	['index', 'index', 'substr', 'sub']: UNSAT (0.159 seconds)
311.09/311.18	['index', 'index', 'add', 'add']: UNSAT (0.121 seconds)
311.28/311.30	['index', 'index', 'add', 'sub']: UNSAT (0.127 seconds)
311.38/311.43	['index', 'index', 'sub', 'sub']: UNSAT (0.124 seconds)
311.48/311.55	['index', 'length', 'length', 'length']: UNSAT (0.077 seconds)
311.58/311.63	['index', 'length', 'length', 'substr']: UNSAT (0.116 seconds)
311.68/311.75	['index', 'length', 'length', 'add']: UNSAT (0.083 seconds)
311.68/311.83	['index', 'length', 'length', 'sub']: UNSAT (0.084 seconds)
311.80/311.92	['index', 'length', 'substr', 'substr']: UNSAT (0.216 seconds)
312.10/312.13	['index', 'length', 'substr', 'add']: UNSAT (0.130 seconds)
312.18/312.26	['index', 'length', 'substr', 'sub']: UNSAT (0.138 seconds)
312.38/312.40	['index', 'length', 'add', 'add']: UNSAT (0.098 seconds)
312.48/312.50	['index', 'length', 'add', 'sub']: UNSAT (0.095 seconds)
312.58/312.60	['index', 'length', 'sub', 'sub']: UNSAT (0.097 seconds)
312.68/312.70	['index', 'substr', 'substr', 'substr']: UNSAT (0.575 seconds)
313.18/313.27	['index', 'substr', 'substr', 'add']: UNSAT (0.217 seconds)
313.38/313.49	['index', 'substr', 'substr', 'sub']: UNSAT (0.294 seconds)
313.68/313.79	['index', 'substr', 'add', 'add']: UNSAT (0.183 seconds)
313.92/313.97	['index', 'substr', 'add', 'sub']: UNSAT (0.185 seconds)
314.10/314.16	['index', 'substr', 'sub', 'sub']: UNSAT (0.171 seconds)
314.28/314.33	['index', 'add', 'add', 'add']: UNSAT (0.120 seconds)
314.38/314.45	['index', 'add', 'add', 'sub']: UNSAT (0.121 seconds)
314.48/314.58	['index', 'add', 'sub', 'sub']: UNSAT (0.120 seconds)
314.68/314.70	['index', 'sub', 'sub', 'sub']: UNSAT (0.119 seconds)
314.68/314.82	['length', 'length', 'length', 'length']: UNSAT (0.057 seconds)
314.80/314.87	['length', 'length', 'length', 'substr']: UNSAT (0.077 seconds)
314.92/314.95	['length', 'length', 'length', 'add']: UNSAT (0.064 seconds)
314.99/315.02	['length', 'length', 'length', 'sub']: UNSAT (0.061 seconds)
314.99/315.08	['length', 'length', 'substr', 'substr']: UNSAT (0.142 seconds)
315.18/315.22	['length', 'length', 'substr', 'add']: UNSAT (0.106 seconds)
315.28/315.33	['length', 'length', 'substr', 'sub']: UNSAT (0.099 seconds)
315.38/315.43	['length', 'length', 'add', 'add']: UNSAT (0.083 seconds)
315.48/315.51	['length', 'length', 'add', 'sub']: UNSAT (0.075 seconds)
315.48/315.59	['length', 'length', 'sub', 'sub']: UNSAT (0.076 seconds)
315.58/315.67	['length', 'substr', 'substr', 'substr']: UNSAT (0.285 seconds)
315.92/315.95	['length', 'substr', 'substr', 'add']: UNSAT (0.167 seconds)
316.10/316.12	['length', 'substr', 'substr', 'sub']: UNSAT (0.194 seconds)
316.28/316.32	['length', 'substr', 'add', 'add']: UNSAT (0.119 seconds)
316.38/316.44	['length', 'substr', 'add', 'sub']: UNSAT (0.124 seconds)
316.48/316.56	['length', 'substr', 'sub', 'sub']: UNSAT (0.128 seconds)
316.58/316.69	['length', 'add', 'add', 'add']: UNSAT (0.095 seconds)
316.68/316.79	['length', 'add', 'add', 'sub']: UNSAT (0.094 seconds)
316.80/316.88	['length', 'add', 'sub', 'sub']: UNSAT (0.095 seconds)
316.92/316.98	['length', 'sub', 'sub', 'sub']: UNSAT (0.098 seconds)
316.99/317.08	['substr', 'substr', 'substr', 'substr']: UNSAT (0.277 seconds)
317.28/317.35	['substr', 'substr', 'substr', 'add']: UNSAT (0.167 seconds)
317.48/317.52	['substr', 'substr', 'substr', 'sub']: UNSAT (0.173 seconds)
317.68/317.70	['substr', 'substr', 'add', 'add']: UNSAT (0.145 seconds)
317.80/317.84	['substr', 'substr', 'add', 'sub']: UNSAT (0.146 seconds)
317.92/317.99	['substr', 'substr', 'sub', 'sub']: UNSAT (0.146 seconds)
318.10/318.14	['substr', 'add', 'add', 'add']: UNSAT (0.134 seconds)
318.18/318.27	['substr', 'add', 'add', 'sub']: UNSAT (0.125 seconds)
318.38/318.40	['substr', 'add', 'sub', 'sub']: UNSAT (0.125 seconds)
318.48/318.52	['substr', 'sub', 'sub', 'sub']: UNSAT (0.124 seconds)
318.58/318.65	['add', 'add', 'add', 'add']: UNSAT (0.109 seconds)
318.68/318.76	['add', 'add', 'add', 'sub']: UNSAT (0.114 seconds)
318.80/318.88	['add', 'add', 'sub', 'sub']: UNSAT (0.113 seconds)
318.92/318.99	['add', 'sub', 'sub', 'sub']: UNSAT (0.115 seconds)
318.99/319.11	['sub', 'sub', 'sub', 'sub']: UNSAT (0.112 seconds)
319.18/319.22	['concat', 'concat', 'concat', 'concat', 'concat']: 