0.12/0.20	=== Examples (../../dataset/examples/examples-68.json)
0.12/0.20	IO(inputs=(' smith - doe ',), output='smith')
0.12/0.20	IO(inputs=('  spelled-out',), output='spelled')
0.12/0.20	IO(inputs=('32-foot  ',), output='32')
0.12/0.20	=== Library
0.12/0.20	concat
0.12/0.20	index
0.12/0.20	length
0.12/0.20	substr
0.12/0.20	add
0.12/0.20	sub
0.12/0.20	=== Synthesis
0.12/0.20	['concat']: UNSAT (0.034 seconds)
0.12/0.23	['index']: UNSAT (0.034 seconds)
0.12/0.27	['length']: UNSAT (0.023 seconds)
0.25/0.29	['substr']: UNSAT (0.041 seconds)
0.25/0.34	['add']: UNSAT (0.030 seconds)
0.25/0.37	['sub']: UNSAT (0.030 seconds)
0.35/0.40	['concat', 'concat']: UNSAT (0.060 seconds)
0.35/0.46	['concat', 'index']: UNSAT (0.061 seconds)
0.35/0.52	['concat', 'length']: UNSAT (0.045 seconds)
0.35/0.57	['concat', 'substr']: UNSAT (0.119 seconds)
0.63/0.69	['concat', 'add']: UNSAT (0.039 seconds)
0.63/0.72	['concat', 'sub']: UNSAT (0.039 seconds)
0.71/0.76	['index', 'index']: UNSAT (0.055 seconds)
0.78/0.82	['index', 'length']: UNSAT (0.040 seconds)
0.78/0.86	['index', 'substr']: UNSAT (0.256 seconds)
0.98/1.12	['index', 'add']: UNSAT (0.048 seconds)
1.12/1.17	['index', 'sub']: UNSAT (0.046 seconds)
1.12/1.21	['length', 'length']: UNSAT (0.026 seconds)
1.22/1.24	['length', 'substr']: UNSAT (0.049 seconds)
1.22/1.29	['length', 'add']: UNSAT (0.032 seconds)
1.28/1.32	['length', 'sub']: UNSAT (0.032 seconds)
1.28/1.36	['substr', 'substr']: UNSAT (0.088 seconds)
1.38/1.45	['substr', 'add']: UNSAT (0.062 seconds)
1.48/1.51	['substr', 'sub']: UNSAT (0.061 seconds)
1.48/1.57	['add', 'add']: UNSAT (0.044 seconds)
1.58/1.61	['add', 'sub']: UNSAT (0.043 seconds)
1.58/1.66	['sub', 'sub']: UNSAT (0.043 seconds)
1.68/1.70	['concat', 'concat', 'concat']: UNSAT (0.133 seconds)
1.78/1.84	['concat', 'concat', 'index']: UNSAT (0.077 seconds)
1.88/1.91	['concat', 'concat', 'length']: UNSAT (0.059 seconds)
1.88/1.97	['concat', 'concat', 'substr']: UNSAT (0.328 seconds)
2.28/2.30	['concat', 'concat', 'add']: UNSAT (0.062 seconds)
2.28/2.37	['concat', 'concat', 'sub']: UNSAT (0.066 seconds)
2.38/2.43	['concat', 'index', 'index']: UNSAT (0.086 seconds)
2.49/2.52	['concat', 'index', 'length']: UNSAT (0.066 seconds)
2.49/2.59	['concat', 'index', 'substr']: UNSAT (7.407 seconds)
9.89/10.00	['concat', 'index', 'add']: UNSAT (0.069 seconds)
9.99/10.07	['concat', 'index', 'sub']: UNSAT (0.071 seconds)
10.12/10.14	['concat', 'length', 'length']: UNSAT (0.048 seconds)
10.12/10.19	['concat', 'length', 'substr']: UNSAT (0.172 seconds)
10.29/10.36	['concat', 'length', 'add']: UNSAT (0.052 seconds)
10.39/10.41	['concat', 'length', 'sub']: UNSAT (0.052 seconds)
10.39/10.47	['concat', 'substr', 'substr']: UNSAT (0.632 seconds)
10.99/11.10	['concat', 'substr', 'add']: UNSAT (0.132 seconds)
11.12/11.23	['concat', 'substr', 'sub']: UNSAT (0.132 seconds)
11.29/11.36	['concat', 'add', 'add']: UNSAT (0.062 seconds)
11.39/11.43	['concat', 'add', 'sub']: UNSAT (0.062 seconds)
11.39/11.49	['concat', 'sub', 'sub']: UNSAT (0.062 seconds)
11.49/11.55	['index', 'index', 'index']: UNSAT (0.093 seconds)
11.59/11.65	['index', 'index', 'length']: UNSAT (0.071 seconds)
11.69/11.72	['index', 'index', 'substr']: UNKNOWN (243.166 seconds)
254.78/254.89	Reason: smt tactic failed to show goal to be sat/unsat max-conflicts-reached
254.78/254.89	Reason: smt tactic failed to show goal to be sat/unsat max-conflicts-reached
254.78/254.89	['index', 'index', 'add']: UNSAT (0.089 seconds)
254.87/254.98	['index', 'index', 'sub']: UNSAT (0.083 seconds)
254.97/255.06	['index', 'length', 'length']: UNSAT (0.058 seconds)
254.97/255.12	['index', 'length', 'substr']: UNSAT (0.966 seconds)
255.98/256.09	['index', 'length', 'add']: UNSAT (0.065 seconds)
256.10/256.15	['index', 'length', 'sub']: UNSAT (0.064 seconds)
256.10/256.22	['index', 'substr', 'substr']: UNSAT (3.324 seconds)
259.47/259.54	['index', 'substr', 'add']: UNSAT (0.286 seconds)
259.77/259.83	['index', 'substr', 'sub']: UNSAT (0.316 seconds)
260.09/260.15	['index', 'add', 'add']: UNSAT (0.077 seconds)
260.09/260.23	['index', 'add', 'sub']: UNSAT (0.079 seconds)
260.27/260.31	['index', 'sub', 'sub']: UNSAT (0.078 seconds)
260.27/260.39	['length', 'length', 'length']: UNSAT (0.041 seconds)
260.37/260.43	['length', 'length', 'substr']: UNSAT (0.075 seconds)
260.47/260.50	['length', 'length', 'add']: UNSAT (0.047 seconds)
260.47/260.55	['length', 'length', 'sub']: UNSAT (0.045 seconds)
260.57/260.60	['length', 'substr', 'substr']: UNSAT (0.226 seconds)
260.77/260.83	['length', 'substr', 'add']: UNSAT (0.101 seconds)
260.87/260.93	['length', 'substr', 'sub']: UNSAT (0.096 seconds)
260.97/261.02	['length', 'add', 'add']: UNSAT (0.058 seconds)
260.97/261.08	['length', 'add', 'sub']: UNSAT (0.059 seconds)
261.10/261.14	['length', 'sub', 'sub']: UNSAT (0.061 seconds)
261.10/261.21	['substr', 'substr', 'substr']: UNSAT (0.404 seconds)
261.57/261.61	['substr', 'substr', 'add']: UNSAT (0.234 seconds)
261.77/261.85	['substr', 'substr', 'sub']: UNSAT (0.188 seconds)
261.97/262.03	['substr', 'add', 'add']: UNSAT (0.151 seconds)
262.10/262.19	['substr', 'add', 'sub']: UNSAT (0.135 seconds)
262.27/262.32	['substr', 'sub', 'sub']: UNSAT (0.132 seconds)
262.37/262.46	['add', 'add', 'add']: UNSAT (0.076 seconds)
262.47/262.53	['add', 'add', 'sub']: UNSAT (0.073 seconds)
262.57/262.61	['add', 'sub', 'sub']: UNSAT (0.076 seconds)
262.57/262.68	['sub', 'sub', 'sub']: UNSAT (0.073 seconds)
262.67/262.76	['concat', 'concat', 'concat', 'concat']: UNSAT (0.295 seconds)
262.97/263.05	['concat', 'concat', 'concat', 'index']: UNSAT (0.124 seconds)
263.10/263.18	['concat', 'concat', 'concat', 'length']: UNSAT (0.100 seconds)
263.21/263.28	['concat', 'concat', 'concat', 'substr']: UNSAT (2.788 seconds)
265.97/266.07	['concat', 'concat', 'concat', 'add']: UNSAT (0.098 seconds)
266.09/266.17	['concat', 'concat', 'concat', 'sub']: UNSAT (0.097 seconds)
266.20/266.27	['concat', 'concat', 'index', 'index']: UNSAT (0.141 seconds)
266.37/266.41	['concat', 'concat', 'index', 'length']: UNSAT (0.105 seconds)
266.47/266.51	['concat', 'concat', 'index', 'substr']: UNKNOWN (111.092 seconds)
377.54/377.61	Reason: smt tactic failed to show goal to be sat/unsat max-conflicts-reached
377.54/377.61	Reason: smt tactic failed to show goal to be sat/unsat max-conflicts-reached
377.54/377.61	['concat', 'concat', 'index', 'add']: UNSAT (0.106 seconds)
377.64/377.71	['concat', 'concat', 'index', 'sub']: UNSAT (0.108 seconds)
377.75/377.82	['concat', 'concat', 'length', 'length']: UNSAT (0.078 seconds)
377.85/377.90	['concat', 'concat', 'length', 'substr']: UNSAT (1.690 seconds)
379.45/379.59	['concat', 'concat', 'length', 'add']: UNSAT (0.081 seconds)
379.55/379.67	['concat', 'concat', 'length', 'sub']: UNSAT (0.087 seconds)
379.65/379.76	['concat', 'concat', 'substr', 'substr']: UNSAT (1.859 seconds)
381.55/381.62	['concat', 'concat', 'substr', 'add']: UNSAT (0.912 seconds)
382.45/382.54	['concat', 'concat', 'substr', 'sub']: UNSAT (0.846 seconds)
383.25/383.38	['concat', 'concat', 'add', 'add']: UNSAT (0.090 seconds)
383.35/383.47	['concat', 'concat', 'add', 'sub']: UNSAT (0.090 seconds)
383.45/383.56	['concat', 'concat', 'sub', 'sub']: UNSAT (0.090 seconds)
383.55/383.65	['concat', 'index', 'index', 'index']: UNSAT (0.132 seconds)
383.65/383.79	['concat', 'index', 'index', 'length']: UNSAT (0.110 seconds)
383.85/383.90	['concat', 'index', 'index', 'substr']: 