0.00/0.19	=== Examples (../../dataset/examples/examples-03.json)
0.00/0.19	IO(inputs=('hey. I hope you are doing good',), output='hey, I hope you are doing good')
0.00/0.19	IO(inputs=('how.are.you',), output='how,are,you')
0.00/0.19	IO(inputs=('hello.world',), output='hello,world')
0.00/0.19	=== Library
0.00/0.19	concat
0.00/0.19	index
0.00/0.19	length
0.00/0.19	substr
0.00/0.19	add
0.00/0.19	sub
0.00/0.19	=== Synthesis
0.00/0.19	['concat']: UNSAT (0.034 seconds)
0.20/0.23	['index']: UNSAT (0.034 seconds)
0.20/0.26	['length']: UNSAT (0.023 seconds)
0.20/0.29	['substr']: UNSAT (0.038 seconds)
0.20/0.33	['add']: UNSAT (0.029 seconds)
0.20/0.36	['sub']: UNSAT (0.029 seconds)
0.20/0.38	['concat', 'concat']: UNSAT (0.061 seconds)
0.39/0.45	['concat', 'index']: UNSAT (0.061 seconds)
0.39/0.51	['concat', 'length']: UNSAT (0.044 seconds)
0.39/0.55	['concat', 'substr']: UNSAT (0.370 seconds)
0.72/0.92	['concat', 'add']: UNSAT (0.039 seconds)
0.93/0.96	['concat', 'sub']: UNSAT (0.039 seconds)
0.93/1.00	['index', 'index']: UNSAT (0.055 seconds)
1.00/1.06	['index', 'length']: UNSAT (0.041 seconds)
1.08/1.10	['index', 'substr']: UNSAT (0.060 seconds)
1.08/1.16	['index', 'add']: UNSAT (0.047 seconds)
1.18/1.21	['index', 'sub']: UNSAT (0.047 seconds)
1.18/1.26	['length', 'length']: UNSAT (0.026 seconds)
1.18/1.29	['length', 'substr']: UNSAT (0.043 seconds)
1.30/1.33	['length', 'add']: UNSAT (0.033 seconds)
1.30/1.36	['length', 'sub']: UNSAT (0.031 seconds)
1.30/1.40	['substr', 'substr']: UNSAT (0.059 seconds)
1.41/1.46	['substr', 'add']: UNSAT (0.050 seconds)
1.41/1.51	['substr', 'sub']: UNSAT (0.049 seconds)
1.51/1.56	['add', 'add']: UNSAT (0.042 seconds)
1.58/1.60	['add', 'sub']: UNSAT (0.042 seconds)
1.58/1.64	['sub', 'sub']: UNSAT (0.042 seconds)
1.58/1.68	['concat', 'concat', 'concat']: UNSAT (0.161 seconds)
1.78/1.85	['concat', 'concat', 'index']: UNSAT (0.077 seconds)
1.89/1.92	['concat', 'concat', 'length']: UNSAT (0.059 seconds)
1.89/1.98	['concat', 'concat', 'substr']: UNSAT (6.673 seconds)
8.59/8.66	['concat', 'concat', 'add']: UNSAT (0.080 seconds)
8.69/8.74	['concat', 'concat', 'sub']: UNSAT (0.079 seconds)
8.79/8.82	['concat', 'index', 'index']: UNSAT (0.108 seconds)
8.89/8.93	['concat', 'index', 'length']: UNSAT (0.084 seconds)
8.99/9.02	['concat', 'index', 'substr']: UNSAT (2.792 seconds)
11.79/11.81	['concat', 'index', 'add']: UNSAT (0.073 seconds)
11.79/11.88	['concat', 'index', 'sub']: UNSAT (0.075 seconds)
11.89/11.96	['concat', 'length', 'length']: UNSAT (0.053 seconds)
11.99/12.01	['concat', 'length', 'substr']: UNSAT (0.657 seconds)
12.59/12.67	['concat', 'length', 'add']: UNSAT (0.054 seconds)
12.69/12.73	['concat', 'length', 'sub']: UNSAT (0.053 seconds)
12.69/12.78	['concat', 'substr', 'substr']: UNSAT (1.611 seconds)
14.28/14.40	['concat', 'substr', 'add']: UNSAT (0.415 seconds)
14.79/14.81	['concat', 'substr', 'sub']: UNSAT (0.435 seconds)
15.19/15.25	['concat', 'add', 'add']: UNSAT (0.061 seconds)
15.19/15.31	['concat', 'add', 'sub']: UNSAT (0.063 seconds)
15.30/15.37	['concat', 'sub', 'sub']: UNSAT (0.067 seconds)
15.30/15.44	['index', 'index', 'index']: UNSAT (0.098 seconds)
15.44/15.54	['index', 'index', 'length']: UNSAT (0.072 seconds)
15.58/15.61	['index', 'index', 'substr']: UNSAT (0.100 seconds)
15.68/15.72	['index', 'index', 'add']: UNSAT (0.084 seconds)
15.78/15.80	['index', 'index', 'sub']: UNSAT (0.084 seconds)
15.78/15.89	['index', 'length', 'length']: UNSAT (0.055 seconds)
15.88/15.94	['index', 'length', 'substr']: UNSAT (0.083 seconds)
15.98/16.03	['index', 'length', 'add']: UNSAT (0.063 seconds)
15.98/16.09	['index', 'length', 'sub']: UNSAT (0.065 seconds)
16.08/16.16	['index', 'substr', 'substr']: UNSAT (0.143 seconds)
16.18/16.30	['index', 'substr', 'add']: UNSAT (0.094 seconds)
16.30/16.39	['index', 'substr', 'sub']: UNSAT (0.094 seconds)
16.41/16.49	['index', 'add', 'add']: UNSAT (0.080 seconds)
16.51/16.57	['index', 'add', 'sub']: UNSAT (0.077 seconds)
16.58/16.65	['index', 'sub', 'sub']: UNSAT (0.077 seconds)
16.68/16.73	['length', 'length', 'length']: UNSAT (0.040 seconds)
16.68/16.77	['length', 'length', 'substr']: UNSAT (0.060 seconds)
16.78/16.83	['length', 'length', 'add']: UNSAT (0.046 seconds)
16.78/16.88	['length', 'length', 'sub']: UNSAT (0.048 seconds)
16.88/16.93	['length', 'substr', 'substr']: UNSAT (0.090 seconds)
16.98/17.02	['length', 'substr', 'add']: UNSAT (0.073 seconds)
16.98/17.09	['length', 'substr', 'sub']: UNSAT (0.071 seconds)
17.08/17.16	['length', 'add', 'add']: UNSAT (0.062 seconds)
17.18/17.22	['length', 'add', 'sub']: UNSAT (0.059 seconds)
17.18/17.28	['length', 'sub', 'sub']: UNSAT (0.057 seconds)
17.30/17.34	['substr', 'substr', 'substr']: UNSAT (0.113 seconds)
17.44/17.46	['substr', 'substr', 'add']: UNSAT (0.094 seconds)
17.54/17.55	['substr', 'substr', 'sub']: UNSAT (0.092 seconds)
17.58/17.64	['substr', 'add', 'add']: UNSAT (0.084 seconds)
17.68/17.73	['substr', 'add', 'sub']: UNSAT (0.082 seconds)
17.78/17.81	['substr', 'sub', 'sub']: UNSAT (0.082 seconds)
17.78/17.90	['add', 'add', 'add']: UNSAT (0.071 seconds)
17.88/17.97	['add', 'add', 'sub']: UNSAT (0.071 seconds)
17.98/18.04	['add', 'sub', 'sub']: UNSAT (0.076 seconds)
18.08/18.12	['sub', 'sub', 'sub']: UNSAT (0.070 seconds)
18.08/18.19	['concat', 'concat', 'concat', 'concat']: UNSAT (1.852 seconds)
19.98/20.04	['concat', 'concat', 'concat', 'index']: UNSAT (0.116 seconds)
20.08/20.16	['concat', 'concat', 'concat', 'length']: UNSAT (0.097 seconds)
20.18/20.26	['concat', 'concat', 'concat', 'substr']: UNKNOWN (474.707 seconds)
494.88/494.96	Reason: smt tactic failed to show goal to be sat/unsat max-conflicts-reached
494.88/494.96	Reason: smt tactic failed to show goal to be sat/unsat max-conflicts-reached
494.88/494.96	['concat', 'concat', 'concat', 'add']: UNSAT (0.099 seconds)
494.97/495.06	['concat', 'concat', 'concat', 'sub']: UNSAT (0.106 seconds)
495.07/495.17	['concat', 'concat', 'index', 'index']: UNSAT (0.147 seconds)
495.28/495.32	['concat', 'concat', 'index', 'length']: UNSAT (0.101 seconds)
495.28/495.42	['concat', 'concat', 'index', 'substr']: UNSAT (51.113 seconds)
546.51/546.54	['concat', 'concat', 'index', 'add']: UNSAT (0.108 seconds)
546.57/546.65	['concat', 'concat', 'index', 'sub']: UNSAT (0.110 seconds)
546.67/546.76	['concat', 'concat', 'length', 'length']: UNSAT (0.082 seconds)
546.77/546.84	['concat', 'concat', 'length', 'substr']: UNSAT (34.846 seconds)
581.58/581.69	['concat', 'concat', 'length', 'add']: UNSAT (0.085 seconds)
581.68/581.77	['concat', 'concat', 'length', 'sub']: UNSAT (0.085 seconds)
581.78/581.86	['concat', 'concat', 'substr', 'substr']: 