0.11/0.20	=== Examples (../../dataset/examples/examples-45.json)
0.11/0.20	IO(inputs=('Make it two weeks',), output='make it two wks')
0.11/0.20	IO(inputs=('Weeks 2 and 3',), output='wks 2 and 3')
0.11/0.20	IO(inputs=('get back to me in 4 weeks',), output='get back to me in 4 wks')
0.11/0.20	=== Library
0.11/0.20	concat
0.11/0.20	index
0.11/0.20	length
0.11/0.20	substr
0.11/0.20	add
0.11/0.20	sub
0.11/0.20	=== Synthesis
0.11/0.20	['concat']: UNSAT (0.034 seconds)
0.11/0.23	['index']: UNSAT (0.048 seconds)
0.25/0.28	['length']: UNSAT (0.029 seconds)
0.25/0.31	['substr']: UNSAT (0.049 seconds)
0.25/0.36	['add']: UNSAT (0.029 seconds)
0.35/0.39	['sub']: UNSAT (0.028 seconds)
0.35/0.42	['concat', 'concat']: UNSAT (0.062 seconds)
0.45/0.48	['concat', 'index']: UNSAT (0.060 seconds)
0.45/0.54	['concat', 'length']: UNSAT (0.043 seconds)
0.55/0.59	['concat', 'substr']: UNSAT (0.396 seconds)
0.89/0.98	['concat', 'add']: UNSAT (0.041 seconds)
0.89/1.03	['concat', 'sub']: UNSAT (0.038 seconds)
1.01/1.06	['index', 'index']: UNSAT (0.050 seconds)
1.01/1.12	['index', 'length']: UNSAT (0.036 seconds)
1.13/1.15	['index', 'substr']: UNSAT (0.306 seconds)
1.39/1.46	['index', 'add']: UNSAT (0.041 seconds)
1.49/1.50	['index', 'sub']: UNSAT (0.041 seconds)
1.49/1.54	['length', 'length']: UNSAT (0.023 seconds)
1.49/1.57	['length', 'substr']: UNSAT (0.048 seconds)
1.59/1.61	['length', 'add']: UNSAT (0.028 seconds)
1.59/1.64	['length', 'sub']: UNSAT (0.028 seconds)
1.59/1.67	['substr', 'substr']: UNSAT (0.100 seconds)
1.69/1.77	['substr', 'add']: UNSAT (0.054 seconds)
1.79/1.83	['substr', 'sub']: UNSAT (0.051 seconds)
1.79/1.88	['add', 'add']: UNSAT (0.037 seconds)
1.89/1.92	['add', 'sub']: UNSAT (0.038 seconds)
1.89/1.96	['sub', 'sub']: UNSAT (0.051 seconds)
1.89/2.01	['concat', 'concat', 'concat']: UNSAT (0.157 seconds)
2.13/2.17	['concat', 'concat', 'index']: UNSAT (0.078 seconds)
2.19/2.25	['concat', 'concat', 'length']: UNSAT (0.059 seconds)
2.29/2.31	['concat', 'concat', 'substr']: UNSAT (7.042 seconds)
9.29/9.35	['concat', 'concat', 'add']: UNSAT (0.055 seconds)
9.39/9.40	['concat', 'concat', 'sub']: UNSAT (0.054 seconds)
9.39/9.46	['concat', 'index', 'index']: UNSAT (0.074 seconds)
9.49/9.53	['concat', 'index', 'length']: UNSAT (0.058 seconds)
9.49/9.59	['concat', 'index', 'substr']: UNSAT (2.719 seconds)
12.29/12.31	['concat', 'index', 'add']: UNSAT (0.066 seconds)
12.29/12.38	['concat', 'index', 'sub']: UNSAT (0.063 seconds)
12.38/12.44	['concat', 'length', 'length']: UNSAT (0.042 seconds)
12.38/12.49	['concat', 'length', 'substr']: UNSAT (0.735 seconds)
13.18/13.22	['concat', 'length', 'add']: UNSAT (0.047 seconds)
13.18/13.27	['concat', 'length', 'sub']: UNSAT (0.045 seconds)
13.28/13.32	['concat', 'substr', 'substr']: UNSAT (2.699 seconds)
15.88/16.02	['concat', 'substr', 'add']: UNSAT (0.430 seconds)
16.38/16.45	['concat', 'substr', 'sub']: UNSAT (0.456 seconds)
16.88/16.90	['concat', 'add', 'add']: UNSAT (0.056 seconds)
16.88/16.96	['concat', 'add', 'sub']: UNSAT (0.055 seconds)
16.88/17.01	['concat', 'sub', 'sub']: UNSAT (0.054 seconds)
17.00/17.07	['index', 'index', 'index']: UNSAT (0.079 seconds)
17.12/17.15	['index', 'index', 'length']: UNSAT (0.062 seconds)
17.18/17.21	['index', 'index', 'substr']: UNSAT (0.267 seconds)
17.38/17.48	['index', 'index', 'add']: UNSAT (0.070 seconds)
17.48/17.55	['index', 'index', 'sub']: UNSAT (0.069 seconds)
17.58/17.62	['index', 'length', 'length']: UNSAT (0.047 seconds)
17.58/17.67	['index', 'length', 'substr']: UNSAT (0.182 seconds)
17.78/17.85	['index', 'length', 'add']: UNSAT (0.056 seconds)
17.88/17.91	['index', 'length', 'sub']: UNSAT (0.054 seconds)
17.88/17.96	['index', 'substr', 'substr']: UNSAT (1.139 seconds)
19.01/19.10	['index', 'substr', 'add']: UNSAT (0.352 seconds)
19.39/19.45	['index', 'substr', 'sub']: UNSAT (0.193 seconds)
19.59/19.65	['index', 'add', 'add']: UNSAT (0.064 seconds)
19.69/19.71	['index', 'add', 'sub']: UNSAT (0.067 seconds)
19.69/19.78	['index', 'sub', 'sub']: UNSAT (0.066 seconds)
19.79/19.85	['length', 'length', 'length']: UNSAT (0.033 seconds)
19.79/19.88	['length', 'length', 'substr']: UNSAT (0.063 seconds)
19.89/19.94	['length', 'length', 'add']: UNSAT (0.041 seconds)
19.89/19.99	['length', 'length', 'sub']: UNSAT (0.042 seconds)
19.89/20.03	['length', 'substr', 'substr']: UNSAT (0.352 seconds)
20.29/20.38	['length', 'substr', 'add']: UNSAT (0.098 seconds)
20.39/20.48	['length', 'substr', 'sub']: UNSAT (0.107 seconds)
20.49/20.59	['length', 'add', 'add']: UNSAT (0.049 seconds)
20.59/20.64	['length', 'add', 'sub']: UNSAT (0.049 seconds)
20.59/20.69	['length', 'sub', 'sub']: UNSAT (0.052 seconds)
20.69/20.74	['substr', 'substr', 'substr']: UNSAT (0.267 seconds)
20.89/21.01	['substr', 'substr', 'add']: UNSAT (0.248 seconds)
21.19/21.26	['substr', 'substr', 'sub']: UNSAT (0.289 seconds)
21.49/21.55	['substr', 'add', 'add']: UNSAT (0.111 seconds)
21.59/21.66	['substr', 'add', 'sub']: UNSAT (0.107 seconds)
21.69/21.77	['substr', 'sub', 'sub']: UNSAT (0.117 seconds)
21.79/21.88	['add', 'add', 'add']: UNSAT (0.065 seconds)
21.89/21.95	['add', 'add', 'sub']: UNSAT (0.075 seconds)
21.89/22.02	['add', 'sub', 'sub']: UNSAT (0.064 seconds)
22.01/22.09	['sub', 'sub', 'sub']: UNSAT (0.062 seconds)
22.13/22.15	['concat', 'concat', 'concat', 'concat']: UNSAT (0.325 seconds)
22.39/22.48	['concat', 'concat', 'concat', 'index']: UNSAT (0.101 seconds)
22.49/22.58	['concat', 'concat', 'concat', 'length']: UNSAT (0.082 seconds)
22.59/22.66	['concat', 'concat', 'concat', 'substr']: UNKNOWN (375.026 seconds)
397.57/397.69	Reason: smt tactic failed to show goal to be sat/unsat max-conflicts-reached
397.57/397.69	Reason: smt tactic failed to show goal to be sat/unsat max-conflicts-reached
397.57/397.69	['concat', 'concat', 'concat', 'add']: UNSAT (0.089 seconds)
397.68/397.78	['concat', 'concat', 'concat', 'sub']: UNSAT (0.083 seconds)
397.77/397.86	['concat', 'concat', 'index', 'index']: UNSAT (0.130 seconds)
397.87/397.99	['concat', 'concat', 'index', 'length']: UNSAT (0.087 seconds)
398.00/398.08	['concat', 'concat', 'index', 'substr']: UNSAT (52.946 seconds)
450.87/451.03	['concat', 'concat', 'index', 'add']: UNSAT (0.091 seconds)
451.00/451.12	['concat', 'concat', 'index', 'sub']: UNSAT (0.090 seconds)
451.17/451.21	['concat', 'concat', 'length', 'length']: UNSAT (0.068 seconds)
451.17/451.28	['concat', 'concat', 'length', 'substr']: UNSAT (17.241 seconds)
468.47/468.52	['concat', 'concat', 'length', 'add']: UNSAT (0.072 seconds)
468.47/468.60	['concat', 'concat', 'length', 'sub']: UNSAT (0.076 seconds)
468.57/468.67	['concat', 'concat', 'substr', 'substr']: UNKNOWN (104.298 seconds)
572.87/572.97	Reason: smt tactic failed to show goal to be sat/unsat max-conflicts-reached
572.87/572.97	Reason: smt tactic failed to show goal to be sat/unsat max-conflicts-reached
572.87/572.97	['concat', 'concat', 'substr', 'add']: UNSAT (8.735 seconds)
581.68/581.71	['concat', 'concat', 'substr', 'sub']: UNSAT (9.297 seconds)
590.88/591.01	['concat', 'concat', 'add', 'add']: UNSAT (0.079 seconds)
591.00/591.09	['concat', 'concat', 'add', 'sub']: UNSAT (0.093 seconds)
591.11/591.18	['concat', 'concat', 'sub', 'sub']: UNSAT (0.080 seconds)
591.18/591.26	['concat', 'index', 'index', 'index']: UNSAT (0.116 seconds)
591.28/591.38	['concat', 'index', 'index', 'length']: UNSAT (0.091 seconds)
591.38/591.47	['concat', 'index', 'index', 'substr']: 