0.13/0.20	=== Examples (../../dataset/examples/examples-92.json)
0.13/0.20	IO(inputs=('GEORGE',), output='George')
0.13/0.20	IO(inputs=('MAEBE',), output='Maebe')
0.13/0.20	IO(inputs=('MICHAEL',), output='Michael')
0.13/0.20	=== Library
0.13/0.20	concat
0.13/0.20	index
0.13/0.20	length
0.13/0.20	substr
0.13/0.20	add
0.13/0.20	sub
0.13/0.20	=== Synthesis
0.13/0.20	['concat']: UNSAT (0.034 seconds)
0.13/0.23	['index']: UNSAT (0.036 seconds)
0.13/0.27	['length']: UNSAT (0.024 seconds)
0.13/0.29	['substr']: UNSAT (0.039 seconds)
0.28/0.33	['add']: UNSAT (0.030 seconds)
0.28/0.36	['sub']: UNSAT (0.030 seconds)
0.36/0.40	['concat', 'concat']: UNSAT (0.061 seconds)
0.36/0.46	['concat', 'index']: UNSAT (0.064 seconds)
0.46/0.52	['concat', 'length']: UNSAT (0.044 seconds)
0.46/0.57	['concat', 'substr']: UNSAT (0.197 seconds)
0.69/0.77	['concat', 'add']: UNSAT (0.041 seconds)
0.79/0.81	['concat', 'sub']: UNSAT (0.042 seconds)
0.79/0.85	['index', 'index']: UNSAT (0.053 seconds)
0.89/0.91	['index', 'length']: UNSAT (0.039 seconds)
0.89/0.95	['index', 'substr']: UNSAT (0.059 seconds)
0.89/1.01	['index', 'add']: UNSAT (0.045 seconds)
1.02/1.05	['index', 'sub']: UNSAT (0.047 seconds)
1.02/1.10	['length', 'length']: UNSAT (0.028 seconds)
1.02/1.13	['length', 'substr']: UNSAT (0.044 seconds)
1.13/1.17	['length', 'add']: UNSAT (0.031 seconds)
1.19/1.21	['length', 'sub']: UNSAT (0.032 seconds)
1.19/1.24	['substr', 'substr']: UNSAT (0.057 seconds)
1.29/1.30	['substr', 'add']: UNSAT (0.051 seconds)
1.29/1.35	['substr', 'sub']: UNSAT (0.053 seconds)
1.39/1.40	['add', 'add']: UNSAT (0.045 seconds)
1.39/1.45	['add', 'sub']: UNSAT (0.045 seconds)
1.39/1.49	['sub', 'sub']: UNSAT (0.044 seconds)
1.49/1.54	['concat', 'concat', 'concat']: UNSAT (0.134 seconds)
1.59/1.67	['concat', 'concat', 'index']: UNSAT (0.080 seconds)
1.69/1.75	['concat', 'concat', 'length']: UNSAT (0.061 seconds)
1.79/1.82	['concat', 'concat', 'substr']: UNSAT (3.689 seconds)
5.49/5.51	['concat', 'concat', 'add']: UNSAT (0.061 seconds)
5.49/5.57	['concat', 'concat', 'sub']: UNSAT (0.060 seconds)
5.59/5.63	['concat', 'index', 'index']: UNSAT (0.084 seconds)
5.69/5.71	['concat', 'index', 'length']: UNSAT (0.066 seconds)
5.69/5.78	['concat', 'index', 'substr']: UNSAT (2.503 seconds)
8.19/8.29	['concat', 'index', 'add']: UNSAT (0.071 seconds)
8.29/8.36	['concat', 'index', 'sub']: UNSAT (0.074 seconds)
8.39/8.43	['concat', 'length', 'length']: UNSAT (0.049 seconds)
8.39/8.48	['concat', 'length', 'substr']: UNSAT (0.504 seconds)
8.89/8.99	['concat', 'length', 'add']: UNSAT (0.054 seconds)
9.02/9.04	['concat', 'length', 'sub']: UNSAT (0.055 seconds)
9.02/9.10	['concat', 'substr', 'substr']: UNSAT (1.200 seconds)
10.29/10.30	['concat', 'substr', 'add']: UNSAT (0.329 seconds)
10.59/10.63	['concat', 'substr', 'sub']: UNSAT (0.289 seconds)
10.89/10.92	['concat', 'add', 'add']: UNSAT (0.064 seconds)
10.89/10.98	['concat', 'add', 'sub']: UNSAT (0.064 seconds)
11.02/11.05	['concat', 'sub', 'sub']: UNSAT (0.066 seconds)
11.02/11.11	['index', 'index', 'index']: UNSAT (0.091 seconds)
11.19/11.21	['index', 'index', 'length']: UNSAT (0.070 seconds)
11.19/11.28	['index', 'index', 'substr']: UNSAT (0.100 seconds)
11.29/11.38	['index', 'index', 'add']: UNSAT (0.081 seconds)
11.39/11.46	['index', 'index', 'sub']: UNSAT (0.078 seconds)
11.49/11.54	['index', 'length', 'length']: UNSAT (0.057 seconds)
11.59/11.60	['index', 'length', 'substr']: UNSAT (0.082 seconds)
11.59/11.68	['index', 'length', 'add']: UNSAT (0.061 seconds)
11.69/11.74	['index', 'length', 'sub']: UNSAT (0.060 seconds)
11.79/11.80	['index', 'substr', 'substr']: UNSAT (0.132 seconds)
11.89/11.94	['index', 'substr', 'add']: UNSAT (0.096 seconds)
11.89/12.03	['index', 'substr', 'sub']: UNSAT (0.091 seconds)
12.02/12.12	['index', 'add', 'add']: UNSAT (0.074 seconds)
12.19/12.20	['index', 'add', 'sub']: UNSAT (0.071 seconds)
12.19/12.27	['index', 'sub', 'sub']: UNSAT (0.072 seconds)
12.29/12.34	['length', 'length', 'length']: UNSAT (0.039 seconds)
12.29/12.38	['length', 'length', 'substr']: UNSAT (0.060 seconds)
12.39/12.44	['length', 'length', 'add']: UNSAT (0.043 seconds)
12.39/12.49	['length', 'length', 'sub']: UNSAT (0.044 seconds)
12.49/12.53	['length', 'substr', 'substr']: UNSAT (0.086 seconds)
12.59/12.62	['length', 'substr', 'add']: UNSAT (0.069 seconds)
12.59/12.69	['length', 'substr', 'sub']: UNSAT (0.070 seconds)
12.69/12.76	['length', 'add', 'add']: UNSAT (0.054 seconds)
12.79/12.82	['length', 'add', 'sub']: UNSAT (0.057 seconds)
12.79/12.87	['length', 'sub', 'sub']: UNSAT (0.057 seconds)
12.89/12.93	['substr', 'substr', 'substr']: UNSAT (0.105 seconds)
12.89/13.04	['substr', 'substr', 'add']: UNSAT (0.090 seconds)
13.02/13.13	['substr', 'substr', 'sub']: UNSAT (0.088 seconds)
13.19/13.22	['substr', 'add', 'add']: UNSAT (0.080 seconds)
13.29/13.30	['substr', 'add', 'sub']: UNSAT (0.079 seconds)
13.29/13.38	['substr', 'sub', 'sub']: UNSAT (0.081 seconds)
13.39/13.46	['add', 'add', 'add']: UNSAT (0.068 seconds)
13.49/13.53	['add', 'add', 'sub']: UNSAT (0.068 seconds)
13.59/13.60	['add', 'sub', 'sub']: UNSAT (0.070 seconds)
13.59/13.67	['sub', 'sub', 'sub']: UNSAT (0.071 seconds)
13.69/13.74	['concat', 'concat', 'concat', 'concat']: UNSAT (1.414 seconds)
15.13/15.16	['concat', 'concat', 'concat', 'index']: UNSAT (0.117 seconds)
15.19/15.27	['concat', 'concat', 'concat', 'length']: UNSAT (0.095 seconds)
15.29/15.37	['concat', 'concat', 'concat', 'substr']: UNKNOWN (283.049 seconds)
298.38/298.42	Reason: smt tactic failed to show goal to be sat/unsat max-conflicts-reached
298.38/298.42	Reason: smt tactic failed to show goal to be sat/unsat max-conflicts-reached
298.38/298.42	['concat', 'concat', 'concat', 'add']: UNSAT (0.089 seconds)
298.48/298.51	['concat', 'concat', 'concat', 'sub']: UNSAT (0.090 seconds)
298.58/298.60	['concat', 'concat', 'index', 'index']: UNSAT (0.127 seconds)
298.68/298.73	['concat', 'concat', 'index', 'length']: UNSAT (0.088 seconds)
298.78/298.82	['concat', 'concat', 'index', 'substr']: UNSAT (63.976 seconds)
362.77/362.80	['concat', 'concat', 'index', 'add']: UNSAT (0.091 seconds)
362.77/362.89	['concat', 'concat', 'index', 'sub']: UNSAT (0.094 seconds)
362.87/362.98	['concat', 'concat', 'length', 'length']: UNSAT (0.073 seconds)
363.01/363.06	['concat', 'concat', 'length', 'substr']: UNSAT (40.348 seconds)
403.37/403.41	['concat', 'concat', 'length', 'add']: UNSAT (0.074 seconds)
403.37/403.48	['concat', 'concat', 'length', 'sub']: UNSAT (0.074 seconds)
403.47/403.56	['concat', 'concat', 'substr', 'substr']: UNKNOWN (93.253 seconds)
496.77/496.81	Reason: smt tactic failed to show goal to be sat/unsat max-conflicts-reached
496.77/496.81	Reason: smt tactic failed to show goal to be sat/unsat max-conflicts-reached
496.77/496.81	['concat', 'concat', 'substr', 'add']: UNSAT (4.732 seconds)
501.47/501.54	['concat', 'concat', 'substr', 'sub']: UNSAT (4.416 seconds)
505.88/505.96	['concat', 'concat', 'add', 'add']: UNSAT (0.084 seconds)
506.00/506.05	['concat', 'concat', 'add', 'sub']: UNSAT (0.084 seconds)
506.11/506.13	['concat', 'concat', 'sub', 'sub']: UNSAT (0.082 seconds)
506.19/506.21	['concat', 'index', 'index', 'index']: UNSAT (0.115 seconds)
506.28/506.33	['concat', 'index', 'index', 'length']: UNSAT (0.095 seconds)
506.38/506.43	['concat', 'index', 'index', 'substr']: UNSAT (11.543 seconds)
517.88/517.97	['concat', 'index', 'index', 'add']: UNSAT (0.101 seconds)
518.01/518.07	['concat', 'index', 'index', 'sub']: UNSAT (0.098 seconds)
518.11/518.17	['concat', 'index', 'length', 'length']: UNSAT (0.078 seconds)
518.19/518.25	['concat', 'index', 'length', 'substr']: UNSAT (2.075 seconds)
520.28/520.33	['concat', 'index', 'length', 'add']: UNSAT (0.086 seconds)
520.38/520.41	['concat', 'index', 'length', 'sub']: UNSAT (0.083 seconds)
520.48/520.50	['concat', 'index', 'substr', 'substr']: UNSAT (29.263 seconds)
549.68/549.76	['concat', 'index', 'substr', 'add']: UNSAT (3.211 seconds)
552.88/552.97	['concat', 'index', 'substr', 'sub']: UNSAT (2.276 seconds)
555.19/555.25	['concat', 'index', 'add', 'add']: UNSAT (0.088 seconds)
555.28/555.34	['concat', 'index', 'add', 'sub']: UNSAT (0.088 seconds)
555.38/555.43	['concat', 'index', 'sub', 'sub']: UNSAT (0.088 seconds)
555.48/555.52	['concat', 'length', 'length', 'length']: UNSAT (0.056 seconds)
555.48/555.57	['concat', 'length', 'length', 'substr']: UNSAT (0.681 seconds)
556.19/556.25	['concat', 'length', 'length', 'add']: UNSAT (0.060 seconds)
556.28/556.32	['concat', 'length', 'length', 'sub']: UNSAT (0.059 seconds)
556.28/556.38	['concat', 'length', 'substr', 'substr']: UNSAT (12.330 seconds)
568.68/568.71	['concat', 'length', 'substr', 'add']: UNSAT (0.892 seconds)
569.58/569.60	['concat', 'length', 'substr', 'sub']: UNSAT (0.781 seconds)
570.28/570.38	['concat', 'length', 'add', 'add']: UNSAT (0.073 seconds)
570.38/570.45	['concat', 'length', 'add', 'sub']: UNSAT (0.069 seconds)
570.48/570.53	['concat', 'length', 'sub', 'sub']: UNSAT (0.076 seconds)
570.58/570.60	['concat', 'substr', 'substr', 'substr']: UNSAT (13.661 seconds)
584.19/584.26	['concat', 'substr', 'substr', 'add']: UNSAT (3.935 seconds)
588.12/588.20	['concat', 'substr', 'substr', 'sub']: UNSAT (2.943 seconds)
591.12/591.14	['concat', 'substr', 'add', 'add']: UNSAT (0.576 seconds)
591.68/591.72	['concat', 'substr', 'add', 'sub']: UNSAT (0.722 seconds)
592.38/592.44	['concat', 'substr', 'sub', 'sub']: UNSAT (0.447 seconds)
592.78/592.89	['concat', 'add', 'add', 'add']: UNSAT (0.082 seconds)
592.88/592.97	['concat', 'add', 'add', 'sub']: UNSAT (0.085 seconds)
593.01/593.06	['concat', 'add', 'sub', 'sub']: UNSAT (0.083 seconds)
593.12/593.14	['concat', 'sub', 'sub', 'sub']: UNSAT (0.085 seconds)
593.19/593.23	['index', 'index', 'index', 'index']: UNSAT (0.120 seconds)
593.28/593.35	['index', 'index', 'index', 'length']: UNSAT (0.099 seconds)
593.38/593.45	['index', 'index', 'index', 'substr']: UNSAT (0.165 seconds)
593.57/593.62	['index', 'index', 'index', 'add']: UNSAT (0.109 seconds)
593.67/593.73	['index', 'index', 'index', 'sub']: UNSAT (0.110 seconds)
593.77/593.84	['index', 'index', 'length', 'length']: UNSAT (0.079 seconds)
593.87/593.92	['index', 'index', 'length', 'substr']: UNSAT (0.124 seconds)
594.01/594.04	['index', 'index', 'length', 'add']: UNSAT (0.087 seconds)
594.01/594.13	['index', 'index', 'length', 'sub']: UNSAT (0.089 seconds)
594.18/594.22	['index', 'index', 'substr', 'substr']: UNSAT (0.289 seconds)
594.47/594.51	['index', 'index', 'substr', 'add']: UNSAT (0.121 seconds)
594.57/594.63	['index', 'index', 'substr', 'sub']: UNSAT (0.130 seconds)
594.67/594.76	['index', 'index', 'add', 'add']: UNSAT (0.105 seconds)
594.77/594.87	['index', 'index', 'add', 'sub']: UNSAT (0.107 seconds)
594.87/594.98	['index', 'index', 'sub', 'sub']: UNSAT (0.111 seconds)
595.01/595.09	['index', 'length', 'length', 'length']: UNSAT (0.064 seconds)
595.11/595.15	['index', 'length', 'length', 'substr']: UNSAT (0.092 seconds)
595.18/595.25	['index', 'length', 'length', 'add']: UNSAT (0.069 seconds)
595.27/595.32	['index', 'length', 'length', 'sub']: UNSAT (0.068 seconds)
595.27/595.39	['index', 'length', 'substr', 'substr']: UNSAT (0.144 seconds)
595.47/595.53	['index', 'length', 'substr', 'add']: UNSAT (0.105 seconds)
595.57/595.64	['index', 'length', 'substr', 'sub']: UNSAT (0.109 seconds)
595.67/595.75	['index', 'length', 'add', 'add']: UNSAT (0.088 seconds)
595.77/595.84	['index', 'length', 'add', 'sub']: UNSAT (0.113 seconds)
595.87/595.95	['index', 'length', 'sub', 'sub']: UNSAT (0.126 seconds)
596.01/596.08	['index', 'substr', 'substr', 'substr']: UNSAT (0.385 seconds)
596.37/596.46	['index', 'substr', 'substr', 'add']: UNSAT (0.208 seconds)
596.57/596.67	['index', 'substr', 'substr', 'sub']: UNSAT (0.162 seconds)
596.77/596.84	['index', 'substr', 'add', 'add']: UNSAT (0.130 seconds)
596.87/596.97	['index', 'substr', 'add', 'sub']: UNSAT (0.134 seconds)
597.01/597.10	['index', 'substr', 'sub', 'sub']: UNSAT (0.134 seconds)
597.18/597.24	['index', 'add', 'add', 'add']: UNSAT (0.103 seconds)
597.27/597.34	['index', 'add', 'add', 'sub']: UNSAT (0.101 seconds)
597.37/597.44	['index', 'add', 'sub', 'sub']: UNSAT (0.104 seconds)
597.47/597.55	['index', 'sub', 'sub', 'sub']: UNSAT (0.105 seconds)
597.57/597.65	['length', 'length', 'length', 'length']: UNSAT (0.049 seconds)
597.67/597.70	['length', 'length', 'length', 'substr']: UNSAT (0.062 seconds)
597.67/597.76	['length', 'length', 'length', 'add']: UNSAT (0.051 seconds)
597.78/597.82	['length', 'length', 'length', 'sub']: UNSAT (0.051 seconds)
597.78/597.87	['length', 'length', 'substr', 'substr']: UNSAT (0.109 seconds)
597.88/597.98	['length', 'length', 'substr', 'add']: UNSAT (0.081 seconds)
598.01/598.06	['length', 'length', 'substr', 'sub']: UNSAT (0.082 seconds)
598.12/598.14	['length', 'length', 'add', 'add']: UNSAT (0.063 seconds)
598.19/598.21	['length', 'length', 'add', 'sub']: UNSAT (0.064 seconds)
598.19/598.27	['length', 'length', 'sub', 'sub']: UNSAT (0.063 seconds)
598.28/598.33	['length', 'substr', 'substr', 'substr']: UNSAT (0.181 seconds)
598.48/598.52	['length', 'substr', 'substr', 'add']: UNSAT (0.131 seconds)
598.58/598.65	['length', 'substr', 'substr', 'sub']: UNSAT (0.128 seconds)
598.68/598.78	['length', 'substr', 'add', 'add']: UNSAT (0.092 seconds)
598.78/598.87	['length', 'substr', 'add', 'sub']: UNSAT (0.095 seconds)
598.88/598.97	['length', 'substr', 'sub', 'sub']: UNSAT (0.109 seconds)
599.01/599.08	['length', 'add', 'add', 'add']: UNSAT (0.079 seconds)
599.12/599.16	['length', 'add', 'add', 'sub']: UNSAT (0.084 seconds)
599.19/599.24	['length', 'add', 'sub', 'sub']: UNSAT (0.082 seconds)
599.28/599.32	['length', 'sub', 'sub', 'sub']: UNSAT (0.082 seconds)
599.38/599.41	['substr', 'substr', 'substr', 'substr']: UNSAT (0.171 seconds)
599.48/599.58	['substr', 'substr', 'substr', 'add']: UNSAT (0.133 seconds)
599.68/599.71	['substr', 'substr', 'substr', 'sub']: UNSAT (0.126 seconds)
599.78/599.84	['substr', 'substr', 'add', 'add']: UNSAT (0.115 seconds)
599.88/599.96	['substr', 'substr', 'add', 'sub']: 