0.13/0.20	=== Examples (../../dataset/examples/examples-69.json)
0.13/0.20	IO(inputs=('break \\',), output='break')
0.13/0.20	IO(inputs=('line break \\',), output='line break')
0.13/0.20	IO(inputs=('another break \\',), output='another break')
0.13/0.20	=== Library
0.13/0.20	concat
0.13/0.20	index
0.13/0.20	length
0.13/0.20	substr
0.13/0.20	add
0.13/0.20	sub
0.13/0.20	=== Synthesis
0.13/0.20	['concat']: UNSAT (0.034 seconds)
0.13/0.24	['index']: UNSAT (0.035 seconds)
0.13/0.28	['length']: UNSAT (0.025 seconds)
0.13/0.30	['substr']: UNSAT (0.046 seconds)
0.29/0.35	['add']: UNSAT (0.030 seconds)
0.29/0.38	['sub']: UNSAT (0.031 seconds)
0.39/0.41	['concat', 'concat']: UNSAT (0.062 seconds)
0.39/0.47	['concat', 'index']: UNSAT (0.062 seconds)
0.46/0.54	['concat', 'length']: UNSAT (0.046 seconds)
0.46/0.58	['concat', 'substr']: UNSAT (0.334 seconds)
0.89/0.92	['concat', 'add']: UNSAT (0.040 seconds)
0.89/0.96	['concat', 'sub']: UNSAT (0.041 seconds)
0.89/1.00	['index', 'index']: UNSAT (0.056 seconds)
1.03/1.06	['index', 'length']: UNSAT (0.038 seconds)
1.03/1.10	['index', 'substr']: SAT (12.677 seconds)
13.69/13.78	substr(arg0, 0, index(arg0, ' \\\\', 0))
