0.12/0.20	=== Examples (../../dataset/examples/examples-78.json)
0.12/0.20	IO(inputs=('smith-doe',), output='doe')
0.12/0.20	IO(inputs=('spelled-out',), output='out')
0.12/0.20	IO(inputs=('32-foot',), output='foot')
0.12/0.20	=== Library
0.12/0.20	concat
0.12/0.20	index
0.12/0.20	length
0.12/0.20	substr
0.12/0.20	add
0.12/0.20	sub
0.12/0.20	=== Synthesis
0.12/0.20	['concat']: UNSAT (0.033 seconds)
0.12/0.23	['index']: UNSAT (0.034 seconds)
0.12/0.27	['length']: UNSAT (0.023 seconds)
0.27/0.29	['substr']: UNSAT (0.040 seconds)
0.27/0.33	['add']: UNSAT (0.029 seconds)
0.27/0.36	['sub']: UNSAT (0.029 seconds)
0.38/0.39	['concat', 'concat']: UNSAT (0.060 seconds)
0.38/0.46	['concat', 'index']: UNSAT (0.061 seconds)
0.48/0.52	['concat', 'length']: UNSAT (0.044 seconds)
0.48/0.56	['concat', 'substr']: UNSAT (0.118 seconds)
0.63/0.68	['concat', 'add']: UNSAT (0.039 seconds)
0.69/0.72	['concat', 'sub']: UNSAT (0.038 seconds)
0.69/0.76	['index', 'index']: UNSAT (0.054 seconds)
0.79/0.82	['index', 'length']: UNSAT (0.038 seconds)
0.79/0.85	['index', 'substr']: UNSAT (13.900 seconds)
14.68/14.76	['index', 'add']: UNSAT (0.045 seconds)
14.78/14.80	['index', 'sub']: UNSAT (0.048 seconds)
14.78/14.85	['length', 'length']: UNSAT (0.026 seconds)
14.78/14.88	['length', 'substr']: UNSAT (0.048 seconds)
14.88/14.93	['length', 'add']: UNSAT (0.031 seconds)
14.88/14.96	['length', 'sub']: UNSAT (0.032 seconds)
14.88/14.99	['substr', 'substr']: UNSAT (0.074 seconds)
15.03/15.07	['substr', 'add']: UNSAT (0.055 seconds)
15.03/15.12	['substr', 'sub']: UNSAT (0.057 seconds)
15.13/15.18	['add', 'add']: UNSAT (0.041 seconds)
15.18/15.22	['add', 'sub']: UNSAT (0.042 seconds)
15.18/15.27	['sub', 'sub']: UNSAT (0.043 seconds)
15.28/15.31	['concat', 'concat', 'concat']: UNSAT (0.132 seconds)
15.38/15.44	['concat', 'concat', 'index']: UNSAT (0.074 seconds)
15.48/15.52	['concat', 'concat', 'length']: UNSAT (0.059 seconds)
15.48/15.58	['concat', 'concat', 'substr']: UNSAT (0.310 seconds)
15.78/15.89	['concat', 'concat', 'add']: UNSAT (0.059 seconds)
15.88/15.95	['concat', 'concat', 'sub']: UNSAT (0.059 seconds)
15.88/16.01	['concat', 'index', 'index']: UNSAT (0.082 seconds)
16.03/16.09	['concat', 'index', 'length']: UNSAT (0.062 seconds)
16.13/16.15	['concat', 'index', 'substr']: UNKNOWN (177.520 seconds)
193.58/193.68	Reason: smt tactic failed to show goal to be sat/unsat max-conflicts-reached
193.58/193.68	Reason: smt tactic failed to show goal to be sat/unsat max-conflicts-reached
193.58/193.68	['concat', 'index', 'add']: UNSAT (0.082 seconds)
193.68/193.76	['concat', 'index', 'sub']: UNSAT (0.078 seconds)
193.78/193.84	['concat', 'length', 'length']: UNSAT (0.053 seconds)
193.78/193.89	['concat', 'length', 'substr']: UNSAT (0.143 seconds)
194.02/194.04	['concat', 'length', 'add']: UNSAT (0.056 seconds)
194.02/194.09	['concat', 'length', 'sub']: UNSAT (0.057 seconds)
194.12/194.15	['concat', 'substr', 'substr']: UNSAT (0.477 seconds)
194.58/194.63	['concat', 'substr', 'add']: UNSAT (0.146 seconds)
194.68/194.78	['concat', 'substr', 'sub']: UNSAT (0.125 seconds)
194.88/194.90	['concat', 'add', 'add']: UNSAT (0.067 seconds)
194.88/194.97	['concat', 'add', 'sub']: UNSAT (0.065 seconds)
195.02/195.04	['concat', 'sub', 'sub']: UNSAT (0.067 seconds)
195.02/195.10	['index', 'index', 'index']: UNSAT (0.094 seconds)
195.18/195.20	['index', 'index', 'length']: UNSAT (0.078 seconds)
195.18/195.28	['index', 'index', 'substr']: 