0.12/0.22	=== Examples (../../dataset/examples/examples-29.json)
0.12/0.22	IO(inputs=('Sed scelerisque, tortor sit amet.',), output='Sed')
0.12/0.22	IO(inputs=('Vestibulum non commodo ex. Maecenas a est sagittis, dapibus nibh.',), output='Vestibulum')
0.12/0.22	IO(inputs=('Maecenas in.',), output='Maecenas')
0.12/0.22	=== Library
0.12/0.22	concat
0.12/0.22	index
0.12/0.22	length
0.12/0.22	substr
0.12/0.22	add
0.12/0.22	sub
0.12/0.22	=== Synthesis
0.12/0.22	['concat']: UNSAT (0.030 seconds)
0.12/0.25	['index']: UNSAT (0.030 seconds)
0.26/0.28	['length']: UNSAT (0.021 seconds)
0.26/0.31	['substr']: UNSAT (0.038 seconds)
0.26/0.34	['add']: UNSAT (0.029 seconds)
0.26/0.37	['sub']: UNSAT (0.025 seconds)
0.35/0.40	['concat', 'concat']: UNSAT (0.056 seconds)
0.35/0.46	['concat', 'index']: UNSAT (0.056 seconds)
0.46/0.52	['concat', 'length']: UNSAT (0.039 seconds)
0.46/0.55	['concat', 'substr']: UNSAT (0.161 seconds)
0.69/0.72	['concat', 'add']: UNSAT (0.047 seconds)
0.69/0.76	['concat', 'sub']: UNSAT (0.044 seconds)
0.79/0.81	['index', 'index']: UNSAT (0.060 seconds)
0.79/0.87	['index', 'length']: UNSAT (0.042 seconds)
0.88/0.91	['index', 'substr']: UNKNOWN (223.697 seconds)
224.53/224.61	Reason: smt tactic failed to show goal to be sat/unsat max-conflicts-reached
224.53/224.61	Reason: smt tactic failed to show goal to be sat/unsat max-conflicts-reached
224.53/224.61	['index', 'add']: UNSAT (0.049 seconds)
224.64/224.66	['index', 'sub']: UNSAT (0.047 seconds)
224.68/224.71	['length', 'length']: UNSAT (0.028 seconds)
224.68/224.74	['length', 'substr']: UNSAT (0.056 seconds)
224.78/224.80	['length', 'add']: UNSAT (0.033 seconds)
224.78/224.83	['length', 'sub']: UNSAT (0.032 seconds)
224.78/224.86	['substr', 'substr']: UNSAT (0.079 seconds)
224.88/224.94	['substr', 'add']: UNSAT (0.058 seconds)
224.98/225.00	['substr', 'sub']: UNSAT (0.058 seconds)
224.98/225.06	['add', 'add']: UNSAT (0.045 seconds)
225.08/225.11	['add', 'sub']: UNSAT (0.044 seconds)
225.08/225.15	['sub', 'sub']: UNSAT (0.044 seconds)
225.18/225.20	['concat', 'concat', 'concat']: UNSAT (0.235 seconds)
225.38/225.43	['concat', 'concat', 'index']: UNSAT (0.083 seconds)
225.38/225.52	['concat', 'concat', 'length']: UNSAT (0.063 seconds)
225.52/225.58	['concat', 'concat', 'substr']: UNSAT (0.386 seconds)
225.88/225.97	['concat', 'concat', 'add']: UNSAT (0.064 seconds)
225.98/226.04	['concat', 'concat', 'sub']: UNSAT (0.062 seconds)
226.08/226.10	['concat', 'index', 'index']: UNSAT (0.085 seconds)
226.08/226.18	['concat', 'index', 'length']: UNSAT (0.067 seconds)
226.18/226.25	['concat', 'index', 'substr']: SAT (13.808 seconds)
239.98/240.06	substr(concat('', arg0), 0, index(arg0, ' ', 0))
