0.00/0.20	=== Examples (../../dataset/examples/examples-89.json)
0.00/0.20	IO(inputs=('|George|Maebe|Michael|',), output='Enviado para George, Maebe, Michael')
0.00/0.20	IO(inputs=('|John|Jane|Joao|',), output='Enviado para John, Jane, Joao')
0.00/0.20	IO(inputs=('|Abc|Def|Ghi|',), output='Enviado para Abc, Def, Ghi')
0.00/0.20	=== Library
0.00/0.20	concat
0.00/0.20	index
0.00/0.20	length
0.00/0.20	substr
0.00/0.20	add
0.00/0.20	sub
0.00/0.20	=== Synthesis
0.00/0.20	['concat']: UNSAT (0.035 seconds)
0.20/0.23	['index']: UNSAT (0.036 seconds)
0.20/0.27	['length']: UNSAT (0.023 seconds)
0.20/0.29	['substr']: UNSAT (0.039 seconds)
0.20/0.33	['add']: UNSAT (0.031 seconds)
0.20/0.36	['sub']: UNSAT (0.030 seconds)
0.20/0.39	['concat', 'concat']: UNSAT (0.163 seconds)
0.37/0.56	['concat', 'index']: UNSAT (0.062 seconds)
0.59/0.62	['concat', 'length']: UNSAT (0.045 seconds)
0.59/0.67	['concat', 'substr']: UNSAT (0.127 seconds)
0.65/0.80	['concat', 'add']: UNSAT (0.043 seconds)
0.79/0.84	['concat', 'sub']: UNSAT (0.045 seconds)
0.85/0.89	['index', 'index']: UNSAT (0.060 seconds)
0.89/0.95	['index', 'length']: UNSAT (0.041 seconds)
0.89/0.99	['index', 'substr']: UNSAT (0.066 seconds)
0.98/1.06	['index', 'add']: UNSAT (0.052 seconds)
1.08/1.11	['index', 'sub']: UNSAT (0.052 seconds)
1.08/1.16	['length', 'length']: UNSAT (0.029 seconds)
1.08/1.19	['length', 'substr']: UNSAT (0.046 seconds)
1.08/1.24	['length', 'add']: UNSAT (0.034 seconds)
1.08/1.28	['length', 'sub']: UNSAT (0.034 seconds)
1.08/1.31	['substr', 'substr']: UNSAT (0.063 seconds)
1.29/1.37	['substr', 'add']: UNSAT (0.056 seconds)
1.39/1.43	['substr', 'sub']: UNSAT (0.053 seconds)
1.39/1.49	['add', 'add']: UNSAT (0.047 seconds)
1.48/1.53	['add', 'sub']: UNSAT (0.044 seconds)
1.48/1.58	['sub', 'sub']: UNSAT (0.046 seconds)
1.58/1.62	['concat', 'concat', 'concat']: UNSAT (5.825 seconds)
7.36/7.45	['concat', 'concat', 'index']: UNSAT (0.082 seconds)
7.49/7.53	['concat', 'concat', 'length']: UNSAT (0.065 seconds)
7.59/7.60	['concat', 'concat', 'substr']: UNSAT (1.756 seconds)
9.19/9.36	['concat', 'concat', 'add']: UNSAT (0.068 seconds)
9.36/9.43	['concat', 'concat', 'sub']: UNSAT (0.068 seconds)
9.46/9.49	['concat', 'index', 'index']: UNSAT (0.089 seconds)
9.49/9.58	['concat', 'index', 'length']: UNSAT (0.069 seconds)
9.59/9.65	['concat', 'index', 'substr']: UNSAT (0.214 seconds)
9.79/9.87	['concat', 'index', 'add']: UNSAT (0.076 seconds)
9.89/9.95	['concat', 'index', 'sub']: UNSAT (0.074 seconds)
9.99/10.02	['concat', 'length', 'length']: UNSAT (0.052 seconds)
9.99/10.07	['concat', 'length', 'substr']: UNSAT (0.115 seconds)
10.09/10.19	['concat', 'length', 'add']: UNSAT (0.056 seconds)
10.19/10.25	['concat', 'length', 'sub']: UNSAT (0.057 seconds)
10.19/10.31	['concat', 'substr', 'substr']: UNSAT (0.463 seconds)
10.69/10.77	['concat', 'substr', 'add']: UNSAT (0.107 seconds)
10.79/10.88	['concat', 'substr', 'sub']: UNSAT (0.122 seconds)
10.99/11.00	['concat', 'add', 'add']: UNSAT (0.066 seconds)
10.99/11.07	['concat', 'add', 'sub']: UNSAT (0.066 seconds)
11.09/11.13	['concat', 'sub', 'sub']: UNSAT (0.067 seconds)
11.19/11.20	['index', 'index', 'index']: UNSAT (0.094 seconds)
11.19/11.30	['index', 'index', 'length']: UNSAT (0.078 seconds)
11.36/11.38	['index', 'index', 'substr']: UNSAT (0.106 seconds)
11.46/11.48	['index', 'index', 'add']: UNSAT (0.084 seconds)
11.49/11.57	['index', 'index', 'sub']: UNSAT (0.083 seconds)
11.59/11.65	['index', 'length', 'length']: UNSAT (0.057 seconds)
11.69/11.71	['index', 'length', 'substr']: UNSAT (0.084 seconds)
11.69/11.80	['index', 'length', 'add']: UNSAT (0.064 seconds)
11.79/11.86	['index', 'length', 'sub']: UNSAT (0.065 seconds)
11.89/11.93	['index', 'substr', 'substr']: UNSAT (0.168 seconds)
11.99/12.09	['index', 'substr', 'add']: UNSAT (0.097 seconds)
12.09/12.19	['index', 'substr', 'sub']: UNSAT (0.095 seconds)
12.19/12.29	['index', 'add', 'add']: UNSAT (0.079 seconds)
12.35/12.37	['index', 'add', 'sub']: UNSAT (0.081 seconds)
12.35/12.45	['index', 'sub', 'sub']: UNSAT (0.076 seconds)
12.49/12.53	['length', 'length', 'length']: UNSAT (0.042 seconds)
12.49/12.57	['length', 'length', 'substr']: UNSAT (0.063 seconds)
12.59/12.63	['length', 'length', 'add']: UNSAT (0.045 seconds)
12.59/12.68	['length', 'length', 'sub']: UNSAT (0.048 seconds)
12.69/12.73	['length', 'substr', 'substr']: UNSAT (0.094 seconds)
12.79/12.82	['length', 'substr', 'add']: UNSAT (0.072 seconds)
12.89/12.90	['length', 'substr', 'sub']: UNSAT (0.074 seconds)
12.89/12.97	['length', 'add', 'add']: UNSAT (0.061 seconds)
12.99/13.03	['length', 'add', 'sub']: UNSAT (0.061 seconds)
12.99/13.10	['length', 'sub', 'sub']: UNSAT (0.061 seconds)
13.09/13.16	['substr', 'substr', 'substr']: UNSAT (0.114 seconds)
13.19/13.27	['substr', 'substr', 'add']: UNSAT (0.098 seconds)
13.19/13.37	['substr', 'substr', 'sub']: UNSAT (0.095 seconds)
13.36/13.47	['substr', 'add', 'add']: UNSAT (0.082 seconds)
13.49/13.55	['substr', 'add', 'sub']: UNSAT (0.088 seconds)
13.59/13.64	['substr', 'sub', 'sub']: UNSAT (0.083 seconds)
13.69/13.72	['add', 'add', 'add']: UNSAT (0.073 seconds)
13.79/13.80	['add', 'add', 'sub']: UNSAT (0.074 seconds)
13.79/13.87	['add', 'sub', 'sub']: UNSAT (0.075 seconds)
13.89/13.95	['sub', 'sub', 'sub']: UNSAT (0.074 seconds)
13.99/14.02	['concat', 'concat', 'concat', 'concat']: 