0.12/0.19	=== Examples (../../dataset/examples/examples-81.json)
0.12/0.19	IO(inputs=('abc\\xyz',), output='xyz')
0.12/0.19	IO(inputs=('012asdf\\abcd',), output='abcd')
0.12/0.19	IO(inputs=('asdfa\\asdfas',), output='asdfas')
0.12/0.19	=== Library
0.12/0.19	concat
0.12/0.19	index
0.12/0.19	length
0.12/0.19	substr
0.12/0.19	add
0.12/0.19	sub
0.12/0.19	=== Synthesis
0.12/0.19	['concat']: UNSAT (0.028 seconds)
0.12/0.22	['index']: UNSAT (0.029 seconds)
0.12/0.25	['length']: UNSAT (0.021 seconds)
0.12/0.27	['substr']: UNSAT (0.033 seconds)
0.25/0.30	['add']: UNSAT (0.024 seconds)
0.25/0.33	['sub']: UNSAT (0.025 seconds)
0.25/0.35	['concat', 'concat']: UNSAT (0.051 seconds)
0.36/0.41	['concat', 'index']: UNSAT (0.051 seconds)
0.36/0.46	['concat', 'length']: UNSAT (0.038 seconds)
0.46/0.50	['concat', 'substr']: UNSAT (0.099 seconds)
0.55/0.60	['concat', 'add']: UNSAT (0.040 seconds)
0.62/0.64	['concat', 'sub']: UNSAT (0.041 seconds)
0.62/0.68	['index', 'index']: UNSAT (0.058 seconds)
0.70/0.74	['index', 'length']: UNSAT (0.040 seconds)
0.70/0.78	['index', 'substr']: UNSAT (14.133 seconds)
14.89/14.92	['index', 'add']: UNSAT (0.050 seconds)
14.89/14.97	['index', 'sub']: UNSAT (0.052 seconds)
14.89/15.02	['length', 'length']: UNSAT (0.029 seconds)
14.89/15.05	['length', 'substr']: UNSAT (0.052 seconds)
15.04/15.10	['length', 'add']: UNSAT (0.034 seconds)
15.04/15.14	['length', 'sub']: UNSAT (0.034 seconds)
15.15/15.17	['substr', 'substr']: UNSAT (0.085 seconds)
15.19/15.26	['substr', 'add']: UNSAT (0.055 seconds)
15.29/15.31	['substr', 'sub']: UNSAT (0.062 seconds)
15.29/15.38	['add', 'add']: UNSAT (0.045 seconds)
15.39/15.42	['add', 'sub']: UNSAT (0.042 seconds)
15.39/15.47	['sub', 'sub']: UNSAT (0.045 seconds)
15.49/15.51	['concat', 'concat', 'concat']: UNSAT (0.136 seconds)
15.59/15.65	['concat', 'concat', 'index']: UNSAT (0.080 seconds)
15.70/15.73	['concat', 'concat', 'length']: UNSAT (0.064 seconds)
15.70/15.80	['concat', 'concat', 'substr']: UNSAT (0.328 seconds)
16.03/16.12	['concat', 'concat', 'add']: UNSAT (0.062 seconds)
16.18/16.19	['concat', 'concat', 'sub']: UNSAT (0.061 seconds)
16.19/16.25	['concat', 'index', 'index']: UNSAT (0.083 seconds)
16.28/16.33	['concat', 'index', 'length']: UNSAT (0.068 seconds)
16.38/16.40	['concat', 'index', 'substr']: SAT (117.973 seconds)
134.28/134.38	substr(arg0, index(concat('\\\\', arg0), '\\\\', 1), 7)
