0.00/0.19	=== Examples (../../dataset/examples/examples-51.json)
0.00/0.19	IO(inputs=('George ', 'Michael '), output='George  Michael')
0.00/0.19	IO(inputs=('Maebe', 'Bluth   '), output='Maebe Bluth')
0.00/0.19	IO(inputs=('George', 'Sr. '), output='George Sr.')
0.00/0.19	=== Library
0.00/0.19	concat
0.00/0.19	index
0.00/0.19	length
0.00/0.19	substr
0.00/0.19	add
0.00/0.19	sub
0.00/0.19	=== Synthesis
0.00/0.19	['concat']: UNSAT (0.037 seconds)
0.00/0.23	['index']: UNSAT (0.038 seconds)
0.00/0.27	['length']: UNSAT (0.024 seconds)
0.00/0.30	['substr']: UNSAT (0.038 seconds)
0.00/0.33	['add']: UNSAT (0.030 seconds)
0.23/0.37	['sub']: UNSAT (0.031 seconds)
0.23/0.40	['concat', 'concat']: UNSAT (0.069 seconds)
0.23/0.47	['concat', 'index']: UNSAT (0.067 seconds)
0.52/0.54	['concat', 'length']: UNSAT (0.048 seconds)
0.52/0.58	['concat', 'substr']: UNSAT (0.056 seconds)
0.59/0.64	['concat', 'add']: UNSAT (0.042 seconds)
0.66/0.68	['concat', 'sub']: UNSAT (0.043 seconds)
0.66/0.73	['index', 'index']: UNSAT (0.061 seconds)
0.66/0.79	['index', 'length']: UNSAT (0.043 seconds)
0.66/0.83	['index', 'substr']: UNSAT (0.063 seconds)
0.82/0.90	['index', 'add']: UNSAT (0.051 seconds)
0.93/0.95	['index', 'sub']: UNSAT (0.051 seconds)
0.99/1.00	['length', 'length']: UNSAT (0.028 seconds)
0.99/1.03	['length', 'substr']: UNSAT (0.045 seconds)
0.99/1.08	['length', 'add']: UNSAT (0.034 seconds)
1.09/1.11	['length', 'sub']: UNSAT (0.034 seconds)
1.09/1.15	['substr', 'substr']: UNSAT (0.059 seconds)
1.19/1.21	['substr', 'add']: UNSAT (0.049 seconds)
1.19/1.26	['substr', 'sub']: UNSAT (0.051 seconds)
1.19/1.31	['add', 'add']: UNSAT (0.046 seconds)
1.19/1.36	['add', 'sub']: UNSAT (0.045 seconds)
1.35/1.40	['sub', 'sub']: UNSAT (0.044 seconds)
1.35/1.45	['concat', 'concat', 'concat']: UNSAT (0.201 seconds)
1.59/1.65	['concat', 'concat', 'index']: UNSAT (0.082 seconds)
1.69/1.73	['concat', 'concat', 'length']: UNSAT (0.066 seconds)
1.69/1.80	['concat', 'concat', 'substr']: UNSAT (0.628 seconds)
2.35/2.43	['concat', 'concat', 'add']: UNSAT (0.071 seconds)
2.49/2.50	['concat', 'concat', 'sub']: UNSAT (0.069 seconds)
2.49/2.57	['concat', 'index', 'index']: UNSAT (0.094 seconds)
2.59/2.67	['concat', 'index', 'length']: UNSAT (0.072 seconds)
2.69/2.74	['concat', 'index', 'substr']: UNSAT (0.126 seconds)
2.80/2.87	['concat', 'index', 'add']: UNSAT (0.079 seconds)
2.90/2.95	['concat', 'index', 'sub']: UNSAT (0.080 seconds)
2.99/3.03	['concat', 'length', 'length']: UNSAT (0.053 seconds)
2.99/3.08	['concat', 'length', 'substr']: UNSAT (0.109 seconds)
3.09/3.19	['concat', 'length', 'add']: UNSAT (0.061 seconds)
3.19/3.25	['concat', 'length', 'sub']: UNSAT (0.060 seconds)
3.19/3.31	['concat', 'substr', 'substr']: UNSAT (0.207 seconds)
3.49/3.52	['concat', 'substr', 'add']: UNSAT (0.084 seconds)
3.59/3.61	['concat', 'substr', 'sub']: UNSAT (0.085 seconds)
3.59/3.69	['concat', 'add', 'add']: UNSAT (0.068 seconds)
3.69/3.76	['concat', 'add', 'sub']: UNSAT (0.069 seconds)
3.80/3.83	['concat', 'sub', 'sub']: UNSAT (0.069 seconds)
3.80/3.90	['index', 'index', 'index']: UNSAT (0.103 seconds)
3.99/4.01	['index', 'index', 'length']: UNSAT (0.079 seconds)
3.99/4.09	['index', 'index', 'substr']: UNSAT (0.107 seconds)
4.09/4.19	['index', 'index', 'add']: UNSAT (0.089 seconds)
4.19/4.28	['index', 'index', 'sub']: UNSAT (0.090 seconds)
4.34/4.38	['index', 'length', 'length']: UNSAT (0.060 seconds)
4.34/4.44	['index', 'length', 'substr']: UNSAT (0.087 seconds)
4.49/4.52	['index', 'length', 'add']: UNSAT (0.067 seconds)
4.49/4.59	['index', 'length', 'sub']: UNSAT (0.070 seconds)
4.59/4.66	['index', 'substr', 'substr']: UNSAT (0.152 seconds)
4.80/4.82	['index', 'substr', 'add']: UNSAT (0.099 seconds)
4.91/4.92	['index', 'substr', 'sub']: UNSAT (0.101 seconds)
4.99/5.02	['index', 'add', 'add']: UNSAT (0.083 seconds)
5.09/5.10	['index', 'add', 'sub']: UNSAT (0.082 seconds)
5.09/5.19	['index', 'sub', 'sub']: UNSAT (0.081 seconds)
5.19/5.27	['length', 'length', 'length']: UNSAT (0.043 seconds)
5.19/5.31	['length', 'length', 'substr']: UNSAT (0.067 seconds)
5.34/5.38	['length', 'length', 'add']: UNSAT (0.053 seconds)
5.34/5.44	['length', 'length', 'sub']: UNSAT (0.054 seconds)
5.44/5.49	['length', 'substr', 'substr']: UNSAT (0.125 seconds)
5.59/5.62	['length', 'substr', 'add']: UNSAT (0.087 seconds)
5.69/5.70	['length', 'substr', 'sub']: UNSAT (0.085 seconds)
5.69/5.79	['length', 'add', 'add']: UNSAT (0.071 seconds)
5.80/5.86	['length', 'add', 'sub']: UNSAT (0.072 seconds)
5.91/5.94	['length', 'sub', 'sub']: UNSAT (0.072 seconds)
5.99/6.01	['substr', 'substr', 'substr']: UNSAT (0.124 seconds)
6.09/6.13	['substr', 'substr', 'add']: UNSAT (0.111 seconds)
6.19/6.25	['substr', 'substr', 'sub']: UNSAT (0.103 seconds)
6.19/6.35	['substr', 'add', 'add']: UNSAT (0.084 seconds)
6.34/6.43	['substr', 'add', 'sub']: UNSAT (0.081 seconds)
6.49/6.52	['substr', 'sub', 'sub']: UNSAT (0.081 seconds)
6.59/6.60	['add', 'add', 'add']: UNSAT (0.076 seconds)
6.59/6.68	['add', 'add', 'sub']: UNSAT (0.075 seconds)
6.69/6.75	['add', 'sub', 'sub']: UNSAT (0.077 seconds)
6.80/6.83	['sub', 'sub', 'sub']: UNSAT (0.078 seconds)
6.89/6.91	['concat', 'concat', 'concat', 'concat']: UNSAT (1.069 seconds)
7.89/7.98	['concat', 'concat', 'concat', 'index']: UNSAT (0.134 seconds)
8.09/8.11	['concat', 'concat', 'concat', 'length']: UNSAT (0.103 seconds)
8.19/8.22	['concat', 'concat', 'concat', 'substr']: UNSAT (50.920 seconds)
59.09/59.14	['concat', 'concat', 'concat', 'add']: UNSAT (0.110 seconds)
59.19/59.25	['concat', 'concat', 'concat', 'sub']: UNSAT (0.112 seconds)
59.29/59.37	['concat', 'concat', 'index', 'index']: UNSAT (0.141 seconds)
59.49/59.51	['concat', 'concat', 'index', 'length']: UNSAT (0.113 seconds)
59.59/59.62	['concat', 'concat', 'index', 'substr']: SAT (1.620 seconds)
61.19/61.24	concat(concat(arg0, ' '), substr(arg1, 0, index(arg1, ' ', 3)))
