0.13/0.20	=== Examples (../../dataset/examples/examples-21.json)
0.13/0.20	IO(inputs=('10-05-2019',), output='10/05/20')
0.13/0.20	IO(inputs=('31-12-1999',), output='31/12/19')
0.13/0.20	IO(inputs=('01-01-2000',), output='01/01/20')
0.13/0.20	=== Library
0.13/0.20	concat
0.13/0.20	index
0.13/0.20	length
0.13/0.20	substr
0.13/0.20	add
0.13/0.20	sub
0.13/0.20	=== Synthesis
0.13/0.20	['concat']: UNSAT (0.034 seconds)
0.13/0.23	['index']: UNSAT (0.035 seconds)
0.13/0.27	['length']: UNSAT (0.023 seconds)
0.13/0.29	['substr']: UNSAT (0.055 seconds)
0.29/0.35	['add']: UNSAT (0.031 seconds)
0.29/0.38	['sub']: UNSAT (0.029 seconds)
0.37/0.41	['concat', 'concat']: UNSAT (0.060 seconds)
0.37/0.47	['concat', 'index']: UNSAT (0.061 seconds)
0.47/0.53	['concat', 'length']: UNSAT (0.044 seconds)
0.57/0.58	['concat', 'substr']: UNSAT (0.283 seconds)
0.79/0.86	['concat', 'add']: UNSAT (0.040 seconds)
0.89/0.90	['concat', 'sub']: UNSAT (0.041 seconds)
0.89/0.95	['index', 'index']: UNSAT (0.056 seconds)
0.89/1.00	['index', 'length']: UNSAT (0.039 seconds)
1.01/1.04	['index', 'substr']: UNSAT (0.197 seconds)
1.19/1.24	['index', 'add']: UNSAT (0.049 seconds)
1.19/1.29	['index', 'sub']: UNSAT (0.048 seconds)
1.29/1.34	['length', 'length']: UNSAT (0.027 seconds)
1.29/1.37	['length', 'substr']: UNSAT (0.070 seconds)
1.39/1.44	['length', 'add']: UNSAT (0.035 seconds)
1.39/1.48	['length', 'sub']: UNSAT (0.038 seconds)
1.49/1.51	['substr', 'substr']: UNSAT (0.097 seconds)
1.59/1.61	['substr', 'add']: UNSAT (0.075 seconds)
1.59/1.69	['substr', 'sub']: UNSAT (0.083 seconds)
1.69/1.77	['add', 'add']: UNSAT (0.046 seconds)
1.79/1.82	['add', 'sub']: UNSAT (0.045 seconds)
1.79/1.87	['sub', 'sub']: UNSAT (0.046 seconds)
1.89/1.91	['concat', 'concat', 'concat']: UNSAT (0.136 seconds)
2.01/2.05	['concat', 'concat', 'index']: UNSAT (0.082 seconds)
2.12/2.13	['concat', 'concat', 'length']: UNSAT (0.066 seconds)
2.19/2.20	['concat', 'concat', 'substr']: UNSAT (21.712 seconds)
23.89/23.91	['concat', 'concat', 'add']: UNSAT (0.067 seconds)
23.89/23.98	['concat', 'concat', 'sub']: UNSAT (0.063 seconds)
24.01/24.04	['concat', 'index', 'index']: UNSAT (0.090 seconds)
24.12/24.14	['concat', 'index', 'length']: UNSAT (0.068 seconds)
24.19/24.20	['concat', 'index', 'substr']: UNSAT (1.555 seconds)
25.69/25.76	['concat', 'index', 'add']: UNSAT (0.073 seconds)
25.79/25.83	['concat', 'index', 'sub']: UNSAT (0.074 seconds)
25.89/25.91	['concat', 'length', 'length']: UNSAT (0.052 seconds)
25.89/25.96	['concat', 'length', 'substr']: UNSAT (0.688 seconds)
26.59/26.65	['concat', 'length', 'add']: UNSAT (0.054 seconds)
26.69/26.71	['concat', 'length', 'sub']: UNSAT (0.054 seconds)
26.69/26.76	['concat', 'substr', 'substr']: UNSAT (2.980 seconds)
29.69/29.74	['concat', 'substr', 'add']: UNSAT (0.580 seconds)
30.29/30.33	['concat', 'substr', 'sub']: UNSAT (0.528 seconds)
30.79/30.85	['concat', 'add', 'add']: UNSAT (0.065 seconds)
30.89/30.92	['concat', 'add', 'sub']: UNSAT (0.065 seconds)
30.89/30.99	['concat', 'sub', 'sub']: UNSAT (0.065 seconds)
31.01/31.05	['index', 'index', 'index']: UNSAT (0.097 seconds)
31.12/31.15	['index', 'index', 'length']: UNSAT (0.076 seconds)
31.19/31.23	['index', 'index', 'substr']: UNSAT (0.292 seconds)
31.49/31.52	['index', 'index', 'add']: UNSAT (0.088 seconds)
31.59/31.61	['index', 'index', 'sub']: UNSAT (0.085 seconds)
31.59/31.70	['index', 'length', 'length']: UNSAT (0.058 seconds)
31.69/31.75	['index', 'length', 'substr']: UNSAT (0.231 seconds)
31.89/31.99	['index', 'length', 'add']: UNSAT (0.065 seconds)
32.01/32.05	['index', 'length', 'sub']: UNSAT (0.065 seconds)
32.01/32.12	['index', 'substr', 'substr']: UNSAT (0.971 seconds)
33.01/33.09	['index', 'substr', 'add']: UNSAT (0.235 seconds)
33.29/33.33	['index', 'substr', 'sub']: UNSAT (0.206 seconds)
33.49/33.53	['index', 'add', 'add']: UNSAT (0.080 seconds)
33.59/33.62	['index', 'add', 'sub']: UNSAT (0.078 seconds)
33.59/33.69	['index', 'sub', 'sub']: UNSAT (0.077 seconds)
33.69/33.77	['length', 'length', 'length']: UNSAT (0.039 seconds)
33.79/33.81	['length', 'length', 'substr']: UNSAT (0.072 seconds)
33.79/33.89	['length', 'length', 'add']: UNSAT (0.047 seconds)
33.89/33.93	['length', 'length', 'sub']: UNSAT (0.048 seconds)
33.89/33.98	['length', 'substr', 'substr']: UNSAT (0.318 seconds)
34.29/34.30	['length', 'substr', 'add']: UNSAT (0.102 seconds)
34.39/34.40	['length', 'substr', 'sub']: UNSAT (0.119 seconds)
34.49/34.52	['length', 'add', 'add']: UNSAT (0.058 seconds)
34.49/34.58	['length', 'add', 'sub']: UNSAT (0.061 seconds)
34.59/34.64	['length', 'sub', 'sub']: UNSAT (0.062 seconds)
34.69/34.71	['substr', 'substr', 'substr']: UNSAT (0.315 seconds)
34.89/35.02	['substr', 'substr', 'add']: UNSAT (0.266 seconds)
35.19/35.29	['substr', 'substr', 'sub']: UNSAT (0.232 seconds)
35.49/35.52	['substr', 'add', 'add']: UNSAT (0.125 seconds)
35.59/35.65	['substr', 'add', 'sub']: UNSAT (0.136 seconds)
35.69/35.79	['substr', 'sub', 'sub']: UNSAT (0.124 seconds)
35.89/35.91	['add', 'add', 'add']: UNSAT (0.073 seconds)
35.89/35.99	['add', 'add', 'sub']: UNSAT (0.071 seconds)
35.89/36.06	['add', 'sub', 'sub']: UNSAT (0.071 seconds)
36.05/36.13	['sub', 'sub', 'sub']: UNSAT (0.074 seconds)
36.19/36.20	['concat', 'concat', 'concat', 'concat']: UNSAT (0.290 seconds)
36.39/36.50	['concat', 'concat', 'concat', 'index']: UNSAT (0.121 seconds)
36.59/36.62	['concat', 'concat', 'concat', 'length']: UNSAT (0.099 seconds)
36.69/36.72	['concat', 'concat', 'concat', 'substr']: UNKNOWN (185.737 seconds)
222.38/222.46	Reason: smt tactic failed to show goal to be sat/unsat max-conflicts-reached
222.38/222.46	Reason: smt tactic failed to show goal to be sat/unsat max-conflicts-reached
222.38/222.46	['concat', 'concat', 'concat', 'add']: UNSAT (0.093 seconds)
222.49/222.55	['concat', 'concat', 'concat', 'sub']: UNSAT (0.093 seconds)
222.59/222.65	['concat', 'concat', 'index', 'index']: UNSAT (0.138 seconds)
222.68/222.78	['concat', 'concat', 'index', 'length']: UNSAT (0.095 seconds)
222.78/222.88	['concat', 'concat', 'index', 'substr']: UNKNOWN (61.532 seconds)
284.38/284.41	Reason: smt tactic failed to show goal to be sat/unsat max-conflicts-reached
284.38/284.41	Reason: smt tactic failed to show goal to be sat/unsat max-conflicts-reached
284.38/284.41	['concat', 'concat', 'index', 'add']: UNSAT (0.099 seconds)
284.48/284.51	['concat', 'concat', 'index', 'sub']: UNSAT (0.100 seconds)
284.58/284.61	['concat', 'concat', 'length', 'length']: UNSAT (0.081 seconds)
284.68/284.70	['concat', 'concat', 'length', 'substr']: UNSAT (32.125 seconds)
316.78/316.82	['concat', 'concat', 'length', 'add']: UNSAT (0.078 seconds)
316.88/316.90	['concat', 'concat', 'length', 'sub']: UNSAT (0.081 seconds)
316.88/316.98	['concat', 'concat', 'substr', 'substr']: UNKNOWN (88.306 seconds)
405.23/405.29	Reason: smt tactic failed to show goal to be sat/unsat max-conflicts-reached
405.23/405.29	Reason: smt tactic failed to show goal to be sat/unsat max-conflicts-reached
405.23/405.29	['concat', 'concat', 'substr', 'add']: UNSAT (16.533 seconds)
421.78/421.83	['concat', 'concat', 'substr', 'sub']: UNSAT (17.961 seconds)
439.68/439.79	['concat', 'concat', 'add', 'add']: UNSAT (0.085 seconds)
439.78/439.87	['concat', 'concat', 'add', 'sub']: UNSAT (0.086 seconds)
439.88/439.96	['concat', 'concat', 'sub', 'sub']: UNSAT (0.085 seconds)
439.98/440.05	['concat', 'index', 'index', 'index']: UNSAT (0.128 seconds)
440.12/440.18	['concat', 'index', 'index', 'length']: UNSAT (0.105 seconds)
440.24/440.28	['concat', 'index', 'index', 'substr']: UNSAT (12.926 seconds)
453.12/453.21	['concat', 'index', 'index', 'add']: UNSAT (0.109 seconds)
453.28/453.32	['concat', 'index', 'index', 'sub']: UNSAT (0.107 seconds)
453.38/453.43	['concat', 'index', 'length', 'length']: UNSAT (0.081 seconds)
453.48/453.51	['concat', 'index', 'length', 'substr']: UNSAT (3.454 seconds)
456.88/456.96	['concat', 'index', 'length', 'add']: UNSAT (0.088 seconds)
456.98/457.05	['concat', 'index', 'length', 'sub']: UNSAT (0.088 seconds)
456.98/457.14	['concat', 'index', 'substr', 'substr']: UNSAT (40.295 seconds)
497.38/497.44	['concat', 'index', 'substr', 'add']: UNSAT (3.699 seconds)
500.98/501.14	['concat', 'index', 'substr', 'sub']: UNSAT (2.674 seconds)
503.78/503.81	['concat', 'index', 'add', 'add']: UNSAT (0.100 seconds)
503.88/503.92	['concat', 'index', 'add', 'sub']: UNSAT (0.103 seconds)
503.98/504.02	['concat', 'index', 'sub', 'sub']: UNSAT (0.100 seconds)
503.98/504.12	['concat', 'length', 'length', 'length']: UNSAT (0.066 seconds)
504.13/504.19	['concat', 'length', 'length', 'substr']: UNSAT (0.758 seconds)
504.88/504.95	['concat', 'length', 'length', 'add']: UNSAT (0.070 seconds)
504.98/505.02	['concat', 'length', 'length', 'sub']: UNSAT (0.066 seconds)
504.98/505.08	['concat', 'length', 'substr', 'substr']: UNSAT (16.097 seconds)
521.12/521.18	['concat', 'length', 'substr', 'add']: UNSAT (0.876 seconds)
521.97/522.06	['concat', 'length', 'substr', 'sub']: UNSAT (1.247 seconds)
523.27/523.31	['concat', 'length', 'add', 'add']: UNSAT (0.077 seconds)
523.27/523.39	['concat', 'length', 'add', 'sub']: UNSAT (0.080 seconds)
523.37/523.47	['concat', 'length', 'sub', 'sub']: UNSAT (0.080 seconds)
523.47/523.55	['concat', 'substr', 'substr', 'substr']: UNSAT (75.590 seconds)
599.08/599.14	['concat', 'substr', 'substr', 'add']: 