0.13/0.20	=== Examples (../../dataset/examples/examples-23.json)
0.13/0.20	IO(inputs=('Nam quis purus massa metus.',), output='Nam q...')
0.13/0.20	IO(inputs=('Hey.',), output='Hey....')
0.13/0.20	IO(inputs=('Praesent',), output='Praes...')
0.13/0.20	=== Library
0.13/0.20	concat
0.13/0.20	index
0.13/0.20	length
0.13/0.20	substr
0.13/0.20	add
0.13/0.20	sub
0.13/0.20	=== Synthesis
0.13/0.20	['concat']: UNSAT (0.035 seconds)
0.13/0.23	['index']: UNSAT (0.035 seconds)
0.13/0.27	['length']: UNSAT (0.023 seconds)
0.13/0.29	['substr']: UNSAT (0.039 seconds)
0.13/0.33	['add']: UNSAT (0.030 seconds)
0.31/0.36	['sub']: UNSAT (0.029 seconds)
0.31/0.39	['concat', 'concat']: UNSAT (0.061 seconds)
0.41/0.45	['concat', 'index']: UNSAT (0.062 seconds)
0.45/0.52	['concat', 'length']: UNSAT (0.045 seconds)
0.45/0.56	['concat', 'substr']: SAT (0.147 seconds)
0.69/0.71	concat(substr(arg0, 0, 5), '...')
