0.12/0.18	=== Examples (../../dataset/examples/examples-79.json)
0.12/0.18	IO(inputs=('outsystems.com',), output='com')
0.12/0.18	IO(inputs=('cmu.edu',), output='edu')
0.12/0.18	IO(inputs=('tecnico.pt',), output='pt')
0.12/0.18	=== Library
0.12/0.18	concat
0.12/0.18	index
0.12/0.18	length
0.12/0.18	substr
0.12/0.18	add
0.12/0.18	sub
0.12/0.18	=== Synthesis
0.12/0.18	['concat']: UNSAT (0.027 seconds)
0.12/0.21	['index']: UNSAT (0.028 seconds)
0.12/0.24	['length']: UNSAT (0.018 seconds)
0.12/0.26	['substr']: UNSAT (0.033 seconds)
0.25/0.29	['add']: UNSAT (0.025 seconds)
0.25/0.32	['sub']: UNSAT (0.025 seconds)
0.25/0.34	['concat', 'concat']: UNSAT (0.050 seconds)
0.35/0.40	['concat', 'index']: UNSAT (0.053 seconds)
0.35/0.45	['concat', 'length']: UNSAT (0.038 seconds)
0.46/0.49	['concat', 'substr']: UNSAT (0.093 seconds)
0.46/0.58	['concat', 'add']: UNSAT (0.039 seconds)
0.57/0.62	['concat', 'sub']: UNSAT (0.038 seconds)
0.63/0.66	['index', 'index']: UNSAT (0.054 seconds)
0.69/0.71	['index', 'length']: UNSAT (0.040 seconds)
0.69/0.76	['index', 'substr']: UNSAT (6.760 seconds)
7.49/7.52	['index', 'add']: UNSAT (0.048 seconds)
7.49/7.56	['index', 'sub']: UNSAT (0.049 seconds)
7.59/7.61	['length', 'length']: UNSAT (0.029 seconds)
7.59/7.64	['length', 'substr']: UNSAT (0.050 seconds)
7.59/7.70	['length', 'add']: UNSAT (0.033 seconds)
7.69/7.73	['length', 'sub']: UNSAT (0.033 seconds)
7.69/7.76	['substr', 'substr']: UNSAT (0.082 seconds)
7.79/7.85	['substr', 'add']: UNSAT (0.059 seconds)
7.89/7.91	['substr', 'sub']: UNSAT (0.057 seconds)
7.89/7.96	['add', 'add']: UNSAT (0.043 seconds)
7.89/8.01	['add', 'sub']: UNSAT (0.042 seconds)
7.89/8.05	['sub', 'sub']: UNSAT (0.042 seconds)
8.03/8.09	['concat', 'concat', 'concat']: UNSAT (0.150 seconds)
8.19/8.24	['concat', 'concat', 'index']: UNSAT (0.079 seconds)
8.29/8.32	['concat', 'concat', 'length']: UNSAT (0.061 seconds)
8.29/8.39	['concat', 'concat', 'substr']: UNSAT (0.420 seconds)
8.79/8.81	['concat', 'concat', 'add']: UNSAT (0.063 seconds)
8.79/8.87	['concat', 'concat', 'sub']: UNSAT (0.063 seconds)
8.89/8.94	['concat', 'index', 'index']: UNSAT (0.085 seconds)
8.89/9.02	['concat', 'index', 'length']: UNSAT (0.066 seconds)
9.04/9.09	['concat', 'index', 'substr']: SAT (118.752 seconds)
127.79/127.84	substr(arg0, index(concat('.', arg0), '.', 1), index(concat('.', arg0), '.', 1))
