0.12/0.18	=== Examples (../../dataset/examples/examples-83.json)
0.12/0.18	IO(inputs=('george', 'conchichina xy'), output='george At:conchichina')
0.12/0.18	IO(inputs=('maebe', 'terra de sao nunca a tarde ab'), output='maebe At:terra de sao nunca a tarde')
0.12/0.18	IO(inputs=('michael', 'cacar gambozinos 12'), output='michael At:cacar gambozinos')
0.12/0.18	=== Library
0.12/0.18	concat
0.12/0.18	index
0.12/0.18	length
0.12/0.18	substr
0.12/0.18	add
0.12/0.18	sub
0.12/0.18	=== Synthesis
0.12/0.18	['concat']: UNSAT (0.035 seconds)
0.12/0.22	['index']: UNSAT (0.033 seconds)
0.12/0.25	['length']: UNSAT (0.020 seconds)
0.26/0.27	['substr']: UNSAT (0.032 seconds)
0.26/0.30	['add']: UNSAT (0.026 seconds)
0.26/0.33	['sub']: UNSAT (0.026 seconds)
0.26/0.36	['concat', 'concat']: UNSAT (0.062 seconds)
0.35/0.42	['concat', 'index']: UNSAT (0.054 seconds)
0.46/0.48	['concat', 'length']: UNSAT (0.039 seconds)
0.46/0.52	['concat', 'substr']: UNSAT (0.059 seconds)
0.46/0.58	['concat', 'add']: UNSAT (0.049 seconds)
0.60/0.63	['concat', 'sub']: UNSAT (0.045 seconds)
0.60/0.67	['index', 'index']: UNSAT (0.062 seconds)
0.68/0.74	['index', 'length']: UNSAT (0.044 seconds)
0.68/0.78	['index', 'substr']: UNSAT (0.064 seconds)
0.78/0.85	['index', 'add']: UNSAT (0.053 seconds)
0.88/0.90	['index', 'sub']: UNSAT (0.053 seconds)
0.88/0.95	['length', 'length']: UNSAT (0.030 seconds)
0.88/0.99	['length', 'substr']: UNSAT (0.048 seconds)
0.88/1.03	['length', 'add']: UNSAT (0.037 seconds)
1.02/1.07	['length', 'sub']: UNSAT (0.036 seconds)
1.02/1.11	['substr', 'substr']: UNSAT (0.063 seconds)
1.12/1.17	['substr', 'add']: UNSAT (0.050 seconds)
1.19/1.22	['substr', 'sub']: UNSAT (0.052 seconds)
1.19/1.28	['add', 'add']: UNSAT (0.046 seconds)
1.28/1.32	['add', 'sub']: UNSAT (0.046 seconds)
1.28/1.37	['sub', 'sub']: UNSAT (0.047 seconds)
1.38/1.42	['concat', 'concat', 'concat']: UNSAT (1.804 seconds)
3.19/3.23	['concat', 'concat', 'index']: UNSAT (0.087 seconds)
3.29/3.31	['concat', 'concat', 'length']: UNSAT (0.067 seconds)
3.29/3.38	['concat', 'concat', 'substr']: UNSAT (4.825 seconds)
8.20/8.21	['concat', 'concat', 'add']: UNSAT (0.071 seconds)
8.20/8.28	['concat', 'concat', 'sub']: UNSAT (0.072 seconds)
8.29/8.35	['concat', 'index', 'index']: UNSAT (0.092 seconds)
8.39/8.45	['concat', 'index', 'length']: UNSAT (0.076 seconds)
8.49/8.52	['concat', 'index', 'substr']: UNSAT (0.422 seconds)
8.89/8.95	['concat', 'index', 'add']: UNSAT (0.082 seconds)
9.02/9.03	['concat', 'index', 'sub']: UNSAT (0.083 seconds)
9.02/9.11	['concat', 'length', 'length']: UNSAT (0.055 seconds)
9.12/9.17	['concat', 'length', 'substr']: UNSAT (0.108 seconds)
9.20/9.28	['concat', 'length', 'add']: UNSAT (0.057 seconds)
9.29/9.34	['concat', 'length', 'sub']: UNSAT (0.057 seconds)
9.29/9.39	['concat', 'substr', 'substr']: UNSAT (0.121 seconds)
9.49/9.52	['concat', 'substr', 'add']: UNSAT (0.085 seconds)
9.59/9.60	['concat', 'substr', 'sub']: UNSAT (0.087 seconds)
9.59/9.69	['concat', 'add', 'add']: UNSAT (0.069 seconds)
9.69/9.76	['concat', 'add', 'sub']: UNSAT (0.071 seconds)
9.79/9.83	['concat', 'sub', 'sub']: UNSAT (0.071 seconds)
9.89/9.91	['index', 'index', 'index']: UNSAT (0.103 seconds)
9.89/10.01	['index', 'index', 'length']: UNSAT (0.084 seconds)
10.02/10.09	['index', 'index', 'substr']: UNSAT (0.110 seconds)
10.20/10.21	['index', 'index', 'add']: UNSAT (0.093 seconds)
10.29/10.30	['index', 'index', 'sub']: UNSAT (0.089 seconds)
10.29/10.39	['index', 'length', 'length']: UNSAT (0.061 seconds)
10.39/10.45	['index', 'length', 'substr']: UNSAT (0.084 seconds)
10.49/10.54	['index', 'length', 'add']: UNSAT (0.065 seconds)
10.59/10.60	['index', 'length', 'sub']: UNSAT (0.067 seconds)
10.59/10.67	['index', 'substr', 'substr']: UNSAT (0.196 seconds)
10.79/10.87	['index', 'substr', 'add']: UNSAT (0.102 seconds)
10.89/10.97	['index', 'substr', 'sub']: UNSAT (0.101 seconds)
11.02/11.07	['index', 'add', 'add']: UNSAT (0.081 seconds)
11.13/11.16	['index', 'add', 'sub']: UNSAT (0.083 seconds)
11.20/11.24	['index', 'sub', 'sub']: UNSAT (0.079 seconds)
11.29/11.32	['length', 'length', 'length']: UNSAT (0.043 seconds)
11.29/11.36	['length', 'length', 'substr']: UNSAT (0.065 seconds)
11.39/11.43	['length', 'length', 'add']: UNSAT (0.047 seconds)
11.39/11.48	['length', 'length', 'sub']: UNSAT (0.048 seconds)
11.49/11.53	['length', 'substr', 'substr']: UNSAT (0.087 seconds)
11.59/11.61	['length', 'substr', 'add']: UNSAT (0.072 seconds)
11.59/11.69	['length', 'substr', 'sub']: UNSAT (0.072 seconds)
11.69/11.76	['length', 'add', 'add']: UNSAT (0.058 seconds)
11.79/11.82	['length', 'add', 'sub']: UNSAT (0.063 seconds)
11.79/11.88	['length', 'sub', 'sub']: UNSAT (0.063 seconds)
11.89/11.95	['substr', 'substr', 'substr']: UNSAT (0.106 seconds)
12.02/12.06	['substr', 'substr', 'add']: UNSAT (0.093 seconds)
12.13/12.15	['substr', 'substr', 'sub']: UNSAT (0.091 seconds)
12.20/12.24	['substr', 'add', 'add']: UNSAT (0.084 seconds)
12.29/12.33	['substr', 'add', 'sub']: UNSAT (0.082 seconds)
12.39/12.41	['substr', 'sub', 'sub']: UNSAT (0.083 seconds)
12.39/12.49	['add', 'add', 'add']: UNSAT (0.075 seconds)
12.49/12.57	['add', 'add', 'sub']: UNSAT (0.076 seconds)
12.59/12.65	['add', 'sub', 'sub']: UNSAT (0.078 seconds)
12.69/12.73	['sub', 'sub', 'sub']: UNSAT (0.077 seconds)
12.79/12.80	['concat', 'concat', 'concat', 'concat']: UNKNOWN (261.099 seconds)
273.88/273.91	Reason: smt tactic failed to show goal to be sat/unsat max-conflicts-reached
273.88/273.91	Reason: smt tactic failed to show goal to be sat/unsat max-conflicts-reached
273.88/273.91	['concat', 'concat', 'concat', 'index']: UNSAT (0.139 seconds)
274.01/274.05	['concat', 'concat', 'concat', 'length']: UNSAT (0.107 seconds)
274.12/274.15	['concat', 'concat', 'concat', 'substr']: UNKNOWN (177.012 seconds)
451.12/451.17	Reason: smt tactic failed to show goal to be sat/unsat max-conflicts-reached
451.12/451.17	Reason: smt tactic failed to show goal to be sat/unsat max-conflicts-reached
451.12/451.17	['concat', 'concat', 'concat', 'add']: UNSAT (0.106 seconds)
451.17/451.27	['concat', 'concat', 'concat', 'sub']: UNSAT (0.100 seconds)
451.27/451.38	['concat', 'concat', 'index', 'index']: UNSAT (0.134 seconds)
451.47/451.51	['concat', 'concat', 'index', 'length']: UNSAT (0.109 seconds)
451.57/451.62	['concat', 'concat', 'index', 'substr']: 