0.12/0.20	=== Examples (../../dataset/examples/examples-44.json)
0.12/0.20	IO(inputs=('My Bed is not your bed',), output='my is not your bed')
0.12/0.20	IO(inputs=('bed to Bed',), output='to bed')
0.12/0.20	IO(inputs=('something with "Bed "',), output='something with ""')
0.12/0.20	=== Library
0.12/0.20	concat
0.12/0.20	index
0.12/0.20	length
0.12/0.20	substr
0.12/0.20	add
0.12/0.20	sub
0.12/0.20	=== Synthesis
0.12/0.20	['concat']: UNSAT (0.034 seconds)
0.12/0.23	['index']: UNSAT (0.035 seconds)
0.12/0.27	['length']: UNSAT (0.023 seconds)
0.27/0.29	['substr']: UNSAT (0.047 seconds)
0.27/0.34	['add']: UNSAT (0.030 seconds)
0.27/0.37	['sub']: UNSAT (0.030 seconds)
0.38/0.41	['concat', 'concat']: UNSAT (0.062 seconds)
0.38/0.47	['concat', 'index']: UNSAT (0.063 seconds)
0.38/0.53	['concat', 'length']: UNSAT (0.045 seconds)
0.52/0.58	['concat', 'substr']: UNSAT (0.326 seconds)
0.89/0.90	['concat', 'add']: UNSAT (0.038 seconds)
0.89/0.94	['concat', 'sub']: UNSAT (0.038 seconds)
0.89/0.98	['index', 'index']: UNSAT (0.054 seconds)
0.89/1.04	['index', 'length']: UNSAT (0.038 seconds)
1.03/1.08	['index', 'substr']: UNSAT (0.165 seconds)
1.19/1.24	['index', 'add']: UNSAT (0.047 seconds)
1.19/1.29	['index', 'sub']: UNSAT (0.049 seconds)
1.29/1.34	['length', 'length']: UNSAT (0.030 seconds)
1.29/1.37	['length', 'substr']: UNSAT (0.057 seconds)
1.39/1.43	['length', 'add']: UNSAT (0.032 seconds)
1.39/1.46	['length', 'sub']: UNSAT (0.032 seconds)
1.39/1.49	['substr', 'substr']: UNSAT (0.108 seconds)
1.59/1.60	['substr', 'add']: UNSAT (0.062 seconds)
1.59/1.67	['substr', 'sub']: UNSAT (0.061 seconds)
1.69/1.73	['add', 'add']: UNSAT (0.042 seconds)
1.69/1.77	['add', 'sub']: UNSAT (0.044 seconds)
1.79/1.81	['sub', 'sub']: UNSAT (0.044 seconds)
1.79/1.86	['concat', 'concat', 'concat']: UNSAT (0.156 seconds)
1.89/2.02	['concat', 'concat', 'index']: UNSAT (0.078 seconds)
2.03/2.09	['concat', 'concat', 'length']: UNSAT (0.061 seconds)
2.15/2.16	['concat', 'concat', 'substr']: UNSAT (5.868 seconds)
7.88/8.03	['concat', 'concat', 'add']: UNSAT (0.107 seconds)
8.02/8.13	['concat', 'concat', 'sub']: UNSAT (0.081 seconds)
8.18/8.22	['concat', 'index', 'index']: UNSAT (0.105 seconds)
8.29/8.32	['concat', 'index', 'length']: UNSAT (0.083 seconds)
8.39/8.41	['concat', 'index', 'substr']: UNSAT (2.009 seconds)
10.39/10.42	['concat', 'index', 'add']: UNSAT (0.075 seconds)
10.39/10.49	['concat', 'index', 'sub']: UNSAT (0.073 seconds)
10.49/10.57	['concat', 'length', 'length']: UNSAT (0.052 seconds)
10.59/10.62	['concat', 'length', 'substr']: UNSAT (0.518 seconds)
11.13/11.14	['concat', 'length', 'add']: UNSAT (0.055 seconds)
11.19/11.20	['concat', 'length', 'sub']: UNSAT (0.053 seconds)
11.19/11.25	['concat', 'substr', 'substr']: UNSAT (1.873 seconds)
13.03/13.13	['concat', 'substr', 'add']: UNSAT (0.516 seconds)
13.59/13.64	['concat', 'substr', 'sub']: UNSAT (0.386 seconds)
13.89/14.03	['concat', 'add', 'add']: UNSAT (0.060 seconds)
14.03/14.09	['concat', 'add', 'sub']: UNSAT (0.062 seconds)
14.13/14.15	['concat', 'sub', 'sub']: UNSAT (0.064 seconds)
14.19/14.22	['index', 'index', 'index']: UNSAT (0.091 seconds)
14.29/14.31	['index', 'index', 'length']: UNSAT (0.069 seconds)
14.29/14.38	['index', 'index', 'substr']: UNSAT (0.423 seconds)
14.79/14.81	['index', 'index', 'add']: UNSAT (0.077 seconds)
14.79/14.88	['index', 'index', 'sub']: UNSAT (0.076 seconds)
14.88/14.96	['index', 'length', 'length']: UNSAT (0.050 seconds)
14.88/15.01	['index', 'length', 'substr']: UNSAT (0.377 seconds)
15.28/15.39	['index', 'length', 'add']: UNSAT (0.061 seconds)
15.38/15.45	['index', 'length', 'sub']: UNSAT (0.059 seconds)
15.48/15.51	['index', 'substr', 'substr']: UNSAT (0.878 seconds)
16.29/16.39	['index', 'substr', 'add']: UNSAT (0.197 seconds)
16.49/16.59	['index', 'substr', 'sub']: UNSAT (0.276 seconds)
16.79/16.86	['index', 'add', 'add']: UNSAT (0.071 seconds)
16.89/16.94	['index', 'add', 'sub']: UNSAT (0.071 seconds)
16.89/17.01	['index', 'sub', 'sub']: UNSAT (0.070 seconds)
17.03/17.08	['length', 'length', 'length']: UNSAT (0.036 seconds)
17.03/17.12	['length', 'length', 'substr']: UNSAT (0.066 seconds)
17.13/17.18	['length', 'length', 'add']: UNSAT (0.044 seconds)
17.19/17.23	['length', 'length', 'sub']: UNSAT (0.042 seconds)
17.19/17.27	['length', 'substr', 'substr']: UNSAT (0.407 seconds)
17.59/17.68	['length', 'substr', 'add']: UNSAT (0.137 seconds)
17.79/17.82	['length', 'substr', 'sub']: UNSAT (0.117 seconds)
17.89/17.93	['length', 'add', 'add']: UNSAT (0.054 seconds)
17.89/17.99	['length', 'add', 'sub']: UNSAT (0.057 seconds)
18.03/18.05	['length', 'sub', 'sub']: UNSAT (0.055 seconds)
18.03/18.10	['substr', 'substr', 'substr']: UNSAT (0.422 seconds)
18.49/18.53	['substr', 'substr', 'add']: UNSAT (0.281 seconds)
18.79/18.81	['substr', 'substr', 'sub']: UNSAT (0.294 seconds)
19.02/19.10	['substr', 'add', 'add']: UNSAT (0.135 seconds)
19.18/19.24	['substr', 'add', 'sub']: UNSAT (0.120 seconds)
19.28/19.36	['substr', 'sub', 'sub']: UNSAT (0.108 seconds)
19.39/19.47	['add', 'add', 'add']: UNSAT (0.070 seconds)
19.49/19.54	['add', 'add', 'sub']: UNSAT (0.069 seconds)
19.59/19.61	['add', 'sub', 'sub']: UNSAT (0.069 seconds)
19.59/19.68	['sub', 'sub', 'sub']: UNSAT (0.069 seconds)
19.69/19.75	['concat', 'concat', 'concat', 'concat']: UNSAT (0.327 seconds)
20.03/20.08	['concat', 'concat', 'concat', 'index']: UNSAT (0.114 seconds)
20.13/20.19	['concat', 'concat', 'concat', 'length']: UNSAT (0.093 seconds)
20.19/20.29	['concat', 'concat', 'concat', 'substr']: UNKNOWN (372.770 seconds)
393.01/393.06	Reason: smt tactic failed to show goal to be sat/unsat max-conflicts-reached
393.01/393.06	Reason: smt tactic failed to show goal to be sat/unsat max-conflicts-reached
393.01/393.06	['concat', 'concat', 'concat', 'add']: UNSAT (0.088 seconds)
393.12/393.15	['concat', 'concat', 'concat', 'sub']: UNSAT (0.093 seconds)
393.17/393.24	['concat', 'concat', 'index', 'index']: UNSAT (0.127 seconds)
393.27/393.37	['concat', 'concat', 'index', 'length']: UNSAT (0.090 seconds)
393.37/393.46	['concat', 'concat', 'index', 'substr']: UNSAT (58.798 seconds)
452.17/452.26	['concat', 'concat', 'index', 'add']: UNSAT (0.092 seconds)
452.27/452.35	['concat', 'concat', 'index', 'sub']: UNSAT (0.090 seconds)
452.37/452.44	['concat', 'concat', 'length', 'length']: UNSAT (0.069 seconds)
452.47/452.51	['concat', 'concat', 'length', 'substr']: UNSAT (15.316 seconds)
467.77/467.83	['concat', 'concat', 'length', 'add']: UNSAT (0.072 seconds)
467.87/467.90	['concat', 'concat', 'length', 'sub']: UNSAT (0.073 seconds)
467.87/467.98	['concat', 'concat', 'substr', 'substr']: UNKNOWN (86.862 seconds)
554.77/554.84	Reason: smt tactic failed to show goal to be sat/unsat max-conflicts-reached
554.77/554.84	Reason: smt tactic failed to show goal to be sat/unsat max-conflicts-reached
554.77/554.84	['concat', 'concat', 'substr', 'add']: UNSAT (8.470 seconds)
563.27/563.31	['concat', 'concat', 'substr', 'sub']: UNSAT (7.530 seconds)
570.77/570.84	['concat', 'concat', 'add', 'add']: UNSAT (0.082 seconds)
570.87/570.93	['concat', 'concat', 'add', 'sub']: UNSAT (0.084 seconds)
570.87/571.01	['concat', 'concat', 'sub', 'sub']: UNSAT (0.078 seconds)
571.00/571.09	['concat', 'index', 'index', 'index']: UNSAT (0.116 seconds)
571.17/571.21	['concat', 'index', 'index', 'length']: UNSAT (0.094 seconds)
571.27/571.30	['concat', 'index', 'index', 'substr']: UNSAT (10.227 seconds)
581.47/581.53	['concat', 'index', 'index', 'add']: UNSAT (0.101 seconds)
581.57/581.63	['concat', 'index', 'index', 'sub']: UNSAT (0.099 seconds)
581.67/581.73	['concat', 'index', 'length', 'length']: UNSAT (0.073 seconds)
581.77/581.81	['concat', 'index', 'length', 'substr']: UNSAT (2.532 seconds)
584.27/584.34	['concat', 'index', 'length', 'add']: UNSAT (0.082 seconds)
584.37/584.42	['concat', 'index', 'length', 'sub']: UNSAT (0.078 seconds)
584.47/584.50	['concat', 'index', 'substr', 'substr']: 