0.12/0.18	=== Examples (../../dataset/examples/examples-32.json)
0.12/0.18	IO(inputs=('random,csv',), output='random')
0.12/0.18	IO(inputs=('another,one',), output='another')
0.12/0.18	IO(inputs=('a,larger,one,this,time',), output='a')
0.12/0.18	=== Library
0.12/0.18	concat
0.12/0.18	index
0.12/0.18	length
0.12/0.18	substr
0.12/0.18	add
0.12/0.18	sub
0.12/0.18	=== Synthesis
0.12/0.18	['concat']: UNSAT (0.029 seconds)
0.12/0.21	['index']: UNSAT (0.030 seconds)
0.12/0.24	['length']: UNSAT (0.021 seconds)
0.12/0.26	['substr']: UNSAT (0.037 seconds)
0.28/0.30	['add']: UNSAT (0.027 seconds)
0.28/0.32	['sub']: UNSAT (0.026 seconds)
0.28/0.35	['concat', 'concat']: UNSAT (0.053 seconds)
0.37/0.41	['concat', 'index']: UNSAT (0.056 seconds)
0.37/0.46	['concat', 'length']: UNSAT (0.040 seconds)
0.46/0.50	['concat', 'substr']: UNSAT (0.104 seconds)
0.56/0.61	['concat', 'add']: UNSAT (0.044 seconds)
0.63/0.65	['concat', 'sub']: UNSAT (0.042 seconds)
0.63/0.70	['index', 'index']: UNSAT (0.061 seconds)
0.69/0.76	['index', 'length']: UNSAT (0.041 seconds)
0.79/0.80	['index', 'substr']: SAT (4.835 seconds)
5.59/5.64	substr(arg0, 0, index(arg0, ',', 1))
