0.17/0.20	=== Examples (../../dataset/examples/examples-40.json)
0.17/0.20	IO(inputs=('who cares about when',), output='updated on who cares about ')
0.17/0.20	IO(inputs=('maybe someone will care',), output='updated on maybe someone wi')
0.17/0.20	IO(inputs=('but then who else?',), output='updated on but then who els')
0.17/0.20	=== Library
0.17/0.20	concat
0.17/0.20	index
0.17/0.20	length
0.17/0.20	substr
0.17/0.20	add
0.17/0.20	sub
0.17/0.20	=== Synthesis
0.17/0.20	['concat']: UNSAT (0.044 seconds)
0.17/0.25	['index']: UNSAT (0.035 seconds)
0.17/0.28	['length']: UNSAT (0.024 seconds)
0.17/0.31	['substr']: UNSAT (0.038 seconds)
0.17/0.35	['add']: UNSAT (0.030 seconds)
0.32/0.38	['sub']: UNSAT (0.030 seconds)
0.32/0.41	['concat', 'concat']: UNSAT (0.135 seconds)
0.40/0.55	['concat', 'index']: UNSAT (0.062 seconds)
0.40/0.61	['concat', 'length']: UNSAT (0.040 seconds)
0.56/0.65	['concat', 'substr']: UNSAT (0.243 seconds)
0.78/0.90	['concat', 'add']: UNSAT (0.041 seconds)
0.88/0.94	['concat', 'sub']: UNSAT (0.043 seconds)
0.88/0.98	['index', 'index']: UNSAT (0.060 seconds)
0.98/1.04	['index', 'length']: UNSAT (0.042 seconds)
0.98/1.08	['index', 'substr']: UNSAT (0.065 seconds)
0.98/1.15	['index', 'add']: UNSAT (0.052 seconds)
1.14/1.20	['index', 'sub']: UNSAT (0.050 seconds)
1.14/1.25	['length', 'length']: UNSAT (0.028 seconds)
1.27/1.28	['length', 'substr']: UNSAT (0.047 seconds)
1.29/1.33	['length', 'add']: UNSAT (0.036 seconds)
1.29/1.37	['length', 'sub']: UNSAT (0.034 seconds)
1.38/1.40	['substr', 'substr']: UNSAT (0.062 seconds)
1.38/1.47	['substr', 'add']: UNSAT (0.054 seconds)
1.48/1.52	['substr', 'sub']: UNSAT (0.055 seconds)
1.48/1.58	['add', 'add']: UNSAT (0.044 seconds)
1.58/1.62	['add', 'sub']: UNSAT (0.045 seconds)
1.58/1.67	['sub', 'sub']: UNSAT (0.042 seconds)
1.68/1.71	['concat', 'concat', 'concat']: UNSAT (1.266 seconds)
2.89/2.98	['concat', 'concat', 'index']: UNSAT (0.078 seconds)
2.99/3.06	['concat', 'concat', 'length']: UNSAT (0.060 seconds)
2.99/3.12	['concat', 'concat', 'substr']: UNSAT (12.378 seconds)
15.48/15.50	['concat', 'concat', 'add']: UNSAT (0.063 seconds)
15.48/15.56	['concat', 'concat', 'sub']: UNSAT (0.081 seconds)
15.58/15.65	['concat', 'index', 'index']: UNSAT (0.085 seconds)
15.68/15.73	['concat', 'index', 'length']: UNSAT (0.068 seconds)
15.78/15.80	['concat', 'index', 'substr']: UNSAT (0.368 seconds)
16.11/16.17	['concat', 'index', 'add']: UNSAT (0.071 seconds)
16.22/16.24	['concat', 'index', 'sub']: UNSAT (0.068 seconds)
16.29/16.31	['concat', 'length', 'length']: UNSAT (0.048 seconds)
16.29/16.36	['concat', 'length', 'substr']: UNSAT (0.201 seconds)
16.48/16.56	['concat', 'length', 'add']: UNSAT (0.054 seconds)
16.58/16.62	['concat', 'length', 'sub']: UNSAT (0.053 seconds)
16.58/16.67	['concat', 'substr', 'substr']: UNSAT (1.411 seconds)
17.98/18.08	['concat', 'substr', 'add']: UNSAT (0.259 seconds)
18.29/18.34	['concat', 'substr', 'sub']: UNSAT (0.240 seconds)
18.48/18.58	['concat', 'add', 'add']: UNSAT (0.063 seconds)
18.58/18.65	['concat', 'add', 'sub']: UNSAT (0.078 seconds)
18.68/18.73	['concat', 'sub', 'sub']: UNSAT (0.065 seconds)
18.68/18.79	['index', 'index', 'index']: UNSAT (0.089 seconds)
18.78/18.88	['index', 'index', 'length']: UNSAT (0.074 seconds)
18.88/18.96	['index', 'index', 'substr']: UNSAT (0.106 seconds)
18.98/19.06	['index', 'index', 'add']: UNSAT (0.082 seconds)
19.11/19.15	['index', 'index', 'sub']: UNSAT (0.082 seconds)
19.11/19.23	['index', 'length', 'length']: UNSAT (0.052 seconds)
19.22/19.28	['index', 'length', 'substr']: UNSAT (0.079 seconds)
19.29/19.36	['index', 'length', 'add']: UNSAT (0.064 seconds)
19.38/19.43	['index', 'length', 'sub']: UNSAT (0.064 seconds)
19.38/19.49	['index', 'substr', 'substr']: UNSAT (0.143 seconds)
19.58/19.64	['index', 'substr', 'add']: UNSAT (0.094 seconds)
19.68/19.73	['index', 'substr', 'sub']: UNSAT (0.092 seconds)
19.78/19.82	['index', 'add', 'add']: UNSAT (0.075 seconds)
19.88/19.90	['index', 'add', 'sub']: UNSAT (0.078 seconds)
19.88/19.98	['index', 'sub', 'sub']: UNSAT (0.078 seconds)
19.98/20.06	['length', 'length', 'length']: UNSAT (0.037 seconds)
19.98/20.10	['length', 'length', 'substr']: UNSAT (0.059 seconds)
20.11/20.15	['length', 'length', 'add']: UNSAT (0.043 seconds)
20.11/20.20	['length', 'length', 'sub']: UNSAT (0.057 seconds)
20.22/20.26	['length', 'substr', 'substr']: UNSAT (0.103 seconds)
20.29/20.36	['length', 'substr', 'add']: UNSAT (0.072 seconds)
20.38/20.43	['length', 'substr', 'sub']: UNSAT (0.072 seconds)
20.48/20.51	['length', 'add', 'add']: UNSAT (0.054 seconds)
20.48/20.56	['length', 'add', 'sub']: UNSAT (0.055 seconds)
20.59/20.62	['length', 'sub', 'sub']: UNSAT (0.054 seconds)
20.59/20.67	['substr', 'substr', 'substr']: UNSAT (0.114 seconds)
20.69/20.79	['substr', 'substr', 'add']: UNSAT (0.090 seconds)
20.79/20.88	['substr', 'substr', 'sub']: UNSAT (0.092 seconds)
20.89/20.97	['substr', 'add', 'add']: UNSAT (0.085 seconds)
20.99/21.06	['substr', 'add', 'sub']: UNSAT (0.084 seconds)
21.11/21.14	['substr', 'sub', 'sub']: UNSAT (0.081 seconds)
21.11/21.23	['add', 'add', 'add']: UNSAT (0.073 seconds)
21.23/21.30	['add', 'add', 'sub']: UNSAT (0.070 seconds)
21.30/21.37	['add', 'sub', 'sub']: UNSAT (0.072 seconds)
21.39/21.44	['sub', 'sub', 'sub']: UNSAT (0.070 seconds)
21.49/21.51	['concat', 'concat', 'concat', 'concat']: UNSAT (6.574 seconds)
27.98/28.09	['concat', 'concat', 'concat', 'index']: UNSAT (0.119 seconds)
28.11/28.21	['concat', 'concat', 'concat', 'length']: UNSAT (0.100 seconds)
28.30/28.31	['concat', 'concat', 'concat', 'substr']: UNKNOWN (167.279 seconds)
195.48/195.59	Reason: smt tactic failed to show goal to be sat/unsat max-conflicts-reached
195.48/195.59	Reason: smt tactic failed to show goal to be sat/unsat max-conflicts-reached
195.48/195.59	['concat', 'concat', 'concat', 'add']: UNSAT (0.094 seconds)
195.58/195.69	['concat', 'concat', 'concat', 'sub']: UNSAT (0.096 seconds)
195.68/195.78	['concat', 'concat', 'index', 'index']: UNSAT (0.130 seconds)
195.88/195.91	['concat', 'concat', 'index', 'length']: UNSAT (0.100 seconds)
195.98/196.01	['concat', 'concat', 'index', 'substr']: UNSAT (59.567 seconds)
255.48/255.58	['concat', 'concat', 'index', 'add']: UNSAT (0.106 seconds)
255.58/255.69	['concat', 'concat', 'index', 'sub']: UNSAT (0.104 seconds)
255.78/255.80	['concat', 'concat', 'length', 'length']: UNSAT (0.078 seconds)
255.78/255.88	['concat', 'concat', 'length', 'substr']: UNSAT (11.051 seconds)
266.88/266.93	['concat', 'concat', 'length', 'add']: UNSAT (0.079 seconds)
266.98/267.01	['concat', 'concat', 'length', 'sub']: UNSAT (0.083 seconds)
266.98/267.09	['concat', 'concat', 'substr', 'substr']: UNKNOWN (167.785 seconds)
434.78/434.88	Reason: smt tactic failed to show goal to be sat/unsat max-conflicts-reached
434.78/434.88	Reason: smt tactic failed to show goal to be sat/unsat max-conflicts-reached
434.78/434.88	['concat', 'concat', 'substr', 'add']: UNSAT (13.988 seconds)
448.78/448.87	['concat', 'concat', 'substr', 'sub']: UNSAT (15.556 seconds)
464.38/464.43	['concat', 'concat', 'add', 'add']: UNSAT (0.090 seconds)
464.48/464.52	['concat', 'concat', 'add', 'sub']: UNSAT (0.089 seconds)
464.58/464.61	['concat', 'concat', 'sub', 'sub']: UNSAT (0.086 seconds)
464.58/464.69	['concat', 'index', 'index', 'index']: UNSAT (0.125 seconds)
464.78/464.82	['concat', 'index', 'index', 'length']: UNSAT (0.103 seconds)
464.88/464.92	['concat', 'index', 'index', 'substr']: UNSAT (0.647 seconds)
465.48/465.57	['concat', 'index', 'index', 'add']: UNSAT (0.111 seconds)
465.58/465.68	['concat', 'index', 'index', 'sub']: UNSAT (0.114 seconds)
465.78/465.80	['concat', 'index', 'length', 'length']: UNSAT (0.085 seconds)
465.78/465.88	['concat', 'index', 'length', 'substr']: UNSAT (0.579 seconds)
466.38/466.46	['concat', 'index', 'length', 'add']: UNSAT (0.087 seconds)
466.48/466.55	['concat', 'index', 'length', 'sub']: UNSAT (0.087 seconds)
466.58/466.64	['concat', 'index', 'substr', 'substr']: UNSAT (12.315 seconds)
478.88/478.96	['concat', 'index', 'substr', 'add']: UNSAT (0.625 seconds)
479.48/479.58	['concat', 'index', 'substr', 'sub']: UNSAT (0.721 seconds)
480.28/480.30	['concat', 'index', 'add', 'add']: UNSAT (0.101 seconds)
480.38/480.41	['concat', 'index', 'add', 'sub']: UNSAT (0.099 seconds)
480.48/480.51	['concat', 'index', 'sub', 'sub']: UNSAT (0.099 seconds)
480.58/480.61	['concat', 'length', 'length', 'length']: UNSAT (0.065 seconds)
480.58/480.67	['concat', 'length', 'length', 'substr']: UNSAT (0.179 seconds)
480.78/480.85	['concat', 'length', 'length', 'add']: UNSAT (0.067 seconds)
480.88/480.92	['concat', 'length', 'length', 'sub']: UNSAT (0.067 seconds)
480.88/480.99	['concat', 'length', 'substr', 'substr']: UNSAT (5.548 seconds)
486.48/486.54	['concat', 'length', 'substr', 'add']: UNSAT (0.294 seconds)
486.78/486.83	['concat', 'length', 'substr', 'sub']: UNSAT (0.340 seconds)
487.10/487.17	['concat', 'length', 'add', 'add']: UNSAT (0.081 seconds)
487.22/487.26	['concat', 'length', 'add', 'sub']: UNSAT (0.078 seconds)
487.28/487.34	['concat', 'length', 'sub', 'sub']: UNSAT (0.081 seconds)
487.38/487.42	['concat', 'substr', 'substr', 'substr']: UNSAT (8.212 seconds)
495.58/495.63	['concat', 'substr', 'substr', 'add']: UNSAT (4.113 seconds)
499.68/499.75	['concat', 'substr', 'substr', 'sub']: UNSAT (3.783 seconds)
503.48/503.53	['concat', 'substr', 'add', 'add']: UNSAT (0.742 seconds)
504.22/504.27	['concat', 'substr', 'add', 'sub']: UNSAT (0.681 seconds)
504.88/504.95	['concat', 'substr', 'sub', 'sub']: UNSAT (0.557 seconds)
505.48/505.51	['concat', 'add', 'add', 'add']: UNSAT (0.093 seconds)
505.58/505.61	['concat', 'add', 'add', 'sub']: UNSAT (0.091 seconds)
505.68/505.70	['concat', 'add', 'sub', 'sub']: UNSAT (0.092 seconds)
505.68/505.79	['concat', 'sub', 'sub', 'sub']: UNSAT (0.092 seconds)
505.78/505.88	['index', 'index', 'index', 'index']: UNSAT (0.133 seconds)
505.98/506.02	['index', 'index', 'index', 'length']: UNSAT (0.114 seconds)
505.98/506.13	['index', 'index', 'index', 'substr']: UNSAT (0.240 seconds)
506.28/506.38	['index', 'index', 'index', 'add']: UNSAT (0.129 seconds)
506.48/506.51	['index', 'index', 'index', 'sub']: UNSAT (0.123 seconds)
506.58/506.63	['index', 'index', 'length', 'length']: UNSAT (0.088 seconds)
506.68/506.72	['index', 'index', 'length', 'substr']: UNSAT (0.128 seconds)
506.78/506.85	['index', 'index', 'length', 'add']: UNSAT (0.100 seconds)
506.88/506.95	['index', 'index', 'length', 'sub']: UNSAT (0.099 seconds)
506.98/507.05	['index', 'index', 'substr', 'substr']: UNSAT (0.535 seconds)
507.48/507.58	['index', 'index', 'substr', 'add']: UNSAT (0.138 seconds)
507.68/507.72	['index', 'index', 'substr', 'sub']: UNSAT (0.144 seconds)
507.78/507.87	['index', 'index', 'add', 'add']: UNSAT (0.114 seconds)
507.88/507.98	['index', 'index', 'add', 'sub']: UNSAT (0.114 seconds)
507.98/508.10	['index', 'index', 'sub', 'sub']: UNSAT (0.120 seconds)
508.10/508.22	['index', 'length', 'length', 'length']: UNSAT (0.069 seconds)
508.21/508.29	['index', 'length', 'length', 'substr']: UNSAT (0.104 seconds)
508.28/508.40	['index', 'length', 'length', 'add']: UNSAT (0.077 seconds)
508.38/508.47	['index', 'length', 'length', 'sub']: UNSAT (0.076 seconds)
508.48/508.55	['index', 'length', 'substr', 'substr']: UNSAT (0.193 seconds)
508.68/508.74	['index', 'length', 'substr', 'add']: UNSAT (0.117 seconds)
508.78/508.86	['index', 'length', 'substr', 'sub']: UNSAT (0.119 seconds)
508.88/508.98	['index', 'length', 'add', 'add']: UNSAT (0.090 seconds)
508.98/509.07	['index', 'length', 'add', 'sub']: UNSAT (0.091 seconds)
509.10/509.17	['index', 'length', 'sub', 'sub']: UNSAT (0.095 seconds)
509.22/509.26	['index', 'substr', 'substr', 'substr']: UNSAT (0.326 seconds)
509.48/509.59	['index', 'substr', 'substr', 'add']: UNSAT (0.170 seconds)
509.68/509.76	['index', 'substr', 'substr', 'sub']: UNSAT (0.174 seconds)
509.88/509.94	['index', 'substr', 'add', 'add']: UNSAT (0.139 seconds)
509.98/510.08	['index', 'substr', 'add', 'sub']: UNSAT (0.139 seconds)
510.10/510.22	['index', 'substr', 'sub', 'sub']: UNSAT (0.143 seconds)
510.28/510.36	['index', 'add', 'add', 'add']: UNSAT (0.114 seconds)
510.38/510.48	['index', 'add', 'add', 'sub']: UNSAT (0.112 seconds)
510.48/510.59	['index', 'add', 'sub', 'sub']: UNSAT (0.110 seconds)
510.68/510.70	['index', 'sub', 'sub', 'sub']: UNSAT (0.109 seconds)
510.78/510.81	['length', 'length', 'length', 'length']: UNSAT (0.052 seconds)
510.78/510.86	['length', 'length', 'length', 'substr']: UNSAT (0.068 seconds)
510.88/510.93	['length', 'length', 'length', 'add']: UNSAT (0.056 seconds)
510.88/510.99	['length', 'length', 'length', 'sub']: UNSAT (0.057 seconds)
510.98/511.05	['length', 'length', 'substr', 'substr']: UNSAT (0.136 seconds)
511.10/511.18	['length', 'length', 'substr', 'add']: UNSAT (0.091 seconds)
511.22/511.28	['length', 'length', 'substr', 'sub']: UNSAT (0.090 seconds)
511.28/511.37	['length', 'length', 'add', 'add']: UNSAT (0.070 seconds)
511.38/511.44	['length', 'length', 'add', 'sub']: UNSAT (0.069 seconds)
511.48/511.51	['length', 'length', 'sub', 'sub']: UNSAT (0.070 seconds)
511.48/511.58	['length', 'substr', 'substr', 'substr']: UNSAT (0.277 seconds)
511.78/511.86	['length', 'substr', 'substr', 'add']: UNSAT (0.136 seconds)
511.88/511.99	['length', 'substr', 'substr', 'sub']: UNSAT (0.170 seconds)
512.10/512.16	['length', 'substr', 'add', 'add']: UNSAT (0.113 seconds)
512.22/512.28	['length', 'substr', 'add', 'sub']: UNSAT (0.114 seconds)
512.28/512.39	['length', 'substr', 'sub', 'sub']: UNSAT (0.119 seconds)
512.47/512.51	['length', 'add', 'add', 'add']: UNSAT (0.087 seconds)
512.57/512.60	['length', 'add', 'add', 'sub']: UNSAT (0.089 seconds)
512.57/512.69	['length', 'add', 'sub', 'sub']: UNSAT (0.088 seconds)
512.67/512.78	['length', 'sub', 'sub', 'sub']: UNSAT (0.089 seconds)
512.77/512.87	['substr', 'substr', 'substr', 'substr']: UNSAT (0.208 seconds)
512.97/513.08	['substr', 'substr', 'substr', 'add']: UNSAT (0.155 seconds)
513.10/513.24	['substr', 'substr', 'substr', 'sub']: UNSAT (0.155 seconds)
513.27/513.39	['substr', 'substr', 'add', 'add']: UNSAT (0.131 seconds)
513.47/513.52	['substr', 'substr', 'add', 'sub']: UNSAT (0.129 seconds)
513.57/513.66	['substr', 'substr', 'sub', 'sub']: UNSAT (0.122 seconds)
513.67/513.78	['substr', 'add', 'add', 'add']: UNSAT (0.122 seconds)
513.87/513.90	['substr', 'add', 'add', 'sub']: UNSAT (0.114 seconds)
513.97/514.02	['substr', 'add', 'sub', 'sub']: UNSAT (0.114 seconds)
513.97/514.13	['substr', 'sub', 'sub', 'sub']: UNSAT (0.116 seconds)
514.21/514.25	['add', 'add', 'add', 'add']: UNSAT (0.108 seconds)
514.27/514.36	['add', 'add', 'add', 'sub']: UNSAT (0.107 seconds)
514.38/514.47	['add', 'add', 'sub', 'sub']: UNSAT (0.104 seconds)
514.47/514.57	['add', 'sub', 'sub', 'sub']: UNSAT (0.105 seconds)
514.57/514.68	['sub', 'sub', 'sub', 'sub']: UNSAT (0.103 seconds)
514.67/514.78	['concat', 'concat', 'concat', 'concat', 'concat']: 