600.00/600.00	=== Examples (examples-28.json)
600.00/600.00	(["hello","world"],"hello-world")
600.00/600.00	(["train it","spot it"],"train-spot ")
600.00/600.00	(["rain yeah","fenix id"],"rain -fenix")
600.00/600.00	=== Library
600.00/600.00	Add
600.00/600.00	Concat
600.00/600.00	Index
600.00/600.00	Length
600.00/600.00	Sub
600.00/600.00	Substr
600.00/600.00	=== Synthesis
600.00/600.00	Size: 1
600.00/600.00	Size: 2
600.00/600.00	Size: 3
600.00/600.00	outsynth2: 
600.00/600.00	*** Data.SBV: fd:6: hGetLine: end of file:
600.00/600.00	***
600.00/600.00	***    Sent      : (check-sat)
600.00/600.00	***
600.00/600.00	***    Executable: /home/rodrigo/msc/code/setwise/venv/bin/z3
600.00/600.00	***    Options   : -nw -in -smt2
600.00/600.00	
