600.05/600.17	=== Examples (examples-02.json)
600.05/600.17	(["0,1"],"0, 1")
600.05/600.17	(["a,b,c,d"],"a, b, c, d")
600.05/600.17	(["1,2,3,4,5,6,7,8,9,10"],"1, 2, 3, 4, 5, 6, 7, 8, 9, 10")
600.05/600.17	=== Library
600.05/600.17	Add
600.05/600.17	Concat
600.05/600.17	Index
600.05/600.17	Length
600.05/600.17	Sub
600.05/600.17	Substr
600.05/600.17	=== Synthesis
600.05/600.17	Size: 1
600.05/600.17	Size: 2
600.05/600.17	outsynth2: 
600.05/600.17	*** Data.SBV: fd:6: hGetLine: end of file:
600.05/600.17	***
600.05/600.17	***    Sent      : (check-sat)
600.05/600.17	***
600.05/600.17	***    Executable: /home/rodrigo/msc/code/setwise/venv/bin/z3
600.05/600.17	***    Options   : -nw -in -smt2
600.05/600.17	
