599.99/600.01	=== Examples (examples-22.json)
599.99/600.01	(["Suspendisse nec dapibus elit.\nMauris in purus est.\nVestibulum ac viverra quam.\nAliquam a elementum felis.\nSed sollicitudin nullam."],"Suspendisse nec dapibus elit.    Mauris in purus est.    Vestibulum ac viverra quam.    Aliquam a elementum felis.    Sed sollicitudin nullam.")
599.99/600.01	(["Nulla accumsan hendrerit neque, eu ornare felis gravida id.\nPraesent tempor metus posuere."],"Nulla accumsan hendrerit neque, eu ornare felis gravida id.    Praesent tempor metus posuere.")
599.99/600.01	(["Phasellus pharetra in massa in iaculis.\nVestibulum ante ipsum primis in faucibus orci luctus et ultrices posuere cubilia Curae; Aenean aliquet nullam."],"Phasellus pharetra in massa in iaculis.    Vestibulum ante ipsum primis in faucibus orci luctus et ultrices posuere cubilia Curae; Aenean aliquet nullam.")
599.99/600.01	=== Library
599.99/600.01	Add
599.99/600.01	Concat
599.99/600.01	Index
599.99/600.01	Length
599.99/600.01	Sub
599.99/600.01	Substr
599.99/600.01	=== Synthesis
599.99/600.01	Size: 1
599.99/600.01	Size: 2
599.99/600.01	outsynth2: 
599.99/600.01	*** Data.SBV: fd:6: hGetLine: end of file:
599.99/600.01	***
599.99/600.01	***    Sent      : (check-sat)
599.99/600.01	***
599.99/600.01	***    Executable: /home/rodrigo/msc/code/setwise/venv/bin/z3
599.99/600.01	***    Options   : -nw -in -smt2
599.99/600.01	
