600.01/600.04	=== Examples (examples-85.json)
600.01/600.04	(["aenean aliquam turpis duis."],"Aenean aliquam turpi")
600.01/600.04	(["curabitur euismod volutpat."],"Curabitur euismod vo")
600.01/600.04	(["proin pulvinar ornare amet."],"Proin pulvinar ornar")
600.01/600.04	=== Library
600.01/600.04	Add
600.01/600.04	Concat
600.01/600.04	Index
600.01/600.04	Length
600.01/600.04	Sub
600.01/600.04	Substr
600.01/600.04	=== Synthesis
600.01/600.04	Size: 1
600.01/600.04	Size: 2
600.01/600.04	outsynth2: 
600.01/600.04	*** Data.SBV: fd:6: hGetLine: end of file:
600.01/600.04	***
600.01/600.04	***    Sent      : (check-sat)
600.01/600.04	***
600.01/600.04	***    Executable: /home/rodrigo/msc/code/setwise/venv/bin/z3
600.01/600.04	***    Options   : -nw -in -smt2
600.01/600.04	
