0.12/0.20	=== Examples (../../dataset/examples/examples-09.json)
0.12/0.20	IO(inputs=('hello word',), output='hello')
0.12/0.20	IO(inputs=('hi my name is',), output='hi my')
0.12/0.20	IO(inputs=('how are you doing',), output='how a')
0.12/0.20	=== Library
0.12/0.20	concat
0.12/0.20	index
0.12/0.20	length
0.12/0.20	substr
0.12/0.20	add
0.12/0.20	sub
0.12/0.20	=== Synthesis
0.12/0.20	['concat']: UNSAT (0.031 seconds)
0.12/0.23	['index']: UNSAT (0.031 seconds)
0.12/0.26	['length']: UNSAT (0.021 seconds)
0.12/0.28	['substr']: UNSAT (0.036 seconds)
0.26/0.32	['add']: UNSAT (0.027 seconds)
0.26/0.35	['sub']: UNSAT (0.026 seconds)
0.26/0.38	['concat', 'concat']: UNSAT (0.056 seconds)
0.36/0.43	['concat', 'index']: UNSAT (0.054 seconds)
0.44/0.49	['concat', 'length']: UNSAT (0.040 seconds)
0.44/0.53	['concat', 'substr']: SAT (0.138 seconds)
0.62/0.67	substr(concat('\\x00\\x00\\x00\\x00\\x00', arg0), 5, 5)
