0.11/0.20	=== Examples (../../dataset/examples/examples-69.json)
0.11/0.20	IO(inputs=('break \\',), output='break')
0.11/0.20	IO(inputs=('line break \\',), output='line break')
0.11/0.20	IO(inputs=('another break \\',), output='another break')
0.11/0.20	=== Library
0.11/0.20	concat
0.11/0.20	index
0.11/0.20	length
0.11/0.20	substr
0.11/0.20	add
0.11/0.20	sub
0.11/0.20	=== Synthesis
0.11/0.20	['concat']: UNSAT (0.030 seconds)
0.11/0.23	['index']: UNSAT (0.031 seconds)
0.11/0.26	['length']: UNSAT (0.022 seconds)
0.24/0.28	['substr']: UNSAT (0.033 seconds)
0.24/0.32	['add']: UNSAT (0.027 seconds)
0.24/0.34	['sub']: UNSAT (0.027 seconds)
0.34/0.37	['concat', 'concat']: UNSAT (0.057 seconds)
0.34/0.43	['concat', 'index']: UNSAT (0.056 seconds)
0.45/0.49	['concat', 'length']: UNSAT (0.040 seconds)
0.45/0.53	['concat', 'substr']: UNSAT (0.092 seconds)
0.54/0.62	['concat', 'add']: UNSAT (0.034 seconds)
0.62/0.65	['concat', 'sub']: UNSAT (0.036 seconds)
0.62/0.69	['index', 'index']: UNSAT (0.047 seconds)
0.69/0.74	['index', 'length']: UNSAT (0.034 seconds)
0.69/0.77	['index', 'substr']: SAT (0.401 seconds)
1.12/1.18	substr(arg0, 0, index(arg0, ' \\\\', 0))
