0.10/0.20	=== Examples (../../dataset/examples/examples-70.json)
0.10/0.20	IO(inputs=('  like no spaces at all!!!  ',), output='likenospacesatall!!!')
0.10/0.20	IO(inputs=("again don't try ",), output="againdon'ttry")
0.10/0.20	IO(inputs=('you sneaky tricky sli',), output='yousneakytrickysli')
0.10/0.20	=== Library
0.10/0.20	concat
0.10/0.20	index
0.10/0.20	length
0.10/0.20	substr
0.10/0.20	add
0.10/0.20	sub
0.10/0.20	=== Synthesis
0.10/0.20	['concat']: UNSAT (0.033 seconds)
0.10/0.23	['index']: UNSAT (0.032 seconds)
0.10/0.27	['length']: UNSAT (0.022 seconds)
0.10/0.29	['substr']: UNSAT (0.035 seconds)
0.27/0.32	['add']: UNSAT (0.027 seconds)
0.27/0.35	['sub']: UNSAT (0.027 seconds)
0.27/0.38	['concat', 'concat']: UNSAT (0.060 seconds)
0.38/0.44	['concat', 'index']: UNSAT (0.058 seconds)
0.44/0.50	['concat', 'length']: UNSAT (0.042 seconds)
0.44/0.54	['concat', 'substr']: UNSAT (0.122 seconds)
0.65/0.67	['concat', 'add']: UNSAT (0.037 seconds)
0.69/0.70	['concat', 'sub']: UNSAT (0.035 seconds)
0.69/0.74	['index', 'index']: UNSAT (0.051 seconds)
0.69/0.79	['index', 'length']: UNSAT (0.037 seconds)
0.79/0.83	['index', 'substr']: UNSAT (0.123 seconds)
0.89/0.95	['index', 'add']: UNSAT (0.041 seconds)
0.89/1.00	['index', 'sub']: UNSAT (0.043 seconds)
1.01/1.04	['length', 'length']: UNSAT (0.024 seconds)
1.01/1.06	['length', 'substr']: UNSAT (0.052 seconds)
1.01/1.12	['length', 'add']: UNSAT (0.030 seconds)
1.13/1.15	['length', 'sub']: UNSAT (0.031 seconds)
1.13/1.18	['substr', 'substr']: UNSAT (0.054 seconds)
1.19/1.23	['substr', 'add']: UNSAT (0.049 seconds)
1.19/1.28	['substr', 'sub']: UNSAT (0.046 seconds)
1.29/1.33	['add', 'add']: UNSAT (0.040 seconds)
1.29/1.37	['add', 'sub']: UNSAT (0.040 seconds)
1.39/1.41	['sub', 'sub']: UNSAT (0.039 seconds)
1.39/1.45	['concat', 'concat', 'concat']: UNSAT (0.212 seconds)
1.59/1.67	['concat', 'concat', 'index']: UNSAT (0.071 seconds)
1.69/1.74	['concat', 'concat', 'length']: UNSAT (0.055 seconds)
1.69/1.79	['concat', 'concat', 'substr']: UNSAT (0.360 seconds)
2.13/2.15	['concat', 'concat', 'add']: UNSAT (0.059 seconds)
2.19/2.21	['concat', 'concat', 'sub']: UNSAT (0.059 seconds)
2.19/2.27	['concat', 'index', 'index']: UNSAT (0.076 seconds)
2.29/2.35	['concat', 'index', 'length']: UNSAT (0.058 seconds)
2.39/2.41	['concat', 'index', 'substr']: UNSAT (1.937 seconds)
4.28/4.35	['concat', 'index', 'add']: UNSAT (0.065 seconds)
4.39/4.41	['concat', 'index', 'sub']: UNSAT (0.064 seconds)
4.39/4.48	['concat', 'length', 'length']: UNSAT (0.044 seconds)
4.49/4.52	['concat', 'length', 'substr']: UNSAT (0.111 seconds)
4.59/4.63	['concat', 'length', 'add']: UNSAT (0.048 seconds)
4.59/4.68	['concat', 'length', 'sub']: UNSAT (0.047 seconds)
4.69/4.73	['concat', 'substr', 'substr']: UNSAT (0.192 seconds)
4.89/4.92	['concat', 'substr', 'add']: UNSAT (0.114 seconds)
5.01/5.04	['concat', 'substr', 'sub']: UNSAT (0.089 seconds)
5.01/5.13	['concat', 'add', 'add']: UNSAT (0.059 seconds)
5.13/5.19	['concat', 'add', 'sub']: UNSAT (0.057 seconds)
5.19/5.25	['concat', 'sub', 'sub']: UNSAT (0.058 seconds)
5.29/5.31	['index', 'index', 'index']: UNSAT (0.081 seconds)
5.29/5.39	['index', 'index', 'length']: UNSAT (0.064 seconds)
5.39/5.45	['index', 'index', 'substr']: UNSAT (0.397 seconds)
5.79/5.85	['index', 'index', 'add']: UNSAT (0.074 seconds)
5.89/5.92	['index', 'index', 'sub']: UNSAT (0.072 seconds)
5.89/6.00	['index', 'length', 'length']: UNSAT (0.050 seconds)
6.01/6.05	['index', 'length', 'substr']: UNSAT (0.316 seconds)
6.29/6.36	['index', 'length', 'add']: UNSAT (0.071 seconds)
6.39/6.44	['index', 'length', 'sub']: UNSAT (0.071 seconds)
6.49/6.51	['index', 'substr', 'substr']: UNSAT (0.560 seconds)
7.01/7.07	['index', 'substr', 'add']: UNSAT (0.265 seconds)
7.29/7.34	['index', 'substr', 'sub']: UNSAT (0.195 seconds)
7.49/7.53	['index', 'add', 'add']: UNSAT (0.068 seconds)
7.59/7.60	['index', 'add', 'sub']: UNSAT (0.070 seconds)
7.59/7.67	['index', 'sub', 'sub']: UNSAT (0.070 seconds)
7.69/7.74	['length', 'length', 'length']: UNSAT (0.038 seconds)
7.69/7.78	['length', 'length', 'substr']: UNSAT (0.062 seconds)
7.79/7.84	['length', 'length', 'add']: UNSAT (0.043 seconds)
7.79/7.89	['length', 'length', 'sub']: UNSAT (0.041 seconds)
7.89/7.93	['length', 'substr', 'substr']: UNSAT (0.147 seconds)
8.01/8.08	['length', 'substr', 'add']: UNSAT (0.089 seconds)
8.13/8.17	['length', 'substr', 'sub']: UNSAT (0.094 seconds)
8.19/8.26	['length', 'add', 'add']: UNSAT (0.052 seconds)
8.29/8.32	['length', 'add', 'sub']: UNSAT (0.057 seconds)
8.29/8.38	['length', 'sub', 'sub']: UNSAT (0.053 seconds)
8.39/8.43	['substr', 'substr', 'substr']: UNSAT (0.121 seconds)
8.49/8.55	['substr', 'substr', 'add']: UNSAT (0.091 seconds)
8.59/8.64	['substr', 'substr', 'sub']: UNSAT (0.100 seconds)
8.69/8.74	['substr', 'add', 'add']: UNSAT (0.108 seconds)
8.79/8.85	['substr', 'add', 'sub']: UNSAT (0.096 seconds)
8.89/8.95	['substr', 'sub', 'sub']: UNSAT (0.090 seconds)
9.01/9.04	['add', 'add', 'add']: UNSAT (0.066 seconds)
9.01/9.11	['add', 'add', 'sub']: UNSAT (0.067 seconds)
9.13/9.18	['add', 'sub', 'sub']: UNSAT (0.068 seconds)
9.19/9.25	['sub', 'sub', 'sub']: UNSAT (0.067 seconds)
9.29/9.31	['concat', 'concat', 'concat', 'concat']: UNSAT (0.391 seconds)
9.69/9.71	['concat', 'concat', 'concat', 'index']: UNSAT (0.109 seconds)
9.79/9.82	['concat', 'concat', 'concat', 'length']: UNSAT (0.089 seconds)
9.89/9.91	['concat', 'concat', 'concat', 'substr']: UNSAT (144.974 seconds)
154.79/154.88	['concat', 'concat', 'concat', 'add']: UNSAT (0.092 seconds)
154.88/154.98	['concat', 'concat', 'concat', 'sub']: UNSAT (0.089 seconds)
155.00/155.07	['concat', 'concat', 'index', 'index']: UNSAT (0.114 seconds)
155.12/155.18	['concat', 'concat', 'index', 'length']: UNSAT (0.093 seconds)
155.18/155.27	['concat', 'concat', 'index', 'substr']: UNSAT (25.440 seconds)
180.68/180.71	['concat', 'concat', 'index', 'add']: UNSAT (0.098 seconds)
180.78/180.81	['concat', 'concat', 'index', 'sub']: UNSAT (0.097 seconds)
180.88/180.91	['concat', 'concat', 'length', 'length']: UNSAT (0.074 seconds)
180.88/180.99	['concat', 'concat', 'length', 'substr']: UNSAT (2.959 seconds)
183.88/183.95	['concat', 'concat', 'length', 'add']: UNSAT (0.075 seconds)
183.88/184.02	['concat', 'concat', 'length', 'sub']: UNSAT (0.075 seconds)
184.00/184.10	['concat', 'concat', 'substr', 'substr']: UNSAT (7.186 seconds)
191.18/191.29	['concat', 'concat', 'substr', 'add']: UNSAT (2.838 seconds)
194.00/194.12	['concat', 'concat', 'substr', 'sub']: UNSAT (0.432 seconds)
194.48/194.56	['concat', 'concat', 'add', 'add']: UNSAT (0.081 seconds)
194.58/194.64	['concat', 'concat', 'add', 'sub']: UNSAT (0.080 seconds)
194.68/194.72	['concat', 'concat', 'sub', 'sub']: UNSAT (0.096 seconds)
194.78/194.82	['concat', 'index', 'index', 'index']: UNSAT (0.118 seconds)
194.88/194.94	['concat', 'index', 'index', 'length']: UNSAT (0.100 seconds)
194.99/195.04	['concat', 'index', 'index', 'substr']: UNSAT (28.285 seconds)
223.28/223.32	['concat', 'index', 'index', 'add']: UNSAT (0.102 seconds)
223.38/223.43	['concat', 'index', 'index', 'sub']: UNSAT (0.101 seconds)
223.48/223.53	['concat', 'index', 'length', 'length']: UNSAT (0.074 seconds)
223.58/223.60	['concat', 'index', 'length', 'substr']: UNSAT (3.493 seconds)
227.00/227.10	['concat', 'index', 'length', 'add']: UNSAT (0.079 seconds)
227.11/227.18	['concat', 'index', 'length', 'sub']: UNSAT (0.079 seconds)
227.18/227.26	['concat', 'index', 'substr', 'substr']: UNSAT (34.453 seconds)
261.67/261.71	['concat', 'index', 'substr', 'add']: UNSAT (6.711 seconds)
268.37/268.42	['concat', 'index', 'substr', 'sub']: UNSAT (3.505 seconds)
271.86/271.93	['concat', 'index', 'add', 'add']: UNSAT (0.126 seconds)
271.98/272.06	['concat', 'index', 'add', 'sub']: UNSAT (0.094 seconds)
272.11/272.15	['concat', 'index', 'sub', 'sub']: UNSAT (0.094 seconds)
272.17/272.25	['concat', 'length', 'length', 'length']: UNSAT (0.059 seconds)
272.27/272.31	['concat', 'length', 'length', 'substr']: UNSAT (0.171 seconds)
272.37/272.48	['concat', 'length', 'length', 'add']: UNSAT (0.064 seconds)
272.47/272.54	['concat', 'length', 'length', 'sub']: UNSAT (0.063 seconds)
272.57/272.61	['concat', 'length', 'substr', 'substr']: UNSAT (3.179 seconds)
275.67/275.79	['concat', 'length', 'substr', 'add']: UNSAT (0.685 seconds)
276.37/276.47	['concat', 'length', 'substr', 'sub']: UNSAT (0.459 seconds)
276.87/276.93	['concat', 'length', 'add', 'add']: UNSAT (0.071 seconds)
276.87/277.01	['concat', 'length', 'add', 'sub']: UNSAT (0.073 seconds)
276.99/277.08	['concat', 'length', 'sub', 'sub']: UNSAT (0.074 seconds)
277.10/277.15	['concat', 'substr', 'substr', 'substr']: UNSAT (1.063 seconds)
278.17/278.22	['concat', 'substr', 'substr', 'add']: UNSAT (0.925 seconds)
279.10/279.14	['concat', 'substr', 'substr', 'sub']: UNSAT (0.636 seconds)
279.67/279.78	['concat', 'substr', 'add', 'add']: UNSAT (0.826 seconds)
280.57/280.61	['concat', 'substr', 'add', 'sub']: UNSAT (0.310 seconds)
280.87/280.92	['concat', 'substr', 'sub', 'sub']: UNSAT (0.262 seconds)
281.10/281.18	['concat', 'add', 'add', 'add']: UNSAT (0.090 seconds)
281.17/281.27	['concat', 'add', 'add', 'sub']: UNSAT (0.088 seconds)
281.27/281.36	['concat', 'add', 'sub', 'sub']: UNSAT (0.085 seconds)
281.37/281.45	['concat', 'sub', 'sub', 'sub']: UNSAT (0.085 seconds)
281.47/281.53	['index', 'index', 'index', 'index']: UNSAT (0.123 seconds)
281.57/281.66	['index', 'index', 'index', 'length']: UNSAT (0.100 seconds)
281.67/281.76	['index', 'index', 'index', 'substr']: UNSAT (3.839 seconds)
285.57/285.60	['index', 'index', 'index', 'add']: UNSAT (0.111 seconds)
285.67/285.71	['index', 'index', 'index', 'sub']: UNSAT (0.115 seconds)
285.77/285.83	['index', 'index', 'length', 'length']: UNSAT (0.080 seconds)
285.87/285.91	['index', 'index', 'length', 'substr']: UNSAT (0.806 seconds)
286.67/286.71	['index', 'index', 'length', 'add']: UNSAT (0.088 seconds)
286.77/286.80	['index', 'index', 'length', 'sub']: UNSAT (0.088 seconds)
286.77/286.89	['index', 'index', 'substr', 'substr']: UNSAT (2.815 seconds)
289.67/289.71	['index', 'index', 'substr', 'add']: UNSAT (0.444 seconds)
290.11/290.15	['index', 'index', 'substr', 'sub']: UNSAT (0.337 seconds)
290.37/290.49	['index', 'index', 'add', 'add']: UNSAT (0.109 seconds)
290.57/290.60	['index', 'index', 'add', 'sub']: UNSAT (0.107 seconds)
290.67/290.71	['index', 'index', 'sub', 'sub']: UNSAT (0.104 seconds)
290.77/290.82	['index', 'length', 'length', 'length']: UNSAT (0.062 seconds)
290.77/290.88	['index', 'length', 'length', 'substr']: UNSAT (0.236 seconds)
290.99/291.12	['index', 'length', 'length', 'add']: UNSAT (0.069 seconds)
291.11/291.19	['index', 'length', 'length', 'sub']: UNSAT (0.068 seconds)
291.17/291.26	['index', 'length', 'substr', 'substr']: UNSAT (1.609 seconds)
292.77/292.86	['index', 'length', 'substr', 'add']: UNSAT (0.261 seconds)
292.99/293.13	['index', 'length', 'substr', 'sub']: UNSAT (0.291 seconds)
293.37/293.42	['index', 'length', 'add', 'add']: UNSAT (0.082 seconds)
293.47/293.50	['index', 'length', 'add', 'sub']: UNSAT (0.086 seconds)
293.47/293.59	['index', 'length', 'sub', 'sub']: UNSAT (0.084 seconds)
293.57/293.67	['index', 'substr', 'substr', 'substr']: UNSAT (1.722 seconds)
295.37/295.40	['index', 'substr', 'substr', 'add']: UNSAT (1.453 seconds)
296.77/296.85	['index', 'substr', 'substr', 'sub']: UNSAT (2.558 seconds)
299.37/299.41	['index', 'substr', 'add', 'add']: UNSAT (0.309 seconds)
299.67/299.72	['index', 'substr', 'add', 'sub']: UNSAT (0.319 seconds)
299.99/300.04	['index', 'substr', 'sub', 'sub']: UNSAT (0.289 seconds)
300.27/300.33	['index', 'add', 'add', 'add']: UNSAT (0.107 seconds)
300.37/300.44	['index', 'add', 'add', 'sub']: UNSAT (0.103 seconds)
300.47/300.54	['index', 'add', 'sub', 'sub']: UNSAT (0.104 seconds)
300.57/300.65	['index', 'sub', 'sub', 'sub']: UNSAT (0.110 seconds)
300.67/300.76	['length', 'length', 'length', 'length']: UNSAT (0.050 seconds)
300.77/300.81	['length', 'length', 'length', 'substr']: UNSAT (0.066 seconds)
300.77/300.88	['length', 'length', 'length', 'add']: UNSAT (0.051 seconds)
300.87/300.93	['length', 'length', 'length', 'sub']: UNSAT (0.054 seconds)
300.87/300.98	['length', 'length', 'substr', 'substr']: UNSAT (0.645 seconds)
301.57/301.63	['length', 'length', 'substr', 'add']: UNSAT (0.138 seconds)
301.67/301.77	['length', 'length', 'substr', 'sub']: UNSAT (0.144 seconds)
301.87/301.91	['length', 'length', 'add', 'add']: UNSAT (0.065 seconds)
301.87/301.98	['length', 'length', 'add', 'sub']: UNSAT (0.064 seconds)
301.99/302.04	['length', 'length', 'sub', 'sub']: UNSAT (0.064 seconds)
301.99/302.11	['length', 'substr', 'substr', 'substr']: UNSAT (0.857 seconds)
302.87/302.97	['length', 'substr', 'substr', 'add']: UNSAT (0.840 seconds)
303.77/303.81	['length', 'substr', 'substr', 'sub']: UNSAT (0.574 seconds)
304.27/304.38	['length', 'substr', 'add', 'add']: UNSAT (0.341 seconds)
304.68/304.73	['length', 'substr', 'add', 'sub']: UNSAT (0.314 seconds)
304.99/305.04	['length', 'substr', 'sub', 'sub']: UNSAT (0.236 seconds)
305.17/305.28	['length', 'add', 'add', 'add']: UNSAT (0.084 seconds)
305.27/305.36	['length', 'add', 'add', 'sub']: UNSAT (0.084 seconds)
305.37/305.45	['length', 'add', 'sub', 'sub']: UNSAT (0.083 seconds)
305.47/305.53	['length', 'sub', 'sub', 'sub']: UNSAT (0.083 seconds)
305.57/305.62	['substr', 'substr', 'substr', 'substr']: UNSAT (0.208 seconds)
305.77/305.83	['substr', 'substr', 'substr', 'add']: UNSAT (0.205 seconds)
305.87/306.03	['substr', 'substr', 'substr', 'sub']: UNSAT (0.255 seconds)
306.17/306.29	['substr', 'substr', 'add', 'add']: UNSAT (0.254 seconds)
306.47/306.54	['substr', 'substr', 'add', 'sub']: UNSAT (0.249 seconds)
306.67/306.79	['substr', 'substr', 'sub', 'sub']: UNSAT (0.276 seconds)
306.99/307.07	['substr', 'add', 'add', 'add']: UNSAT (0.580 seconds)
307.57/307.65	['substr', 'add', 'add', 'sub']: UNSAT (0.446 seconds)
307.98/308.10	['substr', 'add', 'sub', 'sub']: UNSAT (0.409 seconds)
308.47/308.51	['substr', 'sub', 'sub', 'sub']: UNSAT (0.371 seconds)
308.77/308.88	['add', 'add', 'add', 'add']: UNSAT (0.099 seconds)
308.87/308.98	['add', 'add', 'add', 'sub']: UNSAT (0.097 seconds)
309.00/309.08	['add', 'add', 'sub', 'sub']: UNSAT (0.099 seconds)
309.11/309.18	['add', 'sub', 'sub', 'sub']: UNSAT (0.097 seconds)
309.17/309.27	['sub', 'sub', 'sub', 'sub']: UNSAT (0.097 seconds)
309.27/309.37	['concat', 'concat', 'concat', 'concat', 'concat']: UNSAT (0.795 seconds)
310.10/310.17	['concat', 'concat', 'concat', 'concat', 'index']: UNSAT (0.149 seconds)
310.27/310.32	['concat', 'concat', 'concat', 'concat', 'length']: UNSAT (0.126 seconds)
310.37/310.45	['concat', 'concat', 'concat', 'concat', 'substr']: 