0.00/0.16	=== Examples (../../dataset/examples/examples-05.json)
0.00/0.16	IO(inputs=('Customer with who cares',), output='who cares')
0.00/0.16	IO(inputs=('Customer with i certainly do not',), output='i certainly do not')
0.00/0.16	IO(inputs=('well someone must care',), output='well someone must care')
0.00/0.16	=== Library
0.00/0.16	concat
0.00/0.16	index
0.00/0.16	length
0.00/0.16	substr
0.00/0.16	add
0.00/0.16	sub
0.00/0.16	=== Synthesis
0.00/0.16	['concat']: UNSAT (0.025 seconds)
0.17/0.18	['index']: UNSAT (0.026 seconds)
0.17/0.21	['length']: UNSAT (0.018 seconds)
0.17/0.23	['substr']: UNSAT (0.027 seconds)
0.17/0.26	['add']: UNSAT (0.020 seconds)
0.17/0.28	['sub']: UNSAT (0.023 seconds)
0.17/0.30	['concat', 'concat']: UNSAT (0.058 seconds)
0.31/0.36	['concat', 'index']: UNSAT (0.047 seconds)
0.36/0.41	['concat', 'length']: UNSAT (0.034 seconds)
0.36/0.45	['concat', 'substr']: UNSAT (0.057 seconds)
0.47/0.50	['concat', 'add']: UNSAT (0.035 seconds)
0.47/0.54	['concat', 'sub']: UNSAT (0.035 seconds)
0.47/0.57	['index', 'index']: UNSAT (0.051 seconds)
0.58/0.63	['index', 'length']: UNSAT (0.034 seconds)
0.64/0.66	['index', 'substr']: UNSAT (0.069 seconds)
0.69/0.73	['index', 'add']: UNSAT (0.041 seconds)
0.69/0.77	['index', 'sub']: UNSAT (0.040 seconds)
0.79/0.81	['length', 'length']: UNSAT (0.026 seconds)
0.79/0.84	['length', 'substr']: UNSAT (0.041 seconds)
0.79/0.88	['length', 'add']: UNSAT (0.029 seconds)
0.89/0.91	['length', 'sub']: UNSAT (0.032 seconds)
0.89/0.94	['substr', 'substr']: UNSAT (0.053 seconds)
0.89/1.00	['substr', 'add']: UNSAT (0.049 seconds)
1.03/1.05	['substr', 'sub']: UNSAT (0.046 seconds)
1.03/1.09	['add', 'add']: UNSAT (0.040 seconds)
1.03/1.14	['add', 'sub']: UNSAT (0.038 seconds)
1.13/1.17	['sub', 'sub']: UNSAT (0.038 seconds)
1.19/1.21	['concat', 'concat', 'concat']: UNSAT (0.218 seconds)
1.39/1.43	['concat', 'concat', 'index']: UNSAT (0.069 seconds)
1.49/1.50	['concat', 'concat', 'length']: UNSAT (0.056 seconds)
1.49/1.56	['concat', 'concat', 'substr']: UNSAT (0.295 seconds)
1.79/1.86	['concat', 'concat', 'add']: UNSAT (0.056 seconds)
1.89/1.91	['concat', 'concat', 'sub']: UNSAT (0.056 seconds)
1.89/1.97	['concat', 'index', 'index']: UNSAT (0.076 seconds)
2.02/2.05	['concat', 'index', 'length']: UNSAT (0.057 seconds)
2.02/2.10	['concat', 'index', 'substr']: UNSAT (111.713 seconds)
113.78/113.82	['concat', 'index', 'add']: UNSAT (0.064 seconds)
113.78/113.88	['concat', 'index', 'sub']: UNSAT (0.063 seconds)
113.88/113.95	['concat', 'length', 'length']: UNSAT (0.044 seconds)
113.88/113.99	['concat', 'length', 'substr']: UNSAT (0.118 seconds)
114.02/114.11	['concat', 'length', 'add']: UNSAT (0.049 seconds)
114.12/114.16	['concat', 'length', 'sub']: UNSAT (0.046 seconds)
114.18/114.21	['concat', 'substr', 'substr']: UNSAT (0.166 seconds)
114.28/114.37	['concat', 'substr', 'add']: UNSAT (0.099 seconds)
114.38/114.47	['concat', 'substr', 'sub']: UNSAT (0.090 seconds)
114.48/114.57	['concat', 'add', 'add']: UNSAT (0.055 seconds)
114.58/114.62	['concat', 'add', 'sub']: UNSAT (0.056 seconds)
114.58/114.68	['concat', 'sub', 'sub']: UNSAT (0.054 seconds)
114.68/114.73	['index', 'index', 'index']: UNSAT (0.080 seconds)
114.78/114.81	['index', 'index', 'length']: UNSAT (0.064 seconds)
114.78/114.88	['index', 'index', 'substr']: UNSAT (0.207 seconds)
115.02/115.09	['index', 'index', 'add']: UNSAT (0.069 seconds)
115.12/115.16	['index', 'index', 'sub']: UNSAT (0.071 seconds)
115.18/115.23	['index', 'length', 'length']: UNSAT (0.046 seconds)
115.18/115.27	['index', 'length', 'substr']: UNSAT (0.430 seconds)
115.68/115.71	['index', 'length', 'add']: UNSAT (0.068 seconds)
115.68/115.78	['index', 'length', 'sub']: UNSAT (0.069 seconds)
115.78/115.84	['index', 'substr', 'substr']: UNSAT (0.182 seconds)
115.88/116.03	['index', 'substr', 'add']: UNSAT (0.186 seconds)
116.18/116.22	['index', 'substr', 'sub']: UNSAT (3.016 seconds)
119.18/119.23	['index', 'add', 'add']: UNSAT (0.071 seconds)
119.28/119.30	['index', 'add', 'sub']: UNSAT (0.079 seconds)
119.28/119.38	['index', 'sub', 'sub']: UNSAT (0.068 seconds)
119.38/119.45	['length', 'length', 'length']: UNSAT (0.035 seconds)
119.38/119.49	['length', 'length', 'substr']: UNSAT (0.065 seconds)
119.48/119.56	['length', 'length', 'add']: UNSAT (0.039 seconds)
119.58/119.60	['length', 'length', 'sub']: UNSAT (0.039 seconds)
119.58/119.64	['length', 'substr', 'substr']: UNSAT (0.113 seconds)
119.68/119.75	['length', 'substr', 'add']: UNSAT (0.075 seconds)
119.78/119.83	['length', 'substr', 'sub']: UNSAT (0.095 seconds)
119.88/119.92	['length', 'add', 'add']: UNSAT (0.053 seconds)
119.88/119.98	['length', 'add', 'sub']: UNSAT (0.071 seconds)
120.02/120.05	['length', 'sub', 'sub']: UNSAT (0.049 seconds)
120.02/120.10	['substr', 'substr', 'substr']: UNSAT (0.119 seconds)
120.18/120.22	['substr', 'substr', 'add']: UNSAT (0.091 seconds)
120.28/120.31	['substr', 'substr', 'sub']: UNSAT (0.101 seconds)
120.38/120.41	['substr', 'add', 'add']: UNSAT (0.089 seconds)
120.48/120.50	['substr', 'add', 'sub']: UNSAT (0.126 seconds)
120.58/120.63	['substr', 'sub', 'sub']: UNSAT (0.122 seconds)
120.68/120.75	['add', 'add', 'add']: UNSAT (0.081 seconds)
120.78/120.83	['add', 'add', 'sub']: UNSAT (0.081 seconds)
120.88/120.92	['add', 'sub', 'sub']: UNSAT (0.080 seconds)
120.88/121.00	['sub', 'sub', 'sub']: UNSAT (0.082 seconds)
121.02/121.08	['concat', 'concat', 'concat', 'concat']: UNSAT (0.459 seconds)
121.48/121.54	['concat', 'concat', 'concat', 'index']: UNSAT (0.107 seconds)
121.58/121.65	['concat', 'concat', 'concat', 'length']: UNSAT (0.086 seconds)
121.68/121.74	['concat', 'concat', 'concat', 'substr']: UNSAT (19.456 seconds)
141.13/141.20	['concat', 'concat', 'concat', 'add']: UNSAT (0.087 seconds)
141.18/141.28	['concat', 'concat', 'concat', 'sub']: UNSAT (0.085 seconds)
141.28/141.37	['concat', 'concat', 'index', 'index']: UNSAT (0.177 seconds)
141.48/141.55	['concat', 'concat', 'index', 'length']: UNSAT (0.113 seconds)
141.59/141.66	['concat', 'concat', 'index', 'substr']: 