0.11/0.20	=== Examples (../../dataset/examples/examples-78.json)
0.11/0.20	IO(inputs=('smith-doe',), output='doe')
0.11/0.20	IO(inputs=('spelled-out',), output='out')
0.11/0.20	IO(inputs=('32-foot',), output='foot')
0.11/0.20	=== Library
0.11/0.20	concat
0.11/0.20	index
0.11/0.20	length
0.11/0.20	substr
0.11/0.20	add
0.11/0.20	sub
0.11/0.20	=== Synthesis
0.11/0.20	['concat']: UNSAT (0.031 seconds)
0.11/0.23	['index']: UNSAT (0.031 seconds)
0.11/0.26	['length']: UNSAT (0.023 seconds)
0.11/0.29	['substr']: UNSAT (0.048 seconds)
0.27/0.33	['add']: UNSAT (0.030 seconds)
0.27/0.36	['sub']: UNSAT (0.028 seconds)
0.37/0.39	['concat', 'concat']: UNSAT (0.057 seconds)
0.37/0.45	['concat', 'index']: UNSAT (0.057 seconds)
0.44/0.51	['concat', 'length']: UNSAT (0.040 seconds)
0.44/0.55	['concat', 'substr']: UNSAT (0.093 seconds)
0.63/0.64	['concat', 'add']: UNSAT (0.043 seconds)
0.63/0.69	['concat', 'sub']: UNSAT (0.043 seconds)
0.69/0.73	['index', 'index']: UNSAT (0.065 seconds)
0.79/0.80	['index', 'length']: UNSAT (0.044 seconds)
0.79/0.84	['index', 'substr']: UNSAT (0.307 seconds)
1.13/1.15	['index', 'add']: UNSAT (0.041 seconds)
1.13/1.19	['index', 'sub']: UNSAT (0.039 seconds)
1.19/1.23	['length', 'length']: UNSAT (0.026 seconds)
1.19/1.26	['length', 'substr']: UNSAT (0.037 seconds)
1.29/1.30	['length', 'add']: UNSAT (0.027 seconds)
1.29/1.33	['length', 'sub']: UNSAT (0.030 seconds)
1.29/1.36	['substr', 'substr']: UNSAT (0.048 seconds)
1.39/1.41	['substr', 'add']: UNSAT (0.045 seconds)
1.39/1.45	['substr', 'sub']: UNSAT (0.042 seconds)
1.39/1.49	['add', 'add']: UNSAT (0.037 seconds)
1.49/1.53	['add', 'sub']: UNSAT (0.035 seconds)
1.49/1.57	['sub', 'sub']: UNSAT (0.036 seconds)
1.59/1.60	['concat', 'concat', 'concat']: UNSAT (0.145 seconds)
1.69/1.75	['concat', 'concat', 'index']: UNSAT (0.069 seconds)
1.79/1.82	['concat', 'concat', 'length']: UNSAT (0.052 seconds)
1.79/1.87	['concat', 'concat', 'substr']: UNSAT (0.288 seconds)
2.14/2.16	['concat', 'concat', 'add']: UNSAT (0.052 seconds)
2.19/2.22	['concat', 'concat', 'sub']: UNSAT (0.054 seconds)
2.19/2.27	['concat', 'index', 'index']: UNSAT (0.071 seconds)
2.29/2.34	['concat', 'index', 'length']: UNSAT (0.057 seconds)
2.39/2.40	['concat', 'index', 'substr']: UNSAT (15.523 seconds)
17.89/17.92	['concat', 'index', 'add']: UNSAT (0.057 seconds)
17.89/17.98	['concat', 'index', 'sub']: UNSAT (0.064 seconds)
18.02/18.05	['concat', 'length', 'length']: UNSAT (0.040 seconds)
18.02/18.09	['concat', 'length', 'substr']: UNSAT (0.116 seconds)
18.19/18.20	['concat', 'length', 'add']: UNSAT (0.050 seconds)
18.19/18.25	['concat', 'length', 'sub']: UNSAT (0.050 seconds)
18.29/18.30	['concat', 'substr', 'substr']: UNSAT (0.193 seconds)
18.49/18.50	['concat', 'substr', 'add']: UNSAT (0.097 seconds)
18.59/18.60	['concat', 'substr', 'sub']: UNSAT (0.086 seconds)
18.59/18.68	['concat', 'add', 'add']: UNSAT (0.051 seconds)
18.69/18.74	['concat', 'add', 'sub']: UNSAT (0.056 seconds)
18.69/18.79	['concat', 'sub', 'sub']: UNSAT (0.051 seconds)
18.79/18.84	['index', 'index', 'index']: UNSAT (0.076 seconds)
18.89/18.92	['index', 'index', 'length']: UNSAT (0.059 seconds)
18.89/18.98	['index', 'index', 'substr']: UNSAT (7.655 seconds)
26.58/26.64	['index', 'index', 'add']: UNSAT (0.065 seconds)
26.68/26.70	['index', 'index', 'sub']: UNSAT (0.065 seconds)
26.68/26.77	['index', 'length', 'length']: UNSAT (0.047 seconds)
26.78/26.82	['index', 'length', 'substr']: UNSAT (5.208 seconds)
31.88/32.03	['index', 'length', 'add']: UNSAT (0.052 seconds)
32.02/32.08	['index', 'length', 'sub']: UNSAT (0.053 seconds)
32.02/32.13	['index', 'substr', 'substr']: UNSAT (0.453 seconds)
32.48/32.59	['index', 'substr', 'add']: UNSAT (1.996 seconds)
34.48/34.58	['index', 'substr', 'sub']: UNSAT (2.591 seconds)
37.13/37.18	['index', 'add', 'add']: UNSAT (0.065 seconds)
37.18/37.24	['index', 'add', 'sub']: UNSAT (0.061 seconds)
37.28/37.30	['index', 'sub', 'sub']: UNSAT (0.064 seconds)
37.28/37.37	['length', 'length', 'length']: UNSAT (0.031 seconds)
37.38/37.40	['length', 'length', 'substr']: UNSAT (0.055 seconds)
37.38/37.46	['length', 'length', 'add']: UNSAT (0.037 seconds)
37.38/37.49	['length', 'length', 'sub']: UNSAT (0.039 seconds)
37.48/37.53	['length', 'substr', 'substr']: UNSAT (0.146 seconds)
37.58/37.68	['length', 'substr', 'add']: UNSAT (0.083 seconds)
37.68/37.76	['length', 'substr', 'sub']: UNSAT (0.076 seconds)
37.78/37.84	['length', 'add', 'add']: UNSAT (0.049 seconds)
37.78/37.89	['length', 'add', 'sub']: UNSAT (0.048 seconds)
37.88/37.94	['length', 'sub', 'sub']: UNSAT (0.049 seconds)
37.88/37.99	['substr', 'substr', 'substr']: UNSAT (0.111 seconds)
38.02/38.10	['substr', 'substr', 'add']: UNSAT (0.095 seconds)
38.13/38.20	['substr', 'substr', 'sub']: UNSAT (0.097 seconds)
38.18/38.29	['substr', 'add', 'add']: UNSAT (0.103 seconds)
38.38/38.40	['substr', 'add', 'sub']: UNSAT (0.083 seconds)
38.38/38.48	['substr', 'sub', 'sub']: UNSAT (0.083 seconds)
38.48/38.56	['add', 'add', 'add']: UNSAT (0.070 seconds)
38.58/38.63	['add', 'add', 'sub']: UNSAT (0.068 seconds)
38.68/38.70	['add', 'sub', 'sub']: UNSAT (0.064 seconds)
38.68/38.77	['sub', 'sub', 'sub']: UNSAT (0.063 seconds)
38.78/38.83	['concat', 'concat', 'concat', 'concat']: UNSAT (0.289 seconds)
39.02/39.12	['concat', 'concat', 'concat', 'index']: UNSAT (0.106 seconds)
39.18/39.23	['concat', 'concat', 'concat', 'length']: UNSAT (0.089 seconds)
39.28/39.32	['concat', 'concat', 'concat', 'substr']: UNSAT (4.602 seconds)
43.88/43.92	['concat', 'concat', 'concat', 'add']: UNSAT (0.085 seconds)
43.88/44.01	['concat', 'concat', 'concat', 'sub']: UNSAT (0.083 seconds)
44.02/44.09	['concat', 'concat', 'index', 'index']: UNSAT (0.104 seconds)
44.13/44.19	['concat', 'concat', 'index', 'length']: UNSAT (0.086 seconds)
44.18/44.28	['concat', 'concat', 'index', 'substr']: UNKNOWN (345.522 seconds)
389.77/389.80	Reason: smt tactic failed to show goal to be sat/unsat max-conflicts-reached
389.77/389.80	Reason: smt tactic failed to show goal to be sat/unsat max-conflicts-reached
389.77/389.80	['concat', 'concat', 'index', 'add']: UNSAT (0.095 seconds)
389.88/389.90	['concat', 'concat', 'index', 'sub']: UNSAT (0.095 seconds)
389.88/390.00	['concat', 'concat', 'length', 'length']: UNSAT (0.073 seconds)
390.00/390.07	['concat', 'concat', 'length', 'substr']: UNSAT (1.340 seconds)
391.37/391.41	['concat', 'concat', 'length', 'add']: UNSAT (0.069 seconds)
391.37/391.48	['concat', 'concat', 'length', 'sub']: UNSAT (0.073 seconds)
391.48/391.55	['concat', 'concat', 'substr', 'substr']: UNSAT (1.792 seconds)
393.28/393.35	['concat', 'concat', 'substr', 'add']: UNSAT (0.751 seconds)
394.01/394.10	['concat', 'concat', 'substr', 'sub']: UNSAT (0.371 seconds)
394.38/394.47	['concat', 'concat', 'add', 'add']: UNSAT (0.075 seconds)
394.48/394.55	['concat', 'concat', 'add', 'sub']: UNSAT (0.080 seconds)
394.58/394.63	['concat', 'concat', 'sub', 'sub']: UNSAT (0.092 seconds)
394.67/394.72	['concat', 'index', 'index', 'index']: UNSAT (0.109 seconds)
394.77/394.83	['concat', 'index', 'index', 'length']: UNSAT (0.095 seconds)
394.87/394.92	['concat', 'index', 'index', 'substr']: 