0.10/0.20	=== Examples (../../dataset/examples/examples-08.json)
0.10/0.20	IO(inputs=('one|two|three',), output='one | two | three')
0.10/0.20	IO(inputs=('a|b|c',), output='a | b | c')
0.10/0.20	IO(inputs=('this|is|not|a|regex',), output='this | is | not | a | regex')
0.10/0.20	=== Library
0.10/0.20	concat
0.10/0.20	index
0.10/0.20	length
0.10/0.20	substr
0.10/0.20	add
0.10/0.20	sub
0.10/0.20	=== Synthesis
0.10/0.20	['concat']: UNSAT (0.031 seconds)
0.10/0.23	['index']: UNSAT (0.032 seconds)
0.10/0.26	['length']: UNSAT (0.021 seconds)
0.24/0.29	['substr']: UNSAT (0.034 seconds)
0.24/0.32	['add']: UNSAT (0.027 seconds)
0.24/0.35	['sub']: UNSAT (0.029 seconds)
0.33/0.38	['concat', 'concat']: UNSAT (0.095 seconds)
0.43/0.47	['concat', 'index']: UNSAT (0.070 seconds)
0.43/0.55	['concat', 'length']: UNSAT (0.052 seconds)
0.54/0.60	['concat', 'substr']: UNSAT (0.086 seconds)
0.64/0.69	['concat', 'add']: UNSAT (0.036 seconds)
0.69/0.72	['concat', 'sub']: UNSAT (0.037 seconds)
0.69/0.76	['index', 'index']: UNSAT (0.052 seconds)
0.79/0.81	['index', 'length']: UNSAT (0.035 seconds)
0.79/0.85	['index', 'substr']: UNSAT (0.051 seconds)
0.89/0.90	['index', 'add']: UNSAT (0.041 seconds)
0.89/0.94	['index', 'sub']: UNSAT (0.043 seconds)
0.89/0.99	['length', 'length']: UNSAT (0.025 seconds)
0.89/1.01	['length', 'substr']: UNSAT (0.038 seconds)
1.00/1.05	['length', 'add']: UNSAT (0.031 seconds)
1.00/1.08	['length', 'sub']: UNSAT (0.030 seconds)
1.00/1.11	['substr', 'substr']: UNSAT (0.051 seconds)
1.13/1.16	['substr', 'add']: UNSAT (0.047 seconds)
1.19/1.21	['substr', 'sub']: UNSAT (0.044 seconds)
1.19/1.26	['add', 'add']: UNSAT (0.040 seconds)
1.29/1.30	['add', 'sub']: UNSAT (0.040 seconds)
1.29/1.34	['sub', 'sub']: UNSAT (0.040 seconds)
1.29/1.38	['concat', 'concat', 'concat']: UNSAT (0.840 seconds)
2.19/2.22	['concat', 'concat', 'index']: UNSAT (0.070 seconds)
2.19/2.29	['concat', 'concat', 'length']: UNSAT (0.056 seconds)
2.29/2.35	['concat', 'concat', 'substr']: UNSAT (0.301 seconds)
2.59/2.65	['concat', 'concat', 'add']: UNSAT (0.055 seconds)
2.69/2.71	['concat', 'concat', 'sub']: UNSAT (0.059 seconds)
2.69/2.77	['concat', 'index', 'index']: UNSAT (0.077 seconds)
2.79/2.85	['concat', 'index', 'length']: UNSAT (0.059 seconds)
2.89/2.91	['concat', 'index', 'substr']: UNSAT (0.235 seconds)
3.13/3.14	['concat', 'index', 'add']: UNSAT (0.065 seconds)
3.19/3.21	['concat', 'index', 'sub']: UNSAT (0.063 seconds)
3.19/3.27	['concat', 'length', 'length']: UNSAT (0.046 seconds)
3.29/3.32	['concat', 'length', 'substr']: UNSAT (0.092 seconds)
3.39/3.41	['concat', 'length', 'add']: UNSAT (0.048 seconds)
3.39/3.46	['concat', 'length', 'sub']: UNSAT (0.050 seconds)
3.49/3.51	['concat', 'substr', 'substr']: UNSAT (0.150 seconds)
3.59/3.66	['concat', 'substr', 'add']: UNSAT (0.093 seconds)
3.69/3.75	['concat', 'substr', 'sub']: UNSAT (0.079 seconds)
3.79/3.83	['concat', 'add', 'add']: UNSAT (0.055 seconds)
3.79/3.89	['concat', 'add', 'sub']: UNSAT (0.056 seconds)
3.89/3.95	['concat', 'sub', 'sub']: UNSAT (0.055 seconds)
3.89/4.00	['index', 'index', 'index']: UNSAT (0.083 seconds)
4.00/4.09	['index', 'index', 'length']: UNSAT (0.065 seconds)
4.13/4.15	['index', 'index', 'substr']: UNSAT (0.094 seconds)
4.19/4.25	['index', 'index', 'add']: UNSAT (0.072 seconds)
4.29/4.32	['index', 'index', 'sub']: UNSAT (0.075 seconds)
4.29/4.40	['index', 'length', 'length']: UNSAT (0.049 seconds)
4.39/4.45	['index', 'length', 'substr']: UNSAT (0.072 seconds)
4.49/4.52	['index', 'length', 'add']: UNSAT (0.055 seconds)
4.49/4.57	['index', 'length', 'sub']: UNSAT (0.055 seconds)
4.59/4.63	['index', 'substr', 'substr']: UNSAT (0.117 seconds)
4.69/4.75	['index', 'substr', 'add']: UNSAT (0.096 seconds)
4.79/4.84	['index', 'substr', 'sub']: UNSAT (0.083 seconds)
4.89/4.93	['index', 'add', 'add']: UNSAT (0.066 seconds)
4.89/5.00	['index', 'add', 'sub']: UNSAT (0.069 seconds)
5.00/5.07	['index', 'sub', 'sub']: UNSAT (0.068 seconds)
5.00/5.13	['length', 'length', 'length']: UNSAT (0.035 seconds)
5.13/5.17	['length', 'length', 'substr']: UNSAT (0.053 seconds)
5.19/5.22	['length', 'length', 'add']: UNSAT (0.043 seconds)
5.19/5.27	['length', 'length', 'sub']: UNSAT (0.042 seconds)
5.29/5.31	['length', 'substr', 'substr']: UNSAT (0.078 seconds)
5.29/5.39	['length', 'substr', 'add']: UNSAT (0.060 seconds)
5.39/5.45	['length', 'substr', 'sub']: UNSAT (0.063 seconds)
5.49/5.52	['length', 'add', 'add']: UNSAT (0.050 seconds)
5.49/5.57	['length', 'add', 'sub']: UNSAT (0.055 seconds)
5.59/5.62	['length', 'sub', 'sub']: UNSAT (0.050 seconds)
5.59/5.67	['substr', 'substr', 'substr']: UNSAT (0.096 seconds)
5.69/5.77	['substr', 'substr', 'add']: UNSAT (0.079 seconds)
5.79/5.85	['substr', 'substr', 'sub']: UNSAT (0.082 seconds)
5.89/5.93	['substr', 'add', 'add']: UNSAT (0.073 seconds)
5.89/6.01	['substr', 'add', 'sub']: UNSAT (0.072 seconds)
6.00/6.08	['substr', 'sub', 'sub']: UNSAT (0.071 seconds)
6.13/6.15	['add', 'add', 'add']: UNSAT (0.064 seconds)
6.19/6.22	['add', 'add', 'sub']: UNSAT (0.062 seconds)
6.19/6.28	['add', 'sub', 'sub']: UNSAT (0.067 seconds)
6.29/6.35	['sub', 'sub', 'sub']: UNSAT (0.065 seconds)
6.39/6.41	['concat', 'concat', 'concat', 'concat']: UNSAT (292.696 seconds)
299.00/299.11	['concat', 'concat', 'concat', 'index']: UNSAT (0.110 seconds)
299.18/299.22	['concat', 'concat', 'concat', 'length']: UNSAT (0.091 seconds)
299.27/299.32	['concat', 'concat', 'concat', 'substr']: UNSAT (101.609 seconds)
400.86/400.93	['concat', 'concat', 'concat', 'add']: UNSAT (0.087 seconds)
400.86/401.01	['concat', 'concat', 'concat', 'sub']: UNSAT (0.081 seconds)
400.99/401.10	['concat', 'concat', 'index', 'index']: UNSAT (0.111 seconds)
401.17/401.21	['concat', 'concat', 'index', 'length']: UNSAT (0.084 seconds)
401.17/401.29	['concat', 'concat', 'index', 'substr']: UNSAT (9.858 seconds)
411.10/411.15	['concat', 'concat', 'index', 'add']: UNSAT (0.088 seconds)
411.16/411.24	['concat', 'concat', 'index', 'sub']: UNSAT (0.088 seconds)
411.26/411.33	['concat', 'concat', 'length', 'length']: UNSAT (0.069 seconds)
411.36/411.40	['concat', 'concat', 'length', 'substr']: UNSAT (1.472 seconds)
412.76/412.87	['concat', 'concat', 'length', 'add']: UNSAT (0.071 seconds)
412.86/412.95	['concat', 'concat', 'length', 'sub']: UNSAT (0.074 seconds)
412.86/413.02	['concat', 'concat', 'substr', 'substr']: UNSAT (2.078 seconds)
414.98/415.10	['concat', 'concat', 'substr', 'add']: UNSAT (0.823 seconds)
415.86/415.92	['concat', 'concat', 'substr', 'sub']: UNSAT (0.625 seconds)
416.46/416.55	['concat', 'concat', 'add', 'add']: UNSAT (0.076 seconds)
416.56/416.63	['concat', 'concat', 'add', 'sub']: UNSAT (0.077 seconds)
416.66/416.70	['concat', 'concat', 'sub', 'sub']: UNSAT (0.091 seconds)
416.77/416.80	['concat', 'index', 'index', 'index']: UNSAT (0.113 seconds)
416.87/416.91	['concat', 'index', 'index', 'length']: UNSAT (0.090 seconds)
416.87/417.00	['concat', 'index', 'index', 'substr']: UNSAT (0.841 seconds)
417.77/417.84	['concat', 'index', 'index', 'add']: UNSAT (0.097 seconds)
417.87/417.94	['concat', 'index', 'index', 'sub']: UNSAT (0.097 seconds)
417.98/418.04	['concat', 'index', 'length', 'length']: UNSAT (0.075 seconds)
417.98/418.11	['concat', 'index', 'length', 'substr']: UNSAT (0.421 seconds)
418.47/418.54	['concat', 'index', 'length', 'add']: UNSAT (0.077 seconds)
418.57/418.61	['concat', 'index', 'length', 'sub']: UNSAT (0.078 seconds)
418.57/418.69	['concat', 'index', 'substr', 'substr']: UNSAT (1.128 seconds)
419.77/419.82	['concat', 'index', 'substr', 'add']: UNSAT (0.414 seconds)
420.17/420.24	['concat', 'index', 'substr', 'sub']: UNSAT (0.468 seconds)
420.67/420.71	['concat', 'index', 'add', 'add']: UNSAT (0.087 seconds)
420.67/420.79	['concat', 'index', 'add', 'sub']: UNSAT (0.088 seconds)
420.77/420.88	['concat', 'index', 'sub', 'sub']: UNSAT (0.087 seconds)
420.87/420.97	['concat', 'length', 'length', 'length']: UNSAT (0.056 seconds)
420.87/421.03	['concat', 'length', 'length', 'substr']: UNSAT (0.131 seconds)
421.10/421.16	['concat', 'length', 'length', 'add']: UNSAT (0.061 seconds)
421.17/421.22	['concat', 'length', 'length', 'sub']: UNSAT (0.060 seconds)
421.17/421.28	['concat', 'length', 'substr', 'substr']: UNSAT (0.801 seconds)
421.98/422.08	['concat', 'length', 'substr', 'add']: UNSAT (0.227 seconds)
422.27/422.31	['concat', 'length', 'substr', 'sub']: UNSAT (0.215 seconds)
422.47/422.53	['concat', 'length', 'add', 'add']: UNSAT (0.071 seconds)
422.57/422.60	['concat', 'length', 'add', 'sub']: UNSAT (0.072 seconds)
422.57/422.67	['concat', 'length', 'sub', 'sub']: UNSAT (0.073 seconds)
422.67/422.75	['concat', 'substr', 'substr', 'substr']: UNSAT (0.742 seconds)
423.37/423.49	['concat', 'substr', 'substr', 'add']: UNSAT (0.357 seconds)
423.77/423.85	['concat', 'substr', 'substr', 'sub']: UNSAT (0.417 seconds)
424.17/424.27	['concat', 'substr', 'add', 'add']: UNSAT (0.289 seconds)
424.47/424.56	['concat', 'substr', 'add', 'sub']: UNSAT (0.210 seconds)
424.67/424.77	['concat', 'substr', 'sub', 'sub']: UNSAT (0.206 seconds)
424.87/424.97	['concat', 'add', 'add', 'add']: UNSAT (0.086 seconds)
424.98/425.06	['concat', 'add', 'add', 'sub']: UNSAT (0.085 seconds)
425.10/425.15	['concat', 'add', 'sub', 'sub']: UNSAT (0.088 seconds)
425.17/425.24	['concat', 'sub', 'sub', 'sub']: UNSAT (0.086 seconds)
425.27/425.32	['index', 'index', 'index', 'index']: UNSAT (0.125 seconds)
425.37/425.45	['index', 'index', 'index', 'length']: UNSAT (0.101 seconds)
425.47/425.55	['index', 'index', 'index', 'substr']: UNSAT (0.156 seconds)
425.67/425.71	['index', 'index', 'index', 'add']: UNSAT (0.112 seconds)
425.77/425.82	['index', 'index', 'index', 'sub']: UNSAT (0.108 seconds)
425.87/425.93	['index', 'index', 'length', 'length']: UNSAT (0.077 seconds)
425.87/426.01	['index', 'index', 'length', 'substr']: UNSAT (0.109 seconds)
425.98/426.12	['index', 'index', 'length', 'add']: UNSAT (0.087 seconds)
426.17/426.21	['index', 'index', 'length', 'sub']: UNSAT (0.091 seconds)
426.27/426.30	['index', 'index', 'substr', 'substr']: UNSAT (0.208 seconds)
426.47/426.51	['index', 'index', 'substr', 'add']: UNSAT (0.136 seconds)
426.57/426.64	['index', 'index', 'substr', 'sub']: UNSAT (0.126 seconds)
426.67/426.77	['index', 'index', 'add', 'add']: UNSAT (0.102 seconds)
426.77/426.87	['index', 'index', 'add', 'sub']: UNSAT (0.102 seconds)
426.87/426.98	['index', 'index', 'sub', 'sub']: UNSAT (0.102 seconds)
426.98/427.08	['index', 'length', 'length', 'length']: UNSAT (0.060 seconds)
427.10/427.14	['index', 'length', 'length', 'substr']: UNSAT (0.086 seconds)
427.17/427.23	['index', 'length', 'length', 'add']: UNSAT (0.070 seconds)
427.27/427.30	['index', 'length', 'length', 'sub']: UNSAT (0.068 seconds)
427.27/427.37	['index', 'length', 'substr', 'substr']: UNSAT (0.236 seconds)
427.57/427.61	['index', 'length', 'substr', 'add']: UNSAT (0.100 seconds)
427.67/427.71	['index', 'length', 'substr', 'sub']: UNSAT (0.101 seconds)
427.77/427.81	['index', 'length', 'add', 'add']: UNSAT (0.080 seconds)
427.77/427.89	['index', 'length', 'add', 'sub']: UNSAT (0.080 seconds)
427.87/427.97	['index', 'length', 'sub', 'sub']: UNSAT (0.080 seconds)
427.98/428.05	['index', 'substr', 'substr', 'substr']: UNSAT (0.348 seconds)
428.36/428.40	['index', 'substr', 'substr', 'add']: UNSAT (0.297 seconds)
428.66/428.70	['index', 'substr', 'substr', 'sub']: UNSAT (0.239 seconds)
428.86/428.94	['index', 'substr', 'add', 'add']: UNSAT (0.122 seconds)
428.98/429.06	['index', 'substr', 'add', 'sub']: UNSAT (0.133 seconds)
429.16/429.20	['index', 'substr', 'sub', 'sub']: UNSAT (0.135 seconds)
429.26/429.33	['index', 'add', 'add', 'add']: UNSAT (0.110 seconds)
429.36/429.44	['index', 'add', 'add', 'sub']: UNSAT (0.101 seconds)
429.46/429.55	['index', 'add', 'sub', 'sub']: UNSAT (0.101 seconds)
429.56/429.65	['index', 'sub', 'sub', 'sub']: UNSAT (0.106 seconds)
429.66/429.75	['length', 'length', 'length', 'length']: UNSAT (0.046 seconds)
429.76/429.80	['length', 'length', 'length', 'substr']: UNSAT (0.060 seconds)
429.76/429.86	['length', 'length', 'length', 'add']: UNSAT (0.051 seconds)
429.86/429.91	['length', 'length', 'length', 'sub']: UNSAT (0.051 seconds)
429.86/429.96	['length', 'length', 'substr', 'substr']: UNSAT (0.118 seconds)
429.98/430.08	['length', 'length', 'substr', 'add']: UNSAT (0.080 seconds)
430.10/430.16	['length', 'length', 'substr', 'sub']: UNSAT (0.080 seconds)
430.16/430.25	['length', 'length', 'add', 'add']: UNSAT (0.061 seconds)
430.26/430.31	['length', 'length', 'add', 'sub']: UNSAT (0.066 seconds)
430.26/430.38	['length', 'length', 'sub', 'sub']: UNSAT (0.066 seconds)
430.36/430.44	['length', 'substr', 'substr', 'substr']: UNSAT (0.223 seconds)
430.56/430.67	['length', 'substr', 'substr', 'add']: UNSAT (0.127 seconds)
430.66/430.79	['length', 'substr', 'substr', 'sub']: UNSAT (0.137 seconds)
430.86/430.93	['length', 'substr', 'add', 'add']: UNSAT (0.095 seconds)
430.98/431.03	['length', 'substr', 'add', 'sub']: UNSAT (0.097 seconds)
430.98/431.13	['length', 'substr', 'sub', 'sub']: UNSAT (0.097 seconds)
431.16/431.22	['length', 'add', 'add', 'add']: UNSAT (0.077 seconds)
431.26/431.30	['length', 'add', 'add', 'sub']: UNSAT (0.083 seconds)
431.26/431.39	['length', 'add', 'sub', 'sub']: UNSAT (0.081 seconds)
431.36/431.47	['length', 'sub', 'sub', 'sub']: UNSAT (0.079 seconds)
431.46/431.55	['substr', 'substr', 'substr', 'substr']: UNSAT (0.183 seconds)
431.66/431.73	['substr', 'substr', 'substr', 'add']: UNSAT (0.129 seconds)
431.76/431.86	['substr', 'substr', 'substr', 'sub']: UNSAT (0.128 seconds)
431.86/431.99	['substr', 'substr', 'add', 'add']: UNSAT (0.124 seconds)
431.98/432.12	['substr', 'substr', 'add', 'sub']: UNSAT (0.112 seconds)
432.16/432.23	['substr', 'substr', 'sub', 'sub']: UNSAT (0.116 seconds)
432.26/432.35	['substr', 'add', 'add', 'add']: UNSAT (0.105 seconds)
432.36/432.45	['substr', 'add', 'add', 'sub']: UNSAT (0.102 seconds)
432.46/432.56	['substr', 'add', 'sub', 'sub']: UNSAT (0.102 seconds)
432.56/432.66	['substr', 'sub', 'sub', 'sub']: UNSAT (0.103 seconds)
432.66/432.76	['add', 'add', 'add', 'add']: UNSAT (0.094 seconds)
432.76/432.86	['add', 'add', 'add', 'sub']: UNSAT (0.094 seconds)
432.86/432.95	['add', 'add', 'sub', 'sub']: UNSAT (0.094 seconds)
432.98/433.05	['add', 'sub', 'sub', 'sub']: UNSAT (0.093 seconds)
433.10/433.14	['sub', 'sub', 'sub', 'sub']: UNSAT (0.093 seconds)
433.16/433.23	['concat', 'concat', 'concat', 'concat', 'concat']: 