0.12/0.20	=== Examples (../../dataset/examples/examples-66.json)
0.12/0.20	IO(inputs=('take out the last 7 chars',), output='7 chars')
0.12/0.20	IO(inputs=('abcdefg',), output='abcdefg')
0.12/0.20	IO(inputs=('outsystems.com',), output='ems.com')
0.12/0.20	=== Library
0.12/0.20	concat
0.12/0.20	index
0.12/0.20	length
0.12/0.20	substr
0.12/0.20	add
0.12/0.20	sub
0.12/0.20	=== Synthesis
0.12/0.20	['concat']: UNSAT (0.031 seconds)
0.12/0.23	['index']: UNSAT (0.032 seconds)
0.12/0.26	['length']: UNSAT (0.022 seconds)
0.26/0.28	['substr']: UNSAT (0.035 seconds)
0.26/0.32	['add']: UNSAT (0.027 seconds)
0.26/0.35	['sub']: UNSAT (0.027 seconds)
0.26/0.38	['concat', 'concat']: UNSAT (0.057 seconds)
0.36/0.43	['concat', 'index']: UNSAT (0.057 seconds)
0.46/0.49	['concat', 'length']: UNSAT (0.040 seconds)
0.46/0.53	['concat', 'substr']: UNSAT (0.132 seconds)
0.59/0.66	['concat', 'add']: UNSAT (0.035 seconds)
0.68/0.70	['concat', 'sub']: UNSAT (0.035 seconds)
0.68/0.74	['index', 'index']: UNSAT (0.048 seconds)
0.68/0.79	['index', 'length']: UNSAT (0.034 seconds)
0.78/0.82	['index', 'substr']: UNSAT (0.070 seconds)
0.78/0.89	['index', 'add']: UNSAT (0.042 seconds)
0.88/0.93	['index', 'sub']: UNSAT (0.043 seconds)
0.88/0.98	['length', 'length']: UNSAT (0.025 seconds)
0.88/1.00	['length', 'substr']: UNSAT (0.055 seconds)
1.02/1.06	['length', 'add']: UNSAT (0.029 seconds)
1.02/1.09	['length', 'sub']: UNSAT (0.031 seconds)
1.02/1.12	['substr', 'substr']: UNSAT (0.055 seconds)
1.13/1.18	['substr', 'add']: UNSAT (0.049 seconds)
1.22/1.23	['substr', 'sub']: UNSAT (0.058 seconds)
1.22/1.29	['add', 'add']: UNSAT (0.040 seconds)
1.29/1.33	['add', 'sub']: UNSAT (0.042 seconds)
1.29/1.37	['sub', 'sub']: UNSAT (0.039 seconds)
1.39/1.41	['concat', 'concat', 'concat']: UNSAT (0.149 seconds)
1.49/1.56	['concat', 'concat', 'index']: UNSAT (0.072 seconds)
1.59/1.63	['concat', 'concat', 'length']: UNSAT (0.057 seconds)
1.59/1.69	['concat', 'concat', 'substr']: UNSAT (1.419 seconds)
3.02/3.11	['concat', 'concat', 'add']: UNSAT (0.056 seconds)
3.13/3.17	['concat', 'concat', 'sub']: UNSAT (0.056 seconds)
3.22/3.22	['concat', 'index', 'index']: UNSAT (0.078 seconds)
3.28/3.30	['concat', 'index', 'length']: UNSAT (0.058 seconds)
3.28/3.36	['concat', 'index', 'substr']: UNSAT (15.937 seconds)
19.29/19.30	['concat', 'index', 'add']: UNSAT (0.062 seconds)
19.29/19.36	['concat', 'index', 'sub']: UNSAT (0.060 seconds)
19.39/19.42	['concat', 'length', 'length']: UNSAT (0.042 seconds)
19.39/19.47	['concat', 'length', 'substr']: UNSAT (0.449 seconds)
19.88/19.92	['concat', 'length', 'add']: UNSAT (0.046 seconds)
19.88/19.96	['concat', 'length', 'sub']: UNSAT (0.047 seconds)
19.88/20.01	['concat', 'substr', 'substr']: UNSAT (0.210 seconds)
20.21/20.22	['concat', 'substr', 'add']: UNSAT (0.180 seconds)
20.39/20.40	['concat', 'substr', 'sub']: UNSAT (0.193 seconds)
20.59/20.60	['concat', 'add', 'add']: UNSAT (0.053 seconds)
20.59/20.65	['concat', 'add', 'sub']: UNSAT (0.053 seconds)
20.69/20.70	['concat', 'sub', 'sub']: UNSAT (0.053 seconds)
20.69/20.76	['index', 'index', 'index']: UNSAT (0.081 seconds)
20.79/20.84	['index', 'index', 'length']: UNSAT (0.063 seconds)
20.89/20.90	['index', 'index', 'substr']: UNSAT (0.186 seconds)
21.01/21.09	['index', 'index', 'add']: UNSAT (0.070 seconds)
21.12/21.16	['index', 'index', 'sub']: UNSAT (0.069 seconds)
21.21/21.23	['index', 'length', 'length']: UNSAT (0.046 seconds)
21.21/21.28	['index', 'length', 'substr']: UNSAT (1.229 seconds)
22.49/22.51	['index', 'length', 'add']: UNSAT (0.052 seconds)
22.49/22.56	['index', 'length', 'sub']: UNSAT (0.053 seconds)
22.59/22.62	['index', 'substr', 'substr']: UNSAT (0.168 seconds)
22.69/22.78	['index', 'substr', 'add']: UNSAT (0.159 seconds)
22.89/22.94	['index', 'substr', 'sub']: UNSAT (2.734 seconds)
25.59/25.68	['index', 'add', 'add']: UNSAT (0.064 seconds)
25.69/25.74	['index', 'add', 'sub']: UNSAT (0.064 seconds)
25.79/25.81	['index', 'sub', 'sub']: UNSAT (0.064 seconds)
25.79/25.87	['length', 'length', 'length']: UNSAT (0.035 seconds)
25.89/25.91	['length', 'length', 'substr']: UNSAT (0.055 seconds)
25.89/25.96	['length', 'length', 'add']: UNSAT (0.040 seconds)
25.89/26.01	['length', 'length', 'sub']: UNSAT (0.039 seconds)
26.03/26.04	['length', 'substr', 'substr']: UNSAT (0.207 seconds)
26.21/26.25	['length', 'substr', 'add']: SAT (0.196 seconds)
26.39/26.45	substr(arg0, add(length(arg0), -7), length(arg0))
