0.12/0.19	=== Examples (../../dataset/examples/examples-42.json)
0.12/0.19	IO(inputs=('DO IT',), output='do it!@')
0.12/0.19	IO(inputs=('COME ON',), output='come on!@')
0.12/0.19	IO(inputs=("LET'S GO FAST",), output="let's go fast!@")
0.12/0.19	=== Library
0.12/0.19	concat
0.12/0.19	index
0.12/0.19	length
0.12/0.19	substr
0.12/0.19	add
0.12/0.19	sub
0.12/0.19	=== Synthesis
0.12/0.19	['concat']: UNSAT (0.030 seconds)
0.12/0.22	['index']: UNSAT (0.031 seconds)
0.12/0.25	['length']: UNSAT (0.021 seconds)
0.12/0.28	['substr']: UNSAT (0.033 seconds)
0.26/0.31	['add']: UNSAT (0.027 seconds)
0.26/0.34	['sub']: UNSAT (0.027 seconds)
0.26/0.37	['concat', 'concat']: UNSAT (0.092 seconds)
0.37/0.46	['concat', 'index']: UNSAT (0.055 seconds)
0.49/0.51	['concat', 'length']: UNSAT (0.040 seconds)
0.54/0.56	['concat', 'substr']: UNSAT (0.080 seconds)
0.62/0.64	['concat', 'add']: UNSAT (0.034 seconds)
0.62/0.67	['concat', 'sub']: UNSAT (0.033 seconds)
0.69/0.71	['index', 'index']: UNSAT (0.047 seconds)
0.69/0.75	['index', 'length']: UNSAT (0.034 seconds)
0.69/0.79	['index', 'substr']: UNSAT (0.049 seconds)
0.79/0.84	['index', 'add']: UNSAT (0.039 seconds)
0.79/0.88	['index', 'sub']: UNSAT (0.039 seconds)
0.89/0.92	['length', 'length']: UNSAT (0.024 seconds)
0.89/0.94	['length', 'substr']: UNSAT (0.036 seconds)
0.89/0.98	['length', 'add']: UNSAT (0.027 seconds)
0.89/1.01	['length', 'sub']: UNSAT (0.028 seconds)
0.89/1.03	['substr', 'substr']: UNSAT (0.049 seconds)
1.05/1.08	['substr', 'add']: UNSAT (0.043 seconds)
1.05/1.13	['substr', 'sub']: UNSAT (0.043 seconds)
1.16/1.17	['add', 'add']: UNSAT (0.037 seconds)
1.19/1.21	['add', 'sub']: UNSAT (0.038 seconds)
1.19/1.25	['sub', 'sub']: UNSAT (0.037 seconds)
1.19/1.28	['concat', 'concat', 'concat']: UNSAT (0.951 seconds)
2.19/2.24	['concat', 'concat', 'index']: UNSAT (0.069 seconds)
2.29/2.31	['concat', 'concat', 'length']: UNSAT (0.057 seconds)
2.29/2.36	['concat', 'concat', 'substr']: UNSAT (0.618 seconds)
2.89/2.98	['concat', 'concat', 'add']: UNSAT (0.053 seconds)
2.89/3.04	['concat', 'concat', 'sub']: UNSAT (0.055 seconds)
3.02/3.09	['concat', 'index', 'index']: UNSAT (0.075 seconds)
3.15/3.17	['concat', 'index', 'length']: UNSAT (0.057 seconds)
3.19/3.22	['concat', 'index', 'substr']: UNSAT (0.293 seconds)
3.49/3.52	['concat', 'index', 'add']: UNSAT (0.062 seconds)
3.49/3.58	['concat', 'index', 'sub']: UNSAT (0.061 seconds)
3.59/3.64	['concat', 'length', 'length']: UNSAT (0.044 seconds)
3.59/3.69	['concat', 'length', 'substr']: UNSAT (0.213 seconds)
3.88/3.90	['concat', 'length', 'add']: UNSAT (0.047 seconds)
3.88/3.95	['concat', 'length', 'sub']: UNSAT (0.046 seconds)
3.88/4.00	['concat', 'substr', 'substr']: UNSAT (0.143 seconds)
4.04/4.14	['concat', 'substr', 'add']: UNSAT (0.089 seconds)
4.19/4.23	['concat', 'substr', 'sub']: UNSAT (0.116 seconds)
4.29/4.35	['concat', 'add', 'add']: UNSAT (0.058 seconds)
4.39/4.41	['concat', 'add', 'sub']: UNSAT (0.058 seconds)
4.39/4.47	['concat', 'sub', 'sub']: UNSAT (0.055 seconds)
4.48/4.52	['index', 'index', 'index']: UNSAT (0.078 seconds)
4.59/4.60	['index', 'index', 'length']: UNSAT (0.061 seconds)
4.59/4.66	['index', 'index', 'substr']: UNSAT (0.087 seconds)
4.69/4.75	['index', 'index', 'add']: UNSAT (0.067 seconds)
4.79/4.82	['index', 'index', 'sub']: UNSAT (0.071 seconds)
4.79/4.89	['index', 'length', 'length']: UNSAT (0.047 seconds)
4.89/4.94	['index', 'length', 'substr']: UNSAT (0.069 seconds)
4.89/5.01	['index', 'length', 'add']: UNSAT (0.054 seconds)
4.89/5.06	['index', 'length', 'sub']: UNSAT (0.053 seconds)
5.04/5.12	['index', 'substr', 'substr']: UNSAT (0.113 seconds)
5.19/5.23	['index', 'substr', 'add']: UNSAT (0.079 seconds)
5.29/5.31	['index', 'substr', 'sub']: UNSAT (0.080 seconds)
5.29/5.39	['index', 'add', 'add']: UNSAT (0.065 seconds)
5.39/5.46	['index', 'add', 'sub']: UNSAT (0.067 seconds)
5.49/5.52	['index', 'sub', 'sub']: UNSAT (0.066 seconds)
5.49/5.59	['length', 'length', 'length']: UNSAT (0.036 seconds)
5.59/5.63	['length', 'length', 'substr']: UNSAT (0.048 seconds)
5.59/5.68	['length', 'length', 'add']: UNSAT (0.038 seconds)
5.69/5.72	['length', 'length', 'sub']: UNSAT (0.039 seconds)
5.69/5.76	['length', 'substr', 'substr']: UNSAT (0.074 seconds)
5.79/5.83	['length', 'substr', 'add']: UNSAT (0.057 seconds)
5.79/5.89	['length', 'substr', 'sub']: UNSAT (0.058 seconds)
5.88/5.95	['length', 'add', 'add']: UNSAT (0.048 seconds)
5.88/6.00	['length', 'add', 'sub']: UNSAT (0.048 seconds)
5.88/6.05	['length', 'sub', 'sub']: UNSAT (0.107 seconds)
6.04/6.15	['substr', 'substr', 'substr']: UNSAT (0.132 seconds)
6.19/6.29	['substr', 'substr', 'add']: UNSAT (0.121 seconds)
6.39/6.41	['substr', 'substr', 'sub']: UNSAT (0.104 seconds)
6.48/6.51	['substr', 'add', 'add']: UNSAT (0.093 seconds)
6.59/6.61	['substr', 'add', 'sub']: UNSAT (0.091 seconds)
6.69/6.70	['substr', 'sub', 'sub']: UNSAT (0.090 seconds)
6.69/6.79	['add', 'add', 'add']: UNSAT (0.064 seconds)
6.79/6.86	['add', 'add', 'sub']: UNSAT (0.067 seconds)
6.89/6.93	['add', 'sub', 'sub']: UNSAT (0.065 seconds)
6.89/6.99	['sub', 'sub', 'sub']: UNSAT (0.104 seconds)
7.05/7.10	['concat', 'concat', 'concat', 'concat']: UNSAT (53.510 seconds)
60.59/60.61	['concat', 'concat', 'concat', 'index']: UNSAT (0.106 seconds)
60.69/60.72	['concat', 'concat', 'concat', 'length']: UNSAT (0.091 seconds)
60.79/60.81	['concat', 'concat', 'concat', 'substr']: UNSAT (108.592 seconds)
169.38/169.40	['concat', 'concat', 'concat', 'add']: UNSAT (0.086 seconds)
169.38/169.49	['concat', 'concat', 'concat', 'sub']: UNSAT (0.090 seconds)
169.48/169.58	['concat', 'concat', 'index', 'index']: UNSAT (0.109 seconds)
169.58/169.69	['concat', 'concat', 'index', 'length']: UNSAT (0.089 seconds)
169.68/169.78	['concat', 'concat', 'index', 'substr']: UNSAT (22.068 seconds)
191.78/191.85	['concat', 'concat', 'index', 'add']: UNSAT (0.089 seconds)
191.88/191.94	['concat', 'concat', 'index', 'sub']: UNSAT (0.091 seconds)
191.88/192.03	['concat', 'concat', 'length', 'length']: UNSAT (0.073 seconds)
192.04/192.10	['concat', 'concat', 'length', 'substr']: UNSAT (3.995 seconds)
196.04/196.10	['concat', 'concat', 'length', 'add']: UNSAT (0.073 seconds)
196.15/196.17	['concat', 'concat', 'length', 'sub']: UNSAT (0.073 seconds)
196.18/196.25	['concat', 'concat', 'substr', 'substr']: UNSAT (2.528 seconds)
198.68/198.78	['concat', 'concat', 'substr', 'add']: UNSAT (2.210 seconds)
200.88/200.99	['concat', 'concat', 'substr', 'sub']: UNSAT (1.315 seconds)
202.28/202.30	['concat', 'concat', 'add', 'add']: UNSAT (0.081 seconds)
202.28/202.39	['concat', 'concat', 'add', 'sub']: UNSAT (0.083 seconds)
202.38/202.47	['concat', 'concat', 'sub', 'sub']: UNSAT (0.091 seconds)
202.48/202.56	['concat', 'index', 'index', 'index']: UNSAT (0.111 seconds)
202.58/202.67	['concat', 'index', 'index', 'length']: UNSAT (0.091 seconds)
202.68/202.77	['concat', 'index', 'index', 'substr']: UNSAT (1.314 seconds)
204.04/204.08	['concat', 'index', 'index', 'add']: UNSAT (0.097 seconds)
204.15/204.18	['concat', 'index', 'index', 'sub']: UNSAT (0.102 seconds)
204.18/204.28	['concat', 'index', 'length', 'length']: UNSAT (0.073 seconds)
204.28/204.36	['concat', 'index', 'length', 'substr']: UNSAT (1.175 seconds)
205.48/205.53	['concat', 'index', 'length', 'add']: UNSAT (0.080 seconds)
205.58/205.61	['concat', 'index', 'length', 'sub']: UNSAT (0.079 seconds)
205.58/205.69	['concat', 'index', 'substr', 'substr']: UNSAT (2.495 seconds)
208.17/208.19	['concat', 'index', 'substr', 'add']: UNSAT (1.139 seconds)
209.28/209.33	['concat', 'index', 'substr', 'sub']: UNSAT (1.195 seconds)
210.48/210.52	['concat', 'index', 'add', 'add']: UNSAT (0.092 seconds)
210.58/210.62	['concat', 'index', 'add', 'sub']: UNSAT (0.091 seconds)
210.68/210.71	['concat', 'index', 'sub', 'sub']: UNSAT (0.094 seconds)
210.78/210.80	['concat', 'length', 'length', 'length']: UNSAT (0.056 seconds)
210.78/210.86	['concat', 'length', 'length', 'substr']: UNSAT (0.150 seconds)
210.88/211.01	['concat', 'length', 'length', 'add']: UNSAT (0.063 seconds)
211.03/211.08	['concat', 'length', 'length', 'sub']: UNSAT (0.065 seconds)
211.03/211.14	['concat', 'length', 'substr', 'substr']: UNSAT (1.491 seconds)
212.58/212.63	['concat', 'length', 'substr', 'add']: UNSAT (0.538 seconds)
213.03/213.17	['concat', 'length', 'substr', 'sub']: UNSAT (0.397 seconds)
213.48/213.57	['concat', 'length', 'add', 'add']: UNSAT (0.074 seconds)
213.58/213.65	['concat', 'length', 'add', 'sub']: UNSAT (0.071 seconds)
213.68/213.72	['concat', 'length', 'sub', 'sub']: UNSAT (0.069 seconds)
213.68/213.79	['concat', 'substr', 'substr', 'substr']: UNSAT (0.706 seconds)
214.38/214.49	['concat', 'substr', 'substr', 'add']: UNSAT (0.461 seconds)
214.88/214.96	['concat', 'substr', 'substr', 'sub']: UNSAT (0.715 seconds)
215.58/215.67	['concat', 'substr', 'add', 'add']: UNSAT (0.422 seconds)
216.04/216.10	['concat', 'substr', 'add', 'sub']: UNSAT (0.296 seconds)
216.28/216.39	['concat', 'substr', 'sub', 'sub']: UNSAT (0.295 seconds)
216.58/216.69	['concat', 'add', 'add', 'add']: UNSAT (0.088 seconds)
216.68/216.78	['concat', 'add', 'add', 'sub']: UNSAT (0.088 seconds)
216.78/216.87	['concat', 'add', 'sub', 'sub']: UNSAT (0.082 seconds)
216.88/216.95	['concat', 'sub', 'sub', 'sub']: UNSAT (0.084 seconds)
216.88/217.04	['index', 'index', 'index', 'index']: UNSAT (0.121 seconds)
217.02/217.16	['index', 'index', 'index', 'length']: UNSAT (0.100 seconds)
217.18/217.26	['index', 'index', 'index', 'substr']: UNSAT (0.200 seconds)
217.38/217.46	['index', 'index', 'index', 'add']: UNSAT (0.110 seconds)
217.48/217.57	['index', 'index', 'index', 'sub']: UNSAT (0.110 seconds)
217.58/217.68	['index', 'index', 'length', 'length']: UNSAT (0.082 seconds)
217.68/217.76	['index', 'index', 'length', 'substr']: UNSAT (0.113 seconds)
217.78/217.88	['index', 'index', 'length', 'add']: UNSAT (0.087 seconds)
217.88/217.97	['index', 'index', 'length', 'sub']: UNSAT (0.091 seconds)
217.88/218.06	['index', 'index', 'substr', 'substr']: UNSAT (0.346 seconds)
218.38/218.41	['index', 'index', 'substr', 'add']: UNSAT (0.135 seconds)
218.48/218.54	['index', 'index', 'substr', 'sub']: UNSAT (0.128 seconds)
218.58/218.67	['index', 'index', 'add', 'add']: UNSAT (0.107 seconds)
218.68/218.78	['index', 'index', 'add', 'sub']: UNSAT (0.106 seconds)
218.78/218.89	['index', 'index', 'sub', 'sub']: UNSAT (0.103 seconds)
218.88/218.99	['index', 'length', 'length', 'length']: UNSAT (0.062 seconds)
218.88/219.05	['index', 'length', 'length', 'substr']: UNSAT (0.086 seconds)
219.03/219.14	['index', 'length', 'length', 'add']: UNSAT (0.070 seconds)
219.18/219.21	['index', 'length', 'length', 'sub']: UNSAT (0.069 seconds)
219.18/219.28	['index', 'length', 'substr', 'substr']: UNSAT (0.223 seconds)
219.48/219.50	['index', 'length', 'substr', 'add']: UNSAT (0.101 seconds)
219.58/219.61	['index', 'length', 'substr', 'sub']: UNSAT (0.106 seconds)
219.68/219.71	['index', 'length', 'add', 'add']: UNSAT (0.087 seconds)
219.78/219.80	['index', 'length', 'add', 'sub']: UNSAT (0.085 seconds)
219.78/219.89	['index', 'length', 'sub', 'sub']: UNSAT (0.082 seconds)
219.88/219.97	['index', 'substr', 'substr', 'substr']: UNSAT (0.320 seconds)
220.18/220.29	['index', 'substr', 'substr', 'add']: UNSAT (0.166 seconds)
220.38/220.46	['index', 'substr', 'substr', 'sub']: UNSAT (0.193 seconds)
220.58/220.65	['index', 'substr', 'add', 'add']: UNSAT (0.123 seconds)
220.68/220.77	['index', 'substr', 'add', 'sub']: UNSAT (0.140 seconds)
220.88/220.92	['index', 'substr', 'sub', 'sub']: UNSAT (0.139 seconds)
220.88/221.05	['index', 'add', 'add', 'add']: UNSAT (0.110 seconds)
221.15/221.17	['index', 'add', 'add', 'sub']: UNSAT (0.105 seconds)
221.18/221.27	['index', 'add', 'sub', 'sub']: UNSAT (0.103 seconds)
221.28/221.38	['index', 'sub', 'sub', 'sub']: UNSAT (0.108 seconds)
221.38/221.48	['length', 'length', 'length', 'length']: UNSAT (0.045 seconds)
221.48/221.53	['length', 'length', 'length', 'substr']: UNSAT (0.064 seconds)
221.48/221.59	['length', 'length', 'length', 'add']: UNSAT (0.050 seconds)
221.58/221.65	['length', 'length', 'length', 'sub']: UNSAT (0.052 seconds)
221.68/221.70	['length', 'length', 'substr', 'substr']: UNSAT (0.113 seconds)
221.78/221.81	['length', 'length', 'substr', 'add']: UNSAT (0.082 seconds)
221.78/221.90	['length', 'length', 'substr', 'sub']: UNSAT (0.084 seconds)
221.88/221.98	['length', 'length', 'add', 'add']: UNSAT (0.064 seconds)
221.88/222.05	['length', 'length', 'add', 'sub']: UNSAT (0.062 seconds)
222.04/222.11	['length', 'length', 'sub', 'sub']: UNSAT (0.062 seconds)
222.15/222.17	['length', 'substr', 'substr', 'substr']: UNSAT (0.210 seconds)
222.28/222.38	['length', 'substr', 'substr', 'add']: UNSAT (0.129 seconds)
222.48/222.51	['length', 'substr', 'substr', 'sub']: UNSAT (0.126 seconds)
222.58/222.64	['length', 'substr', 'add', 'add']: UNSAT (0.093 seconds)
222.68/222.73	['length', 'substr', 'add', 'sub']: UNSAT (0.095 seconds)
222.78/222.83	['length', 'substr', 'sub', 'sub']: UNSAT (0.104 seconds)
222.88/222.93	['length', 'add', 'add', 'add']: UNSAT (0.081 seconds)
222.88/223.02	['length', 'add', 'add', 'sub']: UNSAT (0.081 seconds)
223.03/223.10	['length', 'add', 'sub', 'sub']: UNSAT (0.080 seconds)
223.15/223.18	['length', 'sub', 'sub', 'sub']: UNSAT (0.079 seconds)
223.18/223.26	['substr', 'substr', 'substr', 'substr']: UNSAT (0.175 seconds)
223.38/223.43	['substr', 'substr', 'substr', 'add']: UNSAT (0.132 seconds)
223.48/223.57	['substr', 'substr', 'substr', 'sub']: UNSAT (0.129 seconds)
223.58/223.70	['substr', 'substr', 'add', 'add']: UNSAT (0.125 seconds)
223.78/223.82	['substr', 'substr', 'add', 'sub']: UNSAT (0.116 seconds)
223.88/223.94	['substr', 'substr', 'sub', 'sub']: UNSAT (0.118 seconds)
223.88/224.06	['substr', 'add', 'add', 'add']: UNSAT (0.114 seconds)
224.15/224.17	['substr', 'add', 'add', 'sub']: UNSAT (0.102 seconds)
224.18/224.28	['substr', 'add', 'sub', 'sub']: UNSAT (0.105 seconds)
224.28/224.38	['substr', 'sub', 'sub', 'sub']: UNSAT (0.104 seconds)
224.38/224.49	['add', 'add', 'add', 'add']: UNSAT (0.096 seconds)
224.48/224.58	['add', 'add', 'add', 'sub']: UNSAT (0.097 seconds)
224.58/224.68	['add', 'add', 'sub', 'sub']: UNSAT (0.097 seconds)
224.68/224.78	['add', 'sub', 'sub', 'sub']: UNSAT (0.097 seconds)
224.78/224.88	['sub', 'sub', 'sub', 'sub']: UNSAT (0.101 seconds)
224.88/224.98	['concat', 'concat', 'concat', 'concat', 'concat']: 