25.89/25.95	=== Examples (examples-61.json)
25.89/25.95	(["?01-01-1999"],"01-01-1999")
25.89/25.95	(["?table cell"],"table cell")
25.89/25.95	(["Xprobably this"],"probably this")
25.89/25.95	=== Library
25.89/25.95	Concat
25.89/25.95	Index
25.89/25.95	Length
25.89/25.95	Substr
25.89/25.95	Add
25.89/25.95	Sub
25.89/25.95	=== Synthesis
25.89/25.95	Size: 1
25.89/25.95	Size: 2
25.89/25.95	=== Program
25.89/25.95	prog(x0):
25.89/25.95	  c0 = "1"
25.89/25.95	  r0 = Length(x0)
25.89/25.95	  r1 = Substr(x0, c0, r0)
25.89/25.95	
