0.12/0.20	=== Examples (../../dataset/examples/examples-65.json)
0.12/0.20	IO(inputs=('take out the last 3 chars',), output='ars')
0.12/0.20	IO(inputs=('abc',), output='abc')
0.12/0.20	=== Library
0.12/0.20	concat
0.12/0.20	index
0.12/0.20	length
0.12/0.20	substr
0.12/0.20	add
0.12/0.20	sub
0.12/0.20	=== Synthesis
0.12/0.20	['concat']: UNSAT (0.027 seconds)
0.12/0.23	['index']: UNSAT (0.027 seconds)
0.12/0.26	['length']: UNSAT (0.020 seconds)
0.25/0.28	['substr']: UNSAT (0.028 seconds)
0.25/0.31	['add']: UNSAT (0.023 seconds)
0.25/0.33	['sub']: UNSAT (0.024 seconds)
0.25/0.36	['concat', 'concat']: UNSAT (0.050 seconds)
0.35/0.41	['concat', 'index']: UNSAT (0.043 seconds)
0.35/0.45	['concat', 'length']: UNSAT (0.034 seconds)
0.45/0.49	['concat', 'substr']: UNSAT (0.094 seconds)
0.55/0.58	['concat', 'add']: UNSAT (0.036 seconds)
0.55/0.62	['concat', 'sub']: UNSAT (0.035 seconds)
0.63/0.65	['index', 'index']: UNSAT (0.050 seconds)
0.69/0.70	['index', 'length']: UNSAT (0.032 seconds)
0.69/0.74	['index', 'substr']: UNSAT (0.057 seconds)
0.69/0.79	['index', 'add']: UNSAT (0.034 seconds)
0.79/0.83	['index', 'sub']: UNSAT (0.035 seconds)
0.79/0.87	['length', 'length']: UNSAT (0.020 seconds)
0.79/0.89	['length', 'substr']: UNSAT (0.034 seconds)
0.89/0.92	['length', 'add']: UNSAT (0.024 seconds)
0.89/0.95	['length', 'sub']: UNSAT (0.025 seconds)
0.89/0.97	['substr', 'substr']: UNSAT (0.060 seconds)
0.89/1.03	['substr', 'add']: UNSAT (0.057 seconds)
1.02/1.09	['substr', 'sub']: UNSAT (0.060 seconds)
1.13/1.15	['add', 'add']: UNSAT (0.030 seconds)
1.13/1.18	['add', 'sub']: UNSAT (0.030 seconds)
1.19/1.21	['sub', 'sub']: UNSAT (0.031 seconds)
1.19/1.24	['concat', 'concat', 'concat']: UNSAT (0.135 seconds)
1.29/1.38	['concat', 'concat', 'index']: UNSAT (0.052 seconds)
1.39/1.43	['concat', 'concat', 'length']: UNSAT (0.040 seconds)
1.39/1.47	['concat', 'concat', 'substr']: UNSAT (0.897 seconds)
2.28/2.37	['concat', 'concat', 'add']: UNSAT (0.041 seconds)
2.38/2.41	['concat', 'concat', 'sub']: UNSAT (0.041 seconds)
2.38/2.46	['concat', 'index', 'index']: UNSAT (0.053 seconds)
2.48/2.51	['concat', 'index', 'length']: UNSAT (0.044 seconds)
2.48/2.56	['concat', 'index', 'substr']: UNSAT (9.573 seconds)
12.02/12.13	['concat', 'index', 'add']: UNSAT (0.046 seconds)
12.13/12.18	['concat', 'index', 'sub']: UNSAT (0.048 seconds)
12.18/12.22	['concat', 'length', 'length']: UNSAT (0.035 seconds)
12.18/12.26	['concat', 'length', 'substr']: SAT (0.198 seconds)
12.38/12.46	substr(concat('4`\\x03', arg0), length(arg0), 5)
