0.14/0.20	=== Examples (../../dataset/examples/examples-83.json)
0.14/0.20	IO(inputs=('george', 'conchichina xy'), output='george At:conchichina')
0.14/0.20	IO(inputs=('maebe', 'terra de sao nunca a tarde ab'), output='maebe At:terra de sao nunca a tarde')
0.14/0.20	=== Library
0.14/0.20	concat
0.14/0.20	index
0.14/0.20	length
0.14/0.20	substr
0.14/0.20	add
0.14/0.20	sub
0.14/0.20	=== Synthesis
0.14/0.20	['concat']: UNSAT (0.024 seconds)
0.14/0.23	['index']: UNSAT (0.023 seconds)
0.14/0.25	['length']: UNSAT (0.028 seconds)
0.14/0.28	['substr']: UNSAT (0.041 seconds)
0.32/0.32	['add']: UNSAT (0.020 seconds)
0.32/0.34	['sub']: UNSAT (0.019 seconds)
0.32/0.36	['concat', 'concat']: UNSAT (0.060 seconds)
0.40/0.42	['concat', 'index']: UNSAT (0.054 seconds)
0.47/0.48	['concat', 'length']: UNSAT (0.027 seconds)
0.47/0.51	['concat', 'substr']: UNSAT (0.043 seconds)
0.47/0.55	['concat', 'add']: UNSAT (0.043 seconds)
0.57/0.59	['concat', 'sub']: UNSAT (0.029 seconds)
0.57/0.62	['index', 'index']: UNSAT (0.039 seconds)
0.63/0.66	['index', 'length']: UNSAT (0.030 seconds)
0.63/0.69	['index', 'substr']: UNSAT (0.048 seconds)
0.69/0.74	['index', 'add']: UNSAT (0.046 seconds)
0.69/0.79	['index', 'sub']: UNSAT (0.035 seconds)
0.79/0.83	['length', 'length']: UNSAT (0.021 seconds)
0.79/0.85	['length', 'substr']: UNSAT (0.033 seconds)
0.79/0.88	['length', 'add']: UNSAT (0.025 seconds)
0.89/0.91	['length', 'sub']: UNSAT (0.027 seconds)
0.89/0.93	['substr', 'substr']: UNSAT (0.044 seconds)
0.89/0.98	['substr', 'add']: UNSAT (0.047 seconds)
0.89/1.03	['substr', 'sub']: UNSAT (0.037 seconds)
1.03/1.07	['add', 'add']: UNSAT (0.031 seconds)
1.03/1.10	['add', 'sub']: UNSAT (0.030 seconds)
1.03/1.13	['sub', 'sub']: UNSAT (0.031 seconds)
1.13/1.16	['concat', 'concat', 'concat']: UNSAT (0.668 seconds)
1.79/1.83	['concat', 'concat', 'index']: UNSAT (0.054 seconds)
1.79/1.88	['concat', 'concat', 'length']: UNSAT (0.043 seconds)
1.89/1.93	['concat', 'concat', 'substr']: UNSAT (0.539 seconds)
2.38/2.47	['concat', 'concat', 'add']: UNSAT (0.044 seconds)
2.48/2.51	['concat', 'concat', 'sub']: UNSAT (0.045 seconds)
2.48/2.56	['concat', 'index', 'index']: UNSAT (0.059 seconds)
2.59/2.62	['concat', 'index', 'length']: UNSAT (0.048 seconds)
2.59/2.67	['concat', 'index', 'substr']: UNSAT (0.200 seconds)
2.79/2.87	['concat', 'index', 'add']: UNSAT (0.049 seconds)
2.89/2.92	['concat', 'index', 'sub']: UNSAT (0.052 seconds)
2.89/2.97	['concat', 'length', 'length']: UNSAT (0.052 seconds)
2.89/3.03	['concat', 'length', 'substr']: UNSAT (0.078 seconds)
3.03/3.10	['concat', 'length', 'add']: UNSAT (0.038 seconds)
3.13/3.14	['concat', 'length', 'sub']: UNSAT (0.055 seconds)
3.19/3.20	['concat', 'substr', 'substr']: UNSAT (0.103 seconds)
3.29/3.30	['concat', 'substr', 'add']: UNSAT (0.053 seconds)
3.29/3.36	['concat', 'substr', 'sub']: UNSAT (0.055 seconds)
3.39/3.41	['concat', 'add', 'add']: UNSAT (0.043 seconds)
3.39/3.46	['concat', 'add', 'sub']: UNSAT (0.044 seconds)
3.49/3.50	['concat', 'sub', 'sub']: UNSAT (0.043 seconds)
3.49/3.55	['index', 'index', 'index']: UNSAT (0.067 seconds)
3.59/3.61	['index', 'index', 'length']: UNSAT (0.050 seconds)
3.59/3.66	['index', 'index', 'substr']: UNSAT (0.075 seconds)
3.69/3.74	['index', 'index', 'add']: UNSAT (0.065 seconds)
3.79/3.81	['index', 'index', 'sub']: UNSAT (0.054 seconds)
3.79/3.86	['index', 'length', 'length']: UNSAT (0.041 seconds)
3.89/3.90	['index', 'length', 'substr']: UNSAT (0.054 seconds)
3.89/3.96	['index', 'length', 'add']: UNSAT (0.048 seconds)
3.89/4.01	['index', 'length', 'sub']: UNSAT (0.058 seconds)
4.03/4.07	['index', 'substr', 'substr']: UNSAT (0.090 seconds)
4.13/4.16	['index', 'substr', 'add']: UNSAT (0.085 seconds)
4.19/4.24	['index', 'substr', 'sub']: UNSAT (0.080 seconds)
4.29/4.33	['index', 'add', 'add']: UNSAT (0.050 seconds)
4.29/4.38	['index', 'add', 'sub']: UNSAT (0.050 seconds)
4.39/4.43	['index', 'sub', 'sub']: UNSAT (0.054 seconds)
4.39/4.48	['length', 'length', 'length']: UNSAT (0.031 seconds)
4.49/4.51	['length', 'length', 'substr']: UNSAT (0.046 seconds)
4.49/4.56	['length', 'length', 'add']: UNSAT (0.034 seconds)
4.59/4.60	['length', 'length', 'sub']: UNSAT (0.032 seconds)
4.59/4.63	['length', 'substr', 'substr']: UNSAT (0.060 seconds)
4.59/4.69	['length', 'substr', 'add']: UNSAT (0.052 seconds)
4.69/4.74	['length', 'substr', 'sub']: UNSAT (0.056 seconds)
4.79/4.80	['length', 'add', 'add']: UNSAT (0.038 seconds)
4.79/4.84	['length', 'add', 'sub']: UNSAT (0.038 seconds)
4.79/4.88	['length', 'sub', 'sub']: UNSAT (0.037 seconds)
4.89/4.92	['substr', 'substr', 'substr']: UNSAT (0.066 seconds)
4.89/4.98	['substr', 'substr', 'add']: UNSAT (0.076 seconds)
5.03/5.06	['substr', 'substr', 'sub']: UNSAT (0.059 seconds)
5.03/5.12	['substr', 'add', 'add']: UNSAT (0.062 seconds)
5.13/5.18	['substr', 'add', 'sub']: UNSAT (0.058 seconds)
5.19/5.24	['substr', 'sub', 'sub']: UNSAT (0.069 seconds)
5.29/5.31	['add', 'add', 'add']: UNSAT (0.050 seconds)
5.29/5.36	['add', 'add', 'sub']: UNSAT (0.048 seconds)
5.39/5.41	['add', 'sub', 'sub']: UNSAT (0.051 seconds)
5.39/5.46	['sub', 'sub', 'sub']: UNSAT (0.047 seconds)
5.49/5.51	['concat', 'concat', 'concat', 'concat']: UNSAT (66.334 seconds)
71.79/71.84	['concat', 'concat', 'concat', 'index']: UNSAT (0.076 seconds)
71.89/71.92	['concat', 'concat', 'concat', 'length']: UNSAT (0.065 seconds)
71.89/71.99	['concat', 'concat', 'concat', 'substr']: UNSAT (56.302 seconds)
128.18/128.29	['concat', 'concat', 'concat', 'add']: UNSAT (0.066 seconds)
128.28/128.36	['concat', 'concat', 'concat', 'sub']: UNSAT (0.065 seconds)
128.38/128.42	['concat', 'concat', 'index', 'index']: UNSAT (0.085 seconds)
128.48/128.51	['concat', 'concat', 'index', 'length']: UNSAT (0.068 seconds)
128.48/128.58	['concat', 'concat', 'index', 'substr']: UNSAT (8.774 seconds)
137.28/137.35	['concat', 'concat', 'index', 'add']: UNSAT (0.079 seconds)
137.38/137.43	['concat', 'concat', 'index', 'sub']: UNSAT (0.076 seconds)
137.48/137.51	['concat', 'concat', 'length', 'length']: UNSAT (0.059 seconds)
137.48/137.57	['concat', 'concat', 'length', 'substr']: UNSAT (2.822 seconds)
140.28/140.39	['concat', 'concat', 'length', 'add']: UNSAT (0.058 seconds)
140.38/140.45	['concat', 'concat', 'length', 'sub']: UNSAT (0.057 seconds)
140.48/140.51	['concat', 'concat', 'substr', 'substr']: UNSAT (1.283 seconds)
141.68/141.79	['concat', 'concat', 'substr', 'add']: UNSAT (1.097 seconds)
142.79/142.89	['concat', 'concat', 'substr', 'sub']: UNSAT (0.771 seconds)
143.58/143.66	['concat', 'concat', 'add', 'add']: UNSAT (0.062 seconds)
143.68/143.73	['concat', 'concat', 'add', 'sub']: UNSAT (0.060 seconds)
143.68/143.79	['concat', 'concat', 'sub', 'sub']: UNSAT (0.060 seconds)
143.78/143.85	['concat', 'index', 'index', 'index']: UNSAT (0.086 seconds)
143.88/143.94	['concat', 'index', 'index', 'length']: UNSAT (0.072 seconds)
143.88/144.01	['concat', 'index', 'index', 'substr']: UNSAT (0.663 seconds)
144.58/144.67	['concat', 'index', 'index', 'add']: UNSAT (0.076 seconds)
144.68/144.75	['concat', 'index', 'index', 'sub']: UNSAT (0.077 seconds)
144.78/144.83	['concat', 'index', 'length', 'length']: UNSAT (0.060 seconds)
144.78/144.89	['concat', 'index', 'length', 'substr']: UNSAT (0.492 seconds)
145.28/145.38	['concat', 'index', 'length', 'add']: UNSAT (0.061 seconds)
145.38/145.44	['concat', 'index', 'length', 'sub']: UNSAT (0.061 seconds)
145.48/145.51	['concat', 'index', 'substr', 'substr']: UNSAT (1.198 seconds)
146.68/146.70	['concat', 'index', 'substr', 'add']: UNSAT (0.411 seconds)
147.03/147.12	['concat', 'index', 'substr', 'sub']: UNSAT (0.330 seconds)
147.38/147.45	['concat', 'index', 'add', 'add']: UNSAT (0.071 seconds)
147.48/147.52	['concat', 'index', 'add', 'sub']: UNSAT (0.070 seconds)
147.48/147.59	['concat', 'index', 'sub', 'sub']: UNSAT (0.076 seconds)
147.58/147.67	['concat', 'length', 'length', 'length']: UNSAT (0.048 seconds)
147.68/147.72	['concat', 'length', 'length', 'substr']: UNSAT (0.119 seconds)
147.78/147.84	['concat', 'length', 'length', 'add']: UNSAT (0.048 seconds)
147.78/147.89	['concat', 'length', 'length', 'sub']: UNSAT (0.048 seconds)
147.88/147.93	['concat', 'length', 'substr', 'substr']: UNSAT (0.330 seconds)
148.18/148.26	['concat', 'length', 'substr', 'add']: UNSAT (0.155 seconds)
148.38/148.42	['concat', 'length', 'substr', 'sub']: UNSAT (0.134 seconds)
148.48/148.55	['concat', 'length', 'add', 'add']: UNSAT (0.055 seconds)
148.58/148.61	['concat', 'length', 'add', 'sub']: UNSAT (0.057 seconds)
148.58/148.67	['concat', 'length', 'sub', 'sub']: UNSAT (0.058 seconds)
148.68/148.73	['concat', 'substr', 'substr', 'substr']: UNSAT (0.225 seconds)
148.88/148.95	['concat', 'substr', 'substr', 'add']: UNSAT (0.107 seconds)
149.02/149.06	['concat', 'substr', 'substr', 'sub']: UNSAT (0.105 seconds)
149.12/149.17	['concat', 'substr', 'add', 'add']: UNSAT (0.079 seconds)
149.18/149.25	['concat', 'substr', 'add', 'sub']: UNSAT (0.079 seconds)
149.28/149.33	['concat', 'substr', 'sub', 'sub']: UNSAT (0.075 seconds)
149.38/149.40	['concat', 'add', 'add', 'add']: UNSAT (0.065 seconds)
149.38/149.47	['concat', 'add', 'add', 'sub']: UNSAT (0.064 seconds)
149.48/149.53	['concat', 'add', 'sub', 'sub']: UNSAT (0.064 seconds)
149.58/149.60	['concat', 'sub', 'sub', 'sub']: UNSAT (0.067 seconds)
149.58/149.67	['index', 'index', 'index', 'index']: UNSAT (0.093 seconds)
149.68/149.76	['index', 'index', 'index', 'length']: UNSAT (0.076 seconds)
149.78/149.84	['index', 'index', 'index', 'substr']: UNSAT (0.109 seconds)
149.88/149.95	['index', 'index', 'index', 'add']: UNSAT (0.098 seconds)
150.02/150.05	['index', 'index', 'index', 'sub']: UNSAT (0.085 seconds)
150.02/150.13	['index', 'index', 'length', 'length']: UNSAT (0.062 seconds)
150.12/150.20	['index', 'index', 'length', 'substr']: UNSAT (0.092 seconds)
150.18/150.29	['index', 'index', 'length', 'add']: UNSAT (0.067 seconds)
150.28/150.36	['index', 'index', 'length', 'sub']: UNSAT (0.068 seconds)
150.38/150.43	['index', 'index', 'substr', 'substr']: UNSAT (0.294 seconds)
150.68/150.72	['index', 'index', 'substr', 'add']: UNSAT (0.118 seconds)
150.78/150.84	['index', 'index', 'substr', 'sub']: UNSAT (0.098 seconds)
150.88/150.94	['index', 'index', 'add', 'add']: UNSAT (0.079 seconds)
150.88/151.02	['index', 'index', 'add', 'sub']: UNSAT (0.080 seconds)
151.02/151.10	['index', 'index', 'sub', 'sub']: UNSAT (0.078 seconds)
151.13/151.18	['index', 'length', 'length', 'length']: UNSAT (0.049 seconds)
151.18/151.23	['index', 'length', 'length', 'substr']: UNSAT (0.069 seconds)
151.28/151.30	['index', 'length', 'length', 'add']: UNSAT (0.053 seconds)
151.28/151.35	['index', 'length', 'length', 'sub']: UNSAT (0.053 seconds)
151.38/151.41	['index', 'length', 'substr', 'substr']: UNSAT (0.123 seconds)
151.48/151.53	['index', 'length', 'substr', 'add']: UNSAT (0.079 seconds)
151.58/151.61	['index', 'length', 'substr', 'sub']: UNSAT (0.085 seconds)
151.68/151.70	['index', 'length', 'add', 'add']: UNSAT (0.066 seconds)
151.68/151.76	['index', 'length', 'add', 'sub']: UNSAT (0.064 seconds)
151.78/151.83	['index', 'length', 'sub', 'sub']: UNSAT (0.061 seconds)
151.78/151.89	['index', 'substr', 'substr', 'substr']: UNSAT (0.246 seconds)
152.03/152.14	['index', 'substr', 'substr', 'add']: UNSAT (0.128 seconds)
152.18/152.27	['index', 'substr', 'substr', 'sub']: UNSAT (0.126 seconds)
152.28/152.39	['index', 'substr', 'add', 'add']: UNSAT (0.095 seconds)
152.38/152.49	['index', 'substr', 'add', 'sub']: UNSAT (0.104 seconds)
152.48/152.60	['index', 'substr', 'sub', 'sub']: UNSAT (0.096 seconds)
152.58/152.69	['index', 'add', 'add', 'add']: UNSAT (0.082 seconds)
152.68/152.78	['index', 'add', 'add', 'sub']: UNSAT (0.080 seconds)
152.78/152.86	['index', 'add', 'sub', 'sub']: UNSAT (0.078 seconds)
152.88/152.93	['index', 'sub', 'sub', 'sub']: UNSAT (0.079 seconds)
152.88/153.01	['length', 'length', 'length', 'length']: UNSAT (0.037 seconds)
153.03/153.05	['length', 'length', 'length', 'substr']: UNSAT (0.049 seconds)
153.03/153.10	['length', 'length', 'length', 'add']: UNSAT (0.041 seconds)
153.13/153.14	['length', 'length', 'length', 'sub']: UNSAT (0.041 seconds)
153.13/153.19	['length', 'length', 'substr', 'substr']: UNSAT (0.124 seconds)
153.28/153.31	['length', 'length', 'substr', 'add']: UNSAT (0.063 seconds)
153.28/153.37	['length', 'length', 'substr', 'sub']: UNSAT (0.062 seconds)
153.38/153.44	['length', 'length', 'add', 'add']: UNSAT (0.049 seconds)
153.38/153.49	['length', 'length', 'add', 'sub']: UNSAT (0.048 seconds)
153.48/153.54	['length', 'length', 'sub', 'sub']: UNSAT (0.049 seconds)
153.48/153.59	['length', 'substr', 'substr', 'substr']: UNSAT (0.109 seconds)
153.58/153.70	['length', 'substr', 'substr', 'add']: UNSAT (0.079 seconds)
153.68/153.78	['length', 'substr', 'substr', 'sub']: UNSAT (0.079 seconds)
153.78/153.86	['length', 'substr', 'add', 'add']: UNSAT (0.066 seconds)
153.88/153.92	['length', 'substr', 'add', 'sub']: UNSAT (0.066 seconds)
153.88/153.99	['length', 'substr', 'sub', 'sub']: UNSAT (0.070 seconds)
154.03/154.06	['length', 'add', 'add', 'add']: UNSAT (0.056 seconds)
154.03/154.12	['length', 'add', 'add', 'sub']: UNSAT (0.056 seconds)
154.13/154.17	['length', 'add', 'sub', 'sub']: UNSAT (0.057 seconds)
154.18/154.23	['length', 'sub', 'sub', 'sub']: UNSAT (0.056 seconds)
154.18/154.29	['substr', 'substr', 'substr', 'substr']: UNSAT (0.100 seconds)
154.28/154.39	['substr', 'substr', 'substr', 'add']: UNSAT (0.088 seconds)
154.38/154.48	['substr', 'substr', 'substr', 'sub']: UNSAT (0.087 seconds)
154.48/154.57	['substr', 'substr', 'add', 'add']: UNSAT (0.080 seconds)
154.58/154.65	['substr', 'substr', 'add', 'sub']: UNSAT (0.081 seconds)
154.68/154.73	['substr', 'substr', 'sub', 'sub']: UNSAT (0.083 seconds)
154.78/154.81	['substr', 'add', 'add', 'add']: UNSAT (0.079 seconds)
154.78/154.89	['substr', 'add', 'add', 'sub']: UNSAT (0.075 seconds)
154.88/154.97	['substr', 'add', 'sub', 'sub']: UNSAT (0.076 seconds)
155.03/155.05	['substr', 'sub', 'sub', 'sub']: UNSAT (0.075 seconds)
155.03/155.12	['add', 'add', 'add', 'add']: UNSAT (0.073 seconds)
155.18/155.20	['add', 'add', 'add', 'sub']: UNSAT (0.073 seconds)
155.18/155.27	['add', 'add', 'sub', 'sub']: UNSAT (0.075 seconds)
155.28/155.35	['add', 'sub', 'sub', 'sub']: UNSAT (0.077 seconds)
155.38/155.42	['sub', 'sub', 'sub', 'sub']: UNSAT (0.077 seconds)
155.48/155.50	['concat', 'concat', 'concat', 'concat', 'concat']: UNKNOWN (151.459 seconds)
306.88/306.96	Reason: smt tactic failed to show goal to be sat/unsat max-conflicts-reached
306.88/306.96	Reason: smt tactic failed to show goal to be sat/unsat max-conflicts-reached
306.88/306.96	['concat', 'concat', 'concat', 'concat', 'index']: UNSAT (0.108 seconds)
307.02/307.07	['concat', 'concat', 'concat', 'concat', 'length']: UNSAT (0.087 seconds)
307.12/307.16	['concat', 'concat', 'concat', 'concat', 'substr']: 