0.10/0.20	=== Examples (../../dataset/examples/examples-07.json)
0.10/0.20	IO(inputs=('Sub of by way',), output='Sub of<br /> by way')
0.10/0.20	IO(inputs=('again sub of by way',), output='again sub of<br /> by way')
0.10/0.20	=== Library
0.10/0.20	concat
0.10/0.20	index
0.10/0.20	length
0.10/0.20	substr
0.10/0.20	add
0.10/0.20	sub
0.10/0.20	=== Synthesis
0.10/0.20	['concat']: UNSAT (0.027 seconds)
0.10/0.23	['index']: UNSAT (0.027 seconds)
0.10/0.26	['length']: UNSAT (0.020 seconds)
0.10/0.28	['substr']: UNSAT (0.029 seconds)
0.25/0.31	['add']: UNSAT (0.024 seconds)
0.25/0.33	['sub']: UNSAT (0.023 seconds)
0.25/0.36	['concat', 'concat']: UNSAT (0.084 seconds)
0.37/0.44	['concat', 'index']: UNSAT (0.042 seconds)
0.44/0.49	['concat', 'length']: UNSAT (0.033 seconds)
0.44/0.52	['concat', 'substr']: UNSAT (0.108 seconds)
0.54/0.63	['concat', 'add']: UNSAT (0.032 seconds)
0.64/0.66	['concat', 'sub']: UNSAT (0.032 seconds)
0.64/0.69	['index', 'index']: UNSAT (0.043 seconds)
0.69/0.74	['index', 'length']: UNSAT (0.029 seconds)
0.69/0.77	['index', 'substr']: UNSAT (0.043 seconds)
0.79/0.81	['index', 'add']: UNSAT (0.033 seconds)
0.79/0.84	['index', 'sub']: UNSAT (0.032 seconds)
0.79/0.88	['length', 'length']: UNSAT (0.021 seconds)
0.89/0.90	['length', 'substr']: UNSAT (0.031 seconds)
0.89/0.93	['length', 'add']: UNSAT (0.024 seconds)
0.89/0.96	['length', 'sub']: UNSAT (0.024 seconds)
0.89/0.98	['substr', 'substr']: UNSAT (0.040 seconds)
0.89/1.02	['substr', 'add']: UNSAT (0.035 seconds)
1.01/1.06	['substr', 'sub']: UNSAT (0.034 seconds)
1.01/1.09	['add', 'add']: UNSAT (0.030 seconds)
1.01/1.12	['add', 'sub']: UNSAT (0.030 seconds)
1.12/1.15	['sub', 'sub']: UNSAT (0.030 seconds)
1.12/1.18	['concat', 'concat', 'concat']: UNSAT (0.882 seconds)
2.00/2.07	['concat', 'concat', 'index']: UNSAT (0.055 seconds)
2.00/2.12	['concat', 'concat', 'length']: UNSAT (0.041 seconds)
2.13/2.17	['concat', 'concat', 'substr']: UNSAT (0.895 seconds)
3.01/3.06	['concat', 'concat', 'add']: UNSAT (0.043 seconds)
3.01/3.11	['concat', 'concat', 'sub']: UNSAT (0.040 seconds)
3.12/3.15	['concat', 'index', 'index']: UNSAT (0.054 seconds)
3.19/3.20	['concat', 'index', 'length']: UNSAT (0.040 seconds)
3.19/3.24	['concat', 'index', 'substr']: UNSAT (0.152 seconds)
3.29/3.39	['concat', 'index', 'add']: UNSAT (0.045 seconds)
3.39/3.44	['concat', 'index', 'sub']: UNSAT (0.044 seconds)
3.39/3.49	['concat', 'length', 'length']: UNSAT (0.033 seconds)
3.49/3.52	['concat', 'length', 'substr']: UNSAT (0.064 seconds)
3.49/3.58	['concat', 'length', 'add']: UNSAT (0.036 seconds)
3.59/3.62	['concat', 'length', 'sub']: UNSAT (0.032 seconds)
3.59/3.65	['concat', 'substr', 'substr']: UNSAT (0.097 seconds)
3.69/3.75	['concat', 'substr', 'add']: UNSAT (0.058 seconds)
3.79/3.81	['concat', 'substr', 'sub']: UNSAT (0.053 seconds)
3.79/3.86	['concat', 'add', 'add']: UNSAT (0.042 seconds)
3.89/3.91	['concat', 'add', 'sub']: UNSAT (0.041 seconds)
3.89/3.95	['concat', 'sub', 'sub']: UNSAT (0.043 seconds)
3.89/3.99	['index', 'index', 'index']: UNSAT (0.057 seconds)
4.00/4.05	['index', 'index', 'length']: UNSAT (0.045 seconds)
4.00/4.10	['index', 'index', 'substr']: UNSAT (0.067 seconds)
4.13/4.16	['index', 'index', 'add']: UNSAT (0.048 seconds)
4.19/4.21	['index', 'index', 'sub']: UNSAT (0.049 seconds)
4.19/4.26	['index', 'length', 'length']: UNSAT (0.035 seconds)
4.29/4.30	['index', 'length', 'substr']: UNSAT (0.046 seconds)
4.29/4.34	['index', 'length', 'add']: UNSAT (0.036 seconds)
4.29/4.38	['index', 'length', 'sub']: UNSAT (0.039 seconds)
4.39/4.42	['index', 'substr', 'substr']: UNSAT (0.099 seconds)
4.49/4.52	['index', 'substr', 'add']: UNSAT (0.058 seconds)
4.49/4.58	['index', 'substr', 'sub']: UNSAT (0.054 seconds)
4.59/4.63	['index', 'add', 'add']: UNSAT (0.047 seconds)
4.59/4.68	['index', 'add', 'sub']: UNSAT (0.045 seconds)
4.69/4.73	['index', 'sub', 'sub']: UNSAT (0.046 seconds)
4.69/4.77	['length', 'length', 'length']: UNSAT (0.025 seconds)
4.79/4.80	['length', 'length', 'substr']: UNSAT (0.039 seconds)
4.79/4.84	['length', 'length', 'add']: UNSAT (0.027 seconds)
4.79/4.87	['length', 'length', 'sub']: UNSAT (0.027 seconds)
4.79/4.89	['length', 'substr', 'substr']: UNSAT (0.059 seconds)
4.89/4.95	['length', 'substr', 'add']: UNSAT (0.048 seconds)
4.89/5.00	['length', 'substr', 'sub']: UNSAT (0.044 seconds)
5.01/5.05	['length', 'add', 'add']: UNSAT (0.039 seconds)
5.01/5.09	['length', 'add', 'sub']: UNSAT (0.039 seconds)
5.01/5.13	['length', 'sub', 'sub']: UNSAT (0.040 seconds)
5.13/5.17	['substr', 'substr', 'substr']: UNSAT (0.076 seconds)
5.19/5.24	['substr', 'substr', 'add']: UNSAT (0.060 seconds)
5.29/5.31	['substr', 'substr', 'sub']: UNSAT (0.054 seconds)
5.29/5.36	['substr', 'add', 'add']: UNSAT (0.052 seconds)
5.39/5.41	['substr', 'add', 'sub']: UNSAT (0.047 seconds)
5.39/5.46	['substr', 'sub', 'sub']: UNSAT (0.052 seconds)
5.49/5.51	['add', 'add', 'add']: UNSAT (0.044 seconds)
5.49/5.56	['add', 'add', 'sub']: UNSAT (0.046 seconds)
5.59/5.61	['add', 'sub', 'sub']: UNSAT (0.042 seconds)
5.59/5.65	['sub', 'sub', 'sub']: UNSAT (0.043 seconds)
5.59/5.69	['concat', 'concat', 'concat', 'concat']: UNSAT (157.858 seconds)
163.48/163.55	['concat', 'concat', 'concat', 'index']: UNSAT (0.073 seconds)
163.58/163.62	['concat', 'concat', 'concat', 'length']: UNSAT (0.064 seconds)
163.58/163.69	['concat', 'concat', 'concat', 'substr']: UNSAT (226.162 seconds)
389.77/389.85	['concat', 'concat', 'concat', 'add']: UNSAT (0.062 seconds)
389.87/389.91	['concat', 'concat', 'concat', 'sub']: UNSAT (0.060 seconds)
389.87/389.98	['concat', 'concat', 'index', 'index']: UNSAT (0.077 seconds)
389.99/390.05	['concat', 'concat', 'index', 'length']: UNSAT (0.070 seconds)
389.99/390.12	['concat', 'concat', 'index', 'substr']: UNSAT (13.181 seconds)
403.27/403.31	['concat', 'concat', 'index', 'add']: UNSAT (0.065 seconds)
403.27/403.37	['concat', 'concat', 'index', 'sub']: UNSAT (0.068 seconds)
403.38/403.44	['concat', 'concat', 'length', 'length']: UNSAT (0.050 seconds)
403.38/403.49	['concat', 'concat', 'length', 'substr']: UNSAT (3.355 seconds)
406.78/406.85	['concat', 'concat', 'length', 'add']: UNSAT (0.055 seconds)
406.88/406.90	['concat', 'concat', 'length', 'sub']: UNSAT (0.051 seconds)
406.88/406.96	['concat', 'concat', 'substr', 'substr']: UNSAT (1.912 seconds)
408.78/408.87	['concat', 'concat', 'substr', 'add']: UNSAT (1.868 seconds)
410.68/410.74	['concat', 'concat', 'substr', 'sub']: UNSAT (1.450 seconds)
412.12/412.19	['concat', 'concat', 'add', 'add']: UNSAT (0.055 seconds)
412.18/412.24	['concat', 'concat', 'add', 'sub']: UNSAT (0.055 seconds)
412.28/412.30	['concat', 'concat', 'sub', 'sub']: UNSAT (0.055 seconds)
412.28/412.36	['concat', 'index', 'index', 'index']: UNSAT (0.079 seconds)
412.38/412.44	['concat', 'index', 'index', 'length']: UNSAT (0.067 seconds)
412.48/412.50	['concat', 'index', 'index', 'substr']: UNSAT (0.940 seconds)
413.38/413.45	['concat', 'index', 'index', 'add']: UNSAT (0.068 seconds)
413.48/413.51	['concat', 'index', 'index', 'sub']: UNSAT (0.070 seconds)
413.48/413.59	['concat', 'index', 'length', 'length']: UNSAT (0.054 seconds)
413.57/413.64	['concat', 'index', 'length', 'substr']: UNSAT (0.409 seconds)
413.99/414.05	['concat', 'index', 'length', 'add']: UNSAT (0.059 seconds)
413.99/414.11	['concat', 'index', 'length', 'sub']: UNSAT (0.084 seconds)
414.11/414.20	['concat', 'index', 'substr', 'substr']: UNSAT (1.274 seconds)
415.37/415.47	['concat', 'index', 'substr', 'add']: UNSAT (0.626 seconds)
415.99/416.10	['concat', 'index', 'substr', 'sub']: UNSAT (0.569 seconds)
416.57/416.67	['concat', 'index', 'add', 'add']: UNSAT (0.067 seconds)
416.67/416.74	['concat', 'index', 'add', 'sub']: UNSAT (0.066 seconds)
416.77/416.80	['concat', 'index', 'sub', 'sub']: UNSAT (0.064 seconds)
416.77/416.87	['concat', 'length', 'length', 'length']: UNSAT (0.042 seconds)
416.87/416.91	['concat', 'length', 'length', 'substr']: UNSAT (0.111 seconds)
416.87/417.02	['concat', 'length', 'length', 'add']: UNSAT (0.045 seconds)
416.99/417.07	['concat', 'length', 'length', 'sub']: UNSAT (0.050 seconds)
416.99/417.12	['concat', 'length', 'substr', 'substr']: UNSAT (0.538 seconds)
417.57/417.66	['concat', 'length', 'substr', 'add']: UNSAT (0.207 seconds)
417.77/417.86	['concat', 'length', 'substr', 'sub']: UNSAT (0.176 seconds)
417.99/418.04	['concat', 'length', 'add', 'add']: UNSAT (0.051 seconds)
417.99/418.09	['concat', 'length', 'add', 'sub']: UNSAT (0.052 seconds)
418.11/418.15	['concat', 'length', 'sub', 'sub']: UNSAT (0.052 seconds)
418.17/418.20	['concat', 'substr', 'substr', 'substr']: UNSAT (0.445 seconds)
418.57/418.64	['concat', 'substr', 'substr', 'add']: UNSAT (0.306 seconds)
418.87/418.95	['concat', 'substr', 'substr', 'sub']: UNSAT (0.324 seconds)
419.17/419.28	['concat', 'substr', 'add', 'add']: UNSAT (0.225 seconds)
419.47/419.50	['concat', 'substr', 'add', 'sub']: UNSAT (0.189 seconds)
419.57/419.69	['concat', 'substr', 'sub', 'sub']: UNSAT (0.177 seconds)
419.77/419.87	['concat', 'add', 'add', 'add']: UNSAT (0.064 seconds)
419.87/419.93	['concat', 'add', 'add', 'sub']: UNSAT (0.061 seconds)
419.87/420.00	['concat', 'add', 'sub', 'sub']: UNSAT (0.062 seconds)
419.99/420.06	['concat', 'sub', 'sub', 'sub']: UNSAT (0.062 seconds)
419.99/420.12	['index', 'index', 'index', 'index']: UNSAT (0.089 seconds)
420.17/420.21	['index', 'index', 'index', 'length']: UNSAT (0.070 seconds)
420.17/420.28	['index', 'index', 'index', 'substr']: UNSAT (0.111 seconds)
420.27/420.39	['index', 'index', 'index', 'add']: UNSAT (0.079 seconds)
420.37/420.48	['index', 'index', 'index', 'sub']: UNSAT (0.081 seconds)
420.47/420.56	['index', 'index', 'length', 'length']: UNSAT (0.056 seconds)
420.57/420.61	['index', 'index', 'length', 'substr']: UNSAT (0.078 seconds)
420.57/420.69	['index', 'index', 'length', 'add']: UNSAT (0.063 seconds)
420.67/420.76	['index', 'index', 'length', 'sub']: UNSAT (0.061 seconds)
420.77/420.82	['index', 'index', 'substr', 'substr']: UNSAT (0.139 seconds)
420.87/420.96	['index', 'index', 'substr', 'add']: UNSAT (0.129 seconds)
420.99/421.09	['index', 'index', 'substr', 'sub']: UNSAT (0.118 seconds)
421.17/421.21	['index', 'index', 'add', 'add']: UNSAT (0.075 seconds)
421.17/421.28	['index', 'index', 'add', 'sub']: UNSAT (0.073 seconds)
421.27/421.36	['index', 'index', 'sub', 'sub']: UNSAT (0.074 seconds)
421.37/421.43	['index', 'length', 'length', 'length']: UNSAT (0.045 seconds)
421.37/421.48	['index', 'length', 'length', 'substr']: UNSAT (0.064 seconds)
421.47/421.54	['index', 'length', 'length', 'add']: UNSAT (0.049 seconds)
421.47/421.59	['index', 'length', 'length', 'sub']: UNSAT (0.051 seconds)
421.57/421.64	['index', 'length', 'substr', 'substr']: UNSAT (0.100 seconds)
421.67/421.75	['index', 'length', 'substr', 'add']: UNSAT (0.094 seconds)
421.78/421.84	['index', 'length', 'substr', 'sub']: UNSAT (0.075 seconds)
421.88/421.92	['index', 'length', 'add', 'add']: UNSAT (0.059 seconds)
421.88/421.98	['index', 'length', 'add', 'sub']: UNSAT (0.062 seconds)
422.00/422.04	['index', 'length', 'sub', 'sub']: UNSAT (0.058 seconds)
422.00/422.10	['index', 'substr', 'substr', 'substr']: UNSAT (0.216 seconds)
422.28/422.32	['index', 'substr', 'substr', 'add']: UNSAT (0.127 seconds)
422.38/422.44	['index', 'substr', 'substr', 'sub']: UNSAT (0.106 seconds)
422.48/422.55	['index', 'substr', 'add', 'add']: UNSAT (0.091 seconds)
422.58/422.64	['index', 'substr', 'add', 'sub']: UNSAT (0.100 seconds)
422.68/422.74	['index', 'substr', 'sub', 'sub']: UNSAT (0.091 seconds)
422.78/422.83	['index', 'add', 'add', 'add']: UNSAT (0.074 seconds)
422.87/422.91	['index', 'add', 'add', 'sub']: UNSAT (0.072 seconds)
422.87/422.98	['index', 'add', 'sub', 'sub']: UNSAT (0.073 seconds)
422.99/423.06	['index', 'sub', 'sub', 'sub']: UNSAT (0.077 seconds)
422.99/423.13	['length', 'length', 'length', 'length']: UNSAT (0.038 seconds)
423.11/423.17	['length', 'length', 'length', 'substr']: UNSAT (0.047 seconds)
423.17/423.22	['length', 'length', 'length', 'add']: UNSAT (0.040 seconds)
423.17/423.26	['length', 'length', 'length', 'sub']: UNSAT (0.040 seconds)
423.27/423.30	['length', 'length', 'substr', 'substr']: UNSAT (0.083 seconds)
423.27/423.39	['length', 'length', 'substr', 'add']: UNSAT (0.059 seconds)
423.37/423.45	['length', 'length', 'substr', 'sub']: UNSAT (0.061 seconds)
423.47/423.51	['length', 'length', 'add', 'add']: UNSAT (0.047 seconds)
423.47/423.55	['length', 'length', 'add', 'sub']: UNSAT (0.044 seconds)
423.57/423.60	['length', 'length', 'sub', 'sub']: UNSAT (0.046 seconds)
423.57/423.65	['length', 'substr', 'substr', 'substr']: UNSAT (0.153 seconds)
423.77/423.80	['length', 'substr', 'substr', 'add']: UNSAT (0.091 seconds)
423.77/423.89	['length', 'substr', 'substr', 'sub']: UNSAT (0.096 seconds)
423.87/423.99	['length', 'substr', 'add', 'add']: UNSAT (0.076 seconds)
423.99/424.07	['length', 'substr', 'add', 'sub']: UNSAT (0.069 seconds)
424.11/424.14	['length', 'substr', 'sub', 'sub']: UNSAT (0.076 seconds)
424.17/424.21	['length', 'add', 'add', 'add']: UNSAT (0.059 seconds)
424.17/424.27	['length', 'add', 'add', 'sub']: UNSAT (0.057 seconds)
424.27/424.33	['length', 'add', 'sub', 'sub']: UNSAT (0.059 seconds)
424.27/424.39	['length', 'sub', 'sub', 'sub']: UNSAT (0.058 seconds)
424.37/424.45	['substr', 'substr', 'substr', 'substr']: UNSAT (0.140 seconds)
424.47/424.59	['substr', 'substr', 'substr', 'add']: UNSAT (0.095 seconds)
424.57/424.69	['substr', 'substr', 'substr', 'sub']: UNSAT (0.100 seconds)
424.67/424.79	['substr', 'substr', 'add', 'add']: UNSAT (0.096 seconds)
424.77/424.88	['substr', 'substr', 'add', 'sub']: UNSAT (0.083 seconds)
424.87/424.97	['substr', 'substr', 'sub', 'sub']: UNSAT (0.084 seconds)
424.99/425.05	['substr', 'add', 'add', 'add']: UNSAT (0.085 seconds)
425.11/425.14	['substr', 'add', 'add', 'sub']: UNSAT (0.072 seconds)
425.17/425.21	['substr', 'add', 'sub', 'sub']: UNSAT (0.077 seconds)
425.17/425.29	['substr', 'sub', 'sub', 'sub']: UNSAT (0.074 seconds)
425.27/425.37	['add', 'add', 'add', 'add']: UNSAT (0.067 seconds)
425.37/425.43	['add', 'add', 'add', 'sub']: UNSAT (0.066 seconds)
425.47/425.50	['add', 'add', 'sub', 'sub']: UNSAT (0.069 seconds)
425.47/425.57	['add', 'sub', 'sub', 'sub']: UNSAT (0.069 seconds)
425.57/425.64	['sub', 'sub', 'sub', 'sub']: UNSAT (0.065 seconds)
425.67/425.71	['concat', 'concat', 'concat', 'concat', 'concat']: 