0.12/0.19	=== Examples (../../dataset/examples/examples-55.json)
0.12/0.19	IO(inputs=('what is this even supposed to?',), output='')
0.12/0.19	IO(inputs=('short one',), output='s')
0.12/0.19	=== Library
0.12/0.19	concat
0.12/0.19	index
0.12/0.19	length
0.12/0.19	substr
0.12/0.19	add
0.12/0.19	sub
0.12/0.19	=== Synthesis
0.12/0.19	['concat']: UNSAT (0.028 seconds)
0.12/0.22	['index']: UNSAT (0.026 seconds)
0.12/0.25	['length']: UNSAT (0.019 seconds)
0.12/0.27	['substr']: UNSAT (0.028 seconds)
0.25/0.30	['add']: UNSAT (0.024 seconds)
0.25/0.32	['sub']: UNSAT (0.023 seconds)
0.25/0.35	['concat', 'concat']: UNSAT (0.042 seconds)
0.35/0.39	['concat', 'index']: UNSAT (0.043 seconds)
0.35/0.43	['concat', 'length']: UNSAT (0.032 seconds)
0.35/0.47	['concat', 'substr']: UNSAT (0.048 seconds)
0.45/0.52	['concat', 'add']: UNSAT (0.035 seconds)
0.45/0.55	['concat', 'sub']: UNSAT (0.034 seconds)
0.56/0.59	['index', 'index']: UNSAT (0.042 seconds)
0.56/0.63	['index', 'length']: UNSAT (0.025 seconds)
0.63/0.66	['index', 'substr']: SAT (0.924 seconds)
1.49/1.58	substr(arg0, 0, index(arg0, 'hor', 0))
