0.14/0.20	=== Examples (../../dataset/examples/examples-82.json)
0.14/0.20	IO(inputs=('take last three', 'and add this'), output='ree and add this')
0.14/0.20	IO(inputs=('ueueueueueu', 'xyz'), output='ueu xyz')
0.14/0.20	=== Library
0.14/0.20	concat
0.14/0.20	index
0.14/0.20	length
0.14/0.20	substr
0.14/0.20	add
0.14/0.20	sub
0.14/0.20	=== Synthesis
0.14/0.20	['concat']: UNSAT (0.028 seconds)
0.14/0.23	['index']: UNSAT (0.029 seconds)
0.14/0.26	['length']: UNSAT (0.021 seconds)
0.14/0.28	['substr']: UNSAT (0.035 seconds)
0.28/0.32	['add']: UNSAT (0.024 seconds)
0.28/0.34	['sub']: UNSAT (0.032 seconds)
0.28/0.37	['concat', 'concat']: UNSAT (0.051 seconds)
0.37/0.43	['concat', 'index']: UNSAT (0.048 seconds)
0.37/0.48	['concat', 'length']: UNSAT (0.036 seconds)
0.45/0.51	['concat', 'substr']: UNSAT (0.053 seconds)
0.54/0.57	['concat', 'add']: UNSAT (0.038 seconds)
0.54/0.60	['concat', 'sub']: UNSAT (0.037 seconds)
0.62/0.64	['index', 'index']: UNSAT (0.037 seconds)
0.62/0.68	['index', 'length']: UNSAT (0.029 seconds)
0.69/0.71	['index', 'substr']: UNSAT (0.038 seconds)
0.69/0.75	['index', 'add']: UNSAT (0.034 seconds)
0.69/0.78	['index', 'sub']: UNSAT (0.033 seconds)
0.79/0.82	['length', 'length']: UNSAT (0.020 seconds)
0.79/0.84	['length', 'substr']: UNSAT (0.033 seconds)
0.79/0.87	['length', 'add']: UNSAT (0.025 seconds)
0.89/0.90	['length', 'sub']: UNSAT (0.023 seconds)
0.89/0.92	['substr', 'substr']: UNSAT (0.038 seconds)
0.89/0.96	['substr', 'add']: UNSAT (0.035 seconds)
0.89/1.00	['substr', 'sub']: UNSAT (0.033 seconds)
0.89/1.03	['add', 'add']: UNSAT (0.030 seconds)
1.01/1.06	['add', 'sub']: UNSAT (0.031 seconds)
1.01/1.09	['sub', 'sub']: UNSAT (0.028 seconds)
1.01/1.12	['concat', 'concat', 'concat']: UNSAT (0.071 seconds)
1.13/1.19	['concat', 'concat', 'index']: UNSAT (0.050 seconds)
1.19/1.24	['concat', 'concat', 'length']: UNSAT (0.041 seconds)
1.19/1.29	['concat', 'concat', 'substr']: UNSAT (0.545 seconds)
1.79/1.83	['concat', 'concat', 'add']: UNSAT (0.041 seconds)
1.79/1.87	['concat', 'concat', 'sub']: UNSAT (0.046 seconds)
1.89/1.92	['concat', 'index', 'index']: UNSAT (0.055 seconds)
1.89/1.98	['concat', 'index', 'length']: UNSAT (0.047 seconds)
1.89/2.02	['concat', 'index', 'substr']: UNSAT (0.719 seconds)
2.69/2.74	['concat', 'index', 'add']: UNSAT (0.045 seconds)
2.69/2.79	['concat', 'index', 'sub']: UNSAT (0.049 seconds)
2.79/2.84	['concat', 'length', 'length']: UNSAT (0.034 seconds)
2.79/2.87	['concat', 'length', 'substr']: UNSAT (0.148 seconds)
2.89/3.02	['concat', 'length', 'add']: UNSAT (0.037 seconds)
3.02/3.06	['concat', 'length', 'sub']: UNSAT (0.035 seconds)
3.02/3.10	['concat', 'substr', 'substr']: UNSAT (0.097 seconds)
3.14/3.20	['concat', 'substr', 'add']: UNSAT (0.080 seconds)
3.19/3.28	['concat', 'substr', 'sub']: UNSAT (0.076 seconds)
3.29/3.35	['concat', 'add', 'add']: UNSAT (0.045 seconds)
3.39/3.40	['concat', 'add', 'sub']: UNSAT (0.044 seconds)
3.39/3.44	['concat', 'sub', 'sub']: UNSAT (0.041 seconds)
3.39/3.49	['index', 'index', 'index']: UNSAT (0.062 seconds)
3.49/3.55	['index', 'index', 'length']: UNSAT (0.050 seconds)
3.59/3.60	['index', 'index', 'substr']: UNSAT (0.078 seconds)
3.59/3.68	['index', 'index', 'add']: UNSAT (0.052 seconds)
3.69/3.73	['index', 'index', 'sub']: UNSAT (0.053 seconds)
3.69/3.78	['index', 'length', 'length']: UNSAT (0.036 seconds)
3.79/3.82	['index', 'length', 'substr']: UNSAT (0.050 seconds)
3.79/3.87	['index', 'length', 'add']: UNSAT (0.044 seconds)
3.89/3.92	['index', 'length', 'sub']: UNSAT (0.043 seconds)
3.89/3.96	['index', 'substr', 'substr']: UNSAT (0.085 seconds)
4.01/4.05	['index', 'substr', 'add']: UNSAT (0.065 seconds)
4.01/4.11	['index', 'substr', 'sub']: UNSAT (0.061 seconds)
4.14/4.17	['index', 'add', 'add']: UNSAT (0.049 seconds)
4.19/4.22	['index', 'add', 'sub']: UNSAT (0.051 seconds)
4.19/4.28	['index', 'sub', 'sub']: UNSAT (0.048 seconds)
4.29/4.33	['length', 'length', 'length']: UNSAT (0.030 seconds)
4.29/4.36	['length', 'length', 'substr']: UNSAT (0.044 seconds)
4.39/4.40	['length', 'length', 'add']: UNSAT (0.031 seconds)
4.39/4.43	['length', 'length', 'sub']: UNSAT (0.033 seconds)
4.39/4.47	['length', 'substr', 'substr']: UNSAT (0.055 seconds)
4.49/4.52	['length', 'substr', 'add']: UNSAT (0.046 seconds)
4.49/4.57	['length', 'substr', 'sub']: UNSAT (0.043 seconds)
4.59/4.61	['length', 'add', 'add']: UNSAT (0.039 seconds)
4.59/4.65	['length', 'add', 'sub']: UNSAT (0.039 seconds)
4.59/4.69	['length', 'sub', 'sub']: UNSAT (0.038 seconds)
4.69/4.73	['substr', 'substr', 'substr']: UNSAT (0.063 seconds)
4.69/4.80	['substr', 'substr', 'add']: UNSAT (0.058 seconds)
4.79/4.85	['substr', 'substr', 'sub']: UNSAT (0.055 seconds)
4.89/4.91	['substr', 'add', 'add']: UNSAT (0.054 seconds)
4.89/4.96	['substr', 'add', 'sub']: UNSAT (0.051 seconds)
4.89/5.02	['substr', 'sub', 'sub']: UNSAT (0.050 seconds)
5.02/5.07	['add', 'add', 'add']: UNSAT (0.045 seconds)
5.02/5.11	['add', 'add', 'sub']: UNSAT (0.049 seconds)
5.14/5.16	['add', 'sub', 'sub']: UNSAT (0.045 seconds)
5.19/5.21	['sub', 'sub', 'sub']: UNSAT (0.045 seconds)
5.19/5.25	['concat', 'concat', 'concat', 'concat']: UNSAT (0.218 seconds)
5.39/5.47	['concat', 'concat', 'concat', 'index']: UNSAT (0.076 seconds)
5.49/5.55	['concat', 'concat', 'concat', 'length']: UNSAT (0.061 seconds)
5.59/5.61	['concat', 'concat', 'concat', 'substr']: UNSAT (97.971 seconds)
103.49/103.59	['concat', 'concat', 'concat', 'add']: UNSAT (0.067 seconds)
103.58/103.65	['concat', 'concat', 'concat', 'sub']: UNSAT (0.066 seconds)
103.69/103.72	['concat', 'concat', 'index', 'index']: UNSAT (0.081 seconds)
103.78/103.80	['concat', 'concat', 'index', 'length']: UNSAT (0.068 seconds)
103.78/103.87	['concat', 'concat', 'index', 'substr']: UNSAT (18.926 seconds)
122.79/122.80	['concat', 'concat', 'index', 'add']: UNSAT (0.072 seconds)
122.79/122.87	['concat', 'concat', 'index', 'sub']: UNSAT (0.068 seconds)
122.89/122.94	['concat', 'concat', 'length', 'length']: UNSAT (0.054 seconds)
122.89/122.99	['concat', 'concat', 'length', 'substr']: UNSAT (4.114 seconds)
127.01/127.11	['concat', 'concat', 'length', 'add']: UNSAT (0.055 seconds)
127.13/127.16	['concat', 'concat', 'length', 'sub']: UNSAT (0.055 seconds)
127.19/127.22	['concat', 'concat', 'substr', 'substr']: UNSAT (4.061 seconds)
131.19/131.28	['concat', 'concat', 'substr', 'add']: UNSAT (1.612 seconds)
132.79/132.90	['concat', 'concat', 'substr', 'sub']: UNSAT (0.675 seconds)
133.49/133.57	['concat', 'concat', 'add', 'add']: UNSAT (0.060 seconds)
133.59/133.63	['concat', 'concat', 'add', 'sub']: UNSAT (0.060 seconds)
133.59/133.69	['concat', 'concat', 'sub', 'sub']: UNSAT (0.060 seconds)
133.69/133.75	['concat', 'index', 'index', 'index']: UNSAT (0.086 seconds)
133.79/133.84	['concat', 'index', 'index', 'length']: UNSAT (0.070 seconds)
133.88/133.91	['concat', 'index', 'index', 'substr']: UNSAT (1.230 seconds)
135.13/135.14	['concat', 'index', 'index', 'add']: UNSAT (0.076 seconds)
135.18/135.22	['concat', 'index', 'index', 'sub']: UNSAT (0.075 seconds)
135.18/135.30	['concat', 'index', 'length', 'length']: UNSAT (0.057 seconds)
135.28/135.35	['concat', 'index', 'length', 'substr']: UNSAT (1.255 seconds)
136.58/136.61	['concat', 'index', 'length', 'add']: UNSAT (0.060 seconds)
136.58/136.67	['concat', 'index', 'length', 'sub']: UNSAT (0.060 seconds)
136.68/136.73	['concat', 'index', 'substr', 'substr']: UNSAT (3.144 seconds)
139.78/139.88	['concat', 'index', 'substr', 'add']: UNSAT (1.549 seconds)
141.38/141.43	['concat', 'index', 'substr', 'sub']: UNSAT (1.101 seconds)
142.48/142.53	['concat', 'index', 'add', 'add']: UNSAT (0.068 seconds)
142.58/142.60	['concat', 'index', 'add', 'sub']: UNSAT (0.068 seconds)
142.58/142.67	['concat', 'index', 'sub', 'sub']: UNSAT (0.068 seconds)
142.69/142.74	['concat', 'length', 'length', 'length']: UNSAT (0.045 seconds)
142.69/142.78	['concat', 'length', 'length', 'substr']: UNSAT (0.135 seconds)
142.89/142.92	['concat', 'length', 'length', 'add']: UNSAT (0.047 seconds)
142.89/142.97	['concat', 'length', 'length', 'sub']: UNSAT (0.047 seconds)
142.89/143.01	['concat', 'length', 'substr', 'substr']: UNSAT (1.194 seconds)
144.19/144.21	['concat', 'length', 'substr', 'add']: UNSAT (0.453 seconds)
144.59/144.66	['concat', 'length', 'substr', 'sub']: UNSAT (0.383 seconds)
145.01/145.05	['concat', 'length', 'add', 'add']: UNSAT (0.054 seconds)
145.01/145.10	['concat', 'length', 'add', 'sub']: UNSAT (0.053 seconds)
145.13/145.15	['concat', 'length', 'sub', 'sub']: UNSAT (0.054 seconds)
145.19/145.21	['concat', 'substr', 'substr', 'substr']: UNSAT (0.337 seconds)
145.49/145.55	['concat', 'substr', 'substr', 'add']: UNSAT (0.358 seconds)
145.89/145.91	['concat', 'substr', 'substr', 'sub']: UNSAT (0.343 seconds)
146.19/146.25	['concat', 'substr', 'add', 'add']: UNSAT (0.280 seconds)
146.49/146.53	['concat', 'substr', 'add', 'sub']: UNSAT (0.197 seconds)
146.69/146.73	['concat', 'substr', 'sub', 'sub']: UNSAT (0.182 seconds)
146.89/146.91	['concat', 'add', 'add', 'add']: UNSAT (0.065 seconds)
146.89/146.98	['concat', 'add', 'add', 'sub']: UNSAT (0.065 seconds)
147.01/147.04	['concat', 'add', 'sub', 'sub']: UNSAT (0.064 seconds)
147.01/147.11	['concat', 'sub', 'sub', 'sub']: UNSAT (0.067 seconds)
147.13/147.18	['index', 'index', 'index', 'index']: UNSAT (0.093 seconds)
147.19/147.27	['index', 'index', 'index', 'length']: UNSAT (0.077 seconds)
147.29/147.35	['index', 'index', 'index', 'substr']: UNSAT (0.134 seconds)
147.39/147.48	['index', 'index', 'index', 'add']: UNSAT (0.101 seconds)
147.49/147.59	['index', 'index', 'index', 'sub']: UNSAT (0.088 seconds)
147.58/147.68	['index', 'index', 'length', 'length']: UNSAT (0.064 seconds)
147.68/147.74	['index', 'index', 'length', 'substr']: UNSAT (0.116 seconds)
147.78/147.86	['index', 'index', 'length', 'add']: UNSAT (0.069 seconds)
147.88/147.93	['index', 'index', 'length', 'sub']: UNSAT (0.068 seconds)
147.88/148.00	['index', 'index', 'substr', 'substr']: UNSAT (0.255 seconds)
148.18/148.25	['index', 'index', 'substr', 'add']: UNSAT (0.111 seconds)
148.28/148.36	['index', 'index', 'substr', 'sub']: UNSAT (0.130 seconds)
148.39/148.50	['index', 'index', 'add', 'add']: UNSAT (0.080 seconds)
148.49/148.58	['index', 'index', 'add', 'sub']: UNSAT (0.083 seconds)
148.58/148.66	['index', 'index', 'sub', 'sub']: UNSAT (0.081 seconds)
148.68/148.74	['index', 'length', 'length', 'length']: UNSAT (0.049 seconds)
148.68/148.79	['index', 'length', 'length', 'substr']: UNSAT (0.076 seconds)
148.78/148.87	['index', 'length', 'length', 'add']: UNSAT (0.053 seconds)
148.88/148.92	['index', 'length', 'length', 'sub']: UNSAT (0.052 seconds)
148.88/148.98	['index', 'length', 'substr', 'substr']: UNSAT (0.125 seconds)
149.01/149.10	['index', 'length', 'substr', 'add']: UNSAT (0.081 seconds)
149.12/149.18	['index', 'length', 'substr', 'sub']: UNSAT (0.085 seconds)
149.18/149.27	['index', 'length', 'add', 'add']: UNSAT (0.063 seconds)
149.28/149.33	['index', 'length', 'add', 'sub']: UNSAT (0.062 seconds)
149.38/149.40	['index', 'length', 'sub', 'sub']: UNSAT (0.065 seconds)
149.38/149.46	['index', 'substr', 'substr', 'substr']: UNSAT (0.238 seconds)
149.68/149.70	['index', 'substr', 'substr', 'add']: UNSAT (0.150 seconds)
149.78/149.85	['index', 'substr', 'substr', 'sub']: UNSAT (0.154 seconds)
149.88/150.01	['index', 'substr', 'add', 'add']: UNSAT (0.096 seconds)
150.01/150.11	['index', 'substr', 'add', 'sub']: UNSAT (0.106 seconds)
150.18/150.21	['index', 'substr', 'sub', 'sub']: UNSAT (0.097 seconds)
150.28/150.31	['index', 'add', 'add', 'add']: UNSAT (0.080 seconds)
150.28/150.39	['index', 'add', 'add', 'sub']: UNSAT (0.079 seconds)
150.38/150.47	['index', 'add', 'sub', 'sub']: UNSAT (0.077 seconds)
150.48/150.55	['index', 'sub', 'sub', 'sub']: UNSAT (0.079 seconds)
150.58/150.63	['length', 'length', 'length', 'length']: UNSAT (0.038 seconds)
150.58/150.67	['length', 'length', 'length', 'substr']: UNSAT (0.047 seconds)
150.68/150.72	['length', 'length', 'length', 'add']: UNSAT (0.040 seconds)
150.68/150.76	['length', 'length', 'length', 'sub']: UNSAT (0.040 seconds)
150.78/150.80	['length', 'length', 'substr', 'substr']: UNSAT (0.109 seconds)
150.88/150.91	['length', 'length', 'substr', 'add']: UNSAT (0.060 seconds)
150.88/150.97	['length', 'length', 'substr', 'sub']: UNSAT (0.062 seconds)
150.88/151.03	['length', 'length', 'add', 'add']: UNSAT (0.049 seconds)
151.01/151.08	['length', 'length', 'add', 'sub']: UNSAT (0.049 seconds)
151.01/151.13	['length', 'length', 'sub', 'sub']: UNSAT (0.049 seconds)
151.13/151.18	['length', 'substr', 'substr', 'substr']: UNSAT (0.103 seconds)
151.18/151.28	['length', 'substr', 'substr', 'add']: UNSAT (0.079 seconds)
151.28/151.36	['length', 'substr', 'substr', 'sub']: UNSAT (0.093 seconds)
151.38/151.46	['length', 'substr', 'add', 'add']: UNSAT (0.072 seconds)
151.48/151.53	['length', 'substr', 'add', 'sub']: UNSAT (0.067 seconds)
151.58/151.60	['length', 'substr', 'sub', 'sub']: UNSAT (0.067 seconds)
151.58/151.67	['length', 'add', 'add', 'add']: UNSAT (0.056 seconds)
151.68/151.72	['length', 'add', 'add', 'sub']: UNSAT (0.055 seconds)
151.68/151.78	['length', 'add', 'sub', 'sub']: UNSAT (0.057 seconds)
151.78/151.84	['length', 'sub', 'sub', 'sub']: UNSAT (0.056 seconds)
151.78/151.89	['substr', 'substr', 'substr', 'substr']: UNSAT (0.099 seconds)
151.88/151.99	['substr', 'substr', 'substr', 'add']: UNSAT (0.086 seconds)
152.03/152.08	['substr', 'substr', 'substr', 'sub']: UNSAT (0.087 seconds)
152.14/152.17	['substr', 'substr', 'add', 'add']: UNSAT (0.081 seconds)
152.18/152.25	['substr', 'substr', 'add', 'sub']: UNSAT (0.081 seconds)
152.28/152.33	['substr', 'substr', 'sub', 'sub']: UNSAT (0.079 seconds)
152.38/152.41	['substr', 'add', 'add', 'add']: UNSAT (0.074 seconds)
152.38/152.49	['substr', 'add', 'add', 'sub']: UNSAT (0.073 seconds)
152.48/152.56	['substr', 'add', 'sub', 'sub']: UNSAT (0.072 seconds)
152.58/152.63	['substr', 'sub', 'sub', 'sub']: UNSAT (0.073 seconds)
152.68/152.71	['add', 'add', 'add', 'add']: UNSAT (0.069 seconds)
152.68/152.78	['add', 'add', 'add', 'sub']: UNSAT (0.069 seconds)
152.78/152.85	['add', 'add', 'sub', 'sub']: UNSAT (0.070 seconds)
152.88/152.92	['add', 'sub', 'sub', 'sub']: UNSAT (0.069 seconds)
152.88/152.99	['sub', 'sub', 'sub', 'sub']: UNSAT (0.070 seconds)
153.01/153.06	['concat', 'concat', 'concat', 'concat', 'concat']: UNSAT (0.420 seconds)
153.38/153.48	['concat', 'concat', 'concat', 'concat', 'index']: UNSAT (0.108 seconds)
153.48/153.59	['concat', 'concat', 'concat', 'concat', 'length']: UNSAT (0.091 seconds)
153.58/153.68	['concat', 'concat', 'concat', 'concat', 'substr']: UNKNOWN (210.620 seconds)
364.27/364.30	Reason: smt tactic failed to show goal to be sat/unsat max-conflicts-reached
364.27/364.30	Reason: smt tactic failed to show goal to be sat/unsat max-conflicts-reached
364.27/364.30	['concat', 'concat', 'concat', 'concat', 'add']: UNSAT (0.089 seconds)
364.27/364.39	['concat', 'concat', 'concat', 'concat', 'sub']: UNSAT (0.091 seconds)
364.37/364.49	['concat', 'concat', 'concat', 'index', 'index']: UNSAT (0.110 seconds)
364.57/364.60	['concat', 'concat', 'concat', 'index', 'length']: UNSAT (0.094 seconds)
364.57/364.69	['concat', 'concat', 'concat', 'index', 'substr']: UNKNOWN (138.545 seconds)
503.17/503.24	Reason: smt tactic failed to show goal to be sat/unsat max-conflicts-reached
503.17/503.24	Reason: smt tactic failed to show goal to be sat/unsat max-conflicts-reached
503.17/503.24	['concat', 'concat', 'concat', 'index', 'add']: UNSAT (0.093 seconds)
503.27/503.33	['concat', 'concat', 'concat', 'index', 'sub']: UNSAT (0.094 seconds)
503.37/503.43	['concat', 'concat', 'concat', 'length', 'length']: UNSAT (0.078 seconds)
503.47/503.51	['concat', 'concat', 'concat', 'length', 'substr']: SAT (16.767 seconds)
520.17/520.27	concat(substr(concat(concat(arg0, ' ueu'), ' ueu'), 12, length(' ueu')), arg1)
