0.11/0.20	=== Examples (../../dataset/examples/examples-61.json)
0.11/0.20	IO(inputs=('?01-01-1999',), output='01-01-1999')
0.11/0.20	IO(inputs=('?table cell',), output='table cell')
0.11/0.20	=== Library
0.11/0.20	concat
0.11/0.20	index
0.11/0.20	length
0.11/0.20	substr
0.11/0.20	add
0.11/0.20	sub
0.11/0.20	=== Synthesis
0.11/0.20	['concat']: UNSAT (0.026 seconds)
0.11/0.22	['index']: UNSAT (0.026 seconds)
0.11/0.25	['length']: UNSAT (0.020 seconds)
0.11/0.27	['substr']: UNSAT (0.028 seconds)
0.26/0.30	['add']: UNSAT (0.023 seconds)
0.26/0.32	['sub']: UNSAT (0.025 seconds)
0.26/0.35	['concat', 'concat']: UNSAT (0.066 seconds)
0.39/0.42	['concat', 'index']: UNSAT (0.039 seconds)
0.39/0.46	['concat', 'length']: UNSAT (0.025 seconds)
0.39/0.48	['concat', 'substr']: SAT (0.074 seconds)
0.52/0.56	substr(concat(arg0, arg0), 12, 12)
