0.00/0.20	=== Examples (../../dataset/examples/examples-51.json)
0.00/0.20	IO(inputs=('George ', 'Michael '), output='George  Michael')
0.00/0.20	IO(inputs=('Maebe', 'Bluth   '), output='Maebe Bluth')
0.00/0.20	=== Library
0.00/0.20	concat
0.00/0.20	index
0.00/0.20	length
0.00/0.20	substr
0.00/0.20	add
0.00/0.20	sub
0.00/0.20	=== Synthesis
0.00/0.20	['concat']: UNSAT (0.028 seconds)
0.21/0.22	['index']: UNSAT (0.028 seconds)
0.21/0.25	['length']: UNSAT (0.021 seconds)
0.21/0.27	['substr']: UNSAT (0.028 seconds)
0.21/0.30	['add']: UNSAT (0.024 seconds)
0.21/0.33	['sub']: UNSAT (0.024 seconds)
0.21/0.35	['concat', 'concat']: UNSAT (0.050 seconds)
0.21/0.40	['concat', 'index']: UNSAT (0.046 seconds)
0.40/0.45	['concat', 'length']: UNSAT (0.035 seconds)
0.40/0.49	['concat', 'substr']: UNSAT (0.047 seconds)
0.40/0.53	['concat', 'add']: UNSAT (0.037 seconds)
0.40/0.57	['concat', 'sub']: UNSAT (0.037 seconds)
0.60/0.61	['index', 'index']: UNSAT (0.041 seconds)
0.60/0.65	['index', 'length']: UNSAT (0.029 seconds)
0.60/0.68	['index', 'substr']: UNSAT (0.041 seconds)
0.60/0.72	['index', 'add']: UNSAT (0.034 seconds)
0.60/0.76	['index', 'sub']: UNSAT (0.035 seconds)
0.60/0.79	['length', 'length']: UNSAT (0.022 seconds)
0.80/0.82	['length', 'substr']: UNSAT (0.032 seconds)
0.80/0.85	['length', 'add']: UNSAT (0.024 seconds)
0.80/0.87	['length', 'sub']: UNSAT (0.025 seconds)
0.80/0.90	['substr', 'substr']: UNSAT (0.040 seconds)
0.80/0.94	['substr', 'add']: UNSAT (0.034 seconds)
0.96/0.98	['substr', 'sub']: UNSAT (0.034 seconds)
0.96/1.01	['add', 'add']: UNSAT (0.031 seconds)
0.96/1.04	['add', 'sub']: UNSAT (0.032 seconds)
1.04/1.07	['sub', 'sub']: UNSAT (0.031 seconds)
1.09/1.11	['concat', 'concat', 'concat']: UNSAT (0.149 seconds)
1.23/1.26	['concat', 'concat', 'index']: UNSAT (0.054 seconds)
1.29/1.31	['concat', 'concat', 'length']: UNSAT (0.044 seconds)
1.29/1.35	['concat', 'concat', 'substr']: UNSAT (0.251 seconds)
1.59/1.61	['concat', 'concat', 'add']: UNSAT (0.046 seconds)
1.59/1.65	['concat', 'concat', 'sub']: UNSAT (0.045 seconds)
1.69/1.70	['concat', 'index', 'index']: UNSAT (0.094 seconds)
1.69/1.80	['concat', 'index', 'length']: UNSAT (0.062 seconds)
1.79/1.86	['concat', 'index', 'substr']: UNSAT (0.169 seconds)
1.99/2.03	['concat', 'index', 'add']: UNSAT (0.063 seconds)
1.99/2.09	['concat', 'index', 'sub']: UNSAT (0.061 seconds)
2.09/2.16	['concat', 'length', 'length']: UNSAT (0.044 seconds)
2.09/2.20	['concat', 'length', 'substr']: UNSAT (0.079 seconds)
2.22/2.28	['concat', 'length', 'add']: UNSAT (0.046 seconds)
2.29/2.33	['concat', 'length', 'sub']: UNSAT (0.048 seconds)
2.29/2.38	['concat', 'substr', 'substr']: UNSAT (0.089 seconds)
2.42/2.47	['concat', 'substr', 'add']: UNSAT (0.049 seconds)
2.42/2.52	['concat', 'substr', 'sub']: UNSAT (0.050 seconds)
2.52/2.57	['concat', 'add', 'add']: UNSAT (0.039 seconds)
2.59/2.61	['concat', 'add', 'sub']: UNSAT (0.040 seconds)
2.59/2.65	['concat', 'sub', 'sub']: UNSAT (0.038 seconds)
2.59/2.69	['index', 'index', 'index']: UNSAT (0.059 seconds)
2.69/2.75	['index', 'index', 'length']: UNSAT (0.044 seconds)
2.69/2.79	['index', 'index', 'substr']: UNSAT (0.067 seconds)
2.79/2.86	['index', 'index', 'add']: UNSAT (0.051 seconds)
2.89/2.91	['index', 'index', 'sub']: UNSAT (0.053 seconds)
2.89/2.96	['index', 'length', 'length']: UNSAT (0.035 seconds)
2.99/3.00	['index', 'length', 'substr']: UNSAT (0.049 seconds)
2.99/3.05	['index', 'length', 'add']: UNSAT (0.040 seconds)
2.99/3.09	['index', 'length', 'sub']: UNSAT (0.039 seconds)
3.09/3.13	['index', 'substr', 'substr']: UNSAT (0.084 seconds)
3.09/3.21	['index', 'substr', 'add']: UNSAT (0.061 seconds)
3.22/3.28	['index', 'substr', 'sub']: UNSAT (0.055 seconds)
3.29/3.33	['index', 'add', 'add']: UNSAT (0.049 seconds)
3.29/3.38	['index', 'add', 'sub']: UNSAT (0.045 seconds)
3.29/3.43	['index', 'sub', 'sub']: UNSAT (0.047 seconds)
3.44/3.47	['length', 'length', 'length']: UNSAT (0.027 seconds)
3.44/3.50	['length', 'length', 'substr']: UNSAT (0.036 seconds)
3.44/3.54	['length', 'length', 'add']: UNSAT (0.029 seconds)
3.54/3.57	['length', 'length', 'sub']: UNSAT (0.030 seconds)
3.59/3.60	['length', 'substr', 'substr']: UNSAT (0.055 seconds)
3.59/3.65	['length', 'substr', 'add']: UNSAT (0.044 seconds)
3.69/3.70	['length', 'substr', 'sub']: UNSAT (0.044 seconds)
3.69/3.74	['length', 'add', 'add']: UNSAT (0.034 seconds)
3.69/3.78	['length', 'add', 'sub']: UNSAT (0.039 seconds)
3.79/3.82	['length', 'sub', 'sub']: UNSAT (0.038 seconds)
3.79/3.86	['substr', 'substr', 'substr']: UNSAT (0.064 seconds)
3.89/3.92	['substr', 'substr', 'add']: UNSAT (0.055 seconds)
3.89/3.98	['substr', 'substr', 'sub']: UNSAT (0.057 seconds)
3.99/4.04	['substr', 'add', 'add']: UNSAT (0.048 seconds)
3.99/4.09	['substr', 'add', 'sub']: UNSAT (0.047 seconds)
4.09/4.13	['substr', 'sub', 'sub']: UNSAT (0.047 seconds)
4.09/4.18	['add', 'add', 'add']: UNSAT (0.048 seconds)
4.20/4.23	['add', 'add', 'sub']: UNSAT (0.046 seconds)
4.20/4.28	['add', 'sub', 'sub']: UNSAT (0.048 seconds)
4.29/4.32	['sub', 'sub', 'sub']: UNSAT (0.045 seconds)
4.29/4.37	['concat', 'concat', 'concat', 'concat']: UNSAT (0.860 seconds)
5.20/5.23	['concat', 'concat', 'concat', 'index']: UNSAT (0.072 seconds)
5.29/5.30	['concat', 'concat', 'concat', 'length']: UNSAT (0.059 seconds)
5.29/5.36	['concat', 'concat', 'concat', 'substr']: UNSAT (60.666 seconds)
65.99/66.03	['concat', 'concat', 'concat', 'add']: UNSAT (0.066 seconds)
66.09/66.10	['concat', 'concat', 'concat', 'sub']: UNSAT (0.066 seconds)
66.09/66.16	['concat', 'concat', 'index', 'index']: UNSAT (0.085 seconds)
66.20/66.25	['concat', 'concat', 'index', 'length']: UNSAT (0.069 seconds)
66.29/66.32	['concat', 'concat', 'index', 'substr']: SAT (6.892 seconds)
73.20/73.22	concat(arg0, concat(' ', substr(arg1, 0, index(arg1, ' ', 0))))
