33.29/33.35	=== Examples (examples-49.json)
33.29/33.35	(["john","doe"],"JOHN DOE")
33.29/33.35	=== Library
33.29/33.35	Add
33.29/33.35	Concat
33.29/33.35	Index
33.29/33.35	Length
33.29/33.35	Sub
33.29/33.35	Substr
33.29/33.35	=== Synthesis
33.29/33.35	Size: 1
33.29/33.35	Size: 2
33.29/33.35	Size: 3
33.29/33.35	=== Program
33.29/33.35	prog(x0, x1):
33.29/33.35	  c0 = "JOHN DOE"
33.29/33.35	  c1 = "-6"
33.29/33.35	  r0 = Length(x0)
33.29/33.35	  r1 = Substr(x1, r0, c1)
33.29/33.35	  r2 = Concat(r1, c0)
33.29/33.35	
