0.13/0.19	=== Examples (../../dataset/examples/examples-27.json)
0.13/0.19	IO(inputs=('Maecenas sollicitudin tempus odio et imperdiet. Morbi sit amet mi fermentum, facilisis tellus amet.',), output='Maecenas sollicitudin tempus odio et imperdiet. Morbi sit amet mi fermentum, facilisis tellus amet....')
0.13/0.19	IO(inputs=('Pellentesque sit amet nisl non risus condimentum accumsan. Sed id eleifend dolor, ac interdum nullam.',), output='Pellentesque sit amet nisl non risus condimentum accumsan. Sed id eleifend dolor, ac interdum nullam...')
0.13/0.19	=== Library
0.13/0.19	concat
0.13/0.19	index
0.13/0.19	length
0.13/0.19	substr
0.13/0.19	add
0.13/0.19	sub
0.13/0.19	=== Synthesis
0.13/0.19	['concat']: UNSAT (0.029 seconds)
0.13/0.22	['index']: UNSAT (0.025 seconds)
0.13/0.25	['length']: UNSAT (0.021 seconds)
0.13/0.27	['substr']: UNSAT (0.032 seconds)
0.27/0.30	['add']: UNSAT (0.023 seconds)
0.27/0.33	['sub']: UNSAT (0.029 seconds)
0.27/0.36	['concat', 'concat']: UNSAT (0.299 seconds)
0.63/0.66	['concat', 'index']: UNSAT (0.045 seconds)
0.69/0.70	['concat', 'length']: UNSAT (0.032 seconds)
0.69/0.74	['concat', 'substr']: UNSAT (0.371 seconds)
1.03/1.11	['concat', 'add']: UNSAT (0.028 seconds)
1.03/1.14	['concat', 'sub']: UNSAT (0.028 seconds)
1.13/1.17	['index', 'index']: UNSAT (0.038 seconds)
1.19/1.20	['index', 'length']: UNSAT (0.026 seconds)
1.19/1.23	['index', 'substr']: UNSAT (0.049 seconds)
1.19/1.28	['index', 'add']: UNSAT (0.033 seconds)
1.29/1.31	['index', 'sub']: UNSAT (0.031 seconds)
1.29/1.35	['length', 'length']: UNSAT (0.020 seconds)
1.29/1.37	['length', 'substr']: UNSAT (0.033 seconds)
1.39/1.40	['length', 'add']: UNSAT (0.022 seconds)
1.39/1.42	['length', 'sub']: UNSAT (0.023 seconds)
1.39/1.45	['substr', 'substr']: UNSAT (0.044 seconds)
1.39/1.49	['substr', 'add']: UNSAT (0.036 seconds)
1.49/1.53	['substr', 'sub']: UNSAT (0.039 seconds)
1.49/1.57	['add', 'add']: UNSAT (0.029 seconds)
1.59/1.60	['add', 'sub']: UNSAT (0.029 seconds)
1.59/1.63	['sub', 'sub']: UNSAT (0.030 seconds)
1.59/1.66	['concat', 'concat', 'concat']: UNSAT (2.474 seconds)
4.13/4.14	['concat', 'concat', 'index']: UNSAT (0.052 seconds)
4.13/4.19	['concat', 'concat', 'length']: UNSAT (0.040 seconds)
4.19/4.23	['concat', 'concat', 'substr']: UNSAT (1.000 seconds)
5.19/5.23	['concat', 'concat', 'add']: UNSAT (0.041 seconds)
5.19/5.27	['concat', 'concat', 'sub']: UNSAT (0.041 seconds)
5.29/5.31	['concat', 'index', 'index']: UNSAT (0.055 seconds)
5.29/5.37	['concat', 'index', 'length']: UNSAT (0.044 seconds)
5.39/5.41	['concat', 'index', 'substr']: UNSAT (33.775 seconds)
39.13/39.19	['concat', 'index', 'add']: UNSAT (0.047 seconds)
39.19/39.24	['concat', 'index', 'sub']: UNSAT (0.043 seconds)
39.19/39.28	['concat', 'length', 'length']: UNSAT (0.035 seconds)
39.29/39.32	['concat', 'length', 'substr']: UNSAT (0.105 seconds)
39.39/39.42	['concat', 'length', 'add']: UNSAT (0.036 seconds)
39.39/39.46	['concat', 'length', 'sub']: UNSAT (0.035 seconds)
39.49/39.50	['concat', 'substr', 'substr']: UNSAT (0.145 seconds)
39.59/39.64	['concat', 'substr', 'add']: UNSAT (0.099 seconds)
39.69/39.74	['concat', 'substr', 'sub']: SAT (0.166 seconds)
39.89/39.91	substr(concat(arg0, '...'), sub(103, 103), 103)
