0.11/0.20	=== Examples (../../dataset/examples/examples-94.json)
0.11/0.20	IO(inputs=('<hello>',), output='hello')
0.11/0.20	IO(inputs=('<goodbye>',), output='goodbye')
0.11/0.20	=== Library
0.11/0.20	concat
0.11/0.20	index
0.11/0.20	length
0.11/0.20	substr
0.11/0.20	add
0.11/0.20	sub
0.11/0.20	=== Synthesis
0.11/0.20	['concat']: UNSAT (0.026 seconds)
0.11/0.22	['index']: UNSAT (0.027 seconds)
0.11/0.25	['length']: UNSAT (0.019 seconds)
0.11/0.27	['substr']: UNSAT (0.027 seconds)
0.25/0.30	['add']: UNSAT (0.022 seconds)
0.25/0.32	['sub']: UNSAT (0.023 seconds)
0.25/0.35	['concat', 'concat']: UNSAT (0.043 seconds)
0.35/0.39	['concat', 'index']: UNSAT (0.043 seconds)
0.35/0.43	['concat', 'length']: UNSAT (0.032 seconds)
0.35/0.47	['concat', 'substr']: UNSAT (0.085 seconds)
0.45/0.55	['concat', 'add']: UNSAT (0.034 seconds)
0.55/0.59	['concat', 'sub']: UNSAT (0.034 seconds)
0.55/0.62	['index', 'index']: UNSAT (0.038 seconds)
0.63/0.66	['index', 'length']: UNSAT (0.024 seconds)
0.63/0.68	['index', 'substr']: UNSAT (0.187 seconds)
0.79/0.87	['index', 'add']: UNSAT (0.030 seconds)
0.89/0.90	['index', 'sub']: UNSAT (0.036 seconds)
0.89/0.94	['length', 'length']: UNSAT (0.018 seconds)
0.89/0.96	['length', 'substr']: UNSAT (0.029 seconds)
0.89/0.99	['length', 'add']: UNSAT (0.022 seconds)
0.89/1.01	['length', 'sub']: UNSAT (0.022 seconds)
0.89/1.03	['substr', 'substr']: UNSAT (0.036 seconds)
1.01/1.07	['substr', 'add']: UNSAT (0.033 seconds)
1.01/1.10	['substr', 'sub']: UNSAT (0.032 seconds)
1.01/1.13	['add', 'add']: UNSAT (0.027 seconds)
1.13/1.16	['add', 'sub']: UNSAT (0.027 seconds)
1.13/1.19	['sub', 'sub']: UNSAT (0.026 seconds)
1.19/1.22	['concat', 'concat', 'concat']: UNSAT (0.113 seconds)
1.28/1.33	['concat', 'concat', 'index']: UNSAT (0.048 seconds)
1.28/1.38	['concat', 'concat', 'length']: UNSAT (0.036 seconds)
1.38/1.42	['concat', 'concat', 'substr']: UNSAT (0.985 seconds)
2.38/2.40	['concat', 'concat', 'add']: UNSAT (0.037 seconds)
2.38/2.44	['concat', 'concat', 'sub']: UNSAT (0.038 seconds)
2.38/2.48	['concat', 'index', 'index']: UNSAT (0.052 seconds)
2.48/2.53	['concat', 'index', 'length']: UNSAT (0.040 seconds)
2.48/2.57	['concat', 'index', 'substr']: UNSAT (22.340 seconds)
24.88/24.91	['concat', 'index', 'add']: UNSAT (0.078 seconds)
24.88/24.99	['concat', 'index', 'sub']: UNSAT (0.059 seconds)
25.00/25.05	['concat', 'length', 'length']: UNSAT (0.042 seconds)
25.00/25.10	['concat', 'length', 'substr']: UNSAT (0.252 seconds)
25.28/25.35	['concat', 'length', 'add']: UNSAT (0.044 seconds)
25.28/25.39	['concat', 'length', 'sub']: UNSAT (0.046 seconds)
25.38/25.44	['concat', 'substr', 'substr']: UNSAT (0.147 seconds)
25.48/25.59	['concat', 'substr', 'add']: UNSAT (0.161 seconds)
25.68/25.75	['concat', 'substr', 'sub']: UNSAT (0.059 seconds)
25.78/25.81	['concat', 'add', 'add']: UNSAT (0.038 seconds)
25.78/25.85	['concat', 'add', 'sub']: UNSAT (0.037 seconds)
25.78/25.89	['concat', 'sub', 'sub']: UNSAT (0.038 seconds)
25.88/25.93	['index', 'index', 'index']: UNSAT (0.053 seconds)
25.88/25.98	['index', 'index', 'length']: UNSAT (0.046 seconds)
25.88/26.03	['index', 'index', 'substr']: UNSAT (2.538 seconds)
28.48/28.57	['index', 'index', 'add']: UNSAT (0.047 seconds)
28.58/28.61	['index', 'index', 'sub']: UNSAT (0.047 seconds)
28.58/28.66	['index', 'length', 'length']: UNSAT (0.034 seconds)
28.58/28.70	['index', 'length', 'substr']: UNSAT (0.558 seconds)
29.18/29.26	['index', 'length', 'add']: UNSAT (0.038 seconds)
29.18/29.30	['index', 'length', 'sub']: UNSAT (0.039 seconds)
29.29/29.34	['index', 'substr', 'substr']: UNSAT (1.102 seconds)
30.39/30.44	['index', 'substr', 'add']: UNSAT (1.697 seconds)
32.01/32.14	['index', 'substr', 'sub']: SAT (0.807 seconds)
32.89/32.94	substr(arg0, 1, sub(index(arg0, '>', 1), 1))
