0.11/0.20	=== Examples (../../dataset/examples/examples-06.json)
0.11/0.20	IO(inputs=('http://www.outsystems.com',), output='www.outsystems.com')
0.11/0.20	IO(inputs=('http://tecnico.ulisboa.pt/',), output='tecnico.ulisboa.pt/')
0.11/0.20	=== Library
0.11/0.20	concat
0.11/0.20	index
0.11/0.20	length
0.11/0.20	substr
0.11/0.20	add
0.11/0.20	sub
0.11/0.20	=== Synthesis
0.11/0.20	['concat']: UNSAT (0.028 seconds)
0.11/0.23	['index']: UNSAT (0.026 seconds)
0.11/0.26	['length']: UNSAT (0.020 seconds)
0.11/0.28	['substr']: UNSAT (0.030 seconds)
0.26/0.31	['add']: UNSAT (0.024 seconds)
0.26/0.34	['sub']: UNSAT (0.023 seconds)
0.26/0.36	['concat', 'concat']: UNSAT (0.047 seconds)
0.35/0.41	['concat', 'index']: UNSAT (0.045 seconds)
0.35/0.45	['concat', 'length']: UNSAT (0.033 seconds)
0.35/0.49	['concat', 'substr']: UNSAT (0.088 seconds)
0.46/0.57	['concat', 'add']: UNSAT (0.036 seconds)
0.46/0.61	['concat', 'sub']: UNSAT (0.029 seconds)
0.46/0.64	['index', 'index']: UNSAT (0.036 seconds)
0.64/0.68	['index', 'length']: UNSAT (0.027 seconds)
0.64/0.71	['index', 'substr']: UNKNOWN (83.341 seconds)
83.98/84.05	Reason: smt tactic failed to show goal to be sat/unsat max-conflicts-reached
83.98/84.05	Reason: smt tactic failed to show goal to be sat/unsat max-conflicts-reached
83.98/84.05	['index', 'add']: UNSAT (0.031 seconds)
83.98/84.08	['index', 'sub']: UNSAT (0.031 seconds)
83.98/84.11	['length', 'length']: UNSAT (0.020 seconds)
83.98/84.13	['length', 'substr']: SAT (0.037 seconds)
84.10/84.17	substr(arg0, 7, length(arg0))
