0.13/0.20	=== Examples (../../dataset/examples/examples-19.json)
0.13/0.20	IO(inputs=('Praesent sed diam vel amet.',), output='Praesent sed diam vel amet....')
0.13/0.20	IO(inputs=('Donec ultrices finibus ultrices. Quisque lacus posuere.',), output='Donec ultrices finibus ultrices. Quisque lacus pos...')
0.13/0.20	=== Library
0.13/0.20	concat
0.13/0.20	index
0.13/0.20	length
0.13/0.20	substr
0.13/0.20	add
0.13/0.20	sub
0.13/0.20	=== Synthesis
0.13/0.20	['concat']: UNSAT (0.027 seconds)
0.13/0.23	['index']: UNSAT (0.026 seconds)
0.13/0.26	['length']: UNSAT (0.020 seconds)
0.13/0.28	['substr']: UNSAT (0.029 seconds)
0.27/0.31	['add']: UNSAT (0.023 seconds)
0.27/0.33	['sub']: UNSAT (0.023 seconds)
0.27/0.35	['concat', 'concat']: UNSAT (0.049 seconds)
0.36/0.40	['concat', 'index']: UNSAT (0.043 seconds)
0.36/0.45	['concat', 'length']: UNSAT (0.034 seconds)
0.45/0.48	['concat', 'substr']: UNSAT (0.152 seconds)
0.59/0.63	['concat', 'add']: UNSAT (0.038 seconds)
0.66/0.67	['concat', 'sub']: UNSAT (0.036 seconds)
0.68/0.71	['index', 'index']: UNSAT (0.046 seconds)
0.68/0.76	['index', 'length']: UNSAT (0.036 seconds)
0.68/0.79	['index', 'substr']: UNSAT (0.058 seconds)
0.78/0.85	['index', 'add']: UNSAT (0.040 seconds)
0.78/0.89	['index', 'sub']: UNSAT (0.043 seconds)
0.88/0.94	['length', 'length']: UNSAT (0.026 seconds)
0.88/0.96	['length', 'substr']: UNSAT (0.040 seconds)
0.88/1.00	['length', 'add']: UNSAT (0.029 seconds)
1.01/1.04	['length', 'sub']: UNSAT (0.029 seconds)
1.01/1.06	['substr', 'substr']: UNSAT (0.041 seconds)
1.01/1.11	['substr', 'add']: UNSAT (0.033 seconds)
1.11/1.14	['substr', 'sub']: UNSAT (0.033 seconds)
1.11/1.17	['add', 'add']: UNSAT (0.031 seconds)
1.18/1.21	['add', 'sub']: UNSAT (0.027 seconds)
1.18/1.23	['sub', 'sub']: UNSAT (0.026 seconds)
1.18/1.26	['concat', 'concat', 'concat']: UNSAT (0.338 seconds)
1.58/1.60	['concat', 'concat', 'index']: UNSAT (0.053 seconds)
1.58/1.65	['concat', 'concat', 'length']: UNSAT (0.038 seconds)
1.58/1.69	['concat', 'concat', 'substr']: UNSAT (0.256 seconds)
1.88/1.95	['concat', 'concat', 'add']: UNSAT (0.041 seconds)
1.88/1.99	['concat', 'concat', 'sub']: UNSAT (0.048 seconds)
2.02/2.04	['concat', 'index', 'index']: UNSAT (0.055 seconds)
2.02/2.10	['concat', 'index', 'length']: UNSAT (0.042 seconds)
2.12/2.14	['concat', 'index', 'substr']: UNSAT (0.288 seconds)
2.38/2.43	['concat', 'index', 'add']: UNSAT (0.046 seconds)
2.38/2.48	['concat', 'index', 'sub']: UNSAT (0.042 seconds)
2.49/2.52	['concat', 'length', 'length']: UNSAT (0.035 seconds)
2.49/2.55	['concat', 'length', 'substr']: UNSAT (0.078 seconds)
2.59/2.63	['concat', 'length', 'add']: UNSAT (0.040 seconds)
2.59/2.67	['concat', 'length', 'sub']: UNSAT (0.035 seconds)
2.69/2.71	['concat', 'substr', 'substr']: UNSAT (0.119 seconds)
2.79/2.83	['concat', 'substr', 'add']: UNSAT (0.076 seconds)
2.89/2.91	['concat', 'substr', 'sub']: SAT (0.413 seconds)
3.29/3.32	concat(substr(arg0, sub(50, 50), 50), '...')
