0.12/0.20	=== Examples (../../dataset/examples/examples-49.json)
0.12/0.20	IO(inputs=('john', 'doe'), output='JOHN DOE')
0.12/0.20	IO(inputs=('jane', 'smith'), output='JANE SMITH')
0.12/0.20	=== Library
0.12/0.20	concat
0.12/0.20	index
0.12/0.20	length
0.12/0.20	substr
0.12/0.20	add
0.12/0.20	sub
0.12/0.20	=== Synthesis
0.12/0.20	['concat']: UNSAT (0.028 seconds)
0.12/0.22	['index']: UNSAT (0.029 seconds)
0.12/0.25	['length']: UNSAT (0.020 seconds)
0.12/0.27	['substr']: UNSAT (0.027 seconds)
0.26/0.30	['add']: UNSAT (0.023 seconds)
0.26/0.33	['sub']: UNSAT (0.023 seconds)
0.26/0.35	['concat', 'concat']: UNSAT (0.048 seconds)
0.37/0.40	['concat', 'index']: UNSAT (0.045 seconds)
0.37/0.44	['concat', 'length']: UNSAT (0.035 seconds)
0.37/0.48	['concat', 'substr']: UNSAT (0.046 seconds)
0.47/0.53	['concat', 'add']: UNSAT (0.037 seconds)
0.47/0.56	['concat', 'sub']: UNSAT (0.036 seconds)
0.57/0.60	['index', 'index']: UNSAT (0.043 seconds)
0.63/0.65	['index', 'length']: UNSAT (0.027 seconds)
0.63/0.67	['index', 'substr']: UNSAT (0.038 seconds)
0.69/0.71	['index', 'add']: UNSAT (0.032 seconds)
0.69/0.74	['index', 'sub']: UNSAT (0.033 seconds)
0.69/0.78	['length', 'length']: UNSAT (0.020 seconds)
0.79/0.80	['length', 'substr']: UNSAT (0.027 seconds)
0.79/0.83	['length', 'add']: UNSAT (0.022 seconds)
0.79/0.85	['length', 'sub']: UNSAT (0.023 seconds)
0.79/0.87	['substr', 'substr']: UNSAT (0.036 seconds)
0.89/0.91	['substr', 'add']: UNSAT (0.031 seconds)
0.89/0.94	['substr', 'sub']: UNSAT (0.031 seconds)
0.89/0.97	['add', 'add']: UNSAT (0.028 seconds)
0.89/1.00	['add', 'sub']: UNSAT (0.028 seconds)
0.89/1.03	['sub', 'sub']: UNSAT (0.030 seconds)
1.03/1.06	['concat', 'concat', 'concat']: UNSAT (0.343 seconds)
1.39/1.40	['concat', 'concat', 'index']: UNSAT (0.049 seconds)
1.39/1.45	['concat', 'concat', 'length']: UNSAT (0.040 seconds)
1.39/1.49	['concat', 'concat', 'substr']: UNSAT (0.225 seconds)
1.69/1.72	['concat', 'concat', 'add']: UNSAT (0.043 seconds)
1.69/1.76	['concat', 'concat', 'sub']: UNSAT (0.039 seconds)
1.79/1.80	['concat', 'index', 'index']: UNSAT (0.054 seconds)
1.79/1.86	['concat', 'index', 'length']: UNSAT (0.042 seconds)
1.89/1.90	['concat', 'index', 'substr']: UNSAT (0.112 seconds)
1.89/2.01	['concat', 'index', 'add']: UNSAT (0.047 seconds)
2.02/2.06	['concat', 'index', 'sub']: UNSAT (0.044 seconds)
2.02/2.10	['concat', 'length', 'length']: UNSAT (0.031 seconds)
2.02/2.14	['concat', 'length', 'substr']: UNSAT (0.061 seconds)
2.19/2.20	['concat', 'length', 'add']: UNSAT (0.034 seconds)
2.19/2.23	['concat', 'length', 'sub']: UNSAT (0.040 seconds)
2.19/2.27	['concat', 'substr', 'substr']: UNSAT (0.072 seconds)
2.29/2.35	['concat', 'substr', 'add']: UNSAT (0.050 seconds)
2.39/2.40	['concat', 'substr', 'sub']: UNSAT (0.051 seconds)
2.39/2.45	['concat', 'add', 'add']: UNSAT (0.040 seconds)
2.39/2.49	['concat', 'add', 'sub']: UNSAT (0.039 seconds)
2.49/2.53	['concat', 'sub', 'sub']: UNSAT (0.039 seconds)
2.49/2.57	['index', 'index', 'index']: UNSAT (0.056 seconds)
2.59/2.63	['index', 'index', 'length']: UNSAT (0.044 seconds)
2.59/2.67	['index', 'index', 'substr']: UNSAT (0.063 seconds)
2.69/2.73	['index', 'index', 'add']: UNSAT (0.050 seconds)
2.69/2.79	['index', 'index', 'sub']: UNSAT (0.051 seconds)
2.79/2.84	['index', 'length', 'length']: UNSAT (0.035 seconds)
2.79/2.87	['index', 'length', 'substr']: UNSAT (0.049 seconds)
2.89/2.92	['index', 'length', 'add']: UNSAT (0.038 seconds)
2.89/2.96	['index', 'length', 'sub']: UNSAT (0.041 seconds)
2.89/3.00	['index', 'substr', 'substr']: UNSAT (0.082 seconds)
3.02/3.09	['index', 'substr', 'add']: UNSAT (0.057 seconds)
3.13/3.14	['index', 'substr', 'sub']: UNSAT (0.057 seconds)
3.19/3.20	['index', 'add', 'add']: UNSAT (0.050 seconds)
3.19/3.25	['index', 'add', 'sub']: UNSAT (0.053 seconds)
3.29/3.31	['index', 'sub', 'sub']: UNSAT (0.047 seconds)
3.29/3.35	['length', 'length', 'length']: UNSAT (0.026 seconds)
3.29/3.38	['length', 'length', 'substr']: UNSAT (0.039 seconds)
3.39/3.42	['length', 'length', 'add']: UNSAT (0.029 seconds)
3.39/3.45	['length', 'length', 'sub']: UNSAT (0.029 seconds)
3.39/3.48	['length', 'substr', 'substr']: UNSAT (0.052 seconds)
3.49/3.53	['length', 'substr', 'add']: UNSAT (0.044 seconds)
3.49/3.58	['length', 'substr', 'sub']: UNSAT (0.042 seconds)
3.59/3.62	['length', 'add', 'add']: UNSAT (0.034 seconds)
3.59/3.65	['length', 'add', 'sub']: UNSAT (0.036 seconds)
3.59/3.69	['length', 'sub', 'sub']: UNSAT (0.034 seconds)
3.69/3.73	['substr', 'substr', 'substr']: UNSAT (0.059 seconds)
3.69/3.79	['substr', 'substr', 'add']: UNSAT (0.051 seconds)
3.79/3.84	['substr', 'substr', 'sub']: UNSAT (0.051 seconds)
3.79/3.89	['substr', 'add', 'add']: UNSAT (0.047 seconds)
3.89/3.94	['substr', 'add', 'sub']: UNSAT (0.045 seconds)
3.89/3.98	['substr', 'sub', 'sub']: UNSAT (0.051 seconds)
3.89/4.03	['add', 'add', 'add']: UNSAT (0.047 seconds)
4.02/4.08	['add', 'add', 'sub']: UNSAT (0.043 seconds)
4.02/4.13	['add', 'sub', 'sub']: UNSAT (0.043 seconds)
4.13/4.17	['sub', 'sub', 'sub']: UNSAT (0.045 seconds)
4.19/4.22	['concat', 'concat', 'concat', 'concat']: UNSAT (82.089 seconds)
86.29/86.31	['concat', 'concat', 'concat', 'index']: UNSAT (0.076 seconds)
86.29/86.38	['concat', 'concat', 'concat', 'length']: UNSAT (0.066 seconds)
86.39/86.45	['concat', 'concat', 'concat', 'substr']: UNSAT (43.032 seconds)
129.39/129.48	['concat', 'concat', 'concat', 'add']: UNSAT (0.064 seconds)
129.49/129.55	['concat', 'concat', 'concat', 'sub']: UNSAT (0.061 seconds)
129.59/129.61	['concat', 'concat', 'index', 'index']: UNSAT (0.078 seconds)
129.59/129.69	['concat', 'concat', 'index', 'length']: UNSAT (0.061 seconds)
129.69/129.75	['concat', 'concat', 'index', 'substr']: UNSAT (2.266 seconds)
131.89/132.02	['concat', 'concat', 'index', 'add']: UNSAT (0.071 seconds)
132.02/132.09	['concat', 'concat', 'index', 'sub']: UNSAT (0.062 seconds)
132.13/132.15	['concat', 'concat', 'length', 'length']: UNSAT (0.051 seconds)
132.19/132.20	['concat', 'concat', 'length', 'substr']: UNSAT (1.387 seconds)
133.49/133.59	['concat', 'concat', 'length', 'add']: UNSAT (0.052 seconds)
133.59/133.64	['concat', 'concat', 'length', 'sub']: UNSAT (0.051 seconds)
133.69/133.70	['concat', 'concat', 'substr', 'substr']: UNSAT (0.961 seconds)
134.59/134.66	['concat', 'concat', 'substr', 'add']: UNSAT (0.538 seconds)
135.19/135.20	['concat', 'concat', 'substr', 'sub']: UNSAT (0.473 seconds)
135.59/135.67	['concat', 'concat', 'add', 'add']: UNSAT (0.060 seconds)
135.69/135.73	['concat', 'concat', 'add', 'sub']: UNSAT (0.055 seconds)
135.69/135.79	['concat', 'concat', 'sub', 'sub']: UNSAT (0.054 seconds)
135.79/135.84	['concat', 'index', 'index', 'index']: UNSAT (0.078 seconds)
135.88/135.92	['concat', 'index', 'index', 'length']: UNSAT (0.064 seconds)
135.88/135.99	['concat', 'index', 'index', 'substr']: UNSAT (0.332 seconds)
136.29/136.32	['concat', 'index', 'index', 'add']: UNSAT (0.072 seconds)
136.29/136.39	['concat', 'index', 'index', 'sub']: UNSAT (0.068 seconds)
136.39/136.46	['concat', 'index', 'length', 'length']: UNSAT (0.053 seconds)
136.49/136.51	['concat', 'index', 'length', 'substr']: UNSAT (0.244 seconds)
136.69/136.76	['concat', 'index', 'length', 'add']: UNSAT (0.057 seconds)
136.79/136.82	['concat', 'index', 'length', 'sub']: UNSAT (0.056 seconds)
136.79/136.87	['concat', 'index', 'substr', 'substr']: UNSAT (0.538 seconds)
137.39/137.41	['concat', 'index', 'substr', 'add']: UNSAT (0.279 seconds)
137.59/137.69	['concat', 'index', 'substr', 'sub']: UNSAT (0.211 seconds)
137.89/137.90	['concat', 'index', 'add', 'add']: UNSAT (0.065 seconds)
137.89/137.97	['concat', 'index', 'add', 'sub']: UNSAT (0.067 seconds)
137.89/138.04	['concat', 'index', 'sub', 'sub']: UNSAT (0.064 seconds)
138.02/138.10	['concat', 'length', 'length', 'length']: UNSAT (0.041 seconds)
138.13/138.14	['concat', 'length', 'length', 'substr']: UNSAT (0.113 seconds)
138.19/138.26	['concat', 'length', 'length', 'add']: UNSAT (0.047 seconds)
138.29/138.31	['concat', 'length', 'length', 'sub']: UNSAT (0.043 seconds)
138.29/138.35	['concat', 'length', 'substr', 'substr']: UNSAT (0.301 seconds)
138.59/138.65	['concat', 'length', 'substr', 'add']: UNSAT (0.143 seconds)
138.69/138.79	['concat', 'length', 'substr', 'sub']: UNSAT (0.123 seconds)
138.89/138.92	['concat', 'length', 'add', 'add']: UNSAT (0.049 seconds)
138.89/138.97	['concat', 'length', 'add', 'sub']: UNSAT (0.051 seconds)
138.89/139.02	['concat', 'length', 'sub', 'sub']: UNSAT (0.053 seconds)
139.02/139.07	['concat', 'substr', 'substr', 'substr']: UNSAT (0.166 seconds)
139.19/139.24	['concat', 'substr', 'substr', 'add']: UNSAT (0.098 seconds)
139.29/139.34	['concat', 'substr', 'substr', 'sub']: UNSAT (0.095 seconds)
139.39/139.43	['concat', 'substr', 'add', 'add']: UNSAT (0.071 seconds)
139.49/139.51	['concat', 'substr', 'add', 'sub']: UNSAT (0.070 seconds)
139.49/139.58	['concat', 'substr', 'sub', 'sub']: UNSAT (0.068 seconds)
139.59/139.64	['concat', 'add', 'add', 'add']: UNSAT (0.065 seconds)
139.69/139.71	['concat', 'add', 'add', 'sub']: UNSAT (0.062 seconds)
139.69/139.77	['concat', 'add', 'sub', 'sub']: UNSAT (0.061 seconds)
139.79/139.83	['concat', 'sub', 'sub', 'sub']: UNSAT (0.062 seconds)
139.89/139.90	['index', 'index', 'index', 'index']: UNSAT (0.085 seconds)
139.89/139.98	['index', 'index', 'index', 'length']: UNSAT (0.078 seconds)
140.02/140.06	['index', 'index', 'index', 'substr']: UNSAT (0.260 seconds)
140.29/140.32	['index', 'index', 'index', 'add']: UNSAT (0.084 seconds)
140.39/140.41	['index', 'index', 'index', 'sub']: UNSAT (0.080 seconds)
140.39/140.49	['index', 'index', 'length', 'length']: UNSAT (0.056 seconds)
140.49/140.55	['index', 'index', 'length', 'substr']: UNSAT (0.077 seconds)
140.59/140.62	['index', 'index', 'length', 'add']: UNSAT (0.066 seconds)
140.59/140.69	['index', 'index', 'length', 'sub']: UNSAT (0.068 seconds)
140.69/140.76	['index', 'index', 'substr', 'substr']: UNSAT (0.289 seconds)
141.02/141.05	['index', 'index', 'substr', 'add']: UNSAT (0.097 seconds)
141.13/141.15	['index', 'index', 'substr', 'sub']: UNSAT (0.091 seconds)
141.19/141.24	['index', 'index', 'add', 'add']: UNSAT (0.073 seconds)
141.29/141.31	['index', 'index', 'add', 'sub']: UNSAT (0.074 seconds)
141.29/141.39	['index', 'index', 'sub', 'sub']: UNSAT (0.073 seconds)
141.39/141.46	['index', 'length', 'length', 'length']: UNSAT (0.045 seconds)
141.49/141.51	['index', 'length', 'length', 'substr']: UNSAT (0.063 seconds)
141.49/141.57	['index', 'length', 'length', 'add']: UNSAT (0.048 seconds)
141.59/141.62	['index', 'length', 'length', 'sub']: UNSAT (0.049 seconds)
141.59/141.67	['index', 'length', 'substr', 'substr']: UNSAT (0.120 seconds)
141.69/141.79	['index', 'length', 'substr', 'add']: UNSAT (0.076 seconds)
141.79/141.87	['index', 'length', 'substr', 'sub']: UNSAT (0.078 seconds)
141.89/141.95	['index', 'length', 'add', 'add']: UNSAT (0.058 seconds)
141.89/142.00	['index', 'length', 'add', 'sub']: UNSAT (0.063 seconds)
142.02/142.07	['index', 'length', 'sub', 'sub']: UNSAT (0.056 seconds)
142.02/142.12	['index', 'substr', 'substr', 'substr']: UNSAT (0.174 seconds)
142.29/142.30	['index', 'substr', 'substr', 'add']: UNSAT (0.150 seconds)
142.39/142.45	['index', 'substr', 'substr', 'sub']: UNSAT (0.144 seconds)
142.59/142.60	['index', 'substr', 'add', 'add']: UNSAT (0.088 seconds)
142.59/142.69	['index', 'substr', 'add', 'sub']: UNSAT (0.107 seconds)
142.69/142.79	['index', 'substr', 'sub', 'sub']: UNSAT (0.088 seconds)
142.79/142.88	['index', 'add', 'add', 'add']: UNSAT (0.077 seconds)
142.89/142.96	['index', 'add', 'add', 'sub']: UNSAT (0.079 seconds)
143.02/143.04	['index', 'add', 'sub', 'sub']: UNSAT (0.076 seconds)
143.02/143.12	['index', 'sub', 'sub', 'sub']: UNSAT (0.073 seconds)
143.13/143.19	['length', 'length', 'length', 'length']: UNSAT (0.036 seconds)
143.19/143.23	['length', 'length', 'length', 'substr']: UNSAT (0.045 seconds)
143.19/143.27	['length', 'length', 'length', 'add']: UNSAT (0.036 seconds)
143.29/143.31	['length', 'length', 'length', 'sub']: UNSAT (0.037 seconds)
143.29/143.35	['length', 'length', 'substr', 'substr']: UNSAT (0.102 seconds)
143.39/143.45	['length', 'length', 'substr', 'add']: UNSAT (0.058 seconds)
143.49/143.51	['length', 'length', 'substr', 'sub']: UNSAT (0.058 seconds)
143.49/143.57	['length', 'length', 'add', 'add']: UNSAT (0.044 seconds)
143.59/143.61	['length', 'length', 'add', 'sub']: UNSAT (0.047 seconds)
143.59/143.66	['length', 'length', 'sub', 'sub']: UNSAT (0.045 seconds)
143.69/143.70	['length', 'substr', 'substr', 'substr']: UNSAT (0.098 seconds)
143.79/143.80	['length', 'substr', 'substr', 'add']: UNSAT (0.076 seconds)
143.79/143.88	['length', 'substr', 'substr', 'sub']: UNSAT (0.074 seconds)
143.89/143.96	['length', 'substr', 'add', 'add']: UNSAT (0.058 seconds)
143.89/144.01	['length', 'substr', 'add', 'sub']: UNSAT (0.070 seconds)
144.02/144.09	['length', 'substr', 'sub', 'sub']: UNSAT (0.062 seconds)
144.13/144.15	['length', 'add', 'add', 'add']: UNSAT (0.053 seconds)
144.19/144.20	['length', 'add', 'add', 'sub']: UNSAT (0.055 seconds)
144.19/144.26	['length', 'add', 'sub', 'sub']: UNSAT (0.052 seconds)
144.29/144.31	['length', 'sub', 'sub', 'sub']: UNSAT (0.054 seconds)
144.29/144.37	['substr', 'substr', 'substr', 'substr']: UNSAT (0.091 seconds)
144.39/144.46	['substr', 'substr', 'substr', 'add']: UNSAT (0.080 seconds)
144.49/144.54	['substr', 'substr', 'substr', 'sub']: UNSAT (0.080 seconds)
144.59/144.62	['substr', 'substr', 'add', 'add']: UNSAT (0.073 seconds)
144.59/144.69	['substr', 'substr', 'add', 'sub']: UNSAT (0.073 seconds)
144.69/144.77	['substr', 'substr', 'sub', 'sub']: UNSAT (0.078 seconds)
144.79/144.84	['substr', 'add', 'add', 'add']: UNSAT (0.072 seconds)
144.89/144.92	['substr', 'add', 'add', 'sub']: UNSAT (0.066 seconds)
144.89/144.98	['substr', 'add', 'sub', 'sub']: UNSAT (0.071 seconds)
145.02/145.06	['substr', 'sub', 'sub', 'sub']: UNSAT (0.068 seconds)
145.02/145.12	['add', 'add', 'add', 'add']: UNSAT (0.065 seconds)
145.13/145.19	['add', 'add', 'add', 'sub']: UNSAT (0.065 seconds)
145.19/145.26	['add', 'add', 'sub', 'sub']: UNSAT (0.063 seconds)
145.29/145.32	['add', 'sub', 'sub', 'sub']: UNSAT (0.065 seconds)
145.29/145.38	['sub', 'sub', 'sub', 'sub']: UNSAT (0.066 seconds)
145.39/145.45	['concat', 'concat', 'concat', 'concat', 'concat']: UNKNOWN (205.047 seconds)
350.48/350.50	Reason: smt tactic failed to show goal to be sat/unsat max-conflicts-reached
350.48/350.50	Reason: smt tactic failed to show goal to be sat/unsat max-conflicts-reached
350.48/350.50	['concat', 'concat', 'concat', 'concat', 'index']: UNSAT (0.098 seconds)
350.58/350.60	['concat', 'concat', 'concat', 'concat', 'length']: UNSAT (0.087 seconds)
350.58/350.69	['concat', 'concat', 'concat', 'concat', 'substr']: UNKNOWN (168.130 seconds)
518.78/518.82	Reason: smt tactic failed to show goal to be sat/unsat max-conflicts-reached
518.78/518.82	Reason: smt tactic failed to show goal to be sat/unsat max-conflicts-reached
518.78/518.82	['concat', 'concat', 'concat', 'concat', 'add']: UNSAT (0.084 seconds)
518.88/518.90	['concat', 'concat', 'concat', 'concat', 'sub']: UNSAT (0.087 seconds)
518.88/518.99	['concat', 'concat', 'concat', 'index', 'index']: UNSAT (0.107 seconds)
519.01/519.10	['concat', 'concat', 'concat', 'index', 'length']: UNSAT (0.092 seconds)
519.13/519.19	['concat', 'concat', 'concat', 'index', 'substr']: 