0.12/0.20	=== Examples (../../dataset/examples/examples-24.json)
0.12/0.20	IO(inputs=('Nulla sapien nisi, auctor sed.',), output='Nulla sapien nisi, auctor sed....')
0.12/0.20	IO(inputs=('Nunc sed magna in ante congue feugiat nullam.',), output='Nunc sed magna in ante congue feugiat nu...')
0.12/0.20	=== Library
0.12/0.20	concat
0.12/0.20	index
0.12/0.20	length
0.12/0.20	substr
0.12/0.20	add
0.12/0.20	sub
0.12/0.20	=== Synthesis
0.12/0.20	['concat']: UNSAT (0.028 seconds)
0.12/0.22	['index']: UNSAT (0.026 seconds)
0.12/0.25	['length']: UNSAT (0.020 seconds)
0.12/0.27	['substr']: UNSAT (0.029 seconds)
0.12/0.30	['add']: UNSAT (0.023 seconds)
0.12/0.33	['sub']: UNSAT (0.023 seconds)
0.32/0.35	['concat', 'concat']: UNSAT (0.048 seconds)
0.32/0.40	['concat', 'index']: UNSAT (0.047 seconds)
0.42/0.45	['concat', 'length']: UNSAT (0.035 seconds)
0.42/0.48	['concat', 'substr']: UNSAT (0.133 seconds)
0.56/0.62	['concat', 'add']: UNSAT (0.036 seconds)
0.56/0.65	['concat', 'sub']: UNSAT (0.034 seconds)
0.66/0.69	['index', 'index']: UNSAT (0.039 seconds)
0.72/0.73	['index', 'length']: UNSAT (0.027 seconds)
0.72/0.75	['index', 'substr']: UNSAT (0.044 seconds)
0.79/0.80	['index', 'add']: UNSAT (0.032 seconds)
0.79/0.83	['index', 'sub']: UNSAT (0.031 seconds)
0.79/0.86	['length', 'length']: UNSAT (0.020 seconds)
0.79/0.88	['length', 'substr']: UNSAT (0.031 seconds)
0.89/0.92	['length', 'add']: UNSAT (0.023 seconds)
0.89/0.94	['length', 'sub']: UNSAT (0.023 seconds)
0.89/0.96	['substr', 'substr']: UNSAT (0.039 seconds)
0.99/1.00	['substr', 'add']: UNSAT (0.034 seconds)
0.99/1.04	['substr', 'sub']: UNSAT (0.036 seconds)
0.99/1.08	['add', 'add']: UNSAT (0.031 seconds)
0.99/1.11	['add', 'sub']: UNSAT (0.029 seconds)
1.11/1.14	['sub', 'sub']: UNSAT (0.029 seconds)
1.11/1.17	['concat', 'concat', 'concat']: UNSAT (0.308 seconds)
1.39/1.48	['concat', 'concat', 'index']: UNSAT (0.051 seconds)
1.49/1.53	['concat', 'concat', 'length']: UNSAT (0.040 seconds)
1.49/1.57	['concat', 'concat', 'substr']: UNSAT (0.277 seconds)
1.79/1.85	['concat', 'concat', 'add']: UNSAT (0.041 seconds)
1.79/1.89	['concat', 'concat', 'sub']: UNSAT (0.043 seconds)
1.89/1.93	['concat', 'index', 'index']: UNSAT (0.054 seconds)
1.89/1.99	['concat', 'index', 'length']: UNSAT (0.045 seconds)
1.99/2.03	['concat', 'index', 'substr']: UNSAT (0.298 seconds)
2.29/2.33	['concat', 'index', 'add']: UNSAT (0.045 seconds)
2.29/2.38	['concat', 'index', 'sub']: UNSAT (0.046 seconds)
2.39/2.43	['concat', 'length', 'length']: UNSAT (0.033 seconds)
2.39/2.46	['concat', 'length', 'substr']: UNSAT (0.087 seconds)
2.49/2.55	['concat', 'length', 'add']: UNSAT (0.038 seconds)
2.49/2.59	['concat', 'length', 'sub']: UNSAT (0.036 seconds)
2.59/2.62	['concat', 'substr', 'substr']: UNSAT (0.129 seconds)
2.69/2.75	['concat', 'substr', 'add']: UNSAT (0.076 seconds)
2.79/2.83	['concat', 'substr', 'sub']: SAT (0.292 seconds)
2.99/3.12	concat(substr(arg0, sub(40, 40), 40), '...')
