0.11/0.18	=== Examples (../../dataset/examples/examples-40.json)
0.11/0.18	IO(inputs=('who cares about when',), output='updated on who cares about ')
0.11/0.18	IO(inputs=('maybe someone will care',), output='updated on maybe someone wi')
0.11/0.18	=== Library
0.11/0.18	concat
0.11/0.18	index
0.11/0.18	length
0.11/0.18	substr
0.11/0.18	add
0.11/0.18	sub
0.11/0.18	=== Synthesis
0.11/0.18	['concat']: UNSAT (0.022 seconds)
0.11/0.20	['index']: UNSAT (0.021 seconds)
0.11/0.22	['length']: UNSAT (0.015 seconds)
0.11/0.24	['substr']: UNSAT (0.022 seconds)
0.11/0.26	['add']: UNSAT (0.018 seconds)
0.25/0.28	['sub']: UNSAT (0.018 seconds)
0.25/0.30	['concat', 'concat']: UNSAT (0.064 seconds)
0.34/0.36	['concat', 'index']: UNSAT (0.033 seconds)
0.34/0.39	['concat', 'length']: UNSAT (0.026 seconds)
0.34/0.42	['concat', 'substr']: UNSAT (0.065 seconds)
0.44/0.49	['concat', 'add']: UNSAT (0.028 seconds)
0.44/0.52	['concat', 'sub']: UNSAT (0.028 seconds)
0.44/0.54	['index', 'index']: UNSAT (0.035 seconds)
0.54/0.58	['index', 'length']: UNSAT (0.027 seconds)
0.54/0.61	['index', 'substr']: UNSAT (0.041 seconds)
0.64/0.65	['index', 'add']: UNSAT (0.031 seconds)
0.64/0.68	['index', 'sub']: UNSAT (0.032 seconds)
0.69/0.71	['length', 'length']: UNSAT (0.020 seconds)
0.69/0.73	['length', 'substr']: UNSAT (0.030 seconds)
0.69/0.76	['length', 'add']: UNSAT (0.023 seconds)
0.69/0.79	['length', 'sub']: UNSAT (0.024 seconds)
0.79/0.81	['substr', 'substr']: UNSAT (0.041 seconds)
0.79/0.85	['substr', 'add']: UNSAT (0.034 seconds)
0.79/0.89	['substr', 'sub']: UNSAT (0.033 seconds)
0.89/0.92	['add', 'add']: UNSAT (0.029 seconds)
0.89/0.95	['add', 'sub']: UNSAT (0.029 seconds)
0.89/0.98	['sub', 'sub']: UNSAT (0.032 seconds)
0.89/1.02	['concat', 'concat', 'concat']: UNSAT (0.533 seconds)
1.49/1.55	['concat', 'concat', 'index']: UNSAT (0.050 seconds)
1.59/1.60	['concat', 'concat', 'length']: UNSAT (0.044 seconds)
1.59/1.64	['concat', 'concat', 'substr']: UNSAT (0.486 seconds)
2.12/2.13	['concat', 'concat', 'add']: UNSAT (0.041 seconds)
2.12/2.17	['concat', 'concat', 'sub']: UNSAT (0.042 seconds)
2.19/2.22	['concat', 'index', 'index']: UNSAT (0.055 seconds)
2.19/2.27	['concat', 'index', 'length']: UNSAT (0.045 seconds)
2.29/2.32	['concat', 'index', 'substr']: UNSAT (0.190 seconds)
2.49/2.51	['concat', 'index', 'add']: UNSAT (0.046 seconds)
2.49/2.55	['concat', 'index', 'sub']: UNSAT (0.046 seconds)
2.59/2.60	['concat', 'length', 'length']: UNSAT (0.033 seconds)
2.59/2.63	['concat', 'length', 'substr']: UNSAT (0.094 seconds)
2.69/2.73	['concat', 'length', 'add']: UNSAT (0.034 seconds)
2.69/2.76	['concat', 'length', 'sub']: UNSAT (0.035 seconds)
2.79/2.80	['concat', 'substr', 'substr']: UNSAT (0.110 seconds)
2.89/2.91	['concat', 'substr', 'add']: UNSAT (0.066 seconds)
2.89/2.98	['concat', 'substr', 'sub']: UNSAT (0.084 seconds)
3.01/3.06	['concat', 'add', 'add']: UNSAT (0.043 seconds)
3.01/3.11	['concat', 'add', 'sub']: UNSAT (0.041 seconds)
3.13/3.15	['concat', 'sub', 'sub']: UNSAT (0.041 seconds)
3.13/3.19	['index', 'index', 'index']: UNSAT (0.061 seconds)
3.19/3.25	['index', 'index', 'length']: UNSAT (0.048 seconds)
3.29/3.30	['index', 'index', 'substr']: UNSAT (0.071 seconds)
3.29/3.37	['index', 'index', 'add']: UNSAT (0.052 seconds)
3.39/3.42	['index', 'index', 'sub']: UNSAT (0.050 seconds)
3.39/3.48	['index', 'length', 'length']: UNSAT (0.035 seconds)
3.49/3.51	['index', 'length', 'substr']: UNSAT (0.053 seconds)
3.49/3.56	['index', 'length', 'add']: UNSAT (0.040 seconds)
3.59/3.61	['index', 'length', 'sub']: UNSAT (0.042 seconds)
3.59/3.65	['index', 'substr', 'substr']: UNSAT (0.114 seconds)
3.69/3.76	['index', 'substr', 'add']: UNSAT (0.060 seconds)
3.79/3.82	['index', 'substr', 'sub']: UNSAT (0.057 seconds)
3.79/3.88	['index', 'add', 'add']: UNSAT (0.049 seconds)
3.89/3.93	['index', 'add', 'sub']: UNSAT (0.047 seconds)
3.89/3.98	['index', 'sub', 'sub']: UNSAT (0.048 seconds)
3.89/4.03	['length', 'length', 'length']: UNSAT (0.027 seconds)
4.01/4.06	['length', 'length', 'substr']: UNSAT (0.038 seconds)
4.01/4.09	['length', 'length', 'add']: UNSAT (0.030 seconds)
4.01/4.12	['length', 'length', 'sub']: UNSAT (0.030 seconds)
4.13/4.16	['length', 'substr', 'substr']: UNSAT (0.060 seconds)
4.19/4.22	['length', 'substr', 'add']: UNSAT (0.045 seconds)
4.19/4.26	['length', 'substr', 'sub']: UNSAT (0.046 seconds)
4.29/4.31	['length', 'add', 'add']: UNSAT (0.040 seconds)
4.29/4.35	['length', 'add', 'sub']: UNSAT (0.038 seconds)
4.29/4.39	['length', 'sub', 'sub']: UNSAT (0.037 seconds)
4.39/4.43	['substr', 'substr', 'substr']: UNSAT (0.074 seconds)
4.49/4.50	['substr', 'substr', 'add']: UNSAT (0.059 seconds)
4.49/4.56	['substr', 'substr', 'sub']: UNSAT (0.059 seconds)
4.59/4.62	['substr', 'add', 'add']: UNSAT (0.054 seconds)
4.59/4.68	['substr', 'add', 'sub']: UNSAT (0.052 seconds)
4.69/4.73	['substr', 'sub', 'sub']: UNSAT (0.053 seconds)
4.69/4.78	['add', 'add', 'add']: UNSAT (0.045 seconds)
4.79/4.83	['add', 'add', 'sub']: UNSAT (0.046 seconds)
4.79/4.87	['add', 'sub', 'sub']: UNSAT (0.046 seconds)
4.89/4.92	['sub', 'sub', 'sub']: UNSAT (0.045 seconds)
4.89/4.97	['concat', 'concat', 'concat', 'concat']: UNSAT (166.190 seconds)
171.12/171.16	['concat', 'concat', 'concat', 'index']: UNSAT (0.076 seconds)
171.19/171.24	['concat', 'concat', 'concat', 'length']: UNSAT (0.066 seconds)
171.28/171.30	['concat', 'concat', 'concat', 'substr']: UNSAT (122.773 seconds)
294.00/294.08	['concat', 'concat', 'concat', 'add']: UNSAT (0.063 seconds)
294.12/294.14	['concat', 'concat', 'concat', 'sub']: UNSAT (0.059 seconds)
294.18/294.20	['concat', 'concat', 'index', 'index']: UNSAT (0.078 seconds)
294.18/294.28	['concat', 'concat', 'index', 'length']: UNSAT (0.065 seconds)
294.28/294.34	['concat', 'concat', 'index', 'substr']: UNSAT (58.310 seconds)
352.58/352.66	['concat', 'concat', 'index', 'add']: UNSAT (0.067 seconds)
352.68/352.72	['concat', 'concat', 'index', 'sub']: UNSAT (0.070 seconds)
352.68/352.79	['concat', 'concat', 'length', 'length']: UNSAT (0.052 seconds)
352.78/352.85	['concat', 'concat', 'length', 'substr']: UNSAT (3.406 seconds)
356.18/356.25	['concat', 'concat', 'length', 'add']: UNSAT (0.053 seconds)
356.28/356.31	['concat', 'concat', 'length', 'sub']: UNSAT (0.052 seconds)
356.28/356.36	['concat', 'concat', 'substr', 'substr']: UNSAT (2.189 seconds)
358.48/358.55	['concat', 'concat', 'substr', 'add']: UNSAT (2.331 seconds)
360.78/360.88	['concat', 'concat', 'substr', 'sub']: UNSAT (1.552 seconds)
362.38/362.44	['concat', 'concat', 'add', 'add']: UNSAT (0.056 seconds)
362.38/362.49	['concat', 'concat', 'add', 'sub']: UNSAT (0.056 seconds)
362.48/362.55	['concat', 'concat', 'sub', 'sub']: UNSAT (0.060 seconds)
362.58/362.61	['concat', 'index', 'index', 'index']: UNSAT (0.081 seconds)
362.58/362.69	['concat', 'index', 'index', 'length']: UNSAT (0.069 seconds)
362.68/362.76	['concat', 'index', 'index', 'substr']: UNSAT (0.819 seconds)
363.48/363.58	['concat', 'index', 'index', 'add']: UNSAT (0.073 seconds)
363.58/363.66	['concat', 'index', 'index', 'sub']: UNSAT (0.070 seconds)
363.68/363.73	['concat', 'index', 'length', 'length']: UNSAT (0.053 seconds)
363.68/363.78	['concat', 'index', 'length', 'substr']: UNSAT (0.494 seconds)
364.18/364.28	['concat', 'index', 'length', 'add']: UNSAT (0.057 seconds)
364.28/364.33	['concat', 'index', 'length', 'sub']: UNSAT (0.055 seconds)
364.28/364.39	['concat', 'index', 'substr', 'substr']: UNSAT (2.011 seconds)
366.38/366.40	['concat', 'index', 'substr', 'add']: UNSAT (0.794 seconds)
367.18/367.20	['concat', 'index', 'substr', 'sub']: UNSAT (0.720 seconds)
367.88/367.92	['concat', 'index', 'add', 'add']: UNSAT (0.064 seconds)
367.88/367.98	['concat', 'index', 'add', 'sub']: UNSAT (0.068 seconds)
368.01/368.05	['concat', 'index', 'sub', 'sub']: UNSAT (0.065 seconds)
368.01/368.12	['concat', 'length', 'length', 'length']: UNSAT (0.044 seconds)
368.13/368.16	['concat', 'length', 'length', 'substr']: UNSAT (0.125 seconds)
368.18/368.29	['concat', 'length', 'length', 'add']: UNSAT (0.044 seconds)
368.28/368.33	['concat', 'length', 'length', 'sub']: UNSAT (0.045 seconds)
368.28/368.38	['concat', 'length', 'substr', 'substr']: UNSAT (2.118 seconds)
370.49/370.50	['concat', 'length', 'substr', 'add']: UNSAT (0.302 seconds)
370.78/370.80	['concat', 'length', 'substr', 'sub']: UNSAT (0.283 seconds)
371.01/371.08	['concat', 'length', 'add', 'add']: UNSAT (0.050 seconds)
371.01/371.14	['concat', 'length', 'add', 'sub']: UNSAT (0.051 seconds)
371.13/371.19	['concat', 'length', 'sub', 'sub']: UNSAT (0.051 seconds)
371.18/371.24	['concat', 'substr', 'substr', 'substr']: UNSAT (0.461 seconds)
371.68/371.70	['concat', 'substr', 'substr', 'add']: UNSAT (0.355 seconds)
372.01/372.06	['concat', 'substr', 'substr', 'sub']: UNSAT (0.675 seconds)
372.68/372.73	['concat', 'substr', 'add', 'add']: UNSAT (0.295 seconds)
372.88/373.03	['concat', 'substr', 'add', 'sub']: UNSAT (0.201 seconds)
373.18/373.23	['concat', 'substr', 'sub', 'sub']: UNSAT (0.295 seconds)
373.49/373.53	['concat', 'add', 'add', 'add']: UNSAT (0.064 seconds)
373.49/373.59	['concat', 'add', 'add', 'sub']: UNSAT (0.063 seconds)
373.58/373.66	['concat', 'add', 'sub', 'sub']: UNSAT (0.060 seconds)
373.68/373.72	['concat', 'sub', 'sub', 'sub']: UNSAT (0.063 seconds)
373.68/373.78	['index', 'index', 'index', 'index']: UNSAT (0.087 seconds)
373.78/373.87	['index', 'index', 'index', 'length']: UNSAT (0.071 seconds)
373.88/373.94	['index', 'index', 'index', 'substr']: UNSAT (0.174 seconds)
374.00/374.11	['index', 'index', 'index', 'add']: UNSAT (0.083 seconds)
374.18/374.20	['index', 'index', 'index', 'sub']: UNSAT (0.080 seconds)
374.18/374.28	['index', 'index', 'length', 'length']: UNSAT (0.057 seconds)
374.28/374.34	['index', 'index', 'length', 'substr']: UNSAT (0.085 seconds)
374.38/374.42	['index', 'index', 'length', 'add']: UNSAT (0.063 seconds)
374.38/374.49	['index', 'index', 'length', 'sub']: UNSAT (0.065 seconds)
374.49/374.55	['index', 'index', 'substr', 'substr']: UNSAT (0.337 seconds)
374.78/374.89	['index', 'index', 'substr', 'add']: UNSAT (0.139 seconds)
374.88/375.03	['index', 'index', 'substr', 'sub']: UNSAT (0.134 seconds)
375.14/375.16	['index', 'index', 'add', 'add']: UNSAT (0.074 seconds)
375.18/375.24	['index', 'index', 'add', 'sub']: UNSAT (0.075 seconds)
375.28/375.31	['index', 'index', 'sub', 'sub']: UNSAT (0.078 seconds)
375.28/375.39	['index', 'length', 'length', 'length']: UNSAT (0.046 seconds)
375.38/375.44	['index', 'length', 'length', 'substr']: UNSAT (0.067 seconds)
375.48/375.51	['index', 'length', 'length', 'add']: UNSAT (0.049 seconds)
375.48/375.56	['index', 'length', 'length', 'sub']: UNSAT (0.051 seconds)
375.58/375.61	['index', 'length', 'substr', 'substr']: UNSAT (0.097 seconds)
375.68/375.71	['index', 'length', 'substr', 'add']: UNSAT (0.097 seconds)
375.77/375.81	['index', 'length', 'substr', 'sub']: UNSAT (0.079 seconds)
375.77/375.89	['index', 'length', 'add', 'add']: UNSAT (0.061 seconds)
375.87/375.95	['index', 'length', 'add', 'sub']: UNSAT (0.059 seconds)
375.87/376.01	['index', 'length', 'sub', 'sub']: UNSAT (0.060 seconds)
376.00/376.07	['index', 'substr', 'substr', 'substr']: UNSAT (0.174 seconds)
376.17/376.24	['index', 'substr', 'substr', 'add']: UNSAT (0.107 seconds)
376.27/376.35	['index', 'substr', 'substr', 'sub']: UNSAT (0.109 seconds)
376.37/376.46	['index', 'substr', 'add', 'add']: UNSAT (0.091 seconds)
376.48/376.55	['index', 'substr', 'add', 'sub']: UNSAT (0.104 seconds)
376.57/376.66	['index', 'substr', 'sub', 'sub']: UNSAT (0.093 seconds)
376.67/376.75	['index', 'add', 'add', 'add']: UNSAT (0.076 seconds)
376.77/376.83	['index', 'add', 'add', 'sub']: UNSAT (0.076 seconds)
376.87/376.91	['index', 'add', 'sub', 'sub']: UNSAT (0.072 seconds)
376.87/376.98	['index', 'sub', 'sub', 'sub']: UNSAT (0.073 seconds)
377.00/377.05	['length', 'length', 'length', 'length']: UNSAT (0.035 seconds)
377.00/377.09	['length', 'length', 'length', 'substr']: UNSAT (0.045 seconds)
377.00/377.13	['length', 'length', 'length', 'add']: UNSAT (0.038 seconds)
377.12/377.17	['length', 'length', 'length', 'sub']: UNSAT (0.040 seconds)
377.17/377.21	['length', 'length', 'substr', 'substr']: UNSAT (0.091 seconds)
377.27/377.31	['length', 'length', 'substr', 'add']: UNSAT (0.061 seconds)
377.27/377.37	['length', 'length', 'substr', 'sub']: UNSAT (0.065 seconds)
377.37/377.43	['length', 'length', 'add', 'add']: UNSAT (0.048 seconds)
377.37/377.48	['length', 'length', 'add', 'sub']: UNSAT (0.047 seconds)
377.48/377.53	['length', 'length', 'sub', 'sub']: UNSAT (0.044 seconds)
377.48/377.57	['length', 'substr', 'substr', 'substr']: UNSAT (0.148 seconds)
377.67/377.72	['length', 'substr', 'substr', 'add']: UNSAT (0.093 seconds)
377.77/377.82	['length', 'substr', 'substr', 'sub']: UNSAT (0.096 seconds)
377.87/377.91	['length', 'substr', 'add', 'add']: UNSAT (0.075 seconds)
377.87/377.99	['length', 'substr', 'add', 'sub']: UNSAT (0.072 seconds)
378.00/378.06	['length', 'substr', 'sub', 'sub']: UNSAT (0.072 seconds)
378.00/378.14	['length', 'add', 'add', 'add']: UNSAT (0.058 seconds)
378.12/378.20	['length', 'add', 'add', 'sub']: UNSAT (0.060 seconds)
378.17/378.26	['length', 'add', 'sub', 'sub']: UNSAT (0.059 seconds)
378.27/378.32	['length', 'sub', 'sub', 'sub']: UNSAT (0.061 seconds)
378.27/378.38	['substr', 'substr', 'substr', 'substr']: UNSAT (0.137 seconds)
378.48/378.52	['substr', 'substr', 'substr', 'add']: UNSAT (0.099 seconds)
378.57/378.62	['substr', 'substr', 'substr', 'sub']: UNSAT (0.104 seconds)
378.67/378.72	['substr', 'substr', 'add', 'add']: UNSAT (0.094 seconds)
378.77/378.82	['substr', 'substr', 'add', 'sub']: UNSAT (0.083 seconds)
378.87/378.90	['substr', 'substr', 'sub', 'sub']: UNSAT (0.083 seconds)
378.87/378.98	['substr', 'add', 'add', 'add']: UNSAT (0.085 seconds)
379.00/379.07	['substr', 'add', 'add', 'sub']: UNSAT (0.074 seconds)
379.12/379.14	['substr', 'add', 'sub', 'sub']: UNSAT (0.073 seconds)
379.17/379.22	['substr', 'sub', 'sub', 'sub']: UNSAT (0.074 seconds)
379.17/379.29	['add', 'add', 'add', 'add']: UNSAT (0.069 seconds)
379.27/379.36	['add', 'add', 'add', 'sub']: UNSAT (0.069 seconds)
379.37/379.43	['add', 'add', 'sub', 'sub']: UNSAT (0.071 seconds)
379.48/379.50	['add', 'sub', 'sub', 'sub']: UNSAT (0.069 seconds)
379.48/379.57	['sub', 'sub', 'sub', 'sub']: UNSAT (0.071 seconds)
379.57/379.65	['concat', 'concat', 'concat', 'concat', 'concat']: 