0.16/0.19	=== Examples (../../dataset/examples/examples-16.json)
0.16/0.19	IO(inputs=('  hello world',), output='hello world')
0.16/0.19	IO(inputs=(' how are you? ',), output='how are you?')
0.16/0.19	=== Library
0.16/0.19	concat
0.16/0.19	index
0.16/0.19	length
0.16/0.19	substr
0.16/0.19	add
0.16/0.19	sub
0.16/0.19	=== Synthesis
0.16/0.19	['concat']: UNSAT (0.028 seconds)
0.16/0.22	['index']: UNSAT (0.027 seconds)
0.16/0.25	['length']: UNSAT (0.020 seconds)
0.16/0.27	['substr']: UNSAT (0.028 seconds)
0.16/0.30	['add']: UNSAT (0.023 seconds)
0.30/0.32	['sub']: UNSAT (0.024 seconds)
0.30/0.35	['concat', 'concat']: UNSAT (0.046 seconds)
0.37/0.40	['concat', 'index']: UNSAT (0.043 seconds)
0.37/0.44	['concat', 'length']: UNSAT (0.033 seconds)
0.37/0.47	['concat', 'substr']: UNSAT (0.072 seconds)
0.47/0.54	['concat', 'add']: UNSAT (0.036 seconds)
0.57/0.58	['concat', 'sub']: UNSAT (0.030 seconds)
0.57/0.61	['index', 'index']: UNSAT (0.038 seconds)
0.63/0.65	['index', 'length']: UNSAT (0.025 seconds)
0.63/0.68	['index', 'substr']: UNSAT (0.179 seconds)
0.79/0.86	['index', 'add']: UNSAT (0.030 seconds)
0.79/0.89	['index', 'sub']: UNSAT (0.034 seconds)
0.89/0.92	['length', 'length']: UNSAT (0.019 seconds)
0.89/0.94	['length', 'substr']: UNSAT (0.032 seconds)
0.89/0.97	['length', 'add']: UNSAT (0.024 seconds)
0.89/1.00	['length', 'sub']: UNSAT (0.026 seconds)
0.89/1.02	['substr', 'substr']: UNSAT (0.039 seconds)
1.05/1.06	['substr', 'add']: UNSAT (0.036 seconds)
1.05/1.10	['substr', 'sub']: UNSAT (0.039 seconds)
1.05/1.14	['add', 'add']: UNSAT (0.030 seconds)
1.15/1.17	['add', 'sub']: UNSAT (0.032 seconds)
1.19/1.20	['sub', 'sub']: UNSAT (0.032 seconds)
1.19/1.25	['concat', 'concat', 'concat']: UNSAT (0.148 seconds)
1.29/1.38	['concat', 'concat', 'index']: UNSAT (0.048 seconds)
1.39/1.43	['concat', 'concat', 'length']: UNSAT (0.042 seconds)
1.39/1.47	['concat', 'concat', 'substr']: UNSAT (0.811 seconds)
2.19/2.29	['concat', 'concat', 'add']: UNSAT (0.045 seconds)
2.29/2.33	['concat', 'concat', 'sub']: UNSAT (0.040 seconds)
2.29/2.37	['concat', 'index', 'index']: UNSAT (0.060 seconds)
2.39/2.43	['concat', 'index', 'length']: UNSAT (0.045 seconds)
2.39/2.48	['concat', 'index', 'substr']: SAT (1.377 seconds)
3.79/3.86	substr(concat(arg0, arg0), index(concat(arg0, arg0), 'h', 12), 12)
