0.11/0.20	=== Examples (../../dataset/examples/examples-53.json)
0.11/0.20	IO(inputs=(' this is the same as trim man...  ',), output='this is the same as trim man...')
0.11/0.20	IO(inputs=('  know your libraries',), output='know your libraries')
0.11/0.20	=== Library
0.11/0.20	concat
0.11/0.20	index
0.11/0.20	length
0.11/0.20	substr
0.11/0.20	add
0.11/0.20	sub
0.11/0.20	=== Synthesis
0.11/0.20	['concat']: UNSAT (0.027 seconds)
0.11/0.22	['index']: UNSAT (0.026 seconds)
0.11/0.25	['length']: UNSAT (0.020 seconds)
0.11/0.27	['substr']: UNSAT (0.030 seconds)
0.26/0.30	['add']: UNSAT (0.024 seconds)
0.26/0.32	['sub']: UNSAT (0.023 seconds)
0.26/0.35	['concat', 'concat']: UNSAT (0.046 seconds)
0.37/0.39	['concat', 'index']: UNSAT (0.044 seconds)
0.37/0.44	['concat', 'length']: UNSAT (0.034 seconds)
0.37/0.47	['concat', 'substr']: UNSAT (0.083 seconds)
0.48/0.56	['concat', 'add']: UNSAT (0.032 seconds)
0.48/0.59	['concat', 'sub']: UNSAT (0.027 seconds)
0.59/0.62	['index', 'index']: UNSAT (0.035 seconds)
0.59/0.65	['index', 'length']: UNSAT (0.028 seconds)
0.66/0.68	['index', 'substr']: 