0.00/0.18	=== Examples (../../dataset/examples/examples-76.json)
0.00/0.18	IO(inputs=('abcdef', 3, 'xyz'), output='xyz')
0.00/0.18	IO(inputs=('012345', 4, '742'), output='0742')
0.00/0.18	=== Library
0.00/0.18	concat
0.00/0.18	index
0.00/0.18	length
0.00/0.18	substr
0.00/0.18	add
0.00/0.18	sub
0.00/0.18	=== Synthesis
0.00/0.18	['concat']: UNSAT (0.028 seconds)
0.00/0.21	['index']: UNSAT (0.031 seconds)
0.21/0.24	['length']: UNSAT (0.021 seconds)
0.21/0.26	['substr']: UNSAT (0.031 seconds)
0.21/0.30	['add']: UNSAT (0.026 seconds)
0.21/0.32	['sub']: UNSAT (0.026 seconds)
0.21/0.35	['concat', 'concat']: UNSAT (0.045 seconds)
0.21/0.40	['concat', 'index']: UNSAT (0.049 seconds)
0.40/0.45	['concat', 'length']: UNSAT (0.036 seconds)
0.44/0.48	['concat', 'substr']: UNSAT (0.079 seconds)
0.44/0.56	['concat', 'add']: UNSAT (0.032 seconds)
0.44/0.60	['concat', 'sub']: UNSAT (0.032 seconds)
0.60/0.63	['index', 'index']: UNSAT (0.044 seconds)
0.60/0.67	['index', 'length']: UNSAT (0.031 seconds)
0.60/0.71	['index', 'substr']: UNSAT (0.113 seconds)
0.80/0.82	['index', 'add']: UNSAT (0.038 seconds)
0.80/0.86	['index', 'sub']: UNSAT (0.038 seconds)
0.88/0.90	['length', 'length']: UNSAT (0.023 seconds)
0.88/0.92	['length', 'substr']: UNSAT (0.034 seconds)
0.88/0.96	['length', 'add']: UNSAT (0.027 seconds)
0.88/0.98	['length', 'sub']: UNSAT (0.027 seconds)
0.98/1.01	['substr', 'substr']: UNSAT (0.045 seconds)
0.98/1.06	['substr', 'add']: UNSAT (0.038 seconds)
0.98/1.10	['substr', 'sub']: UNSAT (0.038 seconds)
1.08/1.13	['add', 'add']: UNSAT (0.034 seconds)
1.08/1.17	['add', 'sub']: UNSAT (0.034 seconds)
1.08/1.20	['sub', 'sub']: UNSAT (0.035 seconds)
1.08/1.24	['concat', 'concat', 'concat']: UNSAT (0.055 seconds)
1.25/1.30	['concat', 'concat', 'index']: UNSAT (0.059 seconds)
1.25/1.36	['concat', 'concat', 'length']: UNSAT (0.045 seconds)
1.38/1.40	['concat', 'concat', 'substr']: UNSAT (1.329 seconds)
2.69/2.73	['concat', 'concat', 'add']: UNSAT (0.047 seconds)
2.69/2.78	['concat', 'concat', 'sub']: UNSAT (0.049 seconds)
2.79/2.83	['concat', 'index', 'index']: UNSAT (0.064 seconds)
2.79/2.89	['concat', 'index', 'length']: UNSAT (0.050 seconds)
2.89/2.94	['concat', 'index', 'substr']: SAT (0.261 seconds)
3.09/3.21	concat(substr('0', index(arg0, '0', 0), arg1), arg2)
