0.15/0.20	=== Examples (../../dataset/examples/examples-13.json)
0.15/0.20	IO(inputs=('Curabitur commodo volutpat.',), output='commodo volutpa')
0.15/0.20	IO(inputs=('Phasellus dignissim nullam.',), output='dignissim nulla')
0.15/0.20	IO(inputs=('Suspendisse potenti nullam.',), output='e potenti nulla')
0.15/0.20	=== Library
0.15/0.20	concat
0.15/0.20	index
0.15/0.20	length
0.15/0.20	substr
0.15/0.20	add
0.15/0.20	sub
0.15/0.20	=== Synthesis
0.15/0.20	['concat']: UNSAT (0.031 seconds)
0.15/0.23	['index']: UNSAT (0.031 seconds)
0.15/0.26	['length']: UNSAT (0.022 seconds)
0.15/0.29	['substr']: UNSAT (0.035 seconds)
0.30/0.32	['add']: UNSAT (0.027 seconds)
0.30/0.35	['sub']: UNSAT (0.026 seconds)
0.30/0.38	['concat', 'concat']: UNSAT (0.058 seconds)
0.37/0.43	['concat', 'index']: UNSAT (0.055 seconds)
0.37/0.49	['concat', 'length']: UNSAT (0.040 seconds)
0.48/0.53	['concat', 'substr']: SAT (0.342 seconds)
0.78/0.87	substr(concat('\\x00\\x00\\x00\\x00\\x00', arg0), 15, 15)
