0.12/0.22	=== Examples (../../dataset/examples/examples-75.json)
0.12/0.22	IO(inputs=('Fusce sapien eros volutpat.',), output='Fusce...tpat.')
0.12/0.22	IO(inputs=('Sed condimentum at posuere.',), output='Sed c...uere.')
0.12/0.22	IO(inputs=('Morbi id ullamcorper metus.',), output='Morbi...etus.')
0.12/0.22	=== Library
0.12/0.22	concat
0.12/0.22	index
0.12/0.22	length
0.12/0.22	substr
0.12/0.22	add
0.12/0.22	sub
0.12/0.22	=== Synthesis
0.12/0.22	['concat']: UNSAT (0.031 seconds)
0.12/0.26	['index']: UNSAT (0.031 seconds)
0.26/0.29	['length']: UNSAT (0.021 seconds)
0.26/0.31	['substr']: UNSAT (0.062 seconds)
0.26/0.37	['add']: UNSAT (0.026 seconds)
0.38/0.40	['sub']: UNSAT (0.021 seconds)
0.38/0.42	['concat', 'concat']: UNSAT (0.046 seconds)
0.38/0.47	['concat', 'index']: UNSAT (0.042 seconds)
0.46/0.51	['concat', 'length']: UNSAT (0.031 seconds)
0.46/0.54	['concat', 'substr']: UNSAT (0.410 seconds)
0.90/0.95	['concat', 'add']: UNSAT (0.036 seconds)
0.90/0.99	['concat', 'sub']: UNSAT (0.037 seconds)
0.90/1.03	['index', 'index']: UNSAT (0.049 seconds)
1.01/1.08	['index', 'length']: UNSAT (0.033 seconds)
1.01/1.11	['index', 'substr']: UNSAT (0.285 seconds)
1.29/1.40	['index', 'add']: UNSAT (0.044 seconds)
1.39/1.44	['index', 'sub']: UNSAT (0.040 seconds)
1.39/1.48	['length', 'length']: UNSAT (0.023 seconds)
1.49/1.51	['length', 'substr']: UNSAT (0.079 seconds)
1.49/1.59	['length', 'add']: UNSAT (0.028 seconds)
1.59/1.62	['length', 'sub']: UNSAT (0.029 seconds)
1.59/1.65	['substr', 'substr']: UNSAT (0.050 seconds)
1.59/1.70	['substr', 'add']: UNSAT (0.057 seconds)
1.69/1.75	['substr', 'sub']: UNSAT (0.064 seconds)
1.79/1.82	['add', 'add']: UNSAT (0.036 seconds)
1.79/1.86	['add', 'sub']: UNSAT (0.036 seconds)
1.79/1.89	['sub', 'sub']: UNSAT (0.037 seconds)
1.89/1.93	['concat', 'concat', 'concat']: UNSAT (0.272 seconds)
2.19/2.20	['concat', 'concat', 'index']: UNSAT (0.067 seconds)
2.19/2.27	['concat', 'concat', 'length']: UNSAT (0.053 seconds)
2.29/2.32	['concat', 'concat', 'substr']: UNSAT (6.669 seconds)
8.89/8.99	['concat', 'concat', 'add']: UNSAT (0.080 seconds)
9.02/9.08	['concat', 'concat', 'sub']: UNSAT (0.106 seconds)
9.15/9.18	['concat', 'index', 'index']: UNSAT (0.104 seconds)
9.19/9.29	['concat', 'index', 'length']: UNSAT (0.073 seconds)
9.29/9.36	['concat', 'index', 'substr']: UNSAT (4.769 seconds)
14.01/14.13	['concat', 'index', 'add']: UNSAT (0.065 seconds)
14.19/14.20	['concat', 'index', 'sub']: UNSAT (0.065 seconds)
14.19/14.26	['concat', 'length', 'length']: UNSAT (0.044 seconds)
14.29/14.31	['concat', 'length', 'substr']: UNSAT (0.851 seconds)
15.15/15.16	['concat', 'length', 'add']: UNSAT (0.047 seconds)
15.19/15.21	['concat', 'length', 'sub']: UNSAT (0.047 seconds)
15.19/15.26	['concat', 'substr', 'substr']: UNSAT (0.593 seconds)
15.79/15.85	['concat', 'substr', 'add']: UNSAT (0.569 seconds)
16.39/16.42	['concat', 'substr', 'sub']: UNSAT (0.283 seconds)
16.69/16.70	['concat', 'add', 'add']: UNSAT (0.056 seconds)
16.69/16.76	['concat', 'add', 'sub']: UNSAT (0.056 seconds)
16.79/16.82	['concat', 'sub', 'sub']: UNSAT (0.057 seconds)
16.79/16.88	['index', 'index', 'index']: UNSAT (0.080 seconds)
16.89/16.96	['index', 'index', 'length']: UNSAT (0.063 seconds)
16.89/17.02	['index', 'index', 'substr']: UNSAT (0.694 seconds)
17.69/17.72	['index', 'index', 'add']: UNSAT (0.071 seconds)
17.69/17.79	['index', 'index', 'sub']: UNSAT (0.074 seconds)
17.79/17.86	['index', 'length', 'length']: UNSAT (0.048 seconds)
17.89/17.91	['index', 'length', 'substr']: UNSAT (0.362 seconds)
18.19/18.28	['index', 'length', 'add']: UNSAT (0.068 seconds)
18.29/18.35	['index', 'length', 'sub']: UNSAT (0.067 seconds)
18.39/18.42	['index', 'substr', 'substr']: UNSAT (1.429 seconds)
19.79/19.84	['index', 'substr', 'add']: UNSAT (0.431 seconds)
20.18/20.28	['index', 'substr', 'sub']: UNSAT (0.383 seconds)
20.59/20.66	['index', 'add', 'add']: UNSAT (0.064 seconds)
20.68/20.72	['index', 'add', 'sub']: UNSAT (0.065 seconds)
20.68/20.79	['index', 'sub', 'sub']: UNSAT (0.070 seconds)
20.79/20.86	['length', 'length', 'length']: UNSAT (0.035 seconds)
20.79/20.90	['length', 'length', 'substr']: UNSAT (0.059 seconds)
20.89/20.96	['length', 'length', 'add']: UNSAT (0.038 seconds)
20.89/21.00	['length', 'length', 'sub']: UNSAT (0.039 seconds)
20.89/21.04	['length', 'substr', 'substr']: UNSAT (0.578 seconds)
21.59/21.62	['length', 'substr', 'add']: UNSAT (0.183 seconds)
21.79/21.80	['length', 'substr', 'sub']: UNSAT (0.162 seconds)
21.89/21.96	['length', 'add', 'add']: UNSAT (0.052 seconds)
21.89/22.02	['length', 'add', 'sub']: UNSAT (0.052 seconds)
22.03/22.07	['length', 'sub', 'sub']: UNSAT (0.049 seconds)
22.03/22.12	['substr', 'substr', 'substr']: UNSAT (0.108 seconds)
22.18/22.23	['substr', 'substr', 'add']: UNSAT (0.105 seconds)
22.29/22.33	['substr', 'substr', 'sub']: UNSAT (0.180 seconds)
22.49/22.51	['substr', 'add', 'add']: UNSAT (0.138 seconds)
22.59/22.65	['substr', 'add', 'sub']: UNSAT (0.114 seconds)
22.69/22.77	['substr', 'sub', 'sub']: UNSAT (0.106 seconds)
22.79/22.87	['add', 'add', 'add']: UNSAT (0.066 seconds)
22.89/22.94	['add', 'add', 'sub']: UNSAT (0.067 seconds)
22.89/23.01	['add', 'sub', 'sub']: UNSAT (0.064 seconds)
23.01/23.07	['sub', 'sub', 'sub']: UNSAT (0.063 seconds)
23.01/23.14	['concat', 'concat', 'concat', 'concat']: UNSAT (0.357 seconds)
23.39/23.50	['concat', 'concat', 'concat', 'index']: UNSAT (0.104 seconds)
23.59/23.60	['concat', 'concat', 'concat', 'length']: UNSAT (0.083 seconds)
23.59/23.68	['concat', 'concat', 'concat', 'substr']: UNSAT (513.812 seconds)
537.33/537.50	['concat', 'concat', 'concat', 'add']: UNSAT (0.086 seconds)
537.43/537.58	['concat', 'concat', 'concat', 'sub']: UNSAT (0.090 seconds)
537.53/537.68	['concat', 'concat', 'index', 'index']: UNSAT (0.113 seconds)
537.63/537.79	['concat', 'concat', 'index', 'length']: UNSAT (0.091 seconds)
537.73/537.88	['concat', 'concat', 'index', 'substr']: 