0.11/0.20	=== Examples (../../dataset/examples/examples-85.json)
0.11/0.20	IO(inputs=('aenean aliquam turpis duis.',), output='Aenean aliquam turpi')
0.11/0.20	IO(inputs=('curabitur euismod volutpat.',), output='Curabitur euismod vo')
0.11/0.20	IO(inputs=('proin pulvinar ornare amet.',), output='Proin pulvinar ornar')
0.11/0.20	=== Library
0.11/0.20	concat
0.11/0.20	index
0.11/0.20	length
0.11/0.20	substr
0.11/0.20	add
0.11/0.20	sub
0.11/0.20	=== Synthesis
0.11/0.20	['concat']: UNSAT (0.032 seconds)
0.11/0.23	['index']: UNSAT (0.031 seconds)
0.11/0.26	['length']: UNSAT (0.022 seconds)
0.26/0.29	['substr']: UNSAT (0.035 seconds)
0.26/0.32	['add']: UNSAT (0.027 seconds)
0.26/0.35	['sub']: UNSAT (0.027 seconds)
0.26/0.38	['concat', 'concat']: UNSAT (0.059 seconds)
0.36/0.44	['concat', 'index']: UNSAT (0.056 seconds)
0.46/0.49	['concat', 'length']: UNSAT (0.042 seconds)
0.46/0.54	['concat', 'substr']: UNSAT (0.201 seconds)
0.69/0.74	['concat', 'add']: UNSAT (0.035 seconds)
0.69/0.78	['concat', 'sub']: UNSAT (0.036 seconds)
0.79/0.81	['index', 'index']: UNSAT (0.050 seconds)
0.79/0.86	['index', 'length']: UNSAT (0.034 seconds)
0.89/0.90	['index', 'substr']: UNSAT (0.146 seconds)
1.01/1.05	['index', 'add']: UNSAT (0.041 seconds)
1.01/1.09	['index', 'sub']: UNSAT (0.041 seconds)
1.01/1.13	['length', 'length']: UNSAT (0.024 seconds)
1.13/1.15	['length', 'substr']: UNSAT (0.118 seconds)
1.19/1.27	['length', 'add']: UNSAT (0.047 seconds)
1.29/1.32	['length', 'sub']: UNSAT (0.039 seconds)
1.29/1.36	['substr', 'substr']: UNSAT (0.069 seconds)
1.40/1.43	['substr', 'add']: UNSAT (0.057 seconds)
1.40/1.49	['substr', 'sub']: UNSAT (0.089 seconds)
1.49/1.58	['add', 'add']: UNSAT (0.047 seconds)
1.59/1.63	['add', 'sub']: UNSAT (0.047 seconds)
1.59/1.68	['sub', 'sub']: UNSAT (0.047 seconds)
1.69/1.72	['concat', 'concat', 'concat']: UNSAT (0.311 seconds)
2.01/2.04	['concat', 'concat', 'index']: UNSAT (0.073 seconds)
2.01/2.11	['concat', 'concat', 'length']: UNSAT (0.055 seconds)
2.13/2.17	['concat', 'concat', 'substr']: UNSAT (4.655 seconds)
6.78/6.82	['concat', 'concat', 'add']: UNSAT (0.056 seconds)
6.78/6.88	['concat', 'concat', 'sub']: UNSAT (0.054 seconds)
6.88/6.93	['concat', 'index', 'index']: UNSAT (0.072 seconds)
6.88/7.01	['concat', 'index', 'length']: UNSAT (0.057 seconds)
7.01/7.06	['concat', 'index', 'substr']: UNSAT (3.597 seconds)
10.58/10.66	['concat', 'index', 'add']: UNSAT (0.063 seconds)
10.68/10.73	['concat', 'index', 'sub']: UNSAT (0.065 seconds)
10.68/10.79	['concat', 'length', 'length']: UNSAT (0.043 seconds)
10.78/10.84	['concat', 'length', 'substr']: UNSAT (0.949 seconds)
11.68/11.79	['concat', 'length', 'add']: UNSAT (0.046 seconds)
11.78/11.83	['concat', 'length', 'sub']: UNSAT (0.046 seconds)
11.78/11.88	['concat', 'substr', 'substr']: UNSAT (0.240 seconds)
12.01/12.12	['concat', 'substr', 'add']: UNSAT (0.420 seconds)
12.48/12.54	['concat', 'substr', 'sub']: UNSAT (0.296 seconds)
12.78/12.84	['concat', 'add', 'add']: UNSAT (0.057 seconds)
12.78/12.90	['concat', 'add', 'sub']: UNSAT (0.056 seconds)
12.88/12.95	['concat', 'sub', 'sub']: UNSAT (0.054 seconds)
12.88/13.01	['index', 'index', 'index']: UNSAT (0.081 seconds)
13.01/13.09	['index', 'index', 'length']: UNSAT (0.063 seconds)
13.12/13.15	['index', 'index', 'substr']: UNSAT (0.526 seconds)
13.58/13.68	['index', 'index', 'add']: UNSAT (0.070 seconds)
13.68/13.75	['index', 'index', 'sub']: UNSAT (0.070 seconds)
13.78/13.82	['index', 'length', 'length']: UNSAT (0.049 seconds)
13.78/13.87	['index', 'length', 'substr']: UNSAT (0.265 seconds)
14.02/14.14	['index', 'length', 'add']: UNSAT (0.054 seconds)
14.13/14.19	['index', 'length', 'sub']: UNSAT (0.053 seconds)
14.18/14.25	['index', 'substr', 'substr']: UNSAT (1.036 seconds)
15.18/15.28	['index', 'substr', 'add']: UNSAT (0.289 seconds)
15.48/15.57	['index', 'substr', 'sub']: UNSAT (0.263 seconds)
15.78/15.84	['index', 'add', 'add']: UNSAT (0.069 seconds)
15.88/15.91	['index', 'add', 'sub']: UNSAT (0.065 seconds)
15.88/15.97	['index', 'sub', 'sub']: UNSAT (0.064 seconds)
16.00/16.04	['length', 'length', 'length']: UNSAT (0.037 seconds)
16.00/16.08	['length', 'length', 'substr']: UNSAT (0.056 seconds)
16.11/16.13	['length', 'length', 'add']: UNSAT (0.038 seconds)
16.11/16.17	['length', 'length', 'sub']: UNSAT (0.037 seconds)
16.18/16.21	['length', 'substr', 'substr']: UNSAT (0.498 seconds)
16.68/16.71	['length', 'substr', 'add']: UNSAT (0.136 seconds)
16.78/16.84	['length', 'substr', 'sub']: UNSAT (0.130 seconds)
16.88/16.97	['length', 'add', 'add']: UNSAT (0.052 seconds)
16.88/17.03	['length', 'add', 'sub']: UNSAT (0.053 seconds)
17.01/17.08	['length', 'sub', 'sub']: UNSAT (0.051 seconds)
17.01/17.13	['substr', 'substr', 'substr']: UNSAT (0.106 seconds)
17.18/17.24	['substr', 'substr', 'add']: UNSAT (0.087 seconds)
17.28/17.33	['substr', 'substr', 'sub']: UNSAT (0.124 seconds)
17.39/17.45	['substr', 'add', 'add']: UNSAT (0.136 seconds)
17.48/17.59	['substr', 'add', 'sub']: UNSAT (0.118 seconds)
17.69/17.71	['substr', 'sub', 'sub']: UNSAT (0.109 seconds)
17.79/17.82	['add', 'add', 'add']: UNSAT (0.060 seconds)
17.79/17.88	['add', 'add', 'sub']: UNSAT (0.066 seconds)
17.89/17.95	['add', 'sub', 'sub']: UNSAT (0.064 seconds)
17.89/18.01	['sub', 'sub', 'sub']: UNSAT (0.067 seconds)
18.02/18.08	['concat', 'concat', 'concat', 'concat']: UNSAT (0.394 seconds)
18.40/18.47	['concat', 'concat', 'concat', 'index']: UNSAT (0.105 seconds)
18.49/18.58	['concat', 'concat', 'concat', 'length']: UNSAT (0.097 seconds)
18.59/18.68	['concat', 'concat', 'concat', 'substr']: 