0.12/0.19	=== Examples (../../dataset/examples/examples-44.json)
0.12/0.19	IO(inputs=('My Bed is not your bed',), output='my is not your bed')
0.12/0.19	IO(inputs=('bed to Bed',), output='to bed')
0.12/0.19	IO(inputs=('something with "Bed "',), output='something with ""')
0.12/0.19	=== Library
0.12/0.19	concat
0.12/0.19	index
0.12/0.19	length
0.12/0.19	substr
0.12/0.19	add
0.12/0.19	sub
0.12/0.19	=== Synthesis
0.12/0.19	['concat']: UNSAT (0.031 seconds)
0.12/0.22	['index']: UNSAT (0.030 seconds)
0.12/0.25	['length']: UNSAT (0.022 seconds)
0.25/0.27	['substr']: UNSAT (0.034 seconds)
0.25/0.31	['add']: UNSAT (0.027 seconds)
0.25/0.34	['sub']: UNSAT (0.027 seconds)
0.25/0.37	['concat', 'concat']: UNSAT (0.057 seconds)
0.37/0.42	['concat', 'index']: UNSAT (0.055 seconds)
0.37/0.48	['concat', 'length']: UNSAT (0.037 seconds)
0.49/0.52	['concat', 'substr']: UNSAT (0.092 seconds)
0.55/0.61	['concat', 'add']: UNSAT (0.038 seconds)
0.62/0.65	['concat', 'sub']: UNSAT (0.034 seconds)
0.62/0.68	['index', 'index']: UNSAT (0.046 seconds)
0.69/0.73	['index', 'length']: UNSAT (0.032 seconds)
0.69/0.76	['index', 'substr']: UNSAT (0.639 seconds)
1.38/1.40	['index', 'add']: UNSAT (0.039 seconds)
1.38/1.44	['index', 'sub']: UNSAT (0.041 seconds)
1.38/1.48	['length', 'length']: UNSAT (0.023 seconds)
1.49/1.51	['length', 'substr']: UNSAT (0.047 seconds)
1.49/1.56	['length', 'add']: UNSAT (0.029 seconds)
1.49/1.59	['length', 'sub']: UNSAT (0.028 seconds)
1.58/1.62	['substr', 'substr']: UNSAT (0.054 seconds)
1.58/1.67	['substr', 'add']: UNSAT (0.044 seconds)
1.68/1.71	['substr', 'sub']: UNSAT (0.046 seconds)
1.68/1.76	['add', 'add']: UNSAT (0.038 seconds)
1.78/1.80	['add', 'sub']: UNSAT (0.043 seconds)
1.78/1.85	['sub', 'sub']: UNSAT (0.042 seconds)
1.78/1.89	['concat', 'concat', 'concat']: UNSAT (0.196 seconds)
2.01/2.08	['concat', 'concat', 'index']: UNSAT (0.070 seconds)
2.12/2.16	['concat', 'concat', 'length']: UNSAT (0.055 seconds)
2.18/2.21	['concat', 'concat', 'substr']: UNSAT (0.567 seconds)
2.68/2.78	['concat', 'concat', 'add']: UNSAT (0.058 seconds)
2.78/2.84	['concat', 'concat', 'sub']: UNSAT (0.054 seconds)
2.78/2.89	['concat', 'index', 'index']: UNSAT (0.076 seconds)
2.88/2.97	['concat', 'index', 'length']: UNSAT (0.057 seconds)
2.88/3.03	['concat', 'index', 'substr']: UNSAT (1.364 seconds)
4.29/4.39	['concat', 'index', 'add']: UNSAT (0.060 seconds)
4.39/4.45	['concat', 'index', 'sub']: UNSAT (0.061 seconds)
4.49/4.51	['concat', 'length', 'length']: UNSAT (0.045 seconds)
4.49/4.56	['concat', 'length', 'substr']: UNSAT (0.481 seconds)
5.02/5.04	['concat', 'length', 'add']: UNSAT (0.047 seconds)
5.02/5.09	['concat', 'length', 'sub']: UNSAT (0.045 seconds)
5.13/5.14	['concat', 'substr', 'substr']: UNSAT (0.179 seconds)
5.29/5.32	['concat', 'substr', 'add']: UNSAT (0.241 seconds)
5.48/5.56	['concat', 'substr', 'sub']: UNSAT (0.084 seconds)
5.58/5.64	['concat', 'add', 'add']: UNSAT (0.058 seconds)
5.68/5.70	['concat', 'add', 'sub']: UNSAT (0.055 seconds)
5.68/5.76	['concat', 'sub', 'sub']: UNSAT (0.055 seconds)
5.78/5.81	['index', 'index', 'index']: UNSAT (0.078 seconds)
5.78/5.89	['index', 'index', 'length']: UNSAT (0.063 seconds)
5.88/5.96	['index', 'index', 'substr']: UNSAT (0.353 seconds)
6.29/6.31	['index', 'index', 'add']: UNSAT (0.070 seconds)
6.29/6.38	['index', 'index', 'sub']: UNSAT (0.070 seconds)
6.39/6.45	['index', 'length', 'length']: UNSAT (0.045 seconds)
6.48/6.50	['index', 'length', 'substr']: UNSAT (0.198 seconds)
6.58/6.70	['index', 'length', 'add']: UNSAT (0.053 seconds)
6.68/6.75	['index', 'length', 'sub']: UNSAT (0.052 seconds)
6.78/6.80	['index', 'substr', 'substr']: UNSAT (0.567 seconds)
7.28/7.37	['index', 'substr', 'add']: UNSAT (0.527 seconds)
7.89/7.90	['index', 'substr', 'sub']: UNSAT (0.203 seconds)
8.02/8.10	['index', 'add', 'add']: UNSAT (0.066 seconds)
8.13/8.17	['index', 'add', 'sub']: UNSAT (0.066 seconds)
8.19/8.24	['index', 'sub', 'sub']: UNSAT (0.066 seconds)
8.29/8.30	['length', 'length', 'length']: UNSAT (0.036 seconds)
8.29/8.34	['length', 'length', 'substr']: UNSAT (0.067 seconds)
8.39/8.41	['length', 'length', 'add']: UNSAT (0.041 seconds)
8.39/8.45	['length', 'length', 'sub']: UNSAT (0.040 seconds)
8.39/8.49	['length', 'substr', 'substr']: UNSAT (0.180 seconds)
8.59/8.67	['length', 'substr', 'add']: UNSAT (0.084 seconds)
8.69/8.76	['length', 'substr', 'sub']: UNSAT (0.099 seconds)
8.79/8.86	['length', 'add', 'add']: UNSAT (0.050 seconds)
8.89/8.91	['length', 'add', 'sub']: UNSAT (0.050 seconds)
8.89/8.96	['length', 'sub', 'sub']: UNSAT (0.050 seconds)
8.89/9.01	['substr', 'substr', 'substr']: UNSAT (0.113 seconds)
9.02/9.13	['substr', 'substr', 'add']: UNSAT (0.094 seconds)
9.19/9.22	['substr', 'substr', 'sub']: UNSAT (0.100 seconds)
9.29/9.32	['substr', 'add', 'add']: UNSAT (0.093 seconds)
9.39/9.41	['substr', 'add', 'sub']: UNSAT (0.088 seconds)
9.49/9.50	['substr', 'sub', 'sub']: UNSAT (0.086 seconds)
9.49/9.59	['add', 'add', 'add']: UNSAT (0.062 seconds)
9.59/9.65	['add', 'add', 'sub']: UNSAT (0.063 seconds)
9.69/9.72	['add', 'sub', 'sub']: UNSAT (0.062 seconds)
9.69/9.78	['sub', 'sub', 'sub']: UNSAT (0.063 seconds)
9.79/9.84	['concat', 'concat', 'concat', 'concat']: UNSAT (0.385 seconds)
10.18/10.23	['concat', 'concat', 'concat', 'index']: UNSAT (0.105 seconds)
10.28/10.34	['concat', 'concat', 'concat', 'length']: UNSAT (0.084 seconds)
10.39/10.42	['concat', 'concat', 'concat', 'substr']: UNSAT (116.230 seconds)
126.58/126.66	['concat', 'concat', 'concat', 'add']: UNSAT (0.088 seconds)
126.68/126.74	['concat', 'concat', 'concat', 'sub']: UNSAT (0.089 seconds)
126.78/126.83	['concat', 'concat', 'index', 'index']: UNSAT (0.111 seconds)
126.88/126.95	['concat', 'concat', 'index', 'length']: UNSAT (0.091 seconds)
126.88/127.04	['concat', 'concat', 'index', 'substr']: UNSAT (40.502 seconds)
167.48/167.54	['concat', 'concat', 'index', 'add']: UNSAT (0.091 seconds)
167.58/167.63	['concat', 'concat', 'index', 'sub']: UNSAT (0.091 seconds)
167.68/167.73	['concat', 'concat', 'length', 'length']: UNSAT (0.070 seconds)
167.78/167.80	['concat', 'concat', 'length', 'substr']: UNSAT (4.683 seconds)
172.38/172.48	['concat', 'concat', 'length', 'add']: UNSAT (0.071 seconds)
172.48/172.55	['concat', 'concat', 'length', 'sub']: UNSAT (0.071 seconds)
172.58/172.63	['concat', 'concat', 'substr', 'substr']: UNSAT (3.929 seconds)
176.48/176.56	['concat', 'concat', 'substr', 'add']: UNSAT (3.094 seconds)
179.58/179.65	['concat', 'concat', 'substr', 'sub']: UNSAT (0.389 seconds)
180.01/180.04	['concat', 'concat', 'add', 'add']: UNSAT (0.078 seconds)
180.01/180.12	['concat', 'concat', 'add', 'sub']: UNSAT (0.081 seconds)
180.17/180.20	['concat', 'concat', 'sub', 'sub']: UNSAT (0.084 seconds)
180.17/180.29	['concat', 'index', 'index', 'index']: UNSAT (0.113 seconds)
180.37/180.40	['concat', 'index', 'index', 'length']: UNSAT (0.090 seconds)
180.37/180.49	['concat', 'index', 'index', 'substr']: UNSAT (14.283 seconds)
194.67/194.77	['concat', 'index', 'index', 'add']: UNSAT (0.100 seconds)
194.77/194.87	['concat', 'index', 'index', 'sub']: UNSAT (0.102 seconds)
194.87/194.98	['concat', 'index', 'length', 'length']: UNSAT (0.078 seconds)
195.00/195.06	['concat', 'index', 'length', 'substr']: UNSAT (5.197 seconds)
200.18/200.25	['concat', 'index', 'length', 'add']: UNSAT (0.078 seconds)
200.28/200.33	['concat', 'index', 'length', 'sub']: UNSAT (0.078 seconds)
200.38/200.41	['concat', 'index', 'substr', 'substr']: UNSAT (15.786 seconds)
216.18/216.20	['concat', 'index', 'substr', 'add']: UNSAT (7.281 seconds)
223.38/223.48	['concat', 'index', 'substr', 'sub']: UNSAT (3.024 seconds)
226.48/226.51	['concat', 'index', 'add', 'add']: UNSAT (0.085 seconds)
226.48/226.59	['concat', 'index', 'add', 'sub']: UNSAT (0.090 seconds)
226.58/226.68	['concat', 'index', 'sub', 'sub']: UNSAT (0.091 seconds)
226.68/226.78	['concat', 'length', 'length', 'length']: UNSAT (0.062 seconds)
226.78/226.84	['concat', 'length', 'length', 'substr']: UNSAT (0.181 seconds)
226.88/227.02	['concat', 'length', 'length', 'add']: UNSAT (0.060 seconds)
227.02/227.08	['concat', 'length', 'length', 'sub']: UNSAT (0.059 seconds)
227.12/227.14	['concat', 'length', 'substr', 'substr']: UNSAT (3.800 seconds)
230.88/230.94	['concat', 'length', 'substr', 'add']: UNSAT (1.064 seconds)
231.88/232.01	['concat', 'length', 'substr', 'sub']: UNSAT (0.947 seconds)
232.88/232.95	['concat', 'length', 'add', 'add']: UNSAT (0.074 seconds)
232.88/233.03	['concat', 'length', 'add', 'sub']: UNSAT (0.070 seconds)
233.02/233.10	['concat', 'length', 'sub', 'sub']: UNSAT (0.071 seconds)
233.12/233.17	['concat', 'substr', 'substr', 'substr']: UNSAT (0.901 seconds)
234.02/234.07	['concat', 'substr', 'substr', 'add']: UNSAT (0.875 seconds)
234.88/234.95	['concat', 'substr', 'substr', 'sub']: UNSAT (0.583 seconds)
235.48/235.53	['concat', 'substr', 'add', 'add']: UNSAT (1.049 seconds)
236.48/236.58	['concat', 'substr', 'add', 'sub']: UNSAT (0.409 seconds)
236.88/236.99	['concat', 'substr', 'sub', 'sub']: UNSAT (0.262 seconds)
237.18/237.26	['concat', 'add', 'add', 'add']: UNSAT (0.083 seconds)
237.28/237.34	['concat', 'add', 'add', 'sub']: UNSAT (0.084 seconds)
237.38/237.43	['concat', 'add', 'sub', 'sub']: UNSAT (0.082 seconds)
237.48/237.51	['concat', 'sub', 'sub', 'sub']: UNSAT (0.085 seconds)
237.48/237.59	['index', 'index', 'index', 'index']: UNSAT (0.124 seconds)
237.68/237.72	['index', 'index', 'index', 'length']: UNSAT (0.099 seconds)
237.78/237.82	['index', 'index', 'index', 'substr']: UNSAT (1.514 seconds)
239.28/239.33	['index', 'index', 'index', 'add']: UNSAT (0.110 seconds)
239.38/239.45	['index', 'index', 'index', 'sub']: UNSAT (0.112 seconds)
239.48/239.56	['index', 'index', 'length', 'length']: UNSAT (0.081 seconds)
239.58/239.64	['index', 'index', 'length', 'substr']: UNSAT (0.510 seconds)
240.12/240.15	['index', 'index', 'length', 'add']: UNSAT (0.087 seconds)
240.18/240.24	['index', 'index', 'length', 'sub']: UNSAT (0.086 seconds)
240.28/240.33	['index', 'index', 'substr', 'substr']: UNSAT (3.581 seconds)
243.88/243.91	['index', 'index', 'substr', 'add']: UNSAT (1.072 seconds)
244.88/244.98	['index', 'index', 'substr', 'sub']: UNSAT (0.629 seconds)
245.58/245.61	['index', 'index', 'add', 'add']: UNSAT (0.106 seconds)
245.68/245.72	['index', 'index', 'add', 'sub']: UNSAT (0.103 seconds)
245.78/245.82	['index', 'index', 'sub', 'sub']: UNSAT (0.104 seconds)
245.88/245.93	['index', 'length', 'length', 'length']: UNSAT (0.063 seconds)
245.88/245.99	['index', 'length', 'length', 'substr']: UNSAT (0.248 seconds)
246.18/246.24	['index', 'length', 'length', 'add']: UNSAT (0.071 seconds)
246.28/246.31	['index', 'length', 'length', 'sub']: UNSAT (0.067 seconds)
246.28/246.38	['index', 'length', 'substr', 'substr']: UNSAT (4.306 seconds)
250.58/250.69	['index', 'length', 'substr', 'add']: UNSAT (0.353 seconds)
251.01/251.04	['index', 'length', 'substr', 'sub']: UNSAT (0.288 seconds)
251.28/251.33	['index', 'length', 'add', 'add']: UNSAT (0.084 seconds)
251.38/251.41	['index', 'length', 'add', 'sub']: UNSAT (0.082 seconds)
251.38/251.50	['index', 'length', 'sub', 'sub']: UNSAT (0.081 seconds)
251.48/251.58	['index', 'substr', 'substr', 'substr']: UNSAT (2.096 seconds)
253.58/253.68	['index', 'substr', 'substr', 'add']: UNSAT (2.023 seconds)
255.68/255.70	['index', 'substr', 'substr', 'sub']: UNSAT (5.739 seconds)
261.38/261.44	['index', 'substr', 'add', 'add']: UNSAT (0.542 seconds)
261.88/261.98	['index', 'substr', 'add', 'sub']: UNSAT (0.330 seconds)
262.28/262.31	['index', 'substr', 'sub', 'sub']: UNSAT (0.276 seconds)
262.48/262.59	['index', 'add', 'add', 'add']: UNSAT (0.112 seconds)
262.68/262.70	['index', 'add', 'add', 'sub']: UNSAT (0.102 seconds)
262.78/262.81	['index', 'add', 'sub', 'sub']: UNSAT (0.100 seconds)
262.88/262.91	['index', 'sub', 'sub', 'sub']: UNSAT (0.107 seconds)
262.88/263.02	['length', 'length', 'length', 'length']: UNSAT (0.046 seconds)
263.01/263.06	['length', 'length', 'length', 'substr']: UNSAT (0.060 seconds)
263.01/263.12	['length', 'length', 'length', 'add']: UNSAT (0.054 seconds)
263.12/263.18	['length', 'length', 'length', 'sub']: UNSAT (0.051 seconds)
263.18/263.23	['length', 'length', 'substr', 'substr']: UNSAT (0.707 seconds)
263.88/263.94	['length', 'length', 'substr', 'add']: UNSAT (0.146 seconds)
264.01/264.09	['length', 'length', 'substr', 'sub']: UNSAT (0.150 seconds)
264.18/264.24	['length', 'length', 'add', 'add']: UNSAT (0.064 seconds)
264.28/264.30	['length', 'length', 'add', 'sub']: UNSAT (0.063 seconds)
264.28/264.37	['length', 'length', 'sub', 'sub']: UNSAT (0.061 seconds)
264.38/264.43	['length', 'substr', 'substr', 'substr']: UNSAT (0.812 seconds)
265.18/265.24	['length', 'substr', 'substr', 'add']: UNSAT (0.752 seconds)
265.88/265.99	['length', 'substr', 'substr', 'sub']: UNSAT (0.775 seconds)
266.68/266.77	['length', 'substr', 'add', 'add']: UNSAT (0.338 seconds)
267.01/267.11	['length', 'substr', 'add', 'sub']: UNSAT (0.319 seconds)
267.38/267.43	['length', 'substr', 'sub', 'sub']: UNSAT (0.309 seconds)
267.68/267.74	['length', 'add', 'add', 'add']: UNSAT (0.084 seconds)
267.78/267.82	['length', 'add', 'add', 'sub']: UNSAT (0.083 seconds)
267.88/267.91	['length', 'add', 'sub', 'sub']: UNSAT (0.083 seconds)
267.88/267.99	['length', 'sub', 'sub', 'sub']: UNSAT (0.082 seconds)
268.01/268.07	['substr', 'substr', 'substr', 'substr']: UNSAT (0.203 seconds)
268.18/268.28	['substr', 'substr', 'substr', 'add']: UNSAT (0.186 seconds)
268.38/268.46	['substr', 'substr', 'substr', 'sub']: UNSAT (0.245 seconds)
268.68/268.71	['substr', 'substr', 'add', 'add']: UNSAT (0.266 seconds)
268.88/268.98	['substr', 'substr', 'add', 'sub']: UNSAT (0.284 seconds)
269.18/269.26	['substr', 'substr', 'sub', 'sub']: UNSAT (0.257 seconds)
269.48/269.52	['substr', 'add', 'add', 'add']: UNSAT (0.360 seconds)
269.78/269.88	['substr', 'add', 'add', 'sub']: UNSAT (0.498 seconds)
270.28/270.38	['substr', 'add', 'sub', 'sub']: UNSAT (0.449 seconds)
270.78/270.83	['substr', 'sub', 'sub', 'sub']: UNSAT (0.413 seconds)
271.18/271.24	['add', 'add', 'add', 'add']: UNSAT (0.094 seconds)
271.28/271.34	['add', 'add', 'add', 'sub']: UNSAT (0.094 seconds)
271.38/271.43	['add', 'add', 'sub', 'sub']: UNSAT (0.092 seconds)
271.48/271.53	['add', 'sub', 'sub', 'sub']: UNSAT (0.093 seconds)
271.58/271.62	['sub', 'sub', 'sub', 'sub']: UNSAT (0.095 seconds)
271.68/271.72	['concat', 'concat', 'concat', 'concat', 'concat']: UNSAT (0.760 seconds)
272.38/272.48	['concat', 'concat', 'concat', 'concat', 'index']: UNSAT (0.144 seconds)
272.58/272.62	['concat', 'concat', 'concat', 'concat', 'length']: UNSAT (0.123 seconds)
272.68/272.75	['concat', 'concat', 'concat', 'concat', 'substr']: 