0.14/0.20	=== Examples (../../dataset/examples/examples-17.json)
0.14/0.20	IO(inputs=('Quisque sollicitudin volutpat.',), output='Quisque sollicitudin...')
0.14/0.20	IO(inputs=('In viverra in mi non turpis duis.',), output='In viverra in mi non...')
0.14/0.20	IO(inputs=('Sed vel massa vitae lectus cras amet.',), output='Sed vel massa vitae ...')
0.14/0.20	=== Library
0.14/0.20	concat
0.14/0.20	index
0.14/0.20	length
0.14/0.20	substr
0.14/0.20	add
0.14/0.20	sub
0.14/0.20	=== Synthesis
0.14/0.20	['concat']: UNSAT (0.032 seconds)
0.14/0.23	['index']: UNSAT (0.031 seconds)
0.14/0.26	['length']: UNSAT (0.021 seconds)
0.14/0.28	['substr']: UNSAT (0.035 seconds)
0.27/0.32	['add']: UNSAT (0.027 seconds)
0.27/0.35	['sub']: UNSAT (0.027 seconds)
0.35/0.38	['concat', 'concat']: UNSAT (0.060 seconds)
0.35/0.44	['concat', 'index']: UNSAT (0.055 seconds)
0.35/0.49	['concat', 'length']: UNSAT (0.041 seconds)
0.47/0.53	['concat', 'substr']: UNSAT (0.214 seconds)
0.69/0.75	['concat', 'add']: UNSAT (0.035 seconds)
0.69/0.78	['concat', 'sub']: UNSAT (0.036 seconds)
0.78/0.82	['index', 'index']: UNSAT (0.047 seconds)
0.78/0.87	['index', 'length']: UNSAT (0.034 seconds)
0.88/0.90	['index', 'substr']: UNSAT (0.132 seconds)
1.01/1.04	['index', 'add']: UNSAT (0.039 seconds)
1.01/1.08	['index', 'sub']: UNSAT (0.042 seconds)
1.01/1.12	['length', 'length']: UNSAT (0.024 seconds)
1.12/1.14	['length', 'substr']: UNSAT (0.092 seconds)
1.18/1.24	['length', 'add']: UNSAT (0.027 seconds)
1.18/1.27	['length', 'sub']: UNSAT (0.028 seconds)
1.18/1.29	['substr', 'substr']: UNSAT (0.052 seconds)
1.28/1.35	['substr', 'add']: UNSAT (0.045 seconds)
1.28/1.39	['substr', 'sub']: UNSAT (0.074 seconds)
1.38/1.47	['add', 'add']: UNSAT (0.037 seconds)
1.48/1.50	['add', 'sub']: UNSAT (0.037 seconds)
1.48/1.54	['sub', 'sub']: UNSAT (0.037 seconds)
1.48/1.58	['concat', 'concat', 'concat']: UNSAT (0.269 seconds)
1.78/1.85	['concat', 'concat', 'index']: UNSAT (0.069 seconds)
1.88/1.92	['concat', 'concat', 'length']: UNSAT (0.053 seconds)
1.88/1.97	['concat', 'concat', 'substr']: UNSAT (2.857 seconds)
4.79/4.83	['concat', 'concat', 'add']: UNSAT (0.054 seconds)
4.79/4.89	['concat', 'concat', 'sub']: UNSAT (0.053 seconds)
4.89/4.94	['concat', 'index', 'index']: UNSAT (0.073 seconds)
4.89/5.02	['concat', 'index', 'length']: UNSAT (0.056 seconds)
5.01/5.07	['concat', 'index', 'substr']: UNSAT (7.492 seconds)
12.48/12.57	['concat', 'index', 'add']: UNSAT (0.062 seconds)
12.58/12.63	['concat', 'index', 'sub']: UNSAT (0.063 seconds)
12.58/12.69	['concat', 'length', 'length']: UNSAT (0.042 seconds)
12.68/12.73	['concat', 'length', 'substr']: UNSAT (0.555 seconds)
13.18/13.29	['concat', 'length', 'add']: UNSAT (0.045 seconds)
13.28/13.34	['concat', 'length', 'sub']: UNSAT (0.045 seconds)
13.28/13.38	['concat', 'substr', 'substr']: UNSAT (0.217 seconds)
13.58/13.60	['concat', 'substr', 'add']: UNSAT (0.432 seconds)
14.01/14.03	['concat', 'substr', 'sub']: SAT (0.219 seconds)
14.18/14.25	concat(substr(arg0, sub(20, 20), 20), '...')
