0.11/0.20	=== Examples (../../dataset/examples/examples-72.json)
0.11/0.20	IO(inputs=('just use', 'trim '), output='just use trim')
0.11/0.20	IO(inputs=(" gudamit'", 'why you no use '), output="gudamit' why you no use")
0.11/0.20	IO(inputs=('your', 'libraries  '), output='your libraries')
0.11/0.20	=== Library
0.11/0.20	concat
0.11/0.20	index
0.11/0.20	length
0.11/0.20	substr
0.11/0.20	add
0.11/0.20	sub
0.11/0.20	=== Synthesis
0.11/0.20	['concat']: UNSAT (0.034 seconds)
0.11/0.23	['index']: UNSAT (0.035 seconds)
0.11/0.27	['length']: UNSAT (0.025 seconds)
0.11/0.30	['substr']: UNSAT (0.034 seconds)
0.30/0.33	['add']: UNSAT (0.028 seconds)
0.30/0.36	['sub']: UNSAT (0.028 seconds)
0.30/0.39	['concat', 'concat']: UNSAT (0.066 seconds)
0.39/0.46	['concat', 'index']: UNSAT (0.065 seconds)
0.45/0.52	['concat', 'length']: UNSAT (0.048 seconds)
0.45/0.57	['concat', 'substr']: UNSAT (0.064 seconds)
0.56/0.63	['concat', 'add']: UNSAT (0.042 seconds)
0.66/0.68	['concat', 'sub']: UNSAT (0.038 seconds)
0.69/0.72	['index', 'index']: UNSAT (0.052 seconds)
0.69/0.77	['index', 'length']: UNSAT (0.039 seconds)
0.79/0.81	['index', 'substr']: UNSAT (0.054 seconds)
0.79/0.86	['index', 'add']: UNSAT (0.047 seconds)
0.89/0.91	['index', 'sub']: UNSAT (0.048 seconds)
0.89/0.96	['length', 'length']: UNSAT (0.026 seconds)
0.89/0.99	['length', 'substr']: UNSAT (0.042 seconds)
0.89/1.03	['length', 'add']: UNSAT (0.034 seconds)
1.02/1.06	['length', 'sub']: UNSAT (0.030 seconds)
1.02/1.09	['substr', 'substr']: UNSAT (0.055 seconds)
1.14/1.15	['substr', 'add']: UNSAT (0.045 seconds)
1.19/1.20	['substr', 'sub']: UNSAT (0.045 seconds)
1.19/1.24	['add', 'add']: UNSAT (0.042 seconds)
1.19/1.28	['add', 'sub']: UNSAT (0.040 seconds)
1.29/1.33	['sub', 'sub']: UNSAT (0.039 seconds)
1.29/1.37	['concat', 'concat', 'concat']: UNSAT (0.204 seconds)
1.49/1.57	['concat', 'concat', 'index']: UNSAT (0.079 seconds)
1.59/1.65	['concat', 'concat', 'length']: UNSAT (0.061 seconds)
1.69/1.71	['concat', 'concat', 'substr']: UNSAT (0.250 seconds)
1.89/1.96	['concat', 'concat', 'add']: UNSAT (0.060 seconds)
1.89/2.02	['concat', 'concat', 'sub']: UNSAT (0.067 seconds)
2.01/2.09	['concat', 'index', 'index']: UNSAT (0.088 seconds)
2.14/2.18	['concat', 'index', 'length']: UNSAT (0.063 seconds)
2.19/2.25	['concat', 'index', 'substr']: UNSAT (0.109 seconds)
2.29/2.36	['concat', 'index', 'add']: UNSAT (0.067 seconds)
2.39/2.42	['concat', 'index', 'sub']: UNSAT (0.066 seconds)
2.39/2.49	['concat', 'length', 'length']: UNSAT (0.046 seconds)
2.49/2.54	['concat', 'length', 'substr']: UNSAT (0.093 seconds)
2.59/2.63	['concat', 'length', 'add']: UNSAT (0.054 seconds)
2.59/2.69	['concat', 'length', 'sub']: UNSAT (0.050 seconds)
2.69/2.74	['concat', 'substr', 'substr']: UNSAT (0.122 seconds)
2.79/2.86	['concat', 'substr', 'add']: UNSAT (0.077 seconds)
2.89/2.94	['concat', 'substr', 'sub']: UNSAT (0.078 seconds)
2.89/3.02	['concat', 'add', 'add']: UNSAT (0.061 seconds)
3.01/3.08	['concat', 'add', 'sub']: UNSAT (0.064 seconds)
3.13/3.14	['concat', 'sub', 'sub']: UNSAT (0.062 seconds)
3.19/3.21	['index', 'index', 'index']: UNSAT (0.091 seconds)
3.29/3.30	['index', 'index', 'length']: UNSAT (0.070 seconds)
3.29/3.37	['index', 'index', 'substr']: UNSAT (0.104 seconds)
3.39/3.47	['index', 'index', 'add']: UNSAT (0.079 seconds)
3.49/3.55	['index', 'index', 'sub']: UNSAT (0.080 seconds)
3.59/3.63	['index', 'length', 'length']: UNSAT (0.054 seconds)
3.59/3.69	['index', 'length', 'substr']: UNSAT (0.076 seconds)
3.69/3.77	['index', 'length', 'add']: UNSAT (0.058 seconds)
3.79/3.83	['index', 'length', 'sub']: UNSAT (0.059 seconds)
3.79/3.89	['index', 'substr', 'substr']: UNSAT (0.110 seconds)
3.89/4.00	['index', 'substr', 'add']: UNSAT (0.092 seconds)
4.01/4.09	['index', 'substr', 'sub']: UNSAT (0.121 seconds)
4.19/4.21	['index', 'add', 'add']: UNSAT (0.095 seconds)
4.29/4.31	['index', 'add', 'sub']: UNSAT (0.093 seconds)
4.39/4.40	['index', 'sub', 'sub']: UNSAT (0.093 seconds)
4.49/4.50	['length', 'length', 'length']: UNSAT (0.049 seconds)
4.49/4.55	['length', 'length', 'substr']: UNSAT (0.074 seconds)
4.59/4.62	['length', 'length', 'add']: UNSAT (0.057 seconds)
4.59/4.68	['length', 'length', 'sub']: UNSAT (0.056 seconds)
4.69/4.74	['length', 'substr', 'substr']: UNSAT (0.084 seconds)
4.79/4.82	['length', 'substr', 'add']: UNSAT (0.066 seconds)
4.79/4.89	['length', 'substr', 'sub']: UNSAT (0.065 seconds)
4.89/4.96	['length', 'add', 'add']: UNSAT (0.053 seconds)
4.89/5.01	['length', 'add', 'sub']: UNSAT (0.054 seconds)
5.01/5.07	['length', 'sub', 'sub']: UNSAT (0.054 seconds)
5.01/5.12	['substr', 'substr', 'substr']: UNSAT (0.095 seconds)
5.19/5.22	['substr', 'substr', 'add']: UNSAT (0.084 seconds)
5.29/5.30	['substr', 'substr', 'sub']: UNSAT (0.084 seconds)
5.29/5.39	['substr', 'add', 'add']: UNSAT (0.075 seconds)
5.39/5.46	['substr', 'add', 'sub']: UNSAT (0.075 seconds)
5.49/5.54	['substr', 'sub', 'sub']: UNSAT (0.075 seconds)
5.59/5.62	['add', 'add', 'add']: UNSAT (0.070 seconds)
5.59/5.69	['add', 'add', 'sub']: UNSAT (0.069 seconds)
5.69/5.76	['add', 'sub', 'sub']: UNSAT (0.070 seconds)
5.79/5.83	['sub', 'sub', 'sub']: UNSAT (0.071 seconds)
5.89/5.90	['concat', 'concat', 'concat', 'concat']: UNSAT (0.826 seconds)
6.69/6.73	['concat', 'concat', 'concat', 'index']: UNSAT (0.114 seconds)
6.79/6.84	['concat', 'concat', 'concat', 'length']: UNSAT (0.094 seconds)
6.89/6.94	['concat', 'concat', 'concat', 'substr']: UNSAT (77.857 seconds)
84.78/84.80	['concat', 'concat', 'concat', 'add']: UNSAT (0.093 seconds)
84.78/84.89	['concat', 'concat', 'concat', 'sub']: UNSAT (0.092 seconds)
84.88/84.98	['concat', 'concat', 'index', 'index']: UNSAT (0.117 seconds)
85.01/85.10	['concat', 'concat', 'index', 'length']: UNSAT (0.099 seconds)
85.19/85.20	['concat', 'concat', 'index', 'substr']: UNSAT (7.596 seconds)
92.78/92.80	['concat', 'concat', 'index', 'add']: UNSAT (0.115 seconds)
92.88/92.92	['concat', 'concat', 'index', 'sub']: UNSAT (0.103 seconds)
92.88/93.02	['concat', 'concat', 'length', 'length']: UNSAT (0.079 seconds)
93.01/93.10	['concat', 'concat', 'length', 'substr']: UNSAT (2.101 seconds)
95.18/95.20	['concat', 'concat', 'length', 'add']: UNSAT (0.077 seconds)
95.18/95.28	['concat', 'concat', 'length', 'sub']: UNSAT (0.077 seconds)
95.28/95.36	['concat', 'concat', 'substr', 'substr']: UNSAT (2.261 seconds)
97.58/97.62	['concat', 'concat', 'substr', 'add']: UNSAT (0.873 seconds)
98.38/98.49	['concat', 'concat', 'substr', 'sub']: UNSAT (0.425 seconds)
98.88/98.92	['concat', 'concat', 'add', 'add']: UNSAT (0.085 seconds)
98.88/99.01	['concat', 'concat', 'add', 'sub']: UNSAT (0.086 seconds)
99.01/99.09	['concat', 'concat', 'sub', 'sub']: UNSAT (0.083 seconds)
99.12/99.18	['concat', 'index', 'index', 'index']: UNSAT (0.123 seconds)
99.28/99.30	['concat', 'index', 'index', 'length']: UNSAT (0.101 seconds)
99.38/99.40	['concat', 'index', 'index', 'substr']: UNSAT (0.334 seconds)
99.68/99.74	['concat', 'index', 'index', 'add']: UNSAT (0.107 seconds)
99.78/99.85	['concat', 'index', 'index', 'sub']: UNSAT (0.108 seconds)
99.88/99.96	['concat', 'index', 'length', 'length']: UNSAT (0.081 seconds)
99.88/100.04	['concat', 'index', 'length', 'substr']: UNSAT (0.231 seconds)
100.18/100.27	['concat', 'index', 'length', 'add']: UNSAT (0.085 seconds)
100.28/100.36	['concat', 'index', 'length', 'sub']: UNSAT (0.086 seconds)
100.38/100.44	['concat', 'index', 'substr', 'substr']: UNSAT (0.632 seconds)
101.01/101.08	['concat', 'index', 'substr', 'add']: UNSAT (0.203 seconds)
101.18/101.28	['concat', 'index', 'substr', 'sub']: UNSAT (0.242 seconds)
101.48/101.52	['concat', 'index', 'add', 'add']: UNSAT (0.098 seconds)
101.58/101.62	['concat', 'index', 'add', 'sub']: UNSAT (0.099 seconds)
101.68/101.72	['concat', 'index', 'sub', 'sub']: UNSAT (0.099 seconds)
101.78/101.82	['concat', 'length', 'length', 'length']: UNSAT (0.064 seconds)
101.78/101.89	['concat', 'length', 'length', 'substr']: UNSAT (0.142 seconds)
101.88/102.03	['concat', 'length', 'length', 'add']: UNSAT (0.066 seconds)
102.01/102.10	['concat', 'length', 'length', 'sub']: UNSAT (0.069 seconds)
102.13/102.17	['concat', 'length', 'substr', 'substr']: UNSAT (0.466 seconds)
102.58/102.64	['concat', 'length', 'substr', 'add']: UNSAT (0.145 seconds)
102.68/102.78	['concat', 'length', 'substr', 'sub']: UNSAT (0.146 seconds)
102.88/102.93	['concat', 'length', 'add', 'add']: UNSAT (0.074 seconds)
102.88/103.00	['concat', 'length', 'add', 'sub']: UNSAT (0.075 seconds)
103.01/103.08	['concat', 'length', 'sub', 'sub']: UNSAT (0.076 seconds)
103.12/103.16	['concat', 'substr', 'substr', 'substr']: UNSAT (0.496 seconds)
103.58/103.65	['concat', 'substr', 'substr', 'add']: UNSAT (0.262 seconds)
103.88/103.92	['concat', 'substr', 'substr', 'sub']: UNSAT (0.276 seconds)
104.13/104.20	['concat', 'substr', 'add', 'add']: UNSAT (0.106 seconds)
104.28/104.30	['concat', 'substr', 'add', 'sub']: UNSAT (0.106 seconds)
104.38/104.41	['concat', 'substr', 'sub', 'sub']: UNSAT (0.106 seconds)
104.48/104.52	['concat', 'add', 'add', 'add']: UNSAT (0.093 seconds)
104.58/104.61	['concat', 'add', 'add', 'sub']: UNSAT (0.097 seconds)
104.68/104.71	['concat', 'add', 'sub', 'sub']: UNSAT (0.092 seconds)
104.78/104.80	['concat', 'sub', 'sub', 'sub']: UNSAT (0.091 seconds)
104.78/104.89	['index', 'index', 'index', 'index']: UNSAT (0.132 seconds)
104.88/105.03	['index', 'index', 'index', 'length']: UNSAT (0.108 seconds)
105.01/105.14	['index', 'index', 'index', 'substr']: UNSAT (0.160 seconds)
105.28/105.30	['index', 'index', 'index', 'add']: UNSAT (0.125 seconds)
105.38/105.42	['index', 'index', 'index', 'sub']: UNSAT (0.122 seconds)
105.48/105.55	['index', 'index', 'length', 'length']: UNSAT (0.087 seconds)
105.58/105.63	['index', 'index', 'length', 'substr']: UNSAT (0.124 seconds)
105.68/105.76	['index', 'index', 'length', 'add']: UNSAT (0.097 seconds)
105.78/105.86	['index', 'index', 'length', 'sub']: UNSAT (0.095 seconds)
105.88/105.95	['index', 'index', 'substr', 'substr']: UNSAT (0.350 seconds)
106.28/106.31	['index', 'index', 'substr', 'add']: UNSAT (0.149 seconds)
106.38/106.46	['index', 'index', 'substr', 'sub']: UNSAT (0.135 seconds)
106.48/106.59	['index', 'index', 'add', 'add']: UNSAT (0.114 seconds)
106.68/106.71	['index', 'index', 'add', 'sub']: UNSAT (0.115 seconds)
106.78/106.82	['index', 'index', 'sub', 'sub']: UNSAT (0.114 seconds)
106.88/106.94	['index', 'length', 'length', 'length']: UNSAT (0.069 seconds)
106.88/107.01	['index', 'length', 'length', 'substr']: UNSAT (0.096 seconds)
107.01/107.11	['index', 'length', 'length', 'add']: UNSAT (0.075 seconds)
107.13/107.18	['index', 'length', 'length', 'sub']: UNSAT (0.074 seconds)
107.18/107.26	['index', 'length', 'substr', 'substr']: UNSAT (0.150 seconds)
107.38/107.41	['index', 'length', 'substr', 'add']: UNSAT (0.117 seconds)
107.48/107.53	['index', 'length', 'substr', 'sub']: UNSAT (0.109 seconds)
107.58/107.64	['index', 'length', 'add', 'add']: UNSAT (0.089 seconds)
107.68/107.73	['index', 'length', 'add', 'sub']: UNSAT (0.091 seconds)
107.78/107.82	['index', 'length', 'sub', 'sub']: UNSAT (0.088 seconds)
107.88/107.91	['index', 'substr', 'substr', 'substr']: UNSAT (0.351 seconds)
108.18/108.26	['index', 'substr', 'substr', 'add']: UNSAT (0.214 seconds)
108.38/108.47	['index', 'substr', 'substr', 'sub']: UNSAT (0.165 seconds)
108.58/108.64	['index', 'substr', 'add', 'add']: UNSAT (0.137 seconds)
108.68/108.78	['index', 'substr', 'add', 'sub']: UNSAT (0.143 seconds)
108.88/108.92	['index', 'substr', 'sub', 'sub']: UNSAT (0.133 seconds)
109.01/109.06	['index', 'add', 'add', 'add']: UNSAT (0.110 seconds)
109.13/109.17	['index', 'add', 'add', 'sub']: UNSAT (0.108 seconds)
109.18/109.28	['index', 'add', 'sub', 'sub']: UNSAT (0.112 seconds)
109.28/109.39	['index', 'sub', 'sub', 'sub']: UNSAT (0.113 seconds)
109.48/109.50	['length', 'length', 'length', 'length']: UNSAT (0.052 seconds)
109.48/109.56	['length', 'length', 'length', 'substr']: UNSAT (0.069 seconds)
109.58/109.63	['length', 'length', 'length', 'add']: UNSAT (0.056 seconds)
109.58/109.68	['length', 'length', 'length', 'sub']: UNSAT (0.056 seconds)
109.68/109.74	['length', 'length', 'substr', 'substr']: UNSAT (0.131 seconds)
109.78/109.87	['length', 'length', 'substr', 'add']: UNSAT (0.086 seconds)
109.88/109.96	['length', 'length', 'substr', 'sub']: UNSAT (0.097 seconds)
110.01/110.06	['length', 'length', 'add', 'add']: UNSAT (0.068 seconds)
110.01/110.13	['length', 'length', 'add', 'sub']: UNSAT (0.067 seconds)
110.12/110.19	['length', 'length', 'sub', 'sub']: UNSAT (0.066 seconds)
110.18/110.26	['length', 'substr', 'substr', 'substr']: UNSAT (0.137 seconds)
110.38/110.40	['length', 'substr', 'substr', 'add']: UNSAT (0.110 seconds)
110.48/110.51	['length', 'substr', 'substr', 'sub']: UNSAT (0.109 seconds)
110.58/110.62	['length', 'substr', 'add', 'add']: UNSAT (0.090 seconds)
110.68/110.71	['length', 'substr', 'add', 'sub']: UNSAT (0.091 seconds)
110.78/110.80	['length', 'substr', 'sub', 'sub']: UNSAT (0.096 seconds)
110.88/110.90	['length', 'add', 'add', 'add']: UNSAT (0.081 seconds)
110.88/110.98	['length', 'add', 'add', 'sub']: UNSAT (0.081 seconds)
111.01/111.06	['length', 'add', 'sub', 'sub']: UNSAT (0.081 seconds)
111.12/111.15	['length', 'sub', 'sub', 'sub']: UNSAT (0.080 seconds)
111.18/111.23	['substr', 'substr', 'substr', 'substr']: UNSAT (0.142 seconds)
111.28/111.37	['substr', 'substr', 'substr', 'add']: UNSAT (0.124 seconds)
111.38/111.49	['substr', 'substr', 'substr', 'sub']: UNSAT (0.126 seconds)
111.58/111.62	['substr', 'substr', 'add', 'add']: UNSAT (0.114 seconds)
111.68/111.74	['substr', 'substr', 'add', 'sub']: UNSAT (0.116 seconds)
111.78/111.85	['substr', 'substr', 'sub', 'sub']: UNSAT (0.115 seconds)
111.88/111.97	['substr', 'add', 'add', 'add']: UNSAT (0.103 seconds)
112.01/112.07	['substr', 'add', 'add', 'sub']: UNSAT (0.108 seconds)
112.13/112.18	['substr', 'add', 'sub', 'sub']: UNSAT (0.106 seconds)
112.18/112.29	['substr', 'sub', 'sub', 'sub']: UNSAT (0.105 seconds)
112.38/112.40	['add', 'add', 'add', 'add']: UNSAT (0.101 seconds)
112.48/112.50	['add', 'add', 'add', 'sub']: UNSAT (0.100 seconds)
112.58/112.60	['add', 'add', 'sub', 'sub']: UNSAT (0.100 seconds)
112.68/112.70	['add', 'sub', 'sub', 'sub']: UNSAT (0.103 seconds)
112.78/112.80	['sub', 'sub', 'sub', 'sub']: UNSAT (0.108 seconds)
112.88/112.91	['concat', 'concat', 'concat', 'concat', 'concat']: UNKNOWN (25.218 seconds)
138.01/138.13	Reason: smt tactic failed to show goal to be sat/unsat max-conflicts-reached
138.01/138.13	Reason: smt tactic failed to show goal to be sat/unsat max-conflicts-reached
138.01/138.13	['concat', 'concat', 'concat', 'concat', 'index']: UNSAT (0.156 seconds)
138.18/138.29	['concat', 'concat', 'concat', 'concat', 'length']: UNSAT (0.136 seconds)
138.39/138.43	['concat', 'concat', 'concat', 'concat', 'substr']: UNKNOWN (312.214 seconds)
450.57/450.64	Reason: smt tactic failed to show goal to be sat/unsat max-conflicts-reached
450.57/450.64	Reason: smt tactic failed to show goal to be sat/unsat max-conflicts-reached
450.57/450.64	['concat', 'concat', 'concat', 'concat', 'add']: UNSAT (0.135 seconds)
450.67/450.78	['concat', 'concat', 'concat', 'concat', 'sub']: UNSAT (0.139 seconds)
450.87/450.92	['concat', 'concat', 'concat', 'index', 'index']: UNSAT (0.168 seconds)
450.99/451.09	['concat', 'concat', 'concat', 'index', 'length']: UNSAT (0.147 seconds)
451.18/451.24	['concat', 'concat', 'concat', 'index', 'substr']: 