0.11/0.20	=== Examples (../../dataset/examples/examples-62.json)
0.11/0.20	IO(inputs=('1234: try this (hmm)',), output='try this')
0.11/0.20	IO(inputs=('ABCD: then that (ok)',), output='then that')
0.11/0.20	IO(inputs=('a1b2: so this is how it feels (boring)',), output='so this is how it feels')
0.11/0.20	=== Library
0.11/0.20	concat
0.11/0.20	index
0.11/0.20	length
0.11/0.20	substr
0.11/0.20	add
0.11/0.20	sub
0.11/0.20	=== Synthesis
0.11/0.20	['concat']: UNSAT (0.032 seconds)
0.11/0.24	['index']: UNSAT (0.031 seconds)
0.11/0.27	['length']: UNSAT (0.022 seconds)
0.11/0.29	['substr']: UNSAT (0.036 seconds)
0.28/0.33	['add']: UNSAT (0.027 seconds)
0.28/0.36	['sub']: UNSAT (0.027 seconds)
0.28/0.38	['concat', 'concat']: UNSAT (0.060 seconds)
0.36/0.44	['concat', 'index']: UNSAT (0.055 seconds)
0.46/0.50	['concat', 'length']: UNSAT (0.041 seconds)
0.46/0.54	['concat', 'substr']: UNSAT (0.134 seconds)
0.63/0.68	['concat', 'add']: UNSAT (0.035 seconds)
0.68/0.71	['concat', 'sub']: UNSAT (0.035 seconds)
0.68/0.75	['index', 'index']: UNSAT (0.048 seconds)
0.79/0.80	['index', 'length']: UNSAT (0.034 seconds)
0.79/0.83	['index', 'substr']: UNSAT (24.784 seconds)
25.58/25.62	['index', 'add']: UNSAT (0.043 seconds)
25.58/25.66	['index', 'sub']: UNSAT (0.043 seconds)
25.69/25.71	['length', 'length']: UNSAT (0.027 seconds)
25.69/25.74	['length', 'substr']: UNSAT (0.039 seconds)
25.69/25.78	['length', 'add']: UNSAT (0.027 seconds)
25.79/25.80	['length', 'sub']: UNSAT (0.028 seconds)
25.79/25.83	['substr', 'substr']: UNSAT (0.052 seconds)
25.79/25.89	['substr', 'add']: UNSAT (0.046 seconds)
25.89/25.93	['substr', 'sub']: UNSAT (0.043 seconds)
25.89/25.98	['add', 'add']: UNSAT (0.037 seconds)
25.89/26.01	['add', 'sub']: UNSAT (0.039 seconds)
26.00/26.05	['sub', 'sub']: UNSAT (0.037 seconds)
26.00/26.09	['concat', 'concat', 'concat']: UNSAT (0.237 seconds)
26.28/26.33	['concat', 'concat', 'index']: UNSAT (0.071 seconds)
26.38/26.40	['concat', 'concat', 'length']: UNSAT (0.055 seconds)
26.38/26.46	['concat', 'concat', 'substr']: UNSAT (0.446 seconds)
26.88/26.90	['concat', 'concat', 'add']: UNSAT (0.055 seconds)
26.88/26.96	['concat', 'concat', 'sub']: UNSAT (0.053 seconds)
26.88/27.01	['concat', 'index', 'index']: UNSAT (0.075 seconds)
27.00/27.09	['concat', 'index', 'length']: UNSAT (0.059 seconds)
27.13/27.15	['concat', 'index', 'substr']: UNKNOWN (305.595 seconds)
332.68/332.74	Reason: smt tactic failed to show goal to be sat/unsat max-conflicts-reached
332.68/332.74	Reason: smt tactic failed to show goal to be sat/unsat max-conflicts-reached
332.68/332.74	['concat', 'index', 'add']: UNSAT (0.061 seconds)
332.78/332.81	['concat', 'index', 'sub']: UNSAT (0.063 seconds)
332.78/332.87	['concat', 'length', 'length']: UNSAT (0.043 seconds)
332.88/332.91	['concat', 'length', 'substr']: UNSAT (0.107 seconds)
332.88/333.02	['concat', 'length', 'add']: UNSAT (0.046 seconds)
333.00/333.07	['concat', 'length', 'sub']: UNSAT (0.047 seconds)
333.00/333.12	['concat', 'substr', 'substr']: UNSAT (0.175 seconds)
333.18/333.29	['concat', 'substr', 'add']: UNSAT (0.107 seconds)
333.38/333.40	['concat', 'substr', 'sub']: UNSAT (0.087 seconds)
333.38/333.49	['concat', 'add', 'add']: UNSAT (0.055 seconds)
333.48/333.54	['concat', 'add', 'sub']: UNSAT (0.057 seconds)
333.58/333.60	['concat', 'sub', 'sub']: UNSAT (0.056 seconds)
333.58/333.66	['index', 'index', 'index']: UNSAT (0.080 seconds)
333.68/333.74	['index', 'index', 'length']: UNSAT (0.061 seconds)
333.78/333.80	['index', 'index', 'substr']: UNKNOWN (204.071 seconds)
537.78/537.87	Reason: smt tactic failed to show goal to be sat/unsat max-conflicts-reached
537.78/537.87	Reason: smt tactic failed to show goal to be sat/unsat max-conflicts-reached
537.78/537.87	['index', 'index', 'add']: UNSAT (0.070 seconds)
537.88/537.94	['index', 'index', 'sub']: UNSAT (0.070 seconds)
537.88/538.01	['index', 'length', 'length']: UNSAT (0.051 seconds)
538.00/538.07	['index', 'length', 'substr']: 