0.16/0.22	=== Examples (../../dataset/examples/examples-20.json)
0.16/0.22	IO(inputs=('In+hac+habitasse+platea+dictumst.+Sed+dapibus+sit+amet+neque+gravida+sed.',), output='In hac habitasse platea dictumst. Sed dapibus')
0.16/0.22	IO(inputs=('Maecenas+mattis+nec+orci+a+luctus.+Maecenas+metus.',), output='Maecenas mattis nec orci a luctus. Maecenas m')
0.16/0.22	IO(inputs=('Sed+vehicula+vestibulum+metus.',), output='Sed vehicula vestibulum metus.')
0.16/0.22	=== Library
0.16/0.22	concat
0.16/0.22	index
0.16/0.22	length
0.16/0.22	substr
0.16/0.22	add
0.16/0.22	sub
0.16/0.22	=== Synthesis
0.16/0.22	['concat']: UNSAT (0.026 seconds)
0.16/0.25	['index']: UNSAT (0.025 seconds)
0.16/0.28	['length']: UNSAT (0.016 seconds)
0.16/0.29	['substr']: UNSAT (0.050 seconds)
0.32/0.34	['add']: UNSAT (0.040 seconds)
0.32/0.38	['sub']: UNSAT (0.043 seconds)
0.38/0.43	['concat', 'concat']: UNSAT (0.079 seconds)
0.46/0.51	['concat', 'index']: UNSAT (0.058 seconds)
0.54/0.57	['concat', 'length']: UNSAT (0.040 seconds)
0.54/0.61	['concat', 'substr']: UNSAT (0.160 seconds)
0.69/0.77	['concat', 'add']: UNSAT (0.044 seconds)
0.79/0.81	['concat', 'sub']: UNSAT (0.044 seconds)
0.79/0.86	['index', 'index']: UNSAT (0.060 seconds)
0.89/0.92	['index', 'length']: UNSAT (0.043 seconds)
0.89/0.96	['index', 'substr']: UNSAT (0.066 seconds)
0.89/1.03	['index', 'add']: UNSAT (0.048 seconds)
1.06/1.08	['index', 'sub']: UNSAT (0.041 seconds)
1.06/1.12	['length', 'length']: UNSAT (0.026 seconds)
1.06/1.15	['length', 'substr']: UNSAT (0.041 seconds)
1.16/1.19	['length', 'add']: UNSAT (0.028 seconds)
1.19/1.22	['length', 'sub']: UNSAT (0.028 seconds)
1.19/1.25	['substr', 'substr']: UNSAT (0.055 seconds)
1.29/1.30	['substr', 'add']: UNSAT (0.045 seconds)
1.29/1.35	['substr', 'sub']: UNSAT (0.048 seconds)
1.38/1.40	['add', 'add']: UNSAT (0.039 seconds)
1.38/1.44	['add', 'sub']: UNSAT (0.038 seconds)
1.38/1.48	['sub', 'sub']: UNSAT (0.038 seconds)
1.48/1.52	['concat', 'concat', 'concat']: UNSAT (0.431 seconds)
1.88/1.95	['concat', 'concat', 'index']: UNSAT (0.072 seconds)
1.88/2.02	['concat', 'concat', 'length']: UNSAT (0.056 seconds)
2.05/2.08	['concat', 'concat', 'substr']: UNSAT (0.440 seconds)
2.49/2.52	['concat', 'concat', 'add']: UNSAT (0.056 seconds)
2.49/2.58	['concat', 'concat', 'sub']: UNSAT (0.058 seconds)
2.59/2.63	['concat', 'index', 'index']: UNSAT (0.110 seconds)
2.69/2.74	['concat', 'index', 'length']: UNSAT (0.076 seconds)
2.79/2.82	['concat', 'index', 'substr']: UNSAT (2.017 seconds)
4.79/4.84	['concat', 'index', 'add']: UNSAT (0.064 seconds)
4.89/4.91	['concat', 'index', 'sub']: UNSAT (0.061 seconds)
4.89/4.97	['concat', 'length', 'length']: UNSAT (0.045 seconds)
4.89/5.01	['concat', 'length', 'substr']: UNSAT (0.799 seconds)
5.79/5.81	['concat', 'length', 'add']: UNSAT (0.046 seconds)
5.79/5.86	['concat', 'length', 'sub']: UNSAT (0.045 seconds)
5.89/5.91	['concat', 'substr', 'substr']: UNSAT (0.183 seconds)
6.05/6.09	['concat', 'substr', 'add']: UNSAT (0.102 seconds)
6.16/6.19	['concat', 'substr', 'sub']: UNSAT (0.151 seconds)
6.29/6.34	['concat', 'add', 'add']: UNSAT (0.053 seconds)
6.39/6.40	['concat', 'add', 'sub']: UNSAT (0.054 seconds)
6.39/6.45	['concat', 'sub', 'sub']: UNSAT (0.053 seconds)
6.49/6.51	['index', 'index', 'index']: UNSAT (0.077 seconds)
6.49/6.59	['index', 'index', 'length']: UNSAT (0.061 seconds)
6.59/6.65	['index', 'index', 'substr']: UNSAT (0.092 seconds)
6.69/6.74	['index', 'index', 'add']: UNSAT (0.068 seconds)
6.79/6.81	['index', 'index', 'sub']: UNSAT (0.071 seconds)
6.79/6.88	['index', 'length', 'length']: UNSAT (0.046 seconds)
6.89/6.93	['index', 'length', 'substr']: UNSAT (0.077 seconds)
6.89/7.01	['index', 'length', 'add']: UNSAT (0.055 seconds)
6.89/7.06	['index', 'length', 'sub']: UNSAT (0.056 seconds)
7.05/7.12	['index', 'substr', 'substr']: UNSAT (0.137 seconds)
7.19/7.26	['index', 'substr', 'add']: UNSAT (0.083 seconds)
7.29/7.34	['index', 'substr', 'sub']: UNSAT (0.085 seconds)
7.39/7.43	['index', 'add', 'add']: UNSAT (0.065 seconds)
7.39/7.49	['index', 'add', 'sub']: UNSAT (0.064 seconds)
7.49/7.56	['index', 'sub', 'sub']: UNSAT (0.064 seconds)
7.59/7.62	['length', 'length', 'length']: UNSAT (0.034 seconds)
7.59/7.66	['length', 'length', 'substr']: UNSAT (0.053 seconds)
7.69/7.71	['length', 'length', 'add']: UNSAT (0.040 seconds)
7.69/7.75	['length', 'length', 'sub']: UNSAT (0.040 seconds)
7.69/7.79	['length', 'substr', 'substr']: UNSAT (0.102 seconds)
7.89/7.90	['length', 'substr', 'add']: UNSAT (0.062 seconds)
7.89/7.96	['length', 'substr', 'sub']: UNSAT (0.061 seconds)
7.89/8.02	['length', 'add', 'add']: UNSAT (0.050 seconds)
7.89/8.07	['length', 'add', 'sub']: UNSAT (0.050 seconds)
8.05/8.12	['length', 'sub', 'sub']: UNSAT (0.050 seconds)
8.16/8.17	['substr', 'substr', 'substr']: UNSAT (0.095 seconds)
8.19/8.27	['substr', 'substr', 'add']: UNSAT (0.091 seconds)
8.29/8.36	['substr', 'substr', 'sub']: UNSAT (0.083 seconds)
8.39/8.44	['substr', 'add', 'add']: UNSAT (0.070 seconds)
8.49/8.52	['substr', 'add', 'sub']: UNSAT (0.073 seconds)
8.49/8.59	['substr', 'sub', 'sub']: UNSAT (0.074 seconds)
8.59/8.66	['add', 'add', 'add']: UNSAT (0.061 seconds)
8.69/8.73	['add', 'add', 'sub']: UNSAT (0.063 seconds)
8.69/8.79	['add', 'sub', 'sub']: UNSAT (0.063 seconds)
8.79/8.86	['sub', 'sub', 'sub']: UNSAT (0.061 seconds)
8.89/8.92	['concat', 'concat', 'concat', 'concat']: UNSAT (0.648 seconds)
9.48/9.57	['concat', 'concat', 'concat', 'index']: UNSAT (0.101 seconds)
9.58/9.67	['concat', 'concat', 'concat', 'length']: UNSAT (0.084 seconds)
9.68/9.75	['concat', 'concat', 'concat', 'substr']: UNSAT (265.234 seconds)
274.87/274.99	['concat', 'concat', 'concat', 'add']: UNSAT (0.090 seconds)
274.99/275.08	['concat', 'concat', 'concat', 'sub']: UNSAT (0.087 seconds)
275.12/275.17	['concat', 'concat', 'index', 'index']: UNSAT (0.105 seconds)
275.17/275.27	['concat', 'concat', 'index', 'length']: UNSAT (0.092 seconds)
275.27/275.37	['concat', 'concat', 'index', 'substr']: UNSAT (104.506 seconds)
379.76/379.88	['concat', 'concat', 'index', 'add']: UNSAT (0.100 seconds)
379.87/379.98	['concat', 'concat', 'index', 'sub']: UNSAT (0.094 seconds)
379.99/380.07	['concat', 'concat', 'length', 'length']: UNSAT (0.071 seconds)
380.12/380.14	['concat', 'concat', 'length', 'substr']: UNSAT (8.344 seconds)
388.37/388.49	['concat', 'concat', 'length', 'add']: UNSAT (0.070 seconds)
388.47/388.56	['concat', 'concat', 'length', 'sub']: UNSAT (0.069 seconds)
388.57/388.63	['concat', 'concat', 'substr', 'substr']: UNSAT (7.450 seconds)
395.99/396.08	['concat', 'concat', 'substr', 'add']: UNSAT (2.792 seconds)
398.77/398.87	['concat', 'concat', 'substr', 'sub']: UNSAT (0.778 seconds)
399.57/399.65	['concat', 'concat', 'add', 'add']: UNSAT (0.078 seconds)
399.67/399.73	['concat', 'concat', 'add', 'sub']: UNSAT (0.082 seconds)
399.77/399.81	['concat', 'concat', 'sub', 'sub']: UNSAT (0.085 seconds)
399.87/399.90	['concat', 'index', 'index', 'index']: UNSAT (0.114 seconds)
399.87/400.01	['concat', 'index', 'index', 'length']: UNSAT (0.092 seconds)
399.99/400.11	['concat', 'index', 'index', 'substr']: UNSAT (27.683 seconds)
427.67/427.79	['concat', 'index', 'index', 'add']: UNSAT (0.096 seconds)
427.77/427.89	['concat', 'index', 'index', 'sub']: UNSAT (0.099 seconds)
427.87/427.99	['concat', 'index', 'length', 'length']: UNSAT (0.077 seconds)
428.00/428.06	['concat', 'index', 'length', 'substr']: UNSAT (14.335 seconds)
442.37/442.40	['concat', 'index', 'length', 'add']: UNSAT (0.079 seconds)
442.37/442.48	['concat', 'index', 'length', 'sub']: UNSAT (0.077 seconds)
442.47/442.56	['concat', 'index', 'substr', 'substr']: UNSAT (20.114 seconds)
462.57/462.67	['concat', 'index', 'substr', 'add']: UNSAT (4.185 seconds)
466.77/466.86	['concat', 'index', 'substr', 'sub']: UNSAT (9.080 seconds)
475.87/475.94	['concat', 'index', 'add', 'add']: UNSAT (0.090 seconds)
475.87/476.03	['concat', 'index', 'add', 'sub']: UNSAT (0.089 seconds)
476.00/476.12	['concat', 'index', 'sub', 'sub']: UNSAT (0.090 seconds)
476.17/476.21	['concat', 'length', 'length', 'length']: UNSAT (0.061 seconds)
476.17/476.27	['concat', 'length', 'length', 'substr']: UNSAT (0.183 seconds)
476.37/476.46	['concat', 'length', 'length', 'add']: UNSAT (0.061 seconds)
476.47/476.52	['concat', 'length', 'length', 'sub']: UNSAT (0.062 seconds)
476.47/476.58	['concat', 'length', 'substr', 'substr']: UNSAT (5.105 seconds)
481.57/481.69	['concat', 'length', 'substr', 'add']: UNSAT (1.153 seconds)
482.77/482.84	['concat', 'length', 'substr', 'sub']: UNSAT (0.982 seconds)
483.77/483.83	['concat', 'length', 'add', 'add']: UNSAT (0.068 seconds)
483.77/483.89	['concat', 'length', 'add', 'sub']: UNSAT (0.070 seconds)
483.87/483.97	['concat', 'length', 'sub', 'sub']: UNSAT (0.070 seconds)
483.87/484.04	['concat', 'substr', 'substr', 'substr']: UNSAT (0.727 seconds)
484.67/484.76	['concat', 'substr', 'substr', 'add']: UNSAT (1.247 seconds)
485.87/486.01	['concat', 'substr', 'substr', 'sub']: UNSAT (1.257 seconds)
487.17/487.27	['concat', 'substr', 'add', 'add']: UNSAT (0.571 seconds)
487.77/487.84	['concat', 'substr', 'add', 'sub']: UNSAT (0.378 seconds)
488.17/488.22	['concat', 'substr', 'sub', 'sub']: UNSAT (0.446 seconds)
488.57/488.67	['concat', 'add', 'add', 'add']: UNSAT (0.085 seconds)
488.67/488.75	['concat', 'add', 'add', 'sub']: UNSAT (0.080 seconds)
488.77/488.83	['concat', 'add', 'sub', 'sub']: UNSAT (0.084 seconds)
488.87/488.92	['concat', 'sub', 'sub', 'sub']: UNSAT (0.084 seconds)
488.87/489.00	['index', 'index', 'index', 'index']: UNSAT (0.124 seconds)
489.00/489.13	['index', 'index', 'index', 'length']: UNSAT (0.098 seconds)
489.17/489.23	['index', 'index', 'index', 'substr']: UNSAT (0.340 seconds)
489.47/489.57	['index', 'index', 'index', 'add']: UNSAT (0.111 seconds)
489.57/489.68	['index', 'index', 'index', 'sub']: UNSAT (0.107 seconds)
489.67/489.79	['index', 'index', 'length', 'length']: UNSAT (0.077 seconds)
489.77/489.87	['index', 'index', 'length', 'substr']: UNSAT (0.121 seconds)
489.87/489.99	['index', 'index', 'length', 'add']: UNSAT (0.085 seconds)
490.00/490.07	['index', 'index', 'length', 'sub']: UNSAT (0.087 seconds)
490.12/490.16	['index', 'index', 'substr', 'substr']: UNSAT (0.201 seconds)
490.27/490.36	['index', 'index', 'substr', 'add']: UNSAT (0.155 seconds)
490.47/490.52	['index', 'index', 'substr', 'sub']: UNSAT (0.136 seconds)
490.57/490.66	['index', 'index', 'add', 'add']: UNSAT (0.100 seconds)
490.67/490.76	['index', 'index', 'add', 'sub']: UNSAT (0.104 seconds)
490.77/490.86	['index', 'index', 'sub', 'sub']: UNSAT (0.102 seconds)
490.87/490.97	['index', 'length', 'length', 'length']: UNSAT (0.061 seconds)
490.87/491.03	['index', 'length', 'length', 'substr']: UNSAT (0.096 seconds)
491.00/491.13	['index', 'length', 'length', 'add']: UNSAT (0.068 seconds)
491.11/491.19	['index', 'length', 'length', 'sub']: UNSAT (0.068 seconds)
491.17/491.26	['index', 'length', 'substr', 'substr']: UNSAT (0.158 seconds)
491.37/491.42	['index', 'length', 'substr', 'add']: UNSAT (0.132 seconds)
491.47/491.55	['index', 'length', 'substr', 'sub']: UNSAT (0.113 seconds)
491.57/491.67	['index', 'length', 'add', 'add']: UNSAT (0.084 seconds)
491.67/491.75	['index', 'length', 'add', 'sub']: UNSAT (0.080 seconds)
491.77/491.83	['index', 'length', 'sub', 'sub']: UNSAT (0.081 seconds)
491.87/491.92	['index', 'substr', 'substr', 'substr']: UNSAT (0.389 seconds)
492.27/492.31	['index', 'substr', 'substr', 'add']: UNSAT (0.316 seconds)
492.57/492.62	['index', 'substr', 'substr', 'sub']: UNSAT (0.231 seconds)
492.77/492.86	['index', 'substr', 'add', 'add']: UNSAT (0.128 seconds)
492.87/492.98	['index', 'substr', 'add', 'sub']: UNSAT (0.134 seconds)
493.00/493.12	['index', 'substr', 'sub', 'sub']: UNSAT (0.146 seconds)
493.17/493.27	['index', 'add', 'add', 'add']: UNSAT (0.153 seconds)
493.37/493.42	['index', 'add', 'add', 'sub']: UNSAT (0.104 seconds)
493.47/493.53	['index', 'add', 'sub', 'sub']: UNSAT (0.105 seconds)
493.57/493.63	['index', 'sub', 'sub', 'sub']: UNSAT (0.104 seconds)
493.67/493.74	['length', 'length', 'length', 'length']: UNSAT (0.047 seconds)
493.67/493.78	['length', 'length', 'length', 'substr']: UNSAT (0.061 seconds)
493.77/493.85	['length', 'length', 'length', 'add']: UNSAT (0.051 seconds)
493.87/493.90	['length', 'length', 'length', 'sub']: UNSAT (0.052 seconds)
493.87/493.95	['length', 'length', 'substr', 'substr']: UNSAT (0.114 seconds)
494.00/494.06	['length', 'length', 'substr', 'add']: UNSAT (0.084 seconds)
494.11/494.15	['length', 'length', 'substr', 'sub']: UNSAT (0.087 seconds)
494.17/494.24	['length', 'length', 'add', 'add']: UNSAT (0.068 seconds)
494.27/494.31	['length', 'length', 'add', 'sub']: UNSAT (0.067 seconds)
494.27/494.37	['length', 'length', 'sub', 'sub']: UNSAT (0.063 seconds)
494.37/494.44	['length', 'substr', 'substr', 'substr']: UNSAT (0.181 seconds)
494.57/494.62	['length', 'substr', 'substr', 'add']: UNSAT (0.154 seconds)
494.67/494.77	['length', 'substr', 'substr', 'sub']: UNSAT (0.145 seconds)
494.87/494.92	['length', 'substr', 'add', 'add']: UNSAT (0.097 seconds)
494.87/495.02	['length', 'substr', 'add', 'sub']: UNSAT (0.094 seconds)
495.00/495.11	['length', 'substr', 'sub', 'sub']: UNSAT (0.101 seconds)
495.17/495.21	['length', 'add', 'add', 'add']: UNSAT (0.079 seconds)
495.17/495.29	['length', 'add', 'add', 'sub']: UNSAT (0.079 seconds)
495.27/495.37	['length', 'add', 'sub', 'sub']: UNSAT (0.080 seconds)
495.37/495.46	['length', 'sub', 'sub', 'sub']: UNSAT (0.081 seconds)
495.47/495.54	['substr', 'substr', 'substr', 'substr']: UNSAT (0.212 seconds)
495.67/495.75	['substr', 'substr', 'substr', 'add']: UNSAT (0.132 seconds)
495.77/495.88	['substr', 'substr', 'substr', 'sub']: UNSAT (0.141 seconds)
495.87/496.02	['substr', 'substr', 'add', 'add']: UNSAT (0.168 seconds)
496.12/496.19	['substr', 'substr', 'add', 'sub']: UNSAT (0.115 seconds)
496.27/496.31	['substr', 'substr', 'sub', 'sub']: UNSAT (0.121 seconds)
496.37/496.43	['substr', 'add', 'add', 'add']: UNSAT (0.110 seconds)
496.47/496.54	['substr', 'add', 'add', 'sub']: UNSAT (0.105 seconds)
496.57/496.65	['substr', 'add', 'sub', 'sub']: UNSAT (0.108 seconds)
496.67/496.76	['substr', 'sub', 'sub', 'sub']: UNSAT (0.106 seconds)
496.77/496.86	['add', 'add', 'add', 'add']: UNSAT (0.092 seconds)
496.87/496.96	['add', 'add', 'add', 'sub']: UNSAT (0.093 seconds)
497.00/497.05	['add', 'add', 'sub', 'sub']: UNSAT (0.090 seconds)
497.00/497.14	['add', 'sub', 'sub', 'sub']: UNSAT (0.093 seconds)
497.17/497.23	['sub', 'sub', 'sub', 'sub']: UNSAT (0.094 seconds)
497.27/497.33	['concat', 'concat', 'concat', 'concat', 'concat']: UNSAT (1.664 seconds)
498.87/498.99	['concat', 'concat', 'concat', 'concat', 'index']: UNSAT (0.146 seconds)
499.00/499.14	['concat', 'concat', 'concat', 'concat', 'length']: UNSAT (0.123 seconds)
499.17/499.27	['concat', 'concat', 'concat', 'concat', 'substr']: 