0.12/0.19	=== Examples (../../dataset/examples/examples-50.json)
0.12/0.19	IO(inputs=('George',), output='G')
0.12/0.19	IO(inputs=('Michael',), output='M')
0.12/0.19	IO(inputs=('Jane',), output='J')
0.12/0.19	=== Library
0.12/0.19	concat
0.12/0.19	index
0.12/0.19	length
0.12/0.19	substr
0.12/0.19	add
0.12/0.19	sub
0.12/0.19	=== Synthesis
0.12/0.19	['concat']: UNSAT (0.030 seconds)
0.12/0.22	['index']: UNSAT (0.030 seconds)
0.12/0.25	['length']: UNSAT (0.021 seconds)
0.12/0.27	['substr']: UNSAT (0.034 seconds)
0.26/0.31	['add']: UNSAT (0.026 seconds)
0.26/0.33	['sub']: UNSAT (0.026 seconds)
0.26/0.36	['concat', 'concat']: UNSAT (0.054 seconds)
0.36/0.42	['concat', 'index']: UNSAT (0.054 seconds)
0.36/0.47	['concat', 'length']: UNSAT (0.034 seconds)
0.46/0.50	['concat', 'substr']: SAT (0.087 seconds)
0.56/0.59	substr(concat('Z', arg0), 1, 1)
