0.11/0.20	=== Examples (../../dataset/examples/examples-39.json)
0.11/0.20	IO(inputs=('who cares about when',), output='Created on who cares about ')
0.11/0.20	IO(inputs=('maybe someone will care',), output='Created on maybe someone wi')
0.11/0.20	IO(inputs=('but then who else?',), output='Created on but then who els')
0.11/0.20	=== Library
0.11/0.20	concat
0.11/0.20	index
0.11/0.20	length
0.11/0.20	substr
0.11/0.20	add
0.11/0.20	sub
0.11/0.20	=== Synthesis
0.11/0.20	['concat']: UNSAT (0.032 seconds)
0.11/0.24	['index']: UNSAT (0.031 seconds)
0.11/0.27	['length']: UNSAT (0.022 seconds)
0.11/0.29	['substr']: UNSAT (0.035 seconds)
0.27/0.33	['add']: UNSAT (0.027 seconds)
0.27/0.35	['sub']: UNSAT (0.026 seconds)
0.27/0.38	['concat', 'concat']: UNSAT (0.125 seconds)
0.47/0.51	['concat', 'index']: UNSAT (0.057 seconds)
0.47/0.57	['concat', 'length']: UNSAT (0.041 seconds)
0.57/0.61	['concat', 'substr']: UNSAT (0.106 seconds)
0.69/0.71	['concat', 'add']: UNSAT (0.035 seconds)
0.69/0.75	['concat', 'sub']: UNSAT (0.035 seconds)
0.69/0.79	['index', 'index']: UNSAT (0.049 seconds)
0.79/0.84	['index', 'length']: UNSAT (0.034 seconds)
0.79/0.87	['index', 'substr']: UNSAT (0.052 seconds)
0.89/0.92	['index', 'add']: UNSAT (0.041 seconds)
0.89/0.96	['index', 'sub']: UNSAT (0.043 seconds)
0.89/1.01	['length', 'length']: UNSAT (0.026 seconds)
0.89/1.03	['length', 'substr']: UNSAT (0.039 seconds)
1.03/1.07	['length', 'add']: UNSAT (0.033 seconds)
1.03/1.11	['length', 'sub']: UNSAT (0.029 seconds)
1.03/1.14	['substr', 'substr']: UNSAT (0.055 seconds)
1.13/1.19	['substr', 'add']: UNSAT (0.048 seconds)
1.19/1.24	['substr', 'sub']: UNSAT (0.046 seconds)
1.19/1.29	['add', 'add']: UNSAT (0.039 seconds)
1.29/1.33	['add', 'sub']: UNSAT (0.039 seconds)
1.29/1.37	['sub', 'sub']: UNSAT (0.038 seconds)
1.39/1.41	['concat', 'concat', 'concat']: UNSAT (0.848 seconds)
2.18/2.26	['concat', 'concat', 'index']: UNSAT (0.073 seconds)
2.28/2.33	['concat', 'concat', 'length']: UNSAT (0.055 seconds)
2.28/2.39	['concat', 'concat', 'substr']: UNSAT (0.676 seconds)
3.04/3.06	['concat', 'concat', 'add']: UNSAT (0.060 seconds)
3.04/3.12	['concat', 'concat', 'sub']: UNSAT (0.057 seconds)
3.15/3.18	['concat', 'index', 'index']: UNSAT (0.078 seconds)
3.18/3.26	['concat', 'index', 'length']: UNSAT (0.062 seconds)
3.28/3.32	['concat', 'index', 'substr']: UNSAT (0.252 seconds)
3.48/3.58	['concat', 'index', 'add']: UNSAT (0.065 seconds)
3.58/3.64	['concat', 'index', 'sub']: UNSAT (0.063 seconds)
3.68/3.71	['concat', 'length', 'length']: UNSAT (0.045 seconds)
3.68/3.75	['concat', 'length', 'substr']: UNSAT (0.143 seconds)
3.88/3.90	['concat', 'length', 'add']: UNSAT (0.048 seconds)
3.88/3.95	['concat', 'length', 'sub']: UNSAT (0.048 seconds)
3.88/3.99	['concat', 'substr', 'substr']: UNSAT (0.183 seconds)
4.13/4.18	['concat', 'substr', 'add']: UNSAT (0.095 seconds)
4.18/4.27	['concat', 'substr', 'sub']: UNSAT (0.138 seconds)
4.38/4.41	['concat', 'add', 'add']: UNSAT (0.055 seconds)
4.38/4.47	['concat', 'add', 'sub']: UNSAT (0.057 seconds)
4.48/4.53	['concat', 'sub', 'sub']: UNSAT (0.055 seconds)
4.48/4.58	['index', 'index', 'index']: UNSAT (0.081 seconds)
4.58/4.67	['index', 'index', 'length']: UNSAT (0.064 seconds)
4.68/4.73	['index', 'index', 'substr']: UNSAT (0.095 seconds)
4.78/4.83	['index', 'index', 'add']: UNSAT (0.074 seconds)
4.88/4.90	['index', 'index', 'sub']: UNSAT (0.072 seconds)
4.88/4.97	['index', 'length', 'length']: UNSAT (0.048 seconds)
4.88/5.02	['index', 'length', 'substr']: UNSAT (0.076 seconds)
5.03/5.10	['index', 'length', 'add']: UNSAT (0.055 seconds)
5.13/5.16	['index', 'length', 'sub']: UNSAT (0.055 seconds)
5.18/5.21	['index', 'substr', 'substr']: UNSAT (0.136 seconds)
5.28/5.35	['index', 'substr', 'add']: UNSAT (0.087 seconds)
5.38/5.44	['index', 'substr', 'sub']: UNSAT (0.088 seconds)
5.48/5.53	['index', 'add', 'add']: UNSAT (0.067 seconds)
5.48/5.59	['index', 'add', 'sub']: UNSAT (0.065 seconds)
5.58/5.66	['index', 'sub', 'sub']: UNSAT (0.067 seconds)
5.68/5.73	['length', 'length', 'length']: UNSAT (0.037 seconds)
5.68/5.77	['length', 'length', 'substr']: UNSAT (0.051 seconds)
5.78/5.82	['length', 'length', 'add']: UNSAT (0.042 seconds)
5.78/5.86	['length', 'length', 'sub']: UNSAT (0.041 seconds)
5.88/5.90	['length', 'substr', 'substr']: UNSAT (0.086 seconds)
5.88/5.99	['length', 'substr', 'add']: UNSAT (0.085 seconds)
6.03/6.08	['length', 'substr', 'sub']: UNSAT (0.085 seconds)
6.13/6.16	['length', 'add', 'add']: UNSAT (0.064 seconds)
6.18/6.23	['length', 'add', 'sub']: UNSAT (0.064 seconds)
6.18/6.29	['length', 'sub', 'sub']: UNSAT (0.065 seconds)
6.28/6.36	['substr', 'substr', 'substr']: UNSAT (0.186 seconds)
6.48/6.54	['substr', 'substr', 'add']: UNSAT (0.100 seconds)
6.58/6.65	['substr', 'substr', 'sub']: UNSAT (0.081 seconds)
6.68/6.73	['substr', 'add', 'add']: UNSAT (0.073 seconds)
6.78/6.80	['substr', 'add', 'sub']: UNSAT (0.072 seconds)
6.78/6.88	['substr', 'sub', 'sub']: UNSAT (0.072 seconds)
6.88/6.95	['add', 'add', 'add']: UNSAT (0.061 seconds)
6.88/7.01	['add', 'add', 'sub']: UNSAT (0.060 seconds)
7.02/7.07	['add', 'sub', 'sub']: UNSAT (0.060 seconds)
7.12/7.13	['sub', 'sub', 'sub']: UNSAT (0.063 seconds)
7.18/7.20	['concat', 'concat', 'concat', 'concat']: UNSAT (209.827 seconds)
216.88/217.03	['concat', 'concat', 'concat', 'index']: UNSAT (0.103 seconds)
217.02/217.13	['concat', 'concat', 'concat', 'length']: UNSAT (0.089 seconds)
217.18/217.22	['concat', 'concat', 'concat', 'substr']: UNSAT (247.310 seconds)
464.47/464.53	['concat', 'concat', 'concat', 'add']: UNSAT (0.086 seconds)
464.57/464.62	['concat', 'concat', 'concat', 'sub']: UNSAT (0.084 seconds)
464.68/464.70	['concat', 'concat', 'index', 'index']: UNSAT (0.107 seconds)
464.78/464.81	['concat', 'concat', 'index', 'length']: UNSAT (0.085 seconds)
464.88/464.90	['concat', 'concat', 'index', 'substr']: UNSAT (54.112 seconds)
518.88/519.01	['concat', 'concat', 'index', 'add']: UNSAT (0.089 seconds)
519.02/519.10	['concat', 'concat', 'index', 'sub']: UNSAT (0.094 seconds)
519.17/519.20	['concat', 'concat', 'length', 'length']: UNSAT (0.069 seconds)
519.17/519.27	['concat', 'concat', 'length', 'substr']: UNSAT (7.582 seconds)
526.77/526.85	['concat', 'concat', 'length', 'add']: UNSAT (0.072 seconds)
526.87/526.92	['concat', 'concat', 'length', 'sub']: UNSAT (0.069 seconds)
526.87/526.99	['concat', 'concat', 'substr', 'substr']: UNSAT (2.494 seconds)
529.37/529.49	['concat', 'concat', 'substr', 'add']: UNSAT (2.964 seconds)
532.37/532.45	['concat', 'concat', 'substr', 'sub']: UNSAT (2.283 seconds)
534.67/534.74	['concat', 'concat', 'add', 'add']: UNSAT (0.077 seconds)
534.77/534.82	['concat', 'concat', 'add', 'sub']: UNSAT (0.075 seconds)
534.77/534.89	['concat', 'concat', 'sub', 'sub']: UNSAT (0.089 seconds)
534.87/534.98	['concat', 'index', 'index', 'index']: UNSAT (0.112 seconds)
535.02/535.09	['concat', 'index', 'index', 'length']: UNSAT (0.092 seconds)
535.12/535.19	['concat', 'index', 'index', 'substr']: UNSAT (0.947 seconds)
536.02/536.14	['concat', 'index', 'index', 'add']: UNSAT (0.096 seconds)
536.17/536.23	['concat', 'index', 'index', 'sub']: UNSAT (0.095 seconds)
536.27/536.33	['concat', 'index', 'length', 'length']: UNSAT (0.071 seconds)
536.37/536.40	['concat', 'index', 'length', 'substr']: UNSAT (0.549 seconds)
536.87/536.95	['concat', 'index', 'length', 'add']: UNSAT (0.077 seconds)
536.87/537.03	['concat', 'index', 'length', 'sub']: UNSAT (0.079 seconds)
537.01/537.11	['concat', 'index', 'substr', 'substr']: UNSAT (2.772 seconds)
539.77/539.88	['concat', 'index', 'substr', 'add']: UNSAT (1.069 seconds)
540.87/540.95	['concat', 'index', 'substr', 'sub']: UNSAT (0.732 seconds)
541.57/541.68	['concat', 'index', 'add', 'add']: UNSAT (0.089 seconds)
541.67/541.77	['concat', 'index', 'add', 'sub']: UNSAT (0.087 seconds)
541.77/541.86	['concat', 'index', 'sub', 'sub']: UNSAT (0.088 seconds)
541.87/541.95	['concat', 'length', 'length', 'length']: UNSAT (0.058 seconds)
541.87/542.01	['concat', 'length', 'length', 'substr']: UNSAT (0.131 seconds)
542.12/542.14	['concat', 'length', 'length', 'add']: UNSAT (0.059 seconds)
542.17/542.20	['concat', 'length', 'length', 'sub']: UNSAT (0.060 seconds)
542.17/542.26	['concat', 'length', 'substr', 'substr']: UNSAT (2.315 seconds)
544.47/544.58	['concat', 'length', 'substr', 'add']: UNSAT (0.449 seconds)
544.87/545.03	['concat', 'length', 'substr', 'sub']: UNSAT (0.452 seconds)
545.37/545.48	['concat', 'length', 'add', 'add']: UNSAT (0.068 seconds)
545.47/545.55	['concat', 'length', 'add', 'sub']: UNSAT (0.067 seconds)
545.57/545.62	['concat', 'length', 'sub', 'sub']: UNSAT (0.069 seconds)
545.57/545.69	['concat', 'substr', 'substr', 'substr']: UNSAT (0.566 seconds)
546.17/546.25	['concat', 'substr', 'substr', 'add']: UNSAT (0.411 seconds)
546.57/546.67	['concat', 'substr', 'substr', 'sub']: UNSAT (0.894 seconds)
547.47/547.56	['concat', 'substr', 'add', 'add']: UNSAT (0.347 seconds)
547.87/547.91	['concat', 'substr', 'add', 'sub']: UNSAT (0.373 seconds)
548.17/548.28	['concat', 'substr', 'sub', 'sub']: UNSAT (0.366 seconds)
548.57/548.65	['concat', 'add', 'add', 'add']: UNSAT (0.085 seconds)
548.67/548.73	['concat', 'add', 'add', 'sub']: UNSAT (0.085 seconds)
548.77/548.82	['concat', 'add', 'sub', 'sub']: UNSAT (0.082 seconds)
548.87/548.90	['concat', 'sub', 'sub', 'sub']: UNSAT (0.082 seconds)
548.87/548.99	['index', 'index', 'index', 'index']: UNSAT (0.117 seconds)
549.01/549.10	['index', 'index', 'index', 'length']: UNSAT (0.095 seconds)
549.17/549.20	['index', 'index', 'index', 'substr']: UNSAT (0.187 seconds)
549.27/549.39	['index', 'index', 'index', 'add']: UNSAT (0.107 seconds)
549.37/549.50	['index', 'index', 'index', 'sub']: UNSAT (0.106 seconds)
549.57/549.60	['index', 'index', 'length', 'length']: UNSAT (0.078 seconds)
549.57/549.68	['index', 'index', 'length', 'substr']: UNSAT (0.112 seconds)
549.67/549.79	['index', 'index', 'length', 'add']: UNSAT (0.086 seconds)
549.77/549.88	['index', 'index', 'length', 'sub']: UNSAT (0.085 seconds)
549.87/549.97	['index', 'index', 'substr', 'substr']: UNSAT (0.172 seconds)
550.12/550.14	['index', 'index', 'substr', 'add']: UNSAT (0.131 seconds)
550.17/550.27	['index', 'index', 'substr', 'sub']: UNSAT (0.130 seconds)
550.37/550.40	['index', 'index', 'add', 'add']: UNSAT (0.105 seconds)
550.47/550.51	['index', 'index', 'add', 'sub']: UNSAT (0.106 seconds)
550.57/550.62	['index', 'index', 'sub', 'sub']: UNSAT (0.104 seconds)
550.67/550.72	['index', 'length', 'length', 'length']: UNSAT (0.063 seconds)
550.67/550.79	['index', 'length', 'length', 'substr']: UNSAT (0.090 seconds)
550.77/550.88	['index', 'length', 'length', 'add']: UNSAT (0.070 seconds)
550.87/550.95	['index', 'length', 'length', 'sub']: UNSAT (0.069 seconds)
550.87/551.02	['index', 'length', 'substr', 'substr']: UNSAT (0.175 seconds)
551.12/551.19	['index', 'length', 'substr', 'add']: UNSAT (0.105 seconds)
551.27/551.30	['index', 'length', 'substr', 'sub']: UNSAT (0.107 seconds)
551.37/551.41	['index', 'length', 'add', 'add']: UNSAT (0.082 seconds)
551.37/551.49	['index', 'length', 'add', 'sub']: UNSAT (0.086 seconds)
551.47/551.58	['index', 'length', 'sub', 'sub']: UNSAT (0.082 seconds)
551.57/551.66	['index', 'substr', 'substr', 'substr']: UNSAT (0.375 seconds)
551.87/552.04	['index', 'substr', 'substr', 'add']: UNSAT (0.227 seconds)
552.17/552.26	['index', 'substr', 'substr', 'sub']: UNSAT (0.246 seconds)
552.47/552.51	['index', 'substr', 'add', 'add']: UNSAT (0.129 seconds)
552.57/552.64	['index', 'substr', 'add', 'sub']: UNSAT (0.135 seconds)
552.67/552.78	['index', 'substr', 'sub', 'sub']: UNSAT (0.148 seconds)
552.87/552.93	['index', 'add', 'add', 'add']: UNSAT (0.108 seconds)
553.01/553.04	['index', 'add', 'add', 'sub']: UNSAT (0.103 seconds)
553.11/553.14	['index', 'add', 'sub', 'sub']: UNSAT (0.104 seconds)
553.17/553.24	['index', 'sub', 'sub', 'sub']: UNSAT (0.106 seconds)
553.27/553.35	['length', 'length', 'length', 'length']: UNSAT (0.047 seconds)
553.37/553.40	['length', 'length', 'length', 'substr']: UNSAT (0.063 seconds)
553.37/553.46	['length', 'length', 'length', 'add']: UNSAT (0.052 seconds)
553.47/553.52	['length', 'length', 'length', 'sub']: UNSAT (0.055 seconds)
553.47/553.57	['length', 'length', 'substr', 'substr']: UNSAT (0.119 seconds)
553.57/553.69	['length', 'length', 'substr', 'add']: UNSAT (0.086 seconds)
553.67/553.78	['length', 'length', 'substr', 'sub']: UNSAT (0.084 seconds)
553.77/553.86	['length', 'length', 'add', 'add']: UNSAT (0.064 seconds)
553.87/553.93	['length', 'length', 'add', 'sub']: UNSAT (0.065 seconds)
553.87/553.99	['length', 'length', 'sub', 'sub']: UNSAT (0.064 seconds)
554.02/554.06	['length', 'substr', 'substr', 'substr']: UNSAT (0.207 seconds)
554.17/554.26	['length', 'substr', 'substr', 'add']: UNSAT (0.128 seconds)
554.27/554.39	['length', 'substr', 'substr', 'sub']: UNSAT (0.152 seconds)
554.47/554.55	['length', 'substr', 'add', 'add']: UNSAT (0.099 seconds)
554.57/554.65	['length', 'substr', 'add', 'sub']: UNSAT (0.097 seconds)
554.67/554.74	['length', 'substr', 'sub', 'sub']: UNSAT (0.099 seconds)
554.77/554.84	['length', 'add', 'add', 'add']: UNSAT (0.080 seconds)
554.87/554.92	['length', 'add', 'add', 'sub']: UNSAT (0.082 seconds)
554.87/555.01	['length', 'add', 'sub', 'sub']: UNSAT (0.080 seconds)
555.02/555.09	['length', 'sub', 'sub', 'sub']: UNSAT (0.081 seconds)
555.12/555.17	['substr', 'substr', 'substr', 'substr']: UNSAT (0.191 seconds)
555.27/555.36	['substr', 'substr', 'substr', 'add']: UNSAT (0.133 seconds)
555.47/555.50	['substr', 'substr', 'substr', 'sub']: UNSAT (0.138 seconds)
555.57/555.64	['substr', 'substr', 'add', 'add']: UNSAT (0.129 seconds)
555.67/555.77	['substr', 'substr', 'add', 'sub']: UNSAT (0.115 seconds)
555.77/555.88	['substr', 'substr', 'sub', 'sub']: UNSAT (0.119 seconds)
555.87/556.00	['substr', 'add', 'add', 'add']: UNSAT (0.112 seconds)
556.02/556.12	['substr', 'add', 'add', 'sub']: UNSAT (0.102 seconds)
556.17/556.22	['substr', 'add', 'sub', 'sub']: UNSAT (0.103 seconds)
556.27/556.32	['substr', 'sub', 'sub', 'sub']: UNSAT (0.106 seconds)
556.37/556.43	['add', 'add', 'add', 'add']: UNSAT (0.096 seconds)
556.47/556.53	['add', 'add', 'add', 'sub']: UNSAT (0.098 seconds)
556.57/556.63	['add', 'add', 'sub', 'sub']: UNSAT (0.096 seconds)
556.67/556.72	['add', 'sub', 'sub', 'sub']: UNSAT (0.095 seconds)
556.77/556.82	['sub', 'sub', 'sub', 'sub']: UNSAT (0.096 seconds)
556.87/556.92	['concat', 'concat', 'concat', 'concat', 'concat']: 