0.12/0.20	=== Examples (../../dataset/examples/examples-89.json)
0.12/0.20	IO(inputs=('|George|Maebe|Michael|',), output='Enviado para George, Maebe, Michael')
0.12/0.20	IO(inputs=('|John|Jane|Joao|',), output='Enviado para John, Jane, Joao')
0.12/0.20	IO(inputs=('|Abc|Def|Ghi|',), output='Enviado para Abc, Def, Ghi')
0.12/0.20	=== Library
0.12/0.20	concat
0.12/0.20	index
0.12/0.20	length
0.12/0.20	substr
0.12/0.20	add
0.12/0.20	sub
0.12/0.20	=== Synthesis
0.12/0.20	['concat']: UNSAT (0.032 seconds)
0.12/0.23	['index']: UNSAT (0.032 seconds)
0.12/0.26	['length']: UNSAT (0.021 seconds)
0.27/0.28	['substr']: UNSAT (0.033 seconds)
0.27/0.32	['add']: UNSAT (0.027 seconds)
0.27/0.35	['sub']: UNSAT (0.027 seconds)
0.27/0.37	['concat', 'concat']: UNSAT (0.119 seconds)
0.46/0.49	['concat', 'index']: UNSAT (0.055 seconds)
0.46/0.55	['concat', 'length']: UNSAT (0.036 seconds)
0.56/0.59	['concat', 'substr']: UNSAT (0.095 seconds)
0.61/0.68	['concat', 'add']: UNSAT (0.033 seconds)
0.69/0.71	['concat', 'sub']: UNSAT (0.033 seconds)
0.69/0.75	['index', 'index']: UNSAT (0.053 seconds)
0.79/0.80	['index', 'length']: UNSAT (0.034 seconds)
0.79/0.84	['index', 'substr']: UNSAT (0.052 seconds)
0.79/0.89	['index', 'add']: UNSAT (0.040 seconds)
0.89/0.93	['index', 'sub']: UNSAT (0.043 seconds)
0.89/0.97	['length', 'length']: UNSAT (0.023 seconds)
0.89/1.00	['length', 'substr']: UNSAT (0.039 seconds)
1.02/1.04	['length', 'add']: UNSAT (0.030 seconds)
1.02/1.07	['length', 'sub']: UNSAT (0.028 seconds)
1.02/1.10	['substr', 'substr']: UNSAT (0.054 seconds)
1.13/1.15	['substr', 'add']: UNSAT (0.043 seconds)
1.13/1.20	['substr', 'sub']: UNSAT (0.044 seconds)
1.19/1.24	['add', 'add']: UNSAT (0.037 seconds)
1.19/1.28	['add', 'sub']: UNSAT (0.037 seconds)
1.29/1.32	['sub', 'sub']: UNSAT (0.036 seconds)
1.29/1.35	['concat', 'concat', 'concat']: UNSAT (1.582 seconds)
2.89/2.94	['concat', 'concat', 'index']: UNSAT (0.070 seconds)
2.89/3.01	['concat', 'concat', 'length']: UNSAT (0.056 seconds)
3.02/3.06	['concat', 'concat', 'substr']: UNSAT (0.363 seconds)
3.40/3.43	['concat', 'concat', 'add']: UNSAT (0.057 seconds)
3.40/3.48	['concat', 'concat', 'sub']: UNSAT (0.053 seconds)
3.48/3.54	['concat', 'index', 'index']: UNSAT (0.074 seconds)
3.58/3.61	['concat', 'index', 'length']: UNSAT (0.059 seconds)
3.58/3.67	['concat', 'index', 'substr']: UNSAT (0.151 seconds)
3.78/3.83	['concat', 'index', 'add']: UNSAT (0.064 seconds)
3.78/3.89	['concat', 'index', 'sub']: UNSAT (0.064 seconds)
3.88/3.95	['concat', 'length', 'length']: UNSAT (0.045 seconds)
3.88/4.00	['concat', 'length', 'substr']: UNSAT (0.090 seconds)
4.02/4.09	['concat', 'length', 'add']: UNSAT (0.049 seconds)
4.12/4.14	['concat', 'length', 'sub']: UNSAT (0.044 seconds)
4.12/4.19	['concat', 'substr', 'substr']: UNSAT (0.140 seconds)
4.28/4.33	['concat', 'substr', 'add']: UNSAT (0.073 seconds)
4.28/4.40	['concat', 'substr', 'sub']: UNSAT (0.078 seconds)
4.40/4.48	['concat', 'add', 'add']: UNSAT (0.054 seconds)
4.48/4.54	['concat', 'add', 'sub']: UNSAT (0.055 seconds)
4.48/4.59	['concat', 'sub', 'sub']: UNSAT (0.052 seconds)
4.58/4.64	['index', 'index', 'index']: UNSAT (0.079 seconds)
4.68/4.72	['index', 'index', 'length']: UNSAT (0.060 seconds)
4.68/4.79	['index', 'index', 'substr']: UNSAT (0.091 seconds)
4.78/4.88	['index', 'index', 'add']: UNSAT (0.071 seconds)
4.88/4.95	['index', 'index', 'sub']: UNSAT (0.072 seconds)
4.88/5.02	['index', 'length', 'length']: UNSAT (0.048 seconds)
5.02/5.07	['index', 'length', 'substr']: UNSAT (0.073 seconds)
5.12/5.14	['index', 'length', 'add']: UNSAT (0.052 seconds)
5.18/5.20	['index', 'length', 'sub']: UNSAT (0.052 seconds)
5.18/5.25	['index', 'substr', 'substr']: UNSAT (0.145 seconds)
5.28/5.40	['index', 'substr', 'add']: UNSAT (0.082 seconds)
5.42/5.48	['index', 'substr', 'sub']: UNSAT (0.084 seconds)
5.48/5.56	['index', 'add', 'add']: UNSAT (0.066 seconds)
5.58/5.63	['index', 'add', 'sub']: UNSAT (0.063 seconds)
5.58/5.69	['index', 'sub', 'sub']: UNSAT (0.065 seconds)
5.68/5.76	['length', 'length', 'length']: UNSAT (0.033 seconds)
5.68/5.79	['length', 'length', 'substr']: UNSAT (0.052 seconds)
5.78/5.85	['length', 'length', 'add']: UNSAT (0.038 seconds)
5.78/5.89	['length', 'length', 'sub']: UNSAT (0.040 seconds)
5.88/5.93	['length', 'substr', 'substr']: UNSAT (0.083 seconds)
5.88/6.01	['length', 'substr', 'add']: UNSAT (0.063 seconds)
6.01/6.07	['length', 'substr', 'sub']: UNSAT (0.061 seconds)
6.12/6.14	['length', 'add', 'add']: UNSAT (0.051 seconds)
6.12/6.19	['length', 'add', 'sub']: UNSAT (0.052 seconds)
6.18/6.24	['length', 'sub', 'sub']: UNSAT (0.051 seconds)
6.18/6.29	['substr', 'substr', 'substr']: UNSAT (0.097 seconds)
6.28/6.39	['substr', 'substr', 'add']: UNSAT (0.078 seconds)
6.40/6.47	['substr', 'substr', 'sub']: UNSAT (0.080 seconds)
6.48/6.55	['substr', 'add', 'add']: UNSAT (0.068 seconds)
6.58/6.62	['substr', 'add', 'sub']: UNSAT (0.072 seconds)
6.58/6.69	['substr', 'sub', 'sub']: UNSAT (0.071 seconds)
6.68/6.76	['add', 'add', 'add']: UNSAT (0.065 seconds)
6.78/6.83	['add', 'add', 'sub']: UNSAT (0.065 seconds)
6.88/6.90	['add', 'sub', 'sub']: UNSAT (0.064 seconds)
6.88/6.96	['sub', 'sub', 'sub']: UNSAT (0.063 seconds)
6.88/7.03	['concat', 'concat', 'concat', 'concat']: 