0.12/0.20	=== Examples (../../dataset/examples/examples-48.json)
0.12/0.20	IO(inputs=('John', 'Doe', '@gmail.com'), output='johndoe.@gmail.com')
0.12/0.20	IO(inputs=('Jane', 'Smith', '@outsystems.com'), output='janesmith.@outsystems.com')
0.12/0.20	IO(inputs=('Michael', 'Bluth', '@bluth.com'), output='michaelbluth.@bluth.com')
0.12/0.20	=== Library
0.12/0.20	concat
0.12/0.20	index
0.12/0.20	length
0.12/0.20	substr
0.12/0.20	add
0.12/0.20	sub
0.12/0.20	=== Synthesis
0.12/0.20	['concat']: UNSAT (0.036 seconds)
0.12/0.23	['index']: UNSAT (0.037 seconds)
0.12/0.27	['length']: UNSAT (0.025 seconds)
0.25/0.30	['substr']: UNSAT (0.037 seconds)
0.25/0.34	['add']: UNSAT (0.029 seconds)
0.25/0.37	['sub']: UNSAT (0.030 seconds)
0.35/0.40	['concat', 'concat']: UNSAT (0.067 seconds)
0.35/0.47	['concat', 'index']: UNSAT (0.067 seconds)
0.45/0.53	['concat', 'length']: UNSAT (0.048 seconds)
0.54/0.58	['concat', 'substr']: UNSAT (0.055 seconds)
0.62/0.64	['concat', 'add']: UNSAT (0.041 seconds)
0.62/0.68	['concat', 'sub']: UNSAT (0.040 seconds)
0.68/0.72	['index', 'index']: UNSAT (0.058 seconds)
0.68/0.78	['index', 'length']: UNSAT (0.040 seconds)
0.78/0.82	['index', 'substr']: UNSAT (0.060 seconds)
0.78/0.88	['index', 'add']: UNSAT (0.048 seconds)
0.88/0.93	['index', 'sub']: UNSAT (0.051 seconds)
0.88/0.98	['length', 'length']: UNSAT (0.029 seconds)
0.88/1.01	['length', 'substr']: UNSAT (0.046 seconds)
1.01/1.06	['length', 'add']: UNSAT (0.033 seconds)
1.01/1.09	['length', 'sub']: UNSAT (0.035 seconds)
1.01/1.13	['substr', 'substr']: UNSAT (0.061 seconds)
1.13/1.19	['substr', 'add']: UNSAT (0.047 seconds)
1.18/1.24	['substr', 'sub']: UNSAT (0.049 seconds)
1.18/1.29	['add', 'add']: UNSAT (0.042 seconds)
1.28/1.33	['add', 'sub']: UNSAT (0.042 seconds)
1.28/1.38	['sub', 'sub']: UNSAT (0.041 seconds)
1.38/1.42	['concat', 'concat', 'concat']: UNSAT (0.240 seconds)
1.58/1.66	['concat', 'concat', 'index']: UNSAT (0.084 seconds)
1.68/1.75	['concat', 'concat', 'length']: UNSAT (0.064 seconds)
1.78/1.81	['concat', 'concat', 'substr']: UNSAT (0.129 seconds)
1.88/1.94	['concat', 'concat', 'add']: UNSAT (0.066 seconds)
1.88/2.01	['concat', 'concat', 'sub']: UNSAT (0.067 seconds)
2.00/2.08	['concat', 'index', 'index']: UNSAT (0.095 seconds)
2.12/2.17	['concat', 'index', 'length']: UNSAT (0.070 seconds)
2.18/2.24	['concat', 'index', 'substr']: UNSAT (0.130 seconds)
2.28/2.37	['concat', 'index', 'add']: UNSAT (0.074 seconds)
2.39/2.45	['concat', 'index', 'sub']: UNSAT (0.075 seconds)
2.49/2.53	['concat', 'length', 'length']: UNSAT (0.052 seconds)
2.49/2.58	['concat', 'length', 'substr']: UNSAT (0.076 seconds)
2.59/2.66	['concat', 'length', 'add']: UNSAT (0.054 seconds)
2.69/2.71	['concat', 'length', 'sub']: UNSAT (0.054 seconds)
2.69/2.77	['concat', 'substr', 'substr']: UNSAT (0.092 seconds)
2.79/2.86	['concat', 'substr', 'add']: UNSAT (0.076 seconds)
2.89/2.94	['concat', 'substr', 'sub']: UNSAT (0.076 seconds)
2.89/3.01	['concat', 'add', 'add']: UNSAT (0.066 seconds)
3.02/3.08	['concat', 'add', 'sub']: UNSAT (0.065 seconds)
3.13/3.15	['concat', 'sub', 'sub']: UNSAT (0.064 seconds)
3.19/3.21	['index', 'index', 'index']: UNSAT (0.096 seconds)
3.29/3.31	['index', 'index', 'length']: UNSAT (0.078 seconds)
3.29/3.39	['index', 'index', 'substr']: UNSAT (0.122 seconds)
3.49/3.51	['index', 'index', 'add']: UNSAT (0.080 seconds)
3.49/3.59	['index', 'index', 'sub']: UNSAT (0.082 seconds)
3.59/3.67	['index', 'length', 'length']: UNSAT (0.058 seconds)
3.69/3.73	['index', 'length', 'substr']: UNSAT (0.079 seconds)
3.79/3.81	['index', 'length', 'add']: UNSAT (0.065 seconds)
3.79/3.88	['index', 'length', 'sub']: UNSAT (0.066 seconds)
3.89/3.95	['index', 'substr', 'substr']: UNSAT (0.113 seconds)
4.02/4.06	['index', 'substr', 'add']: UNSAT (0.092 seconds)
4.13/4.15	['index', 'substr', 'sub']: UNSAT (0.088 seconds)
4.19/4.24	['index', 'add', 'add']: UNSAT (0.081 seconds)
4.29/4.33	['index', 'add', 'sub']: UNSAT (0.077 seconds)
4.39/4.40	['index', 'sub', 'sub']: UNSAT (0.074 seconds)
4.39/4.48	['length', 'length', 'length']: UNSAT (0.042 seconds)
4.49/4.52	['length', 'length', 'substr']: UNSAT (0.058 seconds)
4.49/4.58	['length', 'length', 'add']: UNSAT (0.046 seconds)
4.59/4.63	['length', 'length', 'sub']: UNSAT (0.045 seconds)
4.59/4.67	['length', 'substr', 'substr']: UNSAT (0.075 seconds)
4.69/4.75	['length', 'substr', 'add']: UNSAT (0.064 seconds)
4.79/4.81	['length', 'substr', 'sub']: UNSAT (0.063 seconds)
4.79/4.88	['length', 'add', 'add']: UNSAT (0.055 seconds)
4.89/4.93	['length', 'add', 'sub']: UNSAT (0.055 seconds)
4.89/4.99	['length', 'sub', 'sub']: UNSAT (0.056 seconds)
5.01/5.05	['substr', 'substr', 'substr']: UNSAT (0.097 seconds)
5.12/5.14	['substr', 'substr', 'add']: UNSAT (0.088 seconds)
5.19/5.23	['substr', 'substr', 'sub']: UNSAT (0.087 seconds)
5.29/5.32	['substr', 'add', 'add']: UNSAT (0.076 seconds)
5.39/5.40	['substr', 'add', 'sub']: UNSAT (0.078 seconds)
5.39/5.48	['substr', 'sub', 'sub']: UNSAT (0.076 seconds)
5.49/5.55	['add', 'add', 'add']: UNSAT (0.069 seconds)
5.59/5.62	['add', 'add', 'sub']: UNSAT (0.071 seconds)
5.59/5.69	['add', 'sub', 'sub']: UNSAT (0.071 seconds)
5.69/5.77	['sub', 'sub', 'sub']: UNSAT (0.070 seconds)
5.79/5.84	['concat', 'concat', 'concat', 'concat']: UNKNOWN (304.840 seconds)
310.58/310.68	Reason: smt tactic failed to show goal to be sat/unsat max-conflicts-reached
310.58/310.68	Reason: smt tactic failed to show goal to be sat/unsat max-conflicts-reached
310.58/310.68	['concat', 'concat', 'concat', 'index']: UNSAT (0.120 seconds)
310.78/310.80	['concat', 'concat', 'concat', 'length']: UNSAT (0.095 seconds)
310.88/310.90	['concat', 'concat', 'concat', 'substr']: UNSAT (14.548 seconds)
325.38/325.45	['concat', 'concat', 'concat', 'add']: UNSAT (0.113 seconds)
325.47/325.56	['concat', 'concat', 'concat', 'sub']: UNSAT (0.095 seconds)
325.57/325.66	['concat', 'concat', 'index', 'index']: UNSAT (0.124 seconds)
325.67/325.78	['concat', 'concat', 'index', 'length']: UNSAT (0.101 seconds)
325.77/325.89	['concat', 'concat', 'index', 'substr']: UNSAT (1.250 seconds)
327.00/327.14	['concat', 'concat', 'index', 'add']: UNSAT (0.106 seconds)
327.17/327.24	['concat', 'concat', 'index', 'sub']: UNSAT (0.104 seconds)
327.27/327.35	['concat', 'concat', 'length', 'length']: UNSAT (0.080 seconds)
327.37/327.43	['concat', 'concat', 'length', 'substr']: UNSAT (0.566 seconds)
327.87/328.00	['concat', 'concat', 'length', 'add']: UNSAT (0.081 seconds)
327.99/328.08	['concat', 'concat', 'length', 'sub']: UNSAT (0.081 seconds)
328.13/328.16	['concat', 'concat', 'substr', 'substr']: UNSAT (0.601 seconds)
328.67/328.76	['concat', 'concat', 'substr', 'add']: UNSAT (0.152 seconds)
328.87/328.92	['concat', 'concat', 'substr', 'sub']: UNSAT (0.149 seconds)
329.00/329.07	['concat', 'concat', 'add', 'add']: UNSAT (0.088 seconds)
329.13/329.16	['concat', 'concat', 'add', 'sub']: UNSAT (0.092 seconds)
329.18/329.25	['concat', 'concat', 'sub', 'sub']: UNSAT (0.088 seconds)
329.28/329.34	['concat', 'index', 'index', 'index']: UNSAT (0.128 seconds)
329.38/329.47	['concat', 'index', 'index', 'length']: UNSAT (0.105 seconds)
329.48/329.57	['concat', 'index', 'index', 'substr']: UNSAT (0.303 seconds)
329.78/329.88	['concat', 'index', 'index', 'add']: UNSAT (0.112 seconds)
329.88/329.99	['concat', 'index', 'index', 'sub']: UNSAT (0.112 seconds)
330.00/330.10	['concat', 'index', 'length', 'length']: UNSAT (0.084 seconds)
330.14/330.19	['concat', 'index', 'length', 'substr']: UNSAT (0.162 seconds)
330.27/330.35	['concat', 'index', 'length', 'add']: UNSAT (0.089 seconds)
330.37/330.44	['concat', 'index', 'length', 'sub']: UNSAT (0.089 seconds)
330.47/330.53	['concat', 'index', 'substr', 'substr']: UNSAT (0.271 seconds)
330.77/330.81	['concat', 'index', 'substr', 'add']: UNSAT (0.170 seconds)
330.87/330.98	['concat', 'index', 'substr', 'sub']: UNSAT (0.252 seconds)
331.17/331.23	['concat', 'index', 'add', 'add']: UNSAT (0.103 seconds)
331.27/331.33	['concat', 'index', 'add', 'sub']: UNSAT (0.100 seconds)
331.37/331.43	['concat', 'index', 'sub', 'sub']: UNSAT (0.099 seconds)
331.47/331.53	['concat', 'length', 'length', 'length']: UNSAT (0.065 seconds)
331.57/331.60	['concat', 'length', 'length', 'substr']: UNSAT (0.132 seconds)
331.67/331.73	['concat', 'length', 'length', 'add']: UNSAT (0.072 seconds)
331.77/331.81	['concat', 'length', 'length', 'sub']: UNSAT (0.070 seconds)
331.77/331.88	['concat', 'length', 'substr', 'substr']: UNSAT (0.200 seconds)
332.00/332.08	['concat', 'length', 'substr', 'add']: UNSAT (0.103 seconds)
332.14/332.18	['concat', 'length', 'substr', 'sub']: UNSAT (0.100 seconds)
332.17/332.28	['concat', 'length', 'add', 'add']: UNSAT (0.079 seconds)
332.27/332.36	['concat', 'length', 'add', 'sub']: UNSAT (0.079 seconds)
332.37/332.44	['concat', 'length', 'sub', 'sub']: UNSAT (0.078 seconds)
332.47/332.52	['concat', 'substr', 'substr', 'substr']: UNSAT (0.159 seconds)
332.57/332.68	['concat', 'substr', 'substr', 'add']: UNSAT (0.124 seconds)
332.77/332.81	['concat', 'substr', 'substr', 'sub']: UNSAT (0.124 seconds)
332.87/332.93	['concat', 'substr', 'add', 'add']: UNSAT (0.108 seconds)
332.87/333.04	['concat', 'substr', 'add', 'sub']: UNSAT (0.104 seconds)
333.00/333.15	['concat', 'substr', 'sub', 'sub']: UNSAT (0.104 seconds)
333.17/333.25	['concat', 'add', 'add', 'add']: UNSAT (0.096 seconds)
333.27/333.35	['concat', 'add', 'add', 'sub']: UNSAT (0.093 seconds)
333.37/333.44	['concat', 'add', 'sub', 'sub']: UNSAT (0.092 seconds)
333.47/333.54	['concat', 'sub', 'sub', 'sub']: UNSAT (0.092 seconds)
333.58/333.63	['index', 'index', 'index', 'index']: UNSAT (0.140 seconds)
333.67/333.77	['index', 'index', 'index', 'length']: UNSAT (0.116 seconds)
333.77/333.89	['index', 'index', 'index', 'substr']: UNSAT (0.159 seconds)
333.87/334.05	['index', 'index', 'index', 'add']: UNSAT (0.125 seconds)
334.14/334.18	['index', 'index', 'index', 'sub']: UNSAT (0.126 seconds)
334.27/334.30	['index', 'index', 'length', 'length']: UNSAT (0.091 seconds)
334.27/334.39	['index', 'index', 'length', 'substr']: UNSAT (0.126 seconds)
334.47/334.52	['index', 'index', 'length', 'add']: UNSAT (0.101 seconds)
334.57/334.62	['index', 'index', 'length', 'sub']: UNSAT (0.100 seconds)
334.67/334.73	['index', 'index', 'substr', 'substr']: UNSAT (0.255 seconds)
334.87/334.98	['index', 'index', 'substr', 'add']: UNSAT (0.143 seconds)
335.00/335.13	['index', 'index', 'substr', 'sub']: UNSAT (0.155 seconds)
335.17/335.28	['index', 'index', 'add', 'add']: UNSAT (0.116 seconds)
335.37/335.40	['index', 'index', 'add', 'sub']: UNSAT (0.115 seconds)
335.47/335.51	['index', 'index', 'sub', 'sub']: UNSAT (0.116 seconds)
335.57/335.63	['index', 'length', 'length', 'length']: UNSAT (0.071 seconds)
335.67/335.70	['index', 'length', 'length', 'substr']: UNSAT (0.105 seconds)
335.77/335.81	['index', 'length', 'length', 'add']: UNSAT (0.082 seconds)
335.77/335.89	['index', 'length', 'length', 'sub']: UNSAT (0.080 seconds)
335.87/335.98	['index', 'length', 'substr', 'substr']: UNSAT (0.196 seconds)
336.13/336.17	['index', 'length', 'substr', 'add']: UNSAT (0.112 seconds)
336.17/336.29	['index', 'length', 'substr', 'sub']: UNSAT (0.115 seconds)
336.37/336.40	['index', 'length', 'add', 'add']: UNSAT (0.093 seconds)
336.47/336.50	['index', 'length', 'add', 'sub']: UNSAT (0.095 seconds)
336.47/336.59	['index', 'length', 'sub', 'sub']: UNSAT (0.090 seconds)
336.57/336.68	['index', 'substr', 'substr', 'substr']: UNSAT (0.221 seconds)
336.87/336.91	['index', 'substr', 'substr', 'add']: UNSAT (0.157 seconds)
337.00/337.06	['index', 'substr', 'substr', 'sub']: UNSAT (0.152 seconds)
337.17/337.22	['index', 'substr', 'add', 'add']: UNSAT (0.133 seconds)
337.27/337.35	['index', 'substr', 'add', 'sub']: UNSAT (0.138 seconds)
337.37/337.49	['index', 'substr', 'sub', 'sub']: UNSAT (0.131 seconds)
337.57/337.62	['index', 'add', 'add', 'add']: UNSAT (0.117 seconds)
337.67/337.74	['index', 'add', 'add', 'sub']: UNSAT (0.111 seconds)
337.77/337.85	['index', 'add', 'sub', 'sub']: UNSAT (0.116 seconds)
337.87/337.97	['index', 'sub', 'sub', 'sub']: UNSAT (0.116 seconds)
338.00/338.09	['length', 'length', 'length', 'length']: UNSAT (0.053 seconds)
338.00/338.14	['length', 'length', 'length', 'substr']: UNSAT (0.069 seconds)
338.17/338.21	['length', 'length', 'length', 'add']: UNSAT (0.058 seconds)
338.17/338.27	['length', 'length', 'length', 'sub']: UNSAT (0.058 seconds)
338.27/338.33	['length', 'length', 'substr', 'substr']: UNSAT (0.105 seconds)
338.37/338.44	['length', 'length', 'substr', 'add']: UNSAT (0.084 seconds)
338.47/338.52	['length', 'length', 'substr', 'sub']: UNSAT (0.085 seconds)
338.57/338.61	['length', 'length', 'add', 'add']: UNSAT (0.070 seconds)
338.57/338.68	['length', 'length', 'add', 'sub']: UNSAT (0.069 seconds)
338.67/338.75	['length', 'length', 'sub', 'sub']: UNSAT (0.069 seconds)
338.77/338.82	['length', 'substr', 'substr', 'substr']: UNSAT (0.120 seconds)
338.87/338.94	['length', 'substr', 'substr', 'add']: UNSAT (0.104 seconds)
338.87/339.04	['length', 'substr', 'substr', 'sub']: UNSAT (0.104 seconds)
339.00/339.15	['length', 'substr', 'add', 'add']: UNSAT (0.092 seconds)
339.17/339.24	['length', 'substr', 'add', 'sub']: UNSAT (0.092 seconds)
339.27/339.34	['length', 'substr', 'sub', 'sub']: UNSAT (0.091 seconds)
339.37/339.43	['length', 'add', 'add', 'add']: UNSAT (0.081 seconds)
339.47/339.51	['length', 'add', 'add', 'sub']: UNSAT (0.086 seconds)
339.57/339.60	['length', 'add', 'sub', 'sub']: UNSAT (0.081 seconds)
339.57/339.68	['length', 'sub', 'sub', 'sub']: UNSAT (0.082 seconds)
339.67/339.76	['substr', 'substr', 'substr', 'substr']: UNSAT (0.146 seconds)
339.87/339.91	['substr', 'substr', 'substr', 'add']: UNSAT (0.131 seconds)
339.87/340.04	['substr', 'substr', 'substr', 'sub']: UNSAT (0.132 seconds)
340.14/340.18	['substr', 'substr', 'add', 'add']: UNSAT (0.119 seconds)
340.17/340.30	['substr', 'substr', 'add', 'sub']: UNSAT (0.116 seconds)
340.37/340.41	['substr', 'substr', 'sub', 'sub']: UNSAT (0.116 seconds)
340.47/340.53	['substr', 'add', 'add', 'add']: UNSAT (0.106 seconds)
340.57/340.64	['substr', 'add', 'add', 'sub']: UNSAT (0.106 seconds)
340.67/340.74	['substr', 'add', 'sub', 'sub']: UNSAT (0.105 seconds)
340.77/340.85	['substr', 'sub', 'sub', 'sub']: UNSAT (0.107 seconds)
340.87/340.96	['add', 'add', 'add', 'add']: UNSAT (0.104 seconds)
340.99/341.06	['add', 'add', 'add', 'sub']: UNSAT (0.102 seconds)
341.11/341.17	['add', 'add', 'sub', 'sub']: UNSAT (0.102 seconds)
341.17/341.27	['add', 'sub', 'sub', 'sub']: UNSAT (0.101 seconds)
341.27/341.37	['sub', 'sub', 'sub', 'sub']: UNSAT (0.101 seconds)
341.37/341.48	['concat', 'concat', 'concat', 'concat', 'concat']: 