0.11/0.19	=== Examples (../../dataset/examples/examples-04.json)
0.11/0.19	IO(inputs=('that/folder/',), output='thatfolder')
0.11/0.19	IO(inputs=('this/folder/is/longer/',), output='thisfolderislonger')
0.11/0.19	IO(inputs=('what/about/this/one/',), output='whataboutthisone')
0.11/0.19	=== Library
0.11/0.19	concat
0.11/0.19	index
0.11/0.19	length
0.11/0.19	substr
0.11/0.19	add
0.11/0.19	sub
0.11/0.19	=== Synthesis
0.11/0.19	['concat']: UNSAT (0.031 seconds)
0.11/0.22	['index']: UNSAT (0.032 seconds)
0.11/0.26	['length']: UNSAT (0.022 seconds)
0.25/0.28	['substr']: UNSAT (0.033 seconds)
0.25/0.32	['add']: UNSAT (0.026 seconds)
0.25/0.34	['sub']: UNSAT (0.027 seconds)
0.35/0.37	['concat', 'concat']: UNSAT (0.056 seconds)
0.35/0.43	['concat', 'index']: UNSAT (0.055 seconds)
0.44/0.48	['concat', 'length']: UNSAT (0.040 seconds)
0.44/0.53	['concat', 'substr']: UNSAT (0.103 seconds)
0.62/0.63	['concat', 'add']: UNSAT (0.034 seconds)
0.62/0.66	['concat', 'sub']: UNSAT (0.032 seconds)
0.62/0.70	['index', 'index']: UNSAT (0.045 seconds)
0.69/0.74	['index', 'length']: UNSAT (0.033 seconds)
0.69/0.78	['index', 'substr']: UNSAT (0.108 seconds)
0.79/0.88	['index', 'add']: UNSAT (0.038 seconds)
0.89/0.92	['index', 'sub']: UNSAT (0.041 seconds)
0.89/0.96	['length', 'length']: UNSAT (0.022 seconds)
0.89/0.99	['length', 'substr']: UNSAT (0.039 seconds)
0.89/1.03	['length', 'add']: UNSAT (0.030 seconds)
0.89/1.06	['length', 'sub']: UNSAT (0.027 seconds)
1.03/1.09	['substr', 'substr']: UNSAT (0.048 seconds)
1.03/1.13	['substr', 'add']: UNSAT (0.043 seconds)
1.17/1.18	['substr', 'sub']: UNSAT (0.040 seconds)
1.19/1.22	['add', 'add']: UNSAT (0.036 seconds)
1.19/1.26	['add', 'sub']: UNSAT (0.038 seconds)
1.19/1.29	['sub', 'sub']: UNSAT (0.034 seconds)
1.29/1.33	['concat', 'concat', 'concat']: UNSAT (0.180 seconds)
1.49/1.51	['concat', 'concat', 'index']: UNSAT (0.069 seconds)
1.49/1.58	['concat', 'concat', 'length']: UNSAT (0.049 seconds)
1.59/1.63	['concat', 'concat', 'substr']: UNSAT (0.513 seconds)
2.03/2.14	['concat', 'concat', 'add']: UNSAT (0.055 seconds)
2.19/2.20	['concat', 'concat', 'sub']: UNSAT (0.050 seconds)
2.19/2.25	['concat', 'index', 'index']: UNSAT (0.073 seconds)
2.29/2.32	['concat', 'index', 'length']: UNSAT (0.054 seconds)
2.29/2.38	['concat', 'index', 'substr']: UNSAT (2.253 seconds)
4.59/4.63	['concat', 'index', 'add']: UNSAT (0.063 seconds)
4.69/4.70	['concat', 'index', 'sub']: UNSAT (0.062 seconds)
4.69/4.76	['concat', 'length', 'length']: UNSAT (0.042 seconds)
4.79/4.80	['concat', 'length', 'substr']: UNSAT (0.106 seconds)
4.89/4.91	['concat', 'length', 'add']: UNSAT (0.044 seconds)
4.89/4.95	['concat', 'length', 'sub']: UNSAT (0.044 seconds)
4.89/5.00	['concat', 'substr', 'substr']: UNSAT (0.162 seconds)
5.01/5.16	['concat', 'substr', 'add']: UNSAT (0.093 seconds)
5.19/5.25	['concat', 'substr', 'sub']: UNSAT (0.085 seconds)
5.29/5.34	['concat', 'add', 'add']: UNSAT (0.049 seconds)
5.29/5.39	['concat', 'add', 'sub']: UNSAT (0.052 seconds)
5.39/5.44	['concat', 'sub', 'sub']: UNSAT (0.051 seconds)
5.39/5.49	['index', 'index', 'index']: UNSAT (0.075 seconds)
5.49/5.57	['index', 'index', 'length']: UNSAT (0.057 seconds)
5.59/5.63	['index', 'index', 'substr']: UNSAT (0.313 seconds)
5.89/5.94	['index', 'index', 'add']: UNSAT (0.065 seconds)
5.89/6.01	['index', 'index', 'sub']: UNSAT (0.069 seconds)
6.03/6.08	['index', 'length', 'length']: UNSAT (0.042 seconds)
6.03/6.12	['index', 'length', 'substr']: UNSAT (0.195 seconds)
6.29/6.32	['index', 'length', 'add']: UNSAT (0.052 seconds)
6.29/6.37	['index', 'length', 'sub']: UNSAT (0.056 seconds)
6.39/6.43	['index', 'substr', 'substr']: UNSAT (0.615 seconds)
6.89/7.04	['index', 'substr', 'add']: UNSAT (0.167 seconds)
7.19/7.21	['index', 'substr', 'sub']: UNSAT (0.168 seconds)
7.29/7.38	['index', 'add', 'add']: UNSAT (0.064 seconds)
7.39/7.44	['index', 'add', 'sub']: UNSAT (0.062 seconds)
7.49/7.51	['index', 'sub', 'sub']: UNSAT (0.062 seconds)
7.49/7.57	['length', 'length', 'length']: UNSAT (0.036 seconds)
7.59/7.61	['length', 'length', 'substr']: UNSAT (0.052 seconds)
7.59/7.66	['length', 'length', 'add']: UNSAT (0.040 seconds)
7.69/7.70	['length', 'length', 'sub']: UNSAT (0.040 seconds)
7.69/7.74	['length', 'substr', 'substr']: UNSAT (0.143 seconds)
7.79/7.89	['length', 'substr', 'add']: UNSAT (0.077 seconds)
7.89/7.96	['length', 'substr', 'sub']: UNSAT (0.080 seconds)
7.89/8.04	['length', 'add', 'add']: UNSAT (0.050 seconds)
8.01/8.09	['length', 'add', 'sub']: UNSAT (0.045 seconds)
8.01/8.14	['length', 'sub', 'sub']: UNSAT (0.049 seconds)
8.16/8.19	['substr', 'substr', 'substr']: UNSAT (0.116 seconds)
8.29/8.31	['substr', 'substr', 'add']: UNSAT (0.083 seconds)
8.29/8.39	['substr', 'substr', 'sub']: UNSAT (0.090 seconds)
8.39/8.48	['substr', 'add', 'add']: UNSAT (0.095 seconds)
8.49/8.58	['substr', 'add', 'sub']: UNSAT (0.087 seconds)
8.59/8.67	['substr', 'sub', 'sub']: UNSAT (0.091 seconds)
8.69/8.76	['add', 'add', 'add']: UNSAT (0.061 seconds)
8.79/8.82	['add', 'add', 'sub']: UNSAT (0.065 seconds)
8.79/8.89	['add', 'sub', 'sub']: UNSAT (0.061 seconds)
8.89/8.95	['sub', 'sub', 'sub']: UNSAT (0.057 seconds)
8.89/9.00	['concat', 'concat', 'concat', 'concat']: UNSAT (0.365 seconds)
9.28/9.37	['concat', 'concat', 'concat', 'index']: UNSAT (0.098 seconds)
9.38/9.47	['concat', 'concat', 'concat', 'length']: UNSAT (0.080 seconds)
9.49/9.55	['concat', 'concat', 'concat', 'substr']: UNSAT (108.319 seconds)
117.79/117.87	['concat', 'concat', 'concat', 'add']: UNSAT (0.083 seconds)
117.88/117.96	['concat', 'concat', 'concat', 'sub']: UNSAT (0.081 seconds)
117.98/118.04	['concat', 'concat', 'index', 'index']: UNSAT (0.106 seconds)
118.10/118.15	['concat', 'concat', 'index', 'length']: UNSAT (0.088 seconds)
118.22/118.23	['concat', 'concat', 'index', 'substr']: UNSAT (24.155 seconds)
142.28/142.39	['concat', 'concat', 'index', 'add']: UNSAT (0.089 seconds)
142.38/142.48	['concat', 'concat', 'index', 'sub']: UNSAT (0.088 seconds)
142.48/142.57	['concat', 'concat', 'length', 'length']: UNSAT (0.070 seconds)
142.58/142.64	['concat', 'concat', 'length', 'substr']: UNSAT (2.019 seconds)
144.58/144.66	['concat', 'concat', 'length', 'add']: UNSAT (0.070 seconds)
144.68/144.73	['concat', 'concat', 'length', 'sub']: UNSAT (0.070 seconds)
144.78/144.80	['concat', 'concat', 'substr', 'substr']: UNSAT (4.602 seconds)
149.38/149.40	['concat', 'concat', 'substr', 'add']: UNSAT (1.630 seconds)
150.98/151.03	['concat', 'concat', 'substr', 'sub']: UNSAT (0.348 seconds)
151.28/151.38	['concat', 'concat', 'add', 'add']: UNSAT (0.077 seconds)
151.38/151.46	['concat', 'concat', 'add', 'sub']: UNSAT (0.075 seconds)
151.48/151.54	['concat', 'concat', 'sub', 'sub']: UNSAT (0.092 seconds)
151.58/151.63	['concat', 'index', 'index', 'index']: UNSAT (0.113 seconds)
151.68/151.74	['concat', 'index', 'index', 'length']: UNSAT (0.092 seconds)
151.78/151.84	['concat', 'index', 'index', 'substr']: UNSAT (15.865 seconds)
167.68/167.70	['concat', 'index', 'index', 'add']: UNSAT (0.096 seconds)
167.78/167.80	['concat', 'index', 'index', 'sub']: UNSAT (0.096 seconds)
167.88/167.90	['concat', 'index', 'length', 'length']: UNSAT (0.073 seconds)
167.88/167.97	['concat', 'index', 'length', 'substr']: UNSAT (3.137 seconds)
170.98/171.11	['concat', 'index', 'length', 'add']: UNSAT (0.080 seconds)
171.10/171.19	['concat', 'index', 'length', 'sub']: UNSAT (0.082 seconds)
171.22/171.27	['concat', 'index', 'substr', 'substr']: UNSAT (14.117 seconds)
185.28/185.39	['concat', 'index', 'substr', 'add']: UNSAT (4.394 seconds)
189.68/189.79	['concat', 'index', 'substr', 'sub']: 