0.11/0.20	=== Examples (../../dataset/examples/examples-27.json)
0.11/0.20	IO(inputs=('Maecenas sollicitudin tempus odio et imperdiet. Morbi sit amet mi fermentum, facilisis tellus amet.',), output='Maecenas sollicitudin tempus odio et imperdiet. Morbi sit amet mi fermentum, facilisis tellus amet....')
0.11/0.20	IO(inputs=('Pellentesque sit amet nisl non risus condimentum accumsan. Sed id eleifend dolor, ac interdum nullam.',), output='Pellentesque sit amet nisl non risus condimentum accumsan. Sed id eleifend dolor, ac interdum nullam...')
0.11/0.20	IO(inputs=('Praesent cursus, mauris ac rhoncus efficitur amet.',), output='Praesent cursus, mauris ac rhoncus efficitur amet....')
0.11/0.20	=== Library
0.11/0.20	concat
0.11/0.20	index
0.11/0.20	length
0.11/0.20	substr
0.11/0.20	add
0.11/0.20	sub
0.11/0.20	=== Synthesis
0.11/0.20	['concat']: UNSAT (0.033 seconds)
0.11/0.23	['index']: UNSAT (0.031 seconds)
0.25/0.26	['length']: UNSAT (0.021 seconds)
0.25/0.28	['substr']: UNSAT (0.037 seconds)
0.25/0.32	['add']: UNSAT (0.026 seconds)
0.25/0.35	['sub']: UNSAT (0.027 seconds)
0.35/0.38	['concat', 'concat']: UNSAT (0.208 seconds)
0.56/0.59	['concat', 'index']: UNSAT (0.050 seconds)
0.63/0.64	['concat', 'length']: UNSAT (0.032 seconds)
0.63/0.67	['concat', 'substr']: UNSAT (0.200 seconds)
0.79/0.87	['concat', 'add']: UNSAT (0.034 seconds)
0.89/0.91	['concat', 'sub']: UNSAT (0.033 seconds)
0.89/0.94	['index', 'index']: UNSAT (0.047 seconds)
0.89/0.99	['index', 'length']: UNSAT (0.033 seconds)
0.89/1.02	['index', 'substr']: UNSAT (0.054 seconds)
1.02/1.08	['index', 'add']: UNSAT (0.040 seconds)
1.02/1.12	['index', 'sub']: UNSAT (0.040 seconds)
1.13/1.16	['length', 'length']: UNSAT (0.024 seconds)
1.13/1.18	['length', 'substr']: UNSAT (0.041 seconds)
1.19/1.22	['length', 'add']: UNSAT (0.028 seconds)
1.19/1.25	['length', 'sub']: UNSAT (0.028 seconds)
1.19/1.28	['substr', 'substr']: UNSAT (0.056 seconds)
1.29/1.34	['substr', 'add']: UNSAT (0.046 seconds)
1.29/1.38	['substr', 'sub']: UNSAT (0.045 seconds)
1.39/1.43	['add', 'add']: UNSAT (0.036 seconds)
1.39/1.47	['add', 'sub']: UNSAT (0.036 seconds)
1.49/1.50	['sub', 'sub']: UNSAT (0.034 seconds)
1.49/1.54	['concat', 'concat', 'concat']: UNSAT (3.972 seconds)
5.49/5.51	['concat', 'concat', 'index']: UNSAT (0.070 seconds)
5.49/5.58	['concat', 'concat', 'length']: UNSAT (0.056 seconds)
5.59/5.64	['concat', 'concat', 'substr']: UNSAT (0.804 seconds)
6.39/6.44	['concat', 'concat', 'add']: UNSAT (0.051 seconds)
6.39/6.49	['concat', 'concat', 'sub']: UNSAT (0.051 seconds)
6.49/6.55	['concat', 'index', 'index']: UNSAT (0.078 seconds)
6.59/6.63	['concat', 'index', 'length']: UNSAT (0.054 seconds)
6.59/6.68	['concat', 'index', 'substr']: UNSAT (5.909 seconds)
12.49/12.59	['concat', 'index', 'add']: UNSAT (0.061 seconds)
12.59/12.65	['concat', 'index', 'sub']: UNSAT (0.060 seconds)
12.69/12.71	['concat', 'length', 'length']: UNSAT (0.043 seconds)
12.69/12.75	['concat', 'length', 'substr']: UNSAT (0.121 seconds)
12.79/12.88	['concat', 'length', 'add']: UNSAT (0.044 seconds)
12.89/12.92	['concat', 'length', 'sub']: UNSAT (0.043 seconds)
12.89/12.96	['concat', 'substr', 'substr']: UNSAT (0.202 seconds)
13.13/13.17	['concat', 'substr', 'add']: UNSAT (0.123 seconds)
13.19/13.29	['concat', 'substr', 'sub']: SAT (0.127 seconds)
13.39/13.42	concat(substr(arg0, sub(100, 100), 100), '...')
