0.10/0.19	=== Examples (../../dataset/examples/examples-43.json)
0.10/0.19	IO(inputs=('https://ThatCoolWebsite.com',), output='thatcoolwebsite.com')
0.10/0.19	IO(inputs=('https://secure.com',), output='secure.com')
0.10/0.19	IO(inputs=('http://insecure.com',), output='insecure.com')
0.10/0.19	=== Library
0.10/0.19	concat
0.10/0.19	index
0.10/0.19	length
0.10/0.19	substr
0.10/0.19	add
0.10/0.19	sub
0.10/0.19	=== Synthesis
0.10/0.19	['concat']: UNSAT (0.033 seconds)
0.10/0.23	['index']: UNSAT (0.030 seconds)
0.10/0.26	['length']: UNSAT (0.021 seconds)
0.25/0.28	['substr']: UNSAT (0.034 seconds)
0.25/0.31	['add']: UNSAT (0.026 seconds)
0.25/0.34	['sub']: UNSAT (0.025 seconds)
0.25/0.37	['concat', 'concat']: UNSAT (0.058 seconds)
0.35/0.42	['concat', 'index']: UNSAT (0.053 seconds)
0.35/0.48	['concat', 'length']: UNSAT (0.041 seconds)
0.47/0.52	['concat', 'substr']: UNSAT (0.139 seconds)
0.65/0.66	['concat', 'add']: UNSAT (0.033 seconds)
0.65/0.69	['concat', 'sub']: UNSAT (0.033 seconds)
0.69/0.73	['index', 'index']: UNSAT (0.047 seconds)
0.69/0.77	['index', 'length']: UNSAT (0.030 seconds)
0.79/0.80	['index', 'substr']: UNSAT (0.269 seconds)
1.01/1.07	['index', 'add']: UNSAT (0.037 seconds)
1.01/1.11	['index', 'sub']: UNSAT (0.038 seconds)
1.13/1.15	['length', 'length']: UNSAT (0.024 seconds)
1.13/1.18	['length', 'substr']: UNSAT (0.039 seconds)
1.19/1.22	['length', 'add']: UNSAT (0.028 seconds)
1.19/1.24	['length', 'sub']: UNSAT (0.027 seconds)
1.19/1.27	['substr', 'substr']: UNSAT (0.046 seconds)
1.29/1.32	['substr', 'add']: UNSAT (0.039 seconds)
1.29/1.36	['substr', 'sub']: UNSAT (0.041 seconds)
1.39/1.40	['add', 'add']: UNSAT (0.037 seconds)
1.39/1.44	['add', 'sub']: UNSAT (0.033 seconds)
1.39/1.47	['sub', 'sub']: UNSAT (0.037 seconds)
1.49/1.51	['concat', 'concat', 'concat']: UNSAT (0.194 seconds)
1.69/1.70	['concat', 'concat', 'index']: UNSAT (0.064 seconds)
1.69/1.77	['concat', 'concat', 'length']: UNSAT (0.051 seconds)
1.79/1.82	['concat', 'concat', 'substr']: UNSAT (0.365 seconds)
2.13/2.19	['concat', 'concat', 'add']: UNSAT (0.055 seconds)
2.19/2.24	['concat', 'concat', 'sub']: UNSAT (0.048 seconds)
2.19/2.29	['concat', 'index', 'index']: UNSAT (0.071 seconds)
2.29/2.36	['concat', 'index', 'length']: UNSAT (0.054 seconds)
2.39/2.42	['concat', 'index', 'substr']: UNSAT (6.482 seconds)
8.89/8.90	['concat', 'index', 'add']: UNSAT (0.058 seconds)
8.89/8.96	['concat', 'index', 'sub']: UNSAT (0.058 seconds)
8.89/9.02	['concat', 'length', 'length']: UNSAT (0.044 seconds)
9.01/9.06	['concat', 'length', 'substr']: UNSAT (0.097 seconds)
9.13/9.16	['concat', 'length', 'add']: UNSAT (0.041 seconds)
9.19/9.20	['concat', 'length', 'sub']: UNSAT (0.047 seconds)
9.19/9.25	['concat', 'substr', 'substr']: UNSAT (0.157 seconds)
9.39/9.41	['concat', 'substr', 'add']: UNSAT (0.094 seconds)
9.49/9.50	['concat', 'substr', 'sub']: UNSAT (0.076 seconds)
9.49/9.58	['concat', 'add', 'add']: UNSAT (0.053 seconds)
9.59/9.63	['concat', 'add', 'sub']: UNSAT (0.049 seconds)
9.59/9.68	['concat', 'sub', 'sub']: UNSAT (0.054 seconds)
9.69/9.74	['index', 'index', 'index']: UNSAT (0.072 seconds)
9.79/9.81	['index', 'index', 'length']: UNSAT (0.055 seconds)
9.79/9.87	['index', 'index', 'substr']: UNSAT (1.745 seconds)
11.59/11.61	['index', 'index', 'add']: UNSAT (0.063 seconds)
11.59/11.67	['index', 'index', 'sub']: UNSAT (0.068 seconds)
11.69/11.74	['index', 'length', 'length']: UNSAT (0.043 seconds)
11.69/11.79	['index', 'length', 'substr']: UNSAT (0.237 seconds)
11.89/12.03	['index', 'length', 'add']: UNSAT (0.053 seconds)
12.01/12.08	['index', 'length', 'sub']: UNSAT (0.050 seconds)
12.01/12.13	['index', 'substr', 'substr']: UNSAT (0.649 seconds)
12.69/12.78	['index', 'substr', 'add']: UNSAT (0.713 seconds)
13.39/13.49	['index', 'substr', 'sub']: UNSAT (0.231 seconds)
13.69/13.73	['index', 'add', 'add']: UNSAT (0.059 seconds)
13.69/13.79	['index', 'add', 'sub']: UNSAT (0.061 seconds)
13.79/13.85	['index', 'sub', 'sub']: UNSAT (0.060 seconds)
13.89/13.91	['length', 'length', 'length']: UNSAT (0.031 seconds)
13.89/13.94	['length', 'length', 'substr']: UNSAT (0.051 seconds)
13.89/13.99	['length', 'length', 'add']: UNSAT (0.037 seconds)
13.89/14.03	['length', 'length', 'sub']: UNSAT (0.035 seconds)
14.01/14.06	['length', 'substr', 'substr']: UNSAT (0.141 seconds)
14.19/14.21	['length', 'substr', 'add']: UNSAT (0.082 seconds)
14.19/14.29	['length', 'substr', 'sub']: UNSAT (0.076 seconds)
14.29/14.37	['length', 'add', 'add']: UNSAT (0.048 seconds)
14.39/14.41	['length', 'add', 'sub']: UNSAT (0.049 seconds)
14.39/14.46	['length', 'sub', 'sub']: UNSAT (0.045 seconds)
14.49/14.51	['substr', 'substr', 'substr']: UNSAT (0.102 seconds)
14.59/14.61	['substr', 'substr', 'add']: UNSAT (0.082 seconds)
14.59/14.70	['substr', 'substr', 'sub']: UNSAT (0.090 seconds)
14.69/14.79	['substr', 'add', 'add']: UNSAT (0.098 seconds)
14.79/14.88	['substr', 'add', 'sub']: UNSAT (0.088 seconds)
14.89/14.97	['substr', 'sub', 'sub']: UNSAT (0.085 seconds)
15.01/15.06	['add', 'add', 'add']: UNSAT (0.060 seconds)
15.01/15.12	['add', 'add', 'sub']: UNSAT (0.057 seconds)
15.13/15.18	['add', 'sub', 'sub']: UNSAT (0.067 seconds)
15.19/15.25	['sub', 'sub', 'sub']: UNSAT (0.061 seconds)
15.29/15.31	['concat', 'concat', 'concat', 'concat']: UNSAT (0.355 seconds)
15.59/15.66	['concat', 'concat', 'concat', 'index']: UNSAT (0.099 seconds)
15.69/15.76	['concat', 'concat', 'concat', 'length']: UNSAT (0.078 seconds)
15.79/15.84	['concat', 'concat', 'concat', 'substr']: UNSAT (45.821 seconds)
61.59/61.67	['concat', 'concat', 'concat', 'add']: UNSAT (0.087 seconds)
61.68/61.75	['concat', 'concat', 'concat', 'sub']: UNSAT (0.085 seconds)
61.79/61.84	['concat', 'concat', 'index', 'index']: UNSAT (0.109 seconds)
61.89/61.95	['concat', 'concat', 'index', 'length']: UNSAT (0.088 seconds)
62.01/62.04	['concat', 'concat', 'index', 'substr']: UNSAT (66.034 seconds)
128.01/128.07	['concat', 'concat', 'index', 'add']: UNSAT (0.091 seconds)
128.13/128.17	['concat', 'concat', 'index', 'sub']: UNSAT (0.089 seconds)
128.19/128.26	['concat', 'concat', 'length', 'length']: UNSAT (0.069 seconds)
128.29/128.33	['concat', 'concat', 'length', 'substr']: UNSAT (1.973 seconds)
130.29/130.30	['concat', 'concat', 'length', 'add']: UNSAT (0.073 seconds)
130.29/130.37	['concat', 'concat', 'length', 'sub']: UNSAT (0.071 seconds)
130.39/130.45	['concat', 'concat', 'substr', 'substr']: UNSAT (7.766 seconds)
138.18/138.21	['concat', 'concat', 'substr', 'add']: UNSAT (2.536 seconds)
140.69/140.75	['concat', 'concat', 'substr', 'sub']: UNSAT (0.429 seconds)
141.13/141.18	['concat', 'concat', 'add', 'add']: UNSAT (0.081 seconds)
141.18/141.26	['concat', 'concat', 'add', 'sub']: UNSAT (0.076 seconds)
141.29/141.34	['concat', 'concat', 'sub', 'sub']: UNSAT (0.091 seconds)
141.38/141.43	['concat', 'index', 'index', 'index']: UNSAT (0.111 seconds)
141.48/141.54	['concat', 'index', 'index', 'length']: UNSAT (0.090 seconds)
141.58/141.63	['concat', 'index', 'index', 'substr']: UNSAT (40.016 seconds)
181.58/181.65	['concat', 'index', 'index', 'add']: UNSAT (0.099 seconds)
181.68/181.75	['concat', 'index', 'index', 'sub']: UNSAT (0.099 seconds)
181.78/181.85	['concat', 'index', 'length', 'length']: UNSAT (0.074 seconds)
181.88/181.93	['concat', 'index', 'length', 'substr']: UNSAT (10.339 seconds)
192.18/192.27	['concat', 'index', 'length', 'add']: UNSAT (0.077 seconds)
192.28/192.34	['concat', 'index', 'length', 'sub']: UNSAT (0.076 seconds)
192.38/192.42	['concat', 'index', 'substr', 'substr']: UNSAT (63.818 seconds)
256.18/256.24	['concat', 'index', 'substr', 'add']: UNSAT (35.002 seconds)
291.18/291.24	['concat', 'index', 'substr', 'sub']: UNSAT (11.371 seconds)
302.58/302.61	['concat', 'index', 'add', 'add']: UNSAT (0.109 seconds)
302.68/302.72	['concat', 'index', 'add', 'sub']: UNSAT (0.089 seconds)
302.78/302.81	['concat', 'index', 'sub', 'sub']: UNSAT (0.088 seconds)
302.88/302.90	['concat', 'length', 'length', 'length']: UNSAT (0.057 seconds)
302.88/302.96	['concat', 'length', 'length', 'substr']: UNSAT (0.199 seconds)
303.12/303.16	['concat', 'length', 'length', 'add']: UNSAT (0.059 seconds)
303.18/303.22	['concat', 'length', 'length', 'sub']: UNSAT (0.062 seconds)
303.18/303.28	['concat', 'length', 'substr', 'substr']: UNSAT (1.664 seconds)
304.88/304.95	['concat', 'length', 'substr', 'add']: UNSAT (0.444 seconds)
305.28/305.39	['concat', 'length', 'substr', 'sub']: UNSAT (0.343 seconds)
305.67/305.74	['concat', 'length', 'add', 'add']: UNSAT (0.068 seconds)
305.77/305.80	['concat', 'length', 'add', 'sub']: UNSAT (0.067 seconds)
305.77/305.87	['concat', 'length', 'sub', 'sub']: UNSAT (0.067 seconds)
305.88/305.94	['concat', 'substr', 'substr', 'substr']: UNSAT (0.872 seconds)
306.77/306.81	['concat', 'substr', 'substr', 'add']: UNSAT (1.118 seconds)
307.88/307.93	['concat', 'substr', 'substr', 'sub']: UNSAT (0.618 seconds)
308.47/308.55	['concat', 'substr', 'add', 'add']: UNSAT (0.533 seconds)
308.99/309.09	['concat', 'substr', 'add', 'sub']: UNSAT (0.296 seconds)
309.28/309.38	['concat', 'substr', 'sub', 'sub']: UNSAT (0.253 seconds)
309.58/309.64	['concat', 'add', 'add', 'add']: UNSAT (0.083 seconds)
309.68/309.72	['concat', 'add', 'add', 'sub']: UNSAT (0.081 seconds)
309.77/309.80	['concat', 'add', 'sub', 'sub']: UNSAT (0.081 seconds)
309.77/309.89	['concat', 'sub', 'sub', 'sub']: UNSAT (0.083 seconds)
309.88/309.97	['index', 'index', 'index', 'index']: UNSAT (0.119 seconds)
310.00/310.09	['index', 'index', 'index', 'length']: UNSAT (0.096 seconds)
310.12/310.19	['index', 'index', 'index', 'substr']: UNSAT (3.518 seconds)
313.67/313.71	['index', 'index', 'index', 'add']: UNSAT (0.108 seconds)
313.77/313.82	['index', 'index', 'index', 'sub']: UNSAT (0.107 seconds)
313.88/313.92	['index', 'index', 'length', 'length']: UNSAT (0.078 seconds)
313.88/314.00	['index', 'index', 'length', 'substr']: UNSAT (1.432 seconds)
315.37/315.44	['index', 'index', 'length', 'add']: UNSAT (0.086 seconds)
315.48/315.52	['index', 'index', 'length', 'sub']: UNSAT (0.084 seconds)
315.58/315.61	['index', 'index', 'substr', 'substr']: UNSAT (14.743 seconds)
330.28/330.35	['index', 'index', 'substr', 'add']: UNSAT (5.300 seconds)
335.58/335.65	['index', 'index', 'substr', 'sub']: UNSAT (3.508 seconds)
339.14/339.16	['index', 'index', 'add', 'add']: UNSAT (0.102 seconds)
339.18/339.26	['index', 'index', 'add', 'sub']: UNSAT (0.108 seconds)
339.28/339.37	['index', 'index', 'sub', 'sub']: UNSAT (0.106 seconds)
339.38/339.48	['index', 'length', 'length', 'length']: UNSAT (0.059 seconds)
339.48/339.54	['index', 'length', 'length', 'substr']: UNSAT (2.757 seconds)
342.28/342.30	['index', 'length', 'length', 'add']: UNSAT (0.084 seconds)
342.28/342.38	['index', 'length', 'length', 'sub']: UNSAT (0.070 seconds)
342.38/342.45	['index', 'length', 'substr', 'substr']: UNSAT (5.143 seconds)
347.48/347.60	['index', 'length', 'substr', 'add']: UNSAT (0.704 seconds)
348.28/348.30	['index', 'length', 'substr', 'sub']: UNSAT (0.862 seconds)
349.12/349.16	['index', 'length', 'add', 'add']: UNSAT (0.083 seconds)
349.18/349.25	['index', 'length', 'add', 'sub']: UNSAT (0.085 seconds)
349.28/349.33	['index', 'length', 'sub', 'sub']: UNSAT (0.082 seconds)
349.38/349.42	['index', 'substr', 'substr', 'substr']: UNSAT (2.672 seconds)
352.00/352.09	['index', 'substr', 'substr', 'add']: UNSAT (1.986 seconds)
353.99/354.08	['index', 'substr', 'substr', 'sub']: UNSAT (3.382 seconds)
357.38/357.46	['index', 'substr', 'add', 'add']: UNSAT (3.277 seconds)
360.68/360.74	['index', 'substr', 'add', 'sub']: UNSAT (1.044 seconds)
361.68/361.78	['index', 'substr', 'sub', 'sub']: UNSAT (0.790 seconds)
362.48/362.57	['index', 'add', 'add', 'add']: UNSAT (0.109 seconds)
362.58/362.68	['index', 'add', 'add', 'sub']: UNSAT (0.104 seconds)
362.68/362.79	['index', 'add', 'sub', 'sub']: UNSAT (0.103 seconds)
362.78/362.89	['index', 'sub', 'sub', 'sub']: UNSAT (0.106 seconds)
362.88/363.00	['length', 'length', 'length', 'length']: UNSAT (0.046 seconds)
363.00/363.05	['length', 'length', 'length', 'substr']: UNSAT (0.063 seconds)
363.00/363.11	['length', 'length', 'length', 'add']: UNSAT (0.053 seconds)
363.12/363.16	['length', 'length', 'length', 'sub']: UNSAT (0.052 seconds)
363.18/363.22	['length', 'length', 'substr', 'substr']: UNSAT (0.443 seconds)
363.58/363.66	['length', 'length', 'substr', 'add']: UNSAT (0.160 seconds)
363.78/363.82	['length', 'length', 'substr', 'sub']: UNSAT (0.172 seconds)
363.88/363.99	['length', 'length', 'add', 'add']: UNSAT (0.064 seconds)
364.00/364.06	['length', 'length', 'add', 'sub']: UNSAT (0.065 seconds)
364.00/364.12	['length', 'length', 'sub', 'sub']: UNSAT (0.063 seconds)
364.12/364.19	['length', 'substr', 'substr', 'substr']: UNSAT (0.690 seconds)
364.78/364.88	['length', 'substr', 'substr', 'add']: UNSAT (0.538 seconds)
365.38/365.42	['length', 'substr', 'substr', 'sub']: UNSAT (0.494 seconds)
365.88/365.91	['length', 'substr', 'add', 'add']: UNSAT (0.522 seconds)
366.38/366.44	['length', 'substr', 'add', 'sub']: UNSAT (0.334 seconds)
366.68/366.77	['length', 'substr', 'sub', 'sub']: UNSAT (0.332 seconds)
367.00/367.10	['length', 'add', 'add', 'add']: UNSAT (0.080 seconds)
367.12/367.19	['length', 'add', 'add', 'sub']: UNSAT (0.081 seconds)
367.18/367.27	['length', 'add', 'sub', 'sub']: UNSAT (0.081 seconds)
367.28/367.35	['length', 'sub', 'sub', 'sub']: UNSAT (0.081 seconds)
367.38/367.43	['substr', 'substr', 'substr', 'substr']: UNSAT (0.204 seconds)
367.58/367.64	['substr', 'substr', 'substr', 'add']: UNSAT (0.196 seconds)
367.78/367.83	['substr', 'substr', 'substr', 'sub']: UNSAT (0.260 seconds)
368.00/368.09	['substr', 'substr', 'add', 'add']: UNSAT (0.333 seconds)
368.38/368.43	['substr', 'substr', 'add', 'sub']: UNSAT (0.238 seconds)
368.58/368.67	['substr', 'substr', 'sub', 'sub']: UNSAT (0.258 seconds)
368.88/368.93	['substr', 'add', 'add', 'add']: UNSAT (0.693 seconds)
369.58/369.62	['substr', 'add', 'add', 'sub']: UNSAT (0.410 seconds)
369.88/370.03	['substr', 'add', 'sub', 'sub']: UNSAT (0.385 seconds)
370.38/370.42	['substr', 'sub', 'sub', 'sub']: UNSAT (0.332 seconds)
370.68/370.75	['add', 'add', 'add', 'add']: UNSAT (0.093 seconds)
370.78/370.84	['add', 'add', 'add', 'sub']: UNSAT (0.092 seconds)
370.88/370.94	['add', 'add', 'sub', 'sub']: UNSAT (0.092 seconds)
370.99/371.03	['add', 'sub', 'sub', 'sub']: UNSAT (0.094 seconds)
370.99/371.13	['sub', 'sub', 'sub', 'sub']: UNSAT (0.097 seconds)
371.18/371.22	['concat', 'concat', 'concat', 'concat', 'concat']: UNSAT (0.858 seconds)
372.00/372.08	['concat', 'concat', 'concat', 'concat', 'index']: UNSAT (0.174 seconds)
372.18/372.26	['concat', 'concat', 'concat', 'concat', 'length']: UNSAT (0.125 seconds)
372.28/372.38	['concat', 'concat', 'concat', 'concat', 'substr']: 