0.13/0.20	=== Examples (../../dataset/examples/examples-28.json)
0.13/0.20	IO(inputs=('hello', 'world'), output='hello-world')
0.13/0.20	IO(inputs=('train it', 'spot it'), output='train-spot ')
0.13/0.20	IO(inputs=('rain yeah', 'fenix id'), output='rain -fenix')
0.13/0.20	=== Library
0.13/0.20	concat
0.13/0.20	index
0.13/0.20	length
0.13/0.20	substr
0.13/0.20	add
0.13/0.20	sub
0.13/0.20	=== Synthesis
0.13/0.20	['concat']: UNSAT (0.034 seconds)
0.13/0.23	['index']: UNSAT (0.034 seconds)
0.13/0.27	['length']: UNSAT (0.022 seconds)
0.27/0.29	['substr']: UNSAT (0.033 seconds)
0.27/0.33	['add']: UNSAT (0.030 seconds)
0.27/0.36	['sub']: UNSAT (0.029 seconds)
0.35/0.39	['concat', 'concat']: UNSAT (0.065 seconds)
0.35/0.45	['concat', 'index']: UNSAT (0.061 seconds)
0.46/0.51	['concat', 'length']: UNSAT (0.045 seconds)
0.46/0.56	['concat', 'substr']: UNSAT (0.062 seconds)
0.57/0.62	['concat', 'add']: UNSAT (0.038 seconds)
0.64/0.66	['concat', 'sub']: UNSAT (0.035 seconds)
0.69/0.70	['index', 'index']: UNSAT (0.050 seconds)
0.69/0.75	['index', 'length']: UNSAT (0.036 seconds)
0.69/0.79	['index', 'substr']: UNSAT (0.050 seconds)
0.79/0.84	['index', 'add']: UNSAT (0.043 seconds)
0.79/0.88	['index', 'sub']: UNSAT (0.040 seconds)
0.89/0.92	['length', 'length']: UNSAT (0.025 seconds)
0.89/0.95	['length', 'substr']: UNSAT (0.039 seconds)
0.89/0.99	['length', 'add']: UNSAT (0.028 seconds)
0.89/1.02	['length', 'sub']: UNSAT (0.029 seconds)
0.89/1.05	['substr', 'substr']: UNSAT (0.049 seconds)
1.05/1.10	['substr', 'add']: UNSAT (0.041 seconds)
1.05/1.14	['substr', 'sub']: UNSAT (0.042 seconds)
1.16/1.18	['add', 'add']: UNSAT (0.041 seconds)
1.19/1.22	['add', 'sub']: UNSAT (0.038 seconds)
1.19/1.26	['sub', 'sub']: UNSAT (0.041 seconds)
1.29/1.30	['concat', 'concat', 'concat']: UNSAT (0.167 seconds)
1.39/1.47	['concat', 'concat', 'index']: UNSAT (0.070 seconds)
1.49/1.54	['concat', 'concat', 'length']: UNSAT (0.053 seconds)
1.59/1.60	['concat', 'concat', 'substr']: UNSAT (0.188 seconds)
1.69/1.79	['concat', 'concat', 'add']: UNSAT (0.054 seconds)
1.79/1.84	['concat', 'concat', 'sub']: UNSAT (0.054 seconds)
1.79/1.90	['concat', 'index', 'index']: UNSAT (0.074 seconds)
1.89/1.97	['concat', 'index', 'length']: UNSAT (0.059 seconds)
1.89/2.03	['concat', 'index', 'substr']: UNSAT (0.097 seconds)
2.05/2.13	['concat', 'index', 'add']: UNSAT (0.062 seconds)
2.16/2.19	['concat', 'index', 'sub']: UNSAT (0.064 seconds)
2.19/2.26	['concat', 'length', 'length']: UNSAT (0.048 seconds)
2.29/2.31	['concat', 'length', 'substr']: UNSAT (0.076 seconds)
2.29/2.38	['concat', 'length', 'add']: UNSAT (0.048 seconds)
2.39/2.43	['concat', 'length', 'sub']: UNSAT (0.046 seconds)
2.39/2.48	['concat', 'substr', 'substr']: UNSAT (0.094 seconds)
2.49/2.57	['concat', 'substr', 'add']: UNSAT (0.068 seconds)
2.59/2.64	['concat', 'substr', 'sub']: UNSAT (0.070 seconds)
2.69/2.71	['concat', 'add', 'add']: UNSAT (0.056 seconds)
2.69/2.77	['concat', 'add', 'sub']: UNSAT (0.056 seconds)
2.79/2.83	['concat', 'sub', 'sub']: UNSAT (0.057 seconds)
2.79/2.88	['index', 'index', 'index']: UNSAT (0.083 seconds)
2.89/2.97	['index', 'index', 'length']: UNSAT (0.067 seconds)
2.89/3.03	['index', 'index', 'substr']: UNSAT (0.102 seconds)
3.04/3.14	['index', 'index', 'add']: UNSAT (0.071 seconds)
3.19/3.21	['index', 'index', 'sub']: UNSAT (0.072 seconds)
3.19/3.28	['index', 'length', 'length']: UNSAT (0.051 seconds)
3.29/3.33	['index', 'length', 'substr']: UNSAT (0.069 seconds)
3.39/3.40	['index', 'length', 'add']: UNSAT (0.053 seconds)
3.39/3.46	['index', 'length', 'sub']: UNSAT (0.052 seconds)
3.49/3.51	['index', 'substr', 'substr']: UNSAT (0.093 seconds)
3.58/3.61	['index', 'substr', 'add']: UNSAT (0.082 seconds)
3.58/3.69	['index', 'substr', 'sub']: UNSAT (0.080 seconds)
3.68/3.77	['index', 'add', 'add']: UNSAT (0.068 seconds)
3.78/3.84	['index', 'add', 'sub']: UNSAT (0.066 seconds)
3.88/3.91	['index', 'sub', 'sub']: UNSAT (0.064 seconds)
3.88/3.97	['length', 'length', 'length']: UNSAT (0.034 seconds)
3.88/4.00	['length', 'length', 'substr']: UNSAT (0.050 seconds)
3.88/4.06	['length', 'length', 'add']: UNSAT (0.038 seconds)
4.05/4.09	['length', 'length', 'sub']: UNSAT (0.039 seconds)
4.05/4.13	['length', 'substr', 'substr']: UNSAT (0.075 seconds)
4.18/4.21	['length', 'substr', 'add']: UNSAT (0.061 seconds)
4.18/4.27	['length', 'substr', 'sub']: UNSAT (0.061 seconds)
4.28/4.33	['length', 'add', 'add']: UNSAT (0.053 seconds)
4.28/4.39	['length', 'add', 'sub']: UNSAT (0.048 seconds)
4.38/4.44	['length', 'sub', 'sub']: UNSAT (0.050 seconds)
4.38/4.49	['substr', 'substr', 'substr']: UNSAT (0.082 seconds)
4.48/4.57	['substr', 'substr', 'add']: UNSAT (0.072 seconds)
4.58/4.64	['substr', 'substr', 'sub']: UNSAT (0.072 seconds)
4.68/4.72	['substr', 'add', 'add']: UNSAT (0.064 seconds)
4.68/4.78	['substr', 'add', 'sub']: UNSAT (0.075 seconds)
4.78/4.86	['substr', 'sub', 'sub']: UNSAT (0.069 seconds)
4.88/4.93	['add', 'add', 'add']: UNSAT (0.063 seconds)
4.88/4.99	['add', 'add', 'sub']: UNSAT (0.065 seconds)
4.88/5.06	['add', 'sub', 'sub']: UNSAT (0.061 seconds)
5.04/5.12	['sub', 'sub', 'sub']: UNSAT (0.062 seconds)
5.15/5.18	['concat', 'concat', 'concat', 'concat']: UNSAT (0.626 seconds)
5.78/5.81	['concat', 'concat', 'concat', 'index']: UNSAT (0.106 seconds)
5.88/5.92	['concat', 'concat', 'concat', 'length']: UNSAT (0.085 seconds)
5.88/6.00	['concat', 'concat', 'concat', 'substr']: UNSAT (41.215 seconds)
47.17/47.22	['concat', 'concat', 'concat', 'add']: UNSAT (0.083 seconds)
47.27/47.30	['concat', 'concat', 'concat', 'sub']: UNSAT (0.089 seconds)
47.27/47.39	['concat', 'concat', 'index', 'index']: UNSAT (0.121 seconds)
47.47/47.51	['concat', 'concat', 'index', 'length']: UNSAT (0.097 seconds)
47.57/47.61	['concat', 'concat', 'index', 'substr']: UNSAT (2.796 seconds)
50.37/50.41	['concat', 'concat', 'index', 'add']: UNSAT (0.106 seconds)
50.47/50.52	['concat', 'concat', 'index', 'sub']: UNSAT (0.093 seconds)
50.57/50.61	['concat', 'concat', 'length', 'length']: UNSAT (0.070 seconds)
50.57/50.68	['concat', 'concat', 'length', 'substr']: UNSAT (1.728 seconds)
52.37/52.41	['concat', 'concat', 'length', 'add']: UNSAT (0.071 seconds)
52.37/52.48	['concat', 'concat', 'length', 'sub']: UNSAT (0.077 seconds)
52.47/52.56	['concat', 'concat', 'substr', 'substr']: UNSAT (0.821 seconds)
53.27/53.38	['concat', 'concat', 'substr', 'add']: UNSAT (0.641 seconds)
53.87/54.03	['concat', 'concat', 'substr', 'sub']: UNSAT (0.792 seconds)
54.77/54.82	['concat', 'concat', 'add', 'add']: UNSAT (0.079 seconds)
54.87/54.90	['concat', 'concat', 'add', 'sub']: UNSAT (0.081 seconds)
54.87/54.98	['concat', 'concat', 'sub', 'sub']: UNSAT (0.079 seconds)
54.87/55.06	['concat', 'index', 'index', 'index']: UNSAT (0.117 seconds)
55.15/55.18	['concat', 'index', 'index', 'length']: UNSAT (0.096 seconds)
55.17/55.27	['concat', 'index', 'index', 'substr']: UNSAT (0.328 seconds)
55.57/55.60	['concat', 'index', 'index', 'add']: UNSAT (0.104 seconds)
55.67/55.71	['concat', 'index', 'index', 'sub']: UNSAT (0.107 seconds)
55.77/55.82	['concat', 'index', 'length', 'length']: UNSAT (0.075 seconds)
55.77/55.89	['concat', 'index', 'length', 'substr']: UNSAT (0.201 seconds)
56.01/56.10	['concat', 'index', 'length', 'add']: UNSAT (0.079 seconds)
56.12/56.18	['concat', 'index', 'length', 'sub']: UNSAT (0.080 seconds)
56.17/56.26	['concat', 'index', 'substr', 'substr']: UNSAT (0.282 seconds)
56.47/56.54	['concat', 'index', 'substr', 'add']: UNSAT (0.213 seconds)
56.67/56.75	['concat', 'index', 'substr', 'sub']: UNSAT (0.164 seconds)
56.87/56.92	['concat', 'index', 'add', 'add']: UNSAT (0.086 seconds)
56.87/57.01	['concat', 'index', 'add', 'sub']: UNSAT (0.088 seconds)
57.01/57.09	['concat', 'index', 'sub', 'sub']: UNSAT (0.088 seconds)
57.12/57.18	['concat', 'length', 'length', 'length']: UNSAT (0.058 seconds)
57.17/57.24	['concat', 'length', 'length', 'substr']: UNSAT (0.134 seconds)
57.27/57.38	['concat', 'length', 'length', 'add']: UNSAT (0.063 seconds)
57.37/57.44	['concat', 'length', 'length', 'sub']: UNSAT (0.060 seconds)
57.48/57.50	['concat', 'length', 'substr', 'substr']: UNSAT (0.229 seconds)
57.67/57.73	['concat', 'length', 'substr', 'add']: UNSAT (0.138 seconds)
57.77/57.87	['concat', 'length', 'substr', 'sub']: UNSAT (0.120 seconds)
57.87/57.99	['concat', 'length', 'add', 'add']: UNSAT (0.071 seconds)
58.01/58.06	['concat', 'length', 'add', 'sub']: UNSAT (0.070 seconds)
58.01/58.13	['concat', 'length', 'sub', 'sub']: UNSAT (0.071 seconds)
58.17/58.21	['concat', 'substr', 'substr', 'substr']: UNSAT (0.250 seconds)
58.37/58.46	['concat', 'substr', 'substr', 'add']: UNSAT (0.131 seconds)
58.47/58.59	['concat', 'substr', 'substr', 'sub']: UNSAT (0.145 seconds)
58.67/58.74	['concat', 'substr', 'add', 'add']: UNSAT (0.100 seconds)
58.77/58.84	['concat', 'substr', 'add', 'sub']: UNSAT (0.095 seconds)
58.87/58.93	['concat', 'substr', 'sub', 'sub']: UNSAT (0.097 seconds)
58.87/59.03	['concat', 'add', 'add', 'add']: UNSAT (0.085 seconds)
59.01/59.12	['concat', 'add', 'add', 'sub']: UNSAT (0.084 seconds)
59.17/59.20	['concat', 'add', 'sub', 'sub']: UNSAT (0.083 seconds)
59.17/59.29	['concat', 'sub', 'sub', 'sub']: UNSAT (0.085 seconds)
59.26/59.37	['index', 'index', 'index', 'index']: UNSAT (0.122 seconds)
59.36/59.50	['index', 'index', 'index', 'length']: UNSAT (0.097 seconds)
59.46/59.59	['index', 'index', 'index', 'substr']: UNSAT (0.176 seconds)
59.66/59.77	['index', 'index', 'index', 'add']: UNSAT (0.116 seconds)
59.76/59.89	['index', 'index', 'index', 'sub']: UNSAT (0.111 seconds)
59.86/60.00	['index', 'index', 'length', 'length']: UNSAT (0.078 seconds)
59.99/60.08	['index', 'index', 'length', 'substr']: UNSAT (0.107 seconds)
60.12/60.19	['index', 'index', 'length', 'add']: UNSAT (0.089 seconds)
60.16/60.28	['index', 'index', 'length', 'sub']: UNSAT (0.087 seconds)
60.26/60.37	['index', 'index', 'substr', 'substr']: UNSAT (0.329 seconds)
60.56/60.70	['index', 'index', 'substr', 'add']: UNSAT (0.144 seconds)
60.77/60.84	['index', 'index', 'substr', 'sub']: UNSAT (0.126 seconds)
60.87/60.97	['index', 'index', 'add', 'add']: UNSAT (0.103 seconds)
61.00/61.07	['index', 'index', 'add', 'sub']: UNSAT (0.101 seconds)
61.12/61.17	['index', 'index', 'sub', 'sub']: UNSAT (0.101 seconds)
61.17/61.27	['index', 'length', 'length', 'length']: UNSAT (0.061 seconds)
61.26/61.34	['index', 'length', 'length', 'substr']: UNSAT (0.087 seconds)
61.36/61.42	['index', 'length', 'length', 'add']: UNSAT (0.068 seconds)
61.36/61.49	['index', 'length', 'length', 'sub']: UNSAT (0.074 seconds)
61.47/61.57	['index', 'length', 'substr', 'substr']: UNSAT (0.154 seconds)
61.66/61.72	['index', 'length', 'substr', 'add']: UNSAT (0.114 seconds)
61.76/61.84	['index', 'length', 'substr', 'sub']: UNSAT (0.112 seconds)
61.86/61.95	['index', 'length', 'add', 'add']: UNSAT (0.086 seconds)
61.99/62.04	['index', 'length', 'add', 'sub']: UNSAT (0.086 seconds)
61.99/62.13	['index', 'length', 'sub', 'sub']: UNSAT (0.088 seconds)
62.16/62.22	['index', 'substr', 'substr', 'substr']: UNSAT (0.257 seconds)
62.36/62.47	['index', 'substr', 'substr', 'add']: UNSAT (0.234 seconds)
62.66/62.71	['index', 'substr', 'substr', 'sub']: UNSAT (0.162 seconds)
62.76/62.87	['index', 'substr', 'add', 'add']: UNSAT (0.133 seconds)
62.86/63.01	['index', 'substr', 'add', 'sub']: UNSAT (0.138 seconds)
63.11/63.14	['index', 'substr', 'sub', 'sub']: UNSAT (0.131 seconds)
63.16/63.28	['index', 'add', 'add', 'add']: UNSAT (0.110 seconds)
63.26/63.39	['index', 'add', 'add', 'sub']: UNSAT (0.114 seconds)
63.46/63.50	['index', 'add', 'sub', 'sub']: UNSAT (0.112 seconds)
63.57/63.62	['index', 'sub', 'sub', 'sub']: UNSAT (0.110 seconds)
63.67/63.73	['length', 'length', 'length', 'length']: UNSAT (0.050 seconds)
63.67/63.78	['length', 'length', 'length', 'substr']: UNSAT (0.067 seconds)
63.77/63.85	['length', 'length', 'length', 'add']: UNSAT (0.055 seconds)
63.87/63.90	['length', 'length', 'length', 'sub']: UNSAT (0.055 seconds)
63.87/63.96	['length', 'length', 'substr', 'substr']: UNSAT (0.130 seconds)
64.00/64.09	['length', 'length', 'substr', 'add']: UNSAT (0.083 seconds)
64.12/64.17	['length', 'length', 'substr', 'sub']: UNSAT (0.088 seconds)
64.17/64.26	['length', 'length', 'add', 'add']: UNSAT (0.067 seconds)
64.27/64.33	['length', 'length', 'add', 'sub']: UNSAT (0.066 seconds)
64.37/64.40	['length', 'length', 'sub', 'sub']: UNSAT (0.065 seconds)
64.37/64.46	['length', 'substr', 'substr', 'substr']: UNSAT (0.136 seconds)
64.57/64.60	['length', 'substr', 'substr', 'add']: UNSAT (0.107 seconds)
64.67/64.71	['length', 'substr', 'substr', 'sub']: UNSAT (0.111 seconds)
64.77/64.82	['length', 'substr', 'add', 'add']: UNSAT (0.091 seconds)
64.87/64.91	['length', 'substr', 'add', 'sub']: UNSAT (0.090 seconds)
64.87/65.00	['length', 'substr', 'sub', 'sub']: UNSAT (0.092 seconds)
65.01/65.10	['length', 'add', 'add', 'add']: UNSAT (0.081 seconds)
65.11/65.18	['length', 'add', 'add', 'sub']: UNSAT (0.082 seconds)
65.17/65.26	['length', 'add', 'sub', 'sub']: UNSAT (0.080 seconds)
65.27/65.34	['length', 'sub', 'sub', 'sub']: UNSAT (0.080 seconds)
65.37/65.42	['substr', 'substr', 'substr', 'substr']: UNSAT (0.141 seconds)
65.47/65.57	['substr', 'substr', 'substr', 'add']: UNSAT (0.122 seconds)
65.57/65.69	['substr', 'substr', 'substr', 'sub']: UNSAT (0.124 seconds)
65.77/65.81	['substr', 'substr', 'add', 'add']: UNSAT (0.115 seconds)
65.87/65.93	['substr', 'substr', 'add', 'sub']: UNSAT (0.112 seconds)
65.99/66.04	['substr', 'substr', 'sub', 'sub']: UNSAT (0.110 seconds)
66.12/66.16	['substr', 'add', 'add', 'add']: UNSAT (0.103 seconds)
66.17/66.26	['substr', 'add', 'add', 'sub']: UNSAT (0.103 seconds)
66.27/66.36	['substr', 'add', 'sub', 'sub']: UNSAT (0.104 seconds)
66.37/66.47	['substr', 'sub', 'sub', 'sub']: UNSAT (0.102 seconds)
66.47/66.57	['add', 'add', 'add', 'add']: UNSAT (0.097 seconds)
66.57/66.67	['add', 'add', 'add', 'sub']: UNSAT (0.098 seconds)
66.67/66.77	['add', 'add', 'sub', 'sub']: UNSAT (0.108 seconds)
66.77/66.88	['add', 'sub', 'sub', 'sub']: UNSAT (0.102 seconds)
66.87/66.98	['sub', 'sub', 'sub', 'sub']: UNSAT (0.102 seconds)
67.00/67.08	['concat', 'concat', 'concat', 'concat', 'concat']: UNSAT (8.305 seconds)
75.26/75.39	['concat', 'concat', 'concat', 'concat', 'index']: UNSAT (0.159 seconds)
75.46/75.55	['concat', 'concat', 'concat', 'concat', 'length']: UNSAT (0.131 seconds)
75.56/75.68	['concat', 'concat', 'concat', 'concat', 'substr']: UNKNOWN (376.185 seconds)
451.75/451.87	Reason: smt tactic failed to show goal to be sat/unsat max-conflicts-reached
451.75/451.87	Reason: smt tactic failed to show goal to be sat/unsat max-conflicts-reached
451.75/451.87	['concat', 'concat', 'concat', 'concat', 'add']: UNSAT (0.131 seconds)
451.85/452.00	['concat', 'concat', 'concat', 'concat', 'sub']: UNSAT (0.138 seconds)
451.98/452.14	['concat', 'concat', 'concat', 'index', 'index']: UNSAT (0.162 seconds)
452.25/452.30	['concat', 'concat', 'concat', 'index', 'length']: UNSAT (0.132 seconds)
452.35/452.43	['concat', 'concat', 'concat', 'index', 'substr']: 