0.12/0.20	=== Examples (../../dataset/examples/examples-58.json)
0.12/0.20	IO(inputs=('who cares about the last one.',), output='who cares about the last one')
0.12/0.20	IO(inputs=('just let them die!',), output='just let them die')
0.12/0.20	IO(inputs=('oh god what have i become!',), output='oh god what have i become')
0.12/0.20	=== Library
0.12/0.20	concat
0.12/0.20	index
0.12/0.20	length
0.12/0.20	substr
0.12/0.20	add
0.12/0.20	sub
0.12/0.20	=== Synthesis
0.12/0.20	['concat']: UNSAT (0.031 seconds)
0.12/0.23	['index']: UNSAT (0.031 seconds)
0.12/0.26	['length']: UNSAT (0.023 seconds)
0.26/0.29	['substr']: UNSAT (0.034 seconds)
0.26/0.32	['add']: UNSAT (0.026 seconds)
0.26/0.35	['sub']: UNSAT (0.026 seconds)
0.26/0.37	['concat', 'concat']: UNSAT (0.058 seconds)
0.36/0.43	['concat', 'index']: UNSAT (0.056 seconds)
0.46/0.49	['concat', 'length']: UNSAT (0.040 seconds)
0.46/0.53	['concat', 'substr']: UNSAT (0.131 seconds)
0.62/0.66	['concat', 'add']: UNSAT (0.033 seconds)
0.69/0.70	['concat', 'sub']: UNSAT (0.032 seconds)
0.69/0.73	['index', 'index']: UNSAT (0.046 seconds)
0.69/0.78	['index', 'length']: UNSAT (0.031 seconds)
0.79/0.81	['index', 'substr']: UNSAT (0.382 seconds)
1.13/1.19	['index', 'add']: UNSAT (0.039 seconds)
1.18/1.23	['index', 'sub']: UNSAT (0.039 seconds)
1.18/1.27	['length', 'length']: UNSAT (0.022 seconds)
1.18/1.29	['length', 'substr']: UNSAT (0.046 seconds)
1.28/1.34	['length', 'add']: UNSAT (0.025 seconds)
1.28/1.37	['length', 'sub']: UNSAT (0.028 seconds)
1.38/1.40	['substr', 'substr']: UNSAT (0.049 seconds)
1.38/1.45	['substr', 'add']: UNSAT (0.044 seconds)
1.38/1.49	['substr', 'sub']: UNSAT (0.043 seconds)
1.48/1.53	['add', 'add']: UNSAT (0.037 seconds)
1.48/1.57	['add', 'sub']: UNSAT (0.036 seconds)
1.58/1.61	['sub', 'sub']: UNSAT (0.035 seconds)
1.58/1.64	['concat', 'concat', 'concat']: UNSAT (0.215 seconds)
1.78/1.86	['concat', 'concat', 'index']: UNSAT (0.066 seconds)
1.88/1.93	['concat', 'concat', 'length']: UNSAT (0.049 seconds)
1.88/1.98	['concat', 'concat', 'substr']: UNSAT (0.321 seconds)
2.28/2.30	['concat', 'concat', 'add']: UNSAT (0.055 seconds)
2.28/2.35	['concat', 'concat', 'sub']: UNSAT (0.049 seconds)
2.38/2.40	['concat', 'index', 'index']: UNSAT (0.071 seconds)
2.38/2.48	['concat', 'index', 'length']: UNSAT (0.053 seconds)
2.48/2.53	['concat', 'index', 'substr']: UNKNOWN (317.070 seconds)
319.58/319.60	Reason: smt tactic failed to show goal to be sat/unsat max-conflicts-reached
319.58/319.60	Reason: smt tactic failed to show goal to be sat/unsat max-conflicts-reached
319.58/319.60	['concat', 'index', 'add']: UNSAT (0.059 seconds)
319.58/319.66	['concat', 'index', 'sub']: UNSAT (0.059 seconds)
319.68/319.72	['concat', 'length', 'length']: UNSAT (0.045 seconds)
319.68/319.77	['concat', 'length', 'substr']: UNSAT (0.507 seconds)
320.18/320.28	['concat', 'length', 'add']: UNSAT (0.041 seconds)
320.28/320.32	['concat', 'length', 'sub']: UNSAT (0.046 seconds)
320.28/320.37	['concat', 'substr', 'substr']: UNSAT (0.183 seconds)
320.48/320.55	['concat', 'substr', 'add']: UNSAT (0.097 seconds)
320.58/320.65	['concat', 'substr', 'sub']: UNSAT (0.077 seconds)
320.68/320.72	['concat', 'add', 'add']: UNSAT (0.057 seconds)
320.68/320.78	['concat', 'add', 'sub']: UNSAT (0.056 seconds)
320.78/320.84	['concat', 'sub', 'sub']: UNSAT (0.056 seconds)
320.88/320.90	['index', 'index', 'index']: UNSAT (0.076 seconds)
320.88/320.97	['index', 'index', 'length']: UNSAT (0.059 seconds)
320.88/321.03	['index', 'index', 'substr']: UNSAT (76.650 seconds)
397.57/397.68	['index', 'index', 'add']: UNSAT (0.070 seconds)
397.68/397.76	['index', 'index', 'sub']: UNSAT (0.074 seconds)
397.78/397.83	['index', 'length', 'length']: UNSAT (0.048 seconds)
397.78/397.88	['index', 'length', 'substr']: UNSAT (1.414 seconds)
399.18/399.29	['index', 'length', 'add']: UNSAT (0.048 seconds)
399.28/399.34	['index', 'length', 'sub']: UNSAT (0.051 seconds)
399.38/399.40	['index', 'substr', 'substr']: UNSAT (13.296 seconds)
412.57/412.69	['index', 'substr', 'add']: UNSAT (0.783 seconds)
413.37/413.48	['index', 'substr', 'sub']: UNSAT (12.212 seconds)
425.57/425.69	['index', 'add', 'add']: UNSAT (0.065 seconds)
425.67/425.76	['index', 'add', 'sub']: UNSAT (0.064 seconds)
425.77/425.82	['index', 'sub', 'sub']: UNSAT (0.068 seconds)
425.77/425.89	['length', 'length', 'length']: UNSAT (0.036 seconds)
425.87/425.93	['length', 'length', 'substr']: UNSAT (0.061 seconds)
425.87/425.99	['length', 'length', 'add']: UNSAT (0.041 seconds)
425.87/426.03	['length', 'length', 'sub']: UNSAT (0.036 seconds)
426.00/426.07	['length', 'substr', 'substr']: UNSAT (0.123 seconds)
426.12/426.19	['length', 'substr', 'add']: UNSAT (0.085 seconds)
426.17/426.28	['length', 'substr', 'sub']: UNSAT (0.086 seconds)
426.27/426.36	['length', 'add', 'add']: UNSAT (0.048 seconds)
426.37/426.41	['length', 'add', 'sub']: UNSAT (0.049 seconds)
426.37/426.46	['length', 'sub', 'sub']: UNSAT (0.051 seconds)
426.47/426.52	['substr', 'substr', 'substr']: UNSAT (0.113 seconds)
426.57/426.63	['substr', 'substr', 'add']: UNSAT (0.078 seconds)
426.67/426.71	['substr', 'substr', 'sub']: UNSAT (0.091 seconds)
426.77/426.80	['substr', 'add', 'add']: UNSAT (0.081 seconds)
426.77/426.88	['substr', 'add', 'sub']: UNSAT (0.089 seconds)
426.87/426.97	['substr', 'sub', 'sub']: UNSAT (0.089 seconds)
427.00/427.06	['add', 'add', 'add']: UNSAT (0.056 seconds)
427.00/427.12	['add', 'add', 'sub']: UNSAT (0.061 seconds)
427.12/427.18	['add', 'sub', 'sub']: UNSAT (0.059 seconds)
427.17/427.24	['sub', 'sub', 'sub']: UNSAT (0.060 seconds)
427.27/427.30	['concat', 'concat', 'concat', 'concat']: UNSAT (0.545 seconds)
427.77/427.85	['concat', 'concat', 'concat', 'index']: UNSAT (0.101 seconds)
427.87/427.95	['concat', 'concat', 'concat', 'length']: UNSAT (0.084 seconds)
427.87/428.03	['concat', 'concat', 'concat', 'substr']: UNSAT (102.098 seconds)
530.00/530.13	['concat', 'concat', 'concat', 'add']: UNSAT (0.087 seconds)
530.17/530.22	['concat', 'concat', 'concat', 'sub']: UNSAT (0.085 seconds)
530.27/530.31	['concat', 'concat', 'index', 'index']: UNSAT (0.106 seconds)
530.37/530.41	['concat', 'concat', 'index', 'length']: UNSAT (0.088 seconds)
530.47/530.50	['concat', 'concat', 'index', 'substr']: 