0.11/0.20	=== Examples (../../dataset/examples/examples-79.json)
0.11/0.20	IO(inputs=('outsystems.com',), output='com')
0.11/0.20	IO(inputs=('cmu.edu',), output='edu')
0.11/0.20	IO(inputs=('tecnico.pt',), output='pt')
0.11/0.20	=== Library
0.11/0.20	concat
0.11/0.20	index
0.11/0.20	length
0.11/0.20	substr
0.11/0.20	add
0.11/0.20	sub
0.11/0.20	=== Synthesis
0.11/0.20	['concat']: UNSAT (0.031 seconds)
0.11/0.23	['index']: UNSAT (0.031 seconds)
0.11/0.26	['length']: UNSAT (0.021 seconds)
0.11/0.29	['substr']: UNSAT (0.033 seconds)
0.26/0.32	['add']: UNSAT (0.027 seconds)
0.26/0.35	['sub']: UNSAT (0.026 seconds)
0.35/0.37	['concat', 'concat']: UNSAT (0.056 seconds)
0.35/0.43	['concat', 'index']: UNSAT (0.058 seconds)
0.44/0.49	['concat', 'length']: UNSAT (0.040 seconds)
0.44/0.53	['concat', 'substr']: UNSAT (0.097 seconds)
0.54/0.63	['concat', 'add']: UNSAT (0.036 seconds)
0.63/0.67	['concat', 'sub']: UNSAT (0.033 seconds)
0.68/0.70	['index', 'index']: UNSAT (0.049 seconds)
0.68/0.75	['index', 'length']: UNSAT (0.034 seconds)
0.68/0.79	['index', 'substr']: UNSAT (0.891 seconds)
1.58/1.68	['index', 'add']: UNSAT (0.037 seconds)
1.68/1.72	['index', 'sub']: UNSAT (0.042 seconds)
1.68/1.76	['length', 'length']: UNSAT (0.026 seconds)
1.68/1.78	['length', 'substr']: UNSAT (0.040 seconds)
1.78/1.82	['length', 'add']: UNSAT (0.029 seconds)
1.78/1.85	['length', 'sub']: UNSAT (0.028 seconds)
1.78/1.88	['substr', 'substr']: UNSAT (0.052 seconds)
1.88/1.94	['substr', 'add']: UNSAT (0.043 seconds)
1.88/1.98	['substr', 'sub']: UNSAT (0.044 seconds)
1.88/2.02	['add', 'add']: UNSAT (0.037 seconds)
2.00/2.06	['add', 'sub']: UNSAT (0.036 seconds)
2.00/2.10	['sub', 'sub']: UNSAT (0.036 seconds)
2.12/2.14	['concat', 'concat', 'concat']: UNSAT (0.135 seconds)
2.18/2.27	['concat', 'concat', 'index']: UNSAT (0.069 seconds)
2.28/2.34	['concat', 'concat', 'length']: UNSAT (0.050 seconds)
2.28/2.39	['concat', 'concat', 'substr']: UNSAT (0.329 seconds)
2.69/2.72	['concat', 'concat', 'add']: UNSAT (0.050 seconds)
2.69/2.77	['concat', 'concat', 'sub']: UNSAT (0.059 seconds)
2.79/2.83	['concat', 'index', 'index']: UNSAT (0.075 seconds)
2.89/2.91	['concat', 'index', 'length']: UNSAT (0.056 seconds)
2.89/2.96	['concat', 'index', 'substr']: SAT (3.032 seconds)
5.89/6.00	substr(arg0, index(concat('.', arg0), '.', 4), 4)
