0.12/0.19	=== Examples (../../dataset/examples/examples-84.json)
0.12/0.19	IO(inputs=('George Michael',), output='https://georgemichael.com')
0.12/0.19	IO(inputs=('Maebe Bluth',), output='https://maebebluth.com')
0.12/0.19	IO(inputs=('Michael Bluth',), output='https://michaelbluth.com')
0.12/0.19	=== Library
0.12/0.19	concat
0.12/0.19	index
0.12/0.19	length
0.12/0.19	substr
0.12/0.19	add
0.12/0.19	sub
0.12/0.19	=== Synthesis
0.12/0.19	['concat']: UNSAT (0.032 seconds)
0.12/0.22	['index']: UNSAT (0.032 seconds)
0.12/0.25	['length']: UNSAT (0.022 seconds)
0.26/0.28	['substr']: UNSAT (0.034 seconds)
0.26/0.31	['add']: UNSAT (0.027 seconds)
0.26/0.34	['sub']: UNSAT (0.027 seconds)
0.26/0.37	['concat', 'concat']: UNSAT (0.086 seconds)
0.37/0.45	['concat', 'index']: UNSAT (0.045 seconds)
0.37/0.50	['concat', 'length']: UNSAT (0.033 seconds)
0.37/0.53	['concat', 'substr']: UNSAT (0.085 seconds)
0.52/0.62	['concat', 'add']: UNSAT (0.035 seconds)
0.62/0.65	['concat', 'sub']: UNSAT (0.035 seconds)
0.62/0.69	['index', 'index']: UNSAT (0.048 seconds)
0.68/0.74	['index', 'length']: UNSAT (0.034 seconds)
0.68/0.77	['index', 'substr']: UNSAT (0.052 seconds)
0.78/0.83	['index', 'add']: UNSAT (0.041 seconds)
0.78/0.87	['index', 'sub']: UNSAT (0.043 seconds)
0.89/0.91	['length', 'length']: UNSAT (0.025 seconds)
0.89/0.94	['length', 'substr']: UNSAT (0.038 seconds)
0.89/0.98	['length', 'add']: UNSAT (0.029 seconds)
0.89/1.01	['length', 'sub']: UNSAT (0.030 seconds)
1.02/1.04	['substr', 'substr']: UNSAT (0.052 seconds)
1.02/1.09	['substr', 'add']: UNSAT (0.045 seconds)
1.02/1.14	['substr', 'sub']: UNSAT (0.045 seconds)
1.12/1.18	['add', 'add']: UNSAT (0.039 seconds)
1.18/1.22	['add', 'sub']: UNSAT (0.039 seconds)
1.18/1.26	['sub', 'sub']: UNSAT (0.039 seconds)
1.28/1.30	['concat', 'concat', 'concat']: UNSAT (1.385 seconds)
2.58/2.69	['concat', 'concat', 'index']: UNSAT (0.069 seconds)
2.69/2.76	['concat', 'concat', 'length']: UNSAT (0.056 seconds)
2.79/2.81	['concat', 'concat', 'substr']: UNSAT (0.545 seconds)
3.29/3.36	['concat', 'concat', 'add']: UNSAT (0.056 seconds)
3.39/3.42	['concat', 'concat', 'sub']: UNSAT (0.055 seconds)
3.39/3.47	['concat', 'index', 'index']: UNSAT (0.074 seconds)
3.49/3.55	['concat', 'index', 'length']: UNSAT (0.058 seconds)
3.59/3.61	['concat', 'index', 'substr']: UNSAT (0.135 seconds)
3.69/3.74	['concat', 'index', 'add']: UNSAT (0.064 seconds)
3.79/3.81	['concat', 'index', 'sub']: UNSAT (0.062 seconds)
3.79/3.87	['concat', 'length', 'length']: UNSAT (0.044 seconds)
3.89/3.91	['concat', 'length', 'substr']: UNSAT (0.090 seconds)
3.89/4.00	['concat', 'length', 'add']: UNSAT (0.048 seconds)
4.03/4.05	['concat', 'length', 'sub']: UNSAT (0.048 seconds)
4.03/4.10	['concat', 'substr', 'substr']: UNSAT (0.141 seconds)
4.19/4.25	['concat', 'substr', 'add']: UNSAT (0.079 seconds)
4.29/4.32	['concat', 'substr', 'sub']: UNSAT (0.078 seconds)
4.39/4.40	['concat', 'add', 'add']: UNSAT (0.056 seconds)
4.39/4.46	['concat', 'add', 'sub']: UNSAT (0.056 seconds)
4.49/4.52	['concat', 'sub', 'sub']: UNSAT (0.056 seconds)
4.49/4.57	['index', 'index', 'index']: UNSAT (0.080 seconds)
4.59/4.65	['index', 'index', 'length']: UNSAT (0.063 seconds)
4.69/4.72	['index', 'index', 'substr']: UNSAT (0.091 seconds)
4.79/4.81	['index', 'index', 'add']: UNSAT (0.069 seconds)
4.79/4.88	['index', 'index', 'sub']: UNSAT (0.070 seconds)
4.89/4.95	['index', 'length', 'length']: UNSAT (0.047 seconds)
4.89/5.00	['index', 'length', 'substr']: UNSAT (0.072 seconds)
5.03/5.07	['index', 'length', 'add']: UNSAT (0.054 seconds)
5.03/5.13	['index', 'length', 'sub']: UNSAT (0.055 seconds)
5.13/5.18	['index', 'substr', 'substr']: UNSAT (0.135 seconds)
5.29/5.32	['index', 'substr', 'add']: UNSAT (0.097 seconds)
5.39/5.42	['index', 'substr', 'sub']: UNSAT (0.083 seconds)
5.49/5.50	['index', 'add', 'add']: UNSAT (0.066 seconds)
5.49/5.57	['index', 'add', 'sub']: UNSAT (0.066 seconds)
5.59/5.63	['index', 'sub', 'sub']: UNSAT (0.066 seconds)
5.69/5.70	['length', 'length', 'length']: UNSAT (0.035 seconds)
5.69/5.74	['length', 'length', 'substr']: UNSAT (0.051 seconds)
5.69/5.79	['length', 'length', 'add']: UNSAT (0.040 seconds)
5.79/5.83	['length', 'length', 'sub']: UNSAT (0.040 seconds)
5.79/5.87	['length', 'substr', 'substr']: UNSAT (0.079 seconds)
5.89/5.95	['length', 'substr', 'add']: UNSAT (0.060 seconds)
5.89/6.01	['length', 'substr', 'sub']: UNSAT (0.061 seconds)
6.02/6.07	['length', 'add', 'add']: UNSAT (0.050 seconds)
6.02/6.12	['length', 'add', 'sub']: UNSAT (0.050 seconds)
6.12/6.17	['length', 'sub', 'sub']: UNSAT (0.050 seconds)
6.19/6.22	['substr', 'substr', 'substr']: UNSAT (0.097 seconds)
6.29/6.32	['substr', 'substr', 'add']: UNSAT (0.081 seconds)
6.39/6.40	['substr', 'substr', 'sub']: UNSAT (0.081 seconds)
6.39/6.49	['substr', 'add', 'add']: UNSAT (0.074 seconds)
6.49/6.56	['substr', 'add', 'sub']: UNSAT (0.072 seconds)
6.59/6.63	['substr', 'sub', 'sub']: UNSAT (0.071 seconds)
6.69/6.71	['add', 'add', 'add']: UNSAT (0.063 seconds)
6.69/6.77	['add', 'add', 'sub']: UNSAT (0.063 seconds)
6.79/6.83	['add', 'sub', 'sub']: UNSAT (0.062 seconds)
6.89/6.90	['sub', 'sub', 'sub']: UNSAT (0.064 seconds)
6.89/6.96	['concat', 'concat', 'concat', 'concat']: 