0.13/0.20	=== Examples (../../dataset/examples/examples-77.json)
0.13/0.20	IO(inputs=('George Michael',), output='Michael')
0.13/0.20	IO(inputs=('Michael Bluth',), output='Bluth')
0.13/0.20	IO(inputs=('Maebe Bluth',), output='Bluth')
0.13/0.20	=== Library
0.13/0.20	concat
0.13/0.20	index
0.13/0.20	length
0.13/0.20	substr
0.13/0.20	add
0.13/0.20	sub
0.13/0.20	=== Synthesis
0.13/0.20	['concat']: UNSAT (0.030 seconds)
0.13/0.23	['index']: UNSAT (0.031 seconds)
0.13/0.27	['length']: UNSAT (0.021 seconds)
0.13/0.29	['substr']: UNSAT (0.033 seconds)
0.13/0.32	['add']: UNSAT (0.026 seconds)
0.28/0.35	['sub']: UNSAT (0.027 seconds)
0.28/0.38	['concat', 'concat']: UNSAT (0.056 seconds)
0.37/0.43	['concat', 'index']: UNSAT (0.054 seconds)
0.37/0.49	['concat', 'length']: UNSAT (0.040 seconds)
0.48/0.53	['concat', 'substr']: UNSAT (0.095 seconds)
0.48/0.62	['concat', 'add']: UNSAT (0.036 seconds)
0.65/0.66	['concat', 'sub']: UNSAT (0.036 seconds)
0.69/0.70	['index', 'index']: UNSAT (0.050 seconds)
0.69/0.75	['index', 'length']: UNSAT (0.034 seconds)
0.69/0.78	['index', 'substr']: UNSAT (7.005 seconds)
7.68/7.79	['index', 'add']: UNSAT (0.054 seconds)
7.79/7.85	['index', 'sub']: UNSAT (0.046 seconds)
7.79/7.89	['length', 'length']: UNSAT (0.023 seconds)
7.89/7.92	['length', 'substr']: UNSAT (0.039 seconds)
7.89/7.96	['length', 'add']: UNSAT (0.028 seconds)
7.89/7.99	['length', 'sub']: UNSAT (0.029 seconds)
7.89/8.02	['substr', 'substr']: UNSAT (0.050 seconds)
8.02/8.07	['substr', 'add']: UNSAT (0.045 seconds)
8.02/8.11	['substr', 'sub']: UNSAT (0.042 seconds)
8.14/8.16	['add', 'add']: UNSAT (0.036 seconds)
8.14/8.19	['add', 'sub']: UNSAT (0.037 seconds)
8.19/8.23	['sub', 'sub']: UNSAT (0.034 seconds)
8.19/8.27	['concat', 'concat', 'concat']: UNSAT (0.180 seconds)
8.39/8.45	['concat', 'concat', 'index']: UNSAT (0.067 seconds)
8.49/8.51	['concat', 'concat', 'length']: UNSAT (0.048 seconds)
8.49/8.56	['concat', 'concat', 'substr']: UNSAT (0.487 seconds)
8.89/9.05	['concat', 'concat', 'add']: UNSAT (0.052 seconds)
9.02/9.10	['concat', 'concat', 'sub']: UNSAT (0.050 seconds)
9.02/9.15	['concat', 'index', 'index']: UNSAT (0.070 seconds)
9.19/9.23	['concat', 'index', 'length']: UNSAT (0.056 seconds)
9.19/9.28	['concat', 'index', 'substr']: UNKNOWN (262.026 seconds)
271.20/271.31	Reason: smt tactic failed to show goal to be sat/unsat max-conflicts-reached
271.20/271.31	Reason: smt tactic failed to show goal to be sat/unsat max-conflicts-reached
271.20/271.31	['concat', 'index', 'add']: UNSAT (0.058 seconds)
271.32/271.37	['concat', 'index', 'sub']: UNSAT (0.059 seconds)
271.38/271.43	['concat', 'length', 'length']: UNSAT (0.043 seconds)
271.38/271.47	['concat', 'length', 'substr']: UNSAT (0.111 seconds)
271.48/271.58	['concat', 'length', 'add']: UNSAT (0.041 seconds)
271.58/271.62	['concat', 'length', 'sub']: UNSAT (0.042 seconds)
271.58/271.67	['concat', 'substr', 'substr']: UNSAT (0.189 seconds)
271.78/271.86	['concat', 'substr', 'add']: UNSAT (0.102 seconds)
271.88/271.96	['concat', 'substr', 'sub']: UNSAT (0.076 seconds)
271.98/272.04	['concat', 'add', 'add']: UNSAT (0.048 seconds)
271.98/272.09	['concat', 'add', 'sub']: UNSAT (0.049 seconds)
272.08/272.14	['concat', 'sub', 'sub']: UNSAT (0.049 seconds)
272.08/272.19	['index', 'index', 'index']: UNSAT (0.073 seconds)
272.20/272.26	['index', 'index', 'length']: UNSAT (0.057 seconds)
272.20/272.32	['index', 'index', 'substr']: UNSAT (88.017 seconds)
360.20/360.33	['index', 'index', 'add']: UNSAT (0.067 seconds)
360.38/360.40	['index', 'index', 'sub']: UNSAT (0.068 seconds)
360.38/360.47	['index', 'length', 'length']: UNSAT (0.046 seconds)
360.48/360.52	['index', 'length', 'substr']: UNSAT (2.334 seconds)
362.78/362.85	['index', 'length', 'add']: UNSAT (0.051 seconds)
362.88/362.90	['index', 'length', 'sub']: UNSAT (0.051 seconds)
362.88/362.96	['index', 'substr', 'substr']: UNSAT (44.283 seconds)
407.20/407.24	['index', 'substr', 'add']: SAT (3.650 seconds)
410.78/410.89	substr(arg0, add(1, index(arg0, ' ', 1)), add(1, index(arg0, ' ', 1)))
