0.11/0.20	=== Examples (../../dataset/examples/examples-60.json)
0.11/0.20	IO(inputs=('who cares about the last ones...',), output='who cares about the last ones')
0.11/0.20	IO(inputs=('just let them die!!!',), output='just let them die')
0.11/0.20	IO(inputs=('oh god what have i become!!!',), output='oh god what have i become')
0.11/0.20	=== Library
0.11/0.20	concat
0.11/0.20	index
0.11/0.20	length
0.11/0.20	substr
0.11/0.20	add
0.11/0.20	sub
0.11/0.20	=== Synthesis
0.11/0.20	['concat']: UNSAT (0.032 seconds)
0.11/0.23	['index']: UNSAT (0.031 seconds)
0.11/0.26	['length']: UNSAT (0.022 seconds)
0.26/0.29	['substr']: UNSAT (0.035 seconds)
0.26/0.32	['add']: UNSAT (0.027 seconds)
0.26/0.35	['sub']: UNSAT (0.027 seconds)
0.26/0.38	['concat', 'concat']: UNSAT (0.060 seconds)
0.36/0.44	['concat', 'index']: UNSAT (0.056 seconds)
0.46/0.50	['concat', 'length']: UNSAT (0.041 seconds)
0.46/0.54	['concat', 'substr']: UNSAT (0.123 seconds)
0.57/0.66	['concat', 'add']: UNSAT (0.036 seconds)
0.69/0.70	['concat', 'sub']: UNSAT (0.036 seconds)
0.69/0.74	['index', 'index']: UNSAT (0.048 seconds)
0.69/0.79	['index', 'length']: UNSAT (0.035 seconds)
0.79/0.82	['index', 'substr']: UNSAT (3.642 seconds)
4.38/4.46	['index', 'add']: UNSAT (0.043 seconds)
4.48/4.51	['index', 'sub']: UNSAT (0.043 seconds)
4.48/4.55	['length', 'length']: UNSAT (0.026 seconds)
4.48/4.58	['length', 'substr']: UNSAT (0.052 seconds)
4.59/4.63	['length', 'add']: UNSAT (0.029 seconds)
4.59/4.66	['length', 'sub']: UNSAT (0.030 seconds)
4.59/4.69	['substr', 'substr']: UNSAT (0.053 seconds)
4.68/4.74	['substr', 'add']: UNSAT (0.048 seconds)
4.68/4.79	['substr', 'sub']: UNSAT (0.047 seconds)
4.78/4.84	['add', 'add']: UNSAT (0.041 seconds)
4.78/4.88	['add', 'sub']: UNSAT (0.038 seconds)
4.88/4.92	['sub', 'sub']: UNSAT (0.038 seconds)
4.88/4.96	['concat', 'concat', 'concat']: UNSAT (0.238 seconds)
5.18/5.20	['concat', 'concat', 'index']: UNSAT (0.070 seconds)
5.18/5.27	['concat', 'concat', 'length']: UNSAT (0.055 seconds)
5.28/5.33	['concat', 'concat', 'substr']: UNSAT (0.345 seconds)
5.59/5.67	['concat', 'concat', 'add']: UNSAT (0.056 seconds)
5.68/5.73	['concat', 'concat', 'sub']: UNSAT (0.054 seconds)
5.68/5.78	['concat', 'index', 'index']: UNSAT (0.074 seconds)
5.78/5.86	['concat', 'index', 'length']: UNSAT (0.058 seconds)
5.88/5.92	['concat', 'index', 'substr']: UNKNOWN (413.212 seconds)
419.01/419.13	Reason: smt tactic failed to show goal to be sat/unsat max-conflicts-reached
419.01/419.13	Reason: smt tactic failed to show goal to be sat/unsat max-conflicts-reached
419.01/419.13	['concat', 'index', 'add']: UNSAT (0.066 seconds)
419.18/419.20	['concat', 'index', 'sub']: UNSAT (0.066 seconds)
419.18/419.27	['concat', 'length', 'length']: UNSAT (0.045 seconds)
419.28/419.31	['concat', 'length', 'substr']: UNSAT (0.603 seconds)
419.88/419.92	['concat', 'length', 'add']: UNSAT (0.048 seconds)
419.88/419.96	['concat', 'length', 'sub']: UNSAT (0.045 seconds)
419.88/420.01	['concat', 'substr', 'substr']: UNSAT (0.192 seconds)
420.18/420.20	['concat', 'substr', 'add']: UNSAT (0.108 seconds)
420.27/420.31	['concat', 'substr', 'sub']: UNSAT (0.084 seconds)
420.37/420.40	['concat', 'add', 'add']: UNSAT (0.056 seconds)
420.37/420.45	['concat', 'add', 'sub']: UNSAT (0.055 seconds)
420.47/420.51	['concat', 'sub', 'sub']: UNSAT (0.055 seconds)
420.47/420.57	['index', 'index', 'index']: UNSAT (0.082 seconds)
420.58/420.65	['index', 'index', 'length']: UNSAT (0.062 seconds)
420.67/420.71	['index', 'index', 'substr']: 