0.12/0.20	=== Examples (../../dataset/examples/examples-45.json)
0.12/0.20	IO(inputs=('Make it two weeks',), output='make it two wks')
0.12/0.20	IO(inputs=('Weeks 2 and 3',), output='wks 2 and 3')
0.12/0.20	IO(inputs=('get back to me in 4 weeks',), output='get back to me in 4 wks')
0.12/0.20	=== Library
0.12/0.20	concat
0.12/0.20	index
0.12/0.20	length
0.12/0.20	substr
0.12/0.20	add
0.12/0.20	sub
0.12/0.20	=== Synthesis
0.12/0.20	['concat']: UNSAT (0.032 seconds)
0.12/0.23	['index']: UNSAT (0.030 seconds)
0.12/0.26	['length']: UNSAT (0.021 seconds)
0.25/0.28	['substr']: UNSAT (0.034 seconds)
0.25/0.32	['add']: UNSAT (0.026 seconds)
0.25/0.34	['sub']: UNSAT (0.026 seconds)
0.25/0.37	['concat', 'concat']: UNSAT (0.058 seconds)
0.35/0.43	['concat', 'index']: UNSAT (0.055 seconds)
0.35/0.48	['concat', 'length']: UNSAT (0.039 seconds)
0.46/0.52	['concat', 'substr']: UNSAT (0.125 seconds)
0.63/0.65	['concat', 'add']: UNSAT (0.044 seconds)
0.63/0.69	['concat', 'sub']: UNSAT (0.034 seconds)
0.69/0.73	['index', 'index']: UNSAT (0.050 seconds)
0.69/0.78	['index', 'length']: UNSAT (0.032 seconds)
0.79/0.81	['index', 'substr']: UNSAT (0.128 seconds)
0.90/0.94	['index', 'add']: UNSAT (0.037 seconds)
0.90/0.98	['index', 'sub']: UNSAT (0.039 seconds)
0.90/1.02	['length', 'length']: UNSAT (0.023 seconds)
1.01/1.04	['length', 'substr']: UNSAT (0.041 seconds)
1.01/1.08	['length', 'add']: UNSAT (0.025 seconds)
1.01/1.11	['length', 'sub']: UNSAT (0.028 seconds)
1.01/1.14	['substr', 'substr']: UNSAT (0.049 seconds)
1.13/1.19	['substr', 'add']: UNSAT (0.041 seconds)
1.19/1.23	['substr', 'sub']: UNSAT (0.043 seconds)
1.19/1.27	['add', 'add']: UNSAT (0.034 seconds)
1.29/1.31	['add', 'sub']: UNSAT (0.038 seconds)
1.29/1.35	['sub', 'sub']: UNSAT (0.036 seconds)
1.29/1.38	['concat', 'concat', 'concat']: UNSAT (0.181 seconds)
1.49/1.56	['concat', 'concat', 'index']: UNSAT (0.064 seconds)
1.59/1.63	['concat', 'concat', 'length']: UNSAT (0.048 seconds)
1.59/1.68	['concat', 'concat', 'substr']: UNSAT (0.311 seconds)
1.90/1.99	['concat', 'concat', 'add']: UNSAT (0.055 seconds)
2.02/2.04	['concat', 'concat', 'sub']: UNSAT (0.050 seconds)
2.02/2.10	['concat', 'index', 'index']: UNSAT (0.070 seconds)
2.14/2.17	['concat', 'index', 'length']: UNSAT (0.053 seconds)
2.19/2.22	['concat', 'index', 'substr']: UNSAT (1.283 seconds)
3.49/3.50	['concat', 'index', 'add']: UNSAT (0.056 seconds)
3.49/3.56	['concat', 'index', 'sub']: UNSAT (0.057 seconds)
3.59/3.62	['concat', 'length', 'length']: UNSAT (0.038 seconds)
3.59/3.66	['concat', 'length', 'substr']: UNSAT (0.444 seconds)
4.01/4.10	['concat', 'length', 'add']: UNSAT (0.041 seconds)
4.13/4.14	['concat', 'length', 'sub']: UNSAT (0.045 seconds)
4.13/4.19	['concat', 'substr', 'substr']: UNSAT (0.167 seconds)
4.29/4.36	['concat', 'substr', 'add']: UNSAT (0.095 seconds)
4.39/4.45	['concat', 'substr', 'sub']: UNSAT (0.084 seconds)
4.49/4.54	['concat', 'add', 'add']: UNSAT (0.052 seconds)
4.49/4.59	['concat', 'add', 'sub']: UNSAT (0.050 seconds)
4.59/4.64	['concat', 'sub', 'sub']: UNSAT (0.054 seconds)
4.69/4.70	['index', 'index', 'index']: UNSAT (0.079 seconds)
4.69/4.78	['index', 'index', 'length']: UNSAT (0.058 seconds)
4.79/4.83	['index', 'index', 'substr']: UNSAT (0.425 seconds)
5.19/5.26	['index', 'index', 'add']: UNSAT (0.068 seconds)
5.29/5.33	['index', 'index', 'sub']: UNSAT (0.067 seconds)
5.39/5.40	['index', 'length', 'length']: UNSAT (0.048 seconds)
5.39/5.45	['index', 'length', 'substr']: UNSAT (0.207 seconds)
5.59/5.65	['index', 'length', 'add']: UNSAT (0.050 seconds)
5.69/5.70	['index', 'length', 'sub']: UNSAT (0.055 seconds)
5.69/5.76	['index', 'substr', 'substr']: UNSAT (0.589 seconds)
6.29/6.35	['index', 'substr', 'add']: UNSAT (0.353 seconds)
6.69/6.70	['index', 'substr', 'sub']: UNSAT (0.165 seconds)
6.79/6.87	['index', 'add', 'add']: UNSAT (0.064 seconds)
6.90/6.93	['index', 'add', 'sub']: UNSAT (0.067 seconds)
6.90/7.00	['index', 'sub', 'sub']: UNSAT (0.067 seconds)
7.01/7.07	['length', 'length', 'length']: UNSAT (0.035 seconds)
7.01/7.11	['length', 'length', 'substr']: UNSAT (0.058 seconds)
7.13/7.16	['length', 'length', 'add']: UNSAT (0.040 seconds)
7.19/7.20	['length', 'length', 'sub']: UNSAT (0.035 seconds)
7.19/7.24	['length', 'substr', 'substr']: UNSAT (0.177 seconds)
7.39/7.42	['length', 'substr', 'add']: UNSAT (0.075 seconds)
7.39/7.49	['length', 'substr', 'sub']: UNSAT (0.075 seconds)
7.49/7.57	['length', 'add', 'add']: UNSAT (0.047 seconds)
7.59/7.62	['length', 'add', 'sub']: UNSAT (0.049 seconds)
7.59/7.67	['length', 'sub', 'sub']: UNSAT (0.050 seconds)
7.69/7.72	['substr', 'substr', 'substr']: UNSAT (0.110 seconds)
7.79/7.83	['substr', 'substr', 'add']: UNSAT (0.089 seconds)
7.90/7.92	['substr', 'substr', 'sub']: UNSAT (0.100 seconds)
7.90/8.02	['substr', 'add', 'add']: UNSAT (0.097 seconds)
8.01/8.12	['substr', 'add', 'sub']: UNSAT (0.090 seconds)
8.19/8.21	['substr', 'sub', 'sub']: UNSAT (0.083 seconds)
8.19/8.29	['add', 'add', 'add']: UNSAT (0.063 seconds)
8.29/8.36	['add', 'add', 'sub']: UNSAT (0.063 seconds)
8.39/8.42	['add', 'sub', 'sub']: UNSAT (0.063 seconds)
8.39/8.48	['sub', 'sub', 'sub']: UNSAT (0.064 seconds)
8.49/8.55	['concat', 'concat', 'concat', 'concat']: UNSAT (0.428 seconds)
8.90/8.98	['concat', 'concat', 'concat', 'index']: UNSAT (0.105 seconds)
9.00/9.08	['concat', 'concat', 'concat', 'length']: UNSAT (0.084 seconds)
9.12/9.17	['concat', 'concat', 'concat', 'substr']: UNSAT (85.176 seconds)
94.29/94.34	['concat', 'concat', 'concat', 'add']: UNSAT (0.083 seconds)
94.39/94.43	['concat', 'concat', 'concat', 'sub']: UNSAT (0.082 seconds)
94.49/94.51	['concat', 'concat', 'index', 'index']: UNSAT (0.105 seconds)
94.59/94.62	['concat', 'concat', 'index', 'length']: UNSAT (0.090 seconds)
94.69/94.71	['concat', 'concat', 'index', 'substr']: UNSAT (25.159 seconds)
119.78/119.87	['concat', 'concat', 'index', 'add']: UNSAT (0.082 seconds)
119.88/119.95	['concat', 'concat', 'index', 'sub']: UNSAT (0.089 seconds)
120.00/120.04	['concat', 'concat', 'length', 'length']: UNSAT (0.068 seconds)
120.00/120.11	['concat', 'concat', 'length', 'substr']: UNSAT (5.947 seconds)
126.01/126.06	['concat', 'concat', 'length', 'add']: UNSAT (0.074 seconds)
126.01/126.13	['concat', 'concat', 'length', 'sub']: UNSAT (0.070 seconds)
126.18/126.20	['concat', 'concat', 'substr', 'substr']: UNSAT (3.780 seconds)
129.88/129.98	['concat', 'concat', 'substr', 'add']: UNSAT (2.632 seconds)
132.58/132.62	['concat', 'concat', 'substr', 'sub']: UNSAT (0.327 seconds)
132.88/132.94	['concat', 'concat', 'add', 'add']: UNSAT (0.082 seconds)
132.88/133.03	['concat', 'concat', 'add', 'sub']: UNSAT (0.083 seconds)
133.01/133.11	['concat', 'concat', 'sub', 'sub']: UNSAT (0.084 seconds)
133.13/133.20	['concat', 'index', 'index', 'index']: UNSAT (0.108 seconds)
133.28/133.30	['concat', 'index', 'index', 'length']: UNSAT (0.091 seconds)
133.38/133.40	['concat', 'index', 'index', 'substr']: UNSAT (16.716 seconds)
150.00/150.11	['concat', 'index', 'index', 'add']: UNSAT (0.097 seconds)
150.18/150.21	['concat', 'index', 'index', 'sub']: UNSAT (0.091 seconds)
150.28/150.30	['concat', 'index', 'length', 'length']: UNSAT (0.068 seconds)
150.28/150.37	['concat', 'index', 'length', 'substr']: UNSAT (4.567 seconds)
154.88/154.94	['concat', 'index', 'length', 'add']: UNSAT (0.076 seconds)
154.88/155.02	['concat', 'index', 'length', 'sub']: UNSAT (0.073 seconds)
155.00/155.09	['concat', 'index', 'substr', 'substr']: UNSAT (13.205 seconds)
168.28/168.30	['concat', 'index', 'substr', 'add']: UNSAT (7.120 seconds)
175.38/175.42	['concat', 'index', 'substr', 'sub']: UNSAT (3.172 seconds)
178.48/178.59	['concat', 'index', 'add', 'add']: UNSAT (0.090 seconds)
178.58/178.68	['concat', 'index', 'add', 'sub']: UNSAT (0.095 seconds)
178.68/178.78	['concat', 'index', 'sub', 'sub']: UNSAT (0.090 seconds)
178.78/178.87	['concat', 'length', 'length', 'length']: UNSAT (0.059 seconds)
178.88/178.93	['concat', 'length', 'length', 'substr']: UNSAT (0.201 seconds)
179.00/179.13	['concat', 'length', 'length', 'add']: UNSAT (0.060 seconds)
179.13/179.19	['concat', 'length', 'length', 'sub']: UNSAT (0.058 seconds)
179.18/179.25	['concat', 'length', 'substr', 'substr']: UNSAT (3.677 seconds)
182.88/182.93	['concat', 'length', 'substr', 'add']: UNSAT (1.373 seconds)
184.28/184.30	['concat', 'length', 'substr', 'sub']: UNSAT (0.820 seconds)
185.00/185.13	['concat', 'length', 'add', 'add']: UNSAT (0.071 seconds)
185.18/185.20	['concat', 'length', 'add', 'sub']: UNSAT (0.073 seconds)
185.18/185.27	['concat', 'length', 'sub', 'sub']: UNSAT (0.074 seconds)
185.28/185.35	['concat', 'substr', 'substr', 'substr']: UNSAT (0.772 seconds)
186.01/186.12	['concat', 'substr', 'substr', 'add']: UNSAT (0.772 seconds)
186.78/186.89	['concat', 'substr', 'substr', 'sub']: UNSAT (0.570 seconds)
187.38/187.46	['concat', 'substr', 'add', 'add']: UNSAT (0.648 seconds)
188.00/188.11	['concat', 'substr', 'add', 'sub']: UNSAT (0.298 seconds)
188.38/188.41	['concat', 'substr', 'sub', 'sub']: UNSAT (0.269 seconds)
188.58/188.68	['concat', 'add', 'add', 'add']: UNSAT (0.115 seconds)
188.78/188.80	['concat', 'add', 'add', 'sub']: UNSAT (0.090 seconds)
188.78/188.89	['concat', 'add', 'sub', 'sub']: UNSAT (0.100 seconds)
188.88/188.99	['concat', 'sub', 'sub', 'sub']: UNSAT (0.087 seconds)
189.01/189.08	['index', 'index', 'index', 'index']: UNSAT (0.124 seconds)
189.18/189.20	['index', 'index', 'index', 'length']: UNSAT (0.100 seconds)
189.28/189.30	['index', 'index', 'index', 'substr']: UNSAT (0.795 seconds)
190.00/190.10	['index', 'index', 'index', 'add']: UNSAT (0.113 seconds)
190.18/190.21	['index', 'index', 'index', 'sub']: UNSAT (0.112 seconds)
190.28/190.33	['index', 'index', 'length', 'length']: UNSAT (0.084 seconds)
190.38/190.41	['index', 'index', 'length', 'substr']: UNSAT (0.557 seconds)
190.88/190.97	['index', 'index', 'length', 'add']: UNSAT (0.089 seconds)
191.01/191.06	['index', 'index', 'length', 'sub']: UNSAT (0.088 seconds)
191.13/191.15	['index', 'index', 'substr', 'substr']: UNSAT (1.341 seconds)
192.38/192.49	['index', 'index', 'substr', 'add']: UNSAT (1.474 seconds)
193.88/193.97	['index', 'index', 'substr', 'sub']: UNSAT (0.498 seconds)
194.38/194.47	['index', 'index', 'add', 'add']: UNSAT (0.113 seconds)
194.48/194.58	['index', 'index', 'add', 'sub']: UNSAT (0.106 seconds)
194.58/194.69	['index', 'index', 'sub', 'sub']: UNSAT (0.109 seconds)
194.78/194.80	['index', 'length', 'length', 'length']: UNSAT (0.061 seconds)
194.78/194.86	['index', 'length', 'length', 'substr']: UNSAT (0.226 seconds)
195.00/195.09	['index', 'length', 'length', 'add']: UNSAT (0.070 seconds)
195.13/195.16	['index', 'length', 'length', 'sub']: UNSAT (0.068 seconds)
195.18/195.23	['index', 'length', 'substr', 'substr']: UNSAT (1.128 seconds)
196.28/196.36	['index', 'length', 'substr', 'add']: UNSAT (0.252 seconds)
196.58/196.61	['index', 'length', 'substr', 'sub']: UNSAT (0.237 seconds)
196.78/196.85	['index', 'length', 'add', 'add']: UNSAT (0.080 seconds)
196.88/196.93	['index', 'length', 'add', 'sub']: UNSAT (0.081 seconds)
196.88/197.01	['index', 'length', 'sub', 'sub']: UNSAT (0.083 seconds)
197.01/197.09	['index', 'substr', 'substr', 'substr']: UNSAT (1.555 seconds)
198.58/198.65	['index', 'substr', 'substr', 'add']: UNSAT (1.510 seconds)
200.12/200.16	['index', 'substr', 'substr', 'sub']: UNSAT (0.913 seconds)
201.00/201.07	['index', 'substr', 'add', 'add']: UNSAT (0.529 seconds)
201.58/201.60	['index', 'substr', 'add', 'sub']: UNSAT (0.271 seconds)
201.78/201.88	['index', 'substr', 'sub', 'sub']: UNSAT (0.730 seconds)
202.58/202.61	['index', 'add', 'add', 'add']: UNSAT (0.110 seconds)
202.68/202.72	['index', 'add', 'add', 'sub']: UNSAT (0.109 seconds)
202.78/202.83	['index', 'add', 'sub', 'sub']: UNSAT (0.106 seconds)
202.88/202.94	['index', 'sub', 'sub', 'sub']: UNSAT (0.108 seconds)
203.00/203.05	['length', 'length', 'length', 'length']: UNSAT (0.047 seconds)
203.00/203.09	['length', 'length', 'length', 'substr']: UNSAT (0.062 seconds)
203.12/203.16	['length', 'length', 'length', 'add']: UNSAT (0.052 seconds)
203.18/203.21	['length', 'length', 'length', 'sub']: UNSAT (0.050 seconds)
203.18/203.26	['length', 'length', 'substr', 'substr']: UNSAT (0.769 seconds)
203.88/204.03	['length', 'length', 'substr', 'add']: UNSAT (0.126 seconds)
204.12/204.16	['length', 'length', 'substr', 'sub']: UNSAT (0.199 seconds)
204.28/204.36	['length', 'length', 'add', 'add']: UNSAT (0.064 seconds)
204.38/204.42	['length', 'length', 'add', 'sub']: UNSAT (0.062 seconds)
204.38/204.48	['length', 'length', 'sub', 'sub']: UNSAT (0.065 seconds)
204.48/204.55	['length', 'substr', 'substr', 'substr']: UNSAT (0.591 seconds)
205.12/205.14	['length', 'substr', 'substr', 'add']: UNSAT (0.772 seconds)
205.88/205.91	['length', 'substr', 'substr', 'sub']: UNSAT (0.714 seconds)
206.58/206.63	['length', 'substr', 'add', 'add']: UNSAT (0.410 seconds)
207.00/207.04	['length', 'substr', 'add', 'sub']: UNSAT (0.332 seconds)
207.28/207.37	['length', 'substr', 'sub', 'sub']: UNSAT (0.304 seconds)
207.58/207.68	['length', 'add', 'add', 'add']: UNSAT (0.084 seconds)
207.68/207.76	['length', 'add', 'add', 'sub']: UNSAT (0.085 seconds)
207.78/207.85	['length', 'add', 'sub', 'sub']: UNSAT (0.085 seconds)
207.88/207.94	['length', 'sub', 'sub', 'sub']: UNSAT (0.082 seconds)
207.88/208.02	['substr', 'substr', 'substr', 'substr']: UNSAT (0.219 seconds)
208.18/208.24	['substr', 'substr', 'substr', 'add']: UNSAT (0.193 seconds)
208.38/208.43	['substr', 'substr', 'substr', 'sub']: UNSAT (0.241 seconds)
208.58/208.67	['substr', 'substr', 'add', 'add']: UNSAT (0.271 seconds)
208.88/208.95	['substr', 'substr', 'add', 'sub']: UNSAT (0.248 seconds)
209.12/209.20	['substr', 'substr', 'sub', 'sub']: UNSAT (0.296 seconds)
209.38/209.49	['substr', 'add', 'add', 'add']: UNSAT (0.518 seconds)
209.88/210.01	['substr', 'add', 'add', 'sub']: UNSAT (0.443 seconds)
210.38/210.45	['substr', 'add', 'sub', 'sub']: UNSAT (0.446 seconds)
210.87/210.90	['substr', 'sub', 'sub', 'sub']: UNSAT (0.457 seconds)
211.27/211.36	['add', 'add', 'add', 'add']: UNSAT (0.097 seconds)
211.37/211.46	['add', 'add', 'add', 'sub']: UNSAT (0.095 seconds)
211.47/211.55	['add', 'add', 'sub', 'sub']: UNSAT (0.095 seconds)
211.57/211.65	['add', 'sub', 'sub', 'sub']: UNSAT (0.100 seconds)
211.67/211.75	['sub', 'sub', 'sub', 'sub']: UNSAT (0.097 seconds)
211.77/211.85	['concat', 'concat', 'concat', 'concat', 'concat']: UNSAT (1.257 seconds)
212.99/213.11	['concat', 'concat', 'concat', 'concat', 'index']: UNSAT (0.149 seconds)
213.17/213.26	['concat', 'concat', 'concat', 'concat', 'length']: UNSAT (0.123 seconds)
213.27/213.38	['concat', 'concat', 'concat', 'concat', 'substr']: 