0.12/0.20	=== Examples (../../dataset/examples/examples-11.json)
0.12/0.20	IO(inputs=('Praesent sollicitudin varius neque, ut scelerisque justo venenatis nec. Maecenas sodales justo quis neque vestibulum efficitur. Maecenas orci aliquam.',), output='Praesent sollicitudin varius neque, ut scelerisque justo venenatis nec. Maecenas sodales justo quis ')
0.12/0.20	IO(inputs=('Curabitur commodo pellentesque erat. Fusce efficitur tincidunt tincidunt. Proin velit elit, sodales at tincidunt nullam.',), output='Curabitur commodo pellentesque erat. Fusce efficitur tincidunt tincidunt. Proin velit elit, sodales ')
0.12/0.20	IO(inputs=('Sed eleifend posuere dui sed hendrerit. Mauris egestas iaculis ultrices. Mauris at ipsum ornare, accumsan diam eget viverra fusce.',), output='Sed eleifend posuere dui sed hendrerit. Mauris egestas iaculis ultrices. Mauris at ipsum ornare, acc')
0.12/0.20	=== Library
0.12/0.20	concat
0.12/0.20	index
0.12/0.20	length
0.12/0.20	substr
0.12/0.20	add
0.12/0.20	sub
0.12/0.20	=== Synthesis
0.12/0.20	['concat']: UNSAT (0.035 seconds)
0.12/0.23	['index']: UNSAT (0.031 seconds)
0.12/0.26	['length']: UNSAT (0.022 seconds)
0.26/0.29	['substr']: UNSAT (0.042 seconds)
0.26/0.33	['add']: UNSAT (0.027 seconds)
0.26/0.36	['sub']: UNSAT (0.027 seconds)
0.26/0.39	['concat', 'concat']: UNSAT (0.076 seconds)
0.39/0.46	['concat', 'index']: UNSAT (0.057 seconds)
0.49/0.52	['concat', 'length']: UNSAT (0.043 seconds)
0.49/0.56	['concat', 'substr']: UNSAT (0.846 seconds)
1.39/1.41	['concat', 'add']: UNSAT (0.036 seconds)
1.39/1.45	['concat', 'sub']: UNSAT (0.035 seconds)
1.39/1.48	['index', 'index']: UNSAT (0.048 seconds)
1.49/1.53	['index', 'length']: UNSAT (0.033 seconds)
1.49/1.57	['index', 'substr']: UNKNOWN (392.176 seconds)
393.68/393.74	Reason: smt tactic failed to show goal to be sat/unsat max-conflicts-reached
393.68/393.74	Reason: smt tactic failed to show goal to be sat/unsat max-conflicts-reached
393.68/393.74	['index', 'add']: UNSAT (0.043 seconds)
393.68/393.79	['index', 'sub']: UNSAT (0.042 seconds)
393.78/393.83	['length', 'length']: UNSAT (0.024 seconds)
393.78/393.85	['length', 'substr']: SAT (0.420 seconds)
394.18/394.28	substr(arg0, length(''), 100)
