0.11/0.20	=== Examples (../../dataset/examples/examples-86.json)
0.11/0.20	IO(inputs=('Sed euismod congue porta. Phasellus posuere rutrum porttitor. Curabitur nec pellentesque sem, luctus volutpat.',), output='Sed euismod congue porta. phasellus posuere rutrum porttitor. curabitur nec pellentesque sem, luctus')
0.11/0.20	IO(inputs=('Quisque magna velit, congue ac dictum in, blandit et arcu. Quisque sit amet tempor dui, id venenatis volutpat.',), output='Quisque magna velit, congue ac dictum in, blandit et arcu. quisque sit amet tempor dui, id venenatis')
0.11/0.20	IO(inputs=('Sed et luctus dui. Integer dolor tortor, mattis eu egestas et, luctus vitae nunc. Nam in nisl lorem. In metus.',), output='Sed et luctus dui. integer dolor tortor, mattis eu egestas et, luctus vitae nunc. nam in nisl lorem.')
0.11/0.20	=== Library
0.11/0.20	concat
0.11/0.20	index
0.11/0.20	length
0.11/0.20	substr
0.11/0.20	add
0.11/0.20	sub
0.11/0.20	=== Synthesis
0.11/0.20	['concat']: UNSAT (0.034 seconds)
0.11/0.24	['index']: UNSAT (0.032 seconds)
0.11/0.27	['length']: UNSAT (0.021 seconds)
0.25/0.29	['substr']: UNSAT (0.040 seconds)
0.25/0.33	['add']: UNSAT (0.026 seconds)
0.25/0.36	['sub']: UNSAT (0.028 seconds)
0.34/0.39	['concat', 'concat']: UNSAT (0.072 seconds)
0.34/0.46	['concat', 'index']: UNSAT (0.057 seconds)
0.45/0.52	['concat', 'length']: UNSAT (0.042 seconds)
0.45/0.56	['concat', 'substr']: UNSAT (1.068 seconds)
1.58/1.63	['concat', 'add']: UNSAT (0.038 seconds)
1.58/1.67	['concat', 'sub']: UNSAT (0.035 seconds)
1.68/1.71	['index', 'index']: UNSAT (0.050 seconds)
1.68/1.76	['index', 'length']: UNSAT (0.035 seconds)
1.68/1.79	['index', 'substr']: UNSAT (0.451 seconds)
2.18/2.24	['index', 'add']: UNSAT (0.040 seconds)
2.18/2.29	['index', 'sub']: UNSAT (0.043 seconds)
2.29/2.33	['length', 'length']: UNSAT (0.023 seconds)
2.29/2.35	['length', 'substr']: UNSAT (0.288 seconds)
2.58/2.64	['length', 'add']: UNSAT (0.028 seconds)
2.58/2.67	['length', 'sub']: UNSAT (0.029 seconds)
2.68/2.70	['substr', 'substr']: UNSAT (0.065 seconds)
2.68/2.77	['substr', 'add']: UNSAT (0.049 seconds)
2.78/2.82	['substr', 'sub']: UNSAT (0.222 seconds)
3.01/3.04	['add', 'add']: UNSAT (0.039 seconds)
3.01/3.08	['add', 'sub']: UNSAT (0.037 seconds)
3.01/3.12	['sub', 'sub']: UNSAT (0.041 seconds)
3.13/3.16	['concat', 'concat', 'concat']: UNSAT (1.291 seconds)
4.39/4.45	['concat', 'concat', 'index']: UNSAT (0.072 seconds)
4.49/4.52	['concat', 'concat', 'length']: UNSAT (0.053 seconds)
4.49/4.58	['concat', 'concat', 'substr']: UNSAT (29.678 seconds)
34.19/34.26	['concat', 'concat', 'add']: UNSAT (0.056 seconds)
34.30/34.31	['concat', 'concat', 'sub']: UNSAT (0.058 seconds)
34.30/34.37	['concat', 'index', 'index']: UNSAT (0.077 seconds)
34.39/34.45	['concat', 'index', 'length']: UNSAT (0.058 seconds)
34.49/34.51	['concat', 'index', 'substr']: UNSAT (49.609 seconds)
84.00/84.12	['concat', 'index', 'add']: UNSAT (0.065 seconds)
84.12/84.19	['concat', 'index', 'sub']: UNSAT (0.068 seconds)
84.18/84.25	['concat', 'length', 'length']: UNSAT (0.046 seconds)
84.18/84.30	['concat', 'length', 'substr']: UNSAT (7.937 seconds)
92.18/92.24	['concat', 'length', 'add']: UNSAT (0.048 seconds)
92.18/92.29	['concat', 'length', 'sub']: UNSAT (0.048 seconds)
92.29/92.34	['concat', 'substr', 'substr']: UNSAT (0.649 seconds)
92.88/92.99	['concat', 'substr', 'add']: UNSAT (1.067 seconds)
94.00/94.05	['concat', 'substr', 'sub']: UNSAT (1.511 seconds)
95.48/95.57	['concat', 'add', 'add']: UNSAT (0.057 seconds)
95.58/95.62	['concat', 'add', 'sub']: UNSAT (0.057 seconds)
95.58/95.68	['concat', 'sub', 'sub']: UNSAT (0.057 seconds)
95.68/95.74	['index', 'index', 'index']: UNSAT (0.082 seconds)
95.78/95.82	['index', 'index', 'length']: UNSAT (0.065 seconds)
95.78/95.89	['index', 'index', 'substr']: UNSAT (1.634 seconds)
97.48/97.52	['index', 'index', 'add']: UNSAT (0.071 seconds)
97.48/97.60	['index', 'index', 'sub']: UNSAT (0.072 seconds)
97.58/97.67	['index', 'length', 'length']: UNSAT (0.048 seconds)
97.68/97.72	['index', 'length', 'substr']: UNSAT (1.062 seconds)
98.68/98.78	['index', 'length', 'add']: UNSAT (0.055 seconds)
98.78/98.84	['index', 'length', 'sub']: UNSAT (0.054 seconds)
98.78/98.89	['index', 'substr', 'substr']: UNSAT (5.370 seconds)
104.18/104.26	['index', 'substr', 'add']: UNSAT (5.482 seconds)
109.68/109.74	['index', 'substr', 'sub']: UNSAT (0.834 seconds)
110.48/110.58	['index', 'add', 'add']: UNSAT (0.070 seconds)
110.58/110.65	['index', 'add', 'sub']: UNSAT (0.067 seconds)
110.68/110.72	['index', 'sub', 'sub']: UNSAT (0.067 seconds)
110.68/110.79	['length', 'length', 'length']: UNSAT (0.037 seconds)
110.78/110.82	['length', 'length', 'substr']: UNSAT (0.072 seconds)
110.78/110.90	['length', 'length', 'add']: UNSAT (0.041 seconds)
110.88/110.94	['length', 'length', 'sub']: UNSAT (0.044 seconds)
110.88/110.98	['length', 'substr', 'substr']: UNSAT (2.427 seconds)
113.38/113.41	['length', 'substr', 'add']: UNSAT (0.493 seconds)
113.88/113.91	['length', 'substr', 'sub']: UNSAT (0.389 seconds)
114.18/114.30	['length', 'add', 'add']: UNSAT (0.054 seconds)
114.29/114.35	['length', 'add', 'sub']: UNSAT (0.052 seconds)
114.38/114.40	['length', 'sub', 'sub']: UNSAT (0.054 seconds)
114.38/114.46	['substr', 'substr', 'substr']: UNSAT (0.153 seconds)
114.58/114.61	['substr', 'substr', 'add']: UNSAT (0.105 seconds)
114.68/114.72	['substr', 'substr', 'sub']: UNSAT (0.317 seconds)
114.88/115.04	['substr', 'add', 'add']: UNSAT (0.107 seconds)
115.12/115.14	['substr', 'add', 'sub']: UNSAT (0.279 seconds)
115.38/115.42	['substr', 'sub', 'sub']: UNSAT (0.275 seconds)
115.68/115.70	['add', 'add', 'add']: UNSAT (0.064 seconds)
115.68/115.77	['add', 'add', 'sub']: UNSAT (0.064 seconds)
115.78/115.83	['add', 'sub', 'sub']: UNSAT (0.064 seconds)
115.78/115.90	['sub', 'sub', 'sub']: UNSAT (0.066 seconds)
115.88/115.96	['concat', 'concat', 'concat', 'concat']: UNSAT (1.188 seconds)
117.12/117.15	['concat', 'concat', 'concat', 'index']: UNSAT (0.108 seconds)
117.18/117.26	['concat', 'concat', 'concat', 'length']: UNSAT (0.088 seconds)
117.29/117.35	['concat', 'concat', 'concat', 'substr']: 