0.10/0.20	=== Examples (../../dataset/examples/examples-90.json)
0.10/0.20	IO(inputs=('george',), output='George')
0.10/0.20	IO(inputs=('maebe',), output='Maebe')
0.10/0.20	IO(inputs=('michael',), output='Michael')
0.10/0.20	=== Library
0.10/0.20	concat
0.10/0.20	index
0.10/0.20	length
0.10/0.20	substr
0.10/0.20	add
0.10/0.20	sub
0.10/0.20	=== Synthesis
0.10/0.20	['concat']: UNSAT (0.030 seconds)
0.10/0.23	['index']: UNSAT (0.032 seconds)
0.10/0.26	['length']: UNSAT (0.022 seconds)
0.25/0.29	['substr']: UNSAT (0.033 seconds)
0.25/0.32	['add']: UNSAT (0.026 seconds)
0.25/0.35	['sub']: UNSAT (0.026 seconds)
0.25/0.37	['concat', 'concat']: UNSAT (0.055 seconds)
0.36/0.43	['concat', 'index']: UNSAT (0.054 seconds)
0.45/0.48	['concat', 'length']: UNSAT (0.040 seconds)
0.45/0.53	['concat', 'substr']: UNSAT (0.080 seconds)
0.45/0.61	['concat', 'add']: UNSAT (0.036 seconds)
0.45/0.64	['concat', 'sub']: UNSAT (0.033 seconds)
0.60/0.68	['index', 'index']: UNSAT (0.045 seconds)
0.71/0.72	['index', 'length']: UNSAT (0.033 seconds)
0.71/0.76	['index', 'substr']: UNSAT (0.047 seconds)
0.79/0.81	['index', 'add']: UNSAT (0.038 seconds)
0.79/0.85	['index', 'sub']: UNSAT (0.039 seconds)
0.79/0.89	['length', 'length']: UNSAT (0.024 seconds)
0.89/0.91	['length', 'substr']: UNSAT (0.035 seconds)
0.89/0.95	['length', 'add']: UNSAT (0.028 seconds)
0.89/0.98	['length', 'sub']: UNSAT (0.028 seconds)
0.99/1.00	['substr', 'substr']: UNSAT (0.049 seconds)
0.99/1.05	['substr', 'add']: UNSAT (0.042 seconds)
0.99/1.10	['substr', 'sub']: UNSAT (0.042 seconds)
1.11/1.14	['add', 'add']: UNSAT (0.040 seconds)
1.11/1.18	['add', 'sub']: UNSAT (0.037 seconds)
1.11/1.22	['sub', 'sub']: UNSAT (0.037 seconds)
1.23/1.26	['concat', 'concat', 'concat']: UNSAT (0.135 seconds)
1.29/1.39	['concat', 'concat', 'index']: UNSAT (0.068 seconds)
1.39/1.46	['concat', 'concat', 'length']: UNSAT (0.054 seconds)
1.49/1.51	['concat', 'concat', 'substr']: UNSAT (1.415 seconds)
2.89/2.93	['concat', 'concat', 'add']: UNSAT (0.053 seconds)
2.89/2.98	['concat', 'concat', 'sub']: UNSAT (0.054 seconds)
2.99/3.04	['concat', 'index', 'index']: UNSAT (0.071 seconds)
2.99/3.11	['concat', 'index', 'length']: UNSAT (0.055 seconds)
3.11/3.17	['concat', 'index', 'substr']: UNSAT (0.510 seconds)
3.59/3.68	['concat', 'index', 'add']: UNSAT (0.059 seconds)
3.69/3.74	['concat', 'index', 'sub']: UNSAT (0.059 seconds)
3.79/3.80	['concat', 'length', 'length']: UNSAT (0.041 seconds)
3.79/3.84	['concat', 'length', 'substr']: UNSAT (0.291 seconds)
3.99/4.13	['concat', 'length', 'add']: UNSAT (0.045 seconds)
4.11/4.18	['concat', 'length', 'sub']: UNSAT (0.045 seconds)
4.11/4.22	['concat', 'substr', 'substr']: UNSAT (0.154 seconds)
4.29/4.38	['concat', 'substr', 'add']: UNSAT (0.172 seconds)
4.49/4.55	['concat', 'substr', 'sub']: UNSAT (0.096 seconds)
4.59/4.65	['concat', 'add', 'add']: UNSAT (0.055 seconds)
4.69/4.70	['concat', 'add', 'sub']: UNSAT (0.053 seconds)
4.69/4.76	['concat', 'sub', 'sub']: UNSAT (0.053 seconds)
4.79/4.81	['index', 'index', 'index']: UNSAT (0.077 seconds)
4.79/4.89	['index', 'index', 'length']: UNSAT (0.061 seconds)
4.89/4.95	['index', 'index', 'substr']: UNSAT (0.089 seconds)
4.99/5.04	['index', 'index', 'add']: UNSAT (0.069 seconds)
4.99/5.11	['index', 'index', 'sub']: UNSAT (0.072 seconds)
5.11/5.18	['index', 'length', 'length']: UNSAT (0.045 seconds)
5.11/5.23	['index', 'length', 'substr']: UNSAT (0.073 seconds)
5.29/5.30	['index', 'length', 'add']: UNSAT (0.058 seconds)
5.29/5.36	['index', 'length', 'sub']: UNSAT (0.054 seconds)
5.39/5.42	['index', 'substr', 'substr']: UNSAT (0.120 seconds)
5.49/5.54	['index', 'substr', 'add']: UNSAT (0.092 seconds)
5.59/5.63	['index', 'substr', 'sub']: UNSAT (0.077 seconds)
5.69/5.71	['index', 'add', 'add']: UNSAT (0.066 seconds)
5.69/5.78	['index', 'add', 'sub']: UNSAT (0.064 seconds)
5.79/5.84	['index', 'sub', 'sub']: UNSAT (0.072 seconds)
5.89/5.91	['length', 'length', 'length']: UNSAT (0.043 seconds)
5.89/5.96	['length', 'length', 'substr']: UNSAT (0.054 seconds)
5.99/6.01	['length', 'length', 'add']: UNSAT (0.041 seconds)
5.99/6.05	['length', 'length', 'sub']: UNSAT (0.038 seconds)
5.99/6.09	['length', 'substr', 'substr']: UNSAT (0.078 seconds)
6.11/6.17	['length', 'substr', 'add']: UNSAT (0.057 seconds)
6.11/6.23	['length', 'substr', 'sub']: UNSAT (0.059 seconds)
6.23/6.29	['length', 'add', 'add']: UNSAT (0.050 seconds)
6.29/6.34	['length', 'add', 'sub']: UNSAT (0.052 seconds)
6.29/6.39	['length', 'sub', 'sub']: UNSAT (0.048 seconds)
6.39/6.44	['substr', 'substr', 'substr']: UNSAT (0.088 seconds)
6.49/6.53	['substr', 'substr', 'add']: UNSAT (0.078 seconds)
6.59/6.61	['substr', 'substr', 'sub']: UNSAT (0.082 seconds)
6.59/6.69	['substr', 'add', 'add']: UNSAT (0.072 seconds)
6.69/6.76	['substr', 'add', 'sub']: UNSAT (0.071 seconds)
6.79/6.84	['substr', 'sub', 'sub']: UNSAT (0.071 seconds)
6.89/6.91	['add', 'add', 'add']: UNSAT (0.063 seconds)
6.89/6.97	['add', 'add', 'sub']: UNSAT (0.067 seconds)
6.99/7.04	['add', 'sub', 'sub']: UNSAT (0.067 seconds)
6.99/7.11	['sub', 'sub', 'sub']: UNSAT (0.064 seconds)
7.11/7.17	['concat', 'concat', 'concat', 'concat']: UNSAT (9.512 seconds)
16.59/16.69	['concat', 'concat', 'concat', 'index']: UNSAT (0.102 seconds)
16.69/16.79	['concat', 'concat', 'concat', 'length']: UNSAT (0.082 seconds)
16.79/16.87	['concat', 'concat', 'concat', 'substr']: UNSAT (111.550 seconds)
128.39/128.42	['concat', 'concat', 'concat', 'add']: UNSAT (0.086 seconds)
128.49/128.51	['concat', 'concat', 'concat', 'sub']: UNSAT (0.089 seconds)
128.59/128.60	['concat', 'concat', 'index', 'index']: UNSAT (0.111 seconds)
128.69/128.71	['concat', 'concat', 'index', 'length']: UNSAT (0.094 seconds)
128.79/128.81	['concat', 'concat', 'index', 'substr']: UNSAT (15.955 seconds)
144.69/144.76	['concat', 'concat', 'index', 'add']: UNSAT (0.091 seconds)
144.79/144.86	['concat', 'concat', 'index', 'sub']: UNSAT (0.091 seconds)
144.89/144.95	['concat', 'concat', 'length', 'length']: UNSAT (0.074 seconds)
144.98/145.02	['concat', 'concat', 'length', 'substr']: UNSAT (6.812 seconds)
151.79/151.84	['concat', 'concat', 'length', 'add']: UNSAT (0.073 seconds)
151.89/151.91	['concat', 'concat', 'length', 'sub']: UNSAT (0.074 seconds)
151.89/151.98	['concat', 'concat', 'substr', 'substr']: UNSAT (14.466 seconds)
166.38/166.45	['concat', 'concat', 'substr', 'add']: UNSAT (3.224 seconds)
169.58/169.68	['concat', 'concat', 'substr', 'sub']: UNSAT (0.663 seconds)
170.28/170.34	['concat', 'concat', 'add', 'add']: UNSAT (0.078 seconds)
170.39/170.42	['concat', 'concat', 'add', 'sub']: UNSAT (0.080 seconds)
170.49/170.50	['concat', 'concat', 'sub', 'sub']: UNSAT (0.088 seconds)
170.49/170.59	['concat', 'index', 'index', 'index']: UNSAT (0.114 seconds)
170.69/170.70	['concat', 'index', 'index', 'length']: UNSAT (0.095 seconds)
170.79/170.80	['concat', 'index', 'index', 'substr']: UNSAT (8.092 seconds)
178.79/178.89	['concat', 'index', 'index', 'add']: UNSAT (0.097 seconds)
178.89/178.99	['concat', 'index', 'index', 'sub']: UNSAT (0.095 seconds)
178.99/179.09	['concat', 'index', 'length', 'length']: UNSAT (0.073 seconds)
179.11/179.16	['concat', 'index', 'length', 'substr']: UNSAT (1.881 seconds)
180.99/181.04	['concat', 'index', 'length', 'add']: UNSAT (0.076 seconds)
180.99/181.12	['concat', 'index', 'length', 'sub']: UNSAT (0.080 seconds)
181.11/181.20	['concat', 'index', 'substr', 'substr']: UNSAT (6.965 seconds)
188.11/188.17	['concat', 'index', 'substr', 'add']: UNSAT (1.958 seconds)
189.99/190.13	['concat', 'index', 'substr', 'sub']: UNSAT (1.690 seconds)
191.79/191.82	['concat', 'index', 'add', 'add']: UNSAT (0.091 seconds)
191.89/191.91	['concat', 'index', 'add', 'sub']: UNSAT (0.095 seconds)
191.99/192.00	['concat', 'index', 'sub', 'sub']: UNSAT (0.092 seconds)
191.99/192.10	['concat', 'length', 'length', 'length']: UNSAT (0.058 seconds)
192.11/192.16	['concat', 'length', 'length', 'substr']: UNSAT (0.513 seconds)
192.59/192.67	['concat', 'length', 'length', 'add']: UNSAT (0.063 seconds)
192.69/192.73	['concat', 'length', 'length', 'sub']: UNSAT (0.065 seconds)
192.79/192.80	['concat', 'length', 'substr', 'substr']: UNSAT (2.718 seconds)
195.49/195.52	['concat', 'length', 'substr', 'add']: UNSAT (0.573 seconds)
195.99/196.09	['concat', 'length', 'substr', 'sub']: UNSAT (0.665 seconds)
196.69/196.76	['concat', 'length', 'add', 'add']: UNSAT (0.095 seconds)
196.79/196.86	['concat', 'length', 'add', 'sub']: UNSAT (0.076 seconds)
196.89/196.93	['concat', 'length', 'sub', 'sub']: UNSAT (0.069 seconds)
196.99/197.00	['concat', 'substr', 'substr', 'substr']: UNSAT (0.950 seconds)
197.89/197.95	['concat', 'substr', 'substr', 'add']: UNSAT (0.708 seconds)
198.59/198.66	['concat', 'substr', 'substr', 'sub']: UNSAT (1.093 seconds)
199.69/199.76	['concat', 'substr', 'add', 'add']: UNSAT (0.667 seconds)
200.39/200.42	['concat', 'substr', 'add', 'sub']: UNSAT (0.483 seconds)
200.89/200.91	['concat', 'substr', 'sub', 'sub']: UNSAT (0.345 seconds)
201.23/201.25	['concat', 'add', 'add', 'add']: UNSAT (0.087 seconds)
201.29/201.34	['concat', 'add', 'add', 'sub']: UNSAT (0.086 seconds)
201.39/201.43	['concat', 'add', 'sub', 'sub']: UNSAT (0.087 seconds)
201.49/201.52	['concat', 'sub', 'sub', 'sub']: UNSAT (0.083 seconds)
201.59/201.60	['index', 'index', 'index', 'index']: UNSAT (0.119 seconds)
201.69/201.72	['index', 'index', 'index', 'length']: UNSAT (0.098 seconds)
201.79/201.82	['index', 'index', 'index', 'substr']: UNSAT (0.155 seconds)
201.89/201.97	['index', 'index', 'index', 'add']: UNSAT (0.109 seconds)
201.99/202.08	['index', 'index', 'index', 'sub']: UNSAT (0.107 seconds)
202.11/202.19	['index', 'index', 'length', 'length']: UNSAT (0.080 seconds)
202.22/202.27	['index', 'index', 'length', 'substr']: UNSAT (0.108 seconds)
202.29/202.38	['index', 'index', 'length', 'add']: UNSAT (0.091 seconds)
202.39/202.47	['index', 'index', 'length', 'sub']: UNSAT (0.087 seconds)
202.49/202.56	['index', 'index', 'substr', 'substr']: UNSAT (0.451 seconds)
202.99/203.01	['index', 'index', 'substr', 'add']: UNSAT (0.203 seconds)
203.11/203.22	['index', 'index', 'substr', 'sub']: UNSAT (0.130 seconds)
203.29/203.35	['index', 'index', 'add', 'add']: UNSAT (0.105 seconds)
203.39/203.45	['index', 'index', 'add', 'sub']: UNSAT (0.106 seconds)
203.49/203.56	['index', 'index', 'sub', 'sub']: UNSAT (0.103 seconds)
203.59/203.67	['index', 'length', 'length', 'length']: UNSAT (0.063 seconds)
203.69/203.73	['index', 'length', 'length', 'substr']: UNSAT (0.112 seconds)
203.79/203.84	['index', 'length', 'length', 'add']: UNSAT (0.070 seconds)
203.89/203.91	['index', 'length', 'length', 'sub']: UNSAT (0.071 seconds)
203.89/203.98	['index', 'length', 'substr', 'substr']: UNSAT (0.134 seconds)
203.99/204.12	['index', 'length', 'substr', 'add']: UNSAT (0.104 seconds)
204.11/204.22	['index', 'length', 'substr', 'sub']: UNSAT (0.110 seconds)
204.29/204.33	['index', 'length', 'add', 'add']: UNSAT (0.083 seconds)
204.39/204.42	['index', 'length', 'add', 'sub']: UNSAT (0.083 seconds)
204.49/204.50	['index', 'length', 'sub', 'sub']: UNSAT (0.082 seconds)
204.49/204.59	['index', 'substr', 'substr', 'substr']: UNSAT (0.269 seconds)
204.79/204.86	['index', 'substr', 'substr', 'add']: UNSAT (0.185 seconds)
204.99/205.04	['index', 'substr', 'substr', 'sub']: UNSAT (0.202 seconds)
205.23/205.24	['index', 'substr', 'add', 'add']: UNSAT (0.131 seconds)
205.29/205.38	['index', 'substr', 'add', 'sub']: UNSAT (0.136 seconds)
205.49/205.51	['index', 'substr', 'sub', 'sub']: UNSAT (0.140 seconds)
205.59/205.65	['index', 'add', 'add', 'add']: UNSAT (0.107 seconds)
205.69/205.76	['index', 'add', 'add', 'sub']: UNSAT (0.113 seconds)
205.79/205.88	['index', 'add', 'sub', 'sub']: UNSAT (0.113 seconds)
205.89/205.99	['index', 'sub', 'sub', 'sub']: UNSAT (0.107 seconds)
205.99/206.10	['length', 'length', 'length', 'length']: UNSAT (0.046 seconds)
206.11/206.15	['length', 'length', 'length', 'substr']: UNSAT (0.061 seconds)
206.11/206.21	['length', 'length', 'length', 'add']: UNSAT (0.052 seconds)
206.23/206.26	['length', 'length', 'length', 'sub']: UNSAT (0.052 seconds)
206.29/206.31	['length', 'length', 'substr', 'substr']: UNSAT (0.103 seconds)
206.39/206.42	['length', 'length', 'substr', 'add']: UNSAT (0.079 seconds)
206.49/206.50	['length', 'length', 'substr', 'sub']: UNSAT (0.079 seconds)
206.49/206.58	['length', 'length', 'add', 'add']: UNSAT (0.063 seconds)
206.59/206.64	['length', 'length', 'add', 'sub']: UNSAT (0.064 seconds)
206.69/206.71	['length', 'length', 'sub', 'sub']: UNSAT (0.063 seconds)
206.69/206.77	['length', 'substr', 'substr', 'substr']: UNSAT (0.174 seconds)
206.89/206.95	['length', 'substr', 'substr', 'add']: UNSAT (0.134 seconds)
206.99/207.08	['length', 'substr', 'substr', 'sub']: UNSAT (0.130 seconds)
207.11/207.21	['length', 'substr', 'add', 'add']: UNSAT (0.104 seconds)
207.29/207.32	['length', 'substr', 'add', 'sub']: UNSAT (0.098 seconds)
207.39/207.41	['length', 'substr', 'sub', 'sub']: UNSAT (0.099 seconds)
207.49/207.51	['length', 'add', 'add', 'add']: UNSAT (0.080 seconds)
207.49/207.59	['length', 'add', 'add', 'sub']: UNSAT (0.081 seconds)
207.59/207.68	['length', 'add', 'sub', 'sub']: UNSAT (0.080 seconds)
207.69/207.76	['length', 'sub', 'sub', 'sub']: UNSAT (0.083 seconds)
207.79/207.84	['substr', 'substr', 'substr', 'substr']: UNSAT (0.169 seconds)
207.99/208.01	['substr', 'substr', 'substr', 'add']: UNSAT (0.130 seconds)
208.11/208.14	['substr', 'substr', 'substr', 'sub']: UNSAT (0.128 seconds)
208.22/208.27	['substr', 'substr', 'add', 'add']: UNSAT (0.127 seconds)
208.39/208.40	['substr', 'substr', 'add', 'sub']: UNSAT (0.115 seconds)
208.49/208.52	['substr', 'substr', 'sub', 'sub']: UNSAT (0.120 seconds)
208.59/208.64	['substr', 'add', 'add', 'add']: UNSAT (0.104 seconds)
208.69/208.74	['substr', 'add', 'add', 'sub']: UNSAT (0.102 seconds)
208.79/208.84	['substr', 'add', 'sub', 'sub']: UNSAT (0.102 seconds)
208.89/208.95	['substr', 'sub', 'sub', 'sub']: UNSAT (0.105 seconds)
208.99/209.05	['add', 'add', 'add', 'add']: UNSAT (0.099 seconds)
209.11/209.15	['add', 'add', 'add', 'sub']: UNSAT (0.097 seconds)
209.23/209.25	['add', 'add', 'sub', 'sub']: UNSAT (0.096 seconds)
209.29/209.35	['add', 'sub', 'sub', 'sub']: UNSAT (0.097 seconds)
209.39/209.44	['sub', 'sub', 'sub', 'sub']: UNSAT (0.097 seconds)
209.49/209.54	['concat', 'concat', 'concat', 'concat', 'concat']: 