0.13/0.18	=== Examples (../../dataset/examples/examples-18.json)
0.13/0.18	IO(inputs=('Lorem ipsum dolor sit amet cras amet.',), output='Lorem ipsum dolor sit amet cra...')
0.13/0.18	IO(inputs=('Maecenas non lorem suscipit, pharetra mi sed.',), output='Maecenas non lorem suscipit, p...')
0.13/0.18	IO(inputs=('Nulla facilisi turpis duis.',), output='Nulla facilisi turpis duis....')
0.13/0.18	=== Library
0.13/0.18	concat
0.13/0.18	index
0.13/0.18	length
0.13/0.18	substr
0.13/0.18	add
0.13/0.18	sub
0.13/0.18	=== Synthesis
0.13/0.18	['concat']: UNSAT (0.032 seconds)
0.13/0.22	['index']: UNSAT (0.032 seconds)
0.13/0.25	['length']: UNSAT (0.021 seconds)
0.13/0.27	['substr']: UNSAT (0.035 seconds)
0.26/0.31	['add']: UNSAT (0.026 seconds)
0.26/0.34	['sub']: UNSAT (0.026 seconds)
0.26/0.36	['concat', 'concat']: UNSAT (0.061 seconds)
0.35/0.42	['concat', 'index']: UNSAT (0.057 seconds)
0.45/0.48	['concat', 'length']: UNSAT (0.036 seconds)
0.45/0.52	['concat', 'substr']: UNSAT (0.151 seconds)
0.63/0.67	['concat', 'add']: UNSAT (0.037 seconds)
0.69/0.71	['concat', 'sub']: UNSAT (0.036 seconds)
0.69/0.75	['index', 'index']: UNSAT (0.049 seconds)
0.69/0.80	['index', 'length']: UNSAT (0.034 seconds)
0.79/0.83	['index', 'substr']: UNSAT (0.055 seconds)
0.79/0.89	['index', 'add']: UNSAT (0.041 seconds)
0.89/0.93	['index', 'sub']: UNSAT (0.044 seconds)
0.89/0.97	['length', 'length']: UNSAT (0.024 seconds)
0.89/1.00	['length', 'substr']: UNSAT (0.042 seconds)
1.01/1.04	['length', 'add']: UNSAT (0.033 seconds)
1.01/1.08	['length', 'sub']: UNSAT (0.031 seconds)
1.01/1.11	['substr', 'substr']: UNSAT (0.057 seconds)
1.13/1.16	['substr', 'add']: UNSAT (0.046 seconds)
1.19/1.21	['substr', 'sub']: UNSAT (0.047 seconds)
1.19/1.26	['add', 'add']: UNSAT (0.039 seconds)
1.29/1.30	['add', 'sub']: UNSAT (0.038 seconds)
1.29/1.34	['sub', 'sub']: UNSAT (0.038 seconds)
1.29/1.38	['concat', 'concat', 'concat']: UNSAT (0.416 seconds)
1.69/1.80	['concat', 'concat', 'index']: UNSAT (0.073 seconds)
1.79/1.87	['concat', 'concat', 'length']: UNSAT (0.058 seconds)
1.89/1.93	['concat', 'concat', 'substr']: UNSAT (1.150 seconds)
3.02/3.08	['concat', 'concat', 'add']: UNSAT (0.066 seconds)
3.13/3.15	['concat', 'concat', 'sub']: UNSAT (0.087 seconds)
3.19/3.23	['concat', 'index', 'index']: UNSAT (0.096 seconds)
3.29/3.33	['concat', 'index', 'length']: UNSAT (0.076 seconds)
3.39/3.41	['concat', 'index', 'substr']: UNSAT (0.487 seconds)
3.89/3.90	['concat', 'index', 'add']: UNSAT (0.062 seconds)
3.89/3.96	['concat', 'index', 'sub']: UNSAT (0.063 seconds)
3.89/4.02	['concat', 'length', 'length']: UNSAT (0.046 seconds)
4.02/4.07	['concat', 'length', 'substr']: UNSAT (0.097 seconds)
4.13/4.17	['concat', 'length', 'add']: UNSAT (0.046 seconds)
4.19/4.22	['concat', 'length', 'sub']: UNSAT (0.047 seconds)
4.19/4.26	['concat', 'substr', 'substr']: UNSAT (0.156 seconds)
4.39/4.42	['concat', 'substr', 'add']: UNSAT (0.094 seconds)
4.49/4.52	['concat', 'substr', 'sub']: SAT (0.375 seconds)
4.79/4.89	concat(substr(arg0, sub(30, 30), 30), '...')
