0.12/0.19	=== Examples (../../dataset/examples/examples-68.json)
0.12/0.19	IO(inputs=(' smith - doe ',), output='smith')
0.12/0.19	IO(inputs=('  spelled-out',), output='spelled')
0.12/0.19	IO(inputs=('32-foot  ',), output='32')
0.12/0.19	=== Library
0.12/0.19	concat
0.12/0.19	index
0.12/0.19	length
0.12/0.19	substr
0.12/0.19	add
0.12/0.19	sub
0.12/0.19	=== Synthesis
0.12/0.19	['concat']: UNSAT (0.030 seconds)
0.12/0.22	['index']: UNSAT (0.031 seconds)
0.12/0.26	['length']: UNSAT (0.021 seconds)
0.12/0.28	['substr']: UNSAT (0.033 seconds)
0.12/0.31	['add']: UNSAT (0.026 seconds)
0.31/0.34	['sub']: UNSAT (0.026 seconds)
0.31/0.37	['concat', 'concat']: UNSAT (0.056 seconds)
0.41/0.42	['concat', 'index']: UNSAT (0.055 seconds)
0.45/0.48	['concat', 'length']: UNSAT (0.040 seconds)
0.45/0.52	['concat', 'substr']: UNSAT (0.074 seconds)
0.56/0.60	['concat', 'add']: UNSAT (0.033 seconds)
0.56/0.63	['concat', 'sub']: UNSAT (0.034 seconds)
0.63/0.66	['index', 'index']: UNSAT (0.047 seconds)
0.69/0.71	['index', 'length']: UNSAT (0.033 seconds)
0.69/0.75	['index', 'substr']: UNSAT (0.095 seconds)
0.79/0.84	['index', 'add']: UNSAT (0.040 seconds)
0.79/0.88	['index', 'sub']: UNSAT (0.040 seconds)
0.89/0.92	['length', 'length']: UNSAT (0.023 seconds)
0.89/0.95	['length', 'substr']: UNSAT (0.038 seconds)
0.89/0.99	['length', 'add']: UNSAT (0.031 seconds)
0.89/1.02	['length', 'sub']: UNSAT (0.030 seconds)
1.03/1.05	['substr', 'substr']: UNSAT (0.052 seconds)
1.03/1.10	['substr', 'add']: UNSAT (0.046 seconds)
1.14/1.15	['substr', 'sub']: UNSAT (0.044 seconds)
1.14/1.19	['add', 'add']: UNSAT (0.038 seconds)
1.19/1.23	['add', 'sub']: UNSAT (0.036 seconds)
1.19/1.27	['sub', 'sub']: UNSAT (0.037 seconds)
1.29/1.31	['concat', 'concat', 'concat']: UNSAT (0.152 seconds)
1.39/1.46	['concat', 'concat', 'index']: UNSAT (0.068 seconds)
1.49/1.53	['concat', 'concat', 'length']: UNSAT (0.052 seconds)
1.49/1.58	['concat', 'concat', 'substr']: UNSAT (0.307 seconds)
1.79/1.89	['concat', 'concat', 'add']: UNSAT (0.054 seconds)
1.89/1.94	['concat', 'concat', 'sub']: UNSAT (0.055 seconds)
1.89/2.00	['concat', 'index', 'index']: UNSAT (0.079 seconds)
2.03/2.08	['concat', 'index', 'length']: UNSAT (0.057 seconds)
2.03/2.14	['concat', 'index', 'substr']: UNSAT (3.584 seconds)
5.69/5.72	['concat', 'index', 'add']: UNSAT (0.060 seconds)
5.69/5.78	['concat', 'index', 'sub']: UNSAT (0.061 seconds)
5.79/5.84	['concat', 'length', 'length']: UNSAT (0.045 seconds)
5.79/5.89	['concat', 'length', 'substr']: UNSAT (0.100 seconds)
5.89/5.99	['concat', 'length', 'add']: UNSAT (0.045 seconds)
5.89/6.04	['concat', 'length', 'sub']: UNSAT (0.045 seconds)
6.02/6.08	['concat', 'substr', 'substr']: UNSAT (0.200 seconds)
6.19/6.28	['concat', 'substr', 'add']: UNSAT (0.094 seconds)
6.29/6.38	['concat', 'substr', 'sub']: UNSAT (0.080 seconds)
6.39/6.46	['concat', 'add', 'add']: UNSAT (0.053 seconds)
6.49/6.51	['concat', 'add', 'sub']: UNSAT (0.054 seconds)
6.49/6.57	['concat', 'sub', 'sub']: UNSAT (0.054 seconds)
6.60/6.62	['index', 'index', 'index']: UNSAT (0.078 seconds)
6.69/6.70	['index', 'index', 'length']: UNSAT (0.061 seconds)
6.69/6.76	['index', 'index', 'substr']: UNSAT (0.863 seconds)
7.60/7.63	['index', 'index', 'add']: UNSAT (0.071 seconds)
7.69/7.70	['index', 'index', 'sub']: UNSAT (0.070 seconds)
7.69/7.77	['index', 'length', 'length']: UNSAT (0.047 seconds)
7.79/7.81	['index', 'length', 'substr']: UNSAT (0.274 seconds)
8.02/8.09	['index', 'length', 'add']: UNSAT (0.055 seconds)
8.13/8.15	['index', 'length', 'sub']: UNSAT (0.056 seconds)
8.19/8.20	['index', 'substr', 'substr']: UNSAT (0.739 seconds)
8.88/8.94	['index', 'substr', 'add']: UNSAT (0.221 seconds)
9.13/9.16	['index', 'substr', 'sub']: UNSAT (0.918 seconds)
10.02/10.08	['index', 'add', 'add']: UNSAT (0.066 seconds)
10.13/10.15	['index', 'add', 'sub']: UNSAT (0.065 seconds)
10.18/10.22	['index', 'sub', 'sub']: UNSAT (0.067 seconds)
10.18/10.28	['length', 'length', 'length']: UNSAT (0.035 seconds)
10.28/10.32	['length', 'length', 'substr']: UNSAT (0.058 seconds)
10.28/10.38	['length', 'length', 'add']: UNSAT (0.037 seconds)
10.38/10.42	['length', 'length', 'sub']: UNSAT (0.039 seconds)
10.38/10.46	['length', 'substr', 'substr']: UNSAT (0.128 seconds)
10.48/10.59	['length', 'substr', 'add']: UNSAT (0.076 seconds)
10.60/10.66	['length', 'substr', 'sub']: UNSAT (0.080 seconds)
10.68/10.74	['length', 'add', 'add']: UNSAT (0.049 seconds)
10.68/10.79	['length', 'add', 'sub']: UNSAT (0.048 seconds)
10.78/10.84	['length', 'sub', 'sub']: UNSAT (0.049 seconds)
10.78/10.89	['substr', 'substr', 'substr']: UNSAT (0.107 seconds)
10.88/11.00	['substr', 'substr', 'add']: UNSAT (0.101 seconds)
11.02/11.10	['substr', 'substr', 'sub']: UNSAT (0.089 seconds)
11.13/11.19	['substr', 'add', 'add']: UNSAT (0.111 seconds)
11.28/11.30	['substr', 'add', 'sub']: UNSAT (0.106 seconds)
11.38/11.41	['substr', 'sub', 'sub']: UNSAT (0.089 seconds)
11.48/11.50	['add', 'add', 'add']: UNSAT (0.061 seconds)
11.48/11.56	['add', 'add', 'sub']: UNSAT (0.062 seconds)
11.60/11.63	['add', 'sub', 'sub']: UNSAT (0.061 seconds)
11.60/11.69	['sub', 'sub', 'sub']: UNSAT (0.062 seconds)
11.68/11.75	['concat', 'concat', 'concat', 'concat']: UNSAT (0.299 seconds)
12.02/12.05	['concat', 'concat', 'concat', 'index']: UNSAT (0.101 seconds)
12.13/12.15	['concat', 'concat', 'concat', 'length']: UNSAT (0.083 seconds)
12.18/12.24	['concat', 'concat', 'concat', 'substr']: UNSAT (3.493 seconds)
15.68/15.73	['concat', 'concat', 'concat', 'add']: UNSAT (0.084 seconds)
15.78/15.82	['concat', 'concat', 'concat', 'sub']: UNSAT (0.087 seconds)
15.88/15.90	['concat', 'concat', 'index', 'index']: UNSAT (0.113 seconds)
15.88/16.02	['concat', 'concat', 'index', 'length']: UNSAT (0.089 seconds)
16.02/16.11	['concat', 'concat', 'index', 'substr']: UNSAT (31.209 seconds)
47.28/47.32	['concat', 'concat', 'index', 'add']: UNSAT (0.088 seconds)
47.38/47.41	['concat', 'concat', 'index', 'sub']: UNSAT (0.089 seconds)
47.48/47.50	['concat', 'concat', 'length', 'length']: UNSAT (0.070 seconds)
47.48/47.57	['concat', 'concat', 'length', 'substr']: UNSAT (1.933 seconds)
49.48/49.50	['concat', 'concat', 'length', 'add']: UNSAT (0.070 seconds)
49.48/49.57	['concat', 'concat', 'length', 'sub']: UNSAT (0.072 seconds)
49.60/49.65	['concat', 'concat', 'substr', 'substr']: UNSAT (4.257 seconds)
53.89/53.90	['concat', 'concat', 'substr', 'add']: UNSAT (1.001 seconds)
54.89/54.91	['concat', 'concat', 'substr', 'sub']: UNSAT (0.316 seconds)
55.19/55.22	['concat', 'concat', 'add', 'add']: UNSAT (0.076 seconds)
55.29/55.30	['concat', 'concat', 'add', 'sub']: UNSAT (0.076 seconds)
55.29/55.38	['concat', 'concat', 'sub', 'sub']: UNSAT (0.083 seconds)
55.39/55.46	['concat', 'index', 'index', 'index']: UNSAT (0.114 seconds)
55.49/55.58	['concat', 'index', 'index', 'length']: UNSAT (0.091 seconds)
55.61/55.67	['concat', 'index', 'index', 'substr']: UNKNOWN (447.288 seconds)
502.87/502.96	Reason: smt tactic failed to show goal to be sat/unsat max-conflicts-reached
502.87/502.96	Reason: smt tactic failed to show goal to be sat/unsat max-conflicts-reached
502.87/502.96	['concat', 'index', 'index', 'add']: UNSAT (0.100 seconds)
503.00/503.06	['concat', 'index', 'index', 'sub']: UNSAT (0.100 seconds)
503.12/503.16	['concat', 'index', 'length', 'length']: UNSAT (0.076 seconds)
503.17/503.24	['concat', 'index', 'length', 'substr']: UNSAT (4.738 seconds)
507.87/507.98	['concat', 'index', 'length', 'add']: UNSAT (0.077 seconds)
508.00/508.05	['concat', 'index', 'length', 'sub']: UNSAT (0.082 seconds)
508.00/508.14	['concat', 'index', 'substr', 'substr']: UNSAT (17.950 seconds)
526.00/526.09	['concat', 'index', 'substr', 'add']: UNSAT (10.433 seconds)
536.47/536.52	['concat', 'index', 'substr', 'sub']: UNSAT (11.397 seconds)
547.87/547.92	['concat', 'index', 'add', 'add']: UNSAT (0.089 seconds)
547.87/548.01	['concat', 'index', 'add', 'sub']: UNSAT (0.091 seconds)
548.00/548.10	['concat', 'index', 'sub', 'sub']: UNSAT (0.092 seconds)
548.11/548.19	['concat', 'length', 'length', 'length']: UNSAT (0.060 seconds)
548.17/548.26	['concat', 'length', 'length', 'substr']: UNSAT (0.193 seconds)
548.37/548.45	['concat', 'length', 'length', 'add']: UNSAT (0.065 seconds)
548.47/548.52	['concat', 'length', 'length', 'sub']: UNSAT (0.065 seconds)
548.47/548.58	['concat', 'length', 'substr', 'substr']: UNSAT (2.136 seconds)
550.67/550.72	['concat', 'length', 'substr', 'add']: UNSAT (0.433 seconds)
551.11/551.15	['concat', 'length', 'substr', 'sub']: UNSAT (0.375 seconds)
551.47/551.53	['concat', 'length', 'add', 'add']: UNSAT (0.072 seconds)
551.57/551.60	['concat', 'length', 'add', 'sub']: UNSAT (0.073 seconds)
551.57/551.67	['concat', 'length', 'sub', 'sub']: UNSAT (0.070 seconds)
551.67/551.75	['concat', 'substr', 'substr', 'substr']: UNSAT (0.887 seconds)
552.57/552.63	['concat', 'substr', 'substr', 'add']: UNSAT (1.340 seconds)
553.87/553.97	['concat', 'substr', 'substr', 'sub']: UNSAT (0.655 seconds)
554.57/554.63	['concat', 'substr', 'add', 'add']: UNSAT (0.520 seconds)
555.11/555.15	['concat', 'substr', 'add', 'sub']: UNSAT (0.350 seconds)
555.47/555.50	['concat', 'substr', 'sub', 'sub']: UNSAT (0.320 seconds)
555.77/555.82	['concat', 'add', 'add', 'add']: UNSAT (0.088 seconds)
555.87/555.91	['concat', 'add', 'add', 'sub']: UNSAT (0.135 seconds)
556.00/556.05	['concat', 'add', 'sub', 'sub']: UNSAT (0.089 seconds)
556.11/556.14	['concat', 'sub', 'sub', 'sub']: UNSAT (0.089 seconds)
556.17/556.23	['index', 'index', 'index', 'index']: UNSAT (0.123 seconds)
556.27/556.36	['index', 'index', 'index', 'length']: UNSAT (0.101 seconds)
556.37/556.46	['index', 'index', 'index', 'substr']: UNSAT (4.142 seconds)
560.57/560.60	['index', 'index', 'index', 'add']: UNSAT (0.111 seconds)
560.67/560.71	['index', 'index', 'index', 'sub']: UNSAT (0.116 seconds)
560.77/560.83	['index', 'index', 'length', 'length']: UNSAT (0.080 seconds)
560.87/560.91	['index', 'index', 'length', 'substr']: UNSAT (11.891 seconds)
572.77/572.80	['index', 'index', 'length', 'add']: UNSAT (0.091 seconds)
572.77/572.89	['index', 'index', 'length', 'sub']: UNSAT (0.089 seconds)
572.87/572.98	['index', 'index', 'substr', 'substr']: 