0.11/0.21	=== Examples (../../dataset/examples/examples-23.json)
0.11/0.21	IO(inputs=('Nam quis purus massa metus.',), output='Nam q...')
0.11/0.21	IO(inputs=('Hey.',), output='Hey....')
0.11/0.21	IO(inputs=('Praesent',), output='Praes...')
0.11/0.21	=== Library
0.11/0.21	concat
0.11/0.21	index
0.11/0.21	length
0.11/0.21	substr
0.11/0.21	add
0.11/0.21	sub
0.11/0.21	=== Synthesis
0.11/0.21	['concat']: UNSAT (0.024 seconds)
0.11/0.23	['index']: UNSAT (0.032 seconds)
0.11/0.27	['length']: UNSAT (0.025 seconds)
0.26/0.29	['substr']: UNSAT (0.027 seconds)
0.26/0.32	['add']: UNSAT (0.022 seconds)
0.26/0.34	['sub']: UNSAT (0.037 seconds)
0.26/0.38	['concat', 'concat']: UNSAT (0.059 seconds)
0.36/0.44	['concat', 'index']: UNSAT (0.054 seconds)
0.36/0.50	['concat', 'length']: UNSAT (0.038 seconds)
0.48/0.53	['concat', 'substr']: UNSAT (0.093 seconds)
0.54/0.63	['concat', 'add']: UNSAT (0.033 seconds)
0.62/0.66	['concat', 'sub']: UNSAT (0.033 seconds)
0.62/0.70	['index', 'index']: UNSAT (0.048 seconds)
0.68/0.74	['index', 'length']: UNSAT (0.033 seconds)
0.68/0.78	['index', 'substr']: UNSAT (0.051 seconds)
0.78/0.83	['index', 'add']: UNSAT (0.040 seconds)
0.78/0.87	['index', 'sub']: UNSAT (0.040 seconds)
0.88/0.91	['length', 'length']: UNSAT (0.024 seconds)
0.88/0.94	['length', 'substr']: UNSAT (0.038 seconds)
0.88/0.97	['length', 'add']: UNSAT (0.035 seconds)
0.88/1.01	['length', 'sub']: UNSAT (0.039 seconds)
1.00/1.05	['substr', 'substr']: UNSAT (0.055 seconds)
1.00/1.11	['substr', 'add']: UNSAT (0.042 seconds)
1.12/1.15	['substr', 'sub']: UNSAT (0.062 seconds)
1.18/1.21	['add', 'add']: UNSAT (0.037 seconds)
1.18/1.25	['add', 'sub']: UNSAT (0.040 seconds)
1.18/1.29	['sub', 'sub']: UNSAT (0.036 seconds)
1.28/1.33	['concat', 'concat', 'concat']: UNSAT (0.186 seconds)
1.49/1.51	['concat', 'concat', 'index']: UNSAT (0.068 seconds)
1.49/1.58	['concat', 'concat', 'length']: UNSAT (0.052 seconds)
1.59/1.64	['concat', 'concat', 'substr']: UNSAT (0.503 seconds)
2.13/2.14	['concat', 'concat', 'add']: UNSAT (0.072 seconds)
2.19/2.21	['concat', 'concat', 'sub']: UNSAT (0.053 seconds)
2.19/2.26	['concat', 'index', 'index']: UNSAT (0.072 seconds)
2.29/2.34	['concat', 'index', 'length']: UNSAT (0.074 seconds)
2.39/2.41	['concat', 'index', 'substr']: UNSAT (0.252 seconds)
2.59/2.66	['concat', 'index', 'add']: UNSAT (0.060 seconds)
2.69/2.73	['concat', 'index', 'sub']: UNSAT (0.061 seconds)
2.69/2.79	['concat', 'length', 'length']: UNSAT (0.041 seconds)
2.79/2.83	['concat', 'length', 'substr']: UNSAT (0.109 seconds)
2.89/2.94	['concat', 'length', 'add']: UNSAT (0.045 seconds)
2.89/2.99	['concat', 'length', 'sub']: UNSAT (0.065 seconds)
3.01/3.05	['concat', 'substr', 'substr']: UNSAT (0.196 seconds)
3.19/3.25	['concat', 'substr', 'add']: UNSAT (0.107 seconds)
3.29/3.36	['concat', 'substr', 'sub']: SAT (0.200 seconds)
3.49/3.56	concat(substr(arg0, sub(5, 5), 5), '...')
