0.12/0.20	=== Examples (../../dataset/examples/examples-87.json)
0.12/0.20	IO(inputs=('https://outsystems.com',), output='outsystems')
0.12/0.20	IO(inputs=('http://cmu.edu',), output='cmu')
0.12/0.20	IO(inputs=('http://tecnico.ulisboa.pt',), output='tecnico')
0.12/0.20	=== Library
0.12/0.20	concat
0.12/0.20	index
0.12/0.20	length
0.12/0.20	substr
0.12/0.20	add
0.12/0.20	sub
0.12/0.20	=== Synthesis
0.12/0.20	['concat']: UNSAT (0.031 seconds)
0.12/0.23	['index']: UNSAT (0.030 seconds)
0.12/0.26	['length']: UNSAT (0.021 seconds)
0.26/0.28	['substr']: UNSAT (0.033 seconds)
0.26/0.31	['add']: UNSAT (0.026 seconds)
0.26/0.34	['sub']: UNSAT (0.026 seconds)
0.35/0.37	['concat', 'concat']: UNSAT (0.058 seconds)
0.35/0.43	['concat', 'index']: UNSAT (0.054 seconds)
0.44/0.48	['concat', 'length']: UNSAT (0.041 seconds)
0.44/0.52	['concat', 'substr']: UNSAT (0.103 seconds)
0.56/0.63	['concat', 'add']: UNSAT (0.043 seconds)
0.63/0.67	['concat', 'sub']: UNSAT (0.040 seconds)
0.69/0.71	['index', 'index']: UNSAT (0.046 seconds)
0.69/0.76	['index', 'length']: UNSAT (0.033 seconds)
0.69/0.79	['index', 'substr']: UNSAT (0.232 seconds)
0.89/1.03	['index', 'add']: UNSAT (0.041 seconds)
1.02/1.07	['index', 'sub']: UNSAT (0.040 seconds)
1.02/1.11	['length', 'length']: UNSAT (0.025 seconds)
1.02/1.13	['length', 'substr']: UNSAT (0.040 seconds)
1.13/1.17	['length', 'add']: UNSAT (0.028 seconds)
1.19/1.20	['length', 'sub']: UNSAT (0.030 seconds)
1.19/1.23	['substr', 'substr']: UNSAT (0.051 seconds)
1.19/1.29	['substr', 'add']: UNSAT (0.061 seconds)
1.29/1.35	['substr', 'sub']: UNSAT (0.045 seconds)
1.29/1.39	['add', 'add']: UNSAT (0.039 seconds)
1.39/1.43	['add', 'sub']: UNSAT (0.037 seconds)
1.39/1.47	['sub', 'sub']: UNSAT (0.037 seconds)
1.49/1.51	['concat', 'concat', 'concat']: UNSAT (0.203 seconds)
1.69/1.71	['concat', 'concat', 'index']: UNSAT (0.069 seconds)
1.69/1.78	['concat', 'concat', 'length']: UNSAT (0.056 seconds)
1.79/1.84	['concat', 'concat', 'substr']: UNSAT (0.325 seconds)
2.13/2.17	['concat', 'concat', 'add']: UNSAT (0.055 seconds)
2.19/2.22	['concat', 'concat', 'sub']: UNSAT (0.055 seconds)
2.19/2.28	['concat', 'index', 'index']: UNSAT (0.075 seconds)
2.29/2.35	['concat', 'index', 'length']: UNSAT (0.059 seconds)
2.39/2.41	['concat', 'index', 'substr']: UNSAT (5.432 seconds)
7.79/7.85	['concat', 'index', 'add']: UNSAT (0.062 seconds)
7.88/7.91	['concat', 'index', 'sub']: UNSAT (0.062 seconds)
7.88/7.97	['concat', 'length', 'length']: UNSAT (0.045 seconds)
7.88/8.02	['concat', 'length', 'substr']: UNSAT (0.118 seconds)
8.02/8.14	['concat', 'length', 'add']: UNSAT (0.044 seconds)
8.13/8.18	['concat', 'length', 'sub']: UNSAT (0.044 seconds)
8.18/8.23	['concat', 'substr', 'substr']: UNSAT (0.183 seconds)
8.38/8.41	['concat', 'substr', 'add']: UNSAT (0.108 seconds)
8.48/8.52	['concat', 'substr', 'sub']: UNSAT (0.084 seconds)
8.58/8.60	['concat', 'add', 'add']: UNSAT (0.056 seconds)
8.58/8.66	['concat', 'add', 'sub']: UNSAT (0.055 seconds)
8.68/8.72	['concat', 'sub', 'sub']: UNSAT (0.056 seconds)
8.68/8.77	['index', 'index', 'index']: UNSAT (0.080 seconds)
8.78/8.86	['index', 'index', 'length']: UNSAT (0.063 seconds)
8.88/8.92	['index', 'index', 'substr']: UNSAT (1.319 seconds)
10.18/10.24	['index', 'index', 'add']: UNSAT (0.069 seconds)
10.28/10.31	['index', 'index', 'sub']: UNSAT (0.071 seconds)
10.28/10.38	['index', 'length', 'length']: UNSAT (0.046 seconds)
10.38/10.43	['index', 'length', 'substr']: UNSAT (0.849 seconds)
11.18/11.28	['index', 'length', 'add']: UNSAT (0.053 seconds)
11.28/11.33	['index', 'length', 'sub']: UNSAT (0.051 seconds)
11.28/11.38	['index', 'substr', 'substr']: UNSAT (3.728 seconds)
15.01/15.11	['index', 'substr', 'add']: UNSAT (0.466 seconds)
15.49/15.58	['index', 'substr', 'sub']: UNSAT (1.284 seconds)
16.79/16.86	['index', 'add', 'add']: UNSAT (0.075 seconds)
16.89/16.94	['index', 'add', 'sub']: UNSAT (0.068 seconds)
16.89/17.01	['index', 'sub', 'sub']: UNSAT (0.068 seconds)
17.01/17.08	['length', 'length', 'length']: UNSAT (0.037 seconds)
17.01/17.12	['length', 'length', 'substr']: UNSAT (0.058 seconds)
17.13/17.18	['length', 'length', 'add']: UNSAT (0.043 seconds)
17.19/17.22	['length', 'length', 'sub']: UNSAT (0.041 seconds)
17.19/17.26	['length', 'substr', 'substr']: UNSAT (0.163 seconds)
17.39/17.43	['length', 'substr', 'add']: UNSAT (0.085 seconds)
17.49/17.51	['length', 'substr', 'sub']: UNSAT (0.086 seconds)
17.59/17.60	['length', 'add', 'add']: UNSAT (0.052 seconds)
17.59/17.65	['length', 'add', 'sub']: UNSAT (0.053 seconds)
17.69/17.71	['length', 'sub', 'sub']: UNSAT (0.052 seconds)
17.69/17.76	['substr', 'substr', 'substr']: UNSAT (0.125 seconds)
17.79/17.88	['substr', 'substr', 'add']: UNSAT (0.109 seconds)
17.89/17.99	['substr', 'substr', 'sub']: UNSAT (0.104 seconds)
18.01/18.10	['substr', 'add', 'add']: UNSAT (0.123 seconds)
18.19/18.22	['substr', 'add', 'sub']: UNSAT (0.102 seconds)
18.29/18.33	['substr', 'sub', 'sub']: UNSAT (0.098 seconds)
18.38/18.42	['add', 'add', 'add']: UNSAT (0.065 seconds)
18.38/18.49	['add', 'add', 'sub']: UNSAT (0.065 seconds)
18.48/18.56	['add', 'sub', 'sub']: UNSAT (0.065 seconds)
18.58/18.62	['sub', 'sub', 'sub']: UNSAT (0.064 seconds)
18.58/18.69	['concat', 'concat', 'concat', 'concat']: UNSAT (0.561 seconds)
19.18/19.25	['concat', 'concat', 'concat', 'index']: UNSAT (0.107 seconds)
19.28/19.36	['concat', 'concat', 'concat', 'length']: UNSAT (0.089 seconds)
19.38/19.45	['concat', 'concat', 'concat', 'substr']: UNSAT (32.723 seconds)
52.12/52.17	['concat', 'concat', 'concat', 'add']: UNSAT (0.085 seconds)
52.18/52.26	['concat', 'concat', 'concat', 'sub']: UNSAT (0.083 seconds)
52.28/52.34	['concat', 'concat', 'index', 'index']: UNSAT (0.109 seconds)
52.38/52.45	['concat', 'concat', 'index', 'length']: UNSAT (0.091 seconds)
52.48/52.55	['concat', 'concat', 'index', 'substr']: UNSAT (25.982 seconds)
78.48/78.53	['concat', 'concat', 'index', 'add']: UNSAT (0.094 seconds)
78.58/78.62	['concat', 'concat', 'index', 'sub']: UNSAT (0.095 seconds)
78.68/78.72	['concat', 'concat', 'length', 'length']: UNSAT (0.072 seconds)
78.68/78.79	['concat', 'concat', 'length', 'substr']: UNSAT (2.216 seconds)
80.88/81.01	['concat', 'concat', 'length', 'add']: UNSAT (0.075 seconds)
81.01/81.09	['concat', 'concat', 'length', 'sub']: UNSAT (0.077 seconds)
81.12/81.16	['concat', 'concat', 'substr', 'substr']: UNSAT (5.858 seconds)
86.88/87.02	['concat', 'concat', 'substr', 'add']: UNSAT (1.010 seconds)
88.01/88.03	['concat', 'concat', 'substr', 'sub']: UNSAT (0.325 seconds)
88.28/88.36	['concat', 'concat', 'add', 'add']: UNSAT (0.081 seconds)
88.38/88.44	['concat', 'concat', 'add', 'sub']: UNSAT (0.081 seconds)
88.48/88.53	['concat', 'concat', 'sub', 'sub']: UNSAT (0.096 seconds)
88.59/88.62	['concat', 'index', 'index', 'index']: UNSAT (0.116 seconds)
88.69/88.74	['concat', 'index', 'index', 'length']: UNSAT (0.095 seconds)
88.79/88.84	['concat', 'index', 'index', 'substr']: 