0.00/0.20	=== Examples (../../dataset/examples/examples-26.json)
0.00/0.20	IO(inputs=('Nullam elementum, nisi ut pharetra molestie, mauris nisl accumsan magna orci aliquam.',), output='Nullam elementum, nisi ut pharetra molestie, mauris nisl accumsan magna orci ali...')
0.00/0.20	IO(inputs=('Nulla scelerisque purus quis felis ullamcorper, eget euismod sapien nullam.',), output='Nulla scelerisque purus quis felis ullamcorper, eget euismod sapien nullam....')
0.00/0.20	IO(inputs=('Pellentesque habitant morbi tristique senectus id.',), output='Pellentesque habitant morbi tristique senectus id....')
0.00/0.20	=== Library
0.00/0.20	concat
0.00/0.20	index
0.00/0.20	length
0.00/0.20	substr
0.00/0.20	add
0.00/0.20	sub
0.00/0.20	=== Synthesis
0.00/0.20	['concat']: UNSAT (0.034 seconds)
0.19/0.23	['index']: UNSAT (0.031 seconds)
0.19/0.27	['length']: UNSAT (0.022 seconds)
0.19/0.29	['substr']: UNSAT (0.038 seconds)
0.19/0.33	['add']: UNSAT (0.028 seconds)
0.19/0.35	['sub']: UNSAT (0.027 seconds)
0.19/0.38	['concat', 'concat']: UNSAT (0.069 seconds)
0.38/0.45	['concat', 'index']: UNSAT (0.057 seconds)
0.38/0.51	['concat', 'length']: UNSAT (0.042 seconds)
0.38/0.55	['concat', 'substr']: UNSAT (0.214 seconds)
0.58/0.77	['concat', 'add']: UNSAT (0.036 seconds)
0.80/0.81	['concat', 'sub']: UNSAT (0.037 seconds)
0.80/0.84	['index', 'index']: UNSAT (0.050 seconds)
0.80/0.89	['index', 'length']: UNSAT (0.036 seconds)
0.80/0.93	['index', 'substr']: UNSAT (0.058 seconds)
0.96/0.99	['index', 'add']: UNSAT (0.044 seconds)
0.99/1.03	['index', 'sub']: UNSAT (0.042 seconds)
0.99/1.08	['length', 'length']: UNSAT (0.025 seconds)
1.09/1.10	['length', 'substr']: UNSAT (0.043 seconds)
1.09/1.15	['length', 'add']: UNSAT (0.030 seconds)
1.09/1.18	['length', 'sub']: UNSAT (0.031 seconds)
1.19/1.21	['substr', 'substr']: UNSAT (0.058 seconds)
1.19/1.27	['substr', 'add']: UNSAT (0.048 seconds)
1.19/1.32	['substr', 'sub']: UNSAT (0.049 seconds)
1.19/1.37	['add', 'add']: UNSAT (0.040 seconds)
1.36/1.41	['add', 'sub']: UNSAT (0.039 seconds)
1.36/1.45	['sub', 'sub']: UNSAT (0.039 seconds)
1.46/1.49	['concat', 'concat', 'concat']: UNSAT (0.751 seconds)
2.19/2.24	['concat', 'concat', 'index']: UNSAT (0.079 seconds)
2.19/2.32	['concat', 'concat', 'length']: UNSAT (0.066 seconds)
2.19/2.39	['concat', 'concat', 'substr']: UNSAT (0.409 seconds)
2.79/2.80	['concat', 'concat', 'add']: UNSAT (0.056 seconds)
2.79/2.85	['concat', 'concat', 'sub']: UNSAT (0.059 seconds)
2.89/2.91	['concat', 'index', 'index']: UNSAT (0.079 seconds)
2.89/2.99	['concat', 'index', 'length']: UNSAT (0.060 seconds)
2.98/3.05	['concat', 'index', 'substr']: UNSAT (1.322 seconds)
4.36/4.38	['concat', 'index', 'add']: UNSAT (0.063 seconds)
4.36/4.44	['concat', 'index', 'sub']: UNSAT (0.063 seconds)
4.49/4.51	['concat', 'length', 'length']: UNSAT (0.044 seconds)
4.49/4.55	['concat', 'length', 'substr']: UNSAT (0.109 seconds)
4.59/4.66	['concat', 'length', 'add']: UNSAT (0.047 seconds)
4.69/4.71	['concat', 'length', 'sub']: UNSAT (0.047 seconds)
4.69/4.75	['concat', 'substr', 'substr']: UNSAT (0.172 seconds)
4.89/4.93	['concat', 'substr', 'add']: UNSAT (0.106 seconds)
4.99/5.04	['concat', 'substr', 'sub']: SAT (0.432 seconds)
5.46/5.47	concat(substr(arg0, sub(80, 80), 80), '...')
