0.10/0.19	=== Examples (../../dataset/examples/examples-59.json)
0.10/0.19	IO(inputs=('who cares about the last ones...',), output='who cares about the last ones.')
0.10/0.19	IO(inputs=('just let them die!!!',), output='just let them die!')
0.10/0.19	IO(inputs=('oh god what have i become!!!',), output='oh god what have i become!')
0.10/0.19	=== Library
0.10/0.19	concat
0.10/0.19	index
0.10/0.19	length
0.10/0.19	substr
0.10/0.19	add
0.10/0.19	sub
0.10/0.19	=== Synthesis
0.10/0.19	['concat']: UNSAT (0.025 seconds)
0.10/0.21	['index']: UNSAT (0.024 seconds)
0.10/0.24	['length']: UNSAT (0.017 seconds)
0.10/0.25	['substr']: UNSAT (0.029 seconds)
0.24/0.28	['add']: UNSAT (0.022 seconds)
0.24/0.31	['sub']: UNSAT (0.023 seconds)
0.24/0.33	['concat', 'concat']: UNSAT (0.050 seconds)
0.34/0.38	['concat', 'index']: UNSAT (0.044 seconds)
0.34/0.43	['concat', 'length']: UNSAT (0.033 seconds)
0.34/0.46	['concat', 'substr']: UNSAT (0.116 seconds)
0.53/0.58	['concat', 'add']: UNSAT (0.035 seconds)
0.53/0.61	['concat', 'sub']: UNSAT (0.036 seconds)
0.64/0.65	['index', 'index']: UNSAT (0.049 seconds)
0.69/0.70	['index', 'length']: UNSAT (0.035 seconds)
0.69/0.74	['index', 'substr']: UNSAT (1.362 seconds)
2.00/2.10	['index', 'add']: UNSAT (0.041 seconds)
2.13/2.14	['index', 'sub']: UNSAT (0.040 seconds)
2.13/2.18	['length', 'length']: UNSAT (0.027 seconds)
2.19/2.21	['length', 'substr']: UNSAT (0.051 seconds)
2.19/2.26	['length', 'add']: UNSAT (0.031 seconds)
2.19/2.29	['length', 'sub']: UNSAT (0.029 seconds)
2.29/2.32	['substr', 'substr']: UNSAT (0.056 seconds)
2.29/2.38	['substr', 'add']: UNSAT (0.046 seconds)
2.39/2.43	['substr', 'sub']: UNSAT (0.046 seconds)
2.39/2.47	['add', 'add']: UNSAT (0.039 seconds)
2.49/2.51	['add', 'sub']: UNSAT (0.037 seconds)
2.49/2.55	['sub', 'sub']: UNSAT (0.041 seconds)
2.49/2.59	['concat', 'concat', 'concat']: UNSAT (0.250 seconds)
2.79/2.85	['concat', 'concat', 'index']: UNSAT (0.074 seconds)
2.89/2.92	['concat', 'concat', 'length']: UNSAT (0.054 seconds)
2.89/2.98	['concat', 'concat', 'substr']: UNSAT (0.347 seconds)
3.29/3.32	['concat', 'concat', 'add']: UNSAT (0.055 seconds)
3.29/3.38	['concat', 'concat', 'sub']: UNSAT (0.054 seconds)
3.39/3.43	['concat', 'index', 'index']: UNSAT (0.077 seconds)
3.49/3.51	['concat', 'index', 'length']: UNSAT (0.059 seconds)
3.49/3.57	['concat', 'index', 'substr']: UNSAT (351.064 seconds)
354.58/354.64	['concat', 'index', 'add']: UNSAT (0.065 seconds)
354.68/354.70	['concat', 'index', 'sub']: UNSAT (0.064 seconds)
354.68/354.77	['concat', 'length', 'length']: UNSAT (0.044 seconds)
354.78/354.81	['concat', 'length', 'substr']: UNSAT (0.676 seconds)
355.38/355.49	['concat', 'length', 'add']: UNSAT (0.046 seconds)
355.48/355.53	['concat', 'length', 'sub']: UNSAT (0.046 seconds)
355.48/355.58	['concat', 'substr', 'substr']: UNSAT (0.187 seconds)
355.68/355.77	['concat', 'substr', 'add']: UNSAT (0.106 seconds)
355.78/355.88	['concat', 'substr', 'sub']: UNSAT (0.083 seconds)
355.88/355.96	['concat', 'add', 'add']: UNSAT (0.054 seconds)
355.88/356.02	['concat', 'add', 'sub']: UNSAT (0.055 seconds)
355.99/356.07	['concat', 'sub', 'sub']: UNSAT (0.053 seconds)
355.99/356.13	['index', 'index', 'index']: UNSAT (0.078 seconds)
356.18/356.21	['index', 'index', 'length']: UNSAT (0.062 seconds)
356.18/356.27	['index', 'index', 'substr']: 