0.10/0.20	=== Examples (../../dataset/examples/examples-38.json)
0.10/0.20	IO(inputs=('should not be spaced',), output='<span id=should_not_be_spaced > ')
0.10/0.20	IO(inputs=('but underscored',), output='<span id=but_underscored > ')
0.10/0.20	IO(inputs=('cant do anything right',), output='<span id=cant_do_anything_right > ')
0.10/0.20	=== Library
0.10/0.20	concat
0.10/0.20	index
0.10/0.20	length
0.10/0.20	substr
0.10/0.20	add
0.10/0.20	sub
0.10/0.20	=== Synthesis
0.10/0.20	['concat']: UNSAT (0.031 seconds)
0.10/0.23	['index']: UNSAT (0.030 seconds)
0.10/0.26	['length']: UNSAT (0.021 seconds)
0.24/0.28	['substr']: UNSAT (0.036 seconds)
0.24/0.32	['add']: UNSAT (0.027 seconds)
0.24/0.35	['sub']: UNSAT (0.026 seconds)
0.24/0.37	['concat', 'concat']: UNSAT (0.144 seconds)
0.45/0.52	['concat', 'index']: UNSAT (0.054 seconds)
0.45/0.57	['concat', 'length']: UNSAT (0.041 seconds)
0.55/0.61	['concat', 'substr']: UNSAT (0.121 seconds)
0.69/0.74	['concat', 'add']: UNSAT (0.033 seconds)
0.69/0.77	['concat', 'sub']: UNSAT (0.033 seconds)
0.79/0.80	['index', 'index']: UNSAT (0.048 seconds)
0.79/0.85	['index', 'length']: UNSAT (0.033 seconds)
0.79/0.89	['index', 'substr']: UNSAT (0.050 seconds)
0.89/0.94	['index', 'add']: UNSAT (0.039 seconds)
0.89/0.98	['index', 'sub']: UNSAT (0.040 seconds)
0.89/1.02	['length', 'length']: UNSAT (0.026 seconds)
0.89/1.04	['length', 'substr']: UNSAT (0.037 seconds)
1.01/1.08	['length', 'add']: UNSAT (0.028 seconds)
1.01/1.11	['length', 'sub']: UNSAT (0.027 seconds)
1.01/1.14	['substr', 'substr']: UNSAT (0.049 seconds)
1.14/1.19	['substr', 'add']: UNSAT (0.042 seconds)
1.19/1.23	['substr', 'sub']: UNSAT (0.042 seconds)
1.19/1.27	['add', 'add']: UNSAT (0.039 seconds)
1.29/1.31	['add', 'sub']: UNSAT (0.037 seconds)
1.29/1.35	['sub', 'sub']: UNSAT (0.036 seconds)
1.29/1.39	['concat', 'concat', 'concat']: UNSAT (1.320 seconds)
2.68/2.71	['concat', 'concat', 'index']: UNSAT (0.068 seconds)
2.68/2.78	['concat', 'concat', 'length']: UNSAT (0.054 seconds)
2.78/2.83	['concat', 'concat', 'substr']: UNSAT (0.872 seconds)
3.69/3.70	['concat', 'concat', 'add']: UNSAT (0.057 seconds)
3.69/3.76	['concat', 'concat', 'sub']: UNSAT (0.054 seconds)
3.79/3.82	['concat', 'index', 'index']: UNSAT (0.072 seconds)
3.79/3.89	['concat', 'index', 'length']: UNSAT (0.056 seconds)
3.89/3.95	['concat', 'index', 'substr']: UNSAT (0.642 seconds)
4.49/4.59	['concat', 'index', 'add']: UNSAT (0.061 seconds)
4.59/4.65	['concat', 'index', 'sub']: UNSAT (0.060 seconds)
4.69/4.71	['concat', 'length', 'length']: UNSAT (0.045 seconds)
4.69/4.76	['concat', 'length', 'substr']: UNSAT (0.090 seconds)
4.79/4.85	['concat', 'length', 'add']: UNSAT (0.045 seconds)
4.79/4.89	['concat', 'length', 'sub']: UNSAT (0.046 seconds)
4.89/4.94	['concat', 'substr', 'substr']: UNSAT (0.156 seconds)
5.02/5.10	['concat', 'substr', 'add']: UNSAT (0.089 seconds)
5.17/5.19	['concat', 'substr', 'sub']: UNSAT (0.077 seconds)
5.19/5.27	['concat', 'add', 'add']: UNSAT (0.060 seconds)
5.29/5.33	['concat', 'add', 'sub']: UNSAT (0.055 seconds)
5.29/5.38	['concat', 'sub', 'sub']: UNSAT (0.054 seconds)
5.39/5.44	['index', 'index', 'index']: UNSAT (0.078 seconds)
5.49/5.52	['index', 'index', 'length']: UNSAT (0.063 seconds)
5.49/5.58	['index', 'index', 'substr']: UNSAT (0.089 seconds)
5.59/5.67	['index', 'index', 'add']: UNSAT (0.068 seconds)
5.69/5.74	['index', 'index', 'sub']: UNSAT (0.071 seconds)
5.79/5.81	['index', 'length', 'length']: UNSAT (0.046 seconds)
5.79/5.86	['index', 'length', 'substr']: UNSAT (0.070 seconds)
5.89/5.93	['index', 'length', 'add']: UNSAT (0.051 seconds)
5.89/5.98	['index', 'length', 'sub']: UNSAT (0.060 seconds)
5.89/6.04	['index', 'substr', 'substr']: UNSAT (0.133 seconds)
6.16/6.17	['index', 'substr', 'add']: UNSAT (0.095 seconds)
6.19/6.27	['index', 'substr', 'sub']: UNSAT (0.081 seconds)
6.29/6.35	['index', 'add', 'add']: UNSAT (0.065 seconds)
6.39/6.42	['index', 'add', 'sub']: UNSAT (0.066 seconds)
6.39/6.49	['index', 'sub', 'sub']: UNSAT (0.070 seconds)
6.49/6.56	['length', 'length', 'length']: UNSAT (0.036 seconds)
6.49/6.59	['length', 'length', 'substr']: UNSAT (0.053 seconds)
6.59/6.65	['length', 'length', 'add']: UNSAT (0.039 seconds)
6.59/6.69	['length', 'length', 'sub']: UNSAT (0.041 seconds)
6.69/6.73	['length', 'substr', 'substr']: UNSAT (0.081 seconds)
6.79/6.81	['length', 'substr', 'add']: UNSAT (0.061 seconds)
6.79/6.87	['length', 'substr', 'sub']: UNSAT (0.060 seconds)
6.89/6.93	['length', 'add', 'add']: UNSAT (0.050 seconds)
6.89/6.99	['length', 'add', 'sub']: UNSAT (0.050 seconds)
6.89/7.04	['length', 'sub', 'sub']: UNSAT (0.050 seconds)
7.02/7.09	['substr', 'substr', 'substr']: UNSAT (0.098 seconds)
7.17/7.19	['substr', 'substr', 'add']: UNSAT (0.079 seconds)
7.19/7.27	['substr', 'substr', 'sub']: UNSAT (0.082 seconds)
7.29/7.35	['substr', 'add', 'add']: UNSAT (0.072 seconds)
7.39/7.42	['substr', 'add', 'sub']: UNSAT (0.072 seconds)
7.49/7.50	['substr', 'sub', 'sub']: UNSAT (0.072 seconds)
7.49/7.57	['add', 'add', 'add']: UNSAT (0.063 seconds)
7.59/7.63	['add', 'add', 'sub']: UNSAT (0.064 seconds)
7.69/7.70	['add', 'sub', 'sub']: UNSAT (0.063 seconds)
7.69/7.76	['sub', 'sub', 'sub']: UNSAT (0.065 seconds)
7.79/7.83	['concat', 'concat', 'concat', 'concat']: 