0.12/0.20	=== Examples (../../dataset/examples/examples-02.json)
0.12/0.20	IO(inputs=('0,1',), output='0, 1')
0.12/0.20	IO(inputs=('a,b,c,d',), output='a, b, c, d')
0.12/0.20	IO(inputs=('1,2,3,4,5,6,7,8,9,10',), output='1, 2, 3, 4, 5, 6, 7, 8, 9, 10')
0.12/0.20	=== Library
0.12/0.20	concat
0.12/0.20	index
0.12/0.20	length
0.12/0.20	substr
0.12/0.20	add
0.12/0.20	sub
0.12/0.20	=== Synthesis
0.12/0.20	['concat']: UNSAT (0.031 seconds)
0.12/0.23	['index']: UNSAT (0.031 seconds)
0.12/0.26	['length']: UNSAT (0.022 seconds)
0.12/0.29	['substr']: UNSAT (0.034 seconds)
0.29/0.32	['add']: UNSAT (0.026 seconds)
0.29/0.35	['sub']: UNSAT (0.027 seconds)
0.29/0.38	['concat', 'concat']: UNSAT (0.088 seconds)
0.39/0.47	['concat', 'index']: UNSAT (0.055 seconds)
0.48/0.52	['concat', 'length']: UNSAT (0.040 seconds)
0.48/0.56	['concat', 'substr']: UNSAT (0.088 seconds)
0.59/0.65	['concat', 'add']: UNSAT (0.041 seconds)
0.66/0.69	['concat', 'sub']: UNSAT (0.035 seconds)
0.69/0.73	['index', 'index']: UNSAT (0.047 seconds)
0.69/0.78	['index', 'length']: UNSAT (0.031 seconds)
0.79/0.81	['index', 'substr']: UNSAT (0.049 seconds)
0.79/0.86	['index', 'add']: UNSAT (0.039 seconds)
0.89/0.90	['index', 'sub']: UNSAT (0.043 seconds)
0.89/0.94	['length', 'length']: UNSAT (0.023 seconds)
0.89/0.97	['length', 'substr']: UNSAT (0.035 seconds)
0.89/1.00	['length', 'add']: UNSAT (0.029 seconds)
0.89/1.03	['length', 'sub']: UNSAT (0.027 seconds)
1.02/1.06	['substr', 'substr']: UNSAT (0.049 seconds)
1.02/1.11	['substr', 'add']: UNSAT (0.042 seconds)
1.15/1.15	['substr', 'sub']: UNSAT (0.041 seconds)
1.15/1.20	['add', 'add']: UNSAT (0.038 seconds)
1.19/1.23	['add', 'sub']: UNSAT (0.035 seconds)
1.19/1.27	['sub', 'sub']: UNSAT (0.037 seconds)
1.29/1.31	['concat', 'concat', 'concat']: UNSAT (0.599 seconds)
1.89/1.91	['concat', 'concat', 'index']: UNSAT (0.065 seconds)
1.89/1.97	['concat', 'concat', 'length']: UNSAT (0.052 seconds)
1.89/2.03	['concat', 'concat', 'substr']: UNSAT (0.286 seconds)
2.29/2.31	['concat', 'concat', 'add']: UNSAT (0.052 seconds)
2.29/2.37	['concat', 'concat', 'sub']: UNSAT (0.053 seconds)
2.39/2.42	['concat', 'index', 'index']: UNSAT (0.072 seconds)
2.39/2.49	['concat', 'index', 'length']: UNSAT (0.056 seconds)
2.49/2.55	['concat', 'index', 'substr']: UNSAT (0.222 seconds)
2.69/2.77	['concat', 'index', 'add']: UNSAT (0.058 seconds)
2.79/2.83	['concat', 'index', 'sub']: UNSAT (0.061 seconds)
2.79/2.89	['concat', 'length', 'length']: UNSAT (0.044 seconds)
2.89/2.94	['concat', 'length', 'substr']: UNSAT (0.086 seconds)
2.89/3.02	['concat', 'length', 'add']: UNSAT (0.046 seconds)
3.04/3.07	['concat', 'length', 'sub']: UNSAT (0.043 seconds)
3.04/3.12	['concat', 'substr', 'substr']: UNSAT (0.129 seconds)
3.19/3.25	['concat', 'substr', 'add']: UNSAT (0.082 seconds)
3.29/3.33	['concat', 'substr', 'sub']: UNSAT (0.069 seconds)
3.39/3.40	['concat', 'add', 'add']: UNSAT (0.053 seconds)
3.39/3.45	['concat', 'add', 'sub']: UNSAT (0.053 seconds)
3.49/3.51	['concat', 'sub', 'sub']: UNSAT (0.051 seconds)
3.49/3.56	['index', 'index', 'index']: UNSAT (0.077 seconds)
3.59/3.63	['index', 'index', 'length']: UNSAT (0.074 seconds)
3.69/3.71	['index', 'index', 'substr']: UNSAT (0.092 seconds)
3.79/3.80	['index', 'index', 'add']: UNSAT (0.064 seconds)
3.79/3.87	['index', 'index', 'sub']: UNSAT (0.069 seconds)
3.89/3.94	['index', 'length', 'length']: UNSAT (0.045 seconds)
3.89/3.98	['index', 'length', 'substr']: UNSAT (0.067 seconds)
3.89/4.05	['index', 'length', 'add']: UNSAT (0.050 seconds)
4.02/4.10	['index', 'length', 'sub']: UNSAT (0.052 seconds)
4.02/4.16	['index', 'substr', 'substr']: UNSAT (0.109 seconds)
4.19/4.27	['index', 'substr', 'add']: UNSAT (0.120 seconds)
4.29/4.39	['index', 'substr', 'sub']: UNSAT (0.085 seconds)
4.39/4.47	['index', 'add', 'add']: UNSAT (0.062 seconds)
4.49/4.54	['index', 'add', 'sub']: UNSAT (0.060 seconds)
4.49/4.60	['index', 'sub', 'sub']: UNSAT (0.062 seconds)
4.59/4.66	['length', 'length', 'length']: UNSAT (0.036 seconds)
4.59/4.70	['length', 'length', 'substr']: UNSAT (0.047 seconds)
4.69/4.74	['length', 'length', 'add']: UNSAT (0.046 seconds)
4.69/4.79	['length', 'length', 'sub']: UNSAT (0.038 seconds)
4.79/4.83	['length', 'substr', 'substr']: UNSAT (0.074 seconds)
4.89/4.90	['length', 'substr', 'add']: UNSAT (0.088 seconds)
4.89/4.99	['length', 'substr', 'sub']: UNSAT (0.079 seconds)
5.01/5.07	['length', 'add', 'add']: UNSAT (0.064 seconds)
5.01/5.14	['length', 'add', 'sub']: UNSAT (0.064 seconds)
5.19/5.21	['length', 'sub', 'sub']: UNSAT (0.064 seconds)
5.19/5.27	['substr', 'substr', 'substr']: UNSAT (0.120 seconds)
5.29/5.39	['substr', 'substr', 'add']: UNSAT (0.113 seconds)
5.49/5.51	['substr', 'substr', 'sub']: UNSAT (0.083 seconds)
5.49/5.59	['substr', 'add', 'add']: UNSAT (0.071 seconds)
5.59/5.66	['substr', 'add', 'sub']: UNSAT (0.070 seconds)
5.69/5.73	['substr', 'sub', 'sub']: UNSAT (0.072 seconds)
5.79/5.81	['add', 'add', 'add']: UNSAT (0.065 seconds)
5.79/5.87	['add', 'add', 'sub']: UNSAT (0.063 seconds)
5.89/5.94	['add', 'sub', 'sub']: UNSAT (0.065 seconds)
5.89/6.00	['sub', 'sub', 'sub']: UNSAT (0.065 seconds)
5.89/6.07	['concat', 'concat', 'concat', 'concat']: UNSAT (66.849 seconds)
72.86/72.92	['concat', 'concat', 'concat', 'index']: UNSAT (0.103 seconds)
72.96/73.02	['concat', 'concat', 'concat', 'length']: UNSAT (0.085 seconds)
73.06/73.11	['concat', 'concat', 'concat', 'substr']: UNSAT (82.268 seconds)
155.28/155.38	['concat', 'concat', 'concat', 'add']: UNSAT (0.082 seconds)
155.40/155.46	['concat', 'concat', 'concat', 'sub']: UNSAT (0.084 seconds)
155.45/155.55	['concat', 'concat', 'index', 'index']: UNSAT (0.109 seconds)
155.55/155.66	['concat', 'concat', 'index', 'length']: UNSAT (0.088 seconds)
155.65/155.74	['concat', 'concat', 'index', 'substr']: UNSAT (5.105 seconds)
160.75/160.85	['concat', 'concat', 'index', 'add']: UNSAT (0.090 seconds)
160.85/160.94	['concat', 'concat', 'index', 'sub']: UNSAT (0.090 seconds)
160.95/161.03	['concat', 'concat', 'length', 'length']: UNSAT (0.069 seconds)
161.05/161.10	['concat', 'concat', 'length', 'substr']: UNSAT (1.553 seconds)
162.56/162.66	['concat', 'concat', 'length', 'add']: UNSAT (0.071 seconds)
162.66/162.73	['concat', 'concat', 'length', 'sub']: UNSAT (0.075 seconds)
162.76/162.80	['concat', 'concat', 'substr', 'substr']: UNSAT (1.798 seconds)
164.56/164.60	['concat', 'concat', 'substr', 'add']: UNSAT (0.891 seconds)
165.41/165.49	['concat', 'concat', 'substr', 'sub']: UNSAT (0.517 seconds)
165.96/166.01	['concat', 'concat', 'add', 'add']: UNSAT (0.074 seconds)
165.96/166.09	['concat', 'concat', 'add', 'sub']: UNSAT (0.072 seconds)
166.06/166.16	['concat', 'concat', 'sub', 'sub']: UNSAT (0.085 seconds)
166.16/166.25	['concat', 'index', 'index', 'index']: UNSAT (0.106 seconds)
166.28/166.35	['concat', 'index', 'index', 'length']: UNSAT (0.088 seconds)
166.40/166.44	['concat', 'index', 'index', 'substr']: UNSAT (1.793 seconds)
168.16/168.24	['concat', 'index', 'index', 'add']: UNSAT (0.093 seconds)
168.16/168.33	['concat', 'index', 'index', 'sub']: UNSAT (0.096 seconds)
168.28/168.43	['concat', 'index', 'length', 'length']: UNSAT (0.070 seconds)
168.46/168.50	['concat', 'index', 'length', 'substr']: UNSAT (0.468 seconds)
168.86/168.97	['concat', 'index', 'length', 'add']: UNSAT (0.080 seconds)
168.96/169.05	['concat', 'index', 'length', 'sub']: UNSAT (0.078 seconds)
169.06/169.13	['concat', 'index', 'substr', 'substr']: UNSAT (1.404 seconds)
170.46/170.53	['concat', 'index', 'substr', 'add']: UNSAT (0.579 seconds)
171.06/171.11	['concat', 'index', 'substr', 'sub']: UNSAT (0.501 seconds)
171.56/171.61	['concat', 'index', 'add', 'add']: UNSAT (0.087 seconds)
171.66/171.70	['concat', 'index', 'add', 'sub']: UNSAT (0.083 seconds)
171.66/171.78	['concat', 'index', 'sub', 'sub']: UNSAT (0.087 seconds)
171.76/171.87	['concat', 'length', 'length', 'length']: UNSAT (0.056 seconds)
171.86/171.93	['concat', 'length', 'length', 'substr']: UNSAT (0.125 seconds)
171.96/172.05	['concat', 'length', 'length', 'add']: UNSAT (0.061 seconds)
172.06/172.12	['concat', 'length', 'length', 'sub']: UNSAT (0.057 seconds)
172.06/172.17	['concat', 'length', 'substr', 'substr']: UNSAT (0.623 seconds)
172.76/172.80	['concat', 'length', 'substr', 'add']: UNSAT (0.208 seconds)
172.96/173.01	['concat', 'length', 'substr', 'sub']: UNSAT (0.202 seconds)
173.16/173.21	['concat', 'length', 'add', 'add']: UNSAT (0.067 seconds)
173.16/173.28	['concat', 'length', 'add', 'sub']: UNSAT (0.067 seconds)
173.28/173.35	['concat', 'length', 'sub', 'sub']: UNSAT (0.067 seconds)
173.28/173.41	['concat', 'substr', 'substr', 'substr']: UNSAT (0.599 seconds)
173.96/174.01	['concat', 'substr', 'substr', 'add']: UNSAT (0.361 seconds)
174.28/174.37	['concat', 'substr', 'substr', 'sub']: UNSAT (0.410 seconds)
174.66/174.79	['concat', 'substr', 'add', 'add']: UNSAT (0.235 seconds)
174.96/175.02	['concat', 'substr', 'add', 'sub']: UNSAT (0.241 seconds)
175.16/175.26	['concat', 'substr', 'sub', 'sub']: UNSAT (0.197 seconds)
175.40/175.46	['concat', 'add', 'add', 'add']: UNSAT (0.076 seconds)
175.46/175.54	['concat', 'add', 'add', 'sub']: UNSAT (0.080 seconds)
175.56/175.62	['concat', 'add', 'sub', 'sub']: UNSAT (0.082 seconds)
175.66/175.70	['concat', 'sub', 'sub', 'sub']: UNSAT (0.081 seconds)
175.66/175.78	['index', 'index', 'index', 'index']: UNSAT (0.114 seconds)
175.86/175.90	['index', 'index', 'index', 'length']: UNSAT (0.094 seconds)
175.86/175.99	['index', 'index', 'index', 'substr']: UNSAT (0.203 seconds)
176.16/176.20	['index', 'index', 'index', 'add']: UNSAT (0.104 seconds)
176.16/176.30	['index', 'index', 'index', 'sub']: UNSAT (0.103 seconds)
176.28/176.41	['index', 'index', 'length', 'length']: UNSAT (0.076 seconds)
176.39/176.48	['index', 'index', 'length', 'substr']: UNSAT (0.114 seconds)
176.56/176.60	['index', 'index', 'length', 'add']: UNSAT (0.087 seconds)
176.56/176.69	['index', 'index', 'length', 'sub']: UNSAT (0.080 seconds)
176.66/176.77	['index', 'index', 'substr', 'substr']: UNSAT (0.155 seconds)
176.86/176.92	['index', 'index', 'substr', 'add']: UNSAT (0.124 seconds)
176.96/177.05	['index', 'index', 'substr', 'sub']: UNSAT (0.125 seconds)
177.06/177.17	['index', 'index', 'add', 'add']: UNSAT (0.102 seconds)
177.16/177.27	['index', 'index', 'add', 'sub']: UNSAT (0.098 seconds)
177.28/177.37	['index', 'index', 'sub', 'sub']: UNSAT (0.099 seconds)
177.40/177.47	['index', 'length', 'length', 'length']: UNSAT (0.060 seconds)
177.46/177.53	['index', 'length', 'length', 'substr']: UNSAT (0.083 seconds)
177.56/177.62	['index', 'length', 'length', 'add']: UNSAT (0.068 seconds)
177.56/177.69	['index', 'length', 'length', 'sub']: UNSAT (0.063 seconds)
177.66/177.75	['index', 'length', 'substr', 'substr']: UNSAT (0.175 seconds)
177.86/177.93	['index', 'length', 'substr', 'add']: UNSAT (0.092 seconds)
177.96/178.02	['index', 'length', 'substr', 'sub']: UNSAT (0.093 seconds)
178.06/178.11	['index', 'length', 'add', 'add']: UNSAT (0.081 seconds)
178.06/178.19	['index', 'length', 'add', 'sub']: UNSAT (0.079 seconds)
178.16/178.27	['index', 'length', 'sub', 'sub']: UNSAT (0.077 seconds)
178.28/178.35	['index', 'substr', 'substr', 'substr']: UNSAT (0.322 seconds)
178.56/178.68	['index', 'substr', 'substr', 'add']: UNSAT (0.225 seconds)
178.86/178.90	['index', 'substr', 'substr', 'sub']: UNSAT (0.188 seconds)
178.96/179.09	['index', 'substr', 'add', 'add']: UNSAT (0.122 seconds)
179.16/179.21	['index', 'substr', 'add', 'sub']: UNSAT (0.134 seconds)
179.28/179.35	['index', 'substr', 'sub', 'sub']: UNSAT (0.127 seconds)
179.40/179.48	['index', 'add', 'add', 'add']: UNSAT (0.100 seconds)
179.46/179.58	['index', 'add', 'add', 'sub']: UNSAT (0.100 seconds)
179.56/179.68	['index', 'add', 'sub', 'sub']: UNSAT (0.098 seconds)
179.66/179.78	['index', 'sub', 'sub', 'sub']: UNSAT (0.100 seconds)
179.76/179.88	['length', 'length', 'length', 'length']: UNSAT (0.043 seconds)
179.86/179.92	['length', 'length', 'length', 'substr']: UNSAT (0.059 seconds)
179.86/179.98	['length', 'length', 'length', 'add']: UNSAT (0.050 seconds)
179.96/180.03	['length', 'length', 'length', 'sub']: UNSAT (0.049 seconds)
179.96/180.08	['length', 'length', 'substr', 'substr']: UNSAT (0.114 seconds)
180.16/180.20	['length', 'length', 'substr', 'add']: UNSAT (0.082 seconds)
180.16/180.28	['length', 'length', 'substr', 'sub']: UNSAT (0.081 seconds)
180.28/180.36	['length', 'length', 'add', 'add']: UNSAT (0.059 seconds)
180.28/180.42	['length', 'length', 'add', 'sub']: UNSAT (0.061 seconds)
180.40/180.48	['length', 'length', 'sub', 'sub']: UNSAT (0.061 seconds)
180.46/180.55	['length', 'substr', 'substr', 'substr']: UNSAT (0.174 seconds)
180.66/180.72	['length', 'substr', 'substr', 'add']: UNSAT (0.106 seconds)
180.76/180.83	['length', 'substr', 'substr', 'sub']: UNSAT (0.109 seconds)
180.86/180.94	['length', 'substr', 'add', 'add']: UNSAT (0.090 seconds)
180.96/181.03	['length', 'substr', 'add', 'sub']: UNSAT (0.092 seconds)
181.06/181.12	['length', 'substr', 'sub', 'sub']: UNSAT (0.092 seconds)
181.16/181.21	['length', 'add', 'add', 'add']: UNSAT (0.079 seconds)
181.16/181.30	['length', 'add', 'add', 'sub']: UNSAT (0.075 seconds)
181.28/181.37	['length', 'add', 'sub', 'sub']: UNSAT (0.074 seconds)
181.40/181.45	['length', 'sub', 'sub', 'sub']: UNSAT (0.076 seconds)
181.46/181.52	['substr', 'substr', 'substr', 'substr']: UNSAT (0.167 seconds)
181.56/181.69	['substr', 'substr', 'substr', 'add']: UNSAT (0.127 seconds)
181.76/181.82	['substr', 'substr', 'substr', 'sub']: UNSAT (0.129 seconds)
181.86/181.95	['substr', 'substr', 'add', 'add']: UNSAT (0.123 seconds)
181.96/182.07	['substr', 'substr', 'add', 'sub']: UNSAT (0.106 seconds)
182.06/182.18	['substr', 'substr', 'sub', 'sub']: UNSAT (0.117 seconds)
182.16/182.30	['substr', 'add', 'add', 'add']: UNSAT (0.096 seconds)
182.28/182.40	['substr', 'add', 'add', 'sub']: UNSAT (0.096 seconds)
182.40/182.49	['substr', 'add', 'sub', 'sub']: UNSAT (0.093 seconds)
182.46/182.59	['substr', 'sub', 'sub', 'sub']: UNSAT (0.096 seconds)
182.56/182.68	['add', 'add', 'add', 'add']: UNSAT (0.094 seconds)
182.66/182.78	['add', 'add', 'add', 'sub']: UNSAT (0.095 seconds)
182.76/182.87	['add', 'add', 'sub', 'sub']: UNSAT (0.092 seconds)
182.86/182.97	['add', 'sub', 'sub', 'sub']: UNSAT (0.091 seconds)
182.96/183.06	['sub', 'sub', 'sub', 'sub']: UNSAT (0.090 seconds)
183.06/183.15	['concat', 'concat', 'concat', 'concat', 'concat']: 