0.11/0.18	=== Examples (../../dataset/examples/examples-25.json)
0.11/0.18	IO(inputs=('Suspendisse libero felis, efficitur eget metus eget, ultrices volutpat.',), output='Suspendisse libero felis, efficitur eget metus eget, ultrices volutpat...')
0.11/0.18	IO(inputs=('Donec condimentum lacus ac elit molestie, vel cursus ante nullam.',), output='Donec condimentum lacus ac elit molestie, vel cursus ante nullam....')
0.11/0.18	IO(inputs=('Pellentesque eu tellus rutrum, mollis lacus eu, posuere massa. Duis varius nibh amet.',), output='Pellentesque eu tellus rutrum, mollis lacus eu, posuere massa. Duis va...')
0.11/0.18	=== Library
0.11/0.18	concat
0.11/0.18	index
0.11/0.18	length
0.11/0.18	substr
0.11/0.18	add
0.11/0.18	sub
0.11/0.18	=== Synthesis
0.11/0.18	['concat']: UNSAT (0.028 seconds)
0.11/0.20	['index']: UNSAT (0.026 seconds)
0.11/0.23	['length']: UNSAT (0.017 seconds)
0.11/0.25	['substr']: UNSAT (0.028 seconds)
0.11/0.28	['add']: UNSAT (0.022 seconds)
0.11/0.30	['sub']: UNSAT (0.023 seconds)
0.11/0.32	['concat', 'concat']: UNSAT (0.053 seconds)
0.28/0.38	['concat', 'index']: UNSAT (0.046 seconds)
0.37/0.42	['concat', 'length']: UNSAT (0.034 seconds)
0.43/0.46	['concat', 'substr']: UNSAT (0.404 seconds)
0.79/0.86	['concat', 'add']: UNSAT (0.034 seconds)
0.89/0.90	['concat', 'sub']: UNSAT (0.034 seconds)
0.89/0.93	['index', 'index']: UNSAT (0.049 seconds)
0.89/0.98	['index', 'length']: UNSAT (0.033 seconds)
0.89/1.02	['index', 'substr']: UNSAT (0.058 seconds)
1.01/1.07	['index', 'add']: UNSAT (0.042 seconds)
1.01/1.12	['index', 'sub']: UNSAT (0.044 seconds)
1.14/1.16	['length', 'length']: UNSAT (0.023 seconds)
1.14/1.19	['length', 'substr']: UNSAT (0.046 seconds)
1.19/1.23	['length', 'add']: UNSAT (0.030 seconds)
1.19/1.26	['length', 'sub']: UNSAT (0.028 seconds)
1.19/1.29	['substr', 'substr']: UNSAT (0.058 seconds)
1.31/1.35	['substr', 'add']: UNSAT (0.045 seconds)
1.31/1.40	['substr', 'sub']: UNSAT (0.046 seconds)
1.39/1.44	['add', 'add']: UNSAT (0.038 seconds)
1.39/1.48	['add', 'sub']: UNSAT (0.038 seconds)
1.49/1.52	['sub', 'sub']: UNSAT (0.037 seconds)
1.49/1.56	['concat', 'concat', 'concat']: UNSAT (0.626 seconds)
2.14/2.19	['concat', 'concat', 'index']: UNSAT (0.069 seconds)
2.19/2.26	['concat', 'concat', 'length']: UNSAT (0.054 seconds)
2.31/2.31	['concat', 'concat', 'substr']: UNSAT (0.636 seconds)
2.89/2.95	['concat', 'concat', 'add']: UNSAT (0.055 seconds)
2.89/3.00	['concat', 'concat', 'sub']: UNSAT (0.059 seconds)
3.01/3.06	['concat', 'index', 'index']: UNSAT (0.076 seconds)
3.13/3.14	['concat', 'index', 'length']: UNSAT (0.060 seconds)
3.19/3.20	['concat', 'index', 'substr']: UNSAT (3.304 seconds)
6.49/6.51	['concat', 'index', 'add']: UNSAT (0.059 seconds)
6.49/6.57	['concat', 'index', 'sub']: UNSAT (0.061 seconds)
6.59/6.63	['concat', 'length', 'length']: UNSAT (0.041 seconds)
6.59/6.67	['concat', 'length', 'substr']: UNSAT (0.111 seconds)
6.69/6.78	['concat', 'length', 'add']: UNSAT (0.046 seconds)
6.79/6.83	['concat', 'length', 'sub']: UNSAT (0.045 seconds)
6.79/6.87	['concat', 'substr', 'substr']: UNSAT (0.218 seconds)
7.01/7.09	['concat', 'substr', 'add']: UNSAT (0.116 seconds)
7.19/7.21	['concat', 'substr', 'sub']: SAT (0.841 seconds)
8.01/8.05	concat(substr(arg0, sub(70, 70), 70), '...')
