0.16/0.20	=== Examples (../../dataset/examples/examples-14.json)
0.16/0.20	IO(inputs=('ABC',), output='abc')
0.16/0.20	IO(inputs=('aBcdef',), output='abcdef')
0.16/0.20	IO(inputs=('aaseHKLsed',), output='aasehklsed')
0.16/0.20	=== Library
0.16/0.20	concat
0.16/0.20	index
0.16/0.20	length
0.16/0.20	substr
0.16/0.20	add
0.16/0.20	sub
0.16/0.20	=== Synthesis
0.16/0.20	['concat']: UNSAT (0.031 seconds)
0.16/0.23	['index']: UNSAT (0.032 seconds)
0.16/0.27	['length']: UNSAT (0.021 seconds)
0.16/0.29	['substr']: UNSAT (0.034 seconds)
0.30/0.32	['add']: UNSAT (0.027 seconds)
0.30/0.35	['sub']: UNSAT (0.027 seconds)
0.36/0.38	['concat', 'concat']: UNSAT (0.055 seconds)
0.36/0.43	['concat', 'index']: UNSAT (0.054 seconds)
0.36/0.49	['concat', 'length']: UNSAT (0.040 seconds)
0.48/0.53	['concat', 'substr']: UNSAT (0.078 seconds)
0.59/0.61	['concat', 'add']: UNSAT (0.041 seconds)
0.63/0.65	['concat', 'sub']: UNSAT (0.033 seconds)
0.63/0.69	['index', 'index']: UNSAT (0.046 seconds)
0.69/0.73	['index', 'length']: UNSAT (0.033 seconds)
0.69/0.77	['index', 'substr']: UNSAT (0.047 seconds)
0.79/0.81	['index', 'add']: UNSAT (0.039 seconds)
0.79/0.85	['index', 'sub']: UNSAT (0.040 seconds)
0.79/0.90	['length', 'length']: UNSAT (0.023 seconds)
0.89/0.92	['length', 'substr']: UNSAT (0.036 seconds)
0.89/0.96	['length', 'add']: UNSAT (0.029 seconds)
0.89/0.99	['length', 'sub']: UNSAT (0.029 seconds)
0.89/1.02	['substr', 'substr']: UNSAT (0.051 seconds)
1.02/1.07	['substr', 'add']: UNSAT (0.044 seconds)
1.02/1.11	['substr', 'sub']: UNSAT (0.042 seconds)
1.12/1.16	['add', 'add']: UNSAT (0.037 seconds)
1.12/1.19	['add', 'sub']: UNSAT (0.036 seconds)
1.19/1.23	['sub', 'sub']: UNSAT (0.039 seconds)
1.19/1.27	['concat', 'concat', 'concat']: UNSAT (0.159 seconds)
1.39/1.43	['concat', 'concat', 'index']: UNSAT (0.068 seconds)
1.49/1.50	['concat', 'concat', 'length']: UNSAT (0.052 seconds)
1.49/1.55	['concat', 'concat', 'substr']: UNSAT (0.562 seconds)
2.03/2.11	['concat', 'concat', 'add']: UNSAT (0.053 seconds)
2.13/2.17	['concat', 'concat', 'sub']: UNSAT (0.053 seconds)
2.19/2.22	['concat', 'index', 'index']: UNSAT (0.074 seconds)
2.29/2.30	['concat', 'index', 'length']: UNSAT (0.060 seconds)
2.29/2.36	['concat', 'index', 'substr']: UNSAT (0.870 seconds)
3.19/3.23	['concat', 'index', 'add']: UNSAT (0.063 seconds)
3.19/3.29	['concat', 'index', 'sub']: UNSAT (0.060 seconds)
3.29/3.35	['concat', 'length', 'length']: UNSAT (0.042 seconds)
3.39/3.40	['concat', 'length', 'substr']: UNSAT (0.277 seconds)
3.59/3.67	['concat', 'length', 'add']: UNSAT (0.045 seconds)
3.69/3.72	['concat', 'length', 'sub']: UNSAT (0.045 seconds)
3.69/3.77	['concat', 'substr', 'substr']: UNSAT (0.165 seconds)
3.88/3.93	['concat', 'substr', 'add']: UNSAT (0.092 seconds)
3.88/4.02	['concat', 'substr', 'sub']: UNSAT (0.100 seconds)
4.02/4.13	['concat', 'add', 'add']: UNSAT (0.053 seconds)
4.12/4.18	['concat', 'add', 'sub']: UNSAT (0.053 seconds)
4.18/4.23	['concat', 'sub', 'sub']: UNSAT (0.054 seconds)
4.18/4.29	['index', 'index', 'index']: UNSAT (0.080 seconds)
4.28/4.37	['index', 'index', 'length']: UNSAT (0.061 seconds)
4.38/4.43	['index', 'index', 'substr']: UNSAT (0.090 seconds)
4.48/4.52	['index', 'index', 'add']: UNSAT (0.069 seconds)
4.48/4.59	['index', 'index', 'sub']: UNSAT (0.068 seconds)
4.58/4.66	['index', 'length', 'length']: UNSAT (0.045 seconds)
4.68/4.71	['index', 'length', 'substr']: UNSAT (0.066 seconds)
4.68/4.77	['index', 'length', 'add']: UNSAT (0.052 seconds)
4.78/4.83	['index', 'length', 'sub']: UNSAT (0.053 seconds)
4.78/4.88	['index', 'substr', 'substr']: UNSAT (0.125 seconds)
4.88/5.01	['index', 'substr', 'add']: UNSAT (0.083 seconds)
5.02/5.09	['index', 'substr', 'sub']: UNSAT (0.091 seconds)
5.12/5.18	['index', 'add', 'add']: UNSAT (0.063 seconds)
5.18/5.25	['index', 'add', 'sub']: UNSAT (0.063 seconds)
5.28/5.31	['index', 'sub', 'sub']: UNSAT (0.063 seconds)
5.28/5.38	['length', 'length', 'length']: UNSAT (0.034 seconds)
5.38/5.41	['length', 'length', 'substr']: UNSAT (0.053 seconds)
5.38/5.46	['length', 'length', 'add']: UNSAT (0.039 seconds)
5.48/5.50	['length', 'length', 'sub']: UNSAT (0.042 seconds)
5.48/5.55	['length', 'substr', 'substr']: UNSAT (0.076 seconds)
5.58/5.62	['length', 'substr', 'add']: UNSAT (0.060 seconds)
5.58/5.68	['length', 'substr', 'sub']: UNSAT (0.059 seconds)
5.68/5.74	['length', 'add', 'add']: UNSAT (0.049 seconds)
5.68/5.79	['length', 'add', 'sub']: UNSAT (0.048 seconds)
5.78/5.84	['length', 'sub', 'sub']: UNSAT (0.048 seconds)
5.78/5.89	['substr', 'substr', 'substr']: UNSAT (0.088 seconds)
5.88/5.98	['substr', 'substr', 'add']: UNSAT (0.074 seconds)
6.02/6.06	['substr', 'substr', 'sub']: UNSAT (0.078 seconds)
6.02/6.13	['substr', 'add', 'add']: UNSAT (0.070 seconds)
6.18/6.20	['substr', 'add', 'sub']: UNSAT (0.070 seconds)
6.18/6.27	['substr', 'sub', 'sub']: UNSAT (0.070 seconds)
6.28/6.35	['add', 'add', 'add']: UNSAT (0.064 seconds)
6.38/6.41	['add', 'add', 'sub']: UNSAT (0.064 seconds)
6.38/6.48	['add', 'sub', 'sub']: UNSAT (0.065 seconds)
6.48/6.54	['sub', 'sub', 'sub']: UNSAT (0.063 seconds)
6.58/6.61	['concat', 'concat', 'concat', 'concat']: UNSAT (12.238 seconds)
18.78/18.84	['concat', 'concat', 'concat', 'index']: UNSAT (0.103 seconds)
18.88/18.95	['concat', 'concat', 'concat', 'length']: UNSAT (0.084 seconds)
18.88/19.03	['concat', 'concat', 'concat', 'substr']: UNSAT (180.024 seconds)
199.03/199.06	['concat', 'concat', 'concat', 'add']: UNSAT (0.081 seconds)
199.13/199.14	['concat', 'concat', 'concat', 'sub']: UNSAT (0.087 seconds)
199.18/199.23	['concat', 'concat', 'index', 'index']: UNSAT (0.107 seconds)
199.28/199.34	['concat', 'concat', 'index', 'length']: UNSAT (0.086 seconds)
199.38/199.42	['concat', 'concat', 'index', 'substr']: UNSAT (10.818 seconds)
210.18/210.24	['concat', 'concat', 'index', 'add']: UNSAT (0.089 seconds)
210.28/210.33	['concat', 'concat', 'index', 'sub']: UNSAT (0.087 seconds)
210.38/210.42	['concat', 'concat', 'length', 'length']: UNSAT (0.069 seconds)
210.38/210.49	['concat', 'concat', 'length', 'substr']: UNSAT (5.265 seconds)
215.69/215.76	['concat', 'concat', 'length', 'add']: UNSAT (0.071 seconds)
215.78/215.83	['concat', 'concat', 'length', 'sub']: UNSAT (0.071 seconds)
215.88/215.90	['concat', 'concat', 'substr', 'substr']: UNSAT (4.701 seconds)
220.58/220.60	['concat', 'concat', 'substr', 'add']: UNSAT (2.300 seconds)
222.88/222.90	['concat', 'concat', 'substr', 'sub']: UNSAT (0.588 seconds)
223.38/223.49	['concat', 'concat', 'add', 'add']: UNSAT (0.078 seconds)
223.48/223.57	['concat', 'concat', 'add', 'sub']: UNSAT (0.077 seconds)
223.58/223.65	['concat', 'concat', 'sub', 'sub']: UNSAT (0.083 seconds)
223.69/223.73	['concat', 'index', 'index', 'index']: UNSAT (0.115 seconds)
223.78/223.85	['concat', 'index', 'index', 'length']: UNSAT (0.094 seconds)
223.88/223.94	['concat', 'index', 'index', 'substr']: UNSAT (4.742 seconds)
228.58/228.69	['concat', 'index', 'index', 'add']: UNSAT (0.099 seconds)
228.69/228.79	['concat', 'index', 'index', 'sub']: UNSAT (0.098 seconds)
228.78/228.89	['concat', 'index', 'length', 'length']: UNSAT (0.074 seconds)
228.88/228.96	['concat', 'index', 'length', 'substr']: UNSAT (1.419 seconds)
230.28/230.38	['concat', 'index', 'length', 'add']: UNSAT (0.081 seconds)
230.38/230.46	['concat', 'index', 'length', 'sub']: UNSAT (0.078 seconds)
230.48/230.54	['concat', 'index', 'substr', 'substr']: UNSAT (5.656 seconds)
236.18/236.20	['concat', 'index', 'substr', 'add']: UNSAT (2.404 seconds)
238.58/238.60	['concat', 'index', 'substr', 'sub']: UNSAT (1.789 seconds)
240.28/240.39	['concat', 'index', 'add', 'add']: UNSAT (0.090 seconds)
240.38/240.49	['concat', 'index', 'add', 'sub']: UNSAT (0.089 seconds)
240.48/240.58	['concat', 'index', 'sub', 'sub']: UNSAT (0.089 seconds)
240.58/240.67	['concat', 'length', 'length', 'length']: UNSAT (0.057 seconds)
240.69/240.72	['concat', 'length', 'length', 'substr']: UNSAT (0.407 seconds)
241.02/241.13	['concat', 'length', 'length', 'add']: UNSAT (0.060 seconds)
241.12/241.19	['concat', 'length', 'length', 'sub']: UNSAT (0.060 seconds)
241.18/241.25	['concat', 'length', 'substr', 'substr']: UNSAT (2.533 seconds)
243.69/243.79	['concat', 'length', 'substr', 'add']: UNSAT (0.658 seconds)
244.38/244.45	['concat', 'length', 'substr', 'sub']: UNSAT (0.509 seconds)
244.88/244.96	['concat', 'length', 'add', 'add']: UNSAT (0.069 seconds)
244.88/245.03	['concat', 'length', 'add', 'sub']: UNSAT (0.069 seconds)
245.02/245.10	['concat', 'length', 'sub', 'sub']: UNSAT (0.067 seconds)
245.12/245.16	['concat', 'substr', 'substr', 'substr']: UNSAT (0.895 seconds)
246.02/246.06	['concat', 'substr', 'substr', 'add']: UNSAT (0.563 seconds)
246.58/246.62	['concat', 'substr', 'substr', 'sub']: UNSAT (0.596 seconds)
247.18/247.22	['concat', 'substr', 'add', 'add']: UNSAT (0.515 seconds)
247.69/247.74	['concat', 'substr', 'add', 'sub']: UNSAT (0.361 seconds)
248.02/248.10	['concat', 'substr', 'sub', 'sub']: UNSAT (0.253 seconds)
248.28/248.35	['concat', 'add', 'add', 'add']: UNSAT (0.085 seconds)
248.38/248.44	['concat', 'add', 'add', 'sub']: UNSAT (0.085 seconds)
248.48/248.53	['concat', 'add', 'sub', 'sub']: UNSAT (0.083 seconds)
248.58/248.61	['concat', 'sub', 'sub', 'sub']: UNSAT (0.084 seconds)
248.58/248.69	['index', 'index', 'index', 'index']: UNSAT (0.121 seconds)
248.78/248.82	['index', 'index', 'index', 'length']: UNSAT (0.099 seconds)
248.88/248.92	['index', 'index', 'index', 'substr']: UNSAT (0.180 seconds)
249.02/249.10	['index', 'index', 'index', 'add']: UNSAT (0.110 seconds)
249.18/249.21	['index', 'index', 'index', 'sub']: UNSAT (0.109 seconds)
249.28/249.32	['index', 'index', 'length', 'length']: UNSAT (0.079 seconds)
249.38/249.40	['index', 'index', 'length', 'substr']: UNSAT (0.108 seconds)
249.48/249.51	['index', 'index', 'length', 'add']: UNSAT (0.087 seconds)
249.48/249.59	['index', 'index', 'length', 'sub']: UNSAT (0.087 seconds)
249.58/249.68	['index', 'index', 'substr', 'substr']: UNSAT (0.165 seconds)
249.78/249.85	['index', 'index', 'substr', 'add']: UNSAT (0.137 seconds)
249.88/249.99	['index', 'index', 'substr', 'sub']: UNSAT (0.126 seconds)
250.03/250.11	['index', 'index', 'add', 'add']: UNSAT (0.102 seconds)
250.18/250.22	['index', 'index', 'add', 'sub']: UNSAT (0.103 seconds)
250.28/250.32	['index', 'index', 'sub', 'sub']: UNSAT (0.103 seconds)
250.38/250.42	['index', 'length', 'length', 'length']: UNSAT (0.061 seconds)
250.38/250.49	['index', 'length', 'length', 'substr']: UNSAT (0.085 seconds)
250.48/250.57	['index', 'length', 'length', 'add']: UNSAT (0.070 seconds)
250.58/250.64	['index', 'length', 'length', 'sub']: UNSAT (0.068 seconds)
250.69/250.71	['index', 'length', 'substr', 'substr']: UNSAT (0.169 seconds)
250.78/250.88	['index', 'length', 'substr', 'add']: UNSAT (0.104 seconds)
250.88/250.99	['index', 'length', 'substr', 'sub']: UNSAT (0.102 seconds)
251.03/251.09	['index', 'length', 'add', 'add']: UNSAT (0.081 seconds)
251.13/251.17	['index', 'length', 'add', 'sub']: UNSAT (0.082 seconds)
251.18/251.25	['index', 'length', 'sub', 'sub']: UNSAT (0.083 seconds)
251.28/251.34	['index', 'substr', 'substr', 'substr']: UNSAT (0.336 seconds)
251.58/251.67	['index', 'substr', 'substr', 'add']: UNSAT (0.217 seconds)
251.79/251.89	['index', 'substr', 'substr', 'sub']: UNSAT (0.205 seconds)
252.03/252.10	['index', 'substr', 'add', 'add']: UNSAT (0.125 seconds)
252.18/252.22	['index', 'substr', 'add', 'sub']: UNSAT (0.132 seconds)
252.28/252.36	['index', 'substr', 'sub', 'sub']: UNSAT (0.137 seconds)
252.38/252.50	['index', 'add', 'add', 'add']: UNSAT (0.106 seconds)
252.58/252.60	['index', 'add', 'add', 'sub']: UNSAT (0.102 seconds)
252.69/252.71	['index', 'add', 'sub', 'sub']: UNSAT (0.101 seconds)
252.78/252.81	['index', 'sub', 'sub', 'sub']: UNSAT (0.105 seconds)
252.88/252.91	['length', 'length', 'length', 'length']: UNSAT (0.047 seconds)
252.88/252.96	['length', 'length', 'length', 'substr']: UNSAT (0.064 seconds)
252.88/253.03	['length', 'length', 'length', 'add']: UNSAT (0.051 seconds)
253.02/253.08	['length', 'length', 'length', 'sub']: UNSAT (0.052 seconds)
253.02/253.13	['length', 'length', 'substr', 'substr']: UNSAT (0.108 seconds)
253.18/253.24	['length', 'length', 'substr', 'add']: UNSAT (0.079 seconds)
253.28/253.32	['length', 'length', 'substr', 'sub']: UNSAT (0.077 seconds)
253.38/253.40	['length', 'length', 'add', 'add']: UNSAT (0.062 seconds)
253.38/253.46	['length', 'length', 'add', 'sub']: UNSAT (0.062 seconds)
253.48/253.52	['length', 'length', 'sub', 'sub']: UNSAT (0.066 seconds)
253.48/253.59	['length', 'substr', 'substr', 'substr']: UNSAT (0.192 seconds)
253.68/253.78	['length', 'substr', 'substr', 'add']: UNSAT (0.146 seconds)
253.88/253.93	['length', 'substr', 'substr', 'sub']: UNSAT (0.136 seconds)
254.02/254.07	['length', 'substr', 'add', 'add']: UNSAT (0.095 seconds)
254.12/254.16	['length', 'substr', 'add', 'sub']: UNSAT (0.097 seconds)
254.18/254.26	['length', 'substr', 'sub', 'sub']: UNSAT (0.099 seconds)
254.28/254.36	['length', 'add', 'add', 'add']: UNSAT (0.080 seconds)
254.38/254.44	['length', 'add', 'add', 'sub']: UNSAT (0.080 seconds)
254.48/254.52	['length', 'add', 'sub', 'sub']: UNSAT (0.079 seconds)
254.58/254.60	['length', 'sub', 'sub', 'sub']: UNSAT (0.079 seconds)
254.58/254.68	['substr', 'substr', 'substr', 'substr']: UNSAT (0.171 seconds)
254.78/254.85	['substr', 'substr', 'substr', 'add']: UNSAT (0.130 seconds)
254.88/254.99	['substr', 'substr', 'substr', 'sub']: UNSAT (0.130 seconds)
255.02/255.12	['substr', 'substr', 'add', 'add']: UNSAT (0.125 seconds)
255.18/255.24	['substr', 'substr', 'add', 'sub']: UNSAT (0.110 seconds)
255.28/255.35	['substr', 'substr', 'sub', 'sub']: UNSAT (0.117 seconds)
255.38/255.47	['substr', 'add', 'add', 'add']: UNSAT (0.102 seconds)
255.48/255.57	['substr', 'add', 'add', 'sub']: UNSAT (0.102 seconds)
255.58/255.68	['substr', 'add', 'sub', 'sub']: UNSAT (0.102 seconds)
255.69/255.78	['substr', 'sub', 'sub', 'sub']: UNSAT (0.103 seconds)
255.78/255.88	['add', 'add', 'add', 'add']: UNSAT (0.094 seconds)
255.88/255.98	['add', 'add', 'add', 'sub']: UNSAT (0.094 seconds)
256.02/256.07	['add', 'add', 'sub', 'sub']: UNSAT (0.099 seconds)
256.12/256.17	['add', 'sub', 'sub', 'sub']: UNSAT (0.096 seconds)
256.18/256.27	['sub', 'sub', 'sub', 'sub']: UNSAT (0.094 seconds)
256.28/256.36	['concat', 'concat', 'concat', 'concat', 'concat']: 