0.15/0.20	=== Examples (../../dataset/examples/examples-34.json)
0.15/0.20	IO(inputs=('A001 John Doe',), output='John Doe')
0.15/0.20	IO(inputs=('B234 Jane Moe',), output='Jane Moe')
0.15/0.20	IO(inputs=('C099 Not a standard',), output='Not a standard')
0.15/0.20	=== Library
0.15/0.20	concat
0.15/0.20	index
0.15/0.20	length
0.15/0.20	substr
0.15/0.20	add
0.15/0.20	sub
0.15/0.20	=== Synthesis
0.15/0.20	['concat']: UNSAT (0.031 seconds)
0.15/0.23	['index']: UNSAT (0.031 seconds)
0.15/0.26	['length']: UNSAT (0.022 seconds)
0.15/0.28	['substr']: UNSAT (0.038 seconds)
0.26/0.33	['add']: UNSAT (0.045 seconds)
0.26/0.37	['sub']: UNSAT (0.045 seconds)
0.26/0.42	['concat', 'concat']: UNSAT (0.065 seconds)
0.37/0.48	['concat', 'index']: UNSAT (0.055 seconds)
0.50/0.54	['concat', 'length']: UNSAT (0.039 seconds)
0.54/0.58	['concat', 'substr']: UNSAT (0.108 seconds)
0.62/0.69	['concat', 'add']: UNSAT (0.035 seconds)
0.69/0.72	['concat', 'sub']: UNSAT (0.034 seconds)
0.69/0.76	['index', 'index']: UNSAT (0.047 seconds)
0.79/0.81	['index', 'length']: UNSAT (0.030 seconds)
0.79/0.84	['index', 'substr']: UNSAT (3.483 seconds)
4.29/4.32	['index', 'add']: UNSAT (0.037 seconds)
4.29/4.36	['index', 'sub']: UNSAT (0.038 seconds)
4.39/4.40	['length', 'length']: UNSAT (0.023 seconds)
4.39/4.42	['length', 'substr']: SAT (0.056 seconds)
4.39/4.48	substr(arg0, length('\\x00\\x00\\x00\\x00\\x00'), 1251)
