0.13/0.20	=== Examples (../../dataset/examples/examples-54.json)
0.13/0.20	IO(inputs=(' this is the same as trim man...  ',), output='this is the same as trim man...')
0.13/0.20	IO(inputs=('  know your libraries',), output='know your libraries')
0.13/0.20	IO(inputs=('or is trim too young? ',), output='or is trim too young?')
0.13/0.20	=== Library
0.13/0.20	concat
0.13/0.20	index
0.13/0.20	length
0.13/0.20	substr
0.13/0.20	add
0.13/0.20	sub
0.13/0.20	=== Synthesis
0.13/0.20	['concat']: UNSAT (0.031 seconds)
0.13/0.23	['index']: UNSAT (0.031 seconds)
0.13/0.26	['length']: UNSAT (0.021 seconds)
0.26/0.29	['substr']: UNSAT (0.034 seconds)
0.26/0.32	['add']: UNSAT (0.026 seconds)
0.26/0.35	['sub']: UNSAT (0.027 seconds)
0.26/0.38	['concat', 'concat']: UNSAT (0.059 seconds)
0.36/0.44	['concat', 'index']: UNSAT (0.055 seconds)
0.46/0.49	['concat', 'length']: UNSAT (0.041 seconds)
0.46/0.53	['concat', 'substr']: UNSAT (0.178 seconds)
0.68/0.71	['concat', 'add']: UNSAT (0.034 seconds)
0.68/0.75	['concat', 'sub']: UNSAT (0.033 seconds)
0.68/0.78	['index', 'index']: UNSAT (0.046 seconds)
0.78/0.83	['index', 'length']: UNSAT (0.033 seconds)
0.78/0.86	['index', 'substr']: UNSAT (0.117 seconds)
0.88/0.98	['index', 'add']: UNSAT (0.039 seconds)
0.88/1.02	['index', 'sub']: UNSAT (0.039 seconds)
1.02/1.06	['length', 'length']: UNSAT (0.024 seconds)
1.02/1.08	['length', 'substr']: UNSAT (0.041 seconds)
1.02/1.13	['length', 'add']: UNSAT (0.027 seconds)
1.12/1.15	['length', 'sub']: UNSAT (0.028 seconds)
1.12/1.18	['substr', 'substr']: UNSAT (0.051 seconds)
1.18/1.23	['substr', 'add']: UNSAT (0.044 seconds)
1.18/1.28	['substr', 'sub']: UNSAT (0.044 seconds)
1.28/1.32	['add', 'add']: UNSAT (0.037 seconds)
1.28/1.36	['add', 'sub']: UNSAT (0.037 seconds)
1.38/1.40	['sub', 'sub']: UNSAT (0.036 seconds)
1.38/1.44	['concat', 'concat', 'concat']: UNSAT (0.230 seconds)
1.58/1.67	['concat', 'concat', 'index']: UNSAT (0.068 seconds)
1.68/1.74	['concat', 'concat', 'length']: UNSAT (0.054 seconds)
1.68/1.79	['concat', 'concat', 'substr']: UNSAT (1.683 seconds)
3.38/3.47	['concat', 'concat', 'add']: UNSAT (0.055 seconds)
3.48/3.53	['concat', 'concat', 'sub']: UNSAT (0.054 seconds)
3.48/3.58	['concat', 'index', 'index']: UNSAT (0.074 seconds)
3.58/3.66	['concat', 'index', 'length']: UNSAT (0.058 seconds)
3.68/3.72	['concat', 'index', 'substr']: UNSAT (2.108 seconds)
5.79/5.83	['concat', 'index', 'add']: UNSAT (0.059 seconds)
5.79/5.89	['concat', 'index', 'sub']: UNSAT (0.065 seconds)
5.89/5.95	['concat', 'length', 'length']: UNSAT (0.043 seconds)
5.89/6.00	['concat', 'length', 'substr']: UNSAT (0.110 seconds)
6.03/6.11	['concat', 'length', 'add']: UNSAT (0.046 seconds)
6.13/6.16	['concat', 'length', 'sub']: UNSAT (0.049 seconds)
6.19/6.21	['concat', 'substr', 'substr']: UNSAT (0.165 seconds)
6.29/6.37	['concat', 'substr', 'add']: UNSAT (0.090 seconds)
6.39/6.46	['concat', 'substr', 'sub']: UNSAT (0.081 seconds)
6.49/6.54	['concat', 'add', 'add']: UNSAT (0.053 seconds)
6.59/6.60	['concat', 'add', 'sub']: UNSAT (0.054 seconds)
6.59/6.65	['concat', 'sub', 'sub']: UNSAT (0.052 seconds)
6.69/6.71	['index', 'index', 'index']: UNSAT (0.077 seconds)
6.69/6.78	['index', 'index', 'length']: UNSAT (0.061 seconds)
6.79/6.85	['index', 'index', 'substr']: UNSAT (4.565 seconds)
11.39/11.41	['index', 'index', 'add']: UNSAT (0.068 seconds)
11.39/11.48	['index', 'index', 'sub']: UNSAT (0.069 seconds)
11.49/11.55	['index', 'length', 'length']: UNSAT (0.047 seconds)
11.59/11.60	['index', 'length', 'substr']: UNSAT (0.213 seconds)
11.79/11.81	['index', 'length', 'add']: UNSAT (0.052 seconds)
11.79/11.87	['index', 'length', 'sub']: UNSAT (0.053 seconds)
11.89/11.92	['index', 'substr', 'substr']: UNSAT (1.063 seconds)
12.89/12.98	['index', 'substr', 'add']: UNSAT (0.244 seconds)
13.19/13.23	['index', 'substr', 'sub']: UNSAT (0.232 seconds)
13.39/13.46	['index', 'add', 'add']: UNSAT (0.066 seconds)
13.49/13.53	['index', 'add', 'sub']: UNSAT (0.065 seconds)
13.49/13.59	['index', 'sub', 'sub']: UNSAT (0.067 seconds)
13.59/13.66	['length', 'length', 'length']: UNSAT (0.034 seconds)
13.59/13.70	['length', 'length', 'substr']: UNSAT (0.059 seconds)
13.69/13.76	['length', 'length', 'add']: UNSAT (0.039 seconds)
13.69/13.80	['length', 'length', 'sub']: UNSAT (0.038 seconds)
13.79/13.83	['length', 'substr', 'substr']: UNSAT (0.123 seconds)
13.89/13.96	['length', 'substr', 'add']: UNSAT (0.073 seconds)
13.89/14.03	['length', 'substr', 'sub']: UNSAT (0.081 seconds)
14.02/14.11	['length', 'add', 'add']: UNSAT (0.049 seconds)
14.12/14.16	['length', 'add', 'sub']: UNSAT (0.050 seconds)
14.19/14.21	['length', 'sub', 'sub']: UNSAT (0.050 seconds)
14.19/14.27	['substr', 'substr', 'substr']: UNSAT (0.109 seconds)
14.29/14.38	['substr', 'substr', 'add']: UNSAT (0.091 seconds)
14.39/14.47	['substr', 'substr', 'sub']: UNSAT (0.093 seconds)
14.49/14.56	['substr', 'add', 'add']: UNSAT (0.087 seconds)
14.59/14.65	['substr', 'add', 'sub']: UNSAT (0.090 seconds)
14.69/14.74	['substr', 'sub', 'sub']: UNSAT (0.090 seconds)
14.79/14.83	['add', 'add', 'add']: UNSAT (0.062 seconds)
14.79/14.89	['add', 'add', 'sub']: UNSAT (0.062 seconds)
14.89/14.96	['add', 'sub', 'sub']: UNSAT (0.061 seconds)
14.89/15.02	['sub', 'sub', 'sub']: UNSAT (0.061 seconds)
15.02/15.08	['concat', 'concat', 'concat', 'concat']: UNSAT (0.419 seconds)
15.49/15.50	['concat', 'concat', 'concat', 'index']: UNSAT (0.104 seconds)
15.59/15.60	['concat', 'concat', 'concat', 'length']: UNSAT (0.084 seconds)
15.59/15.69	['concat', 'concat', 'concat', 'substr']: UNSAT (222.600 seconds)
238.18/238.29	['concat', 'concat', 'concat', 'add']: UNSAT (0.084 seconds)
238.28/238.38	['concat', 'concat', 'concat', 'sub']: UNSAT (0.085 seconds)
238.38/238.46	['concat', 'concat', 'index', 'index']: UNSAT (0.109 seconds)
238.48/238.57	['concat', 'concat', 'index', 'length']: UNSAT (0.092 seconds)
238.58/238.66	['concat', 'concat', 'index', 'substr']: UNSAT (38.278 seconds)
276.88/276.94	['concat', 'concat', 'index', 'add']: UNSAT (0.089 seconds)
276.88/277.03	['concat', 'concat', 'index', 'sub']: UNSAT (0.090 seconds)
277.02/277.12	['concat', 'concat', 'length', 'length']: UNSAT (0.069 seconds)
277.12/277.19	['concat', 'concat', 'length', 'substr']: UNSAT (1.824 seconds)
278.88/279.02	['concat', 'concat', 'length', 'add']: UNSAT (0.075 seconds)
279.02/279.09	['concat', 'concat', 'length', 'sub']: UNSAT (0.103 seconds)
279.18/279.20	['concat', 'concat', 'substr', 'substr']: UNSAT (5.997 seconds)
285.18/285.20	['concat', 'concat', 'substr', 'add']: UNSAT (1.589 seconds)
286.68/286.79	['concat', 'concat', 'substr', 'sub']: UNSAT (0.370 seconds)
287.11/287.16	['concat', 'concat', 'add', 'add']: UNSAT (0.077 seconds)
287.18/287.24	['concat', 'concat', 'add', 'sub']: UNSAT (0.077 seconds)
287.28/287.31	['concat', 'concat', 'sub', 'sub']: UNSAT (0.081 seconds)
287.28/287.40	['concat', 'index', 'index', 'index']: UNSAT (0.113 seconds)
287.48/287.51	['concat', 'index', 'index', 'length']: UNSAT (0.091 seconds)
287.58/287.60	['concat', 'index', 'index', 'substr']: 