0.13/0.20	=== Examples (../../dataset/examples/examples-46.json)
0.13/0.20	IO(inputs=(' a b c ',), output='0a0b0c')
0.13/0.20	IO(inputs=('1 2 3 4 5 ',), output='102030405')
0.13/0.20	IO(inputs=(' 123 4 32 4  ',), output='01230403204')
0.13/0.20	=== Library
0.13/0.20	concat
0.13/0.20	index
0.13/0.20	length
0.13/0.20	substr
0.13/0.20	add
0.13/0.20	sub
0.13/0.20	=== Synthesis
0.13/0.20	['concat']: UNSAT (0.030 seconds)
0.13/0.23	['index']: UNSAT (0.030 seconds)
0.13/0.26	['length']: UNSAT (0.021 seconds)
0.27/0.28	['substr']: UNSAT (0.034 seconds)
0.27/0.32	['add']: UNSAT (0.026 seconds)
0.27/0.34	['sub']: UNSAT (0.026 seconds)
0.27/0.37	['concat', 'concat']: UNSAT (0.055 seconds)
0.40/0.43	['concat', 'index']: UNSAT (0.055 seconds)
0.40/0.48	['concat', 'length']: UNSAT (0.041 seconds)
0.49/0.52	['concat', 'substr']: UNSAT (0.090 seconds)
0.55/0.61	['concat', 'add']: UNSAT (0.038 seconds)
0.62/0.65	['concat', 'sub']: UNSAT (0.033 seconds)
0.62/0.69	['index', 'index']: UNSAT (0.047 seconds)
0.69/0.73	['index', 'length']: UNSAT (0.036 seconds)
0.69/0.77	['index', 'substr']: UNSAT (0.098 seconds)
0.79/0.87	['index', 'add']: UNSAT (0.042 seconds)
0.89/0.91	['index', 'sub']: UNSAT (0.038 seconds)
0.89/0.95	['length', 'length']: UNSAT (0.024 seconds)
0.89/0.98	['length', 'substr']: UNSAT (0.045 seconds)
0.89/1.02	['length', 'add']: UNSAT (0.028 seconds)
1.02/1.05	['length', 'sub']: UNSAT (0.031 seconds)
1.02/1.08	['substr', 'substr']: UNSAT (0.050 seconds)
1.12/1.13	['substr', 'add']: UNSAT (0.045 seconds)
1.12/1.18	['substr', 'sub']: UNSAT (0.043 seconds)
1.19/1.22	['add', 'add']: UNSAT (0.037 seconds)
1.19/1.26	['add', 'sub']: UNSAT (0.037 seconds)
1.29/1.30	['sub', 'sub']: UNSAT (0.036 seconds)
1.29/1.34	['concat', 'concat', 'concat']: UNSAT (0.147 seconds)
1.39/1.48	['concat', 'concat', 'index']: UNSAT (0.070 seconds)
1.49/1.55	['concat', 'concat', 'length']: UNSAT (0.052 seconds)
1.59/1.61	['concat', 'concat', 'substr']: UNSAT (0.859 seconds)
2.39/2.47	['concat', 'concat', 'add']: UNSAT (0.054 seconds)
2.49/2.52	['concat', 'concat', 'sub']: UNSAT (0.049 seconds)
2.49/2.57	['concat', 'index', 'index']: UNSAT (0.065 seconds)
2.59/2.64	['concat', 'index', 'length']: UNSAT (0.054 seconds)
2.59/2.69	['concat', 'index', 'substr']: UNSAT (0.942 seconds)
3.59/3.63	['concat', 'index', 'add']: UNSAT (0.059 seconds)
3.59/3.69	['concat', 'index', 'sub']: UNSAT (0.062 seconds)
3.69/3.76	['concat', 'length', 'length']: UNSAT (0.042 seconds)
3.79/3.80	['concat', 'length', 'substr']: UNSAT (0.094 seconds)
3.79/3.89	['concat', 'length', 'add']: UNSAT (0.043 seconds)
3.89/3.94	['concat', 'length', 'sub']: UNSAT (0.042 seconds)
3.89/3.98	['concat', 'substr', 'substr']: UNSAT (0.141 seconds)
4.03/4.12	['concat', 'substr', 'add']: UNSAT (0.119 seconds)
4.19/4.24	['concat', 'substr', 'sub']: UNSAT (0.075 seconds)
4.29/4.32	['concat', 'add', 'add']: UNSAT (0.053 seconds)
4.29/4.37	['concat', 'add', 'sub']: UNSAT (0.051 seconds)
4.39/4.42	['concat', 'sub', 'sub']: UNSAT (0.052 seconds)
4.39/4.48	['index', 'index', 'index']: UNSAT (0.081 seconds)
4.49/4.56	['index', 'index', 'length']: UNSAT (0.056 seconds)
4.59/4.62	['index', 'index', 'substr']: UNSAT (0.346 seconds)
4.89/4.96	['index', 'index', 'add']: UNSAT (0.067 seconds)
4.89/5.03	['index', 'index', 'sub']: UNSAT (0.063 seconds)
5.02/5.09	['index', 'length', 'length']: UNSAT (0.046 seconds)
5.13/5.14	['index', 'length', 'substr']: UNSAT (0.154 seconds)
5.19/5.30	['index', 'length', 'add']: UNSAT (0.047 seconds)
5.29/5.34	['index', 'length', 'sub']: UNSAT (0.053 seconds)
5.39/5.40	['index', 'substr', 'substr']: UNSAT (1.170 seconds)
6.49/6.57	['index', 'substr', 'add']: UNSAT (0.162 seconds)
6.69/6.73	['index', 'substr', 'sub']: UNSAT (0.169 seconds)
6.89/6.90	['index', 'add', 'add']: UNSAT (0.066 seconds)
6.89/6.97	['index', 'add', 'sub']: UNSAT (0.064 seconds)
6.89/7.03	['index', 'sub', 'sub']: UNSAT (0.059 seconds)
7.03/7.09	['length', 'length', 'length']: UNSAT (0.031 seconds)
7.03/7.12	['length', 'length', 'substr']: UNSAT (0.049 seconds)
7.13/7.17	['length', 'length', 'add']: UNSAT (0.034 seconds)
7.19/7.21	['length', 'length', 'sub']: UNSAT (0.034 seconds)
7.19/7.24	['length', 'substr', 'substr']: UNSAT (0.110 seconds)
7.29/7.35	['length', 'substr', 'add']: UNSAT (0.087 seconds)
7.39/7.44	['length', 'substr', 'sub']: UNSAT (0.082 seconds)
7.49/7.52	['length', 'add', 'add']: UNSAT (0.047 seconds)
7.49/7.57	['length', 'add', 'sub']: UNSAT (0.047 seconds)
7.59/7.62	['length', 'sub', 'sub']: UNSAT (0.048 seconds)
7.59/7.67	['substr', 'substr', 'substr']: UNSAT (0.102 seconds)
7.69/7.77	['substr', 'substr', 'add']: UNSAT (0.079 seconds)
7.79/7.85	['substr', 'substr', 'sub']: UNSAT (0.091 seconds)
7.89/7.94	['substr', 'add', 'add']: UNSAT (0.088 seconds)
7.89/8.03	['substr', 'add', 'sub']: UNSAT (0.089 seconds)
8.03/8.12	['substr', 'sub', 'sub']: UNSAT (0.082 seconds)
8.19/8.20	['add', 'add', 'add']: UNSAT (0.059 seconds)
8.19/8.26	['add', 'add', 'sub']: UNSAT (0.059 seconds)
8.29/8.32	['add', 'sub', 'sub']: UNSAT (0.061 seconds)
8.29/8.39	['sub', 'sub', 'sub']: UNSAT (0.059 seconds)
8.39/8.44	['concat', 'concat', 'concat', 'concat']: UNSAT (0.278 seconds)
8.69/8.72	['concat', 'concat', 'concat', 'index']: UNSAT (0.100 seconds)
8.79/8.83	['concat', 'concat', 'concat', 'length']: UNSAT (0.086 seconds)
8.89/8.91	['concat', 'concat', 'concat', 'substr']: UNSAT (142.237 seconds)
151.12/151.15	['concat', 'concat', 'concat', 'add']: UNSAT (0.082 seconds)
151.18/151.23	['concat', 'concat', 'concat', 'sub']: UNSAT (0.081 seconds)
151.28/151.32	['concat', 'concat', 'index', 'index']: UNSAT (0.109 seconds)
151.38/151.43	['concat', 'concat', 'index', 'length']: UNSAT (0.092 seconds)
151.48/151.52	['concat', 'concat', 'index', 'substr']: UNSAT (26.029 seconds)
177.48/177.55	['concat', 'concat', 'index', 'add']: UNSAT (0.089 seconds)
177.58/177.64	['concat', 'concat', 'index', 'sub']: UNSAT (0.091 seconds)
177.68/177.73	['concat', 'concat', 'length', 'length']: UNSAT (0.071 seconds)
177.78/177.80	['concat', 'concat', 'length', 'substr']: UNSAT (3.773 seconds)
181.48/181.58	['concat', 'concat', 'length', 'add']: UNSAT (0.071 seconds)
181.58/181.65	['concat', 'concat', 'length', 'sub']: UNSAT (0.070 seconds)
181.68/181.72	['concat', 'concat', 'substr', 'substr']: UNSAT (7.975 seconds)
189.58/189.69	['concat', 'concat', 'substr', 'add']: UNSAT (2.030 seconds)
191.68/191.72	['concat', 'concat', 'substr', 'sub']: UNSAT (0.405 seconds)
192.02/192.13	['concat', 'concat', 'add', 'add']: UNSAT (0.079 seconds)
192.18/192.21	['concat', 'concat', 'add', 'sub']: UNSAT (0.077 seconds)
192.18/192.29	['concat', 'concat', 'sub', 'sub']: UNSAT (0.084 seconds)
192.28/192.37	['concat', 'index', 'index', 'index']: UNSAT (0.161 seconds)
192.48/192.54	['concat', 'index', 'index', 'length']: UNSAT (0.092 seconds)
192.58/192.63	['concat', 'index', 'index', 'substr']: UNSAT (9.645 seconds)
202.18/202.28	['concat', 'index', 'index', 'add']: UNSAT (0.098 seconds)
202.28/202.37	['concat', 'index', 'index', 'sub']: UNSAT (0.097 seconds)
202.38/202.47	['concat', 'index', 'length', 'length']: UNSAT (0.076 seconds)
202.48/202.55	['concat', 'index', 'length', 'substr']: UNSAT (2.851 seconds)
205.38/205.40	['concat', 'index', 'length', 'add']: UNSAT (0.077 seconds)
205.38/205.48	['concat', 'index', 'length', 'sub']: UNSAT (0.083 seconds)
205.48/205.56	['concat', 'index', 'substr', 'substr']: UNSAT (10.706 seconds)
216.17/216.27	['concat', 'index', 'substr', 'add']: UNSAT (4.281 seconds)
220.47/220.55	['concat', 'index', 'substr', 'sub']: UNSAT (2.015 seconds)
222.47/222.57	['concat', 'index', 'add', 'add']: UNSAT (0.092 seconds)
222.57/222.66	['concat', 'index', 'add', 'sub']: UNSAT (0.091 seconds)
222.68/222.75	['concat', 'index', 'sub', 'sub']: UNSAT (0.087 seconds)
222.78/222.84	['concat', 'length', 'length', 'length']: UNSAT (0.055 seconds)
222.88/222.90	['concat', 'length', 'length', 'substr']: UNSAT (0.149 seconds)
223.00/223.05	['concat', 'length', 'length', 'add']: UNSAT (0.061 seconds)
223.00/223.11	['concat', 'length', 'length', 'sub']: UNSAT (0.060 seconds)
223.11/223.17	['concat', 'length', 'substr', 'substr']: UNSAT (3.167 seconds)
226.28/226.34	['concat', 'length', 'substr', 'add']: UNSAT (0.618 seconds)
226.88/226.96	['concat', 'length', 'substr', 'sub']: UNSAT (0.551 seconds)
227.48/227.51	['concat', 'length', 'add', 'add']: UNSAT (0.070 seconds)
227.48/227.58	['concat', 'length', 'add', 'sub']: UNSAT (0.072 seconds)
227.58/227.65	['concat', 'length', 'sub', 'sub']: UNSAT (0.072 seconds)
227.68/227.73	['concat', 'substr', 'substr', 'substr']: UNSAT (0.789 seconds)
228.48/228.52	['concat', 'substr', 'substr', 'add']: UNSAT (0.743 seconds)
229.18/229.26	['concat', 'substr', 'substr', 'sub']: UNSAT (0.617 seconds)
229.78/229.88	['concat', 'substr', 'add', 'add']: UNSAT (0.654 seconds)
230.48/230.53	['concat', 'substr', 'add', 'sub']: UNSAT (0.387 seconds)
230.88/230.92	['concat', 'substr', 'sub', 'sub']: UNSAT (0.281 seconds)
231.18/231.20	['concat', 'add', 'add', 'add']: UNSAT (0.085 seconds)
231.18/231.29	['concat', 'add', 'add', 'sub']: UNSAT (0.085 seconds)
231.28/231.38	['concat', 'add', 'sub', 'sub']: UNSAT (0.084 seconds)
231.38/231.46	['concat', 'sub', 'sub', 'sub']: UNSAT (0.086 seconds)
231.48/231.55	['index', 'index', 'index', 'index']: UNSAT (0.120 seconds)
231.58/231.67	['index', 'index', 'index', 'length']: UNSAT (0.101 seconds)
231.68/231.77	['index', 'index', 'index', 'substr']: UNSAT (0.617 seconds)
232.28/232.39	['index', 'index', 'index', 'add']: UNSAT (0.112 seconds)
232.48/232.50	['index', 'index', 'index', 'sub']: UNSAT (0.110 seconds)
232.58/232.61	['index', 'index', 'length', 'length']: UNSAT (0.081 seconds)
232.58/232.69	['index', 'index', 'length', 'substr']: UNSAT (0.374 seconds)
233.02/233.07	['index', 'index', 'length', 'add']: UNSAT (0.088 seconds)
233.12/233.16	['index', 'index', 'length', 'sub']: UNSAT (0.089 seconds)
233.18/233.25	['index', 'index', 'substr', 'substr']: UNSAT (1.906 seconds)
235.12/235.16	['index', 'index', 'substr', 'add']: UNSAT (0.811 seconds)
235.88/235.97	['index', 'index', 'substr', 'sub']: UNSAT (0.587 seconds)
236.48/236.56	['index', 'index', 'add', 'add']: UNSAT (0.100 seconds)
236.58/236.66	['index', 'index', 'add', 'sub']: UNSAT (0.100 seconds)
236.68/236.76	['index', 'index', 'sub', 'sub']: UNSAT (0.102 seconds)
236.78/236.86	['index', 'length', 'length', 'length']: UNSAT (0.065 seconds)
236.88/236.93	['index', 'length', 'length', 'substr']: UNSAT (0.204 seconds)
237.02/237.13	['index', 'length', 'length', 'add']: UNSAT (0.069 seconds)
237.18/237.20	['index', 'length', 'length', 'sub']: UNSAT (0.066 seconds)
237.18/237.27	['index', 'length', 'substr', 'substr']: UNSAT (1.095 seconds)
238.28/238.36	['index', 'length', 'substr', 'add']: UNSAT (0.307 seconds)
238.58/238.67	['index', 'length', 'substr', 'sub']: UNSAT (0.276 seconds)
238.88/238.95	['index', 'length', 'add', 'add']: UNSAT (0.085 seconds)
238.88/239.03	['index', 'length', 'add', 'sub']: UNSAT (0.079 seconds)
239.02/239.11	['index', 'length', 'sub', 'sub']: UNSAT (0.081 seconds)
239.18/239.20	['index', 'substr', 'substr', 'substr']: UNSAT (2.764 seconds)
241.88/241.96	['index', 'substr', 'substr', 'add']: UNSAT (1.072 seconds)
242.88/243.03	['index', 'substr', 'substr', 'sub']: UNSAT (1.374 seconds)
244.38/244.41	['index', 'substr', 'add', 'add']: UNSAT (0.493 seconds)
244.88/244.90	['index', 'substr', 'add', 'sub']: UNSAT (0.588 seconds)
245.38/245.49	['index', 'substr', 'sub', 'sub']: UNSAT (0.343 seconds)
245.78/245.84	['index', 'add', 'add', 'add']: UNSAT (0.107 seconds)
245.88/245.94	['index', 'add', 'add', 'sub']: UNSAT (0.101 seconds)
246.02/246.05	['index', 'add', 'sub', 'sub']: UNSAT (0.109 seconds)
246.12/246.16	['index', 'sub', 'sub', 'sub']: UNSAT (0.106 seconds)
246.18/246.26	['length', 'length', 'length', 'length']: UNSAT (0.046 seconds)
246.28/246.31	['length', 'length', 'length', 'substr']: UNSAT (0.061 seconds)
246.28/246.37	['length', 'length', 'length', 'add']: UNSAT (0.052 seconds)
246.38/246.42	['length', 'length', 'length', 'sub']: UNSAT (0.051 seconds)
246.38/246.48	['length', 'length', 'substr', 'substr']: UNSAT (0.538 seconds)
246.88/247.01	['length', 'length', 'substr', 'add']: UNSAT (0.163 seconds)
247.12/247.18	['length', 'length', 'substr', 'sub']: UNSAT (0.156 seconds)
247.28/247.33	['length', 'length', 'add', 'add']: UNSAT (0.062 seconds)
247.38/247.40	['length', 'length', 'add', 'sub']: UNSAT (0.064 seconds)
247.38/247.46	['length', 'length', 'sub', 'sub']: UNSAT (0.064 seconds)
247.48/247.53	['length', 'substr', 'substr', 'substr']: UNSAT (0.515 seconds)
248.02/248.04	['length', 'substr', 'substr', 'add']: UNSAT (0.487 seconds)
248.48/248.53	['length', 'substr', 'substr', 'sub']: UNSAT (0.523 seconds)
249.02/249.05	['length', 'substr', 'add', 'add']: UNSAT (0.406 seconds)
249.38/249.46	['length', 'substr', 'add', 'sub']: UNSAT (0.404 seconds)
249.78/249.87	['length', 'substr', 'sub', 'sub']: UNSAT (0.301 seconds)
250.12/250.17	['length', 'add', 'add', 'add']: UNSAT (0.081 seconds)
250.18/250.25	['length', 'add', 'add', 'sub']: UNSAT (0.077 seconds)
250.28/250.33	['length', 'add', 'sub', 'sub']: UNSAT (0.078 seconds)
250.38/250.41	['length', 'sub', 'sub', 'sub']: UNSAT (0.078 seconds)
250.38/250.49	['substr', 'substr', 'substr', 'substr']: UNSAT (0.205 seconds)
250.58/250.69	['substr', 'substr', 'substr', 'add']: UNSAT (0.203 seconds)
250.88/250.90	['substr', 'substr', 'substr', 'sub']: UNSAT (0.219 seconds)
251.02/251.12	['substr', 'substr', 'add', 'add']: UNSAT (0.255 seconds)
251.28/251.37	['substr', 'substr', 'add', 'sub']: UNSAT (0.248 seconds)
251.58/251.62	['substr', 'substr', 'sub', 'sub']: UNSAT (0.279 seconds)
251.88/251.90	['substr', 'add', 'add', 'add']: UNSAT (0.383 seconds)
252.18/252.28	['substr', 'add', 'add', 'sub']: UNSAT (0.555 seconds)
252.78/252.84	['substr', 'add', 'sub', 'sub']: UNSAT (0.370 seconds)
253.18/253.21	['substr', 'sub', 'sub', 'sub']: UNSAT (0.379 seconds)
253.48/253.59	['add', 'add', 'add', 'add']: UNSAT (0.095 seconds)
253.58/253.69	['add', 'add', 'add', 'sub']: UNSAT (0.096 seconds)
253.68/253.79	['add', 'add', 'sub', 'sub']: UNSAT (0.095 seconds)
253.78/253.88	['add', 'sub', 'sub', 'sub']: UNSAT (0.094 seconds)
253.88/253.98	['sub', 'sub', 'sub', 'sub']: UNSAT (0.093 seconds)
254.02/254.07	['concat', 'concat', 'concat', 'concat', 'concat']: UNSAT (0.854 seconds)
254.88/254.93	['concat', 'concat', 'concat', 'concat', 'index']: UNSAT (0.145 seconds)
255.02/255.07	['concat', 'concat', 'concat', 'concat', 'length']: UNSAT (0.123 seconds)
255.18/255.20	['concat', 'concat', 'concat', 'concat', 'substr']: 