0.12/0.19	=== Examples (../../dataset/examples/examples-64.json)
0.12/0.19	IO(inputs=('# this is a comment',), output='# this is a comment')
0.12/0.19	IO(inputs=('code code code # comment',), output='# comment')
0.12/0.19	IO(inputs=('sigh more code # more comments',), output='# more comments')
0.12/0.19	=== Library
0.12/0.19	concat
0.12/0.19	index
0.12/0.19	length
0.12/0.19	substr
0.12/0.19	add
0.12/0.19	sub
0.12/0.19	=== Synthesis
0.12/0.19	['concat']: UNSAT (0.030 seconds)
0.12/0.22	['index']: UNSAT (0.031 seconds)
0.12/0.26	['length']: UNSAT (0.022 seconds)
0.12/0.28	['substr']: UNSAT (0.033 seconds)
0.26/0.31	['add']: UNSAT (0.026 seconds)
0.26/0.34	['sub']: UNSAT (0.026 seconds)
0.26/0.37	['concat', 'concat']: UNSAT (0.058 seconds)
0.36/0.43	['concat', 'index']: UNSAT (0.055 seconds)
0.46/0.48	['concat', 'length']: UNSAT (0.040 seconds)
0.46/0.52	['concat', 'substr']: UNSAT (0.055 seconds)
0.46/0.58	['concat', 'add']: UNSAT (0.033 seconds)
0.46/0.61	['concat', 'sub']: UNSAT (0.034 seconds)
0.61/0.65	['index', 'index']: UNSAT (0.045 seconds)
0.61/0.69	['index', 'length']: UNSAT (0.034 seconds)
0.70/0.73	['index', 'substr']: UNSAT (0.071 seconds)
0.79/0.80	['index', 'add']: UNSAT (0.040 seconds)
0.79/0.84	['index', 'sub']: UNSAT (0.042 seconds)
0.79/0.88	['length', 'length']: UNSAT (0.023 seconds)
0.89/0.91	['length', 'substr']: UNSAT (0.044 seconds)
0.89/0.95	['length', 'add']: UNSAT (0.030 seconds)
0.89/0.98	['length', 'sub']: UNSAT (0.028 seconds)
0.99/1.01	['substr', 'substr']: UNSAT (0.052 seconds)
0.99/1.06	['substr', 'add']: UNSAT (0.044 seconds)
0.99/1.11	['substr', 'sub']: UNSAT (0.044 seconds)
1.12/1.15	['add', 'add']: UNSAT (0.036 seconds)
1.12/1.19	['add', 'sub']: UNSAT (0.037 seconds)
1.12/1.23	['sub', 'sub']: UNSAT (0.037 seconds)
1.23/1.26	['concat', 'concat', 'concat']: UNSAT (0.187 seconds)
1.39/1.45	['concat', 'concat', 'index']: UNSAT (0.068 seconds)
1.49/1.52	['concat', 'concat', 'length']: UNSAT (0.052 seconds)
1.49/1.57	['concat', 'concat', 'substr']: UNSAT (0.321 seconds)
1.79/1.89	['concat', 'concat', 'add']: UNSAT (0.053 seconds)
1.89/1.95	['concat', 'concat', 'sub']: UNSAT (0.058 seconds)
1.99/2.01	['concat', 'index', 'index']: UNSAT (0.077 seconds)
1.99/2.09	['concat', 'index', 'length']: UNSAT (0.055 seconds)
2.12/2.14	['concat', 'index', 'substr']: SAT (5.604 seconds)
7.68/7.75	substr(concat(arg0, arg0), index(concat(arg0, arg0), '#', 16), index(concat(arg0, arg0), '#', 16))
