0.11/0.20	=== Examples (../../dataset/examples/examples-73.json)
0.11/0.20	IO(inputs=('Sed metus urna turpis duis.',), output='...rpis duis.')
0.11/0.20	IO(inputs=('Praesent vitae dui posuere.',), output='...i posuere.')
0.11/0.20	IO(inputs=('Fusce sapien eros volutpat.',), output='... volutpat.')
0.11/0.20	=== Library
0.11/0.20	concat
0.11/0.20	index
0.11/0.20	length
0.11/0.20	substr
0.11/0.20	add
0.11/0.20	sub
0.11/0.20	=== Synthesis
0.11/0.20	['concat']: UNSAT (0.031 seconds)
0.11/0.23	['index']: UNSAT (0.031 seconds)
0.11/0.27	['length']: UNSAT (0.022 seconds)
0.11/0.29	['substr']: UNSAT (0.063 seconds)
0.29/0.35	['add']: UNSAT (0.030 seconds)
0.29/0.38	['sub']: UNSAT (0.028 seconds)
0.41/0.41	['concat', 'concat']: UNSAT (0.060 seconds)
0.47/0.47	['concat', 'index']: UNSAT (0.056 seconds)
0.47/0.53	['concat', 'length']: UNSAT (0.041 seconds)
0.57/0.57	['concat', 'substr']: SAT (0.223 seconds)
0.79/0.80	concat('...', substr(arg0, 17, 17))
