0.11/0.18	=== Examples (../../dataset/examples/examples-88.json)
0.11/0.18	IO(inputs=('alo_helloworld',), output='hellowor')
0.11/0.18	IO(inputs=('123_testtest',), output='testte')
0.11/0.18	IO(inputs=('wazzuuuuuuuuup_xyz',), output='xyz')
0.11/0.18	=== Library
0.11/0.18	concat
0.11/0.18	index
0.11/0.18	length
0.11/0.18	substr
0.11/0.18	add
0.11/0.18	sub
0.11/0.18	=== Synthesis
0.11/0.18	['concat']: UNSAT (0.024 seconds)
0.11/0.21	['index']: UNSAT (0.026 seconds)
0.11/0.23	['length']: UNSAT (0.017 seconds)
0.11/0.25	['substr']: UNSAT (0.029 seconds)
0.11/0.28	['add']: UNSAT (0.022 seconds)
0.27/0.30	['sub']: UNSAT (0.021 seconds)
0.27/0.33	['concat', 'concat']: UNSAT (0.049 seconds)
0.35/0.38	['concat', 'index']: UNSAT (0.042 seconds)
0.35/0.42	['concat', 'length']: UNSAT (0.032 seconds)
0.35/0.45	['concat', 'substr']: UNSAT (0.072 seconds)
0.44/0.52	['concat', 'add']: UNSAT (0.036 seconds)
0.44/0.56	['concat', 'sub']: UNSAT (0.035 seconds)
0.57/0.60	['index', 'index']: UNSAT (0.050 seconds)
0.64/0.65	['index', 'length']: UNSAT (0.033 seconds)
0.64/0.68	['index', 'substr']: UNSAT (0.111 seconds)
0.69/0.79	['index', 'add']: UNSAT (0.043 seconds)
0.79/0.84	['index', 'sub']: UNSAT (0.041 seconds)
0.79/0.88	['length', 'length']: UNSAT (0.026 seconds)
0.89/0.91	['length', 'substr']: UNSAT (0.041 seconds)
0.89/0.95	['length', 'add']: UNSAT (0.027 seconds)
0.89/0.98	['length', 'sub']: UNSAT (0.031 seconds)
0.89/1.01	['substr', 'substr']: UNSAT (0.055 seconds)
1.01/1.06	['substr', 'add']: UNSAT (0.048 seconds)
1.01/1.11	['substr', 'sub']: UNSAT (0.047 seconds)
1.13/1.16	['add', 'add']: UNSAT (0.038 seconds)
1.19/1.20	['add', 'sub']: UNSAT (0.037 seconds)
1.19/1.24	['sub', 'sub']: UNSAT (0.036 seconds)
1.19/1.27	['concat', 'concat', 'concat']: UNSAT (0.171 seconds)
1.39/1.45	['concat', 'concat', 'index']: UNSAT (0.071 seconds)
1.49/1.52	['concat', 'concat', 'length']: UNSAT (0.055 seconds)
1.49/1.57	['concat', 'concat', 'substr']: UNSAT (0.274 seconds)
1.79/1.85	['concat', 'concat', 'add']: UNSAT (0.053 seconds)
1.89/1.90	['concat', 'concat', 'sub']: UNSAT (0.052 seconds)
1.89/1.96	['concat', 'index', 'index']: UNSAT (0.073 seconds)
1.89/2.03	['concat', 'index', 'length']: UNSAT (0.060 seconds)
2.01/2.09	['concat', 'index', 'substr']: UNSAT (8.243 seconds)
10.28/10.33	['concat', 'index', 'add']: UNSAT (0.070 seconds)
10.38/10.40	['concat', 'index', 'sub']: UNSAT (0.062 seconds)
10.38/10.47	['concat', 'length', 'length']: UNSAT (0.054 seconds)
10.48/10.52	['concat', 'length', 'substr']: UNSAT (0.130 seconds)
10.58/10.65	['concat', 'length', 'add']: UNSAT (0.059 seconds)
10.68/10.71	['concat', 'length', 'sub']: UNSAT (0.060 seconds)
10.68/10.78	['concat', 'substr', 'substr']: UNSAT (0.207 seconds)
10.88/10.98	['concat', 'substr', 'add']: UNSAT (0.130 seconds)
11.00/11.12	['concat', 'substr', 'sub']: UNSAT (0.125 seconds)
11.19/11.24	['concat', 'add', 'add']: UNSAT (0.072 seconds)
11.29/11.32	['concat', 'add', 'sub']: UNSAT (0.071 seconds)
11.29/11.39	['concat', 'sub', 'sub']: UNSAT (0.069 seconds)
11.39/11.46	['index', 'index', 'index']: UNSAT (0.101 seconds)
11.49/11.56	['index', 'index', 'length']: UNSAT (0.081 seconds)
11.59/11.64	['index', 'index', 'substr']: UNSAT (3.816 seconds)
15.39/15.46	['index', 'index', 'add']: UNSAT (0.109 seconds)
15.49/15.57	['index', 'index', 'sub']: UNSAT (0.091 seconds)
15.59/15.66	['index', 'length', 'length']: UNSAT (0.060 seconds)
15.69/15.72	['index', 'length', 'substr']: UNSAT (0.236 seconds)
15.89/15.96	['index', 'length', 'add']: UNSAT (0.070 seconds)
15.89/16.03	['index', 'length', 'sub']: UNSAT (0.061 seconds)
16.01/16.09	['index', 'substr', 'substr']: UNSAT (0.391 seconds)
16.39/16.49	['index', 'substr', 'add']: UNSAT (1.310 seconds)
17.79/17.80	['index', 'substr', 'sub']: UNSAT (0.602 seconds)
18.39/18.40	['index', 'add', 'add']: UNSAT (0.067 seconds)
18.39/18.47	['index', 'add', 'sub']: UNSAT (0.065 seconds)
18.49/18.54	['index', 'sub', 'sub']: UNSAT (0.069 seconds)
18.59/18.61	['length', 'length', 'length']: UNSAT (0.035 seconds)
18.59/18.64	['length', 'length', 'substr']: UNSAT (0.059 seconds)
18.69/18.70	['length', 'length', 'add']: UNSAT (0.039 seconds)
18.69/18.74	['length', 'length', 'sub']: UNSAT (0.039 seconds)
18.69/18.78	['length', 'substr', 'substr']: UNSAT (0.145 seconds)
18.89/18.93	['length', 'substr', 'add']: UNSAT (0.080 seconds)
18.89/19.01	['length', 'substr', 'sub']: UNSAT (0.085 seconds)
19.01/19.09	['length', 'add', 'add']: UNSAT (0.050 seconds)
19.13/19.14	['length', 'add', 'sub']: UNSAT (0.050 seconds)
19.13/19.20	['length', 'sub', 'sub']: UNSAT (0.050 seconds)
19.19/19.25	['substr', 'substr', 'substr']: UNSAT (0.117 seconds)
19.29/19.36	['substr', 'substr', 'add']: UNSAT (0.090 seconds)
19.39/19.45	['substr', 'substr', 'sub']: UNSAT (0.093 seconds)
19.49/19.55	['substr', 'add', 'add']: UNSAT (0.116 seconds)
19.59/19.67	['substr', 'add', 'sub']: UNSAT (0.095 seconds)
19.69/19.76	['substr', 'sub', 'sub']: UNSAT (0.089 seconds)
19.79/19.85	['add', 'add', 'add']: UNSAT (0.064 seconds)
19.89/19.92	['add', 'add', 'sub']: UNSAT (0.063 seconds)
19.89/19.98	['add', 'sub', 'sub']: UNSAT (0.063 seconds)
20.01/20.04	['sub', 'sub', 'sub']: UNSAT (0.064 seconds)
20.01/20.11	['concat', 'concat', 'concat', 'concat']: UNSAT (0.290 seconds)
20.39/20.40	['concat', 'concat', 'concat', 'index']: UNSAT (0.105 seconds)
20.49/20.51	['concat', 'concat', 'concat', 'length']: UNSAT (0.087 seconds)
20.49/20.59	['concat', 'concat', 'concat', 'substr']: UNSAT (2.231 seconds)
22.78/22.83	['concat', 'concat', 'concat', 'add']: UNSAT (0.083 seconds)
22.88/22.91	['concat', 'concat', 'concat', 'sub']: UNSAT (0.084 seconds)
22.88/22.99	['concat', 'concat', 'index', 'index']: UNSAT (0.108 seconds)
23.01/23.10	['concat', 'concat', 'index', 'length']: UNSAT (0.089 seconds)
23.13/23.19	['concat', 'concat', 'index', 'substr']: UNSAT (83.770 seconds)
106.87/106.97	['concat', 'concat', 'index', 'add']: UNSAT (0.092 seconds)
106.99/107.06	['concat', 'concat', 'index', 'sub']: UNSAT (0.091 seconds)
107.11/107.15	['concat', 'concat', 'length', 'length']: UNSAT (0.071 seconds)
107.17/107.22	['concat', 'concat', 'length', 'substr']: UNSAT (1.446 seconds)
108.57/108.67	['concat', 'concat', 'length', 'add']: UNSAT (0.071 seconds)
108.67/108.74	['concat', 'concat', 'length', 'sub']: UNSAT (0.072 seconds)
108.77/108.81	['concat', 'concat', 'substr', 'substr']: UNSAT (1.412 seconds)
110.17/110.23	['concat', 'concat', 'substr', 'add']: UNSAT (0.923 seconds)
111.11/111.15	['concat', 'concat', 'substr', 'sub']: UNSAT (0.314 seconds)
111.37/111.47	['concat', 'concat', 'add', 'add']: UNSAT (0.078 seconds)
111.47/111.55	['concat', 'concat', 'add', 'sub']: UNSAT (0.078 seconds)
111.57/111.62	['concat', 'concat', 'sub', 'sub']: UNSAT (0.094 seconds)
111.67/111.72	['concat', 'index', 'index', 'index']: UNSAT (0.115 seconds)
111.77/111.84	['concat', 'index', 'index', 'length']: UNSAT (0.095 seconds)
111.87/111.93	['concat', 'index', 'index', 'substr']: UNKNOWN (406.694 seconds)
518.56/518.63	Reason: smt tactic failed to show goal to be sat/unsat max-conflicts-reached
518.56/518.63	Reason: smt tactic failed to show goal to be sat/unsat max-conflicts-reached
518.56/518.63	['concat', 'index', 'index', 'add']: UNSAT (0.099 seconds)
518.65/518.73	['concat', 'index', 'index', 'sub']: UNSAT (0.101 seconds)
518.75/518.83	['concat', 'index', 'length', 'length']: UNSAT (0.074 seconds)
518.85/518.90	['concat', 'index', 'length', 'substr']: UNSAT (4.413 seconds)
523.25/523.32	['concat', 'index', 'length', 'add']: UNSAT (0.081 seconds)
523.35/523.40	['concat', 'index', 'length', 'sub']: UNSAT (0.078 seconds)
523.35/523.48	['concat', 'index', 'substr', 'substr']: 