0.12/0.20	=== Examples (../../dataset/examples/examples-33.json)
0.12/0.20	IO(inputs=('A001 John Doe',), output='John')
0.12/0.20	IO(inputs=('B234 Jane Moe',), output='Jane')
0.12/0.20	IO(inputs=('C099 Not a standard',), output='Not ')
0.12/0.20	=== Library
0.12/0.20	concat
0.12/0.20	index
0.12/0.20	length
0.12/0.20	substr
0.12/0.20	add
0.12/0.20	sub
0.12/0.20	=== Synthesis
0.12/0.20	['concat']: UNSAT (0.032 seconds)
0.12/0.23	['index']: UNSAT (0.030 seconds)
0.12/0.26	['length']: UNSAT (0.021 seconds)
0.12/0.28	['substr']: UNSAT (0.037 seconds)
0.28/0.32	['add']: UNSAT (0.027 seconds)
0.28/0.35	['sub']: UNSAT (0.026 seconds)
0.28/0.37	['concat', 'concat']: UNSAT (0.057 seconds)
0.38/0.43	['concat', 'index']: UNSAT (0.054 seconds)
0.38/0.49	['concat', 'length']: UNSAT (0.040 seconds)
0.47/0.53	['concat', 'substr']: UNSAT (0.184 seconds)
0.70/0.71	['concat', 'add']: UNSAT (0.037 seconds)
0.70/0.75	['concat', 'sub']: UNSAT (0.035 seconds)
0.70/0.79	['index', 'index']: UNSAT (0.045 seconds)
0.80/0.83	['index', 'length']: UNSAT (0.030 seconds)
0.80/0.86	['index', 'substr']: UNSAT (0.733 seconds)
1.50/1.60	['index', 'add']: UNSAT (0.041 seconds)
1.60/1.64	['index', 'sub']: UNSAT (0.043 seconds)
1.60/1.68	['length', 'length']: UNSAT (0.024 seconds)
1.60/1.71	['length', 'substr']: SAT (0.069 seconds)
1.70/1.78	substr(arg0, length('\\x00\\x00\\x00\\x00\\x00'), 4)
