0.11/0.18	=== Examples (../../dataset/examples/examples-07.json)
0.11/0.18	IO(inputs=('Sub of by way',), output='Sub of<br /> by way')
0.11/0.18	IO(inputs=('again sub of by way',), output='again sub of<br /> by way')
0.11/0.18	IO(inputs=('one more time sub of by way',), output='one more time sub of<br /> by way')
0.11/0.18	=== Library
0.11/0.18	concat
0.11/0.18	index
0.11/0.18	length
0.11/0.18	substr
0.11/0.18	add
0.11/0.18	sub
0.11/0.18	=== Synthesis
0.11/0.18	['concat']: UNSAT (0.025 seconds)
0.11/0.20	['index']: UNSAT (0.024 seconds)
0.11/0.23	['length']: UNSAT (0.017 seconds)
0.11/0.24	['substr']: UNSAT (0.026 seconds)
0.11/0.27	['add']: UNSAT (0.021 seconds)
0.11/0.29	['sub']: UNSAT (0.020 seconds)
0.28/0.31	['concat', 'concat']: UNSAT (0.090 seconds)
0.37/0.40	['concat', 'index']: UNSAT (0.044 seconds)
0.37/0.45	['concat', 'length']: UNSAT (0.034 seconds)
0.46/0.48	['concat', 'substr']: UNSAT (0.099 seconds)
0.55/0.58	['concat', 'add']: UNSAT (0.034 seconds)
0.55/0.62	['concat', 'sub']: UNSAT (0.036 seconds)
0.62/0.66	['index', 'index']: UNSAT (0.048 seconds)
0.69/0.70	['index', 'length']: UNSAT (0.035 seconds)
0.69/0.74	['index', 'substr']: UNSAT (0.050 seconds)
0.69/0.79	['index', 'add']: UNSAT (0.043 seconds)
0.79/0.83	['index', 'sub']: UNSAT (0.041 seconds)
0.79/0.88	['length', 'length']: UNSAT (0.024 seconds)
0.89/0.90	['length', 'substr']: UNSAT (0.042 seconds)
0.89/0.94	['length', 'add']: UNSAT (0.028 seconds)
0.89/0.97	['length', 'sub']: UNSAT (0.031 seconds)
0.89/1.00	['substr', 'substr']: UNSAT (0.050 seconds)
1.02/1.05	['substr', 'add']: UNSAT (0.043 seconds)
1.02/1.10	['substr', 'sub']: UNSAT (0.043 seconds)
1.13/1.14	['add', 'add']: UNSAT (0.038 seconds)
1.13/1.18	['add', 'sub']: UNSAT (0.040 seconds)
1.19/1.22	['sub', 'sub']: UNSAT (0.037 seconds)
1.19/1.26	['concat', 'concat', 'concat']: UNSAT (1.215 seconds)
2.39/2.48	['concat', 'concat', 'index']: UNSAT (0.067 seconds)
2.49/2.54	['concat', 'concat', 'length']: UNSAT (0.056 seconds)
2.59/2.60	['concat', 'concat', 'substr']: UNSAT (1.031 seconds)
3.59/3.63	['concat', 'concat', 'add']: UNSAT (0.054 seconds)
3.59/3.69	['concat', 'concat', 'sub']: UNSAT (0.054 seconds)
3.68/3.74	['concat', 'index', 'index']: UNSAT (0.077 seconds)
3.78/3.82	['concat', 'index', 'length']: UNSAT (0.058 seconds)
3.78/3.88	['concat', 'index', 'substr']: UNSAT (0.253 seconds)
4.01/4.13	['concat', 'index', 'add']: UNSAT (0.063 seconds)
4.18/4.20	['concat', 'index', 'sub']: UNSAT (0.063 seconds)
4.18/4.26	['concat', 'length', 'length']: UNSAT (0.043 seconds)
4.28/4.31	['concat', 'length', 'substr']: UNSAT (0.090 seconds)
4.38/4.40	['concat', 'length', 'add']: UNSAT (0.045 seconds)
4.38/4.44	['concat', 'length', 'sub']: UNSAT (0.048 seconds)
4.38/4.49	['concat', 'substr', 'substr']: UNSAT (0.152 seconds)
4.58/4.64	['concat', 'substr', 'add']: UNSAT (0.092 seconds)
4.68/4.74	['concat', 'substr', 'sub']: UNSAT (0.089 seconds)
4.78/4.83	['concat', 'add', 'add']: UNSAT (0.055 seconds)
4.78/4.88	['concat', 'add', 'sub']: UNSAT (0.055 seconds)
4.88/4.94	['concat', 'sub', 'sub']: UNSAT (0.054 seconds)
4.88/4.99	['index', 'index', 'index']: UNSAT (0.085 seconds)
5.01/5.08	['index', 'index', 'length']: UNSAT (0.063 seconds)
5.13/5.14	['index', 'index', 'substr']: UNSAT (0.090 seconds)
5.18/5.23	['index', 'index', 'add']: UNSAT (0.069 seconds)
5.28/5.30	['index', 'index', 'sub']: UNSAT (0.070 seconds)
5.28/5.37	['index', 'length', 'length']: UNSAT (0.048 seconds)
5.38/5.42	['index', 'length', 'substr']: UNSAT (0.073 seconds)
5.48/5.50	['index', 'length', 'add']: UNSAT (0.052 seconds)
5.48/5.55	['index', 'length', 'sub']: UNSAT (0.053 seconds)
5.58/5.60	['index', 'substr', 'substr']: UNSAT (0.117 seconds)
5.68/5.72	['index', 'substr', 'add']: UNSAT (0.083 seconds)
5.78/5.81	['index', 'substr', 'sub']: UNSAT (0.086 seconds)
5.78/5.89	['index', 'add', 'add']: UNSAT (0.065 seconds)
5.88/5.96	['index', 'add', 'sub']: UNSAT (0.071 seconds)
5.88/6.03	['index', 'sub', 'sub']: UNSAT (0.083 seconds)
6.02/6.11	['length', 'length', 'length']: UNSAT (0.062 seconds)
6.14/6.18	['length', 'length', 'substr']: UNSAT (0.052 seconds)
6.18/6.23	['length', 'length', 'add']: UNSAT (0.042 seconds)
6.18/6.27	['length', 'length', 'sub']: UNSAT (0.040 seconds)
6.28/6.31	['length', 'substr', 'substr']: UNSAT (0.075 seconds)
6.28/6.39	['length', 'substr', 'add']: UNSAT (0.059 seconds)
6.38/6.45	['length', 'substr', 'sub']: UNSAT (0.060 seconds)
6.48/6.51	['length', 'add', 'add']: UNSAT (0.049 seconds)
6.48/6.56	['length', 'add', 'sub']: UNSAT (0.050 seconds)
6.58/6.61	['length', 'sub', 'sub']: UNSAT (0.049 seconds)
6.58/6.66	['substr', 'substr', 'substr']: UNSAT (0.097 seconds)
6.68/6.76	['substr', 'substr', 'add']: UNSAT (0.082 seconds)
6.78/6.84	['substr', 'substr', 'sub']: UNSAT (0.083 seconds)
6.88/6.93	['substr', 'add', 'add']: UNSAT (0.073 seconds)
6.88/7.00	['substr', 'add', 'sub']: UNSAT (0.072 seconds)
7.01/7.07	['substr', 'sub', 'sub']: UNSAT (0.075 seconds)
7.13/7.15	['add', 'add', 'add']: UNSAT (0.105 seconds)
7.18/7.26	['add', 'add', 'sub']: UNSAT (0.080 seconds)
7.28/7.34	['add', 'sub', 'sub']: UNSAT (0.080 seconds)
7.38/7.42	['sub', 'sub', 'sub']: UNSAT (0.080 seconds)
7.48/7.50	['concat', 'concat', 'concat', 'concat']: UNSAT (583.718 seconds)
591.17/591.22	['concat', 'concat', 'concat', 'index']: UNSAT (0.109 seconds)
591.27/591.33	['concat', 'concat', 'concat', 'length']: UNSAT (0.095 seconds)
591.36/591.43	['concat', 'concat', 'concat', 'substr']: 