0.13/0.20	=== Examples (../../dataset/examples/examples-49.json)
0.13/0.20	IO(inputs=('john', 'doe'), output='JOHN DOE')
0.13/0.20	IO(inputs=('jane', 'smith'), output='JANE SMITH')
0.13/0.20	IO(inputs=('michael', 'scott'), output='MICHAEL SCOTT')
0.13/0.20	=== Library
0.13/0.20	concat
0.13/0.20	index
0.13/0.20	length
0.13/0.20	substr
0.13/0.20	add
0.13/0.20	sub
0.13/0.20	=== Synthesis
0.13/0.20	['concat']: UNSAT (0.034 seconds)
0.13/0.23	['index']: UNSAT (0.034 seconds)
0.13/0.27	['length']: UNSAT (0.023 seconds)
0.27/0.29	['substr']: UNSAT (0.034 seconds)
0.27/0.32	['add']: UNSAT (0.028 seconds)
0.27/0.35	['sub']: UNSAT (0.028 seconds)
0.36/0.38	['concat', 'concat']: UNSAT (0.064 seconds)
0.36/0.45	['concat', 'index']: UNSAT (0.061 seconds)
0.46/0.51	['concat', 'length']: UNSAT (0.045 seconds)
0.46/0.55	['concat', 'substr']: UNSAT (0.062 seconds)
0.58/0.62	['concat', 'add']: UNSAT (0.036 seconds)
0.63/0.65	['concat', 'sub']: UNSAT (0.035 seconds)
0.63/0.69	['index', 'index']: UNSAT (0.051 seconds)
0.69/0.74	['index', 'length']: UNSAT (0.039 seconds)
0.69/0.78	['index', 'substr']: UNSAT (0.053 seconds)
0.79/0.84	['index', 'add']: UNSAT (0.042 seconds)
0.79/0.88	['index', 'sub']: UNSAT (0.045 seconds)
0.89/0.92	['length', 'length']: UNSAT (0.026 seconds)
0.89/0.95	['length', 'substr']: UNSAT (0.040 seconds)
0.89/0.99	['length', 'add']: UNSAT (0.030 seconds)
0.89/1.02	['length', 'sub']: UNSAT (0.030 seconds)
1.03/1.05	['substr', 'substr']: UNSAT (0.050 seconds)
1.03/1.10	['substr', 'add']: UNSAT (0.043 seconds)
1.13/1.15	['substr', 'sub']: UNSAT (0.042 seconds)
1.13/1.19	['add', 'add']: UNSAT (0.040 seconds)
1.19/1.23	['add', 'sub']: UNSAT (0.041 seconds)
1.19/1.27	['sub', 'sub']: UNSAT (0.037 seconds)
1.29/1.31	['concat', 'concat', 'concat']: UNSAT (0.688 seconds)
1.89/2.00	['concat', 'concat', 'index']: UNSAT (0.071 seconds)
2.02/2.07	['concat', 'concat', 'length']: UNSAT (0.054 seconds)
2.02/2.13	['concat', 'concat', 'substr']: UNSAT (0.181 seconds)
2.29/2.31	['concat', 'concat', 'add']: UNSAT (0.056 seconds)
2.29/2.36	['concat', 'concat', 'sub']: UNSAT (0.054 seconds)
2.39/2.42	['concat', 'index', 'index']: UNSAT (0.079 seconds)
2.49/2.50	['concat', 'index', 'length']: UNSAT (0.062 seconds)
2.49/2.56	['concat', 'index', 'substr']: UNSAT (0.098 seconds)
2.59/2.66	['concat', 'index', 'add']: UNSAT (0.063 seconds)
2.69/2.73	['concat', 'index', 'sub']: UNSAT (0.071 seconds)
2.79/2.80	['concat', 'length', 'length']: UNSAT (0.049 seconds)
2.79/2.85	['concat', 'length', 'substr']: UNSAT (0.086 seconds)
2.89/2.93	['concat', 'length', 'add']: UNSAT (0.052 seconds)
2.89/2.99	['concat', 'length', 'sub']: UNSAT (0.046 seconds)
2.89/3.03	['concat', 'substr', 'substr']: UNSAT (0.095 seconds)
3.03/3.13	['concat', 'substr', 'add']: UNSAT (0.069 seconds)
3.19/3.20	['concat', 'substr', 'sub']: UNSAT (0.069 seconds)
3.19/3.27	['concat', 'add', 'add']: UNSAT (0.055 seconds)
3.29/3.32	['concat', 'add', 'sub']: UNSAT (0.059 seconds)
3.29/3.38	['concat', 'sub', 'sub']: UNSAT (0.055 seconds)
3.39/3.44	['index', 'index', 'index']: UNSAT (0.080 seconds)
3.49/3.52	['index', 'index', 'length']: UNSAT (0.063 seconds)
3.49/3.58	['index', 'index', 'substr']: UNSAT (0.098 seconds)
3.59/3.68	['index', 'index', 'add']: UNSAT (0.071 seconds)
3.69/3.76	['index', 'index', 'sub']: UNSAT (0.071 seconds)
3.79/3.83	['index', 'length', 'length']: UNSAT (0.053 seconds)
3.79/3.88	['index', 'length', 'substr']: UNSAT (0.074 seconds)
3.89/3.96	['index', 'length', 'add']: UNSAT (0.056 seconds)
3.89/4.01	['index', 'length', 'sub']: UNSAT (0.055 seconds)
4.02/4.07	['index', 'substr', 'substr']: UNSAT (0.104 seconds)
4.12/4.17	['index', 'substr', 'add']: UNSAT (0.084 seconds)
4.19/4.26	['index', 'substr', 'sub']: UNSAT (0.081 seconds)
4.29/4.34	['index', 'add', 'add']: UNSAT (0.068 seconds)
4.39/4.41	['index', 'add', 'sub']: UNSAT (0.066 seconds)
4.39/4.48	['index', 'sub', 'sub']: UNSAT (0.064 seconds)
4.49/4.54	['length', 'length', 'length']: UNSAT (0.034 seconds)
4.49/4.58	['length', 'length', 'substr']: UNSAT (0.050 seconds)
4.59/4.63	['length', 'length', 'add']: UNSAT (0.038 seconds)
4.59/4.67	['length', 'length', 'sub']: UNSAT (0.039 seconds)
4.69/4.71	['length', 'substr', 'substr']: UNSAT (0.068 seconds)
4.69/4.77	['length', 'substr', 'add']: UNSAT (0.059 seconds)
4.79/4.83	['length', 'substr', 'sub']: UNSAT (0.061 seconds)
4.79/4.90	['length', 'add', 'add']: UNSAT (0.054 seconds)
4.89/4.95	['length', 'add', 'sub']: UNSAT (0.051 seconds)
4.89/5.00	['length', 'sub', 'sub']: UNSAT (0.051 seconds)
5.03/5.05	['substr', 'substr', 'substr']: UNSAT (0.082 seconds)
5.03/5.14	['substr', 'substr', 'add']: UNSAT (0.072 seconds)
5.19/5.21	['substr', 'substr', 'sub']: UNSAT (0.072 seconds)
5.19/5.28	['substr', 'add', 'add']: UNSAT (0.068 seconds)
5.29/5.35	['substr', 'add', 'sub']: UNSAT (0.064 seconds)
5.39/5.42	['substr', 'sub', 'sub']: UNSAT (0.066 seconds)
5.39/5.48	['add', 'add', 'add']: UNSAT (0.063 seconds)
5.49/5.55	['add', 'add', 'sub']: UNSAT (0.062 seconds)
5.59/5.61	['add', 'sub', 'sub']: UNSAT (0.062 seconds)
5.59/5.67	['sub', 'sub', 'sub']: UNSAT (0.063 seconds)
5.69/5.74	['concat', 'concat', 'concat', 'concat']: UNSAT (169.982 seconds)
175.68/175.72	['concat', 'concat', 'concat', 'index']: UNSAT (0.108 seconds)
175.78/175.83	['concat', 'concat', 'concat', 'length']: UNSAT (0.088 seconds)
175.88/175.92	['concat', 'concat', 'concat', 'substr']: UNSAT (76.479 seconds)
252.38/252.40	['concat', 'concat', 'concat', 'add']: UNSAT (0.087 seconds)
252.38/252.48	['concat', 'concat', 'concat', 'sub']: UNSAT (0.083 seconds)
252.48/252.57	['concat', 'concat', 'index', 'index']: UNSAT (0.113 seconds)
252.58/252.68	['concat', 'concat', 'index', 'length']: UNSAT (0.092 seconds)
252.68/252.78	['concat', 'concat', 'index', 'substr']: UNSAT (2.888 seconds)
255.58/255.66	['concat', 'concat', 'index', 'add']: UNSAT (0.106 seconds)
255.68/255.77	['concat', 'concat', 'index', 'sub']: UNSAT (0.100 seconds)
255.78/255.87	['concat', 'concat', 'length', 'length']: UNSAT (0.086 seconds)
255.88/255.96	['concat', 'concat', 'length', 'substr']: UNSAT (2.343 seconds)
258.28/258.30	['concat', 'concat', 'length', 'add']: UNSAT (0.074 seconds)
258.28/258.38	['concat', 'concat', 'length', 'sub']: UNSAT (0.074 seconds)
258.38/258.45	['concat', 'concat', 'substr', 'substr']: UNSAT (1.268 seconds)
259.68/259.72	['concat', 'concat', 'substr', 'add']: UNSAT (0.864 seconds)
260.48/260.59	['concat', 'concat', 'substr', 'sub']: UNSAT (0.656 seconds)
261.18/261.24	['concat', 'concat', 'add', 'add']: UNSAT (0.076 seconds)
261.28/261.32	['concat', 'concat', 'add', 'sub']: UNSAT (0.080 seconds)
261.38/261.40	['concat', 'concat', 'sub', 'sub']: UNSAT (0.084 seconds)
261.38/261.49	['concat', 'index', 'index', 'index']: UNSAT (0.121 seconds)
261.58/261.61	['concat', 'index', 'index', 'length']: UNSAT (0.096 seconds)
261.68/261.71	['concat', 'index', 'index', 'substr']: UNSAT (0.276 seconds)
261.88/261.98	['concat', 'index', 'index', 'add']: UNSAT (0.100 seconds)
262.02/262.08	['concat', 'index', 'index', 'sub']: UNSAT (0.099 seconds)
262.12/262.18	['concat', 'index', 'length', 'length']: UNSAT (0.076 seconds)
262.18/262.26	['concat', 'index', 'length', 'substr']: UNSAT (0.201 seconds)
262.38/262.46	['concat', 'index', 'length', 'add']: UNSAT (0.084 seconds)
262.48/262.55	['concat', 'index', 'length', 'sub']: UNSAT (0.077 seconds)
262.58/262.62	['concat', 'index', 'substr', 'substr']: UNSAT (0.469 seconds)
263.02/263.09	['concat', 'index', 'substr', 'add']: UNSAT (0.145 seconds)
263.18/263.24	['concat', 'index', 'substr', 'sub']: UNSAT (0.172 seconds)
263.38/263.41	['concat', 'index', 'add', 'add']: UNSAT (0.093 seconds)
263.48/263.51	['concat', 'index', 'add', 'sub']: UNSAT (0.091 seconds)
263.58/263.60	['concat', 'index', 'sub', 'sub']: UNSAT (0.091 seconds)
263.58/263.69	['concat', 'length', 'length', 'length']: UNSAT (0.057 seconds)
263.68/263.75	['concat', 'length', 'length', 'substr']: UNSAT (0.119 seconds)
263.78/263.87	['concat', 'length', 'length', 'add']: UNSAT (0.059 seconds)
263.88/263.93	['concat', 'length', 'length', 'sub']: UNSAT (0.062 seconds)
263.88/263.99	['concat', 'length', 'substr', 'substr']: UNSAT (0.237 seconds)
264.18/264.23	['concat', 'length', 'substr', 'add']: UNSAT (0.136 seconds)
264.28/264.37	['concat', 'length', 'substr', 'sub']: UNSAT (0.128 seconds)
264.48/264.50	['concat', 'length', 'add', 'add']: UNSAT (0.072 seconds)
264.48/264.57	['concat', 'length', 'add', 'sub']: UNSAT (0.071 seconds)
264.58/264.64	['concat', 'length', 'sub', 'sub']: UNSAT (0.074 seconds)
264.68/264.72	['concat', 'substr', 'substr', 'substr']: UNSAT (0.263 seconds)
264.88/264.98	['concat', 'substr', 'substr', 'add']: UNSAT (0.138 seconds)
265.02/265.12	['concat', 'substr', 'substr', 'sub']: UNSAT (0.136 seconds)
265.18/265.26	['concat', 'substr', 'add', 'add']: UNSAT (0.101 seconds)
265.28/265.36	['concat', 'substr', 'add', 'sub']: UNSAT (0.096 seconds)
265.38/265.46	['concat', 'substr', 'sub', 'sub']: UNSAT (0.104 seconds)
265.48/265.56	['concat', 'add', 'add', 'add']: UNSAT (0.088 seconds)
265.58/265.65	['concat', 'add', 'add', 'sub']: UNSAT (0.086 seconds)
265.68/265.74	['concat', 'add', 'sub', 'sub']: UNSAT (0.083 seconds)
265.78/265.82	['concat', 'sub', 'sub', 'sub']: UNSAT (0.082 seconds)
265.88/265.90	['index', 'index', 'index', 'index']: UNSAT (0.124 seconds)
265.88/266.03	['index', 'index', 'index', 'length']: UNSAT (0.101 seconds)
266.02/266.13	['index', 'index', 'index', 'substr']: UNSAT (0.143 seconds)
266.18/266.28	['index', 'index', 'index', 'add']: UNSAT (0.109 seconds)
266.28/266.39	['index', 'index', 'index', 'sub']: UNSAT (0.109 seconds)
266.38/266.49	['index', 'index', 'length', 'length']: UNSAT (0.089 seconds)
266.48/266.58	['index', 'index', 'length', 'substr']: UNSAT (0.118 seconds)
266.68/266.70	['index', 'index', 'length', 'add']: UNSAT (0.088 seconds)
266.68/266.79	['index', 'index', 'length', 'sub']: UNSAT (0.088 seconds)
266.78/266.88	['index', 'index', 'substr', 'substr']: UNSAT (0.180 seconds)
267.02/267.06	['index', 'index', 'substr', 'add']: UNSAT (0.133 seconds)
267.12/267.20	['index', 'index', 'substr', 'sub']: UNSAT (0.127 seconds)
267.28/267.32	['index', 'index', 'add', 'add']: UNSAT (0.106 seconds)
267.38/267.43	['index', 'index', 'add', 'sub']: UNSAT (0.105 seconds)
267.48/267.54	['index', 'index', 'sub', 'sub']: UNSAT (0.105 seconds)
267.58/267.64	['index', 'length', 'length', 'length']: UNSAT (0.061 seconds)
267.68/267.70	['index', 'length', 'length', 'substr']: UNSAT (0.091 seconds)
267.78/267.80	['index', 'length', 'length', 'add']: UNSAT (0.070 seconds)
267.78/267.87	['index', 'length', 'length', 'sub']: UNSAT (0.075 seconds)
267.88/267.94	['index', 'length', 'substr', 'substr']: UNSAT (0.206 seconds)
268.12/268.15	['index', 'length', 'substr', 'add']: UNSAT (0.105 seconds)
268.18/268.26	['index', 'length', 'substr', 'sub']: UNSAT (0.098 seconds)
268.28/268.35	['index', 'length', 'add', 'add']: UNSAT (0.079 seconds)
268.38/268.43	['index', 'length', 'add', 'sub']: UNSAT (0.081 seconds)
268.48/268.52	['index', 'length', 'sub', 'sub']: UNSAT (0.084 seconds)
268.58/268.60	['index', 'substr', 'substr', 'substr']: UNSAT (0.317 seconds)
268.88/268.92	['index', 'substr', 'substr', 'add']: UNSAT (0.246 seconds)
269.12/269.17	['index', 'substr', 'substr', 'sub']: UNSAT (0.155 seconds)
269.28/269.32	['index', 'substr', 'add', 'add']: UNSAT (0.122 seconds)
269.38/269.45	['index', 'substr', 'add', 'sub']: UNSAT (0.130 seconds)
269.48/269.58	['index', 'substr', 'sub', 'sub']: UNSAT (0.129 seconds)
269.68/269.71	['index', 'add', 'add', 'add']: UNSAT (0.105 seconds)
269.78/269.81	['index', 'add', 'add', 'sub']: UNSAT (0.104 seconds)
269.88/269.92	['index', 'add', 'sub', 'sub']: UNSAT (0.105 seconds)
269.88/270.03	['index', 'sub', 'sub', 'sub']: UNSAT (0.102 seconds)
270.01/270.13	['length', 'length', 'length', 'length']: UNSAT (0.045 seconds)
270.12/270.17	['length', 'length', 'length', 'substr']: UNSAT (0.063 seconds)
270.18/270.24	['length', 'length', 'length', 'add']: UNSAT (0.052 seconds)
270.18/270.29	['length', 'length', 'length', 'sub']: UNSAT (0.051 seconds)
270.28/270.34	['length', 'length', 'substr', 'substr']: UNSAT (0.119 seconds)
270.38/270.46	['length', 'length', 'substr', 'add']: UNSAT (0.078 seconds)
270.48/270.54	['length', 'length', 'substr', 'sub']: UNSAT (0.085 seconds)
270.58/270.63	['length', 'length', 'add', 'add']: UNSAT (0.065 seconds)
270.58/270.69	['length', 'length', 'add', 'sub']: UNSAT (0.066 seconds)
270.68/270.76	['length', 'length', 'sub', 'sub']: UNSAT (0.063 seconds)
270.78/270.83	['length', 'substr', 'substr', 'substr']: UNSAT (0.132 seconds)
270.88/270.96	['length', 'substr', 'substr', 'add']: UNSAT (0.099 seconds)
271.02/271.06	['length', 'substr', 'substr', 'sub']: UNSAT (0.101 seconds)
271.12/271.16	['length', 'substr', 'add', 'add']: UNSAT (0.085 seconds)
271.18/271.25	['length', 'substr', 'add', 'sub']: UNSAT (0.087 seconds)
271.28/271.33	['length', 'substr', 'sub', 'sub']: UNSAT (0.089 seconds)
271.38/271.42	['length', 'add', 'add', 'add']: UNSAT (0.075 seconds)
271.48/271.50	['length', 'add', 'add', 'sub']: UNSAT (0.075 seconds)
271.48/271.58	['length', 'add', 'sub', 'sub']: UNSAT (0.078 seconds)
271.58/271.65	['length', 'sub', 'sub', 'sub']: UNSAT (0.079 seconds)
271.68/271.73	['substr', 'substr', 'substr', 'substr']: UNSAT (0.131 seconds)
271.78/271.87	['substr', 'substr', 'substr', 'add']: UNSAT (0.113 seconds)
271.88/271.98	['substr', 'substr', 'substr', 'sub']: UNSAT (0.113 seconds)
272.02/272.09	['substr', 'substr', 'add', 'add']: UNSAT (0.105 seconds)
272.18/272.20	['substr', 'substr', 'add', 'sub']: UNSAT (0.104 seconds)
272.28/272.31	['substr', 'substr', 'sub', 'sub']: UNSAT (0.107 seconds)
272.38/272.41	['substr', 'add', 'add', 'add']: UNSAT (0.097 seconds)
272.48/272.51	['substr', 'add', 'add', 'sub']: UNSAT (0.094 seconds)
272.58/272.61	['substr', 'add', 'sub', 'sub']: UNSAT (0.100 seconds)
272.68/272.71	['substr', 'sub', 'sub', 'sub']: UNSAT (0.102 seconds)
272.78/272.81	['add', 'add', 'add', 'add']: UNSAT (0.094 seconds)
272.88/272.91	['add', 'add', 'add', 'sub']: UNSAT (0.094 seconds)
272.88/273.00	['add', 'add', 'sub', 'sub']: UNSAT (0.095 seconds)
273.02/273.10	['add', 'sub', 'sub', 'sub']: UNSAT (0.094 seconds)
273.12/273.19	['sub', 'sub', 'sub', 'sub']: UNSAT (0.097 seconds)
273.18/273.29	['concat', 'concat', 'concat', 'concat', 'concat']: 