0.12/0.21	=== Examples (../../dataset/examples/examples-21.json)
0.12/0.21	IO(inputs=('10-05-2019',), output='10/05/20')
0.12/0.21	IO(inputs=('31-12-1999',), output='31/12/19')
0.12/0.21	IO(inputs=('01-01-2000',), output='01/01/20')
0.12/0.21	=== Library
0.12/0.21	concat
0.12/0.21	index
0.12/0.21	length
0.12/0.21	substr
0.12/0.21	add
0.12/0.21	sub
0.12/0.21	=== Synthesis
0.12/0.21	['concat']: UNSAT (0.030 seconds)
0.12/0.24	['index']: UNSAT (0.030 seconds)
0.12/0.28	['length']: UNSAT (0.021 seconds)
0.12/0.30	['substr']: UNSAT (0.033 seconds)
0.27/0.33	['add']: UNSAT (0.026 seconds)
0.27/0.36	['sub']: UNSAT (0.026 seconds)
0.27/0.38	['concat', 'concat']: UNSAT (0.056 seconds)
0.37/0.44	['concat', 'index']: UNSAT (0.056 seconds)
0.37/0.50	['concat', 'length']: UNSAT (0.040 seconds)
0.48/0.54	['concat', 'substr']: UNSAT (0.129 seconds)
0.62/0.67	['concat', 'add']: UNSAT (0.041 seconds)
0.69/0.71	['concat', 'sub']: UNSAT (0.035 seconds)
0.69/0.75	['index', 'index']: UNSAT (0.048 seconds)
0.69/0.79	['index', 'length']: UNSAT (0.034 seconds)
0.79/0.83	['index', 'substr']: UNSAT (0.133 seconds)
0.89/0.96	['index', 'add']: UNSAT (0.042 seconds)
0.89/1.01	['index', 'sub']: UNSAT (0.045 seconds)
0.89/1.05	['length', 'length']: UNSAT (0.024 seconds)
1.04/1.08	['length', 'substr']: UNSAT (0.050 seconds)
1.04/1.13	['length', 'add']: UNSAT (0.028 seconds)
1.04/1.15	['length', 'sub']: UNSAT (0.030 seconds)
1.16/1.18	['substr', 'substr']: UNSAT (0.052 seconds)
1.19/1.24	['substr', 'add']: UNSAT (0.046 seconds)
1.19/1.28	['substr', 'sub']: UNSAT (0.054 seconds)
1.29/1.34	['add', 'add']: UNSAT (0.040 seconds)
1.29/1.38	['add', 'sub']: UNSAT (0.038 seconds)
1.39/1.42	['sub', 'sub']: UNSAT (0.039 seconds)
1.39/1.46	['concat', 'concat', 'concat']: UNSAT (0.163 seconds)
1.59/1.62	['concat', 'concat', 'index']: UNSAT (0.069 seconds)
1.59/1.69	['concat', 'concat', 'length']: UNSAT (0.055 seconds)
1.69/1.75	['concat', 'concat', 'substr']: UNSAT (2.081 seconds)
3.79/3.83	['concat', 'concat', 'add']: UNSAT (0.056 seconds)
3.79/3.89	['concat', 'concat', 'sub']: UNSAT (0.053 seconds)
3.89/3.94	['concat', 'index', 'index']: UNSAT (0.076 seconds)
3.89/4.02	['concat', 'index', 'length']: UNSAT (0.059 seconds)
4.04/4.08	['concat', 'index', 'substr']: UNSAT (1.537 seconds)
5.58/5.61	['concat', 'index', 'add']: UNSAT (0.062 seconds)
5.58/5.68	['concat', 'index', 'sub']: UNSAT (0.062 seconds)
5.68/5.74	['concat', 'length', 'length']: UNSAT (0.042 seconds)
5.68/5.78	['concat', 'length', 'substr']: UNSAT (0.335 seconds)
6.03/6.12	['concat', 'length', 'add']: UNSAT (0.049 seconds)
6.15/6.17	['concat', 'length', 'sub']: UNSAT (0.046 seconds)
6.18/6.22	['concat', 'substr', 'substr']: UNSAT (0.195 seconds)
6.38/6.41	['concat', 'substr', 'add']: UNSAT (0.255 seconds)
6.58/6.67	['concat', 'substr', 'sub']: UNSAT (0.208 seconds)
6.78/6.88	['concat', 'add', 'add']: UNSAT (0.054 seconds)
6.88/6.93	['concat', 'add', 'sub']: UNSAT (0.053 seconds)
6.88/6.99	['concat', 'sub', 'sub']: UNSAT (0.055 seconds)
6.88/7.04	['index', 'index', 'index']: UNSAT (0.078 seconds)
7.02/7.12	['index', 'index', 'length']: UNSAT (0.069 seconds)
7.16/7.19	['index', 'index', 'substr']: UNSAT (0.242 seconds)
7.39/7.43	['index', 'index', 'add']: UNSAT (0.074 seconds)
7.49/7.51	['index', 'index', 'sub']: UNSAT (0.073 seconds)
7.49/7.58	['index', 'length', 'length']: UNSAT (0.046 seconds)
7.59/7.63	['index', 'length', 'substr']: UNSAT (0.139 seconds)
7.69/7.77	['index', 'length', 'add']: UNSAT (0.056 seconds)
7.79/7.83	['index', 'length', 'sub']: UNSAT (0.053 seconds)
7.79/7.88	['index', 'substr', 'substr']: UNSAT (0.415 seconds)
8.29/8.30	['index', 'substr', 'add']: UNSAT (0.173 seconds)
8.39/8.47	['index', 'substr', 'sub']: UNSAT (0.174 seconds)
8.59/8.65	['index', 'add', 'add']: UNSAT (0.067 seconds)
8.69/8.71	['index', 'add', 'sub']: UNSAT (0.067 seconds)
8.69/8.78	['index', 'sub', 'sub']: UNSAT (0.065 seconds)
8.79/8.85	['length', 'length', 'length']: UNSAT (0.035 seconds)
8.79/8.88	['length', 'length', 'substr']: UNSAT (0.059 seconds)
8.89/8.94	['length', 'length', 'add']: UNSAT (0.039 seconds)
8.89/8.98	['length', 'length', 'sub']: UNSAT (0.039 seconds)
8.89/9.02	['length', 'substr', 'substr']: UNSAT (0.290 seconds)
9.29/9.31	['length', 'substr', 'add']: UNSAT (0.086 seconds)
9.39/9.40	['length', 'substr', 'sub']: UNSAT (0.091 seconds)
9.39/9.49	['length', 'add', 'add']: UNSAT (0.052 seconds)
9.49/9.54	['length', 'add', 'sub']: UNSAT (0.050 seconds)
9.49/9.60	['length', 'sub', 'sub']: UNSAT (0.050 seconds)
9.59/9.65	['substr', 'substr', 'substr']: UNSAT (0.103 seconds)
9.69/9.75	['substr', 'substr', 'add']: UNSAT (0.091 seconds)
9.79/9.84	['substr', 'substr', 'sub']: UNSAT (0.106 seconds)
9.89/9.95	['substr', 'add', 'add']: UNSAT (0.095 seconds)
9.89/10.04	['substr', 'add', 'sub']: UNSAT (0.104 seconds)
10.02/10.15	['substr', 'sub', 'sub']: UNSAT (0.095 seconds)
10.19/10.25	['add', 'add', 'add']: UNSAT (0.061 seconds)
10.29/10.31	['add', 'add', 'sub']: UNSAT (0.061 seconds)
10.29/10.37	['add', 'sub', 'sub']: UNSAT (0.064 seconds)
10.38/10.43	['sub', 'sub', 'sub']: UNSAT (0.064 seconds)
10.48/10.50	['concat', 'concat', 'concat', 'concat']: UNSAT (0.425 seconds)
10.89/10.93	['concat', 'concat', 'concat', 'index']: UNSAT (0.162 seconds)
11.03/11.09	['concat', 'concat', 'concat', 'length']: UNSAT (0.109 seconds)
11.19/11.20	['concat', 'concat', 'concat', 'substr']: 