0.17/0.22	=== Examples (../../dataset/examples/examples-76.json)
0.17/0.22	IO(inputs=('abcdef', 3, 'xyz'), output='xyz')
0.17/0.22	=== Library
0.17/0.22	concat
0.17/0.22	index
0.17/0.22	length
0.17/0.22	replace
0.17/0.22	substr
0.17/0.22	to_lower
0.17/0.22	to_upper
0.17/0.22	trim
0.17/0.22	trim_start
0.17/0.22	trim_end
0.17/0.22	add
0.17/0.22	sub
0.17/0.22	=== Synthesis
0.17/0.22	['concat']: UNSAT (0.023 seconds)
0.17/0.24	['index']: UNSAT (0.023 seconds)
0.17/0.27	['length']: UNSAT (0.018 seconds)
0.17/0.29	['replace']: UNSAT (0.026 seconds)
0.17/0.31	['substr']: UNSAT (0.024 seconds)
0.17/0.34	['to_lower']: UNSAT (0.027 seconds)
0.17/0.37	['to_upper']: UNSAT (0.027 seconds)
0.17/0.39	['trim']: UNSAT (0.023 seconds)
0.37/0.42	['trim_start']: UNSAT (0.020 seconds)
0.37/0.44	['trim_end']: UNSAT (0.022 seconds)
0.37/0.46	['add']: UNSAT (0.020 seconds)
0.37/0.48	['sub']: UNSAT (0.021 seconds)
0.37/0.50	['concat', 'concat']: UNSAT (0.031 seconds)
0.37/0.53	['concat', 'index']: UNSAT (0.034 seconds)
0.37/0.57	['concat', 'length']: UNSAT (0.026 seconds)
0.37/0.60	['concat', 'replace']: UNSAT (0.036 seconds)
0.55/0.63	['concat', 'substr']: SAT (0.046 seconds)
0.55/0.68	substr(concat(arg0, arg2), 6, arg1)
