0.10/0.19	=== Examples (../../dataset/examples/examples-16.json)
0.10/0.19	IO(inputs=('  hello world',), output='hello world')
0.10/0.19	=== Library
0.10/0.19	concat
0.10/0.19	index
0.10/0.19	length
0.10/0.19	replace
0.10/0.19	substr
0.10/0.19	to_lower
0.10/0.19	to_upper
0.10/0.19	trim
0.10/0.19	trim_start
0.10/0.19	trim_end
0.10/0.19	add
0.10/0.19	sub
0.10/0.19	=== Synthesis
0.10/0.19	['concat']: UNSAT (0.022 seconds)
0.10/0.21	['index']: UNSAT (0.021 seconds)
0.10/0.24	['length']: UNSAT (0.017 seconds)
0.10/0.25	['replace']: 