0.12/0.20	=== Examples (../../dataset/examples/examples-47.json)
0.12/0.20	IO(inputs=('00123',), output='123')
0.12/0.20	=== Library
0.12/0.20	concat
0.12/0.20	index
0.12/0.20	length
0.12/0.20	replace
0.12/0.20	substr
0.12/0.20	to_lower
0.12/0.20	to_upper
0.12/0.20	trim
0.12/0.20	trim_start
0.12/0.20	trim_end
0.12/0.20	add
0.12/0.20	sub
0.12/0.20	=== Synthesis
0.12/0.20	['concat']: UNSAT (0.022 seconds)
0.12/0.22	['index']: UNSAT (0.020 seconds)
0.12/0.24	['length']: UNSAT (0.017 seconds)
0.12/0.26	['replace']: SAT (0.025 seconds)
0.26/0.29	replace('123', arg0, '123')
