0.12/0.17	=== Examples (../../dataset/examples/examples-14.json)
0.12/0.17	IO(inputs=('ABC',), output='abc')
0.12/0.17	=== Library
0.12/0.17	concat
0.12/0.17	index
0.12/0.17	length
0.12/0.17	replace
0.12/0.17	substr
0.12/0.17	to_lower
0.12/0.17	to_upper
0.12/0.17	trim
0.12/0.17	trim_start
0.12/0.17	trim_end
0.12/0.17	add
0.12/0.17	sub
0.12/0.17	=== Synthesis
0.12/0.17	['concat']: UNSAT (0.019 seconds)
0.12/0.19	['index']: UNSAT (0.017 seconds)
0.12/0.21	['length']: UNSAT (0.013 seconds)
0.12/0.23	['replace']: SAT (0.020 seconds)
0.12/0.25	replace('abc', arg0, 'abc')
