0.12/0.20	=== Examples (../../dataset/examples/examples-33.json)
0.12/0.20	IO(inputs=('A001 John Doe',), output='John')
0.12/0.20	IO(inputs=('B234 Jane Moe',), output='Jane')
0.12/0.20	=== Library
0.12/0.20	concat
0.12/0.20	index
0.12/0.20	length
0.12/0.20	substr
0.12/0.20	add
0.12/0.20	sub
0.12/0.20	=== Synthesis
0.12/0.20	['concat']: UNSAT (0.027 seconds)
0.12/0.23	['index']: UNSAT (0.027 seconds)
0.12/0.26	['length']: UNSAT (0.019 seconds)
0.12/0.28	['substr']: UNSAT (0.035 seconds)
0.27/0.31	['add']: UNSAT (0.022 seconds)
0.27/0.33	['sub']: UNSAT (0.023 seconds)
0.27/0.36	['concat', 'concat']: UNSAT (0.044 seconds)
0.27/0.40	['concat', 'index']: UNSAT (0.044 seconds)
0.39/0.45	['concat', 'length']: UNSAT (0.033 seconds)
0.39/0.48	['concat', 'substr']: UNSAT (0.184 seconds)
0.63/0.67	['concat', 'add']: UNSAT (0.033 seconds)
0.69/0.70	['concat', 'sub']: UNSAT (0.026 seconds)
0.69/0.73	['index', 'index']: UNSAT (0.035 seconds)
0.69/0.76	['index', 'length']: UNSAT (0.028 seconds)
0.69/0.79	['index', 'substr']: SAT (1.771 seconds)
2.49/2.56	substr(arg0, index(arg0, 'J', 4), 4)
