0.12/0.20	=== Examples (../../dataset/examples/examples-29.json)
0.12/0.20	IO(inputs=('Sed scelerisque, tortor sit amet.',), output='Sed')
0.12/0.20	IO(inputs=('Vestibulum non commodo ex. Maecenas a est sagittis, dapibus nibh.',), output='Vestibulum')
0.12/0.20	=== Library
0.12/0.20	concat
0.12/0.20	index
0.12/0.20	length
0.12/0.20	substr
0.12/0.20	add
0.12/0.20	sub
0.12/0.20	=== Synthesis
0.12/0.20	['concat']: UNSAT (0.028 seconds)
0.12/0.22	['index']: UNSAT (0.026 seconds)
0.12/0.25	['length']: UNSAT (0.020 seconds)
0.12/0.27	['substr']: UNSAT (0.031 seconds)
0.28/0.30	['add']: UNSAT (0.023 seconds)
0.28/0.33	['sub']: UNSAT (0.022 seconds)
0.28/0.35	['concat', 'concat']: UNSAT (0.048 seconds)
0.37/0.40	['concat', 'index']: UNSAT (0.044 seconds)
0.37/0.44	['concat', 'length']: UNSAT (0.033 seconds)
0.37/0.48	['concat', 'substr']: UNSAT (0.110 seconds)
0.48/0.59	['concat', 'add']: UNSAT (0.036 seconds)
0.58/0.63	['concat', 'sub']: UNSAT (0.035 seconds)
0.62/0.66	['index', 'index']: UNSAT (0.036 seconds)
0.68/0.70	['index', 'length']: UNSAT (0.029 seconds)
0.68/0.73	['index', 'substr']: UNKNOWN (153.461 seconds)
154.09/154.19	Reason: smt tactic failed to show goal to be sat/unsat max-conflicts-reached
154.09/154.19	Reason: smt tactic failed to show goal to be sat/unsat max-conflicts-reached
154.09/154.19	['index', 'add']: UNSAT (0.033 seconds)
154.15/154.23	['index', 'sub']: UNSAT (0.032 seconds)
154.15/154.26	['length', 'length']: UNSAT (0.020 seconds)
154.15/154.28	['length', 'substr']: UNSAT (0.033 seconds)
154.25/154.31	['length', 'add']: UNSAT (0.023 seconds)
154.25/154.34	['length', 'sub']: UNSAT (0.023 seconds)
154.25/154.36	['substr', 'substr']: UNSAT (0.039 seconds)
154.35/154.40	['substr', 'add']: UNSAT (0.040 seconds)
154.35/154.44	['substr', 'sub']: UNSAT (0.034 seconds)
154.35/154.47	['add', 'add']: UNSAT (0.029 seconds)
154.45/154.50	['add', 'sub']: UNSAT (0.030 seconds)
154.45/154.53	['sub', 'sub']: UNSAT (0.030 seconds)
154.45/154.57	['concat', 'concat', 'concat']: UNSAT (0.360 seconds)
154.85/154.93	['concat', 'concat', 'index']: UNSAT (0.050 seconds)
154.85/154.98	['concat', 'concat', 'length']: UNSAT (0.039 seconds)
154.85/155.02	['concat', 'concat', 'substr']: UNSAT (0.367 seconds)
155.25/155.38	['concat', 'concat', 'add']: UNSAT (0.040 seconds)
155.35/155.43	['concat', 'concat', 'sub']: UNSAT (0.040 seconds)
155.35/155.47	['concat', 'index', 'index']: UNSAT (0.053 seconds)
155.45/155.52	['concat', 'index', 'length']: UNSAT (0.042 seconds)
155.45/155.56	['concat', 'index', 'substr']: SAT (144.197 seconds)
299.61/299.76	substr(arg0, 0, index(concat(arg0, arg0), ' ', 0))
