0.14/0.20	=== Examples (../../dataset/examples/examples-68.json)
0.14/0.20	IO(inputs=(' smith - doe ',), output='smith')
0.14/0.20	IO(inputs=('  spelled-out',), output='spelled')
0.14/0.20	=== Library
0.14/0.20	concat
0.14/0.20	index
0.14/0.20	length
0.14/0.20	substr
0.14/0.20	add
0.14/0.20	sub
0.14/0.20	=== Synthesis
0.14/0.20	['concat']: UNSAT (0.026 seconds)
0.14/0.22	['index']: UNSAT (0.026 seconds)
0.14/0.25	['length']: UNSAT (0.020 seconds)
0.14/0.27	['substr']: UNSAT (0.028 seconds)
0.28/0.30	['add']: UNSAT (0.023 seconds)
0.28/0.33	['sub']: UNSAT (0.025 seconds)
0.28/0.35	['concat', 'concat']: UNSAT (0.044 seconds)
0.37/0.40	['concat', 'index']: UNSAT (0.044 seconds)
0.37/0.44	['concat', 'length']: UNSAT (0.034 seconds)
0.37/0.48	['concat', 'substr']: UNSAT (0.069 seconds)
0.46/0.54	['concat', 'add']: UNSAT (0.031 seconds)
0.55/0.58	['concat', 'sub']: UNSAT (0.030 seconds)
0.55/0.61	['index', 'index']: UNSAT (0.036 seconds)
0.62/0.64	['index', 'length']: UNSAT (0.027 seconds)
0.62/0.67	['index', 'substr']: UNSAT (0.075 seconds)
0.69/0.75	['index', 'add']: UNSAT (0.031 seconds)
0.69/0.78	['index', 'sub']: UNSAT (0.032 seconds)
0.79/0.81	['length', 'length']: UNSAT (0.022 seconds)
0.79/0.83	['length', 'substr']: UNSAT (0.031 seconds)
0.79/0.87	['length', 'add']: UNSAT (0.024 seconds)
0.79/0.89	['length', 'sub']: UNSAT (0.023 seconds)
0.89/0.91	['substr', 'substr']: UNSAT (0.038 seconds)
0.89/0.95	['substr', 'add']: UNSAT (0.037 seconds)
0.89/0.99	['substr', 'sub']: UNSAT (0.034 seconds)
0.89/1.02	['add', 'add']: UNSAT (0.032 seconds)
1.02/1.06	['add', 'sub']: UNSAT (0.030 seconds)
1.02/1.09	['sub', 'sub']: UNSAT (0.029 seconds)
1.02/1.12	['concat', 'concat', 'concat']: UNSAT (0.133 seconds)
1.19/1.25	['concat', 'concat', 'index']: UNSAT (0.051 seconds)
1.29/1.30	['concat', 'concat', 'length']: UNSAT (0.041 seconds)
1.29/1.34	['concat', 'concat', 'substr']: UNSAT (0.154 seconds)
1.49/1.50	['concat', 'concat', 'add']: UNSAT (0.041 seconds)
1.49/1.54	['concat', 'concat', 'sub']: UNSAT (0.044 seconds)
1.49/1.59	['concat', 'index', 'index']: UNSAT (0.054 seconds)
1.59/1.64	['concat', 'index', 'length']: UNSAT (0.045 seconds)
1.59/1.69	['concat', 'index', 'substr']: UNSAT (2.428 seconds)
4.02/4.12	['concat', 'index', 'add']: UNSAT (0.045 seconds)
4.13/4.16	['concat', 'index', 'sub']: UNSAT (0.045 seconds)
4.19/4.21	['concat', 'length', 'length']: UNSAT (0.032 seconds)
4.19/4.24	['concat', 'length', 'substr']: UNSAT (0.078 seconds)
4.29/4.32	['concat', 'length', 'add']: UNSAT (0.035 seconds)
4.29/4.35	['concat', 'length', 'sub']: UNSAT (0.035 seconds)
4.29/4.39	['concat', 'substr', 'substr']: UNSAT (0.134 seconds)
4.49/4.52	['concat', 'substr', 'add']: UNSAT (0.073 seconds)
4.59/4.60	['concat', 'substr', 'sub']: UNSAT (0.064 seconds)
4.59/4.66	['concat', 'add', 'add']: UNSAT (0.045 seconds)
4.69/4.71	['concat', 'add', 'sub']: UNSAT (0.041 seconds)
4.69/4.75	['concat', 'sub', 'sub']: UNSAT (0.043 seconds)
4.69/4.80	['index', 'index', 'index']: UNSAT (0.057 seconds)
4.79/4.85	['index', 'index', 'length']: UNSAT (0.047 seconds)
4.89/4.90	['index', 'index', 'substr']: UNSAT (5.730 seconds)
10.59/10.63	['index', 'index', 'add']: UNSAT (0.052 seconds)
10.59/10.68	['index', 'index', 'sub']: UNSAT (0.050 seconds)
10.69/10.74	['index', 'length', 'length']: UNSAT (0.038 seconds)
10.69/10.77	['index', 'length', 'substr']: UNSAT (0.224 seconds)
10.89/11.00	['index', 'length', 'add']: UNSAT (0.040 seconds)
11.02/11.04	['index', 'length', 'sub']: UNSAT (0.042 seconds)
11.02/11.08	['index', 'substr', 'substr']: UNSAT (0.258 seconds)
11.29/11.34	['index', 'substr', 'add']: UNSAT (0.164 seconds)
11.49/11.51	['index', 'substr', 'sub']: UNSAT (0.273 seconds)
11.69/11.78	['index', 'add', 'add']: UNSAT (0.050 seconds)
11.79/11.83	['index', 'add', 'sub']: UNSAT (0.051 seconds)
11.79/11.88	['index', 'sub', 'sub']: UNSAT (0.050 seconds)
11.89/11.93	['length', 'length', 'length']: UNSAT (0.028 seconds)
11.89/11.96	['length', 'length', 'substr']: UNSAT (0.042 seconds)
11.89/12.00	['length', 'length', 'add']: UNSAT (0.030 seconds)
11.89/12.03	['length', 'length', 'sub']: UNSAT (0.030 seconds)
12.02/12.06	['length', 'substr', 'substr']: UNSAT (0.099 seconds)
12.14/12.17	['length', 'substr', 'add']: UNSAT (0.060 seconds)
12.19/12.23	['length', 'substr', 'sub']: UNSAT (0.056 seconds)
12.19/12.28	['length', 'add', 'add']: UNSAT (0.038 seconds)
12.29/12.32	['length', 'add', 'sub']: UNSAT (0.037 seconds)
12.29/12.36	['length', 'sub', 'sub']: UNSAT (0.038 seconds)
12.39/12.40	['substr', 'substr', 'substr']: UNSAT (0.077 seconds)
12.39/12.48	['substr', 'substr', 'add']: UNSAT (0.066 seconds)
12.49/12.54	['substr', 'substr', 'sub']: UNSAT (0.070 seconds)
12.59/12.61	['substr', 'add', 'add']: UNSAT (0.074 seconds)
12.59/12.69	['substr', 'add', 'sub']: UNSAT (0.067 seconds)
12.69/12.76	['substr', 'sub', 'sub']: UNSAT (0.063 seconds)
12.79/12.82	['add', 'add', 'add']: UNSAT (0.046 seconds)
12.79/12.87	['add', 'add', 'sub']: UNSAT (0.047 seconds)
12.89/12.92	['add', 'sub', 'sub']: UNSAT (0.047 seconds)
12.89/12.96	['sub', 'sub', 'sub']: UNSAT (0.047 seconds)
12.89/13.01	['concat', 'concat', 'concat', 'concat']: UNSAT (0.261 seconds)
13.19/13.27	['concat', 'concat', 'concat', 'index']: UNSAT (0.075 seconds)
13.29/13.35	['concat', 'concat', 'concat', 'length']: UNSAT (0.060 seconds)
13.39/13.41	['concat', 'concat', 'concat', 'substr']: UNSAT (1.121 seconds)
14.49/14.53	['concat', 'concat', 'concat', 'add']: UNSAT (0.059 seconds)
14.49/14.59	['concat', 'concat', 'concat', 'sub']: UNSAT (0.060 seconds)
14.59/14.65	['concat', 'concat', 'index', 'index']: UNSAT (0.076 seconds)
14.69/14.73	['concat', 'concat', 'index', 'length']: UNSAT (0.062 seconds)
14.69/14.79	['concat', 'concat', 'index', 'substr']: UNSAT (27.898 seconds)
42.59/42.69	['concat', 'concat', 'index', 'add']: UNSAT (0.066 seconds)
42.69/42.76	['concat', 'concat', 'index', 'sub']: UNSAT (0.064 seconds)
42.79/42.82	['concat', 'concat', 'length', 'length']: UNSAT (0.050 seconds)
42.79/42.87	['concat', 'concat', 'length', 'substr']: UNSAT (0.535 seconds)
43.39/43.41	['concat', 'concat', 'length', 'add']: UNSAT (0.053 seconds)
43.39/43.46	['concat', 'concat', 'length', 'sub']: UNSAT (0.052 seconds)
43.49/43.52	['concat', 'concat', 'substr', 'substr']: UNSAT (1.060 seconds)
44.49/44.58	['concat', 'concat', 'substr', 'add']: UNSAT (0.595 seconds)
45.13/45.17	['concat', 'concat', 'substr', 'sub']: UNSAT (0.250 seconds)
45.39/45.42	['concat', 'concat', 'add', 'add']: UNSAT (0.057 seconds)
45.39/45.48	['concat', 'concat', 'add', 'sub']: UNSAT (0.058 seconds)
45.49/45.54	['concat', 'concat', 'sub', 'sub']: UNSAT (0.057 seconds)
45.59/45.60	['concat', 'index', 'index', 'index']: UNSAT (0.081 seconds)
45.59/45.68	['concat', 'index', 'index', 'length']: UNSAT (0.068 seconds)
45.69/45.75	['concat', 'index', 'index', 'substr']: UNKNOWN (221.569 seconds)
267.28/267.32	Reason: smt tactic failed to show goal to be sat/unsat max-conflicts-reached
267.28/267.32	Reason: smt tactic failed to show goal to be sat/unsat max-conflicts-reached
267.28/267.32	['concat', 'index', 'index', 'add']: UNSAT (0.072 seconds)
267.28/267.39	['concat', 'index', 'index', 'sub']: UNSAT (0.069 seconds)
267.38/267.46	['concat', 'index', 'length', 'length']: UNSAT (0.049 seconds)
267.48/267.51	['concat', 'index', 'length', 'substr']: UNSAT (3.134 seconds)
270.58/270.65	['concat', 'index', 'length', 'add']: UNSAT (0.061 seconds)
270.68/270.71	['concat', 'index', 'length', 'sub']: UNSAT (0.058 seconds)
270.68/270.77	['concat', 'index', 'substr', 'substr']: UNSAT (12.827 seconds)
283.58/283.60	['concat', 'index', 'substr', 'add']: UNSAT (4.397 seconds)
287.88/287.99	['concat', 'index', 'substr', 'sub']: UNSAT (3.572 seconds)
291.48/291.57	['concat', 'index', 'add', 'add']: UNSAT (0.061 seconds)
291.58/291.63	['concat', 'index', 'add', 'sub']: UNSAT (0.063 seconds)
291.58/291.69	['concat', 'index', 'sub', 'sub']: UNSAT (0.063 seconds)
291.68/291.76	['concat', 'length', 'length', 'length']: UNSAT (0.043 seconds)
291.78/291.80	['concat', 'length', 'length', 'substr']: UNSAT (0.122 seconds)
291.88/291.92	['concat', 'length', 'length', 'add']: UNSAT (0.042 seconds)
291.88/291.97	['concat', 'length', 'length', 'sub']: UNSAT (0.043 seconds)
291.88/292.01	['concat', 'length', 'substr', 'substr']: UNSAT (0.610 seconds)
292.58/292.62	['concat', 'length', 'substr', 'add']: UNSAT (0.194 seconds)
292.78/292.82	['concat', 'length', 'substr', 'sub']: UNSAT (0.202 seconds)
292.88/293.02	['concat', 'length', 'add', 'add']: UNSAT (0.048 seconds)
293.01/293.07	['concat', 'length', 'add', 'sub']: UNSAT (0.045 seconds)
293.01/293.11	['concat', 'length', 'sub', 'sub']: UNSAT (0.046 seconds)
293.12/293.16	['concat', 'substr', 'substr', 'substr']: UNSAT (0.497 seconds)
293.58/293.66	['concat', 'substr', 'substr', 'add']: UNSAT (0.774 seconds)
294.38/294.43	['concat', 'substr', 'substr', 'sub']: UNSAT (0.401 seconds)
294.78/294.83	['concat', 'substr', 'add', 'add']: UNSAT (0.259 seconds)
295.01/295.09	['concat', 'substr', 'add', 'sub']: UNSAT (0.213 seconds)
295.28/295.31	['concat', 'substr', 'sub', 'sub']: UNSAT (0.199 seconds)
295.48/295.51	['concat', 'add', 'add', 'add']: UNSAT (0.063 seconds)
295.48/295.57	['concat', 'add', 'add', 'sub']: UNSAT (0.063 seconds)
295.58/295.64	['concat', 'add', 'sub', 'sub']: UNSAT (0.061 seconds)
295.68/295.70	['concat', 'sub', 'sub', 'sub']: UNSAT (0.062 seconds)
295.68/295.76	['index', 'index', 'index', 'index']: UNSAT (0.086 seconds)
295.79/295.85	['index', 'index', 'index', 'length']: UNSAT (0.072 seconds)
295.88/295.92	['index', 'index', 'index', 'substr']: UNSAT (99.827 seconds)
395.67/395.75	['index', 'index', 'index', 'add']: UNSAT (0.079 seconds)
395.77/395.83	['index', 'index', 'index', 'sub']: UNSAT (0.078 seconds)
395.88/395.91	['index', 'index', 'length', 'length']: UNSAT (0.057 seconds)
395.88/395.96	['index', 'index', 'length', 'substr']: UNSAT (25.733 seconds)
421.68/421.70	['index', 'index', 'length', 'add']: UNSAT (0.062 seconds)
421.68/421.76	['index', 'index', 'length', 'sub']: UNSAT (0.064 seconds)
421.78/421.83	['index', 'index', 'substr', 'substr']: UNKNOWN (144.081 seconds)
565.87/565.91	Reason: smt tactic failed to show goal to be sat/unsat max-conflicts-reached
565.87/565.91	Reason: smt tactic failed to show goal to be sat/unsat max-conflicts-reached
565.87/565.91	['index', 'index', 'substr', 'add']: UNSAT (9.658 seconds)
575.47/575.57	['index', 'index', 'substr', 'sub']: UNSAT (17.018 seconds)
592.47/592.59	['index', 'index', 'add', 'add']: UNSAT (0.071 seconds)
592.57/592.66	['index', 'index', 'add', 'sub']: UNSAT (0.073 seconds)
592.67/592.73	['index', 'index', 'sub', 'sub']: UNSAT (0.074 seconds)
592.77/592.81	['index', 'length', 'length', 'length']: UNSAT (0.043 seconds)
592.77/592.85	['index', 'length', 'length', 'substr']: UNSAT (0.244 seconds)
593.00/593.09	['index', 'length', 'length', 'add']: UNSAT (0.048 seconds)
593.10/593.14	['index', 'length', 'length', 'sub']: UNSAT (0.050 seconds)
593.10/593.19	['index', 'length', 'substr', 'substr']: UNSAT (1.584 seconds)
594.67/594.78	['index', 'length', 'substr', 'add']: UNSAT (0.270 seconds)
595.01/595.05	['index', 'length', 'substr', 'sub']: UNSAT (0.589 seconds)
595.58/595.64	['index', 'length', 'add', 'add']: UNSAT (0.057 seconds)
595.68/595.70	['index', 'length', 'add', 'sub']: UNSAT (0.056 seconds)
595.68/595.75	['index', 'length', 'sub', 'sub']: UNSAT (0.058 seconds)
595.78/595.81	['index', 'substr', 'substr', 'substr']: UNSAT (1.230 seconds)
597.00/597.04	['index', 'substr', 'substr', 'add']: UNSAT (1.154 seconds)
598.18/598.20	['index', 'substr', 'substr', 'sub']: UNSAT (1.348 seconds)
599.48/599.55	['index', 'substr', 'add', 'add']: 