0.11/0.20	=== Examples (../../dataset/examples/examples-87.json)
0.11/0.20	IO(inputs=('https://outsystems.com',), output='outsystems')
0.11/0.20	IO(inputs=('http://cmu.edu',), output='cmu')
0.11/0.20	=== Library
0.11/0.20	concat
0.11/0.20	index
0.11/0.20	length
0.11/0.20	substr
0.11/0.20	add
0.11/0.20	sub
0.11/0.20	=== Synthesis
0.11/0.20	['concat']: UNSAT (0.027 seconds)
0.11/0.23	['index']: UNSAT (0.026 seconds)
0.11/0.25	['length']: UNSAT (0.020 seconds)
0.11/0.27	['substr']: UNSAT (0.030 seconds)
0.11/0.31	['add']: UNSAT (0.023 seconds)
0.26/0.33	['sub']: UNSAT (0.023 seconds)
0.26/0.35	['concat', 'concat']: UNSAT (0.045 seconds)
0.26/0.40	['concat', 'index']: UNSAT (0.043 seconds)
0.37/0.44	['concat', 'length']: UNSAT (0.034 seconds)
0.37/0.48	['concat', 'substr']: UNSAT (0.071 seconds)
0.47/0.55	['concat', 'add']: UNSAT (0.035 seconds)
0.54/0.59	['concat', 'sub']: UNSAT (0.035 seconds)
0.54/0.62	['index', 'index']: UNSAT (0.041 seconds)
0.64/0.66	['index', 'length']: UNSAT (0.031 seconds)
0.64/0.70	['index', 'substr']: UNSAT (0.133 seconds)
0.79/0.83	['index', 'add']: UNSAT (0.031 seconds)
0.79/0.86	['index', 'sub']: UNSAT (0.031 seconds)
0.79/0.89	['length', 'length']: UNSAT (0.022 seconds)
0.89/0.91	['length', 'substr']: UNSAT (0.033 seconds)
0.89/0.95	['length', 'add']: UNSAT (0.023 seconds)
0.89/0.97	['length', 'sub']: UNSAT (0.022 seconds)
0.89/1.00	['substr', 'substr']: UNSAT (0.040 seconds)
0.89/1.04	['substr', 'add']: UNSAT (0.036 seconds)
1.01/1.07	['substr', 'sub']: UNSAT (0.035 seconds)
1.01/1.11	['add', 'add']: UNSAT (0.030 seconds)
1.01/1.14	['add', 'sub']: UNSAT (0.029 seconds)
1.13/1.17	['sub', 'sub']: UNSAT (0.030 seconds)
1.19/1.20	['concat', 'concat', 'concat']: UNSAT (0.167 seconds)
1.29/1.37	['concat', 'concat', 'index']: UNSAT (0.051 seconds)
1.40/1.42	['concat', 'concat', 'length']: UNSAT (0.041 seconds)
1.40/1.46	['concat', 'concat', 'substr']: UNSAT (0.305 seconds)
1.69/1.77	['concat', 'concat', 'add']: UNSAT (0.042 seconds)
1.79/1.81	['concat', 'concat', 'sub']: UNSAT (0.040 seconds)
1.79/1.85	['concat', 'index', 'index']: UNSAT (0.056 seconds)
1.89/1.91	['concat', 'index', 'length']: UNSAT (0.042 seconds)
1.89/1.95	['concat', 'index', 'substr']: UNSAT (2.478 seconds)
4.40/4.43	['concat', 'index', 'add']: UNSAT (0.044 seconds)
4.40/4.47	['concat', 'index', 'sub']: UNSAT (0.047 seconds)
4.49/4.52	['concat', 'length', 'length']: UNSAT (0.032 seconds)
4.49/4.56	['concat', 'length', 'substr']: UNSAT (0.090 seconds)
4.59/4.65	['concat', 'length', 'add']: UNSAT (0.036 seconds)
4.59/4.68	['concat', 'length', 'sub']: UNSAT (0.037 seconds)
4.69/4.72	['concat', 'substr', 'substr']: UNSAT (0.156 seconds)
4.79/4.88	['concat', 'substr', 'add']: UNSAT (0.077 seconds)
4.89/4.96	['concat', 'substr', 'sub']: UNSAT (0.062 seconds)
4.89/5.02	['concat', 'add', 'add']: UNSAT (0.040 seconds)
5.01/5.06	['concat', 'add', 'sub']: UNSAT (0.041 seconds)
5.01/5.10	['concat', 'sub', 'sub']: UNSAT (0.040 seconds)
5.01/5.14	['index', 'index', 'index']: UNSAT (0.059 seconds)
5.19/5.20	['index', 'index', 'length']: UNSAT (0.045 seconds)
5.19/5.25	['index', 'index', 'substr']: UNSAT (0.447 seconds)
5.59/5.69	['index', 'index', 'add']: UNSAT (0.053 seconds)
5.69/5.75	['index', 'index', 'sub']: UNSAT (0.053 seconds)
5.79/5.80	['index', 'length', 'length']: UNSAT (0.038 seconds)
5.79/5.84	['index', 'length', 'substr']: UNSAT (0.308 seconds)
6.13/6.15	['index', 'length', 'add']: UNSAT (0.040 seconds)
6.13/6.19	['index', 'length', 'sub']: UNSAT (0.040 seconds)
6.19/6.23	['index', 'substr', 'substr']: UNSAT (0.386 seconds)
6.59/6.62	['index', 'substr', 'add']: UNSAT (0.174 seconds)
6.69/6.79	['index', 'substr', 'sub']: UNSAT (0.393 seconds)
7.13/7.19	['index', 'add', 'add']: UNSAT (0.048 seconds)
7.19/7.24	['index', 'add', 'sub']: UNSAT (0.049 seconds)
7.19/7.29	['index', 'sub', 'sub']: UNSAT (0.049 seconds)
7.29/7.33	['length', 'length', 'length']: UNSAT (0.028 seconds)
7.29/7.36	['length', 'length', 'substr']: UNSAT (0.045 seconds)
7.40/7.41	['length', 'length', 'add']: UNSAT (0.031 seconds)
7.40/7.44	['length', 'length', 'sub']: UNSAT (0.031 seconds)
7.40/7.47	['length', 'substr', 'substr']: UNSAT (0.110 seconds)
7.49/7.58	['length', 'substr', 'add']: UNSAT (0.062 seconds)
7.59/7.65	['length', 'substr', 'sub']: UNSAT (0.064 seconds)
7.69/7.71	['length', 'add', 'add']: UNSAT (0.040 seconds)
7.69/7.75	['length', 'add', 'sub']: UNSAT (0.038 seconds)
7.69/7.79	['length', 'sub', 'sub']: UNSAT (0.037 seconds)
7.79/7.83	['substr', 'substr', 'substr']: UNSAT (0.085 seconds)
7.89/7.91	['substr', 'substr', 'add']: UNSAT (0.070 seconds)
7.89/7.98	['substr', 'substr', 'sub']: UNSAT (0.073 seconds)
8.01/8.06	['substr', 'add', 'add']: UNSAT (0.083 seconds)
8.13/8.14	['substr', 'add', 'sub']: UNSAT (0.063 seconds)
8.19/8.21	['substr', 'sub', 'sub']: UNSAT (0.064 seconds)
8.19/8.27	['add', 'add', 'add']: UNSAT (0.044 seconds)
8.29/8.31	['add', 'add', 'sub']: UNSAT (0.045 seconds)
8.29/8.36	['add', 'sub', 'sub']: UNSAT (0.048 seconds)
8.40/8.41	['sub', 'sub', 'sub']: UNSAT (0.046 seconds)
8.40/8.46	['concat', 'concat', 'concat', 'concat']: UNSAT (0.247 seconds)
8.69/8.70	['concat', 'concat', 'concat', 'index']: UNSAT (0.076 seconds)
8.69/8.78	['concat', 'concat', 'concat', 'length']: UNSAT (0.060 seconds)
8.79/8.84	['concat', 'concat', 'concat', 'substr']: UNSAT (32.336 seconds)
41.13/41.18	['concat', 'concat', 'concat', 'add']: UNSAT (0.061 seconds)
41.18/41.24	['concat', 'concat', 'concat', 'sub']: UNSAT (0.060 seconds)
41.29/41.30	['concat', 'concat', 'index', 'index']: UNSAT (0.075 seconds)
41.29/41.38	['concat', 'concat', 'index', 'length']: UNSAT (0.062 seconds)
41.40/41.44	['concat', 'concat', 'index', 'substr']: UNSAT (28.645 seconds)
70.01/70.09	['concat', 'concat', 'index', 'add']: UNSAT (0.063 seconds)
70.13/70.15	['concat', 'concat', 'index', 'sub']: UNSAT (0.065 seconds)
70.19/70.22	['concat', 'concat', 'length', 'length']: UNSAT (0.049 seconds)
70.19/70.27	['concat', 'concat', 'length', 'substr']: UNSAT (1.708 seconds)
71.89/71.98	['concat', 'concat', 'length', 'add']: UNSAT (0.052 seconds)
71.89/72.03	['concat', 'concat', 'length', 'sub']: UNSAT (0.050 seconds)
72.01/72.08	['concat', 'concat', 'substr', 'substr']: UNSAT (6.307 seconds)
78.29/78.39	['concat', 'concat', 'substr', 'add']: UNSAT (1.200 seconds)
79.49/79.59	['concat', 'concat', 'substr', 'sub']: UNSAT (0.280 seconds)
79.79/79.87	['concat', 'concat', 'add', 'add']: UNSAT (0.056 seconds)
79.89/79.93	['concat', 'concat', 'add', 'sub']: UNSAT (0.056 seconds)
79.89/79.98	['concat', 'concat', 'sub', 'sub']: UNSAT (0.055 seconds)
79.89/80.04	['concat', 'index', 'index', 'index']: UNSAT (0.078 seconds)
80.01/80.12	['concat', 'index', 'index', 'length']: UNSAT (0.064 seconds)
80.13/80.18	['concat', 'index', 'index', 'substr']: UNKNOWN (295.575 seconds)
375.67/375.76	Reason: smt tactic failed to show goal to be sat/unsat max-conflicts-reached
375.67/375.76	Reason: smt tactic failed to show goal to be sat/unsat max-conflicts-reached
375.67/375.76	['concat', 'index', 'index', 'add']: UNSAT (0.069 seconds)
375.77/375.83	['concat', 'index', 'index', 'sub']: UNSAT (0.068 seconds)
375.77/375.90	['concat', 'index', 'length', 'length']: UNSAT (0.056 seconds)
375.87/375.95	['concat', 'index', 'length', 'substr']: UNSAT (2.801 seconds)
378.67/378.75	['concat', 'index', 'length', 'add']: UNSAT (0.057 seconds)
378.77/378.81	['concat', 'index', 'length', 'sub']: UNSAT (0.055 seconds)
378.77/378.87	['concat', 'index', 'substr', 'substr']: UNSAT (21.332 seconds)
400.17/400.20	['concat', 'index', 'substr', 'add']: UNSAT (4.615 seconds)
404.77/404.82	['concat', 'index', 'substr', 'sub']: UNSAT (12.734 seconds)
417.47/417.55	['concat', 'index', 'add', 'add']: UNSAT (0.065 seconds)
417.57/417.62	['concat', 'index', 'add', 'sub']: UNSAT (0.065 seconds)
417.57/417.68	['concat', 'index', 'sub', 'sub']: UNSAT (0.065 seconds)
417.67/417.75	['concat', 'length', 'length', 'length']: UNSAT (0.044 seconds)
417.67/417.80	['concat', 'length', 'length', 'substr']: UNSAT (0.134 seconds)
417.87/417.93	['concat', 'length', 'length', 'add']: UNSAT (0.045 seconds)
417.87/417.98	['concat', 'length', 'length', 'sub']: UNSAT (0.043 seconds)
417.87/418.02	['concat', 'length', 'substr', 'substr']: UNSAT (2.756 seconds)
420.67/420.78	['concat', 'length', 'substr', 'add']: UNSAT (0.391 seconds)
421.11/421.17	['concat', 'length', 'substr', 'sub']: UNSAT (0.300 seconds)
421.37/421.47	['concat', 'length', 'add', 'add']: UNSAT (0.053 seconds)
421.47/421.52	['concat', 'length', 'add', 'sub']: UNSAT (0.049 seconds)
421.47/421.57	['concat', 'length', 'sub', 'sub']: UNSAT (0.051 seconds)
421.57/421.63	['concat', 'substr', 'substr', 'substr']: UNSAT (0.754 seconds)
422.27/422.38	['concat', 'substr', 'substr', 'add']: UNSAT (1.531 seconds)
423.87/423.91	['concat', 'substr', 'substr', 'sub']: UNSAT (0.529 seconds)
424.37/424.44	['concat', 'substr', 'add', 'add']: UNSAT (0.407 seconds)
424.77/424.85	['concat', 'substr', 'add', 'sub']: UNSAT (0.240 seconds)
424.99/425.09	['concat', 'substr', 'sub', 'sub']: UNSAT (0.211 seconds)
425.27/425.30	['concat', 'add', 'add', 'add']: UNSAT (0.064 seconds)
425.27/425.37	['concat', 'add', 'add', 'sub']: UNSAT (0.065 seconds)
425.37/425.43	['concat', 'add', 'sub', 'sub']: UNSAT (0.061 seconds)
425.37/425.49	['concat', 'sub', 'sub', 'sub']: UNSAT (0.060 seconds)
425.47/425.56	['index', 'index', 'index', 'index']: UNSAT (0.087 seconds)
425.57/425.64	['index', 'index', 'index', 'length']: UNSAT (0.070 seconds)
425.67/425.72	['index', 'index', 'index', 'substr']: UNSAT (4.326 seconds)
429.87/430.04	['index', 'index', 'index', 'add']: UNSAT (0.080 seconds)
429.99/430.12	['index', 'index', 'index', 'sub']: UNSAT (0.081 seconds)
430.17/430.21	['index', 'index', 'length', 'length']: UNSAT (0.058 seconds)
430.17/430.26	['index', 'index', 'length', 'substr']: UNSAT (38.198 seconds)
468.37/468.46	['index', 'index', 'length', 'add']: UNSAT (0.066 seconds)
468.47/468.53	['index', 'index', 'length', 'sub']: UNSAT (0.065 seconds)
468.57/468.60	['index', 'index', 'substr', 'substr']: 