0.12/0.19	=== Examples (../../dataset/examples/examples-69.json)
0.12/0.19	IO(inputs=('break \\',), output='break')
0.12/0.19	IO(inputs=('line break \\',), output='line break')
0.12/0.19	=== Library
0.12/0.19	concat
0.12/0.19	index
0.12/0.19	length
0.12/0.19	substr
0.12/0.19	add
0.12/0.19	sub
0.12/0.19	=== Synthesis
0.12/0.19	['concat']: UNSAT (0.026 seconds)
0.12/0.22	['index']: UNSAT (0.025 seconds)
0.12/0.25	['length']: UNSAT (0.019 seconds)
0.12/0.27	['substr']: UNSAT (0.028 seconds)
0.12/0.30	['add']: UNSAT (0.022 seconds)
0.28/0.32	['sub']: UNSAT (0.022 seconds)
0.28/0.34	['concat', 'concat']: UNSAT (0.043 seconds)
0.34/0.38	['concat', 'index']: UNSAT (0.042 seconds)
0.34/0.43	['concat', 'length']: UNSAT (0.033 seconds)
0.43/0.46	['concat', 'substr']: UNSAT (0.079 seconds)
0.43/0.54	['concat', 'add']: UNSAT (0.034 seconds)
0.43/0.58	['concat', 'sub']: UNSAT (0.027 seconds)
0.54/0.60	['index', 'index']: UNSAT (0.039 seconds)
0.62/0.64	['index', 'length']: UNSAT (0.028 seconds)
0.62/0.67	['index', 'substr']: SAT (0.104 seconds)
0.69/0.78	substr(arg0, 0, index(arg0, ' \\\\', 0))
