0.14/0.18	=== Examples (../../dataset/examples/examples-34.json)
0.14/0.18	IO(inputs=('A001 John Doe',), output='John Doe')
0.14/0.18	IO(inputs=('B234 Jane Moe',), output='Jane Moe')
0.14/0.18	=== Library
0.14/0.18	concat
0.14/0.18	index
0.14/0.18	length
0.14/0.18	substr
0.14/0.18	add
0.14/0.18	sub
0.14/0.18	=== Synthesis
0.14/0.18	['concat']: UNSAT (0.021 seconds)
0.14/0.20	['index']: UNSAT (0.020 seconds)
0.14/0.22	['length']: UNSAT (0.015 seconds)
0.14/0.24	['substr']: UNSAT (0.022 seconds)
0.14/0.29	['add']: UNSAT (0.020 seconds)
0.14/0.29	['sub']: UNSAT (0.018 seconds)
0.28/0.30	['concat', 'concat']: UNSAT (0.034 seconds)
0.28/0.33	['concat', 'index']: UNSAT (0.036 seconds)
0.35/0.37	['concat', 'length']: UNSAT (0.025 seconds)
0.35/0.40	['concat', 'substr']: SAT (0.076 seconds)
0.45/0.47	substr(concat('\\x00\\x00\\x00\\x00\\x00', arg0), 10, 10)
