0.17/0.20	=== Examples (../../dataset/examples/examples-28.json)
0.17/0.20	IO(inputs=('hello', 'world'), output='hello-world')
0.17/0.20	IO(inputs=('train it', 'spot it'), output='train-spot ')
0.17/0.20	=== Library
0.17/0.20	concat
0.17/0.20	index
0.17/0.20	length
0.17/0.20	substr
0.17/0.20	add
0.17/0.20	sub
0.17/0.20	=== Synthesis
0.17/0.20	['concat']: UNSAT (0.029 seconds)
0.17/0.23	['index']: UNSAT (0.029 seconds)
0.17/0.26	['length']: UNSAT (0.021 seconds)
0.17/0.28	['substr']: UNSAT (0.029 seconds)
0.17/0.31	['add']: UNSAT (0.024 seconds)
0.31/0.34	['sub']: UNSAT (0.025 seconds)
0.31/0.36	['concat', 'concat']: UNSAT (0.050 seconds)
0.36/0.41	['concat', 'index']: UNSAT (0.046 seconds)
0.36/0.46	['concat', 'length']: UNSAT (0.035 seconds)
0.46/0.50	['concat', 'substr']: UNSAT (0.048 seconds)
0.46/0.55	['concat', 'add']: UNSAT (0.038 seconds)
0.46/0.59	['concat', 'sub']: UNSAT (0.037 seconds)
0.59/0.62	['index', 'index']: UNSAT (0.045 seconds)
0.65/0.67	['index', 'length']: UNSAT (0.030 seconds)
0.69/0.70	['index', 'substr']: UNSAT (0.042 seconds)
0.69/0.74	['index', 'add']: UNSAT (0.036 seconds)
0.69/0.78	['index', 'sub']: UNSAT (0.035 seconds)
0.79/0.82	['length', 'length']: UNSAT (0.023 seconds)
0.79/0.84	['length', 'substr']: UNSAT (0.033 seconds)
0.79/0.87	['length', 'add']: UNSAT (0.026 seconds)
0.89/0.90	['length', 'sub']: UNSAT (0.025 seconds)
0.89/0.93	['substr', 'substr']: UNSAT (0.040 seconds)
0.89/0.97	['substr', 'add']: UNSAT (0.035 seconds)
0.89/1.00	['substr', 'sub']: UNSAT (0.036 seconds)
0.89/1.04	['add', 'add']: UNSAT (0.032 seconds)
1.03/1.07	['add', 'sub']: UNSAT (0.032 seconds)
1.03/1.11	['sub', 'sub']: UNSAT (0.033 seconds)
1.03/1.14	['concat', 'concat', 'concat']: UNSAT (0.130 seconds)
1.19/1.27	['concat', 'concat', 'index']: UNSAT (0.057 seconds)
1.29/1.33	['concat', 'concat', 'length']: UNSAT (0.047 seconds)
1.29/1.38	['concat', 'concat', 'substr']: UNSAT (0.152 seconds)
1.49/1.53	['concat', 'concat', 'add']: UNSAT (0.046 seconds)
1.49/1.58	['concat', 'concat', 'sub']: UNSAT (0.045 seconds)
1.59/1.62	['concat', 'index', 'index']: UNSAT (0.059 seconds)
1.59/1.68	['concat', 'index', 'length']: UNSAT (0.047 seconds)
1.69/1.73	['concat', 'index', 'substr']: UNSAT (0.115 seconds)
1.79/1.84	['concat', 'index', 'add']: UNSAT (0.051 seconds)
1.89/1.90	['concat', 'index', 'sub']: UNSAT (0.051 seconds)
1.89/1.95	['concat', 'length', 'length']: UNSAT (0.036 seconds)
1.89/1.99	['concat', 'length', 'substr']: UNSAT (0.063 seconds)
2.03/2.05	['concat', 'length', 'add']: UNSAT (0.038 seconds)
2.03/2.09	['concat', 'length', 'sub']: UNSAT (0.040 seconds)
2.03/2.13	['concat', 'substr', 'substr']: UNSAT (0.082 seconds)
2.19/2.21	['concat', 'substr', 'add']: UNSAT (0.056 seconds)
2.19/2.27	['concat', 'substr', 'sub']: UNSAT (0.055 seconds)
2.29/2.32	['concat', 'add', 'add']: UNSAT (0.049 seconds)
2.29/2.37	['concat', 'add', 'sub']: UNSAT (0.049 seconds)
2.39/2.42	['concat', 'sub', 'sub']: UNSAT (0.049 seconds)
2.39/2.47	['index', 'index', 'index']: UNSAT (0.067 seconds)
2.49/2.54	['index', 'index', 'length']: UNSAT (0.052 seconds)
2.49/2.60	['index', 'index', 'substr']: UNSAT (0.071 seconds)
2.59/2.67	['index', 'index', 'add']: UNSAT (0.057 seconds)
2.69/2.73	['index', 'index', 'sub']: UNSAT (0.058 seconds)
2.69/2.78	['index', 'length', 'length']: UNSAT (0.039 seconds)
2.79/2.82	['index', 'length', 'substr']: UNSAT (0.054 seconds)
2.79/2.88	['index', 'length', 'add']: UNSAT (0.044 seconds)
2.89/2.92	['index', 'length', 'sub']: UNSAT (0.044 seconds)
2.89/2.97	['index', 'substr', 'substr']: UNSAT (0.086 seconds)
3.03/3.06	['index', 'substr', 'add']: UNSAT (0.067 seconds)
3.03/3.12	['index', 'substr', 'sub']: UNSAT (0.063 seconds)
3.13/3.19	['index', 'add', 'add']: UNSAT (0.056 seconds)
3.19/3.24	['index', 'add', 'sub']: UNSAT (0.055 seconds)
3.29/3.30	['index', 'sub', 'sub']: UNSAT (0.054 seconds)
3.29/3.36	['length', 'length', 'length']: UNSAT (0.030 seconds)
3.29/3.39	['length', 'length', 'substr']: UNSAT (0.042 seconds)
3.39/3.43	['length', 'length', 'add']: UNSAT (0.034 seconds)
3.39/3.46	['length', 'length', 'sub']: UNSAT (0.033 seconds)
3.49/3.50	['length', 'substr', 'substr']: UNSAT (0.058 seconds)
3.49/3.56	['length', 'substr', 'add']: UNSAT (0.047 seconds)
3.59/3.60	['length', 'substr', 'sub']: UNSAT (0.045 seconds)
3.59/3.65	['length', 'add', 'add']: UNSAT (0.039 seconds)
3.59/3.69	['length', 'add', 'sub']: UNSAT (0.041 seconds)
3.69/3.73	['length', 'sub', 'sub']: UNSAT (0.043 seconds)
3.69/3.78	['substr', 'substr', 'substr']: UNSAT (0.067 seconds)
3.79/3.84	['substr', 'substr', 'add']: UNSAT (0.057 seconds)
3.89/3.90	['substr', 'substr', 'sub']: UNSAT (0.061 seconds)
3.89/3.96	['substr', 'add', 'add']: UNSAT (0.052 seconds)
3.89/4.02	['substr', 'add', 'sub']: UNSAT (0.054 seconds)
4.03/4.07	['substr', 'sub', 'sub']: UNSAT (0.051 seconds)
4.03/4.12	['add', 'add', 'add']: UNSAT (0.048 seconds)
4.13/4.17	['add', 'add', 'sub']: UNSAT (0.048 seconds)
4.19/4.22	['add', 'sub', 'sub']: UNSAT (0.048 seconds)
4.19/4.27	['sub', 'sub', 'sub']: UNSAT (0.052 seconds)
4.29/4.32	['concat', 'concat', 'concat', 'concat']: UNSAT (0.606 seconds)
4.89/4.93	['concat', 'concat', 'concat', 'index']: UNSAT (0.081 seconds)
4.89/5.01	['concat', 'concat', 'concat', 'length']: UNSAT (0.065 seconds)
5.03/5.08	['concat', 'concat', 'concat', 'substr']: UNSAT (23.397 seconds)
28.39/28.48	['concat', 'concat', 'concat', 'add']: UNSAT (0.065 seconds)
28.48/28.54	['concat', 'concat', 'concat', 'sub']: UNSAT (0.064 seconds)
28.58/28.61	['concat', 'concat', 'index', 'index']: UNSAT (0.081 seconds)
28.58/28.69	['concat', 'concat', 'index', 'length']: UNSAT (0.068 seconds)
28.68/28.76	['concat', 'concat', 'index', 'substr']: UNSAT (2.338 seconds)
31.02/31.10	['concat', 'concat', 'index', 'add']: UNSAT (0.071 seconds)
31.12/31.17	['concat', 'concat', 'index', 'sub']: UNSAT (0.070 seconds)
31.18/31.24	['concat', 'concat', 'length', 'length']: UNSAT (0.053 seconds)
31.18/31.29	['concat', 'concat', 'length', 'substr']: UNSAT (1.089 seconds)
32.28/32.38	['concat', 'concat', 'length', 'add']: UNSAT (0.055 seconds)
32.38/32.44	['concat', 'concat', 'length', 'sub']: UNSAT (0.053 seconds)
32.38/32.49	['concat', 'concat', 'substr', 'substr']: UNSAT (0.624 seconds)
33.02/33.12	['concat', 'concat', 'substr', 'add']: UNSAT (0.452 seconds)
33.48/33.57	['concat', 'concat', 'substr', 'sub']: UNSAT (0.615 seconds)
34.13/34.19	['concat', 'concat', 'add', 'add']: UNSAT (0.059 seconds)
34.18/34.25	['concat', 'concat', 'add', 'sub']: UNSAT (0.061 seconds)
34.28/34.31	['concat', 'concat', 'sub', 'sub']: UNSAT (0.063 seconds)
34.28/34.37	['concat', 'index', 'index', 'index']: UNSAT (0.088 seconds)
34.38/34.46	['concat', 'index', 'index', 'length']: UNSAT (0.074 seconds)
34.48/34.54	['concat', 'index', 'index', 'substr']: UNSAT (0.283 seconds)
34.78/34.82	['concat', 'index', 'index', 'add']: UNSAT (0.075 seconds)
34.88/34.90	['concat', 'index', 'index', 'sub']: UNSAT (0.076 seconds)
34.88/34.97	['concat', 'index', 'length', 'length']: UNSAT (0.062 seconds)
34.88/35.04	['concat', 'index', 'length', 'substr']: UNSAT (0.113 seconds)
35.13/35.15	['concat', 'index', 'length', 'add']: UNSAT (0.063 seconds)
35.18/35.21	['concat', 'index', 'length', 'sub']: UNSAT (0.057 seconds)
35.18/35.27	['concat', 'index', 'substr', 'substr']: UNSAT (0.177 seconds)
35.38/35.45	['concat', 'index', 'substr', 'add']: UNSAT (0.116 seconds)
35.48/35.57	['concat', 'index', 'substr', 'sub']: UNSAT (0.113 seconds)
35.58/35.68	['concat', 'index', 'add', 'add']: UNSAT (0.065 seconds)
35.68/35.75	['concat', 'index', 'add', 'sub']: UNSAT (0.067 seconds)
35.78/35.81	['concat', 'index', 'sub', 'sub']: UNSAT (0.068 seconds)
35.78/35.88	['concat', 'length', 'length', 'length']: UNSAT (0.043 seconds)
35.88/35.93	['concat', 'length', 'length', 'substr']: UNSAT (0.093 seconds)
35.88/36.02	['concat', 'length', 'length', 'add']: UNSAT (0.051 seconds)
36.02/36.07	['concat', 'length', 'length', 'sub']: UNSAT (0.046 seconds)
36.02/36.12	['concat', 'length', 'substr', 'substr']: UNSAT (0.143 seconds)
36.18/36.26	['concat', 'length', 'substr', 'add']: UNSAT (0.091 seconds)
36.28/36.36	['concat', 'length', 'substr', 'sub']: UNSAT (0.088 seconds)
36.38/36.45	['concat', 'length', 'add', 'add']: UNSAT (0.054 seconds)
36.48/36.50	['concat', 'length', 'add', 'sub']: UNSAT (0.059 seconds)
36.48/36.56	['concat', 'length', 'sub', 'sub']: UNSAT (0.055 seconds)
36.58/36.62	['concat', 'substr', 'substr', 'substr']: UNSAT (0.192 seconds)
36.78/36.81	['concat', 'substr', 'substr', 'add']: UNSAT (0.101 seconds)
36.88/36.91	['concat', 'substr', 'substr', 'sub']: UNSAT (0.096 seconds)
36.88/37.01	['concat', 'substr', 'add', 'add']: UNSAT (0.077 seconds)
37.02/37.09	['concat', 'substr', 'add', 'sub']: UNSAT (0.075 seconds)
37.13/37.16	['concat', 'substr', 'sub', 'sub']: UNSAT (0.077 seconds)
37.18/37.24	['concat', 'add', 'add', 'add']: UNSAT (0.066 seconds)
37.28/37.30	['concat', 'add', 'add', 'sub']: UNSAT (0.064 seconds)
37.28/37.37	['concat', 'add', 'sub', 'sub']: UNSAT (0.061 seconds)
37.38/37.43	['concat', 'sub', 'sub', 'sub']: UNSAT (0.061 seconds)
37.38/37.49	['index', 'index', 'index', 'index']: UNSAT (0.090 seconds)
37.48/37.58	['index', 'index', 'index', 'length']: UNSAT (0.074 seconds)
37.58/37.66	['index', 'index', 'index', 'substr']: UNSAT (0.127 seconds)
37.68/37.79	['index', 'index', 'index', 'add']: UNSAT (0.087 seconds)
37.78/37.88	['index', 'index', 'index', 'sub']: UNSAT (0.083 seconds)
37.88/37.96	['index', 'index', 'length', 'length']: UNSAT (0.059 seconds)
37.88/38.02	['index', 'index', 'length', 'substr']: UNSAT (0.118 seconds)
38.02/38.14	['index', 'index', 'length', 'add']: UNSAT (0.069 seconds)
38.18/38.21	['index', 'index', 'length', 'sub']: UNSAT (0.067 seconds)
38.18/38.28	['index', 'index', 'substr', 'substr']: UNSAT (0.316 seconds)
38.48/38.59	['index', 'index', 'substr', 'add']: UNSAT (0.104 seconds)
38.68/38.70	['index', 'index', 'substr', 'sub']: UNSAT (0.094 seconds)
38.68/38.79	['index', 'index', 'add', 'add']: UNSAT (0.075 seconds)
38.78/38.87	['index', 'index', 'add', 'sub']: UNSAT (0.074 seconds)
38.88/38.94	['index', 'index', 'sub', 'sub']: UNSAT (0.080 seconds)
38.88/39.02	['index', 'length', 'length', 'length']: UNSAT (0.053 seconds)
39.02/39.08	['index', 'length', 'length', 'substr']: UNSAT (0.076 seconds)
39.12/39.15	['index', 'length', 'length', 'add']: UNSAT (0.056 seconds)
39.18/39.21	['index', 'length', 'length', 'sub']: UNSAT (0.052 seconds)
39.18/39.26	['index', 'length', 'substr', 'substr']: UNSAT (0.108 seconds)
39.28/39.37	['index', 'length', 'substr', 'add']: UNSAT (0.073 seconds)
39.38/39.45	['index', 'length', 'substr', 'sub']: UNSAT (0.078 seconds)
39.48/39.53	['index', 'length', 'add', 'add']: UNSAT (0.060 seconds)
39.48/39.59	['index', 'length', 'add', 'sub']: UNSAT (0.061 seconds)
39.58/39.65	['index', 'length', 'sub', 'sub']: UNSAT (0.059 seconds)
39.68/39.71	['index', 'substr', 'substr', 'substr']: UNSAT (0.242 seconds)
39.88/39.95	['index', 'substr', 'substr', 'add']: UNSAT (0.119 seconds)
40.03/40.07	['index', 'substr', 'substr', 'sub']: UNSAT (0.131 seconds)
40.18/40.20	['index', 'substr', 'add', 'add']: UNSAT (0.094 seconds)
40.28/40.30	['index', 'substr', 'add', 'sub']: UNSAT (0.100 seconds)
40.38/40.40	['index', 'substr', 'sub', 'sub']: UNSAT (0.090 seconds)
40.38/40.49	['index', 'add', 'add', 'add']: UNSAT (0.077 seconds)
40.48/40.57	['index', 'add', 'add', 'sub']: UNSAT (0.077 seconds)
40.58/40.65	['index', 'add', 'sub', 'sub']: UNSAT (0.076 seconds)
40.68/40.72	['index', 'sub', 'sub', 'sub']: UNSAT (0.075 seconds)
40.78/40.80	['length', 'length', 'length', 'length']: UNSAT (0.037 seconds)
40.78/40.84	['length', 'length', 'length', 'substr']: UNSAT (0.045 seconds)
40.78/40.88	['length', 'length', 'length', 'add']: UNSAT (0.037 seconds)
40.88/40.92	['length', 'length', 'length', 'sub']: UNSAT (0.040 seconds)
40.88/40.96	['length', 'length', 'substr', 'substr']: UNSAT (0.111 seconds)
41.02/41.07	['length', 'length', 'substr', 'add']: UNSAT (0.060 seconds)
41.02/41.13	['length', 'length', 'substr', 'sub']: UNSAT (0.066 seconds)
41.18/41.20	['length', 'length', 'add', 'add']: UNSAT (0.050 seconds)
41.18/41.25	['length', 'length', 'add', 'sub']: UNSAT (0.049 seconds)
41.28/41.30	['length', 'length', 'sub', 'sub']: UNSAT (0.050 seconds)
41.28/41.35	['length', 'substr', 'substr', 'substr']: UNSAT (0.106 seconds)
41.38/41.46	['length', 'substr', 'substr', 'add']: UNSAT (0.074 seconds)
41.48/41.53	['length', 'substr', 'substr', 'sub']: UNSAT (0.074 seconds)
41.58/41.61	['length', 'substr', 'add', 'add']: UNSAT (0.064 seconds)
41.58/41.67	['length', 'substr', 'add', 'sub']: UNSAT (0.065 seconds)
41.68/41.74	['length', 'substr', 'sub', 'sub']: UNSAT (0.065 seconds)
41.78/41.80	['length', 'add', 'add', 'add']: UNSAT (0.057 seconds)
41.78/41.86	['length', 'add', 'add', 'sub']: UNSAT (0.052 seconds)
41.88/41.91	['length', 'add', 'sub', 'sub']: UNSAT (0.056 seconds)
41.88/41.97	['length', 'sub', 'sub', 'sub']: UNSAT (0.054 seconds)
41.88/42.03	['substr', 'substr', 'substr', 'substr']: UNSAT (0.092 seconds)
42.02/42.12	['substr', 'substr', 'substr', 'add']: UNSAT (0.088 seconds)
42.18/42.21	['substr', 'substr', 'substr', 'sub']: UNSAT (0.086 seconds)
42.18/42.30	['substr', 'substr', 'add', 'add']: UNSAT (0.079 seconds)
42.28/42.38	['substr', 'substr', 'add', 'sub']: UNSAT (0.074 seconds)
42.38/42.45	['substr', 'substr', 'sub', 'sub']: UNSAT (0.076 seconds)
42.48/42.53	['substr', 'add', 'add', 'add']: UNSAT (0.073 seconds)
42.58/42.60	['substr', 'add', 'add', 'sub']: UNSAT (0.070 seconds)
42.58/42.67	['substr', 'add', 'sub', 'sub']: UNSAT (0.071 seconds)
42.68/42.74	['substr', 'sub', 'sub', 'sub']: UNSAT (0.073 seconds)
42.78/42.82	['add', 'add', 'add', 'add']: UNSAT (0.065 seconds)
42.78/42.88	['add', 'add', 'add', 'sub']: UNSAT (0.068 seconds)
42.88/42.95	['add', 'add', 'sub', 'sub']: UNSAT (0.066 seconds)
42.88/43.02	['add', 'sub', 'sub', 'sub']: UNSAT (0.069 seconds)
43.03/43.09	['sub', 'sub', 'sub', 'sub']: UNSAT (0.069 seconds)
43.13/43.16	['concat', 'concat', 'concat', 'concat', 'concat']: UNSAT (4.348 seconds)
47.49/47.51	['concat', 'concat', 'concat', 'concat', 'index']: UNSAT (0.104 seconds)
47.59/47.61	['concat', 'concat', 'concat', 'concat', 'length']: UNSAT (0.088 seconds)
47.69/47.70	['concat', 'concat', 'concat', 'concat', 'substr']: UNKNOWN (212.674 seconds)
260.28/260.38	Reason: smt tactic failed to show goal to be sat/unsat max-conflicts-reached
260.28/260.38	Reason: smt tactic failed to show goal to be sat/unsat max-conflicts-reached
260.28/260.38	['concat', 'concat', 'concat', 'concat', 'add']: UNSAT (0.090 seconds)
260.38/260.47	['concat', 'concat', 'concat', 'concat', 'sub']: UNSAT (0.089 seconds)
260.48/260.56	['concat', 'concat', 'concat', 'index', 'index']: UNSAT (0.109 seconds)
260.58/260.67	['concat', 'concat', 'concat', 'index', 'length']: UNSAT (0.098 seconds)
260.68/260.77	['concat', 'concat', 'concat', 'index', 'substr']: UNKNOWN (129.981 seconds)
390.67/390.75	Reason: smt tactic failed to show goal to be sat/unsat max-conflicts-reached
390.67/390.75	Reason: smt tactic failed to show goal to be sat/unsat max-conflicts-reached
390.67/390.75	['concat', 'concat', 'concat', 'index', 'add']: UNSAT (0.095 seconds)
390.77/390.85	['concat', 'concat', 'concat', 'index', 'sub']: UNSAT (0.096 seconds)
390.88/390.94	['concat', 'concat', 'concat', 'length', 'length']: UNSAT (0.077 seconds)
390.88/391.02	['concat', 'concat', 'concat', 'length', 'substr']: UNKNOWN (146.838 seconds)
537.77/537.86	Reason: smt tactic failed to show goal to be sat/unsat max-conflicts-reached
537.77/537.86	Reason: smt tactic failed to show goal to be sat/unsat max-conflicts-reached
537.77/537.86	['concat', 'concat', 'concat', 'length', 'add']: UNSAT (0.079 seconds)
537.87/537.94	['concat', 'concat', 'concat', 'length', 'sub']: UNSAT (0.081 seconds)
537.87/538.02	['concat', 'concat', 'concat', 'substr', 'substr']: UNKNOWN (57.337 seconds)
595.27/595.36	Reason: smt tactic failed to show goal to be sat/unsat max-conflicts-reached
595.27/595.36	Reason: smt tactic failed to show goal to be sat/unsat max-conflicts-reached
595.27/595.36	['concat', 'concat', 'concat', 'substr', 'add']: 