0.11/0.20	=== Examples (../../dataset/examples/examples-48.json)
0.11/0.20	IO(inputs=('John', 'Doe', '@gmail.com'), output='johndoe.@gmail.com')
0.11/0.20	IO(inputs=('Jane', 'Smith', '@outsystems.com'), output='janesmith.@outsystems.com')
0.11/0.20	=== Library
0.11/0.20	concat
0.11/0.20	index
0.11/0.20	length
0.11/0.20	substr
0.11/0.20	add
0.11/0.20	sub
0.11/0.20	=== Synthesis
0.11/0.20	['concat']: UNSAT (0.030 seconds)
0.11/0.23	['index']: UNSAT (0.031 seconds)
0.11/0.26	['length']: UNSAT (0.022 seconds)
0.25/0.28	['substr']: UNSAT (0.030 seconds)
0.25/0.32	['add']: UNSAT (0.025 seconds)
0.25/0.34	['sub']: UNSAT (0.025 seconds)
0.25/0.37	['concat', 'concat']: UNSAT (0.052 seconds)
0.35/0.42	['concat', 'index']: UNSAT (0.051 seconds)
0.35/0.47	['concat', 'length']: UNSAT (0.037 seconds)
0.44/0.51	['concat', 'substr']: UNSAT (0.052 seconds)
0.44/0.56	['concat', 'add']: UNSAT (0.040 seconds)
0.55/0.60	['concat', 'sub']: UNSAT (0.040 seconds)
0.63/0.64	['index', 'index']: UNSAT (0.042 seconds)
0.63/0.69	['index', 'length']: UNSAT (0.033 seconds)
0.69/0.72	['index', 'substr']: UNSAT (0.048 seconds)
0.69/0.77	['index', 'add']: UNSAT (0.036 seconds)
0.79/0.80	['index', 'sub']: UNSAT (0.035 seconds)
0.79/0.84	['length', 'length']: UNSAT (0.022 seconds)
0.79/0.86	['length', 'substr']: UNSAT (0.033 seconds)
0.89/0.90	['length', 'add']: UNSAT (0.026 seconds)
0.89/0.92	['length', 'sub']: UNSAT (0.027 seconds)
0.89/0.95	['substr', 'substr']: UNSAT (0.042 seconds)
0.89/0.99	['substr', 'add']: UNSAT (0.037 seconds)
0.89/1.03	['substr', 'sub']: UNSAT (0.035 seconds)
1.01/1.07	['add', 'add']: UNSAT (0.030 seconds)
1.01/1.10	['add', 'sub']: UNSAT (0.034 seconds)
1.01/1.13	['sub', 'sub']: UNSAT (0.030 seconds)
1.13/1.16	['concat', 'concat', 'concat']: UNSAT (0.165 seconds)
1.29/1.33	['concat', 'concat', 'index']: UNSAT (0.058 seconds)
1.29/1.39	['concat', 'concat', 'length']: UNSAT (0.043 seconds)
1.39/1.43	['concat', 'concat', 'substr']: UNSAT (0.089 seconds)
1.49/1.52	['concat', 'concat', 'add']: UNSAT (0.044 seconds)
1.49/1.57	['concat', 'concat', 'sub']: UNSAT (0.043 seconds)
1.59/1.61	['concat', 'index', 'index']: UNSAT (0.061 seconds)
1.59/1.67	['concat', 'index', 'length']: UNSAT (0.052 seconds)
1.69/1.73	['concat', 'index', 'substr']: UNSAT (0.108 seconds)
1.79/1.83	['concat', 'index', 'add']: UNSAT (0.051 seconds)
1.79/1.89	['concat', 'index', 'sub']: UNSAT (0.054 seconds)
1.89/1.94	['concat', 'length', 'length']: UNSAT (0.036 seconds)
1.89/1.98	['concat', 'length', 'substr']: UNSAT (0.058 seconds)
1.89/2.04	['concat', 'length', 'add']: UNSAT (0.037 seconds)
2.01/2.08	['concat', 'length', 'sub']: UNSAT (0.040 seconds)
2.01/2.12	['concat', 'substr', 'substr']: UNSAT (0.065 seconds)
2.14/2.18	['concat', 'substr', 'add']: UNSAT (0.050 seconds)
2.19/2.23	['concat', 'substr', 'sub']: UNSAT (0.053 seconds)
2.19/2.29	['concat', 'add', 'add']: UNSAT (0.044 seconds)
2.29/2.33	['concat', 'add', 'sub']: UNSAT (0.044 seconds)
2.29/2.38	['concat', 'sub', 'sub']: UNSAT (0.045 seconds)
2.39/2.42	['index', 'index', 'index']: UNSAT (0.066 seconds)
2.39/2.49	['index', 'index', 'length']: UNSAT (0.050 seconds)
2.49/2.54	['index', 'index', 'substr']: UNSAT (0.105 seconds)
2.59/2.65	['index', 'index', 'add']: UNSAT (0.060 seconds)
2.69/2.71	['index', 'index', 'sub']: UNSAT (0.061 seconds)
2.69/2.77	['index', 'length', 'length']: UNSAT (0.041 seconds)
2.79/2.81	['index', 'length', 'substr']: UNSAT (0.058 seconds)
2.79/2.87	['index', 'length', 'add']: UNSAT (0.046 seconds)
2.89/2.92	['index', 'length', 'sub']: UNSAT (0.046 seconds)
2.89/2.96	['index', 'substr', 'substr']: UNSAT (0.079 seconds)
3.01/3.04	['index', 'substr', 'add']: UNSAT (0.065 seconds)
3.01/3.11	['index', 'substr', 'sub']: UNSAT (0.065 seconds)
3.14/3.18	['index', 'add', 'add']: UNSAT (0.054 seconds)
3.19/3.23	['index', 'add', 'sub']: UNSAT (0.052 seconds)
3.19/3.28	['index', 'sub', 'sub']: UNSAT (0.055 seconds)
3.29/3.34	['length', 'length', 'length']: UNSAT (0.029 seconds)
3.29/3.37	['length', 'length', 'substr']: UNSAT (0.043 seconds)
3.39/3.41	['length', 'length', 'add']: UNSAT (0.034 seconds)
3.39/3.45	['length', 'length', 'sub']: UNSAT (0.035 seconds)
3.39/3.48	['length', 'substr', 'substr']: UNSAT (0.057 seconds)
3.49/3.54	['length', 'substr', 'add']: UNSAT (0.043 seconds)
3.49/3.58	['length', 'substr', 'sub']: UNSAT (0.046 seconds)
3.59/3.63	['length', 'add', 'add']: UNSAT (0.038 seconds)
3.59/3.67	['length', 'add', 'sub']: UNSAT (0.040 seconds)
3.69/3.71	['length', 'sub', 'sub']: UNSAT (0.042 seconds)
3.69/3.75	['substr', 'substr', 'substr']: UNSAT (0.070 seconds)
3.79/3.82	['substr', 'substr', 'add']: UNSAT (0.059 seconds)
3.79/3.88	['substr', 'substr', 'sub']: UNSAT (0.061 seconds)
3.89/3.95	['substr', 'add', 'add']: UNSAT (0.050 seconds)
3.89/4.00	['substr', 'add', 'sub']: UNSAT (0.052 seconds)
4.01/4.05	['substr', 'sub', 'sub']: UNSAT (0.050 seconds)
4.01/4.10	['add', 'add', 'add']: UNSAT (0.046 seconds)
4.14/4.15	['add', 'add', 'sub']: UNSAT (0.049 seconds)
4.19/4.20	['add', 'sub', 'sub']: UNSAT (0.047 seconds)
4.19/4.25	['sub', 'sub', 'sub']: UNSAT (0.050 seconds)
4.29/4.30	['concat', 'concat', 'concat', 'concat']: UNKNOWN (140.388 seconds)
144.57/144.69	Reason: smt tactic failed to show goal to be sat/unsat max-conflicts-reached
144.57/144.69	Reason: smt tactic failed to show goal to be sat/unsat max-conflicts-reached
144.57/144.69	['concat', 'concat', 'concat', 'index']: UNSAT (0.080 seconds)
144.67/144.77	['concat', 'concat', 'concat', 'length']: UNSAT (0.069 seconds)
144.77/144.84	['concat', 'concat', 'concat', 'substr']: UNSAT (12.464 seconds)
157.27/157.30	['concat', 'concat', 'concat', 'add']: UNSAT (0.072 seconds)
157.27/157.38	['concat', 'concat', 'concat', 'sub']: UNSAT (0.063 seconds)
157.37/157.44	['concat', 'concat', 'index', 'index']: UNSAT (0.084 seconds)
157.47/157.52	['concat', 'concat', 'index', 'length']: UNSAT (0.070 seconds)
157.47/157.60	['concat', 'concat', 'index', 'substr']: UNSAT (1.570 seconds)
159.09/159.17	['concat', 'concat', 'index', 'add']: UNSAT (0.070 seconds)
159.17/159.24	['concat', 'concat', 'index', 'sub']: UNSAT (0.075 seconds)
159.27/159.31	['concat', 'concat', 'length', 'length']: UNSAT (0.056 seconds)
159.27/159.37	['concat', 'concat', 'length', 'substr']: UNSAT (0.494 seconds)
159.77/159.87	['concat', 'concat', 'length', 'add']: UNSAT (0.058 seconds)
159.87/159.92	['concat', 'concat', 'length', 'sub']: UNSAT (0.060 seconds)
159.87/159.99	['concat', 'concat', 'substr', 'substr']: UNSAT (0.508 seconds)
160.37/160.49	['concat', 'concat', 'substr', 'add']: UNSAT (0.107 seconds)
160.57/160.60	['concat', 'concat', 'substr', 'sub']: UNSAT (0.107 seconds)
160.67/160.71	['concat', 'concat', 'add', 'add']: UNSAT (0.059 seconds)
160.67/160.77	['concat', 'concat', 'add', 'sub']: UNSAT (0.067 seconds)
160.77/160.84	['concat', 'concat', 'sub', 'sub']: UNSAT (0.065 seconds)
160.87/160.90	['concat', 'index', 'index', 'index']: UNSAT (0.095 seconds)
160.87/161.00	['concat', 'index', 'index', 'length']: UNSAT (0.072 seconds)
160.99/161.07	['concat', 'index', 'index', 'substr']: UNSAT (0.367 seconds)
161.37/161.44	['concat', 'index', 'index', 'add']: UNSAT (0.074 seconds)
161.47/161.52	['concat', 'index', 'index', 'sub']: UNSAT (0.075 seconds)
161.47/161.59	['concat', 'index', 'length', 'length']: UNSAT (0.058 seconds)
161.57/161.65	['concat', 'index', 'length', 'substr']: UNSAT (0.222 seconds)
161.77/161.87	['concat', 'index', 'length', 'add']: UNSAT (0.064 seconds)
161.87/161.94	['concat', 'index', 'length', 'sub']: UNSAT (0.065 seconds)
161.87/162.01	['concat', 'index', 'substr', 'substr']: UNSAT (0.416 seconds)
162.37/162.42	['concat', 'index', 'substr', 'add']: UNSAT (0.232 seconds)
162.57/162.66	['concat', 'index', 'substr', 'sub']: UNSAT (0.212 seconds)
162.77/162.87	['concat', 'index', 'add', 'add']: UNSAT (0.071 seconds)
162.87/162.94	['concat', 'index', 'add', 'sub']: UNSAT (0.073 seconds)
162.87/163.01	['concat', 'index', 'sub', 'sub']: UNSAT (0.071 seconds)
162.98/163.09	['concat', 'length', 'length', 'length']: UNSAT (0.045 seconds)
163.10/163.13	['concat', 'length', 'length', 'substr']: UNSAT (0.098 seconds)
163.17/163.23	['concat', 'length', 'length', 'add']: UNSAT (0.052 seconds)
163.17/163.28	['concat', 'length', 'length', 'sub']: UNSAT (0.046 seconds)
163.27/163.33	['concat', 'length', 'substr', 'substr']: UNSAT (0.139 seconds)
163.37/163.47	['concat', 'length', 'substr', 'add']: UNSAT (0.076 seconds)
163.47/163.55	['concat', 'length', 'substr', 'sub']: UNSAT (0.074 seconds)
163.57/163.62	['concat', 'length', 'add', 'add']: UNSAT (0.055 seconds)
163.57/163.68	['concat', 'length', 'add', 'sub']: UNSAT (0.055 seconds)
163.67/163.73	['concat', 'length', 'sub', 'sub']: UNSAT (0.053 seconds)
163.67/163.79	['concat', 'substr', 'substr', 'substr']: UNSAT (0.123 seconds)
163.87/163.91	['concat', 'substr', 'substr', 'add']: UNSAT (0.090 seconds)
163.87/164.00	['concat', 'substr', 'substr', 'sub']: UNSAT (0.082 seconds)
163.98/164.08	['concat', 'substr', 'add', 'add']: UNSAT (0.076 seconds)
164.09/164.16	['concat', 'substr', 'add', 'sub']: UNSAT (0.074 seconds)
164.17/164.24	['concat', 'substr', 'sub', 'sub']: UNSAT (0.076 seconds)
164.27/164.31	['concat', 'add', 'add', 'add']: UNSAT (0.070 seconds)
164.27/164.38	['concat', 'add', 'add', 'sub']: UNSAT (0.062 seconds)
164.37/164.45	['concat', 'add', 'sub', 'sub']: UNSAT (0.063 seconds)
164.47/164.51	['concat', 'sub', 'sub', 'sub']: UNSAT (0.063 seconds)
164.47/164.57	['index', 'index', 'index', 'index']: UNSAT (0.094 seconds)
164.57/164.67	['index', 'index', 'index', 'length']: UNSAT (0.078 seconds)
164.67/164.75	['index', 'index', 'index', 'substr']: UNSAT (0.111 seconds)
164.77/164.86	['index', 'index', 'index', 'add']: UNSAT (0.091 seconds)
164.87/164.95	['index', 'index', 'index', 'sub']: UNSAT (0.092 seconds)
164.98/165.04	['index', 'index', 'length', 'length']: UNSAT (0.065 seconds)
164.98/165.11	['index', 'index', 'length', 'substr']: UNSAT (0.092 seconds)
165.17/165.20	['index', 'index', 'length', 'add']: UNSAT (0.069 seconds)
165.17/165.27	['index', 'index', 'length', 'sub']: UNSAT (0.070 seconds)
165.27/165.35	['index', 'index', 'substr', 'substr']: UNSAT (0.123 seconds)
165.37/165.47	['index', 'index', 'substr', 'add']: UNSAT (0.132 seconds)
165.57/165.60	['index', 'index', 'substr', 'sub']: UNSAT (0.101 seconds)
165.67/165.70	['index', 'index', 'add', 'add']: UNSAT (0.081 seconds)
165.67/165.79	['index', 'index', 'add', 'sub']: UNSAT (0.078 seconds)
165.77/165.86	['index', 'index', 'sub', 'sub']: UNSAT (0.087 seconds)
165.87/165.95	['index', 'length', 'length', 'length']: UNSAT (0.060 seconds)
165.87/166.01	['index', 'length', 'length', 'substr']: UNSAT (0.077 seconds)
165.99/166.09	['index', 'length', 'length', 'add']: UNSAT (0.052 seconds)
166.11/166.15	['index', 'length', 'length', 'sub']: UNSAT (0.053 seconds)
166.17/166.20	['index', 'length', 'substr', 'substr']: UNSAT (0.131 seconds)
166.27/166.33	['index', 'length', 'substr', 'add']: UNSAT (0.079 seconds)
166.37/166.41	['index', 'length', 'substr', 'sub']: UNSAT (0.090 seconds)
166.47/166.50	['index', 'length', 'add', 'add']: UNSAT (0.062 seconds)
166.47/166.56	['index', 'length', 'add', 'sub']: UNSAT (0.062 seconds)
166.57/166.63	['index', 'length', 'sub', 'sub']: UNSAT (0.063 seconds)
166.57/166.69	['index', 'substr', 'substr', 'substr']: UNSAT (0.150 seconds)
166.76/166.84	['index', 'substr', 'substr', 'add']: UNSAT (0.109 seconds)
166.87/166.95	['index', 'substr', 'substr', 'sub']: UNSAT (0.118 seconds)
166.98/167.07	['index', 'substr', 'add', 'add']: UNSAT (0.093 seconds)
167.09/167.17	['index', 'substr', 'add', 'sub']: UNSAT (0.099 seconds)
167.16/167.27	['index', 'substr', 'sub', 'sub']: UNSAT (0.096 seconds)
167.26/167.36	['index', 'add', 'add', 'add']: UNSAT (0.080 seconds)
167.36/167.44	['index', 'add', 'add', 'sub']: UNSAT (0.078 seconds)
167.46/167.52	['index', 'add', 'sub', 'sub']: UNSAT (0.080 seconds)
167.56/167.60	['index', 'sub', 'sub', 'sub']: UNSAT (0.078 seconds)
167.56/167.68	['length', 'length', 'length', 'length']: UNSAT (0.040 seconds)
167.66/167.72	['length', 'length', 'length', 'substr']: UNSAT (0.050 seconds)
167.66/167.77	['length', 'length', 'length', 'add']: UNSAT (0.042 seconds)
167.76/167.82	['length', 'length', 'length', 'sub']: UNSAT (0.043 seconds)
167.76/167.86	['length', 'length', 'substr', 'substr']: UNSAT (0.077 seconds)
167.87/167.94	['length', 'length', 'substr', 'add']: UNSAT (0.060 seconds)
167.87/168.00	['length', 'length', 'substr', 'sub']: UNSAT (0.063 seconds)
167.98/168.06	['length', 'length', 'add', 'add']: UNSAT (0.048 seconds)
167.98/168.11	['length', 'length', 'add', 'sub']: UNSAT (0.048 seconds)
168.09/168.16	['length', 'length', 'sub', 'sub']: UNSAT (0.046 seconds)
168.16/168.21	['length', 'substr', 'substr', 'substr']: UNSAT (0.084 seconds)
168.16/168.29	['length', 'substr', 'substr', 'add']: UNSAT (0.069 seconds)
168.26/168.36	['length', 'substr', 'substr', 'sub']: UNSAT (0.070 seconds)
168.36/168.43	['length', 'substr', 'add', 'add']: UNSAT (0.068 seconds)
168.46/168.50	['length', 'substr', 'add', 'sub']: UNSAT (0.062 seconds)
168.46/168.56	['length', 'substr', 'sub', 'sub']: UNSAT (0.067 seconds)
168.56/168.63	['length', 'add', 'add', 'add']: UNSAT (0.059 seconds)
168.56/168.69	['length', 'add', 'add', 'sub']: UNSAT (0.057 seconds)
168.66/168.75	['length', 'add', 'sub', 'sub']: UNSAT (0.059 seconds)
168.76/168.81	['length', 'sub', 'sub', 'sub']: UNSAT (0.055 seconds)
168.76/168.86	['substr', 'substr', 'substr', 'substr']: UNSAT (0.101 seconds)
168.87/168.97	['substr', 'substr', 'substr', 'add']: UNSAT (0.093 seconds)
168.98/169.06	['substr', 'substr', 'substr', 'sub']: UNSAT (0.087 seconds)
169.09/169.15	['substr', 'substr', 'add', 'add']: UNSAT (0.079 seconds)
169.16/169.23	['substr', 'substr', 'add', 'sub']: UNSAT (0.084 seconds)
169.26/169.31	['substr', 'substr', 'sub', 'sub']: UNSAT (0.076 seconds)
169.26/169.39	['substr', 'add', 'add', 'add']: UNSAT (0.074 seconds)
169.36/169.46	['substr', 'add', 'add', 'sub']: UNSAT (0.073 seconds)
169.46/169.54	['substr', 'add', 'sub', 'sub']: UNSAT (0.070 seconds)
169.56/169.61	['substr', 'sub', 'sub', 'sub']: UNSAT (0.070 seconds)
169.56/169.68	['add', 'add', 'add', 'add']: UNSAT (0.066 seconds)
169.66/169.75	['add', 'add', 'add', 'sub']: UNSAT (0.070 seconds)
169.76/169.82	['add', 'add', 'sub', 'sub']: UNSAT (0.069 seconds)
169.76/169.89	['add', 'sub', 'sub', 'sub']: UNSAT (0.071 seconds)
169.87/169.96	['sub', 'sub', 'sub', 'sub']: UNSAT (0.072 seconds)
169.98/170.03	['concat', 'concat', 'concat', 'concat', 'concat']: UNKNOWN (168.319 seconds)
338.26/338.35	Reason: smt tactic failed to show goal to be sat/unsat max-conflicts-reached
338.26/338.35	Reason: smt tactic failed to show goal to be sat/unsat max-conflicts-reached
338.26/338.35	['concat', 'concat', 'concat', 'concat', 'index']: UNSAT (0.115 seconds)
338.36/338.47	['concat', 'concat', 'concat', 'concat', 'length']: UNSAT (0.097 seconds)
338.46/338.57	['concat', 'concat', 'concat', 'concat', 'substr']: UNKNOWN (92.252 seconds)
430.76/430.82	Reason: smt tactic failed to show goal to be sat/unsat max-conflicts-reached
430.76/430.82	Reason: smt tactic failed to show goal to be sat/unsat max-conflicts-reached
430.76/430.82	['concat', 'concat', 'concat', 'concat', 'add']: UNSAT (0.094 seconds)
430.86/430.92	['concat', 'concat', 'concat', 'concat', 'sub']: UNSAT (0.093 seconds)
430.86/431.01	['concat', 'concat', 'concat', 'index', 'index']: UNSAT (0.105 seconds)
430.98/431.12	['concat', 'concat', 'concat', 'index', 'length']: UNSAT (0.093 seconds)
431.16/431.21	['concat', 'concat', 'concat', 'index', 'substr']: UNKNOWN (88.745 seconds)
519.86/519.96	Reason: smt tactic failed to show goal to be sat/unsat max-conflicts-reached
519.86/519.96	Reason: smt tactic failed to show goal to be sat/unsat max-conflicts-reached
519.86/519.96	['concat', 'concat', 'concat', 'index', 'add']: UNSAT (0.096 seconds)
519.98/520.05	['concat', 'concat', 'concat', 'index', 'sub']: UNSAT (0.099 seconds)
520.10/520.15	['concat', 'concat', 'concat', 'length', 'length']: UNSAT (0.082 seconds)
520.16/520.24	['concat', 'concat', 'concat', 'length', 'substr']: UNKNOWN (61.921 seconds)
582.10/582.16	Reason: smt tactic failed to show goal to be sat/unsat max-conflicts-reached
582.10/582.16	Reason: smt tactic failed to show goal to be sat/unsat max-conflicts-reached
582.10/582.16	['concat', 'concat', 'concat', 'length', 'add']: UNSAT (0.077 seconds)
582.15/582.24	['concat', 'concat', 'concat', 'length', 'sub']: UNSAT (0.081 seconds)
582.25/582.32	['concat', 'concat', 'concat', 'substr', 'substr']: 