0.14/0.20	=== Examples (../../dataset/examples/examples-31.json)
0.14/0.20	IO(inputs=('john.doe@outsystems.com',), output='john.doe')
0.14/0.20	IO(inputs=('jane.moe@cmu.edu',), output='jane.moe')
0.14/0.20	=== Library
0.14/0.20	concat
0.14/0.20	index
0.14/0.20	length
0.14/0.20	substr
0.14/0.20	add
0.14/0.20	sub
0.14/0.20	=== Synthesis
0.14/0.20	['concat']: UNSAT (0.027 seconds)
0.14/0.23	['index']: UNSAT (0.026 seconds)
0.14/0.25	['length']: UNSAT (0.021 seconds)
0.14/0.28	['substr']: UNSAT (0.032 seconds)
0.29/0.31	['add']: UNSAT (0.023 seconds)
0.29/0.33	['sub']: UNSAT (0.023 seconds)
0.29/0.36	['concat', 'concat']: UNSAT (0.046 seconds)
0.36/0.40	['concat', 'index']: UNSAT (0.043 seconds)
0.36/0.45	['concat', 'length']: UNSAT (0.033 seconds)
0.46/0.48	['concat', 'substr']: UNSAT (0.158 seconds)
0.59/0.64	['concat', 'add']: UNSAT (0.028 seconds)
0.65/0.67	['concat', 'sub']: UNSAT (0.027 seconds)
0.69/0.70	['index', 'index']: UNSAT (0.035 seconds)
0.69/0.73	['index', 'length']: UNSAT (0.027 seconds)
0.69/0.76	['index', 'substr']: SAT (1.818 seconds)
2.48/2.58	substr(arg0, 0, index(arg0, '@', 0))
