0.00/0.20	=== Examples (../../dataset/examples/examples-01.json)
0.00/0.20	IO(inputs=('Hello World',), output='Hello&nbsp;World')
0.00/0.20	IO(inputs=('Indicates the (zero-based) index where the search starts.',), output='Indicates&nbsp;the&nbsp;(zero-based)&nbsp;index&nbsp;where&nbsp;the&nbsp;search&nbsp;starts.')
0.00/0.20	=== Library
0.00/0.20	concat
0.00/0.20	index
0.00/0.20	length
0.00/0.20	substr
0.00/0.20	add
0.00/0.20	sub
0.00/0.20	=== Synthesis
0.00/0.20	['concat']: UNSAT (0.027 seconds)
0.21/0.23	['index']: UNSAT (0.026 seconds)
0.21/0.25	['length']: UNSAT (0.020 seconds)
0.21/0.27	['substr']: UNSAT (0.029 seconds)
0.21/0.30	['add']: UNSAT (0.023 seconds)
0.21/0.33	['sub']: UNSAT (0.023 seconds)
0.21/0.35	['concat', 'concat']: UNSAT (0.131 seconds)
0.40/0.48	['concat', 'index']: UNSAT (0.043 seconds)
0.40/0.53	['concat', 'length']: UNSAT (0.033 seconds)
0.40/0.56	['concat', 'substr']: UNSAT (0.089 seconds)
0.63/0.65	['concat', 'add']: UNSAT (0.028 seconds)
0.63/0.68	['concat', 'sub']: UNSAT (0.028 seconds)
0.63/0.71	['index', 'index']: UNSAT (0.036 seconds)
0.63/0.74	['index', 'length']: UNSAT (0.027 seconds)
0.63/0.77	['index', 'substr']: UNSAT (0.044 seconds)
0.63/0.82	['index', 'add']: UNSAT (0.033 seconds)
0.81/0.85	['index', 'sub']: UNSAT (0.032 seconds)
0.87/0.88	['length', 'length']: UNSAT (0.021 seconds)
0.87/0.90	['length', 'substr']: UNSAT (0.032 seconds)
0.91/0.94	['length', 'add']: UNSAT (0.023 seconds)
0.91/0.96	['length', 'sub']: UNSAT (0.023 seconds)
0.91/0.98	['substr', 'substr']: UNSAT (0.040 seconds)
0.98/1.03	['substr', 'add']: UNSAT (0.036 seconds)
0.98/1.06	['substr', 'sub']: UNSAT (0.035 seconds)
1.08/1.10	['add', 'add']: UNSAT (0.030 seconds)
1.08/1.13	['add', 'sub']: UNSAT (0.030 seconds)
1.08/1.16	['sub', 'sub']: UNSAT (0.030 seconds)
1.08/1.19	['concat', 'concat', 'concat']: UNSAT (0.509 seconds)
1.68/1.70	['concat', 'concat', 'index']: UNSAT (0.051 seconds)
1.68/1.75	['concat', 'concat', 'length']: UNSAT (0.042 seconds)
1.68/1.79	['concat', 'concat', 'substr']: UNSAT (0.211 seconds)
1.98/2.00	['concat', 'concat', 'add']: UNSAT (0.041 seconds)
1.98/2.05	['concat', 'concat', 'sub']: UNSAT (0.041 seconds)
1.98/2.09	['concat', 'index', 'index']: UNSAT (0.055 seconds)
2.08/2.15	['concat', 'index', 'length']: UNSAT (0.043 seconds)
2.08/2.19	['concat', 'index', 'substr']: UNSAT (1.586 seconds)
3.69/3.78	['concat', 'index', 'add']: UNSAT (0.046 seconds)
3.79/3.82	['concat', 'index', 'sub']: UNSAT (0.045 seconds)
3.79/3.87	['concat', 'length', 'length']: UNSAT (0.036 seconds)
3.89/3.91	['concat', 'length', 'substr']: UNSAT (0.087 seconds)
3.89/3.99	['concat', 'length', 'add']: UNSAT (0.044 seconds)
3.99/4.04	['concat', 'length', 'sub']: UNSAT (0.045 seconds)
3.99/4.08	['concat', 'substr', 'substr']: UNSAT (0.148 seconds)
4.08/4.23	['concat', 'substr', 'add']: UNSAT (0.064 seconds)
4.25/4.30	['concat', 'substr', 'sub']: UNSAT (0.072 seconds)
4.36/4.37	['concat', 'add', 'add']: UNSAT (0.043 seconds)
4.39/4.41	['concat', 'add', 'sub']: UNSAT (0.040 seconds)
4.39/4.46	['concat', 'sub', 'sub']: UNSAT (0.040 seconds)
4.39/4.50	['index', 'index', 'index']: UNSAT (0.056 seconds)
4.49/4.55	['index', 'index', 'length']: UNSAT (0.046 seconds)
4.59/4.60	['index', 'index', 'substr']: UNSAT (0.068 seconds)
4.59/4.67	['index', 'index', 'add']: UNSAT (0.051 seconds)
4.69/4.72	['index', 'index', 'sub']: UNSAT (0.052 seconds)
4.69/4.77	['index', 'length', 'length']: UNSAT (0.036 seconds)
4.79/4.81	['index', 'length', 'substr']: UNSAT (0.053 seconds)
4.79/4.86	['index', 'length', 'add']: UNSAT (0.042 seconds)
4.89/4.91	['index', 'length', 'sub']: UNSAT (0.040 seconds)
4.89/4.95	['index', 'substr', 'substr']: UNSAT (0.106 seconds)
4.99/5.05	['index', 'substr', 'add']: UNSAT (0.058 seconds)
5.09/5.11	['index', 'substr', 'sub']: UNSAT (0.062 seconds)
5.09/5.18	['index', 'add', 'add']: UNSAT (0.048 seconds)
5.09/5.23	['index', 'add', 'sub']: UNSAT (0.047 seconds)
5.22/5.27	['index', 'sub', 'sub']: UNSAT (0.045 seconds)
5.22/5.32	['length', 'length', 'length']: UNSAT (0.025 seconds)
5.32/5.34	['length', 'length', 'substr']: UNSAT (0.037 seconds)
5.32/5.38	['length', 'length', 'add']: UNSAT (0.030 seconds)
5.39/5.41	['length', 'length', 'sub']: UNSAT (0.029 seconds)
5.39/5.44	['length', 'substr', 'substr']: UNSAT (0.061 seconds)
5.49/5.50	['length', 'substr', 'add']: UNSAT (0.042 seconds)
5.49/5.55	['length', 'substr', 'sub']: UNSAT (0.042 seconds)
5.49/5.59	['length', 'add', 'add']: UNSAT (0.039 seconds)
5.59/5.63	['length', 'add', 'sub']: UNSAT (0.039 seconds)
5.59/5.67	['length', 'sub', 'sub']: UNSAT (0.039 seconds)
5.69/5.71	['substr', 'substr', 'substr']: UNSAT (0.084 seconds)
5.69/5.79	['substr', 'substr', 'add']: UNSAT (0.055 seconds)
5.79/5.85	['substr', 'substr', 'sub']: UNSAT (0.065 seconds)
5.89/5.92	['substr', 'add', 'add']: UNSAT (0.053 seconds)
5.89/5.97	['substr', 'add', 'sub']: UNSAT (0.053 seconds)
5.99/6.02	['substr', 'sub', 'sub']: UNSAT (0.050 seconds)
5.99/6.08	['add', 'add', 'add']: UNSAT (0.042 seconds)
6.09/6.12	['add', 'add', 'sub']: UNSAT (0.047 seconds)
6.09/6.17	['add', 'sub', 'sub']: UNSAT (0.047 seconds)
6.09/6.21	['sub', 'sub', 'sub']: UNSAT (0.048 seconds)
6.22/6.26	['concat', 'concat', 'concat', 'concat']: UNSAT (103.975 seconds)
110.21/110.24	['concat', 'concat', 'concat', 'index']: UNSAT (0.073 seconds)
110.21/110.31	['concat', 'concat', 'concat', 'length']: UNSAT (0.060 seconds)
110.32/110.37	['concat', 'concat', 'concat', 'substr']: UNSAT (34.647 seconds)
144.98/145.02	['concat', 'concat', 'concat', 'add']: UNSAT (0.061 seconds)
144.98/145.08	['concat', 'concat', 'concat', 'sub']: UNSAT (0.059 seconds)
145.08/145.14	['concat', 'concat', 'index', 'index']: UNSAT (0.073 seconds)
145.08/145.22	['concat', 'concat', 'index', 'length']: UNSAT (0.063 seconds)
145.22/145.28	['concat', 'concat', 'index', 'substr']: UNSAT (40.216 seconds)
185.48/185.50	['concat', 'concat', 'index', 'add']: UNSAT (0.066 seconds)
185.48/185.56	['concat', 'concat', 'index', 'sub']: UNSAT (0.062 seconds)
185.58/185.63	['concat', 'concat', 'length', 'length']: UNSAT (0.050 seconds)
185.58/185.68	['concat', 'concat', 'length', 'substr']: UNSAT (1.386 seconds)
186.98/187.07	['concat', 'concat', 'length', 'add']: UNSAT (0.050 seconds)
187.08/187.12	['concat', 'concat', 'length', 'sub']: UNSAT (0.052 seconds)
187.08/187.17	['concat', 'concat', 'substr', 'substr']: UNSAT (1.229 seconds)
188.33/188.40	['concat', 'concat', 'substr', 'add']: UNSAT (0.630 seconds)
188.98/189.03	['concat', 'concat', 'substr', 'sub']: UNSAT (0.387 seconds)
189.40/189.42	['concat', 'concat', 'add', 'add']: UNSAT (0.053 seconds)
189.40/189.47	['concat', 'concat', 'add', 'sub']: UNSAT (0.059 seconds)
189.48/189.53	['concat', 'concat', 'sub', 'sub']: UNSAT (0.055 seconds)
189.48/189.59	['concat', 'index', 'index', 'index']: UNSAT (0.084 seconds)
189.58/189.67	['concat', 'index', 'index', 'length']: UNSAT (0.068 seconds)
189.68/189.74	['concat', 'index', 'index', 'substr']: UNSAT (1.582 seconds)
191.22/191.32	['concat', 'index', 'index', 'add']: UNSAT (0.071 seconds)
191.32/191.40	['concat', 'index', 'index', 'sub']: UNSAT (0.068 seconds)
191.40/191.47	['concat', 'index', 'length', 'length']: UNSAT (0.055 seconds)
191.48/191.52	['concat', 'index', 'length', 'substr']: UNSAT (0.798 seconds)
192.22/192.32	['concat', 'index', 'length', 'add']: UNSAT (0.053 seconds)
192.32/192.37	['concat', 'index', 'length', 'sub']: UNSAT (0.058 seconds)
192.40/192.43	['concat', 'index', 'substr', 'substr']: UNSAT (1.879 seconds)
194.22/194.31	['concat', 'index', 'substr', 'add']: UNSAT (0.561 seconds)
194.78/194.87	['concat', 'index', 'substr', 'sub']: UNSAT (0.721 seconds)
195.58/195.60	['concat', 'index', 'add', 'add']: UNSAT (0.066 seconds)
195.58/195.66	['concat', 'index', 'add', 'sub']: UNSAT (0.064 seconds)
195.68/195.73	['concat', 'index', 'sub', 'sub']: UNSAT (0.064 seconds)
195.68/195.79	['concat', 'length', 'length', 'length']: UNSAT (0.039 seconds)
195.78/195.83	['concat', 'length', 'length', 'substr']: UNSAT (0.123 seconds)
195.88/195.95	['concat', 'length', 'length', 'add']: UNSAT (0.043 seconds)
195.98/196.00	['concat', 'length', 'length', 'sub']: UNSAT (0.045 seconds)
195.98/196.05	['concat', 'length', 'substr', 'substr']: UNSAT (1.759 seconds)
197.78/197.80	['concat', 'length', 'substr', 'add']: UNSAT (0.276 seconds)
197.98/198.08	['concat', 'length', 'substr', 'sub']: UNSAT (0.175 seconds)
198.22/198.26	['concat', 'length', 'add', 'add']: UNSAT (0.047 seconds)
198.22/198.31	['concat', 'length', 'add', 'sub']: UNSAT (0.050 seconds)
198.32/198.36	['concat', 'length', 'sub', 'sub']: UNSAT (0.050 seconds)
198.32/198.41	['concat', 'substr', 'substr', 'substr']: UNSAT (0.539 seconds)
198.88/198.95	['concat', 'substr', 'substr', 'add']: UNSAT (0.305 seconds)
199.21/199.25	['concat', 'substr', 'substr', 'sub']: UNSAT (0.306 seconds)
199.48/199.56	['concat', 'substr', 'add', 'add']: UNSAT (0.186 seconds)
199.68/199.75	['concat', 'substr', 'add', 'sub']: UNSAT (0.165 seconds)
199.88/199.91	['concat', 'substr', 'sub', 'sub']: UNSAT (0.174 seconds)
199.98/200.09	['concat', 'add', 'add', 'add']: UNSAT (0.057 seconds)
200.08/200.15	['concat', 'add', 'add', 'sub']: UNSAT (0.058 seconds)
200.08/200.20	['concat', 'add', 'sub', 'sub']: UNSAT (0.058 seconds)
200.22/200.26	['concat', 'sub', 'sub', 'sub']: UNSAT (0.060 seconds)
200.22/200.32	['index', 'index', 'index', 'index']: UNSAT (0.084 seconds)
200.39/200.41	['index', 'index', 'index', 'length']: UNSAT (0.068 seconds)
200.39/200.48	['index', 'index', 'index', 'substr']: UNSAT (0.117 seconds)
200.58/200.60	['index', 'index', 'index', 'add']: UNSAT (0.081 seconds)
200.58/200.68	['index', 'index', 'index', 'sub']: UNSAT (0.080 seconds)
200.68/200.76	['index', 'index', 'length', 'length']: UNSAT (0.058 seconds)
200.78/200.82	['index', 'index', 'length', 'substr']: UNSAT (0.081 seconds)
200.88/200.90	['index', 'index', 'length', 'add']: UNSAT (0.059 seconds)
200.88/200.96	['index', 'index', 'length', 'sub']: UNSAT (0.063 seconds)
200.98/201.02	['index', 'index', 'substr', 'substr']: UNSAT (0.156 seconds)
201.08/201.18	['index', 'index', 'substr', 'add']: UNSAT (0.136 seconds)
201.21/201.32	['index', 'index', 'substr', 'sub']: UNSAT (0.099 seconds)
201.39/201.42	['index', 'index', 'add', 'add']: UNSAT (0.075 seconds)
201.39/201.49	['index', 'index', 'add', 'sub']: UNSAT (0.073 seconds)
201.48/201.57	['index', 'index', 'sub', 'sub']: UNSAT (0.071 seconds)
201.58/201.64	['index', 'length', 'length', 'length']: UNSAT (0.046 seconds)
201.58/201.69	['index', 'length', 'length', 'substr']: UNSAT (0.065 seconds)
201.68/201.75	['index', 'length', 'length', 'add']: UNSAT (0.051 seconds)
201.78/201.80	['index', 'length', 'length', 'sub']: UNSAT (0.054 seconds)
201.78/201.86	['index', 'length', 'substr', 'substr']: UNSAT (0.107 seconds)
201.88/201.97	['index', 'length', 'substr', 'add']: UNSAT (0.105 seconds)
201.98/202.07	['index', 'length', 'substr', 'sub']: UNSAT (0.077 seconds)
202.07/202.15	['index', 'length', 'add', 'add']: UNSAT (0.056 seconds)
202.07/202.21	['index', 'length', 'add', 'sub']: UNSAT (0.059 seconds)
202.21/202.27	['index', 'length', 'sub', 'sub']: UNSAT (0.058 seconds)
202.21/202.33	['index', 'substr', 'substr', 'substr']: UNSAT (0.220 seconds)
202.47/202.55	['index', 'substr', 'substr', 'add']: UNSAT (0.136 seconds)
202.57/202.69	['index', 'substr', 'substr', 'sub']: UNSAT (0.112 seconds)
202.77/202.80	['index', 'substr', 'add', 'add']: UNSAT (0.098 seconds)
202.87/202.90	['index', 'substr', 'add', 'sub']: UNSAT (0.102 seconds)
202.97/203.00	['index', 'substr', 'sub', 'sub']: UNSAT (0.097 seconds)
203.07/203.10	['index', 'add', 'add', 'add']: UNSAT (0.079 seconds)
203.07/203.18	['index', 'add', 'add', 'sub']: UNSAT (0.074 seconds)
203.21/203.25	['index', 'add', 'sub', 'sub']: UNSAT (0.071 seconds)
203.21/203.32	['index', 'sub', 'sub', 'sub']: UNSAT (0.069 seconds)
203.32/203.39	['length', 'length', 'length', 'length']: UNSAT (0.035 seconds)
203.39/203.43	['length', 'length', 'length', 'substr']: UNSAT (0.042 seconds)
203.39/203.47	['length', 'length', 'length', 'add']: UNSAT (0.036 seconds)
203.47/203.51	['length', 'length', 'length', 'sub']: UNSAT (0.036 seconds)
203.47/203.54	['length', 'length', 'substr', 'substr']: UNSAT (0.108 seconds)
203.57/203.65	['length', 'length', 'substr', 'add']: UNSAT (0.064 seconds)
203.67/203.72	['length', 'length', 'substr', 'sub']: UNSAT (0.064 seconds)
203.67/203.78	['length', 'length', 'add', 'add']: UNSAT (0.046 seconds)
203.77/203.83	['length', 'length', 'add', 'sub']: UNSAT (0.050 seconds)
203.77/203.88	['length', 'length', 'sub', 'sub']: UNSAT (0.049 seconds)
203.88/203.93	['length', 'substr', 'substr', 'substr']: UNSAT (0.148 seconds)
203.98/204.08	['length', 'substr', 'substr', 'add']: UNSAT (0.092 seconds)
204.08/204.17	['length', 'substr', 'substr', 'sub']: UNSAT (0.087 seconds)
204.22/204.26	['length', 'substr', 'add', 'add']: UNSAT (0.068 seconds)
204.22/204.33	['length', 'substr', 'add', 'sub']: UNSAT (0.070 seconds)
204.32/204.40	['length', 'substr', 'sub', 'sub']: UNSAT (0.075 seconds)
204.40/204.48	['length', 'add', 'add', 'add']: UNSAT (0.059 seconds)
204.48/204.54	['length', 'add', 'add', 'sub']: UNSAT (0.054 seconds)
204.48/204.59	['length', 'add', 'sub', 'sub']: UNSAT (0.058 seconds)
204.58/204.65	['length', 'sub', 'sub', 'sub']: UNSAT (0.056 seconds)
204.68/204.71	['substr', 'substr', 'substr', 'substr']: UNSAT (0.195 seconds)
204.88/204.90	['substr', 'substr', 'substr', 'add']: UNSAT (0.109 seconds)
204.98/205.01	['substr', 'substr', 'substr', 'sub']: UNSAT (0.112 seconds)
205.08/205.12	['substr', 'substr', 'add', 'add']: UNSAT (0.095 seconds)
205.08/205.22	['substr', 'substr', 'add', 'sub']: UNSAT (0.084 seconds)
205.22/205.31	['substr', 'substr', 'sub', 'sub']: UNSAT (0.085 seconds)
205.32/205.39	['substr', 'add', 'add', 'add']: UNSAT (0.080 seconds)
205.40/205.47	['substr', 'add', 'add', 'sub']: UNSAT (0.071 seconds)
205.48/205.54	['substr', 'add', 'sub', 'sub']: UNSAT (0.067 seconds)
205.58/205.61	['substr', 'sub', 'sub', 'sub']: UNSAT (0.075 seconds)
205.58/205.69	['add', 'add', 'add', 'add']: UNSAT (0.068 seconds)
205.68/205.76	['add', 'add', 'add', 'sub']: UNSAT (0.063 seconds)
205.78/205.82	['add', 'add', 'sub', 'sub']: UNSAT (0.071 seconds)
205.78/205.89	['add', 'sub', 'sub', 'sub']: UNSAT (0.067 seconds)
205.88/205.96	['sub', 'sub', 'sub', 'sub']: UNSAT (0.069 seconds)
205.98/206.03	['concat', 'concat', 'concat', 'concat', 'concat']: 