0.11/0.20	=== Examples (../../dataset/examples/examples-08.json)
0.11/0.20	IO(inputs=('one|two|three',), output='one | two | three')
0.11/0.20	IO(inputs=('a|b|c',), output='a | b | c')
0.11/0.20	=== Library
0.11/0.20	concat
0.11/0.20	index
0.11/0.20	length
0.11/0.20	substr
0.11/0.20	add
0.11/0.20	sub
0.11/0.20	=== Synthesis
0.11/0.20	['concat']: UNSAT (0.026 seconds)
0.11/0.23	['index']: UNSAT (0.026 seconds)
0.11/0.25	['length']: UNSAT (0.020 seconds)
0.26/0.27	['substr']: UNSAT (0.028 seconds)
0.26/0.30	['add']: UNSAT (0.023 seconds)
0.26/0.33	['sub']: UNSAT (0.023 seconds)
0.26/0.35	['concat', 'concat']: UNSAT (0.072 seconds)
0.37/0.42	['concat', 'index']: UNSAT (0.043 seconds)
0.37/0.47	['concat', 'length']: UNSAT (0.032 seconds)
0.46/0.50	['concat', 'substr']: UNSAT (0.058 seconds)
0.46/0.56	['concat', 'add']: UNSAT (0.036 seconds)
0.56/0.60	['concat', 'sub']: UNSAT (0.033 seconds)
0.56/0.63	['index', 'index']: UNSAT (0.037 seconds)
0.63/0.67	['index', 'length']: UNSAT (0.028 seconds)
0.63/0.69	['index', 'substr']: UNSAT (0.039 seconds)
0.69/0.73	['index', 'add']: UNSAT (0.031 seconds)
0.69/0.77	['index', 'sub']: UNSAT (0.032 seconds)
0.79/0.80	['length', 'length']: UNSAT (0.020 seconds)
0.79/0.82	['length', 'substr']: UNSAT (0.028 seconds)
0.79/0.85	['length', 'add']: UNSAT (0.022 seconds)
0.79/0.87	['length', 'sub']: UNSAT (0.022 seconds)
0.79/0.89	['substr', 'substr']: UNSAT (0.040 seconds)
0.90/0.94	['substr', 'add']: UNSAT (0.033 seconds)
0.90/0.97	['substr', 'sub']: UNSAT (0.033 seconds)
0.90/1.00	['add', 'add']: UNSAT (0.030 seconds)
0.90/1.03	['add', 'sub']: UNSAT (0.029 seconds)
1.02/1.06	['sub', 'sub']: UNSAT (0.030 seconds)
1.02/1.09	['concat', 'concat', 'concat']: UNSAT (0.489 seconds)
1.49/1.58	['concat', 'concat', 'index']: UNSAT (0.049 seconds)
1.59/1.63	['concat', 'concat', 'length']: UNSAT (0.040 seconds)
1.59/1.68	['concat', 'concat', 'substr']: UNSAT (0.436 seconds)
2.01/2.11	['concat', 'concat', 'add']: UNSAT (0.040 seconds)
2.12/2.15	['concat', 'concat', 'sub']: UNSAT (0.040 seconds)
2.12/2.19	['concat', 'index', 'index']: UNSAT (0.053 seconds)
2.18/2.25	['concat', 'index', 'length']: UNSAT (0.043 seconds)
2.18/2.29	['concat', 'index', 'substr']: UNSAT (0.153 seconds)
2.38/2.44	['concat', 'index', 'add']: UNSAT (0.046 seconds)
2.38/2.49	['concat', 'index', 'sub']: UNSAT (0.045 seconds)
2.48/2.54	['concat', 'length', 'length']: UNSAT (0.033 seconds)
2.48/2.57	['concat', 'length', 'substr']: UNSAT (0.116 seconds)
2.58/2.69	['concat', 'length', 'add']: UNSAT (0.035 seconds)
2.68/2.72	['concat', 'length', 'sub']: UNSAT (0.035 seconds)
2.68/2.76	['concat', 'substr', 'substr']: UNSAT (0.097 seconds)
2.78/2.86	['concat', 'substr', 'add']: UNSAT (0.066 seconds)
2.88/2.92	['concat', 'substr', 'sub']: UNSAT (0.091 seconds)
2.88/3.02	['concat', 'add', 'add']: UNSAT (0.040 seconds)
3.02/3.06	['concat', 'add', 'sub']: UNSAT (0.043 seconds)
3.02/3.10	['concat', 'sub', 'sub']: UNSAT (0.041 seconds)
3.12/3.14	['index', 'index', 'index']: UNSAT (0.059 seconds)
3.18/3.20	['index', 'index', 'length']: UNSAT (0.045 seconds)
3.18/3.25	['index', 'index', 'substr']: UNSAT (0.065 seconds)
3.28/3.31	['index', 'index', 'add']: UNSAT (0.051 seconds)
3.28/3.37	['index', 'index', 'sub']: UNSAT (0.051 seconds)
3.38/3.42	['index', 'length', 'length']: UNSAT (0.037 seconds)
3.38/3.46	['index', 'length', 'substr']: UNSAT (0.047 seconds)
3.48/3.50	['index', 'length', 'add']: UNSAT (0.041 seconds)
3.48/3.54	['index', 'length', 'sub']: UNSAT (0.039 seconds)
3.48/3.58	['index', 'substr', 'substr']: UNSAT (0.121 seconds)
3.68/3.71	['index', 'substr', 'add']: UNSAT (0.057 seconds)
3.68/3.76	['index', 'substr', 'sub']: UNSAT (0.057 seconds)
3.78/3.82	['index', 'add', 'add']: UNSAT (0.047 seconds)
3.78/3.87	['index', 'add', 'sub']: UNSAT (0.046 seconds)
3.88/3.92	['index', 'sub', 'sub']: UNSAT (0.047 seconds)
3.88/3.96	['length', 'length', 'length']: UNSAT (0.027 seconds)
3.88/3.99	['length', 'length', 'substr']: UNSAT (0.037 seconds)
3.88/4.03	['length', 'length', 'add']: UNSAT (0.030 seconds)
4.02/4.06	['length', 'length', 'sub']: UNSAT (0.030 seconds)
4.02/4.09	['length', 'substr', 'substr']: UNSAT (0.058 seconds)
4.12/4.15	['length', 'substr', 'add']: UNSAT (0.045 seconds)
4.18/4.20	['length', 'substr', 'sub']: UNSAT (0.043 seconds)
4.18/4.24	['length', 'add', 'add']: UNSAT (0.039 seconds)
4.18/4.28	['length', 'add', 'sub']: UNSAT (0.038 seconds)
4.28/4.32	['length', 'sub', 'sub']: UNSAT (0.038 seconds)
4.28/4.36	['substr', 'substr', 'substr']: UNSAT (0.070 seconds)
4.38/4.43	['substr', 'substr', 'add']: UNSAT (0.059 seconds)
4.38/4.49	['substr', 'substr', 'sub']: UNSAT (0.061 seconds)
4.48/4.55	['substr', 'add', 'add']: UNSAT (0.050 seconds)
4.58/4.60	['substr', 'add', 'sub']: UNSAT (0.050 seconds)
4.58/4.65	['substr', 'sub', 'sub']: UNSAT (0.068 seconds)
4.68/4.72	['add', 'add', 'add']: UNSAT (0.096 seconds)
4.78/4.82	['add', 'add', 'sub']: UNSAT (0.046 seconds)
4.78/4.86	['add', 'sub', 'sub']: UNSAT (0.045 seconds)
4.88/4.91	['sub', 'sub', 'sub']: UNSAT (0.045 seconds)
4.88/4.96	['concat', 'concat', 'concat', 'concat']: UNSAT (204.963 seconds)
209.88/209.92	['concat', 'concat', 'concat', 'index']: UNSAT (0.145 seconds)
210.02/210.06	['concat', 'concat', 'concat', 'length']: UNSAT (0.082 seconds)
210.13/210.15	['concat', 'concat', 'concat', 'substr']: UNSAT (83.690 seconds)
293.76/293.84	['concat', 'concat', 'concat', 'add']: UNSAT (0.064 seconds)
293.86/293.91	['concat', 'concat', 'concat', 'sub']: UNSAT (0.065 seconds)
293.86/293.97	['concat', 'concat', 'index', 'index']: UNSAT (0.076 seconds)
294.00/294.05	['concat', 'concat', 'index', 'length']: UNSAT (0.059 seconds)
294.00/294.11	['concat', 'concat', 'index', 'substr']: UNSAT (4.534 seconds)
298.56/298.64	['concat', 'concat', 'index', 'add']: UNSAT (0.063 seconds)
298.66/298.71	['concat', 'concat', 'index', 'sub']: UNSAT (0.059 seconds)
298.66/298.76	['concat', 'concat', 'length', 'length']: UNSAT (0.049 seconds)
298.76/298.82	['concat', 'concat', 'length', 'substr']: UNSAT (2.648 seconds)
301.36/301.46	['concat', 'concat', 'length', 'add']: UNSAT (0.049 seconds)
301.46/301.51	['concat', 'concat', 'length', 'sub']: UNSAT (0.053 seconds)
301.46/301.57	['concat', 'concat', 'substr', 'substr']: UNSAT (1.659 seconds)
303.16/303.23	['concat', 'concat', 'substr', 'add']: UNSAT (1.073 seconds)
304.26/304.30	['concat', 'concat', 'substr', 'sub']: UNSAT (0.753 seconds)
305.00/305.05	['concat', 'concat', 'add', 'add']: UNSAT (0.059 seconds)
305.00/305.11	['concat', 'concat', 'add', 'sub']: UNSAT (0.058 seconds)
305.11/305.17	['concat', 'concat', 'sub', 'sub']: UNSAT (0.054 seconds)
305.16/305.23	['concat', 'index', 'index', 'index']: UNSAT (0.076 seconds)
305.26/305.30	['concat', 'index', 'index', 'length']: UNSAT (0.064 seconds)
305.26/305.37	['concat', 'index', 'index', 'substr']: UNSAT (0.445 seconds)
305.76/305.81	['concat', 'index', 'index', 'add']: UNSAT (0.069 seconds)
305.76/305.88	['concat', 'index', 'index', 'sub']: UNSAT (0.069 seconds)
305.86/305.95	['concat', 'index', 'length', 'length']: UNSAT (0.052 seconds)
305.86/306.01	['concat', 'index', 'length', 'substr']: UNSAT (0.301 seconds)
306.26/306.31	['concat', 'index', 'length', 'add']: UNSAT (0.051 seconds)
306.26/306.36	['concat', 'index', 'length', 'sub']: UNSAT (0.055 seconds)
306.36/306.42	['concat', 'index', 'substr', 'substr']: UNSAT (0.634 seconds)
307.00/307.05	['concat', 'index', 'substr', 'add']: UNSAT (0.484 seconds)
307.46/307.54	['concat', 'index', 'substr', 'sub']: UNSAT (0.409 seconds)
307.86/307.95	['concat', 'index', 'add', 'add']: UNSAT (0.062 seconds)
307.86/308.01	['concat', 'index', 'add', 'sub']: UNSAT (0.065 seconds)
308.00/308.07	['concat', 'index', 'sub', 'sub']: UNSAT (0.062 seconds)
308.00/308.14	['concat', 'length', 'length', 'length']: UNSAT (0.045 seconds)
308.10/308.18	['concat', 'length', 'length', 'substr']: UNSAT (0.098 seconds)
308.16/308.28	['concat', 'length', 'length', 'add']: UNSAT (0.041 seconds)
308.26/308.32	['concat', 'length', 'length', 'sub']: UNSAT (0.042 seconds)
308.26/308.37	['concat', 'length', 'substr', 'substr']: UNSAT (0.409 seconds)
308.66/308.78	['concat', 'length', 'substr', 'add']: UNSAT (0.256 seconds)
308.86/309.03	['concat', 'length', 'substr', 'sub']: UNSAT (0.220 seconds)
309.16/309.25	['concat', 'length', 'add', 'add']: UNSAT (0.051 seconds)
309.26/309.31	['concat', 'length', 'add', 'sub']: UNSAT (0.049 seconds)
309.26/309.36	['concat', 'length', 'sub', 'sub']: UNSAT (0.048 seconds)
309.36/309.40	['concat', 'substr', 'substr', 'substr']: UNSAT (0.507 seconds)
309.86/309.91	['concat', 'substr', 'substr', 'add']: UNSAT (0.332 seconds)
310.16/310.25	['concat', 'substr', 'substr', 'sub']: UNSAT (0.372 seconds)
310.56/310.62	['concat', 'substr', 'add', 'add']: UNSAT (0.242 seconds)
310.76/310.86	['concat', 'substr', 'add', 'sub']: UNSAT (0.187 seconds)
311.00/311.05	['concat', 'substr', 'sub', 'sub']: UNSAT (0.175 seconds)
311.16/311.22	['concat', 'add', 'add', 'add']: UNSAT (0.066 seconds)
311.16/311.29	['concat', 'add', 'add', 'sub']: UNSAT (0.056 seconds)
311.26/311.35	['concat', 'add', 'sub', 'sub']: UNSAT (0.056 seconds)
311.36/311.40	['concat', 'sub', 'sub', 'sub']: UNSAT (0.059 seconds)
311.36/311.46	['index', 'index', 'index', 'index']: UNSAT (0.082 seconds)
311.46/311.55	['index', 'index', 'index', 'length']: UNSAT (0.068 seconds)
311.56/311.62	['index', 'index', 'index', 'substr']: UNSAT (0.102 seconds)
311.66/311.72	['index', 'index', 'index', 'add']: UNSAT (0.078 seconds)
311.76/311.80	['index', 'index', 'index', 'sub']: UNSAT (0.078 seconds)
311.76/311.88	['index', 'index', 'length', 'length']: UNSAT (0.054 seconds)
311.86/311.93	['index', 'index', 'length', 'substr']: UNSAT (0.076 seconds)
311.86/312.01	['index', 'index', 'length', 'add']: UNSAT (0.060 seconds)
312.00/312.07	['index', 'index', 'length', 'sub']: UNSAT (0.057 seconds)
312.00/312.13	['index', 'index', 'substr', 'substr']: UNSAT (0.127 seconds)
312.16/312.26	['index', 'index', 'substr', 'add']: UNSAT (0.126 seconds)
312.26/312.38	['index', 'index', 'substr', 'sub']: UNSAT (0.093 seconds)
312.36/312.48	['index', 'index', 'add', 'add']: UNSAT (0.077 seconds)
312.46/312.56	['index', 'index', 'add', 'sub']: UNSAT (0.071 seconds)
312.56/312.63	['index', 'index', 'sub', 'sub']: UNSAT (0.069 seconds)
312.66/312.70	['index', 'length', 'length', 'length']: UNSAT (0.043 seconds)
312.66/312.74	['index', 'length', 'length', 'substr']: UNSAT (0.063 seconds)
312.76/312.80	['index', 'length', 'length', 'add']: UNSAT (0.046 seconds)
312.76/312.85	['index', 'length', 'length', 'sub']: UNSAT (0.051 seconds)
312.86/312.90	['index', 'length', 'substr', 'substr']: UNSAT (0.088 seconds)
312.86/312.99	['index', 'length', 'substr', 'add']: UNSAT (0.092 seconds)
312.99/313.08	['index', 'length', 'substr', 'sub']: UNSAT (0.073 seconds)
313.10/313.16	['index', 'length', 'add', 'add']: UNSAT (0.057 seconds)
313.16/313.22	['index', 'length', 'add', 'sub']: UNSAT (0.062 seconds)
313.16/313.28	['index', 'length', 'sub', 'sub']: UNSAT (0.054 seconds)
313.26/313.33	['index', 'substr', 'substr', 'substr']: UNSAT (0.237 seconds)
313.46/313.57	['index', 'substr', 'substr', 'add']: UNSAT (0.102 seconds)
313.56/313.68	['index', 'substr', 'substr', 'sub']: UNSAT (0.096 seconds)
313.66/313.77	['index', 'substr', 'add', 'add']: UNSAT (0.083 seconds)
313.76/313.86	['index', 'substr', 'add', 'sub']: UNSAT (0.097 seconds)
313.86/313.95	['index', 'substr', 'sub', 'sub']: UNSAT (0.083 seconds)
313.86/314.04	['index', 'add', 'add', 'add']: UNSAT (0.073 seconds)
313.99/314.11	['index', 'add', 'add', 'sub']: UNSAT (0.069 seconds)
314.10/314.18	['index', 'add', 'sub', 'sub']: UNSAT (0.070 seconds)
314.16/314.25	['index', 'sub', 'sub', 'sub']: UNSAT (0.074 seconds)
314.26/314.33	['length', 'length', 'length', 'length']: UNSAT (0.034 seconds)
314.26/314.36	['length', 'length', 'length', 'substr']: UNSAT (0.042 seconds)
314.36/314.40	['length', 'length', 'length', 'add']: UNSAT (0.039 seconds)
314.36/314.44	['length', 'length', 'length', 'sub']: UNSAT (0.037 seconds)
314.36/314.48	['length', 'length', 'substr', 'substr']: UNSAT (0.085 seconds)
314.46/314.57	['length', 'length', 'substr', 'add']: UNSAT (0.052 seconds)
314.56/314.62	['length', 'length', 'substr', 'sub']: UNSAT (0.061 seconds)
314.56/314.68	['length', 'length', 'add', 'add']: UNSAT (0.043 seconds)
314.66/314.73	['length', 'length', 'add', 'sub']: UNSAT (0.044 seconds)
314.66/314.77	['length', 'length', 'sub', 'sub']: UNSAT (0.042 seconds)
314.76/314.81	['length', 'substr', 'substr', 'substr']: UNSAT (0.138 seconds)
314.86/314.95	['length', 'substr', 'substr', 'add']: UNSAT (0.086 seconds)
314.86/315.04	['length', 'substr', 'substr', 'sub']: UNSAT (0.076 seconds)
314.99/315.12	['length', 'substr', 'add', 'add']: UNSAT (0.068 seconds)
315.10/315.19	['length', 'substr', 'add', 'sub']: UNSAT (0.065 seconds)
315.16/315.25	['length', 'substr', 'sub', 'sub']: UNSAT (0.070 seconds)
315.26/315.32	['length', 'add', 'add', 'add']: UNSAT (0.055 seconds)
315.26/315.38	['length', 'add', 'add', 'sub']: UNSAT (0.061 seconds)
315.36/315.44	['length', 'add', 'sub', 'sub']: UNSAT (0.052 seconds)
315.36/315.49	['length', 'sub', 'sub', 'sub']: UNSAT (0.058 seconds)
315.46/315.55	['substr', 'substr', 'substr', 'substr']: UNSAT (0.117 seconds)
315.56/315.67	['substr', 'substr', 'substr', 'add']: UNSAT (0.086 seconds)
315.66/315.76	['substr', 'substr', 'substr', 'sub']: UNSAT (0.092 seconds)
315.76/315.85	['substr', 'substr', 'add', 'add']: UNSAT (0.092 seconds)
315.86/315.94	['substr', 'substr', 'add', 'sub']: UNSAT (0.079 seconds)
315.86/316.02	['substr', 'substr', 'sub', 'sub']: UNSAT (0.079 seconds)
315.99/316.10	['substr', 'add', 'add', 'add']: UNSAT (0.070 seconds)
316.10/316.17	['substr', 'add', 'add', 'sub']: UNSAT (0.069 seconds)
316.16/316.24	['substr', 'add', 'sub', 'sub']: UNSAT (0.066 seconds)
316.26/316.31	['substr', 'sub', 'sub', 'sub']: UNSAT (0.075 seconds)
316.26/316.38	['add', 'add', 'add', 'add']: UNSAT (0.070 seconds)
316.36/316.45	['add', 'add', 'add', 'sub']: UNSAT (0.065 seconds)
316.46/316.52	['add', 'add', 'sub', 'sub']: UNSAT (0.068 seconds)
316.46/316.59	['add', 'sub', 'sub', 'sub']: UNSAT (0.065 seconds)
316.56/316.65	['sub', 'sub', 'sub', 'sub']: UNSAT (0.063 seconds)
316.66/316.72	['concat', 'concat', 'concat', 'concat', 'concat']: 