0.12/0.20	=== Examples (../../dataset/examples/examples-03.json)
0.12/0.20	IO(inputs=('hey. I hope you are doing good',), output='hey, I hope you are doing good')
0.12/0.20	IO(inputs=('how.are.you',), output='how,are,you')
0.12/0.20	=== Library
0.12/0.20	concat
0.12/0.20	index
0.12/0.20	length
0.12/0.20	substr
0.12/0.20	add
0.12/0.20	sub
0.12/0.20	=== Synthesis
0.12/0.20	['concat']: UNSAT (0.028 seconds)
0.12/0.23	['index']: UNSAT (0.027 seconds)
0.12/0.26	['length']: UNSAT (0.020 seconds)
0.26/0.28	['substr']: UNSAT (0.029 seconds)
0.26/0.31	['add']: UNSAT (0.024 seconds)
0.26/0.33	['sub']: UNSAT (0.026 seconds)
0.26/0.36	['concat', 'concat']: UNSAT (0.049 seconds)
0.36/0.41	['concat', 'index']: UNSAT (0.045 seconds)
0.36/0.46	['concat', 'length']: UNSAT (0.034 seconds)
0.47/0.49	['concat', 'substr']: UNSAT (0.075 seconds)
0.47/0.57	['concat', 'add']: UNSAT (0.039 seconds)
0.57/0.61	['concat', 'sub']: UNSAT (0.036 seconds)
0.63/0.64	['index', 'index']: UNSAT (0.039 seconds)
0.63/0.68	['index', 'length']: UNSAT (0.031 seconds)
0.69/0.72	['index', 'substr']: UNSAT (0.042 seconds)
0.69/0.76	['index', 'add']: UNSAT (0.036 seconds)
0.69/0.80	['index', 'sub']: UNSAT (0.035 seconds)
0.79/0.83	['length', 'length']: UNSAT (0.020 seconds)
0.79/0.85	['length', 'substr']: UNSAT (0.030 seconds)
0.79/0.88	['length', 'add']: UNSAT (0.025 seconds)
0.89/0.91	['length', 'sub']: UNSAT (0.024 seconds)
0.89/0.93	['substr', 'substr']: UNSAT (0.040 seconds)
0.89/0.97	['substr', 'add']: UNSAT (0.037 seconds)
0.89/1.01	['substr', 'sub']: UNSAT (0.037 seconds)
0.89/1.05	['add', 'add']: UNSAT (0.034 seconds)
1.05/1.08	['add', 'sub']: UNSAT (0.031 seconds)
1.05/1.12	['sub', 'sub']: UNSAT (0.030 seconds)
1.05/1.15	['concat', 'concat', 'concat']: UNSAT (0.223 seconds)
1.29/1.37	['concat', 'concat', 'index']: UNSAT (0.054 seconds)
1.39/1.43	['concat', 'concat', 'length']: UNSAT (0.043 seconds)
1.39/1.47	['concat', 'concat', 'substr']: UNSAT (0.216 seconds)
1.59/1.69	['concat', 'concat', 'add']: UNSAT (0.047 seconds)
1.69/1.74	['concat', 'concat', 'sub']: UNSAT (0.045 seconds)
1.69/1.78	['concat', 'index', 'index']: UNSAT (0.058 seconds)
1.79/1.84	['concat', 'index', 'length']: UNSAT (0.045 seconds)
1.79/1.89	['concat', 'index', 'substr']: UNSAT (1.691 seconds)
3.48/3.58	['concat', 'index', 'add']: UNSAT (0.053 seconds)
3.58/3.63	['concat', 'index', 'sub']: UNSAT (0.049 seconds)
3.58/3.68	['concat', 'length', 'length']: UNSAT (0.039 seconds)
3.68/3.72	['concat', 'length', 'substr']: UNSAT (0.344 seconds)
4.04/4.07	['concat', 'length', 'add']: UNSAT (0.040 seconds)
4.04/4.11	['concat', 'length', 'sub']: UNSAT (0.039 seconds)
4.04/4.15	['concat', 'substr', 'substr']: UNSAT (0.126 seconds)
4.20/4.27	['concat', 'substr', 'add']: UNSAT (0.070 seconds)
4.29/4.34	['concat', 'substr', 'sub']: UNSAT (0.082 seconds)
4.39/4.43	['concat', 'add', 'add']: UNSAT (0.044 seconds)
4.39/4.47	['concat', 'add', 'sub']: UNSAT (0.044 seconds)
4.49/4.52	['concat', 'sub', 'sub']: UNSAT (0.044 seconds)
4.49/4.56	['index', 'index', 'index']: UNSAT (0.063 seconds)
4.59/4.63	['index', 'index', 'length']: UNSAT (0.052 seconds)
4.59/4.68	['index', 'index', 'substr']: UNSAT (0.073 seconds)
4.69/4.75	['index', 'index', 'add']: UNSAT (0.058 seconds)
4.79/4.81	['index', 'index', 'sub']: UNSAT (0.054 seconds)
4.79/4.87	['index', 'length', 'length']: UNSAT (0.040 seconds)
4.89/4.91	['index', 'length', 'substr']: UNSAT (0.052 seconds)
4.89/4.96	['index', 'length', 'add']: UNSAT (0.045 seconds)
4.89/5.01	['index', 'length', 'sub']: UNSAT (0.044 seconds)
4.89/5.05	['index', 'substr', 'substr']: UNSAT (0.127 seconds)
5.15/5.18	['index', 'substr', 'add']: UNSAT (0.064 seconds)
5.20/5.24	['index', 'substr', 'sub']: UNSAT (0.067 seconds)
5.29/5.31	['index', 'add', 'add']: UNSAT (0.054 seconds)
5.29/5.37	['index', 'add', 'sub']: UNSAT (0.053 seconds)
5.39/5.42	['index', 'sub', 'sub']: UNSAT (0.053 seconds)
5.39/5.47	['length', 'length', 'length']: UNSAT (0.029 seconds)
5.49/5.50	['length', 'length', 'substr']: UNSAT (0.043 seconds)
5.49/5.55	['length', 'length', 'add']: UNSAT (0.032 seconds)
5.49/5.58	['length', 'length', 'sub']: UNSAT (0.036 seconds)
5.59/5.62	['length', 'substr', 'substr']: UNSAT (0.065 seconds)
5.59/5.68	['length', 'substr', 'add']: UNSAT (0.048 seconds)
5.69/5.73	['length', 'substr', 'sub']: UNSAT (0.053 seconds)
5.69/5.79	['length', 'add', 'add']: UNSAT (0.040 seconds)
5.79/5.83	['length', 'add', 'sub']: UNSAT (0.039 seconds)
5.79/5.87	['length', 'sub', 'sub']: UNSAT (0.044 seconds)
5.89/5.91	['substr', 'substr', 'substr']: UNSAT (0.074 seconds)
5.89/5.99	['substr', 'substr', 'add']: UNSAT (0.063 seconds)
5.89/6.05	['substr', 'substr', 'sub']: UNSAT (0.065 seconds)
6.05/6.12	['substr', 'add', 'add']: UNSAT (0.056 seconds)
6.15/6.17	['substr', 'add', 'sub']: UNSAT (0.059 seconds)
6.20/6.23	['substr', 'sub', 'sub']: UNSAT (0.056 seconds)
6.20/6.29	['add', 'add', 'add']: UNSAT (0.054 seconds)
6.29/6.34	['add', 'add', 'sub']: UNSAT (0.050 seconds)
6.29/6.40	['add', 'sub', 'sub']: UNSAT (0.052 seconds)
6.39/6.45	['sub', 'sub', 'sub']: UNSAT (0.050 seconds)
6.49/6.50	['concat', 'concat', 'concat', 'concat']: UNSAT (13.523 seconds)
19.89/20.02	['concat', 'concat', 'concat', 'index']: UNSAT (0.083 seconds)
20.05/20.11	['concat', 'concat', 'concat', 'length']: UNSAT (0.110 seconds)
20.20/20.22	['concat', 'concat', 'concat', 'substr']: UNSAT (110.190 seconds)
130.39/130.41	['concat', 'concat', 'concat', 'add']: UNSAT (0.069 seconds)
130.39/130.48	['concat', 'concat', 'concat', 'sub']: UNSAT (0.067 seconds)
130.48/130.55	['concat', 'concat', 'index', 'index']: UNSAT (0.086 seconds)
130.58/130.63	['concat', 'concat', 'index', 'length']: UNSAT (0.071 seconds)
130.68/130.71	['concat', 'concat', 'index', 'substr']: UNSAT (12.164 seconds)
142.79/142.87	['concat', 'concat', 'index', 'add']: UNSAT (0.067 seconds)
142.89/142.94	['concat', 'concat', 'index', 'sub']: UNSAT (0.064 seconds)
142.89/143.00	['concat', 'concat', 'length', 'length']: UNSAT (0.058 seconds)
143.04/143.06	['concat', 'concat', 'length', 'substr']: UNSAT (5.264 seconds)
148.29/148.33	['concat', 'concat', 'length', 'add']: UNSAT (0.056 seconds)
148.29/148.38	['concat', 'concat', 'length', 'sub']: UNSAT (0.056 seconds)
148.39/148.44	['concat', 'concat', 'substr', 'substr']: UNSAT (1.674 seconds)
150.05/150.12	['concat', 'concat', 'substr', 'add']: UNSAT (1.461 seconds)
151.49/151.58	['concat', 'concat', 'substr', 'sub']: UNSAT (0.384 seconds)
151.89/151.96	['concat', 'concat', 'add', 'add']: UNSAT (0.062 seconds)
151.89/152.03	['concat', 'concat', 'add', 'sub']: UNSAT (0.062 seconds)
152.04/152.09	['concat', 'concat', 'sub', 'sub']: UNSAT (0.063 seconds)
152.14/152.15	['concat', 'index', 'index', 'index']: UNSAT (0.090 seconds)
152.19/152.24	['concat', 'index', 'index', 'length']: UNSAT (0.074 seconds)
152.29/152.32	['concat', 'index', 'index', 'substr']: UNSAT (4.264 seconds)
156.49/156.58	['concat', 'index', 'index', 'add']: UNSAT (0.119 seconds)
156.68/156.70	['concat', 'index', 'index', 'sub']: UNSAT (0.099 seconds)
156.78/156.80	['concat', 'index', 'length', 'length']: UNSAT (0.075 seconds)
156.78/156.88	['concat', 'index', 'length', 'substr']: UNSAT (1.954 seconds)
158.78/158.83	['concat', 'index', 'length', 'add']: UNSAT (0.061 seconds)
158.88/158.90	['concat', 'index', 'length', 'sub']: UNSAT (0.060 seconds)
158.88/158.96	['concat', 'index', 'substr', 'substr']: UNSAT (5.803 seconds)
164.68/164.76	['concat', 'index', 'substr', 'add']: UNSAT (1.963 seconds)
166.68/166.73	['concat', 'index', 'substr', 'sub']: UNSAT (1.205 seconds)
167.88/167.93	['concat', 'index', 'add', 'add']: UNSAT (0.069 seconds)
167.88/168.00	['concat', 'index', 'add', 'sub']: UNSAT (0.068 seconds)
168.03/168.07	['concat', 'index', 'sub', 'sub']: UNSAT (0.070 seconds)
168.03/168.14	['concat', 'length', 'length', 'length']: UNSAT (0.046 seconds)
168.13/168.19	['concat', 'length', 'length', 'substr']: UNSAT (0.470 seconds)
168.58/168.66	['concat', 'length', 'length', 'add']: UNSAT (0.047 seconds)
168.68/168.71	['concat', 'length', 'length', 'sub']: UNSAT (0.048 seconds)
168.68/168.76	['concat', 'length', 'substr', 'substr']: UNSAT (2.522 seconds)
171.18/171.28	['concat', 'length', 'substr', 'add']: UNSAT (0.599 seconds)
171.78/171.88	['concat', 'length', 'substr', 'sub']: UNSAT (0.720 seconds)
172.58/172.60	['concat', 'length', 'add', 'add']: UNSAT (0.081 seconds)
172.58/172.68	['concat', 'length', 'add', 'sub']: UNSAT (0.076 seconds)
172.68/172.76	['concat', 'length', 'sub', 'sub']: UNSAT (0.073 seconds)
172.78/172.83	['concat', 'substr', 'substr', 'substr']: UNSAT (0.681 seconds)
173.48/173.52	['concat', 'substr', 'substr', 'add']: UNSAT (0.420 seconds)
173.88/173.94	['concat', 'substr', 'substr', 'sub']: UNSAT (0.545 seconds)
174.38/174.48	['concat', 'substr', 'add', 'add']: UNSAT (0.287 seconds)
174.68/174.77	['concat', 'substr', 'add', 'sub']: UNSAT (0.219 seconds)
174.88/174.99	['concat', 'substr', 'sub', 'sub']: UNSAT (0.220 seconds)
175.18/175.21	['concat', 'add', 'add', 'add']: UNSAT (0.067 seconds)
175.18/175.28	['concat', 'add', 'add', 'sub']: UNSAT (0.067 seconds)
175.28/175.35	['concat', 'add', 'sub', 'sub']: UNSAT (0.068 seconds)
175.38/175.42	['concat', 'sub', 'sub', 'sub']: UNSAT (0.070 seconds)
175.38/175.49	['index', 'index', 'index', 'index']: UNSAT (0.096 seconds)
175.48/175.59	['index', 'index', 'index', 'length']: UNSAT (0.077 seconds)
175.58/175.66	['index', 'index', 'index', 'substr']: UNSAT (0.118 seconds)
175.68/175.78	['index', 'index', 'index', 'add']: UNSAT (0.085 seconds)
175.78/175.87	['index', 'index', 'index', 'sub']: UNSAT (0.090 seconds)
175.88/175.96	['index', 'index', 'length', 'length']: UNSAT (0.065 seconds)
175.88/176.03	['index', 'index', 'length', 'substr']: UNSAT (0.088 seconds)
176.05/176.12	['index', 'index', 'length', 'add']: UNSAT (0.071 seconds)
176.15/176.19	['index', 'index', 'length', 'sub']: UNSAT (0.070 seconds)
176.18/176.26	['index', 'index', 'substr', 'substr']: UNSAT (0.204 seconds)
176.38/176.46	['index', 'index', 'substr', 'add']: UNSAT (0.135 seconds)
176.58/176.60	['index', 'index', 'substr', 'sub']: UNSAT (0.103 seconds)
176.68/176.70	['index', 'index', 'add', 'add']: UNSAT (0.081 seconds)
176.68/176.78	['index', 'index', 'add', 'sub']: UNSAT (0.081 seconds)
176.78/176.87	['index', 'index', 'sub', 'sub']: UNSAT (0.081 seconds)
176.88/176.95	['index', 'length', 'length', 'length']: UNSAT (0.050 seconds)
176.88/177.00	['index', 'length', 'length', 'substr']: UNSAT (0.069 seconds)
177.03/177.07	['index', 'length', 'length', 'add']: UNSAT (0.053 seconds)
177.03/177.12	['index', 'length', 'length', 'sub']: UNSAT (0.053 seconds)
177.13/177.18	['index', 'length', 'substr', 'substr']: UNSAT (0.099 seconds)
177.18/177.28	['index', 'length', 'substr', 'add']: UNSAT (0.096 seconds)
177.28/177.37	['index', 'length', 'substr', 'sub']: UNSAT (0.084 seconds)
177.38/177.46	['index', 'length', 'add', 'add']: UNSAT (0.063 seconds)
177.48/177.52	['index', 'length', 'add', 'sub']: UNSAT (0.063 seconds)
177.48/177.59	['index', 'length', 'sub', 'sub']: UNSAT (0.063 seconds)
177.58/177.65	['index', 'substr', 'substr', 'substr']: UNSAT (0.194 seconds)
177.78/177.85	['index', 'substr', 'substr', 'add']: UNSAT (0.124 seconds)
177.88/177.97	['index', 'substr', 'substr', 'sub']: UNSAT (0.110 seconds)
178.04/178.08	['index', 'substr', 'add', 'add']: UNSAT (0.102 seconds)
178.14/178.19	['index', 'substr', 'add', 'sub']: UNSAT (0.110 seconds)
178.28/178.30	['index', 'substr', 'sub', 'sub']: UNSAT (0.098 seconds)
178.28/178.40	['index', 'add', 'add', 'add']: UNSAT (0.083 seconds)
178.38/178.48	['index', 'add', 'add', 'sub']: UNSAT (0.082 seconds)
178.48/178.56	['index', 'add', 'sub', 'sub']: UNSAT (0.080 seconds)
178.58/178.64	['index', 'sub', 'sub', 'sub']: UNSAT (0.079 seconds)
178.68/178.72	['length', 'length', 'length', 'length']: UNSAT (0.039 seconds)
178.68/178.76	['length', 'length', 'length', 'substr']: UNSAT (0.048 seconds)
178.78/178.81	['length', 'length', 'length', 'add']: UNSAT (0.041 seconds)
178.78/178.85	['length', 'length', 'length', 'sub']: UNSAT (0.040 seconds)
178.78/178.90	['length', 'length', 'substr', 'substr']: UNSAT (0.088 seconds)
178.88/178.98	['length', 'length', 'substr', 'add']: UNSAT (0.063 seconds)
178.88/179.05	['length', 'length', 'substr', 'sub']: UNSAT (0.062 seconds)
179.04/179.11	['length', 'length', 'add', 'add']: UNSAT (0.052 seconds)
179.14/179.16	['length', 'length', 'add', 'sub']: UNSAT (0.050 seconds)
179.18/179.21	['length', 'length', 'sub', 'sub']: UNSAT (0.050 seconds)
179.18/179.27	['length', 'substr', 'substr', 'substr']: UNSAT (0.173 seconds)
179.38/179.44	['length', 'substr', 'substr', 'add']: UNSAT (0.095 seconds)
179.48/179.54	['length', 'substr', 'substr', 'sub']: UNSAT (0.097 seconds)
179.58/179.63	['length', 'substr', 'add', 'add']: UNSAT (0.072 seconds)
179.68/179.71	['length', 'substr', 'add', 'sub']: UNSAT (0.075 seconds)
179.68/179.78	['length', 'substr', 'sub', 'sub']: UNSAT (0.077 seconds)
179.78/179.86	['length', 'add', 'add', 'add']: UNSAT (0.061 seconds)
179.88/179.92	['length', 'add', 'add', 'sub']: UNSAT (0.063 seconds)
179.88/179.99	['length', 'add', 'sub', 'sub']: UNSAT (0.063 seconds)
180.03/180.05	['length', 'sub', 'sub', 'sub']: UNSAT (0.066 seconds)
180.03/180.12	['substr', 'substr', 'substr', 'substr']: UNSAT (0.140 seconds)
180.18/180.26	['substr', 'substr', 'substr', 'add']: UNSAT (0.102 seconds)
180.28/180.36	['substr', 'substr', 'substr', 'sub']: UNSAT (0.102 seconds)
180.38/180.46	['substr', 'substr', 'add', 'add']: UNSAT (0.100 seconds)
180.48/180.57	['substr', 'substr', 'add', 'sub']: UNSAT (0.088 seconds)
180.58/180.65	['substr', 'substr', 'sub', 'sub']: UNSAT (0.090 seconds)
180.68/180.75	['substr', 'add', 'add', 'add']: UNSAT (0.088 seconds)
180.78/180.83	['substr', 'add', 'add', 'sub']: UNSAT (0.079 seconds)
180.88/180.91	['substr', 'add', 'sub', 'sub']: UNSAT (0.078 seconds)
180.88/180.99	['substr', 'sub', 'sub', 'sub']: UNSAT (0.080 seconds)
181.04/181.07	['add', 'add', 'add', 'add']: UNSAT (0.076 seconds)
181.04/181.15	['add', 'add', 'add', 'sub']: UNSAT (0.076 seconds)
181.18/181.23	['add', 'add', 'sub', 'sub']: UNSAT (0.074 seconds)
181.28/181.30	['add', 'sub', 'sub', 'sub']: UNSAT (0.075 seconds)
181.28/181.38	['sub', 'sub', 'sub', 'sub']: UNSAT (0.075 seconds)
181.38/181.46	['concat', 'concat', 'concat', 'concat', 'concat']: 