0.13/0.20	=== Examples (../../dataset/examples/examples-81.json)
0.13/0.20	IO(inputs=('abc\\xyz',), output='xyz')
0.13/0.20	IO(inputs=('012asdf\\abcd',), output='abcd')
0.13/0.20	=== Library
0.13/0.20	concat
0.13/0.20	index
0.13/0.20	length
0.13/0.20	substr
0.13/0.20	add
0.13/0.20	sub
0.13/0.20	=== Synthesis
0.13/0.20	['concat']: UNSAT (0.027 seconds)
0.13/0.23	['index']: UNSAT (0.027 seconds)
0.13/0.26	['length']: UNSAT (0.020 seconds)
0.13/0.28	['substr']: UNSAT (0.036 seconds)
0.27/0.32	['add']: UNSAT (0.024 seconds)
0.27/0.34	['sub']: UNSAT (0.023 seconds)
0.27/0.36	['concat', 'concat']: UNSAT (0.044 seconds)
0.27/0.41	['concat', 'index']: UNSAT (0.043 seconds)
0.40/0.45	['concat', 'length']: UNSAT (0.033 seconds)
0.40/0.49	['concat', 'substr']: UNSAT (0.083 seconds)
0.50/0.57	['concat', 'add']: UNSAT (0.037 seconds)
0.50/0.61	['concat', 'sub']: UNSAT (0.035 seconds)
0.61/0.65	['index', 'index']: UNSAT (0.049 seconds)
0.66/0.70	['index', 'length']: UNSAT (0.037 seconds)
0.69/0.73	['index', 'substr']: UNSAT (2.668 seconds)
3.39/3.40	['index', 'add']: UNSAT (0.034 seconds)
3.39/3.44	['index', 'sub']: UNSAT (0.031 seconds)
3.39/3.47	['length', 'length']: UNSAT (0.018 seconds)
3.39/3.49	['length', 'substr']: UNSAT (0.036 seconds)
3.49/3.53	['length', 'add']: UNSAT (0.022 seconds)
3.49/3.55	['length', 'sub']: UNSAT (0.023 seconds)
3.49/3.57	['substr', 'substr']: UNSAT (0.040 seconds)
3.59/3.61	['substr', 'add']: UNSAT (0.043 seconds)
3.59/3.66	['substr', 'sub']: UNSAT (0.032 seconds)
3.59/3.69	['add', 'add']: UNSAT (0.028 seconds)
3.69/3.72	['add', 'sub']: UNSAT (0.027 seconds)
3.69/3.75	['sub', 'sub']: UNSAT (0.027 seconds)
3.69/3.77	['concat', 'concat', 'concat']: UNSAT (0.112 seconds)
3.79/3.89	['concat', 'concat', 'index']: UNSAT (0.046 seconds)
3.89/3.93	['concat', 'concat', 'length']: UNSAT (0.037 seconds)
3.89/3.97	['concat', 'concat', 'substr']: UNSAT (0.431 seconds)
4.38/4.40	['concat', 'concat', 'add']: UNSAT (0.039 seconds)
4.38/4.44	['concat', 'concat', 'sub']: UNSAT (0.037 seconds)
4.38/4.48	['concat', 'index', 'index']: UNSAT (0.052 seconds)
4.48/4.53	['concat', 'index', 'length']: UNSAT (0.039 seconds)
4.48/4.57	['concat', 'index', 'substr']: 