0.12/0.19	=== Examples (../../dataset/examples/examples-60.json)
0.12/0.19	IO(inputs=('who cares about the last ones...',), output='who cares about the last ones')
0.12/0.19	IO(inputs=('just let them die!!!',), output='just let them die')
0.12/0.19	=== Library
0.12/0.19	concat
0.12/0.19	index
0.12/0.19	length
0.12/0.19	substr
0.12/0.19	add
0.12/0.19	sub
0.12/0.19	=== Synthesis
0.12/0.19	['concat']: UNSAT (0.027 seconds)
0.12/0.21	['index']: UNSAT (0.026 seconds)
0.12/0.24	['length']: UNSAT (0.020 seconds)
0.12/0.26	['substr']: UNSAT (0.029 seconds)
0.27/0.29	['add']: UNSAT (0.022 seconds)
0.27/0.31	['sub']: UNSAT (0.023 seconds)
0.27/0.34	['concat', 'concat']: UNSAT (0.045 seconds)
0.27/0.38	['concat', 'index']: UNSAT (0.042 seconds)
0.40/0.43	['concat', 'length']: UNSAT (0.028 seconds)
0.40/0.46	['concat', 'substr']: UNSAT (0.063 seconds)
0.40/0.52	['concat', 'add']: UNSAT (0.026 seconds)
0.53/0.55	['concat', 'sub']: UNSAT (0.026 seconds)
0.53/0.57	['index', 'index']: UNSAT (0.037 seconds)
0.58/0.61	['index', 'length']: UNSAT (0.028 seconds)
0.62/0.64	['index', 'substr']: UNSAT (3.878 seconds)
4.48/4.52	['index', 'add']: UNSAT (0.032 seconds)
4.48/4.55	['index', 'sub']: UNSAT (0.032 seconds)
4.48/4.58	['length', 'length']: UNSAT (0.022 seconds)
4.59/4.61	['length', 'substr']: UNSAT (0.039 seconds)
4.59/4.65	['length', 'add']: UNSAT (0.023 seconds)
4.59/4.67	['length', 'sub']: UNSAT (0.023 seconds)
4.59/4.69	['substr', 'substr']: UNSAT (0.039 seconds)
4.69/4.73	['substr', 'add']: UNSAT (0.034 seconds)
4.69/4.77	['substr', 'sub']: UNSAT (0.033 seconds)
4.79/4.80	['add', 'add']: UNSAT (0.027 seconds)
4.79/4.83	['add', 'sub']: UNSAT (0.027 seconds)
4.79/4.86	['sub', 'sub']: UNSAT (0.028 seconds)
4.79/4.89	['concat', 'concat', 'concat']: UNSAT (0.217 seconds)
5.02/5.10	['concat', 'concat', 'index']: UNSAT (0.053 seconds)
5.13/5.16	['concat', 'concat', 'length']: UNSAT (0.040 seconds)
5.19/5.20	['concat', 'concat', 'substr']: UNSAT (0.912 seconds)
6.02/6.11	['concat', 'concat', 'add']: UNSAT (0.043 seconds)
6.13/6.16	['concat', 'concat', 'sub']: UNSAT (0.041 seconds)
6.19/6.20	['concat', 'index', 'index']: UNSAT (0.054 seconds)
6.19/6.25	['concat', 'index', 'length']: UNSAT (0.063 seconds)
6.29/6.32	['concat', 'index', 'substr']: UNSAT (278.748 seconds)
285.01/285.07	['concat', 'index', 'add']: UNSAT (0.044 seconds)
285.01/285.11	['concat', 'index', 'sub']: UNSAT (0.049 seconds)
285.12/285.16	['concat', 'length', 'length']: UNSAT (0.035 seconds)
285.18/285.20	['concat', 'length', 'substr']: UNSAT (0.480 seconds)
285.58/285.68	['concat', 'length', 'add']: UNSAT (0.033 seconds)
285.68/285.71	['concat', 'length', 'sub']: UNSAT (0.037 seconds)
285.68/285.75	['concat', 'substr', 'substr']: UNSAT (0.117 seconds)
285.78/285.87	['concat', 'substr', 'add']: UNSAT (0.070 seconds)
285.88/285.94	['concat', 'substr', 'sub']: UNSAT (0.061 seconds)
285.88/286.00	['concat', 'add', 'add']: UNSAT (0.040 seconds)
286.01/286.04	['concat', 'add', 'sub']: UNSAT (0.038 seconds)
286.01/286.08	['concat', 'sub', 'sub']: UNSAT (0.042 seconds)
286.01/286.12	['index', 'index', 'index']: UNSAT (0.062 seconds)
286.12/286.18	['index', 'index', 'length']: UNSAT (0.048 seconds)
286.18/286.23	['index', 'index', 'substr']: UNSAT (28.442 seconds)
314.58/314.68	['index', 'index', 'add']: UNSAT (0.050 seconds)
314.68/314.73	['index', 'index', 'sub']: UNSAT (0.048 seconds)
314.68/314.78	['index', 'length', 'length']: UNSAT (0.037 seconds)
314.78/314.81	['index', 'length', 'substr']: UNSAT (54.795 seconds)
369.58/369.61	['index', 'length', 'add']: UNSAT (0.040 seconds)
369.58/369.65	['index', 'length', 'sub']: UNSAT (0.041 seconds)
369.58/369.69	['index', 'substr', 'substr']: UNSAT (46.257 seconds)
415.88/415.95	['index', 'substr', 'add']: UNSAT (2.307 seconds)
418.18/418.26	['index', 'substr', 'sub']: UNKNOWN (118.226 seconds)
536.38/536.48	Reason: smt tactic failed to show goal to be sat/unsat max-conflicts-reached
536.38/536.48	Reason: smt tactic failed to show goal to be sat/unsat max-conflicts-reached
536.38/536.48	['index', 'add', 'add']: UNSAT (0.047 seconds)
536.48/536.53	['index', 'add', 'sub']: UNSAT (0.050 seconds)
536.48/536.58	['index', 'sub', 'sub']: UNSAT (0.054 seconds)
536.58/536.64	['length', 'length', 'length']: UNSAT (0.027 seconds)
536.58/536.67	['length', 'length', 'substr']: UNSAT (0.052 seconds)
536.68/536.72	['length', 'length', 'add']: UNSAT (0.031 seconds)
536.68/536.75	['length', 'length', 'sub']: UNSAT (0.032 seconds)
536.68/536.78	['length', 'substr', 'substr']: UNSAT (0.129 seconds)
536.88/536.91	['length', 'substr', 'add']: UNSAT (0.059 seconds)
536.88/536.97	['length', 'substr', 'sub']: UNSAT (0.063 seconds)
536.88/537.04	['length', 'add', 'add']: UNSAT (0.036 seconds)
537.01/537.07	['length', 'add', 'sub']: UNSAT (0.035 seconds)
537.01/537.11	['length', 'sub', 'sub']: UNSAT (0.037 seconds)
537.12/537.15	['substr', 'substr', 'substr']: UNSAT (0.085 seconds)
537.18/537.23	['substr', 'substr', 'add']: UNSAT (0.064 seconds)
537.28/537.30	['substr', 'substr', 'sub']: UNSAT (0.067 seconds)
537.28/537.37	['substr', 'add', 'add']: UNSAT (0.064 seconds)
537.38/537.43	['substr', 'add', 'sub']: UNSAT (0.069 seconds)
537.48/537.50	['substr', 'sub', 'sub']: UNSAT (0.064 seconds)
537.48/537.57	['add', 'add', 'add']: UNSAT (0.046 seconds)
537.58/537.61	['add', 'add', 'sub']: UNSAT (0.048 seconds)
537.58/537.66	['add', 'sub', 'sub']: UNSAT (0.047 seconds)
537.68/537.71	['sub', 'sub', 'sub']: UNSAT (0.046 seconds)
537.68/537.76	['concat', 'concat', 'concat', 'concat']: UNSAT (0.299 seconds)
538.01/538.06	['concat', 'concat', 'concat', 'index']: UNSAT (0.073 seconds)
538.01/538.13	['concat', 'concat', 'concat', 'length']: UNSAT (0.061 seconds)
538.12/538.19	['concat', 'concat', 'concat', 'substr']: 