0.12/0.20	=== Examples (../../dataset/examples/examples-90.json)
0.12/0.20	IO(inputs=('george',), output='George')
0.12/0.20	IO(inputs=('maebe',), output='Maebe')
0.12/0.20	=== Library
0.12/0.20	concat
0.12/0.20	index
0.12/0.20	length
0.12/0.20	substr
0.12/0.20	add
0.12/0.20	sub
0.12/0.20	=== Synthesis
0.12/0.20	['concat']: UNSAT (0.026 seconds)
0.12/0.23	['index']: UNSAT (0.026 seconds)
0.12/0.26	['length']: UNSAT (0.019 seconds)
0.26/0.28	['substr']: UNSAT (0.028 seconds)
0.26/0.30	['add']: UNSAT (0.023 seconds)
0.26/0.33	['sub']: UNSAT (0.023 seconds)
0.26/0.35	['concat', 'concat']: UNSAT (0.044 seconds)
0.36/0.40	['concat', 'index']: UNSAT (0.043 seconds)
0.36/0.44	['concat', 'length']: UNSAT (0.032 seconds)
0.44/0.47	['concat', 'substr']: UNSAT (0.063 seconds)
0.44/0.54	['concat', 'add']: UNSAT (0.035 seconds)
0.56/0.57	['concat', 'sub']: UNSAT (0.034 seconds)
0.56/0.61	['index', 'index']: UNSAT (0.039 seconds)
0.63/0.65	['index', 'length']: UNSAT (0.028 seconds)
0.63/0.68	['index', 'substr']: UNSAT (0.041 seconds)
0.68/0.72	['index', 'add']: UNSAT (0.030 seconds)
0.68/0.75	['index', 'sub']: UNSAT (0.031 seconds)
0.68/0.78	['length', 'length']: UNSAT (0.020 seconds)
0.78/0.80	['length', 'substr']: UNSAT (0.028 seconds)
0.78/0.83	['length', 'add']: UNSAT (0.022 seconds)
0.78/0.85	['length', 'sub']: UNSAT (0.022 seconds)
0.78/0.87	['substr', 'substr']: UNSAT (0.038 seconds)
0.89/0.91	['substr', 'add']: UNSAT (0.034 seconds)
0.89/0.95	['substr', 'sub']: UNSAT (0.033 seconds)
0.89/0.98	['add', 'add']: UNSAT (0.030 seconds)
0.89/1.01	['add', 'sub']: UNSAT (0.030 seconds)
1.02/1.04	['sub', 'sub']: UNSAT (0.029 seconds)
1.02/1.07	['concat', 'concat', 'concat']: UNSAT (0.124 seconds)
1.18/1.20	['concat', 'concat', 'index']: UNSAT (0.050 seconds)
1.18/1.25	['concat', 'concat', 'length']: UNSAT (0.042 seconds)
1.18/1.29	['concat', 'concat', 'substr']: UNSAT (0.836 seconds)
2.02/2.13	['concat', 'concat', 'add']: UNSAT (0.047 seconds)
2.13/2.18	['concat', 'concat', 'sub']: UNSAT (0.041 seconds)
2.19/2.22	['concat', 'index', 'index']: UNSAT (0.054 seconds)
2.19/2.27	['concat', 'index', 'length']: UNSAT (0.044 seconds)
2.29/2.32	['concat', 'index', 'substr']: UNSAT (0.500 seconds)
2.79/2.82	['concat', 'index', 'add']: UNSAT (0.047 seconds)
2.79/2.87	['concat', 'index', 'sub']: UNSAT (0.047 seconds)
2.89/2.92	['concat', 'length', 'length']: UNSAT (0.038 seconds)
2.89/2.95	['concat', 'length', 'substr']: UNSAT (0.235 seconds)
3.13/3.19	['concat', 'length', 'add']: UNSAT (0.037 seconds)
3.19/3.23	['concat', 'length', 'sub']: UNSAT (0.035 seconds)
3.19/3.26	['concat', 'substr', 'substr']: UNSAT (0.116 seconds)
3.29/3.38	['concat', 'substr', 'add']: UNSAT (0.149 seconds)
3.49/3.53	['concat', 'substr', 'sub']: UNSAT (0.066 seconds)
3.59/3.60	['concat', 'add', 'add']: UNSAT (0.040 seconds)
3.59/3.64	['concat', 'add', 'sub']: UNSAT (0.039 seconds)
3.59/3.68	['concat', 'sub', 'sub']: UNSAT (0.039 seconds)
3.69/3.72	['index', 'index', 'index']: UNSAT (0.055 seconds)
3.69/3.77	['index', 'index', 'length']: UNSAT (0.044 seconds)
3.79/3.82	['index', 'index', 'substr']: UNSAT (0.085 seconds)
3.89/3.90	['index', 'index', 'add']: UNSAT (0.049 seconds)
3.89/3.95	['index', 'index', 'sub']: UNSAT (0.049 seconds)
3.89/4.00	['index', 'length', 'length']: UNSAT (0.035 seconds)
4.02/4.04	['index', 'length', 'substr']: UNSAT (0.055 seconds)
4.02/4.09	['index', 'length', 'add']: UNSAT (0.038 seconds)
4.12/4.13	['index', 'length', 'sub']: UNSAT (0.038 seconds)
4.12/4.17	['index', 'substr', 'substr']: UNSAT (0.076 seconds)
4.19/4.25	['index', 'substr', 'add']: UNSAT (0.060 seconds)
4.29/4.31	['index', 'substr', 'sub']: UNSAT (0.060 seconds)
4.29/4.37	['index', 'add', 'add']: UNSAT (0.046 seconds)
4.39/4.42	['index', 'add', 'sub']: UNSAT (0.049 seconds)
4.39/4.47	['index', 'sub', 'sub']: UNSAT (0.046 seconds)
4.49/4.52	['length', 'length', 'length']: UNSAT (0.027 seconds)
4.49/4.54	['length', 'length', 'substr']: UNSAT (0.037 seconds)
4.49/4.58	['length', 'length', 'add']: UNSAT (0.029 seconds)
4.59/4.61	['length', 'length', 'sub']: UNSAT (0.030 seconds)
4.59/4.64	['length', 'substr', 'substr']: UNSAT (0.057 seconds)
4.69/4.70	['length', 'substr', 'add']: UNSAT (0.042 seconds)
4.69/4.74	['length', 'substr', 'sub']: UNSAT (0.042 seconds)
4.69/4.78	['length', 'add', 'add']: UNSAT (0.036 seconds)
4.79/4.82	['length', 'add', 'sub']: UNSAT (0.036 seconds)
4.79/4.86	['length', 'sub', 'sub']: UNSAT (0.036 seconds)
4.79/4.89	['substr', 'substr', 'substr']: UNSAT (0.065 seconds)
4.89/4.96	['substr', 'substr', 'add']: UNSAT (0.055 seconds)
4.89/5.02	['substr', 'substr', 'sub']: UNSAT (0.056 seconds)
5.03/5.07	['substr', 'add', 'add']: UNSAT (0.049 seconds)
5.03/5.12	['substr', 'add', 'sub']: UNSAT (0.049 seconds)
5.13/5.17	['substr', 'sub', 'sub']: UNSAT (0.050 seconds)
5.19/5.22	['add', 'add', 'add']: UNSAT (0.044 seconds)
5.19/5.27	['add', 'add', 'sub']: UNSAT (0.044 seconds)
5.29/5.31	['add', 'sub', 'sub']: UNSAT (0.044 seconds)
5.29/5.36	['sub', 'sub', 'sub']: UNSAT (0.045 seconds)
5.39/5.40	['concat', 'concat', 'concat', 'concat']: UNSAT (6.081 seconds)
11.39/11.48	['concat', 'concat', 'concat', 'index']: UNSAT (0.071 seconds)
11.49/11.56	['concat', 'concat', 'concat', 'length']: UNSAT (0.058 seconds)
11.59/11.61	['concat', 'concat', 'concat', 'substr']: UNSAT (82.911 seconds)
94.49/94.53	['concat', 'concat', 'concat', 'add']: UNSAT (0.058 seconds)
94.49/94.58	['concat', 'concat', 'concat', 'sub']: UNSAT (0.058 seconds)
94.59/94.64	['concat', 'concat', 'index', 'index']: UNSAT (0.073 seconds)
94.69/94.72	['concat', 'concat', 'index', 'length']: UNSAT (0.063 seconds)
94.69/94.78	['concat', 'concat', 'index', 'substr']: UNSAT (7.401 seconds)
102.12/102.18	['concat', 'concat', 'index', 'add']: UNSAT (0.064 seconds)
102.19/102.25	['concat', 'concat', 'index', 'sub']: UNSAT (0.068 seconds)
102.28/102.32	['concat', 'concat', 'length', 'length']: UNSAT (0.049 seconds)
102.28/102.37	['concat', 'concat', 'length', 'substr']: UNSAT (3.477 seconds)
105.78/105.85	['concat', 'concat', 'length', 'add']: UNSAT (0.049 seconds)
105.78/105.90	['concat', 'concat', 'length', 'sub']: UNSAT (0.050 seconds)
105.88/105.95	['concat', 'concat', 'substr', 'substr']: UNSAT (7.772 seconds)
113.68/113.72	['concat', 'concat', 'substr', 'add']: UNSAT (1.402 seconds)
115.02/115.12	['concat', 'concat', 'substr', 'sub']: UNSAT (0.528 seconds)
115.58/115.65	['concat', 'concat', 'add', 'add']: UNSAT (0.054 seconds)
115.68/115.71	['concat', 'concat', 'add', 'sub']: UNSAT (0.055 seconds)
115.68/115.76	['concat', 'concat', 'sub', 'sub']: UNSAT (0.054 seconds)
115.78/115.82	['concat', 'index', 'index', 'index']: UNSAT (0.077 seconds)
115.78/115.89	['concat', 'index', 'index', 'length']: UNSAT (0.064 seconds)
115.88/115.96	['concat', 'index', 'index', 'substr']: UNSAT (2.405 seconds)
118.28/118.37	['concat', 'index', 'index', 'add']: UNSAT (0.069 seconds)
118.38/118.44	['concat', 'index', 'index', 'sub']: UNSAT (0.067 seconds)
118.48/118.50	['concat', 'index', 'length', 'length']: UNSAT (0.052 seconds)
118.48/118.56	['concat', 'index', 'length', 'substr']: UNSAT (0.866 seconds)
119.38/119.42	['concat', 'index', 'length', 'add']: UNSAT (0.055 seconds)
119.38/119.48	['concat', 'index', 'length', 'sub']: UNSAT (0.054 seconds)
119.48/119.53	['concat', 'index', 'substr', 'substr']: UNSAT (3.422 seconds)
122.88/122.96	['concat', 'index', 'substr', 'add']: UNSAT (1.580 seconds)
124.48/124.54	['concat', 'index', 'substr', 'sub']: UNSAT (0.690 seconds)
125.18/125.23	['concat', 'index', 'add', 'add']: UNSAT (0.062 seconds)
125.18/125.29	['concat', 'index', 'add', 'sub']: UNSAT (0.062 seconds)
125.28/125.35	['concat', 'index', 'sub', 'sub']: UNSAT (0.062 seconds)
125.38/125.42	['concat', 'length', 'length', 'length']: UNSAT (0.043 seconds)
125.38/125.46	['concat', 'length', 'length', 'substr']: UNSAT (0.305 seconds)
125.68/125.77	['concat', 'length', 'length', 'add']: UNSAT (0.043 seconds)
125.78/125.81	['concat', 'length', 'length', 'sub']: UNSAT (0.043 seconds)
125.78/125.85	['concat', 'length', 'substr', 'substr']: UNSAT (2.265 seconds)
128.02/128.12	['concat', 'length', 'substr', 'add']: UNSAT (0.451 seconds)
128.48/128.57	['concat', 'length', 'substr', 'sub']: UNSAT (0.389 seconds)
128.88/128.96	['concat', 'length', 'add', 'add']: UNSAT (0.049 seconds)
128.88/129.01	['concat', 'length', 'add', 'sub']: UNSAT (0.052 seconds)
129.03/129.06	['concat', 'length', 'sub', 'sub']: UNSAT (0.049 seconds)
129.03/129.11	['concat', 'substr', 'substr', 'substr']: UNSAT (0.586 seconds)
129.68/129.70	['concat', 'substr', 'substr', 'add']: UNSAT (0.562 seconds)
130.18/130.26	['concat', 'substr', 'substr', 'sub']: UNSAT (0.683 seconds)
130.88/130.95	['concat', 'substr', 'add', 'add']: UNSAT (0.340 seconds)
131.18/131.29	['concat', 'substr', 'add', 'sub']: UNSAT (0.282 seconds)
131.48/131.57	['concat', 'substr', 'sub', 'sub']: UNSAT (0.196 seconds)
131.68/131.77	['concat', 'add', 'add', 'add']: UNSAT (0.059 seconds)
131.78/131.83	['concat', 'add', 'add', 'sub']: UNSAT (0.060 seconds)
131.78/131.89	['concat', 'add', 'sub', 'sub']: UNSAT (0.059 seconds)
131.88/131.95	['concat', 'sub', 'sub', 'sub']: UNSAT (0.060 seconds)
131.88/132.01	['index', 'index', 'index', 'index']: UNSAT (0.084 seconds)
132.02/132.10	['index', 'index', 'index', 'length']: UNSAT (0.068 seconds)
132.12/132.16	['index', 'index', 'index', 'substr']: UNSAT (0.099 seconds)
132.18/132.26	['index', 'index', 'index', 'add']: UNSAT (0.077 seconds)
132.28/132.34	['index', 'index', 'index', 'sub']: UNSAT (0.078 seconds)
132.38/132.42	['index', 'index', 'length', 'length']: UNSAT (0.055 seconds)
132.38/132.48	['index', 'index', 'length', 'substr']: UNSAT (0.079 seconds)
132.48/132.56	['index', 'index', 'length', 'add']: UNSAT (0.063 seconds)
132.58/132.62	['index', 'index', 'length', 'sub']: UNSAT (0.065 seconds)
132.58/132.69	['index', 'index', 'substr', 'substr']: UNSAT (0.166 seconds)
132.78/132.85	['index', 'index', 'substr', 'add']: UNSAT (0.120 seconds)
132.88/132.97	['index', 'index', 'substr', 'sub']: UNSAT (0.169 seconds)
133.12/133.14	['index', 'index', 'add', 'add']: UNSAT (0.076 seconds)
133.18/133.22	['index', 'index', 'add', 'sub']: UNSAT (0.076 seconds)
133.28/133.30	['index', 'index', 'sub', 'sub']: UNSAT (0.073 seconds)
133.28/133.37	['index', 'length', 'length', 'length']: UNSAT (0.044 seconds)
133.38/133.42	['index', 'length', 'length', 'substr']: UNSAT (0.061 seconds)
133.38/133.48	['index', 'length', 'length', 'add']: UNSAT (0.048 seconds)
133.48/133.53	['index', 'length', 'length', 'sub']: UNSAT (0.050 seconds)
133.48/133.58	['index', 'length', 'substr', 'substr']: UNSAT (0.130 seconds)
133.68/133.71	['index', 'length', 'substr', 'add']: UNSAT (0.080 seconds)
133.68/133.79	['index', 'length', 'substr', 'sub']: UNSAT (0.077 seconds)
133.78/133.87	['index', 'length', 'add', 'add']: UNSAT (0.057 seconds)
133.88/133.93	['index', 'length', 'add', 'sub']: UNSAT (0.057 seconds)
133.88/133.98	['index', 'length', 'sub', 'sub']: UNSAT (0.056 seconds)
134.02/134.04	['index', 'substr', 'substr', 'substr']: UNSAT (0.197 seconds)
134.18/134.24	['index', 'substr', 'substr', 'add']: UNSAT (0.110 seconds)
134.28/134.35	['index', 'substr', 'substr', 'sub']: UNSAT (0.115 seconds)
134.38/134.47	['index', 'substr', 'add', 'add']: UNSAT (0.088 seconds)
134.48/134.55	['index', 'substr', 'add', 'sub']: UNSAT (0.095 seconds)
134.58/134.65	['index', 'substr', 'sub', 'sub']: UNSAT (0.096 seconds)
134.68/134.75	['index', 'add', 'add', 'add']: UNSAT (0.076 seconds)
134.78/134.82	['index', 'add', 'add', 'sub']: UNSAT (0.073 seconds)
134.88/134.90	['index', 'add', 'sub', 'sub']: UNSAT (0.073 seconds)
134.88/134.97	['index', 'sub', 'sub', 'sub']: UNSAT (0.073 seconds)
135.02/135.05	['length', 'length', 'length', 'length']: UNSAT (0.035 seconds)
135.02/135.08	['length', 'length', 'length', 'substr']: UNSAT (0.044 seconds)
135.02/135.12	['length', 'length', 'length', 'add']: UNSAT (0.037 seconds)
135.12/135.16	['length', 'length', 'length', 'sub']: UNSAT (0.037 seconds)
135.18/135.20	['length', 'length', 'substr', 'substr']: UNSAT (0.081 seconds)
135.18/135.28	['length', 'length', 'substr', 'add']: UNSAT (0.056 seconds)
135.28/135.34	['length', 'length', 'substr', 'sub']: UNSAT (0.056 seconds)
135.38/135.40	['length', 'length', 'add', 'add']: UNSAT (0.046 seconds)
135.38/135.44	['length', 'length', 'add', 'sub']: UNSAT (0.048 seconds)
135.38/135.49	['length', 'length', 'sub', 'sub']: UNSAT (0.045 seconds)
135.48/135.54	['length', 'substr', 'substr', 'substr']: UNSAT (0.129 seconds)
135.58/135.67	['length', 'substr', 'substr', 'add']: UNSAT (0.085 seconds)
135.68/135.75	['length', 'substr', 'substr', 'sub']: UNSAT (0.108 seconds)
135.78/135.86	['length', 'substr', 'add', 'add']: UNSAT (0.065 seconds)
135.88/135.93	['length', 'substr', 'add', 'sub']: UNSAT (0.067 seconds)
135.88/136.00	['length', 'substr', 'sub', 'sub']: UNSAT (0.070 seconds)
136.02/136.07	['length', 'add', 'add', 'add']: UNSAT (0.055 seconds)
136.02/136.12	['length', 'add', 'add', 'sub']: UNSAT (0.056 seconds)
136.12/136.18	['length', 'add', 'sub', 'sub']: UNSAT (0.056 seconds)
136.18/136.24	['length', 'sub', 'sub', 'sub']: UNSAT (0.056 seconds)
136.18/136.29	['substr', 'substr', 'substr', 'substr']: UNSAT (0.116 seconds)
136.38/136.41	['substr', 'substr', 'substr', 'add']: UNSAT (0.092 seconds)
136.48/136.50	['substr', 'substr', 'substr', 'sub']: UNSAT (0.091 seconds)
136.58/136.60	['substr', 'substr', 'add', 'add']: UNSAT (0.090 seconds)
136.58/136.69	['substr', 'substr', 'add', 'sub']: UNSAT (0.081 seconds)
136.68/136.77	['substr', 'substr', 'sub', 'sub']: UNSAT (0.081 seconds)
136.78/136.85	['substr', 'add', 'add', 'add']: UNSAT (0.070 seconds)
136.88/136.92	['substr', 'add', 'add', 'sub']: UNSAT (0.072 seconds)
136.88/136.99	['substr', 'add', 'sub', 'sub']: UNSAT (0.069 seconds)
137.02/137.06	['substr', 'sub', 'sub', 'sub']: UNSAT (0.072 seconds)
137.12/137.14	['add', 'add', 'add', 'add']: UNSAT (0.065 seconds)
137.18/137.20	['add', 'add', 'add', 'sub']: UNSAT (0.065 seconds)
137.18/137.27	['add', 'add', 'sub', 'sub']: UNSAT (0.067 seconds)
137.28/137.34	['add', 'sub', 'sub', 'sub']: UNSAT (0.066 seconds)
137.38/137.40	['sub', 'sub', 'sub', 'sub']: UNSAT (0.066 seconds)
137.38/137.47	['concat', 'concat', 'concat', 'concat', 'concat']: 