0.12/0.20	=== Examples (../../dataset/examples/examples-72.json)
0.12/0.20	IO(inputs=('just use', 'trim '), output='just use trim')
0.12/0.20	IO(inputs=(" gudamit'", 'why you no use '), output="gudamit' why you no use")
0.12/0.20	=== Library
0.12/0.20	concat
0.12/0.20	index
0.12/0.20	length
0.12/0.20	substr
0.12/0.20	add
0.12/0.20	sub
0.12/0.20	=== Synthesis
0.12/0.20	['concat']: UNSAT (0.029 seconds)
0.12/0.23	['index']: UNSAT (0.029 seconds)
0.12/0.26	['length']: UNSAT (0.022 seconds)
0.12/0.28	['substr']: UNSAT (0.029 seconds)
0.27/0.31	['add']: UNSAT (0.024 seconds)
0.27/0.33	['sub']: UNSAT (0.026 seconds)
0.27/0.36	['concat', 'concat']: UNSAT (0.051 seconds)
0.36/0.41	['concat', 'index']: UNSAT (0.048 seconds)
0.43/0.46	['concat', 'length']: UNSAT (0.036 seconds)
0.43/0.50	['concat', 'substr']: UNSAT (0.048 seconds)
0.43/0.55	['concat', 'add']: UNSAT (0.038 seconds)
0.55/0.58	['concat', 'sub']: UNSAT (0.037 seconds)
0.55/0.62	['index', 'index']: UNSAT (0.046 seconds)
0.63/0.67	['index', 'length']: UNSAT (0.030 seconds)
0.69/0.70	['index', 'substr']: UNSAT (0.041 seconds)
0.69/0.74	['index', 'add']: UNSAT (0.034 seconds)
0.69/0.78	['index', 'sub']: UNSAT (0.039 seconds)
0.79/0.82	['length', 'length']: UNSAT (0.020 seconds)
0.79/0.84	['length', 'substr']: UNSAT (0.032 seconds)
0.79/0.87	['length', 'add']: UNSAT (0.026 seconds)
0.89/0.90	['length', 'sub']: UNSAT (0.023 seconds)
0.89/0.92	['substr', 'substr']: UNSAT (0.037 seconds)
0.89/0.96	['substr', 'add']: UNSAT (0.035 seconds)
0.89/0.99	['substr', 'sub']: UNSAT (0.034 seconds)
0.89/1.03	['add', 'add']: UNSAT (0.029 seconds)
1.01/1.06	['add', 'sub']: UNSAT (0.033 seconds)
1.01/1.09	['sub', 'sub']: UNSAT (0.030 seconds)
1.01/1.12	['concat', 'concat', 'concat']: UNSAT (0.149 seconds)
1.19/1.27	['concat', 'concat', 'index']: UNSAT (0.054 seconds)
1.29/1.33	['concat', 'concat', 'length']: UNSAT (0.040 seconds)
1.29/1.37	['concat', 'concat', 'substr']: UNSAT (0.291 seconds)
1.59/1.66	['concat', 'concat', 'add']: UNSAT (0.044 seconds)
1.69/1.70	['concat', 'concat', 'sub']: UNSAT (0.045 seconds)
1.69/1.75	['concat', 'index', 'index']: UNSAT (0.056 seconds)
1.79/1.81	['concat', 'index', 'length']: UNSAT (0.049 seconds)
1.79/1.86	['concat', 'index', 'substr']: UNSAT (0.110 seconds)
1.89/1.97	['concat', 'index', 'add']: UNSAT (0.048 seconds)
1.89/2.02	['concat', 'index', 'sub']: UNSAT (0.048 seconds)
2.02/2.06	['concat', 'length', 'length']: UNSAT (0.033 seconds)
2.02/2.10	['concat', 'length', 'substr']: UNSAT (0.063 seconds)
2.14/2.16	['concat', 'length', 'add']: UNSAT (0.038 seconds)
2.19/2.20	['concat', 'length', 'sub']: UNSAT (0.037 seconds)
2.19/2.24	['concat', 'substr', 'substr']: UNSAT (0.088 seconds)
2.29/2.33	['concat', 'substr', 'add']: UNSAT (0.051 seconds)
2.29/2.38	['concat', 'substr', 'sub']: UNSAT (0.052 seconds)
2.39/2.43	['concat', 'add', 'add']: UNSAT (0.042 seconds)
2.39/2.47	['concat', 'add', 'sub']: UNSAT (0.041 seconds)
2.49/2.52	['concat', 'sub', 'sub']: UNSAT (0.041 seconds)
2.49/2.56	['index', 'index', 'index']: UNSAT (0.057 seconds)
2.59/2.62	['index', 'index', 'length']: UNSAT (0.050 seconds)
2.59/2.67	['index', 'index', 'substr']: UNSAT (0.066 seconds)
2.69/2.73	['index', 'index', 'add']: UNSAT (0.053 seconds)
2.69/2.79	['index', 'index', 'sub']: UNSAT (0.053 seconds)
2.79/2.84	['index', 'length', 'length']: UNSAT (0.039 seconds)
2.79/2.88	['index', 'length', 'substr']: UNSAT (0.055 seconds)
2.89/2.94	['index', 'length', 'add']: UNSAT (0.044 seconds)
2.89/2.98	['index', 'length', 'sub']: UNSAT (0.045 seconds)
2.89/3.03	['index', 'substr', 'substr']: UNSAT (0.083 seconds)
3.02/3.11	['index', 'substr', 'add']: UNSAT (0.058 seconds)
3.13/3.17	['index', 'substr', 'sub']: UNSAT (0.057 seconds)
3.19/3.23	['index', 'add', 'add']: UNSAT (0.050 seconds)
3.19/3.28	['index', 'add', 'sub']: UNSAT (0.047 seconds)
3.29/3.33	['index', 'sub', 'sub']: UNSAT (0.051 seconds)
3.29/3.38	['length', 'length', 'length']: UNSAT (0.027 seconds)
3.39/3.41	['length', 'length', 'substr']: UNSAT (0.042 seconds)
3.39/3.45	['length', 'length', 'add']: UNSAT (0.031 seconds)
3.39/3.48	['length', 'length', 'sub']: UNSAT (0.032 seconds)
3.49/3.51	['length', 'substr', 'substr']: UNSAT (0.056 seconds)
3.49/3.57	['length', 'substr', 'add']: UNSAT (0.044 seconds)
3.59/3.62	['length', 'substr', 'sub']: UNSAT (0.048 seconds)
3.59/3.66	['length', 'add', 'add']: UNSAT (0.038 seconds)
3.69/3.70	['length', 'add', 'sub']: UNSAT (0.039 seconds)
3.69/3.74	['length', 'sub', 'sub']: UNSAT (0.035 seconds)
3.69/3.78	['substr', 'substr', 'substr']: UNSAT (0.065 seconds)
3.79/3.84	['substr', 'substr', 'add']: UNSAT (0.054 seconds)
3.89/3.90	['substr', 'substr', 'sub']: UNSAT (0.058 seconds)
3.89/3.96	['substr', 'add', 'add']: UNSAT (0.052 seconds)
3.89/4.01	['substr', 'add', 'sub']: UNSAT (0.052 seconds)
4.02/4.06	['substr', 'sub', 'sub']: UNSAT (0.049 seconds)
4.02/4.11	['add', 'add', 'add']: UNSAT (0.047 seconds)
4.14/4.16	['add', 'add', 'sub']: UNSAT (0.047 seconds)
4.19/4.21	['add', 'sub', 'sub']: UNSAT (0.048 seconds)
4.19/4.26	['sub', 'sub', 'sub']: UNSAT (0.047 seconds)
4.29/4.31	['concat', 'concat', 'concat', 'concat']: UNSAT (0.520 seconds)
4.79/4.83	['concat', 'concat', 'concat', 'index']: UNSAT (0.078 seconds)
4.89/4.91	['concat', 'concat', 'concat', 'length']: UNSAT (0.066 seconds)
4.89/4.97	['concat', 'concat', 'concat', 'substr']: UNSAT (57.919 seconds)
62.79/62.89	['concat', 'concat', 'concat', 'add']: UNSAT (0.064 seconds)
62.88/62.96	['concat', 'concat', 'concat', 'sub']: UNSAT (0.063 seconds)
62.88/63.02	['concat', 'concat', 'index', 'index']: UNSAT (0.082 seconds)
63.01/63.11	['concat', 'concat', 'index', 'length']: UNSAT (0.067 seconds)
63.12/63.17	['concat', 'concat', 'index', 'substr']: UNSAT (4.583 seconds)
67.68/67.76	['concat', 'concat', 'index', 'add']: UNSAT (0.068 seconds)
67.78/67.83	['concat', 'concat', 'index', 'sub']: UNSAT (0.068 seconds)
67.88/67.90	['concat', 'concat', 'length', 'length']: UNSAT (0.054 seconds)
67.88/67.95	['concat', 'concat', 'length', 'substr']: UNSAT (2.388 seconds)
70.28/70.34	['concat', 'concat', 'length', 'add']: UNSAT (0.055 seconds)
70.28/70.40	['concat', 'concat', 'length', 'sub']: UNSAT (0.055 seconds)
70.38/70.45	['concat', 'concat', 'substr', 'substr']: UNSAT (1.245 seconds)
71.69/71.70	['concat', 'concat', 'substr', 'add']: UNSAT (0.737 seconds)
72.39/72.44	['concat', 'concat', 'substr', 'sub']: UNSAT (0.697 seconds)
73.01/73.13	['concat', 'concat', 'add', 'add']: UNSAT (0.060 seconds)
73.13/73.19	['concat', 'concat', 'add', 'sub']: UNSAT (0.061 seconds)
73.19/73.26	['concat', 'concat', 'sub', 'sub']: UNSAT (0.060 seconds)
73.29/73.32	['concat', 'index', 'index', 'index']: UNSAT (0.087 seconds)
73.39/73.40	['concat', 'index', 'index', 'length']: UNSAT (0.070 seconds)
73.39/73.48	['concat', 'index', 'index', 'substr']: UNSAT (0.178 seconds)
73.59/73.65	['concat', 'index', 'index', 'add']: UNSAT (0.076 seconds)
73.69/73.73	['concat', 'index', 'index', 'sub']: UNSAT (0.076 seconds)
73.79/73.81	['concat', 'index', 'length', 'length']: UNSAT (0.058 seconds)
73.79/73.87	['concat', 'index', 'length', 'substr']: UNSAT (0.112 seconds)
73.89/73.98	['concat', 'index', 'length', 'add']: UNSAT (0.061 seconds)
74.01/74.04	['concat', 'index', 'length', 'sub']: UNSAT (0.060 seconds)
74.01/74.10	['concat', 'index', 'substr', 'substr']: UNSAT (0.375 seconds)
74.39/74.48	['concat', 'index', 'substr', 'add']: UNSAT (0.143 seconds)
74.59/74.62	['concat', 'index', 'substr', 'sub']: UNSAT (0.125 seconds)
74.69/74.75	['concat', 'index', 'add', 'add']: UNSAT (0.069 seconds)
74.79/74.82	['concat', 'index', 'add', 'sub']: UNSAT (0.068 seconds)
74.79/74.89	['concat', 'index', 'sub', 'sub']: UNSAT (0.068 seconds)
74.89/74.96	['concat', 'length', 'length', 'length']: UNSAT (0.046 seconds)
74.89/75.00	['concat', 'length', 'length', 'substr']: UNSAT (0.106 seconds)
75.01/75.11	['concat', 'length', 'length', 'add']: UNSAT (0.047 seconds)
75.12/75.16	['concat', 'length', 'length', 'sub']: UNSAT (0.047 seconds)
75.19/75.21	['concat', 'length', 'substr', 'substr']: UNSAT (0.343 seconds)
75.49/75.55	['concat', 'length', 'substr', 'add']: UNSAT (0.098 seconds)
75.59/75.65	['concat', 'length', 'substr', 'sub']: UNSAT (0.098 seconds)
75.69/75.75	['concat', 'length', 'add', 'add']: UNSAT (0.053 seconds)
75.79/75.80	['concat', 'length', 'add', 'sub']: UNSAT (0.053 seconds)
75.79/75.86	['concat', 'length', 'sub', 'sub']: UNSAT (0.053 seconds)
75.89/75.91	['concat', 'substr', 'substr', 'substr']: UNSAT (0.311 seconds)
76.19/76.22	['concat', 'substr', 'substr', 'add']: UNSAT (0.161 seconds)
76.29/76.38	['concat', 'substr', 'substr', 'sub']: UNSAT (0.256 seconds)
76.59/76.64	['concat', 'substr', 'add', 'add']: UNSAT (0.077 seconds)
76.69/76.72	['concat', 'substr', 'add', 'sub']: UNSAT (0.076 seconds)
76.69/76.80	['concat', 'substr', 'sub', 'sub']: UNSAT (0.082 seconds)
76.79/76.88	['concat', 'add', 'add', 'add']: UNSAT (0.065 seconds)
76.89/76.94	['concat', 'add', 'add', 'sub']: UNSAT (0.065 seconds)
76.89/77.01	['concat', 'add', 'sub', 'sub']: UNSAT (0.064 seconds)
77.01/77.07	['concat', 'sub', 'sub', 'sub']: UNSAT (0.063 seconds)
77.01/77.14	['index', 'index', 'index', 'index']: UNSAT (0.090 seconds)
77.19/77.23	['index', 'index', 'index', 'length']: UNSAT (0.076 seconds)
77.29/77.31	['index', 'index', 'index', 'substr']: UNSAT (0.141 seconds)
77.39/77.45	['index', 'index', 'index', 'add']: UNSAT (0.099 seconds)
77.48/77.55	['index', 'index', 'index', 'sub']: UNSAT (0.084 seconds)
77.58/77.63	['index', 'index', 'length', 'length']: UNSAT (0.061 seconds)
77.58/77.69	['index', 'index', 'length', 'substr']: UNSAT (0.088 seconds)
77.68/77.78	['index', 'index', 'length', 'add']: UNSAT (0.069 seconds)
77.78/77.85	['index', 'index', 'length', 'sub']: UNSAT (0.072 seconds)
77.88/77.93	['index', 'index', 'substr', 'substr']: UNSAT (0.238 seconds)
78.12/78.16	['index', 'index', 'substr', 'add']: UNSAT (0.110 seconds)
78.18/78.28	['index', 'index', 'substr', 'sub']: UNSAT (0.095 seconds)
78.28/78.37	['index', 'index', 'add', 'add']: UNSAT (0.081 seconds)
78.38/78.45	['index', 'index', 'add', 'sub']: UNSAT (0.081 seconds)
78.48/78.54	['index', 'index', 'sub', 'sub']: UNSAT (0.079 seconds)
78.58/78.62	['index', 'length', 'length', 'length']: UNSAT (0.049 seconds)
78.58/78.67	['index', 'length', 'length', 'substr']: UNSAT (0.070 seconds)
78.68/78.74	['index', 'length', 'length', 'add']: UNSAT (0.053 seconds)
78.68/78.79	['index', 'length', 'length', 'sub']: UNSAT (0.053 seconds)
78.78/78.84	['index', 'length', 'substr', 'substr']: UNSAT (0.125 seconds)
78.88/78.97	['index', 'length', 'substr', 'add']: UNSAT (0.079 seconds)
79.01/79.05	['index', 'length', 'substr', 'sub']: UNSAT (0.084 seconds)
79.01/79.13	['index', 'length', 'add', 'add']: UNSAT (0.063 seconds)
79.18/79.20	['index', 'length', 'add', 'sub']: UNSAT (0.063 seconds)
79.18/79.26	['index', 'length', 'sub', 'sub']: UNSAT (0.062 seconds)
79.28/79.33	['index', 'substr', 'substr', 'substr']: UNSAT (0.331 seconds)
79.58/79.66	['index', 'substr', 'substr', 'add']: UNSAT (0.134 seconds)
79.68/79.79	['index', 'substr', 'substr', 'sub']: UNSAT (0.125 seconds)
79.88/79.92	['index', 'substr', 'add', 'add']: UNSAT (0.099 seconds)
79.88/80.02	['index', 'substr', 'add', 'sub']: UNSAT (0.106 seconds)
80.00/80.12	['index', 'substr', 'sub', 'sub']: UNSAT (0.096 seconds)
80.18/80.22	['index', 'add', 'add', 'add']: UNSAT (0.077 seconds)
80.28/80.30	['index', 'add', 'add', 'sub']: UNSAT (0.077 seconds)
80.28/80.38	['index', 'add', 'sub', 'sub']: UNSAT (0.077 seconds)
80.38/80.46	['index', 'sub', 'sub', 'sub']: UNSAT (0.078 seconds)
80.48/80.53	['length', 'length', 'length', 'length']: UNSAT (0.037 seconds)
80.48/80.57	['length', 'length', 'length', 'substr']: UNSAT (0.048 seconds)
80.58/80.62	['length', 'length', 'length', 'add']: UNSAT (0.040 seconds)
80.58/80.66	['length', 'length', 'length', 'sub']: UNSAT (0.041 seconds)
80.68/80.70	['length', 'length', 'substr', 'substr']: UNSAT (0.113 seconds)
80.78/80.82	['length', 'length', 'substr', 'add']: UNSAT (0.063 seconds)
80.78/80.88	['length', 'length', 'substr', 'sub']: UNSAT (0.063 seconds)
80.88/80.94	['length', 'length', 'add', 'add']: UNSAT (0.049 seconds)
80.88/80.99	['length', 'length', 'add', 'sub']: UNSAT (0.052 seconds)
81.00/81.05	['length', 'length', 'sub', 'sub']: UNSAT (0.048 seconds)
81.00/81.10	['length', 'substr', 'substr', 'substr']: UNSAT (0.100 seconds)
81.18/81.20	['length', 'substr', 'substr', 'add']: UNSAT (0.078 seconds)
81.18/81.28	['length', 'substr', 'substr', 'sub']: UNSAT (0.077 seconds)
81.28/81.36	['length', 'substr', 'add', 'add']: UNSAT (0.065 seconds)
81.38/81.42	['length', 'substr', 'add', 'sub']: UNSAT (0.064 seconds)
81.38/81.49	['length', 'substr', 'sub', 'sub']: UNSAT (0.067 seconds)
81.48/81.55	['length', 'add', 'add', 'add']: UNSAT (0.055 seconds)
81.58/81.61	['length', 'add', 'add', 'sub']: UNSAT (0.056 seconds)
81.58/81.67	['length', 'add', 'sub', 'sub']: UNSAT (0.056 seconds)
81.68/81.72	['length', 'sub', 'sub', 'sub']: UNSAT (0.057 seconds)
81.68/81.78	['substr', 'substr', 'substr', 'substr']: UNSAT (0.098 seconds)
81.78/81.88	['substr', 'substr', 'substr', 'add']: UNSAT (0.092 seconds)
81.88/81.97	['substr', 'substr', 'substr', 'sub']: UNSAT (0.088 seconds)
82.01/82.06	['substr', 'substr', 'add', 'add']: UNSAT (0.078 seconds)
82.12/82.14	['substr', 'substr', 'add', 'sub']: UNSAT (0.078 seconds)
82.18/82.22	['substr', 'substr', 'sub', 'sub']: UNSAT (0.078 seconds)
82.28/82.30	['substr', 'add', 'add', 'add']: UNSAT (0.073 seconds)
82.28/82.37	['substr', 'add', 'add', 'sub']: UNSAT (0.072 seconds)
82.38/82.45	['substr', 'add', 'sub', 'sub']: UNSAT (0.072 seconds)
82.48/82.52	['substr', 'sub', 'sub', 'sub']: UNSAT (0.072 seconds)
82.48/82.59	['add', 'add', 'add', 'add']: UNSAT (0.070 seconds)
82.58/82.66	['add', 'add', 'add', 'sub']: UNSAT (0.069 seconds)
82.68/82.73	['add', 'add', 'sub', 'sub']: UNSAT (0.069 seconds)
82.78/82.80	['add', 'sub', 'sub', 'sub']: UNSAT (0.072 seconds)
82.78/82.87	['sub', 'sub', 'sub', 'sub']: UNSAT (0.070 seconds)
82.88/82.94	['concat', 'concat', 'concat', 'concat', 'concat']: UNSAT (10.141 seconds)
93.01/93.09	['concat', 'concat', 'concat', 'concat', 'index']: UNSAT (0.110 seconds)
93.19/93.20	['concat', 'concat', 'concat', 'concat', 'length']: UNSAT (0.093 seconds)
93.19/93.29	['concat', 'concat', 'concat', 'concat', 'substr']: UNKNOWN (285.694 seconds)
378.88/378.99	Reason: smt tactic failed to show goal to be sat/unsat max-conflicts-reached
378.88/378.99	Reason: smt tactic failed to show goal to be sat/unsat max-conflicts-reached
378.88/378.99	['concat', 'concat', 'concat', 'concat', 'add']: UNSAT (0.089 seconds)
379.00/379.08	['concat', 'concat', 'concat', 'concat', 'sub']: UNSAT (0.088 seconds)
379.12/379.17	['concat', 'concat', 'concat', 'index', 'index']: UNSAT (0.106 seconds)
379.17/379.27	['concat', 'concat', 'concat', 'index', 'length']: UNSAT (0.094 seconds)
379.27/379.37	['concat', 'concat', 'concat', 'index', 'substr']: UNKNOWN (140.362 seconds)
519.68/519.73	Reason: smt tactic failed to show goal to be sat/unsat max-conflicts-reached
519.68/519.73	Reason: smt tactic failed to show goal to be sat/unsat max-conflicts-reached
519.68/519.73	['concat', 'concat', 'concat', 'index', 'add']: UNSAT (0.096 seconds)
519.78/519.83	['concat', 'concat', 'concat', 'index', 'sub']: UNSAT (0.096 seconds)
519.87/519.93	['concat', 'concat', 'concat', 'length', 'length']: UNSAT (0.078 seconds)
519.87/520.00	['concat', 'concat', 'concat', 'length', 'substr']: 