0.14/0.19	=== Examples (../../dataset/examples/examples-92.json)
0.14/0.19	IO(inputs=('GEORGE',), output='George')
0.14/0.19	IO(inputs=('MAEBE',), output='Maebe')
0.14/0.19	=== Library
0.14/0.19	concat
0.14/0.19	index
0.14/0.19	length
0.14/0.19	substr
0.14/0.19	add
0.14/0.19	sub
0.14/0.19	=== Synthesis
0.14/0.19	['concat']: UNSAT (0.026 seconds)
0.14/0.22	['index']: UNSAT (0.025 seconds)
0.14/0.24	['length']: UNSAT (0.020 seconds)
0.14/0.27	['substr']: UNSAT (0.037 seconds)
0.14/0.30	['add']: UNSAT (0.029 seconds)
0.30/0.33	['sub']: UNSAT (0.022 seconds)
0.30/0.36	['concat', 'concat']: UNSAT (0.044 seconds)
0.39/0.40	['concat', 'index']: UNSAT (0.041 seconds)
0.39/0.44	['concat', 'length']: UNSAT (0.032 seconds)
0.39/0.48	['concat', 'substr']: UNSAT (0.061 seconds)
0.48/0.54	['concat', 'add']: UNSAT (0.033 seconds)
0.48/0.57	['concat', 'sub']: UNSAT (0.025 seconds)
0.57/0.60	['index', 'index']: UNSAT (0.033 seconds)
0.57/0.63	['index', 'length']: UNSAT (0.024 seconds)
0.63/0.66	['index', 'substr']: UNSAT (0.035 seconds)
0.63/0.69	['index', 'add']: UNSAT (0.028 seconds)
0.70/0.72	['index', 'sub']: UNSAT (0.031 seconds)
0.70/0.75	['length', 'length']: UNSAT (0.022 seconds)
0.70/0.77	['length', 'substr']: UNSAT (0.030 seconds)
0.80/0.80	['length', 'add']: UNSAT (0.023 seconds)
0.80/0.83	['length', 'sub']: UNSAT (0.025 seconds)
0.80/0.85	['substr', 'substr']: UNSAT (0.038 seconds)
0.80/0.89	['substr', 'add']: UNSAT (0.031 seconds)
0.90/0.93	['substr', 'sub']: UNSAT (0.033 seconds)
0.90/0.96	['add', 'add']: UNSAT (0.028 seconds)
0.90/0.99	['add', 'sub']: UNSAT (0.028 seconds)
0.90/1.02	['sub', 'sub']: UNSAT (0.029 seconds)
1.03/1.05	['concat', 'concat', 'concat']: UNSAT (0.123 seconds)
1.13/1.17	['concat', 'concat', 'index']: UNSAT (0.046 seconds)
1.20/1.22	['concat', 'concat', 'length']: UNSAT (0.039 seconds)
1.20/1.25	['concat', 'concat', 'substr']: UNSAT (1.073 seconds)
2.29/2.33	['concat', 'concat', 'add']: UNSAT (0.042 seconds)
2.29/2.37	['concat', 'concat', 'sub']: UNSAT (0.042 seconds)
2.39/2.41	['concat', 'index', 'index']: UNSAT (0.055 seconds)
2.39/2.47	['concat', 'index', 'length']: UNSAT (0.038 seconds)
2.49/2.51	['concat', 'index', 'substr']: UNSAT (0.509 seconds)
2.89/3.02	['concat', 'index', 'add']: UNSAT (0.043 seconds)
3.03/3.06	['concat', 'index', 'sub']: UNSAT (0.044 seconds)
3.03/3.11	['concat', 'length', 'length']: UNSAT (0.031 seconds)
3.03/3.14	['concat', 'length', 'substr']: UNSAT (0.210 seconds)
3.29/3.35	['concat', 'length', 'add']: UNSAT (0.051 seconds)
3.29/3.40	['concat', 'length', 'sub']: UNSAT (0.033 seconds)
3.39/3.43	['concat', 'substr', 'substr']: UNSAT (0.110 seconds)
3.49/3.54	['concat', 'substr', 'add']: UNSAT (0.137 seconds)
3.59/3.68	['concat', 'substr', 'sub']: UNSAT (0.065 seconds)
3.69/3.75	['concat', 'add', 'add']: UNSAT (0.037 seconds)
3.69/3.79	['concat', 'add', 'sub']: UNSAT (0.041 seconds)
3.79/3.83	['concat', 'sub', 'sub']: UNSAT (0.041 seconds)
3.79/3.87	['index', 'index', 'index']: UNSAT (0.053 seconds)
3.89/3.92	['index', 'index', 'length']: UNSAT (0.042 seconds)
3.89/3.97	['index', 'index', 'substr']: UNSAT (0.087 seconds)
4.03/4.05	['index', 'index', 'add']: UNSAT (0.050 seconds)
4.03/4.10	['index', 'index', 'sub']: UNSAT (0.048 seconds)
4.13/4.15	['index', 'length', 'length']: UNSAT (0.034 seconds)
4.13/4.19	['index', 'length', 'substr']: UNSAT (0.055 seconds)
4.19/4.24	['index', 'length', 'add']: UNSAT (0.041 seconds)
4.19/4.28	['index', 'length', 'sub']: UNSAT (0.038 seconds)
4.29/4.32	['index', 'substr', 'substr']: UNSAT (0.077 seconds)
4.29/4.40	['index', 'substr', 'add']: UNSAT (0.059 seconds)
4.39/4.46	['index', 'substr', 'sub']: UNSAT (0.056 seconds)
4.49/4.52	['index', 'add', 'add']: UNSAT (0.050 seconds)
4.49/4.57	['index', 'add', 'sub']: UNSAT (0.044 seconds)
4.59/4.61	['index', 'sub', 'sub']: UNSAT (0.047 seconds)
4.59/4.66	['length', 'length', 'length']: UNSAT (0.025 seconds)
4.59/4.69	['length', 'length', 'substr']: UNSAT (0.034 seconds)
4.69/4.72	['length', 'length', 'add']: UNSAT (0.031 seconds)
4.69/4.75	['length', 'length', 'sub']: UNSAT (0.028 seconds)
4.69/4.78	['length', 'substr', 'substr']: UNSAT (0.055 seconds)
4.79/4.84	['length', 'substr', 'add']: UNSAT (0.046 seconds)
4.79/4.88	['length', 'substr', 'sub']: UNSAT (0.058 seconds)
4.89/4.94	['length', 'add', 'add']: UNSAT (0.039 seconds)
4.89/4.98	['length', 'add', 'sub']: UNSAT (0.036 seconds)
4.89/5.02	['length', 'sub', 'sub']: UNSAT (0.036 seconds)
5.03/5.05	['substr', 'substr', 'substr']: UNSAT (0.062 seconds)
5.03/5.12	['substr', 'substr', 'add']: UNSAT (0.050 seconds)
5.13/5.17	['substr', 'substr', 'sub']: UNSAT (0.056 seconds)
5.19/5.22	['substr', 'add', 'add']: UNSAT (0.048 seconds)
5.19/5.27	['substr', 'add', 'sub']: UNSAT (0.050 seconds)
5.29/5.32	['substr', 'sub', 'sub']: UNSAT (0.046 seconds)
5.29/5.37	['add', 'add', 'add']: UNSAT (0.047 seconds)
5.39/5.42	['add', 'add', 'sub']: UNSAT (0.041 seconds)
5.39/5.46	['add', 'sub', 'sub']: UNSAT (0.045 seconds)
5.49/5.50	['sub', 'sub', 'sub']: UNSAT (0.042 seconds)
5.49/5.55	['concat', 'concat', 'concat', 'concat']: UNSAT (4.351 seconds)
9.80/9.90	['concat', 'concat', 'concat', 'index']: UNSAT (0.071 seconds)
9.90/9.97	['concat', 'concat', 'concat', 'length']: UNSAT (0.063 seconds)
9.90/10.03	['concat', 'concat', 'concat', 'substr']: UNSAT (74.453 seconds)
84.40/84.49	['concat', 'concat', 'concat', 'add']: UNSAT (0.056 seconds)
84.50/84.55	['concat', 'concat', 'concat', 'sub']: UNSAT (0.061 seconds)
84.60/84.61	['concat', 'concat', 'index', 'index']: UNSAT (0.072 seconds)
84.60/84.68	['concat', 'concat', 'index', 'length']: UNSAT (0.059 seconds)
84.70/84.74	['concat', 'concat', 'index', 'substr']: UNSAT (8.839 seconds)
93.50/93.58	['concat', 'concat', 'index', 'add']: UNSAT (0.063 seconds)
93.59/93.64	['concat', 'concat', 'index', 'sub']: UNSAT (0.061 seconds)
93.59/93.70	['concat', 'concat', 'length', 'length']: UNSAT (0.046 seconds)
93.69/93.75	['concat', 'concat', 'length', 'substr']: UNSAT (4.336 seconds)
98.03/98.09	['concat', 'concat', 'length', 'add']: UNSAT (0.047 seconds)
98.03/98.13	['concat', 'concat', 'length', 'sub']: UNSAT (0.046 seconds)
98.13/98.18	['concat', 'concat', 'substr', 'substr']: UNSAT (7.264 seconds)
105.40/105.45	['concat', 'concat', 'substr', 'add']: UNSAT (1.536 seconds)
106.90/106.98	['concat', 'concat', 'substr', 'sub']: UNSAT (0.596 seconds)
107.50/107.58	['concat', 'concat', 'add', 'add']: UNSAT (0.055 seconds)
107.60/107.64	['concat', 'concat', 'add', 'sub']: UNSAT (0.058 seconds)
107.60/107.69	['concat', 'concat', 'sub', 'sub']: UNSAT (0.056 seconds)
107.70/107.75	['concat', 'index', 'index', 'index']: UNSAT (0.080 seconds)
107.80/107.83	['concat', 'index', 'index', 'length']: UNSAT (0.067 seconds)
107.80/107.90	['concat', 'index', 'index', 'substr']: UNSAT (2.202 seconds)
110.04/110.10	['concat', 'index', 'index', 'add']: UNSAT (0.071 seconds)
110.14/110.18	['concat', 'index', 'index', 'sub']: UNSAT (0.070 seconds)
110.20/110.25	['concat', 'index', 'length', 'length']: UNSAT (0.057 seconds)
110.20/110.30	['concat', 'index', 'length', 'substr']: UNSAT (0.695 seconds)
110.90/111.00	['concat', 'index', 'length', 'add']: UNSAT (0.057 seconds)
111.04/111.06	['concat', 'index', 'length', 'sub']: UNSAT (0.056 seconds)
111.04/111.12	['concat', 'index', 'substr', 'substr']: UNSAT (2.091 seconds)
113.20/113.21	['concat', 'index', 'substr', 'add']: UNSAT (1.594 seconds)
114.70/114.80	['concat', 'index', 'substr', 'sub']: UNSAT (1.318 seconds)
116.03/116.12	['concat', 'index', 'add', 'add']: UNSAT (0.064 seconds)
116.13/116.19	['concat', 'index', 'add', 'sub']: UNSAT (0.064 seconds)
116.20/116.25	['concat', 'index', 'sub', 'sub']: UNSAT (0.063 seconds)
116.30/116.31	['concat', 'length', 'length', 'length']: UNSAT (0.041 seconds)
116.30/116.36	['concat', 'length', 'length', 'substr']: UNSAT (0.223 seconds)
116.50/116.58	['concat', 'length', 'length', 'add']: UNSAT (0.043 seconds)
116.60/116.62	['concat', 'length', 'length', 'sub']: UNSAT (0.044 seconds)
116.60/116.67	['concat', 'length', 'substr', 'substr']: UNSAT (1.925 seconds)
118.50/118.60	['concat', 'length', 'substr', 'add']: UNSAT (0.419 seconds)
118.89/119.02	['concat', 'length', 'substr', 'sub']: UNSAT (0.424 seconds)
119.39/119.44	['concat', 'length', 'add', 'add']: UNSAT (0.050 seconds)
119.39/119.49	['concat', 'length', 'add', 'sub']: UNSAT (0.050 seconds)
119.49/119.54	['concat', 'length', 'sub', 'sub']: UNSAT (0.049 seconds)
119.49/119.59	['concat', 'substr', 'substr', 'substr']: UNSAT (0.587 seconds)
120.13/120.18	['concat', 'substr', 'substr', 'add']: UNSAT (0.617 seconds)
120.69/120.80	['concat', 'substr', 'substr', 'sub']: UNSAT (0.667 seconds)
121.39/121.47	['concat', 'substr', 'add', 'add']: UNSAT (0.407 seconds)
121.79/121.87	['concat', 'substr', 'add', 'sub']: UNSAT (0.269 seconds)
122.13/122.15	['concat', 'substr', 'sub', 'sub']: UNSAT (0.199 seconds)
122.29/122.34	['concat', 'add', 'add', 'add']: UNSAT (0.060 seconds)
122.39/122.41	['concat', 'add', 'add', 'sub']: UNSAT (0.060 seconds)
122.39/122.47	['concat', 'add', 'sub', 'sub']: UNSAT (0.060 seconds)
122.49/122.53	['concat', 'sub', 'sub', 'sub']: UNSAT (0.060 seconds)
122.49/122.59	['index', 'index', 'index', 'index']: UNSAT (0.083 seconds)
122.59/122.67	['index', 'index', 'index', 'length']: UNSAT (0.069 seconds)
122.69/122.74	['index', 'index', 'index', 'substr']: UNSAT (0.101 seconds)
122.79/122.84	['index', 'index', 'index', 'add']: UNSAT (0.078 seconds)
122.89/122.92	['index', 'index', 'index', 'sub']: UNSAT (0.078 seconds)
122.89/123.00	['index', 'index', 'length', 'length']: UNSAT (0.058 seconds)
123.03/123.06	['index', 'index', 'length', 'substr']: UNSAT (0.078 seconds)
123.03/123.14	['index', 'index', 'length', 'add']: UNSAT (0.063 seconds)
123.13/123.20	['index', 'index', 'length', 'sub']: UNSAT (0.062 seconds)
123.19/123.27	['index', 'index', 'substr', 'substr']: UNSAT (0.384 seconds)
123.59/123.65	['index', 'index', 'substr', 'add']: UNSAT (0.114 seconds)
123.69/123.77	['index', 'index', 'substr', 'sub']: UNSAT (0.168 seconds)
123.89/123.94	['index', 'index', 'add', 'add']: UNSAT (0.074 seconds)
123.89/124.01	['index', 'index', 'add', 'sub']: UNSAT (0.074 seconds)
124.03/124.09	['index', 'index', 'sub', 'sub']: UNSAT (0.076 seconds)
124.13/124.16	['index', 'length', 'length', 'length']: UNSAT (0.047 seconds)
124.19/124.21	['index', 'length', 'length', 'substr']: UNSAT (0.062 seconds)
124.19/124.27	['index', 'length', 'length', 'add']: UNSAT (0.048 seconds)
124.29/124.32	['index', 'length', 'length', 'sub']: UNSAT (0.048 seconds)
124.29/124.37	['index', 'length', 'substr', 'substr']: UNSAT (0.129 seconds)
124.39/124.50	['index', 'length', 'substr', 'add']: UNSAT (0.080 seconds)
124.49/124.58	['index', 'length', 'substr', 'sub']: UNSAT (0.075 seconds)
124.59/124.66	['index', 'length', 'add', 'add']: UNSAT (0.057 seconds)
124.69/124.72	['index', 'length', 'add', 'sub']: UNSAT (0.058 seconds)
124.69/124.78	['index', 'length', 'sub', 'sub']: UNSAT (0.057 seconds)
124.79/124.83	['index', 'substr', 'substr', 'substr']: UNSAT (0.194 seconds)
124.89/125.03	['index', 'substr', 'substr', 'add']: UNSAT (0.111 seconds)
125.03/125.14	['index', 'substr', 'substr', 'sub']: UNSAT (0.120 seconds)
125.19/125.26	['index', 'substr', 'add', 'add']: UNSAT (0.088 seconds)
125.29/125.35	['index', 'substr', 'add', 'sub']: UNSAT (0.096 seconds)
125.39/125.45	['index', 'substr', 'sub', 'sub']: UNSAT (0.098 seconds)
125.49/125.55	['index', 'add', 'add', 'add']: UNSAT (0.074 seconds)
125.59/125.62	['index', 'add', 'add', 'sub']: UNSAT (0.072 seconds)
125.59/125.70	['index', 'add', 'sub', 'sub']: UNSAT (0.071 seconds)
125.69/125.77	['index', 'sub', 'sub', 'sub']: UNSAT (0.072 seconds)
125.79/125.84	['length', 'length', 'length', 'length']: UNSAT (0.035 seconds)
125.79/125.88	['length', 'length', 'length', 'substr']: UNSAT (0.045 seconds)
125.89/125.92	['length', 'length', 'length', 'add']: UNSAT (0.038 seconds)
125.89/125.96	['length', 'length', 'length', 'sub']: UNSAT (0.037 seconds)
125.89/126.00	['length', 'length', 'substr', 'substr']: UNSAT (0.077 seconds)
126.02/126.08	['length', 'length', 'substr', 'add']: UNSAT (0.060 seconds)
126.12/126.14	['length', 'length', 'substr', 'sub']: UNSAT (0.058 seconds)
126.12/126.20	['length', 'length', 'add', 'add']: UNSAT (0.045 seconds)
126.19/126.24	['length', 'length', 'add', 'sub']: UNSAT (0.047 seconds)
126.19/126.29	['length', 'length', 'sub', 'sub']: UNSAT (0.044 seconds)
126.29/126.34	['length', 'substr', 'substr', 'substr']: UNSAT (0.126 seconds)
126.39/126.46	['length', 'substr', 'substr', 'add']: UNSAT (0.084 seconds)
126.49/126.55	['length', 'substr', 'substr', 'sub']: UNSAT (0.107 seconds)
126.59/126.65	['length', 'substr', 'add', 'add']: UNSAT (0.066 seconds)
126.69/126.72	['length', 'substr', 'add', 'sub']: UNSAT (0.068 seconds)
126.69/126.79	['length', 'substr', 'sub', 'sub']: UNSAT (0.070 seconds)
126.79/126.86	['length', 'add', 'add', 'add']: UNSAT (0.056 seconds)
126.89/126.92	['length', 'add', 'add', 'sub']: UNSAT (0.057 seconds)
126.89/126.98	['length', 'add', 'sub', 'sub']: UNSAT (0.056 seconds)
126.89/127.03	['length', 'sub', 'sub', 'sub']: UNSAT (0.057 seconds)
127.02/127.09	['substr', 'substr', 'substr', 'substr']: UNSAT (0.117 seconds)
127.19/127.21	['substr', 'substr', 'substr', 'add']: UNSAT (0.090 seconds)
127.19/127.30	['substr', 'substr', 'substr', 'sub']: UNSAT (0.092 seconds)
127.29/127.39	['substr', 'substr', 'add', 'add']: UNSAT (0.090 seconds)
127.39/127.48	['substr', 'substr', 'add', 'sub']: UNSAT (0.079 seconds)
127.49/127.56	['substr', 'substr', 'sub', 'sub']: UNSAT (0.083 seconds)
127.59/127.65	['substr', 'add', 'add', 'add']: UNSAT (0.072 seconds)
127.69/127.72	['substr', 'add', 'add', 'sub']: UNSAT (0.071 seconds)
127.69/127.79	['substr', 'add', 'sub', 'sub']: UNSAT (0.070 seconds)
127.79/127.86	['substr', 'sub', 'sub', 'sub']: UNSAT (0.073 seconds)
127.89/127.94	['add', 'add', 'add', 'add']: UNSAT (0.066 seconds)
127.89/128.00	['add', 'add', 'add', 'sub']: UNSAT (0.067 seconds)
128.03/128.07	['add', 'add', 'sub', 'sub']: UNSAT (0.066 seconds)
128.03/128.14	['add', 'sub', 'sub', 'sub']: UNSAT (0.070 seconds)
128.19/128.21	['sub', 'sub', 'sub', 'sub']: UNSAT (0.069 seconds)
128.19/128.28	['concat', 'concat', 'concat', 'concat', 'concat']: UNKNOWN (341.865 seconds)
469.97/470.15	Reason: smt tactic failed to show goal to be sat/unsat max-conflicts-reached
469.97/470.15	Reason: smt tactic failed to show goal to be sat/unsat max-conflicts-reached
469.97/470.15	['concat', 'concat', 'concat', 'concat', 'index']: UNSAT (0.101 seconds)
470.12/470.25	['concat', 'concat', 'concat', 'concat', 'length']: UNSAT (0.083 seconds)
470.22/470.33	['concat', 'concat', 'concat', 'concat', 'substr']: 