0.14/0.19	=== Examples (../../dataset/examples/examples-52.json)
0.14/0.19	IO(inputs=('hello  ',), output='HELLO')
0.14/0.19	IO(inputs=('how are you today?  ',), output='HOW ARE YOU TODAY?')
0.14/0.19	=== Library
0.14/0.19	concat
0.14/0.19	index
0.14/0.19	length
0.14/0.19	substr
0.14/0.19	add
0.14/0.19	sub
0.14/0.19	=== Synthesis
0.14/0.19	['concat']: UNSAT (0.023 seconds)
0.14/0.21	['index']: UNSAT (0.022 seconds)
0.14/0.23	['length']: UNSAT (0.016 seconds)
0.14/0.25	['substr']: UNSAT (0.023 seconds)
0.26/0.27	['add']: UNSAT (0.020 seconds)
0.26/0.29	['sub']: UNSAT (0.019 seconds)
0.26/0.31	['concat', 'concat']: UNSAT (0.035 seconds)
0.26/0.35	['concat', 'index']: UNSAT (0.034 seconds)
0.36/0.38	['concat', 'length']: UNSAT (0.025 seconds)
0.36/0.41	['concat', 'substr']: UNSAT (0.057 seconds)
0.36/0.47	['concat', 'add']: UNSAT (0.028 seconds)
0.36/0.50	['concat', 'sub']: UNSAT (0.027 seconds)
0.50/0.53	['index', 'index']: UNSAT (0.035 seconds)
0.50/0.56	['index', 'length']: UNSAT (0.028 seconds)
0.50/0.59	['index', 'substr']: UNSAT (0.096 seconds)
0.63/0.69	['index', 'add']: UNSAT (0.033 seconds)
0.69/0.72	['index', 'sub']: UNSAT (0.032 seconds)
0.69/0.75	['length', 'length']: UNSAT (0.022 seconds)
0.69/0.78	['length', 'substr']: UNSAT (0.034 seconds)
0.79/0.81	['length', 'add']: UNSAT (0.023 seconds)
0.79/0.83	['length', 'sub']: UNSAT (0.024 seconds)
0.79/0.86	['substr', 'substr']: UNSAT (0.040 seconds)
0.89/0.90	['substr', 'add']: UNSAT (0.034 seconds)
0.89/0.93	['substr', 'sub']: UNSAT (0.034 seconds)
0.89/0.97	['add', 'add']: UNSAT (0.031 seconds)
0.89/1.00	['add', 'sub']: UNSAT (0.031 seconds)
0.89/1.03	['sub', 'sub']: UNSAT (0.029 seconds)
1.03/1.06	['concat', 'concat', 'concat']: UNSAT (0.157 seconds)
1.19/1.22	['concat', 'concat', 'index']: UNSAT (0.052 seconds)
1.19/1.27	['concat', 'concat', 'length']: UNSAT (0.043 seconds)
1.29/1.32	['concat', 'concat', 'substr']: UNSAT (0.244 seconds)
1.48/1.56	['concat', 'concat', 'add']: UNSAT (0.040 seconds)
1.58/1.60	['concat', 'concat', 'sub']: UNSAT (0.044 seconds)
1.58/1.65	['concat', 'index', 'index']: UNSAT (0.054 seconds)
1.68/1.70	['concat', 'index', 'length']: UNSAT (0.042 seconds)
1.68/1.75	['concat', 'index', 'substr']: UNSAT (0.999 seconds)
2.68/2.75	['concat', 'index', 'add']: UNSAT (0.046 seconds)
2.68/2.79	['concat', 'index', 'sub']: UNSAT (0.048 seconds)
2.78/2.84	['concat', 'length', 'length']: UNSAT (0.032 seconds)
2.78/2.87	['concat', 'length', 'substr']: UNSAT (0.290 seconds)
3.12/3.16	['concat', 'length', 'add']: UNSAT (0.036 seconds)
3.18/3.20	['concat', 'length', 'sub']: UNSAT (0.037 seconds)
3.18/3.24	['concat', 'substr', 'substr']: UNSAT (0.139 seconds)
3.28/3.38	['concat', 'substr', 'add']: UNSAT (0.076 seconds)
3.38/3.46	['concat', 'substr', 'sub']: UNSAT (0.065 seconds)
3.48/3.52	['concat', 'add', 'add']: UNSAT (0.040 seconds)
3.48/3.56	['concat', 'add', 'sub']: UNSAT (0.040 seconds)
3.58/3.60	['concat', 'sub', 'sub']: UNSAT (0.040 seconds)
3.58/3.64	['index', 'index', 'index']: UNSAT (0.057 seconds)
3.68/3.70	['index', 'index', 'length']: UNSAT (0.043 seconds)
3.68/3.75	['index', 'index', 'substr']: UNSAT (0.167 seconds)
3.89/3.91	['index', 'index', 'add']: UNSAT (0.049 seconds)
3.89/3.96	['index', 'index', 'sub']: UNSAT (0.053 seconds)
3.89/4.02	['index', 'length', 'length']: UNSAT (0.035 seconds)
4.03/4.05	['index', 'length', 'substr']: UNSAT (0.096 seconds)
4.13/4.15	['index', 'length', 'add']: UNSAT (0.040 seconds)
4.13/4.19	['index', 'length', 'sub']: UNSAT (0.040 seconds)
4.19/4.23	['index', 'substr', 'substr']: UNSAT (0.205 seconds)
4.39/4.44	['index', 'substr', 'add']: UNSAT (0.114 seconds)
4.49/4.55	['index', 'substr', 'sub']: UNSAT (0.105 seconds)
4.59/4.66	['index', 'add', 'add']: UNSAT (0.048 seconds)
4.69/4.71	['index', 'add', 'sub']: UNSAT (0.047 seconds)
4.69/4.75	['index', 'sub', 'sub']: UNSAT (0.047 seconds)
4.79/4.80	['length', 'length', 'length']: UNSAT (0.027 seconds)
4.79/4.83	['length', 'length', 'substr']: UNSAT (0.043 seconds)
4.79/4.88	['length', 'length', 'add']: UNSAT (0.031 seconds)
4.89/4.91	['length', 'length', 'sub']: UNSAT (0.034 seconds)
4.89/4.94	['length', 'substr', 'substr']: UNSAT (0.110 seconds)
5.03/5.05	['length', 'substr', 'add']: UNSAT (0.064 seconds)
5.03/5.12	['length', 'substr', 'sub']: UNSAT (0.059 seconds)
5.13/5.18	['length', 'add', 'add']: UNSAT (0.040 seconds)
5.19/5.22	['length', 'add', 'sub']: UNSAT (0.037 seconds)
5.19/5.26	['length', 'sub', 'sub']: UNSAT (0.042 seconds)
5.29/5.30	['substr', 'substr', 'substr']: UNSAT (0.080 seconds)
5.29/5.38	['substr', 'substr', 'add']: UNSAT (0.065 seconds)
5.39/5.45	['substr', 'substr', 'sub']: UNSAT (0.068 seconds)
5.49/5.51	['substr', 'add', 'add']: UNSAT (0.067 seconds)
5.49/5.58	['substr', 'add', 'sub']: UNSAT (0.068 seconds)
5.59/5.65	['substr', 'sub', 'sub']: UNSAT (0.064 seconds)
5.69/5.72	['add', 'add', 'add']: UNSAT (0.046 seconds)
5.69/5.76	['add', 'add', 'sub']: UNSAT (0.047 seconds)
5.79/5.81	['add', 'sub', 'sub']: UNSAT (0.046 seconds)
5.79/5.86	['sub', 'sub', 'sub']: UNSAT (0.047 seconds)
5.89/5.91	['concat', 'concat', 'concat', 'concat']: UNSAT (0.308 seconds)
6.19/6.21	['concat', 'concat', 'concat', 'index']: UNSAT (0.073 seconds)
6.19/6.29	['concat', 'concat', 'concat', 'length']: UNSAT (0.087 seconds)
6.29/6.38	['concat', 'concat', 'concat', 'substr']: UNSAT (73.287 seconds)
79.59/79.67	['concat', 'concat', 'concat', 'add']: UNSAT (0.061 seconds)
79.69/79.73	['concat', 'concat', 'concat', 'sub']: UNSAT (0.061 seconds)
79.69/79.79	['concat', 'concat', 'index', 'index']: UNSAT (0.075 seconds)
79.78/79.87	['concat', 'concat', 'index', 'length']: UNSAT (0.061 seconds)
79.88/79.93	['concat', 'concat', 'index', 'substr']: UNSAT (14.424 seconds)
94.28/94.35	['concat', 'concat', 'index', 'add']: UNSAT (0.063 seconds)
94.39/94.42	['concat', 'concat', 'index', 'sub']: UNSAT (0.064 seconds)
94.39/94.48	['concat', 'concat', 'length', 'length']: UNSAT (0.050 seconds)
94.49/94.53	['concat', 'concat', 'length', 'substr']: UNSAT (3.534 seconds)
98.03/98.07	['concat', 'concat', 'length', 'add']: UNSAT (0.051 seconds)
98.03/98.12	['concat', 'concat', 'length', 'sub']: UNSAT (0.051 seconds)
98.13/98.17	['concat', 'concat', 'substr', 'substr']: UNSAT (4.141 seconds)
102.29/102.31	['concat', 'concat', 'substr', 'add']: UNSAT (1.510 seconds)
103.79/103.82	['concat', 'concat', 'substr', 'sub']: UNSAT (0.260 seconds)
104.03/104.08	['concat', 'concat', 'add', 'add']: UNSAT (0.056 seconds)
104.13/104.14	['concat', 'concat', 'add', 'sub']: UNSAT (0.055 seconds)
104.19/104.20	['concat', 'concat', 'sub', 'sub']: UNSAT (0.056 seconds)
104.19/104.25	['concat', 'index', 'index', 'index']: UNSAT (0.078 seconds)
104.29/104.33	['concat', 'index', 'index', 'length']: UNSAT (0.065 seconds)
104.39/104.40	['concat', 'index', 'index', 'substr']: 