0.13/0.20	=== Examples (../../dataset/examples/examples-18.json)
0.13/0.20	IO(inputs=('Lorem ipsum dolor sit amet cras amet.',), output='Lorem ipsum dolor sit amet cra...')
0.13/0.20	IO(inputs=('Maecenas non lorem suscipit, pharetra mi sed.',), output='Maecenas non lorem suscipit, p...')
0.13/0.20	=== Library
0.13/0.20	concat
0.13/0.20	index
0.13/0.20	length
0.13/0.20	substr
0.13/0.20	add
0.13/0.20	sub
0.13/0.20	=== Synthesis
0.13/0.20	['concat']: UNSAT (0.028 seconds)
0.13/0.23	['index']: UNSAT (0.026 seconds)
0.13/0.26	['length']: UNSAT (0.019 seconds)
0.13/0.28	['substr']: UNSAT (0.029 seconds)
0.27/0.31	['add']: UNSAT (0.023 seconds)
0.27/0.33	['sub']: UNSAT (0.023 seconds)
0.27/0.36	['concat', 'concat']: UNSAT (0.048 seconds)
0.37/0.41	['concat', 'index']: UNSAT (0.043 seconds)
0.37/0.45	['concat', 'length']: UNSAT (0.034 seconds)
0.37/0.48	['concat', 'substr']: UNSAT (0.170 seconds)
0.63/0.66	['concat', 'add']: UNSAT (0.027 seconds)
0.63/0.68	['concat', 'sub']: UNSAT (0.028 seconds)
0.69/0.71	['index', 'index']: UNSAT (0.036 seconds)
0.69/0.75	['index', 'length']: UNSAT (0.026 seconds)
0.69/0.78	['index', 'substr']: UNSAT (0.134 seconds)
0.89/0.91	['index', 'add']: UNSAT (0.031 seconds)
0.89/0.94	['index', 'sub']: UNSAT (0.031 seconds)
0.89/0.97	['length', 'length']: UNSAT (0.020 seconds)
0.89/0.99	['length', 'substr']: UNSAT (0.069 seconds)
1.03/1.06	['length', 'add']: UNSAT (0.023 seconds)
1.03/1.09	['length', 'sub']: UNSAT (0.023 seconds)
1.03/1.11	['substr', 'substr']: UNSAT (0.045 seconds)
1.13/1.16	['substr', 'add']: UNSAT (0.037 seconds)
1.13/1.19	['substr', 'sub']: UNSAT (0.058 seconds)
1.19/1.25	['add', 'add']: UNSAT (0.030 seconds)
1.19/1.28	['add', 'sub']: UNSAT (0.030 seconds)
1.29/1.31	['sub', 'sub']: UNSAT (0.030 seconds)
1.29/1.35	['concat', 'concat', 'concat']: UNSAT (0.319 seconds)
1.59/1.67	['concat', 'concat', 'index']: UNSAT (0.052 seconds)
1.69/1.72	['concat', 'concat', 'length']: UNSAT (0.041 seconds)
1.69/1.76	['concat', 'concat', 'substr']: UNSAT (4.229 seconds)
5.89/5.99	['concat', 'concat', 'add']: UNSAT (0.044 seconds)
5.89/6.04	['concat', 'concat', 'sub']: UNSAT (0.038 seconds)
6.03/6.07	['concat', 'index', 'index']: UNSAT (0.055 seconds)
6.03/6.13	['concat', 'index', 'length']: UNSAT (0.041 seconds)
6.13/6.17	['concat', 'index', 'substr']: UNSAT (7.680 seconds)
13.79/13.85	['concat', 'index', 'add']: UNSAT (0.045 seconds)
13.89/13.90	['concat', 'index', 'sub']: UNSAT (0.045 seconds)
13.89/13.94	['concat', 'length', 'length']: UNSAT (0.032 seconds)
13.89/13.98	['concat', 'length', 'substr']: UNSAT (0.301 seconds)
14.19/14.28	['concat', 'length', 'add']: UNSAT (0.033 seconds)
14.29/14.31	['concat', 'length', 'sub']: UNSAT (0.034 seconds)
14.29/14.35	['concat', 'substr', 'substr']: UNSAT (0.144 seconds)
14.39/14.49	['concat', 'substr', 'add']: UNSAT (0.092 seconds)
14.49/14.58	['concat', 'substr', 'sub']: SAT (0.177 seconds)
14.69/14.76	concat(substr(arg0, sub(30, 30), 30), '...')
