0.10/0.18	=== Examples (../../dataset/examples/examples-45.json)
0.10/0.18	IO(inputs=('Make it two weeks',), output='make it two wks')
0.10/0.18	IO(inputs=('Weeks 2 and 3',), output='wks 2 and 3')
0.10/0.18	=== Library
0.10/0.18	concat
0.10/0.18	index
0.10/0.18	length
0.10/0.18	substr
0.10/0.18	add
0.10/0.18	sub
0.10/0.18	=== Synthesis
0.10/0.18	['concat']: UNSAT (0.021 seconds)
0.10/0.20	['index']: UNSAT (0.020 seconds)
0.10/0.22	['length']: UNSAT (0.015 seconds)
0.10/0.23	['substr']: UNSAT (0.022 seconds)
0.10/0.26	['add']: UNSAT (0.018 seconds)
0.10/0.27	['sub']: UNSAT (0.017 seconds)
0.25/0.29	['concat', 'concat']: UNSAT (0.034 seconds)
0.25/0.33	['concat', 'index']: UNSAT (0.032 seconds)
0.25/0.36	['concat', 'length']: UNSAT (0.026 seconds)
0.25/0.39	['concat', 'substr']: UNSAT (0.060 seconds)
0.36/0.45	['concat', 'add']: UNSAT (0.027 seconds)
0.36/0.48	['concat', 'sub']: UNSAT (0.028 seconds)
0.36/0.50	['index', 'index']: UNSAT (0.037 seconds)
0.36/0.54	['index', 'length']: UNSAT (0.028 seconds)
0.36/0.57	['index', 'substr']: UNSAT (0.093 seconds)
0.62/0.66	['index', 'add']: UNSAT (0.033 seconds)
0.69/0.70	['index', 'sub']: UNSAT (0.034 seconds)
0.69/0.73	['length', 'length']: UNSAT (0.020 seconds)
0.69/0.75	['length', 'substr']: UNSAT (0.035 seconds)
0.69/0.79	['length', 'add']: UNSAT (0.023 seconds)
0.79/0.81	['length', 'sub']: UNSAT (0.023 seconds)
0.79/0.84	['substr', 'substr']: UNSAT (0.038 seconds)
0.79/0.87	['substr', 'add']: UNSAT (0.034 seconds)
0.89/0.91	['substr', 'sub']: UNSAT (0.034 seconds)
0.89/0.94	['add', 'add']: UNSAT (0.029 seconds)
0.89/0.97	['add', 'sub']: UNSAT (0.028 seconds)
0.89/1.00	['sub', 'sub']: UNSAT (0.031 seconds)
0.89/1.03	['concat', 'concat', 'concat']: UNSAT (0.153 seconds)
1.13/1.19	['concat', 'concat', 'index']: UNSAT (0.049 seconds)
1.18/1.24	['concat', 'concat', 'length']: UNSAT (0.039 seconds)
1.18/1.28	['concat', 'concat', 'substr']: UNSAT (0.682 seconds)
1.88/1.96	['concat', 'concat', 'add']: UNSAT (0.040 seconds)
1.88/2.00	['concat', 'concat', 'sub']: UNSAT (0.040 seconds)
2.00/2.04	['concat', 'index', 'index']: UNSAT (0.053 seconds)
2.00/2.09	['concat', 'index', 'length']: UNSAT (0.041 seconds)
2.00/2.14	['concat', 'index', 'substr']: UNSAT (0.874 seconds)
2.88/3.01	['concat', 'index', 'add']: UNSAT (0.044 seconds)
3.00/3.06	['concat', 'index', 'sub']: UNSAT (0.044 seconds)
3.00/3.10	['concat', 'length', 'length']: UNSAT (0.032 seconds)
3.00/3.13	['concat', 'length', 'substr']: UNSAT (0.232 seconds)
3.28/3.37	['concat', 'length', 'add']: UNSAT (0.035 seconds)
3.38/3.40	['concat', 'length', 'sub']: UNSAT (0.035 seconds)
3.38/3.44	['concat', 'substr', 'substr']: UNSAT (0.117 seconds)
3.48/3.55	['concat', 'substr', 'add']: UNSAT (0.093 seconds)
3.58/3.65	['concat', 'substr', 'sub']: UNSAT (0.062 seconds)
3.68/3.71	['concat', 'add', 'add']: UNSAT (0.039 seconds)
3.68/3.75	['concat', 'add', 'sub']: UNSAT (0.041 seconds)
3.68/3.79	['concat', 'sub', 'sub']: UNSAT (0.040 seconds)
3.78/3.83	['index', 'index', 'index']: UNSAT (0.056 seconds)
3.78/3.89	['index', 'index', 'length']: UNSAT (0.045 seconds)
3.88/3.94	['index', 'index', 'substr']: UNSAT (0.170 seconds)
4.00/4.11	['index', 'index', 'add']: UNSAT (0.050 seconds)
4.13/4.16	['index', 'index', 'sub']: UNSAT (0.050 seconds)
4.18/4.21	['index', 'length', 'length']: UNSAT (0.035 seconds)
4.18/4.24	['index', 'length', 'substr']: UNSAT (0.097 seconds)
4.28/4.34	['index', 'length', 'add']: UNSAT (0.039 seconds)
4.28/4.38	['index', 'length', 'sub']: UNSAT (0.040 seconds)
4.39/4.42	['index', 'substr', 'substr']: UNSAT (0.235 seconds)
4.59/4.66	['index', 'substr', 'add']: UNSAT (0.114 seconds)
4.69/4.77	['index', 'substr', 'sub']: UNSAT (0.113 seconds)
4.79/4.89	['index', 'add', 'add']: UNSAT (0.048 seconds)
4.89/4.94	['index', 'add', 'sub']: UNSAT (0.047 seconds)
4.89/4.99	['index', 'sub', 'sub']: UNSAT (0.047 seconds)
4.89/5.03	['length', 'length', 'length']: UNSAT (0.026 seconds)
5.01/5.06	['length', 'length', 'substr']: UNSAT (0.044 seconds)
5.01/5.11	['length', 'length', 'add']: UNSAT (0.030 seconds)
5.01/5.14	['length', 'length', 'sub']: UNSAT (0.030 seconds)
5.13/5.17	['length', 'substr', 'substr']: UNSAT (0.133 seconds)
5.29/5.30	['length', 'substr', 'add']: UNSAT (0.061 seconds)
5.29/5.36	['length', 'substr', 'sub']: UNSAT (0.060 seconds)
5.39/5.42	['length', 'add', 'add']: UNSAT (0.038 seconds)
5.39/5.46	['length', 'add', 'sub']: UNSAT (0.037 seconds)
5.49/5.50	['length', 'sub', 'sub']: UNSAT (0.038 seconds)
5.49/5.54	['substr', 'substr', 'substr']: UNSAT (0.076 seconds)
5.59/5.62	['substr', 'substr', 'add']: UNSAT (0.070 seconds)
5.59/5.69	['substr', 'substr', 'sub']: UNSAT (0.069 seconds)
5.69/5.76	['substr', 'add', 'add']: UNSAT (0.068 seconds)
5.79/5.83	['substr', 'add', 'sub']: UNSAT (0.066 seconds)
5.79/5.89	['substr', 'sub', 'sub']: UNSAT (0.062 seconds)
5.89/5.96	['add', 'add', 'add']: UNSAT (0.045 seconds)
5.89/6.00	['add', 'add', 'sub']: UNSAT (0.045 seconds)
6.00/6.05	['add', 'sub', 'sub']: UNSAT (0.045 seconds)
6.00/6.09	['sub', 'sub', 'sub']: UNSAT (0.044 seconds)
6.12/6.14	['concat', 'concat', 'concat', 'concat']: UNSAT (0.261 seconds)
6.38/6.40	['concat', 'concat', 'concat', 'index']: UNSAT (0.071 seconds)
6.38/6.47	['concat', 'concat', 'concat', 'length']: UNSAT (0.058 seconds)
6.48/6.53	['concat', 'concat', 'concat', 'substr']: UNSAT (100.839 seconds)
107.28/107.37	['concat', 'concat', 'concat', 'add']: UNSAT (0.077 seconds)
107.38/107.45	['concat', 'concat', 'concat', 'sub']: UNSAT (0.065 seconds)
107.49/107.51	['concat', 'concat', 'index', 'index']: UNSAT (0.078 seconds)
107.49/107.59	['concat', 'concat', 'index', 'length']: UNSAT (0.064 seconds)
107.59/107.66	['concat', 'concat', 'index', 'substr']: UNSAT (12.288 seconds)
119.88/119.95	['concat', 'concat', 'index', 'add']: UNSAT (0.063 seconds)
119.88/120.01	['concat', 'concat', 'index', 'sub']: UNSAT (0.063 seconds)
120.00/120.07	['concat', 'concat', 'length', 'length']: UNSAT (0.049 seconds)
120.00/120.12	['concat', 'concat', 'length', 'substr']: UNSAT (4.486 seconds)
124.58/124.61	['concat', 'concat', 'length', 'add']: UNSAT (0.055 seconds)
124.58/124.67	['concat', 'concat', 'length', 'sub']: UNSAT (0.053 seconds)
124.68/124.72	['concat', 'concat', 'substr', 'substr']: UNSAT (5.045 seconds)
129.68/129.77	['concat', 'concat', 'substr', 'add']: UNSAT (1.307 seconds)
131.00/131.07	['concat', 'concat', 'substr', 'sub']: UNSAT (0.242 seconds)
131.28/131.32	['concat', 'concat', 'add', 'add']: UNSAT (0.055 seconds)
131.28/131.37	['concat', 'concat', 'add', 'sub']: UNSAT (0.054 seconds)
131.38/131.43	['concat', 'concat', 'sub', 'sub']: UNSAT (0.056 seconds)
131.38/131.48	['concat', 'index', 'index', 'index']: UNSAT (0.078 seconds)
131.48/131.56	['concat', 'index', 'index', 'length']: UNSAT (0.065 seconds)
131.58/131.63	['concat', 'index', 'index', 'substr']: UNSAT (4.242 seconds)
135.78/135.87	['concat', 'index', 'index', 'add']: UNSAT (0.071 seconds)
135.88/135.94	['concat', 'index', 'index', 'sub']: UNSAT (0.069 seconds)
135.88/136.01	['concat', 'index', 'length', 'length']: UNSAT (0.053 seconds)
136.00/136.07	['concat', 'index', 'length', 'substr']: UNSAT (1.775 seconds)
137.78/137.84	['concat', 'index', 'length', 'add']: UNSAT (0.055 seconds)
137.88/137.90	['concat', 'index', 'length', 'sub']: UNSAT (0.055 seconds)
137.88/137.95	['concat', 'index', 'substr', 'substr']: UNSAT (9.633 seconds)
147.48/147.59	['concat', 'index', 'substr', 'add']: UNSAT (2.405 seconds)
149.88/149.99	['concat', 'index', 'substr', 'sub']: UNSAT (1.350 seconds)
151.28/151.35	['concat', 'index', 'add', 'add']: UNSAT (0.066 seconds)
151.38/151.41	['concat', 'index', 'add', 'sub']: UNSAT (0.063 seconds)
151.38/151.48	['concat', 'index', 'sub', 'sub']: UNSAT (0.063 seconds)
151.48/151.54	['concat', 'length', 'length', 'length']: UNSAT (0.042 seconds)
151.48/151.58	['concat', 'length', 'length', 'substr']: UNSAT (0.118 seconds)
151.68/151.70	['concat', 'length', 'length', 'add']: UNSAT (0.043 seconds)
151.68/151.75	['concat', 'length', 'length', 'sub']: UNSAT (0.044 seconds)
151.68/151.79	['concat', 'length', 'substr', 'substr']: UNSAT (2.786 seconds)
154.49/154.58	['concat', 'length', 'substr', 'add']: UNSAT (0.599 seconds)
155.13/155.18	['concat', 'length', 'substr', 'sub']: UNSAT (0.597 seconds)
155.69/155.78	['concat', 'length', 'add', 'add']: UNSAT (0.051 seconds)
155.79/155.83	['concat', 'length', 'add', 'sub']: UNSAT (0.051 seconds)
155.79/155.88	['concat', 'length', 'sub', 'sub']: UNSAT (0.049 seconds)
155.89/155.93	['concat', 'substr', 'substr', 'substr']: UNSAT (0.663 seconds)
156.49/156.59	['concat', 'substr', 'substr', 'add']: UNSAT (0.781 seconds)
157.29/157.38	['concat', 'substr', 'substr', 'sub']: UNSAT (0.592 seconds)
157.89/157.97	['concat', 'substr', 'add', 'add']: UNSAT (0.500 seconds)
158.39/158.47	['concat', 'substr', 'add', 'sub']: UNSAT (0.261 seconds)
158.69/158.73	['concat', 'substr', 'sub', 'sub']: UNSAT (0.211 seconds)
158.89/158.94	['concat', 'add', 'add', 'add']: UNSAT (0.062 seconds)
158.89/159.01	['concat', 'add', 'add', 'sub']: UNSAT (0.060 seconds)
159.00/159.07	['concat', 'add', 'sub', 'sub']: UNSAT (0.060 seconds)
159.00/159.13	['concat', 'sub', 'sub', 'sub']: UNSAT (0.065 seconds)
159.13/159.19	['index', 'index', 'index', 'index']: UNSAT (0.087 seconds)
159.19/159.28	['index', 'index', 'index', 'length']: UNSAT (0.071 seconds)
159.29/159.35	['index', 'index', 'index', 'substr']: UNSAT (1.696 seconds)
161.00/161.05	['index', 'index', 'index', 'add']: UNSAT (0.077 seconds)
161.00/161.13	['index', 'index', 'index', 'sub']: UNSAT (0.077 seconds)
161.19/161.21	['index', 'index', 'length', 'length']: UNSAT (0.055 seconds)
161.19/161.26	['index', 'index', 'length', 'substr']: UNSAT (0.218 seconds)
161.39/161.48	['index', 'index', 'length', 'add']: UNSAT (0.062 seconds)
161.49/161.54	['index', 'index', 'length', 'sub']: UNSAT (0.061 seconds)
161.59/161.61	['index', 'index', 'substr', 'substr']: UNSAT (1.020 seconds)
162.59/162.63	['index', 'index', 'substr', 'add']: UNSAT (0.433 seconds)
163.01/163.06	['index', 'index', 'substr', 'sub']: UNSAT (0.290 seconds)
163.29/163.35	['index', 'index', 'add', 'add']: UNSAT (0.074 seconds)
163.39/163.43	['index', 'index', 'add', 'sub']: UNSAT (0.076 seconds)
163.49/163.50	['index', 'index', 'sub', 'sub']: UNSAT (0.075 seconds)
163.49/163.58	['index', 'length', 'length', 'length']: UNSAT (0.044 seconds)
163.59/163.62	['index', 'length', 'length', 'substr']: UNSAT (0.112 seconds)
163.69/163.74	['index', 'length', 'length', 'add']: UNSAT (0.051 seconds)
163.69/163.79	['index', 'length', 'length', 'sub']: UNSAT (0.051 seconds)
163.79/163.84	['index', 'length', 'substr', 'substr']: UNSAT (0.474 seconds)
164.29/164.31	['index', 'length', 'substr', 'add']: UNSAT (0.218 seconds)
164.49/164.53	['index', 'length', 'substr', 'sub']: UNSAT (0.127 seconds)
164.59/164.66	['index', 'length', 'add', 'add']: UNSAT (0.059 seconds)
164.69/164.72	['index', 'length', 'add', 'sub']: UNSAT (0.060 seconds)
164.69/164.78	['index', 'length', 'sub', 'sub']: UNSAT (0.059 seconds)
164.79/164.84	['index', 'substr', 'substr', 'substr']: UNSAT (0.903 seconds)
165.69/165.74	['index', 'substr', 'substr', 'add']: UNSAT (0.888 seconds)
166.59/166.63	['index', 'substr', 'substr', 'sub']: UNSAT (0.744 seconds)
167.29/167.38	['index', 'substr', 'add', 'add']: UNSAT (0.173 seconds)
167.49/167.55	['index', 'substr', 'add', 'sub']: UNSAT (0.185 seconds)
167.69/167.74	['index', 'substr', 'sub', 'sub']: UNSAT (0.187 seconds)
167.89/167.93	['index', 'add', 'add', 'add']: UNSAT (0.073 seconds)
167.89/168.00	['index', 'add', 'add', 'sub']: UNSAT (0.072 seconds)
168.00/168.07	['index', 'add', 'sub', 'sub']: UNSAT (0.070 seconds)
168.12/168.14	['index', 'sub', 'sub', 'sub']: UNSAT (0.071 seconds)
168.19/168.22	['length', 'length', 'length', 'length']: UNSAT (0.034 seconds)
168.19/168.25	['length', 'length', 'length', 'substr']: UNSAT (0.047 seconds)
168.29/168.30	['length', 'length', 'length', 'add']: UNSAT (0.038 seconds)
168.29/168.34	['length', 'length', 'length', 'sub']: UNSAT (0.039 seconds)
168.29/168.38	['length', 'length', 'substr', 'substr']: UNSAT (0.488 seconds)
168.79/168.87	['length', 'length', 'substr', 'add']: UNSAT (0.088 seconds)
168.89/168.96	['length', 'length', 'substr', 'sub']: UNSAT (0.092 seconds)
169.01/169.05	['length', 'length', 'add', 'add']: UNSAT (0.045 seconds)
169.01/169.09	['length', 'length', 'add', 'sub']: UNSAT (0.045 seconds)
169.13/169.14	['length', 'length', 'sub', 'sub']: UNSAT (0.045 seconds)
169.13/169.19	['length', 'substr', 'substr', 'substr']: UNSAT (0.381 seconds)
169.49/169.57	['length', 'substr', 'substr', 'add']: UNSAT (0.407 seconds)
169.89/169.98	['length', 'substr', 'substr', 'sub']: UNSAT (0.423 seconds)
170.39/170.40	['length', 'substr', 'add', 'add']: UNSAT (0.205 seconds)
170.59/170.61	['length', 'substr', 'add', 'sub']: UNSAT (0.204 seconds)
170.79/170.81	['length', 'substr', 'sub', 'sub']: UNSAT (0.171 seconds)
170.89/170.98	['length', 'add', 'add', 'add']: UNSAT (0.097 seconds)
171.01/171.08	['length', 'add', 'add', 'sub']: UNSAT (0.057 seconds)
171.01/171.14	['length', 'add', 'sub', 'sub']: UNSAT (0.056 seconds)
171.13/171.20	['length', 'sub', 'sub', 'sub']: UNSAT (0.058 seconds)
171.19/171.25	['substr', 'substr', 'substr', 'substr']: UNSAT (0.175 seconds)
171.39/171.43	['substr', 'substr', 'substr', 'add']: UNSAT (0.157 seconds)
171.49/171.59	['substr', 'substr', 'substr', 'sub']: UNSAT (0.184 seconds)
171.69/171.77	['substr', 'substr', 'add', 'add']: UNSAT (0.194 seconds)
171.89/171.97	['substr', 'substr', 'add', 'sub']: UNSAT (0.180 seconds)
172.13/172.15	['substr', 'substr', 'sub', 'sub']: UNSAT (0.176 seconds)
172.29/172.33	['substr', 'add', 'add', 'add']: UNSAT (0.281 seconds)
172.59/172.61	['substr', 'add', 'add', 'sub']: UNSAT (0.291 seconds)
172.89/172.90	['substr', 'add', 'sub', 'sub']: UNSAT (0.281 seconds)
173.13/173.18	['substr', 'sub', 'sub', 'sub']: UNSAT (0.239 seconds)
173.39/173.42	['add', 'add', 'add', 'add']: UNSAT (0.067 seconds)
173.39/173.49	['add', 'add', 'add', 'sub']: UNSAT (0.066 seconds)
173.49/173.56	['add', 'add', 'sub', 'sub']: UNSAT (0.066 seconds)
173.59/173.62	['add', 'sub', 'sub', 'sub']: UNSAT (0.067 seconds)
173.59/173.69	['sub', 'sub', 'sub', 'sub']: UNSAT (0.066 seconds)
173.69/173.76	['concat', 'concat', 'concat', 'concat', 'concat']: UNSAT (0.508 seconds)
174.19/174.27	['concat', 'concat', 'concat', 'concat', 'index']: UNSAT (0.099 seconds)
174.29/174.37	['concat', 'concat', 'concat', 'concat', 'length']: UNSAT (0.085 seconds)
174.39/174.45	['concat', 'concat', 'concat', 'concat', 'substr']: 