0.11/0.20	=== Examples (../../dataset/examples/examples-02.json)
0.11/0.20	IO(inputs=('0,1',), output='0, 1')
0.11/0.20	IO(inputs=('a,b,c,d',), output='a, b, c, d')
0.11/0.20	=== Library
0.11/0.20	concat
0.11/0.20	index
0.11/0.20	length
0.11/0.20	substr
0.11/0.20	add
0.11/0.20	sub
0.11/0.20	=== Synthesis
0.11/0.20	['concat']: UNSAT (0.028 seconds)
0.11/0.22	['index']: UNSAT (0.026 seconds)
0.11/0.25	['length']: UNSAT (0.019 seconds)
0.11/0.27	['substr']: UNSAT (0.027 seconds)
0.26/0.30	['add']: UNSAT (0.024 seconds)
0.26/0.32	['sub']: UNSAT (0.023 seconds)
0.26/0.35	['concat', 'concat']: UNSAT (0.070 seconds)
0.36/0.42	['concat', 'index']: UNSAT (0.042 seconds)
0.36/0.46	['concat', 'length']: UNSAT (0.032 seconds)
0.44/0.49	['concat', 'substr']: UNSAT (0.058 seconds)
0.44/0.55	['concat', 'add']: UNSAT (0.034 seconds)
0.54/0.59	['concat', 'sub']: UNSAT (0.035 seconds)
0.54/0.62	['index', 'index']: UNSAT (0.045 seconds)
0.62/0.67	['index', 'length']: UNSAT (0.029 seconds)
0.69/0.70	['index', 'substr']: UNSAT (0.036 seconds)
0.69/0.73	['index', 'add']: UNSAT (0.029 seconds)
0.69/0.76	['index', 'sub']: UNSAT (0.032 seconds)
0.79/0.80	['length', 'length']: UNSAT (0.019 seconds)
0.79/0.82	['length', 'substr']: UNSAT (0.033 seconds)
0.79/0.85	['length', 'add']: UNSAT (0.022 seconds)
0.79/0.87	['length', 'sub']: UNSAT (0.021 seconds)
0.79/0.89	['substr', 'substr']: UNSAT (0.034 seconds)
0.89/0.93	['substr', 'add']: UNSAT (0.034 seconds)
0.89/0.96	['substr', 'sub']: UNSAT (0.032 seconds)
0.89/1.00	['add', 'add']: UNSAT (0.032 seconds)
1.00/1.03	['add', 'sub']: UNSAT (0.029 seconds)
1.00/1.06	['sub', 'sub']: UNSAT (0.027 seconds)
1.00/1.09	['concat', 'concat', 'concat']: UNSAT (0.331 seconds)
1.39/1.42	['concat', 'concat', 'index']: UNSAT (0.046 seconds)
1.39/1.47	['concat', 'concat', 'length']: UNSAT (0.041 seconds)
1.49/1.51	['concat', 'concat', 'substr']: UNSAT (0.380 seconds)
1.79/1.89	['concat', 'concat', 'add']: UNSAT (0.037 seconds)
1.89/1.92	['concat', 'concat', 'sub']: UNSAT (0.039 seconds)
1.89/1.96	['concat', 'index', 'index']: UNSAT (0.051 seconds)
1.89/2.02	['concat', 'index', 'length']: UNSAT (0.040 seconds)
2.01/2.06	['concat', 'index', 'substr']: UNSAT (0.159 seconds)
2.19/2.22	['concat', 'index', 'add']: UNSAT (0.044 seconds)
2.19/2.26	['concat', 'index', 'sub']: UNSAT (0.045 seconds)
2.29/2.31	['concat', 'length', 'length']: UNSAT (0.031 seconds)
2.29/2.34	['concat', 'length', 'substr']: UNSAT (0.067 seconds)
2.39/2.41	['concat', 'length', 'add']: UNSAT (0.035 seconds)
2.39/2.44	['concat', 'length', 'sub']: UNSAT (0.032 seconds)
2.39/2.47	['concat', 'substr', 'substr']: UNSAT (0.093 seconds)
2.49/2.57	['concat', 'substr', 'add']: UNSAT (0.062 seconds)
2.59/2.63	['concat', 'substr', 'sub']: UNSAT (0.062 seconds)
2.59/2.69	['concat', 'add', 'add']: UNSAT (0.037 seconds)
2.69/2.73	['concat', 'add', 'sub']: UNSAT (0.040 seconds)
2.69/2.77	['concat', 'sub', 'sub']: UNSAT (0.039 seconds)
2.79/2.81	['index', 'index', 'index']: UNSAT (0.061 seconds)
2.79/2.87	['index', 'index', 'length']: UNSAT (0.045 seconds)
2.89/2.92	['index', 'index', 'substr']: UNSAT (0.067 seconds)
2.89/2.99	['index', 'index', 'add']: UNSAT (0.049 seconds)
2.89/3.03	['index', 'index', 'sub']: UNSAT (0.050 seconds)
3.01/3.08	['index', 'length', 'length']: UNSAT (0.032 seconds)
3.01/3.12	['index', 'length', 'substr']: UNSAT (0.048 seconds)
3.13/3.17	['index', 'length', 'add']: UNSAT (0.036 seconds)
3.19/3.20	['index', 'length', 'sub']: UNSAT (0.039 seconds)
3.19/3.24	['index', 'substr', 'substr']: UNSAT (0.101 seconds)
3.29/3.34	['index', 'substr', 'add']: UNSAT (0.054 seconds)
3.38/3.40	['index', 'substr', 'sub']: UNSAT (0.055 seconds)
3.38/3.46	['index', 'add', 'add']: UNSAT (0.047 seconds)
3.48/3.50	['index', 'add', 'sub']: UNSAT (0.048 seconds)
3.48/3.55	['index', 'sub', 'sub']: UNSAT (0.043 seconds)
3.48/3.60	['length', 'length', 'length']: UNSAT (0.028 seconds)
3.58/3.62	['length', 'length', 'substr']: UNSAT (0.039 seconds)
3.58/3.66	['length', 'length', 'add']: UNSAT (0.028 seconds)
3.58/3.69	['length', 'length', 'sub']: UNSAT (0.031 seconds)
3.68/3.72	['length', 'substr', 'substr']: UNSAT (0.064 seconds)
3.68/3.79	['length', 'substr', 'add']: UNSAT (0.047 seconds)
3.78/3.84	['length', 'substr', 'sub']: UNSAT (0.049 seconds)
3.78/3.89	['length', 'add', 'add']: UNSAT (0.038 seconds)
3.88/3.93	['length', 'add', 'sub']: UNSAT (0.038 seconds)
3.88/3.96	['length', 'sub', 'sub']: UNSAT (0.037 seconds)
3.88/4.00	['substr', 'substr', 'substr']: UNSAT (0.069 seconds)
4.01/4.07	['substr', 'substr', 'add']: UNSAT (0.051 seconds)
4.01/4.12	['substr', 'substr', 'sub']: UNSAT (0.056 seconds)
4.13/4.18	['substr', 'add', 'add']: UNSAT (0.049 seconds)
4.19/4.23	['substr', 'add', 'sub']: UNSAT (0.050 seconds)
4.19/4.28	['substr', 'sub', 'sub']: UNSAT (0.050 seconds)
4.29/4.33	['add', 'add', 'add']: UNSAT (0.044 seconds)
4.29/4.38	['add', 'add', 'sub']: UNSAT (0.044 seconds)
4.39/4.42	['add', 'sub', 'sub']: UNSAT (0.044 seconds)
4.39/4.47	['sub', 'sub', 'sub']: UNSAT (0.045 seconds)
4.49/4.51	['concat', 'concat', 'concat', 'concat']: UNSAT (25.156 seconds)
29.59/29.67	['concat', 'concat', 'concat', 'index']: UNSAT (0.073 seconds)
29.68/29.74	['concat', 'concat', 'concat', 'length']: UNSAT (0.059 seconds)
29.78/29.80	['concat', 'concat', 'concat', 'substr']: UNSAT (63.021 seconds)
92.79/92.82	['concat', 'concat', 'concat', 'add']: UNSAT (0.064 seconds)
92.79/92.89	['concat', 'concat', 'concat', 'sub']: UNSAT (0.057 seconds)
92.89/92.95	['concat', 'concat', 'index', 'index']: UNSAT (0.076 seconds)
92.89/93.02	['concat', 'concat', 'index', 'length']: UNSAT (0.061 seconds)
93.01/93.08	['concat', 'concat', 'index', 'substr']: UNSAT (4.893 seconds)
97.88/97.98	['concat', 'concat', 'index', 'add']: UNSAT (0.063 seconds)
98.01/98.04	['concat', 'concat', 'index', 'sub']: UNSAT (0.061 seconds)
98.01/98.10	['concat', 'concat', 'length', 'length']: UNSAT (0.046 seconds)
98.12/98.15	['concat', 'concat', 'length', 'substr']: UNSAT (1.646 seconds)
99.78/99.80	['concat', 'concat', 'length', 'add']: UNSAT (0.055 seconds)
99.78/99.85	['concat', 'concat', 'length', 'sub']: UNSAT (0.050 seconds)
99.88/99.90	['concat', 'concat', 'substr', 'substr']: UNSAT (2.145 seconds)
102.01/102.05	['concat', 'concat', 'substr', 'add']: UNSAT (1.084 seconds)
103.00/103.13	['concat', 'concat', 'substr', 'sub']: UNSAT (0.386 seconds)
103.48/103.52	['concat', 'concat', 'add', 'add']: UNSAT (0.058 seconds)
103.48/103.58	['concat', 'concat', 'add', 'sub']: UNSAT (0.056 seconds)
103.58/103.64	['concat', 'concat', 'sub', 'sub']: UNSAT (0.053 seconds)
103.58/103.69	['concat', 'index', 'index', 'index']: UNSAT (0.075 seconds)
103.68/103.77	['concat', 'index', 'index', 'length']: UNSAT (0.066 seconds)
103.78/103.83	['concat', 'index', 'index', 'substr']: UNSAT (0.548 seconds)
104.28/104.38	['concat', 'index', 'index', 'add']: UNSAT (0.071 seconds)
104.38/104.45	['concat', 'index', 'index', 'sub']: UNSAT (0.066 seconds)
104.48/104.52	['concat', 'index', 'length', 'length']: UNSAT (0.049 seconds)
104.48/104.57	['concat', 'index', 'length', 'substr']: UNSAT (0.394 seconds)
104.88/104.96	['concat', 'index', 'length', 'add']: UNSAT (0.057 seconds)
104.88/105.02	['concat', 'index', 'length', 'sub']: UNSAT (0.053 seconds)
105.01/105.08	['concat', 'index', 'substr', 'substr']: UNSAT (1.330 seconds)
106.38/106.41	['concat', 'index', 'substr', 'add']: UNSAT (0.523 seconds)
106.88/106.93	['concat', 'index', 'substr', 'sub']: UNSAT (0.503 seconds)
107.38/107.43	['concat', 'index', 'add', 'add']: UNSAT (0.061 seconds)
107.38/107.50	['concat', 'index', 'add', 'sub']: UNSAT (0.063 seconds)
107.48/107.56	['concat', 'index', 'sub', 'sub']: UNSAT (0.062 seconds)
107.58/107.62	['concat', 'length', 'length', 'length']: UNSAT (0.040 seconds)
107.58/107.66	['concat', 'length', 'length', 'substr']: UNSAT (0.100 seconds)
107.68/107.76	['concat', 'length', 'length', 'add']: UNSAT (0.047 seconds)
107.78/107.81	['concat', 'length', 'length', 'sub']: UNSAT (0.044 seconds)
107.78/107.86	['concat', 'length', 'substr', 'substr']: UNSAT (0.658 seconds)
108.48/108.51	['concat', 'length', 'substr', 'add']: UNSAT (0.196 seconds)
108.68/108.71	['concat', 'length', 'substr', 'sub']: UNSAT (0.214 seconds)
108.88/108.93	['concat', 'length', 'add', 'add']: UNSAT (0.047 seconds)
108.88/108.97	['concat', 'length', 'add', 'sub']: UNSAT (0.051 seconds)
108.88/109.03	['concat', 'length', 'sub', 'sub']: UNSAT (0.047 seconds)
109.01/109.07	['concat', 'substr', 'substr', 'substr']: UNSAT (0.479 seconds)
109.48/109.55	['concat', 'substr', 'substr', 'add']: UNSAT (0.271 seconds)
109.78/109.82	['concat', 'substr', 'substr', 'sub']: UNSAT (0.347 seconds)
110.12/110.17	['concat', 'substr', 'add', 'add']: UNSAT (0.241 seconds)
110.38/110.42	['concat', 'substr', 'add', 'sub']: UNSAT (0.171 seconds)
110.48/110.59	['concat', 'substr', 'sub', 'sub']: UNSAT (0.163 seconds)
110.68/110.75	['concat', 'add', 'add', 'add']: UNSAT (0.066 seconds)
110.78/110.82	['concat', 'add', 'add', 'sub']: UNSAT (0.064 seconds)
110.78/110.88	['concat', 'add', 'sub', 'sub']: UNSAT (0.059 seconds)
110.88/110.94	['concat', 'sub', 'sub', 'sub']: UNSAT (0.058 seconds)
110.88/111.00	['index', 'index', 'index', 'index']: UNSAT (0.087 seconds)
111.01/111.09	['index', 'index', 'index', 'length']: UNSAT (0.066 seconds)
111.12/111.16	['index', 'index', 'index', 'substr']: UNSAT (0.140 seconds)
111.28/111.30	['index', 'index', 'index', 'add']: UNSAT (0.077 seconds)
111.28/111.38	['index', 'index', 'index', 'sub']: UNSAT (0.077 seconds)
111.38/111.45	['index', 'index', 'length', 'length']: UNSAT (0.055 seconds)
111.48/111.51	['index', 'index', 'length', 'substr']: UNSAT (0.088 seconds)
111.58/111.60	['index', 'index', 'length', 'add']: UNSAT (0.060 seconds)
111.58/111.66	['index', 'index', 'length', 'sub']: UNSAT (0.059 seconds)
111.68/111.72	['index', 'index', 'substr', 'substr']: UNSAT (0.139 seconds)
111.78/111.86	['index', 'index', 'substr', 'add']: UNSAT (0.119 seconds)
111.88/111.98	['index', 'index', 'substr', 'sub']: UNSAT (0.100 seconds)
112.01/112.08	['index', 'index', 'add', 'add']: UNSAT (0.073 seconds)
112.12/112.15	['index', 'index', 'add', 'sub']: UNSAT (0.069 seconds)
112.18/112.22	['index', 'index', 'sub', 'sub']: UNSAT (0.071 seconds)
112.18/112.29	['index', 'length', 'length', 'length']: UNSAT (0.044 seconds)
112.28/112.34	['index', 'length', 'length', 'substr']: UNSAT (0.062 seconds)
112.38/112.40	['index', 'length', 'length', 'add']: UNSAT (0.049 seconds)
112.38/112.45	['index', 'length', 'length', 'sub']: UNSAT (0.048 seconds)
112.48/112.50	['index', 'length', 'substr', 'substr']: UNSAT (0.086 seconds)
112.48/112.59	['index', 'length', 'substr', 'add']: UNSAT (0.084 seconds)
112.58/112.67	['index', 'length', 'substr', 'sub']: UNSAT (0.079 seconds)
112.68/112.75	['index', 'length', 'add', 'add']: UNSAT (0.062 seconds)
112.78/112.82	['index', 'length', 'add', 'sub']: UNSAT (0.062 seconds)
112.78/112.88	['index', 'length', 'sub', 'sub']: UNSAT (0.056 seconds)
112.88/112.94	['index', 'substr', 'substr', 'substr']: UNSAT (0.172 seconds)
113.01/113.11	['index', 'substr', 'substr', 'add']: UNSAT (0.162 seconds)
113.18/113.27	['index', 'substr', 'substr', 'sub']: UNSAT (0.098 seconds)
113.28/113.37	['index', 'substr', 'add', 'add']: UNSAT (0.088 seconds)
113.38/113.46	['index', 'substr', 'add', 'sub']: UNSAT (0.095 seconds)
113.48/113.56	['index', 'substr', 'sub', 'sub']: UNSAT (0.083 seconds)
113.58/113.64	['index', 'add', 'add', 'add']: UNSAT (0.073 seconds)
113.68/113.72	['index', 'add', 'add', 'sub']: UNSAT (0.073 seconds)
113.68/113.79	['index', 'add', 'sub', 'sub']: UNSAT (0.072 seconds)
113.78/113.86	['index', 'sub', 'sub', 'sub']: UNSAT (0.074 seconds)
113.88/113.94	['length', 'length', 'length', 'length']: UNSAT (0.032 seconds)
113.88/113.97	['length', 'length', 'length', 'substr']: UNSAT (0.046 seconds)
113.88/114.02	['length', 'length', 'length', 'add']: UNSAT (0.037 seconds)
114.00/114.05	['length', 'length', 'length', 'sub']: UNSAT (0.036 seconds)
114.00/114.09	['length', 'length', 'substr', 'substr']: UNSAT (0.088 seconds)
114.12/114.18	['length', 'length', 'substr', 'add']: UNSAT (0.053 seconds)
114.18/114.23	['length', 'length', 'substr', 'sub']: UNSAT (0.055 seconds)
114.18/114.29	['length', 'length', 'add', 'add']: UNSAT (0.044 seconds)
114.28/114.33	['length', 'length', 'add', 'sub']: UNSAT (0.046 seconds)
114.28/114.38	['length', 'length', 'sub', 'sub']: UNSAT (0.044 seconds)
114.38/114.42	['length', 'substr', 'substr', 'substr']: UNSAT (0.148 seconds)
114.48/114.57	['length', 'substr', 'substr', 'add']: UNSAT (0.108 seconds)
114.58/114.68	['length', 'substr', 'substr', 'sub']: UNSAT (0.094 seconds)
114.68/114.78	['length', 'substr', 'add', 'add']: UNSAT (0.074 seconds)
114.78/114.85	['length', 'substr', 'add', 'sub']: UNSAT (0.075 seconds)
114.88/114.93	['length', 'substr', 'sub', 'sub']: UNSAT (0.074 seconds)
114.88/115.00	['length', 'add', 'add', 'add']: UNSAT (0.059 seconds)
115.00/115.06	['length', 'add', 'add', 'sub']: UNSAT (0.053 seconds)
115.00/115.11	['length', 'add', 'sub', 'sub']: UNSAT (0.056 seconds)
115.12/115.17	['length', 'sub', 'sub', 'sub']: UNSAT (0.055 seconds)
115.18/115.23	['substr', 'substr', 'substr', 'substr']: UNSAT (0.121 seconds)
115.28/115.35	['substr', 'substr', 'substr', 'add']: UNSAT (0.087 seconds)
115.38/115.44	['substr', 'substr', 'substr', 'sub']: UNSAT (0.091 seconds)
115.48/115.53	['substr', 'substr', 'add', 'add']: UNSAT (0.090 seconds)
115.58/115.62	['substr', 'substr', 'add', 'sub']: UNSAT (0.079 seconds)
115.68/115.70	['substr', 'substr', 'sub', 'sub']: UNSAT (0.081 seconds)
115.68/115.78	['substr', 'add', 'add', 'add']: UNSAT (0.071 seconds)
115.78/115.85	['substr', 'add', 'add', 'sub']: UNSAT (0.074 seconds)
115.88/115.93	['substr', 'add', 'sub', 'sub']: UNSAT (0.073 seconds)
115.88/116.00	['substr', 'sub', 'sub', 'sub']: UNSAT (0.072 seconds)
116.00/116.07	['add', 'add', 'add', 'add']: UNSAT (0.063 seconds)
116.12/116.14	['add', 'add', 'add', 'sub']: UNSAT (0.062 seconds)
116.18/116.20	['add', 'add', 'sub', 'sub']: UNSAT (0.066 seconds)
116.18/116.27	['add', 'sub', 'sub', 'sub']: UNSAT (0.066 seconds)
116.28/116.33	['sub', 'sub', 'sub', 'sub']: UNSAT (0.062 seconds)
116.38/116.40	['concat', 'concat', 'concat', 'concat', 'concat']: UNKNOWN (421.665 seconds)
538.00/538.06	Reason: smt tactic failed to show goal to be sat/unsat max-conflicts-reached
538.00/538.06	Reason: smt tactic failed to show goal to be sat/unsat max-conflicts-reached
538.00/538.06	['concat', 'concat', 'concat', 'concat', 'index']: UNSAT (0.096 seconds)
538.12/538.16	['concat', 'concat', 'concat', 'concat', 'length']: UNSAT (0.094 seconds)
538.18/538.26	['concat', 'concat', 'concat', 'concat', 'substr']: 