0.11/0.20	=== Examples (../../dataset/examples/examples-14.json)
0.11/0.20	IO(inputs=('ABC',), output='abc')
0.11/0.20	IO(inputs=('aBcdef',), output='abcdef')
0.11/0.20	=== Library
0.11/0.20	concat
0.11/0.20	index
0.11/0.20	length
0.11/0.20	substr
0.11/0.20	add
0.11/0.20	sub
0.11/0.20	=== Synthesis
0.11/0.20	['concat']: UNSAT (0.027 seconds)
0.11/0.23	['index']: UNSAT (0.026 seconds)
0.11/0.26	['length']: UNSAT (0.020 seconds)
0.11/0.28	['substr']: UNSAT (0.028 seconds)
0.25/0.31	['add']: UNSAT (0.023 seconds)
0.25/0.33	['sub']: UNSAT (0.024 seconds)
0.25/0.36	['concat', 'concat']: UNSAT (0.044 seconds)
0.35/0.40	['concat', 'index']: UNSAT (0.044 seconds)
0.35/0.45	['concat', 'length']: UNSAT (0.034 seconds)
0.45/0.48	['concat', 'substr']: SAT (0.061 seconds)
0.45/0.54	concat('abc', substr(arg0, 3, 3))
