0.11/0.20	=== Examples (../../dataset/examples/examples-42.json)
0.11/0.20	IO(inputs=('DO IT',), output='do it!@')
0.11/0.20	IO(inputs=('COME ON',), output='come on!@')
0.11/0.20	=== Library
0.11/0.20	concat
0.11/0.20	index
0.11/0.20	length
0.11/0.20	substr
0.11/0.20	add
0.11/0.20	sub
0.11/0.20	=== Synthesis
0.11/0.20	['concat']: UNSAT (0.026 seconds)
0.11/0.23	['index']: UNSAT (0.026 seconds)
0.11/0.25	['length']: UNSAT (0.020 seconds)
0.11/0.28	['substr']: UNSAT (0.029 seconds)
0.25/0.30	['add']: UNSAT (0.022 seconds)
0.25/0.33	['sub']: UNSAT (0.023 seconds)
0.25/0.35	['concat', 'concat']: UNSAT (0.069 seconds)
0.34/0.42	['concat', 'index']: UNSAT (0.043 seconds)
0.43/0.47	['concat', 'length']: UNSAT (0.033 seconds)
0.43/0.50	['concat', 'substr']: UNSAT (0.059 seconds)
0.43/0.56	['concat', 'add']: UNSAT (0.035 seconds)
0.56/0.59	['concat', 'sub']: UNSAT (0.034 seconds)
0.56/0.63	['index', 'index']: UNSAT (0.040 seconds)
0.64/0.67	['index', 'length']: UNSAT (0.026 seconds)
0.68/0.70	['index', 'substr']: UNSAT (0.038 seconds)
0.68/0.74	['index', 'add']: UNSAT (0.031 seconds)
0.68/0.77	['index', 'sub']: UNSAT (0.031 seconds)
0.78/0.80	['length', 'length']: UNSAT (0.019 seconds)
0.78/0.82	['length', 'substr']: UNSAT (0.028 seconds)
0.78/0.85	['length', 'add']: UNSAT (0.023 seconds)
0.78/0.87	['length', 'sub']: UNSAT (0.024 seconds)
0.78/0.90	['substr', 'substr']: UNSAT (0.039 seconds)
0.88/0.94	['substr', 'add']: UNSAT (0.033 seconds)
0.88/0.97	['substr', 'sub']: UNSAT (0.034 seconds)
0.88/1.00	['add', 'add']: UNSAT (0.030 seconds)
0.88/1.03	['add', 'sub']: UNSAT (0.029 seconds)
1.01/1.06	['sub', 'sub']: UNSAT (0.030 seconds)
1.01/1.09	['concat', 'concat', 'concat']: UNSAT (0.390 seconds)
1.38/1.48	['concat', 'concat', 'index']: UNSAT (0.049 seconds)
1.48/1.53	['concat', 'concat', 'length']: UNSAT (0.041 seconds)
1.48/1.58	['concat', 'concat', 'substr']: UNSAT (0.767 seconds)
2.28/2.34	['concat', 'concat', 'add']: UNSAT (0.041 seconds)
2.28/2.39	['concat', 'concat', 'sub']: UNSAT (0.041 seconds)
2.38/2.43	['concat', 'index', 'index']: UNSAT (0.054 seconds)
2.38/2.48	['concat', 'index', 'length']: UNSAT (0.042 seconds)
2.48/2.53	['concat', 'index', 'substr']: UNSAT (0.173 seconds)
2.68/2.70	['concat', 'index', 'add']: UNSAT (0.045 seconds)
2.68/2.74	['concat', 'index', 'sub']: UNSAT (0.049 seconds)
2.68/2.79	['concat', 'length', 'length']: UNSAT (0.036 seconds)
2.78/2.83	['concat', 'length', 'substr']: UNSAT (0.144 seconds)
2.88/2.98	['concat', 'length', 'add']: UNSAT (0.035 seconds)
2.88/3.01	['concat', 'length', 'sub']: UNSAT (0.035 seconds)
3.01/3.05	['concat', 'substr', 'substr']: UNSAT (0.109 seconds)
3.12/3.16	['concat', 'substr', 'add']: UNSAT (0.082 seconds)
3.18/3.24	['concat', 'substr', 'sub']: UNSAT (0.076 seconds)
3.28/3.32	['concat', 'add', 'add']: UNSAT (0.040 seconds)
3.28/3.36	['concat', 'add', 'sub']: UNSAT (0.040 seconds)
3.38/3.40	['concat', 'sub', 'sub']: UNSAT (0.040 seconds)
3.38/3.44	['index', 'index', 'index']: UNSAT (0.055 seconds)
3.48/3.50	['index', 'index', 'length']: UNSAT (0.045 seconds)
3.48/3.54	['index', 'index', 'substr']: UNSAT (0.069 seconds)
3.58/3.61	['index', 'index', 'add']: UNSAT (0.051 seconds)
3.58/3.66	['index', 'index', 'sub']: UNSAT (0.050 seconds)
3.68/3.72	['index', 'length', 'length']: UNSAT (0.035 seconds)
3.68/3.75	['index', 'length', 'substr']: UNSAT (0.049 seconds)
3.78/3.80	['index', 'length', 'add']: UNSAT (0.042 seconds)
3.78/3.84	['index', 'length', 'sub']: UNSAT (0.041 seconds)
3.78/3.89	['index', 'substr', 'substr']: UNSAT (0.090 seconds)
3.88/3.98	['index', 'substr', 'add']: UNSAT (0.057 seconds)
3.88/4.03	['index', 'substr', 'sub']: UNSAT (0.057 seconds)
4.01/4.09	['index', 'add', 'add']: UNSAT (0.052 seconds)
4.12/4.14	['index', 'add', 'sub']: UNSAT (0.051 seconds)
4.12/4.20	['index', 'sub', 'sub']: UNSAT (0.048 seconds)
4.18/4.24	['length', 'length', 'length']: UNSAT (0.026 seconds)
4.18/4.27	['length', 'length', 'substr']: UNSAT (0.037 seconds)
4.28/4.31	['length', 'length', 'add']: UNSAT (0.030 seconds)
4.28/4.34	['length', 'length', 'sub']: UNSAT (0.029 seconds)
4.28/4.37	['length', 'substr', 'substr']: UNSAT (0.059 seconds)
4.38/4.43	['length', 'substr', 'add']: UNSAT (0.042 seconds)
4.38/4.47	['length', 'substr', 'sub']: UNSAT (0.043 seconds)
4.48/4.52	['length', 'add', 'add']: UNSAT (0.038 seconds)
4.48/4.56	['length', 'add', 'sub']: UNSAT (0.037 seconds)
4.48/4.59	['length', 'sub', 'sub']: UNSAT (0.037 seconds)
4.58/4.63	['substr', 'substr', 'substr']: UNSAT (0.068 seconds)
4.68/4.70	['substr', 'substr', 'add']: UNSAT (0.055 seconds)
4.68/4.76	['substr', 'substr', 'sub']: UNSAT (0.056 seconds)
4.78/4.81	['substr', 'add', 'add']: UNSAT (0.049 seconds)
4.78/4.86	['substr', 'add', 'sub']: UNSAT (0.050 seconds)
4.88/4.91	['substr', 'sub', 'sub']: UNSAT (0.053 seconds)
4.88/4.97	['add', 'add', 'add']: UNSAT (0.046 seconds)
4.88/5.01	['add', 'add', 'sub']: UNSAT (0.046 seconds)
5.01/5.06	['add', 'sub', 'sub']: UNSAT (0.048 seconds)
5.01/5.11	['sub', 'sub', 'sub']: UNSAT (0.049 seconds)
5.12/5.16	['concat', 'concat', 'concat', 'concat']: UNSAT (23.008 seconds)
28.13/28.17	['concat', 'concat', 'concat', 'index']: UNSAT (0.073 seconds)
28.19/28.24	['concat', 'concat', 'concat', 'length']: UNSAT (0.061 seconds)
28.29/28.30	['concat', 'concat', 'concat', 'substr']: UNSAT (115.680 seconds)
143.89/143.99	['concat', 'concat', 'concat', 'add']: UNSAT (0.061 seconds)
144.01/144.05	['concat', 'concat', 'concat', 'sub']: UNSAT (0.064 seconds)
144.01/144.11	['concat', 'concat', 'index', 'index']: UNSAT (0.078 seconds)
144.12/144.19	['concat', 'concat', 'index', 'length']: UNSAT (0.061 seconds)
144.18/144.25	['concat', 'concat', 'index', 'substr']: UNSAT (10.104 seconds)
154.28/154.36	['concat', 'concat', 'index', 'add']: UNSAT (0.061 seconds)
154.38/154.42	['concat', 'concat', 'index', 'sub']: UNSAT (0.063 seconds)
154.38/154.48	['concat', 'concat', 'length', 'length']: UNSAT (0.049 seconds)
154.48/154.53	['concat', 'concat', 'length', 'substr']: UNSAT (3.001 seconds)
157.48/157.54	['concat', 'concat', 'length', 'add']: UNSAT (0.050 seconds)
157.48/157.59	['concat', 'concat', 'length', 'sub']: UNSAT (0.056 seconds)
157.58/157.64	['concat', 'concat', 'substr', 'substr']: UNSAT (3.492 seconds)
161.00/161.14	['concat', 'concat', 'substr', 'add']: UNSAT (1.406 seconds)
162.48/162.54	['concat', 'concat', 'substr', 'sub']: UNSAT (0.721 seconds)
163.19/163.27	['concat', 'concat', 'add', 'add']: UNSAT (0.055 seconds)
163.29/163.32	['concat', 'concat', 'add', 'sub']: UNSAT (0.053 seconds)
163.29/163.38	['concat', 'concat', 'sub', 'sub']: UNSAT (0.057 seconds)
163.39/163.43	['concat', 'index', 'index', 'index']: UNSAT (0.080 seconds)
163.49/163.51	['concat', 'index', 'index', 'length']: UNSAT (0.064 seconds)
163.49/163.58	['concat', 'index', 'index', 'substr']: UNSAT (0.914 seconds)
164.39/164.49	['concat', 'index', 'index', 'add']: UNSAT (0.069 seconds)
164.49/164.56	['concat', 'index', 'index', 'sub']: UNSAT (0.069 seconds)
164.59/164.63	['concat', 'index', 'length', 'length']: UNSAT (0.054 seconds)
164.59/164.69	['concat', 'index', 'length', 'substr']: UNSAT (0.473 seconds)
165.12/165.16	['concat', 'index', 'length', 'add']: UNSAT (0.054 seconds)
165.19/165.22	['concat', 'index', 'length', 'sub']: UNSAT (0.055 seconds)
165.19/165.27	['concat', 'index', 'substr', 'substr']: UNSAT (1.289 seconds)
166.49/166.56	['concat', 'index', 'substr', 'add']: UNSAT (0.824 seconds)
167.29/167.39	['concat', 'index', 'substr', 'sub']: UNSAT (0.502 seconds)
167.79/167.89	['concat', 'index', 'add', 'add']: UNSAT (0.066 seconds)
167.89/167.96	['concat', 'index', 'add', 'sub']: UNSAT (0.068 seconds)
167.89/168.03	['concat', 'index', 'sub', 'sub']: UNSAT (0.063 seconds)
168.01/168.09	['concat', 'length', 'length', 'length']: UNSAT (0.040 seconds)
168.01/168.13	['concat', 'length', 'length', 'substr']: UNSAT (0.098 seconds)
168.19/168.23	['concat', 'length', 'length', 'add']: UNSAT (0.042 seconds)
168.19/168.27	['concat', 'length', 'length', 'sub']: UNSAT (0.044 seconds)
168.29/168.32	['concat', 'length', 'substr', 'substr']: UNSAT (0.639 seconds)
168.89/168.96	['concat', 'length', 'substr', 'add']: UNSAT (0.319 seconds)
169.19/169.28	['concat', 'length', 'substr', 'sub']: UNSAT (0.273 seconds)
169.49/169.55	['concat', 'length', 'add', 'add']: UNSAT (0.050 seconds)
169.59/169.60	['concat', 'length', 'add', 'sub']: UNSAT (0.051 seconds)
169.59/169.66	['concat', 'length', 'sub', 'sub']: UNSAT (0.049 seconds)
169.69/169.71	['concat', 'substr', 'substr', 'substr']: UNSAT (0.518 seconds)
170.19/170.22	['concat', 'substr', 'substr', 'add']: UNSAT (0.303 seconds)
170.49/170.53	['concat', 'substr', 'substr', 'sub']: UNSAT (0.376 seconds)
170.89/170.91	['concat', 'substr', 'add', 'add']: UNSAT (0.298 seconds)
171.19/171.20	['concat', 'substr', 'add', 'sub']: UNSAT (0.227 seconds)
171.39/171.43	['concat', 'substr', 'sub', 'sub']: UNSAT (0.185 seconds)
171.59/171.62	['concat', 'add', 'add', 'add']: UNSAT (0.063 seconds)
171.59/171.68	['concat', 'add', 'add', 'sub']: UNSAT (0.060 seconds)
171.69/171.74	['concat', 'add', 'sub', 'sub']: UNSAT (0.060 seconds)
171.78/171.80	['concat', 'sub', 'sub', 'sub']: UNSAT (0.061 seconds)
171.78/171.87	['index', 'index', 'index', 'index']: UNSAT (0.082 seconds)
171.88/171.95	['index', 'index', 'index', 'length']: UNSAT (0.069 seconds)
171.88/172.02	['index', 'index', 'index', 'substr']: UNSAT (0.102 seconds)
172.01/172.12	['index', 'index', 'index', 'add']: UNSAT (0.077 seconds)
172.18/172.20	['index', 'index', 'index', 'sub']: UNSAT (0.079 seconds)
172.18/172.28	['index', 'index', 'length', 'length']: UNSAT (0.055 seconds)
172.28/172.34	['index', 'index', 'length', 'substr']: UNSAT (0.078 seconds)
172.38/172.41	['index', 'index', 'length', 'add']: UNSAT (0.064 seconds)
172.38/172.48	['index', 'index', 'length', 'sub']: UNSAT (0.061 seconds)
172.48/172.54	['index', 'index', 'substr', 'substr']: UNSAT (0.133 seconds)
172.58/172.67	['index', 'index', 'substr', 'add']: UNSAT (0.111 seconds)
172.68/172.79	['index', 'index', 'substr', 'sub']: UNSAT (0.095 seconds)
172.78/172.88	['index', 'index', 'add', 'add']: UNSAT (0.074 seconds)
172.88/172.96	['index', 'index', 'add', 'sub']: UNSAT (0.076 seconds)
172.88/173.03	['index', 'index', 'sub', 'sub']: UNSAT (0.076 seconds)
173.01/173.11	['index', 'length', 'length', 'length']: UNSAT (0.044 seconds)
173.13/173.16	['index', 'length', 'length', 'substr']: UNSAT (0.061 seconds)
173.18/173.22	['index', 'length', 'length', 'add']: UNSAT (0.048 seconds)
173.18/173.27	['index', 'length', 'length', 'sub']: UNSAT (0.048 seconds)
173.28/173.31	['index', 'length', 'substr', 'substr']: UNSAT (0.095 seconds)
173.38/173.41	['index', 'length', 'substr', 'add']: UNSAT (0.093 seconds)
173.48/173.50	['index', 'length', 'substr', 'sub']: UNSAT (0.075 seconds)
173.48/173.58	['index', 'length', 'add', 'add']: UNSAT (0.057 seconds)
173.58/173.64	['index', 'length', 'add', 'sub']: UNSAT (0.060 seconds)
173.68/173.70	['index', 'length', 'sub', 'sub']: UNSAT (0.058 seconds)
173.68/173.76	['index', 'substr', 'substr', 'substr']: UNSAT (0.218 seconds)
173.88/173.98	['index', 'substr', 'substr', 'add']: UNSAT (0.110 seconds)
174.01/174.09	['index', 'substr', 'substr', 'sub']: UNSAT (0.103 seconds)
174.13/174.19	['index', 'substr', 'add', 'add']: UNSAT (0.091 seconds)
174.18/174.28	['index', 'substr', 'add', 'sub']: UNSAT (0.097 seconds)
174.28/174.38	['index', 'substr', 'sub', 'sub']: UNSAT (0.085 seconds)
174.38/174.47	['index', 'add', 'add', 'add']: UNSAT (0.073 seconds)
174.48/174.54	['index', 'add', 'add', 'sub']: UNSAT (0.073 seconds)
174.58/174.61	['index', 'add', 'sub', 'sub']: UNSAT (0.072 seconds)
174.58/174.69	['index', 'sub', 'sub', 'sub']: UNSAT (0.072 seconds)
174.68/174.76	['length', 'length', 'length', 'length']: UNSAT (0.034 seconds)
174.68/174.79	['length', 'length', 'length', 'substr']: UNSAT (0.042 seconds)
174.78/174.84	['length', 'length', 'length', 'add']: UNSAT (0.036 seconds)
174.78/174.87	['length', 'length', 'length', 'sub']: UNSAT (0.037 seconds)
174.88/174.91	['length', 'length', 'substr', 'substr']: UNSAT (0.074 seconds)
174.88/174.99	['length', 'length', 'substr', 'add']: UNSAT (0.056 seconds)
175.01/175.04	['length', 'length', 'substr', 'sub']: UNSAT (0.057 seconds)
175.01/175.10	['length', 'length', 'add', 'add']: UNSAT (0.047 seconds)
175.13/175.15	['length', 'length', 'add', 'sub']: UNSAT (0.046 seconds)
175.18/175.20	['length', 'length', 'sub', 'sub']: UNSAT (0.046 seconds)
175.18/175.24	['length', 'substr', 'substr', 'substr']: UNSAT (0.125 seconds)
175.28/175.37	['length', 'substr', 'substr', 'add']: UNSAT (0.086 seconds)
175.38/175.46	['length', 'substr', 'substr', 'sub']: UNSAT (0.090 seconds)
175.48/175.55	['length', 'substr', 'add', 'add']: UNSAT (0.071 seconds)
175.58/175.62	['length', 'substr', 'add', 'sub']: UNSAT (0.064 seconds)
175.58/175.68	['length', 'substr', 'sub', 'sub']: UNSAT (0.076 seconds)
175.68/175.76	['length', 'add', 'add', 'add']: UNSAT (0.057 seconds)
175.78/175.82	['length', 'add', 'add', 'sub']: UNSAT (0.058 seconds)
175.78/175.88	['length', 'add', 'sub', 'sub']: UNSAT (0.058 seconds)
175.88/175.94	['length', 'sub', 'sub', 'sub']: UNSAT (0.058 seconds)
175.88/175.99	['substr', 'substr', 'substr', 'substr']: UNSAT (0.121 seconds)
176.01/176.12	['substr', 'substr', 'substr', 'add']: UNSAT (0.093 seconds)
176.18/176.21	['substr', 'substr', 'substr', 'sub']: UNSAT (0.093 seconds)
176.28/176.30	['substr', 'substr', 'add', 'add']: UNSAT (0.092 seconds)
176.38/176.40	['substr', 'substr', 'add', 'sub']: UNSAT (0.080 seconds)
176.38/176.48	['substr', 'substr', 'sub', 'sub']: UNSAT (0.084 seconds)
176.48/176.56	['substr', 'add', 'add', 'add']: UNSAT (0.072 seconds)
176.58/176.64	['substr', 'add', 'add', 'sub']: UNSAT (0.069 seconds)
176.68/176.71	['substr', 'add', 'sub', 'sub']: UNSAT (0.069 seconds)
176.68/176.77	['substr', 'sub', 'sub', 'sub']: UNSAT (0.073 seconds)
176.78/176.85	['add', 'add', 'add', 'add']: UNSAT (0.069 seconds)
176.88/176.92	['add', 'add', 'add', 'sub']: UNSAT (0.068 seconds)
176.88/176.99	['add', 'add', 'sub', 'sub']: UNSAT (0.069 seconds)
177.01/177.06	['add', 'sub', 'sub', 'sub']: UNSAT (0.070 seconds)
177.01/177.13	['sub', 'sub', 'sub', 'sub']: UNSAT (0.069 seconds)
177.18/177.20	['concat', 'concat', 'concat', 'concat', 'concat']: 