0.13/0.20	=== Examples (../../dataset/examples/examples-17.json)
0.13/0.20	IO(inputs=('Quisque sollicitudin volutpat.',), output='Quisque sollicitudin...')
0.13/0.20	IO(inputs=('In viverra in mi non turpis duis.',), output='In viverra in mi non...')
0.13/0.20	=== Library
0.13/0.20	concat
0.13/0.20	index
0.13/0.20	length
0.13/0.20	substr
0.13/0.20	add
0.13/0.20	sub
0.13/0.20	=== Synthesis
0.13/0.20	['concat']: UNSAT (0.027 seconds)
0.13/0.23	['index']: UNSAT (0.027 seconds)
0.13/0.26	['length']: UNSAT (0.020 seconds)
0.13/0.28	['substr']: UNSAT (0.029 seconds)
0.28/0.31	['add']: UNSAT (0.024 seconds)
0.28/0.33	['sub']: UNSAT (0.024 seconds)
0.28/0.36	['concat', 'concat']: UNSAT (0.048 seconds)
0.37/0.41	['concat', 'index']: UNSAT (0.043 seconds)
0.37/0.45	['concat', 'length']: UNSAT (0.034 seconds)
0.48/0.49	['concat', 'substr']: UNSAT (0.125 seconds)
0.56/0.61	['concat', 'add']: UNSAT (0.030 seconds)
0.62/0.64	['concat', 'sub']: UNSAT (0.029 seconds)
0.62/0.67	['index', 'index']: UNSAT (0.038 seconds)
0.68/0.71	['index', 'length']: UNSAT (0.030 seconds)
0.68/0.74	['index', 'substr']: UNSAT (0.151 seconds)
0.78/0.89	['index', 'add']: UNSAT (0.033 seconds)
0.88/0.93	['index', 'sub']: UNSAT (0.033 seconds)
0.88/0.96	['length', 'length']: UNSAT (0.021 seconds)
0.88/0.98	['length', 'substr']: UNSAT (0.061 seconds)
1.02/1.04	['length', 'add']: UNSAT (0.024 seconds)
1.02/1.07	['length', 'sub']: UNSAT (0.024 seconds)
1.02/1.09	['substr', 'substr']: UNSAT (0.042 seconds)
1.12/1.14	['substr', 'add']: UNSAT (0.037 seconds)
1.12/1.17	['substr', 'sub']: UNSAT (0.051 seconds)
1.18/1.23	['add', 'add']: UNSAT (0.031 seconds)
1.18/1.26	['add', 'sub']: UNSAT (0.030 seconds)
1.18/1.29	['sub', 'sub']: UNSAT (0.031 seconds)
1.28/1.32	['concat', 'concat', 'concat']: UNSAT (0.255 seconds)
1.48/1.58	['concat', 'concat', 'index']: UNSAT (0.052 seconds)
1.58/1.63	['concat', 'concat', 'length']: UNSAT (0.041 seconds)
1.58/1.67	['concat', 'concat', 'substr']: UNSAT (3.399 seconds)
5.02/5.07	['concat', 'concat', 'add']: UNSAT (0.041 seconds)
5.02/5.12	['concat', 'concat', 'sub']: UNSAT (0.042 seconds)
5.12/5.16	['concat', 'index', 'index']: UNSAT (0.058 seconds)
5.19/5.22	['concat', 'index', 'length']: UNSAT (0.043 seconds)
5.19/5.26	['concat', 'index', 'substr']: UNSAT (3.876 seconds)
9.12/9.14	['concat', 'index', 'add']: UNSAT (0.046 seconds)
9.12/9.18	['concat', 'index', 'sub']: UNSAT (0.047 seconds)
9.19/9.23	['concat', 'length', 'length']: UNSAT (0.032 seconds)
9.19/9.26	['concat', 'length', 'substr']: UNSAT (0.424 seconds)
9.59/9.69	['concat', 'length', 'add']: UNSAT (0.034 seconds)
9.69/9.72	['concat', 'length', 'sub']: UNSAT (0.037 seconds)
9.69/9.76	['concat', 'substr', 'substr']: UNSAT (0.139 seconds)
9.89/9.90	['concat', 'substr', 'add']: UNSAT (0.204 seconds)
10.02/10.11	['concat', 'substr', 'sub']: SAT (0.229 seconds)
10.29/10.34	concat(substr(arg0, sub(20, 20), 20), '...')
