0.11/0.20	=== Examples (../../dataset/examples/examples-15.json)
0.11/0.20	IO(inputs=('abc',), output='ABC')
0.11/0.20	IO(inputs=('aBcdef',), output='ABCDEF')
0.11/0.20	=== Library
0.11/0.20	concat
0.11/0.20	index
0.11/0.20	length
0.11/0.20	substr
0.11/0.20	add
0.11/0.20	sub
0.11/0.20	=== Synthesis
0.11/0.20	['concat']: UNSAT (0.026 seconds)
0.11/0.23	['index']: UNSAT (0.026 seconds)
0.11/0.26	['length']: UNSAT (0.020 seconds)
0.11/0.28	['substr']: UNSAT (0.028 seconds)
0.26/0.31	['add']: UNSAT (0.023 seconds)
0.26/0.33	['sub']: UNSAT (0.023 seconds)
0.26/0.35	['concat', 'concat']: UNSAT (0.044 seconds)
0.36/0.40	['concat', 'index']: UNSAT (0.043 seconds)
0.36/0.44	['concat', 'length']: UNSAT (0.033 seconds)
0.36/0.48	['concat', 'substr']: UNSAT (0.061 seconds)
0.46/0.54	['concat', 'add']: UNSAT (0.036 seconds)
0.46/0.57	['concat', 'sub']: UNSAT (0.035 seconds)
0.56/0.61	['index', 'index']: UNSAT (0.040 seconds)
0.63/0.65	['index', 'length']: UNSAT (0.027 seconds)
0.63/0.68	['index', 'substr']: UNSAT (0.041 seconds)
0.69/0.72	['index', 'add']: UNSAT (0.034 seconds)
0.69/0.76	['index', 'sub']: UNSAT (0.032 seconds)
0.69/0.79	['length', 'length']: UNSAT (0.021 seconds)
0.79/0.81	['length', 'substr']: UNSAT (0.031 seconds)
0.79/0.84	['length', 'add']: UNSAT (0.024 seconds)
0.79/0.87	['length', 'sub']: UNSAT (0.024 seconds)
0.79/0.89	['substr', 'substr']: UNSAT (0.044 seconds)
0.89/0.94	['substr', 'add']: UNSAT (0.037 seconds)
0.89/0.97	['substr', 'sub']: UNSAT (0.036 seconds)
0.89/1.01	['add', 'add']: UNSAT (0.032 seconds)
1.01/1.04	['add', 'sub']: UNSAT (0.031 seconds)
1.01/1.07	['sub', 'sub']: UNSAT (0.031 seconds)
1.01/1.11	['concat', 'concat', 'concat']: UNSAT (0.116 seconds)
1.19/1.22	['concat', 'concat', 'index']: UNSAT (0.053 seconds)
1.19/1.28	['concat', 'concat', 'length']: UNSAT (0.042 seconds)
1.29/1.32	['concat', 'concat', 'substr']: UNSAT (1.102 seconds)
2.39/2.42	['concat', 'concat', 'add']: UNSAT (0.041 seconds)
2.39/2.47	['concat', 'concat', 'sub']: UNSAT (0.042 seconds)
2.49/2.51	['concat', 'index', 'index']: UNSAT (0.049 seconds)
2.49/2.56	['concat', 'index', 'length']: UNSAT (0.038 seconds)
2.59/2.60	['concat', 'index', 'substr']: UNSAT (0.303 seconds)
2.89/2.90	['concat', 'index', 'add']: UNSAT (0.043 seconds)
2.89/2.94	['concat', 'index', 'sub']: UNSAT (0.042 seconds)
2.89/2.99	['concat', 'length', 'length']: UNSAT (0.034 seconds)
2.89/3.02	['concat', 'length', 'substr']: UNSAT (0.187 seconds)
3.19/3.21	['concat', 'length', 'add']: UNSAT (0.032 seconds)
3.19/3.24	['concat', 'length', 'sub']: UNSAT (0.036 seconds)
3.19/3.28	['concat', 'substr', 'substr']: UNSAT (0.133 seconds)
3.39/3.41	['concat', 'substr', 'add']: UNSAT (0.151 seconds)
3.49/3.56	['concat', 'substr', 'sub']: UNSAT (0.068 seconds)
3.59/3.63	['concat', 'add', 'add']: UNSAT (0.038 seconds)
3.59/3.67	['concat', 'add', 'sub']: UNSAT (0.037 seconds)
3.68/3.71	['concat', 'sub', 'sub']: UNSAT (0.037 seconds)
3.68/3.75	['index', 'index', 'index']: UNSAT (0.056 seconds)
3.78/3.80	['index', 'index', 'length']: UNSAT (0.043 seconds)
3.78/3.85	['index', 'index', 'substr']: UNSAT (0.112 seconds)
3.88/3.96	['index', 'index', 'add']: UNSAT (0.050 seconds)
3.88/4.01	['index', 'index', 'sub']: UNSAT (0.048 seconds)
4.00/4.06	['index', 'length', 'length']: UNSAT (0.037 seconds)
4.00/4.10	['index', 'length', 'substr']: UNSAT (0.044 seconds)
4.12/4.14	['index', 'length', 'add']: UNSAT (0.041 seconds)
4.12/4.19	['index', 'length', 'sub']: UNSAT (0.038 seconds)
4.19/4.22	['index', 'substr', 'substr']: UNSAT (0.076 seconds)
4.29/4.30	['index', 'substr', 'add']: UNSAT (0.057 seconds)
4.29/4.36	['index', 'substr', 'sub']: UNSAT (0.056 seconds)
4.39/4.42	['index', 'add', 'add']: UNSAT (0.046 seconds)
4.39/4.46	['index', 'add', 'sub']: UNSAT (0.047 seconds)
4.49/4.51	['index', 'sub', 'sub']: UNSAT (0.044 seconds)
4.49/4.55	['length', 'length', 'length']: UNSAT (0.024 seconds)
4.49/4.58	['length', 'length', 'substr']: UNSAT (0.041 seconds)
4.59/4.62	['length', 'length', 'add']: UNSAT (0.029 seconds)
4.59/4.65	['length', 'length', 'sub']: UNSAT (0.027 seconds)
4.59/4.68	['length', 'substr', 'substr']: UNSAT (0.062 seconds)
4.69/4.74	['length', 'substr', 'add']: UNSAT (0.042 seconds)
4.69/4.78	['length', 'substr', 'sub']: UNSAT (0.043 seconds)
4.79/4.83	['length', 'add', 'add']: UNSAT (0.034 seconds)
4.79/4.86	['length', 'add', 'sub']: UNSAT (0.033 seconds)
4.89/4.90	['length', 'sub', 'sub']: UNSAT (0.036 seconds)
4.89/4.93	['substr', 'substr', 'substr']: UNSAT (0.064 seconds)
4.89/5.00	['substr', 'substr', 'add']: UNSAT (0.057 seconds)
5.02/5.06	['substr', 'substr', 'sub']: UNSAT (0.053 seconds)
5.02/5.11	['substr', 'add', 'add']: UNSAT (0.052 seconds)
5.13/5.16	['substr', 'add', 'sub']: UNSAT (0.055 seconds)
5.18/5.22	['substr', 'sub', 'sub']: UNSAT (0.048 seconds)
5.18/5.27	['add', 'add', 'add']: UNSAT (0.043 seconds)
5.28/5.31	['add', 'add', 'sub']: UNSAT (0.045 seconds)
5.28/5.36	['add', 'sub', 'sub']: UNSAT (0.043 seconds)
5.38/5.40	['sub', 'sub', 'sub']: UNSAT (0.044 seconds)
5.38/5.45	['concat', 'concat', 'concat', 'concat']: UNSAT (11.191 seconds)
16.59/16.64	['concat', 'concat', 'concat', 'index']: UNSAT (0.073 seconds)
16.68/16.71	['concat', 'concat', 'concat', 'length']: UNSAT (0.061 seconds)
16.68/16.77	['concat', 'concat', 'concat', 'substr']: 