0.12/0.21	=== Examples (../../dataset/examples/examples-84.json)
0.12/0.21	IO(inputs=('George Michael',), output='https://georgemichael.com')
0.12/0.21	IO(inputs=('Maebe Bluth',), output='https://maebebluth.com')
0.12/0.21	=== Library
0.12/0.21	concat
0.12/0.21	index
0.12/0.21	length
0.12/0.21	substr
0.12/0.21	add
0.12/0.21	sub
0.12/0.21	=== Synthesis
0.12/0.21	['concat']: UNSAT (0.028 seconds)
0.12/0.24	['index']: UNSAT (0.026 seconds)
0.12/0.27	['length']: UNSAT (0.020 seconds)
0.25/0.29	['substr']: UNSAT (0.030 seconds)
0.25/0.32	['add']: UNSAT (0.025 seconds)
0.25/0.34	['sub']: UNSAT (0.024 seconds)
0.34/0.37	['concat', 'concat']: UNSAT (0.072 seconds)
0.34/0.44	['concat', 'index']: UNSAT (0.044 seconds)
0.45/0.49	['concat', 'length']: UNSAT (0.033 seconds)
0.45/0.52	['concat', 'substr']: UNSAT (0.065 seconds)
0.56/0.59	['concat', 'add']: UNSAT (0.036 seconds)
0.56/0.62	['concat', 'sub']: UNSAT (0.037 seconds)
0.63/0.66	['index', 'index']: UNSAT (0.043 seconds)
0.69/0.70	['index', 'length']: UNSAT (0.028 seconds)
0.69/0.73	['index', 'substr']: UNSAT (0.039 seconds)
0.69/0.77	['index', 'add']: UNSAT (0.031 seconds)
0.79/0.80	['index', 'sub']: UNSAT (0.033 seconds)
0.79/0.84	['length', 'length']: UNSAT (0.020 seconds)
0.79/0.86	['length', 'substr']: UNSAT (0.031 seconds)
0.79/0.89	['length', 'add']: UNSAT (0.025 seconds)
0.89/0.92	['length', 'sub']: UNSAT (0.023 seconds)
0.89/0.94	['substr', 'substr']: UNSAT (0.039 seconds)
0.89/0.98	['substr', 'add']: UNSAT (0.034 seconds)
0.89/1.02	['substr', 'sub']: UNSAT (0.034 seconds)
1.01/1.05	['add', 'add']: UNSAT (0.029 seconds)
1.01/1.08	['add', 'sub']: UNSAT (0.029 seconds)
1.01/1.11	['sub', 'sub']: UNSAT (0.029 seconds)
1.01/1.14	['concat', 'concat', 'concat']: UNSAT (0.781 seconds)
1.89/1.92	['concat', 'concat', 'index']: UNSAT (0.050 seconds)
1.89/1.97	['concat', 'concat', 'length']: UNSAT (0.040 seconds)
1.89/2.01	['concat', 'concat', 'substr']: UNSAT (0.370 seconds)
2.29/2.38	['concat', 'concat', 'add']: UNSAT (0.042 seconds)
2.39/2.42	['concat', 'concat', 'sub']: UNSAT (0.042 seconds)
2.39/2.47	['concat', 'index', 'index']: UNSAT (0.054 seconds)
2.49/2.52	['concat', 'index', 'length']: UNSAT (0.042 seconds)
2.49/2.56	['concat', 'index', 'substr']: UNSAT (0.094 seconds)
2.59/2.66	['concat', 'index', 'add']: UNSAT (0.045 seconds)
2.69/2.70	['concat', 'index', 'sub']: UNSAT (0.046 seconds)
2.69/2.75	['concat', 'length', 'length']: UNSAT (0.033 seconds)
2.69/2.78	['concat', 'length', 'substr']: UNSAT (0.062 seconds)
2.79/2.85	['concat', 'length', 'add']: UNSAT (0.035 seconds)
2.79/2.88	['concat', 'length', 'sub']: UNSAT (0.036 seconds)
2.89/2.92	['concat', 'substr', 'substr']: UNSAT (0.108 seconds)
2.89/3.03	['concat', 'substr', 'add']: UNSAT (0.054 seconds)
3.01/3.08	['concat', 'substr', 'sub']: UNSAT (0.056 seconds)
3.13/3.14	['concat', 'add', 'add']: UNSAT (0.040 seconds)
3.13/3.18	['concat', 'add', 'sub']: UNSAT (0.040 seconds)
3.19/3.22	['concat', 'sub', 'sub']: UNSAT (0.041 seconds)
3.19/3.26	['index', 'index', 'index']: UNSAT (0.056 seconds)
3.29/3.32	['index', 'index', 'length']: UNSAT (0.049 seconds)
3.29/3.37	['index', 'index', 'substr']: UNSAT (0.065 seconds)
3.39/3.44	['index', 'index', 'add']: UNSAT (0.051 seconds)
3.39/3.49	['index', 'index', 'sub']: UNSAT (0.050 seconds)
3.49/3.54	['index', 'length', 'length']: UNSAT (0.036 seconds)
3.49/3.58	['index', 'length', 'substr']: UNSAT (0.048 seconds)
3.59/3.63	['index', 'length', 'add']: UNSAT (0.040 seconds)
3.59/3.67	['index', 'length', 'sub']: UNSAT (0.039 seconds)
3.69/3.71	['index', 'substr', 'substr']: UNSAT (0.088 seconds)
3.79/3.80	['index', 'substr', 'add']: UNSAT (0.059 seconds)
3.79/3.86	['index', 'substr', 'sub']: UNSAT (0.057 seconds)
3.89/3.91	['index', 'add', 'add']: UNSAT (0.048 seconds)
3.89/3.96	['index', 'add', 'sub']: UNSAT (0.047 seconds)
3.89/4.01	['index', 'sub', 'sub']: UNSAT (0.048 seconds)
4.02/4.06	['length', 'length', 'length']: UNSAT (0.026 seconds)
4.02/4.09	['length', 'length', 'substr']: UNSAT (0.038 seconds)
4.02/4.13	['length', 'length', 'add']: UNSAT (0.030 seconds)
4.13/4.16	['length', 'length', 'sub']: UNSAT (0.030 seconds)
4.13/4.19	['length', 'substr', 'substr']: UNSAT (0.060 seconds)
4.19/4.25	['length', 'substr', 'add']: UNSAT (0.044 seconds)
4.19/4.29	['length', 'substr', 'sub']: UNSAT (0.044 seconds)
4.29/4.34	['length', 'add', 'add']: UNSAT (0.037 seconds)
4.29/4.38	['length', 'add', 'sub']: UNSAT (0.038 seconds)
4.39/4.42	['length', 'sub', 'sub']: UNSAT (0.037 seconds)
4.39/4.45	['substr', 'substr', 'substr']: UNSAT (0.070 seconds)
4.49/4.53	['substr', 'substr', 'add']: UNSAT (0.056 seconds)
4.49/4.58	['substr', 'substr', 'sub']: UNSAT (0.057 seconds)
4.59/4.64	['substr', 'add', 'add']: UNSAT (0.052 seconds)
4.59/4.69	['substr', 'add', 'sub']: UNSAT (0.051 seconds)
4.69/4.74	['substr', 'sub', 'sub']: UNSAT (0.051 seconds)
4.69/4.80	['add', 'add', 'add']: UNSAT (0.046 seconds)
4.79/4.84	['add', 'add', 'sub']: UNSAT (0.045 seconds)
4.79/4.89	['add', 'sub', 'sub']: UNSAT (0.046 seconds)
4.89/4.93	['sub', 'sub', 'sub']: UNSAT (0.046 seconds)
4.89/4.98	['concat', 'concat', 'concat', 'concat']: UNSAT (306.288 seconds)
311.21/311.27	['concat', 'concat', 'concat', 'index']: UNSAT (0.076 seconds)
311.32/311.35	['concat', 'concat', 'concat', 'length']: UNSAT (0.063 seconds)
311.39/311.41	['concat', 'concat', 'concat', 'substr']: UNSAT (133.678 seconds)
444.98/445.09	['concat', 'concat', 'concat', 'add']: UNSAT (0.066 seconds)
445.07/445.16	['concat', 'concat', 'concat', 'sub']: UNSAT (0.060 seconds)
445.07/445.22	['concat', 'concat', 'index', 'index']: UNSAT (0.080 seconds)
445.20/445.30	['concat', 'concat', 'index', 'length']: UNSAT (0.064 seconds)
445.31/445.36	['concat', 'concat', 'index', 'substr']: UNSAT (7.201 seconds)
452.48/452.57	['concat', 'concat', 'index', 'add']: UNSAT (0.062 seconds)
452.58/452.63	['concat', 'concat', 'index', 'sub']: UNSAT (0.065 seconds)
452.58/452.69	['concat', 'concat', 'length', 'length']: UNSAT (0.047 seconds)
452.68/452.74	['concat', 'concat', 'length', 'substr']: UNSAT (1.486 seconds)
454.08/454.23	['concat', 'concat', 'length', 'add']: UNSAT (0.049 seconds)
454.20/454.28	['concat', 'concat', 'length', 'sub']: UNSAT (0.053 seconds)
454.20/454.33	['concat', 'concat', 'substr', 'substr']: UNSAT (1.584 seconds)
455.88/455.92	['concat', 'concat', 'substr', 'add']: UNSAT (1.053 seconds)
456.88/456.97	['concat', 'concat', 'substr', 'sub']: UNSAT (1.147 seconds)
458.08/458.12	['concat', 'concat', 'add', 'add']: UNSAT (0.057 seconds)
458.08/458.18	['concat', 'concat', 'add', 'sub']: UNSAT (0.057 seconds)
458.08/458.23	['concat', 'concat', 'sub', 'sub']: UNSAT (0.055 seconds)
458.20/458.29	['concat', 'index', 'index', 'index']: UNSAT (0.082 seconds)
458.32/458.37	['concat', 'index', 'index', 'length']: UNSAT (0.067 seconds)
458.38/458.44	['concat', 'index', 'index', 'substr']: UNSAT (0.293 seconds)
458.68/458.73	['concat', 'index', 'index', 'add']: UNSAT (0.067 seconds)
458.78/458.80	['concat', 'index', 'index', 'sub']: UNSAT (0.072 seconds)
458.78/458.88	['concat', 'index', 'length', 'length']: UNSAT (0.053 seconds)
458.88/458.93	['concat', 'index', 'length', 'substr']: UNSAT (0.196 seconds)
459.08/459.13	['concat', 'index', 'length', 'add']: UNSAT (0.054 seconds)
459.08/459.18	['concat', 'index', 'length', 'sub']: UNSAT (0.056 seconds)
459.20/459.24	['concat', 'index', 'substr', 'substr']: UNSAT (0.378 seconds)
459.58/459.62	['concat', 'index', 'substr', 'add']: UNSAT (0.216 seconds)
459.78/459.83	['concat', 'index', 'substr', 'sub']: UNSAT (0.174 seconds)
459.98/460.01	['concat', 'index', 'add', 'add']: UNSAT (0.064 seconds)
459.98/460.07	['concat', 'index', 'add', 'sub']: UNSAT (0.062 seconds)
460.08/460.14	['concat', 'index', 'sub', 'sub']: UNSAT (0.062 seconds)
460.08/460.20	['concat', 'length', 'length', 'length']: UNSAT (0.041 seconds)
460.20/460.24	['concat', 'length', 'length', 'substr']: UNSAT (0.097 seconds)
460.31/460.34	['concat', 'length', 'length', 'add']: UNSAT (0.046 seconds)
460.31/460.38	['concat', 'length', 'length', 'sub']: UNSAT (0.043 seconds)
460.38/460.43	['concat', 'length', 'substr', 'substr']: UNSAT (0.335 seconds)
460.68/460.77	['concat', 'length', 'substr', 'add']: UNSAT (0.114 seconds)
460.78/460.88	['concat', 'length', 'substr', 'sub']: UNSAT (0.127 seconds)
460.98/461.01	['concat', 'length', 'add', 'add']: UNSAT (0.048 seconds)
460.98/461.06	['concat', 'length', 'add', 'sub']: UNSAT (0.049 seconds)
461.08/461.11	['concat', 'length', 'sub', 'sub']: UNSAT (0.050 seconds)
461.08/461.16	['concat', 'substr', 'substr', 'substr']: UNSAT (0.410 seconds)
461.48/461.57	['concat', 'substr', 'substr', 'add']: UNSAT (0.215 seconds)
461.68/461.78	['concat', 'substr', 'substr', 'sub']: UNSAT (0.266 seconds)
461.98/462.05	['concat', 'substr', 'add', 'add']: UNSAT (0.114 seconds)
462.08/462.17	['concat', 'substr', 'add', 'sub']: UNSAT (0.132 seconds)
462.20/462.30	['concat', 'substr', 'sub', 'sub']: UNSAT (0.131 seconds)
462.38/462.43	['concat', 'add', 'add', 'add']: UNSAT (0.061 seconds)
462.38/462.49	['concat', 'add', 'add', 'sub']: UNSAT (0.058 seconds)
462.48/462.55	['concat', 'add', 'sub', 'sub']: UNSAT (0.060 seconds)
462.58/462.61	['concat', 'sub', 'sub', 'sub']: UNSAT (0.060 seconds)
462.58/462.67	['index', 'index', 'index', 'index']: UNSAT (0.082 seconds)
462.68/462.75	['index', 'index', 'index', 'length']: UNSAT (0.070 seconds)
462.78/462.83	['index', 'index', 'index', 'substr']: UNSAT (0.108 seconds)
462.88/462.93	['index', 'index', 'index', 'add']: UNSAT (0.075 seconds)
462.98/463.01	['index', 'index', 'index', 'sub']: UNSAT (0.074 seconds)
462.98/463.09	['index', 'index', 'length', 'length']: UNSAT (0.051 seconds)
463.08/463.14	['index', 'index', 'length', 'substr']: UNSAT (0.077 seconds)
463.08/463.22	['index', 'index', 'length', 'add']: UNSAT (0.059 seconds)
463.20/463.28	['index', 'index', 'length', 'sub']: UNSAT (0.063 seconds)
463.31/463.34	['index', 'index', 'substr', 'substr']: UNSAT (0.136 seconds)
463.38/463.48	['index', 'index', 'substr', 'add']: UNSAT (0.128 seconds)
463.58/463.61	['index', 'index', 'substr', 'sub']: UNSAT (0.109 seconds)
463.68/463.72	['index', 'index', 'add', 'add']: UNSAT (0.070 seconds)
463.68/463.79	['index', 'index', 'add', 'sub']: UNSAT (0.077 seconds)
463.78/463.86	['index', 'index', 'sub', 'sub']: UNSAT (0.072 seconds)
463.88/463.94	['index', 'length', 'length', 'length']: UNSAT (0.045 seconds)
463.88/463.98	['index', 'length', 'length', 'substr']: UNSAT (0.065 seconds)
463.98/464.05	['index', 'length', 'length', 'add']: UNSAT (0.048 seconds)
464.08/464.10	['index', 'length', 'length', 'sub']: UNSAT (0.048 seconds)
464.08/464.15	['index', 'length', 'substr', 'substr']: UNSAT (0.090 seconds)
464.20/464.24	['index', 'length', 'substr', 'add']: UNSAT (0.095 seconds)
464.20/464.33	['index', 'length', 'substr', 'sub']: UNSAT (0.077 seconds)
464.37/464.41	['index', 'length', 'add', 'add']: UNSAT (0.053 seconds)
464.37/464.47	['index', 'length', 'add', 'sub']: UNSAT (0.058 seconds)
464.47/464.52	['index', 'length', 'sub', 'sub']: UNSAT (0.054 seconds)
464.47/464.58	['index', 'substr', 'substr', 'substr']: UNSAT (0.169 seconds)
464.68/464.75	['index', 'substr', 'substr', 'add']: UNSAT (0.107 seconds)
464.78/464.86	['index', 'substr', 'substr', 'sub']: UNSAT (0.105 seconds)
464.88/464.96	['index', 'substr', 'add', 'add']: UNSAT (0.087 seconds)
464.98/465.05	['index', 'substr', 'add', 'sub']: UNSAT (0.095 seconds)
465.08/465.15	['index', 'substr', 'sub', 'sub']: UNSAT (0.086 seconds)
465.08/465.23	['index', 'add', 'add', 'add']: UNSAT (0.074 seconds)
465.20/465.31	['index', 'add', 'add', 'sub']: UNSAT (0.074 seconds)
465.32/465.38	['index', 'add', 'sub', 'sub']: UNSAT (0.067 seconds)
465.38/465.45	['index', 'sub', 'sub', 'sub']: UNSAT (0.068 seconds)
465.48/465.52	['length', 'length', 'length', 'length']: UNSAT (0.033 seconds)
465.48/465.55	['length', 'length', 'length', 'substr']: UNSAT (0.043 seconds)
465.58/465.60	['length', 'length', 'length', 'add']: UNSAT (0.037 seconds)
465.58/465.64	['length', 'length', 'length', 'sub']: UNSAT (0.036 seconds)
465.58/465.67	['length', 'length', 'substr', 'substr']: UNSAT (0.107 seconds)
465.68/465.78	['length', 'length', 'substr', 'add']: UNSAT (0.055 seconds)
465.78/465.84	['length', 'length', 'substr', 'sub']: UNSAT (0.062 seconds)
465.88/465.90	['length', 'length', 'add', 'add']: UNSAT (0.047 seconds)
465.88/465.95	['length', 'length', 'add', 'sub']: UNSAT (0.046 seconds)
465.88/465.99	['length', 'length', 'sub', 'sub']: UNSAT (0.046 seconds)
465.98/466.04	['length', 'substr', 'substr', 'substr']: UNSAT (0.167 seconds)
466.08/466.21	['length', 'substr', 'substr', 'add']: UNSAT (0.089 seconds)
466.20/466.30	['length', 'substr', 'substr', 'sub']: UNSAT (0.088 seconds)
466.32/466.39	['length', 'substr', 'add', 'add']: UNSAT (0.072 seconds)
466.38/466.46	['length', 'substr', 'add', 'sub']: UNSAT (0.064 seconds)
466.48/466.52	['length', 'substr', 'sub', 'sub']: UNSAT (0.071 seconds)
466.58/466.60	['length', 'add', 'add', 'add']: UNSAT (0.052 seconds)
466.58/466.65	['length', 'add', 'add', 'sub']: UNSAT (0.054 seconds)
466.68/466.70	['length', 'add', 'sub', 'sub']: UNSAT (0.051 seconds)
466.68/466.76	['length', 'sub', 'sub', 'sub']: UNSAT (0.054 seconds)
466.78/466.81	['substr', 'substr', 'substr', 'substr']: UNSAT (0.134 seconds)
466.88/466.95	['substr', 'substr', 'substr', 'add']: UNSAT (0.097 seconds)
466.98/467.04	['substr', 'substr', 'substr', 'sub']: UNSAT (0.095 seconds)
467.08/467.14	['substr', 'substr', 'add', 'add']: UNSAT (0.093 seconds)
467.08/467.23	['substr', 'substr', 'add', 'sub']: UNSAT (0.080 seconds)
467.20/467.31	['substr', 'substr', 'sub', 'sub']: UNSAT (0.085 seconds)
467.38/467.40	['substr', 'add', 'add', 'add']: UNSAT (0.080 seconds)
467.38/467.48	['substr', 'add', 'add', 'sub']: UNSAT (0.069 seconds)
467.48/467.55	['substr', 'add', 'sub', 'sub']: UNSAT (0.070 seconds)
467.58/467.62	['substr', 'sub', 'sub', 'sub']: UNSAT (0.073 seconds)
467.58/467.70	['add', 'add', 'add', 'add']: UNSAT (0.064 seconds)
467.68/467.76	['add', 'add', 'add', 'sub']: UNSAT (0.063 seconds)
467.78/467.82	['add', 'add', 'sub', 'sub']: UNSAT (0.062 seconds)
467.78/467.89	['add', 'sub', 'sub', 'sub']: UNSAT (0.067 seconds)
467.88/467.96	['sub', 'sub', 'sub', 'sub']: UNSAT (0.068 seconds)
467.98/468.03	['concat', 'concat', 'concat', 'concat', 'concat']: 