0.13/0.20	=== Examples (../../dataset/examples/examples-71.json)
0.13/0.20	IO(inputs=('take seven',), output='take se')
0.13/0.20	IO(inputs=(' and then trim it',), output='and th')
0.13/0.20	=== Library
0.13/0.20	concat
0.13/0.20	index
0.13/0.20	length
0.13/0.20	substr
0.13/0.20	add
0.13/0.20	sub
0.13/0.20	=== Synthesis
0.13/0.20	['concat']: UNSAT (0.026 seconds)
0.13/0.22	['index']: UNSAT (0.025 seconds)
0.13/0.25	['length']: UNSAT (0.019 seconds)
0.13/0.27	['substr']: UNSAT (0.028 seconds)
0.13/0.30	['add']: UNSAT (0.022 seconds)
0.28/0.32	['sub']: UNSAT (0.022 seconds)
0.28/0.35	['concat', 'concat']: UNSAT (0.044 seconds)
0.28/0.39	['concat', 'index']: UNSAT (0.042 seconds)
0.38/0.43	['concat', 'length']: UNSAT (0.032 seconds)
0.45/0.46	['concat', 'substr']: UNSAT (0.069 seconds)
0.45/0.54	['concat', 'add']: UNSAT (0.035 seconds)
0.55/0.57	['concat', 'sub']: UNSAT (0.034 seconds)
0.55/0.61	['index', 'index']: UNSAT (0.045 seconds)
0.62/0.65	['index', 'length']: UNSAT (0.027 seconds)
0.62/0.68	['index', 'substr']: UNSAT (0.098 seconds)
0.69/0.78	['index', 'add']: UNSAT (0.030 seconds)
0.79/0.81	['index', 'sub']: UNSAT (0.031 seconds)
0.79/0.84	['length', 'length']: UNSAT (0.020 seconds)
0.79/0.86	['length', 'substr']: UNSAT (0.032 seconds)
0.79/0.90	['length', 'add']: UNSAT (0.023 seconds)
0.89/0.92	['length', 'sub']: UNSAT (0.023 seconds)
0.89/0.94	['substr', 'substr']: UNSAT (0.038 seconds)
0.89/0.98	['substr', 'add']: UNSAT (0.034 seconds)
0.89/1.02	['substr', 'sub']: UNSAT (0.033 seconds)
1.02/1.05	['add', 'add']: UNSAT (0.028 seconds)
1.02/1.08	['add', 'sub']: UNSAT (0.029 seconds)
1.02/1.11	['sub', 'sub']: UNSAT (0.028 seconds)
1.02/1.14	['concat', 'concat', 'concat']: UNSAT (0.144 seconds)
1.19/1.28	['concat', 'concat', 'index']: UNSAT (0.048 seconds)
1.29/1.33	['concat', 'concat', 'length']: UNSAT (0.039 seconds)
1.29/1.37	['concat', 'concat', 'substr']: UNSAT (0.200 seconds)
1.49/1.57	['concat', 'concat', 'add']: UNSAT (0.042 seconds)
1.59/1.61	['concat', 'concat', 'sub']: UNSAT (0.040 seconds)
1.59/1.66	['concat', 'index', 'index']: UNSAT (0.054 seconds)
1.69/1.71	['concat', 'index', 'length']: UNSAT (0.041 seconds)
1.69/1.75	['concat', 'index', 'substr']: UNSAT (1.035 seconds)
2.69/2.79	['concat', 'index', 'add']: UNSAT (0.044 seconds)
2.79/2.83	['concat', 'index', 'sub']: UNSAT (0.044 seconds)
2.79/2.88	['concat', 'length', 'length']: UNSAT (0.032 seconds)
2.89/2.91	['concat', 'length', 'substr']: UNSAT (0.082 seconds)
2.89/2.99	['concat', 'length', 'add']: UNSAT (0.034 seconds)
2.89/3.03	['concat', 'length', 'sub']: UNSAT (0.033 seconds)
3.03/3.06	['concat', 'substr', 'substr']: UNSAT (0.142 seconds)
3.19/3.20	['concat', 'substr', 'add']: UNSAT (0.073 seconds)
3.19/3.28	['concat', 'substr', 'sub']: UNSAT (0.058 seconds)
3.29/3.34	['concat', 'add', 'add']: UNSAT (0.039 seconds)
3.29/3.38	['concat', 'add', 'sub']: UNSAT (0.039 seconds)
3.39/3.42	['concat', 'sub', 'sub']: UNSAT (0.040 seconds)
3.39/3.46	['index', 'index', 'index']: UNSAT (0.056 seconds)
3.49/3.51	['index', 'index', 'length']: UNSAT (0.044 seconds)
3.49/3.56	['index', 'index', 'substr']: UNSAT (0.285 seconds)
3.79/3.84	['index', 'index', 'add']: UNSAT (0.048 seconds)
3.79/3.89	['index', 'index', 'sub']: UNSAT (0.049 seconds)
3.89/3.94	['index', 'length', 'length']: UNSAT (0.034 seconds)
3.89/3.98	['index', 'length', 'substr']: UNSAT (0.126 seconds)
4.03/4.10	['index', 'length', 'add']: UNSAT (0.039 seconds)
4.13/4.14	['index', 'length', 'sub']: UNSAT (0.038 seconds)
4.13/4.18	['index', 'substr', 'substr']: UNSAT (0.226 seconds)
4.39/4.41	['index', 'substr', 'add']: UNSAT (0.152 seconds)
4.49/4.56	['index', 'substr', 'sub']: UNSAT (0.209 seconds)
4.69/4.77	['index', 'add', 'add']: UNSAT (0.048 seconds)
4.79/4.82	['index', 'add', 'sub']: UNSAT (0.047 seconds)
4.79/4.87	['index', 'sub', 'sub']: UNSAT (0.047 seconds)
4.89/4.91	['length', 'length', 'length']: UNSAT (0.026 seconds)
4.89/4.94	['length', 'length', 'substr']: UNSAT (0.040 seconds)
4.89/4.98	['length', 'length', 'add']: UNSAT (0.029 seconds)
4.89/5.01	['length', 'length', 'sub']: UNSAT (0.029 seconds)
5.02/5.04	['length', 'substr', 'substr']: UNSAT (0.086 seconds)
5.02/5.13	['length', 'substr', 'add']: UNSAT (0.056 seconds)
5.13/5.18	['length', 'substr', 'sub']: UNSAT (0.057 seconds)
5.19/5.24	['length', 'add', 'add']: UNSAT (0.036 seconds)
5.19/5.28	['length', 'add', 'sub']: UNSAT (0.037 seconds)
5.29/5.32	['length', 'sub', 'sub']: UNSAT (0.038 seconds)
5.29/5.36	['substr', 'substr', 'substr']: UNSAT (0.077 seconds)
5.39/5.43	['substr', 'substr', 'add']: UNSAT (0.064 seconds)
5.49/5.50	['substr', 'substr', 'sub']: UNSAT (0.067 seconds)
5.49/5.57	['substr', 'add', 'add']: UNSAT (0.078 seconds)
5.59/5.64	['substr', 'add', 'sub']: UNSAT (0.064 seconds)
5.69/5.71	['substr', 'sub', 'sub']: UNSAT (0.061 seconds)
5.69/5.77	['add', 'add', 'add']: UNSAT (0.046 seconds)
5.79/5.82	['add', 'add', 'sub']: UNSAT (0.046 seconds)
5.79/5.87	['add', 'sub', 'sub']: UNSAT (0.045 seconds)
5.89/5.91	['sub', 'sub', 'sub']: UNSAT (0.044 seconds)
5.89/5.96	['concat', 'concat', 'concat', 'concat']: UNSAT (0.359 seconds)
6.29/6.32	['concat', 'concat', 'concat', 'index']: UNSAT (0.073 seconds)
6.29/6.39	['concat', 'concat', 'concat', 'length']: UNSAT (0.059 seconds)
6.39/6.45	['concat', 'concat', 'concat', 'substr']: UNSAT (1.783 seconds)
8.18/8.23	['concat', 'concat', 'concat', 'add']: UNSAT (0.059 seconds)
8.18/8.29	['concat', 'concat', 'concat', 'sub']: UNSAT (0.058 seconds)
8.28/8.35	['concat', 'concat', 'index', 'index']: UNSAT (0.073 seconds)
8.38/8.43	['concat', 'concat', 'index', 'length']: UNSAT (0.060 seconds)
8.38/8.49	['concat', 'concat', 'index', 'substr']: UNSAT (13.756 seconds)
22.19/22.24	['concat', 'concat', 'index', 'add']: UNSAT (0.064 seconds)
22.29/22.31	['concat', 'concat', 'index', 'sub']: UNSAT (0.062 seconds)
22.29/22.37	['concat', 'concat', 'length', 'length']: UNSAT (0.049 seconds)
22.39/22.42	['concat', 'concat', 'length', 'substr']: UNSAT (0.673 seconds)
23.03/23.10	['concat', 'concat', 'length', 'add']: UNSAT (0.049 seconds)
23.13/23.15	['concat', 'concat', 'length', 'sub']: UNSAT (0.050 seconds)
23.19/23.20	['concat', 'concat', 'substr', 'substr']: UNSAT (1.133 seconds)
24.29/24.33	['concat', 'concat', 'substr', 'add']: UNSAT (0.485 seconds)
24.79/24.82	['concat', 'concat', 'substr', 'sub']: UNSAT (0.244 seconds)
25.02/25.06	['concat', 'concat', 'add', 'add']: UNSAT (0.054 seconds)
25.02/25.12	['concat', 'concat', 'add', 'sub']: UNSAT (0.053 seconds)
25.12/25.17	['concat', 'concat', 'sub', 'sub']: UNSAT (0.054 seconds)
25.19/25.22	['concat', 'index', 'index', 'index']: UNSAT (0.080 seconds)
25.29/25.31	['concat', 'index', 'index', 'length']: UNSAT (0.063 seconds)
25.29/25.37	['concat', 'index', 'index', 'substr']: UNKNOWN (230.026 seconds)
255.38/255.40	Reason: smt tactic failed to show goal to be sat/unsat max-conflicts-reached
255.38/255.40	Reason: smt tactic failed to show goal to be sat/unsat max-conflicts-reached
255.38/255.40	['concat', 'index', 'index', 'add']: UNSAT (0.069 seconds)
255.38/255.47	['concat', 'index', 'index', 'sub']: UNSAT (0.066 seconds)
255.48/255.53	['concat', 'index', 'length', 'length']: UNSAT (0.054 seconds)
255.48/255.59	['concat', 'index', 'length', 'substr']: UNSAT (4.107 seconds)
259.67/259.70	['concat', 'index', 'length', 'add']: UNSAT (0.053 seconds)
259.67/259.75	['concat', 'index', 'length', 'sub']: UNSAT (0.054 seconds)
259.77/259.81	['concat', 'index', 'substr', 'substr']: UNSAT (8.538 seconds)
268.28/268.35	['concat', 'index', 'substr', 'add']: UNSAT (3.595 seconds)
271.88/271.94	['concat', 'index', 'substr', 'sub']: UNSAT (1.363 seconds)
273.28/273.31	['concat', 'index', 'add', 'add']: UNSAT (0.065 seconds)
273.28/273.37	['concat', 'index', 'add', 'sub']: UNSAT (0.067 seconds)
273.38/273.44	['concat', 'index', 'sub', 'sub']: UNSAT (0.067 seconds)
273.48/273.51	['concat', 'length', 'length', 'length']: UNSAT (0.040 seconds)
273.48/273.55	['concat', 'length', 'length', 'substr']: UNSAT (0.124 seconds)
273.58/273.67	['concat', 'length', 'length', 'add']: UNSAT (0.044 seconds)
273.68/273.72	['concat', 'length', 'length', 'sub']: UNSAT (0.043 seconds)
273.68/273.76	['concat', 'length', 'substr', 'substr']: UNSAT (0.953 seconds)
274.68/274.72	['concat', 'length', 'substr', 'add']: UNSAT (0.278 seconds)
274.88/274.99	['concat', 'length', 'substr', 'sub']: UNSAT (0.306 seconds)
275.28/275.30	['concat', 'length', 'add', 'add']: UNSAT (0.048 seconds)
275.28/275.35	['concat', 'length', 'add', 'sub']: UNSAT (0.048 seconds)
275.38/275.40	['concat', 'length', 'sub', 'sub']: UNSAT (0.048 seconds)
275.38/275.45	['concat', 'substr', 'substr', 'substr']: UNSAT (0.579 seconds)
276.00/276.03	['concat', 'substr', 'substr', 'add']: UNSAT (0.676 seconds)
276.68/276.70	['concat', 'substr', 'substr', 'sub']: UNSAT (0.413 seconds)
277.00/277.12	['concat', 'substr', 'add', 'add']: UNSAT (0.245 seconds)
277.28/277.36	['concat', 'substr', 'add', 'sub']: UNSAT (0.206 seconds)
277.48/277.57	['concat', 'substr', 'sub', 'sub']: UNSAT (0.190 seconds)
277.68/277.76	['concat', 'add', 'add', 'add']: UNSAT (0.057 seconds)
277.78/277.82	['concat', 'add', 'add', 'sub']: UNSAT (0.064 seconds)
277.78/277.89	['concat', 'add', 'sub', 'sub']: UNSAT (0.063 seconds)
277.88/277.95	['concat', 'sub', 'sub', 'sub']: UNSAT (0.062 seconds)
277.88/278.01	['index', 'index', 'index', 'index']: UNSAT (0.083 seconds)
278.01/278.10	['index', 'index', 'index', 'length']: UNSAT (0.071 seconds)
278.12/278.17	['index', 'index', 'index', 'substr']: UNSAT (1.577 seconds)
279.67/279.75	['index', 'index', 'index', 'add']: UNSAT (0.077 seconds)
279.77/279.83	['index', 'index', 'index', 'sub']: UNSAT (0.083 seconds)
279.87/279.91	['index', 'index', 'length', 'length']: UNSAT (0.057 seconds)
279.87/279.97	['index', 'index', 'length', 'substr']: UNSAT (11.554 seconds)
291.48/291.52	['index', 'index', 'length', 'add']: UNSAT (0.066 seconds)
291.48/291.59	['index', 'index', 'length', 'sub']: UNSAT (0.062 seconds)
291.59/291.65	['index', 'index', 'substr', 'substr']: UNSAT (48.516 seconds)
340.10/340.17	['index', 'index', 'substr', 'add']: UNSAT (0.904 seconds)
341.00/341.07	['index', 'index', 'substr', 'sub']: UNSAT (9.589 seconds)
350.57/350.66	['index', 'index', 'add', 'add']: UNSAT (0.074 seconds)
350.67/350.74	['index', 'index', 'add', 'sub']: UNSAT (0.075 seconds)
350.77/350.81	['index', 'index', 'sub', 'sub']: UNSAT (0.078 seconds)
350.77/350.89	['index', 'length', 'length', 'length']: UNSAT (0.042 seconds)
350.87/350.94	['index', 'length', 'length', 'substr']: UNSAT (0.157 seconds)
351.00/351.09	['index', 'length', 'length', 'add']: UNSAT (0.050 seconds)
351.11/351.14	['index', 'length', 'length', 'sub']: UNSAT (0.049 seconds)
351.11/351.19	['index', 'length', 'substr', 'substr']: UNSAT (9.218 seconds)
360.37/360.41	['index', 'length', 'substr', 'add']: UNSAT (0.320 seconds)
360.68/360.73	['index', 'length', 'substr', 'sub']: UNSAT (3.680 seconds)
364.38/364.41	['index', 'length', 'add', 'add']: UNSAT (0.055 seconds)
364.38/364.47	['index', 'length', 'add', 'sub']: UNSAT (0.059 seconds)
364.48/364.53	['index', 'length', 'sub', 'sub']: UNSAT (0.057 seconds)
364.48/364.59	['index', 'substr', 'substr', 'substr']: UNSAT (0.903 seconds)
365.38/365.49	['index', 'substr', 'substr', 'add']: UNSAT (1.014 seconds)
366.48/366.51	['index', 'substr', 'substr', 'sub']: UNSAT (6.601 seconds)
373.01/373.11	['index', 'substr', 'add', 'add']: UNSAT (0.540 seconds)
373.58/373.65	['index', 'substr', 'add', 'sub']: UNSAT (0.518 seconds)
374.12/374.17	['index', 'substr', 'sub', 'sub']: UNSAT (7.858 seconds)
381.88/382.03	['index', 'add', 'add', 'add']: UNSAT (0.074 seconds)
382.01/382.10	['index', 'add', 'add', 'sub']: UNSAT (0.076 seconds)
382.12/382.18	['index', 'add', 'sub', 'sub']: UNSAT (0.077 seconds)
382.18/382.26	['index', 'sub', 'sub', 'sub']: UNSAT (0.069 seconds)
382.28/382.33	['length', 'length', 'length', 'length']: UNSAT (0.037 seconds)
382.28/382.36	['length', 'length', 'length', 'substr']: UNSAT (0.042 seconds)
382.38/382.41	['length', 'length', 'length', 'add']: UNSAT (0.037 seconds)
382.38/382.45	['length', 'length', 'length', 'sub']: UNSAT (0.037 seconds)
382.38/382.48	['length', 'length', 'substr', 'substr']: UNSAT (0.266 seconds)
382.68/382.75	['length', 'length', 'substr', 'add']: UNSAT (0.106 seconds)
382.78/382.86	['length', 'length', 'substr', 'sub']: UNSAT (0.128 seconds)
382.88/382.99	['length', 'length', 'add', 'add']: UNSAT (0.044 seconds)
382.88/383.03	['length', 'length', 'add', 'sub']: UNSAT (0.047 seconds)
383.01/383.08	['length', 'length', 'sub', 'sub']: UNSAT (0.044 seconds)
383.01/383.12	['length', 'substr', 'substr', 'substr']: UNSAT (0.505 seconds)
383.58/383.63	['length', 'substr', 'substr', 'add']: UNSAT (0.361 seconds)
383.88/383.99	['length', 'substr', 'substr', 'sub']: UNSAT (0.332 seconds)
384.28/384.33	['length', 'substr', 'add', 'add']: UNSAT (0.213 seconds)
384.48/384.54	['length', 'substr', 'add', 'sub']: UNSAT (0.209 seconds)
384.68/384.75	['length', 'substr', 'sub', 'sub']: UNSAT (0.205 seconds)
384.88/384.96	['length', 'add', 'add', 'add']: UNSAT (0.057 seconds)
384.88/385.01	['length', 'add', 'add', 'sub']: UNSAT (0.057 seconds)
385.01/385.07	['length', 'add', 'sub', 'sub']: UNSAT (0.056 seconds)
385.01/385.13	['length', 'sub', 'sub', 'sub']: UNSAT (0.059 seconds)
385.11/385.19	['substr', 'substr', 'substr', 'substr']: UNSAT (0.172 seconds)
385.28/385.36	['substr', 'substr', 'substr', 'add']: UNSAT (0.133 seconds)
385.38/385.50	['substr', 'substr', 'substr', 'sub']: UNSAT (0.189 seconds)
385.58/385.69	['substr', 'substr', 'add', 'add']: UNSAT (0.190 seconds)
385.78/385.88	['substr', 'substr', 'add', 'sub']: UNSAT (0.218 seconds)
386.02/386.10	['substr', 'substr', 'sub', 'sub']: UNSAT (0.199 seconds)
386.18/386.30	['substr', 'add', 'add', 'add']: UNSAT (0.299 seconds)
386.48/386.59	['substr', 'add', 'add', 'sub']: UNSAT (0.290 seconds)
386.78/386.89	['substr', 'add', 'sub', 'sub']: UNSAT (0.258 seconds)
387.11/387.14	['substr', 'sub', 'sub', 'sub']: UNSAT (0.222 seconds)
387.28/387.37	['add', 'add', 'add', 'add']: UNSAT (0.064 seconds)
387.38/387.43	['add', 'add', 'add', 'sub']: UNSAT (0.068 seconds)
387.48/387.50	['add', 'add', 'sub', 'sub']: UNSAT (0.065 seconds)
387.48/387.57	['add', 'sub', 'sub', 'sub']: UNSAT (0.064 seconds)
387.58/387.63	['sub', 'sub', 'sub', 'sub']: UNSAT (0.065 seconds)
387.68/387.70	['concat', 'concat', 'concat', 'concat', 'concat']: UNSAT (0.516 seconds)
388.18/388.22	['concat', 'concat', 'concat', 'concat', 'index']: UNSAT (0.100 seconds)
388.28/388.32	['concat', 'concat', 'concat', 'concat', 'length']: UNSAT (0.087 seconds)
388.38/388.40	['concat', 'concat', 'concat', 'concat', 'substr']: UNSAT (69.372 seconds)
457.67/457.78	['concat', 'concat', 'concat', 'concat', 'add']: UNSAT (0.083 seconds)
457.77/457.86	['concat', 'concat', 'concat', 'concat', 'sub']: UNSAT (0.089 seconds)
457.87/457.95	['concat', 'concat', 'concat', 'index', 'index']: UNSAT (0.104 seconds)
458.00/458.05	['concat', 'concat', 'concat', 'index', 'length']: UNSAT (0.090 seconds)
458.10/458.15	['concat', 'concat', 'concat', 'index', 'substr']: 