0.14/0.20	=== Examples (../../dataset/examples/examples-88.json)
0.14/0.20	IO(inputs=('alo_helloworld',), output='hellowor')
0.14/0.20	IO(inputs=('123_testtest',), output='testte')
0.14/0.20	=== Library
0.14/0.20	concat
0.14/0.20	index
0.14/0.20	length
0.14/0.20	substr
0.14/0.20	add
0.14/0.20	sub
0.14/0.20	=== Synthesis
0.14/0.20	['concat']: UNSAT (0.026 seconds)
0.14/0.22	['index']: UNSAT (0.025 seconds)
0.14/0.25	['length']: UNSAT (0.019 seconds)
0.14/0.27	['substr']: UNSAT (0.028 seconds)
0.14/0.30	['add']: UNSAT (0.023 seconds)
0.14/0.32	['sub']: UNSAT (0.023 seconds)
0.31/0.35	['concat', 'concat']: UNSAT (0.044 seconds)
0.31/0.39	['concat', 'index']: UNSAT (0.042 seconds)
0.31/0.43	['concat', 'length']: UNSAT (0.032 seconds)
0.44/0.47	['concat', 'substr']: UNSAT (0.124 seconds)
0.51/0.59	['concat', 'add']: UNSAT (0.036 seconds)
0.58/0.63	['concat', 'sub']: UNSAT (0.036 seconds)
0.64/0.67	['index', 'index']: UNSAT (0.044 seconds)
0.64/0.71	['index', 'length']: UNSAT (0.026 seconds)
0.71/0.74	['index', 'substr']: UNSAT (0.785 seconds)
1.51/1.52	['index', 'add']: UNSAT (0.033 seconds)
1.51/1.56	['index', 'sub']: UNSAT (0.032 seconds)
1.51/1.59	['length', 'length']: UNSAT (0.020 seconds)
1.51/1.61	['length', 'substr']: UNSAT (0.033 seconds)
1.61/1.64	['length', 'add']: UNSAT (0.022 seconds)
1.61/1.67	['length', 'sub']: UNSAT (0.023 seconds)
1.61/1.69	['substr', 'substr']: UNSAT (0.039 seconds)
1.71/1.73	['substr', 'add']: UNSAT (0.037 seconds)
1.71/1.77	['substr', 'sub']: UNSAT (0.035 seconds)
1.71/1.80	['add', 'add']: UNSAT (0.029 seconds)
1.81/1.83	['add', 'sub']: UNSAT (0.029 seconds)
1.81/1.86	['sub', 'sub']: UNSAT (0.029 seconds)
1.81/1.89	['concat', 'concat', 'concat']: UNSAT (0.144 seconds)
1.91/2.04	['concat', 'concat', 'index']: UNSAT (0.051 seconds)
2.05/2.09	['concat', 'concat', 'length']: UNSAT (0.039 seconds)
2.05/2.13	['concat', 'concat', 'substr']: UNSAT (1.347 seconds)
3.41/3.48	['concat', 'concat', 'add']: UNSAT (0.043 seconds)
3.51/3.52	['concat', 'concat', 'sub']: UNSAT (0.042 seconds)
3.51/3.56	['concat', 'index', 'index']: UNSAT (0.052 seconds)
3.51/3.62	['concat', 'index', 'length']: UNSAT (0.041 seconds)
3.61/3.66	['concat', 'index', 'substr']: UNSAT (56.238 seconds)
59.81/59.90	['concat', 'index', 'add']: UNSAT (0.051 seconds)
59.91/59.95	['concat', 'index', 'sub']: UNSAT (0.049 seconds)
59.91/60.00	['concat', 'length', 'length']: UNSAT (0.036 seconds)
59.91/60.04	['concat', 'length', 'substr']: UNSAT (0.292 seconds)
60.30/60.33	['concat', 'length', 'add']: UNSAT (0.065 seconds)
60.30/60.40	['concat', 'length', 'sub']: UNSAT (0.036 seconds)
60.40/60.43	['concat', 'substr', 'substr']: UNSAT (0.143 seconds)
60.50/60.58	['concat', 'substr', 'add']: UNSAT (0.225 seconds)
60.70/60.80	['concat', 'substr', 'sub']: UNSAT (0.060 seconds)
60.80/60.86	['concat', 'add', 'add']: UNSAT (0.043 seconds)
60.80/60.91	['concat', 'add', 'sub']: UNSAT (0.040 seconds)
60.90/60.95	['concat', 'sub', 'sub']: UNSAT (0.040 seconds)
60.90/60.99	['index', 'index', 'index']: UNSAT (0.061 seconds)
60.90/61.05	['index', 'index', 'length']: UNSAT (0.050 seconds)
61.05/61.10	['index', 'index', 'substr']: UNSAT (27.670 seconds)
88.70/88.77	['index', 'index', 'add']: UNSAT (0.051 seconds)
88.80/88.82	['index', 'index', 'sub']: UNSAT (0.053 seconds)
88.80/88.88	['index', 'length', 'length']: UNSAT (0.038 seconds)
88.80/88.92	['index', 'length', 'substr']: UNSAT (9.886 seconds)
98.70/98.80	['index', 'length', 'add']: UNSAT (0.041 seconds)
98.80/98.85	['index', 'length', 'sub']: UNSAT (0.042 seconds)
98.80/98.89	['index', 'substr', 'substr']: UNSAT (3.394 seconds)
102.20/102.28	['index', 'substr', 'add']: UNSAT (2.012 seconds)
104.20/104.30	['index', 'substr', 'sub']: UNSAT (5.026 seconds)
109.30/109.32	['index', 'add', 'add']: UNSAT (0.048 seconds)
109.30/109.37	['index', 'add', 'sub']: UNSAT (0.048 seconds)
109.40/109.42	['index', 'sub', 'sub']: UNSAT (0.046 seconds)
109.40/109.47	['length', 'length', 'length']: UNSAT (0.027 seconds)
109.40/109.50	['length', 'length', 'substr']: UNSAT (0.041 seconds)
109.50/109.54	['length', 'length', 'add']: UNSAT (0.031 seconds)
109.50/109.57	['length', 'length', 'sub']: UNSAT (0.031 seconds)
109.50/109.60	['length', 'substr', 'substr']: UNSAT (0.107 seconds)
109.60/109.71	['length', 'substr', 'add']: UNSAT (0.057 seconds)
109.70/109.77	['length', 'substr', 'sub']: UNSAT (0.059 seconds)
109.80/109.83	['length', 'add', 'add']: UNSAT (0.037 seconds)
109.80/109.87	['length', 'add', 'sub']: UNSAT (0.037 seconds)
109.80/109.90	['length', 'sub', 'sub']: UNSAT (0.037 seconds)
109.90/109.94	['substr', 'substr', 'substr']: UNSAT (0.080 seconds)
109.90/110.02	['substr', 'substr', 'add']: UNSAT (0.066 seconds)
110.03/110.09	['substr', 'substr', 'sub']: UNSAT (0.066 seconds)
110.03/110.16	['substr', 'add', 'add']: UNSAT (0.070 seconds)
110.20/110.23	['substr', 'add', 'sub']: UNSAT (0.067 seconds)
110.20/110.29	['substr', 'sub', 'sub']: UNSAT (0.061 seconds)
110.30/110.36	['add', 'add', 'add']: UNSAT (0.047 seconds)
110.30/110.40	['add', 'add', 'sub']: UNSAT (0.046 seconds)
110.40/110.45	['add', 'sub', 'sub']: UNSAT (0.047 seconds)
110.40/110.50	['sub', 'sub', 'sub']: UNSAT (0.046 seconds)
110.50/110.54	['concat', 'concat', 'concat', 'concat']: UNSAT (0.288 seconds)
110.80/110.83	['concat', 'concat', 'concat', 'index']: UNSAT (0.074 seconds)
110.80/110.91	['concat', 'concat', 'concat', 'length']: UNSAT (0.060 seconds)
110.90/110.97	['concat', 'concat', 'concat', 'substr']: UNSAT (127.367 seconds)
238.29/238.34	['concat', 'concat', 'concat', 'add']: UNSAT (0.059 seconds)
238.29/238.40	['concat', 'concat', 'concat', 'sub']: UNSAT (0.061 seconds)
238.40/238.46	['concat', 'concat', 'index', 'index']: UNSAT (0.074 seconds)
238.50/238.53	['concat', 'concat', 'index', 'length']: UNSAT (0.062 seconds)
238.50/238.60	['concat', 'concat', 'index', 'substr']: UNKNOWN (273.589 seconds)
512.15/512.19	Reason: smt tactic failed to show goal to be sat/unsat max-conflicts-reached
512.15/512.19	Reason: smt tactic failed to show goal to be sat/unsat max-conflicts-reached
512.15/512.19	['concat', 'concat', 'index', 'add']: UNSAT (0.064 seconds)
512.20/512.25	['concat', 'concat', 'index', 'sub']: UNSAT (0.064 seconds)
512.20/512.32	['concat', 'concat', 'length', 'length']: UNSAT (0.050 seconds)
512.30/512.37	['concat', 'concat', 'length', 'substr']: UNSAT (3.398 seconds)
515.70/515.77	['concat', 'concat', 'length', 'add']: UNSAT (0.050 seconds)
515.70/515.82	['concat', 'concat', 'length', 'sub']: UNSAT (0.053 seconds)
515.79/515.87	['concat', 'concat', 'substr', 'substr']: UNSAT (14.003 seconds)
529.79/529.87	['concat', 'concat', 'substr', 'add']: UNSAT (2.498 seconds)
532.29/532.37	['concat', 'concat', 'substr', 'sub']: UNSAT (0.268 seconds)
532.59/532.64	['concat', 'concat', 'add', 'add']: UNSAT (0.056 seconds)
532.59/532.70	['concat', 'concat', 'add', 'sub']: UNSAT (0.057 seconds)
532.69/532.76	['concat', 'concat', 'sub', 'sub']: UNSAT (0.059 seconds)
532.69/532.82	['concat', 'index', 'index', 'index']: UNSAT (0.079 seconds)
532.79/532.90	['concat', 'index', 'index', 'length']: UNSAT (0.064 seconds)
532.89/532.96	['concat', 'index', 'index', 'substr']: 