0.12/0.20	=== Examples (../../dataset/examples/examples-21.json)
0.12/0.20	IO(inputs=('10-05-2019',), output='10/05/20')
0.12/0.20	IO(inputs=('31-12-1999',), output='31/12/19')
0.12/0.20	=== Library
0.12/0.20	concat
0.12/0.20	index
0.12/0.20	length
0.12/0.20	substr
0.12/0.20	add
0.12/0.20	sub
0.12/0.20	=== Synthesis
0.12/0.20	['concat']: UNSAT (0.027 seconds)
0.12/0.23	['index']: UNSAT (0.026 seconds)
0.12/0.26	['length']: UNSAT (0.020 seconds)
0.12/0.28	['substr']: UNSAT (0.029 seconds)
0.27/0.31	['add']: UNSAT (0.023 seconds)
0.27/0.33	['sub']: UNSAT (0.023 seconds)
0.27/0.36	['concat', 'concat']: UNSAT (0.044 seconds)
0.37/0.40	['concat', 'index']: UNSAT (0.043 seconds)
0.37/0.45	['concat', 'length']: UNSAT (0.033 seconds)
0.45/0.48	['concat', 'substr']: UNSAT (0.089 seconds)
0.45/0.57	['concat', 'add']: UNSAT (0.035 seconds)
0.55/0.61	['concat', 'sub']: UNSAT (0.034 seconds)
0.55/0.64	['index', 'index']: UNSAT (0.037 seconds)
0.64/0.68	['index', 'length']: UNSAT (0.028 seconds)
0.69/0.71	['index', 'substr']: UNSAT (0.080 seconds)
0.69/0.79	['index', 'add']: UNSAT (0.033 seconds)
0.79/0.82	['index', 'sub']: UNSAT (0.032 seconds)
0.79/0.85	['length', 'length']: UNSAT (0.021 seconds)
0.79/0.88	['length', 'substr']: UNSAT (0.041 seconds)
0.89/0.92	['length', 'add']: UNSAT (0.024 seconds)
0.89/0.94	['length', 'sub']: UNSAT (0.024 seconds)
0.89/0.97	['substr', 'substr']: UNSAT (0.041 seconds)
0.89/1.01	['substr', 'add']: UNSAT (0.035 seconds)
1.01/1.04	['substr', 'sub']: UNSAT (0.041 seconds)
1.01/1.09	['add', 'add']: UNSAT (0.030 seconds)
1.01/1.12	['add', 'sub']: UNSAT (0.030 seconds)
1.13/1.15	['sub', 'sub']: UNSAT (0.031 seconds)
1.13/1.18	['concat', 'concat', 'concat']: UNSAT (0.174 seconds)
1.29/1.35	['concat', 'concat', 'index']: UNSAT (0.066 seconds)
1.39/1.42	['concat', 'concat', 'length']: UNSAT (0.051 seconds)
1.39/1.47	['concat', 'concat', 'substr']: UNSAT (1.890 seconds)
3.29/3.37	['concat', 'concat', 'add']: UNSAT (0.040 seconds)
3.39/3.41	['concat', 'concat', 'sub']: UNSAT (0.043 seconds)
3.39/3.45	['concat', 'index', 'index']: UNSAT (0.051 seconds)
3.49/3.50	['concat', 'index', 'length']: UNSAT (0.043 seconds)
3.49/3.55	['concat', 'index', 'substr']: UNSAT (0.611 seconds)
4.13/4.16	['concat', 'index', 'add']: UNSAT (0.043 seconds)
4.19/4.20	['concat', 'index', 'sub']: UNSAT (0.049 seconds)
4.19/4.25	['concat', 'length', 'length']: UNSAT (0.032 seconds)
4.19/4.29	['concat', 'length', 'substr']: UNSAT (0.276 seconds)
4.49/4.56	['concat', 'length', 'add']: UNSAT (0.032 seconds)
4.49/4.59	['concat', 'length', 'sub']: UNSAT (0.037 seconds)
4.59/4.63	['concat', 'substr', 'substr']: UNSAT (0.146 seconds)
4.69/4.78	['concat', 'substr', 'add']: UNSAT (0.160 seconds)
4.89/4.94	['concat', 'substr', 'sub']: UNSAT (0.100 seconds)
5.01/5.04	['concat', 'add', 'add']: UNSAT (0.045 seconds)
5.01/5.09	['concat', 'add', 'sub']: UNSAT (0.037 seconds)
5.01/5.12	['concat', 'sub', 'sub']: UNSAT (0.038 seconds)
5.12/5.16	['index', 'index', 'index']: UNSAT (0.053 seconds)
5.19/5.22	['index', 'index', 'length']: UNSAT (0.043 seconds)
5.19/5.26	['index', 'index', 'substr']: UNSAT (0.164 seconds)
5.39/5.42	['index', 'index', 'add']: UNSAT (0.051 seconds)
5.39/5.48	['index', 'index', 'sub']: UNSAT (0.048 seconds)
5.49/5.53	['index', 'length', 'length']: UNSAT (0.034 seconds)
5.49/5.56	['index', 'length', 'substr']: UNSAT (0.092 seconds)
5.59/5.65	['index', 'length', 'add']: UNSAT (0.040 seconds)
5.59/5.69	['index', 'length', 'sub']: UNSAT (0.037 seconds)
5.69/5.73	['index', 'substr', 'substr']: UNSAT (0.190 seconds)
5.89/5.92	['index', 'substr', 'add']: UNSAT (0.095 seconds)
5.89/6.02	['index', 'substr', 'sub']: UNSAT (0.104 seconds)
6.01/6.12	['index', 'add', 'add']: UNSAT (0.047 seconds)
6.12/6.17	['index', 'add', 'sub']: UNSAT (0.044 seconds)
6.19/6.22	['index', 'sub', 'sub']: UNSAT (0.047 seconds)
6.19/6.26	['length', 'length', 'length']: UNSAT (0.025 seconds)
6.19/6.29	['length', 'length', 'substr']: UNSAT (0.045 seconds)
6.29/6.33	['length', 'length', 'add']: UNSAT (0.031 seconds)
6.29/6.37	['length', 'length', 'sub']: UNSAT (0.029 seconds)
6.39/6.40	['length', 'substr', 'substr']: UNSAT (0.145 seconds)
6.49/6.54	['length', 'substr', 'add']: UNSAT (0.054 seconds)
6.59/6.60	['length', 'substr', 'sub']: UNSAT (0.062 seconds)
6.59/6.66	['length', 'add', 'add']: UNSAT (0.039 seconds)
6.68/6.70	['length', 'add', 'sub']: UNSAT (0.039 seconds)
6.68/6.74	['length', 'sub', 'sub']: UNSAT (0.036 seconds)
6.68/6.78	['substr', 'substr', 'substr']: UNSAT (0.074 seconds)
6.78/6.85	['substr', 'substr', 'add']: UNSAT (0.066 seconds)
6.89/6.92	['substr', 'substr', 'sub']: UNSAT (0.076 seconds)
6.89/7.00	['substr', 'add', 'add']: UNSAT (0.071 seconds)
7.01/7.07	['substr', 'add', 'sub']: UNSAT (0.069 seconds)
7.12/7.14	['substr', 'sub', 'sub']: UNSAT (0.066 seconds)
7.19/7.20	['add', 'add', 'add']: UNSAT (0.043 seconds)
7.19/7.25	['add', 'add', 'sub']: UNSAT (0.042 seconds)
7.19/7.29	['add', 'sub', 'sub']: UNSAT (0.044 seconds)
7.29/7.33	['sub', 'sub', 'sub']: UNSAT (0.044 seconds)
7.29/7.38	['concat', 'concat', 'concat', 'concat']: UNSAT (0.223 seconds)
7.59/7.60	['concat', 'concat', 'concat', 'index']: UNSAT (0.076 seconds)
7.59/7.68	['concat', 'concat', 'concat', 'length']: UNSAT (0.062 seconds)
7.68/7.74	['concat', 'concat', 'concat', 'substr']: UNSAT (198.733 seconds)
206.38/206.48	['concat', 'concat', 'concat', 'add']: UNSAT (0.061 seconds)
206.48/206.54	['concat', 'concat', 'concat', 'sub']: UNSAT (0.061 seconds)
206.58/206.60	['concat', 'concat', 'index', 'index']: UNSAT (0.075 seconds)
206.58/206.68	['concat', 'concat', 'index', 'length']: UNSAT (0.063 seconds)
206.68/206.74	['concat', 'concat', 'index', 'substr']: UNSAT (9.651 seconds)
216.28/216.39	['concat', 'concat', 'index', 'add']: UNSAT (0.067 seconds)
216.38/216.46	['concat', 'concat', 'index', 'sub']: UNSAT (0.063 seconds)
216.48/216.52	['concat', 'concat', 'length', 'length']: UNSAT (0.047 seconds)
216.48/216.57	['concat', 'concat', 'length', 'substr']: UNSAT (4.890 seconds)
221.38/221.46	['concat', 'concat', 'length', 'add']: UNSAT (0.049 seconds)
221.48/221.51	['concat', 'concat', 'length', 'sub']: UNSAT (0.047 seconds)
221.48/221.56	['concat', 'concat', 'substr', 'substr']: UNSAT (16.082 seconds)
237.58/237.64	['concat', 'concat', 'substr', 'add']: UNSAT (2.968 seconds)
240.58/240.61	['concat', 'concat', 'substr', 'sub']: UNSAT (1.028 seconds)
241.58/241.64	['concat', 'concat', 'add', 'add']: UNSAT (0.052 seconds)
241.58/241.69	['concat', 'concat', 'add', 'sub']: UNSAT (0.061 seconds)
241.68/241.75	['concat', 'concat', 'sub', 'sub']: UNSAT (0.058 seconds)
241.78/241.81	['concat', 'index', 'index', 'index']: UNSAT (0.080 seconds)
241.78/241.89	['concat', 'index', 'index', 'length']: UNSAT (0.062 seconds)
241.88/241.96	['concat', 'index', 'index', 'substr']: UNSAT (2.767 seconds)
244.68/244.72	['concat', 'index', 'index', 'add']: UNSAT (0.070 seconds)
244.68/244.79	['concat', 'index', 'index', 'sub']: UNSAT (0.069 seconds)
244.78/244.86	['concat', 'index', 'length', 'length']: UNSAT (0.054 seconds)
244.88/244.92	['concat', 'index', 'length', 'substr']: UNSAT (1.512 seconds)
246.38/246.43	['concat', 'index', 'length', 'add']: UNSAT (0.053 seconds)
246.38/246.49	['concat', 'index', 'length', 'sub']: UNSAT (0.053 seconds)
246.48/246.54	['concat', 'index', 'substr', 'substr']: UNSAT (6.783 seconds)
253.28/253.32	['concat', 'index', 'substr', 'add']: UNSAT (1.855 seconds)
255.11/255.18	['concat', 'index', 'substr', 'sub']: UNSAT (1.382 seconds)
256.48/256.56	['concat', 'index', 'add', 'add']: UNSAT (0.064 seconds)
256.58/256.63	['concat', 'index', 'add', 'sub']: UNSAT (0.059 seconds)
256.58/256.69	['concat', 'index', 'sub', 'sub']: UNSAT (0.064 seconds)
256.68/256.75	['concat', 'length', 'length', 'length']: UNSAT (0.041 seconds)
256.68/256.79	['concat', 'length', 'length', 'substr']: UNSAT (0.156 seconds)
256.88/256.95	['concat', 'length', 'length', 'add']: UNSAT (0.045 seconds)
256.88/256.99	['concat', 'length', 'length', 'sub']: UNSAT (0.044 seconds)
257.00/257.04	['concat', 'length', 'substr', 'substr']: UNSAT (3.613 seconds)
260.58/260.65	['concat', 'length', 'substr', 'add']: UNSAT (0.572 seconds)
261.18/261.23	['concat', 'length', 'substr', 'sub']: UNSAT (0.536 seconds)
261.68/261.76	['concat', 'length', 'add', 'add']: UNSAT (0.047 seconds)
261.78/261.81	['concat', 'length', 'add', 'sub']: UNSAT (0.047 seconds)
261.78/261.86	['concat', 'length', 'sub', 'sub']: UNSAT (0.048 seconds)
261.88/261.91	['concat', 'substr', 'substr', 'substr']: UNSAT (0.572 seconds)
262.38/262.48	['concat', 'substr', 'substr', 'add']: UNSAT (1.062 seconds)
263.48/263.54	['concat', 'substr', 'substr', 'sub']: UNSAT (0.991 seconds)
264.48/264.53	['concat', 'substr', 'add', 'add']: UNSAT (0.528 seconds)
265.00/265.06	['concat', 'substr', 'add', 'sub']: UNSAT (0.346 seconds)
265.38/265.41	['concat', 'substr', 'sub', 'sub']: UNSAT (0.268 seconds)
265.58/265.68	['concat', 'add', 'add', 'add']: UNSAT (0.059 seconds)
265.68/265.74	['concat', 'add', 'add', 'sub']: UNSAT (0.059 seconds)
265.78/265.80	['concat', 'add', 'sub', 'sub']: UNSAT (0.062 seconds)
265.78/265.86	['concat', 'sub', 'sub', 'sub']: UNSAT (0.062 seconds)
265.88/265.92	['index', 'index', 'index', 'index']: UNSAT (0.084 seconds)
265.88/266.01	['index', 'index', 'index', 'length']: UNSAT (0.069 seconds)
266.01/266.08	['index', 'index', 'index', 'substr']: UNSAT (0.452 seconds)
266.48/266.53	['index', 'index', 'index', 'add']: UNSAT (0.075 seconds)
266.58/266.61	['index', 'index', 'index', 'sub']: UNSAT (0.076 seconds)
266.58/266.68	['index', 'index', 'length', 'length']: UNSAT (0.056 seconds)
266.68/266.74	['index', 'index', 'length', 'substr']: UNSAT (0.318 seconds)
267.00/267.06	['index', 'index', 'length', 'add']: UNSAT (0.059 seconds)
267.00/267.12	['index', 'index', 'length', 'sub']: UNSAT (0.063 seconds)
267.11/267.18	['index', 'index', 'substr', 'substr']: UNSAT (1.022 seconds)
268.18/268.21	['index', 'index', 'substr', 'add']: UNSAT (0.273 seconds)
268.38/268.48	['index', 'index', 'substr', 'sub']: UNSAT (0.226 seconds)
268.68/268.71	['index', 'index', 'add', 'add']: UNSAT (0.074 seconds)
268.68/268.78	['index', 'index', 'add', 'sub']: UNSAT (0.085 seconds)
268.78/268.87	['index', 'index', 'sub', 'sub']: UNSAT (0.084 seconds)
268.88/268.95	['index', 'length', 'length', 'length']: UNSAT (0.044 seconds)
268.88/269.00	['index', 'length', 'length', 'substr']: UNSAT (0.146 seconds)
269.11/269.15	['index', 'length', 'length', 'add']: UNSAT (0.045 seconds)
269.11/269.19	['index', 'length', 'length', 'sub']: UNSAT (0.049 seconds)
269.18/269.24	['index', 'length', 'substr', 'substr']: UNSAT (0.889 seconds)
270.00/270.13	['index', 'length', 'substr', 'add']: UNSAT (0.135 seconds)
270.18/270.27	['index', 'length', 'substr', 'sub']: UNSAT (0.179 seconds)
270.38/270.45	['index', 'length', 'add', 'add']: UNSAT (0.061 seconds)
270.48/270.51	['index', 'length', 'add', 'sub']: UNSAT (0.061 seconds)
270.48/270.57	['index', 'length', 'sub', 'sub']: UNSAT (0.056 seconds)
270.58/270.63	['index', 'substr', 'substr', 'substr']: UNSAT (0.970 seconds)
271.58/271.60	['index', 'substr', 'substr', 'add']: UNSAT (0.668 seconds)
272.18/272.27	['index', 'substr', 'substr', 'sub']: UNSAT (0.459 seconds)
272.68/272.73	['index', 'substr', 'add', 'add']: UNSAT (0.220 seconds)
272.88/272.95	['index', 'substr', 'add', 'sub']: UNSAT (0.213 seconds)
273.12/273.16	['index', 'substr', 'sub', 'sub']: UNSAT (0.137 seconds)
273.28/273.30	['index', 'add', 'add', 'add']: UNSAT (0.070 seconds)
273.28/273.37	['index', 'add', 'add', 'sub']: UNSAT (0.071 seconds)
273.38/273.44	['index', 'add', 'sub', 'sub']: UNSAT (0.065 seconds)
273.49/273.51	['index', 'sub', 'sub', 'sub']: UNSAT (0.077 seconds)
273.49/273.58	['length', 'length', 'length', 'length']: UNSAT (0.033 seconds)
273.58/273.62	['length', 'length', 'length', 'substr']: UNSAT (0.046 seconds)
273.58/273.67	['length', 'length', 'length', 'add']: UNSAT (0.040 seconds)
273.69/273.71	['length', 'length', 'length', 'sub']: UNSAT (0.037 seconds)
273.69/273.74	['length', 'length', 'substr', 'substr']: UNSAT (0.391 seconds)
274.12/274.14	['length', 'length', 'substr', 'add']: UNSAT (0.101 seconds)
274.18/274.24	['length', 'length', 'substr', 'sub']: UNSAT (0.095 seconds)
274.28/274.33	['length', 'length', 'add', 'add']: UNSAT (0.043 seconds)
274.28/274.38	['length', 'length', 'add', 'sub']: UNSAT (0.046 seconds)
274.38/274.42	['length', 'length', 'sub', 'sub']: UNSAT (0.043 seconds)
274.38/274.47	['length', 'substr', 'substr', 'substr']: UNSAT (0.605 seconds)
275.01/275.07	['length', 'substr', 'substr', 'add']: UNSAT (0.371 seconds)
275.38/275.44	['length', 'substr', 'substr', 'sub']: UNSAT (0.268 seconds)
275.68/275.71	['length', 'substr', 'add', 'add']: UNSAT (0.119 seconds)
275.78/275.83	['length', 'substr', 'add', 'sub']: UNSAT (0.101 seconds)
275.88/275.93	['length', 'substr', 'sub', 'sub']: UNSAT (0.086 seconds)
275.88/276.02	['length', 'add', 'add', 'add']: UNSAT (0.059 seconds)
276.01/276.08	['length', 'add', 'add', 'sub']: UNSAT (0.057 seconds)
276.12/276.14	['length', 'add', 'sub', 'sub']: UNSAT (0.053 seconds)
276.12/276.19	['length', 'sub', 'sub', 'sub']: UNSAT (0.056 seconds)
276.18/276.25	['substr', 'substr', 'substr', 'substr']: UNSAT (0.153 seconds)
276.38/276.40	['substr', 'substr', 'substr', 'add']: UNSAT (0.139 seconds)
276.48/276.54	['substr', 'substr', 'substr', 'sub']: UNSAT (0.219 seconds)
276.68/276.76	['substr', 'substr', 'add', 'add']: UNSAT (0.165 seconds)
276.88/276.93	['substr', 'substr', 'add', 'sub']: UNSAT (0.205 seconds)
277.12/277.13	['substr', 'substr', 'sub', 'sub']: UNSAT (0.180 seconds)
277.28/277.32	['substr', 'add', 'add', 'add']: UNSAT (0.108 seconds)
277.38/277.42	['substr', 'add', 'add', 'sub']: UNSAT (0.297 seconds)
277.68/277.72	['substr', 'add', 'sub', 'sub']: UNSAT (0.262 seconds)
277.88/277.99	['substr', 'sub', 'sub', 'sub']: UNSAT (0.206 seconds)
278.12/278.19	['add', 'add', 'add', 'add']: UNSAT (0.065 seconds)
278.18/278.26	['add', 'add', 'add', 'sub']: UNSAT (0.063 seconds)
278.29/278.32	['add', 'add', 'sub', 'sub']: UNSAT (0.063 seconds)
278.29/278.39	['add', 'sub', 'sub', 'sub']: UNSAT (0.067 seconds)
278.38/278.45	['sub', 'sub', 'sub', 'sub']: UNSAT (0.065 seconds)
278.48/278.52	['concat', 'concat', 'concat', 'concat', 'concat']: UNSAT (0.523 seconds)
279.01/279.05	['concat', 'concat', 'concat', 'concat', 'index']: UNSAT (0.097 seconds)
279.12/279.14	['concat', 'concat', 'concat', 'concat', 'length']: UNSAT (0.087 seconds)
279.18/279.23	['concat', 'concat', 'concat', 'concat', 'substr']: 