0.00/0.19	=== Examples (../../dataset/examples/examples-85.json)
0.00/0.19	IO(inputs=('aenean aliquam turpis duis.',), output='Aenean aliquam turpi')
0.00/0.19	IO(inputs=('curabitur euismod volutpat.',), output='Curabitur euismod vo')
0.00/0.19	=== Library
0.00/0.19	concat
0.00/0.19	index
0.00/0.19	length
0.00/0.19	substr
0.00/0.19	add
0.00/0.19	sub
0.00/0.19	=== Synthesis
0.00/0.19	['concat']: UNSAT (0.027 seconds)
0.14/0.22	['index']: UNSAT (0.025 seconds)
0.14/0.25	['length']: UNSAT (0.020 seconds)
0.14/0.27	['substr']: UNSAT (0.029 seconds)
0.14/0.30	['add']: UNSAT (0.023 seconds)
0.14/0.32	['sub']: UNSAT (0.022 seconds)
0.14/0.34	['concat', 'concat']: UNSAT (0.046 seconds)
0.31/0.39	['concat', 'index']: UNSAT (0.041 seconds)
0.31/0.43	['concat', 'length']: UNSAT (0.033 seconds)
0.31/0.46	['concat', 'substr']: UNSAT (0.147 seconds)
0.55/0.61	['concat', 'add']: UNSAT (0.026 seconds)
0.55/0.64	['concat', 'sub']: UNSAT (0.027 seconds)
0.55/0.67	['index', 'index']: UNSAT (0.033 seconds)
0.64/0.70	['index', 'length']: UNSAT (0.024 seconds)
0.64/0.72	['index', 'substr']: UNSAT (0.201 seconds)
0.89/0.93	['index', 'add']: UNSAT (0.028 seconds)
0.89/0.96	['index', 'sub']: UNSAT (0.031 seconds)
0.89/0.99	['length', 'length']: UNSAT (0.018 seconds)
0.99/1.01	['length', 'substr']: UNSAT (0.063 seconds)
0.99/1.07	['length', 'add']: UNSAT (0.024 seconds)
0.99/1.09	['length', 'sub']: UNSAT (0.022 seconds)
0.99/1.12	['substr', 'substr']: UNSAT (0.038 seconds)
0.99/1.16	['substr', 'add']: UNSAT (0.038 seconds)
1.13/1.19	['substr', 'sub']: UNSAT (0.047 seconds)
1.13/1.24	['add', 'add']: UNSAT (0.031 seconds)
1.13/1.27	['add', 'sub']: UNSAT (0.029 seconds)
1.29/1.30	['sub', 'sub']: UNSAT (0.028 seconds)
1.29/1.33	['concat', 'concat', 'concat']: UNSAT (0.199 seconds)
1.49/1.53	['concat', 'concat', 'index']: UNSAT (0.048 seconds)
1.49/1.58	['concat', 'concat', 'length']: UNSAT (0.040 seconds)
1.59/1.62	['concat', 'concat', 'substr']: UNSAT (2.539 seconds)
4.09/4.16	['concat', 'concat', 'add']: UNSAT (0.040 seconds)
4.09/4.20	['concat', 'concat', 'sub']: UNSAT (0.040 seconds)
4.20/4.24	['concat', 'index', 'index']: UNSAT (0.054 seconds)
4.20/4.30	['concat', 'index', 'length']: UNSAT (0.040 seconds)
4.20/4.34	['concat', 'index', 'substr']: UNSAT (4.294 seconds)
8.59/8.63	['concat', 'index', 'add']: UNSAT (0.042 seconds)
8.59/8.68	['concat', 'index', 'sub']: UNSAT (0.042 seconds)
8.69/8.72	['concat', 'length', 'length']: UNSAT (0.033 seconds)
8.69/8.75	['concat', 'length', 'substr']: UNSAT (0.430 seconds)
9.09/9.18	['concat', 'length', 'add']: UNSAT (0.034 seconds)
9.09/9.22	['concat', 'length', 'sub']: UNSAT (0.033 seconds)
9.20/9.25	['concat', 'substr', 'substr']: UNSAT (0.144 seconds)
9.33/9.40	['concat', 'substr', 'add']: UNSAT (0.356 seconds)
9.69/9.75	['concat', 'substr', 'sub']: UNSAT (0.316 seconds)
9.99/10.07	['concat', 'add', 'add']: UNSAT (0.045 seconds)
10.09/10.12	['concat', 'add', 'sub']: UNSAT (0.043 seconds)
10.09/10.16	['concat', 'sub', 'sub']: UNSAT (0.042 seconds)
10.09/10.20	['index', 'index', 'index']: UNSAT (0.060 seconds)
10.20/10.26	['index', 'index', 'length']: UNSAT (0.047 seconds)
10.20/10.31	['index', 'index', 'substr']: UNSAT (1.287 seconds)
11.59/11.60	['index', 'index', 'add']: UNSAT (0.052 seconds)
11.59/11.65	['index', 'index', 'sub']: UNSAT (0.081 seconds)
11.69/11.73	['index', 'length', 'length']: UNSAT (0.049 seconds)
11.69/11.78	['index', 'length', 'substr']: UNSAT (0.167 seconds)
11.89/11.95	['index', 'length', 'add']: UNSAT (0.039 seconds)
11.89/11.99	['index', 'length', 'sub']: UNSAT (0.041 seconds)
11.99/12.03	['index', 'substr', 'substr']: UNSAT (0.420 seconds)
12.39/12.45	['index', 'substr', 'add']: UNSAT (0.182 seconds)
12.59/12.64	['index', 'substr', 'sub']: UNSAT (0.157 seconds)
12.69/12.80	['index', 'add', 'add']: UNSAT (0.046 seconds)
12.79/12.84	['index', 'add', 'sub']: UNSAT (0.046 seconds)
12.79/12.89	['index', 'sub', 'sub']: UNSAT (0.045 seconds)
12.89/12.94	['length', 'length', 'length']: UNSAT (0.027 seconds)
12.89/12.96	['length', 'length', 'substr']: UNSAT (0.043 seconds)
12.99/13.01	['length', 'length', 'add']: UNSAT (0.029 seconds)
12.99/13.04	['length', 'length', 'sub']: UNSAT (0.030 seconds)
12.99/13.07	['length', 'substr', 'substr']: UNSAT (0.255 seconds)
13.20/13.32	['length', 'substr', 'add']: UNSAT (0.094 seconds)
13.39/13.42	['length', 'substr', 'sub']: UNSAT (0.089 seconds)
13.49/13.51	['length', 'add', 'add']: UNSAT (0.040 seconds)
13.49/13.55	['length', 'add', 'sub']: UNSAT (0.038 seconds)
13.49/13.59	['length', 'sub', 'sub']: UNSAT (0.036 seconds)
13.59/13.62	['substr', 'substr', 'substr']: UNSAT (0.076 seconds)
13.69/13.70	['substr', 'substr', 'add']: UNSAT (0.067 seconds)
13.69/13.77	['substr', 'substr', 'sub']: UNSAT (0.094 seconds)
13.79/13.86	['substr', 'add', 'add']: UNSAT (0.085 seconds)
13.89/13.95	['substr', 'add', 'sub']: UNSAT (0.079 seconds)
13.99/14.03	['substr', 'sub', 'sub']: UNSAT (0.076 seconds)
14.09/14.11	['add', 'add', 'add']: UNSAT (0.043 seconds)
14.09/14.15	['add', 'add', 'sub']: UNSAT (0.048 seconds)
14.09/14.20	['add', 'sub', 'sub']: UNSAT (0.045 seconds)
14.20/14.24	['sub', 'sub', 'sub']: UNSAT (0.042 seconds)
14.20/14.29	['concat', 'concat', 'concat', 'concat']: UNSAT (0.292 seconds)
14.49/14.58	['concat', 'concat', 'concat', 'index']: UNSAT (0.074 seconds)
14.59/14.65	['concat', 'concat', 'concat', 'length']: UNSAT (0.056 seconds)
14.69/14.71	['concat', 'concat', 'concat', 'substr']: UNSAT (369.607 seconds)
384.19/384.32	['concat', 'concat', 'concat', 'add']: UNSAT (0.060 seconds)
384.32/384.38	['concat', 'concat', 'concat', 'sub']: UNSAT (0.061 seconds)
384.37/384.44	['concat', 'concat', 'index', 'index']: UNSAT (0.072 seconds)
384.47/384.52	['concat', 'concat', 'index', 'length']: UNSAT (0.062 seconds)
384.47/384.58	['concat', 'concat', 'index', 'substr']: UNSAT (25.662 seconds)
410.19/410.24	['concat', 'concat', 'index', 'add']: UNSAT (0.062 seconds)
410.19/410.30	['concat', 'concat', 'index', 'sub']: UNSAT (0.060 seconds)
410.32/410.37	['concat', 'concat', 'length', 'length']: UNSAT (0.049 seconds)
410.38/410.42	['concat', 'concat', 'length', 'substr']: UNSAT (8.583 seconds)
418.98/419.00	['concat', 'concat', 'length', 'add']: UNSAT (0.048 seconds)
418.98/419.05	['concat', 'concat', 'length', 'sub']: UNSAT (0.047 seconds)
419.08/419.10	['concat', 'concat', 'substr', 'substr']: UNSAT (17.692 seconds)
436.68/436.79	['concat', 'concat', 'substr', 'add']: UNSAT (4.841 seconds)
441.58/441.63	['concat', 'concat', 'substr', 'sub']: UNSAT (1.385 seconds)
442.98/443.02	['concat', 'concat', 'add', 'add']: UNSAT (0.057 seconds)
442.98/443.07	['concat', 'concat', 'add', 'sub']: UNSAT (0.057 seconds)
443.08/443.13	['concat', 'concat', 'sub', 'sub']: UNSAT (0.055 seconds)
443.08/443.19	['concat', 'index', 'index', 'index']: UNSAT (0.077 seconds)
443.19/443.27	['concat', 'index', 'index', 'length']: UNSAT (0.062 seconds)
443.31/443.33	['concat', 'index', 'index', 'substr']: UNSAT (15.040 seconds)
458.32/458.37	['concat', 'index', 'index', 'add']: UNSAT (0.069 seconds)
458.38/458.44	['concat', 'index', 'index', 'sub']: UNSAT (0.068 seconds)
458.48/458.51	['concat', 'index', 'length', 'length']: UNSAT (0.051 seconds)
458.48/458.56	['concat', 'index', 'length', 'substr']: UNSAT (4.358 seconds)
462.88/462.92	['concat', 'index', 'length', 'add']: UNSAT (0.056 seconds)
462.88/462.98	['concat', 'index', 'length', 'sub']: UNSAT (0.052 seconds)
462.98/463.03	['concat', 'index', 'substr', 'substr']: UNSAT (24.349 seconds)
487.32/487.38	['concat', 'index', 'substr', 'add']: UNSAT (4.202 seconds)
491.48/491.58	['concat', 'index', 'substr', 'sub']: UNSAT (4.978 seconds)
496.48/496.56	['concat', 'index', 'add', 'add']: UNSAT (0.065 seconds)
496.58/496.63	['concat', 'index', 'add', 'sub']: UNSAT (0.060 seconds)
496.58/496.69	['concat', 'index', 'sub', 'sub']: UNSAT (0.060 seconds)
496.68/496.75	['concat', 'length', 'length', 'length']: UNSAT (0.044 seconds)
496.68/496.79	['concat', 'length', 'length', 'substr']: UNSAT (0.154 seconds)
496.88/496.95	['concat', 'length', 'length', 'add']: UNSAT (0.042 seconds)
496.88/496.99	['concat', 'length', 'length', 'sub']: UNSAT (0.041 seconds)
496.98/497.03	['concat', 'length', 'substr', 'substr']: UNSAT (7.322 seconds)
504.31/504.36	['concat', 'length', 'substr', 'add']: UNSAT (1.028 seconds)
505.32/505.39	['concat', 'length', 'substr', 'sub']: UNSAT (0.844 seconds)
506.08/506.23	['concat', 'length', 'add', 'add']: UNSAT (0.050 seconds)
506.19/506.28	['concat', 'length', 'add', 'sub']: UNSAT (0.049 seconds)
506.19/506.33	['concat', 'length', 'sub', 'sub']: UNSAT (0.052 seconds)
506.31/506.38	['concat', 'substr', 'substr', 'substr']: UNSAT (0.532 seconds)
506.88/506.92	['concat', 'substr', 'substr', 'add']: UNSAT (2.196 seconds)
509.08/509.11	['concat', 'substr', 'substr', 'sub']: UNSAT (1.692 seconds)
510.78/510.81	['concat', 'substr', 'add', 'add']: UNSAT (0.811 seconds)
511.58/511.62	['concat', 'substr', 'add', 'sub']: UNSAT (0.513 seconds)
512.08/512.13	['concat', 'substr', 'sub', 'sub']: UNSAT (0.359 seconds)
512.38/512.49	['concat', 'add', 'add', 'add']: UNSAT (0.057 seconds)
512.48/512.55	['concat', 'add', 'add', 'sub']: UNSAT (0.057 seconds)
512.58/512.61	['concat', 'add', 'sub', 'sub']: UNSAT (0.055 seconds)
512.58/512.66	['concat', 'sub', 'sub', 'sub']: UNSAT (0.062 seconds)
512.68/512.73	['index', 'index', 'index', 'index']: UNSAT (0.085 seconds)
512.78/512.81	['index', 'index', 'index', 'length']: UNSAT (0.067 seconds)
512.78/512.88	['index', 'index', 'index', 'substr']: UNSAT (3.690 seconds)
516.48/516.57	['index', 'index', 'index', 'add']: UNSAT (0.078 seconds)
516.58/516.65	['index', 'index', 'index', 'sub']: UNSAT (0.079 seconds)
516.68/516.73	['index', 'index', 'length', 'length']: UNSAT (0.058 seconds)
516.68/516.79	['index', 'index', 'length', 'substr']: UNSAT (0.515 seconds)
517.19/517.30	['index', 'index', 'length', 'add']: UNSAT (0.061 seconds)
517.32/517.37	['index', 'index', 'length', 'sub']: UNSAT (0.059 seconds)
517.38/517.43	['index', 'index', 'substr', 'substr']: UNSAT (1.907 seconds)
519.19/519.33	['index', 'index', 'substr', 'add']: UNSAT (0.376 seconds)
519.68/519.71	['index', 'index', 'substr', 'sub']: UNSAT (0.355 seconds)
519.98/520.07	['index', 'index', 'add', 'add']: UNSAT (0.072 seconds)
520.08/520.14	['index', 'index', 'add', 'sub']: UNSAT (0.069 seconds)
520.08/520.21	['index', 'index', 'sub', 'sub']: UNSAT (0.072 seconds)
520.19/520.28	['index', 'length', 'length', 'length']: UNSAT (0.042 seconds)
520.19/520.32	['index', 'length', 'length', 'substr']: UNSAT (0.262 seconds)
520.48/520.59	['index', 'length', 'length', 'add']: UNSAT (0.046 seconds)
520.58/520.63	['index', 'length', 'length', 'sub']: UNSAT (0.045 seconds)
520.58/520.68	['index', 'length', 'substr', 'substr']: UNSAT (1.305 seconds)
521.88/521.99	['index', 'length', 'substr', 'add']: UNSAT (0.203 seconds)
522.08/522.19	['index', 'length', 'substr', 'sub']: UNSAT (0.149 seconds)
522.19/522.34	['index', 'length', 'add', 'add']: UNSAT (0.057 seconds)
522.38/522.40	['index', 'length', 'add', 'sub']: UNSAT (0.056 seconds)
522.38/522.45	['index', 'length', 'sub', 'sub']: UNSAT (0.057 seconds)
522.48/522.51	['index', 'substr', 'substr', 'substr']: UNSAT (1.777 seconds)
524.19/524.29	['index', 'substr', 'substr', 'add']: UNSAT (1.121 seconds)
525.38/525.41	['index', 'substr', 'substr', 'sub']: UNSAT (1.072 seconds)
526.38/526.48	['index', 'substr', 'add', 'add']: UNSAT (0.543 seconds)
526.98/527.03	['index', 'substr', 'add', 'sub']: UNSAT (0.448 seconds)
527.38/527.48	['index', 'substr', 'sub', 'sub']: UNSAT (0.185 seconds)
527.58/527.66	['index', 'add', 'add', 'add']: UNSAT (0.074 seconds)
527.68/527.74	['index', 'add', 'add', 'sub']: UNSAT (0.070 seconds)
527.78/527.81	['index', 'add', 'sub', 'sub']: UNSAT (0.068 seconds)
527.78/527.88	['index', 'sub', 'sub', 'sub']: UNSAT (0.068 seconds)
527.88/527.95	['length', 'length', 'length', 'length']: UNSAT (0.035 seconds)
527.88/527.98	['length', 'length', 'length', 'substr']: UNSAT (0.044 seconds)
527.98/528.03	['length', 'length', 'length', 'add']: UNSAT (0.036 seconds)
527.98/528.07	['length', 'length', 'length', 'sub']: UNSAT (0.039 seconds)
528.08/528.11	['length', 'length', 'substr', 'substr']: UNSAT (0.835 seconds)
528.88/528.94	['length', 'length', 'substr', 'add']: UNSAT (0.117 seconds)
528.98/529.06	['length', 'length', 'substr', 'sub']: UNSAT (0.127 seconds)
529.08/529.19	['length', 'length', 'add', 'add']: UNSAT (0.046 seconds)
529.08/529.23	['length', 'length', 'add', 'sub']: UNSAT (0.047 seconds)
529.19/529.28	['length', 'length', 'sub', 'sub']: UNSAT (0.043 seconds)
529.19/529.33	['length', 'substr', 'substr', 'substr']: UNSAT (0.838 seconds)
530.08/530.16	['length', 'substr', 'substr', 'add']: UNSAT (0.722 seconds)
530.78/530.89	['length', 'substr', 'substr', 'sub']: UNSAT (0.723 seconds)
531.58/531.61	['length', 'substr', 'add', 'add']: UNSAT (0.185 seconds)
531.78/531.80	['length', 'substr', 'add', 'sub']: UNSAT (0.136 seconds)
531.88/531.93	['length', 'substr', 'sub', 'sub']: UNSAT (0.219 seconds)
532.08/532.15	['length', 'add', 'add', 'add']: UNSAT (0.057 seconds)
532.08/532.21	['length', 'add', 'add', 'sub']: UNSAT (0.059 seconds)
532.19/532.27	['length', 'add', 'sub', 'sub']: UNSAT (0.057 seconds)
532.19/532.33	['length', 'sub', 'sub', 'sub']: UNSAT (0.057 seconds)
532.32/532.39	['substr', 'substr', 'substr', 'substr']: UNSAT (0.173 seconds)
532.48/532.56	['substr', 'substr', 'substr', 'add']: UNSAT (0.148 seconds)
532.68/532.71	['substr', 'substr', 'substr', 'sub']: UNSAT (0.215 seconds)
532.88/532.93	['substr', 'substr', 'add', 'add']: UNSAT (0.163 seconds)
532.98/533.09	['substr', 'substr', 'add', 'sub']: UNSAT (0.228 seconds)
533.19/533.32	['substr', 'substr', 'sub', 'sub']: UNSAT (0.215 seconds)
533.48/533.54	['substr', 'add', 'add', 'add']: UNSAT (0.586 seconds)
534.08/534.12	['substr', 'add', 'add', 'sub']: UNSAT (0.342 seconds)
534.38/534.47	['substr', 'add', 'sub', 'sub']: UNSAT (0.244 seconds)
534.68/534.71	['substr', 'sub', 'sub', 'sub']: UNSAT (0.233 seconds)
534.88/534.94	['add', 'add', 'add', 'add']: UNSAT (0.063 seconds)
534.98/535.01	['add', 'add', 'add', 'sub']: UNSAT (0.063 seconds)
534.98/535.07	['add', 'add', 'sub', 'sub']: UNSAT (0.063 seconds)
535.08/535.14	['add', 'sub', 'sub', 'sub']: UNSAT (0.063 seconds)
535.08/535.20	['sub', 'sub', 'sub', 'sub']: UNSAT (0.063 seconds)
535.19/535.26	['concat', 'concat', 'concat', 'concat', 'concat']: UNSAT (0.800 seconds)
535.98/536.06	['concat', 'concat', 'concat', 'concat', 'index']: UNSAT (0.097 seconds)
536.08/536.16	['concat', 'concat', 'concat', 'concat', 'length']: UNSAT (0.081 seconds)
536.19/536.24	['concat', 'concat', 'concat', 'concat', 'substr']: 