0.12/0.18	=== Examples (../../dataset/examples/examples-89.json)
0.12/0.18	IO(inputs=('|George|Maebe|Michael|',), output='Enviado para George, Maebe, Michael')
0.12/0.18	IO(inputs=('|John|Jane|Joao|',), output='Enviado para John, Jane, Joao')
0.12/0.18	=== Library
0.12/0.18	concat
0.12/0.18	index
0.12/0.18	length
0.12/0.18	substr
0.12/0.18	add
0.12/0.18	sub
0.12/0.18	=== Synthesis
0.12/0.18	['concat']: UNSAT (0.022 seconds)
0.12/0.20	['index']: UNSAT (0.021 seconds)
0.12/0.22	['length']: UNSAT (0.016 seconds)
0.12/0.24	['substr']: UNSAT (0.023 seconds)
0.12/0.26	['add']: UNSAT (0.018 seconds)
0.24/0.28	['sub']: UNSAT (0.018 seconds)
0.24/0.30	['concat', 'concat']: UNSAT (0.110 seconds)
0.37/0.41	['concat', 'index']: UNSAT (0.054 seconds)
0.37/0.47	['concat', 'length']: UNSAT (0.034 seconds)
0.47/0.50	['concat', 'substr']: UNSAT (0.073 seconds)
0.47/0.58	['concat', 'add']: UNSAT (0.036 seconds)
0.56/0.61	['concat', 'sub']: UNSAT (0.034 seconds)
0.63/0.65	['index', 'index']: UNSAT (0.047 seconds)
0.63/0.69	['index', 'length']: UNSAT (0.033 seconds)
0.69/0.73	['index', 'substr']: UNSAT (0.054 seconds)
0.69/0.78	['index', 'add']: UNSAT (0.041 seconds)
0.79/0.83	['index', 'sub']: UNSAT (0.041 seconds)
0.79/0.87	['length', 'length']: UNSAT (0.026 seconds)
0.79/0.90	['length', 'substr']: UNSAT (0.039 seconds)
0.90/0.93	['length', 'add']: UNSAT (0.030 seconds)
0.90/0.97	['length', 'sub']: UNSAT (0.023 seconds)
0.90/0.99	['substr', 'substr']: UNSAT (0.038 seconds)
0.90/1.03	['substr', 'add']: UNSAT (0.031 seconds)
1.01/1.06	['substr', 'sub']: UNSAT (0.036 seconds)
1.01/1.10	['add', 'add']: UNSAT (0.029 seconds)
1.01/1.13	['add', 'sub']: UNSAT (0.032 seconds)
1.13/1.16	['sub', 'sub']: UNSAT (0.034 seconds)
1.13/1.19	['concat', 'concat', 'concat']: UNSAT (0.685 seconds)
1.79/1.88	['concat', 'concat', 'index']: UNSAT (0.052 seconds)
1.89/1.93	['concat', 'concat', 'length']: UNSAT (0.038 seconds)
1.89/1.97	['concat', 'concat', 'substr']: UNSAT (0.564 seconds)
2.49/2.54	['concat', 'concat', 'add']: UNSAT (0.042 seconds)
2.49/2.58	['concat', 'concat', 'sub']: UNSAT (0.040 seconds)
2.59/2.62	['concat', 'index', 'index']: UNSAT (0.054 seconds)
2.59/2.67	['concat', 'index', 'length']: UNSAT (0.039 seconds)
2.69/2.71	['concat', 'index', 'substr']: UNSAT (0.215 seconds)
2.89/2.93	['concat', 'index', 'add']: UNSAT (0.045 seconds)
2.89/2.98	['concat', 'index', 'sub']: UNSAT (0.046 seconds)
2.89/3.02	['concat', 'length', 'length']: UNSAT (0.031 seconds)
3.01/3.05	['concat', 'length', 'substr']: UNSAT (0.080 seconds)
3.01/3.14	['concat', 'length', 'add']: UNSAT (0.037 seconds)
3.13/3.17	['concat', 'length', 'sub']: UNSAT (0.039 seconds)
3.19/3.21	['concat', 'substr', 'substr']: UNSAT (0.114 seconds)
3.29/3.33	['concat', 'substr', 'add']: UNSAT (0.060 seconds)
3.29/3.39	['concat', 'substr', 'sub']: UNSAT (0.059 seconds)
3.39/3.45	['concat', 'add', 'add']: UNSAT (0.038 seconds)
3.39/3.49	['concat', 'add', 'sub']: UNSAT (0.037 seconds)
3.49/3.52	['concat', 'sub', 'sub']: UNSAT (0.037 seconds)
3.49/3.56	['index', 'index', 'index']: UNSAT (0.057 seconds)
3.59/3.62	['index', 'index', 'length']: UNSAT (0.043 seconds)
3.59/3.66	['index', 'index', 'substr']: UNSAT (0.066 seconds)
3.69/3.73	['index', 'index', 'add']: UNSAT (0.051 seconds)
3.69/3.78	['index', 'index', 'sub']: UNSAT (0.047 seconds)
3.79/3.83	['index', 'length', 'length']: UNSAT (0.036 seconds)
3.79/3.87	['index', 'length', 'substr']: UNSAT (0.046 seconds)
3.89/3.91	['index', 'length', 'add']: UNSAT (0.041 seconds)
3.89/3.96	['index', 'length', 'sub']: UNSAT (0.037 seconds)
3.89/3.99	['index', 'substr', 'substr']: UNSAT (0.120 seconds)
4.01/4.11	['index', 'substr', 'add']: UNSAT (0.058 seconds)
4.13/4.17	['index', 'substr', 'sub']: UNSAT (0.063 seconds)
4.19/4.24	['index', 'add', 'add']: UNSAT (0.049 seconds)
4.19/4.29	['index', 'add', 'sub']: UNSAT (0.048 seconds)
4.29/4.34	['index', 'sub', 'sub']: UNSAT (0.044 seconds)
4.29/4.38	['length', 'length', 'length']: UNSAT (0.024 seconds)
4.39/4.41	['length', 'length', 'substr']: UNSAT (0.038 seconds)
4.39/4.44	['length', 'length', 'add']: UNSAT (0.028 seconds)
4.39/4.47	['length', 'length', 'sub']: UNSAT (0.027 seconds)
4.49/4.50	['length', 'substr', 'substr']: UNSAT (0.060 seconds)
4.49/4.56	['length', 'substr', 'add']: UNSAT (0.042 seconds)
4.59/4.60	['length', 'substr', 'sub']: UNSAT (0.041 seconds)
4.59/4.65	['length', 'add', 'add']: UNSAT (0.034 seconds)
4.59/4.68	['length', 'add', 'sub']: UNSAT (0.034 seconds)
4.69/4.71	['length', 'sub', 'sub']: UNSAT (0.039 seconds)
4.69/4.75	['substr', 'substr', 'substr']: UNSAT (0.072 seconds)
4.79/4.83	['substr', 'substr', 'add']: UNSAT (0.054 seconds)
4.79/4.88	['substr', 'substr', 'sub']: UNSAT (0.059 seconds)
4.89/4.94	['substr', 'add', 'add']: UNSAT (0.048 seconds)
4.89/4.99	['substr', 'add', 'sub']: UNSAT (0.053 seconds)
5.01/5.05	['substr', 'sub', 'sub']: UNSAT (0.050 seconds)
5.01/5.10	['add', 'add', 'add']: UNSAT (0.045 seconds)
5.12/5.14	['add', 'add', 'sub']: UNSAT (0.044 seconds)
5.12/5.19	['add', 'sub', 'sub']: UNSAT (0.052 seconds)
5.19/5.24	['sub', 'sub', 'sub']: UNSAT (0.050 seconds)
5.19/5.29	['concat', 'concat', 'concat', 'concat']: UNSAT (371.255 seconds)
376.47/376.55	['concat', 'concat', 'concat', 'index']: UNSAT (0.076 seconds)
376.57/376.62	['concat', 'concat', 'concat', 'length']: UNSAT (0.060 seconds)
376.57/376.68	['concat', 'concat', 'concat', 'substr']: UNSAT (98.368 seconds)
475.00/475.05	['concat', 'concat', 'concat', 'add']: UNSAT (0.060 seconds)
475.00/475.11	['concat', 'concat', 'concat', 'sub']: UNSAT (0.059 seconds)
475.11/475.17	['concat', 'concat', 'index', 'index']: UNSAT (0.076 seconds)
475.17/475.25	['concat', 'concat', 'index', 'length']: UNSAT (0.061 seconds)
475.27/475.31	['concat', 'concat', 'index', 'substr']: UNSAT (20.503 seconds)
495.77/495.82	['concat', 'concat', 'index', 'add']: UNSAT (0.063 seconds)
495.77/495.88	['concat', 'concat', 'index', 'sub']: UNSAT (0.065 seconds)
495.87/495.95	['concat', 'concat', 'length', 'length']: UNSAT (0.050 seconds)
495.87/496.00	['concat', 'concat', 'length', 'substr']: UNSAT (1.346 seconds)
497.27/497.34	['concat', 'concat', 'length', 'add']: UNSAT (0.048 seconds)
497.27/497.39	['concat', 'concat', 'length', 'sub']: UNSAT (0.047 seconds)
497.37/497.44	['concat', 'concat', 'substr', 'substr']: UNSAT (1.509 seconds)
498.87/498.95	['concat', 'concat', 'substr', 'add']: UNSAT (1.403 seconds)
500.27/500.35	['concat', 'concat', 'substr', 'sub']: UNSAT (0.965 seconds)
501.27/501.32	['concat', 'concat', 'add', 'add']: UNSAT (0.055 seconds)
501.27/501.38	['concat', 'concat', 'add', 'sub']: UNSAT (0.054 seconds)
501.37/501.43	['concat', 'concat', 'sub', 'sub']: UNSAT (0.054 seconds)
501.37/501.49	['concat', 'index', 'index', 'index']: UNSAT (0.078 seconds)
501.47/501.56	['concat', 'index', 'index', 'length']: UNSAT (0.065 seconds)
501.57/501.63	['concat', 'index', 'index', 'substr']: UNSAT (0.881 seconds)
502.47/502.51	['concat', 'index', 'index', 'add']: UNSAT (0.070 seconds)
502.47/502.58	['concat', 'index', 'index', 'sub']: UNSAT (0.067 seconds)
502.57/502.65	['concat', 'index', 'length', 'length']: UNSAT (0.053 seconds)
502.67/502.70	['concat', 'index', 'length', 'substr']: UNSAT (0.394 seconds)
503.00/503.10	['concat', 'index', 'length', 'add']: UNSAT (0.056 seconds)
503.11/503.15	['concat', 'index', 'length', 'sub']: UNSAT (0.061 seconds)
503.17/503.22	['concat', 'index', 'substr', 'substr']: UNSAT (1.334 seconds)
504.47/504.55	['concat', 'index', 'substr', 'add']: UNSAT (0.318 seconds)
504.77/504.87	['concat', 'index', 'substr', 'sub']: UNSAT (0.335 seconds)
505.17/505.21	['concat', 'index', 'add', 'add']: UNSAT (0.064 seconds)
505.17/505.27	['concat', 'index', 'add', 'sub']: UNSAT (0.064 seconds)
505.27/505.34	['concat', 'index', 'sub', 'sub']: UNSAT (0.065 seconds)
505.37/505.40	['concat', 'length', 'length', 'length']: UNSAT (0.038 seconds)
505.37/505.44	['concat', 'length', 'length', 'substr']: UNSAT (0.095 seconds)
505.47/505.54	['concat', 'length', 'length', 'add']: UNSAT (0.045 seconds)
505.47/505.58	['concat', 'length', 'length', 'sub']: UNSAT (0.041 seconds)
505.57/505.62	['concat', 'length', 'substr', 'substr']: UNSAT (0.622 seconds)
506.17/506.25	['concat', 'length', 'substr', 'add']: UNSAT (0.226 seconds)
506.37/506.47	['concat', 'length', 'substr', 'sub']: UNSAT (0.156 seconds)
506.57/506.63	['concat', 'length', 'add', 'add']: UNSAT (0.050 seconds)
506.57/506.68	['concat', 'length', 'add', 'sub']: UNSAT (0.049 seconds)
506.67/506.73	['concat', 'length', 'sub', 'sub']: UNSAT (0.048 seconds)
506.67/506.78	['concat', 'substr', 'substr', 'substr']: UNSAT (0.507 seconds)
507.17/507.28	['concat', 'substr', 'substr', 'add']: UNSAT (0.266 seconds)
507.47/507.55	['concat', 'substr', 'substr', 'sub']: UNSAT (0.276 seconds)
507.77/507.83	['concat', 'substr', 'add', 'add']: UNSAT (0.234 seconds)
508.00/508.06	['concat', 'substr', 'add', 'sub']: UNSAT (0.167 seconds)
508.17/508.23	['concat', 'substr', 'sub', 'sub']: UNSAT (0.167 seconds)
508.37/508.40	['concat', 'add', 'add', 'add']: UNSAT (0.058 seconds)
508.37/508.46	['concat', 'add', 'add', 'sub']: UNSAT (0.056 seconds)
508.47/508.52	['concat', 'add', 'sub', 'sub']: UNSAT (0.057 seconds)
508.47/508.57	['concat', 'sub', 'sub', 'sub']: UNSAT (0.057 seconds)
508.57/508.63	['index', 'index', 'index', 'index']: UNSAT (0.082 seconds)
508.67/508.71	['index', 'index', 'index', 'length']: UNSAT (0.068 seconds)
508.67/508.78	['index', 'index', 'index', 'substr']: UNSAT (0.102 seconds)
508.77/508.89	['index', 'index', 'index', 'add']: UNSAT (0.077 seconds)
508.87/508.96	['index', 'index', 'index', 'sub']: UNSAT (0.078 seconds)
508.99/509.04	['index', 'index', 'length', 'length']: UNSAT (0.053 seconds)
508.99/509.10	['index', 'index', 'length', 'substr']: UNSAT (0.078 seconds)
509.11/509.18	['index', 'index', 'length', 'add']: UNSAT (0.061 seconds)
509.17/509.24	['index', 'index', 'length', 'sub']: UNSAT (0.064 seconds)
509.27/509.30	['index', 'index', 'substr', 'substr']: UNSAT (0.135 seconds)
509.37/509.44	['index', 'index', 'substr', 'add']: UNSAT (0.137 seconds)
509.47/509.58	['index', 'index', 'substr', 'sub']: UNSAT (0.109 seconds)
509.57/509.69	['index', 'index', 'add', 'add']: UNSAT (0.069 seconds)
509.67/509.76	['index', 'index', 'add', 'sub']: UNSAT (0.070 seconds)
509.77/509.83	['index', 'index', 'sub', 'sub']: UNSAT (0.067 seconds)
509.77/509.90	['index', 'length', 'length', 'length']: UNSAT (0.045 seconds)
509.87/509.94	['index', 'length', 'length', 'substr']: UNSAT (0.064 seconds)
509.87/510.01	['index', 'length', 'length', 'add']: UNSAT (0.047 seconds)
510.00/510.05	['index', 'length', 'length', 'sub']: UNSAT (0.050 seconds)
510.00/510.10	['index', 'length', 'substr', 'substr']: UNSAT (0.095 seconds)
510.17/510.20	['index', 'length', 'substr', 'add']: UNSAT (0.099 seconds)
510.27/510.30	['index', 'length', 'substr', 'sub']: UNSAT (0.079 seconds)
510.27/510.38	['index', 'length', 'add', 'add']: UNSAT (0.057 seconds)
510.37/510.44	['index', 'length', 'add', 'sub']: UNSAT (0.054 seconds)
510.37/510.49	['index', 'length', 'sub', 'sub']: UNSAT (0.053 seconds)
510.47/510.55	['index', 'substr', 'substr', 'substr']: UNSAT (0.171 seconds)
510.67/510.72	['index', 'substr', 'substr', 'add']: UNSAT (0.105 seconds)
510.77/510.83	['index', 'substr', 'substr', 'sub']: UNSAT (0.099 seconds)
510.87/510.93	['index', 'substr', 'add', 'add']: UNSAT (0.086 seconds)
510.87/511.01	['index', 'substr', 'add', 'sub']: UNSAT (0.096 seconds)
510.98/511.11	['index', 'substr', 'sub', 'sub']: UNSAT (0.089 seconds)
511.17/511.20	['index', 'add', 'add', 'add']: UNSAT (0.076 seconds)
511.17/511.28	['index', 'add', 'add', 'sub']: UNSAT (0.073 seconds)
511.27/511.35	['index', 'add', 'sub', 'sub']: UNSAT (0.069 seconds)
511.37/511.42	['index', 'sub', 'sub', 'sub']: UNSAT (0.072 seconds)
511.37/511.49	['length', 'length', 'length', 'length']: UNSAT (0.031 seconds)
511.47/511.52	['length', 'length', 'length', 'substr']: UNSAT (0.045 seconds)
511.47/511.57	['length', 'length', 'length', 'add']: UNSAT (0.037 seconds)
511.57/511.61	['length', 'length', 'length', 'sub']: UNSAT (0.036 seconds)
511.57/511.64	['length', 'length', 'substr', 'substr']: UNSAT (0.101 seconds)
511.67/511.75	['length', 'length', 'substr', 'add']: UNSAT (0.053 seconds)
511.77/511.80	['length', 'length', 'substr', 'sub']: UNSAT (0.061 seconds)
511.77/511.86	['length', 'length', 'add', 'add']: UNSAT (0.043 seconds)
511.87/511.90	['length', 'length', 'add', 'sub']: UNSAT (0.044 seconds)
511.87/511.95	['length', 'length', 'sub', 'sub']: UNSAT (0.043 seconds)
511.87/511.99	['length', 'substr', 'substr', 'substr']: UNSAT (0.167 seconds)
512.11/512.16	['length', 'substr', 'substr', 'add']: UNSAT (0.091 seconds)
512.17/512.25	['length', 'substr', 'substr', 'sub']: UNSAT (0.084 seconds)
512.27/512.34	['length', 'substr', 'add', 'add']: UNSAT (0.075 seconds)
512.37/512.41	['length', 'substr', 'add', 'sub']: UNSAT (0.067 seconds)
512.37/512.48	['length', 'substr', 'sub', 'sub']: UNSAT (0.071 seconds)
512.47/512.55	['length', 'add', 'add', 'add']: UNSAT (0.056 seconds)
512.57/512.61	['length', 'add', 'add', 'sub']: UNSAT (0.056 seconds)
512.57/512.67	['length', 'add', 'sub', 'sub']: UNSAT (0.053 seconds)
512.67/512.72	['length', 'sub', 'sub', 'sub']: UNSAT (0.056 seconds)
512.67/512.78	['substr', 'substr', 'substr', 'substr']: UNSAT (0.136 seconds)
512.87/512.91	['substr', 'substr', 'substr', 'add']: UNSAT (0.090 seconds)
512.87/513.00	['substr', 'substr', 'substr', 'sub']: UNSAT (0.097 seconds)
512.99/513.10	['substr', 'substr', 'add', 'add']: UNSAT (0.093 seconds)
513.17/513.20	['substr', 'substr', 'add', 'sub']: UNSAT (0.085 seconds)
513.17/513.28	['substr', 'substr', 'sub', 'sub']: UNSAT (0.078 seconds)
513.27/513.36	['substr', 'add', 'add', 'add']: UNSAT (0.078 seconds)
513.37/513.44	['substr', 'add', 'add', 'sub']: UNSAT (0.074 seconds)
513.47/513.52	['substr', 'add', 'sub', 'sub']: UNSAT (0.073 seconds)
513.47/513.59	['substr', 'sub', 'sub', 'sub']: UNSAT (0.068 seconds)
513.57/513.66	['add', 'add', 'add', 'add']: UNSAT (0.064 seconds)
513.67/513.72	['add', 'add', 'add', 'sub']: UNSAT (0.066 seconds)
513.67/513.79	['add', 'add', 'sub', 'sub']: UNSAT (0.065 seconds)
513.77/513.86	['add', 'sub', 'sub', 'sub']: UNSAT (0.067 seconds)
513.87/513.92	['sub', 'sub', 'sub', 'sub']: UNSAT (0.064 seconds)
513.87/513.99	['concat', 'concat', 'concat', 'concat', 'concat']: 