0.12/0.19	=== Examples (../../dataset/examples/examples-41.json)
0.12/0.19	IO(inputs=('who knows  ',), output='Prefix who knows')
0.12/0.19	IO(inputs=("  we'll see",), output="Prefix we'll see")
0.12/0.19	=== Library
0.12/0.19	concat
0.12/0.19	index
0.12/0.19	length
0.12/0.19	substr
0.12/0.19	add
0.12/0.19	sub
0.12/0.19	=== Synthesis
0.12/0.19	['concat']: UNSAT (0.027 seconds)
0.12/0.22	['index']: UNSAT (0.025 seconds)
0.12/0.25	['length']: UNSAT (0.019 seconds)
0.12/0.27	['substr']: UNSAT (0.028 seconds)
0.27/0.30	['add']: UNSAT (0.022 seconds)
0.27/0.32	['sub']: UNSAT (0.023 seconds)
0.27/0.34	['concat', 'concat']: UNSAT (0.066 seconds)
0.27/0.41	['concat', 'index']: UNSAT (0.042 seconds)
0.40/0.45	['concat', 'length']: UNSAT (0.032 seconds)
0.40/0.48	['concat', 'substr']: UNSAT (0.067 seconds)
0.53/0.55	['concat', 'add']: UNSAT (0.035 seconds)
0.53/0.59	['concat', 'sub']: UNSAT (0.034 seconds)
0.59/0.62	['index', 'index']: UNSAT (0.043 seconds)
0.62/0.67	['index', 'length']: UNSAT (0.026 seconds)
0.62/0.69	['index', 'substr']: UNSAT (0.035 seconds)
0.68/0.73	['index', 'add']: UNSAT (0.034 seconds)
0.68/0.76	['index', 'sub']: UNSAT (0.029 seconds)
0.68/0.79	['length', 'length']: UNSAT (0.018 seconds)
0.78/0.81	['length', 'substr']: UNSAT (0.032 seconds)
0.78/0.84	['length', 'add']: UNSAT (0.024 seconds)
0.78/0.87	['length', 'sub']: UNSAT (0.022 seconds)
0.78/0.89	['substr', 'substr']: UNSAT (0.038 seconds)
0.89/0.93	['substr', 'add']: UNSAT (0.030 seconds)
0.89/0.96	['substr', 'sub']: UNSAT (0.030 seconds)
0.89/0.99	['add', 'add']: UNSAT (0.027 seconds)
0.89/1.02	['add', 'sub']: UNSAT (0.029 seconds)
1.03/1.05	['sub', 'sub']: UNSAT (0.030 seconds)
1.03/1.08	['concat', 'concat', 'concat']: UNSAT (0.614 seconds)
1.58/1.70	['concat', 'concat', 'index']: UNSAT (0.050 seconds)
1.68/1.75	['concat', 'concat', 'length']: UNSAT (0.043 seconds)
1.68/1.79	['concat', 'concat', 'substr']: UNSAT (0.951 seconds)
2.68/2.74	['concat', 'concat', 'add']: UNSAT (0.042 seconds)
2.68/2.78	['concat', 'concat', 'sub']: UNSAT (0.038 seconds)
2.78/2.82	['concat', 'index', 'index']: UNSAT (0.052 seconds)
2.78/2.88	['concat', 'index', 'length']: UNSAT (0.041 seconds)
2.88/2.92	['concat', 'index', 'substr']: UNSAT (0.164 seconds)
3.02/3.08	['concat', 'index', 'add']: UNSAT (0.041 seconds)
3.02/3.12	['concat', 'index', 'sub']: UNSAT (0.044 seconds)
3.13/3.17	['concat', 'length', 'length']: UNSAT (0.031 seconds)
3.19/3.20	['concat', 'length', 'substr']: UNSAT (0.114 seconds)
3.29/3.32	['concat', 'length', 'add']: UNSAT (0.034 seconds)
3.29/3.35	['concat', 'length', 'sub']: UNSAT (0.035 seconds)
3.29/3.39	['concat', 'substr', 'substr']: UNSAT (0.107 seconds)
3.49/3.50	['concat', 'substr', 'add']: UNSAT (0.059 seconds)
3.49/3.56	['concat', 'substr', 'sub']: UNSAT (0.088 seconds)
3.59/3.64	['concat', 'add', 'add']: UNSAT (0.039 seconds)
3.59/3.68	['concat', 'add', 'sub']: UNSAT (0.039 seconds)
3.68/3.72	['concat', 'sub', 'sub']: UNSAT (0.037 seconds)
3.68/3.76	['index', 'index', 'index']: UNSAT (0.059 seconds)
3.79/3.82	['index', 'index', 'length']: UNSAT (0.046 seconds)
3.79/3.87	['index', 'index', 'substr']: UNSAT (0.064 seconds)
3.89/3.93	['index', 'index', 'add']: UNSAT (0.050 seconds)
3.89/3.99	['index', 'index', 'sub']: UNSAT (0.050 seconds)
4.02/4.04	['index', 'length', 'length']: UNSAT (0.033 seconds)
4.02/4.07	['index', 'length', 'substr']: UNSAT (0.045 seconds)
4.02/4.11	['index', 'length', 'add']: UNSAT (0.036 seconds)
4.13/4.15	['index', 'length', 'sub']: UNSAT (0.035 seconds)
4.13/4.19	['index', 'substr', 'substr']: UNSAT (0.122 seconds)
4.29/4.31	['index', 'substr', 'add']: UNSAT (0.055 seconds)
4.29/4.37	['index', 'substr', 'sub']: UNSAT (0.057 seconds)
4.39/4.42	['index', 'add', 'add']: UNSAT (0.043 seconds)
4.39/4.47	['index', 'add', 'sub']: UNSAT (0.049 seconds)
4.49/4.52	['index', 'sub', 'sub']: UNSAT (0.043 seconds)
4.49/4.56	['length', 'length', 'length']: UNSAT (0.026 seconds)
4.49/4.59	['length', 'length', 'substr']: UNSAT (0.037 seconds)
4.59/4.63	['length', 'length', 'add']: UNSAT (0.027 seconds)
4.59/4.65	['length', 'length', 'sub']: UNSAT (0.029 seconds)
4.59/4.68	['length', 'substr', 'substr']: UNSAT (0.055 seconds)
4.69/4.74	['length', 'substr', 'add']: UNSAT (0.040 seconds)
4.69/4.78	['length', 'substr', 'sub']: UNSAT (0.040 seconds)
4.79/4.82	['length', 'add', 'add']: UNSAT (0.037 seconds)
4.79/4.86	['length', 'add', 'sub']: UNSAT (0.039 seconds)
4.89/4.90	['length', 'sub', 'sub']: UNSAT (0.037 seconds)
4.89/4.93	['substr', 'substr', 'substr']: UNSAT (0.071 seconds)
4.89/5.01	['substr', 'substr', 'add']: UNSAT (0.058 seconds)
5.03/5.07	['substr', 'substr', 'sub']: UNSAT (0.057 seconds)
5.03/5.12	['substr', 'add', 'add']: UNSAT (0.049 seconds)
5.13/5.17	['substr', 'add', 'sub']: UNSAT (0.051 seconds)
5.19/5.22	['substr', 'sub', 'sub']: UNSAT (0.048 seconds)
5.19/5.27	['add', 'add', 'add']: UNSAT (0.044 seconds)
5.29/5.32	['add', 'add', 'sub']: UNSAT (0.044 seconds)
5.29/5.36	['add', 'sub', 'sub']: UNSAT (0.048 seconds)
5.39/5.41	['sub', 'sub', 'sub']: UNSAT (0.042 seconds)
5.39/5.45	['concat', 'concat', 'concat', 'concat']: UNSAT (230.884 seconds)
236.25/236.34	['concat', 'concat', 'concat', 'index']: UNSAT (0.076 seconds)
236.35/236.42	['concat', 'concat', 'concat', 'length']: UNSAT (0.065 seconds)
236.35/236.48	['concat', 'concat', 'concat', 'substr']: UNKNOWN (213.557 seconds)
450.00/450.04	Reason: smt tactic failed to show goal to be sat/unsat max-conflicts-reached
450.00/450.04	Reason: smt tactic failed to show goal to be sat/unsat max-conflicts-reached
450.00/450.04	['concat', 'concat', 'concat', 'add']: UNSAT (0.058 seconds)
450.00/450.10	['concat', 'concat', 'concat', 'sub']: UNSAT (0.063 seconds)
450.09/450.16	['concat', 'concat', 'index', 'index']: UNSAT (0.076 seconds)
450.15/450.24	['concat', 'concat', 'index', 'length']: UNSAT (0.062 seconds)
450.25/450.30	['concat', 'concat', 'index', 'substr']: UNSAT (8.593 seconds)
458.85/458.90	['concat', 'concat', 'index', 'add']: UNSAT (0.062 seconds)
458.85/458.96	['concat', 'concat', 'index', 'sub']: UNSAT (0.062 seconds)
458.85/459.02	['concat', 'concat', 'length', 'length']: UNSAT (0.051 seconds)
459.00/459.07	['concat', 'concat', 'length', 'substr']: UNSAT (3.843 seconds)
462.86/462.92	['concat', 'concat', 'length', 'add']: UNSAT (0.050 seconds)
462.86/462.97	['concat', 'concat', 'length', 'sub']: UNSAT (0.050 seconds)
462.86/463.02	['concat', 'concat', 'substr', 'substr']: UNSAT (2.344 seconds)
465.26/465.36	['concat', 'concat', 'substr', 'add']: UNSAT (2.029 seconds)
467.26/467.39	['concat', 'concat', 'substr', 'sub']: UNSAT (1.293 seconds)
468.56/468.69	['concat', 'concat', 'add', 'add']: UNSAT (0.056 seconds)
468.66/468.74	['concat', 'concat', 'add', 'sub']: UNSAT (0.057 seconds)
468.76/468.80	['concat', 'concat', 'sub', 'sub']: UNSAT (0.055 seconds)
468.76/468.86	['concat', 'index', 'index', 'index']: UNSAT (0.078 seconds)
468.86/468.94	['concat', 'index', 'index', 'length']: UNSAT (0.063 seconds)
468.86/469.00	['concat', 'index', 'index', 'substr']: UNSAT (0.582 seconds)
469.46/469.58	['concat', 'index', 'index', 'add']: UNSAT (0.069 seconds)
469.56/469.65	['concat', 'index', 'index', 'sub']: UNSAT (0.070 seconds)
469.66/469.72	['concat', 'index', 'length', 'length']: UNSAT (0.053 seconds)
469.66/469.78	['concat', 'index', 'length', 'substr']: UNSAT (0.317 seconds)
470.00/470.10	['concat', 'index', 'length', 'add']: UNSAT (0.056 seconds)
470.10/470.15	['concat', 'index', 'length', 'sub']: UNSAT (0.054 seconds)
470.16/470.21	['concat', 'index', 'substr', 'substr']: UNSAT (1.192 seconds)
471.36/471.40	['concat', 'index', 'substr', 'add']: UNSAT (0.542 seconds)
471.86/471.94	['concat', 'index', 'substr', 'sub']: UNSAT (0.371 seconds)
472.26/472.32	['concat', 'index', 'add', 'add']: UNSAT (0.062 seconds)
472.26/472.38	['concat', 'index', 'add', 'sub']: UNSAT (0.061 seconds)
472.36/472.44	['concat', 'index', 'sub', 'sub']: UNSAT (0.062 seconds)
472.46/472.50	['concat', 'length', 'length', 'length']: UNSAT (0.041 seconds)
472.46/472.54	['concat', 'length', 'length', 'substr']: UNSAT (0.115 seconds)
472.56/472.66	['concat', 'length', 'length', 'add']: UNSAT (0.043 seconds)
472.66/472.71	['concat', 'length', 'length', 'sub']: UNSAT (0.044 seconds)
472.66/472.75	['concat', 'length', 'substr', 'substr']: UNSAT (1.011 seconds)
473.66/473.76	['concat', 'length', 'substr', 'add']: UNSAT (0.185 seconds)
473.86/473.95	['concat', 'length', 'substr', 'sub']: UNSAT (0.199 seconds)
474.10/474.15	['concat', 'length', 'add', 'add']: UNSAT (0.049 seconds)
474.16/474.20	['concat', 'length', 'add', 'sub']: UNSAT (0.048 seconds)
474.16/474.25	['concat', 'length', 'sub', 'sub']: UNSAT (0.049 seconds)
474.26/474.30	['concat', 'substr', 'substr', 'substr']: UNSAT (0.453 seconds)
474.66/474.75	['concat', 'substr', 'substr', 'add']: UNSAT (0.305 seconds)
475.00/475.06	['concat', 'substr', 'substr', 'sub']: UNSAT (0.502 seconds)
475.46/475.56	['concat', 'substr', 'add', 'add']: UNSAT (0.266 seconds)
475.76/475.83	['concat', 'substr', 'add', 'sub']: UNSAT (0.187 seconds)
475.86/476.01	['concat', 'substr', 'sub', 'sub']: UNSAT (0.200 seconds)
476.16/476.22	['concat', 'add', 'add', 'add']: UNSAT (0.060 seconds)
476.16/476.28	['concat', 'add', 'add', 'sub']: UNSAT (0.061 seconds)
476.26/476.34	['concat', 'add', 'sub', 'sub']: UNSAT (0.058 seconds)
476.36/476.40	['concat', 'sub', 'sub', 'sub']: UNSAT (0.058 seconds)
476.36/476.46	['index', 'index', 'index', 'index']: UNSAT (0.084 seconds)
476.46/476.54	['index', 'index', 'index', 'length']: UNSAT (0.069 seconds)
476.55/476.61	['index', 'index', 'index', 'substr']: UNSAT (0.125 seconds)
476.65/476.74	['index', 'index', 'index', 'add']: UNSAT (0.078 seconds)
476.75/476.82	['index', 'index', 'index', 'sub']: UNSAT (0.078 seconds)
476.75/476.89	['index', 'index', 'length', 'length']: UNSAT (0.056 seconds)
476.85/476.95	['index', 'index', 'length', 'substr']: UNSAT (0.078 seconds)
476.85/477.03	['index', 'index', 'length', 'add']: UNSAT (0.063 seconds)
476.99/477.09	['index', 'index', 'length', 'sub']: UNSAT (0.062 seconds)
477.10/477.16	['index', 'index', 'substr', 'substr']: UNSAT (0.230 seconds)
477.25/477.39	['index', 'index', 'substr', 'add']: UNSAT (0.125 seconds)
477.45/477.51	['index', 'index', 'substr', 'sub']: UNSAT (0.098 seconds)
477.55/477.61	['index', 'index', 'add', 'add']: UNSAT (0.073 seconds)
477.55/477.69	['index', 'index', 'add', 'sub']: UNSAT (0.073 seconds)
477.65/477.76	['index', 'index', 'sub', 'sub']: UNSAT (0.072 seconds)
477.75/477.83	['index', 'length', 'length', 'length']: UNSAT (0.044 seconds)
477.75/477.88	['index', 'length', 'length', 'substr']: UNSAT (0.063 seconds)
477.85/477.94	['index', 'length', 'length', 'add']: UNSAT (0.051 seconds)
477.85/477.99	['index', 'length', 'length', 'sub']: UNSAT (0.049 seconds)
478.00/478.04	['index', 'length', 'substr', 'substr']: UNSAT (0.093 seconds)
478.00/478.14	['index', 'length', 'substr', 'add']: UNSAT (0.093 seconds)
478.15/478.23	['index', 'length', 'substr', 'sub']: UNSAT (0.077 seconds)
478.25/478.31	['index', 'length', 'add', 'add']: UNSAT (0.058 seconds)
478.25/478.37	['index', 'length', 'add', 'sub']: UNSAT (0.058 seconds)
478.35/478.43	['index', 'length', 'sub', 'sub']: UNSAT (0.058 seconds)
478.35/478.49	['index', 'substr', 'substr', 'substr']: UNSAT (0.151 seconds)
478.55/478.64	['index', 'substr', 'substr', 'add']: UNSAT (0.101 seconds)
478.65/478.74	['index', 'substr', 'substr', 'sub']: UNSAT (0.100 seconds)
478.75/478.84	['index', 'substr', 'add', 'add']: UNSAT (0.088 seconds)
478.85/478.93	['index', 'substr', 'add', 'sub']: UNSAT (0.095 seconds)
478.85/479.02	['index', 'substr', 'sub', 'sub']: UNSAT (0.086 seconds)
478.98/479.11	['index', 'add', 'add', 'add']: UNSAT (0.073 seconds)
479.09/479.19	['index', 'add', 'add', 'sub']: UNSAT (0.072 seconds)
479.15/479.26	['index', 'add', 'sub', 'sub']: UNSAT (0.070 seconds)
479.25/479.33	['index', 'sub', 'sub', 'sub']: UNSAT (0.071 seconds)
479.35/479.40	['length', 'length', 'length', 'length']: UNSAT (0.033 seconds)
479.35/479.44	['length', 'length', 'length', 'substr']: UNSAT (0.043 seconds)
479.35/479.48	['length', 'length', 'length', 'add']: UNSAT (0.037 seconds)
479.45/479.52	['length', 'length', 'length', 'sub']: UNSAT (0.037 seconds)
479.45/479.55	['length', 'length', 'substr', 'substr']: UNSAT (0.093 seconds)
479.55/479.65	['length', 'length', 'substr', 'add']: UNSAT (0.057 seconds)
479.65/479.71	['length', 'length', 'substr', 'sub']: UNSAT (0.057 seconds)
479.65/479.76	['length', 'length', 'add', 'add']: UNSAT (0.045 seconds)
479.75/479.81	['length', 'length', 'add', 'sub']: UNSAT (0.044 seconds)
479.75/479.85	['length', 'length', 'sub', 'sub']: UNSAT (0.044 seconds)
479.85/479.90	['length', 'substr', 'substr', 'substr']: UNSAT (0.130 seconds)
479.85/480.03	['length', 'substr', 'substr', 'add']: UNSAT (0.086 seconds)
479.99/480.12	['length', 'substr', 'substr', 'sub']: UNSAT (0.106 seconds)
480.15/480.22	['length', 'substr', 'add', 'add']: UNSAT (0.070 seconds)
480.15/480.29	['length', 'substr', 'add', 'sub']: UNSAT (0.068 seconds)
480.25/480.36	['length', 'substr', 'sub', 'sub']: UNSAT (0.070 seconds)
480.35/480.43	['length', 'add', 'add', 'add']: UNSAT (0.055 seconds)
480.35/480.49	['length', 'add', 'add', 'sub']: UNSAT (0.057 seconds)
480.45/480.55	['length', 'add', 'sub', 'sub']: UNSAT (0.055 seconds)
480.55/480.60	['length', 'sub', 'sub', 'sub']: UNSAT (0.056 seconds)
480.55/480.66	['substr', 'substr', 'substr', 'substr']: UNSAT (0.118 seconds)
480.65/480.78	['substr', 'substr', 'substr', 'add']: UNSAT (0.091 seconds)
480.75/480.87	['substr', 'substr', 'substr', 'sub']: UNSAT (0.095 seconds)
480.85/480.97	['substr', 'substr', 'add', 'add']: UNSAT (0.092 seconds)
480.99/481.06	['substr', 'substr', 'add', 'sub']: UNSAT (0.082 seconds)
481.09/481.14	['substr', 'substr', 'sub', 'sub']: UNSAT (0.078 seconds)
481.15/481.22	['substr', 'add', 'add', 'add']: UNSAT (0.078 seconds)
481.25/481.30	['substr', 'add', 'add', 'sub']: UNSAT (0.070 seconds)
481.25/481.37	['substr', 'add', 'sub', 'sub']: UNSAT (0.070 seconds)
481.35/481.44	['substr', 'sub', 'sub', 'sub']: UNSAT (0.071 seconds)
481.45/481.51	['add', 'add', 'add', 'add']: UNSAT (0.065 seconds)
481.45/481.58	['add', 'add', 'add', 'sub']: UNSAT (0.066 seconds)
481.55/481.65	['add', 'add', 'sub', 'sub']: UNSAT (0.065 seconds)
481.65/481.71	['add', 'sub', 'sub', 'sub']: UNSAT (0.065 seconds)
481.65/481.78	['sub', 'sub', 'sub', 'sub']: UNSAT (0.066 seconds)
481.75/481.85	['concat', 'concat', 'concat', 'concat', 'concat']: 