0.12/0.19	=== Examples (../../dataset/examples/examples-23.json)
0.12/0.19	IO(inputs=('Nam quis purus massa metus.',), output='Nam q...')
0.12/0.19	IO(inputs=('Hey.',), output='Hey....')
0.12/0.19	=== Library
0.12/0.19	concat
0.12/0.19	index
0.12/0.19	length
0.12/0.19	substr
0.12/0.19	add
0.12/0.19	sub
0.12/0.19	=== Synthesis
0.12/0.19	['concat']: UNSAT (0.026 seconds)
0.12/0.22	['index']: UNSAT (0.026 seconds)
0.12/0.25	['length']: UNSAT (0.020 seconds)
0.12/0.27	['substr']: UNSAT (0.028 seconds)
0.26/0.29	['add']: UNSAT (0.023 seconds)
0.26/0.32	['sub']: UNSAT (0.022 seconds)
0.26/0.34	['concat', 'concat']: UNSAT (0.044 seconds)
0.26/0.39	['concat', 'index']: UNSAT (0.042 seconds)
0.37/0.43	['concat', 'length']: UNSAT (0.033 seconds)
0.37/0.46	['concat', 'substr']: UNSAT (0.062 seconds)
0.49/0.52	['concat', 'add']: UNSAT (0.035 seconds)
0.49/0.56	['concat', 'sub']: UNSAT (0.035 seconds)
0.55/0.60	['index', 'index']: UNSAT (0.036 seconds)
0.61/0.63	['index', 'length']: UNSAT (0.028 seconds)
0.61/0.66	['index', 'substr']: UNSAT (0.040 seconds)
0.69/0.70	['index', 'add']: UNSAT (0.031 seconds)
0.69/0.73	['index', 'sub']: UNSAT (0.032 seconds)
0.69/0.77	['length', 'length']: UNSAT (0.022 seconds)
0.69/0.79	['length', 'substr']: UNSAT (0.029 seconds)
0.79/0.82	['length', 'add']: UNSAT (0.022 seconds)
0.79/0.84	['length', 'sub']: UNSAT (0.024 seconds)
0.79/0.87	['substr', 'substr']: UNSAT (0.041 seconds)
0.88/0.91	['substr', 'add']: UNSAT (0.033 seconds)
0.88/0.94	['substr', 'sub']: UNSAT (0.034 seconds)
0.88/0.98	['add', 'add']: UNSAT (0.031 seconds)
0.88/1.01	['add', 'sub']: UNSAT (0.031 seconds)
1.01/1.04	['sub', 'sub']: UNSAT (0.030 seconds)
1.01/1.07	['concat', 'concat', 'concat']: UNSAT (0.123 seconds)
1.13/1.20	['concat', 'concat', 'index']: UNSAT (0.052 seconds)
1.19/1.25	['concat', 'concat', 'length']: UNSAT (0.039 seconds)
1.19/1.29	['concat', 'concat', 'substr']: UNSAT (0.267 seconds)
1.49/1.56	['concat', 'concat', 'add']: UNSAT (0.040 seconds)
1.59/1.60	['concat', 'concat', 'sub']: UNSAT (0.041 seconds)
1.59/1.64	['concat', 'index', 'index']: UNSAT (0.052 seconds)
1.59/1.69	['concat', 'index', 'length']: UNSAT (0.042 seconds)
1.69/1.73	['concat', 'index', 'substr']: UNSAT (0.153 seconds)
1.78/1.89	['concat', 'index', 'add']: UNSAT (0.046 seconds)
1.88/1.94	['concat', 'index', 'sub']: UNSAT (0.045 seconds)
1.88/1.98	['concat', 'length', 'length']: UNSAT (0.034 seconds)
1.88/2.02	['concat', 'length', 'substr']: UNSAT (0.095 seconds)
2.02/2.11	['concat', 'length', 'add']: UNSAT (0.035 seconds)
2.13/2.15	['concat', 'length', 'sub']: UNSAT (0.034 seconds)
2.13/2.18	['concat', 'substr', 'substr']: UNSAT (0.109 seconds)
2.19/2.29	['concat', 'substr', 'add']: UNSAT (0.071 seconds)
2.29/2.36	['concat', 'substr', 'sub']: SAT (0.069 seconds)
2.38/2.44	concat(substr(arg0, sub(5, 5), 5), '...')
