0.11/0.20	=== Examples (../../dataset/examples/examples-86.json)
0.11/0.20	IO(inputs=('Sed euismod congue porta. Phasellus posuere rutrum porttitor. Curabitur nec pellentesque sem, luctus volutpat.',), output='Sed euismod congue porta. phasellus posuere rutrum porttitor. curabitur nec pellentesque sem, luctus')
0.11/0.20	IO(inputs=('Quisque magna velit, congue ac dictum in, blandit et arcu. Quisque sit amet tempor dui, id venenatis volutpat.',), output='Quisque magna velit, congue ac dictum in, blandit et arcu. quisque sit amet tempor dui, id venenatis')
0.11/0.20	=== Library
0.11/0.20	concat
0.11/0.20	index
0.11/0.20	length
0.11/0.20	substr
0.11/0.20	add
0.11/0.20	sub
0.11/0.20	=== Synthesis
0.11/0.20	['concat']: UNSAT (0.030 seconds)
0.11/0.23	['index']: UNSAT (0.026 seconds)
0.11/0.26	['length']: UNSAT (0.020 seconds)
0.11/0.28	['substr']: UNSAT (0.033 seconds)
0.25/0.31	['add']: UNSAT (0.024 seconds)
0.25/0.33	['sub']: UNSAT (0.023 seconds)
0.25/0.36	['concat', 'concat']: UNSAT (0.056 seconds)
0.25/0.42	['concat', 'index']: UNSAT (0.045 seconds)
0.40/0.46	['concat', 'length']: UNSAT (0.034 seconds)
0.40/0.50	['concat', 'substr']: UNSAT (0.620 seconds)
1.02/1.12	['concat', 'add']: UNSAT (0.029 seconds)
1.13/1.15	['concat', 'sub']: UNSAT (0.028 seconds)
1.13/1.17	['index', 'index']: UNSAT (0.034 seconds)
1.19/1.21	['index', 'length']: UNSAT (0.026 seconds)
1.19/1.24	['index', 'substr']: UNSAT (0.438 seconds)
1.59/1.67	['index', 'add']: UNSAT (0.032 seconds)
1.69/1.71	['index', 'sub']: UNSAT (0.031 seconds)
1.69/1.74	['length', 'length']: UNSAT (0.020 seconds)
1.69/1.76	['length', 'substr']: UNSAT (0.211 seconds)
1.89/1.97	['length', 'add']: UNSAT (0.023 seconds)
1.89/1.99	['length', 'sub']: UNSAT (0.022 seconds)
1.89/2.02	['substr', 'substr']: UNSAT (0.045 seconds)
2.02/2.06	['substr', 'add']: UNSAT (0.036 seconds)
2.02/2.10	['substr', 'sub']: UNSAT (0.114 seconds)
2.19/2.21	['add', 'add']: UNSAT (0.028 seconds)
2.19/2.24	['add', 'sub']: UNSAT (0.030 seconds)
2.19/2.27	['sub', 'sub']: UNSAT (0.028 seconds)
2.29/2.30	['concat', 'concat', 'concat']: UNSAT (1.421 seconds)
3.69/3.72	['concat', 'concat', 'index']: UNSAT (0.050 seconds)
3.69/3.77	['concat', 'concat', 'length']: UNSAT (0.040 seconds)
3.79/3.81	['concat', 'concat', 'substr']: UNSAT (20.103 seconds)
23.88/23.92	['concat', 'concat', 'add']: UNSAT (0.047 seconds)
23.88/23.97	['concat', 'concat', 'sub']: UNSAT (0.047 seconds)
23.88/24.01	['concat', 'index', 'index']: UNSAT (0.061 seconds)
24.01/24.08	['concat', 'index', 'length']: UNSAT (0.054 seconds)
24.01/24.13	['concat', 'index', 'substr']: UNSAT (72.604 seconds)
96.68/96.74	['concat', 'index', 'add']: UNSAT (0.048 seconds)
96.68/96.79	['concat', 'index', 'sub']: UNSAT (0.045 seconds)
96.78/96.83	['concat', 'length', 'length']: UNSAT (0.032 seconds)
96.78/96.86	['concat', 'length', 'substr']: UNSAT (9.656 seconds)
106.48/106.52	['concat', 'length', 'add']: UNSAT (0.039 seconds)
106.48/106.56	['concat', 'length', 'sub']: UNSAT (0.035 seconds)
106.58/106.60	['concat', 'substr', 'substr']: UNSAT (0.229 seconds)
106.78/106.83	['concat', 'substr', 'add']: UNSAT (0.593 seconds)
107.38/107.42	['concat', 'substr', 'sub']: UNSAT (0.792 seconds)
108.18/108.22	['concat', 'add', 'add']: UNSAT (0.043 seconds)
108.18/108.26	['concat', 'add', 'sub']: UNSAT (0.040 seconds)
108.28/108.30	['concat', 'sub', 'sub']: UNSAT (0.041 seconds)
108.28/108.34	['index', 'index', 'index']: UNSAT (0.057 seconds)
108.38/108.40	['index', 'index', 'length']: UNSAT (0.049 seconds)
108.38/108.45	['index', 'index', 'substr']: UNSAT (2.045 seconds)
110.38/110.50	['index', 'index', 'add']: UNSAT (0.053 seconds)
110.48/110.55	['index', 'index', 'sub']: UNSAT (0.053 seconds)
110.58/110.60	['index', 'length', 'length']: UNSAT (0.037 seconds)
110.58/110.64	['index', 'length', 'substr']: UNSAT (0.548 seconds)
111.13/111.19	['index', 'length', 'add']: UNSAT (0.043 seconds)
111.18/111.23	['index', 'length', 'sub']: UNSAT (0.042 seconds)
111.18/111.28	['index', 'substr', 'substr']: UNSAT (1.465 seconds)
112.68/112.74	['index', 'substr', 'add']: UNSAT (0.453 seconds)
113.18/113.20	['index', 'substr', 'sub']: UNSAT (0.467 seconds)
113.58/113.66	['index', 'add', 'add']: UNSAT (0.049 seconds)
113.68/113.71	['index', 'add', 'sub']: UNSAT (0.053 seconds)
113.68/113.77	['index', 'sub', 'sub']: UNSAT (0.050 seconds)
113.78/113.82	['length', 'length', 'length']: UNSAT (0.029 seconds)
113.78/113.85	['length', 'length', 'substr']: UNSAT (0.055 seconds)
113.88/113.90	['length', 'length', 'add']: UNSAT (0.031 seconds)
113.88/113.94	['length', 'length', 'sub']: UNSAT (0.031 seconds)
113.88/113.97	['length', 'substr', 'substr']: UNSAT (1.245 seconds)
115.18/115.21	['length', 'substr', 'add']: UNSAT (0.484 seconds)
115.68/115.70	['length', 'substr', 'sub']: UNSAT (0.249 seconds)
115.88/115.95	['length', 'add', 'add']: UNSAT (0.040 seconds)
115.88/115.99	['length', 'add', 'sub']: UNSAT (0.040 seconds)
116.00/116.03	['length', 'sub', 'sub']: UNSAT (0.039 seconds)
116.00/116.07	['substr', 'substr', 'substr']: UNSAT (0.109 seconds)
116.10/116.18	['substr', 'substr', 'add']: UNSAT (0.076 seconds)
116.18/116.26	['substr', 'substr', 'sub']: UNSAT (0.191 seconds)
116.38/116.45	['substr', 'add', 'add']: UNSAT (0.077 seconds)
116.48/116.53	['substr', 'add', 'sub']: UNSAT (0.155 seconds)
116.58/116.68	['substr', 'sub', 'sub']: UNSAT (0.159 seconds)
116.78/116.84	['add', 'add', 'add']: UNSAT (0.047 seconds)
116.78/116.89	['add', 'add', 'sub']: UNSAT (0.052 seconds)
116.88/116.94	['add', 'sub', 'sub']: UNSAT (0.050 seconds)
116.88/116.99	['sub', 'sub', 'sub']: UNSAT (0.050 seconds)
117.00/117.04	['concat', 'concat', 'concat', 'concat']: UNSAT (0.777 seconds)
117.78/117.82	['concat', 'concat', 'concat', 'index']: UNSAT (0.078 seconds)
117.88/117.90	['concat', 'concat', 'concat', 'length']: UNSAT (0.063 seconds)
117.88/117.97	['concat', 'concat', 'concat', 'substr']: 