0.13/0.19	=== Examples (../../dataset/examples/examples-66.json)
0.13/0.19	IO(inputs=('take out the last 7 chars',), output='7 chars')
0.13/0.19	IO(inputs=('abcdefg',), output='abcdefg')
0.13/0.19	=== Library
0.13/0.19	concat
0.13/0.19	index
0.13/0.19	length
0.13/0.19	substr
0.13/0.19	add
0.13/0.19	sub
0.13/0.19	=== Synthesis
0.13/0.19	['concat']: UNSAT (0.027 seconds)
0.13/0.22	['index']: UNSAT (0.026 seconds)
0.13/0.24	['length']: UNSAT (0.020 seconds)
0.13/0.26	['substr']: UNSAT (0.029 seconds)
0.27/0.29	['add']: UNSAT (0.023 seconds)
0.27/0.32	['sub']: UNSAT (0.023 seconds)
0.27/0.34	['concat', 'concat']: UNSAT (0.051 seconds)
0.27/0.39	['concat', 'index']: UNSAT (0.043 seconds)
0.41/0.44	['concat', 'length']: UNSAT (0.033 seconds)
0.41/0.47	['concat', 'substr']: UNSAT (0.080 seconds)
0.49/0.55	['concat', 'add']: UNSAT (0.029 seconds)
0.49/0.58	['concat', 'sub']: UNSAT (0.029 seconds)
0.56/0.61	['index', 'index']: UNSAT (0.036 seconds)
0.63/0.65	['index', 'length']: UNSAT (0.029 seconds)
0.63/0.68	['index', 'substr']: UNSAT (0.047 seconds)
0.69/0.72	['index', 'add']: UNSAT (0.032 seconds)
0.69/0.76	['index', 'sub']: UNSAT (0.031 seconds)
0.69/0.79	['length', 'length']: UNSAT (0.020 seconds)
0.79/0.81	['length', 'substr']: UNSAT (0.036 seconds)
0.79/0.85	['length', 'add']: UNSAT (0.023 seconds)
0.79/0.87	['length', 'sub']: UNSAT (0.022 seconds)
0.79/0.89	['substr', 'substr']: UNSAT (0.040 seconds)
0.89/0.93	['substr', 'add']: UNSAT (0.034 seconds)
0.89/0.97	['substr', 'sub']: UNSAT (0.038 seconds)
0.89/1.01	['add', 'add']: UNSAT (0.029 seconds)
0.89/1.04	['add', 'sub']: UNSAT (0.031 seconds)
1.03/1.07	['sub', 'sub']: UNSAT (0.032 seconds)
1.03/1.10	['concat', 'concat', 'concat']: UNSAT (0.146 seconds)
1.19/1.25	['concat', 'concat', 'index']: UNSAT (0.052 seconds)
1.19/1.30	['concat', 'concat', 'length']: UNSAT (0.040 seconds)
1.29/1.34	['concat', 'concat', 'substr']: UNSAT (0.933 seconds)
2.20/2.28	['concat', 'concat', 'add']: UNSAT (0.040 seconds)
2.30/2.32	['concat', 'concat', 'sub']: UNSAT (0.041 seconds)
2.30/2.36	['concat', 'index', 'index']: UNSAT (0.053 seconds)
2.40/2.41	['concat', 'index', 'length']: UNSAT (0.043 seconds)
2.40/2.46	['concat', 'index', 'substr']: UNSAT (27.519 seconds)
29.90/29.98	['concat', 'index', 'add']: UNSAT (0.045 seconds)
29.90/30.02	['concat', 'index', 'sub']: UNSAT (0.046 seconds)
30.02/30.07	['concat', 'length', 'length']: UNSAT (0.033 seconds)
30.02/30.10	['concat', 'length', 'substr']: UNSAT (0.251 seconds)
30.30/30.35	['concat', 'length', 'add']: UNSAT (0.036 seconds)
30.30/30.39	['concat', 'length', 'sub']: UNSAT (0.035 seconds)
30.40/30.43	['concat', 'substr', 'substr']: UNSAT (0.130 seconds)
30.50/30.56	['concat', 'substr', 'add']: UNSAT (0.135 seconds)
30.60/30.69	['concat', 'substr', 'sub']: UNSAT (0.135 seconds)
30.80/30.83	['concat', 'add', 'add']: UNSAT (0.041 seconds)
30.80/30.87	['concat', 'add', 'sub']: UNSAT (0.041 seconds)
30.90/30.91	['concat', 'sub', 'sub']: UNSAT (0.040 seconds)
30.90/30.96	['index', 'index', 'index']: UNSAT (0.058 seconds)
30.90/31.02	['index', 'index', 'length']: UNSAT (0.045 seconds)
31.02/31.06	['index', 'index', 'substr']: UNSAT (0.183 seconds)
31.20/31.25	['index', 'index', 'add']: UNSAT (0.052 seconds)
31.20/31.30	['index', 'index', 'sub']: UNSAT (0.052 seconds)
31.30/31.35	['index', 'length', 'length']: UNSAT (0.039 seconds)
31.30/31.39	['index', 'length', 'substr']: UNSAT (0.505 seconds)
31.80/31.90	['index', 'length', 'add']: UNSAT (0.040 seconds)
31.90/31.94	['index', 'length', 'sub']: UNSAT (0.040 seconds)
31.90/31.98	['index', 'substr', 'substr']: UNSAT (0.132 seconds)
32.02/32.11	['index', 'substr', 'add']: UNSAT (0.098 seconds)
32.20/32.21	['index', 'substr', 'sub']: UNSAT (0.620 seconds)
32.80/32.83	['index', 'add', 'add']: UNSAT (0.048 seconds)
32.80/32.88	['index', 'add', 'sub']: UNSAT (0.047 seconds)
32.90/32.93	['index', 'sub', 'sub']: UNSAT (0.049 seconds)
32.90/32.98	['length', 'length', 'length']: UNSAT (0.027 seconds)
32.90/33.01	['length', 'length', 'substr']: UNSAT (0.043 seconds)
32.90/33.05	['length', 'length', 'add']: UNSAT (0.031 seconds)
33.02/33.08	['length', 'length', 'sub']: UNSAT (0.031 seconds)
33.02/33.11	['length', 'substr', 'substr']: UNSAT (0.119 seconds)
33.20/33.23	['length', 'substr', 'add']: SAT (0.090 seconds)
33.30/33.32	substr(arg0, add(length(arg0), -7), length(arg0))
