0.10/0.20	=== Examples (../../dataset/examples/examples-95.json)
0.10/0.20	IO(inputs=('no - he said',), output='Sprint: he said')
0.10/0.20	IO(inputs=('but but why - she said',), output='Sprint: she said')
0.10/0.20	=== Library
0.10/0.20	concat
0.10/0.20	index
0.10/0.20	length
0.10/0.20	substr
0.10/0.20	add
0.10/0.20	sub
0.10/0.20	=== Synthesis
0.10/0.20	['concat']: UNSAT (0.027 seconds)
0.10/0.23	['index']: UNSAT (0.026 seconds)
0.10/0.25	['length']: UNSAT (0.019 seconds)
0.10/0.27	['substr']: UNSAT (0.037 seconds)
0.25/0.31	['add']: UNSAT (0.031 seconds)
0.25/0.34	['sub']: UNSAT (0.023 seconds)
0.25/0.37	['concat', 'concat']: UNSAT (0.044 seconds)
0.35/0.41	['concat', 'index']: UNSAT (0.042 seconds)
0.35/0.46	['concat', 'length']: UNSAT (0.032 seconds)
0.45/0.49	['concat', 'substr']: UNSAT (0.102 seconds)
0.55/0.59	['concat', 'add']: UNSAT (0.036 seconds)
0.55/0.63	['concat', 'sub']: UNSAT (0.034 seconds)
0.63/0.66	['index', 'index']: UNSAT (0.041 seconds)
0.69/0.70	['index', 'length']: UNSAT (0.026 seconds)
0.69/0.73	['index', 'substr']: UNSAT (0.037 seconds)
0.69/0.77	['index', 'add']: UNSAT (0.031 seconds)
0.79/0.80	['index', 'sub']: UNSAT (0.034 seconds)
0.79/0.83	['length', 'length']: UNSAT (0.020 seconds)
0.79/0.86	['length', 'substr']: UNSAT (0.029 seconds)
0.79/0.88	['length', 'add']: UNSAT (0.021 seconds)
0.89/0.91	['length', 'sub']: UNSAT (0.021 seconds)
0.89/0.93	['substr', 'substr']: UNSAT (0.035 seconds)
0.89/0.96	['substr', 'add']: UNSAT (0.033 seconds)
0.89/1.00	['substr', 'sub']: UNSAT (0.032 seconds)
0.89/1.03	['add', 'add']: UNSAT (0.027 seconds)
1.01/1.06	['add', 'sub']: UNSAT (0.026 seconds)
1.01/1.09	['sub', 'sub']: UNSAT (0.027 seconds)
1.01/1.11	['concat', 'concat', 'concat']: UNSAT (0.155 seconds)
1.19/1.27	['concat', 'concat', 'index']: UNSAT (0.045 seconds)
1.29/1.32	['concat', 'concat', 'length']: UNSAT (0.037 seconds)
1.29/1.35	['concat', 'concat', 'substr']: UNSAT (0.229 seconds)
1.49/1.58	['concat', 'concat', 'add']: UNSAT (0.037 seconds)
1.59/1.62	['concat', 'concat', 'sub']: UNSAT (0.037 seconds)
1.59/1.66	['concat', 'index', 'index']: UNSAT (0.049 seconds)
1.69/1.71	['concat', 'index', 'length']: UNSAT (0.040 seconds)
1.69/1.75	['concat', 'index', 'substr']: UNSAT (0.317 seconds)
2.01/2.07	['concat', 'index', 'add']: UNSAT (0.057 seconds)
2.01/2.12	['concat', 'index', 'sub']: UNSAT (0.057 seconds)
2.13/2.18	['concat', 'length', 'length']: UNSAT (0.042 seconds)
2.19/2.23	['concat', 'length', 'substr']: UNSAT (0.095 seconds)
2.29/2.32	['concat', 'length', 'add']: UNSAT (0.047 seconds)
2.29/2.37	['concat', 'length', 'sub']: UNSAT (0.044 seconds)
2.39/2.41	['concat', 'substr', 'substr']: UNSAT (0.124 seconds)
2.49/2.54	['concat', 'substr', 'add']: UNSAT (0.065 seconds)
2.59/2.61	['concat', 'substr', 'sub']: UNSAT (0.079 seconds)
2.59/2.69	['concat', 'add', 'add']: UNSAT (0.037 seconds)
2.69/2.72	['concat', 'add', 'sub']: UNSAT (0.037 seconds)
2.69/2.76	['concat', 'sub', 'sub']: UNSAT (0.039 seconds)
2.79/2.80	['index', 'index', 'index']: UNSAT (0.057 seconds)
2.79/2.86	['index', 'index', 'length']: UNSAT (0.042 seconds)
2.89/2.90	['index', 'index', 'substr']: UNSAT (0.104 seconds)
2.89/3.01	['index', 'index', 'add']: UNSAT (0.048 seconds)
3.01/3.06	['index', 'index', 'sub']: UNSAT (0.046 seconds)
3.01/3.10	['index', 'length', 'length']: UNSAT (0.032 seconds)
3.01/3.14	['index', 'length', 'substr']: UNSAT (0.049 seconds)
3.13/3.18	['index', 'length', 'add']: UNSAT (0.037 seconds)
3.19/3.22	['index', 'length', 'sub']: UNSAT (0.039 seconds)
3.19/3.26	['index', 'substr', 'substr']: UNSAT (0.094 seconds)
3.29/3.36	['index', 'substr', 'add']: UNSAT (0.073 seconds)
3.38/3.43	['index', 'substr', 'sub']: UNSAT (0.057 seconds)
3.38/3.49	['index', 'add', 'add']: UNSAT (0.044 seconds)
3.48/3.53	['index', 'add', 'sub']: UNSAT (0.043 seconds)
3.48/3.58	['index', 'sub', 'sub']: UNSAT (0.044 seconds)
3.58/3.62	['length', 'length', 'length']: UNSAT (0.024 seconds)
3.58/3.65	['length', 'length', 'substr']: UNSAT (0.039 seconds)
3.58/3.69	['length', 'length', 'add']: UNSAT (0.028 seconds)
3.68/3.71	['length', 'length', 'sub']: UNSAT (0.028 seconds)
3.68/3.74	['length', 'substr', 'substr']: UNSAT (0.057 seconds)
3.78/3.80	['length', 'substr', 'add']: UNSAT (0.047 seconds)
3.78/3.85	['length', 'substr', 'sub']: UNSAT (0.043 seconds)
3.78/3.89	['length', 'add', 'add']: UNSAT (0.035 seconds)
3.88/3.93	['length', 'add', 'sub']: UNSAT (0.035 seconds)
3.88/3.96	['length', 'sub', 'sub']: UNSAT (0.036 seconds)
3.88/4.00	['substr', 'substr', 'substr']: UNSAT (0.072 seconds)
4.00/4.07	['substr', 'substr', 'add']: UNSAT (0.052 seconds)
4.00/4.13	['substr', 'substr', 'sub']: UNSAT (0.053 seconds)
4.13/4.18	['substr', 'add', 'add']: UNSAT (0.052 seconds)
4.19/4.23	['substr', 'add', 'sub']: UNSAT (0.049 seconds)
4.19/4.28	['substr', 'sub', 'sub']: UNSAT (0.052 seconds)
4.29/4.33	['add', 'add', 'add']: UNSAT (0.043 seconds)
4.29/4.38	['add', 'add', 'sub']: UNSAT (0.042 seconds)
4.38/4.42	['add', 'sub', 'sub']: UNSAT (0.046 seconds)
4.38/4.47	['sub', 'sub', 'sub']: UNSAT (0.044 seconds)
4.48/4.51	['concat', 'concat', 'concat', 'concat']: UNSAT (0.235 seconds)
4.69/4.75	['concat', 'concat', 'concat', 'index']: UNSAT (0.072 seconds)
4.79/4.82	['concat', 'concat', 'concat', 'length']: UNSAT (0.058 seconds)
4.79/4.88	['concat', 'concat', 'concat', 'substr']: UNSAT (62.954 seconds)
67.77/67.84	['concat', 'concat', 'concat', 'add']: UNSAT (0.060 seconds)
67.87/67.90	['concat', 'concat', 'concat', 'sub']: UNSAT (0.058 seconds)
67.87/67.96	['concat', 'concat', 'index', 'index']: UNSAT (0.073 seconds)
67.87/68.03	['concat', 'concat', 'index', 'length']: UNSAT (0.060 seconds)
67.99/68.09	['concat', 'concat', 'index', 'substr']: UNSAT (10.816 seconds)
78.87/78.91	['concat', 'concat', 'index', 'add']: UNSAT (0.059 seconds)
78.87/78.97	['concat', 'concat', 'index', 'sub']: UNSAT (0.060 seconds)
78.87/79.03	['concat', 'concat', 'length', 'length']: UNSAT (0.047 seconds)
78.99/79.07	['concat', 'concat', 'length', 'substr']: UNSAT (1.972 seconds)
80.99/81.05	['concat', 'concat', 'length', 'add']: UNSAT (0.049 seconds)
80.99/81.10	['concat', 'concat', 'length', 'sub']: UNSAT (0.048 seconds)
81.11/81.15	['concat', 'concat', 'substr', 'substr']: UNSAT (1.609 seconds)
82.67/82.76	['concat', 'concat', 'substr', 'add']: UNSAT (1.133 seconds)
83.77/83.89	['concat', 'concat', 'substr', 'sub']: UNSAT (0.683 seconds)
84.47/84.57	['concat', 'concat', 'add', 'add']: UNSAT (0.052 seconds)
84.57/84.63	['concat', 'concat', 'add', 'sub']: UNSAT (0.052 seconds)
84.57/84.68	['concat', 'concat', 'sub', 'sub']: UNSAT (0.052 seconds)
84.67/84.73	['concat', 'index', 'index', 'index']: UNSAT (0.074 seconds)
84.77/84.81	['concat', 'index', 'index', 'length']: UNSAT (0.063 seconds)
84.77/84.87	['concat', 'index', 'index', 'substr']: UNSAT (1.017 seconds)
85.77/85.89	['concat', 'index', 'index', 'add']: UNSAT (0.065 seconds)
85.87/85.96	['concat', 'index', 'index', 'sub']: UNSAT (0.067 seconds)
85.87/86.02	['concat', 'index', 'length', 'length']: UNSAT (0.051 seconds)
85.99/86.07	['concat', 'index', 'length', 'substr']: UNSAT (1.962 seconds)
87.99/88.04	['concat', 'index', 'length', 'add']: UNSAT (0.053 seconds)
87.99/88.09	['concat', 'index', 'length', 'sub']: UNSAT (0.052 seconds)
88.10/88.14	['concat', 'index', 'substr', 'substr']: UNSAT (4.059 seconds)
92.17/92.20	['concat', 'index', 'substr', 'add']: UNSAT (1.557 seconds)
93.67/93.76	['concat', 'index', 'substr', 'sub']: UNSAT (1.892 seconds)
95.57/95.65	['concat', 'index', 'add', 'add']: UNSAT (0.060 seconds)
95.67/95.72	['concat', 'index', 'add', 'sub']: UNSAT (0.060 seconds)
95.67/95.78	['concat', 'index', 'sub', 'sub']: UNSAT (0.059 seconds)
95.77/95.84	['concat', 'length', 'length', 'length']: UNSAT (0.038 seconds)
95.77/95.87	['concat', 'length', 'length', 'substr']: UNSAT (0.104 seconds)
95.87/95.98	['concat', 'length', 'length', 'add']: UNSAT (0.042 seconds)
95.87/96.02	['concat', 'length', 'length', 'sub']: UNSAT (0.044 seconds)
95.99/96.07	['concat', 'length', 'substr', 'substr']: UNSAT (0.809 seconds)
96.77/96.88	['concat', 'length', 'substr', 'add']: UNSAT (0.188 seconds)
96.99/97.07	['concat', 'length', 'substr', 'sub']: UNSAT (0.221 seconds)
97.17/97.29	['concat', 'length', 'add', 'add']: UNSAT (0.047 seconds)
97.27/97.33	['concat', 'length', 'add', 'sub']: UNSAT (0.046 seconds)
97.27/97.38	['concat', 'length', 'sub', 'sub']: UNSAT (0.047 seconds)
97.37/97.43	['concat', 'substr', 'substr', 'substr']: UNSAT (0.444 seconds)
97.77/97.87	['concat', 'substr', 'substr', 'add']: UNSAT (0.334 seconds)
98.17/98.21	['concat', 'substr', 'substr', 'sub']: UNSAT (0.348 seconds)
98.47/98.56	['concat', 'substr', 'add', 'add']: UNSAT (0.273 seconds)
98.77/98.83	['concat', 'substr', 'add', 'sub']: UNSAT (0.265 seconds)
98.98/99.10	['concat', 'substr', 'sub', 'sub']: UNSAT (0.201 seconds)
99.27/99.30	['concat', 'add', 'add', 'add']: UNSAT (0.057 seconds)
99.27/99.36	['concat', 'add', 'add', 'sub']: UNSAT (0.057 seconds)
99.37/99.41	['concat', 'add', 'sub', 'sub']: UNSAT (0.056 seconds)
99.37/99.47	['concat', 'sub', 'sub', 'sub']: UNSAT (0.057 seconds)
99.47/99.53	['index', 'index', 'index', 'index']: UNSAT (0.079 seconds)
99.57/99.61	['index', 'index', 'index', 'length']: UNSAT (0.065 seconds)
99.57/99.67	['index', 'index', 'index', 'substr']: UNSAT (0.100 seconds)
99.67/99.77	['index', 'index', 'index', 'add']: UNSAT (0.073 seconds)
99.77/99.85	['index', 'index', 'index', 'sub']: UNSAT (0.074 seconds)
99.87/99.92	['index', 'index', 'length', 'length']: UNSAT (0.054 seconds)
99.87/99.98	['index', 'index', 'length', 'substr']: UNSAT (0.073 seconds)
99.99/100.05	['index', 'index', 'length', 'add']: UNSAT (0.061 seconds)
99.99/100.11	['index', 'index', 'length', 'sub']: UNSAT (0.059 seconds)
100.11/100.17	['index', 'index', 'substr', 'substr']: UNSAT (0.202 seconds)
100.27/100.38	['index', 'index', 'substr', 'add']: UNSAT (0.106 seconds)
100.37/100.48	['index', 'index', 'substr', 'sub']: UNSAT (0.113 seconds)
100.57/100.60	['index', 'index', 'add', 'add']: UNSAT (0.069 seconds)
100.57/100.67	['index', 'index', 'add', 'sub']: UNSAT (0.073 seconds)
100.67/100.74	['index', 'index', 'sub', 'sub']: UNSAT (0.073 seconds)
100.77/100.81	['index', 'length', 'length', 'length']: UNSAT (0.043 seconds)
100.77/100.86	['index', 'length', 'length', 'substr']: UNSAT (0.059 seconds)
100.87/100.92	['index', 'length', 'length', 'add']: UNSAT (0.046 seconds)
100.87/100.96	['index', 'length', 'length', 'sub']: UNSAT (0.046 seconds)
100.87/101.01	['index', 'length', 'substr', 'substr']: UNSAT (0.088 seconds)
100.99/101.10	['index', 'length', 'substr', 'add']: UNSAT (0.090 seconds)
101.11/101.19	['index', 'length', 'substr', 'sub']: UNSAT (0.069 seconds)
101.17/101.26	['index', 'length', 'add', 'add']: UNSAT (0.054 seconds)
101.27/101.32	['index', 'length', 'add', 'sub']: UNSAT (0.055 seconds)
101.27/101.37	['index', 'length', 'sub', 'sub']: UNSAT (0.053 seconds)
101.37/101.42	['index', 'substr', 'substr', 'substr']: UNSAT (0.176 seconds)
101.57/101.60	['index', 'substr', 'substr', 'add']: UNSAT (0.114 seconds)
101.67/101.72	['index', 'substr', 'substr', 'sub']: UNSAT (0.108 seconds)
101.77/101.83	['index', 'substr', 'add', 'add']: UNSAT (0.085 seconds)
101.87/101.91	['index', 'substr', 'add', 'sub']: UNSAT (0.093 seconds)
101.87/102.01	['index', 'substr', 'sub', 'sub']: UNSAT (0.088 seconds)
101.99/102.09	['index', 'add', 'add', 'add']: UNSAT (0.069 seconds)
102.11/102.16	['index', 'add', 'add', 'sub']: UNSAT (0.067 seconds)
102.17/102.23	['index', 'add', 'sub', 'sub']: UNSAT (0.067 seconds)
102.27/102.30	['index', 'sub', 'sub', 'sub']: UNSAT (0.068 seconds)
102.27/102.37	['length', 'length', 'length', 'length']: UNSAT (0.032 seconds)
102.37/102.40	['length', 'length', 'length', 'substr']: UNSAT (0.041 seconds)
102.37/102.44	['length', 'length', 'length', 'add']: UNSAT (0.037 seconds)
102.37/102.48	['length', 'length', 'length', 'sub']: UNSAT (0.034 seconds)
102.47/102.52	['length', 'length', 'substr', 'substr']: UNSAT (0.094 seconds)
102.57/102.61	['length', 'length', 'substr', 'add']: UNSAT (0.053 seconds)
102.57/102.66	['length', 'length', 'substr', 'sub']: UNSAT (0.055 seconds)
102.67/102.72	['length', 'length', 'add', 'add']: UNSAT (0.044 seconds)
102.67/102.76	['length', 'length', 'add', 'sub']: UNSAT (0.045 seconds)
102.77/102.81	['length', 'length', 'sub', 'sub']: UNSAT (0.047 seconds)
102.77/102.86	['length', 'substr', 'substr', 'substr']: UNSAT (0.145 seconds)
102.87/103.00	['length', 'substr', 'substr', 'add']: UNSAT (0.083 seconds)
102.99/103.09	['length', 'substr', 'substr', 'sub']: UNSAT (0.078 seconds)
103.11/103.17	['length', 'substr', 'add', 'add']: UNSAT (0.066 seconds)
103.17/103.23	['length', 'substr', 'add', 'sub']: UNSAT (0.061 seconds)
103.17/103.30	['length', 'substr', 'sub', 'sub']: UNSAT (0.067 seconds)
103.27/103.36	['length', 'add', 'add', 'add']: UNSAT (0.053 seconds)
103.37/103.42	['length', 'add', 'add', 'sub']: UNSAT (0.052 seconds)
103.37/103.47	['length', 'add', 'sub', 'sub']: UNSAT (0.053 seconds)
103.47/103.52	['length', 'sub', 'sub', 'sub']: UNSAT (0.053 seconds)
103.47/103.58	['substr', 'substr', 'substr', 'substr']: UNSAT (0.144 seconds)
103.67/103.72	['substr', 'substr', 'substr', 'add']: UNSAT (0.096 seconds)
103.77/103.82	['substr', 'substr', 'substr', 'sub']: UNSAT (0.097 seconds)
103.87/103.92	['substr', 'substr', 'add', 'add']: UNSAT (0.085 seconds)
103.87/104.00	['substr', 'substr', 'add', 'sub']: UNSAT (0.077 seconds)
103.99/104.08	['substr', 'substr', 'sub', 'sub']: UNSAT (0.083 seconds)
104.11/104.17	['substr', 'add', 'add', 'add']: UNSAT (0.078 seconds)
104.17/104.24	['substr', 'add', 'add', 'sub']: UNSAT (0.067 seconds)
104.27/104.31	['substr', 'add', 'sub', 'sub']: UNSAT (0.067 seconds)
104.27/104.38	['substr', 'sub', 'sub', 'sub']: UNSAT (0.074 seconds)
104.37/104.45	['add', 'add', 'add', 'add']: UNSAT (0.062 seconds)
104.47/104.52	['add', 'add', 'add', 'sub']: UNSAT (0.062 seconds)
104.47/104.58	['add', 'add', 'sub', 'sub']: UNSAT (0.062 seconds)
104.57/104.64	['add', 'sub', 'sub', 'sub']: UNSAT (0.061 seconds)
104.67/104.70	['sub', 'sub', 'sub', 'sub']: UNSAT (0.064 seconds)
104.67/104.77	['concat', 'concat', 'concat', 'concat', 'concat']: UNSAT (0.415 seconds)
105.12/105.18	['concat', 'concat', 'concat', 'concat', 'index']: UNSAT (0.092 seconds)
105.18/105.28	['concat', 'concat', 'concat', 'concat', 'length']: UNSAT (0.082 seconds)
105.28/105.36	['concat', 'concat', 'concat', 'concat', 'substr']: 