0.12/0.18	=== Examples (../../dataset/examples/examples-80.json)
0.12/0.18	IO(inputs=('george.bluth@outsystems.com',), output='@outsystems.com')
0.12/0.18	IO(inputs=('maebe@cmu.edu',), output='@cmu.edu')
0.12/0.18	=== Library
0.12/0.18	concat
0.12/0.18	index
0.12/0.18	length
0.12/0.18	substr
0.12/0.18	add
0.12/0.18	sub
0.12/0.18	=== Synthesis
0.12/0.18	['concat']: UNSAT (0.027 seconds)
0.12/0.21	['index']: UNSAT (0.025 seconds)
0.12/0.24	['length']: UNSAT (0.019 seconds)
0.12/0.26	['substr']: UNSAT (0.028 seconds)
0.12/0.29	['add']: UNSAT (0.023 seconds)
0.12/0.31	['sub']: UNSAT (0.022 seconds)
0.30/0.33	['concat', 'concat']: UNSAT (0.044 seconds)
0.30/0.38	['concat', 'index']: UNSAT (0.042 seconds)
0.30/0.42	['concat', 'length']: UNSAT (0.032 seconds)
0.41/0.45	['concat', 'substr']: UNSAT (0.072 seconds)
0.46/0.53	['concat', 'add']: UNSAT (0.025 seconds)
0.46/0.55	['concat', 'sub']: UNSAT (0.025 seconds)
0.57/0.58	['index', 'index']: UNSAT (0.034 seconds)
0.57/0.61	['index', 'length']: UNSAT (0.025 seconds)
0.57/0.64	['index', 'substr']: UNSAT (0.085 seconds)
0.69/0.72	['index', 'add']: UNSAT (0.029 seconds)
0.69/0.75	['index', 'sub']: UNSAT (0.029 seconds)
0.69/0.78	['length', 'length']: UNSAT (0.021 seconds)
0.79/0.80	['length', 'substr']: UNSAT (0.049 seconds)
0.79/0.85	['length', 'add']: UNSAT (0.023 seconds)
0.79/0.88	['length', 'sub']: UNSAT (0.025 seconds)
0.89/0.90	['substr', 'substr']: UNSAT (0.037 seconds)
0.89/0.94	['substr', 'add']: UNSAT (0.032 seconds)
0.89/0.97	['substr', 'sub']: UNSAT (0.033 seconds)
0.89/1.00	['add', 'add']: UNSAT (0.030 seconds)
0.89/1.03	['add', 'sub']: UNSAT (0.027 seconds)
1.05/1.06	['sub', 'sub']: UNSAT (0.029 seconds)
1.05/1.09	['concat', 'concat', 'concat']: UNSAT (0.178 seconds)
1.19/1.27	['concat', 'concat', 'index']: UNSAT (0.051 seconds)
1.29/1.32	['concat', 'concat', 'length']: UNSAT (0.038 seconds)
1.29/1.36	['concat', 'concat', 'substr']: UNSAT (0.662 seconds)
1.89/2.03	['concat', 'concat', 'add']: UNSAT (0.037 seconds)
2.03/2.06	['concat', 'concat', 'sub']: UNSAT (0.040 seconds)
2.03/2.10	['concat', 'index', 'index']: UNSAT (0.050 seconds)
2.03/2.15	['concat', 'index', 'length']: UNSAT (0.040 seconds)
2.15/2.20	['concat', 'index', 'substr']: SAT (1.334 seconds)
3.49/3.53	substr(concat(arg0, arg0), index(concat(arg0, arg0), '@', 17), index(concat(arg0, arg0), '@', 17))
