0.12/0.20	=== Examples (../../dataset/examples/examples-74.json)
0.12/0.20	IO(inputs=('George Michael',), output='GM')
0.12/0.20	IO(inputs=('Michael Bluth',), output='MB')
0.12/0.20	=== Library
0.12/0.20	concat
0.12/0.20	index
0.12/0.20	length
0.12/0.20	substr
0.12/0.20	add
0.12/0.20	sub
0.12/0.20	=== Synthesis
0.12/0.20	['concat']: UNSAT (0.026 seconds)
0.12/0.22	['index']: UNSAT (0.025 seconds)
0.12/0.25	['length']: UNSAT (0.019 seconds)
0.12/0.27	['substr']: UNSAT (0.031 seconds)
0.12/0.30	['add']: UNSAT (0.023 seconds)
0.30/0.33	['sub']: UNSAT (0.022 seconds)
0.30/0.35	['concat', 'concat']: UNSAT (0.044 seconds)
0.30/0.39	['concat', 'index']: UNSAT (0.042 seconds)
0.40/0.44	['concat', 'length']: UNSAT (0.033 seconds)
0.40/0.47	['concat', 'substr']: UNSAT (0.115 seconds)
0.55/0.59	['concat', 'add']: UNSAT (0.034 seconds)
0.55/0.62	['concat', 'sub']: UNSAT (0.030 seconds)
0.62/0.65	['index', 'index']: UNSAT (0.034 seconds)
0.62/0.69	['index', 'length']: UNSAT (0.026 seconds)
0.69/0.71	['index', 'substr']: UNSAT (0.512 seconds)
1.18/1.23	['index', 'add']: UNSAT (0.031 seconds)
1.18/1.26	['index', 'sub']: UNSAT (0.030 seconds)
1.18/1.29	['length', 'length']: UNSAT (0.019 seconds)
1.28/1.31	['length', 'substr']: UNSAT (0.055 seconds)
1.28/1.36	['length', 'add']: UNSAT (0.023 seconds)
1.28/1.39	['length', 'sub']: UNSAT (0.023 seconds)
1.38/1.41	['substr', 'substr']: UNSAT (0.040 seconds)
1.38/1.45	['substr', 'add']: UNSAT (0.045 seconds)
1.38/1.50	['substr', 'sub']: UNSAT (0.038 seconds)
1.48/1.53	['add', 'add']: UNSAT (0.030 seconds)
1.48/1.57	['add', 'sub']: UNSAT (0.029 seconds)
1.48/1.59	['sub', 'sub']: UNSAT (0.028 seconds)
1.58/1.62	['concat', 'concat', 'concat']: UNSAT (0.147 seconds)
1.68/1.77	['concat', 'concat', 'index']: UNSAT (0.049 seconds)
1.78/1.82	['concat', 'concat', 'length']: UNSAT (0.040 seconds)
1.78/1.86	['concat', 'concat', 'substr']: UNSAT (0.621 seconds)
2.39/2.48	['concat', 'concat', 'add']: UNSAT (0.041 seconds)
2.49/2.53	['concat', 'concat', 'sub']: UNSAT (0.041 seconds)
2.49/2.57	['concat', 'index', 'index']: UNSAT (0.052 seconds)
2.59/2.62	['concat', 'index', 'length']: UNSAT (0.045 seconds)
2.59/2.67	['concat', 'index', 'substr']: UNSAT (8.088 seconds)
10.69/10.76	['concat', 'index', 'add']: UNSAT (0.045 seconds)
10.79/10.80	['concat', 'index', 'sub']: UNSAT (0.044 seconds)
10.79/10.85	['concat', 'length', 'length']: UNSAT (0.033 seconds)
10.79/10.88	['concat', 'length', 'substr']: UNSAT (0.460 seconds)
11.29/11.34	['concat', 'length', 'add']: UNSAT (0.034 seconds)
11.29/11.37	['concat', 'length', 'sub']: UNSAT (0.037 seconds)
11.39/11.41	['concat', 'substr', 'substr']: UNSAT (1.028 seconds)
12.39/12.44	['concat', 'substr', 'add']: UNSAT (0.209 seconds)
12.59/12.65	['concat', 'substr', 'sub']: UNSAT (0.116 seconds)
12.69/12.77	['concat', 'add', 'add']: UNSAT (0.040 seconds)
12.79/12.81	['concat', 'add', 'sub']: UNSAT (0.039 seconds)
12.79/12.85	['concat', 'sub', 'sub']: UNSAT (0.041 seconds)
12.79/12.89	['index', 'index', 'index']: UNSAT (0.055 seconds)
12.89/12.95	['index', 'index', 'length']: UNSAT (0.045 seconds)
12.89/12.99	['index', 'index', 'substr']: UNSAT (3.215 seconds)
16.19/16.21	['index', 'index', 'add']: UNSAT (0.049 seconds)
16.19/16.26	['index', 'index', 'sub']: UNSAT (0.049 seconds)
16.29/16.31	['index', 'length', 'length']: UNSAT (0.035 seconds)
16.29/16.34	['index', 'length', 'substr']: UNSAT (0.143 seconds)
16.39/16.49	['index', 'length', 'add']: UNSAT (0.040 seconds)
16.49/16.53	['index', 'length', 'sub']: UNSAT (0.040 seconds)
16.49/16.57	['index', 'substr', 'substr']: UNSAT (6.255 seconds)
22.79/22.82	['index', 'substr', 'add']: UNSAT (0.713 seconds)
23.49/23.54	['index', 'substr', 'sub']: UNSAT (1.369 seconds)
24.89/24.91	['index', 'add', 'add']: UNSAT (0.046 seconds)
24.89/24.95	['index', 'add', 'sub']: UNSAT (0.046 seconds)
24.89/25.00	['index', 'sub', 'sub']: UNSAT (0.046 seconds)
25.02/25.05	['length', 'length', 'length']: UNSAT (0.026 seconds)
25.02/25.07	['length', 'length', 'substr']: UNSAT (0.046 seconds)
25.02/25.12	['length', 'length', 'add']: UNSAT (0.029 seconds)
25.13/25.15	['length', 'length', 'sub']: UNSAT (0.029 seconds)
25.13/25.18	['length', 'substr', 'substr']: UNSAT (0.502 seconds)
25.58/25.68	['length', 'substr', 'add']: UNSAT (0.113 seconds)
25.78/25.80	['length', 'substr', 'sub']: SAT (0.057 seconds)
25.78/25.85	substr('\\x00\\x00GMB', sub(16, length(arg0)), sub(16, length(arg0)))
