0.12/0.19	=== Examples (../../dataset/examples/examples-04.json)
0.12/0.19	IO(inputs=('that/folder/',), output='thatfolder')
0.12/0.19	IO(inputs=('this/folder/is/longer/',), output='thisfolderislonger')
0.12/0.19	=== Library
0.12/0.19	concat
0.12/0.19	index
0.12/0.19	length
0.12/0.19	substr
0.12/0.19	add
0.12/0.19	sub
0.12/0.19	=== Synthesis
0.12/0.19	['concat']: UNSAT (0.028 seconds)
0.12/0.21	['index']: UNSAT (0.025 seconds)
0.12/0.24	['length']: UNSAT (0.019 seconds)
0.12/0.26	['substr']: UNSAT (0.028 seconds)
0.26/0.29	['add']: UNSAT (0.024 seconds)
0.26/0.31	['sub']: UNSAT (0.023 seconds)
0.26/0.34	['concat', 'concat']: UNSAT (0.046 seconds)
0.34/0.38	['concat', 'index']: UNSAT (0.042 seconds)
0.34/0.43	['concat', 'length']: UNSAT (0.033 seconds)
0.34/0.46	['concat', 'substr']: UNSAT (0.075 seconds)
0.44/0.54	['concat', 'add']: UNSAT (0.030 seconds)
0.54/0.57	['concat', 'sub']: UNSAT (0.028 seconds)
0.54/0.60	['index', 'index']: UNSAT (0.036 seconds)
0.62/0.63	['index', 'length']: UNSAT (0.027 seconds)
0.62/0.66	['index', 'substr']: UNSAT (0.069 seconds)
0.69/0.73	['index', 'add']: UNSAT (0.034 seconds)
0.69/0.76	['index', 'sub']: UNSAT (0.030 seconds)
0.69/0.79	['length', 'length']: UNSAT (0.019 seconds)
0.79/0.81	['length', 'substr']: UNSAT (0.036 seconds)
0.79/0.85	['length', 'add']: UNSAT (0.023 seconds)
0.79/0.87	['length', 'sub']: UNSAT (0.022 seconds)
0.89/0.90	['substr', 'substr']: UNSAT (0.042 seconds)
0.89/0.94	['substr', 'add']: UNSAT (0.035 seconds)
0.89/0.98	['substr', 'sub']: UNSAT (0.037 seconds)
0.89/1.01	['add', 'add']: UNSAT (0.031 seconds)
0.89/1.05	['add', 'sub']: UNSAT (0.029 seconds)
1.04/1.08	['sub', 'sub']: UNSAT (0.028 seconds)
1.04/1.10	['concat', 'concat', 'concat']: UNSAT (0.164 seconds)
1.20/1.27	['concat', 'concat', 'index']: UNSAT (0.051 seconds)
1.29/1.32	['concat', 'concat', 'length']: UNSAT (0.042 seconds)
1.29/1.36	['concat', 'concat', 'substr']: UNSAT (0.961 seconds)
2.29/2.33	['concat', 'concat', 'add']: UNSAT (0.044 seconds)
2.29/2.37	['concat', 'concat', 'sub']: UNSAT (0.043 seconds)
2.39/2.42	['concat', 'index', 'index']: UNSAT (0.056 seconds)
2.39/2.47	['concat', 'index', 'length']: UNSAT (0.042 seconds)
2.49/2.51	['concat', 'index', 'substr']: UNSAT (1.155 seconds)
3.60/3.67	['concat', 'index', 'add']: UNSAT (0.047 seconds)
3.69/3.72	['concat', 'index', 'sub']: UNSAT (0.045 seconds)
3.69/3.76	['concat', 'length', 'length']: UNSAT (0.034 seconds)
3.79/3.80	['concat', 'length', 'substr']: UNSAT (0.084 seconds)
3.79/3.88	['concat', 'length', 'add']: UNSAT (0.035 seconds)
3.89/3.92	['concat', 'length', 'sub']: UNSAT (0.034 seconds)
3.89/3.95	['concat', 'substr', 'substr']: UNSAT (0.135 seconds)
4.05/4.09	['concat', 'substr', 'add']: UNSAT (0.078 seconds)
4.05/4.17	['concat', 'substr', 'sub']: UNSAT (0.060 seconds)
4.20/4.23	['concat', 'add', 'add']: UNSAT (0.040 seconds)
4.20/4.27	['concat', 'add', 'sub']: UNSAT (0.039 seconds)
4.29/4.31	['concat', 'sub', 'sub']: UNSAT (0.045 seconds)
4.29/4.36	['index', 'index', 'index']: UNSAT (0.061 seconds)
4.39/4.42	['index', 'index', 'length']: UNSAT (0.047 seconds)
4.39/4.46	['index', 'index', 'substr']: UNSAT (0.224 seconds)
4.59/4.69	['index', 'index', 'add']: UNSAT (0.050 seconds)
4.69/4.74	['index', 'index', 'sub']: UNSAT (0.049 seconds)
4.69/4.79	['index', 'length', 'length']: UNSAT (0.035 seconds)
4.79/4.82	['index', 'length', 'substr']: UNSAT (0.107 seconds)
4.89/4.93	['index', 'length', 'add']: UNSAT (0.041 seconds)
4.89/4.97	['index', 'length', 'sub']: UNSAT (0.041 seconds)
4.89/5.02	['index', 'substr', 'substr']: UNSAT (0.327 seconds)
5.29/5.34	['index', 'substr', 'add']: UNSAT (0.122 seconds)
5.39/5.47	['index', 'substr', 'sub']: UNSAT (0.121 seconds)
5.49/5.59	['index', 'add', 'add']: UNSAT (0.052 seconds)
5.59/5.64	['index', 'add', 'sub']: UNSAT (0.047 seconds)
5.59/5.69	['index', 'sub', 'sub']: UNSAT (0.048 seconds)
5.69/5.74	['length', 'length', 'length']: UNSAT (0.026 seconds)
5.69/5.76	['length', 'length', 'substr']: UNSAT (0.044 seconds)
5.79/5.81	['length', 'length', 'add']: UNSAT (0.031 seconds)
5.79/5.84	['length', 'length', 'sub']: UNSAT (0.030 seconds)
5.79/5.87	['length', 'substr', 'substr']: UNSAT (0.126 seconds)
5.89/6.00	['length', 'substr', 'add']: UNSAT (0.066 seconds)
5.89/6.07	['length', 'substr', 'sub']: UNSAT (0.073 seconds)
6.05/6.14	['length', 'add', 'add']: UNSAT (0.060 seconds)
6.20/6.20	['length', 'add', 'sub']: UNSAT (0.049 seconds)
6.20/6.25	['length', 'sub', 'sub']: UNSAT (0.050 seconds)
6.29/6.30	['substr', 'substr', 'substr']: UNSAT (0.107 seconds)
6.39/6.41	['substr', 'substr', 'add']: UNSAT (0.086 seconds)
6.49/6.50	['substr', 'substr', 'sub']: UNSAT (0.086 seconds)
6.49/6.59	['substr', 'add', 'add']: UNSAT (0.092 seconds)
6.59/6.68	['substr', 'add', 'sub']: UNSAT (0.077 seconds)
6.69/6.76	['substr', 'sub', 'sub']: UNSAT (0.064 seconds)
6.79/6.82	['add', 'add', 'add']: UNSAT (0.045 seconds)
6.79/6.87	['add', 'add', 'sub']: UNSAT (0.048 seconds)
6.89/6.92	['add', 'sub', 'sub']: UNSAT (0.046 seconds)
6.89/6.96	['sub', 'sub', 'sub']: UNSAT (0.047 seconds)
6.89/7.01	['concat', 'concat', 'concat', 'concat']: UNSAT (0.257 seconds)
7.20/7.27	['concat', 'concat', 'concat', 'index']: UNSAT (0.074 seconds)
7.29/7.34	['concat', 'concat', 'concat', 'length']: UNSAT (0.059 seconds)
7.39/7.40	['concat', 'concat', 'concat', 'substr']: UNSAT (146.344 seconds)
153.67/153.75	['concat', 'concat', 'concat', 'add']: UNSAT (0.061 seconds)
153.78/153.81	['concat', 'concat', 'concat', 'sub']: UNSAT (0.061 seconds)
153.78/153.87	['concat', 'concat', 'index', 'index']: UNSAT (0.077 seconds)
153.88/153.95	['concat', 'concat', 'index', 'length']: UNSAT (0.062 seconds)
153.98/154.01	['concat', 'concat', 'index', 'substr']: UNSAT (16.117 seconds)
170.07/170.13	['concat', 'concat', 'index', 'add']: UNSAT (0.064 seconds)
170.07/170.20	['concat', 'concat', 'index', 'sub']: UNSAT (0.066 seconds)
170.07/170.26	['concat', 'concat', 'length', 'length']: UNSAT (0.051 seconds)
170.23/170.31	['concat', 'concat', 'length', 'substr']: UNSAT (1.778 seconds)
171.97/172.09	['concat', 'concat', 'length', 'add']: UNSAT (0.051 seconds)
172.07/172.14	['concat', 'concat', 'length', 'sub']: UNSAT (0.054 seconds)
172.07/172.20	['concat', 'concat', 'substr', 'substr']: UNSAT (4.328 seconds)
176.47/176.53	['concat', 'concat', 'substr', 'add']: UNSAT (2.103 seconds)
178.57/178.63	['concat', 'concat', 'substr', 'sub']: UNSAT (0.247 seconds)
178.77/178.88	['concat', 'concat', 'add', 'add']: UNSAT (0.057 seconds)
178.87/178.94	['concat', 'concat', 'add', 'sub']: UNSAT (0.056 seconds)
178.87/179.00	['concat', 'concat', 'sub', 'sub']: UNSAT (0.056 seconds)
178.97/179.05	['concat', 'index', 'index', 'index']: UNSAT (0.079 seconds)
179.07/179.13	['concat', 'index', 'index', 'length']: UNSAT (0.066 seconds)
179.07/179.20	['concat', 'index', 'index', 'substr']: UNSAT (7.219 seconds)
186.37/186.42	['concat', 'index', 'index', 'add']: UNSAT (0.069 seconds)
186.37/186.49	['concat', 'index', 'index', 'sub']: UNSAT (0.073 seconds)
186.47/186.56	['concat', 'index', 'length', 'length']: UNSAT (0.054 seconds)
186.57/186.62	['concat', 'index', 'length', 'substr']: UNSAT (1.836 seconds)
188.37/188.45	['concat', 'index', 'length', 'add']: UNSAT (0.056 seconds)
188.47/188.51	['concat', 'index', 'length', 'sub']: UNSAT (0.058 seconds)
188.47/188.57	['concat', 'index', 'substr', 'substr']: UNSAT (9.515 seconds)
197.97/198.09	['concat', 'index', 'substr', 'add']: UNSAT (4.079 seconds)
202.07/202.17	['concat', 'index', 'substr', 'sub']: UNSAT (3.175 seconds)
205.23/205.34	['concat', 'index', 'add', 'add']: UNSAT (0.064 seconds)
205.37/205.41	['concat', 'index', 'add', 'sub']: UNSAT (0.064 seconds)
205.37/205.47	['concat', 'index', 'sub', 'sub']: UNSAT (0.062 seconds)
205.47/205.53	['concat', 'length', 'length', 'length']: UNSAT (0.042 seconds)
205.47/205.58	['concat', 'length', 'length', 'substr']: UNSAT (0.116 seconds)
205.57/205.69	['concat', 'length', 'length', 'add']: UNSAT (0.044 seconds)
205.67/205.74	['concat', 'length', 'length', 'sub']: UNSAT (0.046 seconds)
205.67/205.79	['concat', 'length', 'substr', 'substr']: UNSAT (1.802 seconds)
207.47/207.59	['concat', 'length', 'substr', 'add']: UNSAT (0.352 seconds)
207.87/207.94	['concat', 'length', 'substr', 'sub']: UNSAT (0.253 seconds)
208.07/208.20	['concat', 'length', 'add', 'add']: UNSAT (0.052 seconds)
208.07/208.25	['concat', 'length', 'add', 'sub']: UNSAT (0.049 seconds)
208.22/208.30	['concat', 'length', 'sub', 'sub']: UNSAT (0.050 seconds)
208.22/208.35	['concat', 'substr', 'substr', 'substr']: UNSAT (0.633 seconds)
208.87/208.98	['concat', 'substr', 'substr', 'add']: UNSAT (0.599 seconds)
209.47/209.58	['concat', 'substr', 'substr', 'sub']: UNSAT (0.383 seconds)
209.87/209.97	['concat', 'substr', 'add', 'add']: UNSAT (0.582 seconds)
210.47/210.55	['concat', 'substr', 'add', 'sub']: UNSAT (0.182 seconds)
210.67/210.73	['concat', 'substr', 'sub', 'sub']: UNSAT (0.181 seconds)
210.87/210.92	['concat', 'add', 'add', 'add']: UNSAT (0.061 seconds)
210.87/210.98	['concat', 'add', 'add', 'sub']: UNSAT (0.061 seconds)
210.97/211.04	['concat', 'add', 'sub', 'sub']: UNSAT (0.060 seconds)
211.07/211.10	['concat', 'sub', 'sub', 'sub']: UNSAT (0.061 seconds)
211.07/211.16	['index', 'index', 'index', 'index']: UNSAT (0.088 seconds)
211.07/211.25	['index', 'index', 'index', 'length']: UNSAT (0.074 seconds)
211.20/211.33	['index', 'index', 'index', 'substr']: UNSAT (1.678 seconds)
212.97/213.00	['index', 'index', 'index', 'add']: UNSAT (0.083 seconds)
212.97/213.09	['index', 'index', 'index', 'sub']: UNSAT (0.082 seconds)
213.07/213.17	['index', 'index', 'length', 'length']: UNSAT (0.059 seconds)
213.07/213.23	['index', 'index', 'length', 'substr']: UNSAT (0.444 seconds)
213.57/213.68	['index', 'index', 'length', 'add']: UNSAT (0.064 seconds)
213.67/213.74	['index', 'index', 'length', 'sub']: UNSAT (0.064 seconds)
213.77/213.81	['index', 'index', 'substr', 'substr']: UNSAT (1.255 seconds)
214.97/215.06	['index', 'index', 'substr', 'add']: UNSAT (0.472 seconds)
215.47/215.54	['index', 'index', 'substr', 'sub']: UNSAT (0.212 seconds)
215.67/215.75	['index', 'index', 'add', 'add']: UNSAT (0.074 seconds)
215.77/215.82	['index', 'index', 'add', 'sub']: UNSAT (0.074 seconds)
215.87/215.90	['index', 'index', 'sub', 'sub']: UNSAT (0.074 seconds)
215.87/215.97	['index', 'length', 'length', 'length']: UNSAT (0.045 seconds)
215.97/216.02	['index', 'length', 'length', 'substr']: UNSAT (0.174 seconds)
216.08/216.19	['index', 'length', 'length', 'add']: UNSAT (0.049 seconds)
216.08/216.24	['index', 'length', 'length', 'sub']: UNSAT (0.049 seconds)
216.22/216.29	['index', 'length', 'substr', 'substr']: UNSAT (0.645 seconds)
216.87/216.94	['index', 'length', 'substr', 'add']: UNSAT (0.345 seconds)
217.23/217.28	['index', 'length', 'substr', 'sub']: UNSAT (0.289 seconds)
217.47/217.57	['index', 'length', 'add', 'add']: UNSAT (0.058 seconds)
217.57/217.63	['index', 'length', 'add', 'sub']: UNSAT (0.059 seconds)
217.57/217.69	['index', 'length', 'sub', 'sub']: UNSAT (0.059 seconds)
217.67/217.75	['index', 'substr', 'substr', 'substr']: UNSAT (1.033 seconds)
218.67/218.79	['index', 'substr', 'substr', 'add']: UNSAT (1.400 seconds)
220.07/220.19	['index', 'substr', 'substr', 'sub']: UNSAT (0.782 seconds)
220.87/220.97	['index', 'substr', 'add', 'add']: UNSAT (0.416 seconds)
221.22/221.39	['index', 'substr', 'add', 'sub']: UNSAT (0.268 seconds)
221.57/221.66	['index', 'substr', 'sub', 'sub']: UNSAT (0.277 seconds)
221.87/221.93	['index', 'add', 'add', 'add']: UNSAT (0.078 seconds)
221.97/222.01	['index', 'add', 'add', 'sub']: UNSAT (0.074 seconds)
221.97/222.09	['index', 'add', 'sub', 'sub']: UNSAT (0.072 seconds)
222.07/222.16	['index', 'sub', 'sub', 'sub']: UNSAT (0.073 seconds)
222.07/222.23	['length', 'length', 'length', 'length']: UNSAT (0.035 seconds)
222.07/222.27	['length', 'length', 'length', 'substr']: UNSAT (0.045 seconds)
222.23/222.32	['length', 'length', 'length', 'add']: UNSAT (0.037 seconds)
222.23/222.35	['length', 'length', 'length', 'sub']: UNSAT (0.038 seconds)
222.36/222.39	['length', 'length', 'substr', 'substr']: UNSAT (0.547 seconds)
222.87/222.94	['length', 'length', 'substr', 'add']: UNSAT (0.097 seconds)
222.97/223.04	['length', 'length', 'substr', 'sub']: UNSAT (0.109 seconds)
223.07/223.15	['length', 'length', 'add', 'add']: UNSAT (0.045 seconds)
223.07/223.19	['length', 'length', 'add', 'sub']: UNSAT (0.047 seconds)
223.07/223.24	['length', 'length', 'sub', 'sub']: UNSAT (0.047 seconds)
223.21/223.29	['length', 'substr', 'substr', 'substr']: UNSAT (0.450 seconds)
223.67/223.74	['length', 'substr', 'substr', 'add']: UNSAT (0.377 seconds)
224.07/224.12	['length', 'substr', 'substr', 'sub']: UNSAT (0.418 seconds)
224.47/224.54	['length', 'substr', 'add', 'add']: UNSAT (0.273 seconds)
224.77/224.81	['length', 'substr', 'add', 'sub']: UNSAT (0.266 seconds)
224.97/225.08	['length', 'substr', 'sub', 'sub']: UNSAT (0.228 seconds)
225.23/225.31	['length', 'add', 'add', 'add']: UNSAT (0.056 seconds)
225.23/225.36	['length', 'add', 'add', 'sub']: UNSAT (0.057 seconds)
225.37/225.42	['length', 'add', 'sub', 'sub']: UNSAT (0.057 seconds)
225.37/225.48	['length', 'sub', 'sub', 'sub']: UNSAT (0.060 seconds)
225.47/225.54	['substr', 'substr', 'substr', 'substr']: UNSAT (0.174 seconds)
225.67/225.72	['substr', 'substr', 'substr', 'add']: UNSAT (0.148 seconds)
225.77/225.86	['substr', 'substr', 'substr', 'sub']: UNSAT (0.183 seconds)
225.97/226.05	['substr', 'substr', 'add', 'add']: UNSAT (0.174 seconds)
226.07/226.22	['substr', 'substr', 'add', 'sub']: UNSAT (0.198 seconds)
226.37/226.42	['substr', 'substr', 'sub', 'sub']: UNSAT (0.177 seconds)
226.57/226.60	['substr', 'add', 'add', 'add']: UNSAT (0.329 seconds)
226.87/226.93	['substr', 'add', 'add', 'sub']: UNSAT (0.417 seconds)
227.23/227.35	['substr', 'add', 'sub', 'sub']: UNSAT (0.323 seconds)
227.57/227.67	['substr', 'sub', 'sub', 'sub']: UNSAT (0.284 seconds)
227.87/227.96	['add', 'add', 'add', 'add']: UNSAT (0.066 seconds)
227.97/228.02	['add', 'add', 'add', 'sub']: UNSAT (0.066 seconds)
227.97/228.09	['add', 'add', 'sub', 'sub']: UNSAT (0.066 seconds)
228.07/228.16	['add', 'sub', 'sub', 'sub']: UNSAT (0.066 seconds)
228.07/228.23	['sub', 'sub', 'sub', 'sub']: UNSAT (0.068 seconds)
228.23/228.29	['concat', 'concat', 'concat', 'concat', 'concat']: UNSAT (0.612 seconds)
228.87/228.91	['concat', 'concat', 'concat', 'concat', 'index']: UNSAT (0.100 seconds)
228.97/229.01	['concat', 'concat', 'concat', 'concat', 'length']: UNSAT (0.085 seconds)
228.97/229.09	['concat', 'concat', 'concat', 'concat', 'substr']: 