0.12/0.20	=== Examples (../../dataset/examples/examples-93.json)
0.12/0.20	IO(inputs=('no - he said',), output='he said')
0.12/0.20	IO(inputs=('but but why - she said',), output='she said')
0.12/0.20	=== Library
0.12/0.20	concat
0.12/0.20	index
0.12/0.20	length
0.12/0.20	substr
0.12/0.20	add
0.12/0.20	sub
0.12/0.20	=== Synthesis
0.12/0.20	['concat']: UNSAT (0.026 seconds)
0.12/0.23	['index']: UNSAT (0.026 seconds)
0.12/0.25	['length']: UNSAT (0.019 seconds)
0.12/0.27	['substr']: UNSAT (0.028 seconds)
0.26/0.30	['add']: UNSAT (0.022 seconds)
0.26/0.33	['sub']: UNSAT (0.022 seconds)
0.26/0.35	['concat', 'concat']: UNSAT (0.045 seconds)
0.36/0.39	['concat', 'index']: UNSAT (0.042 seconds)
0.36/0.44	['concat', 'length']: UNSAT (0.033 seconds)
0.36/0.47	['concat', 'substr']: UNSAT (0.099 seconds)
0.46/0.57	['concat', 'add']: UNSAT (0.035 seconds)
0.56/0.61	['concat', 'sub']: UNSAT (0.029 seconds)
0.56/0.64	['index', 'index']: UNSAT (0.033 seconds)
0.63/0.67	['index', 'length']: UNSAT (0.025 seconds)
0.63/0.70	['index', 'substr']: UNSAT (0.104 seconds)
0.79/0.80	['index', 'add']: UNSAT (0.028 seconds)
0.79/0.83	['index', 'sub']: UNSAT (0.029 seconds)
0.79/0.86	['length', 'length']: UNSAT (0.019 seconds)
0.79/0.88	['length', 'substr']: UNSAT (0.031 seconds)
0.89/0.91	['length', 'add']: UNSAT (0.021 seconds)
0.89/0.93	['length', 'sub']: UNSAT (0.021 seconds)
0.89/0.95	['substr', 'substr']: UNSAT (0.036 seconds)
0.89/0.99	['substr', 'add']: UNSAT (0.032 seconds)
0.89/1.02	['substr', 'sub']: UNSAT (0.033 seconds)
1.02/1.06	['add', 'add']: UNSAT (0.029 seconds)
1.02/1.09	['add', 'sub']: UNSAT (0.029 seconds)
1.02/1.12	['sub', 'sub']: UNSAT (0.028 seconds)
1.13/1.14	['concat', 'concat', 'concat']: UNSAT (0.137 seconds)
1.19/1.28	['concat', 'concat', 'index']: UNSAT (0.050 seconds)
1.29/1.33	['concat', 'concat', 'length']: UNSAT (0.037 seconds)
1.29/1.37	['concat', 'concat', 'substr']: UNSAT (0.479 seconds)
1.79/1.85	['concat', 'concat', 'add']: UNSAT (0.037 seconds)
1.79/1.89	['concat', 'concat', 'sub']: UNSAT (0.038 seconds)
1.89/1.93	['concat', 'index', 'index']: UNSAT (0.049 seconds)
1.89/1.98	['concat', 'index', 'length']: UNSAT (0.039 seconds)
1.89/2.02	['concat', 'index', 'substr']: UNSAT (82.555 seconds)
84.49/84.57	['concat', 'index', 'add']: UNSAT (0.041 seconds)
84.59/84.62	['concat', 'index', 'sub']: UNSAT (0.043 seconds)
84.59/84.66	['concat', 'length', 'length']: UNSAT (0.032 seconds)
84.59/84.69	['concat', 'length', 'substr']: UNSAT (0.110 seconds)
84.79/84.80	['concat', 'length', 'add']: UNSAT (0.032 seconds)
84.79/84.84	['concat', 'length', 'sub']: UNSAT (0.032 seconds)
84.79/84.87	['concat', 'substr', 'substr']: UNSAT (0.115 seconds)
84.89/84.98	['concat', 'substr', 'add']: UNSAT (0.096 seconds)
85.01/85.08	['concat', 'substr', 'sub']: UNSAT (0.058 seconds)
85.01/85.14	['concat', 'add', 'add']: UNSAT (0.040 seconds)
85.13/85.18	['concat', 'add', 'sub']: UNSAT (0.038 seconds)
85.19/85.22	['concat', 'sub', 'sub']: UNSAT (0.037 seconds)
85.19/85.26	['index', 'index', 'index']: UNSAT (0.055 seconds)
85.29/85.31	['index', 'index', 'length']: UNSAT (0.042 seconds)
85.29/85.35	['index', 'index', 'substr']: UNSAT (12.736 seconds)
98.01/98.09	['index', 'index', 'add']: UNSAT (0.047 seconds)
98.13/98.14	['index', 'index', 'sub']: UNSAT (0.046 seconds)
98.13/98.19	['index', 'length', 'length']: UNSAT (0.034 seconds)
98.19/98.22	['index', 'length', 'substr']: UNSAT (8.124 seconds)
106.29/106.34	['index', 'length', 'add']: UNSAT (0.039 seconds)
106.29/106.38	['index', 'length', 'sub']: UNSAT (0.037 seconds)
106.39/106.42	['index', 'substr', 'substr']: UNSAT (0.281 seconds)
106.69/106.70	['index', 'substr', 'add']: UNSAT (10.607 seconds)
117.29/117.31	['index', 'substr', 'sub']: UNSAT (4.706 seconds)
121.89/122.02	['index', 'add', 'add']: UNSAT (0.050 seconds)
122.02/122.07	['index', 'add', 'sub']: UNSAT (0.054 seconds)
122.02/122.12	['index', 'sub', 'sub']: UNSAT (0.052 seconds)
122.13/122.18	['length', 'length', 'length']: UNSAT (0.026 seconds)
122.19/122.20	['length', 'length', 'substr']: UNSAT (0.040 seconds)
122.19/122.24	['length', 'length', 'add']: UNSAT (0.028 seconds)
122.19/122.27	['length', 'length', 'sub']: UNSAT (0.029 seconds)
122.29/122.30	['length', 'substr', 'substr']: UNSAT (0.093 seconds)
122.39/122.40	['length', 'substr', 'add']: UNSAT (0.056 seconds)
122.39/122.45	['length', 'substr', 'sub']: UNSAT (0.074 seconds)
122.49/122.53	['length', 'add', 'add']: UNSAT (0.035 seconds)
122.49/122.56	['length', 'add', 'sub']: UNSAT (0.035 seconds)
122.59/122.60	['length', 'sub', 'sub']: UNSAT (0.034 seconds)
122.59/122.63	['substr', 'substr', 'substr']: UNSAT (0.075 seconds)
122.68/122.71	['substr', 'substr', 'add']: UNSAT (0.065 seconds)
122.68/122.77	['substr', 'substr', 'sub']: UNSAT (0.066 seconds)
122.78/122.84	['substr', 'add', 'add']: UNSAT (0.072 seconds)
122.88/122.91	['substr', 'add', 'sub']: UNSAT (0.061 seconds)
122.88/122.98	['substr', 'sub', 'sub']: UNSAT (0.061 seconds)
122.88/123.04	['add', 'add', 'add']: UNSAT (0.044 seconds)
123.01/123.08	['add', 'add', 'sub']: UNSAT (0.041 seconds)
123.01/123.13	['add', 'sub', 'sub']: UNSAT (0.045 seconds)
123.13/123.17	['sub', 'sub', 'sub']: UNSAT (0.044 seconds)
123.18/123.22	['concat', 'concat', 'concat', 'concat']: UNSAT (0.274 seconds)
123.38/123.49	['concat', 'concat', 'concat', 'index']: UNSAT (0.068 seconds)
123.48/123.56	['concat', 'concat', 'concat', 'length']: UNSAT (0.059 seconds)
123.58/123.62	['concat', 'concat', 'concat', 'substr']: UNSAT (39.591 seconds)
163.18/163.21	['concat', 'concat', 'concat', 'add']: UNSAT (0.056 seconds)
163.18/163.27	['concat', 'concat', 'concat', 'sub']: UNSAT (0.057 seconds)
163.28/163.33	['concat', 'concat', 'index', 'index']: UNSAT (0.071 seconds)
163.38/163.40	['concat', 'concat', 'index', 'length']: UNSAT (0.058 seconds)
163.38/163.46	['concat', 'concat', 'index', 'substr']: UNKNOWN (351.007 seconds)
514.38/514.47	Reason: smt tactic failed to show goal to be sat/unsat max-conflicts-reached
514.38/514.47	Reason: smt tactic failed to show goal to be sat/unsat max-conflicts-reached
514.38/514.47	['concat', 'concat', 'index', 'add']: UNSAT (0.060 seconds)
514.48/514.53	['concat', 'concat', 'index', 'sub']: UNSAT (0.061 seconds)
514.48/514.59	['concat', 'concat', 'length', 'length']: UNSAT (0.050 seconds)
514.58/514.64	['concat', 'concat', 'length', 'substr']: UNSAT (2.206 seconds)
516.78/516.85	['concat', 'concat', 'length', 'add']: UNSAT (0.048 seconds)
516.78/516.89	['concat', 'concat', 'length', 'sub']: UNSAT (0.050 seconds)
516.88/516.94	['concat', 'concat', 'substr', 'substr']: UNSAT (5.378 seconds)
522.28/522.32	['concat', 'concat', 'substr', 'add']: UNSAT (1.576 seconds)
523.87/523.90	['concat', 'concat', 'substr', 'sub']: UNSAT (0.247 seconds)
524.12/524.15	['concat', 'concat', 'add', 'add']: UNSAT (0.051 seconds)
524.17/524.20	['concat', 'concat', 'add', 'sub']: UNSAT (0.052 seconds)
524.17/524.25	['concat', 'concat', 'sub', 'sub']: UNSAT (0.052 seconds)
524.27/524.31	['concat', 'index', 'index', 'index']: UNSAT (0.073 seconds)
524.27/524.38	['concat', 'index', 'index', 'length']: UNSAT (0.061 seconds)
524.37/524.44	['concat', 'index', 'index', 'substr']: 