0.11/0.20	=== Examples (../../dataset/examples/examples-46.json)
0.11/0.20	IO(inputs=(' a b c ',), output='0a0b0c')
0.11/0.20	IO(inputs=('1 2 3 4 5 ',), output='102030405')
0.11/0.20	=== Library
0.11/0.20	concat
0.11/0.20	index
0.11/0.20	length
0.11/0.20	substr
0.11/0.20	add
0.11/0.20	sub
0.11/0.20	=== Synthesis
0.11/0.20	['concat']: UNSAT (0.027 seconds)
0.11/0.23	['index']: UNSAT (0.026 seconds)
0.11/0.25	['length']: UNSAT (0.020 seconds)
0.24/0.28	['substr']: UNSAT (0.028 seconds)
0.24/0.30	['add']: UNSAT (0.022 seconds)
0.24/0.33	['sub']: UNSAT (0.023 seconds)
0.24/0.35	['concat', 'concat']: UNSAT (0.045 seconds)
0.35/0.40	['concat', 'index']: UNSAT (0.043 seconds)
0.35/0.44	['concat', 'length']: UNSAT (0.033 seconds)
0.45/0.47	['concat', 'substr']: UNSAT (0.066 seconds)
0.45/0.54	['concat', 'add']: UNSAT (0.035 seconds)
0.56/0.58	['concat', 'sub']: UNSAT (0.034 seconds)
0.56/0.61	['index', 'index']: UNSAT (0.039 seconds)
0.63/0.65	['index', 'length']: UNSAT (0.027 seconds)
0.63/0.68	['index', 'substr']: UNSAT (0.061 seconds)
0.69/0.74	['index', 'add']: UNSAT (0.032 seconds)
0.69/0.77	['index', 'sub']: UNSAT (0.032 seconds)
0.79/0.81	['length', 'length']: UNSAT (0.020 seconds)
0.79/0.83	['length', 'substr']: UNSAT (0.033 seconds)
0.79/0.86	['length', 'add']: UNSAT (0.023 seconds)
0.79/0.89	['length', 'sub']: UNSAT (0.024 seconds)
0.89/0.91	['substr', 'substr']: UNSAT (0.039 seconds)
0.89/0.95	['substr', 'add']: UNSAT (0.035 seconds)
0.89/0.99	['substr', 'sub']: UNSAT (0.036 seconds)
0.89/1.02	['add', 'add']: UNSAT (0.030 seconds)
1.01/1.05	['add', 'sub']: UNSAT (0.031 seconds)
1.01/1.09	['sub', 'sub']: UNSAT (0.030 seconds)
1.01/1.12	['concat', 'concat', 'concat']: UNSAT (0.124 seconds)
1.19/1.24	['concat', 'concat', 'index']: UNSAT (0.062 seconds)
1.29/1.30	['concat', 'concat', 'length']: UNSAT (0.069 seconds)
1.29/1.37	['concat', 'concat', 'substr']: UNSAT (1.205 seconds)
2.49/2.58	['concat', 'concat', 'add']: UNSAT (0.054 seconds)
2.59/2.64	['concat', 'concat', 'sub']: UNSAT (0.053 seconds)
2.59/2.69	['concat', 'index', 'index']: UNSAT (0.068 seconds)
2.69/2.76	['concat', 'index', 'length']: UNSAT (0.055 seconds)
2.79/2.81	['concat', 'index', 'substr']: UNSAT (0.546 seconds)
3.29/3.36	['concat', 'index', 'add']: UNSAT (0.042 seconds)
3.29/3.40	['concat', 'index', 'sub']: UNSAT (0.046 seconds)
3.40/3.45	['concat', 'length', 'length']: UNSAT (0.031 seconds)
3.40/3.48	['concat', 'length', 'substr']: UNSAT (0.182 seconds)
3.58/3.67	['concat', 'length', 'add']: UNSAT (0.033 seconds)
3.69/3.70	['concat', 'length', 'sub']: UNSAT (0.033 seconds)
3.69/3.73	['concat', 'substr', 'substr']: UNSAT (0.124 seconds)
3.79/3.86	['concat', 'substr', 'add']: UNSAT (0.146 seconds)
3.89/4.00	['concat', 'substr', 'sub']: UNSAT (0.062 seconds)
4.01/4.07	['concat', 'add', 'add']: UNSAT (0.042 seconds)
4.01/4.11	['concat', 'add', 'sub']: UNSAT (0.039 seconds)
4.13/4.15	['concat', 'sub', 'sub']: UNSAT (0.043 seconds)
4.13/4.19	['index', 'index', 'index']: UNSAT (0.056 seconds)
4.19/4.25	['index', 'index', 'length']: UNSAT (0.043 seconds)
4.19/4.29	['index', 'index', 'substr']: UNSAT (0.154 seconds)
4.40/4.45	['index', 'index', 'add']: UNSAT (0.052 seconds)
4.49/4.50	['index', 'index', 'sub']: UNSAT (0.050 seconds)
4.49/4.55	['index', 'length', 'length']: UNSAT (0.036 seconds)
4.49/4.59	['index', 'length', 'substr']: UNSAT (0.075 seconds)
4.59/4.67	['index', 'length', 'add']: UNSAT (0.037 seconds)
4.69/4.70	['index', 'length', 'sub']: UNSAT (0.037 seconds)
4.69/4.74	['index', 'substr', 'substr']: UNSAT (0.182 seconds)
4.89/4.92	['index', 'substr', 'add']: UNSAT (0.111 seconds)
5.02/5.04	['index', 'substr', 'sub']: UNSAT (0.098 seconds)
5.02/5.13	['index', 'add', 'add']: UNSAT (0.050 seconds)
5.13/5.19	['index', 'add', 'sub']: UNSAT (0.045 seconds)
5.19/5.23	['index', 'sub', 'sub']: UNSAT (0.046 seconds)
5.19/5.28	['length', 'length', 'length']: UNSAT (0.025 seconds)
5.29/5.30	['length', 'length', 'substr']: UNSAT (0.044 seconds)
5.29/5.35	['length', 'length', 'add']: UNSAT (0.028 seconds)
5.29/5.38	['length', 'length', 'sub']: UNSAT (0.031 seconds)
5.40/5.41	['length', 'substr', 'substr']: UNSAT (0.080 seconds)
5.40/5.49	['length', 'substr', 'add']: UNSAT (0.060 seconds)
5.49/5.55	['length', 'substr', 'sub']: UNSAT (0.055 seconds)
5.59/5.61	['length', 'add', 'add']: UNSAT (0.035 seconds)
5.59/5.64	['length', 'add', 'sub']: UNSAT (0.036 seconds)
5.59/5.68	['length', 'sub', 'sub']: UNSAT (0.035 seconds)
5.69/5.71	['substr', 'substr', 'substr']: UNSAT (0.076 seconds)
5.69/5.79	['substr', 'substr', 'add']: UNSAT (0.065 seconds)
5.79/5.85	['substr', 'substr', 'sub']: UNSAT (0.062 seconds)
5.89/5.92	['substr', 'add', 'add']: UNSAT (0.061 seconds)
5.89/5.98	['substr', 'add', 'sub']: UNSAT (0.064 seconds)
6.02/6.04	['substr', 'sub', 'sub']: UNSAT (0.059 seconds)
6.02/6.10	['add', 'add', 'add']: UNSAT (0.048 seconds)
6.13/6.15	['add', 'add', 'sub']: UNSAT (0.047 seconds)
6.19/6.20	['add', 'sub', 'sub']: UNSAT (0.046 seconds)
6.19/6.25	['sub', 'sub', 'sub']: UNSAT (0.044 seconds)
6.19/6.29	['concat', 'concat', 'concat', 'concat']: UNSAT (0.218 seconds)
6.49/6.51	['concat', 'concat', 'concat', 'index']: UNSAT (0.072 seconds)
6.49/6.58	['concat', 'concat', 'concat', 'length']: UNSAT (0.059 seconds)
6.59/6.64	['concat', 'concat', 'concat', 'substr']: 