0.13/0.19	=== Examples (../../dataset/examples/examples-43.json)
0.13/0.19	IO(inputs=('https://ThatCoolWebsite.com',), output='thatcoolwebsite.com')
0.13/0.19	IO(inputs=('https://secure.com',), output='secure.com')
0.13/0.19	=== Library
0.13/0.19	concat
0.13/0.19	index
0.13/0.19	length
0.13/0.19	substr
0.13/0.19	add
0.13/0.19	sub
0.13/0.19	=== Synthesis
0.13/0.19	['concat']: UNSAT (0.026 seconds)
0.13/0.22	['index']: UNSAT (0.025 seconds)
0.13/0.25	['length']: UNSAT (0.019 seconds)
0.13/0.27	['substr']: UNSAT (0.028 seconds)
0.27/0.30	['add']: UNSAT (0.022 seconds)
0.27/0.32	['sub']: UNSAT (0.022 seconds)
0.27/0.34	['concat', 'concat']: UNSAT (0.046 seconds)
0.37/0.39	['concat', 'index']: UNSAT (0.042 seconds)
0.37/0.43	['concat', 'length']: UNSAT (0.032 seconds)
0.37/0.46	['concat', 'substr']: UNSAT (0.093 seconds)
0.54/0.56	['concat', 'add']: UNSAT (0.036 seconds)
0.54/0.59	['concat', 'sub']: UNSAT (0.029 seconds)
0.54/0.62	['index', 'index']: UNSAT (0.036 seconds)
0.61/0.66	['index', 'length']: UNSAT (0.027 seconds)
0.61/0.69	['index', 'substr']: UNSAT (0.179 seconds)
0.79/0.87	['index', 'add']: UNSAT (0.033 seconds)
0.89/0.90	['index', 'sub']: UNSAT (0.033 seconds)
0.89/0.93	['length', 'length']: UNSAT (0.020 seconds)
0.89/0.95	['length', 'substr']: UNSAT (0.039 seconds)
0.89/0.99	['length', 'add']: UNSAT (0.026 seconds)
0.89/1.02	['length', 'sub']: UNSAT (0.023 seconds)
1.03/1.05	['substr', 'substr']: UNSAT (0.039 seconds)
1.03/1.08	['substr', 'add']: UNSAT (0.034 seconds)
1.03/1.12	['substr', 'sub']: UNSAT (0.033 seconds)
1.13/1.15	['add', 'add']: UNSAT (0.031 seconds)
1.13/1.19	['add', 'sub']: UNSAT (0.030 seconds)
1.19/1.22	['sub', 'sub']: UNSAT (0.029 seconds)
1.19/1.24	['concat', 'concat', 'concat']: UNSAT (0.192 seconds)
1.39/1.44	['concat', 'concat', 'index']: UNSAT (0.049 seconds)
1.39/1.49	['concat', 'concat', 'length']: UNSAT (0.040 seconds)
1.49/1.53	['concat', 'concat', 'substr']: UNSAT (0.845 seconds)
2.29/2.37	['concat', 'concat', 'add']: UNSAT (0.041 seconds)
2.39/2.41	['concat', 'concat', 'sub']: UNSAT (0.041 seconds)
2.39/2.46	['concat', 'index', 'index']: UNSAT (0.055 seconds)
2.49/2.51	['concat', 'index', 'length']: UNSAT (0.044 seconds)
2.49/2.56	['concat', 'index', 'substr']: UNSAT (3.075 seconds)
5.59/5.63	['concat', 'index', 'add']: UNSAT (0.046 seconds)
5.59/5.68	['concat', 'index', 'sub']: UNSAT (0.046 seconds)
5.69/5.72	['concat', 'length', 'length']: UNSAT (0.033 seconds)
5.69/5.76	['concat', 'length', 'substr']: UNSAT (0.462 seconds)
6.19/6.22	['concat', 'length', 'add']: UNSAT (0.034 seconds)
6.19/6.26	['concat', 'length', 'sub']: UNSAT (0.033 seconds)
6.19/6.29	['concat', 'substr', 'substr']: UNSAT (0.136 seconds)
6.39/6.43	['concat', 'substr', 'add']: UNSAT (0.218 seconds)
6.59/6.65	['concat', 'substr', 'sub']: UNSAT (0.061 seconds)
6.69/6.71	['concat', 'add', 'add']: UNSAT (0.042 seconds)
6.69/6.75	['concat', 'add', 'sub']: UNSAT (0.040 seconds)
6.69/6.79	['concat', 'sub', 'sub']: UNSAT (0.040 seconds)
6.79/6.83	['index', 'index', 'index']: UNSAT (0.059 seconds)
6.79/6.89	['index', 'index', 'length']: UNSAT (0.046 seconds)
6.89/6.94	['index', 'index', 'substr']: UNSAT (0.699 seconds)
7.59/7.64	['index', 'index', 'add']: UNSAT (0.052 seconds)
7.59/7.69	['index', 'index', 'sub']: UNSAT (0.048 seconds)
7.69/7.74	['index', 'length', 'length']: UNSAT (0.036 seconds)
7.69/7.78	['index', 'length', 'substr']: UNSAT (0.194 seconds)
7.89/7.97	['index', 'length', 'add']: UNSAT (0.040 seconds)
7.89/8.01	['index', 'length', 'sub']: UNSAT (0.040 seconds)
8.03/8.05	['index', 'substr', 'substr']: UNSAT (0.438 seconds)
8.39/8.49	['index', 'substr', 'add']: UNSAT (0.227 seconds)
8.69/8.72	['index', 'substr', 'sub']: UNSAT (0.295 seconds)
8.89/9.02	['index', 'add', 'add']: UNSAT (0.050 seconds)
9.03/9.07	['index', 'add', 'sub']: UNSAT (0.049 seconds)
9.03/9.12	['index', 'sub', 'sub']: UNSAT (0.050 seconds)
9.13/9.17	['length', 'length', 'length']: UNSAT (0.028 seconds)
9.13/9.20	['length', 'length', 'substr']: UNSAT (0.044 seconds)
9.19/9.24	['length', 'length', 'add']: UNSAT (0.031 seconds)
9.19/9.27	['length', 'length', 'sub']: UNSAT (0.031 seconds)
9.29/9.30	['length', 'substr', 'substr']: UNSAT (0.135 seconds)
9.39/9.44	['length', 'substr', 'add']: UNSAT (0.075 seconds)
9.49/9.52	['length', 'substr', 'sub']: UNSAT (0.073 seconds)
9.49/9.59	['length', 'add', 'add']: UNSAT (0.040 seconds)
9.59/9.63	['length', 'add', 'sub']: UNSAT (0.039 seconds)
9.59/9.67	['length', 'sub', 'sub']: UNSAT (0.039 seconds)
9.69/9.71	['substr', 'substr', 'substr']: UNSAT (0.085 seconds)
9.69/9.80	['substr', 'substr', 'add']: UNSAT (0.068 seconds)
9.79/9.86	['substr', 'substr', 'sub']: UNSAT (0.069 seconds)
9.89/9.93	['substr', 'add', 'add']: UNSAT (0.082 seconds)
9.89/10.02	['substr', 'add', 'sub']: UNSAT (0.065 seconds)
10.03/10.08	['substr', 'sub', 'sub']: UNSAT (0.063 seconds)
10.13/10.15	['add', 'add', 'add']: UNSAT (0.045 seconds)
10.13/10.19	['add', 'add', 'sub']: UNSAT (0.047 seconds)
10.19/10.24	['add', 'sub', 'sub']: UNSAT (0.046 seconds)
10.19/10.29	['sub', 'sub', 'sub']: UNSAT (0.047 seconds)
10.29/10.33	['concat', 'concat', 'concat', 'concat']: UNSAT (0.352 seconds)
10.58/10.69	['concat', 'concat', 'concat', 'index']: UNSAT (0.074 seconds)
10.68/10.76	['concat', 'concat', 'concat', 'length']: UNSAT (0.061 seconds)
10.78/10.82	['concat', 'concat', 'concat', 'substr']: 