0.12/0.20	=== Examples (../../dataset/examples/examples-30.json)
0.12/0.20	IO(inputs=('outsystems.com',), output='outsystems')
0.12/0.20	IO(inputs=('cmu.edu',), output='cmu')
0.12/0.20	=== Library
0.12/0.20	concat
0.12/0.20	index
0.12/0.20	length
0.12/0.20	substr
0.12/0.20	add
0.12/0.20	sub
0.12/0.20	=== Synthesis
0.12/0.20	['concat']: UNSAT (0.027 seconds)
0.12/0.22	['index']: UNSAT (0.026 seconds)
0.12/0.25	['length']: UNSAT (0.019 seconds)
0.12/0.27	['substr']: UNSAT (0.028 seconds)
0.12/0.30	['add']: UNSAT (0.023 seconds)
0.29/0.32	['sub']: UNSAT (0.022 seconds)
0.29/0.35	['concat', 'concat']: UNSAT (0.044 seconds)
0.29/0.39	['concat', 'index']: UNSAT (0.043 seconds)
0.42/0.43	['concat', 'length']: UNSAT (0.033 seconds)
0.42/0.47	['concat', 'substr']: UNSAT (0.066 seconds)
0.50/0.54	['concat', 'add']: UNSAT (0.035 seconds)
0.56/0.57	['concat', 'sub']: UNSAT (0.035 seconds)
0.56/0.61	['index', 'index']: UNSAT (0.045 seconds)
0.62/0.65	['index', 'length']: UNSAT (0.026 seconds)
0.62/0.68	['index', 'substr']: SAT (0.397 seconds)
1.02/1.08	substr(arg0, 0, index(arg0, '.', 0))
