0.13/0.20	=== Examples (../../dataset/examples/examples-75.json)
0.13/0.20	IO(inputs=('Fusce sapien eros volutpat.',), output='Fusce...tpat.')
0.13/0.20	IO(inputs=('Sed condimentum at posuere.',), output='Sed c...uere.')
0.13/0.20	=== Library
0.13/0.20	concat
0.13/0.20	index
0.13/0.20	length
0.13/0.20	substr
0.13/0.20	add
0.13/0.20	sub
0.13/0.20	=== Synthesis
0.13/0.20	['concat']: UNSAT (0.027 seconds)
0.13/0.23	['index']: UNSAT (0.026 seconds)
0.13/0.25	['length']: UNSAT (0.019 seconds)
0.13/0.27	['substr']: UNSAT (0.043 seconds)
0.30/0.32	['add']: UNSAT (0.023 seconds)
0.30/0.34	['sub']: UNSAT (0.023 seconds)
0.30/0.36	['concat', 'concat']: UNSAT (0.045 seconds)
0.39/0.41	['concat', 'index']: UNSAT (0.042 seconds)
0.39/0.45	['concat', 'length']: UNSAT (0.032 seconds)
0.44/0.49	['concat', 'substr']: UNSAT (0.269 seconds)
0.69/0.76	['concat', 'add']: UNSAT (0.034 seconds)
0.69/0.79	['concat', 'sub']: UNSAT (0.028 seconds)
0.79/0.82	['index', 'index']: UNSAT (0.036 seconds)
0.79/0.86	['index', 'length']: UNSAT (0.039 seconds)
0.89/0.90	['index', 'substr']: UNSAT (1.728 seconds)
2.59/2.63	['index', 'add']: UNSAT (0.030 seconds)
2.59/2.66	['index', 'sub']: UNSAT (0.033 seconds)
2.59/2.69	['length', 'length']: UNSAT (0.020 seconds)
2.69/2.71	['length', 'substr']: UNSAT (0.062 seconds)
2.69/2.77	['length', 'add']: UNSAT (0.024 seconds)
2.79/2.80	['length', 'sub']: UNSAT (0.025 seconds)
2.79/2.82	['substr', 'substr']: UNSAT (0.039 seconds)
2.79/2.86	['substr', 'add']: UNSAT (0.042 seconds)
2.89/2.91	['substr', 'sub']: UNSAT (0.045 seconds)
2.89/2.95	['add', 'add']: UNSAT (0.029 seconds)
2.89/2.98	['add', 'sub']: UNSAT (0.030 seconds)
2.89/3.01	['sub', 'sub']: UNSAT (0.029 seconds)
3.03/3.04	['concat', 'concat', 'concat']: UNSAT (0.188 seconds)
3.19/3.23	['concat', 'concat', 'index']: UNSAT (0.049 seconds)
3.19/3.28	['concat', 'concat', 'length']: UNSAT (0.039 seconds)
3.29/3.32	['concat', 'concat', 'substr']: UNSAT (2.506 seconds)
5.79/5.83	['concat', 'concat', 'add']: UNSAT (0.040 seconds)
5.79/5.87	['concat', 'concat', 'sub']: UNSAT (0.040 seconds)
5.89/5.91	['concat', 'index', 'index']: UNSAT (0.052 seconds)
5.89/5.96	['concat', 'index', 'length']: UNSAT (0.043 seconds)
5.89/6.01	['concat', 'index', 'substr']: UNSAT (6.388 seconds)
12.28/12.39	['concat', 'index', 'add']: UNSAT (0.045 seconds)
12.38/12.44	['concat', 'index', 'sub']: UNSAT (0.044 seconds)
12.38/12.48	['concat', 'length', 'length']: UNSAT (0.032 seconds)
12.49/12.52	['concat', 'length', 'substr']: UNSAT (0.514 seconds)
12.89/13.03	['concat', 'length', 'add']: UNSAT (0.035 seconds)
13.03/13.07	['concat', 'length', 'sub']: UNSAT (0.034 seconds)
13.03/13.10	['concat', 'substr', 'substr']: UNSAT (0.595 seconds)
13.69/13.70	['concat', 'substr', 'add']: UNSAT (0.322 seconds)
13.89/14.02	['concat', 'substr', 'sub']: UNSAT (0.168 seconds)
14.13/14.19	['concat', 'add', 'add']: UNSAT (0.039 seconds)
14.19/14.23	['concat', 'add', 'sub']: UNSAT (0.039 seconds)
14.19/14.27	['concat', 'sub', 'sub']: UNSAT (0.040 seconds)
14.29/14.31	['index', 'index', 'index']: UNSAT (0.058 seconds)
14.29/14.37	['index', 'index', 'length']: UNSAT (0.045 seconds)
14.39/14.42	['index', 'index', 'substr']: UNSAT (0.983 seconds)
15.39/15.40	['index', 'index', 'add']: UNSAT (0.049 seconds)
15.39/15.45	['index', 'index', 'sub']: UNSAT (0.049 seconds)
15.49/15.50	['index', 'length', 'length']: UNSAT (0.035 seconds)
15.49/15.54	['index', 'length', 'substr']: UNSAT (0.175 seconds)
15.69/15.71	['index', 'length', 'add']: UNSAT (0.040 seconds)
15.69/15.75	['index', 'length', 'sub']: UNSAT (0.039 seconds)
15.69/15.79	['index', 'substr', 'substr']: UNSAT (0.984 seconds)
16.69/16.78	['index', 'substr', 'add']: UNSAT (0.203 seconds)
16.89/16.98	['index', 'substr', 'sub']: UNSAT (0.187 seconds)
17.13/17.17	['index', 'add', 'add']: UNSAT (0.049 seconds)
17.19/17.22	['index', 'add', 'sub']: UNSAT (0.049 seconds)
17.19/17.27	['index', 'sub', 'sub']: UNSAT (0.048 seconds)
17.29/17.32	['length', 'length', 'length']: UNSAT (0.027 seconds)
17.29/17.34	['length', 'length', 'substr']: UNSAT (0.043 seconds)
17.29/17.39	['length', 'length', 'add']: UNSAT (0.031 seconds)
17.39/17.42	['length', 'length', 'sub']: UNSAT (0.031 seconds)
17.39/17.45	['length', 'substr', 'substr']: UNSAT (0.423 seconds)
17.79/17.88	['length', 'substr', 'add']: UNSAT (0.155 seconds)
17.89/18.03	['length', 'substr', 'sub']: UNSAT (0.096 seconds)
18.03/18.13	['length', 'add', 'add']: UNSAT (0.039 seconds)
18.13/18.17	['length', 'add', 'sub']: UNSAT (0.040 seconds)
18.19/18.21	['length', 'sub', 'sub']: UNSAT (0.037 seconds)
18.19/18.25	['substr', 'substr', 'substr']: UNSAT (0.078 seconds)
18.29/18.33	['substr', 'substr', 'add']: UNSAT (0.068 seconds)
18.29/18.39	['substr', 'substr', 'sub']: UNSAT (0.114 seconds)
18.49/18.51	['substr', 'add', 'add']: UNSAT (0.090 seconds)
18.59/18.60	['substr', 'add', 'sub']: UNSAT (0.079 seconds)
18.59/18.68	['substr', 'sub', 'sub']: UNSAT (0.075 seconds)
18.69/18.76	['add', 'add', 'add']: UNSAT (0.045 seconds)
18.79/18.80	['add', 'add', 'sub']: UNSAT (0.045 seconds)
18.79/18.85	['add', 'sub', 'sub']: UNSAT (0.045 seconds)
18.79/18.89	['sub', 'sub', 'sub']: UNSAT (0.044 seconds)
18.89/18.94	['concat', 'concat', 'concat', 'concat']: UNSAT (0.306 seconds)
19.19/19.25	['concat', 'concat', 'concat', 'index']: UNSAT (0.072 seconds)
19.29/19.32	['concat', 'concat', 'concat', 'length']: UNSAT (0.060 seconds)
19.29/19.38	['concat', 'concat', 'concat', 'substr']: UNSAT (333.343 seconds)
352.68/352.72	['concat', 'concat', 'concat', 'add']: UNSAT (0.061 seconds)
352.68/352.79	['concat', 'concat', 'concat', 'sub']: UNSAT (0.062 seconds)
352.78/352.85	['concat', 'concat', 'index', 'index']: UNSAT (0.075 seconds)
352.88/352.93	['concat', 'concat', 'index', 'length']: UNSAT (0.058 seconds)
352.88/352.98	['concat', 'concat', 'index', 'substr']: UNSAT (83.699 seconds)
436.58/436.68	['concat', 'concat', 'index', 'add']: UNSAT (0.065 seconds)
436.68/436.75	['concat', 'concat', 'index', 'sub']: UNSAT (0.063 seconds)
436.78/436.81	['concat', 'concat', 'length', 'length']: UNSAT (0.051 seconds)
436.78/436.87	['concat', 'concat', 'length', 'substr']: UNSAT (7.402 seconds)
444.21/444.27	['concat', 'concat', 'length', 'add']: UNSAT (0.049 seconds)
444.28/444.32	['concat', 'concat', 'length', 'sub']: UNSAT (0.051 seconds)
444.28/444.37	['concat', 'concat', 'substr', 'substr']: UNSAT (52.604 seconds)
496.88/496.98	['concat', 'concat', 'substr', 'add']: UNSAT (3.402 seconds)
500.28/500.38	['concat', 'concat', 'substr', 'sub']: UNSAT (1.263 seconds)
501.58/501.64	['concat', 'concat', 'add', 'add']: UNSAT (0.056 seconds)
501.68/501.70	['concat', 'concat', 'add', 'sub']: UNSAT (0.053 seconds)
501.68/501.75	['concat', 'concat', 'sub', 'sub']: UNSAT (0.057 seconds)
501.78/501.81	['concat', 'index', 'index', 'index']: UNSAT (0.080 seconds)
501.78/501.89	['concat', 'index', 'index', 'length']: UNSAT (0.067 seconds)
501.88/501.96	['concat', 'index', 'index', 'substr']: UNSAT (16.863 seconds)
518.78/518.83	['concat', 'index', 'index', 'add']: UNSAT (0.070 seconds)
518.88/518.90	['concat', 'index', 'index', 'sub']: UNSAT (0.067 seconds)
518.88/518.96	['concat', 'index', 'length', 'length']: UNSAT (0.050 seconds)
518.98/519.02	['concat', 'index', 'length', 'substr']: UNSAT (3.340 seconds)
522.28/522.36	['concat', 'index', 'length', 'add']: UNSAT (0.057 seconds)
522.38/522.41	['concat', 'index', 'length', 'sub']: UNSAT (0.062 seconds)
522.38/522.48	['concat', 'index', 'substr', 'substr']: UNSAT (28.462 seconds)
550.88/550.94	['concat', 'index', 'substr', 'add']: UNSAT (3.808 seconds)
554.68/554.75	['concat', 'index', 'substr', 'sub']: UNSAT (4.108 seconds)
558.78/558.86	['concat', 'index', 'add', 'add']: UNSAT (0.064 seconds)
558.88/558.92	['concat', 'index', 'add', 'sub']: UNSAT (0.061 seconds)
558.88/558.99	['concat', 'index', 'sub', 'sub']: UNSAT (0.062 seconds)
558.98/559.05	['concat', 'length', 'length', 'length']: UNSAT (0.045 seconds)
558.98/559.09	['concat', 'length', 'length', 'substr']: UNSAT (0.133 seconds)
559.20/559.23	['concat', 'length', 'length', 'add']: UNSAT (0.041 seconds)
559.20/559.27	['concat', 'length', 'length', 'sub']: UNSAT (0.046 seconds)
559.28/559.32	['concat', 'length', 'substr', 'substr']: UNSAT (8.230 seconds)
567.48/567.55	['concat', 'length', 'substr', 'add']: UNSAT (1.814 seconds)
569.28/569.36	['concat', 'length', 'substr', 'sub']: UNSAT (1.372 seconds)
570.68/570.74	['concat', 'length', 'add', 'add']: UNSAT (0.048 seconds)
570.68/570.78	['concat', 'length', 'add', 'sub']: UNSAT (0.049 seconds)
570.78/570.83	['concat', 'length', 'sub', 'sub']: UNSAT (0.047 seconds)
570.78/570.88	['concat', 'substr', 'substr', 'substr']: UNSAT (1.512 seconds)
572.28/572.39	['concat', 'substr', 'substr', 'add']: UNSAT (2.708 seconds)
574.98/575.10	['concat', 'substr', 'substr', 'sub']: UNSAT (2.369 seconds)
577.38/577.47	['concat', 'substr', 'add', 'add']: UNSAT (1.158 seconds)
578.58/578.63	['concat', 'substr', 'add', 'sub']: UNSAT (0.551 seconds)
579.11/579.18	['concat', 'substr', 'sub', 'sub']: UNSAT (0.758 seconds)
579.88/579.94	['concat', 'add', 'add', 'add']: UNSAT (0.060 seconds)
579.98/580.00	['concat', 'add', 'add', 'sub']: UNSAT (0.063 seconds)
579.98/580.07	['concat', 'add', 'sub', 'sub']: UNSAT (0.060 seconds)
579.98/580.13	['concat', 'sub', 'sub', 'sub']: UNSAT (0.061 seconds)
580.12/580.19	['index', 'index', 'index', 'index']: UNSAT (0.085 seconds)
580.22/580.28	['index', 'index', 'index', 'length']: UNSAT (0.070 seconds)
580.28/580.35	['index', 'index', 'index', 'substr']: UNSAT (1.025 seconds)
581.28/581.37	['index', 'index', 'index', 'add']: UNSAT (0.081 seconds)
581.38/581.45	['index', 'index', 'index', 'sub']: UNSAT (0.079 seconds)
581.48/581.53	['index', 'index', 'length', 'length']: UNSAT (0.060 seconds)
581.48/581.59	['index', 'index', 'length', 'substr']: UNSAT (0.764 seconds)
582.28/582.36	['index', 'index', 'length', 'add']: UNSAT (0.059 seconds)
582.38/582.42	['index', 'index', 'length', 'sub']: UNSAT (0.065 seconds)
582.38/582.49	['index', 'index', 'substr', 'substr']: UNSAT (6.288 seconds)
588.68/588.77	['index', 'index', 'substr', 'add']: UNSAT (0.767 seconds)
589.48/589.54	['index', 'index', 'substr', 'sub']: UNSAT (0.348 seconds)
589.78/589.89	['index', 'index', 'add', 'add']: UNSAT (0.071 seconds)
589.88/589.96	['index', 'index', 'add', 'sub']: UNSAT (0.072 seconds)
589.98/590.04	['index', 'index', 'sub', 'sub']: UNSAT (0.074 seconds)
589.98/590.11	['index', 'length', 'length', 'length']: UNSAT (0.048 seconds)
590.12/590.16	['index', 'length', 'length', 'substr']: UNSAT (0.816 seconds)
590.88/590.98	['index', 'length', 'length', 'add']: UNSAT (0.048 seconds)
590.98/591.03	['index', 'length', 'length', 'sub']: UNSAT (0.050 seconds)
590.98/591.08	['index', 'length', 'substr', 'substr']: UNSAT (3.465 seconds)
594.48/594.54	['index', 'length', 'substr', 'add']: UNSAT (0.319 seconds)
594.78/594.86	['index', 'length', 'substr', 'sub']: UNSAT (0.276 seconds)
595.11/595.14	['index', 'length', 'add', 'add']: UNSAT (0.059 seconds)
595.11/595.20	['index', 'length', 'add', 'sub']: UNSAT (0.059 seconds)
595.21/595.26	['index', 'length', 'sub', 'sub']: UNSAT (0.062 seconds)
595.28/595.32	['index', 'substr', 'substr', 'substr']: UNSAT (2.479 seconds)
597.78/597.80	['index', 'substr', 'substr', 'add']: 