0.12/0.17	=== Examples (../../dataset/examples/examples-39.json)
0.12/0.17	IO(inputs=('who cares about when',), output='Created on who cares about ')
0.12/0.17	IO(inputs=('maybe someone will care',), output='Created on maybe someone wi')
0.12/0.17	=== Library
0.12/0.17	concat
0.12/0.17	index
0.12/0.17	length
0.12/0.17	substr
0.12/0.17	add
0.12/0.17	sub
0.12/0.17	=== Synthesis
0.12/0.17	['concat']: UNSAT (0.020 seconds)
0.12/0.19	['index']: UNSAT (0.021 seconds)
0.12/0.21	['length']: UNSAT (0.015 seconds)
0.12/0.23	['substr']: UNSAT (0.021 seconds)
0.12/0.25	['add']: UNSAT (0.017 seconds)
0.12/0.27	['sub']: UNSAT (0.017 seconds)
0.27/0.29	['concat', 'concat']: UNSAT (0.061 seconds)
0.27/0.35	['concat', 'index']: UNSAT (0.038 seconds)
0.36/0.39	['concat', 'length']: UNSAT (0.028 seconds)
0.36/0.42	['concat', 'substr']: UNSAT (0.065 seconds)
0.46/0.48	['concat', 'add']: UNSAT (0.030 seconds)
0.46/0.51	['concat', 'sub']: UNSAT (0.025 seconds)
0.46/0.54	['index', 'index']: UNSAT (0.036 seconds)
0.46/0.57	['index', 'length']: UNSAT (0.027 seconds)
0.56/0.60	['index', 'substr']: UNSAT (0.040 seconds)
0.63/0.64	['index', 'add']: UNSAT (0.029 seconds)
0.63/0.67	['index', 'sub']: UNSAT (0.030 seconds)
0.63/0.70	['length', 'length']: UNSAT (0.019 seconds)
0.70/0.72	['length', 'substr']: UNSAT (0.028 seconds)
0.70/0.75	['length', 'add']: UNSAT (0.021 seconds)
0.70/0.77	['length', 'sub']: UNSAT (0.024 seconds)
0.78/0.80	['substr', 'substr']: UNSAT (0.040 seconds)
0.78/0.84	['substr', 'add']: UNSAT (0.034 seconds)
0.78/0.87	['substr', 'sub']: UNSAT (0.034 seconds)
0.88/0.91	['add', 'add']: UNSAT (0.027 seconds)
0.88/0.93	['add', 'sub']: UNSAT (0.030 seconds)
0.88/0.96	['sub', 'sub']: UNSAT (0.030 seconds)
0.88/1.00	['concat', 'concat', 'concat']: UNSAT (0.553 seconds)
1.48/1.55	['concat', 'concat', 'index']: UNSAT (0.047 seconds)
1.58/1.60	['concat', 'concat', 'length']: UNSAT (0.040 seconds)
1.58/1.64	['concat', 'concat', 'substr']: UNSAT (0.469 seconds)
2.01/2.11	['concat', 'concat', 'add']: UNSAT (0.039 seconds)
2.12/2.15	['concat', 'concat', 'sub']: UNSAT (0.041 seconds)
2.12/2.19	['concat', 'index', 'index']: UNSAT (0.050 seconds)
2.18/2.24	['concat', 'index', 'length']: UNSAT (0.042 seconds)
2.18/2.28	['concat', 'index', 'substr']: UNSAT (0.192 seconds)
2.38/2.48	['concat', 'index', 'add']: UNSAT (0.044 seconds)
2.48/2.52	['concat', 'index', 'sub']: UNSAT (0.041 seconds)
2.48/2.56	['concat', 'length', 'length']: UNSAT (0.029 seconds)
2.48/2.59	['concat', 'length', 'substr']: UNSAT (0.093 seconds)
2.58/2.69	['concat', 'length', 'add']: UNSAT (0.034 seconds)
2.69/2.72	['concat', 'length', 'sub']: UNSAT (0.035 seconds)
2.69/2.76	['concat', 'substr', 'substr']: UNSAT (0.111 seconds)
2.78/2.87	['concat', 'substr', 'add']: UNSAT (0.066 seconds)
2.88/2.94	['concat', 'substr', 'sub']: UNSAT (0.079 seconds)
2.88/3.02	['concat', 'add', 'add']: UNSAT (0.041 seconds)
3.02/3.06	['concat', 'add', 'sub']: UNSAT (0.037 seconds)
3.02/3.09	['concat', 'sub', 'sub']: UNSAT (0.038 seconds)
3.02/3.13	['index', 'index', 'index']: UNSAT (0.054 seconds)
3.13/3.19	['index', 'index', 'length']: UNSAT (0.042 seconds)
3.18/3.23	['index', 'index', 'substr']: UNSAT (0.061 seconds)
3.18/3.29	['index', 'index', 'add']: UNSAT (0.049 seconds)
3.28/3.34	['index', 'index', 'sub']: UNSAT (0.047 seconds)
3.28/3.39	['index', 'length', 'length']: UNSAT (0.042 seconds)
3.38/3.43	['index', 'length', 'substr']: UNSAT (0.053 seconds)
3.38/3.49	['index', 'length', 'add']: UNSAT (0.043 seconds)
3.48/3.53	['index', 'length', 'sub']: UNSAT (0.041 seconds)
3.48/3.57	['index', 'substr', 'substr']: UNSAT (0.109 seconds)
3.58/3.68	['index', 'substr', 'add']: UNSAT (0.056 seconds)
3.69/3.74	['index', 'substr', 'sub']: UNSAT (0.053 seconds)
3.69/3.79	['index', 'add', 'add']: UNSAT (0.047 seconds)
3.78/3.84	['index', 'add', 'sub']: UNSAT (0.048 seconds)
3.78/3.89	['index', 'sub', 'sub']: UNSAT (0.047 seconds)
3.88/3.94	['length', 'length', 'length']: UNSAT (0.024 seconds)
3.88/3.96	['length', 'length', 'substr']: UNSAT (0.038 seconds)
3.88/4.00	['length', 'length', 'add']: UNSAT (0.029 seconds)
3.88/4.03	['length', 'length', 'sub']: UNSAT (0.031 seconds)
4.02/4.06	['length', 'substr', 'substr']: UNSAT (0.059 seconds)
4.02/4.12	['length', 'substr', 'add']: UNSAT (0.042 seconds)
4.13/4.16	['length', 'substr', 'sub']: UNSAT (0.044 seconds)
4.18/4.21	['length', 'add', 'add']: UNSAT (0.034 seconds)
4.18/4.24	['length', 'add', 'sub']: UNSAT (0.037 seconds)
4.18/4.28	['length', 'sub', 'sub']: UNSAT (0.035 seconds)
4.28/4.32	['substr', 'substr', 'substr']: UNSAT (0.069 seconds)
4.28/4.39	['substr', 'substr', 'add']: UNSAT (0.057 seconds)
4.38/4.44	['substr', 'substr', 'sub']: UNSAT (0.053 seconds)
4.48/4.50	['substr', 'add', 'add']: UNSAT (0.057 seconds)
4.48/4.56	['substr', 'add', 'sub']: UNSAT (0.048 seconds)
4.58/4.60	['substr', 'sub', 'sub']: UNSAT (0.050 seconds)
4.58/4.66	['add', 'add', 'add']: UNSAT (0.043 seconds)
4.58/4.70	['add', 'add', 'sub']: UNSAT (0.045 seconds)
4.69/4.75	['add', 'sub', 'sub']: UNSAT (0.044 seconds)
4.69/4.79	['sub', 'sub', 'sub']: UNSAT (0.048 seconds)
4.78/4.84	['concat', 'concat', 'concat', 'concat']: UNSAT (143.160 seconds)
147.88/148.00	['concat', 'concat', 'concat', 'index']: UNSAT (0.069 seconds)
148.01/148.07	['concat', 'concat', 'concat', 'length']: UNSAT (0.063 seconds)
148.11/148.13	['concat', 'concat', 'concat', 'substr']: UNSAT (119.861 seconds)
267.88/268.00	['concat', 'concat', 'concat', 'add']: UNSAT (0.062 seconds)
268.01/268.06	['concat', 'concat', 'concat', 'sub']: UNSAT (0.059 seconds)
268.01/268.12	['concat', 'concat', 'index', 'index']: UNSAT (0.079 seconds)
268.18/268.20	['concat', 'concat', 'index', 'length']: UNSAT (0.061 seconds)
268.18/268.26	['concat', 'concat', 'index', 'substr']: UNSAT (78.682 seconds)
346.88/346.95	['concat', 'concat', 'index', 'add']: UNSAT (0.064 seconds)
346.88/347.01	['concat', 'concat', 'index', 'sub']: UNSAT (0.064 seconds)
347.01/347.08	['concat', 'concat', 'length', 'length']: UNSAT (0.053 seconds)
347.01/347.13	['concat', 'concat', 'length', 'substr']: UNSAT (4.414 seconds)
351.48/351.55	['concat', 'concat', 'length', 'add']: UNSAT (0.051 seconds)
351.58/351.60	['concat', 'concat', 'length', 'sub']: UNSAT (0.051 seconds)
351.58/351.65	['concat', 'concat', 'substr', 'substr']: UNSAT (2.146 seconds)
353.68/353.80	['concat', 'concat', 'substr', 'add']: UNSAT (2.686 seconds)
356.38/356.48	['concat', 'concat', 'substr', 'sub']: UNSAT (1.826 seconds)
358.28/358.31	['concat', 'concat', 'add', 'add']: UNSAT (0.058 seconds)
358.28/358.37	['concat', 'concat', 'add', 'sub']: UNSAT (0.056 seconds)
358.38/358.42	['concat', 'concat', 'sub', 'sub']: UNSAT (0.055 seconds)
358.38/358.48	['concat', 'index', 'index', 'index']: UNSAT (0.079 seconds)
358.48/358.56	['concat', 'index', 'index', 'length']: UNSAT (0.066 seconds)
358.58/358.63	['concat', 'index', 'index', 'substr']: UNSAT (1.025 seconds)
359.58/359.65	['concat', 'index', 'index', 'add']: UNSAT (0.070 seconds)
359.68/359.72	['concat', 'index', 'index', 'sub']: UNSAT (0.069 seconds)
359.68/359.79	['concat', 'index', 'length', 'length']: UNSAT (0.052 seconds)
359.78/359.85	['concat', 'index', 'length', 'substr']: UNSAT (0.382 seconds)
360.18/360.23	['concat', 'index', 'length', 'add']: UNSAT (0.059 seconds)
360.18/360.29	['concat', 'index', 'length', 'sub']: UNSAT (0.058 seconds)
360.28/360.35	['concat', 'index', 'substr', 'substr']: UNSAT (2.413 seconds)
362.68/362.76	['concat', 'index', 'substr', 'add']: UNSAT (0.674 seconds)
363.38/363.44	['concat', 'index', 'substr', 'sub']: UNSAT (0.577 seconds)
363.88/364.02	['concat', 'index', 'add', 'add']: UNSAT (0.065 seconds)
364.01/364.08	['concat', 'index', 'add', 'sub']: UNSAT (0.064 seconds)
364.12/364.15	['concat', 'index', 'sub', 'sub']: UNSAT (0.063 seconds)
364.18/364.21	['concat', 'length', 'length', 'length']: UNSAT (0.043 seconds)
364.18/364.26	['concat', 'length', 'length', 'substr']: UNSAT (0.110 seconds)
364.28/364.37	['concat', 'length', 'length', 'add']: UNSAT (0.048 seconds)
364.38/364.41	['concat', 'length', 'length', 'sub']: UNSAT (0.044 seconds)
364.38/364.46	['concat', 'length', 'substr', 'substr']: UNSAT (1.656 seconds)
366.00/366.12	['concat', 'length', 'substr', 'add']: UNSAT (0.291 seconds)
366.38/366.41	['concat', 'length', 'substr', 'sub']: UNSAT (0.259 seconds)
366.58/366.67	['concat', 'length', 'add', 'add']: UNSAT (0.057 seconds)
366.68/366.73	['concat', 'length', 'add', 'sub']: UNSAT (0.054 seconds)
366.68/366.78	['concat', 'length', 'sub', 'sub']: UNSAT (0.054 seconds)
366.78/366.84	['concat', 'substr', 'substr', 'substr']: UNSAT (0.447 seconds)
367.18/367.28	['concat', 'substr', 'substr', 'add']: UNSAT (0.351 seconds)
367.58/367.64	['concat', 'substr', 'substr', 'sub']: UNSAT (0.663 seconds)
368.28/368.30	['concat', 'substr', 'add', 'add']: UNSAT (0.287 seconds)
368.48/368.59	['concat', 'substr', 'add', 'sub']: UNSAT (0.197 seconds)
368.68/368.79	['concat', 'substr', 'sub', 'sub']: UNSAT (0.286 seconds)
369.01/369.07	['concat', 'add', 'add', 'add']: UNSAT (0.061 seconds)
369.01/369.13	['concat', 'add', 'add', 'sub']: UNSAT (0.060 seconds)
369.18/369.20	['concat', 'add', 'sub', 'sub']: UNSAT (0.060 seconds)
369.18/369.26	['concat', 'sub', 'sub', 'sub']: UNSAT (0.060 seconds)
369.28/369.32	['index', 'index', 'index', 'index']: UNSAT (0.084 seconds)
369.38/369.40	['index', 'index', 'index', 'length']: UNSAT (0.069 seconds)
369.38/369.47	['index', 'index', 'index', 'substr']: UNSAT (0.125 seconds)
369.58/369.60	['index', 'index', 'index', 'add']: UNSAT (0.079 seconds)
369.58/369.68	['index', 'index', 'index', 'sub']: UNSAT (0.080 seconds)
369.68/369.76	['index', 'index', 'length', 'length']: UNSAT (0.056 seconds)
369.78/369.82	['index', 'index', 'length', 'substr']: UNSAT (0.082 seconds)
369.88/369.90	['index', 'index', 'length', 'add']: UNSAT (0.062 seconds)
369.88/369.96	['index', 'index', 'length', 'sub']: UNSAT (0.062 seconds)
369.88/370.03	['index', 'index', 'substr', 'substr']: UNSAT (0.326 seconds)
370.28/370.35	['index', 'index', 'substr', 'add']: UNSAT (0.132 seconds)
370.38/370.48	['index', 'index', 'substr', 'sub']: UNSAT (0.130 seconds)
370.58/370.62	['index', 'index', 'add', 'add']: UNSAT (0.073 seconds)
370.58/370.69	['index', 'index', 'add', 'sub']: UNSAT (0.074 seconds)
370.68/370.76	['index', 'index', 'sub', 'sub']: UNSAT (0.074 seconds)
370.78/370.84	['index', 'length', 'length', 'length']: UNSAT (0.045 seconds)
370.78/370.88	['index', 'length', 'length', 'substr']: UNSAT (0.064 seconds)
370.88/370.95	['index', 'length', 'length', 'add']: UNSAT (0.049 seconds)
370.88/371.00	['index', 'length', 'length', 'sub']: UNSAT (0.049 seconds)
371.00/371.05	['index', 'length', 'substr', 'substr']: UNSAT (0.093 seconds)
371.11/371.14	['index', 'length', 'substr', 'add']: UNSAT (0.094 seconds)
371.18/371.24	['index', 'length', 'substr', 'sub']: UNSAT (0.078 seconds)
371.28/371.32	['index', 'length', 'add', 'add']: UNSAT (0.058 seconds)
371.28/371.38	['index', 'length', 'add', 'sub']: UNSAT (0.058 seconds)
371.38/371.44	['index', 'length', 'sub', 'sub']: UNSAT (0.057 seconds)
371.38/371.49	['index', 'substr', 'substr', 'substr']: UNSAT (0.170 seconds)
371.58/371.67	['index', 'substr', 'substr', 'add']: UNSAT (0.105 seconds)
371.68/371.77	['index', 'substr', 'substr', 'sub']: UNSAT (0.108 seconds)
371.78/371.88	['index', 'substr', 'add', 'add']: UNSAT (0.092 seconds)
371.88/371.97	['index', 'substr', 'add', 'sub']: UNSAT (0.100 seconds)
372.01/372.07	['index', 'substr', 'sub', 'sub']: UNSAT (0.090 seconds)
372.12/372.17	['index', 'add', 'add', 'add']: UNSAT (0.074 seconds)
372.18/372.24	['index', 'add', 'add', 'sub']: UNSAT (0.072 seconds)
372.28/372.31	['index', 'add', 'sub', 'sub']: UNSAT (0.071 seconds)
372.28/372.39	['index', 'sub', 'sub', 'sub']: UNSAT (0.073 seconds)
372.38/372.46	['length', 'length', 'length', 'length']: UNSAT (0.034 seconds)
372.38/372.50	['length', 'length', 'length', 'substr']: UNSAT (0.046 seconds)
372.48/372.54	['length', 'length', 'length', 'add']: UNSAT (0.038 seconds)
372.48/372.58	['length', 'length', 'length', 'sub']: UNSAT (0.038 seconds)
372.58/372.62	['length', 'length', 'substr', 'substr']: UNSAT (0.090 seconds)
372.68/372.71	['length', 'length', 'substr', 'add']: UNSAT (0.058 seconds)
372.68/372.77	['length', 'length', 'substr', 'sub']: UNSAT (0.062 seconds)
372.78/372.83	['length', 'length', 'add', 'add']: UNSAT (0.045 seconds)
372.78/372.88	['length', 'length', 'add', 'sub']: UNSAT (0.046 seconds)
372.88/372.92	['length', 'length', 'sub', 'sub']: UNSAT (0.045 seconds)
372.88/372.97	['length', 'substr', 'substr', 'substr']: UNSAT (0.144 seconds)
373.01/373.12	['length', 'substr', 'substr', 'add']: UNSAT (0.092 seconds)
373.18/373.21	['length', 'substr', 'substr', 'sub']: UNSAT (0.093 seconds)
373.28/373.30	['length', 'substr', 'add', 'add']: UNSAT (0.076 seconds)
373.28/373.38	['length', 'substr', 'add', 'sub']: UNSAT (0.069 seconds)
373.38/373.45	['length', 'substr', 'sub', 'sub']: UNSAT (0.072 seconds)
373.48/373.52	['length', 'add', 'add', 'add']: UNSAT (0.057 seconds)
373.48/373.58	['length', 'add', 'add', 'sub']: UNSAT (0.059 seconds)
373.58/373.64	['length', 'add', 'sub', 'sub']: UNSAT (0.056 seconds)
373.68/373.70	['length', 'sub', 'sub', 'sub']: UNSAT (0.059 seconds)
373.68/373.76	['substr', 'substr', 'substr', 'substr']: UNSAT (0.132 seconds)
373.78/373.89	['substr', 'substr', 'substr', 'add']: UNSAT (0.099 seconds)
373.88/373.99	['substr', 'substr', 'substr', 'sub']: UNSAT (0.099 seconds)
374.01/374.09	['substr', 'substr', 'add', 'add']: UNSAT (0.092 seconds)
374.11/374.18	['substr', 'substr', 'add', 'sub']: UNSAT (0.083 seconds)
374.18/374.27	['substr', 'substr', 'sub', 'sub']: UNSAT (0.081 seconds)
374.28/374.35	['substr', 'add', 'add', 'add']: UNSAT (0.081 seconds)
374.38/374.43	['substr', 'add', 'add', 'sub']: UNSAT (0.074 seconds)
374.48/374.51	['substr', 'add', 'sub', 'sub']: UNSAT (0.073 seconds)
374.48/374.58	['substr', 'sub', 'sub', 'sub']: UNSAT (0.074 seconds)
374.58/374.65	['add', 'add', 'add', 'add']: UNSAT (0.066 seconds)
374.68/374.72	['add', 'add', 'add', 'sub']: UNSAT (0.066 seconds)
374.68/374.79	['add', 'add', 'sub', 'sub']: UNSAT (0.069 seconds)
374.78/374.86	['add', 'sub', 'sub', 'sub']: UNSAT (0.069 seconds)
374.88/374.93	['sub', 'sub', 'sub', 'sub']: UNSAT (0.071 seconds)
374.88/375.00	['concat', 'concat', 'concat', 'concat', 'concat']: 