0.14/0.19	=== Examples (../../dataset/examples/examples-20.json)
0.14/0.19	IO(inputs=('In+hac+habitasse+platea+dictumst.+Sed+dapibus+sit+amet+neque+gravida+sed.',), output='In hac habitasse platea dictumst. Sed dapibus')
0.14/0.19	IO(inputs=('Maecenas+mattis+nec+orci+a+luctus.+Maecenas+metus.',), output='Maecenas mattis nec orci a luctus. Maecenas m')
0.14/0.19	=== Library
0.14/0.19	concat
0.14/0.19	index
0.14/0.19	length
0.14/0.19	substr
0.14/0.19	add
0.14/0.19	sub
0.14/0.19	=== Synthesis
0.14/0.19	['concat']: UNSAT (0.027 seconds)
0.14/0.22	['index']: UNSAT (0.025 seconds)
0.14/0.24	['length']: UNSAT (0.019 seconds)
0.14/0.26	['substr']: UNSAT (0.030 seconds)
0.28/0.29	['add']: UNSAT (0.025 seconds)
0.28/0.32	['sub']: UNSAT (0.022 seconds)
0.28/0.34	['concat', 'concat']: UNSAT (0.048 seconds)
0.37/0.39	['concat', 'index']: UNSAT (0.043 seconds)
0.37/0.44	['concat', 'length']: UNSAT (0.032 seconds)
0.37/0.47	['concat', 'substr']: UNSAT (0.182 seconds)
0.63/0.65	['concat', 'add']: UNSAT (0.027 seconds)
0.63/0.68	['concat', 'sub']: UNSAT (0.028 seconds)
0.68/0.71	['index', 'index']: UNSAT (0.033 seconds)
0.68/0.74	['index', 'length']: UNSAT (0.024 seconds)
0.68/0.76	['index', 'substr']: UNSAT (0.246 seconds)
0.88/1.01	['index', 'add']: UNSAT (0.033 seconds)
1.03/1.04	['index', 'sub']: UNSAT (0.028 seconds)
1.03/1.07	['length', 'length']: UNSAT (0.022 seconds)
1.03/1.09	['length', 'substr']: UNSAT (0.073 seconds)
1.13/1.17	['length', 'add']: UNSAT (0.024 seconds)
1.13/1.19	['length', 'sub']: UNSAT (0.023 seconds)
1.19/1.22	['substr', 'substr']: UNSAT (0.039 seconds)
1.19/1.26	['substr', 'add']: UNSAT (0.034 seconds)
1.19/1.29	['substr', 'sub']: UNSAT (0.071 seconds)
1.29/1.36	['add', 'add']: UNSAT (0.027 seconds)
1.29/1.39	['add', 'sub']: UNSAT (0.027 seconds)
1.39/1.42	['sub', 'sub']: UNSAT (0.029 seconds)
1.39/1.45	['concat', 'concat', 'concat']: UNSAT (0.495 seconds)
1.89/1.94	['concat', 'concat', 'index']: UNSAT (0.052 seconds)
1.89/1.99	['concat', 'concat', 'length']: UNSAT (0.042 seconds)
1.89/2.04	['concat', 'concat', 'substr']: UNSAT (6.124 seconds)
8.13/8.16	['concat', 'concat', 'add']: UNSAT (0.042 seconds)
8.19/8.20	['concat', 'concat', 'sub']: UNSAT (0.038 seconds)
8.19/8.24	['concat', 'index', 'index']: UNSAT (0.052 seconds)
8.29/8.30	['concat', 'index', 'length']: UNSAT (0.046 seconds)
8.29/8.34	['concat', 'index', 'substr']: UNSAT (13.036 seconds)
21.28/21.38	['concat', 'index', 'add']: UNSAT (0.045 seconds)
21.38/21.43	['concat', 'index', 'sub']: UNSAT (0.045 seconds)
21.38/21.47	['concat', 'length', 'length']: UNSAT (0.036 seconds)
21.48/21.51	['concat', 'length', 'substr']: UNSAT (0.850 seconds)
22.28/22.36	['concat', 'length', 'add']: UNSAT (0.035 seconds)
22.28/22.39	['concat', 'length', 'sub']: UNSAT (0.035 seconds)
22.38/22.43	['concat', 'substr', 'substr']: UNSAT (0.170 seconds)
22.58/22.60	['concat', 'substr', 'add']: UNSAT (0.195 seconds)
22.78/22.80	['concat', 'substr', 'sub']: UNSAT (0.483 seconds)
23.18/23.28	['concat', 'add', 'add']: UNSAT (0.042 seconds)
23.28/23.32	['concat', 'add', 'sub']: UNSAT (0.042 seconds)
23.28/23.37	['concat', 'sub', 'sub']: UNSAT (0.043 seconds)
23.38/23.41	['index', 'index', 'index']: UNSAT (0.057 seconds)
23.38/23.47	['index', 'index', 'length']: UNSAT (0.048 seconds)
23.48/23.52	['index', 'index', 'substr']: UNSAT (2.282 seconds)
25.78/25.80	['index', 'index', 'add']: UNSAT (0.051 seconds)
25.78/25.85	['index', 'index', 'sub']: UNSAT (0.051 seconds)
25.88/25.90	['index', 'length', 'length']: UNSAT (0.035 seconds)
25.88/25.94	['index', 'length', 'substr']: UNSAT (0.205 seconds)
26.12/26.15	['index', 'length', 'add']: UNSAT (0.043 seconds)
26.12/26.19	['index', 'length', 'sub']: UNSAT (0.039 seconds)
26.18/26.23	['index', 'substr', 'substr']: UNSAT (0.486 seconds)
26.68/26.72	['index', 'substr', 'add']: UNSAT (0.201 seconds)
26.88/26.92	['index', 'substr', 'sub']: UNSAT (0.252 seconds)
27.12/27.17	['index', 'add', 'add']: UNSAT (0.048 seconds)
27.18/27.22	['index', 'add', 'sub']: UNSAT (0.050 seconds)
27.18/27.27	['index', 'sub', 'sub']: UNSAT (0.048 seconds)
27.28/27.32	['length', 'length', 'length']: UNSAT (0.029 seconds)
27.28/27.35	['length', 'length', 'substr']: UNSAT (0.045 seconds)
27.28/27.39	['length', 'length', 'add']: UNSAT (0.028 seconds)
27.38/27.42	['length', 'length', 'sub']: UNSAT (0.031 seconds)
27.38/27.45	['length', 'substr', 'substr']: UNSAT (0.405 seconds)
27.78/27.86	['length', 'substr', 'add']: UNSAT (0.146 seconds)
27.88/28.01	['length', 'substr', 'sub']: UNSAT (0.116 seconds)
28.02/28.12	['length', 'add', 'add']: UNSAT (0.036 seconds)
28.12/28.16	['length', 'add', 'sub']: UNSAT (0.036 seconds)
28.18/28.20	['length', 'sub', 'sub']: UNSAT (0.036 seconds)
28.18/28.23	['substr', 'substr', 'substr']: UNSAT (0.088 seconds)
28.28/28.32	['substr', 'substr', 'add']: UNSAT (0.068 seconds)
28.28/28.39	['substr', 'substr', 'sub']: UNSAT (0.120 seconds)
28.48/28.51	['substr', 'add', 'add']: UNSAT (0.071 seconds)
28.48/28.58	['substr', 'add', 'sub']: UNSAT (0.100 seconds)
28.58/28.69	['substr', 'sub', 'sub']: UNSAT (0.095 seconds)
28.68/28.78	['add', 'add', 'add']: UNSAT (0.043 seconds)
28.78/28.83	['add', 'add', 'sub']: UNSAT (0.044 seconds)
28.78/28.87	['add', 'sub', 'sub']: UNSAT (0.042 seconds)
28.88/28.91	['sub', 'sub', 'sub']: UNSAT (0.045 seconds)
28.88/28.96	['concat', 'concat', 'concat', 'concat']: UNSAT (0.420 seconds)
29.28/29.38	['concat', 'concat', 'concat', 'index']: UNSAT (0.074 seconds)
29.38/29.45	['concat', 'concat', 'concat', 'length']: UNSAT (0.064 seconds)
29.48/29.52	['concat', 'concat', 'concat', 'substr']: UNSAT (186.609 seconds)
216.02/216.13	['concat', 'concat', 'concat', 'add']: UNSAT (0.059 seconds)
216.12/216.19	['concat', 'concat', 'concat', 'sub']: UNSAT (0.063 seconds)
216.18/216.25	['concat', 'concat', 'index', 'index']: UNSAT (0.077 seconds)
216.28/216.33	['concat', 'concat', 'index', 'length']: UNSAT (0.060 seconds)
216.28/216.39	['concat', 'concat', 'index', 'substr']: UNSAT (343.111 seconds)
559.47/559.50	['concat', 'concat', 'index', 'add']: UNSAT (0.066 seconds)
559.47/559.57	['concat', 'concat', 'index', 'sub']: UNSAT (0.067 seconds)
559.57/559.64	['concat', 'concat', 'length', 'length']: UNSAT (0.053 seconds)
559.57/559.69	['concat', 'concat', 'length', 'substr']: UNSAT (16.053 seconds)
575.66/575.75	['concat', 'concat', 'length', 'add']: UNSAT (0.052 seconds)
575.76/575.80	['concat', 'concat', 'length', 'sub']: UNSAT (0.050 seconds)
575.76/575.85	['concat', 'concat', 'substr', 'substr']: UNSAT (17.493 seconds)
593.26/593.35	['concat', 'concat', 'substr', 'add']: UNSAT (4.141 seconds)
597.36/597.49	['concat', 'concat', 'substr', 'sub']: 