0.11/0.20	=== Examples (../../dataset/examples/examples-62.json)
0.11/0.20	IO(inputs=('1234: try this (hmm)',), output='try this')
0.11/0.20	IO(inputs=('ABCD: then that (ok)',), output='then that')
0.11/0.20	=== Library
0.11/0.20	concat
0.11/0.20	index
0.11/0.20	length
0.11/0.20	substr
0.11/0.20	add
0.11/0.20	sub
0.11/0.20	=== Synthesis
0.11/0.20	['concat']: UNSAT (0.027 seconds)
0.11/0.23	['index']: UNSAT (0.026 seconds)
0.11/0.25	['length']: UNSAT (0.019 seconds)
0.11/0.27	['substr']: UNSAT (0.029 seconds)
0.11/0.30	['add']: UNSAT (0.024 seconds)
0.28/0.33	['sub']: UNSAT (0.023 seconds)
0.28/0.35	['concat', 'concat']: UNSAT (0.046 seconds)
0.28/0.40	['concat', 'index']: UNSAT (0.043 seconds)
0.38/0.44	['concat', 'length']: UNSAT (0.034 seconds)
0.46/0.48	['concat', 'substr']: UNSAT (0.082 seconds)
0.46/0.56	['concat', 'add']: UNSAT (0.036 seconds)
0.55/0.60	['concat', 'sub']: UNSAT (0.036 seconds)
0.55/0.64	['index', 'index']: UNSAT (0.034 seconds)
0.63/0.67	['index', 'length']: UNSAT (0.025 seconds)
0.63/0.70	['index', 'substr']: UNSAT (1.284 seconds)
1.88/1.98	['index', 'add']: UNSAT (0.032 seconds)
1.88/2.01	['index', 'sub']: UNSAT (0.031 seconds)
2.00/2.04	['length', 'length']: UNSAT (0.019 seconds)
2.00/2.06	['length', 'substr']: UNSAT (0.031 seconds)
2.00/2.09	['length', 'add']: UNSAT (0.021 seconds)
2.00/2.12	['length', 'sub']: UNSAT (0.022 seconds)
2.00/2.14	['substr', 'substr']: UNSAT (0.037 seconds)
2.13/2.18	['substr', 'add']: UNSAT (0.034 seconds)
2.19/2.21	['substr', 'sub']: UNSAT (0.036 seconds)
2.19/2.25	['add', 'add']: UNSAT (0.028 seconds)
2.19/2.28	['add', 'sub']: UNSAT (0.028 seconds)
2.29/2.30	['sub', 'sub']: UNSAT (0.027 seconds)
2.29/2.33	['concat', 'concat', 'concat']: UNSAT (0.165 seconds)
2.49/2.50	['concat', 'concat', 'index']: UNSAT (0.050 seconds)
2.49/2.55	['concat', 'concat', 'length']: UNSAT (0.042 seconds)
2.49/2.59	['concat', 'concat', 'substr']: UNSAT (0.215 seconds)
2.79/2.81	['concat', 'concat', 'add']: UNSAT (0.038 seconds)
2.79/2.85	['concat', 'concat', 'sub']: UNSAT (0.038 seconds)
2.79/2.89	['concat', 'index', 'index']: UNSAT (0.052 seconds)
2.89/2.94	['concat', 'index', 'length']: UNSAT (0.043 seconds)
2.89/2.98	['concat', 'index', 'substr']: UNSAT (162.399 seconds)
165.28/165.39	['concat', 'index', 'add']: UNSAT (0.049 seconds)
165.38/165.43	['concat', 'index', 'sub']: UNSAT (0.048 seconds)
165.38/165.48	['concat', 'length', 'length']: UNSAT (0.034 seconds)
165.48/165.52	['concat', 'length', 'substr']: UNSAT (0.084 seconds)
165.58/165.60	['concat', 'length', 'add']: UNSAT (0.037 seconds)
165.58/165.64	['concat', 'length', 'sub']: UNSAT (0.035 seconds)
165.58/165.68	['concat', 'substr', 'substr']: UNSAT (0.156 seconds)
165.78/165.83	['concat', 'substr', 'add']: UNSAT (0.070 seconds)
165.88/165.90	['concat', 'substr', 'sub']: UNSAT (0.062 seconds)
165.88/165.97	['concat', 'add', 'add']: UNSAT (0.041 seconds)
165.88/166.01	['concat', 'add', 'sub']: UNSAT (0.041 seconds)
166.00/166.05	['concat', 'sub', 'sub']: UNSAT (0.040 seconds)
166.00/166.09	['index', 'index', 'index']: UNSAT (0.057 seconds)
166.12/166.15	['index', 'index', 'length']: UNSAT (0.046 seconds)
166.18/166.20	['index', 'index', 'substr']: UNSAT (98.479 seconds)
264.58/264.68	['index', 'index', 'add']: UNSAT (0.050 seconds)
264.68/264.73	['index', 'index', 'sub']: UNSAT (0.053 seconds)
264.68/264.78	['index', 'length', 'length']: UNSAT (0.037 seconds)
264.78/264.82	['index', 'length', 'substr']: UNKNOWN (47.395 seconds)
312.18/312.21	Reason: smt tactic failed to show goal to be sat/unsat max-conflicts-reached
312.18/312.21	Reason: smt tactic failed to show goal to be sat/unsat max-conflicts-reached
312.18/312.21	['index', 'length', 'add']: UNSAT (0.040 seconds)
312.18/312.26	['index', 'length', 'sub']: UNSAT (0.040 seconds)
312.18/312.30	['index', 'substr', 'substr']: UNSAT (5.431 seconds)
317.68/317.73	['index', 'substr', 'add']: UNSAT (34.542 seconds)
352.17/352.27	['index', 'substr', 'sub']: SAT (0.195 seconds)
352.37/352.47	substr(arg0, 6, sub(index(arg0, ' (', 6), 6))
