0.11/0.20	=== Examples (../../dataset/examples/examples-91.json)
0.11/0.20	IO(inputs=('George',), output='george')
0.11/0.20	IO(inputs=('Maebe',), output='maebe')
0.11/0.20	=== Library
0.11/0.20	concat
0.11/0.20	index
0.11/0.20	length
0.11/0.20	substr
0.11/0.20	add
0.11/0.20	sub
0.11/0.20	=== Synthesis
0.11/0.20	['concat']: UNSAT (0.026 seconds)
0.11/0.22	['index']: UNSAT (0.026 seconds)
0.11/0.25	['length']: UNSAT (0.019 seconds)
0.25/0.27	['substr']: UNSAT (0.029 seconds)
0.25/0.30	['add']: UNSAT (0.023 seconds)
0.25/0.32	['sub']: UNSAT (0.023 seconds)
0.25/0.35	['concat', 'concat']: UNSAT (0.045 seconds)
0.36/0.39	['concat', 'index']: UNSAT (0.042 seconds)
0.36/0.44	['concat', 'length']: UNSAT (0.033 seconds)
0.36/0.47	['concat', 'substr']: UNSAT (0.063 seconds)
0.46/0.53	['concat', 'add']: UNSAT (0.036 seconds)
0.46/0.57	['concat', 'sub']: UNSAT (0.029 seconds)
0.56/0.60	['index', 'index']: UNSAT (0.033 seconds)
0.56/0.63	['index', 'length']: UNSAT (0.028 seconds)
0.63/0.66	['index', 'substr']: UNSAT (0.044 seconds)
0.69/0.71	['index', 'add']: UNSAT (0.032 seconds)
0.69/0.74	['index', 'sub']: UNSAT (0.032 seconds)
0.69/0.77	['length', 'length']: UNSAT (0.019 seconds)
0.69/0.79	['length', 'substr']: UNSAT (0.031 seconds)
0.79/0.82	['length', 'add']: UNSAT (0.024 seconds)
0.79/0.85	['length', 'sub']: UNSAT (0.021 seconds)
0.79/0.87	['substr', 'substr']: UNSAT (0.038 seconds)
0.89/0.91	['substr', 'add']: UNSAT (0.034 seconds)
0.89/0.94	['substr', 'sub']: UNSAT (0.031 seconds)
0.89/0.98	['add', 'add']: UNSAT (0.031 seconds)
0.89/1.01	['add', 'sub']: UNSAT (0.029 seconds)
1.01/1.04	['sub', 'sub']: UNSAT (0.029 seconds)
1.01/1.07	['concat', 'concat', 'concat']: UNSAT (0.124 seconds)
1.12/1.19	['concat', 'concat', 'index']: UNSAT (0.048 seconds)
1.19/1.24	['concat', 'concat', 'length']: UNSAT (0.037 seconds)
1.19/1.28	['concat', 'concat', 'substr']: UNSAT (1.013 seconds)
2.18/2.29	['concat', 'concat', 'add']: UNSAT (0.042 seconds)
2.28/2.33	['concat', 'concat', 'sub']: UNSAT (0.046 seconds)
2.28/2.38	['concat', 'index', 'index']: UNSAT (0.056 seconds)
2.38/2.44	['concat', 'index', 'length']: UNSAT (0.040 seconds)
2.38/2.48	['concat', 'index', 'substr']: UNSAT (0.571 seconds)
3.01/3.05	['concat', 'index', 'add']: UNSAT (0.044 seconds)
3.01/3.09	['concat', 'index', 'sub']: UNSAT (0.043 seconds)
3.12/3.14	['concat', 'length', 'length']: UNSAT (0.033 seconds)
3.12/3.17	['concat', 'length', 'substr']: UNSAT (0.203 seconds)
3.28/3.37	['concat', 'length', 'add']: UNSAT (0.032 seconds)
3.38/3.41	['concat', 'length', 'sub']: UNSAT (0.037 seconds)
3.38/3.45	['concat', 'substr', 'substr']: UNSAT (0.108 seconds)
3.48/3.55	['concat', 'substr', 'add']: UNSAT (0.141 seconds)
3.58/3.70	['concat', 'substr', 'sub']: UNSAT (0.067 seconds)
3.68/3.76	['concat', 'add', 'add']: UNSAT (0.040 seconds)
3.78/3.80	['concat', 'add', 'sub']: UNSAT (0.040 seconds)
3.78/3.84	['concat', 'sub', 'sub']: UNSAT (0.036 seconds)
3.78/3.88	['index', 'index', 'index']: UNSAT (0.055 seconds)
3.88/3.94	['index', 'index', 'length']: UNSAT (0.044 seconds)
3.88/3.98	['index', 'index', 'substr']: UNSAT (0.087 seconds)
4.01/4.07	['index', 'index', 'add']: UNSAT (0.050 seconds)
4.01/4.12	['index', 'index', 'sub']: UNSAT (0.048 seconds)
4.15/4.17	['index', 'length', 'length']: UNSAT (0.036 seconds)
4.18/4.21	['index', 'length', 'substr']: UNSAT (0.053 seconds)
4.18/4.26	['index', 'length', 'add']: UNSAT (0.040 seconds)
4.28/4.30	['index', 'length', 'sub']: UNSAT (0.039 seconds)
4.28/4.34	['index', 'substr', 'substr']: UNSAT (0.074 seconds)
4.38/4.42	['index', 'substr', 'add']: UNSAT (0.059 seconds)
4.38/4.48	['index', 'substr', 'sub']: UNSAT (0.056 seconds)
4.48/4.53	['index', 'add', 'add']: UNSAT (0.048 seconds)
4.48/4.58	['index', 'add', 'sub']: UNSAT (0.044 seconds)
4.58/4.63	['index', 'sub', 'sub']: UNSAT (0.047 seconds)
4.58/4.68	['length', 'length', 'length']: UNSAT (0.029 seconds)
4.68/4.71	['length', 'length', 'substr']: UNSAT (0.041 seconds)
4.68/4.75	['length', 'length', 'add']: UNSAT (0.032 seconds)
4.68/4.78	['length', 'length', 'sub']: UNSAT (0.028 seconds)
4.78/4.81	['length', 'substr', 'substr']: UNSAT (0.062 seconds)
4.78/4.87	['length', 'substr', 'add']: UNSAT (0.040 seconds)
4.88/4.91	['length', 'substr', 'sub']: UNSAT (0.042 seconds)
4.88/4.96	['length', 'add', 'add']: UNSAT (0.035 seconds)
4.88/4.99	['length', 'add', 'sub']: UNSAT (0.036 seconds)
4.88/5.03	['length', 'sub', 'sub']: UNSAT (0.037 seconds)
5.01/5.07	['substr', 'substr', 'substr']: UNSAT (0.064 seconds)
5.01/5.13	['substr', 'substr', 'add']: UNSAT (0.055 seconds)
5.12/5.19	['substr', 'substr', 'sub']: UNSAT (0.054 seconds)
5.18/5.24	['substr', 'add', 'add']: UNSAT (0.050 seconds)
5.18/5.29	['substr', 'add', 'sub']: UNSAT (0.052 seconds)
5.28/5.35	['substr', 'sub', 'sub']: UNSAT (0.049 seconds)
5.28/5.39	['add', 'add', 'add']: UNSAT (0.043 seconds)
5.38/5.44	['add', 'add', 'sub']: UNSAT (0.045 seconds)
5.38/5.48	['add', 'sub', 'sub']: UNSAT (0.041 seconds)
5.48/5.53	['sub', 'sub', 'sub']: UNSAT (0.045 seconds)
5.48/5.57	['concat', 'concat', 'concat', 'concat']: UNSAT (7.198 seconds)
12.69/12.77	['concat', 'concat', 'concat', 'index']: UNSAT (0.071 seconds)
12.79/12.84	['concat', 'concat', 'concat', 'length']: UNSAT (0.059 seconds)
12.89/12.90	['concat', 'concat', 'concat', 'substr']: UNSAT (79.063 seconds)
91.88/91.97	['concat', 'concat', 'concat', 'add']: UNSAT (0.075 seconds)
91.88/92.04	['concat', 'concat', 'concat', 'sub']: UNSAT (0.064 seconds)
92.01/92.11	['concat', 'concat', 'index', 'index']: UNSAT (0.074 seconds)
92.14/92.18	['concat', 'concat', 'index', 'length']: UNSAT (0.063 seconds)
92.18/92.25	['concat', 'concat', 'index', 'substr']: UNSAT (9.301 seconds)
101.48/101.55	['concat', 'concat', 'index', 'add']: UNSAT (0.065 seconds)
101.59/101.61	['concat', 'concat', 'index', 'sub']: UNSAT (0.061 seconds)
101.59/101.68	['concat', 'concat', 'length', 'length']: UNSAT (0.056 seconds)
101.68/101.73	['concat', 'concat', 'length', 'substr']: UNSAT (4.133 seconds)
105.78/105.87	['concat', 'concat', 'length', 'add']: UNSAT (0.048 seconds)
105.88/105.91	['concat', 'concat', 'length', 'sub']: UNSAT (0.051 seconds)
105.88/105.97	['concat', 'concat', 'substr', 'substr']: UNSAT (7.943 seconds)
113.88/113.91	['concat', 'concat', 'substr', 'add']: UNSAT (1.573 seconds)
115.38/115.48	['concat', 'concat', 'substr', 'sub']: UNSAT (0.538 seconds)
115.88/116.02	['concat', 'concat', 'add', 'add']: UNSAT (0.057 seconds)
116.01/116.08	['concat', 'concat', 'add', 'sub']: UNSAT (0.052 seconds)
116.01/116.13	['concat', 'concat', 'sub', 'sub']: UNSAT (0.056 seconds)
116.14/116.19	['concat', 'index', 'index', 'index']: UNSAT (0.079 seconds)
116.18/116.27	['concat', 'index', 'index', 'length']: UNSAT (0.064 seconds)
116.28/116.34	['concat', 'index', 'index', 'substr']: UNSAT (2.645 seconds)
118.88/118.98	['concat', 'index', 'index', 'add']: UNSAT (0.071 seconds)
119.01/119.05	['concat', 'index', 'index', 'sub']: UNSAT (0.071 seconds)
119.01/119.13	['concat', 'index', 'length', 'length']: UNSAT (0.053 seconds)
119.14/119.18	['concat', 'index', 'length', 'substr']: UNSAT (0.869 seconds)
120.01/120.05	['concat', 'index', 'length', 'add']: UNSAT (0.057 seconds)
120.01/120.11	['concat', 'index', 'length', 'sub']: UNSAT (0.056 seconds)
120.14/120.16	['concat', 'index', 'substr', 'substr']: UNSAT (2.106 seconds)
122.18/122.27	['concat', 'index', 'substr', 'add']: UNSAT (1.525 seconds)
123.78/123.80	['concat', 'index', 'substr', 'sub']: UNSAT (0.621 seconds)
124.38/124.42	['concat', 'index', 'add', 'add']: UNSAT (0.061 seconds)
124.38/124.48	['concat', 'index', 'add', 'sub']: UNSAT (0.064 seconds)
124.48/124.55	['concat', 'index', 'sub', 'sub']: UNSAT (0.062 seconds)
124.58/124.61	['concat', 'length', 'length', 'length']: UNSAT (0.041 seconds)
124.58/124.65	['concat', 'length', 'length', 'substr']: UNSAT (0.335 seconds)
124.88/124.99	['concat', 'length', 'length', 'add']: UNSAT (0.045 seconds)
124.88/125.03	['concat', 'length', 'length', 'sub']: UNSAT (0.045 seconds)
125.01/125.08	['concat', 'length', 'substr', 'substr']: UNSAT (2.104 seconds)
127.12/127.18	['concat', 'length', 'substr', 'add']: UNSAT (0.564 seconds)
127.68/127.75	['concat', 'length', 'substr', 'sub']: UNSAT (0.454 seconds)
128.18/128.20	['concat', 'length', 'add', 'add']: UNSAT (0.049 seconds)
128.18/128.25	['concat', 'length', 'add', 'sub']: UNSAT (0.052 seconds)
128.28/128.31	['concat', 'length', 'sub', 'sub']: UNSAT (0.047 seconds)
128.28/128.35	['concat', 'substr', 'substr', 'substr']: UNSAT (0.597 seconds)
128.88/128.95	['concat', 'substr', 'substr', 'add']: UNSAT (0.587 seconds)
129.48/129.54	['concat', 'substr', 'substr', 'sub']: UNSAT (0.688 seconds)
130.18/130.23	['concat', 'substr', 'add', 'add']: UNSAT (0.396 seconds)
130.58/130.63	['concat', 'substr', 'add', 'sub']: UNSAT (0.288 seconds)
130.88/130.91	['concat', 'substr', 'sub', 'sub']: UNSAT (0.220 seconds)
131.12/131.14	['concat', 'add', 'add', 'add']: UNSAT (0.062 seconds)
131.18/131.20	['concat', 'add', 'add', 'sub']: UNSAT (0.061 seconds)
131.18/131.26	['concat', 'add', 'sub', 'sub']: UNSAT (0.060 seconds)
131.28/131.32	['concat', 'sub', 'sub', 'sub']: UNSAT (0.060 seconds)
131.28/131.38	['index', 'index', 'index', 'index']: UNSAT (0.081 seconds)
131.38/131.46	['index', 'index', 'index', 'length']: UNSAT (0.067 seconds)
131.48/131.53	['index', 'index', 'index', 'substr']: UNSAT (0.101 seconds)
131.58/131.63	['index', 'index', 'index', 'add']: UNSAT (0.080 seconds)
131.68/131.71	['index', 'index', 'index', 'sub']: UNSAT (0.077 seconds)
131.68/131.79	['index', 'index', 'length', 'length']: UNSAT (0.056 seconds)
131.78/131.85	['index', 'index', 'length', 'substr']: UNSAT (0.075 seconds)
131.88/131.93	['index', 'index', 'length', 'add']: UNSAT (0.080 seconds)
131.88/132.01	['index', 'index', 'length', 'sub']: UNSAT (0.066 seconds)
132.01/132.07	['index', 'index', 'substr', 'substr']: UNSAT (0.160 seconds)
132.18/132.23	['index', 'index', 'substr', 'add']: UNSAT (0.121 seconds)
132.28/132.36	['index', 'index', 'substr', 'sub']: UNSAT (0.176 seconds)
132.48/132.53	['index', 'index', 'add', 'add']: UNSAT (0.074 seconds)
132.58/132.61	['index', 'index', 'add', 'sub']: UNSAT (0.075 seconds)
132.58/132.68	['index', 'index', 'sub', 'sub']: UNSAT (0.077 seconds)
132.68/132.76	['index', 'length', 'length', 'length']: UNSAT (0.042 seconds)
132.78/132.80	['index', 'length', 'length', 'substr']: UNSAT (0.059 seconds)
132.78/132.86	['index', 'length', 'length', 'add']: UNSAT (0.050 seconds)
132.88/132.91	['index', 'length', 'length', 'sub']: UNSAT (0.048 seconds)
132.88/132.96	['index', 'length', 'substr', 'substr']: UNSAT (0.150 seconds)
133.01/133.11	['index', 'length', 'substr', 'add']: UNSAT (0.078 seconds)
133.15/133.19	['index', 'length', 'substr', 'sub']: UNSAT (0.076 seconds)
133.18/133.27	['index', 'length', 'add', 'add']: UNSAT (0.058 seconds)
133.28/133.33	['index', 'length', 'add', 'sub']: UNSAT (0.056 seconds)
133.28/133.39	['index', 'length', 'sub', 'sub']: UNSAT (0.054 seconds)
133.38/133.44	['index', 'substr', 'substr', 'substr']: UNSAT (0.178 seconds)
133.58/133.62	['index', 'substr', 'substr', 'add']: UNSAT (0.113 seconds)
133.68/133.73	['index', 'substr', 'substr', 'sub']: UNSAT (0.113 seconds)
133.78/133.85	['index', 'substr', 'add', 'add']: UNSAT (0.087 seconds)
133.88/133.94	['index', 'substr', 'add', 'sub']: UNSAT (0.094 seconds)
134.00/134.03	['index', 'substr', 'sub', 'sub']: UNSAT (0.108 seconds)
134.12/134.14	['index', 'add', 'add', 'add']: UNSAT (0.075 seconds)
134.18/134.22	['index', 'add', 'add', 'sub']: UNSAT (0.072 seconds)
134.18/134.29	['index', 'add', 'sub', 'sub']: UNSAT (0.071 seconds)
134.28/134.36	['index', 'sub', 'sub', 'sub']: UNSAT (0.069 seconds)
134.38/134.43	['length', 'length', 'length', 'length']: UNSAT (0.036 seconds)
134.38/134.47	['length', 'length', 'length', 'substr']: UNSAT (0.042 seconds)
134.48/134.51	['length', 'length', 'length', 'add']: UNSAT (0.039 seconds)
134.48/134.55	['length', 'length', 'length', 'sub']: UNSAT (0.036 seconds)
134.48/134.59	['length', 'length', 'substr', 'substr']: UNSAT (0.075 seconds)
134.58/134.66	['length', 'length', 'substr', 'add']: UNSAT (0.060 seconds)
134.68/134.72	['length', 'length', 'substr', 'sub']: UNSAT (0.057 seconds)
134.68/134.78	['length', 'length', 'add', 'add']: UNSAT (0.044 seconds)
134.78/134.83	['length', 'length', 'add', 'sub']: UNSAT (0.046 seconds)
134.78/134.88	['length', 'length', 'sub', 'sub']: UNSAT (0.046 seconds)
134.88/134.92	['length', 'substr', 'substr', 'substr']: UNSAT (0.129 seconds)
135.00/135.05	['length', 'substr', 'substr', 'add']: UNSAT (0.093 seconds)
135.12/135.15	['length', 'substr', 'substr', 'sub']: UNSAT (0.111 seconds)
135.18/135.26	['length', 'substr', 'add', 'add']: UNSAT (0.068 seconds)
135.28/135.33	['length', 'substr', 'add', 'sub']: UNSAT (0.067 seconds)
135.28/135.39	['length', 'substr', 'sub', 'sub']: UNSAT (0.070 seconds)
135.38/135.47	['length', 'add', 'add', 'add']: UNSAT (0.056 seconds)
135.48/135.52	['length', 'add', 'add', 'sub']: UNSAT (0.054 seconds)
135.48/135.58	['length', 'add', 'sub', 'sub']: UNSAT (0.057 seconds)
135.58/135.64	['length', 'sub', 'sub', 'sub']: UNSAT (0.059 seconds)
135.68/135.70	['substr', 'substr', 'substr', 'substr']: UNSAT (0.116 seconds)
135.78/135.81	['substr', 'substr', 'substr', 'add']: UNSAT (0.088 seconds)
135.88/135.90	['substr', 'substr', 'substr', 'sub']: UNSAT (0.092 seconds)
135.88/135.99	['substr', 'substr', 'add', 'add']: UNSAT (0.098 seconds)
136.01/136.09	['substr', 'substr', 'add', 'sub']: UNSAT (0.081 seconds)
136.12/136.18	['substr', 'substr', 'sub', 'sub']: UNSAT (0.079 seconds)
136.18/136.26	['substr', 'add', 'add', 'add']: UNSAT (0.072 seconds)
136.28/136.33	['substr', 'add', 'add', 'sub']: UNSAT (0.071 seconds)
136.38/136.40	['substr', 'add', 'sub', 'sub']: UNSAT (0.069 seconds)
136.38/136.47	['substr', 'sub', 'sub', 'sub']: UNSAT (0.072 seconds)
136.48/136.54	['add', 'add', 'add', 'add']: UNSAT (0.062 seconds)
136.58/136.61	['add', 'add', 'add', 'sub']: UNSAT (0.066 seconds)
136.58/136.67	['add', 'add', 'sub', 'sub']: UNSAT (0.069 seconds)
136.68/136.74	['add', 'sub', 'sub', 'sub']: UNSAT (0.067 seconds)
136.78/136.81	['sub', 'sub', 'sub', 'sub']: UNSAT (0.066 seconds)
136.78/136.88	['concat', 'concat', 'concat', 'concat', 'concat']: 