0.11/0.19	=== Examples (../../dataset/examples/examples-48.json)
0.11/0.19	IO(inputs=('John', 'Doe', '@gmail.com'), output='johndoe.@gmail.com')
0.11/0.19	=== Library
0.11/0.19	concat
0.11/0.19	index
0.11/0.19	length
0.11/0.19	substr
0.11/0.19	add
0.11/0.19	sub
0.11/0.19	=== Synthesis
0.11/0.19	['concat']: UNSAT (0.039 seconds)
0.11/0.23	['index']: UNSAT (0.031 seconds)
0.11/0.26	['length']: UNSAT (0.021 seconds)
0.25/0.29	['substr']: UNSAT (0.026 seconds)
0.25/0.31	['add']: UNSAT (0.021 seconds)
0.25/0.34	['sub']: UNSAT (0.021 seconds)
0.25/0.36	['concat', 'concat']: UNSAT (0.037 seconds)
0.34/0.40	['concat', 'index']: UNSAT (0.037 seconds)
0.34/0.43	['concat', 'length']: UNSAT (0.030 seconds)
0.34/0.46	['concat', 'substr']: UNSAT (0.038 seconds)
0.44/0.50	['concat', 'add']: UNSAT (0.031 seconds)
0.44/0.53	['concat', 'sub']: UNSAT (0.031 seconds)
0.44/0.57	['index', 'index']: UNSAT (0.040 seconds)
0.54/0.61	['index', 'length']: UNSAT (0.031 seconds)
0.62/0.64	['index', 'substr']: UNSAT (0.041 seconds)
0.62/0.68	['index', 'add']: UNSAT (0.035 seconds)
0.68/0.72	['index', 'sub']: UNSAT (0.035 seconds)
0.68/0.75	['length', 'length']: UNSAT (0.024 seconds)
0.68/0.78	['length', 'substr']: UNSAT (0.032 seconds)
0.78/0.81	['length', 'add']: UNSAT (0.027 seconds)
0.78/0.84	['length', 'sub']: UNSAT (0.027 seconds)
0.78/0.87	['substr', 'substr']: UNSAT (0.039 seconds)
0.88/0.91	['substr', 'add']: UNSAT (0.027 seconds)
0.88/0.93	['substr', 'sub']: UNSAT (0.027 seconds)
0.88/0.96	['add', 'add']: UNSAT (0.026 seconds)
0.88/0.99	['add', 'sub']: UNSAT (0.028 seconds)
0.88/1.02	['sub', 'sub']: UNSAT (0.027 seconds)
0.88/1.05	['concat', 'concat', 'concat']: UNSAT (0.115 seconds)
1.01/1.16	['concat', 'concat', 'index']: UNSAT (0.042 seconds)
1.18/1.20	['concat', 'concat', 'length']: UNSAT (0.034 seconds)
1.18/1.24	['concat', 'concat', 'substr']: UNSAT (0.065 seconds)
1.28/1.31	['concat', 'concat', 'add']: UNSAT (0.036 seconds)
1.28/1.34	['concat', 'concat', 'sub']: UNSAT (0.036 seconds)
1.28/1.38	['concat', 'index', 'index']: UNSAT (0.043 seconds)
1.38/1.42	['concat', 'index', 'length']: UNSAT (0.038 seconds)
1.38/1.46	['concat', 'index', 'substr']: UNSAT (0.117 seconds)
1.48/1.58	['concat', 'index', 'add']: UNSAT (0.037 seconds)
1.59/1.62	['concat', 'index', 'sub']: UNSAT (0.038 seconds)
1.59/1.66	['concat', 'length', 'length']: UNSAT (0.030 seconds)
1.59/1.69	['concat', 'length', 'substr']: UNSAT (0.044 seconds)
1.69/1.73	['concat', 'length', 'add']: UNSAT (0.032 seconds)
1.69/1.76	['concat', 'length', 'sub']: UNSAT (0.031 seconds)
1.69/1.80	['concat', 'substr', 'substr']: UNSAT (0.048 seconds)
1.79/1.84	['concat', 'substr', 'add']: UNSAT (0.040 seconds)
1.79/1.89	['concat', 'substr', 'sub']: UNSAT (0.039 seconds)
1.89/1.92	['concat', 'add', 'add']: UNSAT (0.034 seconds)
1.89/1.96	['concat', 'add', 'sub']: UNSAT (0.036 seconds)
1.89/2.00	['concat', 'sub', 'sub']: UNSAT (0.036 seconds)
1.89/2.03	['index', 'index', 'index']: UNSAT (0.049 seconds)
2.01/2.08	['index', 'index', 'length']: UNSAT (0.038 seconds)
2.01/2.12	['index', 'index', 'substr']: UNSAT (0.056 seconds)
2.15/2.18	['index', 'index', 'add']: UNSAT (0.042 seconds)
2.19/2.22	['index', 'index', 'sub']: UNSAT (0.043 seconds)
2.19/2.27	['index', 'length', 'length']: UNSAT (0.033 seconds)
2.29/2.30	['index', 'length', 'substr']: UNSAT (0.041 seconds)
2.29/2.34	['index', 'length', 'add']: UNSAT (0.035 seconds)
2.29/2.38	['index', 'length', 'sub']: UNSAT (0.035 seconds)
2.39/2.41	['index', 'substr', 'substr']: UNSAT (0.056 seconds)
2.39/2.47	['index', 'substr', 'add']: UNSAT (0.044 seconds)
2.49/2.52	['index', 'substr', 'sub']: UNSAT (0.046 seconds)
2.49/2.56	['index', 'add', 'add']: UNSAT (0.038 seconds)
2.59/2.60	['index', 'add', 'sub']: UNSAT (0.039 seconds)
2.59/2.64	['index', 'sub', 'sub']: UNSAT (0.038 seconds)
2.59/2.68	['length', 'length', 'length']: UNSAT (0.024 seconds)
2.69/2.71	['length', 'length', 'substr']: UNSAT (0.032 seconds)
2.69/2.74	['length', 'length', 'add']: UNSAT (0.027 seconds)
2.69/2.77	['length', 'length', 'sub']: UNSAT (0.027 seconds)
2.69/2.79	['length', 'substr', 'substr']: UNSAT (0.041 seconds)
2.79/2.84	['length', 'substr', 'add']: UNSAT (0.037 seconds)
2.79/2.87	['length', 'substr', 'sub']: UNSAT (0.036 seconds)
2.89/2.91	['length', 'add', 'add']: UNSAT (0.031 seconds)
2.89/2.94	['length', 'add', 'sub']: UNSAT (0.031 seconds)
2.89/2.97	['length', 'sub', 'sub']: UNSAT (0.031 seconds)
2.89/3.01	['substr', 'substr', 'substr']: UNSAT (0.049 seconds)
3.01/3.06	['substr', 'substr', 'add']: UNSAT (0.045 seconds)
3.01/3.10	['substr', 'substr', 'sub']: UNSAT (0.043 seconds)
3.13/3.15	['substr', 'add', 'add']: UNSAT (0.040 seconds)
3.13/3.19	['substr', 'add', 'sub']: UNSAT (0.037 seconds)
3.18/3.23	['substr', 'sub', 'sub']: UNSAT (0.037 seconds)
3.18/3.26	['add', 'add', 'add']: UNSAT (0.035 seconds)
3.28/3.30	['add', 'add', 'sub']: UNSAT (0.035 seconds)
3.28/3.33	['add', 'sub', 'sub']: UNSAT (0.035 seconds)
3.28/3.37	['sub', 'sub', 'sub']: UNSAT (0.035 seconds)
3.38/3.41	['concat', 'concat', 'concat', 'concat']: UNSAT (44.399 seconds)
47.76/47.81	['concat', 'concat', 'concat', 'index']: UNSAT (0.053 seconds)
47.76/47.86	['concat', 'concat', 'concat', 'length']: UNSAT (0.048 seconds)
47.87/47.91	['concat', 'concat', 'concat', 'substr']: UNKNOWN (22.852 seconds)
70.66/70.76	Reason: smt tactic failed to show goal to be sat/unsat max-conflicts-reached
70.66/70.76	Reason: smt tactic failed to show goal to be sat/unsat max-conflicts-reached
70.66/70.76	['concat', 'concat', 'concat', 'add']: UNSAT (0.050 seconds)
70.76/70.81	['concat', 'concat', 'concat', 'sub']: UNSAT (0.049 seconds)
70.76/70.86	['concat', 'concat', 'index', 'index']: UNSAT (0.063 seconds)
70.86/70.93	['concat', 'concat', 'index', 'length']: UNSAT (0.050 seconds)
70.86/70.98	['concat', 'concat', 'index', 'substr']: UNSAT (1.062 seconds)
71.96/72.04	['concat', 'concat', 'index', 'add']: UNSAT (0.054 seconds)
71.96/72.10	['concat', 'concat', 'index', 'sub']: UNSAT (0.049 seconds)
72.08/72.15	['concat', 'concat', 'length', 'length']: UNSAT (0.041 seconds)
72.08/72.19	['concat', 'concat', 'length', 'substr']: UNSAT (0.540 seconds)
72.66/72.73	['concat', 'concat', 'length', 'add']: UNSAT (0.044 seconds)
72.66/72.77	['concat', 'concat', 'length', 'sub']: UNSAT (0.042 seconds)
72.76/72.82	['concat', 'concat', 'substr', 'substr']: UNSAT (0.400 seconds)
73.08/73.22	['concat', 'concat', 'substr', 'add']: UNSAT (0.081 seconds)
73.26/73.30	['concat', 'concat', 'substr', 'sub']: UNSAT (0.079 seconds)
73.26/73.38	['concat', 'concat', 'add', 'add']: UNSAT (0.046 seconds)
73.36/73.43	['concat', 'concat', 'add', 'sub']: UNSAT (0.045 seconds)
73.36/73.47	['concat', 'concat', 'sub', 'sub']: UNSAT (0.046 seconds)
73.46/73.52	['concat', 'index', 'index', 'index']: UNSAT (0.061 seconds)
73.46/73.58	['concat', 'index', 'index', 'length']: UNSAT (0.052 seconds)
73.56/73.64	['concat', 'index', 'index', 'substr']: UNSAT (0.263 seconds)
73.86/73.90	['concat', 'index', 'index', 'add']: UNSAT (0.056 seconds)
73.86/73.96	['concat', 'index', 'index', 'sub']: UNSAT (0.058 seconds)
73.96/74.02	['concat', 'index', 'length', 'length']: UNSAT (0.045 seconds)
73.96/74.06	['concat', 'index', 'length', 'substr']: UNSAT (0.187 seconds)
74.20/74.25	['concat', 'index', 'length', 'add']: UNSAT (0.046 seconds)
74.26/74.30	['concat', 'index', 'length', 'sub']: UNSAT (0.048 seconds)
74.26/74.35	['concat', 'index', 'substr', 'substr']: UNSAT (0.549 seconds)
74.86/74.90	['concat', 'index', 'substr', 'add']: UNSAT (0.184 seconds)
74.96/75.08	['concat', 'index', 'substr', 'sub']: UNSAT (0.172 seconds)
75.20/75.26	['concat', 'index', 'add', 'add']: UNSAT (0.052 seconds)
75.26/75.31	['concat', 'index', 'add', 'sub']: UNSAT (0.052 seconds)
75.26/75.36	['concat', 'index', 'sub', 'sub']: UNSAT (0.050 seconds)
75.36/75.41	['concat', 'length', 'length', 'length']: UNSAT (0.036 seconds)
75.36/75.45	['concat', 'length', 'length', 'substr']: UNSAT (0.081 seconds)
75.46/75.53	['concat', 'length', 'length', 'add']: UNSAT (0.038 seconds)
75.46/75.57	['concat', 'length', 'length', 'sub']: UNSAT (0.036 seconds)
75.56/75.61	['concat', 'length', 'substr', 'substr']: UNSAT (0.116 seconds)
75.66/75.72	['concat', 'length', 'substr', 'add']: UNSAT (0.054 seconds)
75.66/75.78	['concat', 'length', 'substr', 'sub']: UNSAT (0.054 seconds)
75.76/75.83	['concat', 'length', 'add', 'add']: UNSAT (0.046 seconds)
75.76/75.88	['concat', 'length', 'add', 'sub']: UNSAT (0.042 seconds)
75.86/75.92	['concat', 'length', 'sub', 'sub']: UNSAT (0.044 seconds)
75.86/75.97	['concat', 'substr', 'substr', 'substr']: UNSAT (0.082 seconds)
75.96/76.05	['concat', 'substr', 'substr', 'add']: UNSAT (0.061 seconds)
75.96/76.11	['concat', 'substr', 'substr', 'sub']: UNSAT (0.058 seconds)
76.08/76.17	['concat', 'substr', 'add', 'add']: UNSAT (0.051 seconds)
76.08/76.23	['concat', 'substr', 'add', 'sub']: UNSAT (0.053 seconds)
76.20/76.28	['concat', 'substr', 'sub', 'sub']: UNSAT (0.053 seconds)
76.26/76.33	['concat', 'add', 'add', 'add']: UNSAT (0.049 seconds)
76.26/76.38	['concat', 'add', 'add', 'sub']: UNSAT (0.049 seconds)
76.36/76.43	['concat', 'add', 'sub', 'sub']: UNSAT (0.048 seconds)
76.36/76.48	['concat', 'sub', 'sub', 'sub']: UNSAT (0.046 seconds)
76.46/76.53	['index', 'index', 'index', 'index']: UNSAT (0.065 seconds)
76.46/76.60	['index', 'index', 'index', 'length']: UNSAT (0.056 seconds)
76.56/76.65	['index', 'index', 'index', 'substr']: UNSAT (0.086 seconds)
76.66/76.74	['index', 'index', 'index', 'add']: UNSAT (0.061 seconds)
76.76/76.80	['index', 'index', 'index', 'sub']: UNSAT (0.064 seconds)
76.76/76.87	['index', 'index', 'length', 'length']: UNSAT (0.049 seconds)
76.86/76.92	['index', 'index', 'length', 'substr']: UNSAT (0.063 seconds)
76.86/76.98	['index', 'index', 'length', 'add']: UNSAT (0.049 seconds)
76.96/77.03	['index', 'index', 'length', 'sub']: UNSAT (0.048 seconds)
76.96/77.08	['index', 'index', 'substr', 'substr']: UNSAT (0.114 seconds)
77.09/77.20	['index', 'index', 'substr', 'add']: UNSAT (0.082 seconds)
77.21/77.28	['index', 'index', 'substr', 'sub']: UNSAT (0.072 seconds)
77.26/77.35	['index', 'index', 'add', 'add']: UNSAT (0.057 seconds)
77.36/77.41	['index', 'index', 'add', 'sub']: UNSAT (0.058 seconds)
77.36/77.47	['index', 'index', 'sub', 'sub']: UNSAT (0.060 seconds)
77.46/77.53	['index', 'length', 'length', 'length']: UNSAT (0.039 seconds)
77.46/77.57	['index', 'length', 'length', 'substr']: UNSAT (0.058 seconds)
77.56/77.63	['index', 'length', 'length', 'add']: UNSAT (0.041 seconds)
77.56/77.67	['index', 'length', 'length', 'sub']: UNSAT (0.041 seconds)
77.66/77.71	['index', 'length', 'substr', 'substr']: UNSAT (0.102 seconds)
77.76/77.82	['index', 'length', 'substr', 'add']: UNSAT (0.064 seconds)
77.76/77.88	['index', 'length', 'substr', 'sub']: UNSAT (0.063 seconds)
77.86/77.95	['index', 'length', 'add', 'add']: UNSAT (0.048 seconds)
77.86/78.00	['index', 'length', 'add', 'sub']: UNSAT (0.046 seconds)
77.96/78.04	['index', 'length', 'sub', 'sub']: UNSAT (0.045 seconds)
77.96/78.09	['index', 'substr', 'substr', 'substr']: UNSAT (0.148 seconds)
78.20/78.24	['index', 'substr', 'substr', 'add']: UNSAT (0.070 seconds)
78.26/78.31	['index', 'substr', 'substr', 'sub']: UNSAT (0.071 seconds)
78.26/78.38	['index', 'substr', 'add', 'add']: UNSAT (0.061 seconds)
78.36/78.44	['index', 'substr', 'add', 'sub']: UNSAT (0.059 seconds)
78.46/78.50	['index', 'substr', 'sub', 'sub']: UNSAT (0.062 seconds)
78.46/78.56	['index', 'add', 'add', 'add']: UNSAT (0.053 seconds)
78.56/78.62	['index', 'add', 'add', 'sub']: UNSAT (0.056 seconds)
78.56/78.68	['index', 'add', 'sub', 'sub']: UNSAT (0.053 seconds)
78.66/78.73	['index', 'sub', 'sub', 'sub']: UNSAT (0.053 seconds)
78.66/78.78	['length', 'length', 'length', 'length']: UNSAT (0.032 seconds)
78.76/78.82	['length', 'length', 'length', 'substr']: UNSAT (0.039 seconds)
78.76/78.86	['length', 'length', 'length', 'add']: UNSAT (0.037 seconds)
78.76/78.89	['length', 'length', 'length', 'sub']: UNSAT (0.035 seconds)
78.86/78.93	['length', 'length', 'substr', 'substr']: UNSAT (0.058 seconds)
78.86/78.99	['length', 'length', 'substr', 'add']: UNSAT (0.047 seconds)
78.96/79.04	['length', 'length', 'substr', 'sub']: UNSAT (0.045 seconds)
78.96/79.08	['length', 'length', 'add', 'add']: UNSAT (0.038 seconds)
78.96/79.12	['length', 'length', 'add', 'sub']: UNSAT (0.037 seconds)
79.09/79.16	['length', 'length', 'sub', 'sub']: UNSAT (0.041 seconds)
79.09/79.20	['length', 'substr', 'substr', 'substr']: UNSAT (0.066 seconds)
79.21/79.27	['length', 'substr', 'substr', 'add']: UNSAT (0.055 seconds)
79.26/79.33	['length', 'substr', 'substr', 'sub']: UNSAT (0.052 seconds)
79.26/79.38	['length', 'substr', 'add', 'add']: UNSAT (0.045 seconds)
79.36/79.43	['length', 'substr', 'add', 'sub']: UNSAT (0.047 seconds)
79.36/79.47	['length', 'substr', 'sub', 'sub']: UNSAT (0.048 seconds)
79.46/79.52	['length', 'add', 'add', 'add']: UNSAT (0.041 seconds)
79.46/79.56	['length', 'add', 'add', 'sub']: UNSAT (0.040 seconds)
79.56/79.61	['length', 'add', 'sub', 'sub']: UNSAT (0.041 seconds)
79.56/79.65	['length', 'sub', 'sub', 'sub']: UNSAT (0.041 seconds)
79.56/79.69	['substr', 'substr', 'substr', 'substr']: UNSAT (0.069 seconds)
79.66/79.76	['substr', 'substr', 'substr', 'add']: UNSAT (0.063 seconds)
79.76/79.82	['substr', 'substr', 'substr', 'sub']: UNSAT (0.063 seconds)
79.76/79.89	['substr', 'substr', 'add', 'add']: UNSAT (0.059 seconds)
79.86/79.95	['substr', 'substr', 'add', 'sub']: UNSAT (0.062 seconds)
79.96/80.01	['substr', 'substr', 'sub', 'sub']: UNSAT (0.060 seconds)
79.96/80.07	['substr', 'add', 'add', 'add']: UNSAT (0.052 seconds)
79.96/80.12	['substr', 'add', 'add', 'sub']: UNSAT (0.053 seconds)
80.08/80.18	['substr', 'add', 'sub', 'sub']: UNSAT (0.052 seconds)
80.19/80.23	['substr', 'sub', 'sub', 'sub']: UNSAT (0.052 seconds)
80.19/80.28	['add', 'add', 'add', 'add']: UNSAT (0.049 seconds)
80.26/80.33	['add', 'add', 'add', 'sub']: UNSAT (0.049 seconds)
80.26/80.38	['add', 'add', 'sub', 'sub']: UNSAT (0.050 seconds)
80.36/80.43	['add', 'sub', 'sub', 'sub']: UNSAT (0.047 seconds)
80.36/80.48	['sub', 'sub', 'sub', 'sub']: UNSAT (0.047 seconds)
80.46/80.53	['concat', 'concat', 'concat', 'concat', 'concat']: UNKNOWN (38.318 seconds)
118.75/118.85	Reason: smt tactic failed to show goal to be sat/unsat max-conflicts-reached
118.75/118.85	Reason: smt tactic failed to show goal to be sat/unsat max-conflicts-reached
118.75/118.85	['concat', 'concat', 'concat', 'concat', 'index']: UNSAT (0.078 seconds)
118.85/118.93	['concat', 'concat', 'concat', 'concat', 'length']: UNSAT (0.062 seconds)
118.85/118.99	['concat', 'concat', 'concat', 'concat', 'substr']: SAT (7.755 seconds)
126.66/126.75	concat(concat(concat('johnd', 'oe.'), arg2), substr(concat(arg0, arg1), 10, 1))
