0.12/0.20	=== Examples (../../dataset/examples/examples-20.json)
0.12/0.20	IO(inputs=('In+hac+habitasse+platea+dictumst.+Sed+dapibus+sit+amet+neque+gravida+sed.',), output='In hac habitasse platea dictumst. Sed dapibus')
0.12/0.20	=== Library
0.12/0.20	concat
0.12/0.20	index
0.12/0.20	length
0.12/0.20	substr
0.12/0.20	add
0.12/0.20	sub
0.12/0.20	=== Synthesis
0.12/0.20	['concat']: UNSAT (0.024 seconds)
0.12/0.22	['index']: UNSAT (0.022 seconds)
0.12/0.25	['length']: UNSAT (0.018 seconds)
0.12/0.27	['substr']: UNSAT (0.075 seconds)
0.27/0.34	['add']: UNSAT (0.020 seconds)
0.27/0.36	['sub']: UNSAT (0.020 seconds)
0.27/0.38	['concat', 'concat']: UNSAT (0.036 seconds)
0.38/0.42	['concat', 'index']: UNSAT (0.033 seconds)
0.38/0.45	['concat', 'length']: UNSAT (0.027 seconds)
0.38/0.48	['concat', 'substr']: UNSAT (3.631 seconds)
4.03/4.11	['concat', 'add']: UNSAT (0.023 seconds)
4.03/4.14	['concat', 'sub']: UNSAT (0.024 seconds)
4.13/4.16	['index', 'index']: UNSAT (0.029 seconds)
4.13/4.19	['index', 'length']: UNSAT (0.021 seconds)
4.19/4.21	['index', 'substr']: UNSAT (0.408 seconds)
4.59/4.62	['index', 'add']: UNSAT (0.026 seconds)
4.59/4.65	['index', 'sub']: UNSAT (0.025 seconds)
4.59/4.67	['length', 'length']: UNSAT (0.017 seconds)
4.59/4.69	['length', 'substr']: UNSAT (0.056 seconds)
4.69/4.75	['length', 'add']: UNSAT (0.019 seconds)
4.69/4.77	['length', 'sub']: UNSAT (0.020 seconds)
4.69/4.79	['substr', 'substr']: UNSAT (0.233 seconds)
4.89/5.02	['substr', 'add']: UNSAT (0.073 seconds)
5.03/5.10	['substr', 'sub']: UNSAT (0.063 seconds)
5.13/5.16	['add', 'add']: UNSAT (0.025 seconds)
5.13/5.18	['add', 'sub']: UNSAT (0.025 seconds)
5.19/5.21	['sub', 'sub']: UNSAT (0.023 seconds)
5.19/5.23	['concat', 'concat', 'concat']: UNSAT (0.094 seconds)
5.29/5.33	['concat', 'concat', 'index']: UNSAT (0.035 seconds)
5.29/5.36	['concat', 'concat', 'length']: UNSAT (0.029 seconds)
5.29/5.40	['concat', 'concat', 'substr']: UNKNOWN (333.085 seconds)
338.39/338.48	Reason: smt tactic failed to show goal to be sat/unsat max-conflicts-reached
338.39/338.48	Reason: smt tactic failed to show goal to be sat/unsat max-conflicts-reached
338.39/338.48	['concat', 'concat', 'add']: UNSAT (0.050 seconds)
338.49/338.53	['concat', 'concat', 'sub']: UNSAT (0.041 seconds)
338.49/338.58	['concat', 'index', 'index']: UNSAT (0.050 seconds)
338.59/338.63	['concat', 'index', 'length']: UNSAT (0.057 seconds)
338.59/338.69	['concat', 'index', 'substr']: UNSAT (23.675 seconds)
362.28/362.36	['concat', 'index', 'add']: UNSAT (0.035 seconds)
362.38/362.40	['concat', 'index', 'sub']: UNSAT (0.034 seconds)
362.38/362.43	['concat', 'length', 'length']: UNSAT (0.027 seconds)
362.38/362.46	['concat', 'length', 'substr']: UNSAT (1.360 seconds)
363.78/363.82	['concat', 'length', 'add']: UNSAT (0.027 seconds)
363.78/363.85	['concat', 'length', 'sub']: UNSAT (0.027 seconds)
363.78/363.88	['concat', 'substr', 'substr']: UNSAT (85.684 seconds)
449.47/449.56	['concat', 'substr', 'add']: UNSAT (7.334 seconds)
456.87/456.90	['concat', 'substr', 'sub']: UNSAT (6.381 seconds)
463.17/463.28	['concat', 'add', 'add']: UNSAT (0.033 seconds)
463.27/463.31	['concat', 'add', 'sub']: UNSAT (0.037 seconds)
463.27/463.35	['concat', 'sub', 'sub']: UNSAT (0.031 seconds)
463.27/463.38	['index', 'index', 'index']: UNSAT (0.042 seconds)
463.38/463.43	['index', 'index', 'length']: UNSAT (0.034 seconds)
463.38/463.46	['index', 'index', 'substr']: UNSAT (0.390 seconds)
463.78/463.85	['index', 'index', 'add']: UNSAT (0.038 seconds)
463.78/463.89	['index', 'index', 'sub']: UNSAT (0.038 seconds)
463.88/463.93	['index', 'length', 'length']: UNSAT (0.028 seconds)
463.88/463.96	['index', 'length', 'substr']: UNSAT (0.128 seconds)
464.02/464.09	['index', 'length', 'add']: UNSAT (0.032 seconds)
464.02/464.12	['index', 'length', 'sub']: UNSAT (0.031 seconds)
464.12/464.15	['index', 'substr', 'substr']: UNSAT (3.041 seconds)
467.12/467.19	['index', 'substr', 'add']: UNSAT (0.317 seconds)
467.48/467.51	['index', 'substr', 'sub']: UNSAT (0.253 seconds)
467.68/467.77	['index', 'add', 'add']: UNSAT (0.036 seconds)
467.78/467.80	['index', 'add', 'sub']: UNSAT (0.036 seconds)
467.78/467.84	['index', 'sub', 'sub']: UNSAT (0.036 seconds)
467.78/467.88	['length', 'length', 'length']: UNSAT (0.023 seconds)
467.88/467.90	['length', 'length', 'substr']: UNSAT (0.044 seconds)
467.88/467.95	['length', 'length', 'add']: UNSAT (0.025 seconds)
467.88/467.97	['length', 'length', 'sub']: UNSAT (0.026 seconds)
467.88/468.00	['length', 'substr', 'substr']: UNSAT (1.074 seconds)
469.02/469.07	['length', 'substr', 'add']: UNSAT (0.150 seconds)
469.18/469.22	['length', 'substr', 'sub']: UNSAT (0.244 seconds)
469.38/469.47	['length', 'add', 'add']: UNSAT (0.029 seconds)
469.48/469.50	['length', 'add', 'sub']: UNSAT (0.031 seconds)
469.48/469.53	['length', 'sub', 'sub']: UNSAT (0.029 seconds)
469.48/469.56	['substr', 'substr', 'substr']: UNSAT (0.559 seconds)
470.02/470.12	['substr', 'substr', 'add']: UNSAT (0.449 seconds)
470.48/470.57	['substr', 'substr', 'sub']: UNSAT (0.872 seconds)
471.38/471.44	['substr', 'add', 'add']: UNSAT (0.098 seconds)
471.48/471.54	['substr', 'add', 'sub']: UNSAT (0.095 seconds)
471.58/471.64	['substr', 'sub', 'sub']: UNSAT (0.091 seconds)
471.68/471.73	['add', 'add', 'add']: UNSAT (0.033 seconds)
471.68/471.77	['add', 'add', 'sub']: UNSAT (0.032 seconds)
471.78/471.80	['add', 'sub', 'sub']: UNSAT (0.032 seconds)
471.78/471.83	['sub', 'sub', 'sub']: UNSAT (0.034 seconds)
471.78/471.87	['concat', 'concat', 'concat', 'concat']: UNSAT (0.290 seconds)
472.14/472.16	['concat', 'concat', 'concat', 'index']: UNSAT (0.050 seconds)
472.18/472.21	['concat', 'concat', 'concat', 'length']: UNSAT (0.042 seconds)
472.18/472.25	['concat', 'concat', 'concat', 'substr']: 