0.12/0.19	=== Examples (../../dataset/examples/examples-23.json)
0.12/0.19	IO(inputs=('Nam quis purus massa metus.',), output='Nam q...')
0.12/0.19	=== Library
0.12/0.19	concat
0.12/0.19	index
0.12/0.19	length
0.12/0.19	substr
0.12/0.19	add
0.12/0.19	sub
0.12/0.19	=== Synthesis
0.12/0.19	['concat']: UNSAT (0.033 seconds)
0.12/0.22	['index']: UNSAT (0.023 seconds)
0.12/0.25	['length']: UNSAT (0.018 seconds)
0.12/0.27	['substr']: UNSAT (0.047 seconds)
0.25/0.31	['add']: UNSAT (0.021 seconds)
0.25/0.33	['sub']: UNSAT (0.020 seconds)
0.25/0.36	['concat', 'concat']: UNSAT (0.033 seconds)
0.25/0.39	['concat', 'index']: UNSAT (0.033 seconds)
0.36/0.42	['concat', 'length']: UNSAT (0.026 seconds)
0.36/0.45	['concat', 'substr']: SAT (0.771 seconds)
1.18/1.22	concat(substr(arg0, 0, 3), ' q...')
