0.11/0.20	=== Examples (../../dataset/examples/examples-74.json)
0.11/0.20	IO(inputs=('George Michael',), output='GM')
0.11/0.20	=== Library
0.11/0.20	concat
0.11/0.20	index
0.11/0.20	length
0.11/0.20	substr
0.11/0.20	add
0.11/0.20	sub
0.11/0.20	=== Synthesis
0.11/0.20	['concat']: UNSAT (0.028 seconds)
0.11/0.23	['index']: UNSAT (0.025 seconds)
0.11/0.25	['length']: UNSAT (0.019 seconds)
0.11/0.27	['substr']: UNSAT (0.035 seconds)
0.27/0.31	['add']: UNSAT (0.020 seconds)
0.27/0.33	['sub']: UNSAT (0.020 seconds)
0.27/0.35	['concat', 'concat']: UNSAT (0.033 seconds)
0.27/0.39	['concat', 'index']: UNSAT (0.034 seconds)
0.39/0.42	['concat', 'length']: UNSAT (0.029 seconds)
0.39/0.45	['concat', 'substr']: SAT (0.161 seconds)
0.54/0.61	substr(concat(arg0, '\\x00\\x00GM\\x00'), 16, 2)
