0.12/0.21	=== Examples (../../dataset/examples/examples-95.json)
0.12/0.21	IO(inputs=('no - he said',), output='Sprint: he said')
0.12/0.21	=== Library
0.12/0.21	concat
0.12/0.21	index
0.12/0.21	length
0.12/0.21	substr
0.12/0.21	add
0.12/0.21	sub
0.12/0.21	=== Synthesis
0.12/0.21	['concat']: UNSAT (0.036 seconds)
0.12/0.25	['index']: UNSAT (0.029 seconds)
0.12/0.28	['length']: UNSAT (0.021 seconds)
0.12/0.30	['substr']: UNSAT (0.025 seconds)
0.24/0.33	['add']: UNSAT (0.020 seconds)
0.24/0.35	['sub']: UNSAT (0.020 seconds)
0.24/0.37	['concat', 'concat']: UNSAT (0.065 seconds)
0.35/0.44	['concat', 'index']: UNSAT (0.033 seconds)
0.41/0.47	['concat', 'length']: UNSAT (0.027 seconds)
0.41/0.50	['concat', 'substr']: UNSAT (0.103 seconds)
0.53/0.60	['concat', 'add']: UNSAT (0.028 seconds)
0.53/0.63	['concat', 'sub']: UNSAT (0.028 seconds)
0.63/0.66	['index', 'index']: UNSAT (0.035 seconds)
0.63/0.69	['index', 'length']: UNSAT (0.027 seconds)
0.67/0.72	['index', 'substr']: UNSAT (0.039 seconds)
0.67/0.76	['index', 'add']: UNSAT (0.031 seconds)
0.67/0.79	['index', 'sub']: UNSAT (0.031 seconds)
0.77/0.83	['length', 'length']: UNSAT (0.022 seconds)
0.77/0.85	['length', 'substr']: UNSAT (0.030 seconds)
0.77/0.88	['length', 'add']: UNSAT (0.024 seconds)
0.87/0.90	['length', 'sub']: UNSAT (0.024 seconds)
0.87/0.93	['substr', 'substr']: UNSAT (0.038 seconds)
0.87/0.97	['substr', 'add']: UNSAT (0.027 seconds)
0.87/1.00	['substr', 'sub']: UNSAT (0.028 seconds)
0.87/1.02	['add', 'add']: UNSAT (0.024 seconds)
0.99/1.05	['add', 'sub']: UNSAT (0.024 seconds)
0.99/1.07	['sub', 'sub']: UNSAT (0.024 seconds)
0.99/1.10	['concat', 'concat', 'concat']: UNSAT (0.711 seconds)
1.78/1.81	['concat', 'concat', 'index']: UNSAT (0.037 seconds)
1.78/1.85	['concat', 'concat', 'length']: UNSAT (0.031 seconds)
1.78/1.88	['concat', 'concat', 'substr']: SAT (0.723 seconds)
2.57/2.60	concat('Sp', concat('rint:', substr(arg0, 4, 9275)))
