0.15/0.20	=== Examples (../../dataset/examples/examples-21.json)
0.15/0.20	IO(inputs=('10-05-2019',), output='10/05/20')
0.15/0.20	=== Library
0.15/0.20	concat
0.15/0.20	index
0.15/0.20	length
0.15/0.20	substr
0.15/0.20	add
0.15/0.20	sub
0.15/0.20	=== Synthesis
0.15/0.20	['concat']: UNSAT (0.037 seconds)
0.15/0.24	['index']: UNSAT (0.029 seconds)
0.15/0.27	['length']: UNSAT (0.021 seconds)
0.15/0.29	['substr']: UNSAT (0.028 seconds)
0.28/0.32	['add']: UNSAT (0.020 seconds)
0.28/0.34	['sub']: UNSAT (0.020 seconds)
0.28/0.36	['concat', 'concat']: UNSAT (0.033 seconds)
0.35/0.40	['concat', 'index']: UNSAT (0.032 seconds)
0.35/0.43	['concat', 'length']: UNSAT (0.026 seconds)
0.35/0.46	['concat', 'substr']: UNSAT (0.169 seconds)
0.54/0.63	['concat', 'add']: UNSAT (0.029 seconds)
0.62/0.66	['concat', 'sub']: UNSAT (0.028 seconds)
0.62/0.69	['index', 'index']: UNSAT (0.034 seconds)
0.68/0.72	['index', 'length']: UNSAT (0.027 seconds)
0.68/0.75	['index', 'substr']: UNSAT (0.061 seconds)
0.78/0.81	['index', 'add']: UNSAT (0.031 seconds)
0.78/0.84	['index', 'sub']: UNSAT (0.031 seconds)
0.78/0.87	['length', 'length']: UNSAT (0.022 seconds)
0.78/0.90	['length', 'substr']: UNSAT (0.033 seconds)
0.88/0.93	['length', 'add']: UNSAT (0.021 seconds)
0.88/0.95	['length', 'sub']: UNSAT (0.021 seconds)
0.88/0.97	['substr', 'substr']: UNSAT (0.043 seconds)
0.88/1.02	['substr', 'add']: UNSAT (0.032 seconds)
0.99/1.05	['substr', 'sub']: UNSAT (0.029 seconds)
0.99/1.08	['add', 'add']: UNSAT (0.022 seconds)
0.99/1.10	['add', 'sub']: UNSAT (0.023 seconds)
1.10/1.13	['sub', 'sub']: UNSAT (0.023 seconds)
1.10/1.15	['concat', 'concat', 'concat']: UNSAT (0.074 seconds)
1.18/1.23	['concat', 'concat', 'index']: UNSAT (0.035 seconds)
1.18/1.26	['concat', 'concat', 'length']: UNSAT (0.031 seconds)
1.18/1.29	['concat', 'concat', 'substr']: SAT (0.338 seconds)
1.57/1.63	concat('10/05', concat('/20', substr(arg0, -4684, -4683)))
