0.11/0.20	=== Examples (../../dataset/examples/examples-39.json)
0.11/0.20	IO(inputs=('who cares about when',), output='Created on who cares about ')
0.11/0.20	=== Library
0.11/0.20	concat
0.11/0.20	index
0.11/0.20	length
0.11/0.20	substr
0.11/0.20	add
0.11/0.20	sub
0.11/0.20	=== Synthesis
0.11/0.20	['concat']: UNSAT (0.024 seconds)
0.11/0.23	['index']: UNSAT (0.022 seconds)
0.11/0.25	['length']: UNSAT (0.018 seconds)
0.11/0.27	['substr']: UNSAT (0.025 seconds)
0.11/0.29	['add']: UNSAT (0.020 seconds)
0.11/0.31	['sub']: UNSAT (0.020 seconds)
0.27/0.34	['concat', 'concat']: UNSAT (0.076 seconds)
0.38/0.41	['concat', 'index']: UNSAT (0.032 seconds)
0.38/0.45	['concat', 'length']: UNSAT (0.026 seconds)
0.38/0.47	['concat', 'substr']: UNSAT (0.088 seconds)
0.45/0.56	['concat', 'add']: UNSAT (0.028 seconds)
0.55/0.59	['concat', 'sub']: UNSAT (0.029 seconds)
0.55/0.62	['index', 'index']: UNSAT (0.034 seconds)
0.63/0.66	['index', 'length']: UNSAT (0.022 seconds)
0.63/0.68	['index', 'substr']: UNSAT (0.034 seconds)
0.68/0.71	['index', 'add']: UNSAT (0.025 seconds)
0.68/0.74	['index', 'sub']: UNSAT (0.026 seconds)
0.68/0.77	['length', 'length']: UNSAT (0.018 seconds)
0.68/0.78	['length', 'substr']: UNSAT (0.025 seconds)
0.78/0.81	['length', 'add']: UNSAT (0.020 seconds)
0.78/0.83	['length', 'sub']: UNSAT (0.020 seconds)
0.78/0.85	['substr', 'substr']: UNSAT (0.030 seconds)
0.78/0.88	['substr', 'add']: UNSAT (0.029 seconds)
0.88/0.91	['substr', 'sub']: UNSAT (0.029 seconds)
0.88/0.94	['add', 'add']: UNSAT (0.024 seconds)
0.88/0.97	['add', 'sub']: UNSAT (0.023 seconds)
0.88/0.99	['sub', 'sub']: UNSAT (0.023 seconds)
0.88/1.02	['concat', 'concat', 'concat']: UNSAT (1.701 seconds)
2.69/2.72	['concat', 'concat', 'index']: UNSAT (0.037 seconds)
2.69/2.75	['concat', 'concat', 'length']: UNSAT (0.031 seconds)
2.69/2.79	['concat', 'concat', 'substr']: UNSAT (5.324 seconds)
8.02/8.11	['concat', 'concat', 'add']: UNSAT (0.032 seconds)
8.13/8.14	['concat', 'concat', 'sub']: UNSAT (0.031 seconds)
8.13/8.18	['concat', 'index', 'index']: UNSAT (0.039 seconds)
8.19/8.22	['concat', 'index', 'length']: UNSAT (0.032 seconds)
8.19/8.25	['concat', 'index', 'substr']: UNSAT (0.119 seconds)
8.29/8.37	['concat', 'index', 'add']: UNSAT (0.035 seconds)
8.39/8.40	['concat', 'index', 'sub']: UNSAT (0.035 seconds)
8.39/8.44	['concat', 'length', 'length']: UNSAT (0.027 seconds)
8.39/8.47	['concat', 'length', 'substr']: UNSAT (0.073 seconds)
8.49/8.54	['concat', 'length', 'add']: UNSAT (0.028 seconds)
8.49/8.57	['concat', 'length', 'sub']: UNSAT (0.029 seconds)
8.59/8.60	['concat', 'substr', 'substr']: UNSAT (0.391 seconds)
8.89/8.99	['concat', 'substr', 'add']: UNSAT (0.118 seconds)
9.01/9.11	['concat', 'substr', 'sub']: UNSAT (0.108 seconds)
9.19/9.22	['concat', 'add', 'add']: UNSAT (0.032 seconds)
9.19/9.25	['concat', 'add', 'sub']: UNSAT (0.033 seconds)
9.19/9.29	['concat', 'sub', 'sub']: UNSAT (0.031 seconds)
9.29/9.32	['index', 'index', 'index']: UNSAT (0.043 seconds)
9.29/9.36	['index', 'index', 'length']: UNSAT (0.035 seconds)
9.39/9.40	['index', 'index', 'substr']: UNSAT (0.066 seconds)
9.39/9.47	['index', 'index', 'add']: UNSAT (0.038 seconds)
9.49/9.50	['index', 'index', 'sub']: UNSAT (0.038 seconds)
9.49/9.54	['index', 'length', 'length']: UNSAT (0.029 seconds)
9.49/9.57	['index', 'length', 'substr']: UNSAT (0.038 seconds)
9.59/9.61	['index', 'length', 'add']: UNSAT (0.031 seconds)
9.59/9.64	['index', 'length', 'sub']: UNSAT (0.031 seconds)
9.59/9.68	['index', 'substr', 'substr']: UNSAT (0.074 seconds)
9.69/9.75	['index', 'substr', 'add']: UNSAT (0.052 seconds)
9.79/9.80	['index', 'substr', 'sub']: UNSAT (0.060 seconds)
9.79/9.86	['index', 'add', 'add']: UNSAT (0.037 seconds)
9.89/9.90	['index', 'add', 'sub']: UNSAT (0.036 seconds)
9.89/9.94	['index', 'sub', 'sub']: UNSAT (0.036 seconds)
9.89/9.98	['length', 'length', 'length']: UNSAT (0.022 seconds)
9.89/10.00	['length', 'length', 'substr']: UNSAT (0.033 seconds)
9.89/10.03	['length', 'length', 'add']: UNSAT (0.026 seconds)
10.02/10.06	['length', 'length', 'sub']: UNSAT (0.025 seconds)
10.02/10.09	['length', 'substr', 'substr']: UNSAT (0.049 seconds)
10.02/10.14	['length', 'substr', 'add']: UNSAT (0.038 seconds)
10.13/10.18	['length', 'substr', 'sub']: UNSAT (0.037 seconds)
10.19/10.21	['length', 'add', 'add']: UNSAT (0.029 seconds)
10.19/10.24	['length', 'add', 'sub']: UNSAT (0.030 seconds)
10.19/10.27	['length', 'sub', 'sub']: UNSAT (0.030 seconds)
10.29/10.31	['substr', 'substr', 'substr']: UNSAT (0.057 seconds)
10.29/10.36	['substr', 'substr', 'add']: UNSAT (0.044 seconds)
10.39/10.41	['substr', 'substr', 'sub']: UNSAT (0.044 seconds)
10.39/10.45	['substr', 'add', 'add']: UNSAT (0.038 seconds)
10.39/10.49	['substr', 'add', 'sub']: UNSAT (0.037 seconds)
10.49/10.53	['substr', 'sub', 'sub']: UNSAT (0.038 seconds)
10.49/10.57	['add', 'add', 'add']: UNSAT (0.034 seconds)
10.59/10.60	['add', 'add', 'sub']: UNSAT (0.034 seconds)
10.59/10.64	['add', 'sub', 'sub']: UNSAT (0.033 seconds)
10.59/10.67	['sub', 'sub', 'sub']: UNSAT (0.033 seconds)
10.69/10.71	['concat', 'concat', 'concat', 'concat']: UNKNOWN (92.199 seconds)
102.88/102.91	Reason: smt tactic failed to show goal to be sat/unsat max-conflicts-reached
102.88/102.91	Reason: smt tactic failed to show goal to be sat/unsat max-conflicts-reached
102.88/102.91	['concat', 'concat', 'concat', 'index']: UNSAT (0.056 seconds)
102.88/102.96	['concat', 'concat', 'concat', 'length']: UNSAT (0.043 seconds)
102.88/103.01	['concat', 'concat', 'concat', 'substr']: UNKNOWN (55.528 seconds)
158.48/158.54	Reason: smt tactic failed to show goal to be sat/unsat max-conflicts-reached
158.48/158.54	Reason: smt tactic failed to show goal to be sat/unsat max-conflicts-reached
158.48/158.54	['concat', 'concat', 'concat', 'add']: UNSAT (0.042 seconds)
158.48/158.58	['concat', 'concat', 'concat', 'sub']: UNSAT (0.044 seconds)
158.58/158.63	['concat', 'concat', 'index', 'index']: UNSAT (0.054 seconds)
158.58/158.68	['concat', 'concat', 'index', 'length']: UNSAT (0.043 seconds)
158.68/158.72	['concat', 'concat', 'index', 'substr']: UNSAT (17.483 seconds)
176.18/176.21	['concat', 'concat', 'index', 'add']: UNSAT (0.045 seconds)
176.18/176.25	['concat', 'concat', 'index', 'sub']: UNSAT (0.049 seconds)
176.28/176.30	['concat', 'concat', 'length', 'length']: UNSAT (0.042 seconds)
176.28/176.35	['concat', 'concat', 'length', 'substr']: UNSAT (6.683 seconds)
182.88/183.03	['concat', 'concat', 'length', 'add']: UNSAT (0.038 seconds)
183.00/183.07	['concat', 'concat', 'length', 'sub']: UNSAT (0.038 seconds)
183.00/183.11	['concat', 'concat', 'substr', 'substr']: UNKNOWN (49.215 seconds)
232.28/232.33	Reason: smt tactic failed to show goal to be sat/unsat max-conflicts-reached
232.28/232.33	Reason: smt tactic failed to show goal to be sat/unsat max-conflicts-reached
232.28/232.33	['concat', 'concat', 'substr', 'add']: UNSAT (10.118 seconds)
242.38/242.45	['concat', 'concat', 'substr', 'sub']: UNSAT (11.620 seconds)
254.00/254.07	['concat', 'concat', 'add', 'add']: UNSAT (0.040 seconds)
254.00/254.11	['concat', 'concat', 'add', 'sub']: UNSAT (0.042 seconds)
254.12/254.15	['concat', 'concat', 'sub', 'sub']: UNSAT (0.043 seconds)
254.12/254.20	['concat', 'index', 'index', 'index']: UNSAT (0.057 seconds)
254.18/254.25	['concat', 'index', 'index', 'length']: UNSAT (0.048 seconds)
254.28/254.30	['concat', 'index', 'index', 'substr']: UNSAT (0.481 seconds)
254.68/254.78	['concat', 'index', 'index', 'add']: UNSAT (0.050 seconds)
254.78/254.84	['concat', 'index', 'index', 'sub']: UNSAT (0.051 seconds)
254.78/254.89	['concat', 'index', 'length', 'length']: UNSAT (0.040 seconds)
254.88/254.93	['concat', 'index', 'length', 'substr']: UNSAT (0.189 seconds)
255.01/255.12	['concat', 'index', 'length', 'add']: UNSAT (0.042 seconds)
255.13/255.16	['concat', 'index', 'length', 'sub']: UNSAT (0.043 seconds)
255.18/255.21	['concat', 'index', 'substr', 'substr']: UNSAT (5.376 seconds)
260.48/260.58	['concat', 'index', 'substr', 'add']: UNSAT (0.275 seconds)
260.78/260.86	['concat', 'index', 'substr', 'sub']: UNSAT (0.246 seconds)
261.01/261.11	['concat', 'index', 'add', 'add']: UNSAT (0.046 seconds)
261.12/261.15	['concat', 'index', 'add', 'sub']: UNSAT (0.046 seconds)
261.18/261.20	['concat', 'index', 'sub', 'sub']: UNSAT (0.047 seconds)
261.18/261.25	['concat', 'length', 'length', 'length']: UNSAT (0.033 seconds)
261.18/261.28	['concat', 'length', 'length', 'substr']: UNSAT (0.087 seconds)
261.28/261.37	['concat', 'length', 'length', 'add']: UNSAT (0.036 seconds)
261.38/261.41	['concat', 'length', 'length', 'sub']: UNSAT (0.034 seconds)
261.38/261.44	['concat', 'length', 'substr', 'substr']: UNSAT (1.962 seconds)
263.38/263.40	['concat', 'length', 'substr', 'add']: UNSAT (0.201 seconds)
263.58/263.61	['concat', 'length', 'substr', 'sub']: UNSAT (0.189 seconds)
263.68/263.80	['concat', 'length', 'add', 'add']: UNSAT (0.039 seconds)
263.78/263.84	['concat', 'length', 'add', 'sub']: UNSAT (0.039 seconds)
263.78/263.88	['concat', 'length', 'sub', 'sub']: UNSAT (0.036 seconds)
263.88/263.91	['concat', 'substr', 'substr', 'substr']: UNSAT (2.291 seconds)
266.18/266.20	['concat', 'substr', 'substr', 'add']: UNSAT (1.586 seconds)
267.68/267.79	['concat', 'substr', 'substr', 'sub']: UNSAT (1.583 seconds)
269.28/269.37	['concat', 'substr', 'add', 'add']: UNSAT (0.132 seconds)
269.48/269.51	['concat', 'substr', 'add', 'sub']: UNSAT (0.175 seconds)
269.58/269.68	['concat', 'substr', 'sub', 'sub']: UNSAT (0.209 seconds)
269.78/269.89	['concat', 'add', 'add', 'add']: UNSAT (0.046 seconds)
269.88/269.94	['concat', 'add', 'add', 'sub']: UNSAT (0.049 seconds)
269.88/269.99	['concat', 'add', 'sub', 'sub']: UNSAT (0.044 seconds)
269.88/270.03	['concat', 'sub', 'sub', 'sub']: UNSAT (0.043 seconds)
270.01/270.08	['index', 'index', 'index', 'index']: UNSAT (0.058 seconds)
270.12/270.14	['index', 'index', 'index', 'length']: UNSAT (0.051 seconds)
270.12/270.19	['index', 'index', 'index', 'substr']: UNSAT (0.133 seconds)
270.28/270.32	['index', 'index', 'index', 'add']: UNSAT (0.056 seconds)
270.28/270.38	['index', 'index', 'index', 'sub']: UNSAT (0.053 seconds)
270.38/270.43	['index', 'index', 'length', 'length']: UNSAT (0.042 seconds)
270.38/270.48	['index', 'index', 'length', 'substr']: UNSAT (0.057 seconds)
270.48/270.53	['index', 'index', 'length', 'add']: UNSAT (0.047 seconds)
270.48/270.58	['index', 'index', 'length', 'sub']: UNSAT (0.047 seconds)
270.58/270.63	['index', 'index', 'substr', 'substr']: UNSAT (0.179 seconds)
270.78/270.81	['index', 'index', 'substr', 'add']: UNSAT (0.081 seconds)
270.78/270.89	['index', 'index', 'substr', 'sub']: UNSAT (0.075 seconds)
270.88/270.97	['index', 'index', 'add', 'add']: UNSAT (0.053 seconds)
270.88/271.02	['index', 'index', 'add', 'sub']: UNSAT (0.053 seconds)
271.00/271.08	['index', 'index', 'sub', 'sub']: UNSAT (0.052 seconds)
271.00/271.13	['index', 'length', 'length', 'length']: UNSAT (0.036 seconds)
271.12/271.17	['index', 'length', 'length', 'substr']: UNSAT (0.047 seconds)
271.18/271.21	['index', 'length', 'length', 'add']: UNSAT (0.037 seconds)
271.18/271.25	['index', 'length', 'length', 'sub']: UNSAT (0.036 seconds)
271.18/271.29	['index', 'length', 'substr', 'substr']: UNSAT (0.080 seconds)
271.28/271.37	['index', 'length', 'substr', 'add']: UNSAT (0.061 seconds)
271.38/271.43	['index', 'length', 'substr', 'sub']: UNSAT (0.063 seconds)
271.48/271.50	['index', 'length', 'add', 'add']: UNSAT (0.043 seconds)
271.48/271.54	['index', 'length', 'add', 'sub']: UNSAT (0.043 seconds)
271.48/271.59	['index', 'length', 'sub', 'sub']: UNSAT (0.046 seconds)
271.58/271.63	['index', 'substr', 'substr', 'substr']: UNSAT (0.165 seconds)
271.78/271.80	['index', 'substr', 'substr', 'add']: UNSAT (0.094 seconds)
271.78/271.89	['index', 'substr', 'substr', 'sub']: UNSAT (0.097 seconds)
271.88/271.99	['index', 'substr', 'add', 'add']: UNSAT (0.071 seconds)
272.00/272.06	['index', 'substr', 'add', 'sub']: UNSAT (0.069 seconds)
272.00/272.13	['index', 'substr', 'sub', 'sub']: UNSAT (0.079 seconds)
272.18/272.21	['index', 'add', 'add', 'add']: UNSAT (0.052 seconds)
272.18/272.27	['index', 'add', 'add', 'sub']: UNSAT (0.054 seconds)
272.28/272.32	['index', 'add', 'sub', 'sub']: UNSAT (0.054 seconds)
272.28/272.38	['index', 'sub', 'sub', 'sub']: UNSAT (0.050 seconds)
272.38/272.43	['length', 'length', 'length', 'length']: UNSAT (0.028 seconds)
272.38/272.46	['length', 'length', 'length', 'substr']: UNSAT (0.035 seconds)
272.38/272.49	['length', 'length', 'length', 'add']: UNSAT (0.029 seconds)
272.48/272.52	['length', 'length', 'length', 'sub']: UNSAT (0.030 seconds)
272.48/272.55	['length', 'length', 'substr', 'substr']: UNSAT (0.066 seconds)
272.58/272.62	['length', 'length', 'substr', 'add']: UNSAT (0.048 seconds)
272.58/272.67	['length', 'length', 'substr', 'sub']: UNSAT (0.050 seconds)
272.68/272.72	['length', 'length', 'add', 'add']: UNSAT (0.035 seconds)
272.68/272.75	['length', 'length', 'add', 'sub']: UNSAT (0.035 seconds)
272.68/272.79	['length', 'length', 'sub', 'sub']: UNSAT (0.035 seconds)
272.78/272.83	['length', 'substr', 'substr', 'substr']: UNSAT (0.104 seconds)
272.88/272.93	['length', 'substr', 'substr', 'add']: UNSAT (0.080 seconds)
272.88/273.01	['length', 'substr', 'substr', 'sub']: UNSAT (0.078 seconds)
273.00/273.09	['length', 'substr', 'add', 'add']: UNSAT (0.057 seconds)
273.12/273.15	['length', 'substr', 'add', 'sub']: UNSAT (0.056 seconds)
273.18/273.21	['length', 'substr', 'sub', 'sub']: UNSAT (0.054 seconds)
273.18/273.26	['length', 'add', 'add', 'add']: UNSAT (0.043 seconds)
273.28/273.31	['length', 'add', 'add', 'sub']: UNSAT (0.044 seconds)
273.28/273.35	['length', 'add', 'sub', 'sub']: UNSAT (0.042 seconds)
273.28/273.39	['length', 'sub', 'sub', 'sub']: UNSAT (0.044 seconds)
273.38/273.44	['substr', 'substr', 'substr', 'substr']: UNSAT (0.107 seconds)
273.48/273.55	['substr', 'substr', 'substr', 'add']: UNSAT (0.073 seconds)
273.58/273.62	['substr', 'substr', 'substr', 'sub']: UNSAT (0.075 seconds)
273.68/273.70	['substr', 'substr', 'add', 'add']: UNSAT (0.058 seconds)
273.68/273.76	['substr', 'substr', 'add', 'sub']: UNSAT (0.057 seconds)
273.78/273.81	['substr', 'substr', 'sub', 'sub']: UNSAT (0.057 seconds)
273.78/273.87	['substr', 'add', 'add', 'add']: UNSAT (0.052 seconds)
273.88/273.92	['substr', 'add', 'add', 'sub']: UNSAT (0.053 seconds)
273.88/273.98	['substr', 'add', 'sub', 'sub']: UNSAT (0.051 seconds)
273.88/274.03	['substr', 'sub', 'sub', 'sub']: UNSAT (0.049 seconds)
274.01/274.08	['add', 'add', 'add', 'add']: UNSAT (0.045 seconds)
274.01/274.13	['add', 'add', 'add', 'sub']: UNSAT (0.046 seconds)
274.12/274.17	['add', 'add', 'sub', 'sub']: UNSAT (0.048 seconds)
274.18/274.22	['add', 'sub', 'sub', 'sub']: UNSAT (0.047 seconds)
274.18/274.27	['sub', 'sub', 'sub', 'sub']: UNSAT (0.048 seconds)
274.28/274.32	['concat', 'concat', 'concat', 'concat', 'concat']: UNKNOWN (130.658 seconds)
404.88/404.98	Reason: smt tactic failed to show goal to be sat/unsat max-conflicts-reached
404.88/404.98	Reason: smt tactic failed to show goal to be sat/unsat max-conflicts-reached
404.88/404.98	['concat', 'concat', 'concat', 'concat', 'index']: UNSAT (0.068 seconds)
405.00/405.05	['concat', 'concat', 'concat', 'concat', 'length']: UNSAT (0.059 seconds)
405.00/405.11	['concat', 'concat', 'concat', 'concat', 'substr']: UNKNOWN (88.439 seconds)
493.47/493.55	Reason: smt tactic failed to show goal to be sat/unsat max-conflicts-reached
493.47/493.55	Reason: smt tactic failed to show goal to be sat/unsat max-conflicts-reached
493.47/493.55	['concat', 'concat', 'concat', 'concat', 'add']: UNSAT (0.058 seconds)
493.57/493.61	['concat', 'concat', 'concat', 'concat', 'sub']: UNSAT (0.057 seconds)
493.57/493.66	['concat', 'concat', 'concat', 'index', 'index']: UNSAT (0.069 seconds)
493.67/493.73	['concat', 'concat', 'concat', 'index', 'length']: UNSAT (0.063 seconds)
493.77/493.80	['concat', 'concat', 'concat', 'index', 'substr']: UNKNOWN (67.485 seconds)
561.17/561.28	Reason: smt tactic failed to show goal to be sat/unsat max-conflicts-reached
561.17/561.28	Reason: smt tactic failed to show goal to be sat/unsat max-conflicts-reached
561.17/561.28	['concat', 'concat', 'concat', 'index', 'add']: UNSAT (0.063 seconds)
561.27/561.35	['concat', 'concat', 'concat', 'index', 'sub']: UNSAT (0.062 seconds)
561.37/561.41	['concat', 'concat', 'concat', 'length', 'length']: UNSAT (0.053 seconds)
561.37/561.46	['concat', 'concat', 'concat', 'length', 'substr']: 