0.13/0.20	=== Examples (../../dataset/examples/examples-40.json)
0.13/0.20	IO(inputs=('who cares about when',), output='updated on who cares about ')
0.13/0.20	=== Library
0.13/0.20	concat
0.13/0.20	index
0.13/0.20	length
0.13/0.20	substr
0.13/0.20	add
0.13/0.20	sub
0.13/0.20	=== Synthesis
0.13/0.20	['concat']: UNSAT (0.036 seconds)
0.13/0.24	['index']: UNSAT (0.036 seconds)
0.13/0.28	['length']: UNSAT (0.026 seconds)
0.13/0.31	['substr']: UNSAT (0.030 seconds)
0.27/0.34	['add']: UNSAT (0.020 seconds)
0.27/0.36	['sub']: UNSAT (0.019 seconds)
0.27/0.38	['concat', 'concat']: UNSAT (0.063 seconds)
0.36/0.44	['concat', 'index']: UNSAT (0.028 seconds)
0.41/0.47	['concat', 'length']: UNSAT (0.022 seconds)
0.41/0.49	['concat', 'substr']: UNSAT (0.074 seconds)
0.41/0.57	['concat', 'add']: UNSAT (0.024 seconds)
0.56/0.59	['concat', 'sub']: UNSAT (0.023 seconds)
0.56/0.62	['index', 'index']: UNSAT (0.028 seconds)
0.56/0.65	['index', 'length']: UNSAT (0.023 seconds)
0.63/0.67	['index', 'substr']: UNSAT (0.034 seconds)
0.67/0.71	['index', 'add']: UNSAT (0.025 seconds)
0.67/0.73	['index', 'sub']: UNSAT (0.025 seconds)
0.67/0.76	['length', 'length']: UNSAT (0.018 seconds)
0.67/0.78	['length', 'substr']: UNSAT (0.025 seconds)
0.77/0.80	['length', 'add']: UNSAT (0.021 seconds)
0.77/0.83	['length', 'sub']: UNSAT (0.021 seconds)
0.77/0.85	['substr', 'substr']: UNSAT (0.033 seconds)
0.77/0.88	['substr', 'add']: UNSAT (0.029 seconds)
0.87/0.91	['substr', 'sub']: UNSAT (0.029 seconds)
0.87/0.94	['add', 'add']: UNSAT (0.025 seconds)
0.87/0.97	['add', 'sub']: UNSAT (0.024 seconds)
0.87/0.99	['sub', 'sub']: UNSAT (0.024 seconds)
0.87/1.02	['concat', 'concat', 'concat']: UNSAT (1.863 seconds)
2.77/2.88	['concat', 'concat', 'index']: UNSAT (0.039 seconds)
2.87/2.92	['concat', 'concat', 'length']: UNSAT (0.032 seconds)
2.87/2.95	['concat', 'concat', 'substr']: UNSAT (4.460 seconds)
7.37/7.41	['concat', 'concat', 'add']: UNSAT (0.031 seconds)
7.37/7.44	['concat', 'concat', 'sub']: UNSAT (0.031 seconds)
7.37/7.48	['concat', 'index', 'index']: UNSAT (0.041 seconds)
7.47/7.52	['concat', 'index', 'length']: UNSAT (0.034 seconds)
7.47/7.55	['concat', 'index', 'substr']: UNSAT (0.159 seconds)
7.67/7.71	['concat', 'index', 'add']: UNSAT (0.036 seconds)
7.67/7.75	['concat', 'index', 'sub']: UNSAT (0.037 seconds)
7.67/7.79	['concat', 'length', 'length']: UNSAT (0.028 seconds)
7.77/7.82	['concat', 'length', 'substr']: UNSAT (0.075 seconds)
7.77/7.89	['concat', 'length', 'add']: UNSAT (0.029 seconds)
7.87/7.92	['concat', 'length', 'sub']: UNSAT (0.029 seconds)
7.87/7.95	['concat', 'substr', 'substr']: UNSAT (0.331 seconds)
8.25/8.29	['concat', 'substr', 'add']: UNSAT (0.118 seconds)
8.37/8.40	['concat', 'substr', 'sub']: UNSAT (0.111 seconds)
8.47/8.52	['concat', 'add', 'add']: UNSAT (0.033 seconds)
8.47/8.55	['concat', 'add', 'sub']: UNSAT (0.033 seconds)
8.47/8.58	['concat', 'sub', 'sub']: UNSAT (0.032 seconds)
8.57/8.62	['index', 'index', 'index']: UNSAT (0.042 seconds)
8.57/8.66	['index', 'index', 'length']: UNSAT (0.036 seconds)
8.67/8.70	['index', 'index', 'substr']: UNSAT (0.070 seconds)
8.67/8.77	['index', 'index', 'add']: UNSAT (0.037 seconds)
8.77/8.81	['index', 'index', 'sub']: UNSAT (0.038 seconds)
8.77/8.84	['index', 'length', 'length']: UNSAT (0.030 seconds)
8.77/8.87	['index', 'length', 'substr']: UNSAT (0.037 seconds)
8.87/8.91	['index', 'length', 'add']: UNSAT (0.032 seconds)
8.87/8.95	['index', 'length', 'sub']: UNSAT (0.031 seconds)
8.87/8.98	['index', 'substr', 'substr']: UNSAT (0.074 seconds)
8.97/9.05	['index', 'substr', 'add']: UNSAT (0.053 seconds)
8.97/9.11	['index', 'substr', 'sub']: UNSAT (0.059 seconds)
8.97/9.17	['index', 'add', 'add']: UNSAT (0.037 seconds)
9.14/9.20	['index', 'add', 'sub']: UNSAT (0.038 seconds)
9.14/9.24	['index', 'sub', 'sub']: UNSAT (0.039 seconds)
9.24/9.28	['length', 'length', 'length']: UNSAT (0.024 seconds)
9.27/9.31	['length', 'length', 'substr']: UNSAT (0.033 seconds)
9.27/9.34	['length', 'length', 'add']: UNSAT (0.026 seconds)
9.27/9.37	['length', 'length', 'sub']: UNSAT (0.026 seconds)
9.27/9.40	['length', 'substr', 'substr']: UNSAT (0.049 seconds)
9.37/9.45	['length', 'substr', 'add']: UNSAT (0.037 seconds)
9.37/9.48	['length', 'substr', 'sub']: UNSAT (0.037 seconds)
9.47/9.52	['length', 'add', 'add']: UNSAT (0.029 seconds)
9.47/9.55	['length', 'add', 'sub']: UNSAT (0.029 seconds)
9.47/9.58	['length', 'sub', 'sub']: UNSAT (0.032 seconds)
9.57/9.61	['substr', 'substr', 'substr']: UNSAT (0.057 seconds)
9.57/9.67	['substr', 'substr', 'add']: UNSAT (0.044 seconds)
9.67/9.72	['substr', 'substr', 'sub']: UNSAT (0.044 seconds)
9.67/9.76	['substr', 'add', 'add']: UNSAT (0.038 seconds)
9.77/9.80	['substr', 'add', 'sub']: UNSAT (0.037 seconds)
9.77/9.84	['substr', 'sub', 'sub']: UNSAT (0.037 seconds)
9.77/9.88	['add', 'add', 'add']: UNSAT (0.033 seconds)
9.87/9.91	['add', 'add', 'sub']: UNSAT (0.033 seconds)
9.87/9.94	['add', 'sub', 'sub']: UNSAT (0.034 seconds)
9.87/9.98	['sub', 'sub', 'sub']: UNSAT (0.034 seconds)
9.97/10.01	['concat', 'concat', 'concat', 'concat']: UNKNOWN (95.808 seconds)
105.76/105.82	Reason: smt tactic failed to show goal to be sat/unsat max-conflicts-reached
105.76/105.82	Reason: smt tactic failed to show goal to be sat/unsat max-conflicts-reached
105.76/105.82	['concat', 'concat', 'concat', 'index']: UNSAT (0.052 seconds)
105.76/105.87	['concat', 'concat', 'concat', 'length']: UNSAT (0.044 seconds)
105.86/105.92	['concat', 'concat', 'concat', 'substr']: UNKNOWN (46.728 seconds)
152.56/152.65	Reason: smt tactic failed to show goal to be sat/unsat max-conflicts-reached
152.56/152.65	Reason: smt tactic failed to show goal to be sat/unsat max-conflicts-reached
152.56/152.65	['concat', 'concat', 'concat', 'add']: UNSAT (0.044 seconds)
152.56/152.69	['concat', 'concat', 'concat', 'sub']: UNSAT (0.042 seconds)
152.66/152.74	['concat', 'concat', 'index', 'index']: UNSAT (0.052 seconds)
152.66/152.79	['concat', 'concat', 'index', 'length']: UNSAT (0.043 seconds)
152.76/152.83	['concat', 'concat', 'index', 'substr']: UNSAT (18.206 seconds)
170.96/171.04	['concat', 'concat', 'index', 'add']: UNSAT (0.043 seconds)
170.96/171.08	['concat', 'concat', 'index', 'sub']: UNSAT (0.043 seconds)
170.96/171.13	['concat', 'concat', 'length', 'length']: UNSAT (0.034 seconds)
171.09/171.16	['concat', 'concat', 'length', 'substr']: UNSAT (4.451 seconds)
175.56/175.61	['concat', 'concat', 'length', 'add']: UNSAT (0.038 seconds)
175.56/175.65	['concat', 'concat', 'length', 'sub']: UNSAT (0.038 seconds)
175.56/175.69	['concat', 'concat', 'substr', 'substr']: UNKNOWN (43.243 seconds)
218.86/218.94	Reason: smt tactic failed to show goal to be sat/unsat max-conflicts-reached
218.86/218.94	Reason: smt tactic failed to show goal to be sat/unsat max-conflicts-reached
218.86/218.94	['concat', 'concat', 'substr', 'add']: UNSAT (6.186 seconds)
225.06/225.12	['concat', 'concat', 'substr', 'sub']: UNSAT (5.502 seconds)
230.56/230.63	['concat', 'concat', 'add', 'add']: UNSAT (0.041 seconds)
230.56/230.67	['concat', 'concat', 'add', 'sub']: UNSAT (0.040 seconds)
230.66/230.71	['concat', 'concat', 'sub', 'sub']: UNSAT (0.039 seconds)
230.66/230.75	['concat', 'index', 'index', 'index']: UNSAT (0.053 seconds)
230.76/230.80	['concat', 'index', 'index', 'length']: UNSAT (0.047 seconds)
230.76/230.85	['concat', 'index', 'index', 'substr']: UNSAT (0.467 seconds)
231.23/231.32	['concat', 'index', 'index', 'add']: UNSAT (0.047 seconds)
231.23/231.37	['concat', 'index', 'index', 'sub']: UNSAT (0.045 seconds)
231.37/231.41	['concat', 'index', 'length', 'length']: UNSAT (0.036 seconds)
231.37/231.45	['concat', 'index', 'length', 'substr']: UNSAT (0.174 seconds)
231.57/231.63	['concat', 'index', 'length', 'add']: UNSAT (0.039 seconds)
231.57/231.66	['concat', 'index', 'length', 'sub']: UNSAT (0.039 seconds)
231.67/231.70	['concat', 'index', 'substr', 'substr']: UNSAT (2.245 seconds)
233.87/233.95	['concat', 'index', 'substr', 'add']: UNSAT (0.241 seconds)
234.07/234.19	['concat', 'index', 'substr', 'sub']: UNSAT (0.208 seconds)
234.37/234.40	['concat', 'index', 'add', 'add']: UNSAT (0.046 seconds)
234.37/234.45	['concat', 'index', 'add', 'sub']: UNSAT (0.043 seconds)
234.37/234.49	['concat', 'index', 'sub', 'sub']: UNSAT (0.044 seconds)
234.47/234.54	['concat', 'length', 'length', 'length']: UNSAT (0.030 seconds)
234.47/234.57	['concat', 'length', 'length', 'substr']: UNSAT (0.080 seconds)
234.57/234.65	['concat', 'length', 'length', 'add']: UNSAT (0.032 seconds)
234.57/234.68	['concat', 'length', 'length', 'sub']: UNSAT (0.032 seconds)
234.67/234.71	['concat', 'length', 'substr', 'substr']: UNSAT (1.871 seconds)
236.47/236.59	['concat', 'length', 'substr', 'add']: UNSAT (0.199 seconds)
236.67/236.79	['concat', 'length', 'substr', 'sub']: UNSAT (0.174 seconds)
236.87/236.96	['concat', 'length', 'add', 'add']: UNSAT (0.035 seconds)
236.97/237.00	['concat', 'length', 'add', 'sub']: UNSAT (0.036 seconds)
236.97/237.03	['concat', 'length', 'sub', 'sub']: UNSAT (0.035 seconds)
236.97/237.07	['concat', 'substr', 'substr', 'substr']: UNSAT (2.569 seconds)
239.57/239.64	['concat', 'substr', 'substr', 'add']: UNSAT (1.490 seconds)
241.07/241.13	['concat', 'substr', 'substr', 'sub']: UNSAT (1.683 seconds)
242.77/242.82	['concat', 'substr', 'add', 'add']: UNSAT (0.125 seconds)
242.87/242.94	['concat', 'substr', 'add', 'sub']: UNSAT (0.160 seconds)
243.07/243.10	['concat', 'substr', 'sub', 'sub']: UNSAT (0.204 seconds)
243.22/243.31	['concat', 'add', 'add', 'add']: UNSAT (0.043 seconds)
243.22/243.35	['concat', 'add', 'add', 'sub']: UNSAT (0.044 seconds)
243.33/243.40	['concat', 'add', 'sub', 'sub']: UNSAT (0.043 seconds)
243.37/243.44	['concat', 'sub', 'sub', 'sub']: UNSAT (0.044 seconds)
243.37/243.48	['index', 'index', 'index', 'index']: UNSAT (0.058 seconds)
243.47/243.54	['index', 'index', 'index', 'length']: UNSAT (0.048 seconds)
243.47/243.59	['index', 'index', 'index', 'substr']: UNSAT (0.125 seconds)
243.67/243.72	['index', 'index', 'index', 'add']: UNSAT (0.052 seconds)
243.67/243.77	['index', 'index', 'index', 'sub']: UNSAT (0.053 seconds)
243.77/243.83	['index', 'index', 'length', 'length']: UNSAT (0.039 seconds)
243.77/243.87	['index', 'index', 'length', 'substr']: UNSAT (0.054 seconds)
243.87/243.92	['index', 'index', 'length', 'add']: UNSAT (0.043 seconds)
243.87/243.96	['index', 'index', 'length', 'sub']: UNSAT (0.044 seconds)
243.97/244.01	['index', 'index', 'substr', 'substr']: UNSAT (0.174 seconds)
244.07/244.18	['index', 'index', 'substr', 'add']: UNSAT (0.079 seconds)
244.07/244.26	['index', 'index', 'substr', 'sub']: UNSAT (0.071 seconds)
244.23/244.33	['index', 'index', 'add', 'add']: UNSAT (0.050 seconds)
244.34/244.39	['index', 'index', 'add', 'sub']: UNSAT (0.050 seconds)
244.37/244.44	['index', 'index', 'sub', 'sub']: UNSAT (0.050 seconds)
244.37/244.49	['index', 'length', 'length', 'length']: UNSAT (0.033 seconds)
244.47/244.52	['index', 'length', 'length', 'substr']: UNSAT (0.048 seconds)
244.47/244.57	['index', 'length', 'length', 'add']: UNSAT (0.038 seconds)
244.57/244.61	['index', 'length', 'length', 'sub']: UNSAT (0.035 seconds)
244.57/244.64	['index', 'length', 'substr', 'substr']: UNSAT (0.080 seconds)
244.67/244.73	['index', 'length', 'substr', 'add']: UNSAT (0.059 seconds)
244.67/244.79	['index', 'length', 'substr', 'sub']: UNSAT (0.060 seconds)
244.77/244.85	['index', 'length', 'add', 'add']: UNSAT (0.040 seconds)
244.77/244.89	['index', 'length', 'add', 'sub']: UNSAT (0.040 seconds)
244.87/244.93	['index', 'length', 'sub', 'sub']: UNSAT (0.041 seconds)
244.87/244.97	['index', 'substr', 'substr', 'substr']: UNSAT (0.161 seconds)
245.07/245.13	['index', 'substr', 'substr', 'add']: UNSAT (0.089 seconds)
245.07/245.22	['index', 'substr', 'substr', 'sub']: UNSAT (0.097 seconds)
245.22/245.32	['index', 'substr', 'add', 'add']: UNSAT (0.065 seconds)
245.33/245.39	['index', 'substr', 'add', 'sub']: UNSAT (0.067 seconds)
245.37/245.45	['index', 'substr', 'sub', 'sub']: UNSAT (0.074 seconds)
245.47/245.53	['index', 'add', 'add', 'add']: UNSAT (0.051 seconds)
245.47/245.58	['index', 'add', 'add', 'sub']: UNSAT (0.051 seconds)
245.57/245.63	['index', 'add', 'sub', 'sub']: UNSAT (0.052 seconds)
245.57/245.69	['index', 'sub', 'sub', 'sub']: UNSAT (0.050 seconds)
245.67/245.74	['length', 'length', 'length', 'length']: UNSAT (0.026 seconds)
245.67/245.76	['length', 'length', 'length', 'substr']: UNSAT (0.033 seconds)
245.77/245.80	['length', 'length', 'length', 'add']: UNSAT (0.029 seconds)
245.77/245.83	['length', 'length', 'length', 'sub']: UNSAT (0.029 seconds)
245.77/245.86	['length', 'length', 'substr', 'substr']: UNSAT (0.062 seconds)
245.87/245.92	['length', 'length', 'substr', 'add']: UNSAT (0.043 seconds)
245.87/245.96	['length', 'length', 'substr', 'sub']: UNSAT (0.045 seconds)
245.97/246.01	['length', 'length', 'add', 'add']: UNSAT (0.033 seconds)
245.97/246.04	['length', 'length', 'add', 'sub']: UNSAT (0.033 seconds)
245.97/246.08	['length', 'length', 'sub', 'sub']: UNSAT (0.033 seconds)
246.07/246.11	['length', 'substr', 'substr', 'substr']: UNSAT (0.103 seconds)
246.07/246.22	['length', 'substr', 'substr', 'add']: UNSAT (0.075 seconds)
246.22/246.29	['length', 'substr', 'substr', 'sub']: UNSAT (0.075 seconds)
246.33/246.37	['length', 'substr', 'add', 'add']: UNSAT (0.051 seconds)
246.37/246.42	['length', 'substr', 'add', 'sub']: UNSAT (0.053 seconds)
246.37/246.47	['length', 'substr', 'sub', 'sub']: UNSAT (0.053 seconds)
246.47/246.53	['length', 'add', 'add', 'add']: UNSAT (0.041 seconds)
246.47/246.57	['length', 'add', 'add', 'sub']: UNSAT (0.043 seconds)
246.57/246.61	['length', 'add', 'sub', 'sub']: UNSAT (0.041 seconds)
246.57/246.65	['length', 'sub', 'sub', 'sub']: UNSAT (0.044 seconds)
246.67/246.70	['substr', 'substr', 'substr', 'substr']: UNSAT (0.104 seconds)
246.77/246.80	['substr', 'substr', 'substr', 'add']: UNSAT (0.070 seconds)
246.77/246.88	['substr', 'substr', 'substr', 'sub']: UNSAT (0.070 seconds)
246.87/246.95	['substr', 'substr', 'add', 'add']: UNSAT (0.056 seconds)
246.97/247.00	['substr', 'substr', 'add', 'sub']: UNSAT (0.054 seconds)
246.97/247.06	['substr', 'substr', 'sub', 'sub']: UNSAT (0.054 seconds)
247.07/247.11	['substr', 'add', 'add', 'add']: UNSAT (0.050 seconds)
247.07/247.16	['substr', 'add', 'add', 'sub']: UNSAT (0.049 seconds)
247.07/247.21	['substr', 'add', 'sub', 'sub']: UNSAT (0.050 seconds)
247.07/247.26	['substr', 'sub', 'sub', 'sub']: UNSAT (0.049 seconds)
247.23/247.31	['add', 'add', 'add', 'add']: UNSAT (0.044 seconds)
247.23/247.36	['add', 'add', 'add', 'sub']: UNSAT (0.044 seconds)
247.37/247.40	['add', 'add', 'sub', 'sub']: UNSAT (0.044 seconds)
247.37/247.45	['add', 'sub', 'sub', 'sub']: UNSAT (0.043 seconds)
247.37/247.49	['sub', 'sub', 'sub', 'sub']: UNSAT (0.044 seconds)
247.47/247.54	['concat', 'concat', 'concat', 'concat', 'concat']: UNKNOWN (137.202 seconds)
384.66/384.74	Reason: smt tactic failed to show goal to be sat/unsat max-conflicts-reached
384.66/384.74	Reason: smt tactic failed to show goal to be sat/unsat max-conflicts-reached
384.66/384.74	['concat', 'concat', 'concat', 'concat', 'index']: UNSAT (0.064 seconds)
384.76/384.81	['concat', 'concat', 'concat', 'concat', 'length']: UNSAT (0.057 seconds)
384.76/384.86	['concat', 'concat', 'concat', 'concat', 'substr']: UNKNOWN (64.936 seconds)
449.76/449.80	Reason: smt tactic failed to show goal to be sat/unsat max-conflicts-reached
449.76/449.80	Reason: smt tactic failed to show goal to be sat/unsat max-conflicts-reached
449.76/449.80	['concat', 'concat', 'concat', 'concat', 'add']: UNSAT (0.054 seconds)
449.76/449.86	['concat', 'concat', 'concat', 'concat', 'sub']: UNSAT (0.055 seconds)
449.86/449.91	['concat', 'concat', 'concat', 'index', 'index']: UNSAT (0.064 seconds)
449.86/449.98	['concat', 'concat', 'concat', 'index', 'length']: UNSAT (0.057 seconds)
449.96/450.04	['concat', 'concat', 'concat', 'index', 'substr']: UNKNOWN (77.770 seconds)
527.75/527.81	Reason: smt tactic failed to show goal to be sat/unsat max-conflicts-reached
527.75/527.81	Reason: smt tactic failed to show goal to be sat/unsat max-conflicts-reached
527.75/527.81	['concat', 'concat', 'concat', 'index', 'add']: UNSAT (0.056 seconds)
527.75/527.86	['concat', 'concat', 'concat', 'index', 'sub']: UNSAT (0.057 seconds)
527.85/527.92	['concat', 'concat', 'concat', 'length', 'length']: UNSAT (0.047 seconds)
527.85/527.97	['concat', 'concat', 'concat', 'length', 'substr']: UNKNOWN (57.829 seconds)
585.75/585.80	Reason: smt tactic failed to show goal to be sat/unsat max-conflicts-reached
585.75/585.80	Reason: smt tactic failed to show goal to be sat/unsat max-conflicts-reached
585.75/585.80	['concat', 'concat', 'concat', 'length', 'add']: UNSAT (0.048 seconds)
585.75/585.85	['concat', 'concat', 'concat', 'length', 'sub']: UNSAT (0.048 seconds)
585.85/585.90	['concat', 'concat', 'concat', 'substr', 'substr']: 