0.14/0.20	=== Examples (../../dataset/examples/examples-72.json)
0.14/0.20	IO(inputs=('just use', 'trim '), output='just use trim')
0.14/0.20	=== Library
0.14/0.20	concat
0.14/0.20	index
0.14/0.20	length
0.14/0.20	substr
0.14/0.20	add
0.14/0.20	sub
0.14/0.20	=== Synthesis
0.14/0.20	['concat']: UNSAT (0.025 seconds)
0.14/0.23	['index']: UNSAT (0.023 seconds)
0.14/0.25	['length']: UNSAT (0.019 seconds)
0.14/0.27	['substr']: UNSAT (0.024 seconds)
0.14/0.30	['add']: UNSAT (0.021 seconds)
0.29/0.32	['sub']: UNSAT (0.021 seconds)
0.29/0.34	['concat', 'concat']: UNSAT (0.036 seconds)
0.35/0.38	['concat', 'index']: UNSAT (0.035 seconds)
0.35/0.41	['concat', 'length']: UNSAT (0.028 seconds)
0.35/0.44	['concat', 'substr']: UNSAT (0.036 seconds)
0.35/0.48	['concat', 'add']: UNSAT (0.029 seconds)
0.45/0.51	['concat', 'sub']: UNSAT (0.029 seconds)
0.45/0.54	['index', 'index']: UNSAT (0.037 seconds)
0.45/0.57	['index', 'length']: UNSAT (0.028 seconds)
0.57/0.60	['index', 'substr']: UNSAT (0.035 seconds)
0.57/0.64	['index', 'add']: UNSAT (0.028 seconds)
0.65/0.67	['index', 'sub']: UNSAT (0.028 seconds)
0.65/0.70	['length', 'length']: UNSAT (0.020 seconds)
0.70/0.72	['length', 'substr']: UNSAT (0.026 seconds)
0.70/0.74	['length', 'add']: UNSAT (0.021 seconds)
0.70/0.77	['length', 'sub']: UNSAT (0.022 seconds)
0.70/0.79	['substr', 'substr']: UNSAT (0.032 seconds)
0.80/0.82	['substr', 'add']: UNSAT (0.027 seconds)
0.80/0.85	['substr', 'sub']: UNSAT (0.027 seconds)
0.80/0.88	['add', 'add']: UNSAT (0.027 seconds)
0.80/0.90	['add', 'sub']: UNSAT (0.025 seconds)
0.90/0.93	['sub', 'sub']: UNSAT (0.026 seconds)
0.90/0.96	['concat', 'concat', 'concat']: UNSAT (0.099 seconds)
0.90/1.06	['concat', 'concat', 'index']: UNSAT (0.041 seconds)
1.03/1.10	['concat', 'concat', 'length']: UNSAT (0.033 seconds)
1.03/1.13	['concat', 'concat', 'substr']: SAT (0.119 seconds)
1.20/1.25	substr(concat(concat(arg1, arg0), ' trim'), 5, 13)
