0.12/0.23	=== Examples (../../dataset/examples/examples-49.json)
0.12/0.23	IO(inputs=('john', 'doe'), output='JOHN DOE')
0.12/0.23	=== Library
0.12/0.23	concat
0.12/0.23	index
0.12/0.23	length
0.12/0.23	substr
0.12/0.23	add
0.12/0.23	sub
0.12/0.23	=== Synthesis
0.12/0.23	['concat']: UNSAT (0.038 seconds)
0.12/0.27	['index']: UNSAT (0.030 seconds)
0.12/0.30	['length']: UNSAT (0.021 seconds)
0.25/0.32	['substr']: UNSAT (0.025 seconds)
0.25/0.35	['add']: UNSAT (0.016 seconds)
0.25/0.36	['sub']: UNSAT (0.016 seconds)
0.25/0.38	['concat', 'concat']: UNSAT (0.030 seconds)
0.25/0.41	['concat', 'index']: UNSAT (0.027 seconds)
0.34/0.44	['concat', 'length']: UNSAT (0.022 seconds)
0.34/0.46	['concat', 'substr']: UNSAT (0.029 seconds)
0.43/0.49	['concat', 'add']: UNSAT (0.022 seconds)
0.43/0.51	['concat', 'sub']: UNSAT (0.023 seconds)
0.43/0.54	['index', 'index']: UNSAT (0.030 seconds)
0.50/0.57	['index', 'length']: UNSAT (0.022 seconds)
0.50/0.59	['index', 'substr']: UNSAT (0.029 seconds)
0.50/0.62	['index', 'add']: UNSAT (0.025 seconds)
0.59/0.65	['index', 'sub']: UNSAT (0.025 seconds)
0.59/0.67	['length', 'length']: UNSAT (0.017 seconds)
0.59/0.69	['length', 'substr']: UNSAT (0.025 seconds)
0.65/0.72	['length', 'add']: UNSAT (0.020 seconds)
0.65/0.74	['length', 'sub']: UNSAT (0.020 seconds)
0.65/0.76	['substr', 'substr']: UNSAT (0.030 seconds)
0.65/0.79	['substr', 'add']: UNSAT (0.027 seconds)
0.75/0.82	['substr', 'sub']: UNSAT (0.025 seconds)
0.75/0.84	['add', 'add']: UNSAT (0.023 seconds)
0.75/0.86	['add', 'sub']: UNSAT (0.024 seconds)
0.75/0.89	['sub', 'sub']: UNSAT (0.025 seconds)
0.85/0.91	['concat', 'concat', 'concat']: UNSAT (0.198 seconds)
0.99/1.11	['concat', 'concat', 'index']: UNSAT (0.038 seconds)
0.99/1.15	['concat', 'concat', 'length']: UNSAT (0.033 seconds)
1.12/1.19	['concat', 'concat', 'substr']: UNSAT (0.402 seconds)
1.45/1.59	['concat', 'concat', 'add']: UNSAT (0.032 seconds)
1.55/1.62	['concat', 'concat', 'sub']: UNSAT (0.032 seconds)
1.55/1.65	['concat', 'index', 'index']: UNSAT (0.040 seconds)
1.55/1.69	['concat', 'index', 'length']: UNSAT (0.033 seconds)
1.65/1.73	['concat', 'index', 'substr']: UNSAT (0.123 seconds)
1.75/1.85	['concat', 'index', 'add']: UNSAT (0.034 seconds)
1.75/1.89	['concat', 'index', 'sub']: UNSAT (0.035 seconds)
1.85/1.92	['concat', 'length', 'length']: UNSAT (0.025 seconds)
1.85/1.95	['concat', 'length', 'substr']: UNSAT (0.060 seconds)
1.85/2.01	['concat', 'length', 'add']: UNSAT (0.028 seconds)
1.85/2.04	['concat', 'length', 'sub']: UNSAT (0.028 seconds)
1.99/2.07	['concat', 'substr', 'substr']: UNSAT (0.051 seconds)
1.99/2.12	['concat', 'substr', 'add']: UNSAT (0.036 seconds)
1.99/2.15	['concat', 'substr', 'sub']: UNSAT (0.036 seconds)
2.12/2.19	['concat', 'add', 'add']: UNSAT (0.032 seconds)
2.15/2.22	['concat', 'add', 'sub']: UNSAT (0.032 seconds)
2.15/2.26	['concat', 'sub', 'sub']: UNSAT (0.034 seconds)
2.15/2.29	['index', 'index', 'index']: UNSAT (0.042 seconds)
2.25/2.34	['index', 'index', 'length']: UNSAT (0.035 seconds)
2.25/2.37	['index', 'index', 'substr']: UNSAT (0.053 seconds)
2.35/2.42	['index', 'index', 'add']: UNSAT (0.037 seconds)
2.35/2.46	['index', 'index', 'sub']: UNSAT (0.038 seconds)
2.45/2.50	['index', 'length', 'length']: UNSAT (0.028 seconds)
2.45/2.53	['index', 'length', 'substr']: UNSAT (0.037 seconds)
2.45/2.57	['index', 'length', 'add']: UNSAT (0.030 seconds)
2.55/2.60	['index', 'length', 'sub']: UNSAT (0.030 seconds)
2.55/2.63	['index', 'substr', 'substr']: UNSAT (0.049 seconds)
2.55/2.68	['index', 'substr', 'add']: UNSAT (0.043 seconds)
2.65/2.72	['index', 'substr', 'sub']: UNSAT (0.042 seconds)
2.65/2.77	['index', 'add', 'add']: UNSAT (0.035 seconds)
2.75/2.80	['index', 'add', 'sub']: UNSAT (0.035 seconds)
2.75/2.84	['index', 'sub', 'sub']: UNSAT (0.035 seconds)
2.75/2.87	['length', 'length', 'length']: UNSAT (0.022 seconds)
2.85/2.90	['length', 'length', 'substr']: UNSAT (0.030 seconds)
2.85/2.93	['length', 'length', 'add']: UNSAT (0.024 seconds)
2.85/2.95	['length', 'length', 'sub']: UNSAT (0.024 seconds)
2.85/2.97	['length', 'substr', 'substr']: UNSAT (0.039 seconds)
2.85/3.02	['length', 'substr', 'add']: UNSAT (0.033 seconds)
2.85/3.05	['length', 'substr', 'sub']: UNSAT (0.032 seconds)
2.99/3.08	['length', 'add', 'add']: UNSAT (0.027 seconds)
2.99/3.11	['length', 'add', 'sub']: UNSAT (0.027 seconds)
2.99/3.14	['length', 'sub', 'sub']: UNSAT (0.027 seconds)
2.99/3.17	['substr', 'substr', 'substr']: UNSAT (0.042 seconds)
3.15/3.21	['substr', 'substr', 'add']: UNSAT (0.040 seconds)
3.15/3.25	['substr', 'substr', 'sub']: UNSAT (0.042 seconds)
3.15/3.29	['substr', 'add', 'add']: UNSAT (0.037 seconds)
3.25/3.33	['substr', 'add', 'sub']: UNSAT (0.034 seconds)
3.25/3.36	['substr', 'sub', 'sub']: UNSAT (0.035 seconds)
3.35/3.40	['add', 'add', 'add']: UNSAT (0.033 seconds)
3.35/3.43	['add', 'add', 'sub']: UNSAT (0.032 seconds)
3.35/3.47	['add', 'sub', 'sub']: UNSAT (0.033 seconds)
3.45/3.50	['sub', 'sub', 'sub']: UNSAT (0.032 seconds)
3.45/3.53	['concat', 'concat', 'concat', 'concat']: UNSAT (29.860 seconds)
33.25/33.39	['concat', 'concat', 'concat', 'index']: UNSAT (0.055 seconds)
33.35/33.45	['concat', 'concat', 'concat', 'length']: UNSAT (0.049 seconds)
33.45/33.50	['concat', 'concat', 'concat', 'substr']: SAT (0.153 seconds)
33.55/33.66	substr(concat(concat(arg0, 'JOHN'), concat(' DOE\\x01', arg1)), 4, 8)
