0.00/0.17	=== Examples (../../dataset/examples/examples-84.json)
0.00/0.17	IO(inputs=('George Michael',), output='https://georgemichael.com')
0.00/0.17	=== Library
0.00/0.17	concat
0.00/0.17	index
0.00/0.17	length
0.00/0.17	substr
0.00/0.17	add
0.00/0.17	sub
0.00/0.17	=== Synthesis
0.00/0.17	['concat']: UNSAT (0.018 seconds)
0.00/0.19	['index']: UNSAT (0.016 seconds)
0.00/0.20	['length']: UNSAT (0.013 seconds)
0.18/0.22	['substr']: UNSAT (0.020 seconds)
0.18/0.24	['add']: UNSAT (0.016 seconds)
0.18/0.25	['sub']: UNSAT (0.016 seconds)
0.18/0.27	['concat', 'concat']: UNSAT (0.046 seconds)
0.18/0.32	['concat', 'index']: UNSAT (0.026 seconds)
0.18/0.34	['concat', 'length']: UNSAT (0.020 seconds)
0.18/0.37	['concat', 'substr']: UNSAT (0.040 seconds)
0.38/0.41	['concat', 'add']: UNSAT (0.021 seconds)
0.38/0.43	['concat', 'sub']: UNSAT (0.023 seconds)
0.38/0.45	['index', 'index']: UNSAT (0.030 seconds)
0.38/0.48	['index', 'length']: UNSAT (0.022 seconds)
0.38/0.51	['index', 'substr']: UNSAT (0.030 seconds)
0.52/0.54	['index', 'add']: UNSAT (0.024 seconds)
0.52/0.56	['index', 'sub']: UNSAT (0.026 seconds)
0.52/0.59	['length', 'length']: UNSAT (0.018 seconds)
0.52/0.61	['length', 'substr']: UNSAT (0.025 seconds)
0.52/0.63	['length', 'add']: UNSAT (0.020 seconds)
0.63/0.65	['length', 'sub']: UNSAT (0.018 seconds)
0.63/0.67	['substr', 'substr']: UNSAT (0.028 seconds)
0.63/0.70	['substr', 'add']: UNSAT (0.026 seconds)
0.63/0.73	['substr', 'sub']: UNSAT (0.026 seconds)
0.63/0.75	['add', 'add']: UNSAT (0.023 seconds)
0.76/0.78	['add', 'sub']: UNSAT (0.023 seconds)
0.77/0.80	['sub', 'sub']: UNSAT (0.021 seconds)
0.81/0.82	['concat', 'concat', 'concat']: UNSAT (1.249 seconds)
2.00/2.07	['concat', 'concat', 'index']: UNSAT (0.036 seconds)
2.10/2.11	['concat', 'concat', 'length']: UNSAT (0.028 seconds)
2.10/2.14	['concat', 'concat', 'substr']: UNSAT (2.462 seconds)
4.50/4.60	['concat', 'concat', 'add']: UNSAT (0.028 seconds)
4.60/4.63	['concat', 'concat', 'sub']: UNSAT (0.030 seconds)
4.60/4.66	['concat', 'index', 'index']: UNSAT (0.036 seconds)
4.60/4.70	['concat', 'index', 'length']: UNSAT (0.030 seconds)
4.70/4.73	['concat', 'index', 'substr']: UNSAT (0.103 seconds)
4.80/4.83	['concat', 'index', 'add']: UNSAT (0.031 seconds)
4.80/4.86	['concat', 'index', 'sub']: UNSAT (0.032 seconds)
4.80/4.90	['concat', 'length', 'length']: UNSAT (0.025 seconds)
4.90/4.92	['concat', 'length', 'substr']: UNSAT (0.060 seconds)
4.90/4.98	['concat', 'length', 'add']: UNSAT (0.028 seconds)
5.00/5.01	['concat', 'length', 'sub']: UNSAT (0.026 seconds)
5.00/5.04	['concat', 'substr', 'substr']: UNSAT (0.160 seconds)
5.10/5.20	['concat', 'substr', 'add']: UNSAT (0.082 seconds)
5.20/5.28	['concat', 'substr', 'sub']: UNSAT (0.062 seconds)
5.20/5.35	['concat', 'add', 'add']: UNSAT (0.028 seconds)
5.36/5.37	['concat', 'add', 'sub']: UNSAT (0.029 seconds)
5.36/5.40	['concat', 'sub', 'sub']: UNSAT (0.029 seconds)
5.36/5.43	['index', 'index', 'index']: UNSAT (0.039 seconds)
5.46/5.47	['index', 'index', 'length']: UNSAT (0.034 seconds)
5.46/5.51	['index', 'index', 'substr']: UNSAT (0.058 seconds)
5.50/5.57	['index', 'index', 'add']: UNSAT (0.036 seconds)
5.50/5.60	['index', 'index', 'sub']: UNSAT (0.036 seconds)
5.60/5.64	['index', 'length', 'length']: UNSAT (0.026 seconds)
5.60/5.67	['index', 'length', 'substr']: UNSAT (0.035 seconds)
5.60/5.70	['index', 'length', 'add']: UNSAT (0.028 seconds)
5.70/5.73	['index', 'length', 'sub']: UNSAT (0.028 seconds)
5.70/5.76	['index', 'substr', 'substr']: UNSAT (0.067 seconds)
5.80/5.83	['index', 'substr', 'add']: UNSAT (0.046 seconds)
5.80/5.87	['index', 'substr', 'sub']: UNSAT (0.055 seconds)
5.90/5.93	['index', 'add', 'add']: UNSAT (0.035 seconds)
5.90/5.97	['index', 'add', 'sub']: UNSAT (0.034 seconds)
5.90/6.00	['index', 'sub', 'sub']: UNSAT (0.032 seconds)
6.00/6.03	['length', 'length', 'length']: UNSAT (0.021 seconds)
6.00/6.05	['length', 'length', 'substr']: UNSAT (0.031 seconds)
6.00/6.09	['length', 'length', 'add']: UNSAT (0.025 seconds)
6.10/6.11	['length', 'length', 'sub']: UNSAT (0.023 seconds)
6.10/6.14	['length', 'substr', 'substr']: UNSAT (0.044 seconds)
6.10/6.18	['length', 'substr', 'add']: UNSAT (0.035 seconds)
6.20/6.22	['length', 'substr', 'sub']: UNSAT (0.033 seconds)
6.20/6.25	['length', 'add', 'add']: UNSAT (0.026 seconds)
6.20/6.28	['length', 'add', 'sub']: UNSAT (0.027 seconds)
6.20/6.31	['length', 'sub', 'sub']: UNSAT (0.026 seconds)
6.20/6.33	['substr', 'substr', 'substr']: UNSAT (0.050 seconds)
6.36/6.38	['substr', 'substr', 'add']: UNSAT (0.038 seconds)
6.36/6.42	['substr', 'substr', 'sub']: UNSAT (0.042 seconds)
6.36/6.46	['substr', 'add', 'add']: UNSAT (0.036 seconds)
6.46/6.50	['substr', 'add', 'sub']: UNSAT (0.035 seconds)
6.50/6.54	['substr', 'sub', 'sub']: UNSAT (0.033 seconds)
6.50/6.57	['add', 'add', 'add']: UNSAT (0.032 seconds)
6.50/6.60	['add', 'add', 'sub']: UNSAT (0.032 seconds)
6.60/6.64	['add', 'sub', 'sub']: UNSAT (0.033 seconds)
6.60/6.67	['sub', 'sub', 'sub']: UNSAT (0.031 seconds)
6.60/6.70	['concat', 'concat', 'concat', 'concat']: UNKNOWN (180.285 seconds)
186.89/186.99	Reason: smt tactic failed to show goal to be sat/unsat max-conflicts-reached
186.89/186.99	Reason: smt tactic failed to show goal to be sat/unsat max-conflicts-reached
186.89/186.99	['concat', 'concat', 'concat', 'index']: UNSAT (0.053 seconds)
186.99/187.04	['concat', 'concat', 'concat', 'length']: UNSAT (0.048 seconds)
186.99/187.09	['concat', 'concat', 'concat', 'substr']: UNKNOWN (40.230 seconds)
227.19/227.32	Reason: smt tactic failed to show goal to be sat/unsat max-conflicts-reached
227.19/227.32	Reason: smt tactic failed to show goal to be sat/unsat max-conflicts-reached
227.19/227.32	['concat', 'concat', 'concat', 'add']: UNSAT (0.044 seconds)
227.32/227.37	['concat', 'concat', 'concat', 'sub']: UNSAT (0.044 seconds)
227.32/227.41	['concat', 'concat', 'index', 'index']: UNSAT (0.054 seconds)
227.42/227.47	['concat', 'concat', 'index', 'length']: UNSAT (0.045 seconds)
227.49/227.51	['concat', 'concat', 'index', 'substr']: UNSAT (4.381 seconds)
231.79/231.90	['concat', 'concat', 'index', 'add']: UNSAT (0.046 seconds)
231.89/231.94	['concat', 'concat', 'index', 'sub']: UNSAT (0.044 seconds)
231.89/231.99	['concat', 'concat', 'length', 'length']: UNSAT (0.038 seconds)
231.99/232.03	['concat', 'concat', 'length', 'substr']: UNSAT (2.813 seconds)
234.79/234.84	['concat', 'concat', 'length', 'add']: UNSAT (0.039 seconds)
234.79/234.88	['concat', 'concat', 'length', 'sub']: UNSAT (0.039 seconds)
234.89/234.92	['concat', 'concat', 'substr', 'substr']: UNSAT (24.048 seconds)
258.89/258.97	['concat', 'concat', 'substr', 'add']: UNSAT (3.460 seconds)
262.33/262.43	['concat', 'concat', 'substr', 'sub']: UNSAT (2.718 seconds)
265.09/265.15	['concat', 'concat', 'add', 'add']: UNSAT (0.041 seconds)
265.09/265.19	['concat', 'concat', 'add', 'sub']: UNSAT (0.044 seconds)
265.19/265.24	['concat', 'concat', 'sub', 'sub']: UNSAT (0.044 seconds)
265.19/265.28	['concat', 'index', 'index', 'index']: UNSAT (0.055 seconds)
265.19/265.34	['concat', 'index', 'index', 'length']: UNSAT (0.048 seconds)
265.33/265.39	['concat', 'index', 'index', 'substr']: UNSAT (0.282 seconds)
265.59/265.67	['concat', 'index', 'index', 'add']: UNSAT (0.051 seconds)
265.69/265.72	['concat', 'index', 'index', 'sub']: UNSAT (0.050 seconds)
265.69/265.77	['concat', 'index', 'length', 'length']: UNSAT (0.039 seconds)
265.79/265.81	['concat', 'index', 'length', 'substr']: UNSAT (0.175 seconds)
265.89/265.99	['concat', 'index', 'length', 'add']: UNSAT (0.043 seconds)
265.99/266.03	['concat', 'index', 'length', 'sub']: UNSAT (0.044 seconds)
265.99/266.08	['concat', 'index', 'substr', 'substr']: UNSAT (0.530 seconds)
266.49/266.61	['concat', 'index', 'substr', 'add']: UNSAT (0.162 seconds)
266.69/266.77	['concat', 'index', 'substr', 'sub']: UNSAT (0.130 seconds)
266.79/266.90	['concat', 'index', 'add', 'add']: UNSAT (0.047 seconds)
266.89/266.95	['concat', 'index', 'add', 'sub']: UNSAT (0.047 seconds)
266.89/267.00	['concat', 'index', 'sub', 'sub']: UNSAT (0.048 seconds)
266.99/267.05	['concat', 'length', 'length', 'length']: UNSAT (0.036 seconds)
266.99/267.08	['concat', 'length', 'length', 'substr']: UNSAT (0.095 seconds)
267.09/267.18	['concat', 'length', 'length', 'add']: UNSAT (0.035 seconds)
267.19/267.21	['concat', 'length', 'length', 'sub']: UNSAT (0.034 seconds)
267.19/267.25	['concat', 'length', 'substr', 'substr']: UNSAT (0.402 seconds)
267.59/267.65	['concat', 'length', 'substr', 'add']: UNSAT (0.117 seconds)
267.69/267.77	['concat', 'length', 'substr', 'sub']: UNSAT (0.107 seconds)
267.79/267.88	['concat', 'length', 'add', 'add']: UNSAT (0.039 seconds)
267.89/267.92	['concat', 'length', 'add', 'sub']: UNSAT (0.038 seconds)
267.89/267.96	['concat', 'length', 'sub', 'sub']: UNSAT (0.039 seconds)
267.89/268.00	['concat', 'substr', 'substr', 'substr']: UNSAT (1.112 seconds)
269.09/269.11	['concat', 'substr', 'substr', 'add']: UNSAT (0.646 seconds)
269.69/269.76	['concat', 'substr', 'substr', 'sub']: UNSAT (0.439 seconds)
270.09/270.20	['concat', 'substr', 'add', 'add']: UNSAT (0.104 seconds)
270.19/270.30	['concat', 'substr', 'add', 'sub']: UNSAT (0.153 seconds)
270.43/270.45	['concat', 'substr', 'sub', 'sub']: UNSAT (0.124 seconds)
270.49/270.58	['concat', 'add', 'add', 'add']: UNSAT (0.044 seconds)
270.59/270.62	['concat', 'add', 'add', 'sub']: UNSAT (0.046 seconds)
270.59/270.67	['concat', 'add', 'sub', 'sub']: UNSAT (0.047 seconds)
270.69/270.72	['concat', 'sub', 'sub', 'sub']: UNSAT (0.046 seconds)
270.69/270.77	['index', 'index', 'index', 'index']: UNSAT (0.062 seconds)
270.79/270.83	['index', 'index', 'index', 'length']: UNSAT (0.049 seconds)
270.79/270.88	['index', 'index', 'index', 'substr']: UNSAT (0.123 seconds)
270.89/271.00	['index', 'index', 'index', 'add']: UNSAT (0.058 seconds)
270.99/271.06	['index', 'index', 'index', 'sub']: UNSAT (0.056 seconds)
271.09/271.12	['index', 'index', 'length', 'length']: UNSAT (0.044 seconds)
271.09/271.16	['index', 'index', 'length', 'substr']: UNSAT (0.055 seconds)
271.19/271.22	['index', 'index', 'length', 'add']: UNSAT (0.045 seconds)
271.19/271.27	['index', 'index', 'length', 'sub']: UNSAT (0.045 seconds)
271.19/271.31	['index', 'index', 'substr', 'substr']: UNSAT (0.139 seconds)
271.43/271.45	['index', 'index', 'substr', 'add']: UNSAT (0.082 seconds)
271.49/271.54	['index', 'index', 'substr', 'sub']: UNSAT (0.074 seconds)
271.59/271.61	['index', 'index', 'add', 'add']: UNSAT (0.052 seconds)
271.59/271.66	['index', 'index', 'add', 'sub']: UNSAT (0.054 seconds)
271.69/271.72	['index', 'index', 'sub', 'sub']: UNSAT (0.052 seconds)
271.69/271.77	['index', 'length', 'length', 'length']: UNSAT (0.035 seconds)
271.79/271.81	['index', 'length', 'length', 'substr']: UNSAT (0.050 seconds)
271.79/271.86	['index', 'length', 'length', 'add']: UNSAT (0.039 seconds)
271.79/271.90	['index', 'length', 'length', 'sub']: UNSAT (0.040 seconds)
271.89/271.94	['index', 'length', 'substr', 'substr']: UNSAT (0.082 seconds)
271.99/272.02	['index', 'length', 'substr', 'add']: UNSAT (0.062 seconds)
271.99/272.09	['index', 'length', 'substr', 'sub']: UNSAT (0.065 seconds)
272.09/272.15	['index', 'length', 'add', 'add']: UNSAT (0.043 seconds)
272.09/272.20	['index', 'length', 'add', 'sub']: UNSAT (0.044 seconds)
272.19/272.24	['index', 'length', 'sub', 'sub']: UNSAT (0.044 seconds)
272.19/272.29	['index', 'substr', 'substr', 'substr']: UNSAT (0.164 seconds)
272.42/272.45	['index', 'substr', 'substr', 'add']: UNSAT (0.092 seconds)
272.49/272.54	['index', 'substr', 'substr', 'sub']: UNSAT (0.100 seconds)
272.59/272.65	['index', 'substr', 'add', 'add']: UNSAT (0.068 seconds)
272.68/272.71	['index', 'substr', 'add', 'sub']: UNSAT (0.072 seconds)
272.68/272.79	['index', 'substr', 'sub', 'sub']: UNSAT (0.080 seconds)
272.79/272.87	['index', 'add', 'add', 'add']: UNSAT (0.055 seconds)
272.89/272.92	['index', 'add', 'add', 'sub']: UNSAT (0.054 seconds)
272.89/272.98	['index', 'add', 'sub', 'sub']: UNSAT (0.054 seconds)
272.98/273.03	['index', 'sub', 'sub', 'sub']: UNSAT (0.056 seconds)
272.98/273.09	['length', 'length', 'length', 'length']: UNSAT (0.028 seconds)
273.08/273.12	['length', 'length', 'length', 'substr']: UNSAT (0.034 seconds)
273.08/273.16	['length', 'length', 'length', 'add']: UNSAT (0.030 seconds)
273.08/273.19	['length', 'length', 'length', 'sub']: UNSAT (0.029 seconds)
273.18/273.22	['length', 'length', 'substr', 'substr']: UNSAT (0.063 seconds)
273.18/273.28	['length', 'length', 'substr', 'add']: UNSAT (0.047 seconds)
273.18/273.33	['length', 'length', 'substr', 'sub']: UNSAT (0.049 seconds)
273.32/273.38	['length', 'length', 'add', 'add']: UNSAT (0.036 seconds)
273.32/273.42	['length', 'length', 'add', 'sub']: UNSAT (0.035 seconds)
273.42/273.45	['length', 'length', 'sub', 'sub']: UNSAT (0.034 seconds)
273.42/273.49	['length', 'substr', 'substr', 'substr']: UNSAT (0.109 seconds)
273.49/273.60	['length', 'substr', 'substr', 'add']: UNSAT (0.076 seconds)
273.59/273.67	['length', 'substr', 'substr', 'sub']: UNSAT (0.081 seconds)
273.69/273.76	['length', 'substr', 'add', 'add']: UNSAT (0.056 seconds)
273.79/273.81	['length', 'substr', 'add', 'sub']: UNSAT (0.058 seconds)
273.79/273.87	['length', 'substr', 'sub', 'sub']: UNSAT (0.055 seconds)
273.89/273.93	['length', 'add', 'add', 'add']: UNSAT (0.042 seconds)
273.89/273.97	['length', 'add', 'add', 'sub']: UNSAT (0.043 seconds)
273.99/274.02	['length', 'add', 'sub', 'sub']: UNSAT (0.042 seconds)
273.99/274.06	['length', 'sub', 'sub', 'sub']: UNSAT (0.045 seconds)
273.99/274.11	['substr', 'substr', 'substr', 'substr']: UNSAT (0.111 seconds)
274.19/274.22	['substr', 'substr', 'substr', 'add']: UNSAT (0.075 seconds)
274.19/274.29	['substr', 'substr', 'substr', 'sub']: UNSAT (0.075 seconds)
274.32/274.37	['substr', 'substr', 'add', 'add']: UNSAT (0.058 seconds)
274.32/274.43	['substr', 'substr', 'add', 'sub']: UNSAT (0.055 seconds)
274.42/274.48	['substr', 'substr', 'sub', 'sub']: UNSAT (0.056 seconds)
274.49/274.54	['substr', 'add', 'add', 'add']: UNSAT (0.054 seconds)
274.49/274.60	['substr', 'add', 'add', 'sub']: UNSAT (0.052 seconds)
274.59/274.65	['substr', 'add', 'sub', 'sub']: UNSAT (0.050 seconds)
274.59/274.70	['substr', 'sub', 'sub', 'sub']: UNSAT (0.051 seconds)
274.69/274.75	['add', 'add', 'add', 'add']: UNSAT (0.049 seconds)
274.69/274.80	['add', 'add', 'add', 'sub']: UNSAT (0.047 seconds)
274.79/274.85	['add', 'add', 'sub', 'sub']: UNSAT (0.049 seconds)
274.79/274.90	['add', 'sub', 'sub', 'sub']: UNSAT (0.047 seconds)
274.89/274.95	['sub', 'sub', 'sub', 'sub']: UNSAT (0.046 seconds)
274.89/275.00	['concat', 'concat', 'concat', 'concat', 'concat']: UNKNOWN (148.225 seconds)
423.18/423.22	Reason: smt tactic failed to show goal to be sat/unsat max-conflicts-reached
423.18/423.22	Reason: smt tactic failed to show goal to be sat/unsat max-conflicts-reached
423.18/423.22	['concat', 'concat', 'concat', 'concat', 'index']: UNSAT (0.068 seconds)
423.18/423.29	['concat', 'concat', 'concat', 'concat', 'length']: UNSAT (0.063 seconds)
423.32/423.35	['concat', 'concat', 'concat', 'concat', 'substr']: UNKNOWN (59.317 seconds)
482.59/482.67	Reason: smt tactic failed to show goal to be sat/unsat max-conflicts-reached
482.59/482.67	Reason: smt tactic failed to show goal to be sat/unsat max-conflicts-reached
482.59/482.67	['concat', 'concat', 'concat', 'concat', 'add']: UNSAT (0.056 seconds)
482.68/482.73	['concat', 'concat', 'concat', 'concat', 'sub']: UNSAT (0.060 seconds)
482.68/482.79	['concat', 'concat', 'concat', 'index', 'index']: UNSAT (0.069 seconds)
482.78/482.86	['concat', 'concat', 'concat', 'index', 'length']: UNSAT (0.060 seconds)
482.88/482.92	['concat', 'concat', 'concat', 'index', 'substr']: UNKNOWN (40.581 seconds)
523.43/523.50	Reason: smt tactic failed to show goal to be sat/unsat max-conflicts-reached
523.43/523.50	Reason: smt tactic failed to show goal to be sat/unsat max-conflicts-reached
523.43/523.50	['concat', 'concat', 'concat', 'index', 'add']: UNSAT (0.060 seconds)
523.48/523.56	['concat', 'concat', 'concat', 'index', 'sub']: UNSAT (0.062 seconds)
523.59/523.63	['concat', 'concat', 'concat', 'length', 'length']: UNSAT (0.051 seconds)
523.59/523.68	['concat', 'concat', 'concat', 'length', 'substr']: UNKNOWN (45.718 seconds)
569.32/569.40	Reason: smt tactic failed to show goal to be sat/unsat max-conflicts-reached
569.32/569.40	Reason: smt tactic failed to show goal to be sat/unsat max-conflicts-reached
569.32/569.40	['concat', 'concat', 'concat', 'length', 'add']: UNSAT (0.052 seconds)
569.42/569.45	['concat', 'concat', 'concat', 'length', 'sub']: UNSAT (0.050 seconds)
569.42/569.50	['concat', 'concat', 'concat', 'substr', 'substr']: 