0.11/0.18	=== Examples (../../dataset/examples/examples-45.json)
0.11/0.18	IO(inputs=('Make it two weeks',), output='make it two wks')
0.11/0.18	=== Library
0.11/0.18	concat
0.11/0.18	index
0.11/0.18	length
0.11/0.18	substr
0.11/0.18	add
0.11/0.18	sub
0.11/0.18	=== Synthesis
0.11/0.18	['concat']: UNSAT (0.037 seconds)
0.11/0.22	['index']: UNSAT (0.030 seconds)
0.11/0.25	['length']: UNSAT (0.019 seconds)
0.11/0.27	['substr']: UNSAT (0.025 seconds)
0.26/0.30	['add']: UNSAT (0.019 seconds)
0.26/0.32	['sub']: UNSAT (0.018 seconds)
0.26/0.33	['concat', 'concat']: UNSAT (0.027 seconds)
0.26/0.36	['concat', 'index']: UNSAT (0.027 seconds)
0.26/0.39	['concat', 'length']: UNSAT (0.023 seconds)
0.37/0.41	['concat', 'substr']: UNSAT (0.207 seconds)
0.52/0.62	['concat', 'add']: UNSAT (0.022 seconds)
0.62/0.64	['concat', 'sub']: UNSAT (0.023 seconds)
0.62/0.67	['index', 'index']: UNSAT (0.030 seconds)
0.68/0.70	['index', 'length']: UNSAT (0.023 seconds)
0.68/0.72	['index', 'substr']: UNSAT (0.062 seconds)
0.68/0.79	['index', 'add']: UNSAT (0.025 seconds)
0.78/0.81	['index', 'sub']: UNSAT (0.026 seconds)
0.78/0.84	['length', 'length']: UNSAT (0.019 seconds)
0.78/0.86	['length', 'substr']: UNSAT (0.032 seconds)
0.78/0.89	['length', 'add']: UNSAT (0.021 seconds)
0.88/0.91	['length', 'sub']: UNSAT (0.020 seconds)
0.88/0.94	['substr', 'substr']: UNSAT (0.044 seconds)
0.88/0.98	['substr', 'add']: UNSAT (0.031 seconds)
0.88/1.01	['substr', 'sub']: UNSAT (0.032 seconds)
0.88/1.04	['add', 'add']: UNSAT (0.023 seconds)
0.88/1.07	['add', 'sub']: UNSAT (0.023 seconds)
1.01/1.09	['sub', 'sub']: UNSAT (0.024 seconds)
1.01/1.12	['concat', 'concat', 'concat']: UNSAT (0.082 seconds)
1.18/1.20	['concat', 'concat', 'index']: UNSAT (0.038 seconds)
1.18/1.24	['concat', 'concat', 'length']: UNSAT (0.032 seconds)
1.18/1.27	['concat', 'concat', 'substr']: SAT (1.828 seconds)
3.02/3.10	concat(concat('make ', substr(arg0, 5, 5)), 'o wks')
