0.16/0.21	=== Examples (../../dataset/examples/examples-15.json)
0.16/0.21	IO(inputs=('abc',), output='ABC')
0.16/0.21	=== Library
0.16/0.21	concat
0.16/0.21	index
0.16/0.21	length
0.16/0.21	substr
0.16/0.21	add
0.16/0.21	sub
0.16/0.21	=== Synthesis
0.16/0.21	['concat']: UNSAT (0.024 seconds)
0.16/0.24	['index']: UNSAT (0.022 seconds)
0.16/0.26	['length']: UNSAT (0.018 seconds)
0.16/0.28	['substr']: UNSAT (0.024 seconds)
0.28/0.30	['add']: UNSAT (0.021 seconds)
0.28/0.32	['sub']: UNSAT (0.020 seconds)
0.28/0.35	['concat', 'concat']: UNSAT (0.033 seconds)
0.28/0.38	['concat', 'index']: UNSAT (0.032 seconds)
0.28/0.41	['concat', 'length']: UNSAT (0.026 seconds)
0.39/0.44	['concat', 'substr']: SAT (0.045 seconds)
0.39/0.49	substr(concat('\\x00ABC\\x00', arg0), 1, 3)
