0.14/0.20	=== Examples (../../dataset/examples/examples-91.json)
0.14/0.20	IO(inputs=('George',), output='george')
0.14/0.20	=== Library
0.14/0.20	concat
0.14/0.20	index
0.14/0.20	length
0.14/0.20	substr
0.14/0.20	add
0.14/0.20	sub
0.14/0.20	=== Synthesis
0.14/0.20	['concat']: UNSAT (0.023 seconds)
0.14/0.22	['index']: UNSAT (0.022 seconds)
0.14/0.25	['length']: UNSAT (0.018 seconds)
0.14/0.26	['substr']: UNSAT (0.024 seconds)
0.14/0.29	['add']: UNSAT (0.020 seconds)
0.14/0.31	['sub']: UNSAT (0.021 seconds)
0.14/0.33	['concat', 'concat']: UNSAT (0.033 seconds)
0.30/0.37	['concat', 'index']: UNSAT (0.033 seconds)
0.30/0.40	['concat', 'length']: UNSAT (0.027 seconds)
0.38/0.43	['concat', 'substr']: SAT (0.043 seconds)
0.45/0.47	substr(concat(arg0, 'orge'), 4, 7)
