0.15/0.20	=== Examples (../../dataset/examples/examples-38.json)
0.15/0.20	IO(inputs=('should not be spaced',), output='<span id=should_not_be_spaced > ')
0.15/0.20	=== Library
0.15/0.20	concat
0.15/0.20	index
0.15/0.20	length
0.15/0.20	substr
0.15/0.20	add
0.15/0.20	sub
0.15/0.20	=== Synthesis
0.15/0.20	['concat']: UNSAT (0.024 seconds)
0.15/0.22	['index']: UNSAT (0.022 seconds)
0.15/0.24	['length']: UNSAT (0.018 seconds)
0.15/0.26	['substr']: UNSAT (0.025 seconds)
0.15/0.29	['add']: UNSAT (0.020 seconds)
0.15/0.31	['sub']: UNSAT (0.020 seconds)
0.15/0.33	['concat', 'concat']: UNSAT (0.059 seconds)
0.37/0.39	['concat', 'index']: UNSAT (0.032 seconds)
0.37/0.42	['concat', 'length']: UNSAT (0.026 seconds)
0.37/0.45	['concat', 'substr']: UNSAT (0.075 seconds)
0.45/0.53	['concat', 'add']: UNSAT (0.028 seconds)
0.45/0.55	['concat', 'sub']: UNSAT (0.031 seconds)
0.45/0.59	['index', 'index']: UNSAT (0.035 seconds)
0.58/0.62	['index', 'length']: UNSAT (0.026 seconds)
0.58/0.65	['index', 'substr']: UNSAT (0.041 seconds)
0.58/0.69	['index', 'add']: UNSAT (0.031 seconds)
0.69/0.72	['index', 'sub']: UNSAT (0.027 seconds)
0.74/0.75	['length', 'length']: UNSAT (0.017 seconds)
0.74/0.77	['length', 'substr']: UNSAT (0.023 seconds)
0.74/0.79	['length', 'add']: UNSAT (0.019 seconds)
0.79/0.81	['length', 'sub']: UNSAT (0.019 seconds)
0.79/0.83	['substr', 'substr']: UNSAT (0.029 seconds)
0.79/0.86	['substr', 'add']: UNSAT (0.026 seconds)
0.79/0.89	['substr', 'sub']: UNSAT (0.025 seconds)
0.89/0.91	['add', 'add']: UNSAT (0.022 seconds)
0.89/0.94	['add', 'sub']: UNSAT (0.022 seconds)
0.89/0.96	['sub', 'sub']: UNSAT (0.022 seconds)
0.89/0.98	['concat', 'concat', 'concat']: UNSAT (1.411 seconds)
2.28/2.39	['concat', 'concat', 'index']: UNSAT (0.037 seconds)
2.38/2.43	['concat', 'concat', 'length']: UNSAT (0.028 seconds)
2.38/2.46	['concat', 'concat', 'substr']: UNSAT (6.341 seconds)
8.78/8.80	['concat', 'concat', 'add']: UNSAT (0.028 seconds)
8.78/8.83	['concat', 'concat', 'sub']: UNSAT (0.027 seconds)
8.78/8.86	['concat', 'index', 'index']: UNSAT (0.036 seconds)
8.78/8.89	['concat', 'index', 'length']: UNSAT (0.029 seconds)
8.88/8.92	['concat', 'index', 'substr']: UNSAT (0.100 seconds)
8.98/9.02	['concat', 'index', 'add']: UNSAT (0.032 seconds)
8.98/9.06	['concat', 'index', 'sub']: UNSAT (0.031 seconds)
8.98/9.09	['concat', 'length', 'length']: UNSAT (0.025 seconds)
8.98/9.11	['concat', 'length', 'substr']: UNSAT (0.079 seconds)
9.12/9.19	['concat', 'length', 'add']: UNSAT (0.025 seconds)
9.12/9.22	['concat', 'length', 'sub']: UNSAT (0.025 seconds)
9.23/9.25	['concat', 'substr', 'substr']: UNSAT (0.271 seconds)
9.48/9.52	['concat', 'substr', 'add']: UNSAT (0.070 seconds)
9.48/9.59	['concat', 'substr', 'sub']: UNSAT (0.071 seconds)
9.58/9.66	['concat', 'add', 'add']: UNSAT (0.028 seconds)
9.58/9.69	['concat', 'add', 'sub']: UNSAT (0.027 seconds)
9.68/9.72	['concat', 'sub', 'sub']: UNSAT (0.028 seconds)
9.68/9.74	['index', 'index', 'index']: UNSAT (0.036 seconds)
9.68/9.78	['index', 'index', 'length']: UNSAT (0.030 seconds)
9.78/9.81	['index', 'index', 'substr']: UNSAT (0.058 seconds)
9.78/9.87	['index', 'index', 'add']: UNSAT (0.033 seconds)
9.88/9.90	['index', 'index', 'sub']: UNSAT (0.033 seconds)
9.88/9.94	['index', 'length', 'length']: UNSAT (0.025 seconds)
9.88/9.96	['index', 'length', 'substr']: UNSAT (0.033 seconds)
9.98/10.00	['index', 'length', 'add']: UNSAT (0.026 seconds)
9.98/10.02	['index', 'length', 'sub']: UNSAT (0.027 seconds)
9.98/10.05	['index', 'substr', 'substr']: UNSAT (0.075 seconds)
9.98/10.13	['index', 'substr', 'add']: UNSAT (0.047 seconds)
10.13/10.18	['index', 'substr', 'sub']: UNSAT (0.055 seconds)
10.13/10.23	['index', 'add', 'add']: UNSAT (0.033 seconds)
10.23/10.27	['index', 'add', 'sub']: UNSAT (0.034 seconds)
10.28/10.30	['index', 'sub', 'sub']: UNSAT (0.035 seconds)
10.28/10.34	['length', 'length', 'length']: UNSAT (0.024 seconds)
10.28/10.36	['length', 'length', 'substr']: UNSAT (0.033 seconds)
10.28/10.39	['length', 'length', 'add']: UNSAT (0.024 seconds)
10.38/10.42	['length', 'length', 'sub']: UNSAT (0.023 seconds)
10.38/10.44	['length', 'substr', 'substr']: UNSAT (0.048 seconds)
10.38/10.49	['length', 'substr', 'add']: UNSAT (0.037 seconds)
10.48/10.53	['length', 'substr', 'sub']: UNSAT (0.033 seconds)
10.48/10.56	['length', 'add', 'add']: UNSAT (0.027 seconds)
10.48/10.59	['length', 'add', 'sub']: UNSAT (0.027 seconds)
10.58/10.62	['length', 'sub', 'sub']: UNSAT (0.027 seconds)
10.58/10.65	['substr', 'substr', 'substr']: UNSAT (0.050 seconds)
10.68/10.70	['substr', 'substr', 'add']: UNSAT (0.038 seconds)
10.68/10.74	['substr', 'substr', 'sub']: UNSAT (0.042 seconds)
10.68/10.78	['substr', 'add', 'add']: UNSAT (0.037 seconds)
10.78/10.82	['substr', 'add', 'sub']: UNSAT (0.034 seconds)
10.78/10.85	['substr', 'sub', 'sub']: UNSAT (0.033 seconds)
10.78/10.89	['add', 'add', 'add']: UNSAT (0.029 seconds)
10.88/10.92	['add', 'add', 'sub']: UNSAT (0.029 seconds)
10.88/10.95	['add', 'sub', 'sub']: UNSAT (0.029 seconds)
10.88/10.97	['sub', 'sub', 'sub']: UNSAT (0.028 seconds)
10.98/11.00	['concat', 'concat', 'concat', 'concat']: UNKNOWN (138.577 seconds)
149.48/149.58	Reason: smt tactic failed to show goal to be sat/unsat max-conflicts-reached
149.48/149.58	Reason: smt tactic failed to show goal to be sat/unsat max-conflicts-reached
149.48/149.58	['concat', 'concat', 'concat', 'index']: UNSAT (0.093 seconds)
149.58/149.68	['concat', 'concat', 'concat', 'length']: UNSAT (0.057 seconds)
149.68/149.74	['concat', 'concat', 'concat', 'substr']: UNKNOWN (66.500 seconds)
216.08/216.24	Reason: smt tactic failed to show goal to be sat/unsat max-conflicts-reached
216.08/216.24	Reason: smt tactic failed to show goal to be sat/unsat max-conflicts-reached
216.08/216.24	['concat', 'concat', 'concat', 'add']: UNSAT (0.051 seconds)
216.23/216.29	['concat', 'concat', 'concat', 'sub']: UNSAT (0.045 seconds)
216.23/216.34	['concat', 'concat', 'index', 'index']: UNSAT (0.054 seconds)
216.33/216.39	['concat', 'concat', 'index', 'length']: UNSAT (0.046 seconds)
216.38/216.44	['concat', 'concat', 'index', 'substr']: UNSAT (9.546 seconds)
225.88/225.99	['concat', 'concat', 'index', 'add']: UNSAT (0.048 seconds)
225.98/226.03	['concat', 'concat', 'index', 'sub']: UNSAT (0.048 seconds)
225.98/226.08	['concat', 'concat', 'length', 'length']: UNSAT (0.037 seconds)
226.08/226.12	['concat', 'concat', 'length', 'substr']: UNSAT (4.220 seconds)
230.32/230.34	['concat', 'concat', 'length', 'add']: UNSAT (0.038 seconds)
230.32/230.38	['concat', 'concat', 'length', 'sub']: UNSAT (0.040 seconds)
230.38/230.42	['concat', 'concat', 'substr', 'substr']: UNKNOWN (53.551 seconds)
283.88/283.97	Reason: smt tactic failed to show goal to be sat/unsat max-conflicts-reached
283.88/283.97	Reason: smt tactic failed to show goal to be sat/unsat max-conflicts-reached
283.88/283.97	['concat', 'concat', 'substr', 'add']: UNSAT (4.961 seconds)
288.87/288.93	['concat', 'concat', 'substr', 'sub']: UNSAT (7.882 seconds)
296.77/296.82	['concat', 'concat', 'add', 'add']: UNSAT (0.042 seconds)
296.77/296.86	['concat', 'concat', 'add', 'sub']: UNSAT (0.042 seconds)
296.87/296.90	['concat', 'concat', 'sub', 'sub']: UNSAT (0.051 seconds)
296.87/296.96	['concat', 'index', 'index', 'index']: UNSAT (0.072 seconds)
296.96/297.03	['concat', 'index', 'index', 'length']: UNSAT (0.051 seconds)
296.96/297.08	['concat', 'index', 'index', 'substr']: UNSAT (0.693 seconds)
297.66/297.77	['concat', 'index', 'index', 'add']: UNSAT (0.051 seconds)
297.76/297.83	['concat', 'index', 'index', 'sub']: UNSAT (0.052 seconds)
297.76/297.88	['concat', 'index', 'length', 'length']: UNSAT (0.042 seconds)
297.86/297.92	['concat', 'index', 'length', 'substr']: UNSAT (0.169 seconds)
297.96/298.09	['concat', 'index', 'length', 'add']: UNSAT (0.044 seconds)
298.06/298.14	['concat', 'index', 'length', 'sub']: UNSAT (0.043 seconds)
298.06/298.18	['concat', 'index', 'substr', 'substr']: UNSAT (2.742 seconds)
300.86/300.92	['concat', 'index', 'substr', 'add']: UNSAT (0.196 seconds)
301.06/301.12	['concat', 'index', 'substr', 'sub']: UNSAT (0.187 seconds)
301.19/301.31	['concat', 'index', 'add', 'add']: UNSAT (0.047 seconds)
301.29/301.36	['concat', 'index', 'add', 'sub']: UNSAT (0.048 seconds)
301.36/301.41	['concat', 'index', 'sub', 'sub']: UNSAT (0.049 seconds)
301.36/301.46	['concat', 'length', 'length', 'length']: UNSAT (0.034 seconds)
301.36/301.49	['concat', 'length', 'length', 'substr']: UNSAT (0.104 seconds)
301.56/301.60	['concat', 'length', 'length', 'add']: UNSAT (0.035 seconds)
301.56/301.63	['concat', 'length', 'length', 'sub']: UNSAT (0.036 seconds)
301.56/301.67	['concat', 'length', 'substr', 'substr']: UNSAT (1.095 seconds)
302.66/302.77	['concat', 'length', 'substr', 'add']: UNSAT (0.134 seconds)
302.86/302.90	['concat', 'length', 'substr', 'sub']: UNSAT (0.158 seconds)
302.96/303.06	['concat', 'length', 'add', 'add']: UNSAT (0.038 seconds)
303.06/303.10	['concat', 'length', 'add', 'sub']: UNSAT (0.040 seconds)
303.06/303.14	['concat', 'length', 'sub', 'sub']: UNSAT (0.040 seconds)
303.06/303.18	['concat', 'substr', 'substr', 'substr']: UNSAT (1.825 seconds)
304.96/305.01	['concat', 'substr', 'substr', 'add']: UNSAT (0.987 seconds)
305.86/305.99	['concat', 'substr', 'substr', 'sub']: UNSAT (1.151 seconds)
307.06/307.15	['concat', 'substr', 'add', 'add']: UNSAT (0.112 seconds)
307.21/307.26	['concat', 'substr', 'add', 'sub']: UNSAT (0.127 seconds)
307.31/307.39	['concat', 'substr', 'sub', 'sub']: UNSAT (0.128 seconds)
307.46/307.52	['concat', 'add', 'add', 'add']: UNSAT (0.045 seconds)
307.46/307.56	['concat', 'add', 'add', 'sub']: UNSAT (0.045 seconds)
307.56/307.61	['concat', 'add', 'sub', 'sub']: UNSAT (0.086 seconds)
307.56/307.70	['concat', 'sub', 'sub', 'sub']: UNSAT (0.066 seconds)
307.66/307.76	['index', 'index', 'index', 'index']: UNSAT (0.060 seconds)
307.76/307.82	['index', 'index', 'index', 'length']: UNSAT (0.053 seconds)
307.76/307.88	['index', 'index', 'index', 'substr']: UNSAT (0.111 seconds)
307.86/307.99	['index', 'index', 'index', 'add']: UNSAT (0.056 seconds)
307.96/308.05	['index', 'index', 'index', 'sub']: UNSAT (0.055 seconds)
308.06/308.10	['index', 'index', 'length', 'length']: UNSAT (0.044 seconds)
308.06/308.15	['index', 'index', 'length', 'substr']: UNSAT (0.058 seconds)
308.06/308.21	['index', 'index', 'length', 'add']: UNSAT (0.049 seconds)
308.19/308.26	['index', 'index', 'length', 'sub']: UNSAT (0.049 seconds)
308.19/308.31	['index', 'index', 'substr', 'substr']: UNSAT (0.149 seconds)
308.36/308.46	['index', 'index', 'substr', 'add']: UNSAT (0.086 seconds)
308.46/308.54	['index', 'index', 'substr', 'sub']: UNSAT (0.079 seconds)
308.56/308.62	['index', 'index', 'add', 'add']: UNSAT (0.055 seconds)
308.56/308.68	['index', 'index', 'add', 'sub']: UNSAT (0.053 seconds)
308.66/308.73	['index', 'index', 'sub', 'sub']: UNSAT (0.055 seconds)
308.66/308.79	['index', 'length', 'length', 'length']: UNSAT (0.038 seconds)
308.76/308.83	['index', 'length', 'length', 'substr']: UNSAT (0.053 seconds)
308.76/308.88	['index', 'length', 'length', 'add']: UNSAT (0.040 seconds)
308.86/308.92	['index', 'length', 'length', 'sub']: UNSAT (0.040 seconds)
308.86/308.96	['index', 'length', 'substr', 'substr']: UNSAT (0.086 seconds)
308.96/309.05	['index', 'length', 'substr', 'add']: UNSAT (0.062 seconds)
309.06/309.11	['index', 'length', 'substr', 'sub']: UNSAT (0.068 seconds)
309.06/309.18	['index', 'length', 'add', 'add']: UNSAT (0.045 seconds)
309.19/309.23	['index', 'length', 'add', 'sub']: UNSAT (0.044 seconds)
309.19/309.27	['index', 'length', 'sub', 'sub']: UNSAT (0.046 seconds)
309.19/309.32	['index', 'substr', 'substr', 'substr']: UNSAT (0.196 seconds)
309.46/309.52	['index', 'substr', 'substr', 'add']: UNSAT (0.101 seconds)
309.56/309.62	['index', 'substr', 'substr', 'sub']: UNSAT (0.097 seconds)
309.66/309.72	['index', 'substr', 'add', 'add']: UNSAT (0.070 seconds)
309.66/309.79	['index', 'substr', 'add', 'sub']: UNSAT (0.073 seconds)
309.76/309.86	['index', 'substr', 'sub', 'sub']: UNSAT (0.084 seconds)
309.86/309.95	['index', 'add', 'add', 'add']: UNSAT (0.057 seconds)
309.96/310.01	['index', 'add', 'add', 'sub']: UNSAT (0.055 seconds)
309.96/310.06	['index', 'add', 'sub', 'sub']: UNSAT (0.057 seconds)
310.06/310.12	['index', 'sub', 'sub', 'sub']: UNSAT (0.058 seconds)
310.06/310.18	['length', 'length', 'length', 'length']: UNSAT (0.030 seconds)
310.06/310.21	['length', 'length', 'length', 'substr']: UNSAT (0.036 seconds)
310.19/310.25	['length', 'length', 'length', 'add']: UNSAT (0.030 seconds)
310.19/310.28	['length', 'length', 'length', 'sub']: UNSAT (0.030 seconds)
310.19/310.31	['length', 'length', 'substr', 'substr']: UNSAT (0.066 seconds)
310.29/310.37	['length', 'length', 'substr', 'add']: UNSAT (0.047 seconds)
310.36/310.42	['length', 'length', 'substr', 'sub']: UNSAT (0.048 seconds)
310.36/310.47	['length', 'length', 'add', 'add']: UNSAT (0.036 seconds)
310.46/310.51	['length', 'length', 'add', 'sub']: UNSAT (0.036 seconds)
310.46/310.55	['length', 'length', 'sub', 'sub']: UNSAT (0.036 seconds)
310.46/310.58	['length', 'substr', 'substr', 'substr']: UNSAT (0.112 seconds)
310.56/310.70	['length', 'substr', 'substr', 'add']: UNSAT (0.081 seconds)
310.66/310.78	['length', 'substr', 'substr', 'sub']: UNSAT (0.088 seconds)
310.76/310.87	['length', 'substr', 'add', 'add']: UNSAT (0.064 seconds)
310.86/310.93	['length', 'substr', 'add', 'sub']: UNSAT (0.070 seconds)
310.96/311.00	['length', 'substr', 'sub', 'sub']: UNSAT (0.058 seconds)
310.96/311.06	['length', 'add', 'add', 'add']: UNSAT (0.043 seconds)
311.06/311.11	['length', 'add', 'add', 'sub']: UNSAT (0.045 seconds)
311.06/311.15	['length', 'add', 'sub', 'sub']: UNSAT (0.046 seconds)
311.06/311.20	['length', 'sub', 'sub', 'sub']: UNSAT (0.046 seconds)
311.21/311.24	['substr', 'substr', 'substr', 'substr']: UNSAT (0.111 seconds)
311.31/311.36	['substr', 'substr', 'substr', 'add']: UNSAT (0.078 seconds)
311.36/311.44	['substr', 'substr', 'substr', 'sub']: UNSAT (0.076 seconds)
311.46/311.51	['substr', 'substr', 'add', 'add']: UNSAT (0.058 seconds)
311.46/311.57	['substr', 'substr', 'add', 'sub']: UNSAT (0.057 seconds)
311.56/311.63	['substr', 'substr', 'sub', 'sub']: UNSAT (0.059 seconds)
311.56/311.69	['substr', 'add', 'add', 'add']: UNSAT (0.054 seconds)
311.66/311.74	['substr', 'add', 'add', 'sub']: UNSAT (0.052 seconds)
311.76/311.80	['substr', 'add', 'sub', 'sub']: UNSAT (0.053 seconds)
311.76/311.85	['substr', 'sub', 'sub', 'sub']: UNSAT (0.052 seconds)
311.86/311.91	['add', 'add', 'add', 'add']: UNSAT (0.049 seconds)
311.86/311.96	['add', 'add', 'add', 'sub']: UNSAT (0.046 seconds)
311.96/312.00	['add', 'add', 'sub', 'sub']: UNSAT (0.048 seconds)
311.96/312.05	['add', 'sub', 'sub', 'sub']: UNSAT (0.048 seconds)
312.06/312.10	['sub', 'sub', 'sub', 'sub']: UNSAT (0.051 seconds)
312.06/312.15	['concat', 'concat', 'concat', 'concat', 'concat']: UNKNOWN (125.780 seconds)
437.86/437.93	Reason: smt tactic failed to show goal to be sat/unsat max-conflicts-reached
437.86/437.93	Reason: smt tactic failed to show goal to be sat/unsat max-conflicts-reached
437.86/437.93	['concat', 'concat', 'concat', 'concat', 'index']: UNSAT (0.069 seconds)
437.96/438.00	['concat', 'concat', 'concat', 'concat', 'length']: UNSAT (0.060 seconds)
437.96/438.07	['concat', 'concat', 'concat', 'concat', 'substr']: UNKNOWN (136.666 seconds)
574.66/574.73	Reason: smt tactic failed to show goal to be sat/unsat max-conflicts-reached
574.66/574.73	Reason: smt tactic failed to show goal to be sat/unsat max-conflicts-reached
574.66/574.73	['concat', 'concat', 'concat', 'concat', 'add']: UNSAT (0.057 seconds)
574.66/574.79	['concat', 'concat', 'concat', 'concat', 'sub']: UNSAT (0.056 seconds)
574.76/574.85	['concat', 'concat', 'concat', 'index', 'index']: UNSAT (0.071 seconds)
574.86/574.92	['concat', 'concat', 'concat', 'index', 'length']: UNSAT (0.063 seconds)
574.86/574.98	['concat', 'concat', 'concat', 'index', 'substr']: 