0.12/0.20	=== Examples (../../dataset/examples/examples-92.json)
0.12/0.20	IO(inputs=('GEORGE',), output='George')
0.12/0.20	=== Library
0.12/0.20	concat
0.12/0.20	index
0.12/0.20	length
0.12/0.20	substr
0.12/0.20	add
0.12/0.20	sub
0.12/0.20	=== Synthesis
0.12/0.20	['concat']: UNSAT (0.024 seconds)
0.12/0.22	['index']: UNSAT (0.023 seconds)
0.12/0.24	['length']: UNSAT (0.018 seconds)
0.12/0.26	['substr']: UNSAT (0.024 seconds)
0.12/0.29	['add']: UNSAT (0.020 seconds)
0.25/0.31	['sub']: UNSAT (0.020 seconds)
0.25/0.33	['concat', 'concat']: UNSAT (0.032 seconds)
0.25/0.36	['concat', 'index']: UNSAT (0.032 seconds)
0.25/0.40	['concat', 'length']: UNSAT (0.026 seconds)
0.37/0.42	['concat', 'substr']: SAT (0.083 seconds)
0.45/0.51	concat(substr(arg0, 4, 1), 'eorge')
