0.12/0.20	=== Examples (../../dataset/examples/examples-70.json)
0.12/0.20	IO(inputs=('  like no spaces at all!!!  ',), output='likenospacesatall!!!')
0.12/0.20	=== Library
0.12/0.20	concat
0.12/0.20	index
0.12/0.20	length
0.12/0.20	substr
0.12/0.20	add
0.12/0.20	sub
0.12/0.20	=== Synthesis
0.12/0.20	['concat']: UNSAT (0.024 seconds)
0.12/0.22	['index']: UNSAT (0.022 seconds)
0.12/0.25	['length']: UNSAT (0.017 seconds)
0.12/0.26	['substr']: UNSAT (0.030 seconds)
0.26/0.29	['add']: UNSAT (0.020 seconds)
0.26/0.31	['sub']: UNSAT (0.019 seconds)
0.26/0.33	['concat', 'concat']: UNSAT (0.033 seconds)
0.26/0.37	['concat', 'index']: UNSAT (0.033 seconds)
0.37/0.40	['concat', 'length']: UNSAT (0.026 seconds)
0.37/0.43	['concat', 'substr']: UNSAT (0.660 seconds)
1.02/1.09	['concat', 'add']: UNSAT (0.022 seconds)
1.02/1.11	['concat', 'sub']: UNSAT (0.021 seconds)
1.02/1.14	['index', 'index']: UNSAT (0.027 seconds)
1.12/1.16	['index', 'length']: UNSAT (0.022 seconds)
1.12/1.19	['index', 'substr']: UNSAT (0.437 seconds)
1.58/1.62	['index', 'add']: UNSAT (0.024 seconds)
1.58/1.65	['index', 'sub']: UNSAT (0.024 seconds)
1.58/1.67	['length', 'length']: UNSAT (0.017 seconds)
1.58/1.69	['length', 'substr']: UNSAT (0.038 seconds)
1.68/1.73	['length', 'add']: UNSAT (0.019 seconds)
1.68/1.75	['length', 'sub']: UNSAT (0.020 seconds)
1.68/1.77	['substr', 'substr']: UNSAT (0.067 seconds)
1.78/1.84	['substr', 'add']: UNSAT (0.033 seconds)
1.78/1.87	['substr', 'sub']: UNSAT (0.034 seconds)
1.88/1.91	['add', 'add']: UNSAT (0.023 seconds)
1.88/1.93	['add', 'sub']: UNSAT (0.024 seconds)
1.88/1.95	['sub', 'sub']: UNSAT (0.022 seconds)
1.88/1.98	['concat', 'concat', 'concat']: UNSAT (0.078 seconds)
2.02/2.06	['concat', 'concat', 'index']: UNSAT (0.035 seconds)
2.02/2.09	['concat', 'concat', 'length']: UNSAT (0.028 seconds)
2.02/2.12	['concat', 'concat', 'substr']: UNKNOWN (18.720 seconds)
20.78/20.84	Reason: smt tactic failed to show goal to be sat/unsat max-conflicts-reached
20.78/20.84	Reason: smt tactic failed to show goal to be sat/unsat max-conflicts-reached
20.78/20.84	['concat', 'concat', 'add']: UNSAT (0.029 seconds)
20.78/20.87	['concat', 'concat', 'sub']: UNSAT (0.030 seconds)
20.88/20.90	['concat', 'index', 'index']: UNSAT (0.039 seconds)
20.88/20.94	['concat', 'index', 'length']: UNSAT (0.031 seconds)
20.88/20.97	['concat', 'index', 'substr']: UNSAT (1.121 seconds)
22.03/22.10	['concat', 'index', 'add']: UNSAT (0.036 seconds)
22.03/22.13	['concat', 'index', 'sub']: UNSAT (0.034 seconds)
22.13/22.17	['concat', 'length', 'length']: UNSAT (0.025 seconds)
22.13/22.19	['concat', 'length', 'substr']: UNSAT (0.420 seconds)
22.58/22.62	['concat', 'length', 'add']: UNSAT (0.028 seconds)
22.58/22.64	['concat', 'length', 'sub']: UNSAT (0.026 seconds)
22.58/22.67	['concat', 'substr', 'substr']: UNSAT (3.742 seconds)
26.38/26.41	['concat', 'substr', 'add']: UNSAT (0.471 seconds)
26.78/26.89	['concat', 'substr', 'sub']: UNSAT (0.485 seconds)
27.28/27.37	['concat', 'add', 'add']: UNSAT (0.030 seconds)
27.38/27.40	['concat', 'add', 'sub']: UNSAT (0.031 seconds)
27.38/27.43	['concat', 'sub', 'sub']: UNSAT (0.027 seconds)
27.38/27.46	['index', 'index', 'index']: UNSAT (0.037 seconds)
27.48/27.50	['index', 'index', 'length']: UNSAT (0.037 seconds)
27.48/27.54	['index', 'index', 'substr']: UNSAT (0.129 seconds)
27.58/27.67	['index', 'index', 'add']: UNSAT (0.036 seconds)
27.68/27.70	['index', 'index', 'sub']: UNSAT (0.036 seconds)
27.68/27.74	['index', 'length', 'length']: UNSAT (0.027 seconds)
27.68/27.77	['index', 'length', 'substr']: UNSAT (0.066 seconds)
27.78/27.83	['index', 'length', 'add']: UNSAT (0.032 seconds)
27.78/27.87	['index', 'length', 'sub']: UNSAT (0.031 seconds)
27.88/27.90	['index', 'substr', 'substr']: UNSAT (0.329 seconds)
28.18/28.23	['index', 'substr', 'add']: UNSAT (0.093 seconds)
28.28/28.32	['index', 'substr', 'sub']: UNSAT (0.074 seconds)
28.38/28.40	['index', 'add', 'add']: UNSAT (0.035 seconds)
28.38/28.43	['index', 'add', 'sub']: UNSAT (0.034 seconds)
28.38/28.47	['index', 'sub', 'sub']: UNSAT (0.034 seconds)
28.48/28.50	['length', 'length', 'length']: UNSAT (0.024 seconds)
28.48/28.53	['length', 'length', 'substr']: UNSAT (0.037 seconds)
28.48/28.57	['length', 'length', 'add']: UNSAT (0.024 seconds)
28.48/28.59	['length', 'length', 'sub']: UNSAT (0.025 seconds)
28.58/28.62	['length', 'substr', 'substr']: UNSAT (0.173 seconds)
28.68/28.79	['length', 'substr', 'add']: UNSAT (0.055 seconds)
28.78/28.85	['length', 'substr', 'sub']: UNSAT (0.062 seconds)
28.88/28.91	['length', 'add', 'add']: UNSAT (0.027 seconds)
28.88/28.94	['length', 'add', 'sub']: UNSAT (0.028 seconds)
28.88/28.97	['length', 'sub', 'sub']: UNSAT (0.027 seconds)
28.88/29.00	['substr', 'substr', 'substr']: UNSAT (0.161 seconds)
29.12/29.16	['substr', 'substr', 'add']: UNSAT (0.143 seconds)
29.28/29.30	['substr', 'substr', 'sub']: UNSAT (0.202 seconds)
29.48/29.51	['substr', 'add', 'add']: UNSAT (0.053 seconds)
29.48/29.56	['substr', 'add', 'sub']: UNSAT (0.049 seconds)
29.58/29.61	['substr', 'sub', 'sub']: UNSAT (0.046 seconds)
29.58/29.66	['add', 'add', 'add']: UNSAT (0.031 seconds)
29.58/29.69	['add', 'add', 'sub']: UNSAT (0.032 seconds)
29.68/29.72	['add', 'sub', 'sub']: UNSAT (0.032 seconds)
29.68/29.75	['sub', 'sub', 'sub']: UNSAT (0.034 seconds)
29.68/29.79	['concat', 'concat', 'concat', 'concat']: UNSAT (0.172 seconds)
29.88/29.96	['concat', 'concat', 'concat', 'index']: UNSAT (0.049 seconds)
29.88/30.01	['concat', 'concat', 'concat', 'length']: UNSAT (0.040 seconds)
30.03/30.05	['concat', 'concat', 'concat', 'substr']: UNKNOWN (61.506 seconds)
91.48/91.56	Reason: smt tactic failed to show goal to be sat/unsat max-conflicts-reached
91.48/91.56	Reason: smt tactic failed to show goal to be sat/unsat max-conflicts-reached
91.48/91.56	['concat', 'concat', 'concat', 'add']: UNSAT (0.045 seconds)
91.58/91.60	['concat', 'concat', 'concat', 'sub']: UNSAT (0.046 seconds)
91.58/91.65	['concat', 'concat', 'index', 'index']: UNSAT (0.058 seconds)
91.68/91.71	['concat', 'concat', 'index', 'length']: UNSAT (0.047 seconds)
91.68/91.76	['concat', 'concat', 'index', 'substr']: UNKNOWN (43.333 seconds)
135.03/135.09	Reason: smt tactic failed to show goal to be sat/unsat max-conflicts-reached
135.03/135.09	Reason: smt tactic failed to show goal to be sat/unsat max-conflicts-reached
135.03/135.09	['concat', 'concat', 'index', 'add']: UNSAT (0.049 seconds)
135.13/135.14	['concat', 'concat', 'index', 'sub']: UNSAT (0.048 seconds)
135.13/135.19	['concat', 'concat', 'length', 'length']: UNSAT (0.039 seconds)
135.18/135.23	['concat', 'concat', 'length', 'substr']: UNSAT (18.178 seconds)
153.38/153.41	['concat', 'concat', 'length', 'add']: UNSAT (0.042 seconds)
153.38/153.45	['concat', 'concat', 'length', 'sub']: UNSAT (0.042 seconds)
153.38/153.50	['concat', 'concat', 'substr', 'substr']: UNKNOWN (68.208 seconds)
221.68/221.70	Reason: smt tactic failed to show goal to be sat/unsat max-conflicts-reached
221.68/221.70	Reason: smt tactic failed to show goal to be sat/unsat max-conflicts-reached
221.68/221.70	['concat', 'concat', 'substr', 'add']: UNKNOWN (27.458 seconds)
249.11/249.16	Reason: smt tactic failed to show goal to be sat/unsat max-conflicts-reached
249.11/249.16	Reason: smt tactic failed to show goal to be sat/unsat max-conflicts-reached
249.11/249.16	['concat', 'concat', 'substr', 'sub']: UNKNOWN (32.212 seconds)
281.28/281.38	Reason: smt tactic failed to show goal to be sat/unsat max-conflicts-reached
281.28/281.38	Reason: smt tactic failed to show goal to be sat/unsat max-conflicts-reached
281.28/281.38	['concat', 'concat', 'add', 'add']: UNSAT (0.043 seconds)
281.38/281.42	['concat', 'concat', 'add', 'sub']: UNSAT (0.042 seconds)
281.38/281.46	['concat', 'concat', 'sub', 'sub']: UNSAT (0.042 seconds)
281.48/281.51	['concat', 'index', 'index', 'index']: UNSAT (0.060 seconds)
281.48/281.57	['concat', 'index', 'index', 'length']: UNSAT (0.052 seconds)
281.58/281.62	['concat', 'index', 'index', 'substr']: UNSAT (1.750 seconds)
283.28/283.37	['concat', 'index', 'index', 'add']: UNSAT (0.053 seconds)
283.38/283.43	['concat', 'index', 'index', 'sub']: UNSAT (0.051 seconds)
283.38/283.48	['concat', 'index', 'length', 'length']: UNSAT (0.042 seconds)
283.48/283.52	['concat', 'index', 'length', 'substr']: UNSAT (1.930 seconds)
285.38/285.45	['concat', 'index', 'length', 'add']: UNSAT (0.042 seconds)
285.48/285.50	['concat', 'index', 'length', 'sub']: UNSAT (0.045 seconds)
285.48/285.54	['concat', 'index', 'substr', 'substr']: UNSAT (27.434 seconds)
312.88/312.98	['concat', 'index', 'substr', 'add']: UNSAT (1.009 seconds)
313.88/313.99	['concat', 'index', 'substr', 'sub']: UNSAT (0.977 seconds)
314.88/314.96	['concat', 'index', 'add', 'add']: UNSAT (0.047 seconds)
314.88/315.01	['concat', 'index', 'add', 'sub']: UNSAT (0.048 seconds)
315.01/315.06	['concat', 'index', 'sub', 'sub']: UNSAT (0.047 seconds)
315.01/315.11	['concat', 'length', 'length', 'length']: UNSAT (0.033 seconds)
315.12/315.14	['concat', 'length', 'length', 'substr']: UNSAT (0.117 seconds)
315.18/315.26	['concat', 'length', 'length', 'add']: UNSAT (0.036 seconds)
315.28/315.30	['concat', 'length', 'length', 'sub']: UNSAT (0.036 seconds)
315.28/315.33	['concat', 'length', 'substr', 'substr']: UNSAT (23.059 seconds)
338.28/338.39	['concat', 'length', 'substr', 'add']: UNSAT (0.892 seconds)
339.18/339.29	['concat', 'length', 'substr', 'sub']: UNSAT (0.760 seconds)
340.03/340.05	['concat', 'length', 'add', 'add']: UNSAT (0.042 seconds)
340.03/340.09	['concat', 'length', 'add', 'sub']: UNSAT (0.041 seconds)
340.03/340.13	['concat', 'length', 'sub', 'sub']: UNSAT (0.039 seconds)
340.13/340.17	['concat', 'substr', 'substr', 'substr']: UNSAT (35.988 seconds)
376.11/376.16	['concat', 'substr', 'substr', 'add']: UNSAT (14.127 seconds)
390.18/390.29	['concat', 'substr', 'substr', 'sub']: UNSAT (14.905 seconds)
405.17/405.20	['concat', 'substr', 'add', 'add']: UNSAT (1.032 seconds)
406.17/406.23	['concat', 'substr', 'add', 'sub']: UNSAT (0.856 seconds)
407.02/407.09	['concat', 'substr', 'sub', 'sub']: UNSAT (0.927 seconds)
407.87/408.01	['concat', 'add', 'add', 'add']: UNSAT (0.047 seconds)
408.00/408.06	['concat', 'add', 'add', 'sub']: UNSAT (0.047 seconds)
408.00/408.11	['concat', 'add', 'sub', 'sub']: UNSAT (0.045 seconds)
408.10/408.16	['concat', 'sub', 'sub', 'sub']: UNSAT (0.047 seconds)
408.17/408.20	['index', 'index', 'index', 'index']: UNSAT (0.063 seconds)
408.17/408.27	['index', 'index', 'index', 'length']: UNSAT (0.051 seconds)
408.27/408.32	['index', 'index', 'index', 'substr']: UNSAT (0.247 seconds)
408.47/408.57	['index', 'index', 'index', 'add']: UNSAT (0.057 seconds)
408.57/408.63	['index', 'index', 'index', 'sub']: UNSAT (0.058 seconds)
408.57/408.69	['index', 'index', 'length', 'length']: UNSAT (0.044 seconds)
408.67/408.73	['index', 'index', 'length', 'substr']: UNSAT (0.367 seconds)
409.02/409.10	['index', 'index', 'length', 'add']: UNSAT (0.048 seconds)
409.12/409.15	['index', 'index', 'length', 'sub']: UNSAT (0.051 seconds)
409.17/409.20	['index', 'index', 'substr', 'substr']: UNSAT (0.841 seconds)
410.02/410.04	['index', 'index', 'substr', 'add']: UNSAT (0.168 seconds)
410.17/410.21	['index', 'index', 'substr', 'sub']: UNSAT (0.251 seconds)
410.37/410.46	['index', 'index', 'add', 'add']: UNSAT (0.058 seconds)
410.47/410.52	['index', 'index', 'add', 'sub']: UNSAT (0.057 seconds)
410.47/410.58	['index', 'index', 'sub', 'sub']: UNSAT (0.054 seconds)
410.57/410.63	['index', 'length', 'length', 'length']: UNSAT (0.036 seconds)
410.57/410.67	['index', 'length', 'length', 'substr']: UNSAT (0.113 seconds)
410.67/410.79	['index', 'length', 'length', 'add']: UNSAT (0.041 seconds)
410.77/410.83	['index', 'length', 'length', 'sub']: UNSAT (0.041 seconds)
410.77/410.87	['index', 'length', 'substr', 'substr']: UNSAT (0.731 seconds)
411.57/411.60	['index', 'length', 'substr', 'add']: UNSAT (0.112 seconds)
411.67/411.71	['index', 'length', 'substr', 'sub']: UNSAT (0.183 seconds)
411.87/411.90	['index', 'length', 'add', 'add']: UNSAT (0.046 seconds)
411.87/411.95	['index', 'length', 'add', 'sub']: UNSAT (0.045 seconds)
411.87/411.99	['index', 'length', 'sub', 'sub']: UNSAT (0.046 seconds)
411.87/412.04	['index', 'substr', 'substr', 'substr']: UNSAT (7.821 seconds)
419.77/419.86	['index', 'substr', 'substr', 'add']: UNSAT (0.545 seconds)
420.37/420.41	['index', 'substr', 'substr', 'sub']: UNSAT (0.464 seconds)
420.77/420.87	['index', 'substr', 'add', 'add']: UNSAT (0.196 seconds)
421.02/421.07	['index', 'substr', 'add', 'sub']: UNSAT (0.115 seconds)
421.12/421.19	['index', 'substr', 'sub', 'sub']: UNSAT (0.104 seconds)
421.17/421.29	['index', 'add', 'add', 'add']: UNSAT (0.053 seconds)
421.27/421.34	['index', 'add', 'add', 'sub']: UNSAT (0.053 seconds)
421.37/421.40	['index', 'add', 'sub', 'sub']: UNSAT (0.052 seconds)
421.37/421.45	['index', 'sub', 'sub', 'sub']: UNSAT (0.052 seconds)
421.47/421.50	['length', 'length', 'length', 'length']: UNSAT (0.029 seconds)
421.47/421.53	['length', 'length', 'length', 'substr']: UNSAT (0.035 seconds)
421.47/421.57	['length', 'length', 'length', 'add']: UNSAT (0.032 seconds)
421.57/421.60	['length', 'length', 'length', 'sub']: UNSAT (0.031 seconds)
421.57/421.64	['length', 'length', 'substr', 'substr']: UNSAT (0.321 seconds)
421.87/421.96	['length', 'length', 'substr', 'add']: UNSAT (0.097 seconds)
422.01/422.06	['length', 'length', 'substr', 'sub']: UNSAT (0.103 seconds)
422.11/422.16	['length', 'length', 'add', 'add']: UNSAT (0.036 seconds)
422.17/422.20	['length', 'length', 'add', 'sub']: UNSAT (0.037 seconds)
422.17/422.23	['length', 'length', 'sub', 'sub']: UNSAT (0.037 seconds)
422.17/422.27	['length', 'substr', 'substr', 'substr']: UNSAT (3.167 seconds)
425.37/425.44	['length', 'substr', 'substr', 'add']: UNSAT (0.330 seconds)
425.67/425.77	['length', 'substr', 'substr', 'sub']: UNSAT (0.263 seconds)
426.01/426.04	['length', 'substr', 'add', 'add']: UNSAT (0.090 seconds)
426.01/426.13	['length', 'substr', 'add', 'sub']: UNSAT (0.094 seconds)
426.17/426.22	['length', 'substr', 'sub', 'sub']: UNSAT (0.102 seconds)
426.27/426.33	['length', 'add', 'add', 'add']: UNSAT (0.046 seconds)
426.27/426.37	['length', 'add', 'add', 'sub']: UNSAT (0.044 seconds)
426.37/426.42	['length', 'add', 'sub', 'sub']: UNSAT (0.044 seconds)
426.37/426.46	['length', 'sub', 'sub', 'sub']: UNSAT (0.044 seconds)
426.47/426.51	['substr', 'substr', 'substr', 'substr']: UNSAT (0.845 seconds)
427.27/427.35	['substr', 'substr', 'substr', 'add']: UNSAT (0.585 seconds)
427.87/427.94	['substr', 'substr', 'substr', 'sub']: UNSAT (1.870 seconds)
429.77/429.81	['substr', 'substr', 'add', 'add']: UNSAT (0.740 seconds)
430.47/430.55	['substr', 'substr', 'add', 'sub']: UNSAT (0.674 seconds)
431.17/431.23	['substr', 'substr', 'sub', 'sub']: UNSAT (0.283 seconds)
431.47/431.51	['substr', 'add', 'add', 'add']: UNSAT (0.117 seconds)
431.57/431.63	['substr', 'add', 'add', 'sub']: UNSAT (0.073 seconds)
431.67/431.71	['substr', 'add', 'sub', 'sub']: UNSAT (0.093 seconds)
431.77/431.80	['substr', 'sub', 'sub', 'sub']: UNSAT (0.077 seconds)
431.77/431.88	['add', 'add', 'add', 'add']: UNSAT (0.048 seconds)
431.87/431.93	['add', 'add', 'add', 'sub']: UNSAT (0.049 seconds)
431.87/431.98	['add', 'add', 'sub', 'sub']: UNSAT (0.049 seconds)
431.87/432.03	['add', 'sub', 'sub', 'sub']: UNSAT (0.048 seconds)
432.01/432.08	['sub', 'sub', 'sub', 'sub']: UNSAT (0.047 seconds)
432.01/432.12	['concat', 'concat', 'concat', 'concat', 'concat']: UNSAT (0.254 seconds)
432.27/432.38	['concat', 'concat', 'concat', 'concat', 'index']: UNSAT (0.070 seconds)
432.37/432.45	['concat', 'concat', 'concat', 'concat', 'length']: UNSAT (0.061 seconds)
432.47/432.51	['concat', 'concat', 'concat', 'concat', 'substr']: UNKNOWN (86.998 seconds)
519.47/519.51	Reason: smt tactic failed to show goal to be sat/unsat max-conflicts-reached
519.47/519.51	Reason: smt tactic failed to show goal to be sat/unsat max-conflicts-reached
519.47/519.51	['concat', 'concat', 'concat', 'concat', 'add']: UNSAT (0.059 seconds)
519.47/519.57	['concat', 'concat', 'concat', 'concat', 'sub']: UNSAT (0.061 seconds)
519.57/519.63	['concat', 'concat', 'concat', 'index', 'index']: UNSAT (0.073 seconds)
519.67/519.71	['concat', 'concat', 'concat', 'index', 'length']: UNSAT (0.065 seconds)
519.67/519.77	['concat', 'concat', 'concat', 'index', 'substr']: UNKNOWN (70.896 seconds)
590.57/590.67	Reason: smt tactic failed to show goal to be sat/unsat max-conflicts-reached
590.57/590.67	Reason: smt tactic failed to show goal to be sat/unsat max-conflicts-reached
590.57/590.67	['concat', 'concat', 'concat', 'index', 'add']: UNSAT (0.062 seconds)
590.67/590.73	['concat', 'concat', 'concat', 'index', 'sub']: UNSAT (0.063 seconds)
590.77/590.80	['concat', 'concat', 'concat', 'length', 'length']: UNSAT (0.051 seconds)
590.77/590.85	['concat', 'concat', 'concat', 'length', 'substr']: 