0.00/0.18	=== Examples (../../dataset/examples/examples-26.json)
0.00/0.18	IO(inputs=('Nullam elementum, nisi ut pharetra molestie, mauris nisl accumsan magna orci aliquam.',), output='Nullam elementum, nisi ut pharetra molestie, mauris nisl accumsan magna orci ali...')
0.00/0.18	=== Library
0.00/0.18	concat
0.00/0.18	index
0.00/0.18	length
0.00/0.18	substr
0.00/0.18	add
0.00/0.18	sub
0.00/0.18	=== Synthesis
0.00/0.18	['concat']: UNSAT (0.024 seconds)
0.00/0.20	['index']: UNSAT (0.022 seconds)
0.21/0.22	['length']: UNSAT (0.018 seconds)
0.21/0.24	['substr']: UNSAT (0.038 seconds)
0.21/0.28	['add']: UNSAT (0.020 seconds)
0.21/0.30	['sub']: UNSAT (0.019 seconds)
0.21/0.32	['concat', 'concat']: UNSAT (0.036 seconds)
0.21/0.36	['concat', 'index']: UNSAT (0.032 seconds)
0.21/0.39	['concat', 'length']: UNSAT (0.026 seconds)
0.40/0.42	['concat', 'substr']: SAT (2.382 seconds)
2.79/2.80	concat(substr(arg0, 0, 78), 'li...')
