0.00/0.20	=== Examples (../../dataset/examples/examples-01.json)
0.00/0.20	IO(inputs=('Hello World',), output='Hello&nbsp;World')
0.00/0.20	=== Library
0.00/0.20	concat
0.00/0.20	index
0.00/0.20	length
0.00/0.20	substr
0.00/0.20	add
0.00/0.20	sub
0.00/0.20	=== Synthesis
0.00/0.20	['concat']: UNSAT (0.024 seconds)
0.00/0.22	['index']: UNSAT (0.022 seconds)
0.22/0.25	['length']: UNSAT (0.018 seconds)
0.22/0.26	['substr']: UNSAT (0.023 seconds)
0.22/0.29	['add']: UNSAT (0.019 seconds)
0.22/0.31	['sub']: UNSAT (0.019 seconds)
0.22/0.33	['concat', 'concat']: UNSAT (0.060 seconds)
0.22/0.39	['concat', 'index']: UNSAT (0.035 seconds)
0.39/0.42	['concat', 'length']: UNSAT (0.026 seconds)
0.43/0.45	['concat', 'substr']: UNSAT (0.061 seconds)
0.43/0.51	['concat', 'add']: UNSAT (0.027 seconds)
0.43/0.54	['concat', 'sub']: UNSAT (0.027 seconds)
0.43/0.57	['index', 'index']: UNSAT (0.034 seconds)
0.43/0.60	['index', 'length']: UNSAT (0.027 seconds)
0.60/0.63	['index', 'substr']: UNSAT (0.034 seconds)
0.60/0.67	['index', 'add']: UNSAT (0.025 seconds)
0.60/0.69	['index', 'sub']: UNSAT (0.023 seconds)
0.60/0.71	['length', 'length']: UNSAT (0.017 seconds)
0.71/0.73	['length', 'substr']: UNSAT (0.024 seconds)
0.74/0.76	['length', 'add']: UNSAT (0.020 seconds)
0.74/0.78	['length', 'sub']: UNSAT (0.019 seconds)
0.79/0.80	['substr', 'substr']: UNSAT (0.029 seconds)
0.79/0.83	['substr', 'add']: UNSAT (0.026 seconds)
0.79/0.85	['substr', 'sub']: UNSAT (0.027 seconds)
0.79/0.88	['add', 'add']: UNSAT (0.025 seconds)
0.89/0.91	['add', 'sub']: UNSAT (0.024 seconds)
0.89/0.93	['sub', 'sub']: UNSAT (0.023 seconds)
0.89/0.96	['concat', 'concat', 'concat']: UNSAT (1.033 seconds)
1.89/1.99	['concat', 'concat', 'index']: UNSAT (0.035 seconds)
1.99/2.03	['concat', 'concat', 'length']: UNSAT (0.030 seconds)
1.99/2.06	['concat', 'concat', 'substr']: UNSAT (2.308 seconds)
4.33/4.37	['concat', 'concat', 'add']: UNSAT (0.031 seconds)
4.33/4.40	['concat', 'concat', 'sub']: UNSAT (0.029 seconds)
4.40/4.43	['concat', 'index', 'index']: UNSAT (0.037 seconds)
4.40/4.47	['concat', 'index', 'length']: UNSAT (0.030 seconds)
4.49/4.50	['concat', 'index', 'substr']: UNSAT (0.131 seconds)
4.59/4.63	['concat', 'index', 'add']: UNSAT (0.032 seconds)
4.59/4.66	['concat', 'index', 'sub']: UNSAT (0.029 seconds)
4.59/4.69	['concat', 'length', 'length']: UNSAT (0.024 seconds)
4.69/4.72	['concat', 'length', 'substr']: UNSAT (0.073 seconds)
4.69/4.79	['concat', 'length', 'add']: UNSAT (0.026 seconds)
4.79/4.82	['concat', 'length', 'sub']: UNSAT (0.025 seconds)
4.79/4.84	['concat', 'substr', 'substr']: UNSAT (0.226 seconds)
4.99/5.07	['concat', 'substr', 'add']: UNSAT (0.073 seconds)
5.09/5.14	['concat', 'substr', 'sub']: UNSAT (0.073 seconds)
5.09/5.22	['concat', 'add', 'add']: UNSAT (0.030 seconds)
5.09/5.25	['concat', 'add', 'sub']: UNSAT (0.035 seconds)
5.24/5.28	['concat', 'sub', 'sub']: UNSAT (0.032 seconds)
5.24/5.32	['index', 'index', 'index']: UNSAT (0.041 seconds)
5.34/5.36	['index', 'index', 'length']: UNSAT (0.034 seconds)
5.34/5.39	['index', 'index', 'substr']: UNSAT (0.058 seconds)
5.39/5.45	['index', 'index', 'add']: UNSAT (0.037 seconds)
5.39/5.49	['index', 'index', 'sub']: UNSAT (0.035 seconds)
5.49/5.52	['index', 'length', 'length']: UNSAT (0.028 seconds)
5.49/5.55	['index', 'length', 'substr']: UNSAT (0.035 seconds)
5.49/5.59	['index', 'length', 'add']: UNSAT (0.029 seconds)
5.59/5.62	['index', 'length', 'sub']: UNSAT (0.031 seconds)
5.59/5.65	['index', 'substr', 'substr']: UNSAT (0.070 seconds)
5.68/5.72	['index', 'substr', 'add']: UNSAT (0.046 seconds)
5.68/5.77	['index', 'substr', 'sub']: UNSAT (0.054 seconds)
5.78/5.82	['index', 'add', 'add']: UNSAT (0.033 seconds)
5.78/5.86	['index', 'add', 'sub']: UNSAT (0.035 seconds)
5.78/5.89	['index', 'sub', 'sub']: UNSAT (0.034 seconds)
5.88/5.93	['length', 'length', 'length']: UNSAT (0.021 seconds)
5.88/5.95	['length', 'length', 'substr']: UNSAT (0.029 seconds)
5.88/5.98	['length', 'length', 'add']: UNSAT (0.021 seconds)
5.98/6.00	['length', 'length', 'sub']: UNSAT (0.022 seconds)
5.98/6.02	['length', 'substr', 'substr']: UNSAT (0.049 seconds)
5.98/6.07	['length', 'substr', 'add']: UNSAT (0.034 seconds)
6.08/6.11	['length', 'substr', 'sub']: UNSAT (0.037 seconds)
6.08/6.15	['length', 'add', 'add']: UNSAT (0.029 seconds)
6.08/6.18	['length', 'add', 'sub']: UNSAT (0.028 seconds)
6.08/6.20	['length', 'sub', 'sub']: UNSAT (0.026 seconds)
6.08/6.23	['substr', 'substr', 'substr']: UNSAT (0.048 seconds)
6.08/6.28	['substr', 'substr', 'add']: UNSAT (0.039 seconds)
6.28/6.32	['substr', 'substr', 'sub']: UNSAT (0.042 seconds)
6.28/6.36	['substr', 'add', 'add']: UNSAT (0.036 seconds)
6.38/6.40	['substr', 'add', 'sub']: UNSAT (0.035 seconds)
6.38/6.44	['substr', 'sub', 'sub']: UNSAT (0.035 seconds)
6.38/6.47	['add', 'add', 'add']: UNSAT (0.029 seconds)
6.48/6.50	['add', 'add', 'sub']: UNSAT (0.031 seconds)
6.48/6.53	['add', 'sub', 'sub']: UNSAT (0.034 seconds)
6.48/6.57	['sub', 'sub', 'sub']: UNSAT (0.033 seconds)
6.58/6.60	['concat', 'concat', 'concat', 'concat']: UNKNOWN (96.640 seconds)
103.18/103.24	Reason: smt tactic failed to show goal to be sat/unsat max-conflicts-reached
103.18/103.24	Reason: smt tactic failed to show goal to be sat/unsat max-conflicts-reached
103.18/103.24	['concat', 'concat', 'concat', 'index']: UNSAT (0.051 seconds)
103.18/103.30	['concat', 'concat', 'concat', 'length']: UNSAT (0.042 seconds)
103.29/103.34	['concat', 'concat', 'concat', 'substr']: UNKNOWN (41.504 seconds)
144.78/144.84	Reason: smt tactic failed to show goal to be sat/unsat max-conflicts-reached
144.78/144.84	Reason: smt tactic failed to show goal to be sat/unsat max-conflicts-reached
144.78/144.84	['concat', 'concat', 'concat', 'add']: UNSAT (0.042 seconds)
144.78/144.89	['concat', 'concat', 'concat', 'sub']: UNSAT (0.042 seconds)
144.88/144.93	['concat', 'concat', 'index', 'index']: UNSAT (0.051 seconds)
144.88/144.98	['concat', 'concat', 'index', 'length']: UNSAT (0.043 seconds)
144.98/145.03	['concat', 'concat', 'index', 'substr']: UNSAT (5.102 seconds)
150.08/150.13	['concat', 'concat', 'index', 'add']: UNSAT (0.045 seconds)
150.08/150.18	['concat', 'concat', 'index', 'sub']: UNSAT (0.045 seconds)
150.18/150.22	['concat', 'concat', 'length', 'length']: UNSAT (0.036 seconds)
150.18/150.26	['concat', 'concat', 'length', 'substr']: UNSAT (3.221 seconds)
153.38/153.48	['concat', 'concat', 'length', 'add']: UNSAT (0.037 seconds)
153.38/153.52	['concat', 'concat', 'length', 'sub']: UNSAT (0.038 seconds)
153.51/153.56	['concat', 'concat', 'substr', 'substr']: UNKNOWN (33.866 seconds)
187.38/187.43	Reason: smt tactic failed to show goal to be sat/unsat max-conflicts-reached
187.38/187.43	Reason: smt tactic failed to show goal to be sat/unsat max-conflicts-reached
187.38/187.43	['concat', 'concat', 'substr', 'add']: UNSAT (2.925 seconds)
190.28/190.35	['concat', 'concat', 'substr', 'sub']: UNSAT (2.918 seconds)
193.18/193.27	['concat', 'concat', 'add', 'add']: UNSAT (0.040 seconds)
193.28/193.31	['concat', 'concat', 'add', 'sub']: UNSAT (0.040 seconds)
193.28/193.35	['concat', 'concat', 'sub', 'sub']: UNSAT (0.047 seconds)
193.38/193.40	['concat', 'index', 'index', 'index']: UNSAT (0.055 seconds)
193.38/193.45	['concat', 'index', 'index', 'length']: UNSAT (0.044 seconds)
193.38/193.50	['concat', 'index', 'index', 'substr']: UNSAT (0.193 seconds)
193.63/193.69	['concat', 'index', 'index', 'add']: UNSAT (0.048 seconds)
193.68/193.74	['concat', 'index', 'index', 'sub']: UNSAT (0.047 seconds)
193.68/193.79	['concat', 'index', 'length', 'length']: UNSAT (0.040 seconds)
193.78/193.83	['concat', 'index', 'length', 'substr']: UNSAT (0.168 seconds)
193.98/194.00	['concat', 'index', 'length', 'add']: UNSAT (0.042 seconds)
193.98/194.04	['concat', 'index', 'length', 'sub']: UNSAT (0.041 seconds)
193.98/194.09	['concat', 'index', 'substr', 'substr']: UNSAT (0.996 seconds)
194.98/195.08	['concat', 'index', 'substr', 'add']: UNSAT (0.170 seconds)
195.18/195.25	['concat', 'index', 'substr', 'sub']: UNSAT (0.180 seconds)
195.38/195.44	['concat', 'index', 'add', 'add']: UNSAT (0.044 seconds)
195.38/195.48	['concat', 'index', 'add', 'sub']: UNSAT (0.046 seconds)
195.38/195.53	['concat', 'index', 'sub', 'sub']: UNSAT (0.044 seconds)
195.51/195.57	['concat', 'length', 'length', 'length']: UNSAT (0.031 seconds)
195.51/195.60	['concat', 'length', 'length', 'substr']: UNSAT (0.095 seconds)
195.68/195.70	['concat', 'length', 'length', 'add']: UNSAT (0.033 seconds)
195.68/195.73	['concat', 'length', 'length', 'sub']: UNSAT (0.032 seconds)
195.68/195.77	['concat', 'length', 'substr', 'substr']: UNSAT (0.450 seconds)
196.18/196.22	['concat', 'length', 'substr', 'add']: UNSAT (0.124 seconds)
196.28/196.34	['concat', 'length', 'substr', 'sub']: UNSAT (0.129 seconds)
196.38/196.47	['concat', 'length', 'add', 'add']: UNSAT (0.037 seconds)
196.38/196.51	['concat', 'length', 'add', 'sub']: UNSAT (0.037 seconds)
196.52/196.55	['concat', 'length', 'sub', 'sub']: UNSAT (0.036 seconds)
196.52/196.59	['concat', 'substr', 'substr', 'substr']: UNSAT (1.535 seconds)
198.08/198.12	['concat', 'substr', 'substr', 'add']: UNSAT (0.868 seconds)
198.88/198.99	['concat', 'substr', 'substr', 'sub']: UNSAT (0.637 seconds)
199.52/199.63	['concat', 'substr', 'add', 'add']: UNSAT (0.101 seconds)
199.68/199.73	['concat', 'substr', 'add', 'sub']: UNSAT (0.109 seconds)
199.78/199.84	['concat', 'substr', 'sub', 'sub']: UNSAT (0.102 seconds)
199.88/199.94	['concat', 'add', 'add', 'add']: UNSAT (0.046 seconds)
199.88/199.99	['concat', 'add', 'add', 'sub']: UNSAT (0.046 seconds)
199.98/200.04	['concat', 'add', 'sub', 'sub']: UNSAT (0.045 seconds)
199.98/200.08	['concat', 'sub', 'sub', 'sub']: UNSAT (0.044 seconds)
200.08/200.13	['index', 'index', 'index', 'index']: UNSAT (0.059 seconds)
200.08/200.19	['index', 'index', 'index', 'length']: UNSAT (0.050 seconds)
200.18/200.24	['index', 'index', 'index', 'substr']: UNSAT (0.121 seconds)
200.28/200.36	['index', 'index', 'index', 'add']: UNSAT (0.052 seconds)
200.38/200.41	['index', 'index', 'index', 'sub']: UNSAT (0.052 seconds)
200.38/200.47	['index', 'index', 'length', 'length']: UNSAT (0.040 seconds)
200.38/200.51	['index', 'index', 'length', 'substr']: UNSAT (0.054 seconds)
200.52/200.56	['index', 'index', 'length', 'add']: UNSAT (0.043 seconds)
200.52/200.61	['index', 'index', 'length', 'sub']: UNSAT (0.044 seconds)
200.62/200.65	['index', 'index', 'substr', 'substr']: UNSAT (0.143 seconds)
200.69/200.80	['index', 'index', 'substr', 'add']: UNSAT (0.077 seconds)
200.78/200.87	['index', 'index', 'substr', 'sub']: UNSAT (0.069 seconds)
200.88/200.94	['index', 'index', 'add', 'add']: UNSAT (0.054 seconds)
200.98/201.00	['index', 'index', 'add', 'sub']: UNSAT (0.052 seconds)
200.98/201.05	['index', 'index', 'sub', 'sub']: UNSAT (0.053 seconds)
201.08/201.10	['index', 'length', 'length', 'length']: UNSAT (0.036 seconds)
201.08/201.14	['index', 'length', 'length', 'substr']: UNSAT (0.048 seconds)
201.08/201.19	['index', 'length', 'length', 'add']: UNSAT (0.038 seconds)
201.18/201.23	['index', 'length', 'length', 'sub']: UNSAT (0.038 seconds)
201.18/201.27	['index', 'length', 'substr', 'substr']: UNSAT (0.077 seconds)
201.28/201.35	['index', 'length', 'substr', 'add']: UNSAT (0.059 seconds)
201.38/201.41	['index', 'length', 'substr', 'sub']: UNSAT (0.059 seconds)
201.38/201.47	['index', 'length', 'add', 'add']: UNSAT (0.041 seconds)
201.38/201.51	['index', 'length', 'add', 'sub']: UNSAT (0.041 seconds)
201.52/201.55	['index', 'length', 'sub', 'sub']: UNSAT (0.041 seconds)
201.52/201.59	['index', 'substr', 'substr', 'substr']: UNSAT (0.140 seconds)
201.68/201.73	['index', 'substr', 'substr', 'add']: UNSAT (0.086 seconds)
201.78/201.82	['index', 'substr', 'substr', 'sub']: UNSAT (0.086 seconds)
201.88/201.91	['index', 'substr', 'add', 'add']: UNSAT (0.064 seconds)
201.88/201.97	['index', 'substr', 'add', 'sub']: UNSAT (0.072 seconds)
201.98/202.04	['index', 'substr', 'sub', 'sub']: UNSAT (0.077 seconds)
202.08/202.12	['index', 'add', 'add', 'add']: UNSAT (0.052 seconds)
202.08/202.18	['index', 'add', 'add', 'sub']: UNSAT (0.052 seconds)
202.18/202.23	['index', 'add', 'sub', 'sub']: UNSAT (0.051 seconds)
202.18/202.28	['index', 'sub', 'sub', 'sub']: UNSAT (0.050 seconds)
202.28/202.33	['length', 'length', 'length', 'length']: UNSAT (0.027 seconds)
202.28/202.36	['length', 'length', 'length', 'substr']: UNSAT (0.033 seconds)
202.28/202.39	['length', 'length', 'length', 'add']: UNSAT (0.029 seconds)
202.38/202.42	['length', 'length', 'length', 'sub']: UNSAT (0.029 seconds)
202.38/202.45	['length', 'length', 'substr', 'substr']: UNSAT (0.060 seconds)
202.38/202.51	['length', 'length', 'substr', 'add']: UNSAT (0.044 seconds)
202.52/202.56	['length', 'length', 'substr', 'sub']: UNSAT (0.045 seconds)
202.52/202.60	['length', 'length', 'add', 'add']: UNSAT (0.033 seconds)
202.62/202.64	['length', 'length', 'add', 'sub']: UNSAT (0.034 seconds)
202.62/202.67	['length', 'length', 'sub', 'sub']: UNSAT (0.034 seconds)
202.68/202.71	['length', 'substr', 'substr', 'substr']: UNSAT (0.097 seconds)
202.78/202.81	['length', 'substr', 'substr', 'add']: UNSAT (0.071 seconds)
202.78/202.88	['length', 'substr', 'substr', 'sub']: UNSAT (0.073 seconds)
202.88/202.95	['length', 'substr', 'add', 'add']: UNSAT (0.053 seconds)
202.98/203.01	['length', 'substr', 'add', 'sub']: UNSAT (0.055 seconds)
202.98/203.06	['length', 'substr', 'sub', 'sub']: UNSAT (0.055 seconds)
203.08/203.12	['length', 'add', 'add', 'add']: UNSAT (0.042 seconds)
203.08/203.16	['length', 'add', 'add', 'sub']: UNSAT (0.041 seconds)
203.18/203.20	['length', 'add', 'sub', 'sub']: UNSAT (0.041 seconds)
203.18/203.24	['length', 'sub', 'sub', 'sub']: UNSAT (0.041 seconds)
203.18/203.29	['substr', 'substr', 'substr', 'substr']: UNSAT (0.094 seconds)
203.28/203.38	['substr', 'substr', 'substr', 'add']: UNSAT (0.069 seconds)
203.38/203.45	['substr', 'substr', 'substr', 'sub']: UNSAT (0.068 seconds)
203.38/203.52	['substr', 'substr', 'add', 'add']: UNSAT (0.055 seconds)
203.51/203.58	['substr', 'substr', 'add', 'sub']: UNSAT (0.052 seconds)
203.61/203.63	['substr', 'substr', 'sub', 'sub']: UNSAT (0.053 seconds)
203.61/203.68	['substr', 'add', 'add', 'add']: UNSAT (0.050 seconds)
203.68/203.73	['substr', 'add', 'add', 'sub']: UNSAT (0.048 seconds)
203.68/203.78	['substr', 'add', 'sub', 'sub']: UNSAT (0.048 seconds)
203.78/203.83	['substr', 'sub', 'sub', 'sub']: UNSAT (0.048 seconds)
203.78/203.88	['add', 'add', 'add', 'add']: UNSAT (0.044 seconds)
203.88/203.93	['add', 'add', 'add', 'sub']: UNSAT (0.044 seconds)
203.88/203.97	['add', 'add', 'sub', 'sub']: UNSAT (0.045 seconds)
203.98/204.02	['add', 'sub', 'sub', 'sub']: UNSAT (0.045 seconds)
203.98/204.06	['sub', 'sub', 'sub', 'sub']: UNSAT (0.046 seconds)
204.08/204.11	['concat', 'concat', 'concat', 'concat', 'concat']: UNKNOWN (83.484 seconds)
287.51/287.59	Reason: smt tactic failed to show goal to be sat/unsat max-conflicts-reached
287.51/287.59	Reason: smt tactic failed to show goal to be sat/unsat max-conflicts-reached
287.51/287.59	['concat', 'concat', 'concat', 'concat', 'index']: UNSAT (0.066 seconds)
287.61/287.66	['concat', 'concat', 'concat', 'concat', 'length']: UNSAT (0.056 seconds)
287.68/287.72	['concat', 'concat', 'concat', 'concat', 'substr']: UNKNOWN (50.590 seconds)
338.28/338.31	Reason: smt tactic failed to show goal to be sat/unsat max-conflicts-reached
338.28/338.31	Reason: smt tactic failed to show goal to be sat/unsat max-conflicts-reached
338.28/338.31	['concat', 'concat', 'concat', 'concat', 'add']: UNSAT (0.058 seconds)
338.28/338.37	['concat', 'concat', 'concat', 'concat', 'sub']: UNSAT (0.056 seconds)
338.38/338.43	['concat', 'concat', 'concat', 'index', 'index']: UNSAT (0.068 seconds)
338.38/338.49	['concat', 'concat', 'concat', 'index', 'length']: UNSAT (0.062 seconds)
338.52/338.56	['concat', 'concat', 'concat', 'index', 'substr']: UNKNOWN (36.713 seconds)
375.18/375.27	Reason: smt tactic failed to show goal to be sat/unsat max-conflicts-reached
375.18/375.27	Reason: smt tactic failed to show goal to be sat/unsat max-conflicts-reached
375.18/375.27	['concat', 'concat', 'concat', 'index', 'add']: UNSAT (0.057 seconds)
375.28/375.33	['concat', 'concat', 'concat', 'index', 'sub']: UNSAT (0.059 seconds)
375.28/375.39	['concat', 'concat', 'concat', 'length', 'length']: UNSAT (0.051 seconds)
375.38/375.44	['concat', 'concat', 'concat', 'length', 'substr']: UNKNOWN (39.356 seconds)
414.78/414.80	Reason: smt tactic failed to show goal to be sat/unsat max-conflicts-reached
414.78/414.80	Reason: smt tactic failed to show goal to be sat/unsat max-conflicts-reached
414.78/414.80	['concat', 'concat', 'concat', 'length', 'add']: UNSAT (0.049 seconds)
414.78/414.85	['concat', 'concat', 'concat', 'length', 'sub']: UNSAT (0.048 seconds)
414.88/414.90	['concat', 'concat', 'concat', 'substr', 'substr']: UNKNOWN (50.236 seconds)
465.07/465.13	Reason: smt tactic failed to show goal to be sat/unsat max-conflicts-reached
465.07/465.13	Reason: smt tactic failed to show goal to be sat/unsat max-conflicts-reached
465.07/465.13	['concat', 'concat', 'concat', 'substr', 'add']: 