600.02/600.01	=== Examples (examples-81.json)
600.02/600.01	(["abc\\xyz"],"xyz")
600.02/600.01	(["012asdf\\abcd"],"abcd")
600.02/600.01	=== Library
600.02/600.01	Concat
600.02/600.01	Index
600.02/600.01	Length
600.02/600.01	Substr
600.02/600.01	Add
600.02/600.01	Sub
600.02/600.01	=== Synthesis
600.02/600.01	Size: 1
600.02/600.01	Size: 2
600.02/600.01	Size: 3
600.02/600.01	Size: 4
600.02/600.01	outsynth2: 
600.02/600.01	*** Data.SBV: fd:6: hGetLine: end of file:
600.02/600.01	***
600.02/600.01	***    Sent      : (check-sat)
600.02/600.01	***
600.02/600.01	***    Executable: /home/rodrigo/bin/z3
600.02/600.01	***    Options   : -nw -in -smt2
600.02/600.01	
