600.05/600.04	=== Examples (examples-42.json)
600.05/600.04	(["DO IT"],"do it!@")
600.05/600.04	(["COME ON"],"come on!@")
600.05/600.04	(["LET'S GO FAST"],"let's go fast!@")
600.05/600.04	=== Library
600.05/600.04	Concat
600.05/600.04	Index
600.05/600.04	Length
600.05/600.04	Substr
600.05/600.04	Add
600.05/600.04	Sub
600.05/600.04	=== Synthesis
600.05/600.04	Size: 1
600.05/600.04	Size: 2
600.05/600.04	Size: 3
600.05/600.04	Size: 4
600.05/600.04	outsynth2: 
600.05/600.04	*** Data.SBV: fd:6: hGetLine: end of file:
600.05/600.04	***
600.05/600.04	***    Sent      : (check-sat)
600.05/600.04	***
600.05/600.04	***    Executable: /home/rodrigo/bin/z3
600.05/600.04	***    Options   : -nw -in -smt2
600.05/600.04	
