600.04/600.08	=== Examples (examples-85.json)
600.04/600.08	(["aenean aliquam turpis duis."],"Aenean aliquam turpi")
600.04/600.08	(["curabitur euismod volutpat."],"Curabitur euismod vo")
600.04/600.08	=== Library
600.04/600.08	Add
600.04/600.08	Concat
600.04/600.08	Index
600.04/600.08	Length
600.04/600.08	Sub
600.04/600.08	Substr
600.04/600.08	=== Synthesis
600.04/600.08	Size: 1
600.04/600.08	Size: 2
600.04/600.08	outsynth2: 
600.04/600.08	*** Data.SBV: fd:6: hGetLine: end of file:
600.04/600.08	***
600.04/600.08	***    Sent      : (check-sat)
600.04/600.08	***
600.04/600.08	***    Executable: /home/rodrigo/msc/code/setwise/venv/bin/z3
600.04/600.08	***    Options   : -nw -in -smt2
600.04/600.08	
