600.02/600.06	=== Examples (examples-07.json)
600.02/600.06	(["Sub of by way"],"Sub of<br /> by way")
600.02/600.06	(["again sub of by way"],"again sub of<br /> by way")
600.02/600.06	=== Library
600.02/600.06	Add
600.02/600.06	Concat
600.02/600.06	Index
600.02/600.06	Length
600.02/600.06	Sub
600.02/600.06	Substr
600.02/600.06	=== Synthesis
600.02/600.06	Size: 1
600.02/600.06	Size: 2
600.02/600.06	outsynth2: 
600.02/600.06	*** Data.SBV: fd:6: hGetLine: end of file:
600.02/600.06	***
600.02/600.06	***    Sent      : (check-sat)
600.02/600.06	***
600.02/600.06	***    Executable: /home/rodrigo/msc/code/setwise/venv/bin/z3
600.02/600.06	***    Options   : -nw -in -smt2
600.02/600.06	
