0.13/0.20	=== Examples (../../dataset/examples/examples-79.json)
0.13/0.20	IO(inputs=('outsystems.com',), output='com')
0.13/0.20	IO(inputs=('cmu.edu',), output='edu')
0.13/0.20	=== Library
0.13/0.20	concat
0.13/0.20	index
0.13/0.20	length
0.13/0.20	replace
0.13/0.20	substr
0.13/0.20	to_lower
0.13/0.20	to_upper
0.13/0.20	trim
0.13/0.20	trim_start
0.13/0.20	trim_end
0.13/0.20	add
0.13/0.20	sub
0.13/0.20	=== Synthesis
0.13/0.20	['concat']: UNSAT (0.026 seconds)
0.13/0.22	['index']: UNSAT (0.023 seconds)
0.13/0.25	['length']: UNSAT (0.032 seconds)
0.13/0.28	['replace']: 