0.00/0.19	=== Examples (../../dataset/examples/examples-17.json)
0.00/0.19	IO(inputs=('Quisque sollicitudin volutpat.',), output='Quisque sollicitudin...')
0.00/0.19	IO(inputs=('In viverra in mi non turpis duis.',), output='In viverra in mi non...')
0.00/0.19	=== Library
0.00/0.19	concat
0.00/0.19	index
0.00/0.19	length
0.00/0.19	replace
0.00/0.19	substr
0.00/0.19	to_lower
0.00/0.19	to_upper
0.00/0.19	trim
0.00/0.19	trim_start
0.00/0.19	trim_end
0.00/0.19	add
0.00/0.19	sub
0.00/0.19	=== Synthesis
0.00/0.19	['concat']: UNSAT (0.028 seconds)
0.00/0.22	['index']: UNSAT (0.027 seconds)
0.00/0.25	['length']: UNSAT (0.021 seconds)
0.00/0.27	['replace']: 