0.11/0.20	=== Examples (../../dataset/examples/examples-53.json)
0.11/0.20	IO(inputs=(' this is the same as trim man...  ',), output='this is the same as trim man...')
0.11/0.20	IO(inputs=('  know your libraries',), output='know your libraries')
0.11/0.20	=== Library
0.11/0.20	concat
0.11/0.20	index
0.11/0.20	length
0.11/0.20	replace
0.11/0.20	substr
0.11/0.20	to_lower
0.11/0.20	to_upper
0.11/0.20	trim
0.11/0.20	trim_start
0.11/0.20	trim_end
0.11/0.20	add
0.11/0.20	sub
0.11/0.20	=== Synthesis
0.11/0.20	['concat']: UNSAT (0.028 seconds)
0.11/0.23	['index']: UNSAT (0.027 seconds)
0.11/0.26	['length']: UNSAT (0.021 seconds)
0.11/0.28	['replace']: 