0.15/0.19	=== Examples (../../dataset/examples/examples-56.json)
0.15/0.19	IO(inputs=('what are you doing? (sorry)',), output='what are you doing?')
0.15/0.19	=== Library
0.15/0.19	concat
0.15/0.19	index
0.15/0.19	length
0.15/0.19	replace
0.15/0.19	substr
0.15/0.19	to_lower
0.15/0.19	to_upper
0.15/0.19	trim
0.15/0.19	trim_start
0.15/0.19	trim_end
0.15/0.19	add
0.15/0.19	sub
0.15/0.19	=== Synthesis
0.15/0.19	['concat']: UNSAT (0.023 seconds)
0.15/0.21	['index']: UNSAT (0.020 seconds)
0.15/0.23	['length']: UNSAT (0.017 seconds)
0.15/0.25	['replace']: 