0.13/0.21	=== Examples (../../dataset/examples/examples-75.json)
0.13/0.21	IO(inputs=('Fusce sapien eros volutpat.',), output='Fusce...tpat.')
0.13/0.21	=== Library
0.13/0.21	concat
0.13/0.21	index
0.13/0.21	length
0.13/0.21	replace
0.13/0.21	substr
0.13/0.21	to_lower
0.13/0.21	to_upper
0.13/0.21	trim
0.13/0.21	trim_start
0.13/0.21	trim_end
0.13/0.21	add
0.13/0.21	sub
0.13/0.21	=== Synthesis
0.13/0.21	['concat']: UNSAT (0.022 seconds)
0.13/0.24	['index']: UNSAT (0.021 seconds)
0.13/0.26	['length']: UNSAT (0.019 seconds)
0.13/0.28	['replace']: 