0.00/0.19	=== Examples (../../dataset/examples/examples-86.json)
0.00/0.19	IO(inputs=('Sed euismod congue porta. Phasellus posuere rutrum porttitor. Curabitur nec pellentesque sem, luctus volutpat.',), output='Sed euismod congue porta. phasellus posuere rutrum porttitor. curabitur nec pellentesque sem, luctus')
0.00/0.19	IO(inputs=('Quisque magna velit, congue ac dictum in, blandit et arcu. Quisque sit amet tempor dui, id venenatis volutpat.',), output='Quisque magna velit, congue ac dictum in, blandit et arcu. quisque sit amet tempor dui, id venenatis')
0.00/0.19	=== Library
0.00/0.19	concat
0.00/0.19	index
0.00/0.19	length
0.00/0.19	replace
0.00/0.19	substr
0.00/0.19	to_lower
0.00/0.19	to_upper
0.00/0.19	trim
0.00/0.19	trim_start
0.00/0.19	trim_end
0.00/0.19	add
0.00/0.19	sub
0.00/0.19	=== Synthesis
0.00/0.19	['concat']: UNSAT (0.025 seconds)
0.00/0.22	['index']: UNSAT (0.022 seconds)
0.00/0.24	['length']: UNSAT (0.017 seconds)
0.00/0.26	['replace']: 