0.00/0.17	=== Examples (../../dataset/examples/examples-32.json)
0.00/0.17	IO(inputs=('random,csv',), output='random')
0.00/0.17	IO(inputs=('another,one',), output='another')
0.00/0.17	=== Library
0.00/0.17	concat
0.00/0.17	index
0.00/0.17	length
0.00/0.17	replace
0.00/0.17	substr
0.00/0.17	to_lower
0.00/0.17	to_upper
0.00/0.17	trim
0.00/0.17	trim_start
0.00/0.17	trim_end
0.00/0.17	add
0.00/0.17	sub
0.00/0.17	=== Synthesis
0.00/0.17	['concat']: UNSAT (0.025 seconds)
0.00/0.19	['index']: UNSAT (0.023 seconds)
0.00/0.22	['length']: UNSAT (0.018 seconds)
0.00/0.24	['replace']: 