0.00/0.18	=== Examples (../../dataset/examples/examples-20.json)
0.00/0.18	IO(inputs=('In+hac+habitasse+platea+dictumst.+Sed+dapibus+sit+amet+neque+gravida+sed.',), output='In hac habitasse platea dictumst. Sed dapibus')
0.00/0.18	IO(inputs=('Maecenas+mattis+nec+orci+a+luctus.+Maecenas+metus.',), output='Maecenas mattis nec orci a luctus. Maecenas m')
0.00/0.18	=== Library
0.00/0.18	concat
0.00/0.18	index
0.00/0.18	length
0.00/0.18	replace
0.00/0.18	substr
0.00/0.18	to_lower
0.00/0.18	to_upper
0.00/0.18	trim
0.00/0.18	trim_start
0.00/0.18	trim_end
0.00/0.18	add
0.00/0.18	sub
0.00/0.18	=== Synthesis
0.00/0.18	['concat']: UNSAT (0.025 seconds)
0.00/0.21	['index']: UNSAT (0.022 seconds)
0.00/0.23	['length']: UNSAT (0.017 seconds)
0.17/0.25	['replace']: 