0.11/0.18	=== Examples (../../dataset/examples/examples-40.json)
0.11/0.18	IO(inputs=('who cares about when',), output='updated on who cares about ')
0.11/0.18	IO(inputs=('maybe someone will care',), output='updated on maybe someone wi')
0.11/0.18	=== Library
0.11/0.18	concat
0.11/0.18	index
0.11/0.18	length
0.11/0.18	replace
0.11/0.18	substr
0.11/0.18	to_lower
0.11/0.18	to_upper
0.11/0.18	trim
0.11/0.18	trim_start
0.11/0.18	trim_end
0.11/0.18	add
0.11/0.18	sub
0.11/0.18	=== Synthesis
0.11/0.18	['concat']: UNSAT (0.028 seconds)
0.11/0.21	['index']: UNSAT (0.027 seconds)
0.11/0.24	['length']: UNSAT (0.020 seconds)
0.11/0.26	['replace']: 