0.13/0.18	=== Examples (../../dataset/examples/examples-47.json)
0.13/0.18	IO(inputs=('00123',), output='123')
0.13/0.18	IO(inputs=('123',), output='123')
0.13/0.18	=== Library
0.13/0.18	concat
0.13/0.18	index
0.13/0.18	length
0.13/0.18	replace
0.13/0.18	substr
0.13/0.18	to_lower
0.13/0.18	to_upper
0.13/0.18	trim
0.13/0.18	trim_start
0.13/0.18	trim_end
0.13/0.18	add
0.13/0.18	sub
0.13/0.18	=== Synthesis
0.13/0.18	['concat']: UNSAT (0.028 seconds)
0.13/0.21	['index']: UNSAT (0.027 seconds)
0.13/0.24	['length']: UNSAT (0.020 seconds)
0.13/0.26	['replace']: 