0.00/0.30	=== Examples (../../dataset/examples/examples-71.json)
0.00/0.30	IO(inputs=('take seven',), output='take se')
0.00/0.30	IO(inputs=(' and then trim it',), output='and th')
0.00/0.30	IO(inputs=('1234567 ',), output='1234567')
0.00/0.30	=== Library
0.00/0.30	concat
0.00/0.30	index
0.00/0.30	length
0.00/0.30	replace
0.00/0.30	substr
0.00/0.30	to_lower
0.00/0.30	to_upper
0.00/0.30	trim
0.00/0.30	trim_start
0.00/0.30	trim_end
0.00/0.30	add
0.00/0.30	sub
0.00/0.30	=== Synthesis
0.00/0.30	['concat']: UNSAT (0.054 seconds)
0.00/0.36	['index']: UNSAT (0.054 seconds)
0.25/0.41	['length']: UNSAT (0.038 seconds)
0.25/0.45	['replace']: 