0.00/0.19	=== Examples (../../dataset/examples/examples-75.json)
0.00/0.19	IO(inputs=('Fusce sapien eros volutpat.',), output='Fusce...tpat.')
0.00/0.19	IO(inputs=('Sed condimentum at posuere.',), output='Sed c...uere.')
0.00/0.19	IO(inputs=('Morbi id ullamcorper metus.',), output='Morbi...etus.')
0.00/0.19	=== Library
0.00/0.19	concat
0.00/0.19	index
0.00/0.19	length
0.00/0.19	replace
0.00/0.19	substr
0.00/0.19	to_lower
0.00/0.19	to_upper
0.00/0.19	trim
0.00/0.19	trim_start
0.00/0.19	trim_end
0.00/0.19	add
0.00/0.19	sub
0.00/0.19	=== Synthesis
0.00/0.19	['concat']: UNSAT (0.031 seconds)
0.00/0.22	['index']: UNSAT (0.031 seconds)
0.00/0.25	['length']: UNSAT (0.021 seconds)
0.00/0.27	['replace']: 