0.00/0.28	=== Examples (../../dataset/examples/examples-14.json)
0.00/0.28	IO(inputs=('ABC',), output='abc')
0.00/0.28	IO(inputs=('aBcdef',), output='abcdef')
0.00/0.28	IO(inputs=('aaseHKLsed',), output='aasehklsed')
0.00/0.28	=== Library
0.00/0.28	concat
0.00/0.28	index
0.00/0.28	length
0.00/0.28	replace
0.00/0.28	substr
0.00/0.28	to_lower
0.00/0.28	to_upper
0.00/0.28	trim
0.00/0.28	trim_start
0.00/0.28	trim_end
0.00/0.28	add
0.00/0.28	sub
0.00/0.28	=== Synthesis
0.00/0.28	['concat']: UNSAT (0.044 seconds)
0.00/0.33	['index']: UNSAT (0.035 seconds)
0.00/0.36	['length']: UNSAT (0.022 seconds)
0.23/0.38	['replace']: UNSAT (153.572 seconds)
153.89/153.96	['substr']: UNSAT (0.037 seconds)
153.89/153.99	['to_lower']: UNKNOWN (169.280 seconds)
323.19/323.27	Reason: smt tactic failed to show goal to be sat/unsat max-conflicts-reached
323.19/323.27	Reason: smt tactic failed to show goal to be sat/unsat max-conflicts-reached
323.19/323.27	['to_upper']: UNSAT (0.060 seconds)
323.29/323.33	['trim']: UNSAT (4.098 seconds)
327.39/327.43	['trim_start']: UNSAT (0.025 seconds)
327.39/327.46	['trim_end']: 