0.20/0.28	=== Examples (../../dataset/examples/examples-58.json)
0.20/0.28	IO(inputs=('who cares about the last one.',), output='who cares about the last one')
0.20/0.28	IO(inputs=('just let them die!',), output='just let them die')
0.20/0.28	IO(inputs=('oh god what have i become!',), output='oh god what have i become')
0.20/0.28	=== Library
0.20/0.28	concat
0.20/0.28	index
0.20/0.28	length
0.20/0.28	replace
0.20/0.28	substr
0.20/0.28	to_lower
0.20/0.28	to_upper
0.20/0.28	trim
0.20/0.28	trim_start
0.20/0.28	trim_end
0.20/0.28	add
0.20/0.28	sub
0.20/0.28	=== Synthesis
0.20/0.28	['concat']: UNSAT (0.032 seconds)
0.20/0.31	['index']: UNSAT (0.046 seconds)
0.20/0.36	['length']: UNSAT (0.031 seconds)
0.35/0.39	['replace']: 