0.12/0.20	=== Examples (../../dataset/examples/examples-19.json)
0.12/0.20	IO(inputs=('Praesent sed diam vel amet.',), output='Praesent sed diam vel amet....')
0.12/0.20	IO(inputs=('Donec ultrices finibus ultrices. Quisque lacus posuere.',), output='Donec ultrices finibus ultrices. Quisque lacus pos...')
0.12/0.20	=== Library
0.12/0.20	concat
0.12/0.20	index
0.12/0.20	length
0.12/0.20	substr
0.12/0.20	add
0.12/0.20	sub
0.12/0.20	=== Synthesis
0.12/0.20	['concat']: UNSAT (0.029 seconds)
0.12/0.23	['index']: UNSAT (0.028 seconds)
0.12/0.26	['length']: UNSAT (0.020 seconds)
0.12/0.28	['substr']: UNSAT (0.031 seconds)
0.25/0.31	['add']: UNSAT (0.024 seconds)
0.25/0.34	['sub']: UNSAT (0.024 seconds)
0.25/0.36	['concat', 'concat']: UNSAT (0.051 seconds)
0.35/0.41	['concat', 'index']: UNSAT (0.047 seconds)
0.35/0.46	['concat', 'length']: UNSAT (0.035 seconds)
0.44/0.50	['concat', 'substr']: SAT (0.663 seconds)
1.13/1.16	concat(substr(arg0, 0, 50), '...')
