0.15/0.17	=== Examples (../../dataset/examples/examples-07.json)
0.15/0.17	IO(inputs=('Sub of by way',), output='Sub of<br /> by way')
0.15/0.17	IO(inputs=('again sub of by way',), output='again sub of<br /> by way')
0.15/0.17	=== Library
0.15/0.17	concat
0.15/0.17	index
0.15/0.17	length
0.15/0.17	substr
0.15/0.17	add
0.15/0.17	sub
0.15/0.17	=== Synthesis
0.15/0.17	['concat']: UNSAT (0.028 seconds)
0.15/0.20	['index']: UNSAT (0.027 seconds)
0.15/0.23	['length']: UNSAT (0.021 seconds)
0.15/0.25	['substr']: UNSAT (0.031 seconds)
0.15/0.28	['add']: UNSAT (0.024 seconds)
0.15/0.31	['sub']: UNSAT (0.024 seconds)
0.29/0.33	['concat', 'concat']: UNSAT (0.110 seconds)
0.36/0.45	['concat', 'index']: UNSAT (0.036 seconds)
0.36/0.48	['concat', 'length']: UNSAT (0.026 seconds)
0.46/0.51	['concat', 'substr']: UNSAT (0.163 seconds)
0.63/0.67	['concat', 'add']: UNSAT (0.031 seconds)
0.69/0.71	['concat', 'sub']: UNSAT (0.032 seconds)
0.69/0.74	['index', 'index']: UNSAT (0.039 seconds)
0.69/0.78	['index', 'length']: UNSAT (0.031 seconds)
0.79/0.81	['index', 'substr']: UNSAT (0.046 seconds)
0.79/0.86	['index', 'add']: UNSAT (0.033 seconds)
0.79/0.89	['index', 'sub']: UNSAT (0.036 seconds)
0.89/0.93	['length', 'length']: UNSAT (0.022 seconds)
0.89/0.95	['length', 'substr']: UNSAT (0.034 seconds)
0.89/0.99	['length', 'add']: UNSAT (0.026 seconds)
0.89/1.01	['length', 'sub']: UNSAT (0.024 seconds)
1.01/1.04	['substr', 'substr']: UNSAT (0.041 seconds)
1.01/1.08	['substr', 'add']: UNSAT (0.038 seconds)
1.01/1.12	['substr', 'sub']: UNSAT (0.040 seconds)
1.12/1.16	['add', 'add']: UNSAT (0.031 seconds)
1.12/1.19	['add', 'sub']: UNSAT (0.032 seconds)
1.19/1.22	['sub', 'sub']: UNSAT (0.033 seconds)
1.19/1.26	['concat', 'concat', 'concat']: UNSAT (5.537 seconds)
6.68/6.79	['concat', 'concat', 'index']: UNSAT (0.059 seconds)
6.79/6.85	['concat', 'concat', 'length']: UNSAT (0.046 seconds)
6.89/6.90	['concat', 'concat', 'substr']: UNSAT (4.112 seconds)
10.89/11.01	['concat', 'concat', 'add']: UNSAT (0.045 seconds)
11.01/11.06	['concat', 'concat', 'sub']: UNSAT (0.044 seconds)
11.01/11.10	['concat', 'index', 'index']: UNSAT (0.058 seconds)
11.13/11.16	['concat', 'index', 'length']: UNSAT (0.047 seconds)
11.19/11.21	['concat', 'index', 'substr']: UNSAT (0.288 seconds)
11.49/11.50	['concat', 'index', 'add']: UNSAT (0.051 seconds)
11.49/11.55	['concat', 'index', 'sub']: UNSAT (0.049 seconds)
11.59/11.60	['concat', 'length', 'length']: UNSAT (0.037 seconds)
11.59/11.64	['concat', 'length', 'substr']: UNSAT (0.074 seconds)
11.69/11.71	['concat', 'length', 'add']: UNSAT (0.040 seconds)
11.69/11.75	['concat', 'length', 'sub']: UNSAT (0.039 seconds)
11.69/11.79	['concat', 'substr', 'substr']: UNSAT (0.359 seconds)
12.13/12.15	['concat', 'substr', 'add']: UNSAT (0.093 seconds)
12.19/12.25	['concat', 'substr', 'sub']: UNSAT (0.091 seconds)
12.29/12.34	['concat', 'add', 'add']: UNSAT (0.044 seconds)
12.29/12.39	['concat', 'add', 'sub']: UNSAT (0.044 seconds)
12.39/12.43	['concat', 'sub', 'sub']: UNSAT (0.044 seconds)
12.39/12.47	['index', 'index', 'index']: UNSAT (0.063 seconds)
12.49/12.54	['index', 'index', 'length']: UNSAT (0.051 seconds)
12.49/12.59	['index', 'index', 'substr']: UNSAT (0.075 seconds)
12.59/12.67	['index', 'index', 'add']: UNSAT (0.057 seconds)
12.69/12.72	['index', 'index', 'sub']: UNSAT (0.055 seconds)
12.69/12.78	['index', 'length', 'length']: UNSAT (0.040 seconds)
12.79/12.82	['index', 'length', 'substr']: UNSAT (0.057 seconds)
12.79/12.88	['index', 'length', 'add']: UNSAT (0.044 seconds)
12.89/12.92	['index', 'length', 'sub']: UNSAT (0.044 seconds)
12.89/12.97	['index', 'substr', 'substr']: UNSAT (0.085 seconds)
13.01/13.05	['index', 'substr', 'add']: UNSAT (0.063 seconds)
13.01/13.12	['index', 'substr', 'sub']: UNSAT (0.065 seconds)
13.13/13.18	['index', 'add', 'add']: UNSAT (0.051 seconds)
13.19/13.24	['index', 'add', 'sub']: UNSAT (0.051 seconds)
13.19/13.29	['index', 'sub', 'sub']: UNSAT (0.051 seconds)
13.29/13.34	['length', 'length', 'length']: UNSAT (0.028 seconds)
13.29/13.37	['length', 'length', 'substr']: UNSAT (0.043 seconds)
13.39/13.41	['length', 'length', 'add']: UNSAT (0.033 seconds)
13.39/13.45	['length', 'length', 'sub']: UNSAT (0.033 seconds)
13.39/13.48	['length', 'substr', 'substr']: UNSAT (0.068 seconds)
13.49/13.55	['length', 'substr', 'add']: UNSAT (0.049 seconds)
13.58/13.60	['length', 'substr', 'sub']: UNSAT (0.050 seconds)
13.58/13.65	['length', 'add', 'add']: UNSAT (0.040 seconds)
13.58/13.69	['length', 'add', 'sub']: UNSAT (0.042 seconds)
13.68/13.73	['length', 'sub', 'sub']: UNSAT (0.041 seconds)
13.68/13.78	['substr', 'substr', 'substr']: UNSAT (0.075 seconds)
13.78/13.85	['substr', 'substr', 'add']: UNSAT (0.062 seconds)
13.88/13.92	['substr', 'substr', 'sub']: UNSAT (0.063 seconds)
13.88/13.98	['substr', 'add', 'add']: UNSAT (0.056 seconds)
14.01/14.04	['substr', 'add', 'sub']: UNSAT (0.054 seconds)
14.01/14.09	['substr', 'sub', 'sub']: UNSAT (0.056 seconds)
14.12/14.15	['add', 'add', 'add']: UNSAT (0.049 seconds)
14.18/14.20	['add', 'add', 'sub']: UNSAT (0.049 seconds)
14.18/14.25	['add', 'sub', 'sub']: UNSAT (0.048 seconds)
14.18/14.30	['sub', 'sub', 'sub']: UNSAT (0.049 seconds)
14.28/14.35	['concat', 'concat', 'concat', 'concat']: UNKNOWN (281.392 seconds)
295.68/295.74	Reason: smt tactic failed to show goal to be sat/unsat max-conflicts-reached
295.68/295.74	Reason: smt tactic failed to show goal to be sat/unsat max-conflicts-reached
295.68/295.74	['concat', 'concat', 'concat', 'index']: UNSAT (0.084 seconds)
295.78/295.82	['concat', 'concat', 'concat', 'length']: UNSAT (0.069 seconds)
295.78/295.89	['concat', 'concat', 'concat', 'substr']: UNKNOWN (133.119 seconds)
428.87/429.01	Reason: smt tactic failed to show goal to be sat/unsat max-conflicts-reached
428.87/429.01	Reason: smt tactic failed to show goal to be sat/unsat max-conflicts-reached
428.87/429.01	['concat', 'concat', 'concat', 'add']: UNSAT (0.065 seconds)
429.00/429.08	['concat', 'concat', 'concat', 'sub']: UNSAT (0.065 seconds)
429.12/429.14	['concat', 'concat', 'index', 'index']: UNSAT (0.081 seconds)
429.18/429.23	['concat', 'concat', 'index', 'length']: UNSAT (0.067 seconds)
429.18/429.30	['concat', 'concat', 'index', 'substr']: UNSAT (23.238 seconds)
452.47/452.53	['concat', 'concat', 'index', 'add']: UNSAT (0.069 seconds)
452.57/452.60	['concat', 'concat', 'index', 'sub']: UNSAT (0.069 seconds)
452.57/452.67	['concat', 'concat', 'length', 'length']: UNSAT (0.054 seconds)
452.67/452.73	['concat', 'concat', 'length', 'substr']: UNSAT (6.198 seconds)
458.87/458.93	['concat', 'concat', 'length', 'add']: UNSAT (0.056 seconds)
458.87/458.98	['concat', 'concat', 'length', 'sub']: UNSAT (0.057 seconds)
459.00/459.04	['concat', 'concat', 'substr', 'substr']: UNSAT (56.693 seconds)
515.67/515.74	['concat', 'concat', 'substr', 'add']: UNSAT (6.026 seconds)
521.67/521.76	['concat', 'concat', 'substr', 'sub']: UNSAT (3.829 seconds)
525.47/525.59	['concat', 'concat', 'add', 'add']: UNSAT (0.061 seconds)
525.57/525.65	['concat', 'concat', 'add', 'sub']: UNSAT (0.060 seconds)
525.67/525.72	['concat', 'concat', 'sub', 'sub']: UNSAT (0.060 seconds)
525.67/525.78	['concat', 'index', 'index', 'index']: UNSAT (0.086 seconds)
525.77/525.86	['concat', 'index', 'index', 'length']: UNSAT (0.073 seconds)
525.87/525.94	['concat', 'index', 'index', 'substr']: UNSAT (0.788 seconds)
526.67/526.73	['concat', 'index', 'index', 'add']: UNSAT (0.076 seconds)
526.77/526.80	['concat', 'index', 'index', 'sub']: UNSAT (0.077 seconds)
526.77/526.88	['concat', 'index', 'length', 'length']: UNSAT (0.058 seconds)
526.87/526.94	['concat', 'index', 'length', 'substr']: UNSAT (0.368 seconds)
527.27/527.31	['concat', 'index', 'length', 'add']: UNSAT (0.062 seconds)
527.27/527.37	['concat', 'index', 'length', 'sub']: UNSAT (0.062 seconds)
527.37/527.44	['concat', 'index', 'substr', 'substr']: UNSAT (13.063 seconds)
540.47/540.50	['concat', 'index', 'substr', 'add']: UNSAT (0.747 seconds)
541.17/541.25	['concat', 'index', 'substr', 'sub']: UNSAT (0.521 seconds)
541.67/541.77	['concat', 'index', 'add', 'add']: UNSAT (0.069 seconds)
541.77/541.84	['concat', 'index', 'add', 'sub']: UNSAT (0.068 seconds)
541.87/541.91	['concat', 'index', 'sub', 'sub']: UNSAT (0.068 seconds)
541.87/541.98	['concat', 'length', 'length', 'length']: UNSAT (0.046 seconds)
541.87/542.02	['concat', 'length', 'length', 'substr']: UNSAT (0.128 seconds)
542.11/542.15	['concat', 'length', 'length', 'add']: UNSAT (0.048 seconds)
542.17/542.20	['concat', 'length', 'length', 'sub']: UNSAT (0.048 seconds)
542.17/542.25	['concat', 'length', 'substr', 'substr']: UNSAT (2.598 seconds)
544.77/544.85	['concat', 'length', 'substr', 'add']: UNSAT (0.323 seconds)
545.11/545.17	['concat', 'length', 'substr', 'sub']: UNSAT (0.278 seconds)
545.37/545.45	['concat', 'length', 'add', 'add']: UNSAT (0.055 seconds)
545.47/545.51	['concat', 'length', 'add', 'sub']: UNSAT (0.055 seconds)
545.47/545.56	['concat', 'length', 'sub', 'sub']: UNSAT (0.054 seconds)
545.57/545.62	['concat', 'substr', 'substr', 'substr']: UNSAT (4.335 seconds)
549.87/549.96	['concat', 'substr', 'substr', 'add']: UNSAT (2.347 seconds)
552.27/552.30	['concat', 'substr', 'substr', 'sub']: UNSAT (2.039 seconds)
554.27/554.34	['concat', 'substr', 'add', 'add']: UNSAT (0.519 seconds)
554.77/554.86	['concat', 'substr', 'add', 'sub']: UNSAT (0.338 seconds)
555.17/555.20	['concat', 'substr', 'sub', 'sub']: UNSAT (0.344 seconds)
555.47/555.55	['concat', 'add', 'add', 'add']: UNSAT (0.069 seconds)
555.57/555.62	['concat', 'add', 'add', 'sub']: UNSAT (0.067 seconds)
555.57/555.69	['concat', 'add', 'sub', 'sub']: UNSAT (0.066 seconds)
555.67/555.75	['concat', 'sub', 'sub', 'sub']: UNSAT (0.079 seconds)
555.77/555.83	['index', 'index', 'index', 'index']: UNSAT (0.092 seconds)
555.87/555.93	['index', 'index', 'index', 'length']: UNSAT (0.076 seconds)
555.87/556.00	['index', 'index', 'index', 'substr']: UNSAT (0.113 seconds)
556.00/556.12	['index', 'index', 'index', 'add']: UNSAT (0.085 seconds)
556.17/556.20	['index', 'index', 'index', 'sub']: UNSAT (0.086 seconds)
556.17/556.29	['index', 'index', 'length', 'length']: UNSAT (0.062 seconds)
556.27/556.35	['index', 'index', 'length', 'substr']: UNSAT (0.087 seconds)
556.37/556.44	['index', 'index', 'length', 'add']: UNSAT (0.069 seconds)
556.47/556.51	['index', 'index', 'length', 'sub']: UNSAT (0.068 seconds)
556.47/556.58	['index', 'index', 'substr', 'substr']: UNSAT (0.186 seconds)
556.67/556.77	['index', 'index', 'substr', 'add']: UNSAT (0.101 seconds)
556.77/556.87	['index', 'index', 'substr', 'sub']: UNSAT (0.101 seconds)
556.87/556.97	['index', 'index', 'add', 'add']: UNSAT (0.081 seconds)
557.00/557.05	['index', 'index', 'add', 'sub']: UNSAT (0.080 seconds)
557.11/557.13	['index', 'index', 'sub', 'sub']: UNSAT (0.082 seconds)
557.17/557.22	['index', 'length', 'length', 'length']: UNSAT (0.049 seconds)
557.17/557.27	['index', 'length', 'length', 'substr']: UNSAT (0.070 seconds)
557.27/557.34	['index', 'length', 'length', 'add']: UNSAT (0.055 seconds)
557.27/557.39	['index', 'length', 'length', 'sub']: UNSAT (0.055 seconds)
557.37/557.45	['index', 'length', 'substr', 'substr']: UNSAT (0.125 seconds)
557.47/557.58	['index', 'length', 'substr', 'add']: UNSAT (0.085 seconds)
557.57/557.66	['index', 'length', 'substr', 'sub']: UNSAT (0.083 seconds)
557.67/557.75	['index', 'length', 'add', 'add']: UNSAT (0.064 seconds)
557.77/557.81	['index', 'length', 'add', 'sub']: UNSAT (0.064 seconds)
557.77/557.87	['index', 'length', 'sub', 'sub']: UNSAT (0.064 seconds)
557.87/557.94	['index', 'substr', 'substr', 'substr']: UNSAT (0.184 seconds)
558.00/558.12	['index', 'substr', 'substr', 'add']: UNSAT (0.139 seconds)
558.17/558.26	['index', 'substr', 'substr', 'sub']: UNSAT (0.136 seconds)
558.37/558.40	['index', 'substr', 'add', 'add']: UNSAT (0.100 seconds)
558.47/558.50	['index', 'substr', 'add', 'sub']: UNSAT (0.094 seconds)
558.57/558.60	['index', 'substr', 'sub', 'sub']: UNSAT (0.106 seconds)
558.67/558.70	['index', 'add', 'add', 'add']: UNSAT (0.080 seconds)
558.67/558.79	['index', 'add', 'add', 'sub']: UNSAT (0.077 seconds)
558.77/558.86	['index', 'add', 'sub', 'sub']: UNSAT (0.077 seconds)
558.87/558.94	['index', 'sub', 'sub', 'sub']: UNSAT (0.079 seconds)
558.87/559.02	['length', 'length', 'length', 'length']: UNSAT (0.037 seconds)
559.00/559.06	['length', 'length', 'length', 'substr']: UNSAT (0.048 seconds)
559.00/559.11	['length', 'length', 'length', 'add']: UNSAT (0.041 seconds)
559.11/559.15	['length', 'length', 'length', 'sub']: UNSAT (0.041 seconds)
559.11/559.19	['length', 'length', 'substr', 'substr']: UNSAT (0.109 seconds)
559.27/559.30	['length', 'length', 'substr', 'add']: UNSAT (0.064 seconds)
559.27/559.37	['length', 'length', 'substr', 'sub']: UNSAT (0.067 seconds)
559.37/559.44	['length', 'length', 'add', 'add']: UNSAT (0.050 seconds)
559.37/559.49	['length', 'length', 'add', 'sub']: UNSAT (0.050 seconds)
559.47/559.54	['length', 'length', 'sub', 'sub']: UNSAT (0.048 seconds)
559.47/559.59	['length', 'substr', 'substr', 'substr']: UNSAT (0.146 seconds)
559.67/559.73	['length', 'substr', 'substr', 'add']: UNSAT (0.100 seconds)
559.77/559.83	['length', 'substr', 'substr', 'sub']: UNSAT (0.116 seconds)
559.87/559.95	['length', 'substr', 'add', 'add']: UNSAT (0.076 seconds)
559.87/560.03	['length', 'substr', 'add', 'sub']: UNSAT (0.076 seconds)
560.00/560.11	['length', 'substr', 'sub', 'sub']: UNSAT (0.080 seconds)
560.11/560.19	['length', 'add', 'add', 'add']: UNSAT (0.062 seconds)
560.17/560.25	['length', 'add', 'add', 'sub']: UNSAT (0.062 seconds)
560.27/560.31	['length', 'add', 'sub', 'sub']: UNSAT (0.063 seconds)
560.27/560.37	['length', 'sub', 'sub', 'sub']: UNSAT (0.063 seconds)
560.37/560.44	['substr', 'substr', 'substr', 'substr']: UNSAT (0.146 seconds)
560.47/560.59	['substr', 'substr', 'substr', 'add']: UNSAT (0.106 seconds)
560.57/560.69	['substr', 'substr', 'substr', 'sub']: UNSAT (0.110 seconds)
560.77/560.80	['substr', 'substr', 'add', 'add']: UNSAT (0.093 seconds)
560.87/560.90	['substr', 'substr', 'add', 'sub']: UNSAT (0.093 seconds)
560.87/560.99	['substr', 'substr', 'sub', 'sub']: UNSAT (0.093 seconds)
561.00/561.09	['substr', 'add', 'add', 'add']: UNSAT (0.090 seconds)
561.11/561.18	['substr', 'add', 'add', 'sub']: UNSAT (0.079 seconds)
561.17/561.26	['substr', 'add', 'sub', 'sub']: UNSAT (0.079 seconds)
561.27/561.34	['substr', 'sub', 'sub', 'sub']: UNSAT (0.082 seconds)
561.37/561.42	['add', 'add', 'add', 'add']: UNSAT (0.083 seconds)
561.47/561.51	['add', 'add', 'add', 'sub']: UNSAT (0.080 seconds)
561.47/561.59	['add', 'add', 'sub', 'sub']: UNSAT (0.072 seconds)
561.57/561.66	['add', 'sub', 'sub', 'sub']: UNSAT (0.074 seconds)
561.67/561.73	['sub', 'sub', 'sub', 'sub']: UNSAT (0.074 seconds)
561.77/561.81	['concat', 'concat', 'concat', 'concat', 'concat']: 