0.16/0.20	=== Examples (../../dataset/examples/examples-22.json)
0.16/0.20	IO(inputs=('Suspendisse nec dapibus elit.\nMauris in purus est.\nVestibulum ac viverra quam.\nAliquam a elementum felis.\nSed sollicitudin nullam.',), output='Suspendisse nec dapibus elit.    Mauris in purus est.    Vestibulum ac viverra quam.    Aliquam a elementum felis.    Sed sollicitudin nullam.')
0.16/0.20	IO(inputs=('Nulla accumsan hendrerit neque, eu ornare felis gravida id.\nPraesent tempor metus posuere.',), output='Nulla accumsan hendrerit neque, eu ornare felis gravida id.    Praesent tempor metus posuere.')
0.16/0.20	=== Library
0.16/0.20	concat
0.16/0.20	index
0.16/0.20	length
0.16/0.20	substr
0.16/0.20	add
0.16/0.20	sub
0.16/0.20	=== Synthesis
0.16/0.20	['concat']: UNSAT (0.031 seconds)
0.16/0.23	['index']: UNSAT (0.029 seconds)
0.16/0.26	['length']: UNSAT (0.022 seconds)
0.16/0.28	['substr']: UNSAT (0.036 seconds)
0.30/0.32	['add']: UNSAT (0.029 seconds)
0.30/0.35	['sub']: UNSAT (0.026 seconds)
0.37/0.38	['concat', 'concat']: UNSAT (0.361 seconds)
0.68/0.74	['concat', 'index']: UNSAT (0.037 seconds)
0.68/0.78	['concat', 'length']: UNSAT (0.028 seconds)
0.78/0.81	['concat', 'substr']: UNSAT (2.982 seconds)
3.69/3.79	['concat', 'add']: UNSAT (0.032 seconds)
3.78/3.82	['concat', 'sub']: UNSAT (0.031 seconds)
3.78/3.86	['index', 'index']: UNSAT (0.042 seconds)
3.88/3.90	['index', 'length']: UNSAT (0.029 seconds)
3.88/3.93	['index', 'substr']: UNSAT (0.060 seconds)
3.88/3.99	['index', 'add']: UNSAT (0.037 seconds)
3.88/4.03	['index', 'sub']: UNSAT (0.037 seconds)
4.02/4.07	['length', 'length']: UNSAT (0.022 seconds)
4.02/4.09	['length', 'substr']: UNSAT (0.039 seconds)
4.02/4.13	['length', 'add']: UNSAT (0.025 seconds)
4.12/4.15	['length', 'sub']: UNSAT (0.025 seconds)
4.12/4.18	['substr', 'substr']: UNSAT (0.049 seconds)
4.18/4.23	['substr', 'add']: UNSAT (0.042 seconds)
4.18/4.27	['substr', 'sub']: UNSAT (0.040 seconds)
4.28/4.31	['add', 'add']: UNSAT (0.032 seconds)
4.28/4.35	['add', 'sub']: UNSAT (0.033 seconds)
4.28/4.38	['sub', 'sub']: UNSAT (0.036 seconds)
4.38/4.42	['concat', 'concat', 'concat']: UNSAT (1.201 seconds)
5.58/5.62	['concat', 'concat', 'index']: UNSAT (0.056 seconds)
5.58/5.68	['concat', 'concat', 'length']: UNSAT (0.044 seconds)
5.68/5.72	['concat', 'concat', 'substr']: UNSAT (30.673 seconds)
36.29/36.40	['concat', 'concat', 'add']: UNSAT (0.047 seconds)
36.39/36.44	['concat', 'concat', 'sub']: UNSAT (0.048 seconds)
36.39/36.49	['concat', 'index', 'index']: UNSAT (0.061 seconds)
36.48/36.55	['concat', 'index', 'length']: UNSAT (0.047 seconds)
36.58/36.60	['concat', 'index', 'substr']: UNSAT (2.079 seconds)
38.58/38.68	['concat', 'index', 'add']: UNSAT (0.051 seconds)
38.68/38.73	['concat', 'index', 'sub']: UNSAT (0.050 seconds)
38.68/38.78	['concat', 'length', 'length']: UNSAT (0.036 seconds)
38.78/38.82	['concat', 'length', 'substr']: UNSAT (0.119 seconds)
38.88/38.94	['concat', 'length', 'add']: UNSAT (0.046 seconds)
38.88/38.99	['concat', 'length', 'sub']: UNSAT (0.039 seconds)
38.88/39.03	['concat', 'substr', 'substr']: UNSAT (3.202 seconds)
42.19/42.23	['concat', 'substr', 'add']: UNSAT (0.386 seconds)
42.59/42.62	['concat', 'substr', 'sub']: UNSAT (0.333 seconds)
42.89/42.95	['concat', 'add', 'add']: UNSAT (0.045 seconds)
42.89/43.00	['concat', 'add', 'sub']: UNSAT (0.048 seconds)
43.03/43.05	['concat', 'sub', 'sub']: UNSAT (0.048 seconds)
43.03/43.10	['index', 'index', 'index']: UNSAT (0.064 seconds)
43.13/43.16	['index', 'index', 'length']: UNSAT (0.052 seconds)
43.19/43.21	['index', 'index', 'substr']: UNSAT (0.121 seconds)
43.29/43.34	['index', 'index', 'add']: UNSAT (0.058 seconds)
43.29/43.39	['index', 'index', 'sub']: UNSAT (0.060 seconds)
43.39/43.46	['index', 'length', 'length']: UNSAT (0.043 seconds)
43.49/43.50	['index', 'length', 'substr']: UNSAT (0.065 seconds)
43.49/43.57	['index', 'length', 'add']: UNSAT (0.044 seconds)
43.59/43.61	['index', 'length', 'sub']: UNSAT (0.044 seconds)
43.59/43.66	['index', 'substr', 'substr']: UNSAT (0.255 seconds)
43.89/43.91	['index', 'substr', 'add']: UNSAT (0.078 seconds)
43.89/43.99	['index', 'substr', 'sub']: UNSAT (0.077 seconds)
44.03/44.07	['index', 'add', 'add']: UNSAT (0.054 seconds)
44.03/44.12	['index', 'add', 'sub']: UNSAT (0.055 seconds)
44.13/44.18	['index', 'sub', 'sub']: UNSAT (0.052 seconds)
44.19/44.23	['length', 'length', 'length']: UNSAT (0.030 seconds)
44.19/44.26	['length', 'length', 'substr']: UNSAT (0.054 seconds)
44.29/44.32	['length', 'length', 'add']: UNSAT (0.035 seconds)
44.29/44.35	['length', 'length', 'sub']: UNSAT (0.033 seconds)
44.29/44.39	['length', 'substr', 'substr']: UNSAT (0.087 seconds)
44.39/44.48	['length', 'substr', 'add']: UNSAT (0.058 seconds)
44.49/44.53	['length', 'substr', 'sub']: UNSAT (0.060 seconds)
44.49/44.60	['length', 'add', 'add']: UNSAT (0.044 seconds)
44.59/44.64	['length', 'add', 'sub']: UNSAT (0.042 seconds)
44.59/44.68	['length', 'sub', 'sub']: UNSAT (0.043 seconds)
44.69/44.73	['substr', 'substr', 'substr']: UNSAT (0.099 seconds)
44.79/44.83	['substr', 'substr', 'add']: UNSAT (0.074 seconds)
44.89/44.90	['substr', 'substr', 'sub']: UNSAT (0.077 seconds)
44.89/44.98	['substr', 'add', 'add']: UNSAT (0.063 seconds)
45.03/45.04	['substr', 'add', 'sub']: UNSAT (0.060 seconds)
45.03/45.10	['substr', 'sub', 'sub']: UNSAT (0.064 seconds)
45.13/45.17	['add', 'add', 'add']: UNSAT (0.049 seconds)
45.19/45.22	['add', 'add', 'sub']: UNSAT (0.051 seconds)
45.19/45.27	['add', 'sub', 'sub']: UNSAT (0.052 seconds)
45.29/45.32	['sub', 'sub', 'sub']: UNSAT (0.050 seconds)
45.29/45.37	['concat', 'concat', 'concat', 'concat']: UNSAT (39.065 seconds)
84.38/84.44	['concat', 'concat', 'concat', 'index']: UNSAT (0.084 seconds)
84.48/84.53	['concat', 'concat', 'concat', 'length']: UNSAT (0.067 seconds)
84.48/84.60	['concat', 'concat', 'concat', 'substr']: 