0.11/0.20	=== Examples (../../dataset/examples/examples-16.json)
0.11/0.20	IO(inputs=('  hello world',), output='hello world')
0.11/0.20	IO(inputs=(' how are you? ',), output='how are you?')
0.11/0.20	=== Library
0.11/0.20	concat
0.11/0.20	index
0.11/0.20	length
0.11/0.20	substr
0.11/0.20	add
0.11/0.20	sub
0.11/0.20	=== Synthesis
0.11/0.20	['concat']: UNSAT (0.029 seconds)
0.11/0.23	['index']: UNSAT (0.028 seconds)
0.11/0.26	['length']: UNSAT (0.021 seconds)
0.25/0.28	['substr']: UNSAT (0.044 seconds)
0.25/0.32	['add']: UNSAT (0.025 seconds)
0.25/0.35	['sub']: UNSAT (0.025 seconds)
0.35/0.38	['concat', 'concat']: UNSAT (0.048 seconds)
0.35/0.42	['concat', 'index']: UNSAT (0.046 seconds)
0.44/0.47	['concat', 'length']: UNSAT (0.036 seconds)
0.44/0.51	['concat', 'substr']: SAT (0.255 seconds)
0.69/0.76	substr(concat(arg0, arg0), 15, 12)
