0.13/0.22	=== Examples (../../dataset/examples/examples-89.json)
0.13/0.22	IO(inputs=('|George|Maebe|Michael|',), output='Enviado para George, Maebe, Michael')
0.13/0.22	IO(inputs=('|John|Jane|Joao|',), output='Enviado para John, Jane, Joao')
0.13/0.22	=== Library
0.13/0.22	concat
0.13/0.22	index
0.13/0.22	length
0.13/0.22	substr
0.13/0.22	add
0.13/0.22	sub
0.13/0.22	=== Synthesis
0.13/0.22	['concat']: UNSAT (0.029 seconds)
0.13/0.25	['index']: UNSAT (0.029 seconds)
0.13/0.28	['length']: UNSAT (0.021 seconds)
0.28/0.30	['substr']: UNSAT (0.031 seconds)
0.28/0.33	['add']: UNSAT (0.025 seconds)
0.28/0.36	['sub']: UNSAT (0.025 seconds)
0.37/0.39	['concat', 'concat']: UNSAT (0.098 seconds)
0.46/0.49	['concat', 'index']: UNSAT (0.047 seconds)
0.46/0.54	['concat', 'length']: UNSAT (0.036 seconds)
0.54/0.57	['concat', 'substr']: UNSAT (0.142 seconds)
0.69/0.71	['concat', 'add']: UNSAT (0.030 seconds)
0.69/0.75	['concat', 'sub']: UNSAT (0.031 seconds)
0.69/0.78	['index', 'index']: UNSAT (0.041 seconds)
0.79/0.82	['index', 'length']: UNSAT (0.031 seconds)
0.79/0.85	['index', 'substr']: UNSAT (0.046 seconds)
0.89/0.90	['index', 'add']: UNSAT (0.036 seconds)
0.89/0.94	['index', 'sub']: UNSAT (0.036 seconds)
0.89/0.97	['length', 'length']: UNSAT (0.023 seconds)
0.89/1.00	['length', 'substr']: UNSAT (0.036 seconds)
0.89/1.03	['length', 'add']: UNSAT (0.027 seconds)
1.03/1.06	['length', 'sub']: UNSAT (0.026 seconds)
1.03/1.09	['substr', 'substr']: UNSAT (0.046 seconds)
1.03/1.14	['substr', 'add']: UNSAT (0.038 seconds)
1.13/1.17	['substr', 'sub']: UNSAT (0.039 seconds)
1.19/1.21	['add', 'add']: UNSAT (0.034 seconds)
1.19/1.25	['add', 'sub']: UNSAT (0.035 seconds)
1.19/1.28	['sub', 'sub']: UNSAT (0.034 seconds)
1.29/1.32	['concat', 'concat', 'concat']: UNSAT (3.403 seconds)
4.68/4.72	['concat', 'concat', 'index']: UNSAT (0.057 seconds)
4.68/4.78	['concat', 'concat', 'length']: UNSAT (0.046 seconds)
4.79/4.83	['concat', 'concat', 'substr']: UNSAT (3.058 seconds)
7.79/7.89	['concat', 'concat', 'add']: UNSAT (0.046 seconds)
7.89/7.94	['concat', 'concat', 'sub']: UNSAT (0.046 seconds)
7.89/7.98	['concat', 'index', 'index']: UNSAT (0.061 seconds)
8.02/8.04	['concat', 'index', 'length']: UNSAT (0.079 seconds)
8.02/8.12	['concat', 'index', 'substr']: UNSAT (0.271 seconds)
8.39/8.40	['concat', 'index', 'add']: UNSAT (0.071 seconds)
8.39/8.47	['concat', 'index', 'sub']: UNSAT (0.064 seconds)
8.49/8.53	['concat', 'length', 'length']: UNSAT (0.046 seconds)
8.49/8.58	['concat', 'length', 'substr']: UNSAT (0.103 seconds)
8.59/8.69	['concat', 'length', 'add']: UNSAT (0.041 seconds)
8.69/8.73	['concat', 'length', 'sub']: UNSAT (0.039 seconds)
8.69/8.77	['concat', 'substr', 'substr']: UNSAT (0.391 seconds)
9.12/9.16	['concat', 'substr', 'add']: UNSAT (0.107 seconds)
9.19/9.27	['concat', 'substr', 'sub']: UNSAT (0.108 seconds)
9.29/9.38	['concat', 'add', 'add']: UNSAT (0.046 seconds)
9.39/9.42	['concat', 'add', 'sub']: UNSAT (0.045 seconds)
9.39/9.47	['concat', 'sub', 'sub']: UNSAT (0.045 seconds)
9.49/9.52	['index', 'index', 'index']: UNSAT (0.064 seconds)
9.49/9.58	['index', 'index', 'length']: UNSAT (0.051 seconds)
9.59/9.63	['index', 'index', 'substr']: UNSAT (0.081 seconds)
9.69/9.71	['index', 'index', 'add']: UNSAT (0.059 seconds)
9.69/9.77	['index', 'index', 'sub']: UNSAT (0.059 seconds)
9.79/9.83	['index', 'length', 'length']: UNSAT (0.039 seconds)
9.79/9.87	['index', 'length', 'substr']: UNSAT (0.057 seconds)
9.89/9.93	['index', 'length', 'add']: UNSAT (0.045 seconds)
9.89/9.98	['index', 'length', 'sub']: UNSAT (0.045 seconds)
9.89/10.02	['index', 'substr', 'substr']: UNSAT (0.130 seconds)
10.12/10.16	['index', 'substr', 'add']: UNSAT (0.063 seconds)
10.19/10.22	['index', 'substr', 'sub']: UNSAT (0.064 seconds)
10.19/10.29	['index', 'add', 'add']: UNSAT (0.051 seconds)
10.29/10.34	['index', 'add', 'sub']: UNSAT (0.051 seconds)
10.29/10.39	['index', 'sub', 'sub']: UNSAT (0.052 seconds)
10.39/10.44	['length', 'length', 'length']: UNSAT (0.029 seconds)
10.39/10.47	['length', 'length', 'substr']: UNSAT (0.044 seconds)
10.49/10.52	['length', 'length', 'add']: UNSAT (0.033 seconds)
10.49/10.55	['length', 'length', 'sub']: UNSAT (0.032 seconds)
10.49/10.58	['length', 'substr', 'substr']: UNSAT (0.066 seconds)
10.59/10.65	['length', 'substr', 'add']: UNSAT (0.050 seconds)
10.69/10.70	['length', 'substr', 'sub']: UNSAT (0.052 seconds)
10.69/10.75	['length', 'add', 'add']: UNSAT (0.043 seconds)
10.79/10.80	['length', 'add', 'sub']: UNSAT (0.043 seconds)
10.79/10.84	['length', 'sub', 'sub']: UNSAT (0.041 seconds)
10.79/10.88	['substr', 'substr', 'substr']: UNSAT (0.078 seconds)
10.89/10.96	['substr', 'substr', 'add']: UNSAT (0.064 seconds)
10.89/11.03	['substr', 'substr', 'sub']: UNSAT (0.063 seconds)
11.03/11.09	['substr', 'add', 'add']: UNSAT (0.056 seconds)
11.13/11.15	['substr', 'add', 'sub']: UNSAT (0.055 seconds)
11.19/11.21	['substr', 'sub', 'sub']: UNSAT (0.056 seconds)
11.19/11.26	['add', 'add', 'add']: UNSAT (0.049 seconds)
11.29/11.31	['add', 'add', 'sub']: UNSAT (0.048 seconds)
11.29/11.36	['add', 'sub', 'sub']: UNSAT (0.049 seconds)
11.39/11.41	['sub', 'sub', 'sub']: UNSAT (0.049 seconds)
11.39/11.46	['concat', 'concat', 'concat', 'concat']: UNKNOWN (450.369 seconds)
461.77/461.83	Reason: smt tactic failed to show goal to be sat/unsat max-conflicts-reached
461.77/461.83	Reason: smt tactic failed to show goal to be sat/unsat max-conflicts-reached
461.77/461.83	['concat', 'concat', 'concat', 'index']: UNSAT (0.078 seconds)
461.87/461.91	['concat', 'concat', 'concat', 'length']: UNSAT (0.065 seconds)
461.87/461.97	['concat', 'concat', 'concat', 'substr']: 