0.15/0.20	=== Examples (../../dataset/examples/examples-21.json)
0.15/0.20	IO(inputs=('10-05-2019',), output='10/05/20')
0.15/0.20	IO(inputs=('31-12-1999',), output='31/12/19')
0.15/0.20	=== Library
0.15/0.20	concat
0.15/0.20	index
0.15/0.20	length
0.15/0.20	substr
0.15/0.20	add
0.15/0.20	sub
0.15/0.20	=== Synthesis
0.15/0.20	['concat']: UNSAT (0.029 seconds)
0.15/0.23	['index']: UNSAT (0.029 seconds)
0.15/0.26	['length']: UNSAT (0.022 seconds)
0.15/0.29	['substr']: UNSAT (0.042 seconds)
0.30/0.33	['add']: UNSAT (0.026 seconds)
0.30/0.36	['sub']: UNSAT (0.027 seconds)
0.35/0.38	['concat', 'concat']: UNSAT (0.047 seconds)
0.35/0.43	['concat', 'index']: UNSAT (0.047 seconds)
0.35/0.48	['concat', 'length']: UNSAT (0.036 seconds)
0.46/0.52	['concat', 'substr']: UNSAT (0.299 seconds)
0.78/0.82	['concat', 'add']: UNSAT (0.031 seconds)
0.78/0.85	['concat', 'sub']: UNSAT (0.031 seconds)
0.78/0.88	['index', 'index']: UNSAT (0.038 seconds)
0.88/0.92	['index', 'length']: UNSAT (0.029 seconds)
0.88/0.95	['index', 'substr']: UNSAT (0.104 seconds)
1.01/1.05	['index', 'add']: UNSAT (0.034 seconds)
1.01/1.09	['index', 'sub']: UNSAT (0.037 seconds)
1.01/1.13	['length', 'length']: UNSAT (0.022 seconds)
1.14/1.15	['length', 'substr']: UNSAT (0.042 seconds)
1.14/1.19	['length', 'add']: UNSAT (0.023 seconds)
1.18/1.21	['length', 'sub']: UNSAT (0.023 seconds)
1.18/1.24	['substr', 'substr']: UNSAT (0.063 seconds)
1.28/1.30	['substr', 'add']: UNSAT (0.046 seconds)
1.28/1.35	['substr', 'sub']: UNSAT (0.047 seconds)
1.28/1.40	['add', 'add']: UNSAT (0.032 seconds)
1.38/1.43	['add', 'sub']: UNSAT (0.031 seconds)
1.38/1.46	['sub', 'sub']: UNSAT (0.031 seconds)
1.38/1.49	['concat', 'concat', 'concat']: UNSAT (0.085 seconds)
1.48/1.58	['concat', 'concat', 'index']: UNSAT (0.055 seconds)
1.58/1.63	['concat', 'concat', 'length']: UNSAT (0.043 seconds)
1.58/1.68	['concat', 'concat', 'substr']: UNSAT (9.017 seconds)
10.59/10.70	['concat', 'concat', 'add']: UNSAT (0.044 seconds)
10.69/10.74	['concat', 'concat', 'sub']: UNSAT (0.045 seconds)
10.69/10.79	['concat', 'index', 'index']: UNSAT (0.055 seconds)
10.79/10.84	['concat', 'index', 'length']: UNSAT (0.045 seconds)
10.79/10.89	['concat', 'index', 'substr']: UNSAT (1.261 seconds)
12.14/12.15	['concat', 'index', 'add']: UNSAT (0.048 seconds)
12.19/12.20	['concat', 'index', 'sub']: UNSAT (0.046 seconds)
12.19/12.25	['concat', 'length', 'length']: UNSAT (0.035 seconds)
12.19/12.28	['concat', 'length', 'substr']: UNSAT (0.362 seconds)
12.59/12.64	['concat', 'length', 'add']: UNSAT (0.039 seconds)
12.59/12.68	['concat', 'length', 'sub']: UNSAT (0.038 seconds)
12.69/12.72	['concat', 'substr', 'substr']: UNSAT (1.437 seconds)
14.14/14.16	['concat', 'substr', 'add']: UNSAT (0.215 seconds)
14.29/14.38	['concat', 'substr', 'sub']: UNSAT (0.360 seconds)
14.69/14.74	['concat', 'add', 'add']: UNSAT (0.043 seconds)
14.69/14.78	['concat', 'add', 'sub']: UNSAT (0.043 seconds)
14.79/14.82	['concat', 'sub', 'sub']: UNSAT (0.045 seconds)
14.79/14.87	['index', 'index', 'index']: UNSAT (0.063 seconds)
14.89/14.93	['index', 'index', 'length']: UNSAT (0.050 seconds)
14.89/14.98	['index', 'index', 'substr']: UNSAT (0.176 seconds)
15.14/15.16	['index', 'index', 'add']: UNSAT (0.056 seconds)
15.19/15.22	['index', 'index', 'sub']: UNSAT (0.059 seconds)
15.19/15.28	['index', 'length', 'length']: UNSAT (0.039 seconds)
15.29/15.32	['index', 'length', 'substr']: UNSAT (0.122 seconds)
15.39/15.44	['index', 'length', 'add']: UNSAT (0.042 seconds)
15.39/15.48	['index', 'length', 'sub']: UNSAT (0.045 seconds)
15.49/15.53	['index', 'substr', 'substr']: UNSAT (0.479 seconds)
15.88/16.01	['index', 'substr', 'add']: UNSAT (0.115 seconds)
16.01/16.12	['index', 'substr', 'sub']: UNSAT (0.213 seconds)
16.28/16.34	['index', 'add', 'add']: UNSAT (0.051 seconds)
16.28/16.39	['index', 'add', 'sub']: UNSAT (0.053 seconds)
16.38/16.44	['index', 'sub', 'sub']: UNSAT (0.052 seconds)
16.48/16.50	['length', 'length', 'length']: UNSAT (0.028 seconds)
16.48/16.53	['length', 'length', 'substr']: UNSAT (0.053 seconds)
16.48/16.58	['length', 'length', 'add']: UNSAT (0.035 seconds)
16.58/16.62	['length', 'length', 'sub']: UNSAT (0.035 seconds)
16.58/16.65	['length', 'substr', 'substr']: UNSAT (0.148 seconds)
16.79/16.80	['length', 'substr', 'add']: UNSAT (0.057 seconds)
16.79/16.86	['length', 'substr', 'sub']: UNSAT (0.064 seconds)
16.89/16.92	['length', 'add', 'add']: UNSAT (0.039 seconds)
16.89/16.96	['length', 'add', 'sub']: UNSAT (0.037 seconds)
16.89/17.00	['length', 'sub', 'sub']: UNSAT (0.040 seconds)
17.02/17.04	['substr', 'substr', 'substr']: UNSAT (0.183 seconds)
17.19/17.23	['substr', 'substr', 'add']: UNSAT (0.164 seconds)
17.29/17.39	['substr', 'substr', 'sub']: UNSAT (0.151 seconds)
17.49/17.54	['substr', 'add', 'add']: UNSAT (0.071 seconds)
17.59/17.62	['substr', 'add', 'sub']: UNSAT (0.090 seconds)
17.69/17.71	['substr', 'sub', 'sub']: UNSAT (0.114 seconds)
17.79/17.82	['add', 'add', 'add']: UNSAT (0.065 seconds)
17.79/17.89	['add', 'add', 'sub']: UNSAT (0.064 seconds)
17.89/17.95	['add', 'sub', 'sub']: UNSAT (0.065 seconds)
17.89/18.02	['sub', 'sub', 'sub']: UNSAT (0.064 seconds)
18.02/18.08	['concat', 'concat', 'concat', 'concat']: UNSAT (0.278 seconds)
18.29/18.36	['concat', 'concat', 'concat', 'index']: UNSAT (0.078 seconds)
18.39/18.44	['concat', 'concat', 'concat', 'length']: UNSAT (0.064 seconds)
18.49/18.51	['concat', 'concat', 'concat', 'substr']: UNKNOWN (69.805 seconds)
88.29/88.31	Reason: smt tactic failed to show goal to be sat/unsat max-conflicts-reached
88.29/88.31	Reason: smt tactic failed to show goal to be sat/unsat max-conflicts-reached
88.29/88.31	['concat', 'concat', 'concat', 'add']: UNSAT (0.066 seconds)
88.29/88.38	['concat', 'concat', 'concat', 'sub']: UNSAT (0.069 seconds)
88.39/88.45	['concat', 'concat', 'index', 'index']: UNSAT (0.084 seconds)
88.49/88.53	['concat', 'concat', 'index', 'length']: UNSAT (0.067 seconds)
88.59/88.60	['concat', 'concat', 'index', 'substr']: UNKNOWN (50.047 seconds)
138.58/138.65	Reason: smt tactic failed to show goal to be sat/unsat max-conflicts-reached
138.58/138.65	Reason: smt tactic failed to show goal to be sat/unsat max-conflicts-reached
138.58/138.65	['concat', 'concat', 'index', 'add']: UNSAT (0.075 seconds)
138.68/138.73	['concat', 'concat', 'index', 'sub']: UNSAT (0.071 seconds)
138.78/138.80	['concat', 'concat', 'length', 'length']: UNSAT (0.052 seconds)
138.78/138.85	['concat', 'concat', 'length', 'substr']: UNSAT (14.828 seconds)
153.58/153.68	['concat', 'concat', 'length', 'add']: UNSAT (0.056 seconds)
153.68/153.74	['concat', 'concat', 'length', 'sub']: UNSAT (0.057 seconds)
153.78/153.80	['concat', 'concat', 'substr', 'substr']: UNKNOWN (61.274 seconds)
215.00/215.07	Reason: smt tactic failed to show goal to be sat/unsat max-conflicts-reached
215.00/215.07	Reason: smt tactic failed to show goal to be sat/unsat max-conflicts-reached
215.00/215.07	['concat', 'concat', 'substr', 'add']: UNSAT (9.210 seconds)
224.17/224.28	['concat', 'concat', 'substr', 'sub']: UNSAT (8.690 seconds)
232.88/232.98	['concat', 'concat', 'add', 'add']: UNSAT (0.062 seconds)
232.88/233.04	['concat', 'concat', 'add', 'sub']: UNSAT (0.063 seconds)
233.01/233.10	['concat', 'concat', 'sub', 'sub']: UNSAT (0.064 seconds)
233.12/233.17	['concat', 'index', 'index', 'index']: UNSAT (0.090 seconds)
233.18/233.26	['concat', 'index', 'index', 'length']: UNSAT (0.075 seconds)
233.28/233.33	['concat', 'index', 'index', 'substr']: UNSAT (4.008 seconds)
237.27/237.34	['concat', 'index', 'index', 'add']: UNSAT (0.079 seconds)
237.37/237.42	['concat', 'index', 'index', 'sub']: UNSAT (0.077 seconds)
237.47/237.50	['concat', 'index', 'length', 'length']: UNSAT (0.057 seconds)
237.47/237.56	['concat', 'index', 'length', 'substr']: UNSAT (1.296 seconds)
238.77/238.85	['concat', 'index', 'length', 'add']: UNSAT (0.061 seconds)
238.87/238.92	['concat', 'index', 'length', 'sub']: UNSAT (0.061 seconds)
238.87/238.98	['concat', 'index', 'substr', 'substr']: UNSAT (16.744 seconds)
255.67/255.72	['concat', 'index', 'substr', 'add']: UNSAT (3.260 seconds)
258.87/258.99	['concat', 'index', 'substr', 'sub']: UNSAT (1.772 seconds)
260.67/260.76	['concat', 'index', 'add', 'add']: UNSAT (0.073 seconds)
260.77/260.83	['concat', 'index', 'add', 'sub']: UNSAT (0.070 seconds)
260.87/260.90	['concat', 'index', 'sub', 'sub']: UNSAT (0.070 seconds)
260.87/260.97	['concat', 'length', 'length', 'length']: UNSAT (0.047 seconds)
260.87/261.02	['concat', 'length', 'length', 'substr']: UNSAT (0.353 seconds)
261.28/261.37	['concat', 'length', 'length', 'add']: UNSAT (0.050 seconds)
261.38/261.43	['concat', 'length', 'length', 'sub']: UNSAT (0.050 seconds)
261.38/261.48	['concat', 'length', 'substr', 'substr']: UNSAT (10.603 seconds)
272.00/272.08	['concat', 'length', 'substr', 'add']: UNSAT (0.548 seconds)
272.58/272.63	['concat', 'length', 'substr', 'sub']: UNSAT (0.494 seconds)
273.00/273.12	['concat', 'length', 'add', 'add']: UNSAT (0.051 seconds)
273.11/273.18	['concat', 'length', 'add', 'sub']: UNSAT (0.052 seconds)
273.18/273.23	['concat', 'length', 'sub', 'sub']: UNSAT (0.056 seconds)
273.18/273.28	['concat', 'substr', 'substr', 'substr']: UNSAT (28.737 seconds)
301.87/302.02	['concat', 'substr', 'substr', 'add']: UNSAT (7.235 seconds)
309.17/309.26	['concat', 'substr', 'substr', 'sub']: UNSAT (6.942 seconds)
316.17/316.20	['concat', 'substr', 'add', 'add']: UNSAT (0.415 seconds)
316.57/316.62	['concat', 'substr', 'add', 'sub']: UNSAT (0.560 seconds)
317.11/317.18	['concat', 'substr', 'sub', 'sub']: UNSAT (0.472 seconds)
317.57/317.65	['concat', 'add', 'add', 'add']: UNSAT (0.064 seconds)
317.67/317.72	['concat', 'add', 'add', 'sub']: UNSAT (0.067 seconds)
317.67/317.78	['concat', 'add', 'sub', 'sub']: UNSAT (0.064 seconds)
317.77/317.85	['concat', 'sub', 'sub', 'sub']: UNSAT (0.071 seconds)
317.87/317.92	['index', 'index', 'index', 'index']: UNSAT (0.095 seconds)
317.87/318.02	['index', 'index', 'index', 'length']: UNSAT (0.077 seconds)
318.00/318.10	['index', 'index', 'index', 'substr']: UNSAT (0.688 seconds)
318.67/318.78	['index', 'index', 'index', 'add']: UNSAT (0.084 seconds)
318.77/318.87	['index', 'index', 'index', 'sub']: UNSAT (0.090 seconds)
318.87/318.96	['index', 'index', 'length', 'length']: UNSAT (0.061 seconds)
318.87/319.02	['index', 'index', 'length', 'substr']: UNSAT (0.190 seconds)
319.17/319.21	['index', 'index', 'length', 'add']: UNSAT (0.071 seconds)
319.17/319.28	['index', 'index', 'length', 'sub']: UNSAT (0.069 seconds)
319.27/319.35	['index', 'index', 'substr', 'substr']: UNSAT (0.957 seconds)
320.27/320.31	['index', 'index', 'substr', 'add']: UNSAT (0.460 seconds)
320.67/320.77	['index', 'index', 'substr', 'sub']: UNSAT (0.204 seconds)
320.87/320.98	['index', 'index', 'add', 'add']: UNSAT (0.079 seconds)
321.00/321.06	['index', 'index', 'add', 'sub']: UNSAT (0.086 seconds)
321.11/321.15	['index', 'index', 'sub', 'sub']: UNSAT (0.088 seconds)
321.17/321.23	['index', 'length', 'length', 'length']: UNSAT (0.050 seconds)
321.17/321.29	['index', 'length', 'length', 'substr']: UNSAT (0.143 seconds)
321.37/321.43	['index', 'length', 'length', 'add']: UNSAT (0.053 seconds)
321.37/321.48	['index', 'length', 'length', 'sub']: UNSAT (0.055 seconds)
321.47/321.54	['index', 'length', 'substr', 'substr']: UNSAT (0.530 seconds)
322.00/322.07	['index', 'length', 'substr', 'add']: UNSAT (0.171 seconds)
322.17/322.24	['index', 'length', 'substr', 'sub']: UNSAT (0.134 seconds)
322.27/322.38	['index', 'length', 'add', 'add']: UNSAT (0.067 seconds)
322.37/322.44	['index', 'length', 'add', 'sub']: UNSAT (0.064 seconds)
322.47/322.51	['index', 'length', 'sub', 'sub']: UNSAT (0.064 seconds)
322.47/322.57	['index', 'substr', 'substr', 'substr']: UNSAT (2.341 seconds)
324.87/324.91	['index', 'substr', 'substr', 'add']: UNSAT (0.686 seconds)
325.57/325.60	['index', 'substr', 'substr', 'sub']: UNSAT (0.633 seconds)
326.17/326.24	['index', 'substr', 'add', 'add']: UNSAT (0.270 seconds)
326.47/326.51	['index', 'substr', 'add', 'sub']: UNSAT (0.236 seconds)
326.67/326.74	['index', 'substr', 'sub', 'sub']: UNSAT (0.223 seconds)
326.87/326.97	['index', 'add', 'add', 'add']: UNSAT (0.084 seconds)
327.00/327.05	['index', 'add', 'add', 'sub']: UNSAT (0.083 seconds)
327.11/327.14	['index', 'add', 'sub', 'sub']: UNSAT (0.076 seconds)
327.17/327.21	['index', 'sub', 'sub', 'sub']: UNSAT (0.078 seconds)
327.17/327.29	['length', 'length', 'length', 'length']: UNSAT (0.036 seconds)
327.27/327.33	['length', 'length', 'length', 'substr']: UNSAT (0.050 seconds)
327.27/327.38	['length', 'length', 'length', 'add']: UNSAT (0.044 seconds)
327.37/327.42	['length', 'length', 'length', 'sub']: UNSAT (0.043 seconds)
327.37/327.47	['length', 'length', 'substr', 'substr']: UNSAT (0.215 seconds)
327.57/327.68	['length', 'length', 'substr', 'add']: UNSAT (0.076 seconds)
327.67/327.76	['length', 'length', 'substr', 'sub']: UNSAT (0.104 seconds)
327.77/327.87	['length', 'length', 'add', 'add']: UNSAT (0.047 seconds)
327.87/327.91	['length', 'length', 'add', 'sub']: UNSAT (0.047 seconds)
327.87/327.96	['length', 'length', 'sub', 'sub']: UNSAT (0.051 seconds)
327.87/328.01	['length', 'substr', 'substr', 'substr']: UNSAT (1.267 seconds)
329.17/329.28	['length', 'substr', 'substr', 'add']: UNSAT (0.375 seconds)
329.57/329.66	['length', 'substr', 'substr', 'sub']: UNSAT (0.577 seconds)
330.17/330.24	['length', 'substr', 'add', 'add']: UNSAT (0.107 seconds)
330.27/330.34	['length', 'substr', 'add', 'sub']: UNSAT (0.177 seconds)
330.47/330.52	['length', 'substr', 'sub', 'sub']: UNSAT (0.108 seconds)
330.57/330.63	['length', 'add', 'add', 'add']: UNSAT (0.063 seconds)
330.57/330.69	['length', 'add', 'add', 'sub']: UNSAT (0.062 seconds)
330.67/330.76	['length', 'add', 'sub', 'sub']: UNSAT (0.062 seconds)
330.77/330.82	['length', 'sub', 'sub', 'sub']: UNSAT (0.064 seconds)
330.77/330.88	['substr', 'substr', 'substr', 'substr']: UNSAT (0.879 seconds)
331.67/331.76	['substr', 'substr', 'substr', 'add']: UNSAT (0.780 seconds)
332.48/332.55	['substr', 'substr', 'substr', 'sub']: UNSAT (0.451 seconds)
332.88/333.00	['substr', 'substr', 'add', 'add']: UNSAT (1.321 seconds)
334.28/334.32	['substr', 'substr', 'add', 'sub']: UNSAT (0.417 seconds)
334.68/334.74	['substr', 'substr', 'sub', 'sub']: UNSAT (0.331 seconds)
335.00/335.07	['substr', 'add', 'add', 'add']: UNSAT (0.152 seconds)
335.18/335.22	['substr', 'add', 'add', 'sub']: UNSAT (0.114 seconds)
335.28/335.34	['substr', 'add', 'sub', 'sub']: UNSAT (0.124 seconds)
335.38/335.46	['substr', 'sub', 'sub', 'sub']: UNSAT (0.132 seconds)
335.58/335.60	['add', 'add', 'add', 'add']: UNSAT (0.075 seconds)
335.58/335.67	['add', 'add', 'add', 'sub']: UNSAT (0.071 seconds)
335.68/335.74	['add', 'add', 'sub', 'sub']: UNSAT (0.070 seconds)
335.78/335.82	['add', 'sub', 'sub', 'sub']: UNSAT (0.069 seconds)
335.78/335.89	['sub', 'sub', 'sub', 'sub']: UNSAT (0.071 seconds)
335.88/335.96	['concat', 'concat', 'concat', 'concat', 'concat']: UNSAT (0.401 seconds)
336.28/336.36	['concat', 'concat', 'concat', 'concat', 'index']: UNSAT (0.109 seconds)
336.38/336.47	['concat', 'concat', 'concat', 'concat', 'length']: UNSAT (0.092 seconds)
336.48/336.56	['concat', 'concat', 'concat', 'concat', 'substr']: UNKNOWN (219.390 seconds)
555.87/555.95	Reason: smt tactic failed to show goal to be sat/unsat max-conflicts-reached
555.87/555.95	Reason: smt tactic failed to show goal to be sat/unsat max-conflicts-reached
555.87/555.95	['concat', 'concat', 'concat', 'concat', 'add']: UNSAT (0.090 seconds)
555.99/556.04	['concat', 'concat', 'concat', 'concat', 'sub']: UNSAT (0.093 seconds)
556.10/556.14	['concat', 'concat', 'concat', 'index', 'index']: UNSAT (0.106 seconds)
556.16/556.24	['concat', 'concat', 'concat', 'index', 'length']: UNSAT (0.095 seconds)
556.26/556.34	['concat', 'concat', 'concat', 'index', 'substr']: 