0.12/0.20	=== Examples (../../dataset/examples/examples-68.json)
0.12/0.20	IO(inputs=(' smith - doe ',), output='smith')
0.12/0.20	IO(inputs=('  spelled-out',), output='spelled')
0.12/0.20	=== Library
0.12/0.20	concat
0.12/0.20	index
0.12/0.20	length
0.12/0.20	substr
0.12/0.20	add
0.12/0.20	sub
0.12/0.20	=== Synthesis
0.12/0.20	['concat']: UNSAT (0.029 seconds)
0.12/0.23	['index']: UNSAT (0.029 seconds)
0.12/0.26	['length']: UNSAT (0.020 seconds)
0.25/0.28	['substr']: UNSAT (0.032 seconds)
0.25/0.31	['add']: UNSAT (0.024 seconds)
0.25/0.34	['sub']: UNSAT (0.024 seconds)
0.25/0.36	['concat', 'concat']: UNSAT (0.047 seconds)
0.35/0.41	['concat', 'index']: UNSAT (0.046 seconds)
0.35/0.46	['concat', 'length']: UNSAT (0.035 seconds)
0.45/0.49	['concat', 'substr']: UNSAT (0.101 seconds)
0.55/0.59	['concat', 'add']: UNSAT (0.036 seconds)
0.55/0.63	['concat', 'sub']: UNSAT (0.028 seconds)
0.63/0.66	['index', 'index']: UNSAT (0.037 seconds)
0.69/0.70	['index', 'length']: UNSAT (0.027 seconds)
0.69/0.73	['index', 'substr']: UNSAT (0.441 seconds)
1.13/1.17	['index', 'add']: UNSAT (0.032 seconds)
1.19/1.20	['index', 'sub']: UNSAT (0.032 seconds)
1.19/1.23	['length', 'length']: UNSAT (0.020 seconds)
1.19/1.25	['length', 'substr']: UNSAT (0.033 seconds)
1.19/1.29	['length', 'add']: UNSAT (0.023 seconds)
1.29/1.31	['length', 'sub']: UNSAT (0.024 seconds)
1.29/1.33	['substr', 'substr']: UNSAT (0.054 seconds)
1.29/1.39	['substr', 'add']: UNSAT (0.041 seconds)
1.39/1.43	['substr', 'sub']: UNSAT (0.040 seconds)
1.39/1.47	['add', 'add']: UNSAT (0.029 seconds)
1.49/1.50	['add', 'sub']: UNSAT (0.030 seconds)
1.49/1.53	['sub', 'sub']: UNSAT (0.030 seconds)
1.49/1.56	['concat', 'concat', 'concat']: UNSAT (0.089 seconds)
1.59/1.65	['concat', 'concat', 'index']: UNSAT (0.051 seconds)
1.69/1.70	['concat', 'concat', 'length']: UNSAT (0.041 seconds)
1.69/1.75	['concat', 'concat', 'substr']: UNSAT (0.206 seconds)
1.89/1.95	['concat', 'concat', 'add']: UNSAT (0.041 seconds)
1.89/1.99	['concat', 'concat', 'sub']: UNSAT (0.043 seconds)
2.01/2.04	['concat', 'index', 'index']: UNSAT (0.053 seconds)
2.01/2.09	['concat', 'index', 'length']: UNSAT (0.043 seconds)
2.13/2.14	['concat', 'index', 'substr']: SAT (2.582 seconds)
4.69/4.72	substr(concat(arg0, 'smith'), index(concat(arg0, 'smith'), 's', 2), 7)
