0.12/0.19	=== Examples (../../dataset/examples/examples-28.json)
0.12/0.19	IO(inputs=('hello', 'world'), output='hello-world')
0.12/0.19	IO(inputs=('train it', 'spot it'), output='train-spot ')
0.12/0.19	=== Library
0.12/0.19	concat
0.12/0.19	index
0.12/0.19	length
0.12/0.19	substr
0.12/0.19	add
0.12/0.19	sub
0.12/0.19	=== Synthesis
0.12/0.19	['concat']: UNSAT (0.032 seconds)
0.12/0.22	['index']: UNSAT (0.031 seconds)
0.12/0.25	['length']: UNSAT (0.022 seconds)
0.24/0.28	['substr']: UNSAT (0.032 seconds)
0.24/0.31	['add']: UNSAT (0.027 seconds)
0.24/0.34	['sub']: UNSAT (0.026 seconds)
0.24/0.37	['concat', 'concat']: UNSAT (0.053 seconds)
0.33/0.42	['concat', 'index']: UNSAT (0.055 seconds)
0.45/0.48	['concat', 'length']: UNSAT (0.040 seconds)
0.45/0.52	['concat', 'substr']: UNSAT (0.054 seconds)
0.53/0.57	['concat', 'add']: UNSAT (0.038 seconds)
0.53/0.61	['concat', 'sub']: UNSAT (0.037 seconds)
0.62/0.65	['index', 'index']: UNSAT (0.047 seconds)
0.62/0.70	['index', 'length']: UNSAT (0.037 seconds)
0.70/0.74	['index', 'substr']: UNSAT (0.052 seconds)
0.70/0.79	['index', 'add']: UNSAT (0.041 seconds)
0.79/0.83	['index', 'sub']: UNSAT (0.041 seconds)
0.79/0.87	['length', 'length']: UNSAT (0.027 seconds)
0.89/0.90	['length', 'substr']: UNSAT (0.039 seconds)
0.89/0.94	['length', 'add']: UNSAT (0.030 seconds)
0.89/0.97	['length', 'sub']: UNSAT (0.029 seconds)
0.89/1.00	['substr', 'substr']: UNSAT (0.049 seconds)
1.00/1.05	['substr', 'add']: UNSAT (0.040 seconds)
1.00/1.09	['substr', 'sub']: UNSAT (0.042 seconds)
1.12/1.14	['add', 'add']: UNSAT (0.038 seconds)
1.12/1.17	['add', 'sub']: UNSAT (0.038 seconds)
1.19/1.21	['sub', 'sub']: UNSAT (0.038 seconds)
1.19/1.25	['concat', 'concat', 'concat']: UNSAT (0.136 seconds)
1.29/1.39	['concat', 'concat', 'index']: UNSAT (0.068 seconds)
1.39/1.46	['concat', 'concat', 'length']: UNSAT (0.052 seconds)
1.50/1.51	['concat', 'concat', 'substr']: UNSAT (1.045 seconds)
2.50/2.56	['concat', 'concat', 'add']: UNSAT (0.055 seconds)
2.59/2.61	['concat', 'concat', 'sub']: UNSAT (0.054 seconds)
2.59/2.67	['concat', 'index', 'index']: UNSAT (0.087 seconds)
2.69/2.76	['concat', 'index', 'length']: UNSAT (0.069 seconds)
2.79/2.83	['concat', 'index', 'substr']: UNSAT (0.117 seconds)
2.89/2.95	['concat', 'index', 'add']: UNSAT (0.061 seconds)
2.89/3.01	['concat', 'index', 'sub']: UNSAT (0.061 seconds)
3.00/3.07	['concat', 'length', 'length']: UNSAT (0.044 seconds)
3.00/3.11	['concat', 'length', 'substr']: UNSAT (0.069 seconds)
3.12/3.18	['concat', 'length', 'add']: UNSAT (0.051 seconds)
3.19/3.24	['concat', 'length', 'sub']: UNSAT (0.086 seconds)
3.29/3.33	['concat', 'substr', 'substr']: UNSAT (0.109 seconds)
3.39/3.44	['concat', 'substr', 'add']: UNSAT (0.063 seconds)
3.49/3.50	['concat', 'substr', 'sub']: UNSAT (0.064 seconds)
3.49/3.57	['concat', 'add', 'add']: UNSAT (0.054 seconds)
3.59/3.62	['concat', 'add', 'sub']: UNSAT (0.053 seconds)
3.59/3.68	['concat', 'sub', 'sub']: UNSAT (0.053 seconds)
3.69/3.73	['index', 'index', 'index']: UNSAT (0.079 seconds)
3.79/3.81	['index', 'index', 'length']: UNSAT (0.061 seconds)
3.79/3.87	['index', 'index', 'substr']: UNSAT (0.123 seconds)
3.89/4.00	['index', 'index', 'add']: UNSAT (0.071 seconds)
4.00/4.07	['index', 'index', 'sub']: UNSAT (0.070 seconds)
4.00/4.14	['index', 'length', 'length']: UNSAT (0.049 seconds)
4.14/4.19	['index', 'length', 'substr']: UNSAT (0.069 seconds)
4.19/4.26	['index', 'length', 'add']: UNSAT (0.053 seconds)
4.29/4.31	['index', 'length', 'sub']: UNSAT (0.052 seconds)
4.29/4.37	['index', 'substr', 'substr']: UNSAT (0.110 seconds)
4.39/4.48	['index', 'substr', 'add']: UNSAT (0.078 seconds)
4.49/4.56	['index', 'substr', 'sub']: UNSAT (0.074 seconds)
4.59/4.63	['index', 'add', 'add']: UNSAT (0.062 seconds)
4.59/4.70	['index', 'add', 'sub']: UNSAT (0.065 seconds)
4.69/4.76	['index', 'sub', 'sub']: UNSAT (0.067 seconds)
4.79/4.83	['length', 'length', 'length']: UNSAT (0.035 seconds)
4.79/4.86	['length', 'length', 'substr']: UNSAT (0.051 seconds)
4.89/4.92	['length', 'length', 'add']: UNSAT (0.039 seconds)
4.89/4.96	['length', 'length', 'sub']: UNSAT (0.039 seconds)
4.89/5.00	['length', 'substr', 'substr']: UNSAT (0.068 seconds)
5.00/5.07	['length', 'substr', 'add']: UNSAT (0.056 seconds)
5.00/5.12	['length', 'substr', 'sub']: UNSAT (0.056 seconds)
5.12/5.18	['length', 'add', 'add']: UNSAT (0.047 seconds)
5.19/5.23	['length', 'add', 'sub']: UNSAT (0.047 seconds)
5.19/5.28	['length', 'sub', 'sub']: UNSAT (0.048 seconds)
5.30/5.32	['substr', 'substr', 'substr']: UNSAT (0.078 seconds)
5.39/5.40	['substr', 'substr', 'add']: UNSAT (0.075 seconds)
5.39/5.48	['substr', 'substr', 'sub']: UNSAT (0.072 seconds)
5.50/5.55	['substr', 'add', 'add']: UNSAT (0.062 seconds)
5.59/5.62	['substr', 'add', 'sub']: UNSAT (0.062 seconds)
5.59/5.68	['substr', 'sub', 'sub']: UNSAT (0.063 seconds)
5.69/5.74	['add', 'add', 'add']: UNSAT (0.061 seconds)
5.79/5.80	['add', 'add', 'sub']: UNSAT (0.059 seconds)
5.79/5.86	['add', 'sub', 'sub']: UNSAT (0.058 seconds)
5.89/5.92	['sub', 'sub', 'sub']: UNSAT (0.058 seconds)
5.89/5.98	['concat', 'concat', 'concat', 'concat']: UNSAT (0.611 seconds)
6.50/6.59	['concat', 'concat', 'concat', 'index']: UNSAT (0.095 seconds)
6.59/6.69	['concat', 'concat', 'concat', 'length']: UNSAT (0.085 seconds)
6.69/6.78	['concat', 'concat', 'concat', 'substr']: UNKNOWN (43.770 seconds)
50.50/50.55	Reason: smt tactic failed to show goal to be sat/unsat max-conflicts-reached
50.50/50.55	Reason: smt tactic failed to show goal to be sat/unsat max-conflicts-reached
50.50/50.55	['concat', 'concat', 'concat', 'add']: UNSAT (0.076 seconds)
50.59/50.62	['concat', 'concat', 'concat', 'sub']: UNSAT (0.077 seconds)
50.69/50.70	['concat', 'concat', 'index', 'index']: UNSAT (0.098 seconds)
50.79/50.80	['concat', 'concat', 'index', 'length']: UNSAT (0.081 seconds)
50.79/50.88	['concat', 'concat', 'index', 'substr']: UNSAT (7.358 seconds)
58.19/58.24	['concat', 'concat', 'index', 'add']: UNSAT (0.083 seconds)
58.29/58.33	['concat', 'concat', 'index', 'sub']: UNSAT (0.082 seconds)
58.39/58.41	['concat', 'concat', 'length', 'length']: UNSAT (0.067 seconds)
58.39/58.48	['concat', 'concat', 'length', 'substr']: UNSAT (2.046 seconds)
60.50/60.53	['concat', 'concat', 'length', 'add']: UNSAT (0.066 seconds)
60.50/60.59	['concat', 'concat', 'length', 'sub']: UNSAT (0.067 seconds)
60.59/60.66	['concat', 'concat', 'substr', 'substr']: SAT (1.499 seconds)
62.12/62.16	concat(substr(arg0, 0, 5), concat('-', substr(arg1, 0, 5)))
