0.10/0.20	=== Examples (../../dataset/examples/examples-90.json)
0.10/0.20	IO(inputs=('george',), output='George')
0.10/0.20	IO(inputs=('maebe',), output='Maebe')
0.10/0.20	=== Library
0.10/0.20	concat
0.10/0.20	index
0.10/0.20	length
0.10/0.20	substr
0.10/0.20	add
0.10/0.20	sub
0.10/0.20	=== Synthesis
0.10/0.20	['concat']: UNSAT (0.029 seconds)
0.10/0.23	['index']: UNSAT (0.029 seconds)
0.10/0.26	['length']: UNSAT (0.021 seconds)
0.25/0.28	['substr']: UNSAT (0.031 seconds)
0.25/0.32	['add']: UNSAT (0.025 seconds)
0.25/0.34	['sub']: UNSAT (0.025 seconds)
0.25/0.37	['concat', 'concat']: UNSAT (0.047 seconds)
0.35/0.42	['concat', 'index']: UNSAT (0.047 seconds)
0.35/0.46	['concat', 'length']: UNSAT (0.036 seconds)
0.45/0.50	['concat', 'substr']: UNSAT (0.140 seconds)
0.63/0.64	['concat', 'add']: UNSAT (0.033 seconds)
0.63/0.68	['concat', 'sub']: UNSAT (0.032 seconds)
0.69/0.71	['index', 'index']: UNSAT (0.041 seconds)
0.69/0.75	['index', 'length']: UNSAT (0.033 seconds)
0.69/0.79	['index', 'substr']: UNSAT (0.078 seconds)
0.79/0.86	['index', 'add']: UNSAT (0.060 seconds)
0.89/0.93	['index', 'sub']: UNSAT (0.069 seconds)
0.89/1.00	['length', 'length']: UNSAT (0.033 seconds)
0.89/1.03	['length', 'substr']: UNSAT (0.042 seconds)
1.01/1.07	['length', 'add']: UNSAT (0.033 seconds)
1.01/1.11	['length', 'sub']: UNSAT (0.032 seconds)
1.13/1.14	['substr', 'substr']: UNSAT (0.057 seconds)
1.19/1.20	['substr', 'add']: UNSAT (0.048 seconds)
1.19/1.25	['substr', 'sub']: UNSAT (0.048 seconds)
1.29/1.30	['add', 'add']: UNSAT (0.042 seconds)
1.29/1.34	['add', 'sub']: UNSAT (0.042 seconds)
1.29/1.38	['sub', 'sub']: UNSAT (0.041 seconds)
1.39/1.43	['concat', 'concat', 'concat']: UNSAT (0.111 seconds)
1.49/1.54	['concat', 'concat', 'index']: UNSAT (0.071 seconds)
1.59/1.61	['concat', 'concat', 'length']: UNSAT (0.045 seconds)
1.59/1.66	['concat', 'concat', 'substr']: UNSAT (2.420 seconds)
4.01/4.08	['concat', 'concat', 'add']: UNSAT (0.044 seconds)
4.01/4.12	['concat', 'concat', 'sub']: UNSAT (0.046 seconds)
4.13/4.17	['concat', 'index', 'index']: UNSAT (0.056 seconds)
4.18/4.23	['concat', 'index', 'length']: UNSAT (0.047 seconds)
4.18/4.28	['concat', 'index', 'substr']: UNSAT (0.656 seconds)
4.88/4.93	['concat', 'index', 'add']: UNSAT (0.049 seconds)
4.88/4.98	['concat', 'index', 'sub']: UNSAT (0.049 seconds)
5.00/5.03	['concat', 'length', 'length']: UNSAT (0.034 seconds)
5.00/5.07	['concat', 'length', 'substr']: UNSAT (0.304 seconds)
5.28/5.37	['concat', 'length', 'add']: UNSAT (0.038 seconds)
5.38/5.41	['concat', 'length', 'sub']: UNSAT (0.037 seconds)
5.38/5.45	['concat', 'substr', 'substr']: UNSAT (0.727 seconds)
6.13/6.18	['concat', 'substr', 'add']: UNSAT (0.204 seconds)
6.28/6.38	['concat', 'substr', 'sub']: UNSAT (0.211 seconds)
6.48/6.59	['concat', 'add', 'add']: UNSAT (0.044 seconds)
6.58/6.64	['concat', 'add', 'sub']: UNSAT (0.041 seconds)
6.58/6.68	['concat', 'sub', 'sub']: UNSAT (0.041 seconds)
6.68/6.72	['index', 'index', 'index']: UNSAT (0.060 seconds)
6.68/6.78	['index', 'index', 'length']: UNSAT (0.050 seconds)
6.78/6.84	['index', 'index', 'substr']: UNSAT (0.095 seconds)
6.88/6.93	['index', 'index', 'add']: UNSAT (0.058 seconds)
6.88/6.99	['index', 'index', 'sub']: UNSAT (0.054 seconds)
7.00/7.04	['index', 'length', 'length']: UNSAT (0.039 seconds)
7.00/7.08	['index', 'length', 'substr']: UNSAT (0.056 seconds)
7.13/7.14	['index', 'length', 'add']: UNSAT (0.043 seconds)
7.13/7.19	['index', 'length', 'sub']: UNSAT (0.042 seconds)
7.18/7.23	['index', 'substr', 'substr']: UNSAT (0.127 seconds)
7.28/7.36	['index', 'substr', 'add']: UNSAT (0.062 seconds)
7.38/7.42	['index', 'substr', 'sub']: UNSAT (0.061 seconds)
7.38/7.48	['index', 'add', 'add']: UNSAT (0.052 seconds)
7.48/7.53	['index', 'add', 'sub']: UNSAT (0.051 seconds)
7.48/7.59	['index', 'sub', 'sub']: UNSAT (0.052 seconds)
7.58/7.64	['length', 'length', 'length']: UNSAT (0.029 seconds)
7.58/7.67	['length', 'length', 'substr']: UNSAT (0.041 seconds)
7.68/7.71	['length', 'length', 'add']: UNSAT (0.032 seconds)
7.68/7.74	['length', 'length', 'sub']: UNSAT (0.031 seconds)
7.68/7.77	['length', 'substr', 'substr']: UNSAT (0.056 seconds)
7.78/7.83	['length', 'substr', 'add']: UNSAT (0.045 seconds)
7.78/7.88	['length', 'substr', 'sub']: UNSAT (0.047 seconds)
7.89/7.93	['length', 'add', 'add']: UNSAT (0.040 seconds)
7.89/7.97	['length', 'add', 'sub']: UNSAT (0.041 seconds)
7.89/8.01	['length', 'sub', 'sub']: UNSAT (0.042 seconds)
8.01/8.05	['substr', 'substr', 'substr']: UNSAT (0.072 seconds)
8.01/8.12	['substr', 'substr', 'add']: UNSAT (0.062 seconds)
8.13/8.19	['substr', 'substr', 'sub']: UNSAT (0.061 seconds)
8.19/8.25	['substr', 'add', 'add']: UNSAT (0.054 seconds)
8.29/8.30	['substr', 'add', 'sub']: UNSAT (0.054 seconds)
8.29/8.36	['substr', 'sub', 'sub']: UNSAT (0.057 seconds)
8.39/8.42	['add', 'add', 'add']: UNSAT (0.050 seconds)
8.39/8.47	['add', 'add', 'sub']: UNSAT (0.049 seconds)
8.49/8.52	['add', 'sub', 'sub']: UNSAT (0.048 seconds)
8.49/8.57	['sub', 'sub', 'sub']: UNSAT (0.049 seconds)
8.59/8.62	['concat', 'concat', 'concat', 'concat']: UNSAT (1.375 seconds)
9.88/9.99	['concat', 'concat', 'concat', 'index']: UNSAT (0.078 seconds)
10.00/10.07	['concat', 'concat', 'concat', 'length']: UNSAT (0.064 seconds)
10.13/10.14	['concat', 'concat', 'concat', 'substr']: UNKNOWN (159.488 seconds)
169.58/169.63	Reason: smt tactic failed to show goal to be sat/unsat max-conflicts-reached
169.58/169.63	Reason: smt tactic failed to show goal to be sat/unsat max-conflicts-reached
169.58/169.63	['concat', 'concat', 'concat', 'add']: UNSAT (0.068 seconds)
169.68/169.70	['concat', 'concat', 'concat', 'sub']: UNSAT (0.068 seconds)
169.68/169.77	['concat', 'concat', 'index', 'index']: UNSAT (0.081 seconds)
169.78/169.85	['concat', 'concat', 'index', 'length']: UNSAT (0.069 seconds)
169.88/169.92	['concat', 'concat', 'index', 'substr']: UNKNOWN (45.148 seconds)
215.00/215.07	Reason: smt tactic failed to show goal to be sat/unsat max-conflicts-reached
215.00/215.07	Reason: smt tactic failed to show goal to be sat/unsat max-conflicts-reached
215.00/215.07	['concat', 'concat', 'index', 'add']: UNSAT (0.069 seconds)
215.00/215.14	['concat', 'concat', 'index', 'sub']: UNSAT (0.069 seconds)
215.18/215.21	['concat', 'concat', 'length', 'length']: UNSAT (0.053 seconds)
215.18/215.26	['concat', 'concat', 'length', 'substr']: UNSAT (21.299 seconds)
236.48/236.56	['concat', 'concat', 'length', 'add']: UNSAT (0.052 seconds)
236.58/236.61	['concat', 'concat', 'length', 'sub']: UNSAT (0.053 seconds)
236.58/236.67	['concat', 'concat', 'substr', 'substr']: SAT (3.587 seconds)
240.18/240.26	concat(substr(concat(substr(arg0, 1, 6), '\\x00GM\\x00'), 6, 1), substr(arg0, 1, 6))
