0.12/0.20	=== Examples (../../dataset/examples/examples-53.json)
0.12/0.20	IO(inputs=(' this is the same as trim man...  ',), output='this is the same as trim man...')
0.12/0.20	IO(inputs=('  know your libraries',), output='know your libraries')
0.12/0.20	=== Library
0.12/0.20	concat
0.12/0.20	index
0.12/0.20	length
0.12/0.20	substr
0.12/0.20	add
0.12/0.20	sub
0.12/0.20	=== Synthesis
0.12/0.20	['concat']: UNSAT (0.030 seconds)
0.12/0.23	['index']: UNSAT (0.029 seconds)
0.12/0.26	['length']: UNSAT (0.022 seconds)
0.26/0.28	['substr']: UNSAT (0.039 seconds)
0.26/0.32	['add']: UNSAT (0.026 seconds)
0.26/0.35	['sub']: UNSAT (0.026 seconds)
0.35/0.38	['concat', 'concat']: UNSAT (0.051 seconds)
0.35/0.43	['concat', 'index']: UNSAT (0.050 seconds)
0.45/0.48	['concat', 'length']: UNSAT (0.038 seconds)
0.45/0.52	['concat', 'substr']: UNSAT (0.463 seconds)
0.88/0.98	['concat', 'add']: UNSAT (0.034 seconds)
0.88/1.02	['concat', 'sub']: UNSAT (0.034 seconds)
1.02/1.05	['index', 'index']: UNSAT (0.045 seconds)
1.02/1.10	['index', 'length']: UNSAT (0.033 seconds)
1.02/1.13	['index', 'substr']: 