0.11/0.22	=== Examples (../../dataset/examples/examples-72.json)
0.11/0.22	IO(inputs=('just use', 'trim '), output='just use trim')
0.11/0.22	IO(inputs=(" gudamit'", 'why you no use '), output="gudamit' why you no use")
0.11/0.22	=== Library
0.11/0.22	concat
0.11/0.22	index
0.11/0.22	length
0.11/0.22	substr
0.11/0.22	add
0.11/0.22	sub
0.11/0.22	=== Synthesis
0.11/0.22	['concat']: UNSAT (0.033 seconds)
0.11/0.25	['index']: UNSAT (0.025 seconds)
0.11/0.27	['length']: UNSAT (0.016 seconds)
0.25/0.29	['substr']: UNSAT (0.023 seconds)
0.25/0.32	['add']: UNSAT (0.018 seconds)
0.25/0.33	['sub']: UNSAT (0.018 seconds)
0.25/0.35	['concat', 'concat']: UNSAT (0.038 seconds)
0.35/0.39	['concat', 'index']: UNSAT (0.037 seconds)
0.35/0.43	['concat', 'length']: UNSAT (0.028 seconds)
0.35/0.46	['concat', 'substr']: UNSAT (0.038 seconds)
0.45/0.50	['concat', 'add']: UNSAT (0.028 seconds)
0.45/0.53	['concat', 'sub']: UNSAT (0.033 seconds)
0.45/0.56	['index', 'index']: UNSAT (0.040 seconds)
0.55/0.60	['index', 'length']: UNSAT (0.028 seconds)
0.55/0.63	['index', 'substr']: UNSAT (0.048 seconds)
0.63/0.68	['index', 'add']: UNSAT (0.034 seconds)
0.69/0.71	['index', 'sub']: UNSAT (0.034 seconds)
0.69/0.75	['length', 'length']: UNSAT (0.022 seconds)
0.69/0.77	['length', 'substr']: UNSAT (0.031 seconds)
0.79/0.80	['length', 'add']: UNSAT (0.025 seconds)
0.79/0.83	['length', 'sub']: UNSAT (0.025 seconds)
0.79/0.85	['substr', 'substr']: UNSAT (0.040 seconds)
0.79/0.90	['substr', 'add']: UNSAT (0.034 seconds)
0.89/0.93	['substr', 'sub']: UNSAT (0.034 seconds)
0.89/0.97	['add', 'add']: UNSAT (0.031 seconds)
0.89/1.00	['add', 'sub']: UNSAT (0.030 seconds)
0.89/1.03	['sub', 'sub']: UNSAT (0.030 seconds)
1.01/1.06	['concat', 'concat', 'concat']: UNSAT (0.130 seconds)
1.13/1.19	['concat', 'concat', 'index']: UNSAT (0.057 seconds)
1.19/1.25	['concat', 'concat', 'length']: UNSAT (0.047 seconds)
1.29/1.30	['concat', 'concat', 'substr']: UNSAT (1.299 seconds)
2.58/2.60	['concat', 'concat', 'add']: UNSAT (0.044 seconds)
2.58/2.64	['concat', 'concat', 'sub']: UNSAT (0.045 seconds)
2.58/2.69	['concat', 'index', 'index']: UNSAT (0.062 seconds)
2.69/2.75	['concat', 'index', 'length']: UNSAT (0.048 seconds)
2.79/2.80	['concat', 'index', 'substr']: UNSAT (0.094 seconds)
2.79/2.89	['concat', 'index', 'add']: UNSAT (0.049 seconds)
2.89/2.94	['concat', 'index', 'sub']: UNSAT (0.049 seconds)
2.89/2.99	['concat', 'length', 'length']: UNSAT (0.035 seconds)
2.89/3.03	['concat', 'length', 'substr']: UNSAT (0.066 seconds)
3.01/3.10	['concat', 'length', 'add']: UNSAT (0.038 seconds)
3.01/3.13	['concat', 'length', 'sub']: UNSAT (0.038 seconds)
3.13/3.17	['concat', 'substr', 'substr']: UNSAT (0.229 seconds)
3.39/3.40	['concat', 'substr', 'add']: UNSAT (0.059 seconds)
3.39/3.46	['concat', 'substr', 'sub']: UNSAT (0.054 seconds)
3.49/3.52	['concat', 'add', 'add']: UNSAT (0.061 seconds)
3.49/3.58	['concat', 'add', 'sub']: UNSAT (0.047 seconds)
3.59/3.63	['concat', 'sub', 'sub']: UNSAT (0.046 seconds)
3.59/3.67	['index', 'index', 'index']: UNSAT (0.081 seconds)
3.69/3.76	['index', 'index', 'length']: UNSAT (0.053 seconds)
3.79/3.81	['index', 'index', 'substr']: UNSAT (0.127 seconds)
3.89/3.94	['index', 'index', 'add']: UNSAT (0.059 seconds)
3.89/4.00	['index', 'index', 'sub']: UNSAT (0.055 seconds)
4.01/4.05	['index', 'length', 'length']: UNSAT (0.041 seconds)
4.01/4.09	['index', 'length', 'substr']: UNSAT (0.054 seconds)
4.13/4.15	['index', 'length', 'add']: UNSAT (0.045 seconds)
4.13/4.20	['index', 'length', 'sub']: UNSAT (0.045 seconds)
4.19/4.24	['index', 'substr', 'substr']: UNSAT (0.093 seconds)
4.29/4.34	['index', 'substr', 'add']: UNSAT (0.068 seconds)
4.39/4.40	['index', 'substr', 'sub']: UNSAT (0.061 seconds)
4.39/4.47	['index', 'add', 'add']: UNSAT (0.052 seconds)
4.49/4.52	['index', 'add', 'sub']: UNSAT (0.052 seconds)
4.49/4.57	['index', 'sub', 'sub']: UNSAT (0.051 seconds)
4.59/4.62	['length', 'length', 'length']: UNSAT (0.030 seconds)
4.59/4.65	['length', 'length', 'substr']: UNSAT (0.044 seconds)
4.69/4.70	['length', 'length', 'add']: UNSAT (0.033 seconds)
4.69/4.73	['length', 'length', 'sub']: UNSAT (0.038 seconds)
4.69/4.77	['length', 'substr', 'substr']: UNSAT (0.059 seconds)
4.79/4.83	['length', 'substr', 'add']: UNSAT (0.050 seconds)
4.79/4.88	['length', 'substr', 'sub']: UNSAT (0.047 seconds)
4.89/4.93	['length', 'add', 'add']: UNSAT (0.039 seconds)
4.89/4.97	['length', 'add', 'sub']: UNSAT (0.037 seconds)
4.89/5.01	['length', 'sub', 'sub']: UNSAT (0.037 seconds)
5.01/5.05	['substr', 'substr', 'substr']: UNSAT (0.065 seconds)
5.01/5.11	['substr', 'substr', 'add']: UNSAT (0.057 seconds)
5.13/5.17	['substr', 'substr', 'sub']: UNSAT (0.057 seconds)
5.19/5.23	['substr', 'add', 'add']: UNSAT (0.052 seconds)
5.19/5.28	['substr', 'add', 'sub']: UNSAT (0.052 seconds)
5.29/5.33	['substr', 'sub', 'sub']: UNSAT (0.051 seconds)
5.29/5.39	['add', 'add', 'add']: UNSAT (0.048 seconds)
5.39/5.43	['add', 'add', 'sub']: UNSAT (0.047 seconds)
5.39/5.48	['add', 'sub', 'sub']: UNSAT (0.046 seconds)
5.49/5.53	['sub', 'sub', 'sub']: UNSAT (0.050 seconds)
5.49/5.58	['concat', 'concat', 'concat', 'concat']: UNSAT (0.552 seconds)
6.01/6.13	['concat', 'concat', 'concat', 'index']: UNSAT (0.081 seconds)
6.19/6.21	['concat', 'concat', 'concat', 'length']: UNSAT (0.069 seconds)
6.19/6.28	['concat', 'concat', 'concat', 'substr']: UNKNOWN (76.152 seconds)
82.37/82.44	Reason: smt tactic failed to show goal to be sat/unsat max-conflicts-reached
82.37/82.44	Reason: smt tactic failed to show goal to be sat/unsat max-conflicts-reached
82.37/82.44	['concat', 'concat', 'concat', 'add']: UNSAT (0.068 seconds)
82.47/82.51	['concat', 'concat', 'concat', 'sub']: UNSAT (0.067 seconds)
82.47/82.57	['concat', 'concat', 'index', 'index']: UNSAT (0.085 seconds)
82.58/82.66	['concat', 'concat', 'index', 'length']: UNSAT (0.071 seconds)
82.68/82.73	['concat', 'concat', 'index', 'substr']: UNSAT (6.343 seconds)
89.00/89.07	['concat', 'concat', 'index', 'add']: UNSAT (0.070 seconds)
89.12/89.15	['concat', 'concat', 'index', 'sub']: UNSAT (0.070 seconds)
89.18/89.22	['concat', 'concat', 'length', 'length']: UNSAT (0.055 seconds)
89.18/89.27	['concat', 'concat', 'length', 'substr']: UNSAT (2.975 seconds)
92.18/92.25	['concat', 'concat', 'length', 'add']: UNSAT (0.055 seconds)
92.28/92.30	['concat', 'concat', 'length', 'sub']: UNSAT (0.056 seconds)
92.28/92.36	['concat', 'concat', 'substr', 'substr']: UNSAT (15.835 seconds)
108.12/108.20	['concat', 'concat', 'substr', 'add']: UNSAT (1.819 seconds)
109.87/110.02	['concat', 'concat', 'substr', 'sub']: UNSAT (1.851 seconds)
111.77/111.87	['concat', 'concat', 'add', 'add']: UNSAT (0.060 seconds)
111.87/111.93	['concat', 'concat', 'add', 'sub']: UNSAT (0.061 seconds)
111.87/111.99	['concat', 'concat', 'sub', 'sub']: UNSAT (0.060 seconds)
112.00/112.05	['concat', 'index', 'index', 'index']: UNSAT (0.083 seconds)
112.00/112.13	['concat', 'index', 'index', 'length']: UNSAT (0.071 seconds)
112.17/112.21	['concat', 'index', 'index', 'substr']: UNSAT (0.167 seconds)
112.27/112.38	['concat', 'index', 'index', 'add']: UNSAT (0.081 seconds)
112.37/112.46	['concat', 'index', 'index', 'sub']: UNSAT (0.078 seconds)
112.47/112.54	['concat', 'index', 'length', 'length']: UNSAT (0.062 seconds)
112.57/112.60	['concat', 'index', 'length', 'substr']: UNSAT (0.109 seconds)
112.67/112.71	['concat', 'index', 'length', 'add']: UNSAT (0.062 seconds)
112.67/112.77	['concat', 'index', 'length', 'sub']: UNSAT (0.062 seconds)
112.77/112.83	['concat', 'index', 'substr', 'substr']: UNSAT (0.541 seconds)
113.27/113.38	['concat', 'index', 'substr', 'add']: UNSAT (0.206 seconds)
113.47/113.58	['concat', 'index', 'substr', 'sub']: UNSAT (0.127 seconds)
113.67/113.71	['concat', 'index', 'add', 'add']: UNSAT (0.071 seconds)
113.67/113.78	['concat', 'index', 'add', 'sub']: UNSAT (0.068 seconds)
113.77/113.85	['concat', 'index', 'sub', 'sub']: UNSAT (0.068 seconds)
113.87/113.92	['concat', 'length', 'length', 'length']: UNSAT (0.046 seconds)
113.87/113.97	['concat', 'length', 'length', 'substr']: UNSAT (0.105 seconds)
114.00/114.07	['concat', 'length', 'length', 'add']: UNSAT (0.049 seconds)
114.00/114.12	['concat', 'length', 'length', 'sub']: UNSAT (0.047 seconds)
114.12/114.17	['concat', 'length', 'substr', 'substr']: UNSAT (0.445 seconds)
114.57/114.62	['concat', 'length', 'substr', 'add']: UNSAT (0.100 seconds)
114.67/114.72	['concat', 'length', 'substr', 'sub']: UNSAT (0.113 seconds)
114.77/114.83	['concat', 'length', 'add', 'add']: UNSAT (0.056 seconds)
114.77/114.89	['concat', 'length', 'add', 'sub']: UNSAT (0.054 seconds)
114.87/114.95	['concat', 'length', 'sub', 'sub']: UNSAT (0.055 seconds)
114.87/115.00	['concat', 'substr', 'substr', 'substr']: UNSAT (0.488 seconds)
115.37/115.49	['concat', 'substr', 'substr', 'add']: UNSAT (0.254 seconds)
115.67/115.75	['concat', 'substr', 'substr', 'sub']: UNSAT (0.238 seconds)
115.87/115.98	['concat', 'substr', 'add', 'add']: UNSAT (0.078 seconds)
115.99/116.06	['concat', 'substr', 'add', 'sub']: UNSAT (0.079 seconds)
116.11/116.14	['concat', 'substr', 'sub', 'sub']: UNSAT (0.080 seconds)
116.17/116.22	['concat', 'add', 'add', 'add']: UNSAT (0.065 seconds)
116.17/116.29	['concat', 'add', 'add', 'sub']: UNSAT (0.065 seconds)
116.27/116.36	['concat', 'add', 'sub', 'sub']: UNSAT (0.067 seconds)
116.37/116.42	['concat', 'sub', 'sub', 'sub']: UNSAT (0.069 seconds)
116.37/116.49	['index', 'index', 'index', 'index']: UNSAT (0.099 seconds)
116.47/116.59	['index', 'index', 'index', 'length']: UNSAT (0.078 seconds)
116.57/116.67	['index', 'index', 'index', 'substr']: UNSAT (0.103 seconds)
116.67/116.78	['index', 'index', 'index', 'add']: UNSAT (0.082 seconds)
116.77/116.86	['index', 'index', 'index', 'sub']: UNSAT (0.086 seconds)
116.87/116.95	['index', 'index', 'length', 'length']: UNSAT (0.065 seconds)
116.87/117.01	['index', 'index', 'length', 'substr']: UNSAT (0.144 seconds)
117.11/117.16	['index', 'index', 'length', 'add']: UNSAT (0.071 seconds)
117.17/117.23	['index', 'index', 'length', 'sub']: UNSAT (0.068 seconds)
117.27/117.30	['index', 'index', 'substr', 'substr']: UNSAT (0.120 seconds)
117.37/117.42	['index', 'index', 'substr', 'add']: UNSAT (0.101 seconds)
117.47/117.52	['index', 'index', 'substr', 'sub']: UNSAT (0.102 seconds)
117.57/117.62	['index', 'index', 'add', 'add']: UNSAT (0.076 seconds)
117.67/117.70	['index', 'index', 'add', 'sub']: UNSAT (0.077 seconds)
117.67/117.78	['index', 'index', 'sub', 'sub']: UNSAT (0.079 seconds)
117.77/117.86	['index', 'length', 'length', 'length']: UNSAT (0.050 seconds)
117.87/117.91	['index', 'length', 'length', 'substr']: UNSAT (0.092 seconds)
117.87/118.00	['index', 'length', 'length', 'add']: UNSAT (0.053 seconds)
117.99/118.06	['index', 'length', 'length', 'sub']: UNSAT (0.052 seconds)
117.99/118.11	['index', 'length', 'substr', 'substr']: UNSAT (0.102 seconds)
118.17/118.21	['index', 'length', 'substr', 'add']: UNSAT (0.085 seconds)
118.27/118.30	['index', 'length', 'substr', 'sub']: UNSAT (0.087 seconds)
118.27/118.39	['index', 'length', 'add', 'add']: UNSAT (0.065 seconds)
118.37/118.45	['index', 'length', 'add', 'sub']: UNSAT (0.068 seconds)
118.47/118.52	['index', 'length', 'sub', 'sub']: UNSAT (0.069 seconds)
118.47/118.59	['index', 'substr', 'substr', 'substr']: UNSAT (0.366 seconds)
118.87/118.96	['index', 'substr', 'substr', 'add']: UNSAT (0.143 seconds)
118.99/119.10	['index', 'substr', 'substr', 'sub']: UNSAT (0.138 seconds)
119.17/119.24	['index', 'substr', 'add', 'add']: UNSAT (0.100 seconds)
119.27/119.34	['index', 'substr', 'add', 'sub']: UNSAT (0.099 seconds)
119.37/119.44	['index', 'substr', 'sub', 'sub']: UNSAT (0.101 seconds)
119.47/119.54	['index', 'add', 'add', 'add']: UNSAT (0.079 seconds)
119.57/119.62	['index', 'add', 'add', 'sub']: UNSAT (0.078 seconds)
119.67/119.70	['index', 'add', 'sub', 'sub']: UNSAT (0.076 seconds)
119.67/119.78	['index', 'sub', 'sub', 'sub']: UNSAT (0.079 seconds)
119.77/119.86	['length', 'length', 'length', 'length']: UNSAT (0.039 seconds)
119.87/119.90	['length', 'length', 'length', 'substr']: UNSAT (0.052 seconds)
119.87/119.95	['length', 'length', 'length', 'add']: UNSAT (0.042 seconds)
119.87/119.99	['length', 'length', 'length', 'sub']: UNSAT (0.041 seconds)
119.87/120.04	['length', 'length', 'substr', 'substr']: UNSAT (0.120 seconds)
120.11/120.16	['length', 'length', 'substr', 'add']: UNSAT (0.061 seconds)
120.17/120.22	['length', 'length', 'substr', 'sub']: UNSAT (0.067 seconds)
120.17/120.29	['length', 'length', 'add', 'add']: UNSAT (0.051 seconds)
120.27/120.34	['length', 'length', 'add', 'sub']: UNSAT (0.048 seconds)
120.27/120.39	['length', 'length', 'sub', 'sub']: UNSAT (0.051 seconds)
120.37/120.44	['length', 'substr', 'substr', 'substr']: UNSAT (0.118 seconds)
120.47/120.56	['length', 'substr', 'substr', 'add']: UNSAT (0.093 seconds)
120.57/120.65	['length', 'substr', 'substr', 'sub']: UNSAT (0.090 seconds)
120.67/120.74	['length', 'substr', 'add', 'add']: UNSAT (0.066 seconds)
120.77/120.81	['length', 'substr', 'add', 'sub']: UNSAT (0.065 seconds)
120.77/120.88	['length', 'substr', 'sub', 'sub']: UNSAT (0.068 seconds)
120.87/120.95	['length', 'add', 'add', 'add']: UNSAT (0.060 seconds)
120.87/121.01	['length', 'add', 'add', 'sub']: UNSAT (0.057 seconds)
120.99/121.06	['length', 'add', 'sub', 'sub']: UNSAT (0.057 seconds)
120.99/121.12	['length', 'sub', 'sub', 'sub']: UNSAT (0.056 seconds)
121.11/121.18	['substr', 'substr', 'substr', 'substr']: UNSAT (0.105 seconds)
121.17/121.29	['substr', 'substr', 'substr', 'add']: UNSAT (0.088 seconds)
121.27/121.37	['substr', 'substr', 'substr', 'sub']: UNSAT (0.089 seconds)
121.37/121.46	['substr', 'substr', 'add', 'add']: UNSAT (0.087 seconds)
121.47/121.55	['substr', 'substr', 'add', 'sub']: UNSAT (0.089 seconds)
121.57/121.64	['substr', 'substr', 'sub', 'sub']: UNSAT (0.083 seconds)
121.67/121.73	['substr', 'add', 'add', 'add']: UNSAT (0.075 seconds)
121.77/121.80	['substr', 'add', 'add', 'sub']: UNSAT (0.072 seconds)
121.77/121.88	['substr', 'add', 'sub', 'sub']: UNSAT (0.074 seconds)
121.87/121.95	['substr', 'sub', 'sub', 'sub']: UNSAT (0.073 seconds)
121.87/122.02	['add', 'add', 'add', 'add']: UNSAT (0.070 seconds)
121.99/122.10	['add', 'add', 'add', 'sub']: UNSAT (0.069 seconds)
122.11/122.17	['add', 'add', 'sub', 'sub']: UNSAT (0.069 seconds)
122.17/122.24	['add', 'sub', 'sub', 'sub']: UNSAT (0.069 seconds)
122.27/122.31	['sub', 'sub', 'sub', 'sub']: UNSAT (0.069 seconds)
122.27/122.38	['concat', 'concat', 'concat', 'concat', 'concat']: UNSAT (9.321 seconds)
131.67/131.70	['concat', 'concat', 'concat', 'concat', 'index']: UNSAT (0.112 seconds)
131.77/131.81	['concat', 'concat', 'concat', 'concat', 'length']: UNSAT (0.095 seconds)
131.87/131.91	['concat', 'concat', 'concat', 'concat', 'substr']: UNKNOWN (117.893 seconds)
249.77/249.80	Reason: smt tactic failed to show goal to be sat/unsat max-conflicts-reached
249.77/249.80	Reason: smt tactic failed to show goal to be sat/unsat max-conflicts-reached
249.77/249.80	['concat', 'concat', 'concat', 'concat', 'add']: UNSAT (0.094 seconds)
249.87/249.90	['concat', 'concat', 'concat', 'concat', 'sub']: UNSAT (0.092 seconds)
249.87/249.99	['concat', 'concat', 'concat', 'index', 'index']: UNSAT (0.112 seconds)
249.99/250.10	['concat', 'concat', 'concat', 'index', 'length']: UNSAT (0.094 seconds)
250.17/250.20	['concat', 'concat', 'concat', 'index', 'substr']: UNKNOWN (86.023 seconds)
336.17/336.22	Reason: smt tactic failed to show goal to be sat/unsat max-conflicts-reached
336.17/336.22	Reason: smt tactic failed to show goal to be sat/unsat max-conflicts-reached
336.17/336.22	['concat', 'concat', 'concat', 'index', 'add']: UNSAT (0.095 seconds)
336.27/336.32	['concat', 'concat', 'concat', 'index', 'sub']: UNSAT (0.094 seconds)
336.37/336.41	['concat', 'concat', 'concat', 'length', 'length']: UNSAT (0.079 seconds)
336.37/336.49	['concat', 'concat', 'concat', 'length', 'substr']: UNKNOWN (76.415 seconds)
412.86/412.91	Reason: smt tactic failed to show goal to be sat/unsat max-conflicts-reached
412.86/412.91	Reason: smt tactic failed to show goal to be sat/unsat max-conflicts-reached
412.86/412.91	['concat', 'concat', 'concat', 'length', 'add']: UNSAT (0.079 seconds)
412.86/412.99	['concat', 'concat', 'concat', 'length', 'sub']: UNSAT (0.079 seconds)
412.98/413.07	['concat', 'concat', 'concat', 'substr', 'substr']: UNKNOWN (87.059 seconds)
499.99/500.13	Reason: smt tactic failed to show goal to be sat/unsat max-conflicts-reached
499.99/500.13	Reason: smt tactic failed to show goal to be sat/unsat max-conflicts-reached
499.99/500.13	['concat', 'concat', 'concat', 'substr', 'add']: UNKNOWN (58.411 seconds)
558.46/558.54	Reason: smt tactic failed to show goal to be sat/unsat max-conflicts-reached
558.46/558.54	Reason: smt tactic failed to show goal to be sat/unsat max-conflicts-reached
558.46/558.54	['concat', 'concat', 'concat', 'substr', 'sub']: 