0.12/0.20	=== Examples (../../dataset/examples/examples-41.json)
0.12/0.20	IO(inputs=('who knows  ',), output='Prefix who knows')
0.12/0.20	IO(inputs=("  we'll see",), output="Prefix we'll see")
0.12/0.20	=== Library
0.12/0.20	concat
0.12/0.20	index
0.12/0.20	length
0.12/0.20	substr
0.12/0.20	add
0.12/0.20	sub
0.12/0.20	=== Synthesis
0.12/0.20	['concat']: UNSAT (0.028 seconds)
0.12/0.23	['index']: UNSAT (0.028 seconds)
0.12/0.25	['length']: UNSAT (0.022 seconds)
0.26/0.28	['substr']: UNSAT (0.030 seconds)
0.26/0.31	['add']: UNSAT (0.024 seconds)
0.26/0.33	['sub']: UNSAT (0.024 seconds)
0.26/0.36	['concat', 'concat']: UNSAT (0.102 seconds)
0.35/0.46	['concat', 'index']: UNSAT (0.047 seconds)
0.45/0.51	['concat', 'length']: UNSAT (0.036 seconds)
0.45/0.55	['concat', 'substr']: UNSAT (0.119 seconds)
0.63/0.67	['concat', 'add']: UNSAT (0.027 seconds)
0.63/0.69	['concat', 'sub']: UNSAT (0.027 seconds)
0.68/0.72	['index', 'index']: UNSAT (0.038 seconds)
0.68/0.76	['index', 'length']: UNSAT (0.029 seconds)
0.68/0.79	['index', 'substr']: UNSAT (0.046 seconds)
0.78/0.84	['index', 'add']: UNSAT (0.035 seconds)
0.78/0.87	['index', 'sub']: UNSAT (0.035 seconds)
0.88/0.91	['length', 'length']: UNSAT (0.020 seconds)
0.88/0.93	['length', 'substr']: UNSAT (0.030 seconds)
0.88/0.96	['length', 'add']: UNSAT (0.025 seconds)
0.88/0.98	['length', 'sub']: UNSAT (0.025 seconds)
0.88/1.01	['substr', 'substr']: UNSAT (0.044 seconds)
1.02/1.05	['substr', 'add']: UNSAT (0.034 seconds)
1.02/1.09	['substr', 'sub']: UNSAT (0.039 seconds)
1.02/1.13	['add', 'add']: UNSAT (0.033 seconds)
1.12/1.16	['add', 'sub']: UNSAT (0.033 seconds)
1.18/1.20	['sub', 'sub']: UNSAT (0.029 seconds)
1.18/1.23	['concat', 'concat', 'concat']: UNSAT (3.904 seconds)
5.02/5.13	['concat', 'concat', 'index']: UNSAT (0.055 seconds)
5.12/5.19	['concat', 'concat', 'length']: UNSAT (0.042 seconds)
5.18/5.23	['concat', 'concat', 'substr']: UNSAT (6.270 seconds)
11.49/11.50	['concat', 'concat', 'add']: UNSAT (0.044 seconds)
11.49/11.55	['concat', 'concat', 'sub']: UNSAT (0.043 seconds)
11.49/11.59	['concat', 'index', 'index']: UNSAT (0.054 seconds)
11.59/11.64	['concat', 'index', 'length']: UNSAT (0.042 seconds)
11.59/11.69	['concat', 'index', 'substr']: UNSAT (0.191 seconds)
11.79/11.88	['concat', 'index', 'add']: UNSAT (0.050 seconds)
11.89/11.93	['concat', 'index', 'sub']: UNSAT (0.049 seconds)
11.89/11.98	['concat', 'length', 'length']: UNSAT (0.035 seconds)
11.89/12.02	['concat', 'length', 'substr']: UNSAT (0.155 seconds)
12.13/12.17	['concat', 'length', 'add']: UNSAT (0.039 seconds)
12.19/12.21	['concat', 'length', 'sub']: UNSAT (0.038 seconds)
12.19/12.25	['concat', 'substr', 'substr']: UNSAT (0.533 seconds)
12.69/12.78	['concat', 'substr', 'add']: UNSAT (0.128 seconds)
12.89/12.91	['concat', 'substr', 'sub']: UNSAT (0.139 seconds)
13.02/13.05	['concat', 'add', 'add']: UNSAT (0.046 seconds)
13.02/13.10	['concat', 'add', 'sub']: UNSAT (0.047 seconds)
13.12/13.15	['concat', 'sub', 'sub']: UNSAT (0.045 seconds)
13.12/13.19	['index', 'index', 'index']: UNSAT (0.063 seconds)
13.19/13.26	['index', 'index', 'length']: UNSAT (0.050 seconds)
13.29/13.31	['index', 'index', 'substr']: UNSAT (0.068 seconds)
13.29/13.38	['index', 'index', 'add']: UNSAT (0.051 seconds)
13.39/13.43	['index', 'index', 'sub']: UNSAT (0.051 seconds)
13.39/13.48	['index', 'length', 'length']: UNSAT (0.040 seconds)
13.49/13.52	['index', 'length', 'substr']: UNSAT (0.057 seconds)
13.49/13.58	['index', 'length', 'add']: UNSAT (0.046 seconds)
13.59/13.63	['index', 'length', 'sub']: UNSAT (0.044 seconds)
13.59/13.67	['index', 'substr', 'substr']: UNSAT (0.081 seconds)
13.69/13.75	['index', 'substr', 'add']: UNSAT (0.063 seconds)
13.79/13.82	['index', 'substr', 'sub']: UNSAT (0.064 seconds)
13.79/13.88	['index', 'add', 'add']: UNSAT (0.049 seconds)
13.89/13.93	['index', 'add', 'sub']: UNSAT (0.052 seconds)
13.89/13.98	['index', 'sub', 'sub']: UNSAT (0.052 seconds)
14.02/14.04	['length', 'length', 'length']: UNSAT (0.027 seconds)
14.02/14.06	['length', 'length', 'substr']: UNSAT (0.047 seconds)
14.02/14.11	['length', 'length', 'add']: UNSAT (0.033 seconds)
14.13/14.14	['length', 'length', 'sub']: UNSAT (0.035 seconds)
14.13/14.18	['length', 'substr', 'substr']: UNSAT (0.062 seconds)
14.19/14.24	['length', 'substr', 'add']: UNSAT (0.049 seconds)
14.19/14.29	['length', 'substr', 'sub']: UNSAT (0.049 seconds)
14.29/14.34	['length', 'add', 'add']: UNSAT (0.039 seconds)
14.29/14.38	['length', 'add', 'sub']: UNSAT (0.040 seconds)
14.39/14.42	['length', 'sub', 'sub']: UNSAT (0.038 seconds)
14.39/14.46	['substr', 'substr', 'substr']: UNSAT (0.077 seconds)
14.49/14.54	['substr', 'substr', 'add']: UNSAT (0.065 seconds)
14.59/14.61	['substr', 'substr', 'sub']: UNSAT (0.060 seconds)
14.59/14.67	['substr', 'add', 'add']: UNSAT (0.055 seconds)
14.69/14.72	['substr', 'add', 'sub']: UNSAT (0.055 seconds)
14.69/14.78	['substr', 'sub', 'sub']: UNSAT (0.053 seconds)
14.79/14.83	['add', 'add', 'add']: UNSAT (0.048 seconds)
14.79/14.88	['add', 'add', 'sub']: UNSAT (0.049 seconds)
14.89/14.93	['add', 'sub', 'sub']: UNSAT (0.049 seconds)
14.89/14.98	['sub', 'sub', 'sub']: UNSAT (0.048 seconds)
14.89/15.03	['concat', 'concat', 'concat', 'concat']: UNKNOWN (348.800 seconds)
363.77/363.83	Reason: smt tactic failed to show goal to be sat/unsat max-conflicts-reached
363.77/363.83	Reason: smt tactic failed to show goal to be sat/unsat max-conflicts-reached
363.77/363.83	['concat', 'concat', 'concat', 'index']: UNSAT (0.083 seconds)
363.87/363.92	['concat', 'concat', 'concat', 'length']: UNSAT (0.067 seconds)
363.87/363.98	['concat', 'concat', 'concat', 'substr']: UNKNOWN (103.372 seconds)
467.27/467.36	Reason: smt tactic failed to show goal to be sat/unsat max-conflicts-reached
467.27/467.36	Reason: smt tactic failed to show goal to be sat/unsat max-conflicts-reached
467.27/467.36	['concat', 'concat', 'concat', 'add']: UNSAT (0.066 seconds)
467.37/467.42	['concat', 'concat', 'concat', 'sub']: UNSAT (0.065 seconds)
467.37/467.49	['concat', 'concat', 'index', 'index']: UNSAT (0.084 seconds)
467.47/467.57	['concat', 'concat', 'index', 'length']: UNSAT (0.072 seconds)
467.57/467.65	['concat', 'concat', 'index', 'substr']: UNSAT (41.504 seconds)
509.11/509.15	['concat', 'concat', 'index', 'add']: UNSAT (0.074 seconds)
509.17/509.23	['concat', 'concat', 'index', 'sub']: UNSAT (0.074 seconds)
509.27/509.30	['concat', 'concat', 'length', 'length']: UNSAT (0.058 seconds)
509.27/509.36	['concat', 'concat', 'length', 'substr']: UNSAT (11.093 seconds)
520.37/520.45	['concat', 'concat', 'length', 'add']: UNSAT (0.055 seconds)
520.46/520.51	['concat', 'concat', 'length', 'sub']: UNSAT (0.060 seconds)
520.46/520.57	['concat', 'concat', 'substr', 'substr']: UNKNOWN (64.278 seconds)
584.77/584.85	Reason: smt tactic failed to show goal to be sat/unsat max-conflicts-reached
584.77/584.85	Reason: smt tactic failed to show goal to be sat/unsat max-conflicts-reached
584.77/584.85	['concat', 'concat', 'substr', 'add']: UNSAT (8.801 seconds)
593.57/593.65	['concat', 'concat', 'substr', 'sub']: 