0.10/0.20	=== Examples (../../dataset/examples/examples-82.json)
0.10/0.20	IO(inputs=('take last three', 'and add this'), output='ree and add this')
0.10/0.20	IO(inputs=('ueueueueueu', 'xyz'), output='ueu xyz')
0.10/0.20	=== Library
0.10/0.20	concat
0.10/0.20	index
0.10/0.20	length
0.10/0.20	substr
0.10/0.20	add
0.10/0.20	sub
0.10/0.20	=== Synthesis
0.10/0.20	['concat']: UNSAT (0.032 seconds)
0.10/0.23	['index']: UNSAT (0.034 seconds)
0.10/0.27	['length']: UNSAT (0.023 seconds)
0.10/0.29	['substr']: UNSAT (0.033 seconds)
0.27/0.33	['add']: UNSAT (0.027 seconds)
0.27/0.35	['sub']: UNSAT (0.027 seconds)
0.35/0.38	['concat', 'concat']: UNSAT (0.053 seconds)
0.35/0.44	['concat', 'index']: UNSAT (0.054 seconds)
0.43/0.49	['concat', 'length']: UNSAT (0.039 seconds)
0.43/0.53	['concat', 'substr']: UNSAT (0.089 seconds)
0.53/0.62	['concat', 'add']: UNSAT (0.039 seconds)
0.62/0.66	['concat', 'sub']: UNSAT (0.038 seconds)
0.68/0.70	['index', 'index']: UNSAT (0.049 seconds)
0.68/0.75	['index', 'length']: UNSAT (0.036 seconds)
0.68/0.79	['index', 'substr']: UNSAT (0.054 seconds)
0.78/0.84	['index', 'add']: UNSAT (0.043 seconds)
0.78/0.89	['index', 'sub']: UNSAT (0.045 seconds)
0.88/0.93	['length', 'length']: UNSAT (0.028 seconds)
0.88/0.96	['length', 'substr']: UNSAT (0.041 seconds)
0.88/1.00	['length', 'add']: UNSAT (0.031 seconds)
0.88/1.03	['length', 'sub']: UNSAT (0.031 seconds)
1.00/1.07	['substr', 'substr']: UNSAT (0.050 seconds)
1.00/1.12	['substr', 'add']: UNSAT (0.042 seconds)
1.13/1.16	['substr', 'sub']: UNSAT (0.044 seconds)
1.18/1.21	['add', 'add']: UNSAT (0.042 seconds)
1.18/1.25	['add', 'sub']: UNSAT (0.041 seconds)
1.18/1.29	['sub', 'sub']: UNSAT (0.039 seconds)
1.28/1.33	['concat', 'concat', 'concat']: UNSAT (0.116 seconds)
1.38/1.45	['concat', 'concat', 'index']: UNSAT (0.069 seconds)
1.48/1.52	['concat', 'concat', 'length']: UNSAT (0.053 seconds)
1.48/1.57	['concat', 'concat', 'substr']: SAT (1.332 seconds)
2.89/2.91	concat(substr(concat(arg0, ' ueu '), 12, 4), arg1)
