0.11/0.20	=== Examples (../../dataset/examples/examples-24.json)
0.11/0.20	IO(inputs=('Nulla sapien nisi, auctor sed.',), output='Nulla sapien nisi, auctor sed....')
0.11/0.20	IO(inputs=('Nunc sed magna in ante congue feugiat nullam.',), output='Nunc sed magna in ante congue feugiat nu...')
0.11/0.20	=== Library
0.11/0.20	concat
0.11/0.20	index
0.11/0.20	length
0.11/0.20	substr
0.11/0.20	add
0.11/0.20	sub
0.11/0.20	=== Synthesis
0.11/0.20	['concat']: UNSAT (0.029 seconds)
0.11/0.23	['index']: UNSAT (0.028 seconds)
0.11/0.26	['length']: UNSAT (0.021 seconds)
0.25/0.28	['substr']: UNSAT (0.031 seconds)
0.25/0.31	['add']: UNSAT (0.024 seconds)
0.25/0.34	['sub']: UNSAT (0.024 seconds)
0.25/0.36	['concat', 'concat']: UNSAT (0.050 seconds)
0.35/0.41	['concat', 'index']: UNSAT (0.047 seconds)
0.35/0.46	['concat', 'length']: UNSAT (0.035 seconds)
0.45/0.50	['concat', 'substr']: SAT (0.286 seconds)
0.69/0.78	concat(substr(arg0, 0, 40), '...')
