0.11/0.24	=== Examples (../../dataset/examples/examples-83.json)
0.11/0.24	IO(inputs=('george', 'conchichina xy'), output='george At:conchichina')
0.11/0.24	IO(inputs=('maebe', 'terra de sao nunca a tarde ab'), output='maebe At:terra de sao nunca a tarde')
0.11/0.24	=== Library
0.11/0.24	concat
0.11/0.24	index
0.11/0.24	length
0.11/0.24	substr
0.11/0.24	add
0.11/0.24	sub
0.11/0.24	=== Synthesis
0.11/0.24	['concat']: UNSAT (0.033 seconds)
0.11/0.27	['index']: UNSAT (0.031 seconds)
0.11/0.30	['length']: UNSAT (0.022 seconds)
0.28/0.33	['substr']: UNSAT (0.032 seconds)
0.33/0.36	['add']: UNSAT (0.026 seconds)
0.33/0.39	['sub']: UNSAT (0.026 seconds)
0.33/0.41	['concat', 'concat']: UNSAT (0.054 seconds)
0.33/0.47	['concat', 'index']: UNSAT (0.052 seconds)
0.45/0.52	['concat', 'length']: UNSAT (0.039 seconds)
0.45/0.56	['concat', 'substr']: UNSAT (0.054 seconds)
0.56/0.62	['concat', 'add']: UNSAT (0.042 seconds)
0.62/0.66	['concat', 'sub']: UNSAT (0.042 seconds)
0.69/0.70	['index', 'index']: UNSAT (0.056 seconds)
0.69/0.76	['index', 'length']: UNSAT (0.035 seconds)
0.79/0.80	['index', 'substr']: UNSAT (0.048 seconds)
0.79/0.85	['index', 'add']: UNSAT (0.039 seconds)
0.79/0.89	['index', 'sub']: UNSAT (0.039 seconds)
0.89/0.93	['length', 'length']: UNSAT (0.024 seconds)
0.89/0.95	['length', 'substr']: UNSAT (0.036 seconds)
0.89/0.99	['length', 'add']: UNSAT (0.028 seconds)
0.89/1.02	['length', 'sub']: UNSAT (0.028 seconds)
0.89/1.05	['substr', 'substr']: UNSAT (0.046 seconds)
1.01/1.09	['substr', 'add']: UNSAT (0.039 seconds)
1.01/1.13	['substr', 'sub']: UNSAT (0.039 seconds)
1.16/1.17	['add', 'add']: UNSAT (0.035 seconds)
1.19/1.21	['add', 'sub']: UNSAT (0.037 seconds)
1.19/1.25	['sub', 'sub']: UNSAT (0.036 seconds)
1.19/1.28	['concat', 'concat', 'concat']: UNSAT (0.723 seconds)
1.88/2.01	['concat', 'concat', 'index']: UNSAT (0.063 seconds)
1.88/2.07	['concat', 'concat', 'length']: UNSAT (0.049 seconds)
2.00/2.12	['concat', 'concat', 'substr']: UNSAT (2.469 seconds)
4.51/4.59	['concat', 'concat', 'add']: UNSAT (0.050 seconds)
4.59/4.64	['concat', 'concat', 'sub']: UNSAT (0.051 seconds)
4.59/4.69	['concat', 'index', 'index']: UNSAT (0.066 seconds)
4.69/4.76	['concat', 'index', 'length']: UNSAT (0.052 seconds)
4.79/4.81	['concat', 'index', 'substr']: UNSAT (0.247 seconds)
4.89/5.06	['concat', 'index', 'add']: UNSAT (0.058 seconds)
5.01/5.12	['concat', 'index', 'sub']: UNSAT (0.056 seconds)
5.17/5.18	['concat', 'length', 'length']: UNSAT (0.040 seconds)
5.19/5.22	['concat', 'length', 'substr']: UNSAT (0.074 seconds)
5.19/5.29	['concat', 'length', 'add']: UNSAT (0.044 seconds)
5.29/5.34	['concat', 'length', 'sub']: UNSAT (0.044 seconds)
5.29/5.38	['concat', 'substr', 'substr']: UNSAT (0.091 seconds)
5.39/5.48	['concat', 'substr', 'add']: UNSAT (0.062 seconds)
5.51/5.54	['concat', 'substr', 'sub']: UNSAT (0.060 seconds)
5.59/5.60	['concat', 'add', 'add']: UNSAT (0.049 seconds)
5.59/5.65	['concat', 'add', 'sub']: UNSAT (0.050 seconds)
5.69/5.70	['concat', 'sub', 'sub']: UNSAT (0.050 seconds)
5.69/5.75	['index', 'index', 'index']: UNSAT (0.071 seconds)
5.79/5.83	['index', 'index', 'length']: UNSAT (0.056 seconds)
5.79/5.88	['index', 'index', 'substr']: UNSAT (0.125 seconds)
5.89/6.01	['index', 'index', 'add']: UNSAT (0.065 seconds)
6.01/6.08	['index', 'index', 'sub']: UNSAT (0.063 seconds)
6.01/6.14	['index', 'length', 'length']: UNSAT (0.043 seconds)
6.17/6.18	['index', 'length', 'substr']: UNSAT (0.063 seconds)
6.19/6.25	['index', 'length', 'add']: UNSAT (0.049 seconds)
6.29/6.30	['index', 'length', 'sub']: UNSAT (0.050 seconds)
6.29/6.35	['index', 'substr', 'substr']: UNSAT (0.110 seconds)
6.39/6.46	['index', 'substr', 'add']: UNSAT (0.073 seconds)
6.50/6.53	['index', 'substr', 'sub']: UNSAT (0.071 seconds)
6.59/6.61	['index', 'add', 'add']: UNSAT (0.058 seconds)
6.59/6.66	['index', 'add', 'sub']: UNSAT (0.058 seconds)
6.69/6.72	['index', 'sub', 'sub']: UNSAT (0.059 seconds)
6.69/6.78	['length', 'length', 'length']: UNSAT (0.033 seconds)
6.79/6.82	['length', 'length', 'substr']: UNSAT (0.047 seconds)
6.79/6.87	['length', 'length', 'add']: UNSAT (0.036 seconds)
6.89/6.90	['length', 'length', 'sub']: UNSAT (0.037 seconds)
6.89/6.94	['length', 'substr', 'substr']: UNSAT (0.063 seconds)
6.89/7.00	['length', 'substr', 'add']: UNSAT (0.053 seconds)
6.89/7.06	['length', 'substr', 'sub']: UNSAT (0.052 seconds)
7.01/7.11	['length', 'add', 'add']: UNSAT (0.044 seconds)
7.01/7.16	['length', 'add', 'sub']: UNSAT (0.043 seconds)
7.19/7.20	['length', 'sub', 'sub']: UNSAT (0.043 seconds)
7.19/7.24	['substr', 'substr', 'substr']: UNSAT (0.074 seconds)
7.29/7.32	['substr', 'substr', 'add']: UNSAT (0.067 seconds)
7.29/7.39	['substr', 'substr', 'sub']: UNSAT (0.066 seconds)
7.39/7.45	['substr', 'add', 'add']: UNSAT (0.059 seconds)
7.50/7.51	['substr', 'add', 'sub']: UNSAT (0.058 seconds)
7.50/7.57	['substr', 'sub', 'sub']: UNSAT (0.057 seconds)
7.59/7.63	['add', 'add', 'add']: UNSAT (0.054 seconds)
7.59/7.69	['add', 'add', 'sub']: UNSAT (0.054 seconds)
7.69/7.74	['add', 'sub', 'sub']: UNSAT (0.054 seconds)
7.69/7.80	['sub', 'sub', 'sub']: UNSAT (0.053 seconds)
7.79/7.85	['concat', 'concat', 'concat', 'concat']: UNKNOWN (160.004 seconds)
167.78/167.86	Reason: smt tactic failed to show goal to be sat/unsat max-conflicts-reached
167.78/167.86	Reason: smt tactic failed to show goal to be sat/unsat max-conflicts-reached
167.78/167.86	['concat', 'concat', 'concat', 'index']: UNSAT (0.165 seconds)
167.88/168.02	['concat', 'concat', 'concat', 'length']: UNSAT (0.093 seconds)
168.00/168.12	['concat', 'concat', 'concat', 'substr']: UNKNOWN (91.358 seconds)
259.38/259.48	Reason: smt tactic failed to show goal to be sat/unsat max-conflicts-reached
259.38/259.48	Reason: smt tactic failed to show goal to be sat/unsat max-conflicts-reached
259.38/259.48	['concat', 'concat', 'concat', 'add']: UNSAT (0.080 seconds)
259.50/259.56	['concat', 'concat', 'concat', 'sub']: UNSAT (0.077 seconds)
259.58/259.64	['concat', 'concat', 'index', 'index']: UNSAT (0.099 seconds)
259.68/259.74	['concat', 'concat', 'index', 'length']: UNSAT (0.085 seconds)
259.78/259.82	['concat', 'concat', 'index', 'substr']: 