0.00/0.20	=== Examples (../../dataset/examples/examples-01.json)
0.00/0.20	IO(inputs=('Hello World',), output='Hello&nbsp;World')
0.00/0.20	IO(inputs=('Indicates the (zero-based) index where the search starts.',), output='Indicates&nbsp;the&nbsp;(zero-based)&nbsp;index&nbsp;where&nbsp;the&nbsp;search&nbsp;starts.')
0.00/0.20	=== Library
0.00/0.20	concat
0.00/0.20	index
0.00/0.20	length
0.00/0.20	substr
0.00/0.20	add
0.00/0.20	sub
0.00/0.20	=== Synthesis
0.00/0.20	['concat']: UNSAT (0.030 seconds)
0.14/0.23	['index']: UNSAT (0.028 seconds)
0.14/0.26	['length']: UNSAT (0.021 seconds)
0.14/0.28	['substr']: UNSAT (0.032 seconds)
0.14/0.31	['add']: UNSAT (0.025 seconds)
0.14/0.34	['sub']: UNSAT (0.025 seconds)
0.14/0.36	['concat', 'concat']: UNSAT (0.160 seconds)
0.37/0.53	['concat', 'index']: UNSAT (0.047 seconds)
0.37/0.57	['concat', 'length']: UNSAT (0.036 seconds)
0.37/0.61	['concat', 'substr']: UNSAT (0.959 seconds)
1.42/1.57	['concat', 'add']: UNSAT (0.033 seconds)
1.59/1.60	['concat', 'sub']: UNSAT (0.031 seconds)
1.59/1.64	['index', 'index']: UNSAT (0.042 seconds)
1.59/1.68	['index', 'length']: UNSAT (0.033 seconds)
1.69/1.71	['index', 'substr']: UNSAT (0.053 seconds)
1.69/1.77	['index', 'add']: UNSAT (0.039 seconds)
1.79/1.81	['index', 'sub']: UNSAT (0.038 seconds)
1.79/1.85	['length', 'length']: UNSAT (0.022 seconds)
1.79/1.87	['length', 'substr']: UNSAT (0.035 seconds)
1.89/1.90	['length', 'add']: UNSAT (0.026 seconds)
1.89/1.93	['length', 'sub']: UNSAT (0.026 seconds)
1.89/1.96	['substr', 'substr']: UNSAT (0.046 seconds)
1.99/2.00	['substr', 'add']: UNSAT (0.039 seconds)
1.99/2.04	['substr', 'sub']: UNSAT (0.040 seconds)
1.99/2.08	['add', 'add']: UNSAT (0.033 seconds)
2.09/2.12	['add', 'sub']: UNSAT (0.033 seconds)
2.09/2.15	['sub', 'sub']: UNSAT (0.033 seconds)
2.09/2.19	['concat', 'concat', 'concat']: UNSAT (1.249 seconds)
3.28/3.44	['concat', 'concat', 'index']: UNSAT (0.059 seconds)
3.41/3.50	['concat', 'concat', 'length']: UNSAT (0.045 seconds)
3.41/3.54	['concat', 'concat', 'substr']: UNSAT (10.515 seconds)
13.98/14.06	['concat', 'concat', 'add']: UNSAT (0.050 seconds)
14.08/14.11	['concat', 'concat', 'sub']: UNSAT (0.049 seconds)
14.08/14.16	['concat', 'index', 'index']: UNSAT (0.063 seconds)
14.18/14.22	['concat', 'index', 'length']: UNSAT (0.048 seconds)
14.18/14.27	['concat', 'index', 'substr']: UNSAT (0.512 seconds)
14.68/14.78	['concat', 'index', 'add']: UNSAT (0.052 seconds)
14.78/14.84	['concat', 'index', 'sub']: UNSAT (0.051 seconds)
14.78/14.89	['concat', 'length', 'length']: UNSAT (0.037 seconds)
14.88/14.93	['concat', 'length', 'substr']: UNSAT (0.105 seconds)
14.98/15.03	['concat', 'length', 'add']: UNSAT (0.041 seconds)
14.98/15.08	['concat', 'length', 'sub']: UNSAT (0.042 seconds)
15.08/15.12	['concat', 'substr', 'substr']: UNSAT (0.953 seconds)
15.98/16.07	['concat', 'substr', 'add']: UNSAT (0.123 seconds)
16.18/16.20	['concat', 'substr', 'sub']: UNSAT (0.119 seconds)
16.28/16.32	['concat', 'add', 'add']: UNSAT (0.045 seconds)
16.28/16.36	['concat', 'add', 'sub']: UNSAT (0.047 seconds)
16.38/16.41	['concat', 'sub', 'sub']: UNSAT (0.049 seconds)
16.38/16.46	['index', 'index', 'index']: UNSAT (0.066 seconds)
16.38/16.53	['index', 'index', 'length']: UNSAT (0.058 seconds)
16.50/16.59	['index', 'index', 'substr']: UNSAT (0.082 seconds)
16.63/16.67	['index', 'index', 'add']: UNSAT (0.057 seconds)
16.68/16.73	['index', 'index', 'sub']: UNSAT (0.057 seconds)
16.68/16.79	['index', 'length', 'length']: UNSAT (0.040 seconds)
16.78/16.83	['index', 'length', 'substr']: UNSAT (0.057 seconds)
16.78/16.89	['index', 'length', 'add']: UNSAT (0.044 seconds)
16.88/16.93	['index', 'length', 'sub']: UNSAT (0.043 seconds)
16.88/16.97	['index', 'substr', 'substr']: UNSAT (0.097 seconds)
16.98/17.07	['index', 'substr', 'add']: UNSAT (0.069 seconds)
17.08/17.14	['index', 'substr', 'sub']: UNSAT (0.075 seconds)
17.18/17.22	['index', 'add', 'add']: UNSAT (0.054 seconds)
17.18/17.27	['index', 'add', 'sub']: UNSAT (0.053 seconds)
17.28/17.33	['index', 'sub', 'sub']: UNSAT (0.054 seconds)
17.28/17.38	['length', 'length', 'length']: UNSAT (0.031 seconds)
17.38/17.41	['length', 'length', 'substr']: UNSAT (0.048 seconds)
17.38/17.46	['length', 'length', 'add']: UNSAT (0.033 seconds)
17.38/17.50	['length', 'length', 'sub']: UNSAT (0.034 seconds)
17.38/17.53	['length', 'substr', 'substr']: UNSAT (0.071 seconds)
17.50/17.60	['length', 'substr', 'add']: UNSAT (0.052 seconds)
17.62/17.66	['length', 'substr', 'sub']: UNSAT (0.052 seconds)
17.68/17.71	['length', 'add', 'add']: UNSAT (0.041 seconds)
17.68/17.75	['length', 'add', 'sub']: UNSAT (0.042 seconds)
17.68/17.79	['length', 'sub', 'sub']: UNSAT (0.043 seconds)
17.78/17.84	['substr', 'substr', 'substr']: UNSAT (0.081 seconds)
17.88/17.92	['substr', 'substr', 'add']: UNSAT (0.064 seconds)
17.88/17.98	['substr', 'substr', 'sub']: UNSAT (0.067 seconds)
17.98/18.05	['substr', 'add', 'add']: UNSAT (0.060 seconds)
18.08/18.11	['substr', 'add', 'sub']: UNSAT (0.062 seconds)
18.08/18.18	['substr', 'sub', 'sub']: UNSAT (0.062 seconds)
18.18/18.24	['add', 'add', 'add']: UNSAT (0.050 seconds)
18.18/18.29	['add', 'add', 'sub']: UNSAT (0.051 seconds)
18.28/18.34	['add', 'sub', 'sub']: UNSAT (0.050 seconds)
18.28/18.39	['sub', 'sub', 'sub']: UNSAT (0.050 seconds)
18.38/18.45	['concat', 'concat', 'concat', 'concat']: UNSAT (32.508 seconds)
50.89/50.96	['concat', 'concat', 'concat', 'index']: UNSAT (0.091 seconds)
50.99/51.05	['concat', 'concat', 'concat', 'length']: UNSAT (0.071 seconds)
51.09/51.12	['concat', 'concat', 'concat', 'substr']: UNKNOWN (189.262 seconds)
240.28/240.38	Reason: smt tactic failed to show goal to be sat/unsat max-conflicts-reached
240.28/240.38	Reason: smt tactic failed to show goal to be sat/unsat max-conflicts-reached
240.28/240.38	['concat', 'concat', 'concat', 'add']: UNSAT (0.076 seconds)
240.38/240.46	['concat', 'concat', 'concat', 'sub']: UNSAT (0.071 seconds)
240.49/240.53	['concat', 'concat', 'index', 'index']: UNSAT (0.090 seconds)
240.49/240.62	['concat', 'concat', 'index', 'length']: UNSAT (0.076 seconds)
240.68/240.70	['concat', 'concat', 'index', 'substr']: UNSAT (32.500 seconds)
273.19/273.20	['concat', 'concat', 'index', 'add']: UNSAT (0.077 seconds)
273.19/273.28	['concat', 'concat', 'index', 'sub']: UNSAT (0.079 seconds)
273.29/273.36	['concat', 'concat', 'length', 'length']: UNSAT (0.063 seconds)
273.39/273.42	['concat', 'concat', 'length', 'substr']: UNSAT (5.341 seconds)
278.69/278.77	['concat', 'concat', 'length', 'add']: UNSAT (0.064 seconds)
278.79/278.83	['concat', 'concat', 'length', 'sub']: UNSAT (0.061 seconds)
278.79/278.89	['concat', 'concat', 'substr', 'substr']: UNSAT (105.945 seconds)
384.78/384.84	['concat', 'concat', 'substr', 'add']: UNSAT (10.024 seconds)
394.78/394.86	['concat', 'concat', 'substr', 'sub']: UNSAT (8.108 seconds)
402.88/402.97	['concat', 'concat', 'add', 'add']: UNSAT (0.067 seconds)
402.98/403.04	['concat', 'concat', 'add', 'sub']: UNSAT (0.069 seconds)
403.08/403.11	['concat', 'concat', 'sub', 'sub']: UNSAT (0.067 seconds)
403.08/403.18	['concat', 'index', 'index', 'index']: UNSAT (0.098 seconds)
403.18/403.28	['concat', 'index', 'index', 'length']: UNSAT (0.078 seconds)
403.28/403.36	['concat', 'index', 'index', 'substr']: UNSAT (1.430 seconds)
404.68/404.79	['concat', 'index', 'index', 'add']: UNSAT (0.087 seconds)
404.78/404.88	['concat', 'index', 'index', 'sub']: UNSAT (0.087 seconds)
404.88/404.96	['concat', 'index', 'length', 'length']: UNSAT (0.063 seconds)
404.98/405.03	['concat', 'index', 'length', 'substr']: UNSAT (1.582 seconds)
406.49/406.61	['concat', 'index', 'length', 'add']: UNSAT (0.072 seconds)
406.62/406.68	['concat', 'index', 'length', 'sub']: UNSAT (0.069 seconds)
406.68/406.75	['concat', 'index', 'substr', 'substr']: UNSAT (13.464 seconds)
420.18/420.22	['concat', 'index', 'substr', 'add']: UNSAT (0.602 seconds)
420.78/420.82	['concat', 'index', 'substr', 'sub']: UNSAT (0.855 seconds)
421.61/421.68	['concat', 'index', 'add', 'add']: UNSAT (0.078 seconds)
421.68/421.76	['concat', 'index', 'add', 'sub']: UNSAT (0.079 seconds)
421.78/421.84	['concat', 'index', 'sub', 'sub']: UNSAT (0.075 seconds)
421.88/421.91	['concat', 'length', 'length', 'length']: UNSAT (0.050 seconds)
421.88/421.96	['concat', 'length', 'length', 'substr']: UNSAT (0.156 seconds)
422.08/422.12	['concat', 'length', 'length', 'add']: UNSAT (0.052 seconds)
422.08/422.17	['concat', 'length', 'length', 'sub']: UNSAT (0.055 seconds)
422.18/422.23	['concat', 'length', 'substr', 'substr']: UNSAT (4.783 seconds)
426.98/427.01	['concat', 'length', 'substr', 'add']: UNSAT (0.306 seconds)
427.28/427.32	['concat', 'length', 'substr', 'sub']: UNSAT (0.355 seconds)
427.61/427.68	['concat', 'length', 'add', 'add']: UNSAT (0.060 seconds)
427.68/427.74	['concat', 'length', 'add', 'sub']: UNSAT (0.059 seconds)
427.78/427.80	['concat', 'length', 'sub', 'sub']: UNSAT (0.062 seconds)
427.78/427.86	['concat', 'substr', 'substr', 'substr']: UNSAT (5.561 seconds)
433.38/433.42	['concat', 'substr', 'substr', 'add']: UNSAT (2.334 seconds)
435.68/435.76	['concat', 'substr', 'substr', 'sub']: UNSAT (3.681 seconds)
439.38/439.44	['concat', 'substr', 'add', 'add']: UNSAT (0.395 seconds)
439.78/439.84	['concat', 'substr', 'add', 'sub']: UNSAT (0.409 seconds)
440.18/440.25	['concat', 'substr', 'sub', 'sub']: UNSAT (0.353 seconds)
440.49/440.60	['concat', 'add', 'add', 'add']: UNSAT (0.073 seconds)
440.61/440.67	['concat', 'add', 'add', 'sub']: UNSAT (0.074 seconds)
440.68/440.75	['concat', 'add', 'sub', 'sub']: UNSAT (0.073 seconds)
440.78/440.82	['concat', 'sub', 'sub', 'sub']: UNSAT (0.091 seconds)
440.88/440.92	['index', 'index', 'index', 'index']: UNSAT (0.101 seconds)
440.98/441.02	['index', 'index', 'index', 'length']: UNSAT (0.084 seconds)
441.08/441.10	['index', 'index', 'index', 'substr']: UNSAT (0.130 seconds)
441.18/441.23	['index', 'index', 'index', 'add']: UNSAT (0.096 seconds)
441.28/441.33	['index', 'index', 'index', 'sub']: UNSAT (0.096 seconds)
441.38/441.43	['index', 'index', 'length', 'length']: UNSAT (0.067 seconds)
441.38/441.50	['index', 'index', 'length', 'substr']: UNSAT (0.097 seconds)
441.49/441.59	['index', 'index', 'length', 'add']: UNSAT (0.077 seconds)
441.61/441.67	['index', 'index', 'length', 'sub']: UNSAT (0.079 seconds)
441.68/441.75	['index', 'index', 'substr', 'substr']: UNSAT (0.210 seconds)
441.88/441.96	['index', 'index', 'substr', 'add']: UNSAT (0.112 seconds)
441.98/442.08	['index', 'index', 'substr', 'sub']: UNSAT (0.110 seconds)
442.08/442.19	['index', 'index', 'add', 'add']: UNSAT (0.088 seconds)
442.18/442.28	['index', 'index', 'add', 'sub']: UNSAT (0.087 seconds)
442.28/442.37	['index', 'index', 'sub', 'sub']: UNSAT (0.092 seconds)
442.38/442.46	['index', 'length', 'length', 'length']: UNSAT (0.056 seconds)
442.38/442.52	['index', 'length', 'length', 'substr']: UNSAT (0.086 seconds)
442.49/442.60	['index', 'length', 'length', 'add']: UNSAT (0.063 seconds)
442.61/442.67	['index', 'length', 'length', 'sub']: UNSAT (0.061 seconds)
442.68/442.73	['index', 'length', 'substr', 'substr']: UNSAT (0.164 seconds)
442.78/442.90	['index', 'length', 'substr', 'add']: UNSAT (0.100 seconds)
442.98/443.00	['index', 'length', 'substr', 'sub']: UNSAT (0.093 seconds)
442.98/443.09	['index', 'length', 'add', 'add']: UNSAT (0.071 seconds)
443.08/443.16	['index', 'length', 'add', 'sub']: UNSAT (0.072 seconds)
443.18/443.24	['index', 'length', 'sub', 'sub']: UNSAT (0.071 seconds)
443.28/443.31	['index', 'substr', 'substr', 'substr']: UNSAT (0.238 seconds)
443.49/443.55	['index', 'substr', 'substr', 'add']: UNSAT (0.167 seconds)
443.68/443.71	['index', 'substr', 'substr', 'sub']: UNSAT (0.162 seconds)
443.78/443.88	['index', 'substr', 'add', 'add']: UNSAT (0.113 seconds)
443.88/443.99	['index', 'substr', 'add', 'sub']: UNSAT (0.106 seconds)
444.08/444.10	['index', 'substr', 'sub', 'sub']: UNSAT (0.115 seconds)
444.18/444.21	['index', 'add', 'add', 'add']: UNSAT (0.088 seconds)
444.28/444.30	['index', 'add', 'add', 'sub']: UNSAT (0.087 seconds)
444.28/444.39	['index', 'add', 'sub', 'sub']: UNSAT (0.086 seconds)
444.38/444.48	['index', 'sub', 'sub', 'sub']: UNSAT (0.089 seconds)
444.49/444.57	['length', 'length', 'length', 'length']: UNSAT (0.042 seconds)
444.49/444.61	['length', 'length', 'length', 'substr']: UNSAT (0.056 seconds)
444.61/444.67	['length', 'length', 'length', 'add']: UNSAT (0.046 seconds)
444.68/444.72	['length', 'length', 'length', 'sub']: UNSAT (0.047 seconds)
444.68/444.76	['length', 'length', 'substr', 'substr']: UNSAT (0.130 seconds)
444.78/444.89	['length', 'length', 'substr', 'add']: UNSAT (0.075 seconds)
444.88/444.97	['length', 'length', 'substr', 'sub']: UNSAT (0.075 seconds)
444.98/445.05	['length', 'length', 'add', 'add']: UNSAT (0.056 seconds)
445.08/445.10	['length', 'length', 'add', 'sub']: UNSAT (0.055 seconds)
445.08/445.16	['length', 'length', 'sub', 'sub']: UNSAT (0.053 seconds)
445.18/445.21	['length', 'substr', 'substr', 'substr']: UNSAT (0.196 seconds)
445.38/445.41	['length', 'substr', 'substr', 'add']: UNSAT (0.111 seconds)
445.38/445.52	['length', 'substr', 'substr', 'sub']: UNSAT (0.135 seconds)
445.61/445.66	['length', 'substr', 'add', 'add']: UNSAT (0.086 seconds)
445.68/445.74	['length', 'substr', 'add', 'sub']: UNSAT (0.087 seconds)
445.78/445.83	['length', 'substr', 'sub', 'sub']: UNSAT (0.088 seconds)
445.88/445.92	['length', 'add', 'add', 'add']: UNSAT (0.069 seconds)
445.88/445.99	['length', 'add', 'add', 'sub']: UNSAT (0.071 seconds)
445.98/446.06	['length', 'add', 'sub', 'sub']: UNSAT (0.069 seconds)
446.08/446.13	['length', 'sub', 'sub', 'sub']: UNSAT (0.068 seconds)
446.18/446.20	['substr', 'substr', 'substr', 'substr']: UNSAT (0.218 seconds)
446.38/446.42	['substr', 'substr', 'substr', 'add']: UNSAT (0.115 seconds)
446.49/446.54	['substr', 'substr', 'substr', 'sub']: UNSAT (0.135 seconds)
446.61/446.67	['substr', 'substr', 'add', 'add']: UNSAT (0.104 seconds)
446.68/446.78	['substr', 'substr', 'add', 'sub']: UNSAT (0.101 seconds)
446.78/446.88	['substr', 'substr', 'sub', 'sub']: UNSAT (0.103 seconds)
446.88/446.99	['substr', 'add', 'add', 'add']: UNSAT (0.100 seconds)
446.98/447.09	['substr', 'add', 'add', 'sub']: UNSAT (0.087 seconds)
447.08/447.17	['substr', 'add', 'sub', 'sub']: UNSAT (0.083 seconds)
447.18/447.26	['substr', 'sub', 'sub', 'sub']: UNSAT (0.085 seconds)
447.28/447.35	['add', 'add', 'add', 'add']: UNSAT (0.079 seconds)
447.38/447.43	['add', 'add', 'add', 'sub']: UNSAT (0.081 seconds)
447.38/447.51	['add', 'add', 'sub', 'sub']: UNSAT (0.083 seconds)
447.50/447.59	['add', 'sub', 'sub', 'sub']: UNSAT (0.081 seconds)
447.62/447.67	['sub', 'sub', 'sub', 'sub']: UNSAT (0.081 seconds)
447.68/447.76	['concat', 'concat', 'concat', 'concat', 'concat']: 