0.11/0.20	=== Examples (../../dataset/examples/examples-29.json)
0.11/0.20	IO(inputs=('Sed scelerisque, tortor sit amet.',), output='Sed')
0.11/0.20	IO(inputs=('Vestibulum non commodo ex. Maecenas a est sagittis, dapibus nibh.',), output='Vestibulum')
0.11/0.20	=== Library
0.11/0.20	concat
0.11/0.20	index
0.11/0.20	length
0.11/0.20	substr
0.11/0.20	add
0.11/0.20	sub
0.11/0.20	=== Synthesis
0.11/0.20	['concat']: UNSAT (0.030 seconds)
0.11/0.23	['index']: UNSAT (0.029 seconds)
0.11/0.26	['length']: UNSAT (0.021 seconds)
0.24/0.28	['substr']: UNSAT (0.058 seconds)
0.24/0.34	['add']: UNSAT (0.025 seconds)
0.24/0.37	['sub']: UNSAT (0.025 seconds)
0.24/0.39	['concat', 'concat']: UNSAT (0.052 seconds)
0.34/0.45	['concat', 'index']: UNSAT (0.048 seconds)
0.34/0.49	['concat', 'length']: UNSAT (0.036 seconds)
0.48/0.53	['concat', 'substr']: UNSAT (0.386 seconds)
0.89/0.92	['concat', 'add']: UNSAT (0.035 seconds)
0.89/0.95	['concat', 'sub']: UNSAT (0.032 seconds)
0.89/0.99	['index', 'index']: UNSAT (0.046 seconds)
0.89/1.04	['index', 'length']: UNSAT (0.033 seconds)
1.00/1.07	['index', 'substr']: UNKNOWN (242.487 seconds)
243.49/243.56	Reason: smt tactic failed to show goal to be sat/unsat max-conflicts-reached
243.49/243.56	Reason: smt tactic failed to show goal to be sat/unsat max-conflicts-reached
243.49/243.56	['index', 'add']: UNSAT (0.038 seconds)
243.49/243.60	['index', 'sub']: UNSAT (0.037 seconds)
243.59/243.63	['length', 'length']: UNSAT (0.023 seconds)
243.59/243.66	['length', 'substr']: UNSAT (0.040 seconds)
243.69/243.70	['length', 'add']: UNSAT (0.025 seconds)
243.69/243.72	['length', 'sub']: UNSAT (0.026 seconds)
243.69/243.75	['substr', 'substr']: UNSAT (0.158 seconds)
243.89/243.91	['substr', 'add']: UNSAT (0.062 seconds)
243.89/243.97	['substr', 'sub']: UNSAT (0.066 seconds)
243.89/244.04	['add', 'add']: UNSAT (0.036 seconds)
244.01/244.08	['add', 'sub']: UNSAT (0.035 seconds)
244.01/244.11	['sub', 'sub']: UNSAT (0.035 seconds)
244.14/244.15	['concat', 'concat', 'concat']: UNSAT (0.171 seconds)
244.29/244.32	['concat', 'concat', 'index']: UNSAT (0.057 seconds)
244.29/244.38	['concat', 'concat', 'length']: UNSAT (0.046 seconds)
244.39/244.43	['concat', 'concat', 'substr']: UNSAT (10.944 seconds)
255.29/255.37	['concat', 'concat', 'add']: UNSAT (0.049 seconds)
255.39/255.42	['concat', 'concat', 'sub']: UNSAT (0.047 seconds)
255.39/255.47	['concat', 'index', 'index']: UNSAT (0.061 seconds)
255.49/255.53	['concat', 'index', 'length']: UNSAT (0.048 seconds)
255.49/255.58	['concat', 'index', 'substr']: 