0.10/0.20	=== Examples (../../dataset/examples/examples-62.json)
0.10/0.20	IO(inputs=('1234: try this (hmm)',), output='try this')
0.10/0.20	IO(inputs=('ABCD: then that (ok)',), output='then that')
0.10/0.20	=== Library
0.10/0.20	concat
0.10/0.20	index
0.10/0.20	length
0.10/0.20	substr
0.10/0.20	add
0.10/0.20	sub
0.10/0.20	=== Synthesis
0.10/0.20	['concat']: UNSAT (0.030 seconds)
0.10/0.23	['index']: UNSAT (0.030 seconds)
0.10/0.26	['length']: UNSAT (0.021 seconds)
0.25/0.28	['substr']: UNSAT (0.033 seconds)
0.25/0.32	['add']: UNSAT (0.026 seconds)
0.25/0.34	['sub']: UNSAT (0.026 seconds)
0.25/0.37	['concat', 'concat']: UNSAT (0.050 seconds)
0.35/0.42	['concat', 'index']: UNSAT (0.048 seconds)
0.35/0.47	['concat', 'length']: UNSAT (0.037 seconds)
0.45/0.51	['concat', 'substr']: UNSAT (0.118 seconds)
0.55/0.63	['concat', 'add']: UNSAT (0.048 seconds)
0.63/0.67	['concat', 'sub']: UNSAT (0.039 seconds)
0.69/0.71	['index', 'index']: UNSAT (0.040 seconds)
0.69/0.76	['index', 'length']: UNSAT (0.029 seconds)
0.69/0.79	['index', 'substr']: UNSAT (11.153 seconds)
11.89/11.94	['index', 'add']: UNSAT (0.035 seconds)
11.89/11.98	['index', 'sub']: UNSAT (0.034 seconds)
11.89/12.01	['length', 'length']: UNSAT (0.022 seconds)
11.89/12.03	['length', 'substr']: UNSAT (0.038 seconds)
12.01/12.07	['length', 'add']: UNSAT (0.028 seconds)
12.01/12.10	['length', 'sub']: UNSAT (0.029 seconds)
12.01/12.13	['substr', 'substr']: UNSAT (0.057 seconds)
12.13/12.19	['substr', 'add']: UNSAT (0.047 seconds)
12.19/12.24	['substr', 'sub']: UNSAT (0.044 seconds)
12.19/12.28	['add', 'add']: UNSAT (0.033 seconds)
12.29/12.31	['add', 'sub']: UNSAT (0.032 seconds)
12.29/12.35	['sub', 'sub']: UNSAT (0.032 seconds)
12.29/12.38	['concat', 'concat', 'concat']: UNSAT (0.108 seconds)
12.39/12.49	['concat', 'concat', 'index']: UNSAT (0.058 seconds)
12.49/12.55	['concat', 'concat', 'length']: UNSAT (0.044 seconds)
12.49/12.59	['concat', 'concat', 'substr']: UNSAT (0.243 seconds)
12.79/12.84	['concat', 'concat', 'add']: UNSAT (0.046 seconds)
12.79/12.88	['concat', 'concat', 'sub']: UNSAT (0.045 seconds)
12.88/12.93	['concat', 'index', 'index']: UNSAT (0.078 seconds)
12.88/13.01	['concat', 'index', 'length']: UNSAT (0.049 seconds)
13.01/13.06	['concat', 'index', 'substr']: UNKNOWN (171.864 seconds)
184.88/184.92	Reason: smt tactic failed to show goal to be sat/unsat max-conflicts-reached
184.88/184.92	Reason: smt tactic failed to show goal to be sat/unsat max-conflicts-reached
184.88/184.92	['concat', 'index', 'add']: UNSAT (0.051 seconds)
184.88/184.98	['concat', 'index', 'sub']: UNSAT (0.054 seconds)
184.88/185.03	['concat', 'length', 'length']: UNSAT (0.036 seconds)
185.00/185.07	['concat', 'length', 'substr']: UNSAT (0.111 seconds)
185.12/185.18	['concat', 'length', 'add']: UNSAT (0.039 seconds)
185.18/185.22	['concat', 'length', 'sub']: UNSAT (0.039 seconds)
185.18/185.26	['concat', 'substr', 'substr']: UNSAT (0.200 seconds)
185.38/185.46	['concat', 'substr', 'add']: UNSAT (0.091 seconds)
185.48/185.55	['concat', 'substr', 'sub']: UNSAT (0.080 seconds)
185.58/185.63	['concat', 'add', 'add']: UNSAT (0.044 seconds)
185.58/185.68	['concat', 'add', 'sub']: UNSAT (0.047 seconds)
185.68/185.73	['concat', 'sub', 'sub']: UNSAT (0.043 seconds)
185.68/185.77	['index', 'index', 'index']: UNSAT (0.065 seconds)
185.78/185.84	['index', 'index', 'length']: UNSAT (0.051 seconds)
185.78/185.89	['index', 'index', 'substr']: UNKNOWN (182.720 seconds)
368.58/368.61	Reason: smt tactic failed to show goal to be sat/unsat max-conflicts-reached
368.58/368.61	Reason: smt tactic failed to show goal to be sat/unsat max-conflicts-reached
368.58/368.61	['index', 'index', 'add']: UNSAT (0.057 seconds)
368.58/368.67	['index', 'index', 'sub']: UNSAT (0.057 seconds)
368.68/368.73	['index', 'length', 'length']: UNSAT (0.038 seconds)
368.68/368.76	['index', 'length', 'substr']: UNSAT (49.424 seconds)
418.11/418.19	['index', 'length', 'add']: UNSAT (0.047 seconds)
418.17/418.24	['index', 'length', 'sub']: UNSAT (0.043 seconds)
418.17/418.28	['index', 'substr', 'substr']: SAT (39.551 seconds)
457.77/457.83	substr(arg0, 6, index(substr(arg0, 6, 20), ' ', 6))
