0.12/0.18	=== Examples (../../dataset/examples/examples-88.json)
0.12/0.18	IO(inputs=('alo_helloworld',), output='hellowor')
0.12/0.18	IO(inputs=('123_testtest',), output='testte')
0.12/0.18	=== Library
0.12/0.18	concat
0.12/0.18	index
0.12/0.18	length
0.12/0.18	substr
0.12/0.18	add
0.12/0.18	sub
0.12/0.18	=== Synthesis
0.12/0.18	['concat']: UNSAT (0.029 seconds)
0.12/0.21	['index']: UNSAT (0.030 seconds)
0.12/0.24	['length']: UNSAT (0.021 seconds)
0.12/0.26	['substr']: UNSAT (0.036 seconds)
0.12/0.30	['add']: UNSAT (0.026 seconds)
0.29/0.33	['sub']: UNSAT (0.025 seconds)
0.29/0.35	['concat', 'concat']: UNSAT (0.048 seconds)
0.29/0.40	['concat', 'index']: UNSAT (0.044 seconds)
0.41/0.45	['concat', 'length']: UNSAT (0.028 seconds)
0.41/0.48	['concat', 'substr']: UNSAT (0.153 seconds)
0.55/0.63	['concat', 'add']: UNSAT (0.031 seconds)
0.63/0.66	['concat', 'sub']: UNSAT (0.033 seconds)
0.63/0.70	['index', 'index']: UNSAT (0.042 seconds)
0.70/0.74	['index', 'length']: UNSAT (0.031 seconds)
0.70/0.77	['index', 'substr']: UNSAT (2.770 seconds)
3.50/3.54	['index', 'add']: UNSAT (0.037 seconds)
3.50/3.58	['index', 'sub']: UNSAT (0.037 seconds)
3.60/3.62	['length', 'length']: UNSAT (0.023 seconds)
3.60/3.64	['length', 'substr']: UNSAT (0.041 seconds)
3.60/3.68	['length', 'add']: UNSAT (0.027 seconds)
3.70/3.71	['length', 'sub']: UNSAT (0.026 seconds)
3.70/3.74	['substr', 'substr']: UNSAT (0.068 seconds)
3.70/3.80	['substr', 'add']: UNSAT (0.050 seconds)
3.80/3.86	['substr', 'sub']: UNSAT (0.048 seconds)
3.80/3.90	['add', 'add']: UNSAT (0.038 seconds)
3.90/3.94	['add', 'sub']: UNSAT (0.034 seconds)
3.90/3.98	['sub', 'sub']: UNSAT (0.034 seconds)
3.90/4.01	['concat', 'concat', 'concat']: UNSAT (0.100 seconds)
4.02/4.11	['concat', 'concat', 'index']: UNSAT (0.058 seconds)
4.14/4.17	['concat', 'concat', 'length']: UNSAT (0.047 seconds)
4.20/4.22	['concat', 'concat', 'substr']: UNSAT (6.102 seconds)
10.30/10.32	['concat', 'concat', 'add']: UNSAT (0.047 seconds)
10.30/10.37	['concat', 'concat', 'sub']: UNSAT (0.047 seconds)
10.40/10.42	['concat', 'index', 'index']: UNSAT (0.062 seconds)
10.40/10.48	['concat', 'index', 'length']: UNSAT (0.049 seconds)
10.50/10.53	['concat', 'index', 'substr']: UNKNOWN (136.753 seconds)
147.19/147.29	Reason: smt tactic failed to show goal to be sat/unsat max-conflicts-reached
147.19/147.29	Reason: smt tactic failed to show goal to be sat/unsat max-conflicts-reached
147.19/147.29	['concat', 'index', 'add']: UNSAT (0.053 seconds)
147.29/147.34	['concat', 'index', 'sub']: UNSAT (0.055 seconds)
147.29/147.40	['concat', 'length', 'length']: UNSAT (0.039 seconds)
147.39/147.44	['concat', 'length', 'substr']: UNSAT (0.329 seconds)
147.69/147.77	['concat', 'length', 'add']: UNSAT (0.039 seconds)
147.79/147.81	['concat', 'length', 'sub']: UNSAT (0.039 seconds)
147.79/147.85	['concat', 'substr', 'substr']: UNSAT (2.017 seconds)
149.79/149.87	['concat', 'substr', 'add']: UNSAT (0.232 seconds)
150.02/150.10	['concat', 'substr', 'sub']: UNSAT (0.309 seconds)
150.39/150.41	['concat', 'add', 'add']: UNSAT (0.047 seconds)
150.39/150.46	['concat', 'add', 'sub']: UNSAT (0.046 seconds)
150.39/150.50	['concat', 'sub', 'sub']: UNSAT (0.048 seconds)
150.49/150.55	['index', 'index', 'index']: UNSAT (0.066 seconds)
150.61/150.62	['index', 'index', 'length']: UNSAT (0.053 seconds)
150.61/150.67	['index', 'index', 'substr']: UNSAT (122.752 seconds)
273.39/273.43	['index', 'index', 'add']: UNSAT (0.056 seconds)
273.39/273.48	['index', 'index', 'sub']: UNSAT (0.057 seconds)
273.49/273.54	['index', 'length', 'length']: UNSAT (0.041 seconds)
273.49/273.58	['index', 'length', 'substr']: UNSAT (26.194 seconds)
299.69/299.78	['index', 'length', 'add']: UNSAT (0.044 seconds)
299.79/299.82	['index', 'length', 'sub']: UNSAT (0.046 seconds)
299.79/299.87	['index', 'substr', 'substr']: UNKNOWN (92.558 seconds)
392.38/392.43	Reason: smt tactic failed to show goal to be sat/unsat max-conflicts-reached
392.38/392.43	Reason: smt tactic failed to show goal to be sat/unsat max-conflicts-reached
392.38/392.43	['index', 'substr', 'add']: UNSAT (7.708 seconds)
400.01/400.14	['index', 'substr', 'sub']: UNSAT (21.539 seconds)
421.59/421.68	['index', 'add', 'add']: UNSAT (0.054 seconds)
421.68/421.73	['index', 'add', 'sub']: UNSAT (0.054 seconds)
421.68/421.79	['index', 'sub', 'sub']: UNSAT (0.053 seconds)
421.78/421.84	['length', 'length', 'length']: UNSAT (0.029 seconds)
421.78/421.87	['length', 'length', 'substr']: UNSAT (0.050 seconds)
421.88/421.92	['length', 'length', 'add']: UNSAT (0.038 seconds)
421.88/421.96	['length', 'length', 'sub']: UNSAT (0.034 seconds)
421.88/421.99	['length', 'substr', 'substr']: UNSAT (0.281 seconds)
422.19/422.28	['length', 'substr', 'add']: SAT (0.081 seconds)
422.29/422.36	substr(arg0, 4, add(-6, length(arg0)))
