0.11/0.17	=== Examples (../../dataset/examples/examples-91.json)
0.11/0.17	IO(inputs=('George',), output='george')
0.11/0.17	IO(inputs=('Maebe',), output='maebe')
0.11/0.17	=== Library
0.11/0.17	concat
0.11/0.17	index
0.11/0.17	length
0.11/0.17	substr
0.11/0.17	add
0.11/0.17	sub
0.11/0.17	=== Synthesis
0.11/0.17	['concat']: UNSAT (0.022 seconds)
0.11/0.19	['index']: UNSAT (0.022 seconds)
0.11/0.21	['length']: UNSAT (0.017 seconds)
0.11/0.23	['substr']: UNSAT (0.024 seconds)
0.11/0.25	['add']: UNSAT (0.019 seconds)
0.25/0.27	['sub']: UNSAT (0.019 seconds)
0.25/0.29	['concat', 'concat']: UNSAT (0.036 seconds)
0.25/0.33	['concat', 'index']: UNSAT (0.038 seconds)
0.35/0.37	['concat', 'length']: UNSAT (0.026 seconds)
0.35/0.40	['concat', 'substr']: UNSAT (0.116 seconds)
0.45/0.51	['concat', 'add']: UNSAT (0.029 seconds)
0.45/0.54	['concat', 'sub']: UNSAT (0.029 seconds)
0.45/0.57	['index', 'index']: UNSAT (0.038 seconds)
0.57/0.61	['index', 'length']: UNSAT (0.027 seconds)
0.57/0.64	['index', 'substr']: UNSAT (0.041 seconds)
0.65/0.68	['index', 'add']: UNSAT (0.032 seconds)
0.69/0.71	['index', 'sub']: UNSAT (0.032 seconds)
0.69/0.75	['length', 'length']: UNSAT (0.019 seconds)
0.69/0.77	['length', 'substr']: UNSAT (0.031 seconds)
0.79/0.80	['length', 'add']: UNSAT (0.025 seconds)
0.79/0.82	['length', 'sub']: UNSAT (0.026 seconds)
0.79/0.85	['substr', 'substr']: UNSAT (0.040 seconds)
0.79/0.89	['substr', 'add']: UNSAT (0.039 seconds)
0.90/0.93	['substr', 'sub']: UNSAT (0.036 seconds)
0.90/0.97	['add', 'add']: UNSAT (0.032 seconds)
0.90/1.00	['add', 'sub']: UNSAT (0.033 seconds)
0.90/1.03	['sub', 'sub']: UNSAT (0.032 seconds)
1.02/1.07	['concat', 'concat', 'concat']: UNSAT (0.082 seconds)
1.13/1.15	['concat', 'concat', 'index']: UNSAT (0.054 seconds)
1.20/1.20	['concat', 'concat', 'length']: UNSAT (0.044 seconds)
1.20/1.25	['concat', 'concat', 'substr']: UNSAT (2.771 seconds)
3.89/4.02	['concat', 'concat', 'add']: UNSAT (0.045 seconds)
4.02/4.07	['concat', 'concat', 'sub']: UNSAT (0.044 seconds)
4.02/4.11	['concat', 'index', 'index']: UNSAT (0.058 seconds)
4.14/4.17	['concat', 'index', 'length']: UNSAT (0.047 seconds)
4.19/4.22	['concat', 'index', 'substr']: UNSAT (0.889 seconds)
5.02/5.11	['concat', 'index', 'add']: UNSAT (0.050 seconds)
5.02/5.16	['concat', 'index', 'sub']: UNSAT (0.050 seconds)
5.19/5.21	['concat', 'length', 'length']: UNSAT (0.036 seconds)
5.19/5.25	['concat', 'length', 'substr']: UNSAT (0.344 seconds)
5.49/5.59	['concat', 'length', 'add']: UNSAT (0.037 seconds)
5.59/5.63	['concat', 'length', 'sub']: UNSAT (0.037 seconds)
5.59/5.67	['concat', 'substr', 'substr']: UNSAT (0.697 seconds)
6.29/6.36	['concat', 'substr', 'add']: UNSAT (0.189 seconds)
6.49/6.55	['concat', 'substr', 'sub']: UNSAT (0.202 seconds)
6.69/6.76	['concat', 'add', 'add']: UNSAT (0.044 seconds)
6.79/6.80	['concat', 'add', 'sub']: UNSAT (0.045 seconds)
6.79/6.85	['concat', 'sub', 'sub']: UNSAT (0.042 seconds)
6.79/6.89	['index', 'index', 'index']: UNSAT (0.064 seconds)
6.89/6.95	['index', 'index', 'length']: UNSAT (0.047 seconds)
6.89/7.00	['index', 'index', 'substr']: UNSAT (0.099 seconds)
7.01/7.10	['index', 'index', 'add']: UNSAT (0.058 seconds)
7.13/7.16	['index', 'index', 'sub']: UNSAT (0.054 seconds)
7.19/7.22	['index', 'length', 'length']: UNSAT (0.037 seconds)
7.19/7.25	['index', 'length', 'substr']: UNSAT (0.055 seconds)
7.29/7.31	['index', 'length', 'add']: UNSAT (0.045 seconds)
7.29/7.36	['index', 'length', 'sub']: UNSAT (0.045 seconds)
7.39/7.40	['index', 'substr', 'substr']: UNSAT (0.110 seconds)
7.49/7.51	['index', 'substr', 'add']: UNSAT (0.060 seconds)
7.49/7.57	['index', 'substr', 'sub']: UNSAT (0.066 seconds)
7.60/7.64	['index', 'add', 'add']: UNSAT (0.048 seconds)
7.60/7.69	['index', 'add', 'sub']: UNSAT (0.050 seconds)
7.69/7.74	['index', 'sub', 'sub']: UNSAT (0.048 seconds)
7.69/7.79	['length', 'length', 'length']: UNSAT (0.029 seconds)
7.79/7.82	['length', 'length', 'substr']: UNSAT (0.040 seconds)
7.79/7.86	['length', 'length', 'add']: UNSAT (0.032 seconds)
7.79/7.89	['length', 'length', 'sub']: UNSAT (0.034 seconds)
7.89/7.93	['length', 'substr', 'substr']: UNSAT (0.060 seconds)
7.89/7.99	['length', 'substr', 'add']: UNSAT (0.050 seconds)
8.01/8.04	['length', 'substr', 'sub']: UNSAT (0.047 seconds)
8.01/8.09	['length', 'add', 'add']: UNSAT (0.039 seconds)
8.01/8.13	['length', 'add', 'sub']: UNSAT (0.040 seconds)
8.13/8.17	['length', 'sub', 'sub']: UNSAT (0.039 seconds)
8.19/8.21	['substr', 'substr', 'substr']: UNSAT (0.070 seconds)
8.19/8.28	['substr', 'substr', 'add']: UNSAT (0.057 seconds)
8.29/8.34	['substr', 'substr', 'sub']: UNSAT (0.060 seconds)
8.39/8.40	['substr', 'add', 'add']: UNSAT (0.051 seconds)
8.39/8.45	['substr', 'add', 'sub']: UNSAT (0.052 seconds)
8.49/8.50	['substr', 'sub', 'sub']: UNSAT (0.055 seconds)
8.49/8.56	['add', 'add', 'add']: UNSAT (0.047 seconds)
8.59/8.61	['add', 'add', 'sub']: UNSAT (0.047 seconds)
8.59/8.65	['add', 'sub', 'sub']: UNSAT (0.046 seconds)
8.69/8.70	['sub', 'sub', 'sub']: UNSAT (0.047 seconds)
8.69/8.75	['concat', 'concat', 'concat', 'concat']: UNSAT (1.342 seconds)
10.01/10.09	['concat', 'concat', 'concat', 'index']: UNSAT (0.081 seconds)
10.15/10.17	['concat', 'concat', 'concat', 'length']: UNSAT (0.070 seconds)
10.19/10.24	['concat', 'concat', 'concat', 'substr']: UNKNOWN (176.442 seconds)
186.59/186.69	Reason: smt tactic failed to show goal to be sat/unsat max-conflicts-reached
186.59/186.69	Reason: smt tactic failed to show goal to be sat/unsat max-conflicts-reached
186.59/186.69	['concat', 'concat', 'concat', 'add']: UNSAT (0.068 seconds)
186.68/186.76	['concat', 'concat', 'concat', 'sub']: UNSAT (0.067 seconds)
186.78/186.82	['concat', 'concat', 'index', 'index']: UNSAT (0.084 seconds)
186.89/186.91	['concat', 'concat', 'index', 'length']: UNSAT (0.076 seconds)
186.89/186.99	['concat', 'concat', 'index', 'substr']: UNKNOWN (54.560 seconds)
241.49/241.55	Reason: smt tactic failed to show goal to be sat/unsat max-conflicts-reached
241.49/241.55	Reason: smt tactic failed to show goal to be sat/unsat max-conflicts-reached
241.49/241.55	['concat', 'concat', 'index', 'add']: UNSAT (0.069 seconds)
241.59/241.62	['concat', 'concat', 'index', 'sub']: UNSAT (0.070 seconds)
241.59/241.69	['concat', 'concat', 'length', 'length']: UNSAT (0.057 seconds)
241.69/241.75	['concat', 'concat', 'length', 'substr']: UNSAT (28.129 seconds)
269.79/269.88	['concat', 'concat', 'length', 'add']: UNSAT (0.057 seconds)
269.89/269.94	['concat', 'concat', 'length', 'sub']: UNSAT (0.056 seconds)
269.89/269.99	['concat', 'concat', 'substr', 'substr']: SAT (10.586 seconds)
280.49/280.58	concat(substr(concat(arg0, 'gm\\x00\\x00'), 6, 1), substr(arg0, 1, 6))
