0.12/0.19	=== Examples (../../dataset/examples/examples-64.json)
0.12/0.19	IO(inputs=('# this is a comment',), output='# this is a comment')
0.12/0.19	IO(inputs=('code code code # comment',), output='# comment')
0.12/0.19	=== Library
0.12/0.19	concat
0.12/0.19	index
0.12/0.19	length
0.12/0.19	substr
0.12/0.19	add
0.12/0.19	sub
0.12/0.19	=== Synthesis
0.12/0.19	['concat']: UNSAT (0.022 seconds)
0.12/0.22	['index']: UNSAT (0.021 seconds)
0.12/0.24	['length']: UNSAT (0.015 seconds)
0.12/0.25	['substr']: UNSAT (0.027 seconds)
0.12/0.28	['add']: UNSAT (0.021 seconds)
0.12/0.30	['sub']: UNSAT (0.021 seconds)
0.28/0.32	['concat', 'concat']: UNSAT (0.040 seconds)
0.28/0.36	['concat', 'index']: UNSAT (0.036 seconds)
0.28/0.40	['concat', 'length']: UNSAT (0.028 seconds)
0.39/0.43	['concat', 'substr']: UNSAT (0.108 seconds)
0.46/0.54	['concat', 'add']: UNSAT (0.029 seconds)
0.46/0.57	['concat', 'sub']: UNSAT (0.030 seconds)
0.56/0.60	['index', 'index']: UNSAT (0.041 seconds)
0.56/0.64	['index', 'length']: UNSAT (0.029 seconds)
0.63/0.67	['index', 'substr']: SAT (4.233 seconds)
4.89/4.90	substr(arg0, index(arg0, '#', 0), 629)
