0.17/0.20	=== Examples (../../dataset/examples/examples-08.json)
0.17/0.20	IO(inputs=('one|two|three',), output='one | two | three')
0.17/0.20	IO(inputs=('a|b|c',), output='a | b | c')
0.17/0.20	=== Library
0.17/0.20	concat
0.17/0.20	index
0.17/0.20	length
0.17/0.20	substr
0.17/0.20	add
0.17/0.20	sub
0.17/0.20	=== Synthesis
0.17/0.20	['concat']: UNSAT (0.029 seconds)
0.17/0.23	['index']: UNSAT (0.029 seconds)
0.17/0.26	['length']: UNSAT (0.021 seconds)
0.17/0.28	['substr']: UNSAT (0.030 seconds)
0.17/0.31	['add']: UNSAT (0.026 seconds)
0.31/0.34	['sub']: UNSAT (0.026 seconds)
0.31/0.36	['concat', 'concat']: UNSAT (0.099 seconds)
0.36/0.46	['concat', 'index']: UNSAT (0.046 seconds)
0.46/0.51	['concat', 'length']: UNSAT (0.035 seconds)
0.46/0.55	['concat', 'substr']: UNSAT (0.116 seconds)
0.63/0.66	['concat', 'add']: UNSAT (0.031 seconds)
0.63/0.70	['concat', 'sub']: UNSAT (0.030 seconds)
0.69/0.73	['index', 'index']: UNSAT (0.040 seconds)
0.69/0.77	['index', 'length']: UNSAT (0.030 seconds)
0.79/0.80	['index', 'substr']: UNSAT (0.060 seconds)
0.79/0.86	['index', 'add']: UNSAT (0.034 seconds)
0.79/0.89	['index', 'sub']: UNSAT (0.035 seconds)
0.89/0.93	['length', 'length']: UNSAT (0.022 seconds)
0.89/0.95	['length', 'substr']: UNSAT (0.035 seconds)
0.89/0.99	['length', 'add']: UNSAT (0.026 seconds)
0.89/1.01	['length', 'sub']: UNSAT (0.025 seconds)
1.03/1.04	['substr', 'substr']: UNSAT (0.041 seconds)
1.03/1.08	['substr', 'add']: UNSAT (0.036 seconds)
1.03/1.12	['substr', 'sub']: UNSAT (0.036 seconds)
1.13/1.16	['add', 'add']: UNSAT (0.033 seconds)
1.13/1.19	['add', 'sub']: UNSAT (0.032 seconds)
1.19/1.22	['sub', 'sub']: UNSAT (0.032 seconds)
1.19/1.26	['concat', 'concat', 'concat']: UNSAT (3.259 seconds)
4.48/4.52	['concat', 'concat', 'index']: UNSAT (0.059 seconds)
4.48/4.57	['concat', 'concat', 'length']: UNSAT (0.047 seconds)
4.58/4.62	['concat', 'concat', 'substr']: UNSAT (2.349 seconds)
6.88/6.97	['concat', 'concat', 'add']: UNSAT (0.062 seconds)
6.88/7.03	['concat', 'concat', 'sub']: UNSAT (0.044 seconds)
7.02/7.08	['concat', 'index', 'index']: UNSAT (0.061 seconds)
7.12/7.14	['concat', 'index', 'length']: UNSAT (0.047 seconds)
7.12/7.19	['concat', 'index', 'substr']: UNSAT (0.341 seconds)
7.48/7.53	['concat', 'index', 'add']: UNSAT (0.054 seconds)
7.48/7.59	['concat', 'index', 'sub']: UNSAT (0.052 seconds)
7.58/7.64	['concat', 'length', 'length']: UNSAT (0.037 seconds)
7.58/7.68	['concat', 'length', 'substr']: UNSAT (0.159 seconds)
7.78/7.84	['concat', 'length', 'add']: UNSAT (0.038 seconds)
7.78/7.88	['concat', 'length', 'sub']: UNSAT (0.039 seconds)
7.88/7.92	['concat', 'substr', 'substr']: UNSAT (0.263 seconds)
8.12/8.18	['concat', 'substr', 'add']: UNSAT (0.139 seconds)
8.28/8.32	['concat', 'substr', 'sub']: UNSAT (0.145 seconds)
8.38/8.47	['concat', 'add', 'add']: UNSAT (0.044 seconds)
8.48/8.51	['concat', 'add', 'sub']: UNSAT (0.066 seconds)
8.48/8.58	['concat', 'sub', 'sub']: UNSAT (0.047 seconds)
8.58/8.63	['index', 'index', 'index']: UNSAT (0.067 seconds)
8.58/8.69	['index', 'index', 'length']: UNSAT (0.054 seconds)
8.68/8.75	['index', 'index', 'substr']: UNSAT (0.075 seconds)
8.78/8.83	['index', 'index', 'add']: UNSAT (0.055 seconds)
8.78/8.88	['index', 'index', 'sub']: UNSAT (0.056 seconds)
8.88/8.94	['index', 'length', 'length']: UNSAT (0.040 seconds)
8.88/8.98	['index', 'length', 'substr']: UNSAT (0.054 seconds)
8.88/9.03	['index', 'length', 'add']: UNSAT (0.045 seconds)
9.02/9.08	['index', 'length', 'sub']: UNSAT (0.044 seconds)
9.02/9.13	['index', 'substr', 'substr']: UNSAT (0.107 seconds)
9.18/9.23	['index', 'substr', 'add']: UNSAT (0.063 seconds)
9.28/9.30	['index', 'substr', 'sub']: UNSAT (0.066 seconds)
9.28/9.36	['index', 'add', 'add']: UNSAT (0.053 seconds)
9.38/9.42	['index', 'add', 'sub']: UNSAT (0.051 seconds)
9.38/9.47	['index', 'sub', 'sub']: UNSAT (0.052 seconds)
9.48/9.52	['length', 'length', 'length']: UNSAT (0.029 seconds)
9.48/9.55	['length', 'length', 'substr']: UNSAT (0.046 seconds)
9.59/9.60	['length', 'length', 'add']: UNSAT (0.038 seconds)
9.59/9.64	['length', 'length', 'sub']: UNSAT (0.034 seconds)
9.59/9.67	['length', 'substr', 'substr']: UNSAT (0.072 seconds)
9.69/9.75	['length', 'substr', 'add']: UNSAT (0.051 seconds)
9.79/9.80	['length', 'substr', 'sub']: UNSAT (0.050 seconds)
9.79/9.85	['length', 'add', 'add']: UNSAT (0.040 seconds)
9.79/9.89	['length', 'add', 'sub']: UNSAT (0.040 seconds)
9.89/9.93	['length', 'sub', 'sub']: UNSAT (0.041 seconds)
9.89/9.97	['substr', 'substr', 'substr']: UNSAT (0.075 seconds)
10.02/10.05	['substr', 'substr', 'add']: UNSAT (0.082 seconds)
10.02/10.13	['substr', 'substr', 'sub']: UNSAT (0.066 seconds)
10.19/10.20	['substr', 'add', 'add']: UNSAT (0.056 seconds)
10.19/10.26	['substr', 'add', 'sub']: UNSAT (0.057 seconds)
10.29/10.31	['substr', 'sub', 'sub']: UNSAT (0.055 seconds)
10.29/10.37	['add', 'add', 'add']: UNSAT (0.050 seconds)
10.39/10.42	['add', 'add', 'sub']: UNSAT (0.050 seconds)
10.39/10.47	['add', 'sub', 'sub']: UNSAT (0.050 seconds)
10.49/10.52	['sub', 'sub', 'sub']: UNSAT (0.052 seconds)
10.49/10.58	['concat', 'concat', 'concat', 'concat']: UNKNOWN (539.269 seconds)
549.78/549.84	Reason: smt tactic failed to show goal to be sat/unsat max-conflicts-reached
549.78/549.84	Reason: smt tactic failed to show goal to be sat/unsat max-conflicts-reached
549.78/549.84	['concat', 'concat', 'concat', 'index']: UNSAT (0.083 seconds)
549.88/549.93	['concat', 'concat', 'concat', 'length']: UNSAT (0.075 seconds)
549.88/550.00	['concat', 'concat', 'concat', 'substr']: 