0.12/0.19	=== Examples (../../dataset/examples/examples-95.json)
0.12/0.19	IO(inputs=('no - he said',), output='Sprint: he said')
0.12/0.19	IO(inputs=('but but why - she said',), output='Sprint: she said')
0.12/0.19	=== Library
0.12/0.19	concat
0.12/0.19	index
0.12/0.19	length
0.12/0.19	substr
0.12/0.19	add
0.12/0.19	sub
0.12/0.19	=== Synthesis
0.12/0.19	['concat']: UNSAT (0.029 seconds)
0.12/0.22	['index']: UNSAT (0.028 seconds)
0.12/0.25	['length']: UNSAT (0.020 seconds)
0.26/0.27	['substr']: UNSAT (0.030 seconds)
0.26/0.30	['add']: UNSAT (0.024 seconds)
0.26/0.33	['sub']: UNSAT (0.025 seconds)
0.26/0.35	['concat', 'concat']: UNSAT (0.048 seconds)
0.36/0.40	['concat', 'index']: UNSAT (0.047 seconds)
0.36/0.45	['concat', 'length']: UNSAT (0.035 seconds)
0.46/0.49	['concat', 'substr']: UNSAT (0.274 seconds)
0.69/0.76	['concat', 'add']: UNSAT (0.029 seconds)
0.69/0.79	['concat', 'sub']: UNSAT (0.030 seconds)
0.79/0.82	['index', 'index']: UNSAT (0.041 seconds)
0.79/0.86	['index', 'length']: UNSAT (0.029 seconds)
0.79/0.89	['index', 'substr']: UNSAT (0.047 seconds)
0.89/0.94	['index', 'add']: UNSAT (0.034 seconds)
0.89/0.98	['index', 'sub']: UNSAT (0.035 seconds)
0.89/1.01	['length', 'length']: UNSAT (0.021 seconds)
0.89/1.03	['length', 'substr']: UNSAT (0.032 seconds)
1.03/1.07	['length', 'add']: UNSAT (0.025 seconds)
1.03/1.09	['length', 'sub']: UNSAT (0.025 seconds)
1.03/1.12	['substr', 'substr']: UNSAT (0.042 seconds)
1.13/1.16	['substr', 'add']: UNSAT (0.037 seconds)
1.18/1.20	['substr', 'sub']: UNSAT (0.035 seconds)
1.18/1.24	['add', 'add']: UNSAT (0.031 seconds)
1.18/1.27	['add', 'sub']: UNSAT (0.031 seconds)
1.28/1.30	['sub', 'sub']: UNSAT (0.032 seconds)
1.28/1.33	['concat', 'concat', 'concat']: UNSAT (0.101 seconds)
1.38/1.43	['concat', 'concat', 'index']: UNSAT (0.053 seconds)
1.38/1.49	['concat', 'concat', 'length']: UNSAT (0.044 seconds)
1.48/1.53	['concat', 'concat', 'substr']: UNSAT (3.791 seconds)
5.28/5.32	['concat', 'concat', 'add']: UNSAT (0.045 seconds)
5.28/5.37	['concat', 'concat', 'sub']: UNSAT (0.045 seconds)
5.38/5.42	['concat', 'index', 'index']: UNSAT (0.058 seconds)
5.38/5.47	['concat', 'index', 'length']: UNSAT (0.046 seconds)
5.48/5.52	['concat', 'index', 'substr']: UNSAT (0.572 seconds)
6.02/6.09	['concat', 'index', 'add']: UNSAT (0.049 seconds)
6.13/6.14	['concat', 'index', 'sub']: UNSAT (0.050 seconds)
6.13/6.19	['concat', 'length', 'length']: UNSAT (0.035 seconds)
6.18/6.23	['concat', 'length', 'substr']: UNSAT (0.210 seconds)
6.38/6.44	['concat', 'length', 'add']: UNSAT (0.039 seconds)
6.38/6.48	['concat', 'length', 'sub']: UNSAT (0.039 seconds)
6.48/6.52	['concat', 'substr', 'substr']: UNSAT (0.553 seconds)
7.02/7.07	['concat', 'substr', 'add']: UNSAT (0.192 seconds)
7.18/7.27	['concat', 'substr', 'sub']: UNSAT (0.312 seconds)
7.48/7.58	['concat', 'add', 'add']: UNSAT (0.044 seconds)
7.58/7.63	['concat', 'add', 'sub']: UNSAT (0.044 seconds)
7.58/7.67	['concat', 'sub', 'sub']: UNSAT (0.043 seconds)
7.68/7.71	['index', 'index', 'index']: UNSAT (0.063 seconds)
7.68/7.78	['index', 'index', 'length']: UNSAT (0.050 seconds)
7.78/7.83	['index', 'index', 'substr']: UNSAT (0.088 seconds)
7.88/7.92	['index', 'index', 'add']: UNSAT (0.055 seconds)
7.88/7.97	['index', 'index', 'sub']: UNSAT (0.057 seconds)
7.88/8.03	['index', 'length', 'length']: UNSAT (0.043 seconds)
8.02/8.08	['index', 'length', 'substr']: UNSAT (0.079 seconds)
8.13/8.16	['index', 'length', 'add']: UNSAT (0.043 seconds)
8.19/8.20	['index', 'length', 'sub']: UNSAT (0.043 seconds)
8.19/8.24	['index', 'substr', 'substr']: UNSAT (0.121 seconds)
8.29/8.37	['index', 'substr', 'add']: UNSAT (0.063 seconds)
8.39/8.43	['index', 'substr', 'sub']: UNSAT (0.064 seconds)
8.39/8.49	['index', 'add', 'add']: UNSAT (0.052 seconds)
8.49/8.55	['index', 'add', 'sub']: UNSAT (0.051 seconds)
8.59/8.60	['index', 'sub', 'sub']: UNSAT (0.051 seconds)
8.59/8.65	['length', 'length', 'length']: UNSAT (0.029 seconds)
8.59/8.68	['length', 'length', 'substr']: UNSAT (0.043 seconds)
8.69/8.72	['length', 'length', 'add']: UNSAT (0.032 seconds)
8.69/8.76	['length', 'length', 'sub']: UNSAT (0.032 seconds)
8.69/8.79	['length', 'substr', 'substr']: UNSAT (0.064 seconds)
8.79/8.85	['length', 'substr', 'add']: UNSAT (0.048 seconds)
8.89/8.90	['length', 'substr', 'sub']: UNSAT (0.048 seconds)
8.89/8.95	['length', 'add', 'add']: UNSAT (0.040 seconds)
8.89/8.99	['length', 'add', 'sub']: UNSAT (0.041 seconds)
8.89/9.03	['length', 'sub', 'sub']: UNSAT (0.040 seconds)
9.03/9.08	['substr', 'substr', 'substr']: UNSAT (0.073 seconds)
9.13/9.15	['substr', 'substr', 'add']: UNSAT (0.063 seconds)
9.19/9.21	['substr', 'substr', 'sub']: UNSAT (0.065 seconds)
9.19/9.28	['substr', 'add', 'add']: UNSAT (0.055 seconds)
9.29/9.34	['substr', 'add', 'sub']: UNSAT (0.059 seconds)
9.29/9.40	['substr', 'sub', 'sub']: UNSAT (0.056 seconds)
9.39/9.45	['add', 'add', 'add']: UNSAT (0.048 seconds)
9.49/9.50	['add', 'add', 'sub']: UNSAT (0.049 seconds)
9.49/9.55	['add', 'sub', 'sub']: UNSAT (0.048 seconds)
9.59/9.60	['sub', 'sub', 'sub']: UNSAT (0.048 seconds)
9.59/9.65	['concat', 'concat', 'concat', 'concat']: UNSAT (0.231 seconds)
9.79/9.88	['concat', 'concat', 'concat', 'index']: UNSAT (0.079 seconds)
9.89/9.96	['concat', 'concat', 'concat', 'length']: UNSAT (0.065 seconds)
9.89/10.03	['concat', 'concat', 'concat', 'substr']: UNKNOWN (153.179 seconds)
163.15/163.21	Reason: smt tactic failed to show goal to be sat/unsat max-conflicts-reached
163.15/163.21	Reason: smt tactic failed to show goal to be sat/unsat max-conflicts-reached
163.15/163.21	['concat', 'concat', 'concat', 'add']: UNSAT (0.067 seconds)
163.15/163.28	['concat', 'concat', 'concat', 'sub']: UNSAT (0.064 seconds)
163.25/163.34	['concat', 'concat', 'index', 'index']: UNSAT (0.077 seconds)
163.35/163.42	['concat', 'concat', 'index', 'length']: UNSAT (0.066 seconds)
163.35/163.49	['concat', 'concat', 'index', 'substr']: UNKNOWN (61.309 seconds)
224.63/224.80	Reason: smt tactic failed to show goal to be sat/unsat max-conflicts-reached
224.63/224.80	Reason: smt tactic failed to show goal to be sat/unsat max-conflicts-reached
224.63/224.80	['concat', 'concat', 'index', 'add']: UNSAT (0.073 seconds)
224.73/224.87	['concat', 'concat', 'index', 'sub']: UNSAT (0.068 seconds)
224.83/224.94	['concat', 'concat', 'length', 'length']: UNSAT (0.055 seconds)
224.83/224.99	['concat', 'concat', 'length', 'substr']: UNSAT (5.965 seconds)
230.83/230.96	['concat', 'concat', 'length', 'add']: UNSAT (0.056 seconds)
230.83/231.02	['concat', 'concat', 'length', 'sub']: UNSAT (0.057 seconds)
230.97/231.07	['concat', 'concat', 'substr', 'substr']: UNSAT (52.207 seconds)
283.14/283.28	['concat', 'concat', 'substr', 'add']: UNSAT (4.447 seconds)
287.64/287.73	['concat', 'concat', 'substr', 'sub']: UNSAT (5.983 seconds)
293.64/293.71	['concat', 'concat', 'add', 'add']: UNSAT (0.058 seconds)
293.64/293.77	['concat', 'concat', 'add', 'sub']: UNSAT (0.062 seconds)
293.74/293.84	['concat', 'concat', 'sub', 'sub']: UNSAT (0.063 seconds)
293.84/293.90	['concat', 'index', 'index', 'index']: UNSAT (0.086 seconds)
293.84/293.99	['concat', 'index', 'index', 'length']: UNSAT (0.073 seconds)
293.97/294.06	['concat', 'index', 'index', 'substr']: UNSAT (1.776 seconds)
295.74/295.84	['concat', 'index', 'index', 'add']: UNSAT (0.071 seconds)
295.84/295.91	['concat', 'index', 'index', 'sub']: UNSAT (0.075 seconds)
295.84/295.99	['concat', 'index', 'length', 'length']: UNSAT (0.058 seconds)
295.97/296.04	['concat', 'index', 'length', 'substr']: UNSAT (1.676 seconds)
297.64/297.72	['concat', 'index', 'length', 'add']: UNSAT (0.058 seconds)
297.64/297.78	['concat', 'index', 'length', 'sub']: UNSAT (0.059 seconds)
297.74/297.84	['concat', 'index', 'substr', 'substr']: UNSAT (10.268 seconds)
307.97/308.11	['concat', 'index', 'substr', 'add']: UNSAT (2.007 seconds)
309.97/310.12	['concat', 'index', 'substr', 'sub']: UNSAT (2.808 seconds)
312.83/312.93	['concat', 'index', 'add', 'add']: UNSAT (0.070 seconds)
312.83/313.00	['concat', 'index', 'add', 'sub']: UNSAT (0.063 seconds)
312.97/313.06	['concat', 'index', 'sub', 'sub']: UNSAT (0.067 seconds)
312.97/313.13	['concat', 'length', 'length', 'length']: UNSAT (0.048 seconds)
313.08/313.18	['concat', 'length', 'length', 'substr']: UNSAT (0.140 seconds)
313.23/313.32	['concat', 'length', 'length', 'add']: UNSAT (0.049 seconds)
313.23/313.37	['concat', 'length', 'length', 'sub']: UNSAT (0.046 seconds)
313.33/313.41	['concat', 'length', 'substr', 'substr']: UNSAT (3.828 seconds)
317.13/317.24	['concat', 'length', 'substr', 'add']: UNSAT (0.534 seconds)
317.63/317.78	['concat', 'length', 'substr', 'sub']: UNSAT (0.419 seconds)
318.13/318.20	['concat', 'length', 'add', 'add']: UNSAT (0.055 seconds)
318.13/318.25	['concat', 'length', 'add', 'sub']: UNSAT (0.054 seconds)
318.23/318.31	['concat', 'length', 'sub', 'sub']: UNSAT (0.052 seconds)
318.23/318.36	['concat', 'substr', 'substr', 'substr']: UNSAT (5.034 seconds)
323.33/323.40	['concat', 'substr', 'substr', 'add']: UNSAT (2.264 seconds)
325.53/325.66	['concat', 'substr', 'substr', 'sub']: UNSAT (2.930 seconds)
328.43/328.59	['concat', 'substr', 'add', 'add']: UNSAT (0.462 seconds)
328.97/329.06	['concat', 'substr', 'add', 'sub']: UNSAT (0.505 seconds)
329.43/329.56	['concat', 'substr', 'sub', 'sub']: UNSAT (0.389 seconds)
329.83/329.95	['concat', 'add', 'add', 'add']: UNSAT (0.063 seconds)
329.83/330.02	['concat', 'add', 'add', 'sub']: UNSAT (0.066 seconds)
329.97/330.08	['concat', 'add', 'sub', 'sub']: UNSAT (0.062 seconds)
330.08/330.15	['concat', 'sub', 'sub', 'sub']: UNSAT (0.081 seconds)
330.13/330.23	['index', 'index', 'index', 'index']: UNSAT (0.095 seconds)
330.23/330.32	['index', 'index', 'index', 'length']: UNSAT (0.080 seconds)
330.33/330.41	['index', 'index', 'index', 'substr']: UNSAT (0.112 seconds)
330.43/330.52	['index', 'index', 'index', 'add']: UNSAT (0.084 seconds)
330.53/330.60	['index', 'index', 'index', 'sub']: UNSAT (0.087 seconds)
330.53/330.69	['index', 'index', 'length', 'length']: UNSAT (0.064 seconds)
330.63/330.76	['index', 'index', 'length', 'substr']: UNSAT (0.087 seconds)
330.73/330.84	['index', 'index', 'length', 'add']: UNSAT (0.068 seconds)
330.83/330.91	['index', 'index', 'length', 'sub']: UNSAT (0.063 seconds)
330.83/330.98	['index', 'index', 'substr', 'substr']: UNSAT (0.147 seconds)
330.97/331.12	['index', 'index', 'substr', 'add']: UNSAT (0.142 seconds)
331.13/331.27	['index', 'index', 'substr', 'sub']: UNSAT (0.102 seconds)
331.23/331.37	['index', 'index', 'add', 'add']: UNSAT (0.079 seconds)
331.33/331.45	['index', 'index', 'add', 'sub']: UNSAT (0.075 seconds)
331.43/331.53	['index', 'index', 'sub', 'sub']: UNSAT (0.082 seconds)
331.53/331.61	['index', 'length', 'length', 'length']: UNSAT (0.048 seconds)
331.53/331.66	['index', 'length', 'length', 'substr']: UNSAT (0.077 seconds)
331.63/331.74	['index', 'length', 'length', 'add']: UNSAT (0.050 seconds)
331.63/331.79	['index', 'length', 'length', 'sub']: UNSAT (0.051 seconds)
331.73/331.84	['index', 'length', 'substr', 'substr']: UNSAT (0.122 seconds)
331.83/331.96	['index', 'length', 'substr', 'add']: UNSAT (0.085 seconds)
331.97/332.05	['index', 'length', 'substr', 'sub']: UNSAT (0.082 seconds)
331.97/332.13	['index', 'length', 'add', 'add']: UNSAT (0.065 seconds)
332.13/332.20	['index', 'length', 'add', 'sub']: UNSAT (0.063 seconds)
332.13/332.26	['index', 'length', 'sub', 'sub']: UNSAT (0.070 seconds)
332.23/332.33	['index', 'substr', 'substr', 'substr']: UNSAT (0.381 seconds)
332.63/332.71	['index', 'substr', 'substr', 'add']: UNSAT (0.192 seconds)
332.83/332.91	['index', 'substr', 'substr', 'sub']: UNSAT (0.195 seconds)
332.97/333.10	['index', 'substr', 'add', 'add']: UNSAT (0.101 seconds)
333.13/333.21	['index', 'substr', 'add', 'sub']: UNSAT (0.152 seconds)
333.23/333.36	['index', 'substr', 'sub', 'sub']: UNSAT (0.107 seconds)
333.33/333.47	['index', 'add', 'add', 'add']: UNSAT (0.081 seconds)
333.43/333.55	['index', 'add', 'add', 'sub']: UNSAT (0.077 seconds)
333.53/333.63	['index', 'add', 'sub', 'sub']: UNSAT (0.078 seconds)
333.63/333.71	['index', 'sub', 'sub', 'sub']: UNSAT (0.077 seconds)
333.63/333.78	['length', 'length', 'length', 'length']: UNSAT (0.038 seconds)
333.73/333.82	['length', 'length', 'length', 'substr']: UNSAT (0.048 seconds)
333.73/333.87	['length', 'length', 'length', 'add']: UNSAT (0.038 seconds)
333.83/333.91	['length', 'length', 'length', 'sub']: UNSAT (0.042 seconds)
333.83/333.95	['length', 'length', 'substr', 'substr']: UNSAT (0.095 seconds)
333.97/334.05	['length', 'length', 'substr', 'add']: UNSAT (0.062 seconds)
333.97/334.11	['length', 'length', 'substr', 'sub']: UNSAT (0.064 seconds)
334.07/334.18	['length', 'length', 'add', 'add']: UNSAT (0.047 seconds)
334.13/334.22	['length', 'length', 'add', 'sub']: UNSAT (0.044 seconds)
334.13/334.27	['length', 'length', 'sub', 'sub']: UNSAT (0.048 seconds)
334.24/334.32	['length', 'substr', 'substr', 'substr']: UNSAT (0.170 seconds)
334.33/334.49	['length', 'substr', 'substr', 'add']: UNSAT (0.096 seconds)
334.43/334.59	['length', 'substr', 'substr', 'sub']: UNSAT (0.101 seconds)
334.53/334.69	['length', 'substr', 'add', 'add']: UNSAT (0.079 seconds)
334.63/334.77	['length', 'substr', 'add', 'sub']: UNSAT (0.079 seconds)
334.73/334.85	['length', 'substr', 'sub', 'sub']: UNSAT (0.076 seconds)
334.83/334.92	['length', 'add', 'add', 'add']: UNSAT (0.063 seconds)
334.83/334.99	['length', 'add', 'add', 'sub']: UNSAT (0.060 seconds)
334.97/335.05	['length', 'add', 'sub', 'sub']: UNSAT (0.061 seconds)
334.97/335.11	['length', 'sub', 'sub', 'sub']: UNSAT (0.064 seconds)
335.07/335.18	['substr', 'substr', 'substr', 'substr']: UNSAT (0.159 seconds)
335.23/335.34	['substr', 'substr', 'substr', 'add']: UNSAT (0.107 seconds)
335.33/335.44	['substr', 'substr', 'substr', 'sub']: UNSAT (0.103 seconds)
335.43/335.55	['substr', 'substr', 'add', 'add']: UNSAT (0.091 seconds)
335.53/335.64	['substr', 'substr', 'add', 'sub']: UNSAT (0.090 seconds)
335.63/335.73	['substr', 'substr', 'sub', 'sub']: UNSAT (0.093 seconds)
335.73/335.82	['substr', 'add', 'add', 'add']: UNSAT (0.085 seconds)
335.83/335.91	['substr', 'add', 'add', 'sub']: UNSAT (0.073 seconds)
335.83/335.98	['substr', 'add', 'sub', 'sub']: UNSAT (0.082 seconds)
335.97/336.07	['substr', 'sub', 'sub', 'sub']: UNSAT (0.092 seconds)
336.07/336.16	['add', 'add', 'add', 'add']: UNSAT (0.072 seconds)
336.13/336.23	['add', 'add', 'add', 'sub']: UNSAT (0.071 seconds)
336.23/336.30	['add', 'add', 'sub', 'sub']: UNSAT (0.072 seconds)
336.23/336.38	['add', 'sub', 'sub', 'sub']: UNSAT (0.073 seconds)
336.33/336.45	['sub', 'sub', 'sub', 'sub']: UNSAT (0.076 seconds)
336.43/336.53	['concat', 'concat', 'concat', 'concat', 'concat']: UNSAT (0.454 seconds)
336.83/336.98	['concat', 'concat', 'concat', 'concat', 'index']: UNSAT (0.107 seconds)
336.97/337.09	['concat', 'concat', 'concat', 'concat', 'length']: UNSAT (0.091 seconds)
337.07/337.18	['concat', 'concat', 'concat', 'concat', 'substr']: 