0.15/0.19	=== Examples (../../dataset/examples/examples-20.json)
0.15/0.19	IO(inputs=('In+hac+habitasse+platea+dictumst.+Sed+dapibus+sit+amet+neque+gravida+sed.',), output='In hac habitasse platea dictumst. Sed dapibus')
0.15/0.19	IO(inputs=('Maecenas+mattis+nec+orci+a+luctus.+Maecenas+metus.',), output='Maecenas mattis nec orci a luctus. Maecenas m')
0.15/0.19	=== Library
0.15/0.19	concat
0.15/0.19	index
0.15/0.19	length
0.15/0.19	substr
0.15/0.19	add
0.15/0.19	sub
0.15/0.19	=== Synthesis
0.15/0.19	['concat']: UNSAT (0.030 seconds)
0.15/0.22	['index']: UNSAT (0.028 seconds)
0.15/0.25	['length']: UNSAT (0.021 seconds)
0.15/0.27	['substr']: UNSAT (0.079 seconds)
0.29/0.35	['add']: UNSAT (0.025 seconds)
0.36/0.38	['sub']: UNSAT (0.024 seconds)
0.36/0.41	['concat', 'concat']: UNSAT (0.052 seconds)
0.36/0.46	['concat', 'index']: UNSAT (0.047 seconds)
0.45/0.51	['concat', 'length']: UNSAT (0.035 seconds)
0.45/0.54	['concat', 'substr']: UNSAT (1.522 seconds)
2.01/2.06	['concat', 'add']: UNSAT (0.030 seconds)
2.01/2.10	['concat', 'sub']: UNSAT (0.030 seconds)
2.01/2.13	['index', 'index']: UNSAT (0.039 seconds)
2.13/2.17	['index', 'length']: UNSAT (0.029 seconds)
2.19/2.20	['index', 'substr']: UNSAT (0.322 seconds)
2.49/2.52	['index', 'add']: UNSAT (0.034 seconds)
2.49/2.55	['index', 'sub']: UNSAT (0.035 seconds)
2.49/2.59	['length', 'length']: UNSAT (0.022 seconds)
2.59/2.61	['length', 'substr']: UNSAT (0.076 seconds)
2.59/2.69	['length', 'add']: UNSAT (0.025 seconds)
2.69/2.71	['length', 'sub']: UNSAT (0.025 seconds)
2.69/2.74	['substr', 'substr']: UNSAT (0.228 seconds)
2.89/2.97	['substr', 'add']: UNSAT (0.092 seconds)
3.01/3.06	['substr', 'sub']: UNSAT (0.083 seconds)
3.13/3.15	['add', 'add']: UNSAT (0.032 seconds)
3.13/3.18	['add', 'sub']: UNSAT (0.031 seconds)
3.19/3.21	['sub', 'sub']: UNSAT (0.031 seconds)
3.19/3.24	['concat', 'concat', 'concat']: UNSAT (0.180 seconds)
3.39/3.42	['concat', 'concat', 'index']: UNSAT (0.054 seconds)
3.39/3.48	['concat', 'concat', 'length']: UNSAT (0.046 seconds)
3.49/3.52	['concat', 'concat', 'substr']: UNSAT (111.470 seconds)
114.89/114.99	['concat', 'concat', 'add']: UNSAT (0.046 seconds)
115.00/115.04	['concat', 'concat', 'sub']: UNSAT (0.045 seconds)
115.00/115.09	['concat', 'index', 'index']: UNSAT (0.057 seconds)
115.12/115.14	['concat', 'index', 'length']: UNSAT (0.047 seconds)
115.12/115.19	['concat', 'index', 'substr']: UNSAT (3.901 seconds)
119.01/119.10	['concat', 'index', 'add']: UNSAT (0.047 seconds)
119.13/119.14	['concat', 'index', 'sub']: UNSAT (0.046 seconds)
119.13/119.19	['concat', 'length', 'length']: UNSAT (0.033 seconds)
119.19/119.22	['concat', 'length', 'substr']: UNSAT (1.047 seconds)
120.19/120.27	['concat', 'length', 'add']: UNSAT (0.037 seconds)
120.29/120.31	['concat', 'length', 'sub']: UNSAT (0.035 seconds)
120.29/120.34	['concat', 'substr', 'substr']: UNSAT (17.474 seconds)
137.80/137.82	['concat', 'substr', 'add']: UNSAT (2.000 seconds)
139.80/139.82	['concat', 'substr', 'sub']: UNSAT (1.459 seconds)
141.18/141.28	['concat', 'add', 'add']: UNSAT (0.048 seconds)
141.28/141.33	['concat', 'add', 'sub']: UNSAT (0.041 seconds)
141.28/141.37	['concat', 'sub', 'sub']: UNSAT (0.043 seconds)
141.38/141.41	['index', 'index', 'index']: UNSAT (0.063 seconds)
141.38/141.48	['index', 'index', 'length']: UNSAT (0.051 seconds)
141.48/141.53	['index', 'index', 'substr']: UNSAT (0.210 seconds)
141.68/141.74	['index', 'index', 'add']: UNSAT (0.093 seconds)
141.80/141.83	['index', 'index', 'sub']: UNSAT (0.075 seconds)
141.88/141.91	['index', 'length', 'length']: UNSAT (0.052 seconds)
141.88/141.96	['index', 'length', 'substr']: UNSAT (0.200 seconds)
142.12/142.17	['index', 'length', 'add']: UNSAT (0.060 seconds)
142.18/142.23	['index', 'length', 'sub']: UNSAT (0.058 seconds)
142.18/142.29	['index', 'substr', 'substr']: UNSAT (0.926 seconds)
143.18/143.21	['index', 'substr', 'add']: UNSAT (0.218 seconds)
143.38/143.43	['index', 'substr', 'sub']: UNSAT (0.919 seconds)
144.28/144.35	['index', 'add', 'add']: UNSAT (0.051 seconds)
144.38/144.40	['index', 'add', 'sub']: UNSAT (0.052 seconds)
144.38/144.46	['index', 'sub', 'sub']: UNSAT (0.052 seconds)
144.48/144.51	['length', 'length', 'length']: UNSAT (0.028 seconds)
144.48/144.54	['length', 'length', 'substr']: UNSAT (0.057 seconds)
144.58/144.60	['length', 'length', 'add']: UNSAT (0.033 seconds)
144.58/144.63	['length', 'length', 'sub']: UNSAT (0.032 seconds)
144.58/144.66	['length', 'substr', 'substr']: UNSAT (0.396 seconds)
145.00/145.06	['length', 'substr', 'add']: UNSAT (0.108 seconds)
145.12/145.17	['length', 'substr', 'sub']: UNSAT (0.198 seconds)
145.28/145.37	['length', 'add', 'add']: UNSAT (0.039 seconds)
145.38/145.41	['length', 'add', 'sub']: UNSAT (0.040 seconds)
145.38/145.45	['length', 'sub', 'sub']: UNSAT (0.042 seconds)
145.38/145.49	['substr', 'substr', 'substr']: UNSAT (0.542 seconds)
145.88/146.03	['substr', 'substr', 'add']: UNSAT (0.432 seconds)
146.38/146.47	['substr', 'substr', 'sub']: UNSAT (0.460 seconds)
146.88/146.93	['substr', 'add', 'add']: UNSAT (0.136 seconds)
147.00/147.07	['substr', 'add', 'sub']: UNSAT (0.112 seconds)
147.12/147.18	['substr', 'sub', 'sub']: UNSAT (0.122 seconds)
147.28/147.30	['add', 'add', 'add']: UNSAT (0.055 seconds)
147.28/147.36	['add', 'add', 'sub']: UNSAT (0.052 seconds)
147.38/147.41	['add', 'sub', 'sub']: UNSAT (0.049 seconds)
147.38/147.46	['sub', 'sub', 'sub']: UNSAT (0.051 seconds)
147.48/147.51	['concat', 'concat', 'concat', 'concat']: UNSAT (0.284 seconds)
147.68/147.80	['concat', 'concat', 'concat', 'index']: UNSAT (0.082 seconds)
147.79/147.88	['concat', 'concat', 'concat', 'length']: UNSAT (0.063 seconds)
147.88/147.95	['concat', 'concat', 'concat', 'substr']: 