0.11/0.21	=== Examples (../../dataset/examples/examples-77.json)
0.11/0.21	IO(inputs=('George Michael',), output='Michael')
0.11/0.21	IO(inputs=('Michael Bluth',), output='Bluth')
0.11/0.21	=== Library
0.11/0.21	concat
0.11/0.21	index
0.11/0.21	length
0.11/0.21	substr
0.11/0.21	add
0.11/0.21	sub
0.11/0.21	=== Synthesis
0.11/0.21	['concat']: UNSAT (0.050 seconds)
0.11/0.26	['index']: UNSAT (0.048 seconds)
0.11/0.31	['length']: UNSAT (0.020 seconds)
0.11/0.33	['substr']: UNSAT (0.027 seconds)
0.30/0.35	['add']: UNSAT (0.021 seconds)
0.30/0.38	['sub']: UNSAT (0.021 seconds)
0.30/0.40	['concat', 'concat']: UNSAT (0.039 seconds)
0.30/0.44	['concat', 'index']: UNSAT (0.038 seconds)
0.41/0.48	['concat', 'length']: UNSAT (0.029 seconds)
0.41/0.51	['concat', 'substr']: SAT (0.084 seconds)
0.53/0.59	substr(concat(arg0, arg0), 21, 21)
