0.10/0.18	=== Examples (../../dataset/examples/examples-48.json)
0.10/0.18	IO(inputs=('John', 'Doe', '@gmail.com'), output='johndoe.@gmail.com')
0.10/0.18	IO(inputs=('Jane', 'Smith', '@outsystems.com'), output='janesmith.@outsystems.com')
0.10/0.18	=== Library
0.10/0.18	concat
0.10/0.18	index
0.10/0.18	length
0.10/0.18	substr
0.10/0.18	add
0.10/0.18	sub
0.10/0.18	=== Synthesis
0.10/0.18	['concat']: UNSAT (0.032 seconds)
0.10/0.21	['index']: UNSAT (0.032 seconds)
0.10/0.24	['length']: UNSAT (0.022 seconds)
0.10/0.27	['substr']: UNSAT (0.034 seconds)
0.24/0.30	['add']: UNSAT (0.026 seconds)
0.24/0.33	['sub']: UNSAT (0.026 seconds)
0.24/0.36	['concat', 'concat']: UNSAT (0.054 seconds)
0.34/0.41	['concat', 'index']: UNSAT (0.052 seconds)
0.34/0.46	['concat', 'length']: UNSAT (0.030 seconds)
0.44/0.49	['concat', 'substr']: UNSAT (0.039 seconds)
0.44/0.53	['concat', 'add']: UNSAT (0.032 seconds)
0.44/0.57	['concat', 'sub']: UNSAT (0.037 seconds)
0.54/0.60	['index', 'index']: UNSAT (0.044 seconds)
0.62/0.65	['index', 'length']: UNSAT (0.031 seconds)
0.62/0.68	['index', 'substr']: UNSAT (0.051 seconds)
0.70/0.73	['index', 'add']: UNSAT (0.037 seconds)
0.70/0.77	['index', 'sub']: UNSAT (0.038 seconds)
0.79/0.81	['length', 'length']: UNSAT (0.023 seconds)
0.79/0.83	['length', 'substr']: UNSAT (0.033 seconds)
0.79/0.87	['length', 'add']: UNSAT (0.026 seconds)
0.79/0.89	['length', 'sub']: UNSAT (0.027 seconds)
0.89/0.92	['substr', 'substr']: UNSAT (0.045 seconds)
0.89/0.97	['substr', 'add']: UNSAT (0.038 seconds)
0.89/1.01	['substr', 'sub']: UNSAT (0.035 seconds)
1.01/1.04	['add', 'add']: UNSAT (0.031 seconds)
1.01/1.08	['add', 'sub']: UNSAT (0.033 seconds)
1.01/1.11	['sub', 'sub']: UNSAT (0.033 seconds)
1.13/1.14	['concat', 'concat', 'concat']: UNSAT (0.175 seconds)
1.29/1.32	['concat', 'concat', 'index']: UNSAT (0.060 seconds)
1.29/1.38	['concat', 'concat', 'length']: UNSAT (0.045 seconds)
1.39/1.42	['concat', 'concat', 'substr']: UNSAT (0.093 seconds)
1.49/1.52	['concat', 'concat', 'add']: UNSAT (0.048 seconds)
1.49/1.57	['concat', 'concat', 'sub']: UNSAT (0.049 seconds)
1.59/1.62	['concat', 'index', 'index']: UNSAT (0.063 seconds)
1.59/1.68	['concat', 'index', 'length']: UNSAT (0.056 seconds)
1.69/1.74	['concat', 'index', 'substr']: UNSAT (0.093 seconds)
1.79/1.83	['concat', 'index', 'add']: UNSAT (0.053 seconds)
1.79/1.89	['concat', 'index', 'sub']: UNSAT (0.056 seconds)
1.89/1.94	['concat', 'length', 'length']: UNSAT (0.038 seconds)
1.89/1.98	['concat', 'length', 'substr']: UNSAT (0.056 seconds)
2.01/2.04	['concat', 'length', 'add']: UNSAT (0.041 seconds)
2.01/2.08	['concat', 'length', 'sub']: UNSAT (0.040 seconds)
2.01/2.12	['concat', 'substr', 'substr']: UNSAT (0.069 seconds)
2.13/2.19	['concat', 'substr', 'add']: UNSAT (0.054 seconds)
2.19/2.25	['concat', 'substr', 'sub']: UNSAT (0.053 seconds)
2.29/2.30	['concat', 'add', 'add']: UNSAT (0.047 seconds)
2.29/2.35	['concat', 'add', 'sub']: UNSAT (0.047 seconds)
2.39/2.40	['concat', 'sub', 'sub']: UNSAT (0.047 seconds)
2.39/2.44	['index', 'index', 'index']: UNSAT (0.068 seconds)
2.49/2.51	['index', 'index', 'length']: UNSAT (0.056 seconds)
2.49/2.57	['index', 'index', 'substr']: UNSAT (0.079 seconds)
2.59/2.65	['index', 'index', 'add']: UNSAT (0.059 seconds)
2.69/2.71	['index', 'index', 'sub']: UNSAT (0.065 seconds)
2.69/2.78	['index', 'length', 'length']: UNSAT (0.042 seconds)
2.79/2.82	['index', 'length', 'substr']: UNSAT (0.059 seconds)
2.79/2.88	['index', 'length', 'add']: UNSAT (0.046 seconds)
2.89/2.93	['index', 'length', 'sub']: UNSAT (0.054 seconds)
2.89/2.98	['index', 'substr', 'substr']: UNSAT (0.083 seconds)
3.01/3.07	['index', 'substr', 'add']: UNSAT (0.070 seconds)
3.13/3.14	['index', 'substr', 'sub']: UNSAT (0.062 seconds)
3.19/3.20	['index', 'add', 'add']: UNSAT (0.054 seconds)
3.19/3.25	['index', 'add', 'sub']: UNSAT (0.055 seconds)
3.29/3.31	['index', 'sub', 'sub']: UNSAT (0.055 seconds)
3.29/3.37	['length', 'length', 'length']: UNSAT (0.032 seconds)
3.39/3.40	['length', 'length', 'substr']: UNSAT (0.043 seconds)
3.39/3.44	['length', 'length', 'add']: UNSAT (0.034 seconds)
3.39/3.48	['length', 'length', 'sub']: UNSAT (0.035 seconds)
3.49/3.51	['length', 'substr', 'substr']: UNSAT (0.057 seconds)
3.49/3.57	['length', 'substr', 'add']: UNSAT (0.047 seconds)
3.59/3.62	['length', 'substr', 'sub']: UNSAT (0.047 seconds)
3.59/3.67	['length', 'add', 'add']: UNSAT (0.040 seconds)
3.69/3.71	['length', 'add', 'sub']: UNSAT (0.039 seconds)
3.69/3.75	['length', 'sub', 'sub']: UNSAT (0.039 seconds)
3.69/3.79	['substr', 'substr', 'substr']: UNSAT (0.071 seconds)
3.79/3.86	['substr', 'substr', 'add']: UNSAT (0.063 seconds)
3.89/3.92	['substr', 'substr', 'sub']: UNSAT (0.064 seconds)
3.89/3.99	['substr', 'add', 'add']: UNSAT (0.053 seconds)
4.01/4.04	['substr', 'add', 'sub']: UNSAT (0.056 seconds)
4.01/4.10	['substr', 'sub', 'sub']: UNSAT (0.054 seconds)
4.13/4.15	['add', 'add', 'add']: UNSAT (0.050 seconds)
4.19/4.20	['add', 'add', 'sub']: UNSAT (0.050 seconds)
4.19/4.26	['add', 'sub', 'sub']: UNSAT (0.051 seconds)
4.29/4.31	['sub', 'sub', 'sub']: UNSAT (0.049 seconds)
4.29/4.36	['concat', 'concat', 'concat', 'concat']: UNKNOWN (100.782 seconds)
105.01/105.14	Reason: smt tactic failed to show goal to be sat/unsat max-conflicts-reached
105.01/105.14	Reason: smt tactic failed to show goal to be sat/unsat max-conflicts-reached
105.01/105.14	['concat', 'concat', 'concat', 'index']: UNSAT (0.084 seconds)
105.18/105.23	['concat', 'concat', 'concat', 'length']: UNSAT (0.074 seconds)
105.29/105.30	['concat', 'concat', 'concat', 'substr']: UNKNOWN (56.567 seconds)
161.78/161.87	Reason: smt tactic failed to show goal to be sat/unsat max-conflicts-reached
161.78/161.87	Reason: smt tactic failed to show goal to be sat/unsat max-conflicts-reached
161.78/161.87	['concat', 'concat', 'concat', 'add']: UNSAT (0.070 seconds)
161.88/161.94	['concat', 'concat', 'concat', 'sub']: UNSAT (0.070 seconds)
161.88/162.01	['concat', 'concat', 'index', 'index']: UNSAT (0.088 seconds)
162.00/162.10	['concat', 'concat', 'index', 'length']: UNSAT (0.072 seconds)
162.12/162.17	['concat', 'concat', 'index', 'substr']: UNSAT (1.951 seconds)
164.00/164.12	['concat', 'concat', 'index', 'add']: UNSAT (0.074 seconds)
164.18/164.20	['concat', 'concat', 'index', 'sub']: UNSAT (0.076 seconds)
164.18/164.28	['concat', 'concat', 'length', 'length']: UNSAT (0.058 seconds)
164.28/164.34	['concat', 'concat', 'length', 'substr']: UNSAT (0.524 seconds)
164.78/164.86	['concat', 'concat', 'length', 'add']: UNSAT (0.059 seconds)
164.88/164.92	['concat', 'concat', 'length', 'sub']: UNSAT (0.061 seconds)
164.88/164.98	['concat', 'concat', 'substr', 'substr']: UNSAT (0.477 seconds)
165.39/165.46	['concat', 'concat', 'substr', 'add']: UNSAT (0.108 seconds)
165.48/165.57	['concat', 'concat', 'substr', 'sub']: UNSAT (0.113 seconds)
165.58/165.69	['concat', 'concat', 'add', 'add']: UNSAT (0.066 seconds)
165.68/165.75	['concat', 'concat', 'add', 'sub']: UNSAT (0.066 seconds)
165.78/165.82	['concat', 'concat', 'sub', 'sub']: UNSAT (0.067 seconds)
165.78/165.89	['concat', 'index', 'index', 'index']: UNSAT (0.091 seconds)
165.88/165.98	['concat', 'index', 'index', 'length']: UNSAT (0.078 seconds)
166.00/166.06	['concat', 'index', 'index', 'substr']: UNSAT (0.697 seconds)
166.68/166.76	['concat', 'index', 'index', 'add']: UNSAT (0.080 seconds)
166.78/166.84	['concat', 'index', 'index', 'sub']: UNSAT (0.081 seconds)
166.88/166.92	['concat', 'index', 'length', 'length']: UNSAT (0.061 seconds)
166.88/166.98	['concat', 'index', 'length', 'substr']: UNSAT (0.202 seconds)
167.12/167.18	['concat', 'index', 'length', 'add']: UNSAT (0.065 seconds)
167.18/167.25	['concat', 'index', 'length', 'sub']: UNSAT (0.065 seconds)
167.28/167.32	['concat', 'index', 'substr', 'substr']: UNSAT (0.973 seconds)
168.18/168.29	['concat', 'index', 'substr', 'add']: UNSAT (0.497 seconds)
168.68/168.79	['concat', 'index', 'substr', 'sub']: UNSAT (0.365 seconds)
169.12/169.15	['concat', 'index', 'add', 'add']: UNSAT (0.073 seconds)
169.18/169.23	['concat', 'index', 'add', 'sub']: UNSAT (0.078 seconds)
169.28/169.31	['concat', 'index', 'sub', 'sub']: UNSAT (0.073 seconds)
169.28/169.38	['concat', 'length', 'length', 'length']: UNSAT (0.052 seconds)
169.39/169.44	['concat', 'length', 'length', 'substr']: UNSAT (0.114 seconds)
169.48/169.55	['concat', 'length', 'length', 'add']: UNSAT (0.050 seconds)
169.58/169.60	['concat', 'length', 'length', 'sub']: UNSAT (0.054 seconds)
169.58/169.66	['concat', 'length', 'substr', 'substr']: UNSAT (0.131 seconds)
169.68/169.79	['concat', 'length', 'substr', 'add']: UNSAT (0.076 seconds)
169.78/169.87	['concat', 'length', 'substr', 'sub']: UNSAT (0.079 seconds)
169.88/169.95	['concat', 'length', 'add', 'add']: UNSAT (0.057 seconds)
169.88/170.00	['concat', 'length', 'add', 'sub']: UNSAT (0.060 seconds)
170.00/170.07	['concat', 'length', 'sub', 'sub']: UNSAT (0.063 seconds)
170.00/170.13	['concat', 'substr', 'substr', 'substr']: UNSAT (0.116 seconds)
170.18/170.25	['concat', 'substr', 'substr', 'add']: UNSAT (0.092 seconds)
170.28/170.34	['concat', 'substr', 'substr', 'sub']: UNSAT (0.088 seconds)
170.39/170.43	['concat', 'substr', 'add', 'add']: UNSAT (0.075 seconds)
170.48/170.51	['concat', 'substr', 'add', 'sub']: UNSAT (0.075 seconds)
170.48/170.58	['concat', 'substr', 'sub', 'sub']: UNSAT (0.076 seconds)
170.58/170.66	['concat', 'add', 'add', 'add']: UNSAT (0.067 seconds)
170.68/170.73	['concat', 'add', 'add', 'sub']: UNSAT (0.067 seconds)
170.68/170.79	['concat', 'add', 'sub', 'sub']: UNSAT (0.067 seconds)
170.78/170.86	['concat', 'sub', 'sub', 'sub']: UNSAT (0.070 seconds)
170.88/170.93	['index', 'index', 'index', 'index']: UNSAT (0.104 seconds)
171.00/171.04	['index', 'index', 'index', 'length']: UNSAT (0.084 seconds)
171.00/171.12	['index', 'index', 'index', 'substr']: UNSAT (0.123 seconds)
171.18/171.25	['index', 'index', 'index', 'add']: UNSAT (0.094 seconds)
171.28/171.34	['index', 'index', 'index', 'sub']: UNSAT (0.092 seconds)
171.39/171.43	['index', 'index', 'length', 'length']: UNSAT (0.066 seconds)
171.48/171.50	['index', 'index', 'length', 'substr']: UNSAT (0.089 seconds)
171.48/171.59	['index', 'index', 'length', 'add']: UNSAT (0.073 seconds)
171.58/171.67	['index', 'index', 'length', 'sub']: UNSAT (0.072 seconds)
171.68/171.74	['index', 'index', 'substr', 'substr']: UNSAT (0.207 seconds)
171.88/171.95	['index', 'index', 'substr', 'add']: UNSAT (0.106 seconds)
172.00/172.05	['index', 'index', 'substr', 'sub']: UNSAT (0.103 seconds)
172.12/172.16	['index', 'index', 'add', 'add']: UNSAT (0.083 seconds)
172.18/172.24	['index', 'index', 'add', 'sub']: UNSAT (0.086 seconds)
172.28/172.33	['index', 'index', 'sub', 'sub']: UNSAT (0.085 seconds)
172.39/172.41	['index', 'length', 'length', 'length']: UNSAT (0.055 seconds)
172.39/172.47	['index', 'length', 'length', 'substr']: UNSAT (0.081 seconds)
172.48/172.55	['index', 'length', 'length', 'add']: UNSAT (0.060 seconds)
172.58/172.61	['index', 'length', 'length', 'sub']: UNSAT (0.056 seconds)
172.58/172.67	['index', 'length', 'substr', 'substr']: UNSAT (0.122 seconds)
172.68/172.79	['index', 'length', 'substr', 'add']: UNSAT (0.091 seconds)
172.78/172.88	['index', 'length', 'substr', 'sub']: UNSAT (0.085 seconds)
172.88/172.97	['index', 'length', 'add', 'add']: UNSAT (0.071 seconds)
173.00/173.04	['index', 'length', 'add', 'sub']: UNSAT (0.066 seconds)
173.00/173.11	['index', 'length', 'sub', 'sub']: UNSAT (0.068 seconds)
173.12/173.18	['index', 'substr', 'substr', 'substr']: UNSAT (0.153 seconds)
173.28/173.33	['index', 'substr', 'substr', 'add']: UNSAT (0.121 seconds)
173.39/173.45	['index', 'substr', 'substr', 'sub']: UNSAT (0.103 seconds)
173.48/173.56	['index', 'substr', 'add', 'add']: UNSAT (0.095 seconds)
173.58/173.65	['index', 'substr', 'add', 'sub']: UNSAT (0.100 seconds)
173.68/173.76	['index', 'substr', 'sub', 'sub']: UNSAT (0.093 seconds)
173.78/173.85	['index', 'add', 'add', 'add']: UNSAT (0.081 seconds)
173.88/173.93	['index', 'add', 'add', 'sub']: UNSAT (0.084 seconds)
173.88/174.02	['index', 'add', 'sub', 'sub']: UNSAT (0.083 seconds)
174.00/174.10	['index', 'sub', 'sub', 'sub']: UNSAT (0.078 seconds)
174.12/174.18	['length', 'length', 'length', 'length']: UNSAT (0.039 seconds)
174.18/174.22	['length', 'length', 'length', 'substr']: UNSAT (0.051 seconds)
174.18/174.27	['length', 'length', 'length', 'add']: UNSAT (0.043 seconds)
174.28/174.31	['length', 'length', 'length', 'sub']: UNSAT (0.043 seconds)
174.28/174.36	['length', 'length', 'substr', 'substr']: UNSAT (0.081 seconds)
174.39/174.44	['length', 'length', 'substr', 'add']: UNSAT (0.061 seconds)
174.48/174.50	['length', 'length', 'substr', 'sub']: UNSAT (0.062 seconds)
174.48/174.56	['length', 'length', 'add', 'add']: UNSAT (0.051 seconds)
174.58/174.62	['length', 'length', 'add', 'sub']: UNSAT (0.051 seconds)
174.58/174.67	['length', 'length', 'sub', 'sub']: UNSAT (0.050 seconds)
174.68/174.72	['length', 'substr', 'substr', 'substr']: UNSAT (0.088 seconds)
174.78/174.81	['length', 'substr', 'substr', 'add']: UNSAT (0.074 seconds)
174.78/174.88	['length', 'substr', 'substr', 'sub']: UNSAT (0.075 seconds)
174.88/174.96	['length', 'substr', 'add', 'add']: UNSAT (0.071 seconds)
174.88/175.03	['length', 'substr', 'add', 'sub']: UNSAT (0.070 seconds)
175.00/175.10	['length', 'substr', 'sub', 'sub']: UNSAT (0.067 seconds)
175.12/175.17	['length', 'add', 'add', 'add']: UNSAT (0.059 seconds)
175.18/175.23	['length', 'add', 'add', 'sub']: UNSAT (0.059 seconds)
175.18/175.29	['length', 'add', 'sub', 'sub']: UNSAT (0.059 seconds)
175.28/175.35	['length', 'sub', 'sub', 'sub']: UNSAT (0.061 seconds)
175.39/175.41	['substr', 'substr', 'substr', 'substr']: UNSAT (0.106 seconds)
175.48/175.52	['substr', 'substr', 'substr', 'add']: UNSAT (0.091 seconds)
175.58/175.61	['substr', 'substr', 'substr', 'sub']: UNSAT (0.089 seconds)
175.68/175.70	['substr', 'substr', 'add', 'add']: UNSAT (0.084 seconds)
175.68/175.78	['substr', 'substr', 'add', 'sub']: UNSAT (0.082 seconds)
175.78/175.87	['substr', 'substr', 'sub', 'sub']: UNSAT (0.083 seconds)
175.88/175.95	['substr', 'add', 'add', 'add']: UNSAT (0.081 seconds)
175.88/176.03	['substr', 'add', 'add', 'sub']: UNSAT (0.079 seconds)
176.00/176.11	['substr', 'add', 'sub', 'sub']: UNSAT (0.077 seconds)
176.12/176.19	['substr', 'sub', 'sub', 'sub']: UNSAT (0.075 seconds)
176.18/176.27	['add', 'add', 'add', 'add']: UNSAT (0.072 seconds)
176.28/176.34	['add', 'add', 'add', 'sub']: UNSAT (0.072 seconds)
176.39/176.41	['add', 'add', 'sub', 'sub']: UNSAT (0.073 seconds)
176.39/176.49	['add', 'sub', 'sub', 'sub']: UNSAT (0.072 seconds)
176.48/176.56	['sub', 'sub', 'sub', 'sub']: UNSAT (0.071 seconds)
176.58/176.63	['concat', 'concat', 'concat', 'concat', 'concat']: UNKNOWN (78.885 seconds)
255.48/255.52	Reason: smt tactic failed to show goal to be sat/unsat max-conflicts-reached
255.48/255.52	Reason: smt tactic failed to show goal to be sat/unsat max-conflicts-reached
255.48/255.52	['concat', 'concat', 'concat', 'concat', 'index']: UNSAT (0.111 seconds)
255.58/255.63	['concat', 'concat', 'concat', 'concat', 'length']: UNSAT (0.095 seconds)
255.68/255.73	['concat', 'concat', 'concat', 'concat', 'substr']: UNKNOWN (72.982 seconds)
328.68/328.71	Reason: smt tactic failed to show goal to be sat/unsat max-conflicts-reached
328.68/328.71	Reason: smt tactic failed to show goal to be sat/unsat max-conflicts-reached
328.68/328.71	['concat', 'concat', 'concat', 'concat', 'add']: UNSAT (0.096 seconds)
328.78/328.81	['concat', 'concat', 'concat', 'concat', 'sub']: UNSAT (0.097 seconds)
328.88/328.90	['concat', 'concat', 'concat', 'index', 'index']: UNSAT (0.120 seconds)
328.88/329.03	['concat', 'concat', 'concat', 'index', 'length']: UNSAT (0.099 seconds)
329.00/329.12	['concat', 'concat', 'concat', 'index', 'substr']: UNKNOWN (58.076 seconds)
387.18/387.20	Reason: smt tactic failed to show goal to be sat/unsat max-conflicts-reached
387.18/387.20	Reason: smt tactic failed to show goal to be sat/unsat max-conflicts-reached
387.18/387.20	['concat', 'concat', 'concat', 'index', 'add']: UNSAT (0.101 seconds)
387.28/387.30	['concat', 'concat', 'concat', 'index', 'sub']: UNSAT (0.106 seconds)
387.39/387.41	['concat', 'concat', 'concat', 'length', 'length']: UNSAT (0.089 seconds)
387.48/387.50	['concat', 'concat', 'concat', 'length', 'substr']: UNKNOWN (47.654 seconds)
435.12/435.16	Reason: smt tactic failed to show goal to be sat/unsat max-conflicts-reached
435.12/435.16	Reason: smt tactic failed to show goal to be sat/unsat max-conflicts-reached
435.12/435.16	['concat', 'concat', 'concat', 'length', 'add']: UNSAT (0.084 seconds)
435.18/435.24	['concat', 'concat', 'concat', 'length', 'sub']: UNSAT (0.084 seconds)
435.28/435.33	['concat', 'concat', 'concat', 'substr', 'substr']: UNKNOWN (50.028 seconds)
485.28/485.35	Reason: smt tactic failed to show goal to be sat/unsat max-conflicts-reached
485.28/485.35	Reason: smt tactic failed to show goal to be sat/unsat max-conflicts-reached
485.28/485.35	['concat', 'concat', 'concat', 'substr', 'add']: UNKNOWN (37.313 seconds)
522.58/522.67	Reason: smt tactic failed to show goal to be sat/unsat max-conflicts-reached
522.58/522.67	Reason: smt tactic failed to show goal to be sat/unsat max-conflicts-reached
522.58/522.67	['concat', 'concat', 'concat', 'substr', 'sub']: UNSAT (35.683 seconds)
558.28/558.35	['concat', 'concat', 'concat', 'add', 'add']: UNSAT (0.092 seconds)
558.39/558.45	['concat', 'concat', 'concat', 'add', 'sub']: UNSAT (0.086 seconds)
558.48/558.53	['concat', 'concat', 'concat', 'sub', 'sub']: UNSAT (0.088 seconds)
558.58/558.62	['concat', 'concat', 'index', 'index', 'index']: UNSAT (0.119 seconds)
558.68/558.74	['concat', 'concat', 'index', 'index', 'length']: UNSAT (0.102 seconds)
558.78/558.84	['concat', 'concat', 'index', 'index', 'substr']: UNSAT (17.754 seconds)
576.58/576.60	['concat', 'concat', 'index', 'index', 'add']: UNSAT (0.109 seconds)
576.68/576.71	['concat', 'concat', 'index', 'index', 'sub']: UNSAT (0.109 seconds)
576.78/576.82	['concat', 'concat', 'index', 'length', 'length']: UNSAT (0.091 seconds)
576.88/576.91	['concat', 'concat', 'index', 'length', 'substr']: UNSAT (14.184 seconds)
590.99/591.10	['concat', 'concat', 'index', 'length', 'add']: UNSAT (0.090 seconds)
591.11/591.19	['concat', 'concat', 'index', 'length', 'sub']: UNSAT (0.088 seconds)
591.18/591.28	['concat', 'concat', 'index', 'substr', 'substr']: 