0.11/0.20	=== Examples (../../dataset/examples/examples-85.json)
0.11/0.20	IO(inputs=('aenean aliquam turpis duis.',), output='Aenean aliquam turpi')
0.11/0.20	IO(inputs=('curabitur euismod volutpat.',), output='Curabitur euismod vo')
0.11/0.20	=== Library
0.11/0.20	concat
0.11/0.20	index
0.11/0.20	length
0.11/0.20	substr
0.11/0.20	add
0.11/0.20	sub
0.11/0.20	=== Synthesis
0.11/0.20	['concat']: UNSAT (0.029 seconds)
0.11/0.23	['index']: UNSAT (0.028 seconds)
0.11/0.26	['length']: UNSAT (0.021 seconds)
0.25/0.28	['substr']: UNSAT (0.057 seconds)
0.25/0.34	['add']: UNSAT (0.025 seconds)
0.25/0.37	['sub']: UNSAT (0.025 seconds)
0.36/0.39	['concat', 'concat']: UNSAT (0.050 seconds)
0.36/0.44	['concat', 'index']: UNSAT (0.047 seconds)
0.46/0.49	['concat', 'length']: UNSAT (0.036 seconds)
0.46/0.53	['concat', 'substr']: UNSAT (0.517 seconds)
0.89/1.04	['concat', 'add']: UNSAT (0.032 seconds)
1.05/1.08	['concat', 'sub']: UNSAT (0.031 seconds)
1.05/1.11	['index', 'index']: UNSAT (0.042 seconds)
1.05/1.15	['index', 'length']: UNSAT (0.030 seconds)
1.15/1.18	['index', 'substr']: UNSAT (0.216 seconds)
1.39/1.40	['index', 'add']: UNSAT (0.037 seconds)
1.39/1.44	['index', 'sub']: UNSAT (0.038 seconds)
1.39/1.48	['length', 'length']: UNSAT (0.022 seconds)
1.49/1.50	['length', 'substr']: UNSAT (0.067 seconds)
1.49/1.57	['length', 'add']: UNSAT (0.027 seconds)
1.49/1.59	['length', 'sub']: UNSAT (0.026 seconds)
1.59/1.62	['substr', 'substr']: UNSAT (0.134 seconds)
1.69/1.76	['substr', 'add']: UNSAT (0.065 seconds)
1.79/1.82	['substr', 'sub']: UNSAT (0.064 seconds)
1.79/1.89	['add', 'add']: UNSAT (0.033 seconds)
1.89/1.92	['add', 'sub']: UNSAT (0.033 seconds)
1.89/1.95	['sub', 'sub']: UNSAT (0.033 seconds)
1.89/1.99	['concat', 'concat', 'concat']: UNSAT (0.123 seconds)
2.02/2.11	['concat', 'concat', 'index']: UNSAT (0.057 seconds)
2.15/2.17	['concat', 'concat', 'length']: UNSAT (0.044 seconds)
2.19/2.22	['concat', 'concat', 'substr']: UNSAT (32.050 seconds)
34.19/34.27	['concat', 'concat', 'add']: UNSAT (0.051 seconds)
34.29/34.32	['concat', 'concat', 'sub']: UNSAT (0.049 seconds)
34.29/34.37	['concat', 'index', 'index']: UNSAT (0.063 seconds)
34.38/34.43	['concat', 'index', 'length']: UNSAT (0.050 seconds)
34.38/34.49	['concat', 'index', 'substr']: UNSAT (5.481 seconds)
39.89/39.97	['concat', 'index', 'add']: UNSAT (0.058 seconds)
39.89/40.03	['concat', 'index', 'sub']: UNSAT (0.054 seconds)
40.01/40.08	['concat', 'length', 'length']: UNSAT (0.039 seconds)
40.01/40.12	['concat', 'length', 'substr']: UNSAT (0.725 seconds)
40.79/40.85	['concat', 'length', 'add']: UNSAT (0.042 seconds)
40.79/40.89	['concat', 'length', 'sub']: UNSAT (0.044 seconds)
40.89/40.93	['concat', 'substr', 'substr']: UNSAT (7.172 seconds)
48.04/48.11	['concat', 'substr', 'add']: UNSAT (0.766 seconds)
48.79/48.87	['concat', 'substr', 'sub']: UNSAT (0.777 seconds)
49.59/49.65	['concat', 'add', 'add']: UNSAT (0.049 seconds)
49.69/49.70	['concat', 'add', 'sub']: UNSAT (0.050 seconds)
49.69/49.75	['concat', 'sub', 'sub']: UNSAT (0.049 seconds)
49.79/49.80	['index', 'index', 'index']: UNSAT (0.070 seconds)
49.79/49.87	['index', 'index', 'length']: UNSAT (0.056 seconds)
49.89/49.93	['index', 'index', 'substr']: UNSAT (0.503 seconds)
50.39/50.44	['index', 'index', 'add']: UNSAT (0.066 seconds)
50.49/50.50	['index', 'index', 'sub']: UNSAT (0.067 seconds)
50.49/50.57	['index', 'length', 'length']: UNSAT (0.048 seconds)
50.59/50.62	['index', 'length', 'substr']: UNSAT (0.181 seconds)
50.79/50.80	['index', 'length', 'add']: UNSAT (0.049 seconds)
50.79/50.85	['index', 'length', 'sub']: UNSAT (0.049 seconds)
50.89/50.90	['index', 'substr', 'substr']: UNSAT (1.113 seconds)
51.89/52.02	['index', 'substr', 'add']: UNSAT (0.225 seconds)
52.19/52.24	['index', 'substr', 'sub']: UNSAT (0.607 seconds)
52.79/52.85	['index', 'add', 'add']: UNSAT (0.057 seconds)
52.89/52.91	['index', 'add', 'sub']: UNSAT (0.057 seconds)
52.89/52.97	['index', 'sub', 'sub']: UNSAT (0.055 seconds)
52.89/53.02	['length', 'length', 'length']: UNSAT (0.032 seconds)
53.01/53.06	['length', 'length', 'substr']: UNSAT (0.059 seconds)
53.01/53.12	['length', 'length', 'add']: UNSAT (0.038 seconds)
53.13/53.15	['length', 'length', 'sub']: UNSAT (0.036 seconds)
53.13/53.19	['length', 'substr', 'substr']: UNSAT (0.477 seconds)
53.59/53.67	['length', 'substr', 'add']: UNSAT (0.102 seconds)
53.69/53.77	['length', 'substr', 'sub']: UNSAT (0.120 seconds)
53.79/53.89	['length', 'add', 'add']: UNSAT (0.045 seconds)
53.89/53.94	['length', 'add', 'sub']: UNSAT (0.044 seconds)
53.89/53.98	['length', 'sub', 'sub']: UNSAT (0.045 seconds)
53.89/54.03	['substr', 'substr', 'substr']: UNSAT (0.545 seconds)
54.49/54.58	['substr', 'substr', 'add']: UNSAT (0.306 seconds)
54.79/54.88	['substr', 'substr', 'sub']: UNSAT (0.464 seconds)
55.29/55.35	['substr', 'add', 'add']: UNSAT (0.097 seconds)
55.39/55.45	['substr', 'add', 'sub']: UNSAT (0.112 seconds)
55.49/55.56	['substr', 'sub', 'sub']: UNSAT (0.118 seconds)
55.59/55.68	['add', 'add', 'add']: UNSAT (0.054 seconds)
55.69/55.73	['add', 'add', 'sub']: UNSAT (0.055 seconds)
55.69/55.79	['add', 'sub', 'sub']: UNSAT (0.055 seconds)
55.79/55.84	['sub', 'sub', 'sub']: UNSAT (0.053 seconds)
55.89/55.90	['concat', 'concat', 'concat', 'concat']: UNSAT (0.310 seconds)
56.19/56.21	['concat', 'concat', 'concat', 'index']: UNSAT (0.087 seconds)
56.29/56.30	['concat', 'concat', 'concat', 'length']: UNSAT (0.069 seconds)
56.29/56.37	['concat', 'concat', 'concat', 'substr']: UNKNOWN (132.370 seconds)
188.68/188.74	Reason: smt tactic failed to show goal to be sat/unsat max-conflicts-reached
188.68/188.74	Reason: smt tactic failed to show goal to be sat/unsat max-conflicts-reached
188.68/188.74	['concat', 'concat', 'concat', 'add']: UNSAT (0.069 seconds)
188.78/188.81	['concat', 'concat', 'concat', 'sub']: UNSAT (0.074 seconds)
188.78/188.88	['concat', 'concat', 'index', 'index']: UNSAT (0.087 seconds)
188.88/188.97	['concat', 'concat', 'index', 'length']: UNSAT (0.076 seconds)
189.02/189.05	['concat', 'concat', 'index', 'substr']: UNKNOWN (56.163 seconds)
245.18/245.21	Reason: smt tactic failed to show goal to be sat/unsat max-conflicts-reached
245.18/245.21	Reason: smt tactic failed to show goal to be sat/unsat max-conflicts-reached
245.18/245.21	['concat', 'concat', 'index', 'add']: UNSAT (0.074 seconds)
245.18/245.29	['concat', 'concat', 'index', 'sub']: UNSAT (0.077 seconds)
245.28/245.37	['concat', 'concat', 'length', 'length']: UNSAT (0.058 seconds)
245.38/245.43	['concat', 'concat', 'length', 'substr']: UNSAT (24.252 seconds)
269.58/269.68	['concat', 'concat', 'length', 'add']: UNSAT (0.061 seconds)
269.68/269.74	['concat', 'concat', 'length', 'sub']: UNSAT (0.059 seconds)
269.78/269.80	['concat', 'concat', 'substr', 'substr']: UNKNOWN (88.251 seconds)
358.02/358.05	Reason: smt tactic failed to show goal to be sat/unsat max-conflicts-reached
358.02/358.05	Reason: smt tactic failed to show goal to be sat/unsat max-conflicts-reached
358.02/358.05	['concat', 'concat', 'substr', 'add']: UNSAT (30.288 seconds)
388.28/388.34	['concat', 'concat', 'substr', 'sub']: UNSAT (28.806 seconds)
417.12/417.15	['concat', 'concat', 'add', 'add']: UNSAT (0.069 seconds)
417.18/417.22	['concat', 'concat', 'add', 'sub']: UNSAT (0.065 seconds)
417.18/417.29	['concat', 'concat', 'sub', 'sub']: UNSAT (0.067 seconds)
417.28/417.35	['concat', 'index', 'index', 'index']: UNSAT (0.093 seconds)
417.38/417.45	['concat', 'index', 'index', 'length']: UNSAT (0.078 seconds)
417.48/417.53	['concat', 'index', 'index', 'substr']: UNSAT (5.993 seconds)
423.48/423.52	['concat', 'index', 'index', 'add']: UNSAT (0.086 seconds)
423.58/423.61	['concat', 'index', 'index', 'sub']: UNSAT (0.085 seconds)
423.58/423.70	['concat', 'index', 'length', 'length']: UNSAT (0.064 seconds)
423.68/423.76	['concat', 'index', 'length', 'substr']: UNSAT (4.055 seconds)
427.78/427.82	['concat', 'index', 'length', 'add']: UNSAT (0.066 seconds)
427.78/427.88	['concat', 'index', 'length', 'sub']: UNSAT (0.065 seconds)
427.88/427.95	['concat', 'index', 'substr', 'substr']: SAT (68.466 seconds)
496.38/496.42	concat(substr('\\x00ACCA', index(arg0, 'a', 1), 1), substr(arg0, 1, 19))
