0.10/0.21	=== Examples (../../dataset/examples/examples-47.json)
0.10/0.21	IO(inputs=('00123',), output='123')
0.10/0.21	IO(inputs=('123',), output='123')
0.10/0.21	=== Library
0.10/0.21	concat
0.10/0.21	index
0.10/0.21	length
0.10/0.21	substr
0.10/0.21	add
0.10/0.21	sub
0.10/0.21	=== Synthesis
0.10/0.21	['concat']: UNSAT (0.028 seconds)
0.10/0.24	['index']: UNSAT (0.028 seconds)
0.10/0.27	['length']: UNSAT (0.021 seconds)
0.24/0.29	['substr']: UNSAT (0.033 seconds)
0.24/0.32	['add']: UNSAT (0.024 seconds)
0.24/0.35	['sub']: UNSAT (0.024 seconds)
0.24/0.37	['concat', 'concat']: UNSAT (0.050 seconds)
0.34/0.42	['concat', 'index']: UNSAT (0.047 seconds)
0.34/0.47	['concat', 'length']: UNSAT (0.034 seconds)
0.44/0.50	['concat', 'substr']: SAT (0.059 seconds)
0.44/0.56	concat('123', substr(arg0, 6, 6))
