0.11/0.18	=== Examples (../../dataset/examples/examples-40.json)
0.11/0.18	IO(inputs=('who cares about when',), output='updated on who cares about ')
0.11/0.18	IO(inputs=('maybe someone will care',), output='updated on maybe someone wi')
0.11/0.18	=== Library
0.11/0.18	concat
0.11/0.18	index
0.11/0.18	length
0.11/0.18	substr
0.11/0.18	add
0.11/0.18	sub
0.11/0.18	=== Synthesis
0.11/0.18	['concat']: UNSAT (0.022 seconds)
0.11/0.21	['index']: UNSAT (0.021 seconds)
0.11/0.23	['length']: UNSAT (0.016 seconds)
0.11/0.25	['substr']: UNSAT (0.025 seconds)
0.25/0.27	['add']: UNSAT (0.019 seconds)
0.25/0.29	['sub']: UNSAT (0.018 seconds)
0.25/0.31	['concat', 'concat']: UNSAT (0.086 seconds)
0.36/0.40	['concat', 'index']: UNSAT (0.037 seconds)
0.36/0.44	['concat', 'length']: UNSAT (0.028 seconds)
0.36/0.46	['concat', 'substr']: UNSAT (0.151 seconds)
0.55/0.62	['concat', 'add']: UNSAT (0.030 seconds)
0.64/0.65	['concat', 'sub']: UNSAT (0.030 seconds)
0.64/0.68	['index', 'index']: UNSAT (0.039 seconds)
0.69/0.72	['index', 'length']: UNSAT (0.029 seconds)
0.69/0.75	['index', 'substr']: UNSAT (0.047 seconds)
0.69/0.80	['index', 'add']: UNSAT (0.034 seconds)
0.79/0.83	['index', 'sub']: UNSAT (0.034 seconds)
0.79/0.87	['length', 'length']: UNSAT (0.021 seconds)
0.79/0.89	['length', 'substr']: UNSAT (0.032 seconds)
0.89/0.92	['length', 'add']: UNSAT (0.025 seconds)
0.89/0.95	['length', 'sub']: UNSAT (0.024 seconds)
0.89/0.97	['substr', 'substr']: UNSAT (0.043 seconds)
0.89/1.01	['substr', 'add']: UNSAT (0.037 seconds)
1.02/1.05	['substr', 'sub']: UNSAT (0.037 seconds)
1.02/1.09	['add', 'add']: UNSAT (0.031 seconds)
1.02/1.12	['add', 'sub']: UNSAT (0.032 seconds)
1.13/1.15	['sub', 'sub']: UNSAT (0.032 seconds)
1.13/1.19	['concat', 'concat', 'concat']: UNSAT (0.446 seconds)
1.59/1.63	['concat', 'concat', 'index']: UNSAT (0.055 seconds)
1.59/1.69	['concat', 'concat', 'length']: UNSAT (0.043 seconds)
1.69/1.73	['concat', 'concat', 'substr']: UNSAT (9.587 seconds)
11.29/11.32	['concat', 'concat', 'add']: UNSAT (0.048 seconds)
11.29/11.37	['concat', 'concat', 'sub']: UNSAT (0.047 seconds)
11.39/11.42	['concat', 'index', 'index']: UNSAT (0.063 seconds)
11.39/11.48	['concat', 'index', 'length']: UNSAT (0.047 seconds)
11.49/11.53	['concat', 'index', 'substr']: UNSAT (0.296 seconds)
11.79/11.82	['concat', 'index', 'add']: UNSAT (0.048 seconds)
11.79/11.87	['concat', 'index', 'sub']: UNSAT (0.049 seconds)
11.89/11.92	['concat', 'length', 'length']: UNSAT (0.035 seconds)
11.89/11.96	['concat', 'length', 'substr']: UNSAT (0.142 seconds)
12.02/12.10	['concat', 'length', 'add']: UNSAT (0.038 seconds)
12.13/12.14	['concat', 'length', 'sub']: UNSAT (0.037 seconds)
12.13/12.18	['concat', 'substr', 'substr']: UNSAT (1.215 seconds)
13.29/13.39	['concat', 'substr', 'add']: UNSAT (0.184 seconds)
13.49/13.58	['concat', 'substr', 'sub']: UNSAT (0.161 seconds)
13.69/13.74	['concat', 'add', 'add']: UNSAT (0.044 seconds)
13.69/13.79	['concat', 'add', 'sub']: UNSAT (0.044 seconds)
13.79/13.83	['concat', 'sub', 'sub']: UNSAT (0.044 seconds)
13.79/13.87	['index', 'index', 'index']: UNSAT (0.062 seconds)
13.89/13.94	['index', 'index', 'length']: UNSAT (0.049 seconds)
13.89/13.99	['index', 'index', 'substr']: UNSAT (0.077 seconds)
14.01/14.06	['index', 'index', 'add']: UNSAT (0.054 seconds)
14.01/14.12	['index', 'index', 'sub']: UNSAT (0.054 seconds)
14.12/14.18	['index', 'length', 'length']: UNSAT (0.039 seconds)
14.19/14.21	['index', 'length', 'substr']: UNSAT (0.054 seconds)
14.19/14.27	['index', 'length', 'add']: UNSAT (0.044 seconds)
14.29/14.31	['index', 'length', 'sub']: UNSAT (0.046 seconds)
14.29/14.36	['index', 'substr', 'substr']: UNSAT (0.093 seconds)
14.39/14.45	['index', 'substr', 'add']: UNSAT (0.067 seconds)
14.49/14.52	['index', 'substr', 'sub']: UNSAT (0.065 seconds)
14.49/14.59	['index', 'add', 'add']: UNSAT (0.052 seconds)
14.59/14.64	['index', 'add', 'sub']: UNSAT (0.053 seconds)
14.59/14.70	['index', 'sub', 'sub']: UNSAT (0.053 seconds)
14.69/14.75	['length', 'length', 'length']: UNSAT (0.029 seconds)
14.69/14.78	['length', 'length', 'substr']: UNSAT (0.044 seconds)
14.79/14.82	['length', 'length', 'add']: UNSAT (0.033 seconds)
14.79/14.86	['length', 'length', 'sub']: UNSAT (0.032 seconds)
14.79/14.89	['length', 'substr', 'substr']: UNSAT (0.062 seconds)
14.89/14.95	['length', 'substr', 'add']: UNSAT (0.049 seconds)
14.89/15.00	['length', 'substr', 'sub']: UNSAT (0.050 seconds)
15.02/15.05	['length', 'add', 'add']: UNSAT (0.040 seconds)
15.02/15.09	['length', 'add', 'sub']: UNSAT (0.040 seconds)
15.02/15.14	['length', 'sub', 'sub']: UNSAT (0.040 seconds)
15.13/15.18	['substr', 'substr', 'substr']: UNSAT (0.075 seconds)
15.19/15.25	['substr', 'substr', 'add']: UNSAT (0.062 seconds)
15.29/15.31	['substr', 'substr', 'sub']: UNSAT (0.063 seconds)
15.29/15.38	['substr', 'add', 'add']: UNSAT (0.060 seconds)
15.39/15.44	['substr', 'add', 'sub']: UNSAT (0.058 seconds)
15.49/15.50	['substr', 'sub', 'sub']: UNSAT (0.057 seconds)
15.49/15.56	['add', 'add', 'add']: UNSAT (0.051 seconds)
15.59/15.61	['add', 'add', 'sub']: UNSAT (0.051 seconds)
15.59/15.66	['add', 'sub', 'sub']: UNSAT (0.050 seconds)
15.69/15.71	['sub', 'sub', 'sub']: UNSAT (0.048 seconds)
15.69/15.76	['concat', 'concat', 'concat', 'concat']: UNSAT (2.724 seconds)
18.39/18.49	['concat', 'concat', 'concat', 'index']: UNSAT (0.080 seconds)
18.49/18.57	['concat', 'concat', 'concat', 'length']: UNSAT (0.068 seconds)
18.59/18.64	['concat', 'concat', 'concat', 'substr']: UNKNOWN (77.674 seconds)
96.28/96.31	Reason: smt tactic failed to show goal to be sat/unsat max-conflicts-reached
96.28/96.31	Reason: smt tactic failed to show goal to be sat/unsat max-conflicts-reached
96.28/96.31	['concat', 'concat', 'concat', 'add']: UNSAT (0.075 seconds)
96.28/96.39	['concat', 'concat', 'concat', 'sub']: UNSAT (0.068 seconds)
96.38/96.46	['concat', 'concat', 'index', 'index']: UNSAT (0.085 seconds)
96.48/96.54	['concat', 'concat', 'index', 'length']: UNSAT (0.072 seconds)
96.58/96.62	['concat', 'concat', 'index', 'substr']: UNSAT (21.891 seconds)
118.48/118.51	['concat', 'concat', 'index', 'add']: UNSAT (0.073 seconds)
118.48/118.58	['concat', 'concat', 'index', 'sub']: UNSAT (0.071 seconds)
118.58/118.65	['concat', 'concat', 'length', 'length']: UNSAT (0.054 seconds)
118.68/118.71	['concat', 'concat', 'length', 'substr']: UNSAT (8.253 seconds)
126.88/126.96	['concat', 'concat', 'length', 'add']: UNSAT (0.055 seconds)
126.88/127.02	['concat', 'concat', 'length', 'sub']: UNSAT (0.058 seconds)
127.01/127.08	['concat', 'concat', 'substr', 'substr']: UNKNOWN (96.488 seconds)
223.48/223.57	Reason: smt tactic failed to show goal to be sat/unsat max-conflicts-reached
223.48/223.57	Reason: smt tactic failed to show goal to be sat/unsat max-conflicts-reached
223.48/223.57	['concat', 'concat', 'substr', 'add']: UNSAT (13.037 seconds)
236.58/236.60	['concat', 'concat', 'substr', 'sub']: UNSAT (9.813 seconds)
246.37/246.42	['concat', 'concat', 'add', 'add']: UNSAT (0.065 seconds)
246.37/246.48	['concat', 'concat', 'add', 'sub']: UNSAT (0.063 seconds)
246.47/246.55	['concat', 'concat', 'sub', 'sub']: UNSAT (0.062 seconds)
246.57/246.61	['concat', 'index', 'index', 'index']: UNSAT (0.089 seconds)
246.67/246.70	['concat', 'index', 'index', 'length']: UNSAT (0.074 seconds)
246.67/246.77	['concat', 'index', 'index', 'substr']: UNSAT (1.305 seconds)
248.00/248.08	['concat', 'index', 'index', 'add']: UNSAT (0.075 seconds)
248.11/248.16	['concat', 'index', 'index', 'sub']: UNSAT (0.082 seconds)
248.17/248.24	['concat', 'index', 'length', 'length']: UNSAT (0.062 seconds)
248.27/248.30	['concat', 'index', 'length', 'substr']: UNSAT (0.411 seconds)
248.67/248.71	['concat', 'index', 'length', 'add']: UNSAT (0.063 seconds)
248.67/248.78	['concat', 'index', 'length', 'sub']: UNSAT (0.063 seconds)
248.77/248.84	['concat', 'index', 'substr', 'substr']: UNSAT (14.744 seconds)
263.47/263.59	['concat', 'index', 'substr', 'add']: UNSAT (0.736 seconds)
264.27/264.33	['concat', 'index', 'substr', 'sub']: UNSAT (0.542 seconds)
264.77/264.87	['concat', 'index', 'add', 'add']: UNSAT (0.068 seconds)
264.87/264.94	['concat', 'index', 'add', 'sub']: UNSAT (0.070 seconds)
264.87/265.01	['concat', 'index', 'sub', 'sub']: UNSAT (0.073 seconds)
265.00/265.08	['concat', 'length', 'length', 'length']: UNSAT (0.048 seconds)
265.00/265.13	['concat', 'length', 'length', 'substr']: UNSAT (0.118 seconds)
265.17/265.25	['concat', 'length', 'length', 'add']: UNSAT (0.047 seconds)
265.27/265.30	['concat', 'length', 'length', 'sub']: UNSAT (0.053 seconds)
265.27/265.35	['concat', 'length', 'substr', 'substr']: UNSAT (8.349 seconds)
273.67/273.70	['concat', 'length', 'substr', 'add']: UNSAT (0.329 seconds)
273.87/274.03	['concat', 'length', 'substr', 'sub']: UNSAT (0.391 seconds)
274.37/274.42	['concat', 'length', 'add', 'add']: UNSAT (0.057 seconds)
274.37/274.48	['concat', 'length', 'add', 'sub']: UNSAT (0.054 seconds)
274.47/274.54	['concat', 'length', 'sub', 'sub']: UNSAT (0.072 seconds)
274.57/274.61	['concat', 'substr', 'substr', 'substr']: UNSAT (7.620 seconds)
282.17/282.23	['concat', 'substr', 'substr', 'add']: UNSAT (3.376 seconds)
285.57/285.61	['concat', 'substr', 'substr', 'sub']: UNSAT (3.396 seconds)
288.87/289.00	['concat', 'substr', 'add', 'add']: UNSAT (0.555 seconds)
289.47/289.56	['concat', 'substr', 'add', 'sub']: UNSAT (0.435 seconds)
289.87/290.00	['concat', 'substr', 'sub', 'sub']: UNSAT (0.324 seconds)
290.27/290.32	['concat', 'add', 'add', 'add']: UNSAT (0.073 seconds)
290.27/290.39	['concat', 'add', 'add', 'sub']: UNSAT (0.069 seconds)
290.37/290.46	['concat', 'add', 'sub', 'sub']: UNSAT (0.070 seconds)
290.47/290.54	['concat', 'sub', 'sub', 'sub']: UNSAT (0.082 seconds)
290.57/290.62	['index', 'index', 'index', 'index']: UNSAT (0.096 seconds)
290.67/290.72	['index', 'index', 'index', 'length']: UNSAT (0.081 seconds)
290.77/290.80	['index', 'index', 'index', 'substr']: UNSAT (0.116 seconds)
290.87/290.92	['index', 'index', 'index', 'add']: UNSAT (0.086 seconds)
290.87/291.00	['index', 'index', 'index', 'sub']: UNSAT (0.084 seconds)
291.00/291.09	['index', 'index', 'length', 'length']: UNSAT (0.067 seconds)
291.11/291.15	['index', 'index', 'length', 'substr']: UNSAT (0.093 seconds)
291.17/291.25	['index', 'index', 'length', 'add']: UNSAT (0.068 seconds)
291.27/291.32	['index', 'index', 'length', 'sub']: UNSAT (0.073 seconds)
291.27/291.39	['index', 'index', 'substr', 'substr']: UNSAT (0.207 seconds)
291.57/291.60	['index', 'index', 'substr', 'add']: UNSAT (0.104 seconds)
291.67/291.70	['index', 'index', 'substr', 'sub']: UNSAT (0.102 seconds)
291.77/291.81	['index', 'index', 'add', 'add']: UNSAT (0.081 seconds)
291.77/291.89	['index', 'index', 'add', 'sub']: UNSAT (0.079 seconds)
291.87/291.97	['index', 'index', 'sub', 'sub']: UNSAT (0.081 seconds)
292.00/292.05	['index', 'length', 'length', 'length']: UNSAT (0.050 seconds)
292.00/292.10	['index', 'length', 'length', 'substr']: UNSAT (0.078 seconds)
292.11/292.18	['index', 'length', 'length', 'add']: UNSAT (0.059 seconds)
292.17/292.24	['index', 'length', 'length', 'sub']: UNSAT (0.056 seconds)
292.27/292.30	['index', 'length', 'substr', 'substr']: UNSAT (0.141 seconds)
292.37/292.44	['index', 'length', 'substr', 'add']: UNSAT (0.087 seconds)
292.47/292.53	['index', 'length', 'substr', 'sub']: UNSAT (0.086 seconds)
292.57/292.61	['index', 'length', 'add', 'add']: UNSAT (0.065 seconds)
292.57/292.68	['index', 'length', 'add', 'sub']: UNSAT (0.065 seconds)
292.67/292.75	['index', 'length', 'sub', 'sub']: UNSAT (0.066 seconds)
292.77/292.81	['index', 'substr', 'substr', 'substr']: UNSAT (0.211 seconds)
292.87/293.03	['index', 'substr', 'substr', 'add']: UNSAT (0.144 seconds)
293.11/293.17	['index', 'substr', 'substr', 'sub']: UNSAT (0.152 seconds)
293.27/293.32	['index', 'substr', 'add', 'add']: UNSAT (0.106 seconds)
293.37/293.43	['index', 'substr', 'add', 'sub']: UNSAT (0.097 seconds)
293.47/293.53	['index', 'substr', 'sub', 'sub']: UNSAT (0.103 seconds)
293.57/293.63	['index', 'add', 'add', 'add']: UNSAT (0.079 seconds)
293.67/293.71	['index', 'add', 'add', 'sub']: UNSAT (0.080 seconds)
293.67/293.79	['index', 'add', 'sub', 'sub']: UNSAT (0.079 seconds)
293.77/293.87	['index', 'sub', 'sub', 'sub']: UNSAT (0.086 seconds)
293.87/293.96	['length', 'length', 'length', 'length']: UNSAT (0.039 seconds)
293.87/294.00	['length', 'length', 'length', 'substr']: UNSAT (0.049 seconds)
294.00/294.05	['length', 'length', 'length', 'add']: UNSAT (0.043 seconds)
294.00/294.09	['length', 'length', 'length', 'sub']: UNSAT (0.043 seconds)
294.11/294.14	['length', 'length', 'substr', 'substr']: UNSAT (0.116 seconds)
294.17/294.26	['length', 'length', 'substr', 'add']: UNSAT (0.066 seconds)
294.27/294.32	['length', 'length', 'substr', 'sub']: UNSAT (0.067 seconds)
294.27/294.39	['length', 'length', 'add', 'add']: UNSAT (0.048 seconds)
294.37/294.44	['length', 'length', 'add', 'sub']: UNSAT (0.051 seconds)
294.37/294.49	['length', 'length', 'sub', 'sub']: UNSAT (0.051 seconds)
294.47/294.54	['length', 'substr', 'substr', 'substr']: UNSAT (0.172 seconds)
294.67/294.72	['length', 'substr', 'substr', 'add']: UNSAT (0.102 seconds)
294.77/294.82	['length', 'substr', 'substr', 'sub']: UNSAT (0.114 seconds)
294.87/294.93	['length', 'substr', 'add', 'add']: UNSAT (0.078 seconds)
294.87/295.01	['length', 'substr', 'add', 'sub']: UNSAT (0.087 seconds)
295.00/295.10	['length', 'substr', 'sub', 'sub']: UNSAT (0.082 seconds)
295.11/295.18	['length', 'add', 'add', 'add']: UNSAT (0.067 seconds)
295.17/295.25	['length', 'add', 'add', 'sub']: UNSAT (0.065 seconds)
295.27/295.32	['length', 'add', 'sub', 'sub']: UNSAT (0.067 seconds)
295.27/295.39	['length', 'sub', 'sub', 'sub']: UNSAT (0.064 seconds)
295.37/295.45	['substr', 'substr', 'substr', 'substr']: UNSAT (0.150 seconds)
295.57/295.60	['substr', 'substr', 'substr', 'add']: UNSAT (0.114 seconds)
295.67/295.72	['substr', 'substr', 'substr', 'sub']: UNSAT (0.112 seconds)
295.77/295.83	['substr', 'substr', 'add', 'add']: UNSAT (0.092 seconds)
295.87/295.92	['substr', 'substr', 'add', 'sub']: UNSAT (0.093 seconds)
295.87/296.02	['substr', 'substr', 'sub', 'sub']: UNSAT (0.096 seconds)
296.00/296.11	['substr', 'add', 'add', 'add']: UNSAT (0.091 seconds)
296.17/296.21	['substr', 'add', 'add', 'sub']: UNSAT (0.084 seconds)
296.17/296.29	['substr', 'add', 'sub', 'sub']: UNSAT (0.083 seconds)
296.27/296.38	['substr', 'sub', 'sub', 'sub']: UNSAT (0.082 seconds)
296.37/296.46	['add', 'add', 'add', 'add']: UNSAT (0.074 seconds)
296.47/296.53	['add', 'add', 'add', 'sub']: UNSAT (0.074 seconds)
296.57/296.61	['add', 'add', 'sub', 'sub']: UNSAT (0.074 seconds)
296.57/296.68	['add', 'sub', 'sub', 'sub']: UNSAT (0.072 seconds)
296.67/296.76	['sub', 'sub', 'sub', 'sub']: UNSAT (0.074 seconds)
296.77/296.83	['concat', 'concat', 'concat', 'concat', 'concat']: UNKNOWN (131.514 seconds)
428.27/428.35	Reason: smt tactic failed to show goal to be sat/unsat max-conflicts-reached
428.27/428.35	Reason: smt tactic failed to show goal to be sat/unsat max-conflicts-reached
428.27/428.35	['concat', 'concat', 'concat', 'concat', 'index']: UNSAT (0.116 seconds)
428.37/428.46	['concat', 'concat', 'concat', 'concat', 'length']: UNSAT (0.096 seconds)
428.47/428.56	['concat', 'concat', 'concat', 'concat', 'substr']: 