0.13/0.18	=== Examples (../../dataset/examples/examples-04.json)
0.13/0.18	IO(inputs=('that/folder/',), output='thatfolder')
0.13/0.18	IO(inputs=('this/folder/is/longer/',), output='thisfolderislonger')
0.13/0.18	=== Library
0.13/0.18	concat
0.13/0.18	index
0.13/0.18	length
0.13/0.18	substr
0.13/0.18	add
0.13/0.18	sub
0.13/0.18	=== Synthesis
0.13/0.18	['concat']: UNSAT (0.024 seconds)
0.13/0.21	['index']: UNSAT (0.023 seconds)
0.13/0.23	['length']: UNSAT (0.016 seconds)
0.13/0.25	['substr']: UNSAT (0.030 seconds)
0.13/0.28	['add']: UNSAT (0.021 seconds)
0.13/0.30	['sub']: UNSAT (0.021 seconds)
0.28/0.32	['concat', 'concat']: UNSAT (0.040 seconds)
0.28/0.36	['concat', 'index']: UNSAT (0.039 seconds)
0.28/0.40	['concat', 'length']: UNSAT (0.030 seconds)
0.35/0.44	['concat', 'substr']: UNSAT (0.248 seconds)
0.62/0.68	['concat', 'add']: UNSAT (0.032 seconds)
0.69/0.72	['concat', 'sub']: UNSAT (0.032 seconds)
0.69/0.75	['index', 'index']: UNSAT (0.048 seconds)
0.79/0.80	['index', 'length']: UNSAT (0.035 seconds)
0.79/0.84	['index', 'substr']: UNSAT (0.098 seconds)
0.89/0.93	['index', 'add']: UNSAT (0.040 seconds)
0.89/0.97	['index', 'sub']: UNSAT (0.036 seconds)
0.89/1.01	['length', 'length']: UNSAT (0.022 seconds)
0.89/1.03	['length', 'substr']: UNSAT (0.044 seconds)
1.01/1.08	['length', 'add']: UNSAT (0.029 seconds)
1.01/1.11	['length', 'sub']: UNSAT (0.029 seconds)
1.01/1.14	['substr', 'substr']: UNSAT (0.069 seconds)
1.19/1.21	['substr', 'add']: UNSAT (0.050 seconds)
1.19/1.26	['substr', 'sub']: UNSAT (0.048 seconds)
1.29/1.31	['add', 'add']: UNSAT (0.033 seconds)
1.29/1.34	['add', 'sub']: UNSAT (0.036 seconds)
1.29/1.38	['sub', 'sub']: UNSAT (0.034 seconds)
1.39/1.41	['concat', 'concat', 'concat']: UNSAT (0.108 seconds)
1.49/1.52	['concat', 'concat', 'index']: UNSAT (0.056 seconds)
1.49/1.58	['concat', 'concat', 'length']: UNSAT (0.045 seconds)
1.59/1.63	['concat', 'concat', 'substr']: UNSAT (8.533 seconds)
10.12/10.16	['concat', 'concat', 'add']: UNSAT (0.047 seconds)
10.19/10.21	['concat', 'concat', 'sub']: UNSAT (0.048 seconds)
10.19/10.26	['concat', 'index', 'index']: UNSAT (0.061 seconds)
10.29/10.32	['concat', 'index', 'length']: UNSAT (0.050 seconds)
10.29/10.37	['concat', 'index', 'substr']: UNSAT (1.832 seconds)
12.19/12.20	['concat', 'index', 'add']: UNSAT (0.051 seconds)
12.19/12.26	['concat', 'index', 'sub']: UNSAT (0.054 seconds)
12.29/12.31	['concat', 'length', 'length']: UNSAT (0.041 seconds)
12.29/12.35	['concat', 'length', 'substr']: UNSAT (0.236 seconds)
12.49/12.59	['concat', 'length', 'add']: UNSAT (0.041 seconds)
12.59/12.63	['concat', 'length', 'sub']: UNSAT (0.040 seconds)
12.59/12.67	['concat', 'substr', 'substr']: UNSAT (1.578 seconds)
14.19/14.25	['concat', 'substr', 'add']: UNSAT (0.308 seconds)
14.49/14.56	['concat', 'substr', 'sub']: UNSAT (0.332 seconds)
14.79/14.89	['concat', 'add', 'add']: UNSAT (0.050 seconds)
14.89/14.95	['concat', 'add', 'sub']: UNSAT (0.050 seconds)
14.89/15.00	['concat', 'sub', 'sub']: UNSAT (0.049 seconds)
15.00/15.05	['index', 'index', 'index']: UNSAT (0.069 seconds)
15.00/15.12	['index', 'index', 'length']: UNSAT (0.056 seconds)
15.12/15.17	['index', 'index', 'substr']: UNSAT (0.215 seconds)
15.29/15.39	['index', 'index', 'add']: UNSAT (0.059 seconds)
15.39/15.45	['index', 'index', 'sub']: UNSAT (0.061 seconds)
15.49/15.51	['index', 'length', 'length']: UNSAT (0.043 seconds)
15.49/15.55	['index', 'length', 'substr']: UNSAT (0.126 seconds)
15.58/15.68	['index', 'length', 'add']: UNSAT (0.047 seconds)
15.68/15.73	['index', 'length', 'sub']: UNSAT (0.046 seconds)
15.68/15.77	['index', 'substr', 'substr']: UNSAT (0.696 seconds)
16.38/16.47	['index', 'substr', 'add']: UNSAT (0.197 seconds)
16.58/16.67	['index', 'substr', 'sub']: UNSAT (0.154 seconds)
16.78/16.83	['index', 'add', 'add']: UNSAT (0.056 seconds)
16.78/16.88	['index', 'add', 'sub']: UNSAT (0.059 seconds)
16.88/16.94	['index', 'sub', 'sub']: UNSAT (0.055 seconds)
16.88/17.00	['length', 'length', 'length']: UNSAT (0.032 seconds)
16.88/17.03	['length', 'length', 'substr']: UNSAT (0.056 seconds)
17.00/17.09	['length', 'length', 'add']: UNSAT (0.036 seconds)
17.00/17.12	['length', 'length', 'sub']: UNSAT (0.034 seconds)
17.12/17.16	['length', 'substr', 'substr']: UNSAT (0.223 seconds)
17.28/17.38	['length', 'substr', 'add']: UNSAT (0.072 seconds)
17.38/17.45	['length', 'substr', 'sub']: UNSAT (0.078 seconds)
17.48/17.53	['length', 'add', 'add']: UNSAT (0.044 seconds)
17.48/17.58	['length', 'add', 'sub']: UNSAT (0.044 seconds)
17.58/17.62	['length', 'sub', 'sub']: UNSAT (0.042 seconds)
17.58/17.67	['substr', 'substr', 'substr']: UNSAT (0.196 seconds)
17.78/17.86	['substr', 'substr', 'add']: UNSAT (0.155 seconds)
17.88/18.02	['substr', 'substr', 'sub']: UNSAT (0.239 seconds)
18.18/18.26	['substr', 'add', 'add']: UNSAT (0.089 seconds)
18.28/18.35	['substr', 'add', 'sub']: UNSAT (0.099 seconds)
18.38/18.45	['substr', 'sub', 'sub']: UNSAT (0.150 seconds)
18.58/18.60	['add', 'add', 'add']: UNSAT (0.056 seconds)
18.58/18.66	['add', 'add', 'sub']: UNSAT (0.054 seconds)
18.68/18.72	['add', 'sub', 'sub']: UNSAT (0.051 seconds)
18.68/18.77	['sub', 'sub', 'sub']: UNSAT (0.051 seconds)
18.78/18.82	['concat', 'concat', 'concat', 'concat']: UNSAT (0.213 seconds)
19.00/19.03	['concat', 'concat', 'concat', 'index']: UNSAT (0.082 seconds)
19.00/19.12	['concat', 'concat', 'concat', 'length']: UNSAT (0.067 seconds)
19.12/19.18	['concat', 'concat', 'concat', 'substr']: UNKNOWN (162.947 seconds)
182.00/182.13	Reason: smt tactic failed to show goal to be sat/unsat max-conflicts-reached
182.00/182.13	Reason: smt tactic failed to show goal to be sat/unsat max-conflicts-reached
182.00/182.13	['concat', 'concat', 'concat', 'add']: UNSAT (0.068 seconds)
182.19/182.20	['concat', 'concat', 'concat', 'sub']: UNSAT (0.071 seconds)
182.19/182.27	['concat', 'concat', 'index', 'index']: UNSAT (0.087 seconds)
182.29/182.36	['concat', 'concat', 'index', 'length']: UNSAT (0.071 seconds)
182.39/182.43	['concat', 'concat', 'index', 'substr']: UNSAT (29.054 seconds)
211.39/211.49	['concat', 'concat', 'index', 'add']: UNSAT (0.077 seconds)
211.48/211.57	['concat', 'concat', 'index', 'sub']: UNSAT (0.073 seconds)
211.58/211.64	['concat', 'concat', 'length', 'length']: UNSAT (0.058 seconds)
211.68/211.70	['concat', 'concat', 'length', 'substr']: UNSAT (4.183 seconds)
215.78/215.88	['concat', 'concat', 'length', 'add']: UNSAT (0.061 seconds)
215.88/215.94	['concat', 'concat', 'length', 'sub']: UNSAT (0.059 seconds)
215.88/216.00	['concat', 'concat', 'substr', 'substr']: UNKNOWN (90.071 seconds)
306.00/306.08	Reason: smt tactic failed to show goal to be sat/unsat max-conflicts-reached
306.00/306.08	Reason: smt tactic failed to show goal to be sat/unsat max-conflicts-reached
306.00/306.08	['concat', 'concat', 'substr', 'add']: UNSAT (7.393 seconds)
313.38/313.47	['concat', 'concat', 'substr', 'sub']: UNSAT (6.962 seconds)
320.38/320.43	['concat', 'concat', 'add', 'add']: UNSAT (0.063 seconds)
320.48/320.50	['concat', 'concat', 'add', 'sub']: UNSAT (0.064 seconds)
320.48/320.56	['concat', 'concat', 'sub', 'sub']: UNSAT (0.065 seconds)
320.58/320.63	['concat', 'index', 'index', 'index']: UNSAT (0.091 seconds)
320.68/320.72	['concat', 'index', 'index', 'length']: UNSAT (0.074 seconds)
320.78/320.80	['concat', 'index', 'index', 'substr']: UNSAT (4.492 seconds)
325.18/325.29	['concat', 'index', 'index', 'add']: UNSAT (0.080 seconds)
325.28/325.37	['concat', 'index', 'index', 'sub']: UNSAT (0.080 seconds)
325.38/325.45	['concat', 'index', 'length', 'length']: UNSAT (0.061 seconds)
325.48/325.51	['concat', 'index', 'length', 'substr']: UNSAT (2.100 seconds)
327.58/327.61	['concat', 'index', 'length', 'add']: UNSAT (0.065 seconds)
327.58/327.68	['concat', 'index', 'length', 'sub']: UNSAT (0.064 seconds)
327.68/327.74	['concat', 'index', 'substr', 'substr']: UNSAT (29.420 seconds)
357.12/357.17	['concat', 'index', 'substr', 'add']: UNSAT (2.536 seconds)
359.68/359.70	['concat', 'index', 'substr', 'sub']: UNSAT (2.506 seconds)
362.18/362.21	['concat', 'index', 'add', 'add']: UNSAT (0.072 seconds)
362.18/362.28	['concat', 'index', 'add', 'sub']: UNSAT (0.070 seconds)
362.28/362.35	['concat', 'index', 'sub', 'sub']: UNSAT (0.091 seconds)
362.38/362.45	['concat', 'length', 'length', 'length']: UNSAT (0.064 seconds)
362.48/362.51	['concat', 'length', 'length', 'substr']: UNSAT (0.222 seconds)
362.68/362.74	['concat', 'length', 'length', 'add']: UNSAT (0.063 seconds)
362.78/362.80	['concat', 'length', 'length', 'sub']: UNSAT (0.062 seconds)
362.78/362.86	['concat', 'length', 'substr', 'substr']: UNSAT (7.538 seconds)
370.37/370.40	['concat', 'length', 'substr', 'add']: UNSAT (0.612 seconds)
370.87/371.01	['concat', 'length', 'substr', 'sub']: UNSAT (0.780 seconds)
371.67/371.80	['concat', 'length', 'add', 'add']: UNSAT (0.060 seconds)
371.77/371.86	['concat', 'length', 'add', 'sub']: UNSAT (0.059 seconds)
371.87/371.92	['concat', 'length', 'sub', 'sub']: UNSAT (0.058 seconds)
371.87/371.98	['concat', 'substr', 'substr', 'substr']: UNSAT (11.947 seconds)
383.88/383.92	['concat', 'substr', 'substr', 'add']: UNSAT (3.776 seconds)
387.68/387.70	['concat', 'substr', 'substr', 'sub']: UNSAT (4.274 seconds)
391.88/391.98	['concat', 'substr', 'add', 'add']: UNSAT (0.647 seconds)
392.58/392.62	['concat', 'substr', 'add', 'sub']: UNSAT (0.693 seconds)
393.28/393.32	['concat', 'substr', 'sub', 'sub']: UNSAT (0.600 seconds)
393.88/393.92	['concat', 'add', 'add', 'add']: UNSAT (0.070 seconds)
393.88/393.99	['concat', 'add', 'add', 'sub']: UNSAT (0.067 seconds)
394.00/394.06	['concat', 'add', 'sub', 'sub']: UNSAT (0.068 seconds)
394.11/394.13	['concat', 'sub', 'sub', 'sub']: UNSAT (0.075 seconds)
394.18/394.20	['index', 'index', 'index', 'index']: UNSAT (0.099 seconds)
394.28/394.30	['index', 'index', 'index', 'length']: UNSAT (0.083 seconds)
394.28/394.39	['index', 'index', 'index', 'substr']: UNSAT (0.401 seconds)
394.68/394.79	['index', 'index', 'index', 'add']: UNSAT (0.089 seconds)
394.78/394.88	['index', 'index', 'index', 'sub']: UNSAT (0.093 seconds)
394.88/394.97	['index', 'index', 'length', 'length']: UNSAT (0.064 seconds)
395.00/395.04	['index', 'index', 'length', 'substr']: UNSAT (0.260 seconds)
395.28/395.30	['index', 'index', 'length', 'add']: UNSAT (0.073 seconds)
395.28/395.37	['index', 'index', 'length', 'sub']: UNSAT (0.073 seconds)
395.38/395.45	['index', 'index', 'substr', 'substr']: UNSAT (1.393 seconds)
396.78/396.84	['index', 'index', 'substr', 'add']: UNSAT (0.414 seconds)
397.18/397.26	['index', 'index', 'substr', 'sub']: UNSAT (0.438 seconds)
397.58/397.69	['index', 'index', 'add', 'add']: UNSAT (0.085 seconds)
397.68/397.78	['index', 'index', 'add', 'sub']: UNSAT (0.086 seconds)
397.78/397.87	['index', 'index', 'sub', 'sub']: UNSAT (0.088 seconds)
397.88/397.96	['index', 'length', 'length', 'length']: UNSAT (0.050 seconds)
397.88/398.01	['index', 'length', 'length', 'substr']: UNSAT (0.178 seconds)
398.12/398.18	['index', 'length', 'length', 'add']: UNSAT (0.056 seconds)
398.18/398.24	['index', 'length', 'length', 'sub']: UNSAT (0.058 seconds)
398.28/398.30	['index', 'length', 'substr', 'substr']: UNSAT (0.614 seconds)
398.88/398.92	['index', 'length', 'substr', 'add']: UNSAT (0.264 seconds)
399.12/399.18	['index', 'length', 'substr', 'sub']: UNSAT (0.271 seconds)
399.38/399.45	['index', 'length', 'add', 'add']: UNSAT (0.068 seconds)
399.48/399.52	['index', 'length', 'add', 'sub']: UNSAT (0.072 seconds)
399.48/399.59	['index', 'length', 'sub', 'sub']: UNSAT (0.070 seconds)
399.58/399.67	['index', 'substr', 'substr', 'substr']: UNSAT (3.567 seconds)
403.17/403.23	['index', 'substr', 'substr', 'add']: UNSAT (0.914 seconds)
404.11/404.15	['index', 'substr', 'substr', 'sub']: UNSAT (0.964 seconds)
404.99/405.11	['index', 'substr', 'add', 'add']: UNSAT (0.437 seconds)
405.47/405.55	['index', 'substr', 'add', 'sub']: UNSAT (0.423 seconds)
405.87/405.98	['index', 'substr', 'sub', 'sub']: UNSAT (0.332 seconds)
406.27/406.31	['index', 'add', 'add', 'add']: UNSAT (0.081 seconds)
406.27/406.39	['index', 'add', 'add', 'sub']: UNSAT (0.081 seconds)
406.37/406.47	['index', 'add', 'sub', 'sub']: UNSAT (0.080 seconds)
406.47/406.55	['index', 'sub', 'sub', 'sub']: UNSAT (0.085 seconds)
406.57/406.64	['length', 'length', 'length', 'length']: UNSAT (0.041 seconds)
406.57/406.68	['length', 'length', 'length', 'substr']: UNSAT (0.051 seconds)
406.67/406.73	['length', 'length', 'length', 'add']: UNSAT (0.042 seconds)
406.67/406.78	['length', 'length', 'length', 'sub']: UNSAT (0.041 seconds)
406.77/406.82	['length', 'length', 'substr', 'substr']: UNSAT (0.549 seconds)
407.27/407.37	['length', 'length', 'substr', 'add']: UNSAT (0.140 seconds)
407.47/407.51	['length', 'length', 'substr', 'sub']: UNSAT (0.144 seconds)
407.57/407.65	['length', 'length', 'add', 'add']: UNSAT (0.051 seconds)
407.67/407.71	['length', 'length', 'add', 'sub']: UNSAT (0.049 seconds)
407.67/407.76	['length', 'length', 'sub', 'sub']: UNSAT (0.050 seconds)
407.77/407.81	['length', 'substr', 'substr', 'substr']: UNSAT (2.270 seconds)
409.99/410.08	['length', 'substr', 'substr', 'add']: UNSAT (0.569 seconds)
410.57/410.65	['length', 'substr', 'substr', 'sub']: UNSAT (0.711 seconds)
411.27/411.36	['length', 'substr', 'add', 'add']: UNSAT (0.197 seconds)
411.47/411.56	['length', 'substr', 'add', 'sub']: UNSAT (0.237 seconds)
411.67/411.80	['length', 'substr', 'sub', 'sub']: UNSAT (0.275 seconds)
412.00/412.07	['length', 'add', 'add', 'add']: UNSAT (0.064 seconds)
412.00/412.14	['length', 'add', 'add', 'sub']: UNSAT (0.066 seconds)
412.17/412.20	['length', 'add', 'sub', 'sub']: UNSAT (0.065 seconds)
412.17/412.27	['length', 'sub', 'sub', 'sub']: UNSAT (0.063 seconds)
412.27/412.33	['substr', 'substr', 'substr', 'substr']: UNSAT (0.753 seconds)
412.99/413.09	['substr', 'substr', 'substr', 'add']: UNSAT (0.691 seconds)
413.67/413.78	['substr', 'substr', 'substr', 'sub']: UNSAT (0.687 seconds)
414.37/414.47	['substr', 'substr', 'add', 'add']: UNSAT (1.133 seconds)
415.57/415.60	['substr', 'substr', 'add', 'sub']: UNSAT (0.686 seconds)
416.17/416.29	['substr', 'substr', 'sub', 'sub']: UNSAT (0.319 seconds)
416.57/416.61	['substr', 'add', 'add', 'add']: UNSAT (0.304 seconds)
416.87/416.91	['substr', 'add', 'add', 'sub']: UNSAT (0.202 seconds)
416.99/417.12	['substr', 'add', 'sub', 'sub']: UNSAT (0.252 seconds)
417.27/417.37	['substr', 'sub', 'sub', 'sub']: UNSAT (0.252 seconds)
417.57/417.62	['add', 'add', 'add', 'add']: UNSAT (0.074 seconds)
417.67/417.70	['add', 'add', 'add', 'sub']: UNSAT (0.074 seconds)
417.67/417.77	['add', 'add', 'sub', 'sub']: UNSAT (0.073 seconds)
417.77/417.85	['add', 'sub', 'sub', 'sub']: UNSAT (0.078 seconds)
417.87/417.92	['sub', 'sub', 'sub', 'sub']: UNSAT (0.080 seconds)
417.87/418.01	['concat', 'concat', 'concat', 'concat', 'concat']: UNSAT (0.582 seconds)
418.47/418.59	['concat', 'concat', 'concat', 'concat', 'index']: UNSAT (0.115 seconds)
418.67/418.70	['concat', 'concat', 'concat', 'concat', 'length']: UNSAT (0.098 seconds)
418.77/418.80	['concat', 'concat', 'concat', 'concat', 'substr']: 