0.11/0.20	=== Examples (../../dataset/examples/examples-87.json)
0.11/0.20	IO(inputs=('https://outsystems.com',), output='outsystems')
0.11/0.20	IO(inputs=('http://cmu.edu',), output='cmu')
0.11/0.20	=== Library
0.11/0.20	concat
0.11/0.20	index
0.11/0.20	length
0.11/0.20	substr
0.11/0.20	add
0.11/0.20	sub
0.11/0.20	=== Synthesis
0.11/0.20	['concat']: UNSAT (0.029 seconds)
0.11/0.23	['index']: UNSAT (0.029 seconds)
0.11/0.26	['length']: UNSAT (0.021 seconds)
0.25/0.28	['substr']: UNSAT (0.036 seconds)
0.25/0.32	['add']: UNSAT (0.025 seconds)
0.25/0.34	['sub']: UNSAT (0.024 seconds)
0.35/0.37	['concat', 'concat']: UNSAT (0.049 seconds)
0.35/0.42	['concat', 'index']: UNSAT (0.047 seconds)
0.44/0.47	['concat', 'length']: UNSAT (0.036 seconds)
0.44/0.50	['concat', 'substr']: UNSAT (0.232 seconds)
0.69/0.74	['concat', 'add']: UNSAT (0.033 seconds)
0.69/0.77	['concat', 'sub']: UNSAT (0.031 seconds)
0.79/0.80	['index', 'index']: UNSAT (0.042 seconds)
0.79/0.85	['index', 'length']: UNSAT (0.030 seconds)
0.79/0.88	['index', 'substr']: UNSAT (0.117 seconds)
0.89/0.99	['index', 'add']: UNSAT (0.036 seconds)
0.89/1.03	['index', 'sub']: UNSAT (0.037 seconds)
1.01/1.07	['length', 'length']: UNSAT (0.022 seconds)
1.01/1.09	['length', 'substr']: UNSAT (0.038 seconds)
1.01/1.13	['length', 'add']: UNSAT (0.026 seconds)
1.12/1.16	['length', 'sub']: UNSAT (0.027 seconds)
1.12/1.18	['substr', 'substr']: UNSAT (0.068 seconds)
1.18/1.25	['substr', 'add']: UNSAT (0.052 seconds)
1.28/1.31	['substr', 'sub']: UNSAT (0.046 seconds)
1.28/1.35	['add', 'add']: UNSAT (0.035 seconds)
1.28/1.39	['add', 'sub']: UNSAT (0.033 seconds)
1.38/1.42	['sub', 'sub']: UNSAT (0.033 seconds)
1.38/1.46	['concat', 'concat', 'concat']: UNSAT (0.109 seconds)
1.48/1.57	['concat', 'concat', 'index']: UNSAT (0.059 seconds)
1.58/1.63	['concat', 'concat', 'length']: UNSAT (0.045 seconds)
1.58/1.67	['concat', 'concat', 'substr']: SAT (1.928 seconds)
3.59/3.60	substr(concat(concat(arg0, arg0), '\\x00\\x00cmu'), 30, 10)
