0.00/0.20	=== Examples (../../dataset/examples/examples-51.json)
0.00/0.20	IO(inputs=('George ', 'Michael '), output='George  Michael')
0.00/0.20	IO(inputs=('Maebe', 'Bluth   '), output='Maebe Bluth')
0.00/0.20	=== Library
0.00/0.20	concat
0.00/0.20	index
0.00/0.20	length
0.00/0.20	substr
0.00/0.20	add
0.00/0.20	sub
0.00/0.20	=== Synthesis
0.00/0.20	['concat']: UNSAT (0.031 seconds)
0.11/0.23	['index']: UNSAT (0.031 seconds)
0.11/0.26	['length']: UNSAT (0.022 seconds)
0.11/0.28	['substr']: UNSAT (0.032 seconds)
0.11/0.32	['add']: UNSAT (0.028 seconds)
0.11/0.35	['sub']: UNSAT (0.027 seconds)
0.11/0.37	['concat', 'concat']: UNSAT (0.052 seconds)
0.33/0.43	['concat', 'index']: UNSAT (0.052 seconds)
0.33/0.48	['concat', 'length']: UNSAT (0.039 seconds)
0.33/0.52	['concat', 'substr']: UNSAT (0.054 seconds)
0.33/0.58	['concat', 'add']: UNSAT (0.043 seconds)
0.52/0.62	['concat', 'sub']: UNSAT (0.038 seconds)
0.52/0.66	['index', 'index']: UNSAT (0.055 seconds)
0.52/0.72	['index', 'length']: UNSAT (0.037 seconds)
0.52/0.75	['index', 'substr']: UNSAT (0.052 seconds)
0.52/0.81	['index', 'add']: UNSAT (0.041 seconds)
0.70/0.85	['index', 'sub']: UNSAT (0.043 seconds)
0.70/0.89	['length', 'length']: UNSAT (0.026 seconds)
0.70/0.92	['length', 'substr']: UNSAT (0.036 seconds)
0.70/0.96	['length', 'add']: UNSAT (0.028 seconds)
0.94/0.99	['length', 'sub']: UNSAT (0.029 seconds)
0.94/1.02	['substr', 'substr']: UNSAT (0.047 seconds)
1.04/1.06	['substr', 'add']: UNSAT (0.041 seconds)
1.08/1.10	['substr', 'sub']: UNSAT (0.041 seconds)
1.08/1.15	['add', 'add']: UNSAT (0.036 seconds)
1.08/1.18	['add', 'sub']: UNSAT (0.038 seconds)
1.18/1.22	['sub', 'sub']: UNSAT (0.035 seconds)
1.18/1.26	['concat', 'concat', 'concat']: UNSAT (0.164 seconds)
1.28/1.42	['concat', 'concat', 'index']: UNSAT (0.066 seconds)
1.40/1.49	['concat', 'concat', 'length']: UNSAT (0.053 seconds)
1.40/1.54	['concat', 'concat', 'substr']: UNSAT (0.582 seconds)
2.08/2.13	['concat', 'concat', 'add']: UNSAT (0.054 seconds)
2.08/2.18	['concat', 'concat', 'sub']: UNSAT (0.052 seconds)
2.18/2.24	['concat', 'index', 'index']: UNSAT (0.068 seconds)
2.28/2.30	['concat', 'index', 'length']: UNSAT (0.055 seconds)
2.28/2.36	['concat', 'index', 'substr']: UNSAT (0.159 seconds)
2.41/2.52	['concat', 'index', 'add']: UNSAT (0.064 seconds)
2.54/2.58	['concat', 'index', 'sub']: UNSAT (0.058 seconds)
2.58/2.64	['concat', 'length', 'length']: UNSAT (0.044 seconds)
2.58/2.69	['concat', 'length', 'substr']: UNSAT (0.099 seconds)
2.68/2.79	['concat', 'length', 'add']: UNSAT (0.047 seconds)
2.78/2.84	['concat', 'length', 'sub']: UNSAT (0.047 seconds)
2.78/2.88	['concat', 'substr', 'substr']: UNSAT (0.155 seconds)
2.98/3.04	['concat', 'substr', 'add']: UNSAT (0.062 seconds)
3.08/3.10	['concat', 'substr', 'sub']: UNSAT (0.064 seconds)
3.08/3.17	['concat', 'add', 'add']: UNSAT (0.053 seconds)
3.18/3.22	['concat', 'add', 'sub']: UNSAT (0.053 seconds)
3.18/3.28	['concat', 'sub', 'sub']: UNSAT (0.053 seconds)
3.28/3.33	['index', 'index', 'index']: UNSAT (0.074 seconds)
3.28/3.41	['index', 'index', 'length']: UNSAT (0.058 seconds)
3.40/3.46	['index', 'index', 'substr']: UNSAT (0.131 seconds)
3.58/3.60	['index', 'index', 'add']: UNSAT (0.067 seconds)
3.58/3.66	['index', 'index', 'sub']: UNSAT (0.074 seconds)
3.68/3.74	['index', 'length', 'length']: UNSAT (0.048 seconds)
3.68/3.79	['index', 'length', 'substr']: UNSAT (0.066 seconds)
3.78/3.86	['index', 'length', 'add']: UNSAT (0.053 seconds)
3.88/3.91	['index', 'length', 'sub']: UNSAT (0.050 seconds)
3.88/3.96	['index', 'substr', 'substr']: UNSAT (0.107 seconds)
3.98/4.07	['index', 'substr', 'add']: UNSAT (0.074 seconds)
4.08/4.15	['index', 'substr', 'sub']: UNSAT (0.074 seconds)
4.18/4.22	['index', 'add', 'add']: UNSAT (0.062 seconds)
4.18/4.28	['index', 'add', 'sub']: UNSAT (0.063 seconds)
4.28/4.35	['index', 'sub', 'sub']: UNSAT (0.063 seconds)
4.28/4.41	['length', 'length', 'length']: UNSAT (0.036 seconds)
4.28/4.45	['length', 'length', 'substr']: UNSAT (0.052 seconds)
4.40/4.50	['length', 'length', 'add']: UNSAT (0.039 seconds)
4.40/4.54	['length', 'length', 'sub']: UNSAT (0.040 seconds)
4.55/4.58	['length', 'substr', 'substr']: UNSAT (0.065 seconds)
4.58/4.65	['length', 'substr', 'add']: UNSAT (0.055 seconds)
4.68/4.70	['length', 'substr', 'sub']: UNSAT (0.056 seconds)
4.68/4.76	['length', 'add', 'add']: UNSAT (0.050 seconds)
4.78/4.81	['length', 'add', 'sub']: UNSAT (0.047 seconds)
4.78/4.86	['length', 'sub', 'sub']: UNSAT (0.046 seconds)
4.88/4.91	['substr', 'substr', 'substr']: UNSAT (0.077 seconds)
4.88/4.99	['substr', 'substr', 'add']: UNSAT (0.070 seconds)
4.98/5.06	['substr', 'substr', 'sub']: UNSAT (0.068 seconds)
5.08/5.13	['substr', 'add', 'add']: UNSAT (0.061 seconds)
5.08/5.19	['substr', 'add', 'sub']: UNSAT (0.061 seconds)
5.18/5.25	['substr', 'sub', 'sub']: UNSAT (0.060 seconds)
5.28/5.31	['add', 'add', 'add']: UNSAT (0.057 seconds)
5.28/5.37	['add', 'add', 'sub']: UNSAT (0.056 seconds)
5.28/5.43	['add', 'sub', 'sub']: UNSAT (0.055 seconds)
5.40/5.48	['sub', 'sub', 'sub']: UNSAT (0.055 seconds)
5.40/5.54	['concat', 'concat', 'concat', 'concat']: UNSAT (0.905 seconds)
6.28/6.45	['concat', 'concat', 'concat', 'index']: UNSAT (0.104 seconds)
6.42/6.55	['concat', 'concat', 'concat', 'length']: UNSAT (0.078 seconds)
6.58/6.63	['concat', 'concat', 'concat', 'substr']: UNSAT (49.131 seconds)
55.68/55.76	['concat', 'concat', 'concat', 'add']: UNSAT (0.076 seconds)
55.78/55.84	['concat', 'concat', 'concat', 'sub']: UNSAT (0.075 seconds)
55.88/55.92	['concat', 'concat', 'index', 'index']: UNSAT (0.097 seconds)
55.98/56.01	['concat', 'concat', 'index', 'length']: UNSAT (0.083 seconds)
56.08/56.10	['concat', 'concat', 'index', 'substr']: SAT (4.223 seconds)
60.29/60.32	concat(concat(arg0, ' '), substr(arg1, 0, index(arg1, ' ', 2)))
