0.12/0.20	=== Examples (../../dataset/examples/examples-70.json)
0.12/0.20	IO(inputs=('  like no spaces at all!!!  ',), output='likenospacesatall!!!')
0.12/0.20	IO(inputs=("again don't try ",), output="againdon'ttry")
0.12/0.20	=== Library
0.12/0.20	concat
0.12/0.20	index
0.12/0.20	length
0.12/0.20	substr
0.12/0.20	add
0.12/0.20	sub
0.12/0.20	=== Synthesis
0.12/0.20	['concat']: UNSAT (0.029 seconds)
0.12/0.23	['index']: UNSAT (0.030 seconds)
0.12/0.26	['length']: UNSAT (0.020 seconds)
0.25/0.28	['substr']: UNSAT (0.036 seconds)
0.25/0.31	['add']: UNSAT (0.024 seconds)
0.25/0.34	['sub']: UNSAT (0.024 seconds)
0.25/0.36	['concat', 'concat']: UNSAT (0.049 seconds)
0.35/0.41	['concat', 'index']: UNSAT (0.047 seconds)
0.35/0.46	['concat', 'length']: UNSAT (0.035 seconds)
0.44/0.50	['concat', 'substr']: UNSAT (0.257 seconds)
0.69/0.75	['concat', 'add']: UNSAT (0.029 seconds)
0.69/0.78	['concat', 'sub']: UNSAT (0.027 seconds)
0.79/0.81	['index', 'index']: UNSAT (0.036 seconds)
0.79/0.85	['index', 'length']: UNSAT (0.029 seconds)
0.79/0.88	['index', 'substr']: UNSAT (0.100 seconds)
0.89/0.98	['index', 'add']: UNSAT (0.033 seconds)
0.89/1.01	['index', 'sub']: UNSAT (0.033 seconds)
1.01/1.05	['length', 'length']: UNSAT (0.021 seconds)
1.01/1.07	['length', 'substr']: UNSAT (0.039 seconds)
1.01/1.11	['length', 'add']: UNSAT (0.023 seconds)
1.01/1.13	['length', 'sub']: UNSAT (0.023 seconds)
1.13/1.16	['substr', 'substr']: UNSAT (0.051 seconds)
1.19/1.21	['substr', 'add']: UNSAT (0.044 seconds)
1.19/1.25	['substr', 'sub']: UNSAT (0.041 seconds)
1.19/1.29	['add', 'add']: UNSAT (0.029 seconds)
1.28/1.32	['add', 'sub']: UNSAT (0.029 seconds)
1.28/1.35	['sub', 'sub']: UNSAT (0.029 seconds)
1.28/1.38	['concat', 'concat', 'concat']: UNSAT (0.106 seconds)
1.38/1.49	['concat', 'concat', 'index']: UNSAT (0.051 seconds)
1.48/1.54	['concat', 'concat', 'length']: UNSAT (0.040 seconds)
1.48/1.58	['concat', 'concat', 'substr']: UNSAT (4.511 seconds)
6.00/6.09	['concat', 'concat', 'add']: UNSAT (0.042 seconds)
6.11/6.14	['concat', 'concat', 'sub']: UNSAT (0.041 seconds)
6.11/6.18	['concat', 'index', 'index']: UNSAT (0.054 seconds)
6.19/6.23	['concat', 'index', 'length']: UNSAT (0.043 seconds)
6.19/6.28	['concat', 'index', 'substr']: UNSAT (1.652 seconds)
7.89/7.93	['concat', 'index', 'add']: UNSAT (0.049 seconds)
7.89/7.98	['concat', 'index', 'sub']: UNSAT (0.052 seconds)
7.89/8.03	['concat', 'length', 'length']: UNSAT (0.033 seconds)
8.02/8.07	['concat', 'length', 'substr']: UNSAT (0.230 seconds)
8.29/8.30	['concat', 'length', 'add']: UNSAT (0.037 seconds)
8.29/8.34	['concat', 'length', 'sub']: UNSAT (0.035 seconds)
8.29/8.37	['concat', 'substr', 'substr']: UNSAT (1.594 seconds)
9.89/9.97	['concat', 'substr', 'add']: UNSAT (0.296 seconds)
10.19/10.26	['concat', 'substr', 'sub']: UNSAT (0.408 seconds)
10.59/10.67	['concat', 'add', 'add']: UNSAT (0.060 seconds)
10.69/10.73	['concat', 'add', 'sub']: UNSAT (0.058 seconds)
10.69/10.79	['concat', 'sub', 'sub']: UNSAT (0.080 seconds)
10.79/10.87	['index', 'index', 'index']: UNSAT (0.082 seconds)
10.89/10.96	['index', 'index', 'length']: UNSAT (0.054 seconds)
10.89/11.01	['index', 'index', 'substr']: UNSAT (0.196 seconds)
11.19/11.21	['index', 'index', 'add']: UNSAT (0.053 seconds)
11.19/11.26	['index', 'index', 'sub']: UNSAT (0.051 seconds)
11.29/11.31	['index', 'length', 'length']: UNSAT (0.036 seconds)
11.29/11.35	['index', 'length', 'substr']: UNSAT (0.112 seconds)
11.39/11.46	['index', 'length', 'add']: UNSAT (0.041 seconds)
11.49/11.50	['index', 'length', 'sub']: UNSAT (0.040 seconds)
11.49/11.54	['index', 'substr', 'substr']: UNSAT (0.482 seconds)
11.89/12.03	['index', 'substr', 'add']: UNSAT (0.172 seconds)
12.19/12.20	['index', 'substr', 'sub']: UNSAT (0.117 seconds)
12.29/12.32	['index', 'add', 'add']: UNSAT (0.048 seconds)
12.29/12.37	['index', 'add', 'sub']: UNSAT (0.048 seconds)
12.39/12.42	['index', 'sub', 'sub']: UNSAT (0.048 seconds)
12.39/12.47	['length', 'length', 'length']: UNSAT (0.027 seconds)
12.39/12.49	['length', 'length', 'substr']: UNSAT (0.045 seconds)
12.49/12.54	['length', 'length', 'add']: UNSAT (0.030 seconds)
12.49/12.57	['length', 'length', 'sub']: UNSAT (0.030 seconds)
12.59/12.60	['length', 'substr', 'substr']: UNSAT (0.272 seconds)
12.79/12.87	['length', 'substr', 'add']: UNSAT (0.067 seconds)
12.89/12.94	['length', 'substr', 'sub']: UNSAT (0.073 seconds)
12.89/13.01	['length', 'add', 'add']: UNSAT (0.045 seconds)
13.01/13.06	['length', 'add', 'sub']: UNSAT (0.038 seconds)
13.01/13.10	['length', 'sub', 'sub']: UNSAT (0.037 seconds)
13.13/13.14	['substr', 'substr', 'substr']: UNSAT (0.306 seconds)
13.39/13.44	['substr', 'substr', 'add']: UNSAT (0.201 seconds)
13.59/13.65	['substr', 'substr', 'sub']: UNSAT (0.256 seconds)
13.89/13.90	['substr', 'add', 'add']: UNSAT (0.094 seconds)
13.89/14.00	['substr', 'add', 'sub']: UNSAT (0.099 seconds)
14.01/14.10	['substr', 'sub', 'sub']: UNSAT (0.082 seconds)
14.13/14.18	['add', 'add', 'add']: UNSAT (0.045 seconds)
14.19/14.23	['add', 'add', 'sub']: UNSAT (0.044 seconds)
14.19/14.27	['add', 'sub', 'sub']: UNSAT (0.045 seconds)
14.29/14.32	['sub', 'sub', 'sub']: UNSAT (0.045 seconds)
14.29/14.36	['concat', 'concat', 'concat', 'concat']: UNSAT (0.196 seconds)
14.49/14.56	['concat', 'concat', 'concat', 'index']: UNSAT (0.072 seconds)
14.59/14.63	['concat', 'concat', 'concat', 'length']: UNSAT (0.059 seconds)
14.59/14.69	['concat', 'concat', 'concat', 'substr']: UNKNOWN (214.478 seconds)
229.12/229.17	Reason: smt tactic failed to show goal to be sat/unsat max-conflicts-reached
229.12/229.17	Reason: smt tactic failed to show goal to be sat/unsat max-conflicts-reached
229.12/229.17	['concat', 'concat', 'concat', 'add']: UNSAT (0.062 seconds)
229.19/229.23	['concat', 'concat', 'concat', 'sub']: UNSAT (0.064 seconds)
229.28/229.30	['concat', 'concat', 'index', 'index']: UNSAT (0.078 seconds)
229.28/229.38	['concat', 'concat', 'index', 'length']: UNSAT (0.062 seconds)
229.38/229.44	['concat', 'concat', 'index', 'substr']: UNSAT (27.496 seconds)
256.88/256.94	['concat', 'concat', 'index', 'add']: UNSAT (0.066 seconds)
256.88/257.01	['concat', 'concat', 'index', 'sub']: UNSAT (0.066 seconds)
257.01/257.07	['concat', 'concat', 'length', 'length']: UNSAT (0.050 seconds)
257.01/257.12	['concat', 'concat', 'length', 'substr']: UNSAT (3.741 seconds)
260.78/260.87	['concat', 'concat', 'length', 'add']: UNSAT (0.053 seconds)
260.88/260.92	['concat', 'concat', 'length', 'sub']: UNSAT (0.051 seconds)
260.88/260.97	['concat', 'concat', 'substr', 'substr']: UNKNOWN (67.789 seconds)
328.68/328.76	Reason: smt tactic failed to show goal to be sat/unsat max-conflicts-reached
328.68/328.76	Reason: smt tactic failed to show goal to be sat/unsat max-conflicts-reached
328.68/328.76	['concat', 'concat', 'substr', 'add']: UNSAT (4.577 seconds)
333.28/333.34	['concat', 'concat', 'substr', 'sub']: UNSAT (6.078 seconds)
339.38/339.42	['concat', 'concat', 'add', 'add']: UNSAT (0.058 seconds)
339.38/339.48	['concat', 'concat', 'add', 'sub']: UNSAT (0.057 seconds)
339.48/339.54	['concat', 'concat', 'sub', 'sub']: UNSAT (0.057 seconds)
339.48/339.59	['concat', 'index', 'index', 'index']: UNSAT (0.081 seconds)
339.58/339.68	['concat', 'index', 'index', 'length']: UNSAT (0.067 seconds)
339.68/339.74	['concat', 'index', 'index', 'substr']: UNSAT (10.542 seconds)
350.18/350.29	['concat', 'index', 'index', 'add']: UNSAT (0.074 seconds)
350.28/350.36	['concat', 'index', 'index', 'sub']: UNSAT (0.070 seconds)
350.38/350.43	['concat', 'index', 'length', 'length']: UNSAT (0.053 seconds)
350.38/350.49	['concat', 'index', 'length', 'substr']: UNSAT (2.479 seconds)
352.88/352.97	['concat', 'index', 'length', 'add']: UNSAT (0.058 seconds)
352.88/353.02	['concat', 'index', 'length', 'sub']: UNSAT (0.057 seconds)
353.01/353.08	['concat', 'index', 'substr', 'substr']: UNSAT (19.641 seconds)
372.68/372.72	['concat', 'index', 'substr', 'add']: UNSAT (3.538 seconds)
376.18/376.26	['concat', 'index', 'substr', 'sub']: UNSAT (3.761 seconds)
379.88/380.02	['concat', 'index', 'add', 'add']: UNSAT (0.067 seconds)
380.01/380.09	['concat', 'index', 'add', 'sub']: UNSAT (0.065 seconds)
380.12/380.16	['concat', 'index', 'sub', 'sub']: UNSAT (0.064 seconds)
380.18/380.22	['concat', 'length', 'length', 'length']: UNSAT (0.041 seconds)
380.18/380.27	['concat', 'length', 'length', 'substr']: UNSAT (0.156 seconds)
380.38/380.42	['concat', 'length', 'length', 'add']: UNSAT (0.044 seconds)
380.38/380.47	['concat', 'length', 'length', 'sub']: UNSAT (0.044 seconds)
380.48/380.51	['concat', 'length', 'substr', 'substr']: UNSAT (5.750 seconds)
386.18/386.26	['concat', 'length', 'substr', 'add']: UNSAT (0.673 seconds)
386.88/386.94	['concat', 'length', 'substr', 'sub']: UNSAT (0.754 seconds)
387.58/387.69	['concat', 'length', 'add', 'add']: UNSAT (0.050 seconds)
387.68/387.74	['concat', 'length', 'add', 'sub']: UNSAT (0.050 seconds)
387.68/387.79	['concat', 'length', 'sub', 'sub']: UNSAT (0.052 seconds)
387.78/387.85	['concat', 'substr', 'substr', 'substr']: UNSAT (10.862 seconds)
398.68/398.71	['concat', 'substr', 'substr', 'add']: UNSAT (6.785 seconds)
405.38/405.50	['concat', 'substr', 'substr', 'sub']: UNSAT (4.697 seconds)
410.12/410.19	['concat', 'substr', 'add', 'add']: UNSAT (0.705 seconds)
410.88/410.90	['concat', 'substr', 'add', 'sub']: UNSAT (0.705 seconds)
411.58/411.60	['concat', 'substr', 'sub', 'sub']: UNSAT (0.517 seconds)
412.01/412.12	['concat', 'add', 'add', 'add']: UNSAT (0.060 seconds)
412.12/412.18	['concat', 'add', 'add', 'sub']: UNSAT (0.060 seconds)
412.18/412.24	['concat', 'add', 'sub', 'sub']: UNSAT (0.062 seconds)
412.28/412.31	['concat', 'sub', 'sub', 'sub']: UNSAT (0.072 seconds)
412.28/412.38	['index', 'index', 'index', 'index']: UNSAT (0.086 seconds)
412.37/412.47	['index', 'index', 'index', 'length']: UNSAT (0.074 seconds)
412.47/412.54	['index', 'index', 'index', 'substr']: UNSAT (0.250 seconds)
412.67/412.79	['index', 'index', 'index', 'add']: UNSAT (0.086 seconds)
412.77/412.88	['index', 'index', 'index', 'sub']: UNSAT (0.080 seconds)
412.87/412.96	['index', 'index', 'length', 'length']: UNSAT (0.058 seconds)
412.87/413.02	['index', 'index', 'length', 'substr']: UNSAT (0.347 seconds)
413.27/413.37	['index', 'index', 'length', 'add']: UNSAT (0.063 seconds)
413.37/413.43	['index', 'index', 'length', 'sub']: UNSAT (0.063 seconds)
413.47/413.50	['index', 'index', 'substr', 'substr']: UNSAT (1.107 seconds)
414.57/414.60	['index', 'index', 'substr', 'add']: UNSAT (0.488 seconds)
415.00/415.09	['index', 'index', 'substr', 'sub']: UNSAT (0.277 seconds)
415.27/415.37	['index', 'index', 'add', 'add']: UNSAT (0.074 seconds)
415.37/415.45	['index', 'index', 'add', 'sub']: UNSAT (0.074 seconds)
415.47/415.52	['index', 'index', 'sub', 'sub']: UNSAT (0.075 seconds)
415.57/415.60	['index', 'length', 'length', 'length']: UNSAT (0.048 seconds)
415.57/415.65	['index', 'length', 'length', 'substr']: UNSAT (0.128 seconds)
415.67/415.78	['index', 'length', 'length', 'add']: UNSAT (0.051 seconds)
415.77/415.83	['index', 'length', 'length', 'sub']: UNSAT (0.051 seconds)
415.77/415.88	['index', 'length', 'substr', 'substr']: UNSAT (0.496 seconds)
416.27/416.38	['index', 'length', 'substr', 'add']: UNSAT (0.224 seconds)
416.57/416.60	['index', 'length', 'substr', 'sub']: UNSAT (0.230 seconds)
416.77/416.83	['index', 'length', 'add', 'add']: UNSAT (0.060 seconds)
416.77/416.89	['index', 'length', 'add', 'sub']: UNSAT (0.059 seconds)
416.87/416.95	['index', 'length', 'sub', 'sub']: UNSAT (0.060 seconds)
416.87/417.01	['index', 'substr', 'substr', 'substr']: UNSAT (2.763 seconds)
419.67/419.78	['index', 'substr', 'substr', 'add']: UNSAT (0.716 seconds)
420.37/420.49	['index', 'substr', 'substr', 'sub']: UNSAT (1.031 seconds)
421.47/421.53	['index', 'substr', 'add', 'add']: UNSAT (0.429 seconds)
421.87/421.96	['index', 'substr', 'add', 'sub']: UNSAT (0.251 seconds)
422.17/422.21	['index', 'substr', 'sub', 'sub']: UNSAT (0.168 seconds)
422.27/422.38	['index', 'add', 'add', 'add']: UNSAT (0.085 seconds)
422.37/422.46	['index', 'add', 'add', 'sub']: UNSAT (0.072 seconds)
422.47/422.54	['index', 'add', 'sub', 'sub']: UNSAT (0.072 seconds)
422.57/422.61	['index', 'sub', 'sub', 'sub']: UNSAT (0.073 seconds)
422.57/422.68	['length', 'length', 'length', 'length']: UNSAT (0.035 seconds)
422.67/422.72	['length', 'length', 'length', 'substr']: UNSAT (0.045 seconds)
422.67/422.76	['length', 'length', 'length', 'add']: UNSAT (0.038 seconds)
422.77/422.80	['length', 'length', 'length', 'sub']: UNSAT (0.040 seconds)
422.77/422.84	['length', 'length', 'substr', 'substr']: UNSAT (0.389 seconds)
423.17/423.23	['length', 'length', 'substr', 'add']: UNSAT (0.136 seconds)
423.27/423.37	['length', 'length', 'substr', 'sub']: UNSAT (0.110 seconds)
423.37/423.48	['length', 'length', 'add', 'add']: UNSAT (0.046 seconds)
423.47/423.53	['length', 'length', 'add', 'sub']: UNSAT (0.046 seconds)
423.47/423.58	['length', 'length', 'sub', 'sub']: UNSAT (0.045 seconds)
423.57/423.62	['length', 'substr', 'substr', 'substr']: UNSAT (1.245 seconds)
424.77/424.87	['length', 'substr', 'substr', 'add']: UNSAT (0.611 seconds)
425.37/425.48	['length', 'substr', 'substr', 'sub']: UNSAT (0.918 seconds)
426.37/426.40	['length', 'substr', 'add', 'add']: UNSAT (0.185 seconds)
426.47/426.58	['length', 'substr', 'add', 'sub']: UNSAT (0.199 seconds)
426.67/426.78	['length', 'substr', 'sub', 'sub']: UNSAT (0.172 seconds)
426.87/426.96	['length', 'add', 'add', 'add']: UNSAT (0.062 seconds)
426.87/427.02	['length', 'add', 'add', 'sub']: UNSAT (0.066 seconds)
427.00/427.09	['length', 'add', 'sub', 'sub']: UNSAT (0.061 seconds)
427.11/427.15	['length', 'sub', 'sub', 'sub']: UNSAT (0.061 seconds)
427.17/427.21	['substr', 'substr', 'substr', 'substr']: UNSAT (0.766 seconds)
427.87/427.98	['substr', 'substr', 'substr', 'add']: UNSAT (0.918 seconds)
428.77/428.90	['substr', 'substr', 'substr', 'sub']: UNSAT (1.015 seconds)
429.87/429.91	['substr', 'substr', 'add', 'add']: UNSAT (1.441 seconds)
431.27/431.35	['substr', 'substr', 'add', 'sub']: UNSAT (0.956 seconds)
432.27/432.31	['substr', 'substr', 'sub', 'sub']: UNSAT (1.851 seconds)
434.11/434.16	['substr', 'add', 'add', 'add']: UNSAT (0.244 seconds)
434.37/434.41	['substr', 'add', 'add', 'sub']: UNSAT (0.182 seconds)
434.47/434.59	['substr', 'add', 'sub', 'sub']: UNSAT (0.179 seconds)
434.67/434.77	['substr', 'sub', 'sub', 'sub']: UNSAT (0.182 seconds)
434.87/434.95	['add', 'add', 'add', 'add']: UNSAT (0.074 seconds)
434.87/435.03	['add', 'add', 'add', 'sub']: UNSAT (0.067 seconds)
435.00/435.10	['add', 'add', 'sub', 'sub']: UNSAT (0.071 seconds)
435.11/435.17	['add', 'sub', 'sub', 'sub']: UNSAT (0.068 seconds)
435.17/435.24	['sub', 'sub', 'sub', 'sub']: UNSAT (0.068 seconds)
435.27/435.31	['concat', 'concat', 'concat', 'concat', 'concat']: UNSAT (0.389 seconds)
435.67/435.70	['concat', 'concat', 'concat', 'concat', 'index']: UNSAT (0.099 seconds)
435.77/435.80	['concat', 'concat', 'concat', 'concat', 'length']: UNSAT (0.087 seconds)
435.77/435.88	['concat', 'concat', 'concat', 'concat', 'substr']: 