0.12/0.20	=== Examples (../../dataset/examples/examples-71.json)
0.12/0.20	IO(inputs=('take seven',), output='take se')
0.12/0.20	IO(inputs=(' and then trim it',), output='and th')
0.12/0.20	=== Library
0.12/0.20	concat
0.12/0.20	index
0.12/0.20	length
0.12/0.20	substr
0.12/0.20	add
0.12/0.20	sub
0.12/0.20	=== Synthesis
0.12/0.20	['concat']: UNSAT (0.029 seconds)
0.12/0.23	['index']: UNSAT (0.028 seconds)
0.12/0.25	['length']: UNSAT (0.020 seconds)
0.26/0.28	['substr']: UNSAT (0.032 seconds)
0.26/0.31	['add']: UNSAT (0.024 seconds)
0.26/0.33	['sub']: UNSAT (0.024 seconds)
0.26/0.36	['concat', 'concat']: UNSAT (0.047 seconds)
0.36/0.41	['concat', 'index']: UNSAT (0.049 seconds)
0.36/0.46	['concat', 'length']: UNSAT (0.035 seconds)
0.46/0.49	['concat', 'substr']: UNSAT (0.087 seconds)
0.56/0.58	['concat', 'add']: UNSAT (0.028 seconds)
0.56/0.61	['concat', 'sub']: UNSAT (0.027 seconds)
0.63/0.64	['index', 'index']: UNSAT (0.037 seconds)
0.63/0.67	['index', 'length']: UNSAT (0.027 seconds)
0.69/0.70	['index', 'substr']: UNSAT (0.085 seconds)
0.69/0.79	['index', 'add']: UNSAT (0.033 seconds)
0.79/0.82	['index', 'sub']: UNSAT (0.033 seconds)
0.79/0.85	['length', 'length']: UNSAT (0.021 seconds)
0.79/0.88	['length', 'substr']: UNSAT (0.033 seconds)
0.89/0.91	['length', 'add']: UNSAT (0.023 seconds)
0.89/0.93	['length', 'sub']: UNSAT (0.023 seconds)
0.89/0.96	['substr', 'substr']: UNSAT (0.048 seconds)
0.89/1.01	['substr', 'add']: UNSAT (0.042 seconds)
1.02/1.05	['substr', 'sub']: UNSAT (0.037 seconds)
1.02/1.09	['add', 'add']: UNSAT (0.029 seconds)
1.02/1.12	['add', 'sub']: UNSAT (0.030 seconds)
1.13/1.15	['sub', 'sub']: UNSAT (0.031 seconds)
1.13/1.18	['concat', 'concat', 'concat']: UNSAT (0.091 seconds)
1.19/1.27	['concat', 'concat', 'index']: UNSAT (0.050 seconds)
1.29/1.32	['concat', 'concat', 'length']: UNSAT (0.040 seconds)
1.29/1.36	['concat', 'concat', 'substr']: UNSAT (0.264 seconds)
1.59/1.63	['concat', 'concat', 'add']: UNSAT (0.041 seconds)
1.59/1.67	['concat', 'concat', 'sub']: UNSAT (0.041 seconds)
1.69/1.71	['concat', 'index', 'index']: UNSAT (0.054 seconds)
1.69/1.76	['concat', 'index', 'length']: UNSAT (0.043 seconds)
1.79/1.81	['concat', 'index', 'substr']: UNSAT (1.666 seconds)
3.38/3.48	['concat', 'index', 'add']: UNSAT (0.046 seconds)
3.49/3.52	['concat', 'index', 'sub']: UNSAT (0.046 seconds)
3.49/3.57	['concat', 'length', 'length']: UNSAT (0.033 seconds)
3.59/3.60	['concat', 'length', 'substr']: UNSAT (0.088 seconds)
3.59/3.69	['concat', 'length', 'add']: UNSAT (0.035 seconds)
3.69/3.73	['concat', 'length', 'sub']: UNSAT (0.035 seconds)
3.69/3.76	['concat', 'substr', 'substr']: UNSAT (0.239 seconds)
3.89/4.00	['concat', 'substr', 'add']: UNSAT (0.084 seconds)
4.02/4.09	['concat', 'substr', 'sub']: UNSAT (0.076 seconds)
4.12/4.16	['concat', 'add', 'add']: UNSAT (0.044 seconds)
4.19/4.21	['concat', 'add', 'sub']: UNSAT (0.043 seconds)
4.19/4.25	['concat', 'sub', 'sub']: UNSAT (0.041 seconds)
4.19/4.29	['index', 'index', 'index']: UNSAT (0.061 seconds)
4.29/4.36	['index', 'index', 'length']: UNSAT (0.049 seconds)
4.39/4.41	['index', 'index', 'substr']: 