0.10/0.20	=== Examples (../../dataset/examples/examples-50.json)
0.10/0.20	IO(inputs=('George',), output='G')
0.10/0.20	=== Library
0.10/0.20	concat
0.10/0.20	index
0.10/0.20	length
0.10/0.20	substr
0.10/0.20	add
0.10/0.20	sub
0.10/0.20	=== Synthesis
0.10/0.20	['concat']: UNSAT (0.022 seconds)
0.10/0.22	['index']: UNSAT (0.021 seconds)
0.10/0.24	['length']: UNSAT (0.017 seconds)
0.10/0.26	['substr']: UNSAT (0.024 seconds)
0.24/0.29	['add']: UNSAT (0.019 seconds)
0.24/0.31	['sub']: UNSAT (0.020 seconds)
0.24/0.33	['concat', 'concat']: UNSAT (0.032 seconds)
0.24/0.36	['concat', 'index']: UNSAT (0.029 seconds)
0.34/0.39	['concat', 'length']: UNSAT (0.024 seconds)
0.34/0.41	['concat', 'substr']: SAT (0.037 seconds)
0.34/0.45	substr(concat('\\x00', arg0), 1, 1)
