0.11/0.20	=== Examples (../../dataset/examples/examples-75.json)
0.11/0.20	IO(inputs=('Fusce sapien eros volutpat.',), output='Fusce...tpat.')
0.11/0.20	=== Library
0.11/0.20	concat
0.11/0.20	index
0.11/0.20	length
0.11/0.20	substr
0.11/0.20	add
0.11/0.20	sub
0.11/0.20	=== Synthesis
0.11/0.20	['concat']: UNSAT (0.023 seconds)
0.11/0.22	['index']: UNSAT (0.022 seconds)
0.11/0.25	['length']: UNSAT (0.017 seconds)
0.11/0.27	['substr']: UNSAT (0.026 seconds)
0.25/0.29	['add']: UNSAT (0.019 seconds)
0.25/0.31	['sub']: UNSAT (0.020 seconds)
0.25/0.33	['concat', 'concat']: UNSAT (0.033 seconds)
0.34/0.37	['concat', 'index']: UNSAT (0.029 seconds)
0.34/0.40	['concat', 'length']: UNSAT (0.025 seconds)
0.34/0.42	['concat', 'substr']: UNSAT (0.356 seconds)
0.69/0.78	['concat', 'add']: UNSAT (0.019 seconds)
0.79/0.80	['concat', 'sub']: UNSAT (0.021 seconds)
0.79/0.82	['index', 'index']: UNSAT (0.024 seconds)
0.79/0.84	['index', 'length']: UNSAT (0.018 seconds)
0.79/0.86	['index', 'substr']: UNSAT (0.098 seconds)
0.89/0.96	['index', 'add']: UNSAT (0.022 seconds)
0.89/0.98	['index', 'sub']: UNSAT (0.021 seconds)
0.89/1.01	['length', 'length']: UNSAT (0.015 seconds)
0.89/1.02	['length', 'substr']: UNSAT (0.031 seconds)
1.01/1.05	['length', 'add']: UNSAT (0.016 seconds)
1.01/1.07	['length', 'sub']: UNSAT (0.017 seconds)
1.01/1.09	['substr', 'substr']: UNSAT (0.026 seconds)
1.01/1.11	['substr', 'add']: UNSAT (0.027 seconds)
1.13/1.14	['substr', 'sub']: UNSAT (0.025 seconds)
1.13/1.17	['add', 'add']: UNSAT (0.020 seconds)
1.13/1.19	['add', 'sub']: UNSAT (0.021 seconds)
1.19/1.21	['sub', 'sub']: UNSAT (0.020 seconds)
1.19/1.23	['concat', 'concat', 'concat']: UNSAT (0.079 seconds)
1.29/1.31	['concat', 'concat', 'index']: UNSAT (0.030 seconds)
1.29/1.34	['concat', 'concat', 'length']: UNSAT (0.025 seconds)
1.29/1.36	['concat', 'concat', 'substr']: UNSAT (2.101 seconds)
3.39/3.47	['concat', 'concat', 'add']: UNSAT (0.027 seconds)
3.39/3.49	['concat', 'concat', 'sub']: UNSAT (0.026 seconds)
3.49/3.52	['concat', 'index', 'index']: UNSAT (0.032 seconds)
3.49/3.55	['concat', 'index', 'length']: UNSAT (0.026 seconds)
3.49/3.58	['concat', 'index', 'substr']: UNSAT (2.451 seconds)
5.89/6.03	['concat', 'index', 'add']: UNSAT (0.044 seconds)
6.02/6.08	['concat', 'index', 'sub']: UNSAT (0.066 seconds)
6.02/6.14	['concat', 'length', 'length']: UNSAT (0.043 seconds)
6.14/6.19	['concat', 'length', 'substr']: UNSAT (0.525 seconds)
6.69/6.71	['concat', 'length', 'add']: UNSAT (0.023 seconds)
6.69/6.74	['concat', 'length', 'sub']: UNSAT (0.023 seconds)
6.69/6.76	['concat', 'substr', 'substr']: UNSAT (0.182 seconds)
6.89/6.94	['concat', 'substr', 'add']: UNSAT (0.316 seconds)
7.19/7.26	['concat', 'substr', 'sub']: UNSAT (0.090 seconds)
7.30/7.35	['concat', 'add', 'add']: UNSAT (0.028 seconds)
7.30/7.38	['concat', 'add', 'sub']: UNSAT (0.026 seconds)
7.39/7.41	['concat', 'sub', 'sub']: UNSAT (0.025 seconds)
7.39/7.43	['index', 'index', 'index']: UNSAT (0.033 seconds)
7.39/7.46	['index', 'index', 'length']: UNSAT (0.029 seconds)
7.39/7.49	['index', 'index', 'substr']: UNSAT (0.390 seconds)
7.79/7.89	['index', 'index', 'add']: UNSAT (0.030 seconds)
7.89/7.92	['index', 'index', 'sub']: UNSAT (0.032 seconds)
7.89/7.95	['index', 'length', 'length']: UNSAT (0.024 seconds)
7.89/7.97	['index', 'length', 'substr']: UNSAT (0.107 seconds)
8.02/8.08	['index', 'length', 'add']: UNSAT (0.027 seconds)
8.02/8.11	['index', 'length', 'sub']: UNSAT (0.027 seconds)
8.02/8.14	['index', 'substr', 'substr']: UNSAT (0.314 seconds)
8.39/8.45	['index', 'substr', 'add']: UNSAT (0.103 seconds)
8.49/8.56	['index', 'substr', 'sub']: UNSAT (0.111 seconds)
8.59/8.67	['index', 'add', 'add']: UNSAT (0.033 seconds)
8.69/8.70	['index', 'add', 'sub']: UNSAT (0.033 seconds)
8.69/8.73	['index', 'sub', 'sub']: UNSAT (0.033 seconds)
8.69/8.77	['length', 'length', 'length']: UNSAT (0.022 seconds)
8.69/8.79	['length', 'length', 'substr']: UNSAT (0.033 seconds)
8.79/8.82	['length', 'length', 'add']: UNSAT (0.023 seconds)
8.79/8.85	['length', 'length', 'sub']: UNSAT (0.025 seconds)
8.79/8.87	['length', 'substr', 'substr']: UNSAT (0.165 seconds)
9.01/9.04	['length', 'substr', 'add']: UNSAT (0.072 seconds)
9.01/9.11	['length', 'substr', 'sub']: UNSAT (0.060 seconds)
9.12/9.18	['length', 'add', 'add']: UNSAT (0.027 seconds)
9.19/9.20	['length', 'add', 'sub']: UNSAT (0.026 seconds)
9.19/9.23	['length', 'sub', 'sub']: UNSAT (0.025 seconds)
9.19/9.26	['substr', 'substr', 'substr']: UNSAT (0.053 seconds)
9.29/9.31	['substr', 'substr', 'add']: UNSAT (0.054 seconds)
9.29/9.36	['substr', 'substr', 'sub']: UNSAT (0.076 seconds)
9.39/9.44	['substr', 'add', 'add']: UNSAT (0.050 seconds)
9.39/9.49	['substr', 'add', 'sub']: UNSAT (0.046 seconds)
9.49/9.54	['substr', 'sub', 'sub']: UNSAT (0.043 seconds)
9.49/9.58	['add', 'add', 'add']: UNSAT (0.030 seconds)
9.59/9.61	['add', 'add', 'sub']: UNSAT (0.030 seconds)
9.59/9.64	['add', 'sub', 'sub']: UNSAT (0.029 seconds)
9.59/9.67	['sub', 'sub', 'sub']: UNSAT (0.030 seconds)
9.69/9.70	['concat', 'concat', 'concat', 'concat']: UNSAT (0.135 seconds)
9.79/9.84	['concat', 'concat', 'concat', 'index']: UNSAT (0.043 seconds)
9.79/9.88	['concat', 'concat', 'concat', 'length']: UNSAT (0.038 seconds)
9.89/9.92	['concat', 'concat', 'concat', 'substr']: UNSAT (84.968 seconds)
94.79/94.89	['concat', 'concat', 'concat', 'add']: UNSAT (0.038 seconds)
94.89/94.93	['concat', 'concat', 'concat', 'sub']: UNSAT (0.037 seconds)
94.89/94.97	['concat', 'concat', 'index', 'index']: UNSAT (0.048 seconds)
94.89/95.02	['concat', 'concat', 'index', 'length']: UNSAT (0.039 seconds)
95.01/95.06	['concat', 'concat', 'index', 'substr']: UNSAT (23.736 seconds)
118.69/118.79	['concat', 'concat', 'index', 'add']: UNSAT (0.036 seconds)
118.79/118.83	['concat', 'concat', 'index', 'sub']: UNSAT (0.037 seconds)
118.79/118.87	['concat', 'concat', 'length', 'length']: UNSAT (0.032 seconds)
118.89/118.90	['concat', 'concat', 'length', 'substr']: UNSAT (7.792 seconds)
126.59/126.69	['concat', 'concat', 'length', 'add']: UNSAT (0.030 seconds)
126.69/126.72	['concat', 'concat', 'length', 'sub']: UNSAT (0.034 seconds)
126.69/126.76	['concat', 'concat', 'substr', 'substr']: UNSAT (14.707 seconds)
141.39/141.47	['concat', 'concat', 'substr', 'add']: UNSAT (2.444 seconds)
143.89/143.91	['concat', 'concat', 'substr', 'sub']: UNSAT (0.596 seconds)
144.49/144.51	['concat', 'concat', 'add', 'add']: UNSAT (0.034 seconds)
144.49/144.54	['concat', 'concat', 'add', 'sub']: UNSAT (0.034 seconds)
144.49/144.58	['concat', 'concat', 'sub', 'sub']: UNSAT (0.034 seconds)
144.59/144.61	['concat', 'index', 'index', 'index']: UNSAT (0.043 seconds)
144.59/144.66	['concat', 'index', 'index', 'length']: UNSAT (0.036 seconds)
144.59/144.69	['concat', 'index', 'index', 'substr']: UNSAT (8.448 seconds)
153.02/153.14	['concat', 'index', 'index', 'add']: UNSAT (0.040 seconds)
153.14/153.18	['concat', 'index', 'index', 'sub']: UNSAT (0.041 seconds)
153.19/153.22	['concat', 'index', 'length', 'length']: UNSAT (0.033 seconds)
153.19/153.26	['concat', 'index', 'length', 'substr']: UNSAT (5.093 seconds)
158.30/158.35	['concat', 'index', 'length', 'add']: UNSAT (0.034 seconds)
158.30/158.39	['concat', 'index', 'length', 'sub']: UNSAT (0.033 seconds)
158.38/158.42	['concat', 'index', 'substr', 'substr']: UNSAT (12.925 seconds)
171.30/171.34	['concat', 'index', 'substr', 'add']: UNSAT (4.310 seconds)
175.58/175.65	['concat', 'index', 'substr', 'sub']: UNSAT (2.347 seconds)
177.88/178.00	['concat', 'index', 'add', 'add']: UNSAT (0.038 seconds)
178.00/178.04	['concat', 'index', 'add', 'sub']: UNSAT (0.041 seconds)
178.00/178.08	['concat', 'index', 'sub', 'sub']: UNSAT (0.037 seconds)
178.00/178.12	['concat', 'length', 'length', 'length']: UNSAT (0.031 seconds)
178.12/178.15	['concat', 'length', 'length', 'substr']: UNSAT (0.081 seconds)
178.18/178.23	['concat', 'length', 'length', 'add']: UNSAT (0.027 seconds)
178.18/178.26	['concat', 'length', 'length', 'sub']: UNSAT (0.027 seconds)
178.18/178.29	['concat', 'length', 'substr', 'substr']: UNSAT (3.763 seconds)
182.00/182.05	['concat', 'length', 'substr', 'add']: UNSAT (1.182 seconds)
183.18/183.24	['concat', 'length', 'substr', 'sub']: UNSAT (1.011 seconds)
184.18/184.25	['concat', 'length', 'add', 'add']: UNSAT (0.031 seconds)
184.18/184.28	['concat', 'length', 'add', 'sub']: UNSAT (0.031 seconds)
184.30/184.31	['concat', 'length', 'sub', 'sub']: UNSAT (0.034 seconds)
184.30/184.35	['concat', 'substr', 'substr', 'substr']: UNSAT (0.795 seconds)
185.12/185.14	['concat', 'substr', 'substr', 'add']: UNSAT (1.412 seconds)
186.48/186.56	['concat', 'substr', 'substr', 'sub']: UNSAT (1.387 seconds)
187.88/187.95	['concat', 'substr', 'add', 'add']: UNSAT (0.991 seconds)
188.88/188.94	['concat', 'substr', 'add', 'sub']: UNSAT (0.496 seconds)
189.38/189.43	['concat', 'substr', 'sub', 'sub']: UNSAT (0.394 seconds)
189.78/189.83	['concat', 'add', 'add', 'add']: UNSAT (0.038 seconds)
189.78/189.87	['concat', 'add', 'add', 'sub']: UNSAT (0.035 seconds)
189.88/189.90	['concat', 'add', 'sub', 'sub']: UNSAT (0.039 seconds)
189.88/189.94	['concat', 'sub', 'sub', 'sub']: UNSAT (0.042 seconds)
189.88/189.99	['index', 'index', 'index', 'index']: UNSAT (0.053 seconds)
190.00/190.04	['index', 'index', 'index', 'length']: UNSAT (0.042 seconds)
190.00/190.08	['index', 'index', 'index', 'substr']: UNSAT (0.208 seconds)
190.18/190.29	['index', 'index', 'index', 'add']: UNSAT (0.049 seconds)
190.30/190.34	['index', 'index', 'index', 'sub']: UNSAT (0.050 seconds)
190.30/190.39	['index', 'index', 'length', 'length']: UNSAT (0.037 seconds)
190.38/190.43	['index', 'index', 'length', 'substr']: UNSAT (0.224 seconds)
190.58/190.66	['index', 'index', 'length', 'add']: UNSAT (0.036 seconds)
190.58/190.69	['index', 'index', 'length', 'sub']: UNSAT (0.037 seconds)
190.68/190.73	['index', 'index', 'substr', 'substr']: UNSAT (1.329 seconds)
192.00/192.06	['index', 'index', 'substr', 'add']: UNSAT (0.354 seconds)
192.38/192.41	['index', 'index', 'substr', 'sub']: UNSAT (0.369 seconds)
192.68/192.79	['index', 'index', 'add', 'add']: UNSAT (0.044 seconds)
192.78/192.83	['index', 'index', 'add', 'sub']: UNSAT (0.042 seconds)
192.78/192.87	['index', 'index', 'sub', 'sub']: UNSAT (0.045 seconds)
192.88/192.92	['index', 'length', 'length', 'length']: UNSAT (0.029 seconds)
192.88/192.95	['index', 'length', 'length', 'substr']: UNSAT (0.108 seconds)
193.00/193.06	['index', 'length', 'length', 'add']: UNSAT (0.031 seconds)
193.00/193.09	['index', 'length', 'length', 'sub']: UNSAT (0.033 seconds)
193.00/193.12	['index', 'length', 'substr', 'substr']: UNSAT (1.008 seconds)
194.00/194.13	['index', 'length', 'substr', 'add']: UNSAT (0.139 seconds)
194.18/194.27	['index', 'length', 'substr', 'sub']: UNSAT (0.125 seconds)
194.38/194.40	['index', 'length', 'add', 'add']: UNSAT (0.035 seconds)
194.38/194.43	['index', 'length', 'add', 'sub']: UNSAT (0.037 seconds)
194.38/194.47	['index', 'length', 'sub', 'sub']: UNSAT (0.034 seconds)
194.48/194.51	['index', 'substr', 'substr', 'substr']: UNSAT (1.162 seconds)
195.58/195.67	['index', 'substr', 'substr', 'add']: UNSAT (0.842 seconds)
196.48/196.51	['index', 'substr', 'substr', 'sub']: UNSAT (0.843 seconds)
197.30/197.35	['index', 'substr', 'add', 'add']: UNSAT (0.229 seconds)
197.48/197.58	['index', 'substr', 'add', 'sub']: UNSAT (0.146 seconds)
197.68/197.73	['index', 'substr', 'sub', 'sub']: UNSAT (0.158 seconds)
197.78/197.89	['index', 'add', 'add', 'add']: UNSAT (0.046 seconds)
197.88/197.94	['index', 'add', 'add', 'sub']: UNSAT (0.051 seconds)
197.88/197.99	['index', 'add', 'sub', 'sub']: UNSAT (0.049 seconds)
198.00/198.04	['index', 'sub', 'sub', 'sub']: UNSAT (0.048 seconds)
198.00/198.09	['length', 'length', 'length', 'length']: UNSAT (0.023 seconds)
198.00/198.11	['length', 'length', 'length', 'substr']: UNSAT (0.032 seconds)
198.12/198.15	['length', 'length', 'length', 'add']: UNSAT (0.026 seconds)
198.12/198.17	['length', 'length', 'length', 'sub']: UNSAT (0.026 seconds)
198.18/198.20	['length', 'length', 'substr', 'substr']: UNSAT (0.501 seconds)
198.68/198.70	['length', 'length', 'substr', 'add']: UNSAT (0.077 seconds)
198.68/198.78	['length', 'length', 'substr', 'sub']: UNSAT (0.081 seconds)
198.78/198.86	['length', 'length', 'add', 'add']: UNSAT (0.029 seconds)
198.78/198.89	['length', 'length', 'add', 'sub']: UNSAT (0.028 seconds)
198.88/198.92	['length', 'length', 'sub', 'sub']: UNSAT (0.028 seconds)
198.88/198.95	['length', 'substr', 'substr', 'substr']: UNSAT (0.703 seconds)
199.58/199.65	['length', 'substr', 'substr', 'add']: UNSAT (0.549 seconds)
200.18/200.20	['length', 'substr', 'substr', 'sub']: UNSAT (0.334 seconds)
200.48/200.54	['length', 'substr', 'add', 'add']: UNSAT (0.203 seconds)
200.68/200.74	['length', 'substr', 'add', 'sub']: UNSAT (0.130 seconds)
200.78/200.87	['length', 'substr', 'sub', 'sub']: UNSAT (0.122 seconds)
200.88/200.99	['length', 'add', 'add', 'add']: UNSAT (0.036 seconds)
200.88/201.03	['length', 'add', 'add', 'sub']: UNSAT (0.038 seconds)
201.00/201.07	['length', 'add', 'sub', 'sub']: UNSAT (0.037 seconds)
201.00/201.11	['length', 'sub', 'sub', 'sub']: UNSAT (0.034 seconds)
201.12/201.14	['substr', 'substr', 'substr', 'substr']: UNSAT (0.129 seconds)
201.18/201.27	['substr', 'substr', 'substr', 'add']: UNSAT (0.123 seconds)
201.30/201.39	['substr', 'substr', 'substr', 'sub']: UNSAT (0.236 seconds)
201.58/201.63	['substr', 'substr', 'add', 'add']: UNSAT (0.218 seconds)
201.78/201.85	['substr', 'substr', 'add', 'sub']: UNSAT (0.205 seconds)
202.00/202.06	['substr', 'substr', 'sub', 'sub']: UNSAT (0.174 seconds)
202.18/202.23	['substr', 'add', 'add', 'add']: UNSAT (0.338 seconds)
202.48/202.57	['substr', 'add', 'add', 'sub']: UNSAT (0.185 seconds)
202.68/202.76	['substr', 'add', 'sub', 'sub']: UNSAT (0.137 seconds)
202.78/202.89	['substr', 'sub', 'sub', 'sub']: UNSAT (0.127 seconds)
202.88/203.02	['add', 'add', 'add', 'add']: UNSAT (0.038 seconds)
203.00/203.06	['add', 'add', 'add', 'sub']: UNSAT (0.043 seconds)
203.00/203.10	['add', 'add', 'sub', 'sub']: UNSAT (0.040 seconds)
203.12/203.15	['add', 'sub', 'sub', 'sub']: UNSAT (0.041 seconds)
203.12/203.19	['sub', 'sub', 'sub', 'sub']: UNSAT (0.037 seconds)
203.18/203.23	['concat', 'concat', 'concat', 'concat', 'concat']: UNSAT (0.462 seconds)
203.58/203.69	['concat', 'concat', 'concat', 'concat', 'index']: UNSAT (0.054 seconds)
203.68/203.74	['concat', 'concat', 'concat', 'concat', 'length']: UNSAT (0.052 seconds)
203.78/203.80	['concat', 'concat', 'concat', 'concat', 'substr']: UNKNOWN (211.072 seconds)
414.78/414.87	Reason: smt tactic failed to show goal to be sat/unsat max-conflicts-reached
414.78/414.87	Reason: smt tactic failed to show goal to be sat/unsat max-conflicts-reached
414.78/414.87	['concat', 'concat', 'concat', 'concat', 'add']: UNSAT (0.052 seconds)
414.88/414.92	['concat', 'concat', 'concat', 'concat', 'sub']: UNSAT (0.060 seconds)
414.88/414.98	['concat', 'concat', 'concat', 'index', 'index']: UNSAT (0.059 seconds)
415.01/415.04	['concat', 'concat', 'concat', 'index', 'length']: UNSAT (0.051 seconds)
415.01/415.09	['concat', 'concat', 'concat', 'index', 'substr']: UNKNOWN (82.284 seconds)
497.30/497.38	Reason: smt tactic failed to show goal to be sat/unsat max-conflicts-reached
497.30/497.38	Reason: smt tactic failed to show goal to be sat/unsat max-conflicts-reached
497.30/497.38	['concat', 'concat', 'concat', 'index', 'add']: UNSAT (0.048 seconds)
497.38/497.43	['concat', 'concat', 'concat', 'index', 'sub']: UNSAT (0.046 seconds)
497.38/497.47	['concat', 'concat', 'concat', 'length', 'length']: UNSAT (0.045 seconds)
497.48/497.52	['concat', 'concat', 'concat', 'length', 'substr']: 