0.13/0.20	=== Examples (../../dataset/examples/examples-84.json)
0.13/0.20	IO(inputs=('George Michael',), output='https://georgemichael.com')
0.13/0.20	=== Library
0.13/0.20	concat
0.13/0.20	index
0.13/0.20	length
0.13/0.20	substr
0.13/0.20	add
0.13/0.20	sub
0.13/0.20	=== Synthesis
0.13/0.20	['concat']: UNSAT (0.023 seconds)
0.13/0.22	['index']: UNSAT (0.020 seconds)
0.13/0.24	['length']: UNSAT (0.017 seconds)
0.13/0.26	['substr']: UNSAT (0.022 seconds)
0.27/0.28	['add']: UNSAT (0.019 seconds)
0.27/0.30	['sub']: UNSAT (0.019 seconds)
0.27/0.32	['concat', 'concat']: UNSAT (0.046 seconds)
0.27/0.37	['concat', 'index']: UNSAT (0.030 seconds)
0.27/0.40	['concat', 'length']: UNSAT (0.025 seconds)
0.27/0.43	['concat', 'substr']: UNSAT (0.035 seconds)
0.38/0.46	['concat', 'add']: UNSAT (0.026 seconds)
0.38/0.49	['concat', 'sub']: UNSAT (0.026 seconds)
0.38/0.52	['index', 'index']: UNSAT (0.032 seconds)
0.52/0.55	['index', 'length']: UNSAT (0.025 seconds)
0.52/0.57	['index', 'substr']: UNSAT (0.035 seconds)
0.52/0.61	['index', 'add']: UNSAT (0.027 seconds)
0.52/0.64	['index', 'sub']: UNSAT (0.024 seconds)
0.52/0.66	['length', 'length']: UNSAT (0.017 seconds)
0.52/0.68	['length', 'substr']: UNSAT (0.022 seconds)
0.52/0.70	['length', 'add']: UNSAT (0.019 seconds)
0.69/0.72	['length', 'sub']: UNSAT (0.020 seconds)
0.69/0.74	['substr', 'substr']: UNSAT (0.029 seconds)
0.75/0.77	['substr', 'add']: UNSAT (0.023 seconds)
0.75/0.80	['substr', 'sub']: UNSAT (0.024 seconds)
0.80/0.82	['add', 'add']: UNSAT (0.021 seconds)
0.80/0.84	['add', 'sub']: UNSAT (0.021 seconds)
0.80/0.86	['sub', 'sub']: UNSAT (0.021 seconds)
0.80/0.89	['concat', 'concat', 'concat']: UNSAT (0.348 seconds)
1.22/1.23	['concat', 'concat', 'index']: UNSAT (0.032 seconds)
1.22/1.27	['concat', 'concat', 'length']: UNSAT (0.027 seconds)
1.22/1.29	['concat', 'concat', 'substr']: UNSAT (0.323 seconds)
1.59/1.62	['concat', 'concat', 'add']: UNSAT (0.027 seconds)
1.59/1.65	['concat', 'concat', 'sub']: UNSAT (0.027 seconds)
1.59/1.67	['concat', 'index', 'index']: UNSAT (0.035 seconds)
1.68/1.71	['concat', 'index', 'length']: UNSAT (0.029 seconds)
1.68/1.74	['concat', 'index', 'substr']: UNSAT (0.086 seconds)
1.78/1.83	['concat', 'index', 'add']: UNSAT (0.032 seconds)
1.78/1.86	['concat', 'index', 'sub']: UNSAT (0.029 seconds)
1.78/1.89	['concat', 'length', 'length']: UNSAT (0.024 seconds)
1.88/1.91	['concat', 'length', 'substr']: UNSAT (0.059 seconds)
1.88/1.97	['concat', 'length', 'add']: UNSAT (0.025 seconds)
1.98/2.00	['concat', 'length', 'sub']: UNSAT (0.026 seconds)
1.98/2.03	['concat', 'substr', 'substr']: UNSAT (0.068 seconds)
1.98/2.09	['concat', 'substr', 'add']: UNSAT (0.046 seconds)
2.12/2.14	['concat', 'substr', 'sub']: UNSAT (0.051 seconds)
2.12/2.19	['concat', 'add', 'add']: UNSAT (0.028 seconds)
2.12/2.22	['concat', 'add', 'sub']: UNSAT (0.027 seconds)
2.23/2.25	['concat', 'sub', 'sub']: UNSAT (0.027 seconds)
2.23/2.28	['index', 'index', 'index']: UNSAT (0.036 seconds)
2.28/2.31	['index', 'index', 'length']: UNSAT (0.030 seconds)
2.28/2.34	['index', 'index', 'substr']: UNSAT (0.073 seconds)
2.38/2.42	['index', 'index', 'add']: UNSAT (0.033 seconds)
2.38/2.45	['index', 'index', 'sub']: UNSAT (0.033 seconds)
2.38/2.49	['index', 'length', 'length']: UNSAT (0.025 seconds)
2.48/2.51	['index', 'length', 'substr']: UNSAT (0.034 seconds)
2.48/2.55	['index', 'length', 'add']: UNSAT (0.028 seconds)
2.48/2.58	['index', 'length', 'sub']: UNSAT (0.028 seconds)
2.58/2.60	['index', 'substr', 'substr']: UNSAT (0.077 seconds)
2.58/2.68	['index', 'substr', 'add']: UNSAT (0.041 seconds)
2.68/2.72	['index', 'substr', 'sub']: UNSAT (0.045 seconds)
2.68/2.77	['index', 'add', 'add']: UNSAT (0.033 seconds)
2.78/2.80	['index', 'add', 'sub']: UNSAT (0.035 seconds)
2.78/2.84	['index', 'sub', 'sub']: UNSAT (0.033 seconds)
2.78/2.87	['length', 'length', 'length']: UNSAT (0.022 seconds)
2.78/2.89	['length', 'length', 'substr']: UNSAT (0.028 seconds)
2.88/2.92	['length', 'length', 'add']: UNSAT (0.022 seconds)
2.88/2.95	['length', 'length', 'sub']: UNSAT (0.022 seconds)
2.88/2.97	['length', 'substr', 'substr']: UNSAT (0.043 seconds)
2.98/3.01	['length', 'substr', 'add']: UNSAT (0.034 seconds)
2.98/3.05	['length', 'substr', 'sub']: UNSAT (0.033 seconds)
2.98/3.08	['length', 'add', 'add']: UNSAT (0.026 seconds)
2.98/3.11	['length', 'add', 'sub']: UNSAT (0.027 seconds)
2.98/3.13	['length', 'sub', 'sub']: UNSAT (0.026 seconds)
3.13/3.16	['substr', 'substr', 'substr']: UNSAT (0.046 seconds)
3.13/3.21	['substr', 'substr', 'add']: UNSAT (0.038 seconds)
3.23/3.25	['substr', 'substr', 'sub']: UNSAT (0.038 seconds)
3.23/3.29	['substr', 'add', 'add']: UNSAT (0.033 seconds)
3.28/3.32	['substr', 'add', 'sub']: UNSAT (0.033 seconds)
3.28/3.35	['substr', 'sub', 'sub']: UNSAT (0.033 seconds)
3.28/3.39	['add', 'add', 'add']: UNSAT (0.030 seconds)
3.38/3.42	['add', 'add', 'sub']: UNSAT (0.029 seconds)
3.38/3.45	['add', 'sub', 'sub']: UNSAT (0.029 seconds)
3.38/3.48	['sub', 'sub', 'sub']: UNSAT (0.028 seconds)
3.48/3.50	['concat', 'concat', 'concat', 'concat']: UNSAT (102.021 seconds)
105.48/105.53	['concat', 'concat', 'concat', 'index']: UNSAT (0.075 seconds)
105.59/105.60	['concat', 'concat', 'concat', 'length']: UNSAT (0.051 seconds)
105.59/105.66	['concat', 'concat', 'concat', 'substr']: UNSAT (44.181 seconds)
149.78/149.84	['concat', 'concat', 'concat', 'add']: UNSAT (0.038 seconds)
149.78/149.88	['concat', 'concat', 'concat', 'sub']: UNSAT (0.039 seconds)
149.88/149.92	['concat', 'concat', 'index', 'index']: UNSAT (0.045 seconds)
149.88/149.96	['concat', 'concat', 'index', 'length']: UNSAT (0.037 seconds)
149.98/150.00	['concat', 'concat', 'index', 'substr']: UNSAT (8.156 seconds)
158.12/158.16	['concat', 'concat', 'index', 'add']: UNSAT (0.041 seconds)
158.12/158.20	['concat', 'concat', 'index', 'sub']: UNSAT (0.039 seconds)
158.23/158.24	['concat', 'concat', 'length', 'length']: UNSAT (0.032 seconds)
158.23/158.27	['concat', 'concat', 'length', 'substr']: UNSAT (1.340 seconds)
159.59/159.61	['concat', 'concat', 'length', 'add']: UNSAT (0.033 seconds)
159.59/159.65	['concat', 'concat', 'length', 'sub']: UNSAT (0.033 seconds)
159.59/159.68	['concat', 'concat', 'substr', 'substr']: UNSAT (0.766 seconds)
160.38/160.45	['concat', 'concat', 'substr', 'add']: UNSAT (0.730 seconds)
161.12/161.18	['concat', 'concat', 'substr', 'sub']: UNSAT (0.717 seconds)
161.78/161.90	['concat', 'concat', 'add', 'add']: UNSAT (0.036 seconds)
161.88/161.93	['concat', 'concat', 'add', 'sub']: UNSAT (0.038 seconds)
161.88/161.97	['concat', 'concat', 'sub', 'sub']: UNSAT (0.037 seconds)
161.98/162.01	['concat', 'index', 'index', 'index']: UNSAT (0.049 seconds)
161.98/162.06	['concat', 'index', 'index', 'length']: UNSAT (0.040 seconds)
161.98/162.10	['concat', 'index', 'index', 'substr']: UNSAT (0.323 seconds)
162.38/162.42	['concat', 'index', 'index', 'add']: UNSAT (0.043 seconds)
162.38/162.47	['concat', 'index', 'index', 'sub']: UNSAT (0.043 seconds)
162.48/162.51	['concat', 'index', 'length', 'length']: UNSAT (0.034 seconds)
162.48/162.54	['concat', 'index', 'length', 'substr']: UNSAT (0.124 seconds)
162.58/162.67	['concat', 'index', 'length', 'add']: UNSAT (0.037 seconds)
162.68/162.71	['concat', 'index', 'length', 'sub']: UNSAT (0.035 seconds)
162.68/162.74	['concat', 'index', 'substr', 'substr']: UNSAT (0.406 seconds)
163.13/163.15	['concat', 'index', 'substr', 'add']: UNSAT (0.215 seconds)
163.28/163.37	['concat', 'index', 'substr', 'sub']: UNSAT (0.116 seconds)
163.38/163.48	['concat', 'index', 'add', 'add']: UNSAT (0.039 seconds)
163.48/163.52	['concat', 'index', 'add', 'sub']: UNSAT (0.040 seconds)
163.48/163.56	['concat', 'index', 'sub', 'sub']: UNSAT (0.039 seconds)
163.59/163.60	['concat', 'length', 'length', 'length']: UNSAT (0.027 seconds)
163.59/163.63	['concat', 'length', 'length', 'substr']: UNSAT (0.085 seconds)
163.68/163.72	['concat', 'length', 'length', 'add']: UNSAT (0.029 seconds)
163.68/163.75	['concat', 'length', 'length', 'sub']: UNSAT (0.029 seconds)
163.68/163.78	['concat', 'length', 'substr', 'substr']: UNSAT (0.358 seconds)
163.98/164.13	['concat', 'length', 'substr', 'add']: UNSAT (0.122 seconds)
164.23/164.26	['concat', 'length', 'substr', 'sub']: UNSAT (0.106 seconds)
164.28/164.36	['concat', 'length', 'add', 'add']: UNSAT (0.033 seconds)
164.38/164.40	['concat', 'length', 'add', 'sub']: UNSAT (0.032 seconds)
164.38/164.43	['concat', 'length', 'sub', 'sub']: UNSAT (0.033 seconds)
164.38/164.46	['concat', 'substr', 'substr', 'substr']: UNSAT (0.250 seconds)
164.68/164.71	['concat', 'substr', 'substr', 'add']: UNSAT (0.142 seconds)
164.78/164.86	['concat', 'substr', 'substr', 'sub']: UNSAT (0.206 seconds)
164.98/165.06	['concat', 'substr', 'add', 'add']: UNSAT (0.110 seconds)
165.12/165.18	['concat', 'substr', 'add', 'sub']: UNSAT (0.111 seconds)
165.23/165.29	['concat', 'substr', 'sub', 'sub']: UNSAT (0.119 seconds)
165.38/165.41	['concat', 'add', 'add', 'add']: UNSAT (0.038 seconds)
165.38/165.45	['concat', 'add', 'add', 'sub']: UNSAT (0.038 seconds)
165.38/165.49	['concat', 'add', 'sub', 'sub']: UNSAT (0.038 seconds)
165.48/165.52	['concat', 'sub', 'sub', 'sub']: UNSAT (0.037 seconds)
165.48/165.56	['index', 'index', 'index', 'index']: UNSAT (0.050 seconds)
165.59/165.61	['index', 'index', 'index', 'length']: UNSAT (0.042 seconds)
165.59/165.65	['index', 'index', 'index', 'substr']: UNSAT (0.134 seconds)
165.68/165.79	['index', 'index', 'index', 'add']: UNSAT (0.047 seconds)
165.78/165.84	['index', 'index', 'index', 'sub']: UNSAT (0.047 seconds)
165.78/165.89	['index', 'index', 'length', 'length']: UNSAT (0.035 seconds)
165.88/165.92	['index', 'index', 'length', 'substr']: UNSAT (0.048 seconds)
165.88/165.97	['index', 'index', 'length', 'add']: UNSAT (0.038 seconds)
165.98/166.01	['index', 'index', 'length', 'sub']: UNSAT (0.039 seconds)
165.98/166.05	['index', 'index', 'substr', 'substr']: UNSAT (0.136 seconds)
166.11/166.19	['index', 'index', 'substr', 'add']: UNSAT (0.100 seconds)
166.22/166.29	['index', 'index', 'substr', 'sub']: UNSAT (0.061 seconds)
166.28/166.35	['index', 'index', 'add', 'add']: UNSAT (0.046 seconds)
166.28/166.40	['index', 'index', 'add', 'sub']: UNSAT (0.045 seconds)
166.39/166.44	['index', 'index', 'sub', 'sub']: UNSAT (0.046 seconds)
166.39/166.49	['index', 'length', 'length', 'length']: UNSAT (0.029 seconds)
166.48/166.52	['index', 'length', 'length', 'substr']: UNSAT (0.041 seconds)
166.48/166.56	['index', 'length', 'length', 'add']: UNSAT (0.032 seconds)
166.48/166.59	['index', 'length', 'length', 'sub']: UNSAT (0.031 seconds)
166.58/166.63	['index', 'length', 'substr', 'substr']: UNSAT (0.068 seconds)
166.58/166.69	['index', 'length', 'substr', 'add']: UNSAT (0.055 seconds)
166.68/166.75	['index', 'length', 'substr', 'sub']: UNSAT (0.049 seconds)
166.78/166.80	['index', 'length', 'add', 'add']: UNSAT (0.037 seconds)
166.78/166.84	['index', 'length', 'add', 'sub']: UNSAT (0.036 seconds)
166.78/166.87	['index', 'length', 'sub', 'sub']: UNSAT (0.036 seconds)
166.88/166.91	['index', 'substr', 'substr', 'substr']: UNSAT (0.193 seconds)
166.98/167.11	['index', 'substr', 'substr', 'add']: UNSAT (0.110 seconds)
167.12/167.22	['index', 'substr', 'substr', 'sub']: UNSAT (0.098 seconds)
167.28/167.32	['index', 'substr', 'add', 'add']: UNSAT (0.057 seconds)
167.28/167.37	['index', 'substr', 'add', 'sub']: UNSAT (0.059 seconds)
167.38/167.43	['index', 'substr', 'sub', 'sub']: UNSAT (0.056 seconds)
167.38/167.49	['index', 'add', 'add', 'add']: UNSAT (0.045 seconds)
167.48/167.54	['index', 'add', 'add', 'sub']: UNSAT (0.046 seconds)
167.48/167.58	['index', 'add', 'sub', 'sub']: UNSAT (0.045 seconds)
167.59/167.63	['index', 'sub', 'sub', 'sub']: UNSAT (0.047 seconds)
167.59/167.68	['length', 'length', 'length', 'length']: UNSAT (0.024 seconds)
167.68/167.70	['length', 'length', 'length', 'substr']: UNSAT (0.029 seconds)
167.68/167.73	['length', 'length', 'length', 'add']: UNSAT (0.026 seconds)
167.68/167.76	['length', 'length', 'length', 'sub']: UNSAT (0.026 seconds)
167.68/167.78	['length', 'length', 'substr', 'substr']: UNSAT (0.071 seconds)
167.78/167.86	['length', 'length', 'substr', 'add']: UNSAT (0.040 seconds)
167.88/167.90	['length', 'length', 'substr', 'sub']: UNSAT (0.041 seconds)
167.88/167.94	['length', 'length', 'add', 'add']: UNSAT (0.030 seconds)
167.88/167.97	['length', 'length', 'add', 'sub']: UNSAT (0.030 seconds)
167.98/168.00	['length', 'length', 'sub', 'sub']: UNSAT (0.030 seconds)
167.98/168.03	['length', 'substr', 'substr', 'substr']: UNSAT (0.102 seconds)
168.11/168.13	['length', 'substr', 'substr', 'add']: UNSAT (0.065 seconds)
168.11/168.20	['length', 'substr', 'substr', 'sub']: UNSAT (0.065 seconds)
168.22/168.27	['length', 'substr', 'add', 'add']: UNSAT (0.048 seconds)
168.28/168.31	['length', 'substr', 'add', 'sub']: UNSAT (0.052 seconds)
168.28/168.37	['length', 'substr', 'sub', 'sub']: UNSAT (0.051 seconds)
168.38/168.42	['length', 'add', 'add', 'add']: UNSAT (0.037 seconds)
168.38/168.46	['length', 'add', 'add', 'sub']: UNSAT (0.040 seconds)
168.48/168.50	['length', 'add', 'sub', 'sub']: UNSAT (0.038 seconds)
168.48/168.54	['length', 'sub', 'sub', 'sub']: UNSAT (0.037 seconds)
168.48/168.58	['substr', 'substr', 'substr', 'substr']: UNSAT (0.096 seconds)
168.58/168.67	['substr', 'substr', 'substr', 'add']: UNSAT (0.061 seconds)
168.68/168.73	['substr', 'substr', 'substr', 'sub']: UNSAT (0.062 seconds)
168.68/168.80	['substr', 'substr', 'add', 'add']: UNSAT (0.047 seconds)
168.78/168.84	['substr', 'substr', 'add', 'sub']: UNSAT (0.047 seconds)
168.78/168.89	['substr', 'substr', 'sub', 'sub']: UNSAT (0.048 seconds)
168.88/168.94	['substr', 'add', 'add', 'add']: UNSAT (0.050 seconds)
168.88/168.99	['substr', 'add', 'add', 'sub']: UNSAT (0.042 seconds)
168.98/169.03	['substr', 'add', 'sub', 'sub']: UNSAT (0.045 seconds)
168.98/169.08	['substr', 'sub', 'sub', 'sub']: UNSAT (0.044 seconds)
168.98/169.13	['add', 'add', 'add', 'add']: UNSAT (0.040 seconds)
169.12/169.17	['add', 'add', 'add', 'sub']: UNSAT (0.040 seconds)
169.12/169.21	['add', 'add', 'sub', 'sub']: UNSAT (0.040 seconds)
169.22/169.25	['add', 'sub', 'sub', 'sub']: UNSAT (0.040 seconds)
169.22/169.29	['sub', 'sub', 'sub', 'sub']: UNSAT (0.039 seconds)
169.28/169.33	['concat', 'concat', 'concat', 'concat', 'concat']: 