0.12/0.20	=== Examples (../../dataset/examples/examples-95.json)
0.12/0.20	IO(inputs=('no - he said',), output='Sprint: he said')
0.12/0.20	=== Library
0.12/0.20	concat
0.12/0.20	index
0.12/0.20	length
0.12/0.20	substr
0.12/0.20	add
0.12/0.20	sub
0.12/0.20	=== Synthesis
0.12/0.20	['concat']: UNSAT (0.022 seconds)
0.12/0.22	['index']: UNSAT (0.020 seconds)
0.12/0.24	['length']: UNSAT (0.017 seconds)
0.12/0.26	['substr']: UNSAT (0.022 seconds)
0.12/0.28	['add']: UNSAT (0.019 seconds)
0.27/0.30	['sub']: UNSAT (0.019 seconds)
0.27/0.32	['concat', 'concat']: UNSAT (0.055 seconds)
0.27/0.38	['concat', 'index']: UNSAT (0.034 seconds)
0.36/0.41	['concat', 'length']: UNSAT (0.026 seconds)
0.36/0.44	['concat', 'substr']: UNSAT (0.036 seconds)
0.44/0.48	['concat', 'add']: UNSAT (0.028 seconds)
0.44/0.50	['concat', 'sub']: UNSAT (0.025 seconds)
0.44/0.53	['index', 'index']: UNSAT (0.031 seconds)
0.53/0.56	['index', 'length']: UNSAT (0.026 seconds)
0.53/0.59	['index', 'substr']: UNSAT (0.035 seconds)
0.61/0.63	['index', 'add']: UNSAT (0.030 seconds)
0.61/0.66	['index', 'sub']: UNSAT (0.030 seconds)
0.61/0.69	['length', 'length']: UNSAT (0.021 seconds)
0.68/0.71	['length', 'substr']: UNSAT (0.027 seconds)
0.68/0.74	['length', 'add']: UNSAT (0.022 seconds)
0.68/0.76	['length', 'sub']: UNSAT (0.022 seconds)
0.68/0.78	['substr', 'substr']: UNSAT (0.033 seconds)
0.78/0.81	['substr', 'add']: UNSAT (0.029 seconds)
0.78/0.84	['substr', 'sub']: UNSAT (0.029 seconds)
0.78/0.87	['add', 'add']: UNSAT (0.028 seconds)
0.88/0.90	['add', 'sub']: UNSAT (0.029 seconds)
0.88/0.93	['sub', 'sub']: UNSAT (0.022 seconds)
0.88/0.95	['concat', 'concat', 'concat']: UNSAT (0.312 seconds)
1.18/1.27	['concat', 'concat', 'index']: UNSAT (0.031 seconds)
1.28/1.30	['concat', 'concat', 'length']: UNSAT (0.028 seconds)
1.28/1.33	['concat', 'concat', 'substr']: UNSAT (0.744 seconds)
2.02/2.07	['concat', 'concat', 'add']: UNSAT (0.031 seconds)
2.02/2.10	['concat', 'concat', 'sub']: UNSAT (0.045 seconds)
2.13/2.15	['concat', 'index', 'index']: UNSAT (0.054 seconds)
2.19/2.21	['concat', 'index', 'length']: UNSAT (0.037 seconds)
2.19/2.24	['concat', 'index', 'substr']: UNSAT (0.143 seconds)
2.29/2.39	['concat', 'index', 'add']: UNSAT (0.028 seconds)
2.39/2.42	['concat', 'index', 'sub']: UNSAT (0.027 seconds)
2.39/2.44	['concat', 'length', 'length']: UNSAT (0.022 seconds)
2.39/2.47	['concat', 'length', 'substr']: UNSAT (0.089 seconds)
2.49/2.56	['concat', 'length', 'add']: UNSAT (0.024 seconds)
2.49/2.58	['concat', 'length', 'sub']: UNSAT (0.022 seconds)
2.59/2.60	['concat', 'substr', 'substr']: UNSAT (0.066 seconds)
2.59/2.67	['concat', 'substr', 'add']: UNSAT (0.053 seconds)
2.69/2.72	['concat', 'substr', 'sub']: UNSAT (0.056 seconds)
2.69/2.78	['concat', 'add', 'add']: UNSAT (0.026 seconds)
2.79/2.81	['concat', 'add', 'sub']: UNSAT (0.024 seconds)
2.79/2.83	['concat', 'sub', 'sub']: UNSAT (0.024 seconds)
2.79/2.86	['index', 'index', 'index']: UNSAT (0.036 seconds)
2.79/2.89	['index', 'index', 'length']: UNSAT (0.027 seconds)
2.89/2.92	['index', 'index', 'substr']: UNSAT (0.070 seconds)
2.89/2.99	['index', 'index', 'add']: UNSAT (0.036 seconds)
2.89/3.03	['index', 'index', 'sub']: UNSAT (0.061 seconds)
3.01/3.09	['index', 'length', 'length']: UNSAT (0.036 seconds)
3.01/3.13	['index', 'length', 'substr']: UNSAT (0.042 seconds)
3.12/3.17	['index', 'length', 'add']: UNSAT (0.036 seconds)
3.19/3.21	['index', 'length', 'sub']: UNSAT (0.035 seconds)
3.19/3.24	['index', 'substr', 'substr']: UNSAT (0.093 seconds)
3.29/3.34	['index', 'substr', 'add']: UNSAT (0.055 seconds)
3.29/3.39	['index', 'substr', 'sub']: UNSAT (0.073 seconds)
3.39/3.47	['index', 'add', 'add']: UNSAT (0.040 seconds)
3.49/3.51	['index', 'add', 'sub']: UNSAT (0.029 seconds)
3.49/3.54	['index', 'sub', 'sub']: UNSAT (0.028 seconds)
3.49/3.57	['length', 'length', 'length']: UNSAT (0.019 seconds)
3.49/3.58	['length', 'length', 'substr']: UNSAT (0.026 seconds)
3.59/3.61	['length', 'length', 'add']: UNSAT (0.020 seconds)
3.59/3.63	['length', 'length', 'sub']: UNSAT (0.020 seconds)
3.59/3.65	['length', 'substr', 'substr']: UNSAT (0.035 seconds)
3.59/3.69	['length', 'substr', 'add']: UNSAT (0.030 seconds)
3.69/3.72	['length', 'substr', 'sub']: UNSAT (0.028 seconds)
3.69/3.75	['length', 'add', 'add']: UNSAT (0.023 seconds)
3.69/3.77	['length', 'add', 'sub']: UNSAT (0.025 seconds)
3.79/3.80	['length', 'sub', 'sub']: UNSAT (0.023 seconds)
3.79/3.82	['substr', 'substr', 'substr']: UNSAT (0.041 seconds)
3.79/3.86	['substr', 'substr', 'add']: UNSAT (0.034 seconds)
3.89/3.90	['substr', 'substr', 'sub']: UNSAT (0.037 seconds)
3.89/3.93	['substr', 'add', 'add']: UNSAT (0.030 seconds)
3.89/3.96	['substr', 'add', 'sub']: UNSAT (0.030 seconds)
3.89/4.00	['substr', 'sub', 'sub']: UNSAT (0.036 seconds)
3.89/4.03	['add', 'add', 'add']: UNSAT (0.029 seconds)
4.01/4.06	['add', 'add', 'sub']: UNSAT (0.028 seconds)
4.01/4.09	['add', 'sub', 'sub']: UNSAT (0.029 seconds)
4.01/4.12	['sub', 'sub', 'sub']: UNSAT (0.027 seconds)
4.13/4.15	['concat', 'concat', 'concat', 'concat']: UNSAT (11.884 seconds)
15.89/16.03	['concat', 'concat', 'concat', 'index']: UNSAT (0.042 seconds)
16.01/16.07	['concat', 'concat', 'concat', 'length']: UNSAT (0.033 seconds)
16.01/16.11	['concat', 'concat', 'concat', 'substr']: UNSAT (77.592 seconds)
93.69/93.70	['concat', 'concat', 'concat', 'add']: UNSAT (0.038 seconds)
93.69/93.74	['concat', 'concat', 'concat', 'sub']: UNSAT (0.038 seconds)
93.69/93.78	['concat', 'concat', 'index', 'index']: UNSAT (0.047 seconds)
93.79/93.83	['concat', 'concat', 'index', 'length']: UNSAT (0.035 seconds)
93.79/93.86	['concat', 'concat', 'index', 'substr']: UNSAT (5.503 seconds)
99.29/99.37	['concat', 'concat', 'index', 'add']: UNSAT (0.039 seconds)
99.39/99.41	['concat', 'concat', 'index', 'sub']: UNSAT (0.039 seconds)
99.39/99.45	['concat', 'concat', 'length', 'length']: UNSAT (0.033 seconds)
99.39/99.48	['concat', 'concat', 'length', 'substr']: UNSAT (1.932 seconds)
101.39/101.41	['concat', 'concat', 'length', 'add']: UNSAT (0.032 seconds)
101.39/101.45	['concat', 'concat', 'length', 'sub']: UNSAT (0.033 seconds)
101.39/101.48	['concat', 'concat', 'substr', 'substr']: UNSAT (1.828 seconds)
103.29/103.31	['concat', 'concat', 'substr', 'add']: UNSAT (1.823 seconds)
105.01/105.13	['concat', 'concat', 'substr', 'sub']: UNSAT (0.645 seconds)
105.69/105.78	['concat', 'concat', 'add', 'add']: UNSAT (0.035 seconds)
105.79/105.81	['concat', 'concat', 'add', 'sub']: UNSAT (0.034 seconds)
105.79/105.85	['concat', 'concat', 'sub', 'sub']: UNSAT (0.033 seconds)
105.79/105.88	['concat', 'index', 'index', 'index']: UNSAT (0.062 seconds)
105.89/105.94	['concat', 'index', 'index', 'length']: UNSAT (0.054 seconds)
105.89/106.00	['concat', 'index', 'index', 'substr']: UNSAT (0.344 seconds)
106.29/106.35	['concat', 'index', 'index', 'add']: UNSAT (0.054 seconds)
106.39/106.40	['concat', 'index', 'index', 'sub']: UNSAT (0.052 seconds)
106.39/106.45	['concat', 'index', 'length', 'length']: UNSAT (0.032 seconds)
106.39/106.49	['concat', 'index', 'length', 'substr']: UNSAT (0.241 seconds)
106.69/106.73	['concat', 'index', 'length', 'add']: UNSAT (0.034 seconds)
106.69/106.76	['concat', 'index', 'length', 'sub']: UNSAT (0.034 seconds)
106.79/106.80	['concat', 'index', 'substr', 'substr']: UNSAT (0.819 seconds)
107.59/107.62	['concat', 'index', 'substr', 'add']: UNSAT (0.530 seconds)
108.13/108.15	['concat', 'index', 'substr', 'sub']: UNSAT (0.307 seconds)
108.39/108.46	['concat', 'index', 'add', 'add']: UNSAT (0.040 seconds)
108.49/108.50	['concat', 'index', 'add', 'sub']: UNSAT (0.040 seconds)
108.49/108.54	['concat', 'index', 'sub', 'sub']: UNSAT (0.040 seconds)
108.49/108.58	['concat', 'length', 'length', 'length']: UNSAT (0.028 seconds)
108.59/108.61	['concat', 'length', 'length', 'substr']: UNSAT (0.077 seconds)
108.59/108.68	['concat', 'length', 'length', 'add']: UNSAT (0.029 seconds)
108.69/108.71	['concat', 'length', 'length', 'sub']: UNSAT (0.030 seconds)
108.69/108.75	['concat', 'length', 'substr', 'substr']: UNSAT (0.563 seconds)
109.29/109.31	['concat', 'length', 'substr', 'add']: UNSAT (0.184 seconds)
109.39/109.49	['concat', 'length', 'substr', 'sub']: UNSAT (0.173 seconds)
109.59/109.67	['concat', 'length', 'add', 'add']: UNSAT (0.034 seconds)
109.69/109.70	['concat', 'length', 'add', 'sub']: UNSAT (0.035 seconds)
109.69/109.74	['concat', 'length', 'sub', 'sub']: UNSAT (0.035 seconds)
109.69/109.77	['concat', 'substr', 'substr', 'substr']: UNSAT (0.238 seconds)
109.89/110.01	['concat', 'substr', 'substr', 'add']: UNSAT (0.190 seconds)
110.19/110.20	['concat', 'substr', 'substr', 'sub']: UNSAT (0.252 seconds)
110.39/110.46	['concat', 'substr', 'add', 'add']: UNSAT (0.174 seconds)
110.59/110.63	['concat', 'substr', 'add', 'sub']: UNSAT (0.145 seconds)
110.69/110.78	['concat', 'substr', 'sub', 'sub']: UNSAT (0.140 seconds)
110.89/110.92	['concat', 'add', 'add', 'add']: UNSAT (0.035 seconds)
110.89/110.95	['concat', 'add', 'add', 'sub']: UNSAT (0.035 seconds)
110.89/110.99	['concat', 'add', 'sub', 'sub']: UNSAT (0.035 seconds)
110.89/111.02	['concat', 'sub', 'sub', 'sub']: UNSAT (0.038 seconds)
111.01/111.06	['index', 'index', 'index', 'index']: UNSAT (0.048 seconds)
111.01/111.11	['index', 'index', 'index', 'length']: UNSAT (0.040 seconds)
111.13/111.15	['index', 'index', 'index', 'substr']: UNSAT (0.126 seconds)
111.19/111.28	['index', 'index', 'index', 'add']: UNSAT (0.042 seconds)
111.29/111.32	['index', 'index', 'index', 'sub']: UNSAT (0.042 seconds)
111.29/111.36	['index', 'index', 'length', 'length']: UNSAT (0.032 seconds)
111.29/111.40	['index', 'index', 'length', 'substr']: UNSAT (0.045 seconds)
111.39/111.44	['index', 'index', 'length', 'add']: UNSAT (0.035 seconds)
111.39/111.48	['index', 'index', 'length', 'sub']: UNSAT (0.036 seconds)
111.49/111.51	['index', 'index', 'substr', 'substr']: UNSAT (0.184 seconds)
111.69/111.70	['index', 'index', 'substr', 'add']: UNSAT (0.059 seconds)
111.69/111.76	['index', 'index', 'substr', 'sub']: UNSAT (0.056 seconds)
111.79/111.82	['index', 'index', 'add', 'add']: UNSAT (0.041 seconds)
111.79/111.86	['index', 'index', 'add', 'sub']: UNSAT (0.041 seconds)
111.89/111.90	['index', 'index', 'sub', 'sub']: UNSAT (0.041 seconds)
111.89/111.94	['index', 'length', 'length', 'length']: UNSAT (0.026 seconds)
111.89/111.97	['index', 'length', 'length', 'substr']: UNSAT (0.038 seconds)
111.89/112.01	['index', 'length', 'length', 'add']: UNSAT (0.032 seconds)
111.89/112.04	['index', 'length', 'length', 'sub']: UNSAT (0.029 seconds)
112.01/112.07	['index', 'length', 'substr', 'substr']: UNSAT (0.061 seconds)
112.01/112.13	['index', 'length', 'substr', 'add']: UNSAT (0.053 seconds)
112.13/112.18	['index', 'length', 'substr', 'sub']: UNSAT (0.047 seconds)
112.19/112.23	['index', 'length', 'add', 'add']: UNSAT (0.036 seconds)
112.19/112.27	['index', 'length', 'add', 'sub']: UNSAT (0.035 seconds)
112.29/112.30	['index', 'length', 'sub', 'sub']: UNSAT (0.038 seconds)
112.29/112.34	['index', 'substr', 'substr', 'substr']: UNSAT (0.151 seconds)
112.39/112.49	['index', 'substr', 'substr', 'add']: UNSAT (0.099 seconds)
112.49/112.59	['index', 'substr', 'substr', 'sub']: UNSAT (0.080 seconds)
112.59/112.67	['index', 'substr', 'add', 'add']: UNSAT (0.052 seconds)
112.69/112.73	['index', 'substr', 'add', 'sub']: UNSAT (0.062 seconds)
112.69/112.79	['index', 'substr', 'sub', 'sub']: UNSAT (0.056 seconds)
112.79/112.85	['index', 'add', 'add', 'add']: UNSAT (0.045 seconds)
112.79/112.89	['index', 'add', 'add', 'sub']: UNSAT (0.044 seconds)
112.89/112.94	['index', 'add', 'sub', 'sub']: UNSAT (0.042 seconds)
112.89/112.98	['index', 'sub', 'sub', 'sub']: UNSAT (0.045 seconds)
112.89/113.02	['length', 'length', 'length', 'length']: UNSAT (0.026 seconds)
113.01/113.05	['length', 'length', 'length', 'substr']: UNSAT (0.028 seconds)
113.01/113.08	['length', 'length', 'length', 'add']: UNSAT (0.024 seconds)
113.01/113.10	['length', 'length', 'length', 'sub']: UNSAT (0.027 seconds)
113.01/113.13	['length', 'length', 'substr', 'substr']: UNSAT (0.065 seconds)
113.19/113.20	['length', 'length', 'substr', 'add']: UNSAT (0.039 seconds)
113.19/113.24	['length', 'length', 'substr', 'sub']: UNSAT (0.041 seconds)
113.19/113.28	['length', 'length', 'add', 'add']: UNSAT (0.029 seconds)
113.29/113.31	['length', 'length', 'add', 'sub']: UNSAT (0.028 seconds)
113.29/113.34	['length', 'length', 'sub', 'sub']: UNSAT (0.028 seconds)
113.29/113.37	['length', 'substr', 'substr', 'substr']: UNSAT (0.097 seconds)
113.39/113.46	['length', 'substr', 'substr', 'add']: UNSAT (0.068 seconds)
113.49/113.53	['length', 'substr', 'substr', 'sub']: UNSAT (0.059 seconds)
113.49/113.59	['length', 'substr', 'add', 'add']: UNSAT (0.049 seconds)
113.59/113.64	['length', 'substr', 'add', 'sub']: UNSAT (0.046 seconds)
113.59/113.69	['length', 'substr', 'sub', 'sub']: UNSAT (0.051 seconds)
113.69/113.74	['length', 'add', 'add', 'add']: UNSAT (0.037 seconds)
113.69/113.78	['length', 'add', 'add', 'sub']: UNSAT (0.039 seconds)
113.79/113.82	['length', 'add', 'sub', 'sub']: UNSAT (0.037 seconds)
113.79/113.85	['length', 'sub', 'sub', 'sub']: UNSAT (0.037 seconds)
113.79/113.89	['substr', 'substr', 'substr', 'substr']: UNSAT (0.090 seconds)
113.89/113.98	['substr', 'substr', 'substr', 'add']: UNSAT (0.058 seconds)
114.01/114.04	['substr', 'substr', 'substr', 'sub']: UNSAT (0.057 seconds)
114.01/114.10	['substr', 'substr', 'add', 'add']: UNSAT (0.048 seconds)
114.12/114.15	['substr', 'substr', 'add', 'sub']: UNSAT (0.043 seconds)
114.12/114.19	['substr', 'substr', 'sub', 'sub']: UNSAT (0.045 seconds)
114.19/114.24	['substr', 'add', 'add', 'add']: UNSAT (0.047 seconds)
114.19/114.29	['substr', 'add', 'add', 'sub']: UNSAT (0.040 seconds)
114.29/114.33	['substr', 'add', 'sub', 'sub']: UNSAT (0.042 seconds)
114.29/114.37	['substr', 'sub', 'sub', 'sub']: UNSAT (0.039 seconds)
114.39/114.41	['add', 'add', 'add', 'add']: UNSAT (0.037 seconds)
114.39/114.45	['add', 'add', 'add', 'sub']: UNSAT (0.040 seconds)
114.39/114.49	['add', 'add', 'sub', 'sub']: UNSAT (0.040 seconds)
114.49/114.53	['add', 'sub', 'sub', 'sub']: UNSAT (0.039 seconds)
114.49/114.57	['sub', 'sub', 'sub', 'sub']: UNSAT (0.037 seconds)
114.59/114.60	['concat', 'concat', 'concat', 'concat', 'concat']: UNKNOWN (199.923 seconds)
314.47/314.53	Reason: smt tactic failed to show goal to be sat/unsat max-conflicts-reached
314.47/314.53	Reason: smt tactic failed to show goal to be sat/unsat max-conflicts-reached
314.47/314.53	['concat', 'concat', 'concat', 'concat', 'index']: UNSAT (0.055 seconds)
314.47/314.58	['concat', 'concat', 'concat', 'concat', 'length']: UNSAT (0.048 seconds)
314.58/314.63	['concat', 'concat', 'concat', 'concat', 'substr']: 