0.11/0.19	=== Examples (../../dataset/examples/examples-21.json)
0.11/0.19	IO(inputs=('10-05-2019',), output='10/05/20')
0.11/0.19	=== Library
0.11/0.19	concat
0.11/0.19	index
0.11/0.19	length
0.11/0.19	substr
0.11/0.19	add
0.11/0.19	sub
0.11/0.19	=== Synthesis
0.11/0.19	['concat']: UNSAT (0.022 seconds)
0.11/0.22	['index']: UNSAT (0.020 seconds)
0.11/0.24	['length']: UNSAT (0.018 seconds)
0.11/0.26	['substr']: UNSAT (0.023 seconds)
0.25/0.28	['add']: UNSAT (0.018 seconds)
0.25/0.30	['sub']: UNSAT (0.018 seconds)
0.25/0.32	['concat', 'concat']: UNSAT (0.032 seconds)
0.25/0.35	['concat', 'index']: UNSAT (0.030 seconds)
0.34/0.38	['concat', 'length']: UNSAT (0.023 seconds)
0.34/0.40	['concat', 'substr']: UNSAT (0.119 seconds)
0.45/0.52	['concat', 'add']: UNSAT (0.026 seconds)
0.45/0.55	['concat', 'sub']: UNSAT (0.025 seconds)
0.55/0.58	['index', 'index']: UNSAT (0.030 seconds)
0.55/0.61	['index', 'length']: UNSAT (0.025 seconds)
0.62/0.63	['index', 'substr']: UNSAT (0.049 seconds)
0.62/0.68	['index', 'add']: UNSAT (0.020 seconds)
0.69/0.70	['index', 'sub']: UNSAT (0.020 seconds)
0.69/0.72	['length', 'length']: UNSAT (0.015 seconds)
0.69/0.74	['length', 'substr']: UNSAT (0.024 seconds)
0.69/0.76	['length', 'add']: UNSAT (0.016 seconds)
0.69/0.78	['length', 'sub']: UNSAT (0.016 seconds)
0.79/0.80	['substr', 'substr']: UNSAT (0.024 seconds)
0.79/0.82	['substr', 'add']: UNSAT (0.021 seconds)
0.79/0.84	['substr', 'sub']: UNSAT (0.022 seconds)
0.79/0.86	['add', 'add']: UNSAT (0.020 seconds)
0.79/0.89	['add', 'sub']: UNSAT (0.020 seconds)
0.89/0.91	['sub', 'sub']: UNSAT (0.019 seconds)
0.89/0.92	['concat', 'concat', 'concat']: UNSAT (0.059 seconds)
0.89/0.98	['concat', 'concat', 'index']: UNSAT (0.029 seconds)
0.89/1.01	['concat', 'concat', 'length']: UNSAT (0.025 seconds)
1.01/1.04	['concat', 'concat', 'substr']: UNSAT (0.730 seconds)
1.69/1.77	['concat', 'concat', 'add']: UNSAT (0.026 seconds)
1.79/1.80	['concat', 'concat', 'sub']: UNSAT (0.025 seconds)
1.79/1.82	['concat', 'index', 'index']: UNSAT (0.030 seconds)
1.79/1.85	['concat', 'index', 'length']: UNSAT (0.024 seconds)
1.79/1.88	['concat', 'index', 'substr']: UNSAT (0.528 seconds)
2.39/2.41	['concat', 'index', 'add']: UNSAT (0.029 seconds)
2.39/2.44	['concat', 'index', 'sub']: UNSAT (0.027 seconds)
2.39/2.46	['concat', 'length', 'length']: UNSAT (0.023 seconds)
2.39/2.49	['concat', 'length', 'substr']: UNSAT (0.143 seconds)
2.59/2.63	['concat', 'length', 'add']: UNSAT (0.024 seconds)
2.59/2.65	['concat', 'length', 'sub']: UNSAT (0.022 seconds)
2.59/2.68	['concat', 'substr', 'substr']: UNSAT (0.075 seconds)
2.69/2.75	['concat', 'substr', 'add']: UNSAT (0.109 seconds)
2.79/2.86	['concat', 'substr', 'sub']: UNSAT (0.059 seconds)
2.89/2.92	['concat', 'add', 'add']: UNSAT (0.026 seconds)
2.89/2.95	['concat', 'add', 'sub']: UNSAT (0.026 seconds)
2.89/2.98	['concat', 'sub', 'sub']: UNSAT (0.024 seconds)
2.89/3.00	['index', 'index', 'index']: UNSAT (0.032 seconds)
3.00/3.03	['index', 'index', 'length']: UNSAT (0.028 seconds)
3.00/3.06	['index', 'index', 'substr']: UNSAT (0.186 seconds)
3.19/3.25	['index', 'index', 'add']: UNSAT (0.030 seconds)
3.19/3.28	['index', 'index', 'sub']: UNSAT (0.028 seconds)
3.29/3.31	['index', 'length', 'length']: UNSAT (0.026 seconds)
3.29/3.34	['index', 'length', 'substr']: UNSAT (0.051 seconds)
3.29/3.39	['index', 'length', 'add']: UNSAT (0.025 seconds)
3.39/3.41	['index', 'length', 'sub']: UNSAT (0.026 seconds)
3.39/3.44	['index', 'substr', 'substr']: UNSAT (0.105 seconds)
3.49/3.54	['index', 'substr', 'add']: UNSAT (0.053 seconds)
3.59/3.60	['index', 'substr', 'sub']: UNSAT (0.057 seconds)
3.59/3.66	['index', 'add', 'add']: UNSAT (0.028 seconds)
3.59/3.68	['index', 'add', 'sub']: UNSAT (0.029 seconds)
3.69/3.71	['index', 'sub', 'sub']: UNSAT (0.029 seconds)
3.69/3.74	['length', 'length', 'length']: UNSAT (0.021 seconds)
3.69/3.77	['length', 'length', 'substr']: UNSAT (0.030 seconds)
3.69/3.80	['length', 'length', 'add']: UNSAT (0.020 seconds)
3.79/3.82	['length', 'length', 'sub']: UNSAT (0.020 seconds)
3.79/3.84	['length', 'substr', 'substr']: UNSAT (0.076 seconds)
3.89/3.91	['length', 'substr', 'add']: UNSAT (0.036 seconds)
3.89/3.95	['length', 'substr', 'sub']: UNSAT (0.041 seconds)
3.89/3.99	['length', 'add', 'add']: UNSAT (0.024 seconds)
3.89/4.02	['length', 'add', 'sub']: UNSAT (0.023 seconds)
4.01/4.04	['length', 'sub', 'sub']: UNSAT (0.022 seconds)
4.01/4.06	['substr', 'substr', 'substr']: UNSAT (0.046 seconds)
4.01/4.11	['substr', 'substr', 'add']: UNSAT (0.044 seconds)
4.13/4.15	['substr', 'substr', 'sub']: UNSAT (0.045 seconds)
4.19/4.20	['substr', 'add', 'add']: UNSAT (0.040 seconds)
4.19/4.24	['substr', 'add', 'sub']: UNSAT (0.040 seconds)
4.19/4.28	['substr', 'sub', 'sub']: UNSAT (0.039 seconds)
4.29/4.32	['add', 'add', 'add']: UNSAT (0.026 seconds)
4.29/4.35	['add', 'add', 'sub']: UNSAT (0.027 seconds)
4.29/4.37	['add', 'sub', 'sub']: UNSAT (0.026 seconds)
4.39/4.40	['sub', 'sub', 'sub']: UNSAT (0.027 seconds)
4.39/4.43	['concat', 'concat', 'concat', 'concat']: UNSAT (0.120 seconds)
4.49/4.55	['concat', 'concat', 'concat', 'index']: UNSAT (0.039 seconds)
4.49/4.59	['concat', 'concat', 'concat', 'length']: UNSAT (0.036 seconds)
4.59/4.63	['concat', 'concat', 'concat', 'substr']: UNSAT (58.599 seconds)
63.19/63.22	['concat', 'concat', 'concat', 'add']: UNSAT (0.034 seconds)
63.19/63.26	['concat', 'concat', 'concat', 'sub']: UNSAT (0.037 seconds)
63.29/63.30	['concat', 'concat', 'index', 'index']: UNSAT (0.041 seconds)
63.29/63.34	['concat', 'concat', 'index', 'length']: UNSAT (0.038 seconds)
63.29/63.38	['concat', 'concat', 'index', 'substr']: UNSAT (5.647 seconds)
68.89/69.03	['concat', 'concat', 'index', 'add']: UNSAT (0.038 seconds)
69.00/69.06	['concat', 'concat', 'index', 'sub']: UNSAT (0.036 seconds)
69.00/69.10	['concat', 'concat', 'length', 'length']: UNSAT (0.031 seconds)
69.12/69.13	['concat', 'concat', 'length', 'substr']: UNSAT (1.737 seconds)
70.79/70.87	['concat', 'concat', 'length', 'add']: UNSAT (0.030 seconds)
70.89/70.90	['concat', 'concat', 'length', 'sub']: UNSAT (0.032 seconds)
70.89/70.93	['concat', 'concat', 'substr', 'substr']: UNSAT (5.833 seconds)
76.69/76.77	['concat', 'concat', 'substr', 'add']: UNSAT (1.553 seconds)
78.29/78.32	['concat', 'concat', 'substr', 'sub']: UNSAT (0.339 seconds)
78.59/78.66	['concat', 'concat', 'add', 'add']: UNSAT (0.032 seconds)
78.59/78.69	['concat', 'concat', 'add', 'sub']: UNSAT (0.033 seconds)
78.69/78.73	['concat', 'concat', 'sub', 'sub']: UNSAT (0.032 seconds)
78.69/78.76	['concat', 'index', 'index', 'index']: UNSAT (0.043 seconds)
78.78/78.80	['concat', 'index', 'index', 'length']: UNSAT (0.039 seconds)
78.78/78.84	['concat', 'index', 'index', 'substr']: UNSAT (1.287 seconds)
80.00/80.13	['concat', 'index', 'index', 'add']: UNSAT (0.039 seconds)
80.12/80.17	['concat', 'index', 'index', 'sub']: UNSAT (0.039 seconds)
80.18/80.21	['concat', 'index', 'length', 'length']: UNSAT (0.032 seconds)
80.18/80.24	['concat', 'index', 'length', 'substr']: UNSAT (0.501 seconds)
80.68/80.75	['concat', 'index', 'length', 'add']: UNSAT (0.035 seconds)
80.68/80.78	['concat', 'index', 'length', 'sub']: UNSAT (0.035 seconds)
80.78/80.82	['concat', 'index', 'substr', 'substr']: UNSAT (2.370 seconds)
83.12/83.19	['concat', 'index', 'substr', 'add']: UNSAT (1.077 seconds)
84.18/84.27	['concat', 'index', 'substr', 'sub']: UNSAT (0.579 seconds)
84.78/84.84	['concat', 'index', 'add', 'add']: UNSAT (0.039 seconds)
84.78/84.88	['concat', 'index', 'add', 'sub']: UNSAT (0.036 seconds)
84.88/84.92	['concat', 'index', 'sub', 'sub']: UNSAT (0.037 seconds)
84.88/84.96	['concat', 'length', 'length', 'length']: UNSAT (0.026 seconds)
84.88/84.98	['concat', 'length', 'length', 'substr']: UNSAT (0.081 seconds)
85.00/85.07	['concat', 'length', 'length', 'add']: UNSAT (0.027 seconds)
85.00/85.09	['concat', 'length', 'length', 'sub']: UNSAT (0.026 seconds)
85.00/85.12	['concat', 'length', 'substr', 'substr']: UNSAT (1.295 seconds)
86.38/86.42	['concat', 'length', 'substr', 'add']: UNSAT (0.284 seconds)
86.68/86.70	['concat', 'length', 'substr', 'sub']: UNSAT (0.262 seconds)
86.88/86.96	['concat', 'length', 'add', 'add']: UNSAT (0.033 seconds)
86.88/87.00	['concat', 'length', 'add', 'sub']: UNSAT (0.030 seconds)
86.88/87.03	['concat', 'length', 'sub', 'sub']: UNSAT (0.030 seconds)
87.00/87.06	['concat', 'substr', 'substr', 'substr']: UNSAT (0.250 seconds)
87.28/87.31	['concat', 'substr', 'substr', 'add']: UNSAT (0.438 seconds)
87.68/87.75	['concat', 'substr', 'substr', 'sub']: UNSAT (0.538 seconds)
88.18/88.29	['concat', 'substr', 'add', 'add']: UNSAT (0.322 seconds)
88.58/88.61	['concat', 'substr', 'add', 'sub']: UNSAT (0.173 seconds)
88.68/88.78	['concat', 'substr', 'sub', 'sub']: UNSAT (0.187 seconds)
88.88/88.97	['concat', 'add', 'add', 'add']: UNSAT (0.036 seconds)
88.88/89.01	['concat', 'add', 'add', 'sub']: UNSAT (0.040 seconds)
89.00/89.05	['concat', 'add', 'sub', 'sub']: UNSAT (0.035 seconds)
89.00/89.08	['concat', 'sub', 'sub', 'sub']: UNSAT (0.037 seconds)
89.00/89.12	['index', 'index', 'index', 'index']: UNSAT (0.048 seconds)
89.12/89.17	['index', 'index', 'index', 'length']: UNSAT (0.041 seconds)
89.18/89.21	['index', 'index', 'index', 'substr']: UNSAT (0.203 seconds)
89.38/89.42	['index', 'index', 'index', 'add']: UNSAT (0.043 seconds)
89.38/89.46	['index', 'index', 'index', 'sub']: UNSAT (0.044 seconds)
89.48/89.51	['index', 'index', 'length', 'length']: UNSAT (0.033 seconds)
89.48/89.54	['index', 'index', 'length', 'substr']: UNSAT (0.107 seconds)
89.58/89.65	['index', 'index', 'length', 'add']: UNSAT (0.038 seconds)
89.58/89.69	['index', 'index', 'length', 'sub']: UNSAT (0.039 seconds)
89.68/89.73	['index', 'index', 'substr', 'substr']: UNSAT (0.416 seconds)
90.13/90.14	['index', 'index', 'substr', 'add']: UNSAT (0.109 seconds)
90.18/90.25	['index', 'index', 'substr', 'sub']: UNSAT (0.121 seconds)
90.28/90.37	['index', 'index', 'add', 'add']: UNSAT (0.041 seconds)
90.38/90.42	['index', 'index', 'add', 'sub']: UNSAT (0.041 seconds)
90.38/90.46	['index', 'index', 'sub', 'sub']: UNSAT (0.042 seconds)
90.48/90.50	['index', 'length', 'length', 'length']: UNSAT (0.027 seconds)
90.48/90.53	['index', 'length', 'length', 'substr']: UNSAT (0.066 seconds)
90.48/90.59	['index', 'length', 'length', 'add']: UNSAT (0.028 seconds)
90.58/90.62	['index', 'length', 'length', 'sub']: UNSAT (0.029 seconds)
90.58/90.65	['index', 'length', 'substr', 'substr']: UNSAT (0.169 seconds)
90.78/90.82	['index', 'length', 'substr', 'add']: UNSAT (0.083 seconds)
90.88/90.91	['index', 'length', 'substr', 'sub']: UNSAT (0.077 seconds)
90.88/90.98	['index', 'length', 'add', 'add']: UNSAT (0.038 seconds)
90.88/91.02	['index', 'length', 'add', 'sub']: UNSAT (0.034 seconds)
91.00/91.06	['index', 'length', 'sub', 'sub']: UNSAT (0.035 seconds)
91.00/91.09	['index', 'substr', 'substr', 'substr']: UNSAT (0.406 seconds)
91.48/91.50	['index', 'substr', 'substr', 'add']: UNSAT (0.244 seconds)
91.68/91.74	['index', 'substr', 'substr', 'sub']: UNSAT (0.203 seconds)
91.88/91.95	['index', 'substr', 'add', 'add']: UNSAT (0.079 seconds)
91.88/92.03	['index', 'substr', 'add', 'sub']: UNSAT (0.070 seconds)
92.00/92.10	['index', 'substr', 'sub', 'sub']: UNSAT (0.076 seconds)
92.11/92.18	['index', 'add', 'add', 'add']: UNSAT (0.042 seconds)
92.18/92.22	['index', 'add', 'add', 'sub']: UNSAT (0.043 seconds)
92.18/92.26	['index', 'add', 'sub', 'sub']: UNSAT (0.042 seconds)
92.28/92.30	['index', 'sub', 'sub', 'sub']: UNSAT (0.042 seconds)
92.28/92.35	['length', 'length', 'length', 'length']: UNSAT (0.022 seconds)
92.28/92.37	['length', 'length', 'length', 'substr']: UNSAT (0.027 seconds)
92.38/92.40	['length', 'length', 'length', 'add']: UNSAT (0.023 seconds)
92.38/92.42	['length', 'length', 'length', 'sub']: UNSAT (0.023 seconds)
92.38/92.45	['length', 'length', 'substr', 'substr']: UNSAT (0.119 seconds)
92.48/92.57	['length', 'length', 'substr', 'add']: UNSAT (0.051 seconds)
92.58/92.62	['length', 'length', 'substr', 'sub']: UNSAT (0.052 seconds)
92.58/92.67	['length', 'length', 'add', 'add']: UNSAT (0.027 seconds)
92.68/92.70	['length', 'length', 'add', 'sub']: UNSAT (0.027 seconds)
92.68/92.73	['length', 'length', 'sub', 'sub']: UNSAT (0.026 seconds)
92.68/92.75	['length', 'substr', 'substr', 'substr']: UNSAT (0.243 seconds)
92.88/93.00	['length', 'substr', 'substr', 'add']: UNSAT (0.216 seconds)
93.18/93.21	['length', 'substr', 'substr', 'sub']: UNSAT (0.131 seconds)
93.28/93.34	['length', 'substr', 'add', 'add']: UNSAT (0.058 seconds)
93.38/93.40	['length', 'substr', 'add', 'sub']: UNSAT (0.057 seconds)
93.38/93.46	['length', 'substr', 'sub', 'sub']: UNSAT (0.057 seconds)
93.48/93.52	['length', 'add', 'add', 'add']: UNSAT (0.035 seconds)
93.48/93.55	['length', 'add', 'add', 'sub']: UNSAT (0.034 seconds)
93.48/93.59	['length', 'add', 'sub', 'sub']: UNSAT (0.034 seconds)
93.58/93.62	['length', 'sub', 'sub', 'sub']: UNSAT (0.033 seconds)
93.58/93.66	['substr', 'substr', 'substr', 'substr']: UNSAT (0.112 seconds)
93.68/93.77	['substr', 'substr', 'substr', 'add']: UNSAT (0.094 seconds)
93.78/93.87	['substr', 'substr', 'substr', 'sub']: UNSAT (0.116 seconds)
93.88/93.98	['substr', 'substr', 'add', 'add']: UNSAT (0.102 seconds)
93.99/94.09	['substr', 'substr', 'add', 'sub']: UNSAT (0.103 seconds)
94.11/94.19	['substr', 'substr', 'sub', 'sub']: UNSAT (0.101 seconds)
94.18/94.29	['substr', 'add', 'add', 'add']: UNSAT (0.097 seconds)
94.28/94.39	['substr', 'add', 'add', 'sub']: UNSAT (0.131 seconds)
94.48/94.52	['substr', 'add', 'sub', 'sub']: UNSAT (0.118 seconds)
94.58/94.64	['substr', 'sub', 'sub', 'sub']: UNSAT (0.110 seconds)
94.68/94.75	['add', 'add', 'add', 'add']: UNSAT (0.036 seconds)
94.68/94.79	['add', 'add', 'add', 'sub']: UNSAT (0.037 seconds)
94.78/94.83	['add', 'add', 'sub', 'sub']: UNSAT (0.037 seconds)
94.78/94.86	['add', 'sub', 'sub', 'sub']: UNSAT (0.037 seconds)
94.88/94.90	['sub', 'sub', 'sub', 'sub']: UNSAT (0.037 seconds)
94.88/94.94	['concat', 'concat', 'concat', 'concat', 'concat']: UNSAT (0.269 seconds)
95.18/95.21	['concat', 'concat', 'concat', 'concat', 'index']: UNSAT (0.055 seconds)
95.18/95.26	['concat', 'concat', 'concat', 'concat', 'length']: UNSAT (0.045 seconds)
95.28/95.31	['concat', 'concat', 'concat', 'concat', 'substr']: 