0.12/0.20	=== Examples (../../dataset/examples/examples-39.json)
0.12/0.20	IO(inputs=('who cares about when',), output='Created on who cares about ')
0.12/0.20	=== Library
0.12/0.20	concat
0.12/0.20	index
0.12/0.20	length
0.12/0.20	substr
0.12/0.20	add
0.12/0.20	sub
0.12/0.20	=== Synthesis
0.12/0.20	['concat']: UNSAT (0.025 seconds)
0.12/0.22	['index']: UNSAT (0.021 seconds)
0.12/0.24	['length']: UNSAT (0.017 seconds)
0.12/0.26	['substr']: UNSAT (0.023 seconds)
0.12/0.29	['add']: UNSAT (0.019 seconds)
0.26/0.31	['sub']: UNSAT (0.019 seconds)
0.26/0.33	['concat', 'concat']: UNSAT (0.047 seconds)
0.26/0.37	['concat', 'index']: UNSAT (0.031 seconds)
0.37/0.41	['concat', 'length']: UNSAT (0.025 seconds)
0.37/0.43	['concat', 'substr']: UNSAT (0.036 seconds)
0.37/0.47	['concat', 'add']: UNSAT (0.027 seconds)
0.44/0.50	['concat', 'sub']: UNSAT (0.026 seconds)
0.44/0.52	['index', 'index']: UNSAT (0.032 seconds)
0.44/0.56	['index', 'length']: UNSAT (0.027 seconds)
0.44/0.58	['index', 'substr']: UNSAT (0.035 seconds)
0.58/0.62	['index', 'add']: UNSAT (0.028 seconds)
0.58/0.65	['index', 'sub']: UNSAT (0.025 seconds)
0.66/0.67	['length', 'length']: UNSAT (0.017 seconds)
0.66/0.69	['length', 'substr']: UNSAT (0.023 seconds)
0.69/0.72	['length', 'add']: UNSAT (0.018 seconds)
0.69/0.73	['length', 'sub']: UNSAT (0.018 seconds)
0.69/0.75	['substr', 'substr']: UNSAT (0.027 seconds)
0.69/0.78	['substr', 'add']: UNSAT (0.023 seconds)
0.79/0.80	['substr', 'sub']: UNSAT (0.024 seconds)
0.79/0.83	['add', 'add']: UNSAT (0.021 seconds)
0.79/0.85	['add', 'sub']: UNSAT (0.020 seconds)
0.79/0.87	['sub', 'sub']: UNSAT (0.021 seconds)
0.79/0.89	['concat', 'concat', 'concat']: UNSAT (0.463 seconds)
1.29/1.36	['concat', 'concat', 'index']: UNSAT (0.034 seconds)
1.29/1.39	['concat', 'concat', 'length']: UNSAT (0.027 seconds)
1.39/1.42	['concat', 'concat', 'substr']: UNSAT (0.650 seconds)
2.02/2.07	['concat', 'concat', 'add']: UNSAT (0.027 seconds)
2.02/2.10	['concat', 'concat', 'sub']: UNSAT (0.027 seconds)
2.02/2.13	['concat', 'index', 'index']: UNSAT (0.034 seconds)
2.13/2.16	['concat', 'index', 'length']: UNSAT (0.028 seconds)
2.13/2.19	['concat', 'index', 'substr']: UNSAT (0.134 seconds)
2.29/2.32	['concat', 'index', 'add']: UNSAT (0.032 seconds)
2.29/2.36	['concat', 'index', 'sub']: UNSAT (0.030 seconds)
2.29/2.39	['concat', 'length', 'length']: UNSAT (0.023 seconds)
2.39/2.41	['concat', 'length', 'substr']: UNSAT (0.072 seconds)
2.39/2.48	['concat', 'length', 'add']: UNSAT (0.024 seconds)
2.49/2.51	['concat', 'length', 'sub']: UNSAT (0.024 seconds)
2.49/2.53	['concat', 'substr', 'substr']: UNSAT (0.073 seconds)
2.59/2.61	['concat', 'substr', 'add']: UNSAT (0.046 seconds)
2.59/2.65	['concat', 'substr', 'sub']: UNSAT (0.060 seconds)
2.69/2.71	['concat', 'add', 'add']: UNSAT (0.029 seconds)
2.69/2.74	['concat', 'add', 'sub']: UNSAT (0.029 seconds)
2.69/2.77	['concat', 'sub', 'sub']: UNSAT (0.031 seconds)
2.79/2.80	['index', 'index', 'index']: UNSAT (0.036 seconds)
2.79/2.84	['index', 'index', 'length']: UNSAT (0.031 seconds)
2.79/2.87	['index', 'index', 'substr']: UNSAT (0.066 seconds)
2.89/2.94	['index', 'index', 'add']: UNSAT (0.033 seconds)
2.89/2.97	['index', 'index', 'sub']: UNSAT (0.034 seconds)
2.89/3.01	['index', 'length', 'length']: UNSAT (0.026 seconds)
3.01/3.04	['index', 'length', 'substr']: UNSAT (0.033 seconds)
3.01/3.07	['index', 'length', 'add']: UNSAT (0.029 seconds)
3.01/3.10	['index', 'length', 'sub']: UNSAT (0.028 seconds)
3.01/3.13	['index', 'substr', 'substr']: UNSAT (0.078 seconds)
3.19/3.21	['index', 'substr', 'add']: UNSAT (0.044 seconds)
3.19/3.25	['index', 'substr', 'sub']: UNSAT (0.051 seconds)
3.29/3.30	['index', 'add', 'add']: UNSAT (0.032 seconds)
3.29/3.34	['index', 'add', 'sub']: UNSAT (0.031 seconds)
3.29/3.37	['index', 'sub', 'sub']: UNSAT (0.034 seconds)
3.39/3.40	['length', 'length', 'length']: UNSAT (0.020 seconds)
3.39/3.42	['length', 'length', 'substr']: UNSAT (0.027 seconds)
3.39/3.45	['length', 'length', 'add']: UNSAT (0.023 seconds)
3.39/3.47	['length', 'length', 'sub']: UNSAT (0.021 seconds)
3.39/3.49	['length', 'substr', 'substr']: UNSAT (0.039 seconds)
3.49/3.53	['length', 'substr', 'add']: UNSAT (0.032 seconds)
3.49/3.57	['length', 'substr', 'sub']: UNSAT (0.032 seconds)
3.59/3.60	['length', 'add', 'add']: UNSAT (0.027 seconds)
3.59/3.63	['length', 'add', 'sub']: UNSAT (0.027 seconds)
3.59/3.66	['length', 'sub', 'sub']: UNSAT (0.025 seconds)
3.59/3.68	['substr', 'substr', 'substr']: UNSAT (0.048 seconds)
3.69/3.73	['substr', 'substr', 'add']: UNSAT (0.042 seconds)
3.69/3.77	['substr', 'substr', 'sub']: UNSAT (0.039 seconds)
3.79/3.81	['substr', 'add', 'add']: UNSAT (0.034 seconds)
3.79/3.85	['substr', 'add', 'sub']: UNSAT (0.032 seconds)
3.79/3.88	['substr', 'sub', 'sub']: UNSAT (0.032 seconds)
3.89/3.92	['add', 'add', 'add']: UNSAT (0.029 seconds)
3.89/3.94	['add', 'add', 'sub']: UNSAT (0.028 seconds)
3.89/3.97	['add', 'sub', 'sub']: UNSAT (0.030 seconds)
3.89/4.00	['sub', 'sub', 'sub']: UNSAT (0.030 seconds)
3.89/4.04	['concat', 'concat', 'concat', 'concat']: UNSAT (81.486 seconds)
85.48/85.52	['concat', 'concat', 'concat', 'index']: UNSAT (0.045 seconds)
85.48/85.57	['concat', 'concat', 'concat', 'length']: UNSAT (0.038 seconds)
85.59/85.61	['concat', 'concat', 'concat', 'substr']: UNSAT (68.024 seconds)
153.59/153.63	['concat', 'concat', 'concat', 'add']: UNSAT (0.037 seconds)
153.59/153.67	['concat', 'concat', 'concat', 'sub']: UNSAT (0.037 seconds)
153.69/153.71	['concat', 'concat', 'index', 'index']: UNSAT (0.047 seconds)
153.69/153.76	['concat', 'concat', 'index', 'length']: UNSAT (0.037 seconds)
153.69/153.79	['concat', 'concat', 'index', 'substr']: UNSAT (6.878 seconds)
160.59/160.67	['concat', 'concat', 'index', 'add']: UNSAT (0.040 seconds)
160.69/160.71	['concat', 'concat', 'index', 'sub']: UNSAT (0.040 seconds)
160.69/160.75	['concat', 'concat', 'length', 'length']: UNSAT (0.032 seconds)
160.69/160.79	['concat', 'concat', 'length', 'substr']: UNSAT (2.383 seconds)
163.12/163.17	['concat', 'concat', 'length', 'add']: UNSAT (0.032 seconds)
163.19/163.21	['concat', 'concat', 'length', 'sub']: UNSAT (0.032 seconds)
163.19/163.24	['concat', 'concat', 'substr', 'substr']: UNSAT (1.245 seconds)
164.39/164.48	['concat', 'concat', 'substr', 'add']: UNSAT (2.522 seconds)
166.89/167.01	['concat', 'concat', 'substr', 'sub']: UNSAT (0.778 seconds)
167.69/167.79	['concat', 'concat', 'add', 'add']: UNSAT (0.034 seconds)
167.79/167.82	['concat', 'concat', 'add', 'sub']: UNSAT (0.034 seconds)
167.79/167.86	['concat', 'concat', 'sub', 'sub']: UNSAT (0.035 seconds)
167.79/167.89	['concat', 'index', 'index', 'index']: UNSAT (0.046 seconds)
167.89/167.94	['concat', 'index', 'index', 'length']: UNSAT (0.039 seconds)
167.89/167.98	['concat', 'index', 'index', 'substr']: UNSAT (0.282 seconds)
168.19/168.26	['concat', 'index', 'index', 'add']: UNSAT (0.042 seconds)
168.29/168.30	['concat', 'index', 'index', 'sub']: UNSAT (0.042 seconds)
168.29/168.35	['concat', 'index', 'length', 'length']: UNSAT (0.033 seconds)
168.29/168.38	['concat', 'index', 'length', 'substr']: UNSAT (0.171 seconds)
168.49/168.55	['concat', 'index', 'length', 'add']: UNSAT (0.035 seconds)
168.49/168.59	['concat', 'index', 'length', 'sub']: UNSAT (0.035 seconds)
168.59/168.62	['concat', 'index', 'substr', 'substr']: UNSAT (1.033 seconds)
169.59/169.66	['concat', 'index', 'substr', 'add']: UNSAT (0.190 seconds)
169.79/169.85	['concat', 'index', 'substr', 'sub']: UNSAT (0.226 seconds)
170.01/170.08	['concat', 'index', 'add', 'add']: UNSAT (0.040 seconds)
170.01/170.12	['concat', 'index', 'add', 'sub']: UNSAT (0.041 seconds)
170.13/170.16	['concat', 'index', 'sub', 'sub']: UNSAT (0.039 seconds)
170.19/170.20	['concat', 'length', 'length', 'length']: UNSAT (0.029 seconds)
170.19/170.23	['concat', 'length', 'length', 'substr']: UNSAT (0.071 seconds)
170.29/170.30	['concat', 'length', 'length', 'add']: UNSAT (0.029 seconds)
170.29/170.33	['concat', 'length', 'length', 'sub']: UNSAT (0.028 seconds)
170.29/170.36	['concat', 'length', 'substr', 'substr']: UNSAT (0.625 seconds)
170.89/170.98	['concat', 'length', 'substr', 'add']: UNSAT (0.191 seconds)
171.13/171.18	['concat', 'length', 'substr', 'sub']: UNSAT (0.192 seconds)
171.29/171.37	['concat', 'length', 'add', 'add']: UNSAT (0.034 seconds)
171.39/171.40	['concat', 'length', 'add', 'sub']: UNSAT (0.032 seconds)
171.39/171.44	['concat', 'length', 'sub', 'sub']: UNSAT (0.031 seconds)
171.39/171.47	['concat', 'substr', 'substr', 'substr']: UNSAT (0.281 seconds)
171.69/171.75	['concat', 'substr', 'substr', 'add']: UNSAT (0.178 seconds)
171.89/171.93	['concat', 'substr', 'substr', 'sub']: UNSAT (0.235 seconds)
172.13/172.17	['concat', 'substr', 'add', 'add']: UNSAT (0.177 seconds)
172.29/172.34	['concat', 'substr', 'add', 'sub']: UNSAT (0.147 seconds)
172.39/172.49	['concat', 'substr', 'sub', 'sub']: UNSAT (0.133 seconds)
172.59/172.62	['concat', 'add', 'add', 'add']: UNSAT (0.039 seconds)
172.59/172.66	['concat', 'add', 'add', 'sub']: UNSAT (0.041 seconds)
172.69/172.71	['concat', 'add', 'sub', 'sub']: UNSAT (0.040 seconds)
172.69/172.75	['concat', 'sub', 'sub', 'sub']: UNSAT (0.038 seconds)
172.69/172.79	['index', 'index', 'index', 'index']: UNSAT (0.049 seconds)
172.79/172.84	['index', 'index', 'index', 'length']: UNSAT (0.042 seconds)
172.79/172.88	['index', 'index', 'index', 'substr']: UNSAT (0.092 seconds)
172.89/172.97	['index', 'index', 'index', 'add']: UNSAT (0.047 seconds)
172.89/173.02	['index', 'index', 'index', 'sub']: UNSAT (0.047 seconds)
173.01/173.07	['index', 'index', 'length', 'length']: UNSAT (0.036 seconds)
173.01/173.10	['index', 'index', 'length', 'substr']: UNSAT (0.048 seconds)
173.13/173.15	['index', 'index', 'length', 'add']: UNSAT (0.038 seconds)
173.13/173.19	['index', 'index', 'length', 'sub']: UNSAT (0.037 seconds)
173.19/173.23	['index', 'index', 'substr', 'substr']: UNSAT (0.145 seconds)
173.29/173.38	['index', 'index', 'substr', 'add']: UNSAT (0.091 seconds)
173.39/173.47	['index', 'index', 'substr', 'sub']: UNSAT (0.065 seconds)
173.49/173.53	['index', 'index', 'add', 'add']: UNSAT (0.045 seconds)
173.49/173.58	['index', 'index', 'add', 'sub']: UNSAT (0.045 seconds)
173.59/173.63	['index', 'index', 'sub', 'sub']: UNSAT (0.045 seconds)
173.59/173.67	['index', 'length', 'length', 'length']: UNSAT (0.029 seconds)
173.69/173.70	['index', 'length', 'length', 'substr']: UNSAT (0.040 seconds)
173.69/173.74	['index', 'length', 'length', 'add']: UNSAT (0.032 seconds)
173.69/173.78	['index', 'length', 'length', 'sub']: UNSAT (0.032 seconds)
173.79/173.81	['index', 'length', 'substr', 'substr']: UNSAT (0.070 seconds)
173.79/173.88	['index', 'length', 'substr', 'add']: UNSAT (0.056 seconds)
173.89/173.94	['index', 'length', 'substr', 'sub']: UNSAT (0.050 seconds)
173.89/173.99	['index', 'length', 'add', 'add']: UNSAT (0.036 seconds)
173.89/174.02	['index', 'length', 'add', 'sub']: UNSAT (0.037 seconds)
174.01/174.06	['index', 'length', 'sub', 'sub']: UNSAT (0.038 seconds)
174.01/174.10	['index', 'substr', 'substr', 'substr']: UNSAT (0.180 seconds)
174.19/174.28	['index', 'substr', 'substr', 'add']: UNSAT (0.145 seconds)
174.39/174.43	['index', 'substr', 'substr', 'sub']: UNSAT (0.089 seconds)
174.49/174.52	['index', 'substr', 'add', 'add']: UNSAT (0.057 seconds)
174.49/174.58	['index', 'substr', 'add', 'sub']: UNSAT (0.060 seconds)
174.59/174.64	['index', 'substr', 'sub', 'sub']: UNSAT (0.056 seconds)
174.59/174.69	['index', 'add', 'add', 'add']: UNSAT (0.047 seconds)
174.68/174.74	['index', 'add', 'add', 'sub']: UNSAT (0.046 seconds)
174.68/174.79	['index', 'add', 'sub', 'sub']: UNSAT (0.046 seconds)
174.78/174.83	['index', 'sub', 'sub', 'sub']: UNSAT (0.045 seconds)
174.78/174.88	['length', 'length', 'length', 'length']: UNSAT (0.024 seconds)
174.88/174.90	['length', 'length', 'length', 'substr']: UNSAT (0.029 seconds)
174.88/174.93	['length', 'length', 'length', 'add']: UNSAT (0.025 seconds)
174.88/174.96	['length', 'length', 'length', 'sub']: UNSAT (0.025 seconds)
174.88/174.98	['length', 'length', 'substr', 'substr']: UNSAT (0.070 seconds)
175.01/175.06	['length', 'length', 'substr', 'add']: UNSAT (0.040 seconds)
175.01/175.10	['length', 'length', 'substr', 'sub']: UNSAT (0.041 seconds)
175.12/175.14	['length', 'length', 'add', 'add']: UNSAT (0.029 seconds)
175.12/175.17	['length', 'length', 'add', 'sub']: UNSAT (0.029 seconds)
175.18/175.20	['length', 'length', 'sub', 'sub']: UNSAT (0.030 seconds)
175.18/175.23	['length', 'substr', 'substr', 'substr']: UNSAT (0.104 seconds)
175.28/175.33	['length', 'substr', 'substr', 'add']: UNSAT (0.068 seconds)
175.38/175.40	['length', 'substr', 'substr', 'sub']: UNSAT (0.071 seconds)
175.38/175.47	['length', 'substr', 'add', 'add']: UNSAT (0.050 seconds)
175.48/175.52	['length', 'substr', 'add', 'sub']: UNSAT (0.052 seconds)
175.48/175.58	['length', 'substr', 'sub', 'sub']: UNSAT (0.051 seconds)
175.58/175.63	['length', 'add', 'add', 'add']: UNSAT (0.036 seconds)
175.58/175.67	['length', 'add', 'add', 'sub']: UNSAT (0.036 seconds)
175.68/175.70	['length', 'add', 'sub', 'sub']: UNSAT (0.038 seconds)
175.68/175.74	['length', 'sub', 'sub', 'sub']: UNSAT (0.039 seconds)
175.68/175.78	['substr', 'substr', 'substr', 'substr']: UNSAT (0.097 seconds)
175.78/175.88	['substr', 'substr', 'substr', 'add']: UNSAT (0.062 seconds)
175.88/175.94	['substr', 'substr', 'substr', 'sub']: UNSAT (0.064 seconds)
175.88/176.01	['substr', 'substr', 'add', 'add']: UNSAT (0.050 seconds)
176.01/176.06	['substr', 'substr', 'add', 'sub']: UNSAT (0.048 seconds)
176.01/176.11	['substr', 'substr', 'sub', 'sub']: UNSAT (0.047 seconds)
176.12/176.15	['substr', 'add', 'add', 'add']: UNSAT (0.048 seconds)
176.18/176.20	['substr', 'add', 'add', 'sub']: UNSAT (0.042 seconds)
176.18/176.24	['substr', 'add', 'sub', 'sub']: UNSAT (0.043 seconds)
176.18/176.29	['substr', 'sub', 'sub', 'sub']: UNSAT (0.042 seconds)
176.28/176.33	['add', 'add', 'add', 'add']: UNSAT (0.039 seconds)
176.28/176.37	['add', 'add', 'add', 'sub']: UNSAT (0.039 seconds)
176.38/176.41	['add', 'add', 'sub', 'sub']: UNSAT (0.040 seconds)
176.38/176.45	['add', 'sub', 'sub', 'sub']: UNSAT (0.041 seconds)
176.38/176.49	['sub', 'sub', 'sub', 'sub']: UNSAT (0.041 seconds)
176.48/176.54	['concat', 'concat', 'concat', 'concat', 'concat']: UNKNOWN (367.429 seconds)
543.87/543.97	Reason: smt tactic failed to show goal to be sat/unsat max-conflicts-reached
543.87/543.97	Reason: smt tactic failed to show goal to be sat/unsat max-conflicts-reached
543.87/543.97	['concat', 'concat', 'concat', 'concat', 'index']: UNSAT (0.057 seconds)
543.87/544.02	['concat', 'concat', 'concat', 'concat', 'length']: UNSAT (0.054 seconds)
544.00/544.08	['concat', 'concat', 'concat', 'concat', 'substr']: 