0.12/0.20	=== Examples (../../dataset/examples/examples-06.json)
0.12/0.20	IO(inputs=('http://www.outsystems.com',), output='www.outsystems.com')
0.12/0.20	=== Library
0.12/0.20	concat
0.12/0.20	index
0.12/0.20	length
0.12/0.20	substr
0.12/0.20	add
0.12/0.20	sub
0.12/0.20	=== Synthesis
0.12/0.20	['concat']: UNSAT (0.022 seconds)
0.12/0.22	['index']: UNSAT (0.021 seconds)
0.12/0.24	['length']: UNSAT (0.017 seconds)
0.12/0.26	['substr']: UNSAT (0.023 seconds)
0.25/0.28	['add']: UNSAT (0.019 seconds)
0.25/0.30	['sub']: UNSAT (0.018 seconds)
0.25/0.32	['concat', 'concat']: UNSAT (0.034 seconds)
0.25/0.36	['concat', 'index']: UNSAT (0.035 seconds)
0.35/0.39	['concat', 'length']: UNSAT (0.025 seconds)
0.35/0.42	['concat', 'substr']: SAT (0.045 seconds)
0.35/0.46	substr(concat(arg0, arg0), 32, 32)
