0.10/0.19	=== Examples (../../dataset/examples/examples-40.json)
0.10/0.19	IO(inputs=('who cares about when',), output='updated on who cares about ')
0.10/0.19	=== Library
0.10/0.19	concat
0.10/0.19	index
0.10/0.19	length
0.10/0.19	substr
0.10/0.19	add
0.10/0.19	sub
0.10/0.19	=== Synthesis
0.10/0.19	['concat']: UNSAT (0.018 seconds)
0.10/0.21	['index']: UNSAT (0.016 seconds)
0.10/0.22	['length']: UNSAT (0.013 seconds)
0.10/0.24	['substr']: UNSAT (0.024 seconds)
0.10/0.26	['add']: UNSAT (0.025 seconds)
0.25/0.29	['sub']: UNSAT (0.015 seconds)
0.25/0.30	['concat', 'concat']: UNSAT (0.038 seconds)
0.25/0.34	['concat', 'index']: UNSAT (0.039 seconds)
0.34/0.38	['concat', 'length']: UNSAT (0.020 seconds)
0.34/0.40	['concat', 'substr']: UNSAT (0.027 seconds)
0.34/0.43	['concat', 'add']: UNSAT (0.032 seconds)
0.34/0.46	['concat', 'sub']: UNSAT (0.025 seconds)
0.44/0.49	['index', 'index']: UNSAT (0.025 seconds)
0.44/0.51	['index', 'length']: UNSAT (0.019 seconds)
0.44/0.53	['index', 'substr']: UNSAT (0.049 seconds)
0.44/0.59	['index', 'add']: UNSAT (0.047 seconds)
0.54/0.63	['index', 'sub']: UNSAT (0.038 seconds)
0.65/0.67	['length', 'length']: UNSAT (0.023 seconds)
0.65/0.70	['length', 'substr']: UNSAT (0.028 seconds)
0.68/0.72	['length', 'add']: UNSAT (0.025 seconds)
0.68/0.75	['length', 'sub']: UNSAT (0.023 seconds)
0.68/0.77	['substr', 'substr']: UNSAT (0.035 seconds)
0.78/0.81	['substr', 'add']: UNSAT (0.031 seconds)
0.78/0.84	['substr', 'sub']: UNSAT (0.031 seconds)
0.78/0.87	['add', 'add']: UNSAT (0.028 seconds)
0.88/0.90	['add', 'sub']: UNSAT (0.030 seconds)
0.88/0.93	['sub', 'sub']: UNSAT (0.028 seconds)
0.88/0.96	['concat', 'concat', 'concat']: UNSAT (0.496 seconds)
1.38/1.46	['concat', 'concat', 'index']: UNSAT (0.033 seconds)
1.38/1.49	['concat', 'concat', 'length']: UNSAT (0.028 seconds)
1.48/1.52	['concat', 'concat', 'substr']: UNSAT (0.633 seconds)
2.12/2.15	['concat', 'concat', 'add']: UNSAT (0.028 seconds)
2.12/2.18	['concat', 'concat', 'sub']: UNSAT (0.028 seconds)
2.18/2.21	['concat', 'index', 'index']: UNSAT (0.034 seconds)
2.18/2.25	['concat', 'index', 'length']: UNSAT (0.029 seconds)
2.18/2.28	['concat', 'index', 'substr']: UNSAT (0.117 seconds)
2.28/2.39	['concat', 'index', 'add']: UNSAT (0.030 seconds)
2.38/2.43	['concat', 'index', 'sub']: UNSAT (0.030 seconds)
2.38/2.46	['concat', 'length', 'length']: UNSAT (0.024 seconds)
2.38/2.48	['concat', 'length', 'substr']: UNSAT (0.068 seconds)
2.48/2.55	['concat', 'length', 'add']: UNSAT (0.025 seconds)
2.48/2.57	['concat', 'length', 'sub']: UNSAT (0.025 seconds)
2.58/2.60	['concat', 'substr', 'substr']: UNSAT (0.069 seconds)
2.58/2.67	['concat', 'substr', 'add']: UNSAT (0.048 seconds)
2.68/2.72	['concat', 'substr', 'sub']: UNSAT (0.056 seconds)
2.68/2.77	['concat', 'add', 'add']: UNSAT (0.028 seconds)
2.78/2.80	['concat', 'add', 'sub']: UNSAT (0.028 seconds)
2.78/2.83	['concat', 'sub', 'sub']: UNSAT (0.027 seconds)
2.78/2.86	['index', 'index', 'index']: UNSAT (0.036 seconds)
2.88/2.90	['index', 'index', 'length']: UNSAT (0.030 seconds)
2.88/2.93	['index', 'index', 'substr']: UNSAT (0.061 seconds)
2.88/2.99	['index', 'index', 'add']: UNSAT (0.036 seconds)
2.88/3.03	['index', 'index', 'sub']: UNSAT (0.034 seconds)
3.00/3.06	['index', 'length', 'length']: UNSAT (0.024 seconds)
3.00/3.09	['index', 'length', 'substr']: UNSAT (0.033 seconds)
3.00/3.12	['index', 'length', 'add']: UNSAT (0.027 seconds)
3.13/3.15	['index', 'length', 'sub']: UNSAT (0.027 seconds)
3.13/3.17	['index', 'substr', 'substr']: UNSAT (0.075 seconds)
3.18/3.25	['index', 'substr', 'add']: UNSAT (0.039 seconds)
3.18/3.29	['index', 'substr', 'sub']: UNSAT (0.046 seconds)
3.28/3.34	['index', 'add', 'add']: UNSAT (0.031 seconds)
3.28/3.37	['index', 'add', 'sub']: UNSAT (0.031 seconds)
3.38/3.40	['index', 'sub', 'sub']: UNSAT (0.032 seconds)
3.38/3.43	['length', 'length', 'length']: UNSAT (0.020 seconds)
3.38/3.45	['length', 'length', 'substr']: UNSAT (0.027 seconds)
3.38/3.48	['length', 'length', 'add']: UNSAT (0.022 seconds)
3.48/3.50	['length', 'length', 'sub']: UNSAT (0.022 seconds)
3.48/3.53	['length', 'substr', 'substr']: UNSAT (0.039 seconds)
3.48/3.57	['length', 'substr', 'add']: UNSAT (0.033 seconds)
3.58/3.60	['length', 'substr', 'sub']: UNSAT (0.033 seconds)
3.58/3.63	['length', 'add', 'add']: UNSAT (0.026 seconds)
3.58/3.66	['length', 'add', 'sub']: UNSAT (0.025 seconds)
3.58/3.69	['length', 'sub', 'sub']: UNSAT (0.026 seconds)
3.68/3.71	['substr', 'substr', 'substr']: UNSAT (0.046 seconds)
3.68/3.76	['substr', 'substr', 'add']: UNSAT (0.039 seconds)
3.78/3.80	['substr', 'substr', 'sub']: UNSAT (0.038 seconds)
3.78/3.84	['substr', 'add', 'add']: UNSAT (0.033 seconds)
3.78/3.87	['substr', 'add', 'sub']: UNSAT (0.033 seconds)
3.88/3.90	['substr', 'sub', 'sub']: UNSAT (0.032 seconds)
3.88/3.94	['add', 'add', 'add']: UNSAT (0.030 seconds)
3.88/3.97	['add', 'add', 'sub']: UNSAT (0.030 seconds)
3.88/4.00	['add', 'sub', 'sub']: UNSAT (0.031 seconds)
3.88/4.03	['sub', 'sub', 'sub']: UNSAT (0.031 seconds)
4.00/4.06	['concat', 'concat', 'concat', 'concat']: UNSAT (36.143 seconds)
40.18/40.21	['concat', 'concat', 'concat', 'index']: UNSAT (0.045 seconds)
40.18/40.25	['concat', 'concat', 'concat', 'length']: UNSAT (0.036 seconds)
40.18/40.29	['concat', 'concat', 'concat', 'substr']: UNSAT (61.546 seconds)
101.78/101.84	['concat', 'concat', 'concat', 'add']: UNSAT (0.038 seconds)
101.78/101.88	['concat', 'concat', 'concat', 'sub']: UNSAT (0.039 seconds)
101.88/101.92	['concat', 'concat', 'index', 'index']: UNSAT (0.045 seconds)
101.88/101.96	['concat', 'concat', 'index', 'length']: UNSAT (0.037 seconds)
101.88/102.00	['concat', 'concat', 'index', 'substr']: UNSAT (6.826 seconds)
108.78/108.83	['concat', 'concat', 'index', 'add']: UNSAT (0.041 seconds)
108.78/108.87	['concat', 'concat', 'index', 'sub']: UNSAT (0.041 seconds)
108.88/108.91	['concat', 'concat', 'length', 'length']: UNSAT (0.032 seconds)
108.88/108.94	['concat', 'concat', 'length', 'substr']: UNSAT (2.748 seconds)
111.58/111.69	['concat', 'concat', 'length', 'add']: UNSAT (0.032 seconds)
111.68/111.72	['concat', 'concat', 'length', 'sub']: UNSAT (0.031 seconds)
111.68/111.76	['concat', 'concat', 'substr', 'substr']: UNSAT (1.617 seconds)
113.28/113.37	['concat', 'concat', 'substr', 'add']: UNSAT (2.224 seconds)
115.57/115.60	['concat', 'concat', 'substr', 'sub']: UNSAT (0.755 seconds)
116.27/116.35	['concat', 'concat', 'add', 'add']: UNSAT (0.034 seconds)
116.27/116.39	['concat', 'concat', 'add', 'sub']: UNSAT (0.034 seconds)
116.37/116.42	['concat', 'concat', 'sub', 'sub']: UNSAT (0.035 seconds)
116.37/116.46	['concat', 'index', 'index', 'index']: UNSAT (0.046 seconds)
116.47/116.51	['concat', 'index', 'index', 'length']: UNSAT (0.039 seconds)
116.47/116.55	['concat', 'index', 'index', 'substr']: UNSAT (0.296 seconds)
116.77/116.84	['concat', 'index', 'index', 'add']: UNSAT (0.043 seconds)
116.77/116.89	['concat', 'index', 'index', 'sub']: UNSAT (0.041 seconds)
116.87/116.93	['concat', 'index', 'length', 'length']: UNSAT (0.033 seconds)
116.87/116.96	['concat', 'index', 'length', 'substr']: UNSAT (0.199 seconds)
117.11/117.16	['concat', 'index', 'length', 'add']: UNSAT (0.035 seconds)
117.11/117.20	['concat', 'index', 'length', 'sub']: UNSAT (0.035 seconds)
117.17/117.23	['concat', 'index', 'substr', 'substr']: UNSAT (4.022 seconds)
121.17/121.25	['concat', 'index', 'substr', 'add']: UNSAT (0.229 seconds)
121.37/121.48	['concat', 'index', 'substr', 'sub']: UNSAT (0.181 seconds)
121.57/121.67	['concat', 'index', 'add', 'add']: UNSAT (0.039 seconds)
121.67/121.71	['concat', 'index', 'add', 'sub']: UNSAT (0.042 seconds)
121.67/121.75	['concat', 'index', 'sub', 'sub']: UNSAT (0.041 seconds)
121.67/121.79	['concat', 'length', 'length', 'length']: UNSAT (0.027 seconds)
121.77/121.82	['concat', 'length', 'length', 'substr']: UNSAT (0.072 seconds)
121.77/121.89	['concat', 'length', 'length', 'add']: UNSAT (0.029 seconds)
121.87/121.92	['concat', 'length', 'length', 'sub']: UNSAT (0.028 seconds)
121.87/121.95	['concat', 'length', 'substr', 'substr']: UNSAT (0.590 seconds)
122.47/122.54	['concat', 'length', 'substr', 'add']: UNSAT (0.171 seconds)
122.67/122.71	['concat', 'length', 'substr', 'sub']: UNSAT (0.176 seconds)
122.77/122.89	['concat', 'length', 'add', 'add']: UNSAT (0.031 seconds)
122.87/122.92	['concat', 'length', 'add', 'sub']: UNSAT (0.034 seconds)
122.87/122.95	['concat', 'length', 'sub', 'sub']: UNSAT (0.032 seconds)
122.87/122.99	['concat', 'substr', 'substr', 'substr']: UNSAT (0.281 seconds)
123.17/123.27	['concat', 'substr', 'substr', 'add']: UNSAT (0.185 seconds)
123.37/123.46	['concat', 'substr', 'substr', 'sub']: UNSAT (0.245 seconds)
123.67/123.70	['concat', 'substr', 'add', 'add']: UNSAT (0.195 seconds)
123.87/123.90	['concat', 'substr', 'add', 'sub']: UNSAT (0.134 seconds)
123.98/124.03	['concat', 'substr', 'sub', 'sub']: UNSAT (0.128 seconds)
124.11/124.16	['concat', 'add', 'add', 'add']: UNSAT (0.039 seconds)
124.17/124.20	['concat', 'add', 'add', 'sub']: UNSAT (0.040 seconds)
124.17/124.24	['concat', 'add', 'sub', 'sub']: UNSAT (0.039 seconds)
124.17/124.28	['concat', 'sub', 'sub', 'sub']: UNSAT (0.039 seconds)
124.27/124.32	['index', 'index', 'index', 'index']: UNSAT (0.053 seconds)
124.27/124.38	['index', 'index', 'index', 'length']: UNSAT (0.045 seconds)
124.37/124.42	['index', 'index', 'index', 'substr']: UNSAT (0.121 seconds)
124.47/124.54	['index', 'index', 'index', 'add']: UNSAT (0.046 seconds)
124.47/124.59	['index', 'index', 'index', 'sub']: UNSAT (0.047 seconds)
124.57/124.64	['index', 'index', 'length', 'length']: UNSAT (0.035 seconds)
124.57/124.67	['index', 'index', 'length', 'substr']: UNSAT (0.051 seconds)
124.67/124.73	['index', 'index', 'length', 'add']: UNSAT (0.040 seconds)
124.67/124.77	['index', 'index', 'length', 'sub']: UNSAT (0.038 seconds)
124.77/124.81	['index', 'index', 'substr', 'substr']: UNSAT (0.147 seconds)
124.87/124.95	['index', 'index', 'substr', 'add']: UNSAT (0.087 seconds)
124.99/125.04	['index', 'index', 'substr', 'sub']: UNSAT (0.062 seconds)
124.99/125.10	['index', 'index', 'add', 'add']: UNSAT (0.048 seconds)
125.11/125.15	['index', 'index', 'add', 'sub']: UNSAT (0.044 seconds)
125.17/125.20	['index', 'index', 'sub', 'sub']: UNSAT (0.047 seconds)
125.17/125.25	['index', 'length', 'length', 'length']: UNSAT (0.029 seconds)
125.17/125.28	['index', 'length', 'length', 'substr']: UNSAT (0.040 seconds)
125.27/125.32	['index', 'length', 'length', 'add']: UNSAT (0.034 seconds)
125.27/125.35	['index', 'length', 'length', 'sub']: UNSAT (0.031 seconds)
125.27/125.38	['index', 'length', 'substr', 'substr']: UNSAT (0.068 seconds)
125.37/125.45	['index', 'length', 'substr', 'add']: UNSAT (0.053 seconds)
125.47/125.51	['index', 'length', 'substr', 'sub']: UNSAT (0.050 seconds)
125.47/125.56	['index', 'length', 'add', 'add']: UNSAT (0.035 seconds)
125.47/125.59	['index', 'length', 'add', 'sub']: UNSAT (0.039 seconds)
125.57/125.63	['index', 'length', 'sub', 'sub']: UNSAT (0.037 seconds)
125.57/125.67	['index', 'substr', 'substr', 'substr']: UNSAT (0.142 seconds)
125.77/125.81	['index', 'substr', 'substr', 'add']: UNSAT (0.139 seconds)
125.87/125.95	['index', 'substr', 'substr', 'sub']: UNSAT (0.092 seconds)
125.99/126.05	['index', 'substr', 'add', 'add']: UNSAT (0.055 seconds)
125.99/126.10	['index', 'substr', 'add', 'sub']: UNSAT (0.058 seconds)
126.11/126.16	['index', 'substr', 'sub', 'sub']: UNSAT (0.054 seconds)
126.17/126.22	['index', 'add', 'add', 'add']: UNSAT (0.048 seconds)
126.17/126.26	['index', 'add', 'add', 'sub']: UNSAT (0.048 seconds)
126.27/126.31	['index', 'add', 'sub', 'sub']: UNSAT (0.046 seconds)
126.27/126.36	['index', 'sub', 'sub', 'sub']: UNSAT (0.045 seconds)
126.37/126.41	['length', 'length', 'length', 'length']: UNSAT (0.024 seconds)
126.37/126.43	['length', 'length', 'length', 'substr']: UNSAT (0.029 seconds)
126.37/126.46	['length', 'length', 'length', 'add']: UNSAT (0.025 seconds)
126.37/126.49	['length', 'length', 'length', 'sub']: UNSAT (0.025 seconds)
126.47/126.51	['length', 'length', 'substr', 'substr']: UNSAT (0.071 seconds)
126.47/126.58	['length', 'length', 'substr', 'add']: UNSAT (0.039 seconds)
126.57/126.62	['length', 'length', 'substr', 'sub']: UNSAT (0.041 seconds)
126.57/126.66	['length', 'length', 'add', 'add']: UNSAT (0.028 seconds)
126.57/126.69	['length', 'length', 'add', 'sub']: UNSAT (0.030 seconds)
126.67/126.72	['length', 'length', 'sub', 'sub']: UNSAT (0.029 seconds)
126.67/126.75	['length', 'substr', 'substr', 'substr']: UNSAT (0.100 seconds)
126.77/126.85	['length', 'substr', 'substr', 'add']: UNSAT (0.066 seconds)
126.87/126.92	['length', 'substr', 'substr', 'sub']: UNSAT (0.069 seconds)
126.87/126.99	['length', 'substr', 'add', 'add']: UNSAT (0.047 seconds)
126.99/127.04	['length', 'substr', 'add', 'sub']: UNSAT (0.049 seconds)
126.99/127.09	['length', 'substr', 'sub', 'sub']: UNSAT (0.049 seconds)
127.11/127.14	['length', 'add', 'add', 'add']: UNSAT (0.036 seconds)
127.11/127.17	['length', 'add', 'add', 'sub']: UNSAT (0.036 seconds)
127.17/127.21	['length', 'add', 'sub', 'sub']: UNSAT (0.036 seconds)
127.17/127.25	['length', 'sub', 'sub', 'sub']: UNSAT (0.040 seconds)
127.17/127.29	['substr', 'substr', 'substr', 'substr']: UNSAT (0.096 seconds)
127.27/127.39	['substr', 'substr', 'substr', 'add']: UNSAT (0.063 seconds)
127.37/127.45	['substr', 'substr', 'substr', 'sub']: UNSAT (0.062 seconds)
127.47/127.51	['substr', 'substr', 'add', 'add']: UNSAT (0.051 seconds)
127.47/127.56	['substr', 'substr', 'add', 'sub']: UNSAT (0.049 seconds)
127.57/127.61	['substr', 'substr', 'sub', 'sub']: UNSAT (0.048 seconds)
127.57/127.66	['substr', 'add', 'add', 'add']: UNSAT (0.048 seconds)
127.67/127.71	['substr', 'add', 'add', 'sub']: UNSAT (0.044 seconds)
127.67/127.76	['substr', 'add', 'sub', 'sub']: UNSAT (0.043 seconds)
127.77/127.80	['substr', 'sub', 'sub', 'sub']: UNSAT (0.043 seconds)
127.77/127.84	['add', 'add', 'add', 'add']: UNSAT (0.040 seconds)
127.77/127.88	['add', 'add', 'add', 'sub']: UNSAT (0.039 seconds)
127.87/127.92	['add', 'add', 'sub', 'sub']: UNSAT (0.041 seconds)
127.87/127.97	['add', 'sub', 'sub', 'sub']: UNSAT (0.038 seconds)
127.87/128.00	['sub', 'sub', 'sub', 'sub']: UNSAT (0.040 seconds)
127.99/128.05	['concat', 'concat', 'concat', 'concat', 'concat']: UNKNOWN (346.247 seconds)
474.17/474.29	Reason: smt tactic failed to show goal to be sat/unsat max-conflicts-reached
474.17/474.29	Reason: smt tactic failed to show goal to be sat/unsat max-conflicts-reached
474.17/474.29	['concat', 'concat', 'concat', 'concat', 'index']: UNSAT (0.060 seconds)
474.27/474.35	['concat', 'concat', 'concat', 'concat', 'length']: UNSAT (0.056 seconds)
474.37/474.41	['concat', 'concat', 'concat', 'concat', 'substr']: 