0.11/0.20	=== Examples (../../dataset/examples/examples-17.json)
0.11/0.20	IO(inputs=('Quisque sollicitudin volutpat.',), output='Quisque sollicitudin...')
0.11/0.20	=== Library
0.11/0.20	concat
0.11/0.20	index
0.11/0.20	length
0.11/0.20	substr
0.11/0.20	add
0.11/0.20	sub
0.11/0.20	=== Synthesis
0.11/0.20	['concat']: UNSAT (0.023 seconds)
0.11/0.22	['index']: UNSAT (0.021 seconds)
0.11/0.24	['length']: UNSAT (0.019 seconds)
0.11/0.26	['substr']: UNSAT (0.024 seconds)
0.27/0.29	['add']: UNSAT (0.019 seconds)
0.27/0.31	['sub']: UNSAT (0.019 seconds)
0.27/0.33	['concat', 'concat']: UNSAT (0.036 seconds)
0.27/0.36	['concat', 'index']: UNSAT (0.030 seconds)
0.37/0.40	['concat', 'length']: UNSAT (0.025 seconds)
0.37/0.42	['concat', 'substr']: UNSAT (0.064 seconds)
0.47/0.49	['concat', 'add']: UNSAT (0.026 seconds)
0.47/0.51	['concat', 'sub']: UNSAT (0.027 seconds)
0.47/0.54	['index', 'index']: UNSAT (0.033 seconds)
0.56/0.57	['index', 'length']: UNSAT (0.025 seconds)
0.56/0.60	['index', 'substr']: UNSAT (0.081 seconds)
0.63/0.68	['index', 'add']: UNSAT (0.022 seconds)
0.69/0.70	['index', 'sub']: UNSAT (0.022 seconds)
0.69/0.73	['length', 'length']: UNSAT (0.016 seconds)
0.69/0.74	['length', 'substr']: UNSAT (0.035 seconds)
0.69/0.78	['length', 'add']: UNSAT (0.019 seconds)
0.80/0.80	['length', 'sub']: UNSAT (0.018 seconds)
0.80/0.82	['substr', 'substr']: UNSAT (0.027 seconds)
0.80/0.85	['substr', 'add']: UNSAT (0.024 seconds)
0.80/0.87	['substr', 'sub']: UNSAT (0.026 seconds)
0.89/0.90	['add', 'add']: UNSAT (0.020 seconds)
0.89/0.92	['add', 'sub']: UNSAT (0.021 seconds)
0.89/0.94	['sub', 'sub']: UNSAT (0.020 seconds)
0.89/0.96	['concat', 'concat', 'concat']: UNSAT (0.084 seconds)
1.01/1.05	['concat', 'concat', 'index']: UNSAT (0.032 seconds)
1.01/1.08	['concat', 'concat', 'length']: UNSAT (0.026 seconds)
1.01/1.10	['concat', 'concat', 'substr']: UNSAT (2.284 seconds)
3.29/3.39	['concat', 'concat', 'add']: UNSAT (0.027 seconds)
3.39/3.42	['concat', 'concat', 'sub']: UNSAT (0.027 seconds)
3.39/3.45	['concat', 'index', 'index']: UNSAT (0.033 seconds)
3.39/3.48	['concat', 'index', 'length']: UNSAT (0.028 seconds)
3.49/3.51	['concat', 'index', 'substr']: UNSAT (3.819 seconds)
7.28/7.33	['concat', 'index', 'add']: UNSAT (0.028 seconds)
7.28/7.36	['concat', 'index', 'sub']: UNSAT (0.027 seconds)
7.28/7.38	['concat', 'length', 'length']: UNSAT (0.021 seconds)
7.38/7.40	['concat', 'length', 'substr']: UNSAT (0.577 seconds)
7.88/7.98	['concat', 'length', 'add']: UNSAT (0.022 seconds)
7.88/8.01	['concat', 'length', 'sub']: UNSAT (0.022 seconds)
7.88/8.03	['concat', 'substr', 'substr']: UNSAT (0.073 seconds)
8.01/8.10	['concat', 'substr', 'add']: UNSAT (0.149 seconds)
8.18/8.25	['concat', 'substr', 'sub']: SAT (0.094 seconds)
8.28/8.35	concat(substr(arg0, sub(18, 18), 18), 'in...')
