0.13/0.20	=== Examples (../../dataset/examples/examples-69.json)
0.13/0.20	IO(inputs=('break \\',), output='break')
0.13/0.20	=== Library
0.13/0.20	concat
0.13/0.20	index
0.13/0.20	length
0.13/0.20	substr
0.13/0.20	add
0.13/0.20	sub
0.13/0.20	=== Synthesis
0.13/0.20	['concat']: UNSAT (0.022 seconds)
0.13/0.22	['index']: UNSAT (0.020 seconds)
0.13/0.24	['length']: UNSAT (0.017 seconds)
0.13/0.26	['substr']: UNSAT (0.022 seconds)
0.27/0.28	['add']: UNSAT (0.019 seconds)
0.27/0.30	['sub']: UNSAT (0.019 seconds)
0.27/0.32	['concat', 'concat']: UNSAT (0.032 seconds)
0.27/0.35	['concat', 'index']: UNSAT (0.029 seconds)
0.27/0.38	['concat', 'length']: UNSAT (0.027 seconds)
0.37/0.41	['concat', 'substr']: SAT (0.055 seconds)
0.37/0.47	substr(concat('"B@\\x00(', arg0), 5, 5)
