0.11/0.20	=== Examples (../../dataset/examples/examples-18.json)
0.11/0.20	IO(inputs=('Lorem ipsum dolor sit amet cras amet.',), output='Lorem ipsum dolor sit amet cra...')
0.11/0.20	=== Library
0.11/0.20	concat
0.11/0.20	index
0.11/0.20	length
0.11/0.20	substr
0.11/0.20	add
0.11/0.20	sub
0.11/0.20	=== Synthesis
0.11/0.20	['concat']: UNSAT (0.023 seconds)
0.11/0.23	['index']: UNSAT (0.021 seconds)
0.11/0.25	['length']: UNSAT (0.018 seconds)
0.11/0.27	['substr']: UNSAT (0.023 seconds)
0.26/0.29	['add']: UNSAT (0.019 seconds)
0.26/0.31	['sub']: UNSAT (0.019 seconds)
0.26/0.33	['concat', 'concat']: UNSAT (0.035 seconds)
0.26/0.37	['concat', 'index']: UNSAT (0.031 seconds)
0.35/0.40	['concat', 'length']: UNSAT (0.025 seconds)
0.35/0.42	['concat', 'substr']: UNSAT (0.070 seconds)
0.44/0.49	['concat', 'add']: UNSAT (0.026 seconds)
0.44/0.52	['concat', 'sub']: UNSAT (0.026 seconds)
0.44/0.55	['index', 'index']: UNSAT (0.032 seconds)
0.54/0.58	['index', 'length']: UNSAT (0.026 seconds)
0.54/0.61	['index', 'substr']: UNSAT (0.069 seconds)
0.62/0.68	['index', 'add']: UNSAT (0.022 seconds)
0.69/0.70	['index', 'sub']: UNSAT (0.023 seconds)
0.69/0.72	['length', 'length']: UNSAT (0.016 seconds)
0.69/0.74	['length', 'substr']: UNSAT (0.035 seconds)
0.69/0.78	['length', 'add']: UNSAT (0.017 seconds)
0.69/0.79	['length', 'sub']: UNSAT (0.018 seconds)
0.79/0.81	['substr', 'substr']: UNSAT (0.028 seconds)
0.79/0.84	['substr', 'add']: UNSAT (0.024 seconds)
0.79/0.87	['substr', 'sub']: UNSAT (0.027 seconds)
0.79/0.89	['add', 'add']: UNSAT (0.021 seconds)
0.89/0.92	['add', 'sub']: UNSAT (0.021 seconds)
0.89/0.94	['sub', 'sub']: UNSAT (0.021 seconds)
0.89/0.96	['concat', 'concat', 'concat']: UNSAT (0.092 seconds)
0.89/1.05	['concat', 'concat', 'index']: UNSAT (0.034 seconds)
1.04/1.09	['concat', 'concat', 'length']: UNSAT (0.027 seconds)
1.04/1.11	['concat', 'concat', 'substr']: UNSAT (3.014 seconds)
4.03/4.13	['concat', 'concat', 'add']: UNSAT (0.027 seconds)
4.03/4.16	['concat', 'concat', 'sub']: UNSAT (0.029 seconds)
4.16/4.18	['concat', 'index', 'index']: UNSAT (0.034 seconds)
4.19/4.22	['concat', 'index', 'length']: UNSAT (0.029 seconds)
4.19/4.25	['concat', 'index', 'substr']: UNSAT (3.377 seconds)
7.59/7.63	['concat', 'index', 'add']: UNSAT (0.030 seconds)
7.59/7.66	['concat', 'index', 'sub']: UNSAT (0.029 seconds)
7.59/7.69	['concat', 'length', 'length']: UNSAT (0.023 seconds)
7.69/7.71	['concat', 'length', 'substr']: UNSAT (0.516 seconds)
8.19/8.23	['concat', 'length', 'add']: UNSAT (0.023 seconds)
8.19/8.25	['concat', 'length', 'sub']: UNSAT (0.022 seconds)
8.19/8.27	['concat', 'substr', 'substr']: UNSAT (0.077 seconds)
8.31/8.35	['concat', 'substr', 'add']: UNSAT (0.097 seconds)
8.39/8.45	['concat', 'substr', 'sub']: SAT (0.072 seconds)
8.49/8.52	concat(substr(arg0, sub(28, 28), 28), 'ra...')
