0.11/0.20	=== Examples (../../dataset/examples/examples-74.json)
0.11/0.20	IO(inputs=('George Michael',), output='GM')
0.11/0.20	=== Library
0.11/0.20	concat
0.11/0.20	index
0.11/0.20	length
0.11/0.20	substr
0.11/0.20	add
0.11/0.20	sub
0.11/0.20	=== Synthesis
0.11/0.20	['concat']: UNSAT (0.023 seconds)
0.11/0.23	['index']: UNSAT (0.022 seconds)
0.11/0.25	['length']: UNSAT (0.018 seconds)
0.11/0.27	['substr']: UNSAT (0.027 seconds)
0.27/0.30	['add']: UNSAT (0.020 seconds)
0.27/0.32	['sub']: UNSAT (0.020 seconds)
0.27/0.34	['concat', 'concat']: UNSAT (0.033 seconds)
0.27/0.37	['concat', 'index']: UNSAT (0.031 seconds)
0.36/0.40	['concat', 'length']: UNSAT (0.025 seconds)
0.36/0.43	['concat', 'substr']: SAT (0.051 seconds)
0.45/0.48	substr(concat(arg0, '\\x00GM'), 15, 15)
