0.11/0.20	=== Examples (../../dataset/examples/examples-04.json)
0.11/0.20	IO(inputs=('that/folder/',), output='thatfolder')
0.11/0.20	=== Library
0.11/0.20	concat
0.11/0.20	index
0.11/0.20	length
0.11/0.20	substr
0.11/0.20	add
0.11/0.20	sub
0.11/0.20	=== Synthesis
0.11/0.20	['concat']: UNSAT (0.023 seconds)
0.11/0.22	['index']: UNSAT (0.022 seconds)
0.11/0.24	['length']: UNSAT (0.018 seconds)
0.11/0.26	['substr']: UNSAT (0.023 seconds)
0.25/0.29	['add']: UNSAT (0.020 seconds)
0.25/0.31	['sub']: UNSAT (0.020 seconds)
0.25/0.33	['concat', 'concat']: UNSAT (0.034 seconds)
0.25/0.36	['concat', 'index']: UNSAT (0.031 seconds)
0.36/0.40	['concat', 'length']: UNSAT (0.026 seconds)
0.36/0.42	['concat', 'substr']: UNSAT (0.083 seconds)
0.46/0.51	['concat', 'add']: UNSAT (0.027 seconds)
0.46/0.53	['concat', 'sub']: UNSAT (0.027 seconds)
0.46/0.56	['index', 'index']: UNSAT (0.030 seconds)
0.55/0.59	['index', 'length']: UNSAT (0.020 seconds)
0.55/0.61	['index', 'substr']: UNSAT (0.054 seconds)
0.63/0.67	['index', 'add']: UNSAT (0.023 seconds)
0.63/0.69	['index', 'sub']: UNSAT (0.023 seconds)
0.69/0.72	['length', 'length']: UNSAT (0.018 seconds)
0.69/0.73	['length', 'substr']: UNSAT (0.027 seconds)
0.69/0.76	['length', 'add']: UNSAT (0.019 seconds)
0.69/0.78	['length', 'sub']: UNSAT (0.020 seconds)
0.79/0.80	['substr', 'substr']: UNSAT (0.029 seconds)
0.79/0.83	['substr', 'add']: UNSAT (0.024 seconds)
0.79/0.86	['substr', 'sub']: UNSAT (0.027 seconds)
0.79/0.88	['add', 'add']: UNSAT (0.022 seconds)
0.89/0.91	['add', 'sub']: UNSAT (0.022 seconds)
0.89/0.93	['sub', 'sub']: UNSAT (0.022 seconds)
0.89/0.95	['concat', 'concat', 'concat']: UNSAT (0.064 seconds)
0.89/1.02	['concat', 'concat', 'index']: UNSAT (0.033 seconds)
1.01/1.05	['concat', 'concat', 'length']: UNSAT (0.028 seconds)
1.01/1.08	['concat', 'concat', 'substr']: UNSAT (0.922 seconds)
1.89/2.00	['concat', 'concat', 'add']: UNSAT (0.028 seconds)
1.89/2.03	['concat', 'concat', 'sub']: UNSAT (0.027 seconds)
2.02/2.06	['concat', 'index', 'index']: UNSAT (0.035 seconds)
2.02/2.09	['concat', 'index', 'length']: UNSAT (0.029 seconds)
2.02/2.12	['concat', 'index', 'substr']: UNSAT (0.477 seconds)
2.58/2.60	['concat', 'index', 'add']: UNSAT (0.030 seconds)
2.58/2.63	['concat', 'index', 'sub']: UNSAT (0.030 seconds)
2.58/2.66	['concat', 'length', 'length']: UNSAT (0.024 seconds)
2.58/2.69	['concat', 'length', 'substr']: SAT (0.167 seconds)
2.78/2.86	concat('thatf', substr(arg0, 6, length('thatf')))
