0.11/0.19	=== Examples (../../dataset/examples/examples-90.json)
0.11/0.19	IO(inputs=('george',), output='George')
0.11/0.19	=== Library
0.11/0.19	concat
0.11/0.19	index
0.11/0.19	length
0.11/0.19	substr
0.11/0.19	add
0.11/0.19	sub
0.11/0.19	=== Synthesis
0.11/0.19	['concat']: UNSAT (0.022 seconds)
0.11/0.22	['index']: UNSAT (0.020 seconds)
0.11/0.24	['length']: UNSAT (0.017 seconds)
0.11/0.25	['substr']: UNSAT (0.021 seconds)
0.11/0.28	['add']: UNSAT (0.018 seconds)
0.25/0.30	['sub']: UNSAT (0.019 seconds)
0.25/0.32	['concat', 'concat']: UNSAT (0.032 seconds)
0.25/0.35	['concat', 'index']: UNSAT (0.029 seconds)
0.35/0.38	['concat', 'length']: UNSAT (0.024 seconds)
0.35/0.40	['concat', 'substr']: SAT (0.065 seconds)
0.35/0.47	concat('Geo', substr(arg0, 3, 3))
