0.12/0.19	=== Examples (../../dataset/examples/examples-92.json)
0.12/0.19	IO(inputs=('GEORGE',), output='George')
0.12/0.19	=== Library
0.12/0.19	concat
0.12/0.19	index
0.12/0.19	length
0.12/0.19	substr
0.12/0.19	add
0.12/0.19	sub
0.12/0.19	=== Synthesis
0.12/0.19	['concat']: UNSAT (0.022 seconds)
0.12/0.21	['index']: UNSAT (0.020 seconds)
0.12/0.23	['length']: UNSAT (0.017 seconds)
0.12/0.25	['substr']: UNSAT (0.021 seconds)
0.25/0.27	['add']: UNSAT (0.020 seconds)
0.25/0.29	['sub']: UNSAT (0.020 seconds)
0.25/0.31	['concat', 'concat']: UNSAT (0.031 seconds)
0.25/0.34	['concat', 'index']: UNSAT (0.029 seconds)
0.33/0.37	['concat', 'length']: UNSAT (0.025 seconds)
0.33/0.40	['concat', 'substr']: UNSAT (0.071 seconds)
0.44/0.47	['concat', 'add']: UNSAT (0.026 seconds)
0.44/0.50	['concat', 'sub']: UNSAT (0.025 seconds)
0.44/0.52	['index', 'index']: UNSAT (0.027 seconds)
0.44/0.55	['index', 'length']: UNSAT (0.020 seconds)
0.44/0.57	['index', 'substr']: UNSAT (0.027 seconds)
0.55/0.60	['index', 'add']: UNSAT (0.020 seconds)
0.55/0.62	['index', 'sub']: UNSAT (0.020 seconds)
0.63/0.64	['length', 'length']: UNSAT (0.015 seconds)
0.63/0.65	['length', 'substr']: UNSAT (0.020 seconds)
0.63/0.68	['length', 'add']: UNSAT (0.018 seconds)
0.63/0.69	['length', 'sub']: UNSAT (0.016 seconds)
0.68/0.71	['substr', 'substr']: UNSAT (0.023 seconds)
0.68/0.73	['substr', 'add']: UNSAT (0.022 seconds)
0.68/0.76	['substr', 'sub']: UNSAT (0.021 seconds)
0.68/0.78	['add', 'add']: UNSAT (0.019 seconds)
0.68/0.80	['add', 'sub']: UNSAT (0.019 seconds)
0.78/0.82	['sub', 'sub']: UNSAT (0.019 seconds)
0.78/0.83	['concat', 'concat', 'concat']: UNSAT (0.058 seconds)
0.78/0.89	['concat', 'concat', 'index']: UNSAT (0.031 seconds)
0.88/0.92	['concat', 'concat', 'length']: UNSAT (0.024 seconds)
0.88/0.95	['concat', 'concat', 'substr']: SAT (0.317 seconds)
1.18/1.27	concat('Georg', substr(concat('Georg', arg0), 1, 1))
