0.12/0.20	=== Examples (../../dataset/examples/examples-73.json)
0.12/0.20	IO(inputs=('Sed metus urna turpis duis.',), output='...rpis duis.')
0.12/0.20	=== Library
0.12/0.20	concat
0.12/0.20	index
0.12/0.20	length
0.12/0.20	substr
0.12/0.20	add
0.12/0.20	sub
0.12/0.20	=== Synthesis
0.12/0.20	['concat']: UNSAT (0.022 seconds)
0.12/0.22	['index']: UNSAT (0.020 seconds)
0.12/0.24	['length']: UNSAT (0.017 seconds)
0.12/0.26	['substr']: UNSAT (0.027 seconds)
0.26/0.29	['add']: UNSAT (0.019 seconds)
0.26/0.31	['sub']: UNSAT (0.019 seconds)
0.26/0.33	['concat', 'concat']: UNSAT (0.032 seconds)
0.26/0.36	['concat', 'index']: UNSAT (0.029 seconds)
0.36/0.39	['concat', 'length']: UNSAT (0.024 seconds)
0.36/0.42	['concat', 'substr']: SAT (0.230 seconds)
0.57/0.65	concat('...r', substr(arg0, 18, 18))
