0.12/0.20	=== Examples (../../dataset/examples/examples-60.json)
0.12/0.20	IO(inputs=('who cares about the last ones...',), output='who cares about the last ones')
0.12/0.20	=== Library
0.12/0.20	concat
0.12/0.20	index
0.12/0.20	length
0.12/0.20	substr
0.12/0.20	add
0.12/0.20	sub
0.12/0.20	=== Synthesis
0.12/0.20	['concat']: UNSAT (0.023 seconds)
0.12/0.22	['index']: UNSAT (0.021 seconds)
0.12/0.24	['length']: UNSAT (0.017 seconds)
0.12/0.26	['substr']: UNSAT (0.023 seconds)
0.27/0.29	['add']: UNSAT (0.019 seconds)
0.27/0.31	['sub']: UNSAT (0.019 seconds)
0.27/0.33	['concat', 'concat']: UNSAT (0.034 seconds)
0.27/0.36	['concat', 'index']: UNSAT (0.031 seconds)
0.36/0.39	['concat', 'length']: UNSAT (0.025 seconds)
0.36/0.42	['concat', 'substr']: UNSAT (0.163 seconds)
0.46/0.58	['concat', 'add']: UNSAT (0.020 seconds)
0.46/0.60	['concat', 'sub']: UNSAT (0.020 seconds)
0.61/0.62	['index', 'index']: UNSAT (0.024 seconds)
0.61/0.65	['index', 'length']: UNSAT (0.019 seconds)
0.61/0.67	['index', 'substr']: SAT (0.188 seconds)
0.79/0.86	substr(arg0, 0, index(arg0, '...', 0))
