0.11/0.20	=== Examples (../../dataset/examples/examples-13.json)
0.11/0.20	IO(inputs=('Curabitur commodo volutpat.',), output='commodo volutpa')
0.11/0.20	=== Library
0.11/0.20	concat
0.11/0.20	index
0.11/0.20	length
0.11/0.20	substr
0.11/0.20	add
0.11/0.20	sub
0.11/0.20	=== Synthesis
0.11/0.20	['concat']: UNSAT (0.022 seconds)
0.11/0.22	['index']: UNSAT (0.020 seconds)
0.11/0.24	['length']: UNSAT (0.017 seconds)
0.11/0.26	['substr']: UNSAT (0.022 seconds)
0.11/0.28	['add']: UNSAT (0.018 seconds)
0.26/0.30	['sub']: UNSAT (0.018 seconds)
0.26/0.32	['concat', 'concat']: UNSAT (0.033 seconds)
0.26/0.35	['concat', 'index']: UNSAT (0.030 seconds)
0.36/0.38	['concat', 'length']: UNSAT (0.024 seconds)
0.36/0.41	['concat', 'substr']: SAT (0.080 seconds)
0.46/0.49	substr(concat('\\x00\\x00\\x00\\x00\\x00', arg0), 15, 15)
