0.12/0.19	=== Examples (../../dataset/examples/examples-89.json)
0.12/0.19	IO(inputs=('|George|Maebe|Michael|',), output='Enviado para George, Maebe, Michael')
0.12/0.19	=== Library
0.12/0.19	concat
0.12/0.19	index
0.12/0.19	length
0.12/0.19	substr
0.12/0.19	add
0.12/0.19	sub
0.12/0.19	=== Synthesis
0.12/0.19	['concat']: UNSAT (0.023 seconds)
0.12/0.22	['index']: UNSAT (0.021 seconds)
0.12/0.24	['length']: UNSAT (0.018 seconds)
0.12/0.26	['substr']: UNSAT (0.023 seconds)
0.27/0.28	['add']: UNSAT (0.019 seconds)
0.27/0.30	['sub']: UNSAT (0.019 seconds)
0.27/0.32	['concat', 'concat']: UNSAT (0.046 seconds)
0.27/0.37	['concat', 'index']: UNSAT (0.030 seconds)
0.37/0.40	['concat', 'length']: UNSAT (0.024 seconds)
0.37/0.42	['concat', 'substr']: UNSAT (0.035 seconds)
0.37/0.46	['concat', 'add']: UNSAT (0.026 seconds)
0.46/0.49	['concat', 'sub']: UNSAT (0.026 seconds)
0.46/0.51	['index', 'index']: UNSAT (0.032 seconds)
0.46/0.54	['index', 'length']: UNSAT (0.025 seconds)
0.56/0.57	['index', 'substr']: UNSAT (0.034 seconds)
0.56/0.61	['index', 'add']: UNSAT (0.022 seconds)
0.56/0.63	['index', 'sub']: UNSAT (0.022 seconds)
0.63/0.65	['length', 'length']: UNSAT (0.016 seconds)
0.63/0.67	['length', 'substr']: UNSAT (0.021 seconds)
0.63/0.69	['length', 'add']: UNSAT (0.017 seconds)
0.69/0.71	['length', 'sub']: UNSAT (0.017 seconds)
0.69/0.72	['substr', 'substr']: UNSAT (0.027 seconds)
0.69/0.75	['substr', 'add']: UNSAT (0.023 seconds)
0.69/0.77	['substr', 'sub']: UNSAT (0.023 seconds)
0.79/0.80	['add', 'add']: UNSAT (0.021 seconds)
0.79/0.82	['add', 'sub']: UNSAT (0.020 seconds)
0.79/0.84	['sub', 'sub']: UNSAT (0.020 seconds)
0.79/0.86	['concat', 'concat', 'concat']: UNSAT (0.456 seconds)
1.29/1.32	['concat', 'concat', 'index']: UNSAT (0.031 seconds)
1.29/1.35	['concat', 'concat', 'length']: UNSAT (0.027 seconds)
1.29/1.38	['concat', 'concat', 'substr']: UNSAT (0.492 seconds)
1.79/1.87	['concat', 'concat', 'add']: UNSAT (0.027 seconds)
1.89/1.90	['concat', 'concat', 'sub']: UNSAT (0.029 seconds)
1.89/1.93	['concat', 'index', 'index']: UNSAT (0.035 seconds)
1.89/1.96	['concat', 'index', 'length']: UNSAT (0.029 seconds)
1.89/1.99	['concat', 'index', 'substr']: UNSAT (0.112 seconds)
2.02/2.11	['concat', 'index', 'add']: UNSAT (0.030 seconds)
2.12/2.14	['concat', 'index', 'sub']: UNSAT (0.031 seconds)
2.12/2.17	['concat', 'length', 'length']: UNSAT (0.023 seconds)
2.12/2.19	['concat', 'length', 'substr']: UNSAT (0.066 seconds)
2.19/2.26	['concat', 'length', 'add']: UNSAT (0.024 seconds)
2.19/2.28	['concat', 'length', 'sub']: UNSAT (0.024 seconds)
2.29/2.31	['concat', 'substr', 'substr']: UNSAT (0.068 seconds)
2.29/2.38	['concat', 'substr', 'add']: UNSAT (0.045 seconds)
2.39/2.42	['concat', 'substr', 'sub']: UNSAT (0.056 seconds)
2.39/2.48	['concat', 'add', 'add']: UNSAT (0.027 seconds)
2.49/2.51	['concat', 'add', 'sub']: UNSAT (0.027 seconds)
2.49/2.54	['concat', 'sub', 'sub']: UNSAT (0.026 seconds)
2.49/2.56	['index', 'index', 'index']: UNSAT (0.035 seconds)
2.59/2.60	['index', 'index', 'length']: UNSAT (0.029 seconds)
2.59/2.63	['index', 'index', 'substr']: UNSAT (0.064 seconds)
2.59/2.69	['index', 'index', 'add']: UNSAT (0.032 seconds)
2.69/2.73	['index', 'index', 'sub']: UNSAT (0.032 seconds)
2.69/2.76	['index', 'length', 'length']: UNSAT (0.024 seconds)
2.69/2.78	['index', 'length', 'substr']: UNSAT (0.033 seconds)
2.79/2.82	['index', 'length', 'add']: UNSAT (0.027 seconds)
2.79/2.84	['index', 'length', 'sub']: UNSAT (0.026 seconds)
2.79/2.87	['index', 'substr', 'substr']: UNSAT (0.076 seconds)
2.89/2.95	['index', 'substr', 'add']: UNSAT (0.041 seconds)
2.89/2.99	['index', 'substr', 'sub']: UNSAT (0.048 seconds)
3.03/3.04	['index', 'add', 'add']: UNSAT (0.032 seconds)
3.03/3.07	['index', 'add', 'sub']: UNSAT (0.032 seconds)
3.03/3.10	['index', 'sub', 'sub']: UNSAT (0.032 seconds)
3.13/3.14	['length', 'length', 'length']: UNSAT (0.019 seconds)
3.13/3.16	['length', 'length', 'substr']: UNSAT (0.026 seconds)
3.13/3.18	['length', 'length', 'add']: UNSAT (0.022 seconds)
3.19/3.20	['length', 'length', 'sub']: UNSAT (0.021 seconds)
3.19/3.23	['length', 'substr', 'substr']: UNSAT (0.039 seconds)
3.19/3.27	['length', 'substr', 'add']: UNSAT (0.033 seconds)
3.29/3.30	['length', 'substr', 'sub']: UNSAT (0.032 seconds)
3.29/3.33	['length', 'add', 'add']: UNSAT (0.025 seconds)
3.29/3.36	['length', 'add', 'sub']: UNSAT (0.027 seconds)
3.29/3.39	['length', 'sub', 'sub']: UNSAT (0.026 seconds)
3.39/3.41	['substr', 'substr', 'substr']: UNSAT (0.047 seconds)
3.39/3.46	['substr', 'substr', 'add']: UNSAT (0.038 seconds)
3.49/3.50	['substr', 'substr', 'sub']: UNSAT (0.037 seconds)
3.49/3.54	['substr', 'add', 'add']: UNSAT (0.032 seconds)
3.49/3.57	['substr', 'add', 'sub']: UNSAT (0.031 seconds)
3.59/3.60	['substr', 'sub', 'sub']: UNSAT (0.033 seconds)
3.59/3.64	['add', 'add', 'add']: UNSAT (0.030 seconds)
3.59/3.67	['add', 'add', 'sub']: UNSAT (0.029 seconds)
3.69/3.70	['add', 'sub', 'sub']: UNSAT (0.029 seconds)
3.69/3.73	['sub', 'sub', 'sub']: UNSAT (0.029 seconds)
3.69/3.76	['concat', 'concat', 'concat', 'concat']: UNSAT (106.913 seconds)
110.58/110.67	['concat', 'concat', 'concat', 'index']: UNSAT (0.049 seconds)
110.68/110.72	['concat', 'concat', 'concat', 'length']: UNSAT (0.037 seconds)
110.68/110.76	['concat', 'concat', 'concat', 'substr']: UNSAT (48.507 seconds)
159.18/159.27	['concat', 'concat', 'concat', 'add']: UNSAT (0.036 seconds)
159.28/159.30	['concat', 'concat', 'concat', 'sub']: UNSAT (0.037 seconds)
159.28/159.34	['concat', 'concat', 'index', 'index']: UNSAT (0.046 seconds)
159.28/159.39	['concat', 'concat', 'index', 'length']: UNSAT (0.040 seconds)
159.38/159.43	['concat', 'concat', 'index', 'substr']: UNSAT (28.261 seconds)
187.58/187.69	['concat', 'concat', 'index', 'add']: UNSAT (0.039 seconds)
187.68/187.73	['concat', 'concat', 'index', 'sub']: UNSAT (0.042 seconds)
187.68/187.77	['concat', 'concat', 'length', 'length']: UNSAT (0.032 seconds)
187.78/187.81	['concat', 'concat', 'length', 'substr']: UNSAT (3.928 seconds)
191.68/191.74	['concat', 'concat', 'length', 'add']: UNSAT (0.034 seconds)
191.68/191.77	['concat', 'concat', 'length', 'sub']: UNSAT (0.031 seconds)
191.78/191.80	['concat', 'concat', 'substr', 'substr']: UNSAT (0.824 seconds)
192.58/192.63	['concat', 'concat', 'substr', 'add']: UNSAT (1.673 seconds)
194.28/194.30	['concat', 'concat', 'substr', 'sub']: UNSAT (0.908 seconds)
195.18/195.21	['concat', 'concat', 'add', 'add']: UNSAT (0.034 seconds)
195.18/195.24	['concat', 'concat', 'add', 'sub']: UNSAT (0.034 seconds)
195.18/195.28	['concat', 'concat', 'sub', 'sub']: UNSAT (0.033 seconds)
195.28/195.31	['concat', 'index', 'index', 'index']: UNSAT (0.047 seconds)
195.28/195.36	['concat', 'index', 'index', 'length']: UNSAT (0.042 seconds)
195.38/195.40	['concat', 'index', 'index', 'substr']: UNSAT (0.296 seconds)
195.68/195.70	['concat', 'index', 'index', 'add']: UNSAT (0.042 seconds)
195.68/195.74	['concat', 'index', 'index', 'sub']: UNSAT (0.040 seconds)
195.68/195.78	['concat', 'index', 'length', 'length']: UNSAT (0.032 seconds)
195.78/195.81	['concat', 'index', 'length', 'substr']: UNSAT (0.190 seconds)
195.88/196.01	['concat', 'index', 'length', 'add']: UNSAT (0.037 seconds)
196.02/196.04	['concat', 'index', 'length', 'sub']: UNSAT (0.035 seconds)
196.02/196.08	['concat', 'index', 'substr', 'substr']: UNSAT (0.789 seconds)
196.79/196.87	['concat', 'index', 'substr', 'add']: UNSAT (0.206 seconds)
197.02/197.08	['concat', 'index', 'substr', 'sub']: UNSAT (0.187 seconds)
197.19/197.26	['concat', 'index', 'add', 'add']: UNSAT (0.037 seconds)
197.29/197.30	['concat', 'index', 'add', 'sub']: UNSAT (0.041 seconds)
197.29/197.34	['concat', 'index', 'sub', 'sub']: UNSAT (0.041 seconds)
197.29/197.38	['concat', 'length', 'length', 'length']: UNSAT (0.031 seconds)
197.39/197.42	['concat', 'length', 'length', 'substr']: UNSAT (0.066 seconds)
197.39/197.48	['concat', 'length', 'length', 'add']: UNSAT (0.027 seconds)
197.49/197.51	['concat', 'length', 'length', 'sub']: UNSAT (0.028 seconds)
197.49/197.54	['concat', 'length', 'substr', 'substr']: UNSAT (0.466 seconds)
197.89/198.01	['concat', 'length', 'substr', 'add']: UNSAT (0.176 seconds)
198.12/198.18	['concat', 'length', 'substr', 'sub']: UNSAT (0.173 seconds)
198.29/198.36	['concat', 'length', 'add', 'add']: UNSAT (0.037 seconds)
198.29/198.40	['concat', 'length', 'add', 'sub']: UNSAT (0.035 seconds)
198.39/198.43	['concat', 'length', 'sub', 'sub']: UNSAT (0.030 seconds)
198.39/198.46	['concat', 'substr', 'substr', 'substr']: UNSAT (0.254 seconds)
198.69/198.72	['concat', 'substr', 'substr', 'add']: UNSAT (0.152 seconds)
198.79/198.87	['concat', 'substr', 'substr', 'sub']: UNSAT (0.270 seconds)
199.11/199.14	['concat', 'substr', 'add', 'add']: UNSAT (0.126 seconds)
199.19/199.27	['concat', 'substr', 'add', 'sub']: UNSAT (0.147 seconds)
199.39/199.42	['concat', 'substr', 'sub', 'sub']: UNSAT (0.135 seconds)
199.49/199.55	['concat', 'add', 'add', 'add']: UNSAT (0.037 seconds)
199.49/199.59	['concat', 'add', 'add', 'sub']: UNSAT (0.036 seconds)
199.59/199.63	['concat', 'add', 'sub', 'sub']: UNSAT (0.036 seconds)
199.59/199.66	['concat', 'sub', 'sub', 'sub']: UNSAT (0.039 seconds)
199.69/199.70	['index', 'index', 'index', 'index']: UNSAT (0.048 seconds)
199.69/199.75	['index', 'index', 'index', 'length']: UNSAT (0.043 seconds)
199.69/199.80	['index', 'index', 'index', 'substr']: UNSAT (0.118 seconds)
199.89/199.91	['index', 'index', 'index', 'add']: UNSAT (0.046 seconds)
199.89/199.96	['index', 'index', 'index', 'sub']: UNSAT (0.047 seconds)
199.89/200.01	['index', 'index', 'length', 'length']: UNSAT (0.036 seconds)
200.01/200.05	['index', 'index', 'length', 'substr']: UNSAT (0.048 seconds)
200.01/200.09	['index', 'index', 'length', 'add']: UNSAT (0.041 seconds)
200.11/200.14	['index', 'index', 'length', 'sub']: UNSAT (0.038 seconds)
200.11/200.17	['index', 'index', 'substr', 'substr']: UNSAT (0.173 seconds)
200.29/200.35	['index', 'index', 'substr', 'add']: UNSAT (0.091 seconds)
200.39/200.44	['index', 'index', 'substr', 'sub']: UNSAT (0.065 seconds)
200.49/200.51	['index', 'index', 'add', 'add']: UNSAT (0.042 seconds)
200.49/200.55	['index', 'index', 'add', 'sub']: UNSAT (0.047 seconds)
200.59/200.60	['index', 'index', 'sub', 'sub']: UNSAT (0.043 seconds)
200.59/200.64	['index', 'length', 'length', 'length']: UNSAT (0.031 seconds)
200.59/200.67	['index', 'length', 'length', 'substr']: UNSAT (0.040 seconds)
200.69/200.71	['index', 'length', 'length', 'add']: UNSAT (0.031 seconds)
200.69/200.75	['index', 'length', 'length', 'sub']: UNSAT (0.030 seconds)
200.69/200.78	['index', 'length', 'substr', 'substr']: UNSAT (0.065 seconds)
200.79/200.84	['index', 'length', 'substr', 'add']: UNSAT (0.054 seconds)
200.89/200.90	['index', 'length', 'substr', 'sub']: UNSAT (0.047 seconds)
200.89/200.94	['index', 'length', 'add', 'add']: UNSAT (0.040 seconds)
200.89/200.99	['index', 'length', 'add', 'sub']: UNSAT (0.036 seconds)
200.89/201.02	['index', 'length', 'sub', 'sub']: UNSAT (0.038 seconds)
201.02/201.06	['index', 'substr', 'substr', 'substr']: UNSAT (0.184 seconds)
201.19/201.25	['index', 'substr', 'substr', 'add']: UNSAT (0.147 seconds)
201.29/201.40	['index', 'substr', 'substr', 'sub']: UNSAT (0.100 seconds)
201.49/201.50	['index', 'substr', 'add', 'add']: UNSAT (0.058 seconds)
201.49/201.55	['index', 'substr', 'add', 'sub']: UNSAT (0.057 seconds)
201.59/201.61	['index', 'substr', 'sub', 'sub']: UNSAT (0.056 seconds)
201.59/201.67	['index', 'add', 'add', 'add']: UNSAT (0.044 seconds)
201.69/201.71	['index', 'add', 'add', 'sub']: UNSAT (0.045 seconds)
201.69/201.76	['index', 'add', 'sub', 'sub']: UNSAT (0.044 seconds)
201.79/201.80	['index', 'sub', 'sub', 'sub']: UNSAT (0.048 seconds)
201.79/201.85	['length', 'length', 'length', 'length']: UNSAT (0.023 seconds)
201.79/201.88	['length', 'length', 'length', 'substr']: UNSAT (0.029 seconds)
201.89/201.91	['length', 'length', 'length', 'add']: UNSAT (0.027 seconds)
201.89/201.93	['length', 'length', 'length', 'sub']: UNSAT (0.026 seconds)
201.89/201.96	['length', 'length', 'substr', 'substr']: UNSAT (0.072 seconds)
202.02/202.03	['length', 'length', 'substr', 'add']: UNSAT (0.038 seconds)
202.02/202.07	['length', 'length', 'substr', 'sub']: UNSAT (0.043 seconds)
202.02/202.12	['length', 'length', 'add', 'add']: UNSAT (0.029 seconds)
202.12/202.15	['length', 'length', 'add', 'sub']: UNSAT (0.031 seconds)
202.12/202.18	['length', 'length', 'sub', 'sub']: UNSAT (0.031 seconds)
202.19/202.21	['length', 'substr', 'substr', 'substr']: UNSAT (0.103 seconds)
202.29/202.31	['length', 'substr', 'substr', 'add']: UNSAT (0.069 seconds)
202.29/202.38	['length', 'substr', 'substr', 'sub']: UNSAT (0.067 seconds)
202.39/202.45	['length', 'substr', 'add', 'add']: UNSAT (0.049 seconds)
202.49/202.50	['length', 'substr', 'add', 'sub']: UNSAT (0.050 seconds)
202.49/202.55	['length', 'substr', 'sub', 'sub']: UNSAT (0.051 seconds)
202.58/202.60	['length', 'add', 'add', 'add']: UNSAT (0.035 seconds)
202.58/202.64	['length', 'add', 'add', 'sub']: UNSAT (0.037 seconds)
202.58/202.68	['length', 'add', 'sub', 'sub']: UNSAT (0.036 seconds)
202.68/202.71	['length', 'sub', 'sub', 'sub']: UNSAT (0.035 seconds)
202.68/202.75	['substr', 'substr', 'substr', 'substr']: UNSAT (0.096 seconds)
202.78/202.85	['substr', 'substr', 'substr', 'add']: UNSAT (0.062 seconds)
202.88/202.91	['substr', 'substr', 'substr', 'sub']: UNSAT (0.064 seconds)
202.88/202.97	['substr', 'substr', 'add', 'add']: UNSAT (0.051 seconds)
202.88/203.03	['substr', 'substr', 'add', 'sub']: UNSAT (0.046 seconds)
203.01/203.07	['substr', 'substr', 'sub', 'sub']: UNSAT (0.049 seconds)
203.01/203.12	['substr', 'add', 'add', 'add']: UNSAT (0.049 seconds)
203.11/203.17	['substr', 'add', 'add', 'sub']: UNSAT (0.045 seconds)
203.18/203.22	['substr', 'add', 'sub', 'sub']: UNSAT (0.041 seconds)
203.18/203.26	['substr', 'sub', 'sub', 'sub']: UNSAT (0.043 seconds)
203.28/203.30	['add', 'add', 'add', 'add']: UNSAT (0.036 seconds)
203.28/203.34	['add', 'add', 'add', 'sub']: UNSAT (0.040 seconds)
203.28/203.38	['add', 'add', 'sub', 'sub']: UNSAT (0.043 seconds)
203.38/203.42	['add', 'sub', 'sub', 'sub']: UNSAT (0.040 seconds)
203.38/203.46	['sub', 'sub', 'sub', 'sub']: UNSAT (0.041 seconds)
203.49/203.51	['concat', 'concat', 'concat', 'concat', 'concat']: 