0.14/0.19	=== Examples (../../dataset/examples/examples-20.json)
0.14/0.19	IO(inputs=('In+hac+habitasse+platea+dictumst.+Sed+dapibus+sit+amet+neque+gravida+sed.',), output='In hac habitasse platea dictumst. Sed dapibus')
0.14/0.19	=== Library
0.14/0.19	concat
0.14/0.19	index
0.14/0.19	length
0.14/0.19	substr
0.14/0.19	add
0.14/0.19	sub
0.14/0.19	=== Synthesis
0.14/0.19	['concat']: UNSAT (0.023 seconds)
0.14/0.22	['index']: UNSAT (0.020 seconds)
0.14/0.24	['length']: UNSAT (0.017 seconds)
0.14/0.25	['substr']: UNSAT (0.024 seconds)
0.14/0.28	['add']: UNSAT (0.020 seconds)
0.14/0.30	['sub']: UNSAT (0.019 seconds)
0.14/0.32	['concat', 'concat']: UNSAT (0.038 seconds)
0.31/0.36	['concat', 'index']: UNSAT (0.031 seconds)
0.31/0.39	['concat', 'length']: UNSAT (0.024 seconds)
0.31/0.41	['concat', 'substr']: UNSAT (0.107 seconds)
0.47/0.52	['concat', 'add']: UNSAT (0.025 seconds)
0.47/0.55	['concat', 'sub']: UNSAT (0.026 seconds)
0.47/0.57	['index', 'index']: UNSAT (0.032 seconds)
0.57/0.61	['index', 'length']: UNSAT (0.024 seconds)
0.57/0.63	['index', 'substr']: UNSAT (1.000 seconds)
1.61/1.63	['index', 'add']: UNSAT (0.021 seconds)
1.61/1.65	['index', 'sub']: UNSAT (0.021 seconds)
1.61/1.67	['length', 'length']: UNSAT (0.015 seconds)
1.61/1.69	['length', 'substr']: UNSAT (0.046 seconds)
1.71/1.74	['length', 'add']: UNSAT (0.020 seconds)
1.71/1.76	['length', 'sub']: UNSAT (0.017 seconds)
1.71/1.78	['substr', 'substr']: UNSAT (0.026 seconds)
1.71/1.80	['substr', 'add']: UNSAT (0.026 seconds)
1.81/1.83	['substr', 'sub']: UNSAT (0.027 seconds)
1.81/1.86	['add', 'add']: UNSAT (0.020 seconds)
1.81/1.88	['add', 'sub']: UNSAT (0.019 seconds)
1.81/1.90	['sub', 'sub']: UNSAT (0.019 seconds)
1.81/1.92	['concat', 'concat', 'concat']: UNSAT (0.129 seconds)
1.91/2.05	['concat', 'concat', 'index']: UNSAT (0.030 seconds)
2.05/2.08	['concat', 'concat', 'length']: UNSAT (0.025 seconds)
2.05/2.10	['concat', 'concat', 'substr']: UNSAT (7.024 seconds)
9.06/9.13	['concat', 'concat', 'add']: UNSAT (0.030 seconds)
9.06/9.16	['concat', 'concat', 'sub']: UNSAT (0.028 seconds)
9.17/9.19	['concat', 'index', 'index']: UNSAT (0.031 seconds)
9.17/9.22	['concat', 'index', 'length']: UNSAT (0.026 seconds)
9.22/9.25	['concat', 'index', 'substr']: UNSAT (31.982 seconds)
41.21/41.23	['concat', 'index', 'add']: UNSAT (0.029 seconds)
41.21/41.26	['concat', 'index', 'sub']: UNSAT (0.030 seconds)
41.21/41.29	['concat', 'length', 'length']: UNSAT (0.021 seconds)
41.21/41.31	['concat', 'length', 'substr']: UNSAT (0.975 seconds)
42.21/42.29	['concat', 'length', 'add']: UNSAT (0.022 seconds)
42.21/42.31	['concat', 'length', 'sub']: UNSAT (0.022 seconds)
42.31/42.33	['concat', 'substr', 'substr']: UNSAT (0.445 seconds)
42.71/42.78	['concat', 'substr', 'add']: UNSAT (0.951 seconds)
43.71/43.73	['concat', 'substr', 'sub']: UNSAT (0.207 seconds)
43.91/43.94	['concat', 'add', 'add']: UNSAT (0.025 seconds)
43.91/43.96	['concat', 'add', 'sub']: UNSAT (0.025 seconds)
43.91/43.99	['concat', 'sub', 'sub']: UNSAT (0.025 seconds)
43.91/44.01	['index', 'index', 'index']: UNSAT (0.033 seconds)
43.91/44.05	['index', 'index', 'length']: UNSAT (0.027 seconds)
44.05/44.07	['index', 'index', 'substr']: UNSAT (0.845 seconds)
44.81/44.92	['index', 'index', 'add']: UNSAT (0.030 seconds)
44.91/44.95	['index', 'index', 'sub']: UNSAT (0.031 seconds)
44.91/44.98	['index', 'length', 'length']: UNSAT (0.026 seconds)
44.91/45.01	['index', 'length', 'substr']: UNSAT (0.288 seconds)
45.21/45.30	['index', 'length', 'add']: UNSAT (0.026 seconds)
45.31/45.32	['index', 'length', 'sub']: UNSAT (0.025 seconds)
45.31/45.35	['index', 'substr', 'substr']: UNSAT (0.655 seconds)
45.91/46.01	['index', 'substr', 'add']: UNSAT (0.216 seconds)
46.21/46.22	['index', 'substr', 'sub']: UNSAT (0.322 seconds)
46.51/46.55	['index', 'add', 'add']: UNSAT (0.029 seconds)
46.51/46.57	['index', 'add', 'sub']: UNSAT (0.032 seconds)
46.51/46.61	['index', 'sub', 'sub']: UNSAT (0.028 seconds)
46.61/46.64	['length', 'length', 'length']: UNSAT (0.019 seconds)
46.61/46.66	['length', 'length', 'substr']: UNSAT (0.034 seconds)
46.61/46.69	['length', 'length', 'add']: UNSAT (0.021 seconds)
46.61/46.71	['length', 'length', 'sub']: UNSAT (0.021 seconds)
46.71/46.73	['length', 'substr', 'substr']: UNSAT (0.287 seconds)
46.91/47.02	['length', 'substr', 'add']: UNSAT (0.077 seconds)
47.05/47.10	['length', 'substr', 'sub']: UNSAT (0.104 seconds)
47.16/47.20	['length', 'add', 'add']: UNSAT (0.023 seconds)
47.21/47.23	['length', 'add', 'sub']: UNSAT (0.023 seconds)
47.21/47.25	['length', 'sub', 'sub']: UNSAT (0.027 seconds)
47.21/47.28	['substr', 'substr', 'substr']: UNSAT (0.054 seconds)
47.31/47.33	['substr', 'substr', 'add']: UNSAT (0.053 seconds)
47.31/47.39	['substr', 'substr', 'sub']: UNSAT (0.055 seconds)
47.41/47.44	['substr', 'add', 'add']: UNSAT (0.051 seconds)
47.41/47.49	['substr', 'add', 'sub']: UNSAT (0.044 seconds)
47.51/47.54	['substr', 'sub', 'sub']: UNSAT (0.048 seconds)
47.51/47.59	['add', 'add', 'add']: UNSAT (0.028 seconds)
47.51/47.62	['add', 'add', 'sub']: UNSAT (0.030 seconds)
47.61/47.65	['add', 'sub', 'sub']: UNSAT (0.029 seconds)
47.61/47.68	['sub', 'sub', 'sub']: UNSAT (0.029 seconds)
47.61/47.71	['concat', 'concat', 'concat', 'concat']: UNSAT (0.209 seconds)
47.81/47.92	['concat', 'concat', 'concat', 'index']: UNSAT (0.040 seconds)
47.91/47.96	['concat', 'concat', 'concat', 'length']: UNSAT (0.034 seconds)
47.91/47.99	['concat', 'concat', 'concat', 'substr']: UNSAT (235.743 seconds)
283.71/283.74	['concat', 'concat', 'concat', 'add']: UNSAT (0.037 seconds)
283.71/283.77	['concat', 'concat', 'concat', 'sub']: UNSAT (0.035 seconds)
283.71/283.81	['concat', 'concat', 'index', 'index']: UNSAT (0.048 seconds)
283.81/283.86	['concat', 'concat', 'index', 'length']: UNSAT (0.035 seconds)
283.81/283.89	['concat', 'concat', 'index', 'substr']: 