0.13/0.19	=== Examples (../../dataset/examples/examples-48.json)
0.13/0.19	IO(inputs=('John', 'Doe', '@gmail.com'), output='johndoe.@gmail.com')
0.13/0.19	=== Library
0.13/0.19	concat
0.13/0.19	index
0.13/0.19	length
0.13/0.19	substr
0.13/0.19	add
0.13/0.19	sub
0.13/0.19	=== Synthesis
0.13/0.19	['concat']: UNSAT (0.024 seconds)
0.13/0.21	['index']: UNSAT (0.022 seconds)
0.13/0.24	['length']: UNSAT (0.018 seconds)
0.13/0.25	['substr']: UNSAT (0.022 seconds)
0.13/0.28	['add']: UNSAT (0.019 seconds)
0.27/0.30	['sub']: UNSAT (0.019 seconds)
0.27/0.32	['concat', 'concat']: UNSAT (0.034 seconds)
0.27/0.35	['concat', 'index']: UNSAT (0.033 seconds)
0.37/0.38	['concat', 'length']: UNSAT (0.026 seconds)
0.37/0.41	['concat', 'substr']: UNSAT (0.033 seconds)
0.37/0.45	['concat', 'add']: UNSAT (0.028 seconds)
0.46/0.47	['concat', 'sub']: UNSAT (0.028 seconds)
0.46/0.50	['index', 'index']: UNSAT (0.035 seconds)
0.46/0.54	['index', 'length']: UNSAT (0.027 seconds)
0.46/0.57	['index', 'substr']: UNSAT (0.035 seconds)
0.56/0.60	['index', 'add']: UNSAT (0.022 seconds)
0.56/0.62	['index', 'sub']: UNSAT (0.023 seconds)
0.63/0.65	['length', 'length']: UNSAT (0.016 seconds)
0.63/0.66	['length', 'substr']: UNSAT (0.020 seconds)
0.63/0.68	['length', 'add']: UNSAT (0.017 seconds)
0.69/0.70	['length', 'sub']: UNSAT (0.017 seconds)
0.69/0.72	['substr', 'substr']: UNSAT (0.025 seconds)
0.69/0.75	['substr', 'add']: UNSAT (0.021 seconds)
0.69/0.77	['substr', 'sub']: UNSAT (0.022 seconds)
0.69/0.79	['add', 'add']: UNSAT (0.023 seconds)
0.79/0.81	['add', 'sub']: UNSAT (0.020 seconds)
0.79/0.83	['sub', 'sub']: UNSAT (0.020 seconds)
0.79/0.85	['concat', 'concat', 'concat']: UNSAT (0.088 seconds)
0.89/0.94	['concat', 'concat', 'index']: UNSAT (0.032 seconds)
0.89/0.98	['concat', 'concat', 'length']: UNSAT (0.026 seconds)
0.89/1.00	['concat', 'concat', 'substr']: UNSAT (0.052 seconds)
1.02/1.06	['concat', 'concat', 'add']: UNSAT (0.027 seconds)
1.02/1.08	['concat', 'concat', 'sub']: UNSAT (0.027 seconds)
1.02/1.11	['concat', 'index', 'index']: UNSAT (0.034 seconds)
1.13/1.14	['concat', 'index', 'length']: UNSAT (0.028 seconds)
1.13/1.17	['concat', 'index', 'substr']: UNSAT (0.059 seconds)
1.19/1.23	['concat', 'index', 'add']: UNSAT (0.029 seconds)
1.19/1.26	['concat', 'index', 'sub']: UNSAT (0.029 seconds)
1.19/1.29	['concat', 'length', 'length']: UNSAT (0.023 seconds)
1.29/1.32	['concat', 'length', 'substr']: UNSAT (0.033 seconds)
1.29/1.35	['concat', 'length', 'add']: UNSAT (0.024 seconds)
1.29/1.37	['concat', 'length', 'sub']: UNSAT (0.023 seconds)
1.39/1.40	['concat', 'substr', 'substr']: UNSAT (0.036 seconds)
1.39/1.43	['concat', 'substr', 'add']: UNSAT (0.030 seconds)
1.39/1.47	['concat', 'substr', 'sub']: UNSAT (0.031 seconds)
1.49/1.50	['concat', 'add', 'add']: UNSAT (0.027 seconds)
1.49/1.52	['concat', 'add', 'sub']: UNSAT (0.026 seconds)
1.49/1.55	['concat', 'sub', 'sub']: UNSAT (0.027 seconds)
1.49/1.58	['index', 'index', 'index']: UNSAT (0.036 seconds)
1.59/1.62	['index', 'index', 'length']: UNSAT (0.031 seconds)
1.59/1.65	['index', 'index', 'substr']: UNSAT (0.046 seconds)
1.59/1.69	['index', 'index', 'add']: UNSAT (0.033 seconds)
1.69/1.73	['index', 'index', 'sub']: UNSAT (0.032 seconds)
1.69/1.76	['index', 'length', 'length']: UNSAT (0.024 seconds)
1.69/1.79	['index', 'length', 'substr']: UNSAT (0.035 seconds)
1.79/1.82	['index', 'length', 'add']: UNSAT (0.028 seconds)
1.79/1.85	['index', 'length', 'sub']: UNSAT (0.027 seconds)
1.79/1.88	['index', 'substr', 'substr']: UNSAT (0.045 seconds)
1.89/1.92	['index', 'substr', 'add']: UNSAT (0.036 seconds)
1.89/1.96	['index', 'substr', 'sub']: UNSAT (0.036 seconds)
1.89/2.00	['index', 'add', 'add']: UNSAT (0.030 seconds)
1.89/2.03	['index', 'add', 'sub']: UNSAT (0.031 seconds)
2.02/2.06	['index', 'sub', 'sub']: UNSAT (0.030 seconds)
2.02/2.09	['length', 'length', 'length']: UNSAT (0.019 seconds)
2.02/2.11	['length', 'length', 'substr']: UNSAT (0.026 seconds)
2.02/2.13	['length', 'length', 'add']: UNSAT (0.021 seconds)
2.13/2.16	['length', 'length', 'sub']: UNSAT (0.021 seconds)
2.13/2.18	['length', 'substr', 'substr']: UNSAT (0.031 seconds)
2.19/2.21	['length', 'substr', 'add']: UNSAT (0.028 seconds)
2.19/2.24	['length', 'substr', 'sub']: UNSAT (0.027 seconds)
2.19/2.27	['length', 'add', 'add']: UNSAT (0.023 seconds)
2.19/2.29	['length', 'add', 'sub']: UNSAT (0.023 seconds)
2.29/2.31	['length', 'sub', 'sub']: UNSAT (0.023 seconds)
2.29/2.34	['substr', 'substr', 'substr']: UNSAT (0.036 seconds)
2.29/2.37	['substr', 'substr', 'add']: UNSAT (0.033 seconds)
2.39/2.41	['substr', 'substr', 'sub']: UNSAT (0.033 seconds)
2.39/2.44	['substr', 'add', 'add']: UNSAT (0.029 seconds)
2.39/2.47	['substr', 'add', 'sub']: UNSAT (0.029 seconds)
2.49/2.50	['substr', 'sub', 'sub']: UNSAT (0.029 seconds)
2.49/2.53	['add', 'add', 'add']: UNSAT (0.028 seconds)
2.49/2.56	['add', 'add', 'sub']: UNSAT (0.028 seconds)
2.49/2.59	['add', 'sub', 'sub']: UNSAT (0.028 seconds)
2.59/2.62	['sub', 'sub', 'sub']: UNSAT (0.028 seconds)
2.59/2.65	['concat', 'concat', 'concat', 'concat']: UNKNOWN (39.108 seconds)
41.69/41.75	Reason: smt tactic failed to show goal to be sat/unsat max-conflicts-reached
41.69/41.75	Reason: smt tactic failed to show goal to be sat/unsat max-conflicts-reached
41.69/41.75	['concat', 'concat', 'concat', 'index']: UNSAT (0.046 seconds)
41.79/41.80	['concat', 'concat', 'concat', 'length']: UNSAT (0.038 seconds)
41.79/41.84	['concat', 'concat', 'concat', 'substr']: UNSAT (4.828 seconds)
46.58/46.67	['concat', 'concat', 'concat', 'add']: UNSAT (0.041 seconds)
46.69/46.71	['concat', 'concat', 'concat', 'sub']: UNSAT (0.039 seconds)
46.69/46.75	['concat', 'concat', 'index', 'index']: UNSAT (0.048 seconds)
46.79/46.80	['concat', 'concat', 'index', 'length']: UNSAT (0.040 seconds)
46.79/46.84	['concat', 'concat', 'index', 'substr']: UNSAT (1.023 seconds)
47.79/47.87	['concat', 'concat', 'index', 'add']: UNSAT (0.041 seconds)
47.89/47.91	['concat', 'concat', 'index', 'sub']: UNSAT (0.041 seconds)
47.89/47.95	['concat', 'concat', 'length', 'length']: UNSAT (0.034 seconds)
47.89/47.98	['concat', 'concat', 'length', 'substr']: UNSAT (0.478 seconds)
48.39/48.46	['concat', 'concat', 'length', 'add']: UNSAT (0.034 seconds)
48.49/48.50	['concat', 'concat', 'length', 'sub']: UNSAT (0.036 seconds)
48.49/48.53	['concat', 'concat', 'substr', 'substr']: UNSAT (0.301 seconds)
48.78/48.83	['concat', 'concat', 'substr', 'add']: UNSAT (0.068 seconds)
48.88/48.90	['concat', 'concat', 'substr', 'sub']: UNSAT (0.069 seconds)
48.88/48.97	['concat', 'concat', 'add', 'add']: UNSAT (0.036 seconds)
48.88/49.01	['concat', 'concat', 'add', 'sub']: UNSAT (0.036 seconds)
49.02/49.05	['concat', 'concat', 'sub', 'sub']: UNSAT (0.036 seconds)
49.02/49.08	['concat', 'index', 'index', 'index']: UNSAT (0.050 seconds)
49.02/49.14	['concat', 'index', 'index', 'length']: UNSAT (0.044 seconds)
49.12/49.18	['concat', 'index', 'index', 'substr']: UNSAT (0.250 seconds)
49.38/49.43	['concat', 'index', 'index', 'add']: UNSAT (0.045 seconds)
49.38/49.48	['concat', 'index', 'index', 'sub']: UNSAT (0.044 seconds)
49.48/49.52	['concat', 'index', 'length', 'length']: UNSAT (0.037 seconds)
49.48/49.56	['concat', 'index', 'length', 'substr']: UNSAT (0.166 seconds)
49.68/49.73	['concat', 'index', 'length', 'add']: UNSAT (0.039 seconds)
49.68/49.76	['concat', 'index', 'length', 'sub']: UNSAT (0.037 seconds)
49.78/49.80	['concat', 'index', 'substr', 'substr']: UNSAT (0.302 seconds)
50.02/50.11	['concat', 'index', 'substr', 'add']: UNSAT (0.154 seconds)
50.18/50.26	['concat', 'index', 'substr', 'sub']: UNSAT (0.169 seconds)
50.38/50.43	['concat', 'index', 'add', 'add']: UNSAT (0.042 seconds)
50.38/50.47	['concat', 'index', 'add', 'sub']: UNSAT (0.043 seconds)
50.48/50.52	['concat', 'index', 'sub', 'sub']: UNSAT (0.042 seconds)
50.48/50.56	['concat', 'length', 'length', 'length']: UNSAT (0.030 seconds)
50.48/50.59	['concat', 'length', 'length', 'substr']: UNSAT (0.063 seconds)
50.58/50.65	['concat', 'length', 'length', 'add']: UNSAT (0.030 seconds)
50.58/50.69	['concat', 'length', 'length', 'sub']: UNSAT (0.030 seconds)
50.68/50.72	['concat', 'length', 'substr', 'substr']: UNSAT (0.087 seconds)
50.78/50.80	['concat', 'length', 'substr', 'add']: UNSAT (0.044 seconds)
50.78/50.85	['concat', 'length', 'substr', 'sub']: UNSAT (0.044 seconds)
50.78/50.89	['concat', 'length', 'add', 'add']: UNSAT (0.033 seconds)
50.88/50.93	['concat', 'length', 'add', 'sub']: UNSAT (0.033 seconds)
50.88/50.96	['concat', 'length', 'sub', 'sub']: UNSAT (0.034 seconds)
50.88/51.00	['concat', 'substr', 'substr', 'substr']: UNSAT (0.068 seconds)
51.02/51.06	['concat', 'substr', 'substr', 'add']: UNSAT (0.051 seconds)
51.02/51.12	['concat', 'substr', 'substr', 'sub']: UNSAT (0.051 seconds)
51.12/51.17	['concat', 'substr', 'add', 'add']: UNSAT (0.043 seconds)
51.18/51.21	['concat', 'substr', 'add', 'sub']: UNSAT (0.043 seconds)
51.18/51.26	['concat', 'substr', 'sub', 'sub']: UNSAT (0.043 seconds)
51.28/51.30	['concat', 'add', 'add', 'add']: UNSAT (0.039 seconds)
51.28/51.34	['concat', 'add', 'add', 'sub']: UNSAT (0.039 seconds)
51.28/51.38	['concat', 'add', 'sub', 'sub']: UNSAT (0.040 seconds)
51.38/51.42	['concat', 'sub', 'sub', 'sub']: UNSAT (0.039 seconds)
51.38/51.46	['index', 'index', 'index', 'index']: UNSAT (0.052 seconds)
51.48/51.51	['index', 'index', 'index', 'length']: UNSAT (0.045 seconds)
51.48/51.56	['index', 'index', 'index', 'substr']: UNSAT (0.073 seconds)
51.58/51.63	['index', 'index', 'index', 'add']: UNSAT (0.049 seconds)
51.58/51.68	['index', 'index', 'index', 'sub']: UNSAT (0.050 seconds)
51.68/51.73	['index', 'index', 'length', 'length']: UNSAT (0.039 seconds)
51.68/51.77	['index', 'index', 'length', 'substr']: UNSAT (0.052 seconds)
51.78/51.82	['index', 'index', 'length', 'add']: UNSAT (0.042 seconds)
51.78/51.87	['index', 'index', 'length', 'sub']: UNSAT (0.041 seconds)
51.88/51.91	['index', 'index', 'substr', 'substr']: UNSAT (0.130 seconds)
52.02/52.04	['index', 'index', 'substr', 'add']: UNSAT (0.066 seconds)
52.02/52.11	['index', 'index', 'substr', 'sub']: UNSAT (0.068 seconds)
52.12/52.18	['index', 'index', 'add', 'add']: UNSAT (0.048 seconds)
52.18/52.22	['index', 'index', 'add', 'sub']: UNSAT (0.048 seconds)
52.18/52.27	['index', 'index', 'sub', 'sub']: UNSAT (0.049 seconds)
52.28/52.32	['index', 'length', 'length', 'length']: UNSAT (0.031 seconds)
52.28/52.35	['index', 'length', 'length', 'substr']: UNSAT (0.042 seconds)
52.38/52.40	['index', 'length', 'length', 'add']: UNSAT (0.034 seconds)
52.38/52.43	['index', 'length', 'length', 'sub']: UNSAT (0.033 seconds)
52.38/52.47	['index', 'length', 'substr', 'substr']: UNSAT (0.072 seconds)
52.48/52.54	['index', 'length', 'substr', 'add']: UNSAT (0.048 seconds)
52.48/52.59	['index', 'length', 'substr', 'sub']: UNSAT (0.050 seconds)
52.58/52.64	['index', 'length', 'add', 'add']: UNSAT (0.037 seconds)
52.58/52.68	['index', 'length', 'add', 'sub']: UNSAT (0.037 seconds)
52.68/52.71	['index', 'length', 'sub', 'sub']: UNSAT (0.038 seconds)
52.68/52.75	['index', 'substr', 'substr', 'substr']: UNSAT (0.105 seconds)
52.78/52.86	['index', 'substr', 'substr', 'add']: UNSAT (0.069 seconds)
52.88/52.93	['index', 'substr', 'substr', 'sub']: UNSAT (0.066 seconds)
52.88/53.00	['index', 'substr', 'add', 'add']: UNSAT (0.049 seconds)
53.02/53.05	['index', 'substr', 'add', 'sub']: UNSAT (0.051 seconds)
53.02/53.10	['index', 'substr', 'sub', 'sub']: UNSAT (0.054 seconds)
53.12/53.15	['index', 'add', 'add', 'add']: UNSAT (0.042 seconds)
53.12/53.19	['index', 'add', 'add', 'sub']: UNSAT (0.042 seconds)
53.18/53.24	['index', 'add', 'sub', 'sub']: UNSAT (0.042 seconds)
53.18/53.28	['index', 'sub', 'sub', 'sub']: UNSAT (0.042 seconds)
53.28/53.32	['length', 'length', 'length', 'length']: UNSAT (0.024 seconds)
53.28/53.35	['length', 'length', 'length', 'substr']: UNSAT (0.032 seconds)
53.28/53.38	['length', 'length', 'length', 'add']: UNSAT (0.026 seconds)
53.38/53.41	['length', 'length', 'length', 'sub']: UNSAT (0.027 seconds)
53.38/53.43	['length', 'length', 'substr', 'substr']: UNSAT (0.053 seconds)
53.38/53.49	['length', 'length', 'substr', 'add']: UNSAT (0.037 seconds)
53.48/53.53	['length', 'length', 'substr', 'sub']: UNSAT (0.038 seconds)
53.48/53.56	['length', 'length', 'add', 'add']: UNSAT (0.030 seconds)
53.48/53.60	['length', 'length', 'add', 'sub']: UNSAT (0.030 seconds)
53.58/53.63	['length', 'length', 'sub', 'sub']: UNSAT (0.031 seconds)
53.58/53.66	['length', 'substr', 'substr', 'substr']: UNSAT (0.048 seconds)
53.69/53.71	['length', 'substr', 'substr', 'add']: UNSAT (0.042 seconds)
53.69/53.75	['length', 'substr', 'substr', 'sub']: UNSAT (0.042 seconds)
53.69/53.79	['length', 'substr', 'add', 'add']: UNSAT (0.039 seconds)
53.79/53.83	['length', 'substr', 'add', 'sub']: UNSAT (0.040 seconds)
53.79/53.87	['length', 'substr', 'sub', 'sub']: UNSAT (0.040 seconds)
53.89/53.91	['length', 'add', 'add', 'add']: UNSAT (0.034 seconds)
53.89/53.95	['length', 'add', 'add', 'sub']: UNSAT (0.034 seconds)
53.89/53.98	['length', 'add', 'sub', 'sub']: UNSAT (0.033 seconds)
53.89/54.02	['length', 'sub', 'sub', 'sub']: UNSAT (0.033 seconds)
54.02/54.05	['substr', 'substr', 'substr', 'substr']: UNSAT (0.057 seconds)
54.02/54.11	['substr', 'substr', 'substr', 'add']: UNSAT (0.050 seconds)
54.13/54.16	['substr', 'substr', 'substr', 'sub']: UNSAT (0.053 seconds)
54.19/54.21	['substr', 'substr', 'add', 'add']: UNSAT (0.046 seconds)
54.19/54.26	['substr', 'substr', 'add', 'sub']: UNSAT (0.046 seconds)
54.29/54.31	['substr', 'substr', 'sub', 'sub']: UNSAT (0.046 seconds)
54.29/54.35	['substr', 'add', 'add', 'add']: UNSAT (0.042 seconds)
54.39/54.40	['substr', 'add', 'add', 'sub']: UNSAT (0.041 seconds)
54.39/54.44	['substr', 'add', 'sub', 'sub']: UNSAT (0.042 seconds)
54.39/54.48	['substr', 'sub', 'sub', 'sub']: UNSAT (0.041 seconds)
54.49/54.52	['add', 'add', 'add', 'add']: UNSAT (0.040 seconds)
54.49/54.56	['add', 'add', 'add', 'sub']: UNSAT (0.040 seconds)
54.59/54.60	['add', 'add', 'sub', 'sub']: UNSAT (0.039 seconds)
54.59/54.64	['add', 'sub', 'sub', 'sub']: UNSAT (0.041 seconds)
54.59/54.69	['sub', 'sub', 'sub', 'sub']: UNSAT (0.040 seconds)
54.69/54.73	['concat', 'concat', 'concat', 'concat', 'concat']: UNKNOWN (57.788 seconds)
112.49/112.52	Reason: smt tactic failed to show goal to be sat/unsat max-conflicts-reached
112.49/112.52	Reason: smt tactic failed to show goal to be sat/unsat max-conflicts-reached
112.49/112.52	['concat', 'concat', 'concat', 'concat', 'index']: UNSAT (0.059 seconds)
112.49/112.58	['concat', 'concat', 'concat', 'concat', 'length']: UNSAT (0.053 seconds)
112.59/112.63	['concat', 'concat', 'concat', 'concat', 'substr']: UNKNOWN (32.618 seconds)
145.18/145.25	Reason: smt tactic failed to show goal to be sat/unsat max-conflicts-reached
145.18/145.25	Reason: smt tactic failed to show goal to be sat/unsat max-conflicts-reached
145.18/145.25	['concat', 'concat', 'concat', 'concat', 'add']: UNSAT (0.051 seconds)
145.28/145.30	['concat', 'concat', 'concat', 'concat', 'sub']: UNSAT (0.049 seconds)
145.28/145.35	['concat', 'concat', 'concat', 'index', 'index']: UNSAT (0.060 seconds)
145.38/145.41	['concat', 'concat', 'concat', 'index', 'length']: UNSAT (0.051 seconds)
145.38/145.46	['concat', 'concat', 'concat', 'index', 'substr']: UNKNOWN (28.686 seconds)
174.12/174.15	Reason: smt tactic failed to show goal to be sat/unsat max-conflicts-reached
174.12/174.15	Reason: smt tactic failed to show goal to be sat/unsat max-conflicts-reached
174.12/174.15	['concat', 'concat', 'concat', 'index', 'add']: UNSAT (0.054 seconds)
174.18/174.20	['concat', 'concat', 'concat', 'index', 'sub']: UNSAT (0.053 seconds)
174.18/174.26	['concat', 'concat', 'concat', 'length', 'length']: UNSAT (0.043 seconds)
174.28/174.30	['concat', 'concat', 'concat', 'length', 'substr']: UNKNOWN (24.931 seconds)
199.18/199.23	Reason: smt tactic failed to show goal to be sat/unsat max-conflicts-reached
199.18/199.23	Reason: smt tactic failed to show goal to be sat/unsat max-conflicts-reached
199.18/199.23	['concat', 'concat', 'concat', 'length', 'add']: UNSAT (0.043 seconds)
199.18/199.28	['concat', 'concat', 'concat', 'length', 'sub']: UNSAT (0.043 seconds)
199.28/199.32	['concat', 'concat', 'concat', 'substr', 'substr']: UNKNOWN (17.016 seconds)
216.28/216.34	Reason: smt tactic failed to show goal to be sat/unsat max-conflicts-reached
216.28/216.34	Reason: smt tactic failed to show goal to be sat/unsat max-conflicts-reached
216.28/216.34	['concat', 'concat', 'concat', 'substr', 'add']: UNKNOWN (18.319 seconds)
234.59/234.66	Reason: smt tactic failed to show goal to be sat/unsat max-conflicts-reached
234.59/234.66	Reason: smt tactic failed to show goal to be sat/unsat max-conflicts-reached
234.59/234.66	['concat', 'concat', 'concat', 'substr', 'sub']: UNSAT (16.903 seconds)
251.48/251.56	['concat', 'concat', 'concat', 'add', 'add']: UNSAT (0.047 seconds)
251.58/251.61	['concat', 'concat', 'concat', 'add', 'sub']: UNSAT (0.046 seconds)
251.58/251.65	['concat', 'concat', 'concat', 'sub', 'sub']: UNSAT (0.046 seconds)
251.68/251.70	['concat', 'concat', 'index', 'index', 'index']: UNSAT (0.066 seconds)
251.68/251.77	['concat', 'concat', 'index', 'index', 'length']: UNSAT (0.053 seconds)
251.78/251.82	['concat', 'concat', 'index', 'index', 'substr']: UNSAT (5.059 seconds)
256.78/256.88	['concat', 'concat', 'index', 'index', 'add']: UNSAT (0.055 seconds)
256.88/256.94	['concat', 'concat', 'index', 'index', 'sub']: UNSAT (0.058 seconds)
256.88/257.00	['concat', 'concat', 'index', 'length', 'length']: UNSAT (0.045 seconds)
257.01/257.04	['concat', 'concat', 'index', 'length', 'substr']: UNSAT (4.498 seconds)
261.48/261.54	['concat', 'concat', 'index', 'length', 'add']: UNSAT (0.046 seconds)
261.48/261.59	['concat', 'concat', 'index', 'length', 'sub']: UNSAT (0.046 seconds)
261.58/261.63	['concat', 'concat', 'index', 'substr', 'substr']: UNSAT (18.224 seconds)
279.78/279.86	['concat', 'concat', 'index', 'substr', 'add']: UNSAT (4.558 seconds)
284.38/284.42	['concat', 'concat', 'index', 'substr', 'sub']: UNSAT (4.069 seconds)
288.38/288.49	['concat', 'concat', 'index', 'add', 'add']: UNSAT (0.053 seconds)
288.48/288.54	['concat', 'concat', 'index', 'add', 'sub']: UNSAT (0.051 seconds)
288.48/288.59	['concat', 'concat', 'index', 'sub', 'sub']: UNSAT (0.051 seconds)
288.58/288.64	['concat', 'concat', 'length', 'length', 'length']: UNSAT (0.043 seconds)
288.58/288.69	['concat', 'concat', 'length', 'length', 'substr']: UNSAT (1.382 seconds)
290.01/290.07	['concat', 'concat', 'length', 'length', 'add']: UNSAT (0.041 seconds)
290.01/290.11	['concat', 'concat', 'length', 'length', 'sub']: UNSAT (0.039 seconds)
290.12/290.15	['concat', 'concat', 'length', 'substr', 'substr']: UNSAT (11.488 seconds)
301.58/301.64	['concat', 'concat', 'length', 'substr', 'add']: UNSAT (1.837 seconds)
303.38/303.48	['concat', 'concat', 'length', 'substr', 'sub']: UNSAT (1.638 seconds)
305.01/305.12	['concat', 'concat', 'length', 'add', 'add']: UNSAT (0.043 seconds)
305.12/305.16	['concat', 'concat', 'length', 'add', 'sub']: UNSAT (0.041 seconds)
305.18/305.20	['concat', 'concat', 'length', 'sub', 'sub']: UNSAT (0.041 seconds)
305.18/305.24	['concat', 'concat', 'substr', 'substr', 'substr']: UNSAT (3.125 seconds)
308.28/308.37	['concat', 'concat', 'substr', 'substr', 'add']: UNSAT (0.396 seconds)
308.68/308.77	['concat', 'concat', 'substr', 'substr', 'sub']: UNSAT (0.385 seconds)
309.12/309.15	['concat', 'concat', 'substr', 'add', 'add']: UNSAT (0.106 seconds)
309.18/309.26	['concat', 'concat', 'substr', 'add', 'sub']: UNSAT (0.093 seconds)
309.28/309.35	['concat', 'concat', 'substr', 'sub', 'sub']: UNSAT (0.082 seconds)
309.38/309.44	['concat', 'concat', 'add', 'add', 'add']: UNSAT (0.048 seconds)
309.38/309.48	['concat', 'concat', 'add', 'add', 'sub']: UNSAT (0.047 seconds)
309.48/309.53	['concat', 'concat', 'add', 'sub', 'sub']: UNSAT (0.055 seconds)
309.48/309.59	['concat', 'concat', 'sub', 'sub', 'sub']: UNSAT (0.057 seconds)
309.58/309.64	['concat', 'index', 'index', 'index', 'index']: UNSAT (0.071 seconds)
309.68/309.72	['concat', 'index', 'index', 'index', 'length']: UNSAT (0.057 seconds)
309.68/309.77	['concat', 'index', 'index', 'index', 'substr']: UNSAT (0.527 seconds)
310.28/310.30	['concat', 'index', 'index', 'index', 'add']: UNSAT (0.061 seconds)
310.28/310.36	['concat', 'index', 'index', 'index', 'sub']: UNSAT (0.061 seconds)
310.38/310.43	['concat', 'index', 'index', 'length', 'length']: UNSAT (0.047 seconds)
310.38/310.47	['concat', 'index', 'index', 'length', 'substr']: UNSAT (0.459 seconds)
310.88/310.93	['concat', 'index', 'index', 'length', 'add']: UNSAT (0.051 seconds)
310.88/310.99	['concat', 'index', 'index', 'length', 'sub']: UNSAT (0.049 seconds)
310.88/311.04	['concat', 'index', 'index', 'substr', 'substr']: UNSAT (1.468 seconds)
312.48/312.50	['concat', 'index', 'index', 'substr', 'add']: UNSAT (0.337 seconds)
312.78/312.84	['concat', 'index', 'index', 'substr', 'sub']: UNSAT (0.452 seconds)
313.18/313.29	['concat', 'index', 'index', 'add', 'add']: UNSAT (0.057 seconds)
313.28/313.35	['concat', 'index', 'index', 'add', 'sub']: UNSAT (0.057 seconds)
313.38/313.41	['concat', 'index', 'index', 'sub', 'sub']: UNSAT (0.057 seconds)
313.38/313.47	['concat', 'index', 'length', 'length', 'length']: UNSAT (0.040 seconds)
313.48/313.51	['concat', 'index', 'length', 'length', 'substr']: UNSAT (0.266 seconds)
313.68/313.78	['concat', 'index', 'length', 'length', 'add']: UNSAT (0.042 seconds)
313.78/313.82	['concat', 'index', 'length', 'length', 'sub']: UNSAT (0.042 seconds)
313.78/313.86	['concat', 'index', 'length', 'substr', 'substr']: UNSAT (1.060 seconds)
314.88/314.92	['concat', 'index', 'length', 'substr', 'add']: UNSAT (0.240 seconds)
315.12/315.16	['concat', 'index', 'length', 'substr', 'sub']: UNSAT (0.224 seconds)
315.28/315.39	['concat', 'index', 'length', 'add', 'add']: UNSAT (0.047 seconds)
315.38/315.43	['concat', 'index', 'length', 'add', 'sub']: UNSAT (0.046 seconds)
315.38/315.48	['concat', 'index', 'length', 'sub', 'sub']: UNSAT (0.046 seconds)
315.48/315.53	['concat', 'index', 'substr', 'substr', 'substr']: UNSAT (2.358 seconds)
317.78/317.89	['concat', 'index', 'substr', 'substr', 'add']: UNSAT (1.505 seconds)
319.28/319.39	['concat', 'index', 'substr', 'substr', 'sub']: UNSAT (1.453 seconds)
320.78/320.85	['concat', 'index', 'substr', 'add', 'add']: UNSAT (0.724 seconds)
321.48/321.57	['concat', 'index', 'substr', 'add', 'sub']: UNSAT (0.276 seconds)
321.78/321.85	['concat', 'index', 'substr', 'sub', 'sub']: UNSAT (0.816 seconds)
322.58/322.67	['concat', 'index', 'add', 'add', 'add']: UNSAT (0.054 seconds)
322.68/322.72	['concat', 'index', 'add', 'add', 'sub']: UNSAT (0.053 seconds)
322.68/322.77	['concat', 'index', 'add', 'sub', 'sub']: UNSAT (0.054 seconds)
322.78/322.83	['concat', 'index', 'sub', 'sub', 'sub']: UNSAT (0.054 seconds)
322.78/322.88	['concat', 'length', 'length', 'length', 'length']: UNSAT (0.033 seconds)
322.88/322.92	['concat', 'length', 'length', 'length', 'substr']: UNSAT (0.039 seconds)
322.88/322.96	['concat', 'length', 'length', 'length', 'add']: UNSAT (0.035 seconds)
322.88/322.99	['concat', 'length', 'length', 'length', 'sub']: UNSAT (0.034 seconds)
322.88/323.03	['concat', 'length', 'length', 'substr', 'substr']: UNSAT (0.680 seconds)
323.68/323.71	['concat', 'length', 'length', 'substr', 'add']: UNSAT (0.149 seconds)
323.78/323.86	['concat', 'length', 'length', 'substr', 'sub']: UNSAT (0.175 seconds)
323.88/324.04	['concat', 'length', 'length', 'add', 'add']: UNSAT (0.040 seconds)
324.01/324.08	['concat', 'length', 'length', 'add', 'sub']: UNSAT (0.037 seconds)
324.01/324.11	['concat', 'length', 'length', 'sub', 'sub']: UNSAT (0.037 seconds)
324.12/324.15	['concat', 'length', 'substr', 'substr', 'substr']: UNSAT (0.360 seconds)
324.48/324.51	['concat', 'length', 'substr', 'substr', 'add']: UNSAT (0.128 seconds)
324.58/324.64	['concat', 'length', 'substr', 'substr', 'sub']: UNSAT (0.107 seconds)
324.68/324.75	['concat', 'length', 'substr', 'add', 'add']: UNSAT (0.054 seconds)
324.78/324.80	['concat', 'length', 'substr', 'add', 'sub']: UNSAT (0.054 seconds)
324.78/324.86	['concat', 'length', 'substr', 'sub', 'sub']: UNSAT (0.053 seconds)
324.88/324.91	['concat', 'length', 'add', 'add', 'add']: UNSAT (0.043 seconds)
324.88/324.96	['concat', 'length', 'add', 'add', 'sub']: UNSAT (0.043 seconds)
324.88/325.00	['concat', 'length', 'add', 'sub', 'sub']: UNSAT (0.043 seconds)
325.01/325.04	['concat', 'length', 'sub', 'sub', 'sub']: UNSAT (0.044 seconds)
325.01/325.09	['concat', 'substr', 'substr', 'substr', 'substr']: UNSAT (0.177 seconds)
325.18/325.27	['concat', 'substr', 'substr', 'substr', 'add']: UNSAT (0.080 seconds)
325.28/325.35	['concat', 'substr', 'substr', 'substr', 'sub']: UNSAT (0.083 seconds)
325.38/325.43	['concat', 'substr', 'substr', 'add', 'add']: UNSAT (0.062 seconds)
325.38/325.49	['concat', 'substr', 'substr', 'add', 'sub']: UNSAT (0.063 seconds)
325.48/325.56	['concat', 'substr', 'substr', 'sub', 'sub']: UNSAT (0.065 seconds)
325.58/325.62	['concat', 'substr', 'add', 'add', 'add']: UNSAT (0.053 seconds)
325.58/325.68	['concat', 'substr', 'add', 'add', 'sub']: UNSAT (0.054 seconds)
325.68/325.73	['concat', 'substr', 'add', 'sub', 'sub']: UNSAT (0.053 seconds)
325.68/325.78	['concat', 'substr', 'sub', 'sub', 'sub']: UNSAT (0.054 seconds)
325.78/325.84	['concat', 'add', 'add', 'add', 'add']: UNSAT (0.050 seconds)
325.78/325.89	['concat', 'add', 'add', 'add', 'sub']: UNSAT (0.048 seconds)
325.88/325.94	['concat', 'add', 'add', 'sub', 'sub']: UNSAT (0.048 seconds)
325.88/325.99	['concat', 'add', 'sub', 'sub', 'sub']: UNSAT (0.049 seconds)
325.88/326.04	['concat', 'sub', 'sub', 'sub', 'sub']: UNSAT (0.048 seconds)
326.01/326.08	['index', 'index', 'index', 'index', 'index']: UNSAT (0.072 seconds)
326.12/326.16	['index', 'index', 'index', 'index', 'length']: UNSAT (0.059 seconds)
326.18/326.22	['index', 'index', 'index', 'index', 'substr']: UNSAT (0.106 seconds)
326.28/326.32	['index', 'index', 'index', 'index', 'add']: UNSAT (0.070 seconds)
326.28/326.39	['index', 'index', 'index', 'index', 'sub']: UNSAT (0.069 seconds)
326.38/326.46	['index', 'index', 'index', 'length', 'length']: UNSAT (0.050 seconds)
326.48/326.51	['index', 'index', 'index', 'length', 'substr']: UNSAT (0.080 seconds)
326.48/326.59	['index', 'index', 'index', 'length', 'add']: UNSAT (0.055 seconds)
326.58/326.65	['index', 'index', 'index', 'length', 'sub']: UNSAT (0.057 seconds)
326.68/326.71	['index', 'index', 'index', 'substr', 'substr']: UNSAT (0.273 seconds)
326.88/326.98	['index', 'index', 'index', 'substr', 'add']: UNSAT (0.105 seconds)
327.01/327.09	['index', 'index', 'index', 'substr', 'sub']: UNSAT (0.098 seconds)
327.12/327.19	['index', 'index', 'index', 'add', 'add']: UNSAT (0.065 seconds)
327.18/327.25	['index', 'index', 'index', 'add', 'sub']: UNSAT (0.064 seconds)
327.28/327.32	['index', 'index', 'index', 'sub', 'sub']: UNSAT (0.064 seconds)
327.28/327.38	['index', 'index', 'length', 'length', 'length']: UNSAT (0.043 seconds)
327.38/327.42	['index', 'index', 'length', 'length', 'substr']: UNSAT (0.067 seconds)
327.38/327.49	['index', 'index', 'length', 'length', 'add']: UNSAT (0.045 seconds)
327.48/327.54	['index', 'index', 'length', 'length', 'sub']: UNSAT (0.045 seconds)
327.48/327.58	['index', 'index', 'length', 'substr', 'substr']: UNSAT (0.124 seconds)
327.68/327.71	['index', 'index', 'length', 'substr', 'add']: UNSAT (0.093 seconds)
327.78/327.80	['index', 'index', 'length', 'substr', 'sub']: UNSAT (0.083 seconds)
327.78/327.89	['index', 'index', 'length', 'add', 'add']: UNSAT (0.053 seconds)
327.88/327.94	['index', 'index', 'length', 'add', 'sub']: UNSAT (0.053 seconds)
327.88/327.99	['index', 'index', 'length', 'sub', 'sub']: UNSAT (0.052 seconds)
328.01/328.05	['index', 'index', 'substr', 'substr', 'substr']: UNSAT (0.819 seconds)
328.78/328.87	['index', 'index', 'substr', 'substr', 'add']: UNSAT (0.169 seconds)
328.88/329.04	['index', 'index', 'substr', 'substr', 'sub']: UNSAT (0.193 seconds)
329.18/329.23	['index', 'index', 'substr', 'add', 'add']: UNSAT (0.091 seconds)
329.28/329.32	['index', 'index', 'substr', 'add', 'sub']: UNSAT (0.092 seconds)
329.38/329.42	['index', 'index', 'substr', 'sub', 'sub']: UNSAT (0.092 seconds)
329.48/329.51	['index', 'index', 'add', 'add', 'add']: UNSAT (0.063 seconds)
329.48/329.57	['index', 'index', 'add', 'add', 'sub']: UNSAT (0.063 seconds)
329.58/329.64	['index', 'index', 'add', 'sub', 'sub']: UNSAT (0.073 seconds)
329.68/329.71	['index', 'index', 'sub', 'sub', 'sub']: UNSAT (0.071 seconds)
329.68/329.78	['index', 'length', 'length', 'length', 'length']: UNSAT (0.035 seconds)
329.78/329.82	['index', 'length', 'length', 'length', 'substr']: UNSAT (0.043 seconds)
329.78/329.86	['index', 'length', 'length', 'length', 'add']: UNSAT (0.037 seconds)
329.88/329.90	['index', 'length', 'length', 'length', 'sub']: UNSAT (0.038 seconds)
329.88/329.94	['index', 'length', 'length', 'substr', 'substr']: UNSAT (0.109 seconds)
330.01/330.05	['index', 'length', 'length', 'substr', 'add']: UNSAT (0.070 seconds)
330.01/330.12	['index', 'length', 'length', 'substr', 'sub']: UNSAT (0.079 seconds)
330.18/330.20	['index', 'length', 'length', 'add', 'add']: UNSAT (0.042 seconds)
330.18/330.24	['index', 'length', 'length', 'add', 'sub']: UNSAT (0.041 seconds)
330.18/330.28	['index', 'length', 'length', 'sub', 'sub']: UNSAT (0.042 seconds)
330.28/330.32	['index', 'length', 'substr', 'substr', 'substr']: UNSAT (0.501 seconds)
330.78/330.83	['index', 'length', 'substr', 'substr', 'add']: UNSAT (0.146 seconds)
330.88/330.97	['index', 'length', 'substr', 'substr', 'sub']: UNSAT (0.143 seconds)
331.02/331.12	['index', 'length', 'substr', 'add', 'add']: UNSAT (0.080 seconds)
331.18/331.20	['index', 'length', 'substr', 'add', 'sub']: UNSAT (0.080 seconds)
331.18/331.28	['index', 'length', 'substr', 'sub', 'sub']: UNSAT (0.082 seconds)
331.28/331.36	['index', 'length', 'add', 'add', 'add']: UNSAT (0.051 seconds)
331.38/331.41	['index', 'length', 'add', 'add', 'sub']: UNSAT (0.051 seconds)
331.38/331.46	['index', 'length', 'add', 'sub', 'sub']: UNSAT (0.052 seconds)
331.48/331.52	['index', 'length', 'sub', 'sub', 'sub']: UNSAT (0.053 seconds)
331.48/331.57	['index', 'substr', 'substr', 'substr', 'substr']: UNSAT (0.422 seconds)
331.89/331.99	['index', 'substr', 'substr', 'substr', 'add']: UNSAT (0.137 seconds)
332.02/332.13	['index', 'substr', 'substr', 'substr', 'sub']: UNSAT (0.132 seconds)
332.19/332.26	['index', 'substr', 'substr', 'add', 'add']: UNSAT (0.074 seconds)
332.29/332.34	['index', 'substr', 'substr', 'add', 'sub']: UNSAT (0.071 seconds)
332.39/332.41	['index', 'substr', 'substr', 'sub', 'sub']: UNSAT (0.079 seconds)
332.39/332.49	['index', 'substr', 'add', 'add', 'add']: UNSAT (0.069 seconds)
332.49/332.56	['index', 'substr', 'add', 'add', 'sub']: UNSAT (0.065 seconds)
332.59/332.63	['index', 'substr', 'add', 'sub', 'sub']: UNSAT (0.064 seconds)
332.59/332.69	['index', 'substr', 'sub', 'sub', 'sub']: UNSAT (0.068 seconds)
332.69/332.76	['index', 'add', 'add', 'add', 'add']: UNSAT (0.057 seconds)
332.79/332.82	['index', 'add', 'add', 'add', 'sub']: UNSAT (0.055 seconds)
332.79/332.87	['index', 'add', 'add', 'sub', 'sub']: UNSAT (0.054 seconds)
332.89/332.93	['index', 'add', 'sub', 'sub', 'sub']: UNSAT (0.055 seconds)
332.89/332.98	['index', 'sub', 'sub', 'sub', 'sub']: UNSAT (0.054 seconds)
332.89/333.04	['length', 'length', 'length', 'length', 'length']: UNSAT (0.029 seconds)
333.02/333.07	['length', 'length', 'length', 'length', 'substr']: UNSAT (0.037 seconds)
333.02/333.10	['length', 'length', 'length', 'length', 'add']: UNSAT (0.031 seconds)
333.02/333.14	['length', 'length', 'length', 'length', 'sub']: UNSAT (0.031 seconds)
333.13/333.17	['length', 'length', 'length', 'substr', 'substr']: UNSAT (0.115 seconds)
333.19/333.28	['length', 'length', 'length', 'substr', 'add']: UNSAT (0.055 seconds)
333.29/333.34	['length', 'length', 'length', 'substr', 'sub']: UNSAT (0.061 seconds)
333.39/333.40	['length', 'length', 'length', 'add', 'add']: UNSAT (0.035 seconds)
333.39/333.44	['length', 'length', 'length', 'add', 'sub']: UNSAT (0.034 seconds)
333.39/333.47	['length', 'length', 'length', 'sub', 'sub']: UNSAT (0.034 seconds)
333.49/333.51	['length', 'length', 'substr', 'substr', 'substr']: UNSAT (0.103 seconds)
333.59/333.61	['length', 'length', 'substr', 'substr', 'add']: UNSAT (0.060 seconds)
333.59/333.67	['length', 'length', 'substr', 'substr', 'sub']: UNSAT (0.060 seconds)
333.69/333.73	['length', 'length', 'substr', 'add', 'add']: UNSAT (0.046 seconds)
333.69/333.78	['length', 'length', 'substr', 'add', 'sub']: UNSAT (0.048 seconds)
333.79/333.83	['length', 'length', 'substr', 'sub', 'sub']: UNSAT (0.055 seconds)
333.79/333.88	['length', 'length', 'add', 'add', 'add']: UNSAT (0.041 seconds)
333.89/333.92	['length', 'length', 'add', 'add', 'sub']: UNSAT (0.040 seconds)
333.89/333.96	['length', 'length', 'add', 'sub', 'sub']: UNSAT (0.043 seconds)
333.89/334.01	['length', 'length', 'sub', 'sub', 'sub']: UNSAT (0.040 seconds)
334.02/334.05	['length', 'substr', 'substr', 'substr', 'substr']: UNSAT (0.082 seconds)
334.02/334.13	['length', 'substr', 'substr', 'substr', 'add']: UNSAT (0.062 seconds)
334.13/334.19	['length', 'substr', 'substr', 'substr', 'sub']: UNSAT (0.062 seconds)
334.19/334.26	['length', 'substr', 'substr', 'add', 'add']: UNSAT (0.053 seconds)
334.29/334.31	['length', 'substr', 'substr', 'add', 'sub']: UNSAT (0.055 seconds)
334.29/334.37	['length', 'substr', 'substr', 'sub', 'sub']: UNSAT (0.057 seconds)
334.39/334.42	['length', 'substr', 'add', 'add', 'add']: UNSAT (0.050 seconds)
334.39/334.47	['length', 'substr', 'add', 'add', 'sub']: UNSAT (0.049 seconds)
334.49/334.52	['length', 'substr', 'add', 'sub', 'sub']: UNSAT (0.053 seconds)
334.49/334.58	['length', 'substr', 'sub', 'sub', 'sub']: UNSAT (0.051 seconds)
334.59/334.63	['length', 'add', 'add', 'add', 'add']: UNSAT (0.044 seconds)
334.59/334.67	['length', 'add', 'add', 'add', 'sub']: UNSAT (0.045 seconds)
334.69/334.72	['length', 'add', 'add', 'sub', 'sub']: UNSAT (0.044 seconds)
334.69/334.76	['length', 'add', 'sub', 'sub', 'sub']: UNSAT (0.044 seconds)
334.79/334.81	['length', 'sub', 'sub', 'sub', 'sub']: UNSAT (0.045 seconds)
334.79/334.86	['substr', 'substr', 'substr', 'substr', 'substr']: UNSAT (0.090 seconds)
334.89/334.95	['substr', 'substr', 'substr', 'substr', 'add']: UNSAT (0.069 seconds)
334.89/335.02	['substr', 'substr', 'substr', 'substr', 'sub']: UNSAT (0.070 seconds)
335.02/335.09	['substr', 'substr', 'substr', 'add', 'add']: UNSAT (0.064 seconds)
335.13/335.15	['substr', 'substr', 'substr', 'add', 'sub']: UNSAT (0.062 seconds)
335.19/335.21	['substr', 'substr', 'substr', 'sub', 'sub']: UNSAT (0.062 seconds)
335.19/335.28	['substr', 'substr', 'add', 'add', 'add']: UNSAT (0.058 seconds)
335.29/335.33	['substr', 'substr', 'add', 'add', 'sub']: UNSAT (0.058 seconds)
335.29/335.39	['substr', 'substr', 'add', 'sub', 'sub']: UNSAT (0.058 seconds)
335.39/335.45	['substr', 'substr', 'sub', 'sub', 'sub']: UNSAT (0.057 seconds)
335.49/335.51	['substr', 'add', 'add', 'add', 'add']: UNSAT (0.055 seconds)
335.49/335.56	['substr', 'add', 'add', 'add', 'sub']: UNSAT (0.053 seconds)
335.59/335.62	['substr', 'add', 'add', 'sub', 'sub']: UNSAT (0.058 seconds)
335.59/335.68	['substr', 'add', 'sub', 'sub', 'sub']: UNSAT (0.059 seconds)
335.69/335.74	['substr', 'sub', 'sub', 'sub', 'sub']: UNSAT (0.054 seconds)
335.69/335.79	['add', 'add', 'add', 'add', 'add']: UNSAT (0.053 seconds)
335.79/335.85	['add', 'add', 'add', 'add', 'sub']: UNSAT (0.054 seconds)
335.89/335.90	['add', 'add', 'add', 'sub', 'sub']: UNSAT (0.056 seconds)
335.89/335.96	['add', 'add', 'sub', 'sub', 'sub']: UNSAT (0.052 seconds)
335.89/336.01	['add', 'sub', 'sub', 'sub', 'sub']: UNSAT (0.053 seconds)
336.02/336.06	['sub', 'sub', 'sub', 'sub', 'sub']: UNSAT (0.052 seconds)
336.02/336.12	['concat', 'concat', 'concat', 'concat', 'concat', 'concat']: UNKNOWN (78.912 seconds)
414.88/415.03	Reason: smt tactic failed to show goal to be sat/unsat max-conflicts-reached
414.88/415.03	Reason: smt tactic failed to show goal to be sat/unsat max-conflicts-reached
414.88/415.03	['concat', 'concat', 'concat', 'concat', 'concat', 'index']: UNSAT (0.077 seconds)
415.02/415.11	['concat', 'concat', 'concat', 'concat', 'concat', 'length']: UNSAT (0.074 seconds)
415.12/415.18	['concat', 'concat', 'concat', 'concat', 'concat', 'substr']: UNKNOWN (55.173 seconds)
470.28/470.35	Reason: smt tactic failed to show goal to be sat/unsat max-conflicts-reached
470.28/470.35	Reason: smt tactic failed to show goal to be sat/unsat max-conflicts-reached
470.28/470.35	['concat', 'concat', 'concat', 'concat', 'concat', 'add']: UNSAT (0.065 seconds)
470.38/470.42	['concat', 'concat', 'concat', 'concat', 'concat', 'sub']: UNSAT (0.065 seconds)
470.38/470.49	['concat', 'concat', 'concat', 'concat', 'index', 'index']: UNSAT (0.078 seconds)
470.48/470.56	['concat', 'concat', 'concat', 'concat', 'index', 'length']: UNSAT (0.066 seconds)
470.58/470.63	['concat', 'concat', 'concat', 'concat', 'index', 'substr']: UNKNOWN (51.751 seconds)
522.27/522.38	Reason: smt tactic failed to show goal to be sat/unsat max-conflicts-reached
522.27/522.38	Reason: smt tactic failed to show goal to be sat/unsat max-conflicts-reached
522.27/522.38	['concat', 'concat', 'concat', 'concat', 'index', 'add']: UNSAT (0.067 seconds)
522.37/522.45	['concat', 'concat', 'concat', 'concat', 'index', 'sub']: UNSAT (0.067 seconds)
522.47/522.52	['concat', 'concat', 'concat', 'concat', 'length', 'length']: UNSAT (0.058 seconds)
522.47/522.58	['concat', 'concat', 'concat', 'concat', 'length', 'substr']: UNKNOWN (48.332 seconds)
570.88/570.91	Reason: smt tactic failed to show goal to be sat/unsat max-conflicts-reached
570.88/570.91	Reason: smt tactic failed to show goal to be sat/unsat max-conflicts-reached
570.88/570.91	['concat', 'concat', 'concat', 'concat', 'length', 'add']: UNSAT (0.059 seconds)
570.88/570.97	['concat', 'concat', 'concat', 'concat', 'length', 'sub']: UNSAT (0.060 seconds)
570.88/571.03	['concat', 'concat', 'concat', 'concat', 'substr', 'substr']: 