0.10/0.20	=== Examples (../../dataset/examples/examples-42.json)
0.10/0.20	IO(inputs=('DO IT',), output='do it!@')
0.10/0.20	=== Library
0.10/0.20	concat
0.10/0.20	index
0.10/0.20	length
0.10/0.20	substr
0.10/0.20	add
0.10/0.20	sub
0.10/0.20	=== Synthesis
0.10/0.20	['concat']: UNSAT (0.022 seconds)
0.10/0.22	['index']: UNSAT (0.020 seconds)
0.10/0.24	['length']: UNSAT (0.017 seconds)
0.10/0.26	['substr']: UNSAT (0.021 seconds)
0.25/0.28	['add']: UNSAT (0.019 seconds)
0.25/0.30	['sub']: UNSAT (0.019 seconds)
0.25/0.32	['concat', 'concat']: UNSAT (0.040 seconds)
0.25/0.36	['concat', 'index']: UNSAT (0.029 seconds)
0.35/0.39	['concat', 'length']: UNSAT (0.024 seconds)
0.35/0.41	['concat', 'substr']: UNSAT (0.043 seconds)
0.35/0.46	['concat', 'add']: UNSAT (0.025 seconds)
0.45/0.48	['concat', 'sub']: UNSAT (0.025 seconds)
0.45/0.51	['index', 'index']: UNSAT (0.031 seconds)
0.45/0.54	['index', 'length']: UNSAT (0.025 seconds)
0.45/0.57	['index', 'substr']: UNSAT (0.033 seconds)
0.54/0.60	['index', 'add']: UNSAT (0.023 seconds)
0.54/0.62	['index', 'sub']: UNSAT (0.021 seconds)
0.62/0.65	['length', 'length']: UNSAT (0.014 seconds)
0.62/0.66	['length', 'substr']: UNSAT (0.019 seconds)
0.62/0.68	['length', 'add']: UNSAT (0.016 seconds)
0.69/0.70	['length', 'sub']: UNSAT (0.017 seconds)
0.69/0.71	['substr', 'substr']: UNSAT (0.024 seconds)
0.69/0.74	['substr', 'add']: UNSAT (0.021 seconds)
0.69/0.76	['substr', 'sub']: UNSAT (0.022 seconds)
0.69/0.78	['add', 'add']: UNSAT (0.019 seconds)
0.79/0.80	['add', 'sub']: UNSAT (0.019 seconds)
0.79/0.82	['sub', 'sub']: UNSAT (0.019 seconds)
0.79/0.84	['concat', 'concat', 'concat']: UNSAT (0.181 seconds)
0.89/1.02	['concat', 'concat', 'index']: UNSAT (0.029 seconds)
1.01/1.05	['concat', 'concat', 'length']: UNSAT (0.024 seconds)
1.01/1.08	['concat', 'concat', 'substr']: UNSAT (0.399 seconds)
1.39/1.48	['concat', 'concat', 'add']: UNSAT (0.024 seconds)
1.49/1.50	['concat', 'concat', 'sub']: UNSAT (0.025 seconds)
1.49/1.53	['concat', 'index', 'index']: UNSAT (0.033 seconds)
1.49/1.56	['concat', 'index', 'length']: UNSAT (0.027 seconds)
1.49/1.59	['concat', 'index', 'substr']: UNSAT (0.104 seconds)
1.59/1.69	['concat', 'index', 'add']: UNSAT (0.027 seconds)
1.69/1.72	['concat', 'index', 'sub']: UNSAT (0.027 seconds)
1.69/1.75	['concat', 'length', 'length']: UNSAT (0.021 seconds)
1.69/1.77	['concat', 'length', 'substr']: UNSAT (0.074 seconds)
1.79/1.84	['concat', 'length', 'add']: UNSAT (0.022 seconds)
1.79/1.87	['concat', 'length', 'sub']: UNSAT (0.021 seconds)
1.79/1.89	['concat', 'substr', 'substr']: UNSAT (0.066 seconds)
1.89/1.95	['concat', 'substr', 'add']: UNSAT (0.059 seconds)
1.89/2.01	['concat', 'substr', 'sub']: UNSAT (0.048 seconds)
2.01/2.06	['concat', 'add', 'add']: UNSAT (0.025 seconds)
2.01/2.09	['concat', 'add', 'sub']: UNSAT (0.024 seconds)
2.01/2.11	['concat', 'sub', 'sub']: UNSAT (0.025 seconds)
2.13/2.14	['index', 'index', 'index']: UNSAT (0.034 seconds)
2.13/2.17	['index', 'index', 'length']: UNSAT (0.029 seconds)
2.19/2.20	['index', 'index', 'substr']: UNSAT (0.060 seconds)
2.19/2.26	['index', 'index', 'add']: UNSAT (0.030 seconds)
2.19/2.29	['index', 'index', 'sub']: UNSAT (0.029 seconds)
2.29/2.32	['index', 'length', 'length']: UNSAT (0.022 seconds)
2.29/2.35	['index', 'length', 'substr']: UNSAT (0.029 seconds)
2.29/2.38	['index', 'length', 'add']: UNSAT (0.024 seconds)
2.39/2.40	['index', 'length', 'sub']: UNSAT (0.024 seconds)
2.39/2.43	['index', 'substr', 'substr']: UNSAT (0.063 seconds)
2.39/2.49	['index', 'substr', 'add']: UNSAT (0.034 seconds)
2.49/2.52	['index', 'substr', 'sub']: UNSAT (0.040 seconds)
2.49/2.56	['index', 'add', 'add']: UNSAT (0.029 seconds)
2.49/2.59	['index', 'add', 'sub']: UNSAT (0.029 seconds)
2.59/2.62	['index', 'sub', 'sub']: UNSAT (0.029 seconds)
2.59/2.65	['length', 'length', 'length']: UNSAT (0.018 seconds)
2.59/2.67	['length', 'length', 'substr']: UNSAT (0.024 seconds)
2.59/2.70	['length', 'length', 'add']: UNSAT (0.020 seconds)
2.69/2.72	['length', 'length', 'sub']: UNSAT (0.020 seconds)
2.69/2.74	['length', 'substr', 'substr']: UNSAT (0.034 seconds)
2.69/2.77	['length', 'substr', 'add']: UNSAT (0.028 seconds)
2.79/2.80	['length', 'substr', 'sub']: UNSAT (0.028 seconds)
2.79/2.83	['length', 'add', 'add']: UNSAT (0.023 seconds)
2.79/2.85	['length', 'add', 'sub']: UNSAT (0.023 seconds)
2.79/2.88	['length', 'sub', 'sub']: UNSAT (0.024 seconds)
2.89/2.90	['substr', 'substr', 'substr']: UNSAT (0.041 seconds)
2.89/2.94	['substr', 'substr', 'add']: UNSAT (0.036 seconds)
2.89/2.98	['substr', 'substr', 'sub']: UNSAT (0.036 seconds)
2.89/3.02	['substr', 'add', 'add']: UNSAT (0.030 seconds)
3.00/3.05	['substr', 'add', 'sub']: UNSAT (0.029 seconds)
3.00/3.08	['substr', 'sub', 'sub']: UNSAT (0.032 seconds)
3.00/3.11	['add', 'add', 'add']: UNSAT (0.027 seconds)
3.00/3.14	['add', 'add', 'sub']: UNSAT (0.027 seconds)
3.13/3.16	['add', 'sub', 'sub']: UNSAT (0.026 seconds)
3.13/3.19	['sub', 'sub', 'sub']: UNSAT (0.027 seconds)
3.19/3.22	['concat', 'concat', 'concat', 'concat']: UNSAT (5.815 seconds)
8.89/9.03	['concat', 'concat', 'concat', 'index']: UNSAT (0.041 seconds)
9.01/9.08	['concat', 'concat', 'concat', 'length']: UNSAT (0.034 seconds)
9.01/9.11	['concat', 'concat', 'concat', 'substr']: UNSAT (49.532 seconds)
58.58/58.64	['concat', 'concat', 'concat', 'add']: UNSAT (0.034 seconds)
58.58/58.68	['concat', 'concat', 'concat', 'sub']: UNSAT (0.033 seconds)
58.68/58.71	['concat', 'concat', 'index', 'index']: UNSAT (0.042 seconds)
58.68/58.75	['concat', 'concat', 'index', 'length']: UNSAT (0.036 seconds)
58.68/58.79	['concat', 'concat', 'index', 'substr']: UNSAT (2.093 seconds)
60.78/60.88	['concat', 'concat', 'index', 'add']: UNSAT (0.035 seconds)
60.88/60.92	['concat', 'concat', 'index', 'sub']: UNSAT (0.036 seconds)
60.88/60.96	['concat', 'concat', 'length', 'length']: UNSAT (0.030 seconds)
60.88/60.99	['concat', 'concat', 'length', 'substr']: UNSAT (1.276 seconds)
62.18/62.26	['concat', 'concat', 'length', 'add']: UNSAT (0.030 seconds)
62.18/62.29	['concat', 'concat', 'length', 'sub']: UNSAT (0.029 seconds)
62.28/62.32	['concat', 'concat', 'substr', 'substr']: UNSAT (1.462 seconds)
63.68/63.79	['concat', 'concat', 'substr', 'add']: UNSAT (0.721 seconds)
64.48/64.51	['concat', 'concat', 'substr', 'sub']: UNSAT (0.329 seconds)
64.78/64.84	['concat', 'concat', 'add', 'add']: UNSAT (0.032 seconds)
64.78/64.87	['concat', 'concat', 'add', 'sub']: UNSAT (0.032 seconds)
64.88/64.90	['concat', 'concat', 'sub', 'sub']: UNSAT (0.032 seconds)
64.88/64.94	['concat', 'index', 'index', 'index']: UNSAT (0.045 seconds)
64.88/64.98	['concat', 'index', 'index', 'length']: UNSAT (0.036 seconds)
64.88/65.02	['concat', 'index', 'index', 'substr']: UNSAT (0.286 seconds)
65.28/65.31	['concat', 'index', 'index', 'add']: UNSAT (0.038 seconds)
65.28/65.34	['concat', 'index', 'index', 'sub']: UNSAT (0.038 seconds)
65.28/65.38	['concat', 'index', 'length', 'length']: UNSAT (0.031 seconds)
65.38/65.41	['concat', 'index', 'length', 'substr']: UNSAT (0.186 seconds)
65.58/65.60	['concat', 'index', 'length', 'add']: UNSAT (0.032 seconds)
65.58/65.63	['concat', 'index', 'length', 'sub']: UNSAT (0.033 seconds)
65.58/65.67	['concat', 'index', 'substr', 'substr']: UNSAT (0.594 seconds)
66.18/66.26	['concat', 'index', 'substr', 'add']: UNSAT (0.310 seconds)
66.48/66.57	['concat', 'index', 'substr', 'sub']: UNSAT (0.281 seconds)
66.78/66.85	['concat', 'index', 'add', 'add']: UNSAT (0.035 seconds)
66.78/66.89	['concat', 'index', 'add', 'sub']: UNSAT (0.036 seconds)
66.88/66.93	['concat', 'index', 'sub', 'sub']: UNSAT (0.036 seconds)
66.88/66.96	['concat', 'length', 'length', 'length']: UNSAT (0.025 seconds)
66.88/66.99	['concat', 'length', 'length', 'substr']: UNSAT (0.063 seconds)
67.00/67.05	['concat', 'length', 'length', 'add']: UNSAT (0.026 seconds)
67.00/67.08	['concat', 'length', 'length', 'sub']: UNSAT (0.027 seconds)
67.00/67.11	['concat', 'length', 'substr', 'substr']: UNSAT (0.550 seconds)
67.58/67.66	['concat', 'length', 'substr', 'add']: UNSAT (0.133 seconds)
67.68/67.79	['concat', 'length', 'substr', 'sub']: UNSAT (0.133 seconds)
67.88/67.92	['concat', 'length', 'add', 'add']: UNSAT (0.032 seconds)
67.88/67.96	['concat', 'length', 'add', 'sub']: UNSAT (0.031 seconds)
67.88/67.99	['concat', 'length', 'sub', 'sub']: UNSAT (0.030 seconds)
67.88/68.02	['concat', 'substr', 'substr', 'substr']: UNSAT (0.197 seconds)
68.18/68.22	['concat', 'substr', 'substr', 'add']: UNSAT (0.170 seconds)
68.28/68.39	['concat', 'substr', 'substr', 'sub']: UNSAT (0.269 seconds)
68.58/68.66	['concat', 'substr', 'add', 'add']: UNSAT (0.166 seconds)
68.78/68.82	['concat', 'substr', 'add', 'sub']: UNSAT (0.121 seconds)
68.88/68.95	['concat', 'substr', 'sub', 'sub']: UNSAT (0.118 seconds)
69.00/69.06	['concat', 'add', 'add', 'add']: UNSAT (0.035 seconds)
69.00/69.10	['concat', 'add', 'add', 'sub']: UNSAT (0.035 seconds)
69.00/69.14	['concat', 'add', 'sub', 'sub']: UNSAT (0.035 seconds)
69.12/69.17	['concat', 'sub', 'sub', 'sub']: UNSAT (0.035 seconds)
69.18/69.21	['index', 'index', 'index', 'index']: UNSAT (0.047 seconds)
69.18/69.26	['index', 'index', 'index', 'length']: UNSAT (0.038 seconds)
69.18/69.29	['index', 'index', 'index', 'substr']: UNSAT (0.074 seconds)
69.28/69.37	['index', 'index', 'index', 'add']: UNSAT (0.044 seconds)
69.39/69.41	['index', 'index', 'index', 'sub']: UNSAT (0.043 seconds)
69.39/69.46	['index', 'index', 'length', 'length']: UNSAT (0.033 seconds)
69.39/69.49	['index', 'index', 'length', 'substr']: UNSAT (0.043 seconds)
69.48/69.53	['index', 'index', 'length', 'add']: UNSAT (0.035 seconds)
69.48/69.57	['index', 'index', 'length', 'sub']: UNSAT (0.036 seconds)
69.58/69.61	['index', 'index', 'substr', 'substr']: UNSAT (0.106 seconds)
69.68/69.71	['index', 'index', 'substr', 'add']: UNSAT (0.053 seconds)
69.68/69.77	['index', 'index', 'substr', 'sub']: UNSAT (0.056 seconds)
69.78/69.83	['index', 'index', 'add', 'add']: UNSAT (0.043 seconds)
69.78/69.87	['index', 'index', 'add', 'sub']: UNSAT (0.042 seconds)
69.88/69.91	['index', 'index', 'sub', 'sub']: UNSAT (0.042 seconds)
69.88/69.95	['index', 'length', 'length', 'length']: UNSAT (0.027 seconds)
69.88/69.98	['index', 'length', 'length', 'substr']: UNSAT (0.036 seconds)
69.88/70.02	['index', 'length', 'length', 'add']: UNSAT (0.029 seconds)
70.00/70.05	['index', 'length', 'length', 'sub']: UNSAT (0.029 seconds)
70.00/70.08	['index', 'length', 'substr', 'substr']: UNSAT (0.057 seconds)
70.00/70.14	['index', 'length', 'substr', 'add']: UNSAT (0.047 seconds)
70.12/70.18	['index', 'length', 'substr', 'sub']: UNSAT (0.044 seconds)
70.18/70.23	['index', 'length', 'add', 'add']: UNSAT (0.034 seconds)
70.18/70.26	['index', 'length', 'add', 'sub']: UNSAT (0.034 seconds)
70.28/70.30	['index', 'length', 'sub', 'sub']: UNSAT (0.034 seconds)
70.28/70.33	['index', 'substr', 'substr', 'substr']: UNSAT (0.149 seconds)
70.38/70.48	['index', 'substr', 'substr', 'add']: UNSAT (0.124 seconds)
70.58/70.61	['index', 'substr', 'substr', 'sub']: UNSAT (0.078 seconds)
70.58/70.68	['index', 'substr', 'add', 'add']: UNSAT (0.053 seconds)
70.68/70.74	['index', 'substr', 'add', 'sub']: UNSAT (0.053 seconds)
70.68/70.79	['index', 'substr', 'sub', 'sub']: UNSAT (0.051 seconds)
70.78/70.84	['index', 'add', 'add', 'add']: UNSAT (0.041 seconds)
70.78/70.89	['index', 'add', 'add', 'sub']: UNSAT (0.042 seconds)
70.88/70.93	['index', 'add', 'sub', 'sub']: UNSAT (0.041 seconds)
70.88/70.97	['index', 'sub', 'sub', 'sub']: UNSAT (0.043 seconds)
70.88/71.01	['length', 'length', 'length', 'length']: UNSAT (0.022 seconds)
71.00/71.04	['length', 'length', 'length', 'substr']: UNSAT (0.026 seconds)
71.00/71.06	['length', 'length', 'length', 'add']: UNSAT (0.024 seconds)
71.00/71.09	['length', 'length', 'length', 'sub']: UNSAT (0.023 seconds)
71.00/71.11	['length', 'length', 'substr', 'substr']: UNSAT (0.071 seconds)
71.12/71.18	['length', 'length', 'substr', 'add']: UNSAT (0.036 seconds)
71.18/71.22	['length', 'length', 'substr', 'sub']: UNSAT (0.037 seconds)
71.18/71.26	['length', 'length', 'add', 'add']: UNSAT (0.027 seconds)
71.18/71.28	['length', 'length', 'add', 'sub']: UNSAT (0.027 seconds)
71.28/71.31	['length', 'length', 'sub', 'sub']: UNSAT (0.028 seconds)
71.28/71.34	['length', 'substr', 'substr', 'substr']: UNSAT (0.089 seconds)
71.38/71.43	['length', 'substr', 'substr', 'add']: UNSAT (0.055 seconds)
71.38/71.49	['length', 'substr', 'substr', 'sub']: UNSAT (0.057 seconds)
71.48/71.54	['length', 'substr', 'add', 'add']: UNSAT (0.046 seconds)
71.48/71.59	['length', 'substr', 'add', 'sub']: UNSAT (0.047 seconds)
71.58/71.64	['length', 'substr', 'sub', 'sub']: UNSAT (0.048 seconds)
71.58/71.69	['length', 'add', 'add', 'add']: UNSAT (0.034 seconds)
71.68/71.72	['length', 'add', 'add', 'sub']: UNSAT (0.036 seconds)
71.68/71.76	['length', 'add', 'sub', 'sub']: UNSAT (0.037 seconds)
71.68/71.80	['length', 'sub', 'sub', 'sub']: UNSAT (0.034 seconds)
71.78/71.83	['substr', 'substr', 'substr', 'substr']: UNSAT (0.079 seconds)
71.88/71.91	['substr', 'substr', 'substr', 'add']: UNSAT (0.054 seconds)
71.88/71.97	['substr', 'substr', 'substr', 'sub']: UNSAT (0.055 seconds)
71.88/72.02	['substr', 'substr', 'add', 'add']: UNSAT (0.046 seconds)
72.00/72.07	['substr', 'substr', 'add', 'sub']: UNSAT (0.045 seconds)
72.00/72.11	['substr', 'substr', 'sub', 'sub']: UNSAT (0.044 seconds)
72.12/72.16	['substr', 'add', 'add', 'add']: UNSAT (0.040 seconds)
72.18/72.20	['substr', 'add', 'add', 'sub']: UNSAT (0.040 seconds)
72.18/72.24	['substr', 'add', 'sub', 'sub']: UNSAT (0.039 seconds)
72.18/72.28	['substr', 'sub', 'sub', 'sub']: UNSAT (0.040 seconds)
72.28/72.32	['add', 'add', 'add', 'add']: UNSAT (0.036 seconds)
72.28/72.36	['add', 'add', 'add', 'sub']: UNSAT (0.039 seconds)
72.28/72.40	['add', 'add', 'sub', 'sub']: UNSAT (0.038 seconds)
72.38/72.43	['add', 'sub', 'sub', 'sub']: UNSAT (0.036 seconds)
72.38/72.47	['sub', 'sub', 'sub', 'sub']: UNSAT (0.037 seconds)
72.48/72.51	['concat', 'concat', 'concat', 'concat', 'concat']: UNKNOWN (118.204 seconds)
190.68/190.72	Reason: smt tactic failed to show goal to be sat/unsat max-conflicts-reached
190.68/190.72	Reason: smt tactic failed to show goal to be sat/unsat max-conflicts-reached
190.68/190.72	['concat', 'concat', 'concat', 'concat', 'index']: UNSAT (0.060 seconds)
190.68/190.78	['concat', 'concat', 'concat', 'concat', 'length']: UNSAT (0.049 seconds)
190.78/190.83	['concat', 'concat', 'concat', 'concat', 'substr']: 