0.11/0.20	=== Examples (../../dataset/examples/examples-03.json)
0.11/0.20	IO(inputs=('hey. I hope you are doing good',), output='hey, I hope you are doing good')
0.11/0.20	=== Library
0.11/0.20	concat
0.11/0.20	index
0.11/0.20	length
0.11/0.20	substr
0.11/0.20	add
0.11/0.20	sub
0.11/0.20	=== Synthesis
0.11/0.20	['concat']: UNSAT (0.024 seconds)
0.11/0.22	['index']: UNSAT (0.020 seconds)
0.11/0.24	['length']: UNSAT (0.017 seconds)
0.11/0.26	['substr']: UNSAT (0.022 seconds)
0.11/0.28	['add']: UNSAT (0.020 seconds)
0.11/0.30	['sub']: UNSAT (0.019 seconds)
0.28/0.32	['concat', 'concat']: UNSAT (0.033 seconds)
0.28/0.36	['concat', 'index']: UNSAT (0.029 seconds)
0.28/0.39	['concat', 'length']: UNSAT (0.024 seconds)
0.28/0.41	['concat', 'substr']: UNSAT (0.050 seconds)
0.42/0.46	['concat', 'add']: UNSAT (0.027 seconds)
0.42/0.49	['concat', 'sub']: UNSAT (0.025 seconds)
0.48/0.52	['index', 'index']: UNSAT (0.031 seconds)
0.48/0.55	['index', 'length']: UNSAT (0.024 seconds)
0.54/0.57	['index', 'substr']: UNSAT (0.036 seconds)
0.54/0.61	['index', 'add']: UNSAT (0.024 seconds)
0.62/0.63	['index', 'sub']: UNSAT (0.021 seconds)
0.62/0.66	['length', 'length']: UNSAT (0.016 seconds)
0.62/0.67	['length', 'substr']: UNSAT (0.023 seconds)
0.62/0.70	['length', 'add']: UNSAT (0.020 seconds)
0.69/0.72	['length', 'sub']: UNSAT (0.018 seconds)
0.69/0.73	['substr', 'substr']: UNSAT (0.027 seconds)
0.69/0.76	['substr', 'add']: UNSAT (0.024 seconds)
0.69/0.79	['substr', 'sub']: UNSAT (0.023 seconds)
0.79/0.81	['add', 'add']: UNSAT (0.020 seconds)
0.79/0.83	['add', 'sub']: UNSAT (0.020 seconds)
0.79/0.85	['sub', 'sub']: UNSAT (0.020 seconds)
0.79/0.87	['concat', 'concat', 'concat']: UNSAT (0.088 seconds)
0.89/0.96	['concat', 'concat', 'index']: UNSAT (0.034 seconds)
0.89/1.00	['concat', 'concat', 'length']: UNSAT (0.029 seconds)
0.89/1.03	['concat', 'concat', 'substr']: SAT (0.276 seconds)
1.29/1.30	concat('hey, ', substr(concat(arg0, arg0), 35, 35))
