0.16/0.21	=== Examples (../../dataset/examples/examples-36.json)
0.16/0.21	IO(inputs=('Duis eget ultrices sapien. / Nulla eu vehicula enim, in metus.',), output='/ Nulla eu vehicula enim, in metus.')
0.16/0.21	=== Library
0.16/0.21	concat
0.16/0.21	index
0.16/0.21	length
0.16/0.21	substr
0.16/0.21	add
0.16/0.21	sub
0.16/0.21	=== Synthesis
0.16/0.21	['concat']: UNSAT (0.026 seconds)
0.16/0.23	['index']: UNSAT (0.023 seconds)
0.16/0.26	['length']: UNSAT (0.019 seconds)
0.16/0.28	['substr']: UNSAT (0.023 seconds)
0.16/0.30	['add']: UNSAT (0.019 seconds)
0.31/0.32	['sub']: UNSAT (0.019 seconds)
0.31/0.34	['concat', 'concat']: UNSAT (0.037 seconds)
0.31/0.38	['concat', 'index']: UNSAT (0.030 seconds)
0.39/0.41	['concat', 'length']: UNSAT (0.024 seconds)
0.39/0.43	['concat', 'substr']: SAT (0.053 seconds)
0.47/0.49	substr(concat(arg0, arg0), 89, 89)
