0.13/0.20	=== Examples (../../dataset/examples/examples-32.json)
0.13/0.20	IO(inputs=('random,csv',), output='random')
0.13/0.20	=== Library
0.13/0.20	concat
0.13/0.20	index
0.13/0.20	length
0.13/0.20	substr
0.13/0.20	add
0.13/0.20	sub
0.13/0.20	=== Synthesis
0.13/0.20	['concat']: UNSAT (0.022 seconds)
0.13/0.22	['index']: UNSAT (0.020 seconds)
0.13/0.24	['length']: UNSAT (0.017 seconds)
0.13/0.26	['substr']: UNSAT (0.022 seconds)
0.27/0.28	['add']: UNSAT (0.019 seconds)
0.27/0.30	['sub']: UNSAT (0.019 seconds)
0.27/0.32	['concat', 'concat']: UNSAT (0.033 seconds)
0.27/0.36	['concat', 'index']: UNSAT (0.030 seconds)
0.36/0.39	['concat', 'length']: UNSAT (0.037 seconds)
0.36/0.43	['concat', 'substr']: SAT (0.204 seconds)
0.61/0.63	concat('ran', substr(arg0, 3, 3))
