0.16/0.20	=== Examples (../../dataset/examples/examples-56.json)
0.16/0.20	IO(inputs=('what are you doing? (sorry)',), output='what are you doing?')
0.16/0.20	=== Library
0.16/0.20	concat
0.16/0.20	index
0.16/0.20	length
0.16/0.20	substr
0.16/0.20	add
0.16/0.20	sub
0.16/0.20	=== Synthesis
0.16/0.20	['concat']: UNSAT (0.023 seconds)
0.16/0.22	['index']: UNSAT (0.021 seconds)
0.16/0.25	['length']: UNSAT (0.017 seconds)
0.16/0.26	['substr']: UNSAT (0.023 seconds)
0.16/0.29	['add']: UNSAT (0.019 seconds)
0.16/0.31	['sub']: UNSAT (0.020 seconds)
0.16/0.33	['concat', 'concat']: UNSAT (0.034 seconds)
0.33/0.36	['concat', 'index']: UNSAT (0.032 seconds)
0.38/0.40	['concat', 'length']: UNSAT (0.026 seconds)
0.38/0.42	['concat', 'substr']: UNSAT (0.159 seconds)
0.56/0.58	['concat', 'add']: UNSAT (0.026 seconds)
0.56/0.61	['concat', 'sub']: UNSAT (0.024 seconds)
0.56/0.63	['index', 'index']: UNSAT (0.026 seconds)
0.62/0.66	['index', 'length']: UNSAT (0.020 seconds)
0.62/0.68	['index', 'substr']: SAT (2.049 seconds)
2.68/2.73	substr(arg0, 0, index(arg0, ' (so', 0))
