0.12/0.20	=== Examples (../../dataset/examples/examples-29.json)
0.12/0.20	IO(inputs=('Sed scelerisque, tortor sit amet.',), output='Sed')
0.12/0.20	=== Library
0.12/0.20	concat
0.12/0.20	index
0.12/0.20	length
0.12/0.20	substr
0.12/0.20	add
0.12/0.20	sub
0.12/0.20	=== Synthesis
0.12/0.20	['concat']: UNSAT (0.022 seconds)
0.12/0.22	['index']: UNSAT (0.021 seconds)
0.12/0.24	['length']: UNSAT (0.017 seconds)
0.12/0.26	['substr']: UNSAT (0.033 seconds)
0.26/0.30	['add']: UNSAT (0.019 seconds)
0.26/0.32	['sub']: UNSAT (0.019 seconds)
0.26/0.33	['concat', 'concat']: UNSAT (0.034 seconds)
0.26/0.37	['concat', 'index']: UNSAT (0.030 seconds)
0.37/0.40	['concat', 'length']: UNSAT (0.024 seconds)
0.37/0.43	['concat', 'substr']: SAT (0.073 seconds)
0.47/0.50	substr(concat(arg0, '\\x00Sed'), 34, 34)
