0.13/0.20	=== Examples (../../dataset/examples/examples-34.json)
0.13/0.20	IO(inputs=('A001 John Doe',), output='John Doe')
0.13/0.20	=== Library
0.13/0.20	concat
0.13/0.20	index
0.13/0.20	length
0.13/0.20	substr
0.13/0.20	add
0.13/0.20	sub
0.13/0.20	=== Synthesis
0.13/0.20	['concat']: UNSAT (0.022 seconds)
0.13/0.22	['index']: UNSAT (0.021 seconds)
0.13/0.24	['length']: UNSAT (0.018 seconds)
0.13/0.26	['substr']: UNSAT (0.023 seconds)
0.26/0.29	['add']: UNSAT (0.020 seconds)
0.26/0.31	['sub']: UNSAT (0.019 seconds)
0.26/0.33	['concat', 'concat']: UNSAT (0.032 seconds)
0.26/0.36	['concat', 'index']: UNSAT (0.030 seconds)
0.36/0.39	['concat', 'length']: UNSAT (0.025 seconds)
0.36/0.42	['concat', 'substr']: SAT (0.038 seconds)
0.36/0.46	substr(concat(arg0, arg0), 18, 18)
