0.13/0.20	=== Examples (../../dataset/examples/examples-43.json)
0.13/0.20	IO(inputs=('https://ThatCoolWebsite.com',), output='thatcoolwebsite.com')
0.13/0.20	=== Library
0.13/0.20	concat
0.13/0.20	index
0.13/0.20	length
0.13/0.20	substr
0.13/0.20	add
0.13/0.20	sub
0.13/0.20	=== Synthesis
0.13/0.20	['concat']: UNSAT (0.022 seconds)
0.13/0.22	['index']: UNSAT (0.021 seconds)
0.13/0.24	['length']: UNSAT (0.017 seconds)
0.13/0.26	['substr']: UNSAT (0.026 seconds)
0.25/0.29	['add']: UNSAT (0.019 seconds)
0.25/0.30	['sub']: UNSAT (0.019 seconds)
0.25/0.32	['concat', 'concat']: UNSAT (0.035 seconds)
0.25/0.36	['concat', 'index']: UNSAT (0.029 seconds)
0.35/0.39	['concat', 'length']: UNSAT (0.024 seconds)
0.35/0.41	['concat', 'substr']: UNSAT (0.057 seconds)
0.35/0.47	['concat', 'add']: UNSAT (0.025 seconds)
0.46/0.50	['concat', 'sub']: UNSAT (0.025 seconds)
0.46/0.52	['index', 'index']: UNSAT (0.030 seconds)
0.46/0.55	['index', 'length']: UNSAT (0.024 seconds)
0.46/0.58	['index', 'substr']: UNSAT (0.090 seconds)
0.63/0.67	['index', 'add']: UNSAT (0.021 seconds)
0.63/0.69	['index', 'sub']: UNSAT (0.022 seconds)
0.68/0.71	['length', 'length']: UNSAT (0.015 seconds)
0.68/0.73	['length', 'substr']: UNSAT (0.030 seconds)
0.68/0.76	['length', 'add']: UNSAT (0.017 seconds)
0.68/0.78	['length', 'sub']: UNSAT (0.017 seconds)
0.68/0.79	['substr', 'substr']: UNSAT (0.025 seconds)
0.78/0.82	['substr', 'add']: UNSAT (0.021 seconds)
0.78/0.84	['substr', 'sub']: UNSAT (0.027 seconds)
0.78/0.87	['add', 'add']: UNSAT (0.020 seconds)
0.78/0.89	['add', 'sub']: UNSAT (0.019 seconds)
0.88/0.91	['sub', 'sub']: UNSAT (0.018 seconds)
0.88/0.93	['concat', 'concat', 'concat']: UNSAT (0.076 seconds)
0.88/1.00	['concat', 'concat', 'index']: UNSAT (0.029 seconds)
0.88/1.03	['concat', 'concat', 'length']: UNSAT (0.026 seconds)
1.02/1.06	['concat', 'concat', 'substr']: UNSAT (2.037 seconds)
3.01/3.10	['concat', 'concat', 'add']: UNSAT (0.026 seconds)
3.01/3.12	['concat', 'concat', 'sub']: UNSAT (0.028 seconds)
3.11/3.15	['concat', 'index', 'index']: UNSAT (0.030 seconds)
3.11/3.18	['concat', 'index', 'length']: UNSAT (0.026 seconds)
3.19/3.21	['concat', 'index', 'substr']: UNSAT (1.843 seconds)
5.01/5.05	['concat', 'index', 'add']: UNSAT (0.029 seconds)
5.01/5.08	['concat', 'index', 'sub']: UNSAT (0.026 seconds)
5.01/5.11	['concat', 'length', 'length']: UNSAT (0.021 seconds)
5.12/5.13	['concat', 'length', 'substr']: UNSAT (0.226 seconds)
5.29/5.36	['concat', 'length', 'add']: UNSAT (0.023 seconds)
5.29/5.38	['concat', 'length', 'sub']: UNSAT (0.027 seconds)
5.39/5.41	['concat', 'substr', 'substr']: UNSAT (0.077 seconds)
5.39/5.48	['concat', 'substr', 'add']: UNSAT (0.195 seconds)
5.59/5.68	['concat', 'substr', 'sub']: UNSAT (0.096 seconds)
5.69/5.78	['concat', 'add', 'add']: UNSAT (0.026 seconds)
5.79/5.80	['concat', 'add', 'sub']: UNSAT (0.024 seconds)
5.79/5.83	['concat', 'sub', 'sub']: UNSAT (0.025 seconds)
5.79/5.85	['index', 'index', 'index']: UNSAT (0.032 seconds)
5.79/5.89	['index', 'index', 'length']: UNSAT (0.026 seconds)
5.89/5.91	['index', 'index', 'substr']: UNSAT (0.167 seconds)
6.02/6.08	['index', 'index', 'add']: UNSAT (0.029 seconds)
6.02/6.11	['index', 'index', 'sub']: UNSAT (0.030 seconds)
6.13/6.14	['index', 'length', 'length']: UNSAT (0.025 seconds)
6.13/6.17	['index', 'length', 'substr']: UNSAT (0.073 seconds)
6.19/6.24	['index', 'length', 'add']: UNSAT (0.025 seconds)
6.19/6.27	['index', 'length', 'sub']: UNSAT (0.024 seconds)
6.19/6.29	['index', 'substr', 'substr']: UNSAT (0.330 seconds)
6.59/6.62	['index', 'substr', 'add']: UNSAT (0.072 seconds)
6.59/6.69	['index', 'substr', 'sub']: UNSAT (0.128 seconds)
6.79/6.82	['index', 'add', 'add']: UNSAT (0.031 seconds)
6.79/6.85	['index', 'add', 'sub']: UNSAT (0.032 seconds)
6.79/6.88	['index', 'sub', 'sub']: UNSAT (0.033 seconds)
6.89/6.92	['length', 'length', 'length']: UNSAT (0.023 seconds)
6.89/6.94	['length', 'length', 'substr']: UNSAT (0.036 seconds)
6.89/6.98	['length', 'length', 'add']: UNSAT (0.025 seconds)
6.89/7.00	['length', 'length', 'sub']: UNSAT (0.022 seconds)
7.01/7.03	['length', 'substr', 'substr']: UNSAT (0.083 seconds)
7.01/7.11	['length', 'substr', 'add']: UNSAT (0.049 seconds)
7.11/7.16	['length', 'substr', 'sub']: UNSAT (0.056 seconds)
7.19/7.22	['length', 'add', 'add']: UNSAT (0.024 seconds)
7.19/7.24	['length', 'add', 'sub']: UNSAT (0.024 seconds)
7.19/7.27	['length', 'sub', 'sub']: UNSAT (0.023 seconds)
7.19/7.29	['substr', 'substr', 'substr']: UNSAT (0.049 seconds)
7.29/7.34	['substr', 'substr', 'add']: UNSAT (0.045 seconds)
7.29/7.38	['substr', 'substr', 'sub']: UNSAT (0.047 seconds)
7.39/7.43	['substr', 'add', 'add']: UNSAT (0.047 seconds)
7.39/7.48	['substr', 'add', 'sub']: UNSAT (0.042 seconds)
7.49/7.52	['substr', 'sub', 'sub']: UNSAT (0.038 seconds)
7.49/7.56	['add', 'add', 'add']: UNSAT (0.027 seconds)
7.49/7.59	['add', 'add', 'sub']: UNSAT (0.027 seconds)
7.59/7.62	['add', 'sub', 'sub']: UNSAT (0.026 seconds)
7.59/7.64	['sub', 'sub', 'sub']: UNSAT (0.026 seconds)
7.59/7.67	['concat', 'concat', 'concat', 'concat']: UNSAT (0.129 seconds)
7.79/7.80	['concat', 'concat', 'concat', 'index']: UNSAT (0.040 seconds)
7.79/7.84	['concat', 'concat', 'concat', 'length']: UNSAT (0.037 seconds)
7.79/7.88	['concat', 'concat', 'concat', 'substr']: UNSAT (109.031 seconds)
116.89/116.91	['concat', 'concat', 'concat', 'add']: UNSAT (0.035 seconds)
116.89/116.95	['concat', 'concat', 'concat', 'sub']: UNSAT (0.036 seconds)
116.89/116.98	['concat', 'concat', 'index', 'index']: UNSAT (0.044 seconds)
116.89/117.03	['concat', 'concat', 'index', 'length']: UNSAT (0.034 seconds)
117.02/117.06	['concat', 'concat', 'index', 'substr']: UNSAT (21.922 seconds)
138.89/138.99	['concat', 'concat', 'index', 'add']: UNSAT (0.035 seconds)
138.89/139.02	['concat', 'concat', 'index', 'sub']: UNSAT (0.038 seconds)
139.02/139.06	['concat', 'concat', 'length', 'length']: UNSAT (0.029 seconds)
139.02/139.09	['concat', 'concat', 'length', 'substr']: UNSAT (3.866 seconds)
142.89/142.96	['concat', 'concat', 'length', 'add']: UNSAT (0.029 seconds)
142.89/142.99	['concat', 'concat', 'length', 'sub']: UNSAT (0.030 seconds)
142.89/143.02	['concat', 'concat', 'substr', 'substr']: UNSAT (7.179 seconds)
150.19/150.20	['concat', 'concat', 'substr', 'add']: UNSAT (2.169 seconds)
152.29/152.37	['concat', 'concat', 'substr', 'sub']: UNSAT (0.585 seconds)
152.89/152.95	['concat', 'concat', 'add', 'add']: UNSAT (0.031 seconds)
152.89/152.98	['concat', 'concat', 'add', 'sub']: UNSAT (0.032 seconds)
152.89/153.02	['concat', 'concat', 'sub', 'sub']: UNSAT (0.031 seconds)
153.02/153.05	['concat', 'index', 'index', 'index']: UNSAT (0.043 seconds)
153.02/153.09	['concat', 'index', 'index', 'length']: UNSAT (0.040 seconds)
153.02/153.13	['concat', 'index', 'index', 'substr']: UNSAT (4.955 seconds)
158.02/158.09	['concat', 'index', 'index', 'add']: UNSAT (0.038 seconds)
158.02/158.13	['concat', 'index', 'index', 'sub']: UNSAT (0.038 seconds)
158.13/158.17	['concat', 'index', 'length', 'length']: UNSAT (0.030 seconds)
158.18/158.20	['concat', 'index', 'length', 'substr']: UNSAT (2.948 seconds)
161.13/161.15	['concat', 'index', 'length', 'add']: UNSAT (0.032 seconds)
161.13/161.18	['concat', 'index', 'length', 'sub']: UNSAT (0.032 seconds)
161.18/161.21	['concat', 'index', 'substr', 'substr']: UNSAT (12.601 seconds)
173.79/173.81	['concat', 'index', 'substr', 'add']: UNSAT (4.946 seconds)
178.69/178.76	['concat', 'index', 'substr', 'sub']: UNSAT (1.916 seconds)
180.59/180.68	['concat', 'index', 'add', 'add']: UNSAT (0.036 seconds)
180.69/180.71	['concat', 'index', 'add', 'sub']: UNSAT (0.036 seconds)
180.69/180.75	['concat', 'index', 'sub', 'sub']: UNSAT (0.036 seconds)
180.69/180.79	['concat', 'length', 'length', 'length']: UNSAT (0.027 seconds)
180.79/180.81	['concat', 'length', 'length', 'substr']: UNSAT (0.094 seconds)
180.89/180.91	['concat', 'length', 'length', 'add']: UNSAT (0.029 seconds)
180.89/180.94	['concat', 'length', 'length', 'sub']: UNSAT (0.028 seconds)
180.89/180.97	['concat', 'length', 'substr', 'substr']: UNSAT (3.412 seconds)
184.29/184.38	['concat', 'length', 'substr', 'add']: UNSAT (0.757 seconds)
185.02/185.14	['concat', 'length', 'substr', 'sub']: UNSAT (0.799 seconds)
185.89/185.94	['concat', 'length', 'add', 'add']: UNSAT (0.031 seconds)
185.89/185.97	['concat', 'length', 'add', 'sub']: UNSAT (0.030 seconds)
185.89/186.00	['concat', 'length', 'sub', 'sub']: UNSAT (0.029 seconds)
185.89/186.03	['concat', 'substr', 'substr', 'substr']: UNSAT (0.263 seconds)
186.19/186.29	['concat', 'substr', 'substr', 'add']: UNSAT (0.705 seconds)
186.89/187.00	['concat', 'substr', 'substr', 'sub']: UNSAT (0.708 seconds)
187.69/187.71	['concat', 'substr', 'add', 'add']: UNSAT (0.598 seconds)
188.29/188.31	['concat', 'substr', 'add', 'sub']: UNSAT (0.410 seconds)
188.69/188.72	['concat', 'substr', 'sub', 'sub']: UNSAT (0.207 seconds)
188.89/188.92	['concat', 'add', 'add', 'add']: UNSAT (0.035 seconds)
188.89/188.96	['concat', 'add', 'add', 'sub']: UNSAT (0.034 seconds)
188.89/189.00	['concat', 'add', 'sub', 'sub']: UNSAT (0.038 seconds)
188.89/189.03	['concat', 'sub', 'sub', 'sub']: UNSAT (0.036 seconds)
189.02/189.07	['index', 'index', 'index', 'index']: UNSAT (0.047 seconds)
189.02/189.12	['index', 'index', 'index', 'length']: UNSAT (0.038 seconds)
189.13/189.16	['index', 'index', 'index', 'substr']: UNSAT (0.234 seconds)
189.29/189.39	['index', 'index', 'index', 'add']: UNSAT (0.042 seconds)
189.39/189.44	['index', 'index', 'index', 'sub']: UNSAT (0.045 seconds)
189.39/189.48	['index', 'index', 'length', 'length']: UNSAT (0.032 seconds)
189.49/189.51	['index', 'index', 'length', 'substr']: UNSAT (0.186 seconds)
189.69/189.70	['index', 'index', 'length', 'add']: UNSAT (0.035 seconds)
189.69/189.74	['index', 'index', 'length', 'sub']: UNSAT (0.034 seconds)
189.69/189.77	['index', 'index', 'substr', 'substr']: UNSAT (1.032 seconds)
190.79/190.80	['index', 'index', 'substr', 'add']: UNSAT (0.185 seconds)
190.89/190.99	['index', 'index', 'substr', 'sub']: UNSAT (0.169 seconds)
191.13/191.16	['index', 'index', 'add', 'add']: UNSAT (0.042 seconds)
191.19/191.20	['index', 'index', 'add', 'sub']: UNSAT (0.040 seconds)
191.19/191.24	['index', 'index', 'sub', 'sub']: UNSAT (0.042 seconds)
191.19/191.29	['index', 'length', 'length', 'length']: UNSAT (0.026 seconds)
191.29/191.31	['index', 'length', 'length', 'substr']: UNSAT (0.095 seconds)
191.39/191.41	['index', 'length', 'length', 'add']: UNSAT (0.030 seconds)
191.39/191.44	['index', 'length', 'length', 'sub']: UNSAT (0.028 seconds)
191.39/191.47	['index', 'length', 'substr', 'substr']: UNSAT (0.489 seconds)
191.89/191.96	['index', 'length', 'substr', 'add']: UNSAT (0.091 seconds)
192.02/192.05	['index', 'length', 'substr', 'sub']: UNSAT (0.158 seconds)
192.19/192.21	['index', 'length', 'add', 'add']: UNSAT (0.033 seconds)
192.19/192.24	['index', 'length', 'add', 'sub']: UNSAT (0.034 seconds)
192.19/192.28	['index', 'length', 'sub', 'sub']: UNSAT (0.033 seconds)
192.29/192.31	['index', 'substr', 'substr', 'substr']: UNSAT (0.538 seconds)
192.79/192.85	['index', 'substr', 'substr', 'add']: UNSAT (0.620 seconds)
193.39/193.47	['index', 'substr', 'substr', 'sub']: UNSAT (0.387 seconds)
193.79/193.86	['index', 'substr', 'add', 'add']: UNSAT (0.119 seconds)
193.89/193.98	['index', 'substr', 'add', 'sub']: UNSAT (0.084 seconds)
194.02/194.06	['index', 'substr', 'sub', 'sub']: UNSAT (0.239 seconds)
194.29/194.30	['index', 'add', 'add', 'add']: UNSAT (0.042 seconds)
194.29/194.35	['index', 'add', 'add', 'sub']: UNSAT (0.044 seconds)
194.29/194.39	['index', 'add', 'sub', 'sub']: UNSAT (0.041 seconds)
194.39/194.43	['index', 'sub', 'sub', 'sub']: UNSAT (0.044 seconds)
194.39/194.48	['length', 'length', 'length', 'length']: UNSAT (0.022 seconds)
194.49/194.50	['length', 'length', 'length', 'substr']: UNSAT (0.026 seconds)
194.49/194.53	['length', 'length', 'length', 'add']: UNSAT (0.023 seconds)
194.49/194.55	['length', 'length', 'length', 'sub']: UNSAT (0.023 seconds)
194.49/194.57	['length', 'length', 'substr', 'substr']: UNSAT (0.396 seconds)
194.89/194.97	['length', 'length', 'substr', 'add']: UNSAT (0.087 seconds)
195.02/195.06	['length', 'length', 'substr', 'sub']: UNSAT (0.078 seconds)
195.02/195.14	['length', 'length', 'add', 'add']: UNSAT (0.030 seconds)
195.13/195.17	['length', 'length', 'add', 'sub']: UNSAT (0.029 seconds)
195.19/195.20	['length', 'length', 'sub', 'sub']: UNSAT (0.028 seconds)
195.19/195.23	['length', 'substr', 'substr', 'substr']: UNSAT (0.364 seconds)
195.49/195.59	['length', 'substr', 'substr', 'add']: UNSAT (0.334 seconds)
195.89/195.93	['length', 'substr', 'substr', 'sub']: UNSAT (0.361 seconds)
196.19/196.29	['length', 'substr', 'add', 'add']: UNSAT (0.107 seconds)
196.39/196.40	['length', 'substr', 'add', 'sub']: UNSAT (0.109 seconds)
196.49/196.51	['length', 'substr', 'sub', 'sub']: UNSAT (0.124 seconds)
196.59/196.63	['length', 'add', 'add', 'add']: UNSAT (0.034 seconds)
196.59/196.67	['length', 'add', 'add', 'sub']: UNSAT (0.035 seconds)
196.69/196.70	['length', 'add', 'sub', 'sub']: UNSAT (0.033 seconds)
196.69/196.74	['length', 'sub', 'sub', 'sub']: UNSAT (0.033 seconds)
196.69/196.77	['substr', 'substr', 'substr', 'substr']: UNSAT (0.129 seconds)
196.89/196.90	['substr', 'substr', 'substr', 'add']: UNSAT (0.109 seconds)
196.89/197.01	['substr', 'substr', 'substr', 'sub']: UNSAT (0.124 seconds)
197.02/197.14	['substr', 'substr', 'add', 'add']: UNSAT (0.102 seconds)
197.19/197.24	['substr', 'substr', 'add', 'sub']: UNSAT (0.116 seconds)
197.29/197.36	['substr', 'substr', 'sub', 'sub']: UNSAT (0.172 seconds)
197.49/197.53	['substr', 'add', 'add', 'add']: UNSAT (0.267 seconds)
197.69/197.79	['substr', 'add', 'add', 'sub']: UNSAT (0.150 seconds)
197.89/197.95	['substr', 'add', 'sub', 'sub']: UNSAT (0.124 seconds)
198.02/198.07	['substr', 'sub', 'sub', 'sub']: UNSAT (0.110 seconds)
198.13/198.18	['add', 'add', 'add', 'add']: UNSAT (0.041 seconds)
198.19/198.22	['add', 'add', 'add', 'sub']: UNSAT (0.039 seconds)
198.19/198.26	['add', 'add', 'sub', 'sub']: UNSAT (0.040 seconds)
198.29/198.30	['add', 'sub', 'sub', 'sub']: UNSAT (0.039 seconds)
198.29/198.34	['sub', 'sub', 'sub', 'sub']: UNSAT (0.040 seconds)
198.29/198.38	['concat', 'concat', 'concat', 'concat', 'concat']: UNSAT (0.226 seconds)
198.59/198.61	['concat', 'concat', 'concat', 'concat', 'index']: UNSAT (0.053 seconds)
198.59/198.67	['concat', 'concat', 'concat', 'concat', 'length']: UNSAT (0.046 seconds)
198.69/198.71	['concat', 'concat', 'concat', 'concat', 'substr']: UNKNOWN (238.366 seconds)
437.02/437.08	Reason: smt tactic failed to show goal to be sat/unsat max-conflicts-reached
437.02/437.08	Reason: smt tactic failed to show goal to be sat/unsat max-conflicts-reached
437.02/437.08	['concat', 'concat', 'concat', 'concat', 'add']: UNSAT (0.046 seconds)
437.02/437.13	['concat', 'concat', 'concat', 'concat', 'sub']: UNSAT (0.048 seconds)
437.13/437.18	['concat', 'concat', 'concat', 'index', 'index']: UNSAT (0.057 seconds)
437.17/437.23	['concat', 'concat', 'concat', 'index', 'length']: UNSAT (0.049 seconds)
437.17/437.28	['concat', 'concat', 'concat', 'index', 'substr']: 