0.13/0.20	=== Examples (../../dataset/examples/examples-70.json)
0.13/0.20	IO(inputs=('  like no spaces at all!!!  ',), output='likenospacesatall!!!')
0.13/0.20	=== Library
0.13/0.20	concat
0.13/0.20	index
0.13/0.20	length
0.13/0.20	substr
0.13/0.20	add
0.13/0.20	sub
0.13/0.20	=== Synthesis
0.13/0.20	['concat']: UNSAT (0.022 seconds)
0.13/0.22	['index']: UNSAT (0.020 seconds)
0.13/0.24	['length']: UNSAT (0.017 seconds)
0.13/0.26	['substr']: UNSAT (0.022 seconds)
0.13/0.28	['add']: UNSAT (0.019 seconds)
0.27/0.30	['sub']: UNSAT (0.019 seconds)
0.27/0.32	['concat', 'concat']: UNSAT (0.033 seconds)
0.27/0.35	['concat', 'index']: UNSAT (0.031 seconds)
0.37/0.38	['concat', 'length']: UNSAT (0.024 seconds)
0.37/0.41	['concat', 'substr']: UNSAT (0.057 seconds)
0.37/0.47	['concat', 'add']: UNSAT (0.026 seconds)
0.46/0.49	['concat', 'sub']: UNSAT (0.025 seconds)
0.46/0.52	['index', 'index']: UNSAT (0.031 seconds)
0.46/0.55	['index', 'length']: UNSAT (0.026 seconds)
0.55/0.58	['index', 'substr']: UNSAT (0.351 seconds)
0.88/0.93	['index', 'add']: UNSAT (0.022 seconds)
0.88/0.95	['index', 'sub']: UNSAT (0.022 seconds)
0.88/0.97	['length', 'length']: UNSAT (0.016 seconds)
0.88/0.99	['length', 'substr']: UNSAT (0.034 seconds)
0.88/1.02	['length', 'add']: UNSAT (0.018 seconds)
1.03/1.04	['length', 'sub']: UNSAT (0.018 seconds)
1.03/1.06	['substr', 'substr']: UNSAT (0.026 seconds)
1.03/1.09	['substr', 'add']: UNSAT (0.024 seconds)
1.03/1.11	['substr', 'sub']: UNSAT (0.028 seconds)
1.13/1.14	['add', 'add']: UNSAT (0.021 seconds)
1.13/1.16	['add', 'sub']: UNSAT (0.021 seconds)
1.13/1.18	['sub', 'sub']: UNSAT (0.020 seconds)
1.19/1.20	['concat', 'concat', 'concat']: UNSAT (0.080 seconds)
1.19/1.28	['concat', 'concat', 'index']: UNSAT (0.032 seconds)
1.29/1.32	['concat', 'concat', 'length']: UNSAT (0.028 seconds)
1.29/1.35	['concat', 'concat', 'substr']: UNSAT (1.383 seconds)
2.69/2.73	['concat', 'concat', 'add']: UNSAT (0.028 seconds)
2.69/2.76	['concat', 'concat', 'sub']: UNSAT (0.029 seconds)
2.69/2.79	['concat', 'index', 'index']: UNSAT (0.033 seconds)
2.79/2.82	['concat', 'index', 'length']: UNSAT (0.028 seconds)
2.79/2.85	['concat', 'index', 'substr']: UNSAT (1.550 seconds)
4.38/4.40	['concat', 'index', 'add']: UNSAT (0.030 seconds)
4.38/4.43	['concat', 'index', 'sub']: UNSAT (0.033 seconds)
4.38/4.47	['concat', 'length', 'length']: UNSAT (0.023 seconds)
4.38/4.49	['concat', 'length', 'substr']: UNSAT (0.465 seconds)
4.88/4.96	['concat', 'length', 'add']: UNSAT (0.025 seconds)
4.88/4.98	['concat', 'length', 'sub']: UNSAT (0.024 seconds)
4.88/5.01	['concat', 'substr', 'substr']: UNSAT (0.084 seconds)
5.03/5.09	['concat', 'substr', 'add']: UNSAT (0.152 seconds)
5.18/5.24	['concat', 'substr', 'sub']: UNSAT (0.081 seconds)
5.28/5.33	['concat', 'add', 'add']: UNSAT (0.026 seconds)
5.28/5.35	['concat', 'add', 'sub']: UNSAT (0.026 seconds)
5.28/5.38	['concat', 'sub', 'sub']: UNSAT (0.029 seconds)
5.38/5.41	['index', 'index', 'index']: UNSAT (0.035 seconds)
5.38/5.44	['index', 'index', 'length']: UNSAT (0.028 seconds)
5.38/5.47	['index', 'index', 'substr']: UNSAT (0.215 seconds)
5.58/5.69	['index', 'index', 'add']: UNSAT (0.031 seconds)
5.68/5.72	['index', 'index', 'sub']: UNSAT (0.034 seconds)
5.68/5.76	['index', 'length', 'length']: UNSAT (0.027 seconds)
5.68/5.78	['index', 'length', 'substr']: UNSAT (0.086 seconds)
5.78/5.87	['index', 'length', 'add']: UNSAT (0.028 seconds)
5.88/5.90	['index', 'length', 'sub']: UNSAT (0.028 seconds)
5.88/5.93	['index', 'substr', 'substr']: UNSAT (0.170 seconds)
6.02/6.10	['index', 'substr', 'add']: UNSAT (0.075 seconds)
6.12/6.18	['index', 'substr', 'sub']: UNSAT (0.076 seconds)
6.18/6.25	['index', 'add', 'add']: UNSAT (0.029 seconds)
6.18/6.28	['index', 'add', 'sub']: UNSAT (0.033 seconds)
6.28/6.32	['index', 'sub', 'sub']: UNSAT (0.030 seconds)
6.28/6.35	['length', 'length', 'length']: UNSAT (0.019 seconds)
6.28/6.37	['length', 'length', 'substr']: UNSAT (0.030 seconds)
6.38/6.40	['length', 'length', 'add']: UNSAT (0.023 seconds)
6.38/6.42	['length', 'length', 'sub']: UNSAT (0.023 seconds)
6.38/6.44	['length', 'substr', 'substr']: UNSAT (0.101 seconds)
6.48/6.55	['length', 'substr', 'add']: UNSAT (0.058 seconds)
6.58/6.60	['length', 'substr', 'sub']: UNSAT (0.063 seconds)
6.58/6.67	['length', 'add', 'add']: UNSAT (0.025 seconds)
6.58/6.69	['length', 'add', 'sub']: UNSAT (0.025 seconds)
6.68/6.72	['length', 'sub', 'sub']: UNSAT (0.024 seconds)
6.68/6.74	['substr', 'substr', 'substr']: UNSAT (0.055 seconds)
6.78/6.80	['substr', 'substr', 'add']: UNSAT (0.048 seconds)
6.78/6.85	['substr', 'substr', 'sub']: UNSAT (0.048 seconds)
6.88/6.90	['substr', 'add', 'add']: UNSAT (0.054 seconds)
6.88/6.95	['substr', 'add', 'sub']: UNSAT (0.046 seconds)
6.88/7.00	['substr', 'sub', 'sub']: UNSAT (0.068 seconds)
7.02/7.07	['add', 'add', 'add']: UNSAT (0.043 seconds)
7.02/7.11	['add', 'add', 'sub']: UNSAT (0.038 seconds)
7.13/7.15	['add', 'sub', 'sub']: UNSAT (0.038 seconds)
7.13/7.19	['sub', 'sub', 'sub']: UNSAT (0.038 seconds)
7.18/7.23	['concat', 'concat', 'concat', 'concat']: UNSAT (0.196 seconds)
7.38/7.42	['concat', 'concat', 'concat', 'index']: UNSAT (0.057 seconds)
7.38/7.48	['concat', 'concat', 'concat', 'length']: UNSAT (0.048 seconds)
7.48/7.53	['concat', 'concat', 'concat', 'substr']: UNKNOWN (124.994 seconds)
132.48/132.53	Reason: smt tactic failed to show goal to be sat/unsat max-conflicts-reached
132.48/132.53	Reason: smt tactic failed to show goal to be sat/unsat max-conflicts-reached
132.48/132.53	['concat', 'concat', 'concat', 'add']: UNSAT (0.041 seconds)
132.48/132.57	['concat', 'concat', 'concat', 'sub']: UNSAT (0.038 seconds)
132.58/132.61	['concat', 'concat', 'index', 'index']: UNSAT (0.046 seconds)
132.58/132.65	['concat', 'concat', 'index', 'length']: UNSAT (0.039 seconds)
132.58/132.69	['concat', 'concat', 'index', 'substr']: UNSAT (48.050 seconds)
180.68/180.75	['concat', 'concat', 'index', 'add']: UNSAT (0.037 seconds)
180.68/180.78	['concat', 'concat', 'index', 'sub']: UNSAT (0.041 seconds)
180.78/180.82	['concat', 'concat', 'length', 'length']: UNSAT (0.033 seconds)
180.78/180.86	['concat', 'concat', 'length', 'substr']: UNSAT (4.936 seconds)
185.68/185.79	['concat', 'concat', 'length', 'add']: UNSAT (0.034 seconds)
185.78/185.83	['concat', 'concat', 'length', 'sub']: UNSAT (0.032 seconds)
185.78/185.86	['concat', 'concat', 'substr', 'substr']: UNSAT (9.506 seconds)
195.28/195.37	['concat', 'concat', 'substr', 'add']: UNSAT (3.539 seconds)
198.88/198.91	['concat', 'concat', 'substr', 'sub']: UNSAT (0.917 seconds)
199.78/199.83	['concat', 'concat', 'add', 'add']: UNSAT (0.038 seconds)
199.78/199.87	['concat', 'concat', 'add', 'sub']: UNSAT (0.036 seconds)
199.88/199.90	['concat', 'concat', 'sub', 'sub']: UNSAT (0.038 seconds)
199.88/199.94	['concat', 'index', 'index', 'index']: UNSAT (0.044 seconds)
199.88/199.99	['concat', 'index', 'index', 'length']: UNSAT (0.041 seconds)
199.88/200.03	['concat', 'index', 'index', 'substr']: UNSAT (7.240 seconds)
207.17/207.27	['concat', 'index', 'index', 'add']: UNSAT (0.041 seconds)
207.27/207.31	['concat', 'index', 'index', 'sub']: UNSAT (0.041 seconds)
207.27/207.35	['concat', 'index', 'length', 'length']: UNSAT (0.034 seconds)
207.27/207.39	['concat', 'index', 'length', 'substr']: UNSAT (3.749 seconds)
211.01/211.14	['concat', 'index', 'length', 'add']: UNSAT (0.037 seconds)
211.12/211.18	['concat', 'index', 'length', 'sub']: UNSAT (0.033 seconds)
211.17/211.21	['concat', 'index', 'substr', 'substr']: UNSAT (10.870 seconds)
222.01/222.08	['concat', 'index', 'substr', 'add']: UNSAT (3.698 seconds)
225.67/225.78	['concat', 'index', 'substr', 'sub']: UNSAT (2.805 seconds)
228.47/228.59	['concat', 'index', 'add', 'add']: UNSAT (0.042 seconds)
228.57/228.63	['concat', 'index', 'add', 'sub']: UNSAT (0.036 seconds)
228.57/228.66	['concat', 'index', 'sub', 'sub']: UNSAT (0.038 seconds)
228.67/228.70	['concat', 'length', 'length', 'length']: UNSAT (0.029 seconds)
228.67/228.73	['concat', 'length', 'length', 'substr']: UNSAT (0.093 seconds)
228.77/228.83	['concat', 'length', 'length', 'add']: UNSAT (0.027 seconds)
228.77/228.85	['concat', 'length', 'length', 'sub']: UNSAT (0.029 seconds)
228.77/228.88	['concat', 'length', 'substr', 'substr']: UNSAT (3.055 seconds)
231.87/231.94	['concat', 'length', 'substr', 'add']: UNSAT (0.641 seconds)
232.47/232.58	['concat', 'length', 'substr', 'sub']: UNSAT (0.796 seconds)
233.27/233.38	['concat', 'length', 'add', 'add']: UNSAT (0.030 seconds)
233.37/233.41	['concat', 'length', 'add', 'sub']: UNSAT (0.030 seconds)
233.37/233.44	['concat', 'length', 'sub', 'sub']: UNSAT (0.032 seconds)
233.37/233.47	['concat', 'substr', 'substr', 'substr']: UNSAT (0.284 seconds)
233.67/233.76	['concat', 'substr', 'substr', 'add']: UNSAT (1.011 seconds)
234.67/234.77	['concat', 'substr', 'substr', 'sub']: UNSAT (0.822 seconds)
235.47/235.59	['concat', 'substr', 'add', 'add']: UNSAT (0.628 seconds)
236.17/236.22	['concat', 'substr', 'add', 'sub']: UNSAT (0.340 seconds)
236.47/236.56	['concat', 'substr', 'sub', 'sub']: UNSAT (0.210 seconds)
236.67/236.77	['concat', 'add', 'add', 'add']: UNSAT (0.042 seconds)
236.77/236.81	['concat', 'add', 'add', 'sub']: UNSAT (0.035 seconds)
236.77/236.85	['concat', 'add', 'sub', 'sub']: UNSAT (0.038 seconds)
236.77/236.89	['concat', 'sub', 'sub', 'sub']: UNSAT (0.039 seconds)
236.87/236.93	['index', 'index', 'index', 'index']: UNSAT (0.052 seconds)
236.87/236.98	['index', 'index', 'index', 'length']: UNSAT (0.041 seconds)
236.87/237.02	['index', 'index', 'index', 'substr']: UNSAT (0.623 seconds)
237.57/237.65	['index', 'index', 'index', 'add']: UNSAT (0.045 seconds)
237.57/237.69	['index', 'index', 'index', 'sub']: UNSAT (0.045 seconds)
237.67/237.74	['index', 'index', 'length', 'length']: UNSAT (0.036 seconds)
237.67/237.78	['index', 'index', 'length', 'substr']: UNSAT (0.191 seconds)
237.87/237.97	['index', 'index', 'length', 'add']: UNSAT (0.039 seconds)
237.87/238.01	['index', 'index', 'length', 'sub']: UNSAT (0.038 seconds)
238.01/238.05	['index', 'index', 'substr', 'substr']: UNSAT (1.273 seconds)
239.27/239.32	['index', 'index', 'substr', 'add']: UNSAT (0.233 seconds)
239.47/239.55	['index', 'index', 'substr', 'sub']: UNSAT (0.154 seconds)
239.67/239.71	['index', 'index', 'add', 'add']: UNSAT (0.044 seconds)
239.67/239.75	['index', 'index', 'add', 'sub']: UNSAT (0.046 seconds)
239.78/239.80	['index', 'index', 'sub', 'sub']: UNSAT (0.045 seconds)
239.78/239.85	['index', 'length', 'length', 'length']: UNSAT (0.031 seconds)
239.78/239.88	['index', 'length', 'length', 'substr']: UNSAT (0.113 seconds)
239.88/239.99	['index', 'length', 'length', 'add']: UNSAT (0.035 seconds)
239.88/240.03	['index', 'length', 'length', 'sub']: UNSAT (0.030 seconds)
240.02/240.06	['index', 'length', 'substr', 'substr']: UNSAT (0.480 seconds)
240.48/240.54	['index', 'length', 'substr', 'add']: UNSAT (0.142 seconds)
240.58/240.68	['index', 'length', 'substr', 'sub']: UNSAT (0.126 seconds)
240.78/240.81	['index', 'length', 'add', 'add']: UNSAT (0.038 seconds)
240.78/240.85	['index', 'length', 'add', 'sub']: UNSAT (0.038 seconds)
240.78/240.89	['index', 'length', 'sub', 'sub']: UNSAT (0.037 seconds)
240.88/240.92	['index', 'substr', 'substr', 'substr']: UNSAT (0.603 seconds)
241.48/241.53	['index', 'substr', 'substr', 'add']: UNSAT (0.565 seconds)
242.02/242.09	['index', 'substr', 'substr', 'sub']: UNSAT (0.500 seconds)
242.48/242.60	['index', 'substr', 'add', 'add']: UNSAT (0.137 seconds)
242.68/242.73	['index', 'substr', 'add', 'sub']: UNSAT (0.097 seconds)
242.78/242.83	['index', 'substr', 'sub', 'sub']: UNSAT (0.217 seconds)
243.02/243.05	['index', 'add', 'add', 'add']: UNSAT (0.046 seconds)
243.02/243.09	['index', 'add', 'add', 'sub']: UNSAT (0.043 seconds)
243.12/243.14	['index', 'add', 'sub', 'sub']: UNSAT (0.046 seconds)
243.12/243.18	['index', 'sub', 'sub', 'sub']: UNSAT (0.048 seconds)
243.18/243.23	['length', 'length', 'length', 'length']: UNSAT (0.023 seconds)
243.18/243.26	['length', 'length', 'length', 'substr']: UNSAT (0.029 seconds)
243.18/243.29	['length', 'length', 'length', 'add']: UNSAT (0.027 seconds)
243.28/243.31	['length', 'length', 'length', 'sub']: UNSAT (0.026 seconds)
243.28/243.34	['length', 'length', 'substr', 'substr']: UNSAT (0.410 seconds)
243.68/243.75	['length', 'length', 'substr', 'add']: UNSAT (0.109 seconds)
243.78/243.86	['length', 'length', 'substr', 'sub']: UNSAT (0.086 seconds)
243.88/243.95	['length', 'length', 'add', 'add']: UNSAT (0.031 seconds)
243.88/243.98	['length', 'length', 'add', 'sub']: UNSAT (0.030 seconds)
243.88/244.01	['length', 'length', 'sub', 'sub']: UNSAT (0.036 seconds)
244.01/244.05	['length', 'substr', 'substr', 'substr']: UNSAT (0.431 seconds)
244.38/244.48	['length', 'substr', 'substr', 'add']: UNSAT (0.322 seconds)
244.78/244.80	['length', 'substr', 'substr', 'sub']: UNSAT (0.396 seconds)
245.18/245.20	['length', 'substr', 'add', 'add']: UNSAT (0.115 seconds)
245.28/245.32	['length', 'substr', 'add', 'sub']: UNSAT (0.117 seconds)
245.38/245.43	['length', 'substr', 'sub', 'sub']: UNSAT (0.132 seconds)
245.48/245.57	['length', 'add', 'add', 'add']: UNSAT (0.035 seconds)
245.58/245.60	['length', 'add', 'add', 'sub']: UNSAT (0.034 seconds)
245.58/245.64	['length', 'add', 'sub', 'sub']: UNSAT (0.034 seconds)
245.58/245.67	['length', 'sub', 'sub', 'sub']: UNSAT (0.037 seconds)
245.68/245.71	['substr', 'substr', 'substr', 'substr']: UNSAT (0.139 seconds)
245.78/245.85	['substr', 'substr', 'substr', 'add']: UNSAT (0.109 seconds)
245.88/245.96	['substr', 'substr', 'substr', 'sub']: UNSAT (0.139 seconds)
246.02/246.10	['substr', 'substr', 'add', 'add']: UNSAT (0.105 seconds)
246.18/246.21	['substr', 'substr', 'add', 'sub']: UNSAT (0.123 seconds)
246.28/246.33	['substr', 'substr', 'sub', 'sub']: UNSAT (0.123 seconds)
246.38/246.45	['substr', 'add', 'add', 'add']: UNSAT (0.276 seconds)
246.68/246.73	['substr', 'add', 'add', 'sub']: UNSAT (0.170 seconds)
246.88/246.90	['substr', 'add', 'sub', 'sub']: UNSAT (0.142 seconds)
247.02/247.05	['substr', 'sub', 'sub', 'sub']: UNSAT (0.116 seconds)
247.12/247.16	['add', 'add', 'add', 'add']: UNSAT (0.041 seconds)
247.18/247.20	['add', 'add', 'add', 'sub']: UNSAT (0.037 seconds)
247.18/247.24	['add', 'add', 'sub', 'sub']: UNSAT (0.040 seconds)
247.18/247.28	['add', 'sub', 'sub', 'sub']: UNSAT (0.040 seconds)
247.28/247.32	['sub', 'sub', 'sub', 'sub']: UNSAT (0.038 seconds)
247.28/247.36	['concat', 'concat', 'concat', 'concat', 'concat']: UNSAT (0.226 seconds)
247.48/247.59	['concat', 'concat', 'concat', 'concat', 'index']: UNSAT (0.053 seconds)
247.58/247.64	['concat', 'concat', 'concat', 'concat', 'length']: UNSAT (0.051 seconds)
247.58/247.69	['concat', 'concat', 'concat', 'concat', 'substr']: UNKNOWN (274.471 seconds)
522.11/522.17	Reason: smt tactic failed to show goal to be sat/unsat max-conflicts-reached
522.11/522.17	Reason: smt tactic failed to show goal to be sat/unsat max-conflicts-reached
522.11/522.17	['concat', 'concat', 'concat', 'concat', 'add']: UNSAT (0.052 seconds)
522.16/522.22	['concat', 'concat', 'concat', 'concat', 'sub']: UNSAT (0.055 seconds)
522.16/522.27	['concat', 'concat', 'concat', 'index', 'index']: UNSAT (0.061 seconds)
522.27/522.34	['concat', 'concat', 'concat', 'index', 'length']: UNSAT (0.049 seconds)
522.27/522.39	['concat', 'concat', 'concat', 'index', 'substr']: 