0.12/0.20	=== Examples (../../dataset/examples/examples-54.json)
0.12/0.20	IO(inputs=(' this is the same as trim man...  ',), output='this is the same as trim man...')
0.12/0.20	=== Library
0.12/0.20	concat
0.12/0.20	index
0.12/0.20	length
0.12/0.20	substr
0.12/0.20	add
0.12/0.20	sub
0.12/0.20	=== Synthesis
0.12/0.20	['concat']: UNSAT (0.022 seconds)
0.12/0.22	['index']: UNSAT (0.021 seconds)
0.12/0.24	['length']: UNSAT (0.017 seconds)
0.12/0.26	['substr']: UNSAT (0.024 seconds)
0.26/0.29	['add']: UNSAT (0.019 seconds)
0.26/0.31	['sub']: UNSAT (0.019 seconds)
0.26/0.33	['concat', 'concat']: UNSAT (0.035 seconds)
0.35/0.36	['concat', 'index']: UNSAT (0.030 seconds)
0.35/0.39	['concat', 'length']: UNSAT (0.025 seconds)
0.35/0.42	['concat', 'substr']: UNSAT (0.070 seconds)
0.44/0.49	['concat', 'add']: UNSAT (0.027 seconds)
0.44/0.52	['concat', 'sub']: UNSAT (0.026 seconds)
0.44/0.54	['index', 'index']: UNSAT (0.032 seconds)
0.44/0.58	['index', 'length']: UNSAT (0.025 seconds)
0.44/0.60	['index', 'substr']: SAT (0.200 seconds)
0.79/0.81	substr(arg0, 1, index(arg0, '. ', 1))
