0.10/0.20	=== Examples (../../dataset/examples/examples-44.json)
0.10/0.20	IO(inputs=('My Bed is not your bed',), output='my is not your bed')
0.10/0.20	=== Library
0.10/0.20	concat
0.10/0.20	index
0.10/0.20	length
0.10/0.20	substr
0.10/0.20	add
0.10/0.20	sub
0.10/0.20	=== Synthesis
0.10/0.20	['concat']: UNSAT (0.022 seconds)
0.10/0.22	['index']: UNSAT (0.020 seconds)
0.10/0.24	['length']: UNSAT (0.017 seconds)
0.10/0.26	['substr']: UNSAT (0.022 seconds)
0.25/0.28	['add']: UNSAT (0.019 seconds)
0.25/0.30	['sub']: UNSAT (0.019 seconds)
0.25/0.32	['concat', 'concat']: UNSAT (0.033 seconds)
0.25/0.36	['concat', 'index']: UNSAT (0.030 seconds)
0.35/0.39	['concat', 'length']: UNSAT (0.024 seconds)
0.35/0.41	['concat', 'substr']: UNSAT (0.052 seconds)
0.35/0.46	['concat', 'add']: UNSAT (0.025 seconds)
0.45/0.49	['concat', 'sub']: UNSAT (0.025 seconds)
0.45/0.51	['index', 'index']: UNSAT (0.031 seconds)
0.45/0.55	['index', 'length']: UNSAT (0.024 seconds)
0.45/0.57	['index', 'substr']: UNSAT (0.080 seconds)
0.63/0.65	['index', 'add']: UNSAT (0.022 seconds)
0.63/0.67	['index', 'sub']: UNSAT (0.021 seconds)
0.63/0.70	['length', 'length']: UNSAT (0.015 seconds)
0.69/0.71	['length', 'substr']: UNSAT (0.029 seconds)
0.69/0.74	['length', 'add']: UNSAT (0.018 seconds)
0.69/0.76	['length', 'sub']: UNSAT (0.017 seconds)
0.69/0.78	['substr', 'substr']: UNSAT (0.026 seconds)
0.79/0.80	['substr', 'add']: UNSAT (0.023 seconds)
0.79/0.83	['substr', 'sub']: UNSAT (0.025 seconds)
0.79/0.85	['add', 'add']: UNSAT (0.021 seconds)
0.79/0.87	['add', 'sub']: UNSAT (0.020 seconds)
0.79/0.89	['sub', 'sub']: UNSAT (0.020 seconds)
0.89/0.91	['concat', 'concat', 'concat']: UNSAT (0.073 seconds)
0.89/0.99	['concat', 'concat', 'index']: UNSAT (0.031 seconds)
0.89/1.02	['concat', 'concat', 'length']: UNSAT (0.026 seconds)
1.01/1.05	['concat', 'concat', 'substr']: SAT (0.234 seconds)
1.19/1.28	concat('my is', substr(concat('my is', arg0), 14, 14))
