0.12/0.20	=== Examples (../../dataset/examples/examples-15.json)
0.12/0.20	IO(inputs=('abc',), output='ABC')
0.12/0.20	=== Library
0.12/0.20	concat
0.12/0.20	index
0.12/0.20	length
0.12/0.20	substr
0.12/0.20	add
0.12/0.20	sub
0.12/0.20	=== Synthesis
0.12/0.20	['concat']: UNSAT (0.022 seconds)
0.12/0.22	['index']: UNSAT (0.021 seconds)
0.12/0.24	['length']: UNSAT (0.018 seconds)
0.12/0.26	['substr']: UNSAT (0.022 seconds)
0.26/0.28	['add']: UNSAT (0.019 seconds)
0.26/0.30	['sub']: UNSAT (0.019 seconds)
0.26/0.32	['concat', 'concat']: UNSAT (0.031 seconds)
0.26/0.36	['concat', 'index']: UNSAT (0.031 seconds)
0.36/0.39	['concat', 'length']: UNSAT (0.024 seconds)
0.36/0.41	['concat', 'substr']: SAT (0.035 seconds)
0.36/0.45	substr(concat(arg0, '\\x00ABC'), 4, 4)
