0.12/0.20	=== Examples (../../dataset/examples/examples-88.json)
0.12/0.20	IO(inputs=('alo_helloworld',), output='hellowor')
0.12/0.20	=== Library
0.12/0.20	concat
0.12/0.20	index
0.12/0.20	length
0.12/0.20	substr
0.12/0.20	add
0.12/0.20	sub
0.12/0.20	=== Synthesis
0.12/0.20	['concat']: UNSAT (0.022 seconds)
0.12/0.22	['index']: UNSAT (0.021 seconds)
0.12/0.24	['length']: UNSAT (0.018 seconds)
0.12/0.26	['substr']: UNSAT (0.023 seconds)
0.27/0.29	['add']: UNSAT (0.019 seconds)
0.27/0.31	['sub']: UNSAT (0.019 seconds)
0.27/0.32	['concat', 'concat']: UNSAT (0.032 seconds)
0.27/0.36	['concat', 'index']: UNSAT (0.030 seconds)
0.37/0.39	['concat', 'length']: UNSAT (0.024 seconds)
0.37/0.41	['concat', 'substr']: SAT (0.082 seconds)
0.47/0.50	substr(concat('\\x00\\x00\\x00\\x00', arg0), 8, 8)
