0.13/0.20	=== Examples (../../dataset/examples/examples-37.json)
0.13/0.20	IO(inputs=('Duis eget ultrices sapien. / Nulla eu vehicula enim, in metus.',), output='/ Nulla eu')
0.13/0.20	=== Library
0.13/0.20	concat
0.13/0.20	index
0.13/0.20	length
0.13/0.20	substr
0.13/0.20	add
0.13/0.20	sub
0.13/0.20	=== Synthesis
0.13/0.20	['concat']: UNSAT (0.023 seconds)
0.13/0.22	['index']: UNSAT (0.022 seconds)
0.13/0.25	['length']: UNSAT (0.017 seconds)
0.13/0.26	['substr']: UNSAT (0.029 seconds)
0.27/0.29	['add']: UNSAT (0.019 seconds)
0.27/0.31	['sub']: UNSAT (0.019 seconds)
0.27/0.33	['concat', 'concat']: UNSAT (0.036 seconds)
0.27/0.37	['concat', 'index']: UNSAT (0.029 seconds)
0.27/0.40	['concat', 'length']: UNSAT (0.024 seconds)
0.39/0.42	['concat', 'substr']: UNSAT (0.735 seconds)
1.13/1.16	['concat', 'add']: UNSAT (0.019 seconds)
1.13/1.18	['concat', 'sub']: UNSAT (0.018 seconds)
1.18/1.20	['index', 'index']: UNSAT (0.026 seconds)
1.18/1.22	['index', 'length']: UNSAT (0.023 seconds)
1.18/1.25	['index', 'substr']: SAT (2.392 seconds)
3.58/3.64	substr(arg0, index(arg0, '/', 10), 10)
