0.13/0.18	=== Examples (../../dataset/examples/examples-61.json)
0.13/0.18	IO(inputs=('?01-01-1999',), output='01-01-1999')
0.13/0.18	=== Library
0.13/0.18	concat
0.13/0.18	index
0.13/0.18	length
0.13/0.18	substr
0.13/0.18	add
0.13/0.18	sub
0.13/0.18	=== Synthesis
0.13/0.18	['concat']: UNSAT (0.018 seconds)
0.13/0.20	['index']: UNSAT (0.017 seconds)
0.13/0.21	['length']: UNSAT (0.014 seconds)
0.13/0.23	['substr']: UNSAT (0.018 seconds)
0.13/0.25	['add']: UNSAT (0.015 seconds)
0.13/0.26	['sub']: UNSAT (0.015 seconds)
0.27/0.28	['concat', 'concat']: UNSAT (0.025 seconds)
0.27/0.31	['concat', 'index']: UNSAT (0.023 seconds)
0.27/0.33	['concat', 'length']: UNSAT (0.019 seconds)
0.27/0.35	['concat', 'substr']: SAT (0.030 seconds)
0.37/0.38	substr(concat(arg0, arg0), 12, 12)
