0.12/0.20	=== Examples (../../dataset/examples/examples-91.json)
0.12/0.20	IO(inputs=('George',), output='george')
0.12/0.20	=== Library
0.12/0.20	concat
0.12/0.20	index
0.12/0.20	length
0.12/0.20	substr
0.12/0.20	add
0.12/0.20	sub
0.12/0.20	=== Synthesis
0.12/0.20	['concat']: UNSAT (0.024 seconds)
0.12/0.22	['index']: UNSAT (0.029 seconds)
0.12/0.25	['length']: UNSAT (0.021 seconds)
0.12/0.28	['substr']: UNSAT (0.024 seconds)
0.12/0.30	['add']: UNSAT (0.019 seconds)
0.28/0.32	['sub']: UNSAT (0.021 seconds)
0.28/0.34	['concat', 'concat']: UNSAT (0.032 seconds)
0.28/0.38	['concat', 'index']: UNSAT (0.029 seconds)
0.28/0.41	['concat', 'length']: UNSAT (0.027 seconds)
0.39/0.43	['concat', 'substr']: SAT (0.067 seconds)
0.46/0.50	concat(substr(arg0, 4, 4), 'orge')
