123.69/123.78	=== Examples (examples-55.json)
123.69/123.78	(["what is this even supposed to?"],"")
123.69/123.78	(["short one"],"s")
123.69/123.78	(["bit larger"],"")
123.69/123.78	=== Library
123.69/123.78	Concat
123.69/123.78	Index
123.69/123.78	Length
123.69/123.78	Substr
123.69/123.78	Add
123.69/123.78	Sub
123.69/123.78	=== Synthesis
123.69/123.78	Size: 1
123.69/123.78	Size: 2
123.69/123.78	=== Program
123.69/123.78	prog(x0):
123.69/123.78	  c0 = "\NUL\NUL\NUL\NUL\NUL\NUL\NUL\NUL\NULs"
123.69/123.78	  r0 = Length(x0)
123.69/123.78	  r1 = Substr(c0, r0, r0)
123.69/123.78	
