600.01/600.00	=== Examples (examples-52.json)
600.01/600.00	(["hello  "],"HELLO")
600.01/600.00	(["how are you today?  "],"HOW ARE YOU TODAY?")
600.01/600.00	(["you (yes you) are awesome!!! "],"YOU (YES YOU) ARE AWESOME!!!")
600.01/600.00	=== Library
600.01/600.00	Concat
600.01/600.00	Index
600.01/600.00	Length
600.01/600.00	Substr
600.01/600.00	Add
600.01/600.00	Sub
600.01/600.00	=== Synthesis
600.01/600.00	Size: 1
600.01/600.00	Size: 2
600.01/600.00	Size: 3
600.01/600.00	Size: 4
600.01/600.00	outsynth2: 
600.01/600.00	*** Data.SBV: fd:6: hGetLine: end of file:
600.01/600.00	***
600.01/600.00	***    Sent      : (check-sat)
600.01/600.00	***
600.01/600.00	***    Executable: /home/rodrigo/bin/z3
600.01/600.00	***    Options   : -nw -in -smt2
600.01/600.00	
