600.07/600.04	=== Examples (examples-39.json)
600.07/600.04	(["who cares about when"],"Created on who cares about ")
600.07/600.04	(["maybe someone will care"],"Created on maybe someone wi")
600.07/600.04	(["but then who else?"],"Created on but then who els")
600.07/600.04	=== Library
600.07/600.04	Concat
600.07/600.04	Index
600.07/600.04	Length
600.07/600.04	Substr
600.07/600.04	Add
600.07/600.04	Sub
600.07/600.04	=== Synthesis
600.07/600.04	Size: 1
600.07/600.04	Size: 2
600.07/600.04	Size: 3
600.07/600.04	Size: 4
600.07/600.04	outsynth2: 
600.07/600.04	*** Data.SBV: fd:6: hGetLine: end of file:
600.07/600.04	***
600.07/600.04	***    Sent      : (check-sat)
600.07/600.04	***
600.07/600.04	***    Executable: /home/rodrigo/bin/z3
600.07/600.04	***    Options   : -nw -in -smt2
600.07/600.04	
