599.94/600.00	=== Examples (examples-17.json)
599.94/600.00	(["Quisque sollicitudin volutpat."],"Quisque sollicitudin...")
599.94/600.00	(["In viverra in mi non turpis duis."],"In viverra in mi non...")
599.94/600.00	=== Library
599.94/600.00	Add
599.94/600.00	Concat
599.94/600.00	Index
599.94/600.00	Length
599.94/600.00	Sub
599.94/600.00	Substr
599.94/600.00	=== Synthesis
599.94/600.00	Size: 1
599.94/600.00	Size: 2
599.94/600.00	outsynth2: 
599.94/600.00	*** Data.SBV: fd:6: hGetLine: end of file:
599.94/600.00	***
599.94/600.00	***    Sent      : (check-sat)
599.94/600.00	***
599.94/600.00	***    Executable: /home/rodrigo/msc/code/setwise/venv/bin/z3
599.94/600.00	***    Options   : -nw -in -smt2
599.94/600.00	
