600.22/600.34	=== Examples (examples-38.json)
600.22/600.34	(["should not be spaced"],"<span id=should_not_be_spaced > ")
600.22/600.34	(["but underscored"],"<span id=but_underscored > ")
600.22/600.34	=== Library
600.22/600.34	Add
600.22/600.34	Concat
600.22/600.34	Index
600.22/600.34	Length
600.22/600.34	Sub
600.22/600.34	Substr
600.22/600.34	=== Synthesis
600.22/600.34	Size: 1
600.22/600.34	Size: 2
600.22/600.34	outsynth2: 
600.22/600.34	*** Data.SBV: fd:6: hGetLine: end of file:
600.22/600.34	***
600.22/600.34	***    Sent      : (check-sat)
600.22/600.34	***
600.22/600.34	***    Executable: /home/rodrigo/msc/code/setwise/venv/bin/z3
600.22/600.34	***    Options   : -nw -in -smt2
600.22/600.34	
