0.11/0.20	=== Examples (../../dataset/examples/examples-28.json)
0.11/0.20	IO(inputs=('hello', 'world'), output='hello-world')
0.11/0.20	IO(inputs=('train it', 'spot it'), output='train-spot ')
0.11/0.20	IO(inputs=('rain yeah', 'fenix id'), output='rain -fenix')
0.11/0.20	=== Library
0.11/0.20	concat
0.11/0.20	index
0.11/0.20	length
0.11/0.20	substr
0.11/0.20	add
0.11/0.20	sub
0.11/0.20	=== Synthesis
0.11/0.20	['concat']: UNSAT (0.036 seconds)
0.11/0.24	['index']: UNSAT (0.037 seconds)
0.11/0.27	['length']: UNSAT (0.025 seconds)
0.11/0.30	['substr']: UNSAT (0.038 seconds)
0.11/0.34	['add']: UNSAT (0.030 seconds)
0.11/0.37	['sub']: UNSAT (0.030 seconds)
0.11/0.40	['concat', 'concat']: UNSAT (0.070 seconds)
0.35/0.47	['concat', 'index']: UNSAT (0.067 seconds)
0.35/0.54	['concat', 'length']: UNSAT (0.048 seconds)
0.52/0.59	['concat', 'substr']: UNSAT (0.060 seconds)
0.52/0.65	['concat', 'add']: UNSAT (0.043 seconds)
0.66/0.70	['concat', 'sub']: UNSAT (0.042 seconds)
0.66/0.74	['index', 'index']: UNSAT (0.061 seconds)
0.76/0.80	['index', 'length']: UNSAT (0.042 seconds)
0.76/0.84	['index', 'substr']: UNSAT (0.063 seconds)
0.88/0.91	['index', 'add']: UNSAT (0.049 seconds)
0.88/0.96	['index', 'sub']: UNSAT (0.050 seconds)
0.98/1.01	['length', 'length']: UNSAT (0.028 seconds)
0.98/1.04	['length', 'substr']: UNSAT (0.045 seconds)
0.98/1.08	['length', 'add']: UNSAT (0.034 seconds)
1.08/1.12	['length', 'sub']: UNSAT (0.034 seconds)
1.08/1.15	['substr', 'substr']: UNSAT (0.059 seconds)
1.08/1.21	['substr', 'add']: UNSAT (0.050 seconds)
1.21/1.26	['substr', 'sub']: UNSAT (0.052 seconds)
1.21/1.32	['add', 'add']: UNSAT (0.048 seconds)
1.33/1.36	['add', 'sub']: UNSAT (0.048 seconds)
1.33/1.41	['sub', 'sub']: UNSAT (0.047 seconds)
1.43/1.46	['concat', 'concat', 'concat']: UNSAT (0.157 seconds)
1.58/1.62	['concat', 'concat', 'index']: UNSAT (0.083 seconds)
1.68/1.70	['concat', 'concat', 'length']: UNSAT (0.065 seconds)
1.68/1.77	['concat', 'concat', 'substr']: UNSAT (1.353 seconds)
3.08/3.12	['concat', 'concat', 'add']: UNSAT (0.067 seconds)
3.08/3.19	['concat', 'concat', 'sub']: UNSAT (0.067 seconds)
3.21/3.26	['concat', 'index', 'index']: UNSAT (0.089 seconds)
3.33/3.35	['concat', 'index', 'length']: UNSAT (0.074 seconds)
3.38/3.43	['concat', 'index', 'substr']: UNSAT (0.125 seconds)
3.48/3.55	['concat', 'index', 'add']: UNSAT (0.079 seconds)
3.48/3.63	['concat', 'index', 'sub']: UNSAT (0.077 seconds)
3.68/3.71	['concat', 'length', 'length']: UNSAT (0.052 seconds)
3.68/3.76	['concat', 'length', 'substr']: UNSAT (0.092 seconds)
3.78/3.86	['concat', 'length', 'add']: UNSAT (0.056 seconds)
3.88/3.91	['concat', 'length', 'sub']: UNSAT (0.057 seconds)
3.88/3.97	['concat', 'substr', 'substr']: UNSAT (0.112 seconds)
3.98/4.08	['concat', 'substr', 'add']: UNSAT (0.082 seconds)
4.08/4.17	['concat', 'substr', 'sub']: UNSAT (0.082 seconds)
4.21/4.25	['concat', 'add', 'add']: UNSAT (0.066 seconds)
4.21/4.32	['concat', 'add', 'sub']: UNSAT (0.065 seconds)
4.33/4.38	['concat', 'sub', 'sub']: UNSAT (0.067 seconds)
4.38/4.45	['index', 'index', 'index']: UNSAT (0.100 seconds)
4.48/4.55	['index', 'index', 'length']: UNSAT (0.078 seconds)
4.58/4.63	['index', 'index', 'substr']: UNSAT (0.106 seconds)
4.58/4.74	['index', 'index', 'add']: UNSAT (0.086 seconds)
4.78/4.83	['index', 'index', 'sub']: UNSAT (0.087 seconds)
4.88/4.91	['index', 'length', 'length']: UNSAT (0.058 seconds)
4.88/4.97	['index', 'length', 'substr']: UNSAT (0.082 seconds)
4.98/5.06	['index', 'length', 'add']: UNSAT (0.065 seconds)
5.08/5.12	['index', 'length', 'sub']: UNSAT (0.064 seconds)
5.08/5.19	['index', 'substr', 'substr']: UNSAT (0.168 seconds)
5.33/5.36	['index', 'substr', 'add']: UNSAT (0.098 seconds)
5.38/5.46	['index', 'substr', 'sub']: UNSAT (0.095 seconds)
5.48/5.55	['index', 'add', 'add']: UNSAT (0.077 seconds)
5.58/5.63	['index', 'add', 'sub']: UNSAT (0.077 seconds)
5.68/5.71	['index', 'sub', 'sub']: UNSAT (0.078 seconds)
5.68/5.79	['length', 'length', 'length']: UNSAT (0.041 seconds)
5.78/5.83	['length', 'length', 'substr']: UNSAT (0.064 seconds)
5.78/5.90	['length', 'length', 'add']: UNSAT (0.048 seconds)
5.88/5.94	['length', 'length', 'sub']: UNSAT (0.047 seconds)
5.88/5.99	['length', 'substr', 'substr']: UNSAT (0.084 seconds)
5.98/6.08	['length', 'substr', 'add']: UNSAT (0.068 seconds)
6.08/6.15	['length', 'substr', 'sub']: UNSAT (0.068 seconds)
6.08/6.22	['length', 'add', 'add']: UNSAT (0.059 seconds)
6.21/6.28	['length', 'add', 'sub']: UNSAT (0.057 seconds)
6.21/6.33	['length', 'sub', 'sub']: UNSAT (0.059 seconds)
6.33/6.39	['substr', 'substr', 'substr']: UNSAT (0.102 seconds)
6.48/6.50	['substr', 'substr', 'add']: UNSAT (0.089 seconds)
6.48/6.59	['substr', 'substr', 'sub']: UNSAT (0.086 seconds)
6.58/6.68	['substr', 'add', 'add']: UNSAT (0.078 seconds)
6.68/6.75	['substr', 'add', 'sub']: UNSAT (0.077 seconds)
6.78/6.83	['substr', 'sub', 'sub']: UNSAT (0.078 seconds)
6.88/6.91	['add', 'add', 'add']: UNSAT (0.074 seconds)
6.88/6.99	['add', 'add', 'sub']: UNSAT (0.074 seconds)
6.98/7.06	['add', 'sub', 'sub']: UNSAT (0.072 seconds)
7.08/7.13	['sub', 'sub', 'sub']: UNSAT (0.072 seconds)
7.08/7.21	['concat', 'concat', 'concat', 'concat']: UNSAT (0.668 seconds)
7.78/7.88	['concat', 'concat', 'concat', 'index']: UNSAT (0.128 seconds)
7.98/8.01	['concat', 'concat', 'concat', 'length']: UNSAT (0.101 seconds)
8.08/8.11	['concat', 'concat', 'concat', 'substr']: UNKNOWN (62.957 seconds)
70.98/71.07	Reason: smt tactic failed to show goal to be sat/unsat max-conflicts-reached
70.98/71.07	Reason: smt tactic failed to show goal to be sat/unsat max-conflicts-reached
70.98/71.07	['concat', 'concat', 'concat', 'add']: UNSAT (0.105 seconds)
71.09/71.17	['concat', 'concat', 'concat', 'sub']: UNSAT (0.101 seconds)
71.18/71.27	['concat', 'concat', 'index', 'index']: UNSAT (0.128 seconds)
71.38/71.40	['concat', 'concat', 'index', 'length']: UNSAT (0.104 seconds)
71.48/71.51	['concat', 'concat', 'index', 'substr']: UNSAT (10.707 seconds)
82.18/82.22	['concat', 'concat', 'index', 'add']: UNSAT (0.112 seconds)
82.28/82.33	['concat', 'concat', 'index', 'sub']: UNSAT (0.111 seconds)
82.38/82.44	['concat', 'concat', 'length', 'length']: UNSAT (0.083 seconds)
82.48/82.52	['concat', 'concat', 'length', 'substr']: UNSAT (3.230 seconds)
85.68/85.76	['concat', 'concat', 'length', 'add']: UNSAT (0.154 seconds)
85.88/85.91	['concat', 'concat', 'length', 'sub']: UNSAT (0.109 seconds)
85.98/86.02	['concat', 'concat', 'substr', 'substr']: SAT (1.459 seconds)
87.28/87.48	concat(concat(substr(arg0, 0, 5), '-'), substr(arg1, 0, 5))
