0.00/0.22	=== Examples (../../dataset/examples/examples-14.json)
0.00/0.22	IO(inputs=('ABC',), output='abc')
0.00/0.22	IO(inputs=('aBcdef',), output='abcdef')
0.00/0.22	IO(inputs=('aaseHKLsed',), output='aasehklsed')
0.00/0.22	=== Library
0.00/0.22	concat
0.00/0.22	index
0.00/0.22	length
0.00/0.22	substr
0.00/0.22	add
0.00/0.22	sub
0.00/0.22	=== Synthesis
0.00/0.22	['concat']: UNSAT (0.035 seconds)
0.00/0.26	['index']: UNSAT (0.034 seconds)
0.00/0.30	['length']: UNSAT (0.023 seconds)
0.00/0.32	['substr']: UNSAT (0.039 seconds)
0.23/0.36	['add']: UNSAT (0.030 seconds)
0.23/0.39	['sub']: UNSAT (0.029 seconds)
0.23/0.42	['concat', 'concat']: UNSAT (0.061 seconds)
0.23/0.48	['concat', 'index']: UNSAT (0.064 seconds)
0.23/0.55	['concat', 'length']: UNSAT (0.045 seconds)
0.48/0.59	['concat', 'substr']: UNSAT (0.189 seconds)
0.69/0.78	['concat', 'add']: UNSAT (0.042 seconds)
0.69/0.83	['concat', 'sub']: UNSAT (0.042 seconds)
0.85/0.87	['index', 'index']: UNSAT (0.057 seconds)
0.85/0.93	['index', 'length']: UNSAT (0.042 seconds)
0.85/0.97	['index', 'substr']: UNSAT (0.062 seconds)
0.98/1.03	['index', 'add']: UNSAT (0.051 seconds)
0.98/1.08	['index', 'sub']: UNSAT (0.051 seconds)
1.09/1.14	['length', 'length']: UNSAT (0.030 seconds)
1.09/1.17	['length', 'substr']: UNSAT (0.047 seconds)
1.19/1.22	['length', 'add']: UNSAT (0.035 seconds)
1.19/1.25	['length', 'sub']: UNSAT (0.036 seconds)
1.19/1.29	['substr', 'substr']: UNSAT (0.063 seconds)
1.29/1.35	['substr', 'add']: UNSAT (0.056 seconds)
1.39/1.41	['substr', 'sub']: UNSAT (0.101 seconds)
1.39/1.51	['add', 'add']: UNSAT (0.057 seconds)
1.51/1.57	['add', 'sub']: UNSAT (0.047 seconds)
1.51/1.62	['sub', 'sub']: UNSAT (0.046 seconds)
1.64/1.67	['concat', 'concat', 'concat']: UNSAT (0.139 seconds)
1.79/1.81	['concat', 'concat', 'index']: UNSAT (0.083 seconds)
1.79/1.89	['concat', 'concat', 'length']: UNSAT (0.068 seconds)
1.89/1.96	['concat', 'concat', 'substr']: UNSAT (3.380 seconds)
5.29/5.34	['concat', 'concat', 'add']: UNSAT (0.063 seconds)
5.39/5.40	['concat', 'concat', 'sub']: UNSAT (0.063 seconds)
5.39/5.47	['concat', 'index', 'index']: UNSAT (0.090 seconds)
5.49/5.56	['concat', 'index', 'length']: UNSAT (0.070 seconds)
5.49/5.63	['concat', 'index', 'substr']: UNSAT (1.237 seconds)
6.75/6.87	['concat', 'index', 'add']: UNSAT (0.072 seconds)
6.92/6.94	['concat', 'index', 'sub']: UNSAT (0.070 seconds)
6.99/7.01	['concat', 'length', 'length']: UNSAT (0.049 seconds)
6.99/7.06	['concat', 'length', 'substr']: UNSAT (0.473 seconds)
7.49/7.54	['concat', 'length', 'add']: UNSAT (0.053 seconds)
7.49/7.59	['concat', 'length', 'sub']: UNSAT (0.055 seconds)
7.59/7.65	['concat', 'substr', 'substr']: UNSAT (1.175 seconds)
8.79/8.82	['concat', 'substr', 'add']: UNSAT (0.307 seconds)
9.12/9.13	['concat', 'substr', 'sub']: UNSAT (0.297 seconds)
9.39/9.43	['concat', 'add', 'add']: UNSAT (0.062 seconds)
9.39/9.49	['concat', 'add', 'sub']: UNSAT (0.061 seconds)
9.49/9.55	['concat', 'sub', 'sub']: UNSAT (0.063 seconds)
9.59/9.62	['index', 'index', 'index']: UNSAT (0.094 seconds)
9.69/9.71	['index', 'index', 'length']: UNSAT (0.072 seconds)
9.69/9.78	['index', 'index', 'substr']: UNSAT (0.098 seconds)
9.79/9.88	['index', 'index', 'add']: UNSAT (0.078 seconds)
9.89/9.96	['index', 'index', 'sub']: UNSAT (0.080 seconds)
9.89/10.04	['index', 'length', 'length']: UNSAT (0.054 seconds)
9.89/10.10	['index', 'length', 'substr']: UNSAT (0.079 seconds)
10.10/10.18	['index', 'length', 'add']: UNSAT (0.060 seconds)
10.10/10.24	['index', 'length', 'sub']: UNSAT (0.062 seconds)
10.29/10.30	['index', 'substr', 'substr']: UNSAT (0.127 seconds)
10.39/10.43	['index', 'substr', 'add']: UNSAT (0.092 seconds)
10.49/10.52	['index', 'substr', 'sub']: UNSAT (0.092 seconds)
10.59/10.61	['index', 'add', 'add']: UNSAT (0.075 seconds)
10.59/10.69	['index', 'add', 'sub']: UNSAT (0.075 seconds)
10.69/10.77	['index', 'sub', 'sub']: UNSAT (0.072 seconds)
10.79/10.84	['length', 'length', 'length']: UNSAT (0.038 seconds)
10.79/10.88	['length', 'length', 'substr']: UNSAT (0.057 seconds)
10.89/10.94	['length', 'length', 'add']: UNSAT (0.044 seconds)
10.89/10.98	['length', 'length', 'sub']: UNSAT (0.043 seconds)
10.99/11.02	['length', 'substr', 'substr']: UNSAT (0.085 seconds)
10.99/11.11	['length', 'substr', 'add']: UNSAT (0.069 seconds)
10.99/11.18	['length', 'substr', 'sub']: UNSAT (0.070 seconds)
10.99/11.25	['length', 'add', 'add']: UNSAT (0.055 seconds)
11.20/11.31	['length', 'add', 'sub']: UNSAT (0.055 seconds)
11.35/11.36	['length', 'sub', 'sub']: UNSAT (0.056 seconds)
11.39/11.42	['substr', 'substr', 'substr']: UNSAT (0.106 seconds)
11.49/11.53	['substr', 'substr', 'add']: UNSAT (0.092 seconds)
11.59/11.62	['substr', 'substr', 'sub']: UNSAT (0.088 seconds)
11.69/11.71	['substr', 'add', 'add']: UNSAT (0.082 seconds)
11.69/11.79	['substr', 'add', 'sub']: UNSAT (0.078 seconds)
11.79/11.87	['substr', 'sub', 'sub']: UNSAT (0.077 seconds)
11.89/11.95	['add', 'add', 'add']: UNSAT (0.070 seconds)
11.99/12.02	['add', 'add', 'sub']: UNSAT (0.070 seconds)
11.99/12.09	['add', 'sub', 'sub']: UNSAT (0.070 seconds)
12.09/12.16	['sub', 'sub', 'sub']: UNSAT (0.071 seconds)
12.09/12.23	['concat', 'concat', 'concat', 'concat']: UNSAT (1.536 seconds)
13.69/13.77	['concat', 'concat', 'concat', 'index']: UNSAT (0.114 seconds)
13.79/13.89	['concat', 'concat', 'concat', 'length']: UNSAT (0.095 seconds)
13.89/13.98	['concat', 'concat', 'concat', 'substr']: UNKNOWN (241.456 seconds)
255.38/255.44	Reason: smt tactic failed to show goal to be sat/unsat max-conflicts-reached
255.38/255.44	Reason: smt tactic failed to show goal to be sat/unsat max-conflicts-reached
255.38/255.44	['concat', 'concat', 'concat', 'add']: UNSAT (0.097 seconds)
255.48/255.54	['concat', 'concat', 'concat', 'sub']: UNSAT (0.104 seconds)
255.61/255.64	['concat', 'concat', 'index', 'index']: UNSAT (0.142 seconds)
255.73/255.78	['concat', 'concat', 'index', 'length']: UNSAT (0.170 seconds)
255.88/255.96	['concat', 'concat', 'index', 'substr']: UNSAT (36.038 seconds)
291.88/291.99	['concat', 'concat', 'index', 'add']: UNSAT (0.102 seconds)
292.08/292.10	['concat', 'concat', 'index', 'sub']: UNSAT (0.100 seconds)
292.18/292.20	['concat', 'concat', 'length', 'length']: UNSAT (0.081 seconds)
292.18/292.28	['concat', 'concat', 'length', 'substr']: UNSAT (38.757 seconds)
330.98/331.04	['concat', 'concat', 'length', 'add']: UNSAT (0.082 seconds)
331.08/331.12	['concat', 'concat', 'length', 'sub']: UNSAT (0.082 seconds)
331.18/331.20	['concat', 'concat', 'substr', 'substr']: UNSAT (94.323 seconds)
425.48/425.53	['concat', 'concat', 'substr', 'add']: UNSAT (5.435 seconds)
430.94/430.96	['concat', 'concat', 'substr', 'sub']: UNSAT (5.258 seconds)
436.18/436.22	['concat', 'concat', 'add', 'add']: UNSAT (0.088 seconds)
436.18/436.31	['concat', 'concat', 'add', 'sub']: UNSAT (0.089 seconds)
436.18/436.40	['concat', 'concat', 'sub', 'sub']: UNSAT (0.089 seconds)
436.35/436.49	['concat', 'index', 'index', 'index']: UNSAT (0.124 seconds)
436.58/436.62	['concat', 'index', 'index', 'length']: UNSAT (0.103 seconds)
436.68/436.72	['concat', 'index', 'index', 'substr']: UNSAT (8.375 seconds)
444.88/445.10	['concat', 'index', 'index', 'add']: UNSAT (0.113 seconds)
445.00/445.21	['concat', 'index', 'index', 'sub']: UNSAT (0.110 seconds)
445.28/445.32	['concat', 'index', 'length', 'length']: UNSAT (0.082 seconds)
445.38/445.41	['concat', 'index', 'length', 'substr']: 