0.13/0.24	=== Examples (../../dataset/examples/examples-90.json)
0.13/0.24	IO(inputs=('george',), output='George')
0.13/0.24	IO(inputs=('maebe',), output='Maebe')
0.13/0.24	IO(inputs=('michael',), output='Michael')
0.13/0.24	=== Library
0.13/0.24	concat
0.13/0.24	index
0.13/0.24	length
0.13/0.24	substr
0.13/0.24	add
0.13/0.24	sub
0.13/0.24	=== Synthesis
0.13/0.24	['concat']: UNSAT (0.038 seconds)
0.13/0.28	['index']: UNSAT (0.035 seconds)
0.13/0.31	['length']: UNSAT (0.024 seconds)
0.13/0.34	['substr']: UNSAT (0.039 seconds)
0.13/0.38	['add']: UNSAT (0.030 seconds)
0.13/0.41	['sub']: UNSAT (0.030 seconds)
0.35/0.44	['concat', 'concat']: UNSAT (0.060 seconds)
0.35/0.50	['concat', 'index']: UNSAT (0.061 seconds)
0.47/0.56	['concat', 'length']: UNSAT (0.047 seconds)
0.47/0.61	['concat', 'substr']: UNSAT (0.223 seconds)
0.73/0.83	['concat', 'add']: UNSAT (0.041 seconds)
0.85/0.88	['concat', 'sub']: UNSAT (0.041 seconds)
0.89/0.92	['index', 'index']: UNSAT (0.057 seconds)
0.89/0.98	['index', 'length']: UNSAT (0.042 seconds)
0.99/1.02	['index', 'substr']: UNSAT (0.065 seconds)
0.99/1.09	['index', 'add']: UNSAT (0.050 seconds)
1.09/1.14	['index', 'sub']: UNSAT (0.050 seconds)
1.09/1.19	['length', 'length']: UNSAT (0.029 seconds)
1.09/1.22	['length', 'substr']: UNSAT (0.043 seconds)
1.09/1.26	['length', 'add']: UNSAT (0.035 seconds)
1.23/1.30	['length', 'sub']: UNSAT (0.034 seconds)
1.23/1.33	['substr', 'substr']: UNSAT (0.062 seconds)
1.23/1.39	['substr', 'add']: UNSAT (0.057 seconds)
1.42/1.45	['substr', 'sub']: UNSAT (0.054 seconds)
1.49/1.51	['add', 'add']: UNSAT (0.047 seconds)
1.49/1.56	['add', 'sub']: UNSAT (0.044 seconds)
1.49/1.60	['sub', 'sub']: UNSAT (0.046 seconds)
1.60/1.65	['concat', 'concat', 'concat']: UNSAT (0.135 seconds)
1.69/1.78	['concat', 'concat', 'index']: UNSAT (0.084 seconds)
1.79/1.87	['concat', 'concat', 'length']: UNSAT (0.064 seconds)
1.89/1.93	['concat', 'concat', 'substr']: UNSAT (6.471 seconds)
8.30/8.40	['concat', 'concat', 'add']: UNSAT (0.066 seconds)
8.43/8.47	['concat', 'concat', 'sub']: UNSAT (0.069 seconds)
8.49/8.54	['concat', 'index', 'index']: UNSAT (0.091 seconds)
8.59/8.63	['concat', 'index', 'length']: UNSAT (0.070 seconds)
8.69/8.70	['concat', 'index', 'substr']: UNSAT (2.497 seconds)
11.19/11.20	['concat', 'index', 'add']: UNSAT (0.074 seconds)
11.19/11.28	['concat', 'index', 'sub']: UNSAT (0.075 seconds)
11.30/11.35	['concat', 'length', 'length']: UNSAT (0.053 seconds)
11.30/11.41	['concat', 'length', 'substr']: UNSAT (0.608 seconds)
11.99/12.02	['concat', 'length', 'add']: UNSAT (0.054 seconds)
11.99/12.07	['concat', 'length', 'sub']: UNSAT (0.055 seconds)
12.09/12.13	['concat', 'substr', 'substr']: UNSAT (1.390 seconds)
13.49/13.52	['concat', 'substr', 'add']: UNSAT (0.385 seconds)
13.89/13.91	['concat', 'substr', 'sub']: UNSAT (0.311 seconds)
14.19/14.22	['concat', 'add', 'add']: UNSAT (0.067 seconds)
14.19/14.29	['concat', 'add', 'sub']: UNSAT (0.065 seconds)
14.19/14.35	['concat', 'sub', 'sub']: UNSAT (0.066 seconds)
14.31/14.42	['index', 'index', 'index']: UNSAT (0.095 seconds)
14.49/14.51	['index', 'index', 'length']: UNSAT (0.075 seconds)
14.49/14.59	['index', 'index', 'substr']: UNSAT (0.111 seconds)
14.69/14.70	['index', 'index', 'add']: UNSAT (0.088 seconds)
14.69/14.79	['index', 'index', 'sub']: UNSAT (0.083 seconds)
14.79/14.87	['index', 'length', 'length']: UNSAT (0.055 seconds)
14.89/14.93	['index', 'length', 'substr']: UNSAT (0.086 seconds)
14.98/15.02	['index', 'length', 'add']: UNSAT (0.066 seconds)
14.98/15.08	['index', 'length', 'sub']: UNSAT (0.062 seconds)
15.08/15.15	['index', 'substr', 'substr']: UNSAT (0.141 seconds)
15.18/15.29	['index', 'substr', 'add']: UNSAT (0.096 seconds)
15.30/15.39	['index', 'substr', 'sub']: UNSAT (0.095 seconds)
15.42/15.48	['index', 'add', 'add']: UNSAT (0.077 seconds)
15.48/15.56	['index', 'add', 'sub']: UNSAT (0.082 seconds)
15.58/15.64	['index', 'sub', 'sub']: UNSAT (0.077 seconds)
15.68/15.72	['length', 'length', 'length']: UNSAT (0.042 seconds)
15.68/15.76	['length', 'length', 'substr']: UNSAT (0.062 seconds)
15.78/15.83	['length', 'length', 'add']: UNSAT (0.047 seconds)
15.78/15.88	['length', 'length', 'sub']: UNSAT (0.045 seconds)
15.88/15.92	['length', 'substr', 'substr']: UNSAT (0.090 seconds)
15.98/16.01	['length', 'substr', 'add']: UNSAT (0.071 seconds)
15.98/16.09	['length', 'substr', 'sub']: UNSAT (0.072 seconds)
16.08/16.16	['length', 'add', 'add']: UNSAT (0.058 seconds)
16.18/16.22	['length', 'add', 'sub']: UNSAT (0.058 seconds)
16.18/16.28	['length', 'sub', 'sub']: UNSAT (0.079 seconds)
16.18/16.36	['substr', 'substr', 'substr']: UNSAT (0.110 seconds)
16.45/16.47	['substr', 'substr', 'add']: UNSAT (0.093 seconds)
16.48/16.56	['substr', 'substr', 'sub']: UNSAT (0.094 seconds)
16.58/16.66	['substr', 'add', 'add']: UNSAT (0.086 seconds)
16.68/16.74	['substr', 'add', 'sub']: UNSAT (0.086 seconds)
16.78/16.83	['substr', 'sub', 'sub']: UNSAT (0.084 seconds)
16.88/16.92	['add', 'add', 'add']: UNSAT (0.075 seconds)
16.88/16.99	['add', 'add', 'sub']: UNSAT (0.073 seconds)
16.98/17.07	['add', 'sub', 'sub']: UNSAT (0.074 seconds)
17.08/17.14	['sub', 'sub', 'sub']: UNSAT (0.075 seconds)
17.18/17.22	['concat', 'concat', 'concat', 'concat']: UNSAT (2.229 seconds)
19.30/19.45	['concat', 'concat', 'concat', 'index']: UNSAT (0.120 seconds)
19.48/19.57	['concat', 'concat', 'concat', 'length']: UNSAT (0.107 seconds)
19.58/19.68	['concat', 'concat', 'concat', 'substr']: UNKNOWN (292.974 seconds)
312.58/312.65	Reason: smt tactic failed to show goal to be sat/unsat max-conflicts-reached
312.58/312.65	Reason: smt tactic failed to show goal to be sat/unsat max-conflicts-reached
312.58/312.65	['concat', 'concat', 'concat', 'add']: UNSAT (0.096 seconds)
312.68/312.75	['concat', 'concat', 'concat', 'sub']: UNSAT (0.096 seconds)
312.78/312.84	['concat', 'concat', 'index', 'index']: UNSAT (0.133 seconds)
312.88/312.98	['concat', 'concat', 'index', 'length']: UNSAT (0.099 seconds)
312.98/313.08	['concat', 'concat', 'index', 'substr']: 