0.15/0.20	=== Examples (../../dataset/examples/examples-43.json)
0.15/0.20	IO(inputs=('https://ThatCoolWebsite.com',), output='thatcoolwebsite.com')
0.15/0.20	IO(inputs=('https://secure.com',), output='secure.com')
0.15/0.20	IO(inputs=('http://insecure.com',), output='insecure.com')
0.15/0.20	=== Library
0.15/0.20	concat
0.15/0.20	index
0.15/0.20	length
0.15/0.20	substr
0.15/0.20	add
0.15/0.20	sub
0.15/0.20	=== Synthesis
0.15/0.20	['concat']: UNSAT (0.033 seconds)
0.15/0.23	['index']: UNSAT (0.035 seconds)
0.15/0.27	['length']: UNSAT (0.023 seconds)
0.15/0.29	['substr']: UNSAT (0.041 seconds)
0.15/0.34	['add']: UNSAT (0.031 seconds)
0.32/0.37	['sub']: UNSAT (0.030 seconds)
0.32/0.40	['concat', 'concat']: UNSAT (0.062 seconds)
0.32/0.46	['concat', 'index']: UNSAT (0.063 seconds)
0.45/0.53	['concat', 'length']: UNSAT (0.046 seconds)
0.45/0.57	['concat', 'substr']: UNSAT (0.289 seconds)
0.79/0.86	['concat', 'add']: UNSAT (0.042 seconds)
0.89/0.90	['concat', 'sub']: UNSAT (0.042 seconds)
0.89/0.95	['index', 'index']: UNSAT (0.056 seconds)
0.99/1.00	['index', 'length']: UNSAT (0.043 seconds)
0.99/1.05	['index', 'substr']: UNSAT (1.045 seconds)
1.98/2.09	['index', 'add']: UNSAT (0.050 seconds)
1.98/2.14	['index', 'sub']: UNSAT (0.048 seconds)
2.14/2.19	['length', 'length']: UNSAT (0.029 seconds)
2.14/2.22	['length', 'substr']: UNSAT (0.052 seconds)
2.24/2.28	['length', 'add']: UNSAT (0.034 seconds)
2.28/2.31	['length', 'sub']: UNSAT (0.034 seconds)
2.28/2.35	['substr', 'substr']: UNSAT (0.082 seconds)
2.38/2.43	['substr', 'add']: UNSAT (0.063 seconds)
2.38/2.49	['substr', 'sub']: UNSAT (0.065 seconds)
2.48/2.56	['add', 'add']: UNSAT (0.046 seconds)
2.58/2.61	['add', 'sub']: UNSAT (0.046 seconds)
2.58/2.65	['sub', 'sub']: UNSAT (0.045 seconds)
2.68/2.70	['concat', 'concat', 'concat']: UNSAT (0.184 seconds)
2.78/2.88	['concat', 'concat', 'index']: UNSAT (0.093 seconds)
2.88/2.98	['concat', 'concat', 'length']: UNSAT (0.063 seconds)
2.98/3.04	['concat', 'concat', 'substr']: UNSAT (6.096 seconds)
9.11/9.14	['concat', 'concat', 'add']: UNSAT (0.064 seconds)
9.11/9.20	['concat', 'concat', 'sub']: UNSAT (0.064 seconds)
9.23/9.27	['concat', 'index', 'index']: UNSAT (0.085 seconds)
9.28/9.35	['concat', 'index', 'length']: UNSAT (0.065 seconds)
9.38/9.42	['concat', 'index', 'substr']: UNSAT (5.882 seconds)
15.29/15.30	['concat', 'index', 'add']: UNSAT (0.070 seconds)
15.29/15.37	['concat', 'index', 'sub']: UNSAT (0.071 seconds)
15.39/15.45	['concat', 'length', 'length']: UNSAT (0.050 seconds)
15.49/15.50	['concat', 'length', 'substr']: UNSAT (0.152 seconds)
15.59/15.65	['concat', 'length', 'add']: UNSAT (0.054 seconds)
15.69/15.70	['concat', 'length', 'sub']: UNSAT (0.057 seconds)
15.69/15.76	['concat', 'substr', 'substr']: UNSAT (1.724 seconds)
17.39/17.49	['concat', 'substr', 'add']: UNSAT (0.195 seconds)
17.59/17.68	['concat', 'substr', 'sub']: UNSAT (0.276 seconds)
17.89/17.96	['concat', 'add', 'add']: UNSAT (0.063 seconds)
17.99/18.02	['concat', 'add', 'sub']: UNSAT (0.069 seconds)
17.99/18.09	['concat', 'sub', 'sub']: UNSAT (0.064 seconds)
18.11/18.16	['index', 'index', 'index']: UNSAT (0.092 seconds)
18.24/18.25	['index', 'index', 'length']: UNSAT (0.073 seconds)
18.29/18.33	['index', 'index', 'substr']: UNSAT (1.002 seconds)
19.29/19.33	['index', 'index', 'add']: UNSAT (0.081 seconds)
19.39/19.41	['index', 'index', 'sub']: UNSAT (0.080 seconds)
19.39/19.49	['index', 'length', 'length']: UNSAT (0.053 seconds)
19.49/19.55	['index', 'length', 'substr']: UNSAT (0.858 seconds)
20.39/20.41	['index', 'length', 'add']: UNSAT (0.062 seconds)
20.39/20.47	['index', 'length', 'sub']: UNSAT (0.060 seconds)
20.49/20.53	['index', 'substr', 'substr']: UNSAT (6.714 seconds)
27.21/27.25	['index', 'substr', 'add']: UNSAT (0.318 seconds)
27.49/27.56	['index', 'substr', 'sub']: UNSAT (1.393 seconds)
28.89/28.96	['index', 'add', 'add']: UNSAT (0.074 seconds)
28.99/29.03	['index', 'add', 'sub']: UNSAT (0.074 seconds)
28.99/29.11	['index', 'sub', 'sub']: UNSAT (0.074 seconds)
29.11/29.18	['length', 'length', 'length']: UNSAT (0.039 seconds)
29.11/29.22	['length', 'length', 'substr']: UNSAT (0.066 seconds)
29.23/29.29	['length', 'length', 'add']: UNSAT (0.044 seconds)
29.29/29.34	['length', 'length', 'sub']: UNSAT (0.044 seconds)
29.29/29.38	['length', 'substr', 'substr']: UNSAT (0.211 seconds)
29.49/29.59	['length', 'substr', 'add']: UNSAT (0.090 seconds)
29.59/29.68	['length', 'substr', 'sub']: UNSAT (0.104 seconds)
29.69/29.79	['length', 'add', 'add']: UNSAT (0.055 seconds)
29.79/29.85	['length', 'add', 'sub']: UNSAT (0.056 seconds)
29.89/29.90	['length', 'sub', 'sub']: UNSAT (0.056 seconds)
29.89/29.96	['substr', 'substr', 'substr']: UNSAT (0.292 seconds)
30.23/30.25	['substr', 'substr', 'add']: UNSAT (0.229 seconds)
30.39/30.48	['substr', 'substr', 'sub']: UNSAT (0.212 seconds)
30.59/30.69	['substr', 'add', 'add']: UNSAT (0.142 seconds)
30.79/30.84	['substr', 'add', 'sub']: UNSAT (0.125 seconds)
30.89/30.96	['substr', 'sub', 'sub']: UNSAT (0.143 seconds)
30.99/31.11	['add', 'add', 'add']: UNSAT (0.070 seconds)
31.11/31.18	['add', 'add', 'sub']: UNSAT (0.071 seconds)
31.23/31.25	['add', 'sub', 'sub']: UNSAT (0.070 seconds)
31.29/31.32	['sub', 'sub', 'sub']: UNSAT (0.070 seconds)
31.29/31.39	['concat', 'concat', 'concat', 'concat']: UNSAT (0.300 seconds)
31.69/31.70	['concat', 'concat', 'concat', 'index']: UNSAT (0.114 seconds)
31.79/31.81	['concat', 'concat', 'concat', 'length']: UNSAT (0.094 seconds)
31.89/31.91	['concat', 'concat', 'concat', 'substr']: UNKNOWN (217.558 seconds)
249.38/249.47	Reason: smt tactic failed to show goal to be sat/unsat max-conflicts-reached
249.38/249.47	Reason: smt tactic failed to show goal to be sat/unsat max-conflicts-reached
249.38/249.47	['concat', 'concat', 'concat', 'add']: UNSAT (0.092 seconds)
249.48/249.56	['concat', 'concat', 'concat', 'sub']: UNSAT (0.091 seconds)
249.58/249.65	['concat', 'concat', 'index', 'index']: UNSAT (0.130 seconds)
249.68/249.78	['concat', 'concat', 'index', 'length']: UNSAT (0.096 seconds)
249.78/249.88	['concat', 'concat', 'index', 'substr']: UNKNOWN (118.914 seconds)
368.67/368.79	Reason: smt tactic failed to show goal to be sat/unsat max-conflicts-reached
368.67/368.79	Reason: smt tactic failed to show goal to be sat/unsat max-conflicts-reached
368.67/368.79	['concat', 'concat', 'index', 'add']: UNSAT (0.099 seconds)
368.77/368.89	['concat', 'concat', 'index', 'sub']: UNSAT (0.098 seconds)
368.87/368.99	['concat', 'concat', 'length', 'length']: UNSAT (0.074 seconds)
368.97/369.07	['concat', 'concat', 'length', 'substr']: UNSAT (1.696 seconds)
370.67/370.77	['concat', 'concat', 'length', 'add']: UNSAT (0.079 seconds)
370.77/370.85	['concat', 'concat', 'length', 'sub']: UNSAT (0.084 seconds)
370.87/370.93	['concat', 'concat', 'substr', 'substr']: UNKNOWN (119.005 seconds)
489.84/489.94	Reason: smt tactic failed to show goal to be sat/unsat max-conflicts-reached
489.84/489.94	Reason: smt tactic failed to show goal to be sat/unsat max-conflicts-reached
489.84/489.94	['concat', 'concat', 'substr', 'add']: UNSAT (10.953 seconds)
500.74/500.89	['concat', 'concat', 'substr', 'sub']: UNSAT (7.489 seconds)
508.24/508.38	['concat', 'concat', 'add', 'add']: UNSAT (0.083 seconds)
508.34/508.46	['concat', 'concat', 'add', 'sub']: UNSAT (0.119 seconds)
508.44/508.58	['concat', 'concat', 'sub', 'sub']: UNSAT (0.105 seconds)
508.54/508.69	['concat', 'index', 'index', 'index']: UNSAT (0.123 seconds)
508.74/508.81	['concat', 'index', 'index', 'length']: UNSAT (0.101 seconds)
508.84/508.92	['concat', 'index', 'index', 'substr']: UNSAT (56.478 seconds)
565.23/565.40	['concat', 'index', 'index', 'add']: UNSAT (0.106 seconds)
565.44/565.50	['concat', 'index', 'index', 'sub']: UNSAT (0.113 seconds)
565.53/565.62	['concat', 'index', 'length', 'length']: UNSAT (0.085 seconds)
565.63/565.70	['concat', 'index', 'length', 'substr']: UNSAT (13.138 seconds)
578.74/578.84	['concat', 'index', 'length', 'add']: UNSAT (0.085 seconds)
578.84/578.93	['concat', 'index', 'length', 'sub']: UNSAT (0.088 seconds)
578.94/579.02	['concat', 'index', 'substr', 'substr']: 