0.00/0.18	=== Examples (../../dataset/examples/examples-39.json)
0.00/0.18	IO(inputs=('who cares about when',), output='Created on who cares about ')
0.00/0.18	IO(inputs=('maybe someone will care',), output='Created on maybe someone wi')
0.00/0.18	IO(inputs=('but then who else?',), output='Created on but then who els')
0.00/0.18	=== Library
0.00/0.18	concat
0.00/0.18	index
0.00/0.18	length
0.00/0.18	substr
0.00/0.18	add
0.00/0.18	sub
0.00/0.18	=== Synthesis
0.00/0.18	['concat']: UNSAT (0.028 seconds)
0.00/0.21	['index']: UNSAT (0.028 seconds)
0.22/0.24	['length']: UNSAT (0.018 seconds)
0.22/0.26	['substr']: UNSAT (0.031 seconds)
0.22/0.29	['add']: UNSAT (0.024 seconds)
0.22/0.32	['sub']: UNSAT (0.024 seconds)
0.22/0.34	['concat', 'concat']: UNSAT (0.103 seconds)
0.38/0.45	['concat', 'index']: UNSAT (0.050 seconds)
0.44/0.50	['concat', 'length']: UNSAT (0.036 seconds)
0.44/0.53	['concat', 'substr']: UNSAT (0.223 seconds)
0.74/0.76	['concat', 'add']: UNSAT (0.040 seconds)
0.74/0.80	['concat', 'sub']: UNSAT (0.040 seconds)
0.83/0.84	['index', 'index']: UNSAT (0.056 seconds)
0.83/0.90	['index', 'length']: UNSAT (0.040 seconds)
0.89/0.94	['index', 'substr']: UNSAT (0.062 seconds)
0.99/1.00	['index', 'add']: UNSAT (0.047 seconds)
0.99/1.05	['index', 'sub']: UNSAT (0.048 seconds)
0.99/1.10	['length', 'length']: UNSAT (0.027 seconds)
1.09/1.12	['length', 'substr']: UNSAT (0.043 seconds)
1.09/1.17	['length', 'add']: UNSAT (0.032 seconds)
1.09/1.20	['length', 'sub']: UNSAT (0.033 seconds)
1.09/1.23	['substr', 'substr']: UNSAT (0.060 seconds)
1.23/1.30	['substr', 'add']: UNSAT (0.051 seconds)
1.34/1.35	['substr', 'sub']: UNSAT (0.050 seconds)
1.34/1.40	['add', 'add']: UNSAT (0.044 seconds)
1.40/1.44	['add', 'sub']: UNSAT (0.043 seconds)
1.40/1.49	['sub', 'sub']: UNSAT (0.042 seconds)
1.49/1.53	['concat', 'concat', 'concat']: UNSAT (0.915 seconds)
2.40/2.45	['concat', 'concat', 'index']: UNSAT (0.079 seconds)
2.49/2.53	['concat', 'concat', 'length']: UNSAT (0.060 seconds)
2.49/2.59	['concat', 'concat', 'substr']: UNSAT (10.486 seconds)
12.99/13.07	['concat', 'concat', 'add']: UNSAT (0.062 seconds)
13.09/13.14	['concat', 'concat', 'sub']: UNSAT (0.062 seconds)
13.09/13.20	['concat', 'index', 'index']: UNSAT (0.084 seconds)
13.23/13.28	['concat', 'index', 'length']: UNSAT (0.068 seconds)
13.33/13.35	['concat', 'index', 'substr']: UNSAT (0.393 seconds)
13.69/13.75	['concat', 'index', 'add']: UNSAT (0.071 seconds)
13.79/13.82	['concat', 'index', 'sub']: UNSAT (0.071 seconds)
13.79/13.89	['concat', 'length', 'length']: UNSAT (0.049 seconds)
13.89/13.94	['concat', 'length', 'substr']: UNSAT (0.192 seconds)
14.09/14.13	['concat', 'length', 'add']: UNSAT (0.052 seconds)
14.09/14.19	['concat', 'length', 'sub']: UNSAT (0.053 seconds)
14.23/14.24	['concat', 'substr', 'substr']: UNSAT (1.527 seconds)
15.69/15.77	['concat', 'substr', 'add']: UNSAT (0.254 seconds)
15.99/16.02	['concat', 'substr', 'sub']: UNSAT (0.233 seconds)
16.23/16.26	['concat', 'add', 'add']: UNSAT (0.062 seconds)
16.23/16.32	['concat', 'add', 'sub']: UNSAT (0.062 seconds)
16.33/16.38	['concat', 'sub', 'sub']: UNSAT (0.064 seconds)
16.41/16.45	['index', 'index', 'index']: UNSAT (0.091 seconds)
16.49/16.54	['index', 'index', 'length']: UNSAT (0.071 seconds)
16.59/16.61	['index', 'index', 'substr']: UNSAT (0.102 seconds)
16.69/16.72	['index', 'index', 'add']: UNSAT (0.079 seconds)
16.69/16.80	['index', 'index', 'sub']: UNSAT (0.078 seconds)
16.79/16.88	['index', 'length', 'length']: UNSAT (0.056 seconds)
16.89/16.93	['index', 'length', 'substr']: UNSAT (0.082 seconds)
16.99/17.01	['index', 'length', 'add']: UNSAT (0.061 seconds)
16.99/17.08	['index', 'length', 'sub']: UNSAT (0.062 seconds)
17.09/17.14	['index', 'substr', 'substr']: UNSAT (0.140 seconds)
17.23/17.28	['index', 'substr', 'add']: UNSAT (0.093 seconds)
17.33/17.37	['index', 'substr', 'sub']: UNSAT (0.092 seconds)
17.41/17.47	['index', 'add', 'add']: UNSAT (0.076 seconds)
17.49/17.54	['index', 'add', 'sub']: UNSAT (0.076 seconds)
17.59/17.62	['index', 'sub', 'sub']: UNSAT (0.074 seconds)
17.59/17.70	['length', 'length', 'length']: UNSAT (0.038 seconds)
17.69/17.74	['length', 'length', 'substr']: UNSAT (0.059 seconds)
17.69/17.80	['length', 'length', 'add']: UNSAT (0.043 seconds)
17.79/17.84	['length', 'length', 'sub']: UNSAT (0.043 seconds)
17.79/17.88	['length', 'substr', 'substr']: UNSAT (0.091 seconds)
17.89/17.98	['length', 'substr', 'add']: UNSAT (0.069 seconds)
17.99/18.05	['length', 'substr', 'sub']: UNSAT (0.070 seconds)
18.09/18.12	['length', 'add', 'add']: UNSAT (0.059 seconds)
18.09/18.18	['length', 'add', 'sub']: UNSAT (0.057 seconds)
18.09/18.23	['length', 'sub', 'sub']: UNSAT (0.058 seconds)
18.23/18.29	['substr', 'substr', 'substr']: UNSAT (0.113 seconds)
18.33/18.41	['substr', 'substr', 'add']: UNSAT (0.091 seconds)
18.49/18.50	['substr', 'substr', 'sub']: UNSAT (0.092 seconds)
18.49/18.59	['substr', 'add', 'add']: UNSAT (0.079 seconds)
18.59/18.67	['substr', 'add', 'sub']: UNSAT (0.080 seconds)
18.69/18.75	['substr', 'sub', 'sub']: UNSAT (0.080 seconds)
18.79/18.84	['add', 'add', 'add']: UNSAT (0.072 seconds)
18.89/18.91	['add', 'add', 'sub']: UNSAT (0.072 seconds)
18.89/18.98	['add', 'sub', 'sub']: UNSAT (0.071 seconds)
18.99/19.05	['sub', 'sub', 'sub']: UNSAT (0.072 seconds)
19.09/19.13	['concat', 'concat', 'concat', 'concat']: UNSAT (5.322 seconds)
24.41/24.45	['concat', 'concat', 'concat', 'index']: UNSAT (0.190 seconds)
24.59/24.64	['concat', 'concat', 'concat', 'length']: UNSAT (0.124 seconds)
24.69/24.77	['concat', 'concat', 'concat', 'substr']: UNKNOWN (209.774 seconds)
234.48/234.54	Reason: smt tactic failed to show goal to be sat/unsat max-conflicts-reached
234.48/234.54	Reason: smt tactic failed to show goal to be sat/unsat max-conflicts-reached
234.48/234.54	['concat', 'concat', 'concat', 'add']: UNSAT (0.102 seconds)
234.58/234.65	['concat', 'concat', 'concat', 'sub']: UNSAT (0.104 seconds)
234.68/234.75	['concat', 'concat', 'index', 'index']: UNSAT (0.143 seconds)
234.88/234.90	['concat', 'concat', 'index', 'length']: UNSAT (0.107 seconds)
234.98/235.00	['concat', 'concat', 'index', 'substr']: UNSAT (62.139 seconds)
297.08/297.14	['concat', 'concat', 'index', 'add']: UNSAT (0.111 seconds)
297.22/297.26	['concat', 'concat', 'index', 'sub']: UNSAT (0.106 seconds)
297.32/297.36	['concat', 'concat', 'length', 'length']: UNSAT (0.088 seconds)
297.40/297.45	['concat', 'concat', 'length', 'substr']: UNSAT (13.061 seconds)
310.48/310.51	['concat', 'concat', 'length', 'add']: UNSAT (0.089 seconds)
310.58/310.60	['concat', 'concat', 'length', 'sub']: UNSAT (0.089 seconds)
310.58/310.69	['concat', 'concat', 'substr', 'substr']: UNKNOWN (181.041 seconds)
491.68/491.74	Reason: smt tactic failed to show goal to be sat/unsat max-conflicts-reached
491.68/491.74	Reason: smt tactic failed to show goal to be sat/unsat max-conflicts-reached
491.68/491.74	['concat', 'concat', 'substr', 'add']: UNSAT (12.611 seconds)
504.32/504.35	['concat', 'concat', 'substr', 'sub']: UNSAT (12.328 seconds)
516.58/516.68	['concat', 'concat', 'add', 'add']: UNSAT (0.093 seconds)
516.68/516.77	['concat', 'concat', 'add', 'sub']: UNSAT (0.097 seconds)
516.78/516.87	['concat', 'concat', 'sub', 'sub']: UNSAT (0.092 seconds)
516.88/516.96	['concat', 'index', 'index', 'index']: UNSAT (0.134 seconds)
517.08/517.10	['concat', 'index', 'index', 'length']: UNSAT (0.111 seconds)
517.08/517.21	['concat', 'index', 'index', 'substr']: UNSAT (0.693 seconds)
517.88/517.90	['concat', 'index', 'index', 'add']: UNSAT (0.114 seconds)
517.98/518.02	['concat', 'index', 'index', 'sub']: UNSAT (0.116 seconds)
518.08/518.14	['concat', 'index', 'length', 'length']: UNSAT (0.092 seconds)
518.08/518.23	['concat', 'index', 'length', 'substr']: UNSAT (0.655 seconds)
518.77/518.89	['concat', 'index', 'length', 'add']: UNSAT (0.096 seconds)
518.87/518.98	['concat', 'index', 'length', 'sub']: UNSAT (0.091 seconds)
518.97/519.08	['concat', 'index', 'substr', 'substr']: UNSAT (18.004 seconds)
536.97/537.08	['concat', 'index', 'substr', 'add']: UNSAT (0.854 seconds)
537.87/537.94	['concat', 'index', 'substr', 'sub']: UNSAT (0.872 seconds)
538.77/538.81	['concat', 'index', 'add', 'add']: UNSAT (0.123 seconds)
538.87/538.93	['concat', 'index', 'add', 'sub']: UNSAT (0.107 seconds)
538.97/539.04	['concat', 'index', 'sub', 'sub']: UNSAT (0.105 seconds)
539.07/539.15	['concat', 'length', 'length', 'length']: UNSAT (0.069 seconds)
539.07/539.22	['concat', 'length', 'length', 'substr']: UNSAT (0.192 seconds)
539.38/539.41	['concat', 'length', 'length', 'add']: UNSAT (0.072 seconds)
539.38/539.48	['concat', 'length', 'length', 'sub']: UNSAT (0.074 seconds)
539.47/539.56	['concat', 'length', 'substr', 'substr']: UNSAT (5.383 seconds)
544.87/544.94	['concat', 'length', 'substr', 'add']: UNSAT (0.325 seconds)
545.20/545.27	['concat', 'length', 'substr', 'sub']: UNSAT (0.368 seconds)
545.57/545.64	['concat', 'length', 'add', 'add']: UNSAT (0.083 seconds)
545.67/545.72	['concat', 'length', 'add', 'sub']: UNSAT (0.085 seconds)
545.77/545.81	['concat', 'length', 'sub', 'sub']: UNSAT (0.085 seconds)
545.77/545.89	['concat', 'substr', 'substr', 'substr']: UNSAT (9.782 seconds)
555.58/555.68	['concat', 'substr', 'substr', 'add']: UNSAT (4.655 seconds)
560.31/560.33	['concat', 'substr', 'substr', 'sub']: UNSAT (3.384 seconds)
563.68/563.72	['concat', 'substr', 'add', 'add']: UNSAT (0.774 seconds)
564.38/564.49	['concat', 'substr', 'add', 'sub']: UNSAT (0.731 seconds)
565.08/565.23	['concat', 'substr', 'sub', 'sub']: UNSAT (0.577 seconds)
565.78/565.80	['concat', 'add', 'add', 'add']: UNSAT (0.098 seconds)
565.88/565.90	['concat', 'add', 'add', 'sub']: UNSAT (0.101 seconds)
565.98/566.01	['concat', 'add', 'sub', 'sub']: UNSAT (0.101 seconds)
566.08/566.11	['concat', 'sub', 'sub', 'sub']: UNSAT (0.099 seconds)
566.08/566.21	['index', 'index', 'index', 'index']: UNSAT (0.147 seconds)
566.31/566.36	['index', 'index', 'index', 'length']: UNSAT (0.118 seconds)
566.38/566.48	['index', 'index', 'index', 'substr']: UNSAT (0.250 seconds)
566.68/566.73	['index', 'index', 'index', 'add']: UNSAT (0.134 seconds)
566.78/566.86	['index', 'index', 'index', 'sub']: UNSAT (0.135 seconds)
566.98/567.00	['index', 'index', 'length', 'length']: UNSAT (0.097 seconds)
566.98/567.10	['index', 'index', 'length', 'substr']: UNSAT (0.135 seconds)
567.21/567.23	['index', 'index', 'length', 'add']: UNSAT (0.106 seconds)
567.31/567.34	['index', 'index', 'length', 'sub']: UNSAT (0.103 seconds)
567.38/567.44	['index', 'index', 'substr', 'substr']: UNSAT (0.490 seconds)
567.87/567.93	['index', 'index', 'substr', 'add']: UNSAT (0.151 seconds)
567.97/568.09	['index', 'index', 'substr', 'sub']: UNSAT (0.156 seconds)
568.21/568.24	['index', 'index', 'add', 'add']: UNSAT (0.122 seconds)
568.31/568.37	['index', 'index', 'add', 'sub']: UNSAT (0.123 seconds)
568.38/568.49	['index', 'index', 'sub', 'sub']: UNSAT (0.128 seconds)
568.57/568.62	['index', 'length', 'length', 'length']: UNSAT (0.077 seconds)
568.67/568.70	['index', 'length', 'length', 'substr']: UNSAT (0.111 seconds)
568.77/568.81	['index', 'length', 'length', 'add']: UNSAT (0.083 seconds)
568.77/568.89	['index', 'length', 'length', 'sub']: UNSAT (0.083 seconds)
568.87/568.98	['index', 'length', 'substr', 'substr']: UNSAT (0.210 seconds)
569.07/569.19	['index', 'length', 'substr', 'add']: UNSAT (0.123 seconds)
569.20/569.31	['index', 'length', 'substr', 'sub']: UNSAT (0.124 seconds)
569.38/569.44	['index', 'length', 'add', 'add']: UNSAT (0.096 seconds)
569.47/569.54	['index', 'length', 'add', 'sub']: UNSAT (0.096 seconds)
569.57/569.63	['index', 'length', 'sub', 'sub']: UNSAT (0.100 seconds)
569.67/569.73	['index', 'substr', 'substr', 'substr']: UNSAT (0.353 seconds)
569.97/570.09	['index', 'substr', 'substr', 'add']: UNSAT (0.184 seconds)
570.20/570.27	['index', 'substr', 'substr', 'sub']: UNSAT (0.187 seconds)
570.38/570.46	['index', 'substr', 'add', 'add']: UNSAT (0.152 seconds)
570.57/570.61	['index', 'substr', 'add', 'sub']: UNSAT (0.147 seconds)
570.67/570.76	['index', 'substr', 'sub', 'sub']: UNSAT (0.151 seconds)
570.87/570.91	['index', 'add', 'add', 'add']: UNSAT (0.119 seconds)
570.97/571.03	['index', 'add', 'add', 'sub']: UNSAT (0.121 seconds)
571.07/571.16	['index', 'add', 'sub', 'sub']: UNSAT (0.120 seconds)
571.20/571.28	['index', 'sub', 'sub', 'sub']: UNSAT (0.116 seconds)
571.30/571.40	['length', 'length', 'length', 'length']: UNSAT (0.056 seconds)
571.38/571.45	['length', 'length', 'length', 'substr']: UNSAT (0.073 seconds)
571.47/571.53	['length', 'length', 'length', 'add']: UNSAT (0.067 seconds)
571.47/571.59	['length', 'length', 'length', 'sub']: UNSAT (0.063 seconds)
571.57/571.66	['length', 'length', 'substr', 'substr']: UNSAT (0.145 seconds)
571.77/571.80	['length', 'length', 'substr', 'add']: UNSAT (0.096 seconds)
571.87/571.90	['length', 'length', 'substr', 'sub']: UNSAT (0.093 seconds)
571.97/572.00	['length', 'length', 'add', 'add']: UNSAT (0.076 seconds)
571.97/572.07	['length', 'length', 'add', 'sub']: UNSAT (0.078 seconds)
572.07/572.15	['length', 'length', 'sub', 'sub']: UNSAT (0.079 seconds)
572.20/572.23	['length', 'substr', 'substr', 'substr']: UNSAT (0.305 seconds)
572.47/572.54	['length', 'substr', 'substr', 'add']: UNSAT (0.149 seconds)
572.57/572.69	['length', 'substr', 'substr', 'sub']: UNSAT (0.182 seconds)
572.77/572.87	['length', 'substr', 'add', 'add']: UNSAT (0.117 seconds)
572.87/572.99	['length', 'substr', 'add', 'sub']: UNSAT (0.119 seconds)
573.07/573.11	['length', 'substr', 'sub', 'sub']: UNSAT (0.127 seconds)
573.20/573.24	['length', 'add', 'add', 'add']: UNSAT (0.095 seconds)
573.31/573.33	['length', 'add', 'add', 'sub']: UNSAT (0.097 seconds)
573.38/573.43	['length', 'add', 'sub', 'sub']: UNSAT (0.093 seconds)
573.47/573.53	['length', 'sub', 'sub', 'sub']: UNSAT (0.095 seconds)
573.57/573.62	['substr', 'substr', 'substr', 'substr']: UNSAT (0.215 seconds)
573.77/573.84	['substr', 'substr', 'substr', 'add']: UNSAT (0.167 seconds)
573.97/574.01	['substr', 'substr', 'substr', 'sub']: UNSAT (0.165 seconds)
574.07/574.17	['substr', 'substr', 'add', 'add']: UNSAT (0.143 seconds)
574.21/574.32	['substr', 'substr', 'add', 'sub']: UNSAT (0.140 seconds)
574.38/574.46	['substr', 'substr', 'sub', 'sub']: UNSAT (0.134 seconds)
574.47/574.59	['substr', 'add', 'add', 'add']: UNSAT (0.137 seconds)
574.67/574.73	['substr', 'add', 'add', 'sub']: UNSAT (0.122 seconds)
574.77/574.85	['substr', 'add', 'sub', 'sub']: UNSAT (0.119 seconds)
574.87/574.97	['substr', 'sub', 'sub', 'sub']: UNSAT (0.126 seconds)
575.07/575.10	['add', 'add', 'add', 'add']: UNSAT (0.113 seconds)
575.07/575.22	['add', 'add', 'add', 'sub']: UNSAT (0.113 seconds)
575.21/575.33	['add', 'add', 'sub', 'sub']: UNSAT (0.114 seconds)
575.38/575.44	['add', 'sub', 'sub', 'sub']: UNSAT (0.112 seconds)
575.47/575.56	['sub', 'sub', 'sub', 'sub']: UNSAT (0.109 seconds)
575.57/575.67	['concat', 'concat', 'concat', 'concat', 'concat']: 