0.12/0.20	=== Examples (../../dataset/examples/examples-36.json)
0.12/0.20	IO(inputs=('Duis eget ultrices sapien. / Nulla eu vehicula enim, in metus.',), output='/ Nulla eu vehicula enim, in metus.')
0.12/0.20	IO(inputs=('Sed imperdiet lectus vel amet. / Vestibulum ut ligula metus.',), output='/ Vestibulum ut ligula metus.')
0.12/0.20	IO(inputs=('Praesent in pulvinar sapien. / Orci varius natoque penatibus et magnis dis parturient montes, nascetur ridiculus mus. / Aliquam cursus est in massa metus.',), output='/ Orci varius natoque penatibus et magnis dis part')
0.12/0.20	=== Library
0.12/0.20	concat
0.12/0.20	index
0.12/0.20	length
0.12/0.20	substr
0.12/0.20	add
0.12/0.20	sub
0.12/0.20	=== Synthesis
0.12/0.20	['concat']: UNSAT (0.036 seconds)
0.12/0.24	['index']: UNSAT (0.035 seconds)
0.12/0.27	['length']: UNSAT (0.023 seconds)
0.12/0.30	['substr']: UNSAT (0.045 seconds)
0.12/0.34	['add']: UNSAT (0.030 seconds)
0.12/0.37	['sub']: UNSAT (0.030 seconds)
0.12/0.41	['concat', 'concat']: UNSAT (0.071 seconds)
0.45/0.48	['concat', 'index']: UNSAT (0.063 seconds)
0.45/0.54	['concat', 'length']: UNSAT (0.046 seconds)
0.56/0.59	['concat', 'substr']: UNSAT (0.581 seconds)
1.09/1.17	['concat', 'add']: UNSAT (0.042 seconds)
1.09/1.21	['concat', 'sub']: UNSAT (0.043 seconds)
1.22/1.26	['index', 'index']: UNSAT (0.058 seconds)
1.22/1.32	['index', 'length']: UNSAT (0.043 seconds)
1.33/1.36	['index', 'substr']: 