0.11/0.19	=== Examples (../../dataset/examples/examples-76.json)
0.11/0.19	IO(inputs=('abcdef', 3, 'xyz'), output='xyz')
0.11/0.19	IO(inputs=('012345', 4, '742'), output='0742')
0.11/0.19	IO(inputs=('abc132', 5, 'xyz'), output='abxyz')
0.11/0.19	=== Library
0.11/0.19	concat
0.11/0.19	index
0.11/0.19	length
0.11/0.19	substr
0.11/0.19	add
0.11/0.19	sub
0.11/0.19	=== Synthesis
0.11/0.19	['concat']: UNSAT (0.037 seconds)
0.11/0.23	['index']: UNSAT (0.041 seconds)
0.25/0.27	['length']: UNSAT (0.025 seconds)
0.25/0.30	['substr']: UNSAT (0.042 seconds)
0.25/0.34	['add']: UNSAT (0.033 seconds)
0.25/0.38	['sub']: UNSAT (0.033 seconds)
0.36/0.41	['concat', 'concat']: UNSAT (0.064 seconds)
0.36/0.48	['concat', 'index']: UNSAT (0.072 seconds)
0.51/0.55	['concat', 'length']: UNSAT (0.044 seconds)
0.51/0.60	['concat', 'substr']: UNSAT (0.098 seconds)
0.63/0.70	['concat', 'add']: UNSAT (0.047 seconds)
0.69/0.74	['concat', 'sub']: UNSAT (0.047 seconds)
0.69/0.79	['index', 'index']: UNSAT (0.066 seconds)
0.79/0.86	['index', 'length']: UNSAT (0.047 seconds)
0.89/0.91	['index', 'substr']: UNSAT (0.100 seconds)
0.89/1.01	['index', 'add']: UNSAT (0.058 seconds)
0.89/1.07	['index', 'sub']: UNSAT (0.057 seconds)
1.10/1.12	['length', 'length']: UNSAT (0.032 seconds)
1.10/1.16	['length', 'substr']: UNSAT (0.050 seconds)
1.10/1.21	['length', 'add']: UNSAT (0.039 seconds)
1.21/1.25	['length', 'sub']: UNSAT (0.038 seconds)
1.21/1.29	['substr', 'substr']: UNSAT (0.069 seconds)
1.29/1.36	['substr', 'add']: UNSAT (0.059 seconds)
1.39/1.42	['substr', 'sub']: UNSAT (0.058 seconds)
1.39/1.48	['add', 'add']: UNSAT (0.052 seconds)
1.49/1.53	['add', 'sub']: UNSAT (0.051 seconds)
1.49/1.58	['sub', 'sub']: UNSAT (0.051 seconds)
1.59/1.63	['concat', 'concat', 'concat']: UNSAT (0.085 seconds)
1.69/1.72	['concat', 'concat', 'index']: UNSAT (0.093 seconds)
1.79/1.81	['concat', 'concat', 'length']: UNSAT (0.069 seconds)
1.79/1.88	['concat', 'concat', 'substr']: UNSAT (2.545 seconds)
4.38/4.43	['concat', 'concat', 'add']: UNSAT (0.079 seconds)
4.48/4.51	['concat', 'concat', 'sub']: UNSAT (0.077 seconds)
4.48/4.59	['concat', 'index', 'index']: UNSAT (0.100 seconds)
4.58/4.69	['concat', 'index', 'length']: UNSAT (0.077 seconds)
4.68/4.77	['concat', 'index', 'substr']: UNSAT (1.939 seconds)
6.69/6.71	['concat', 'index', 'add']: UNSAT (0.085 seconds)
6.69/6.79	['concat', 'index', 'sub']: UNSAT (0.085 seconds)
6.79/6.88	['concat', 'length', 'length']: UNSAT (0.055 seconds)
6.89/6.93	['concat', 'length', 'substr']: UNSAT (0.192 seconds)
7.09/7.13	['concat', 'length', 'add']: UNSAT (0.063 seconds)
7.09/7.19	['concat', 'length', 'sub']: UNSAT (0.064 seconds)
7.09/7.26	['concat', 'substr', 'substr']: UNSAT (0.935 seconds)
8.09/8.19	['concat', 'substr', 'add']: SAT (0.120 seconds)
8.19/8.32	concat(substr(arg0, 0, add(arg1, -3)), arg2)
