0.13/0.20	=== Examples (../../dataset/examples/examples-48.json)
0.13/0.20	IO(inputs=('John', 'Doe', '@gmail.com'), output='johndoe.@gmail.com')
0.13/0.20	IO(inputs=('Jane', 'Smith', '@outsystems.com'), output='janesmith.@outsystems.com')
0.13/0.20	IO(inputs=('Michael', 'Bluth', '@bluth.com'), output='michaelbluth.@bluth.com')
0.13/0.20	=== Library
0.13/0.20	concat
0.13/0.20	index
0.13/0.20	length
0.13/0.20	substr
0.13/0.20	add
0.13/0.20	sub
0.13/0.20	=== Synthesis
0.13/0.20	['concat']: UNSAT (0.039 seconds)
0.13/0.24	['index']: UNSAT (0.041 seconds)
0.27/0.28	['length']: UNSAT (0.025 seconds)
0.27/0.31	['substr']: UNSAT (0.040 seconds)
0.27/0.35	['add']: UNSAT (0.032 seconds)
0.37/0.38	['sub']: UNSAT (0.032 seconds)
0.37/0.41	['concat', 'concat']: UNSAT (0.074 seconds)
0.47/0.49	['concat', 'index']: UNSAT (0.074 seconds)
0.47/0.56	['concat', 'length']: UNSAT (0.053 seconds)
0.57/0.62	['concat', 'substr']: UNSAT (0.066 seconds)
0.63/0.69	['concat', 'add']: UNSAT (0.043 seconds)
0.69/0.73	['concat', 'sub']: UNSAT (0.042 seconds)
0.69/0.77	['index', 'index']: UNSAT (0.060 seconds)
0.79/0.83	['index', 'length']: UNSAT (0.044 seconds)
0.79/0.88	['index', 'substr']: UNSAT (0.065 seconds)
0.89/0.94	['index', 'add']: UNSAT (0.053 seconds)
0.89/1.00	['index', 'sub']: UNSAT (0.051 seconds)
1.03/1.05	['length', 'length']: UNSAT (0.027 seconds)
1.03/1.08	['length', 'substr']: UNSAT (0.043 seconds)
1.03/1.12	['length', 'add']: UNSAT (0.033 seconds)
1.13/1.16	['length', 'sub']: UNSAT (0.032 seconds)
1.13/1.19	['substr', 'substr']: UNSAT (0.058 seconds)
1.19/1.25	['substr', 'add']: UNSAT (0.050 seconds)
1.29/1.30	['substr', 'sub']: UNSAT (0.049 seconds)
1.29/1.35	['add', 'add']: UNSAT (0.043 seconds)
1.29/1.39	['add', 'sub']: UNSAT (0.044 seconds)
1.39/1.44	['sub', 'sub']: UNSAT (0.043 seconds)
1.39/1.48	['concat', 'concat', 'concat']: UNSAT (0.249 seconds)
1.69/1.73	['concat', 'concat', 'index']: UNSAT (0.085 seconds)
1.79/1.82	['concat', 'concat', 'length']: UNSAT (0.067 seconds)
1.79/1.89	['concat', 'concat', 'substr']: UNSAT (0.132 seconds)
1.89/2.02	['concat', 'concat', 'add']: UNSAT (0.068 seconds)
2.03/2.09	['concat', 'concat', 'sub']: UNSAT (0.067 seconds)
2.13/2.16	['concat', 'index', 'index']: UNSAT (0.090 seconds)
2.19/2.25	['concat', 'index', 'length']: UNSAT (0.068 seconds)
2.29/2.32	['concat', 'index', 'substr']: UNSAT (0.128 seconds)
2.39/2.45	['concat', 'index', 'add']: UNSAT (0.079 seconds)
2.49/2.53	['concat', 'index', 'sub']: UNSAT (0.080 seconds)
2.59/2.61	['concat', 'length', 'length']: UNSAT (0.055 seconds)
2.59/2.66	['concat', 'length', 'substr']: UNSAT (0.079 seconds)
2.69/2.74	['concat', 'length', 'add']: UNSAT (0.058 seconds)
2.79/2.80	['concat', 'length', 'sub']: UNSAT (0.056 seconds)
2.79/2.86	['concat', 'substr', 'substr']: UNSAT (0.103 seconds)
2.89/2.96	['concat', 'substr', 'add']: UNSAT (0.077 seconds)
3.03/3.04	['concat', 'substr', 'sub']: UNSAT (0.081 seconds)
3.03/3.13	['concat', 'add', 'add']: UNSAT (0.069 seconds)
3.13/3.20	['concat', 'add', 'sub']: UNSAT (0.069 seconds)
3.19/3.27	['concat', 'sub', 'sub']: UNSAT (0.064 seconds)
3.29/3.33	['index', 'index', 'index']: UNSAT (0.097 seconds)
3.39/3.43	['index', 'index', 'length']: UNSAT (0.078 seconds)
3.49/3.51	['index', 'index', 'substr']: UNSAT (0.110 seconds)
3.59/3.62	['index', 'index', 'add']: UNSAT (0.085 seconds)
3.69/3.70	['index', 'index', 'sub']: UNSAT (0.084 seconds)
3.69/3.79	['index', 'length', 'length']: UNSAT (0.056 seconds)
3.79/3.85	['index', 'length', 'substr']: UNSAT (0.083 seconds)
3.89/3.93	['index', 'length', 'add']: UNSAT (0.070 seconds)
3.89/4.00	['index', 'length', 'sub']: UNSAT (0.068 seconds)
4.03/4.07	['index', 'substr', 'substr']: UNSAT (0.123 seconds)
4.13/4.19	['index', 'substr', 'add']: UNSAT (0.090 seconds)
4.19/4.28	['index', 'substr', 'sub']: UNSAT (0.093 seconds)
4.29/4.38	['index', 'add', 'add']: UNSAT (0.088 seconds)
4.39/4.47	['index', 'add', 'sub']: UNSAT (0.081 seconds)
4.49/4.55	['index', 'sub', 'sub']: UNSAT (0.076 seconds)
4.59/4.63	['length', 'length', 'length']: UNSAT (0.041 seconds)
4.59/4.67	['length', 'length', 'substr']: UNSAT (0.059 seconds)
4.69/4.73	['length', 'length', 'add']: UNSAT (0.047 seconds)
4.69/4.78	['length', 'length', 'sub']: UNSAT (0.048 seconds)
4.79/4.83	['length', 'substr', 'substr']: UNSAT (0.077 seconds)
4.89/4.90	['length', 'substr', 'add']: UNSAT (0.064 seconds)
4.89/4.97	['length', 'substr', 'sub']: UNSAT (0.070 seconds)
5.03/5.04	['length', 'add', 'add']: UNSAT (0.060 seconds)
5.03/5.10	['length', 'add', 'sub']: UNSAT (0.061 seconds)
5.13/5.16	['length', 'sub', 'sub']: UNSAT (0.059 seconds)
5.19/5.22	['substr', 'substr', 'substr']: UNSAT (0.107 seconds)
5.29/5.33	['substr', 'substr', 'add']: UNSAT (0.089 seconds)
5.39/5.42	['substr', 'substr', 'sub']: UNSAT (0.089 seconds)
5.49/5.51	['substr', 'add', 'add']: UNSAT (0.074 seconds)
5.49/5.59	['substr', 'add', 'sub']: UNSAT (0.150 seconds)
5.69/5.74	['substr', 'sub', 'sub']: UNSAT (0.076 seconds)
5.79/5.81	['add', 'add', 'add']: UNSAT (0.070 seconds)
5.79/5.88	['add', 'add', 'sub']: UNSAT (0.071 seconds)
5.89/5.96	['add', 'sub', 'sub']: UNSAT (0.078 seconds)
5.89/6.04	['sub', 'sub', 'sub']: UNSAT (0.074 seconds)
6.03/6.11	['concat', 'concat', 'concat', 'concat']: UNKNOWN (109.968 seconds)
116.03/116.08	Reason: smt tactic failed to show goal to be sat/unsat max-conflicts-reached
116.03/116.08	Reason: smt tactic failed to show goal to be sat/unsat max-conflicts-reached
116.03/116.08	['concat', 'concat', 'concat', 'index']: UNSAT (0.121 seconds)
116.19/116.20	['concat', 'concat', 'concat', 'length']: UNSAT (0.099 seconds)
116.29/116.30	['concat', 'concat', 'concat', 'substr']: UNSAT (53.914 seconds)
170.19/170.22	['concat', 'concat', 'concat', 'add']: UNSAT (0.098 seconds)
170.29/170.32	['concat', 'concat', 'concat', 'sub']: UNSAT (0.098 seconds)
170.39/170.41	['concat', 'concat', 'index', 'index']: UNSAT (0.135 seconds)
170.49/170.55	['concat', 'concat', 'index', 'length']: UNSAT (0.107 seconds)
170.59/170.66	['concat', 'concat', 'index', 'substr']: UNSAT (1.878 seconds)
172.49/172.54	['concat', 'concat', 'index', 'add']: UNSAT (0.107 seconds)
172.59/172.65	['concat', 'concat', 'index', 'sub']: UNSAT (0.107 seconds)
172.69/172.75	['concat', 'concat', 'length', 'length']: UNSAT (0.081 seconds)
172.79/172.84	['concat', 'concat', 'length', 'substr']: UNSAT (0.510 seconds)
173.29/173.35	['concat', 'concat', 'length', 'add']: UNSAT (0.087 seconds)
173.39/173.43	['concat', 'concat', 'length', 'sub']: UNSAT (0.086 seconds)
173.49/173.52	['concat', 'concat', 'substr', 'substr']: UNSAT (0.688 seconds)
174.19/174.21	['concat', 'concat', 'substr', 'add']: UNSAT (0.156 seconds)
174.29/174.37	['concat', 'concat', 'substr', 'sub']: UNSAT (0.154 seconds)
174.49/174.52	['concat', 'concat', 'add', 'add']: UNSAT (0.094 seconds)
174.59/174.62	['concat', 'concat', 'add', 'sub']: UNSAT (0.091 seconds)
174.69/174.71	['concat', 'concat', 'sub', 'sub']: UNSAT (0.092 seconds)
174.79/174.80	['concat', 'index', 'index', 'index']: UNSAT (0.133 seconds)
174.89/174.94	['concat', 'index', 'index', 'length']: UNSAT (0.107 seconds)
175.03/175.05	['concat', 'index', 'index', 'substr']: UNSAT (0.368 seconds)
175.39/175.41	['concat', 'index', 'index', 'add']: UNSAT (0.120 seconds)
175.49/175.54	['concat', 'index', 'index', 'sub']: UNSAT (0.118 seconds)
175.59/175.65	['concat', 'index', 'length', 'length']: UNSAT (0.101 seconds)
175.69/175.76	['concat', 'index', 'length', 'substr']: UNSAT (0.281 seconds)
176.03/176.04	['concat', 'index', 'length', 'add']: UNSAT (0.092 seconds)
176.03/176.13	['concat', 'index', 'length', 'sub']: UNSAT (0.095 seconds)
176.19/176.23	['concat', 'index', 'substr', 'substr']: UNSAT (0.380 seconds)
176.59/176.61	['concat', 'index', 'substr', 'add']: UNSAT (0.179 seconds)
176.69/176.79	['concat', 'index', 'substr', 'sub']: UNSAT (0.174 seconds)
176.89/176.97	['concat', 'index', 'add', 'add']: UNSAT (0.104 seconds)
177.03/177.07	['concat', 'index', 'add', 'sub']: UNSAT (0.104 seconds)
177.13/177.17	['concat', 'index', 'sub', 'sub']: UNSAT (0.105 seconds)
177.19/177.28	['concat', 'length', 'length', 'length']: UNSAT (0.074 seconds)
177.29/177.36	['concat', 'length', 'length', 'substr']: UNSAT (0.126 seconds)
177.39/177.48	['concat', 'length', 'length', 'add']: UNSAT (0.076 seconds)
177.49/177.56	['concat', 'length', 'length', 'sub']: UNSAT (0.073 seconds)
177.59/177.63	['concat', 'length', 'substr', 'substr']: UNSAT (0.259 seconds)
177.79/177.89	['concat', 'length', 'substr', 'add']: UNSAT (0.104 seconds)
177.89/178.00	['concat', 'length', 'substr', 'sub']: UNSAT (0.104 seconds)
178.02/178.10	['concat', 'length', 'add', 'add']: UNSAT (0.088 seconds)
178.13/178.19	['concat', 'length', 'add', 'sub']: UNSAT (0.089 seconds)
178.19/178.28	['concat', 'length', 'sub', 'sub']: UNSAT (0.090 seconds)
178.29/178.38	['concat', 'substr', 'substr', 'substr']: UNSAT (0.172 seconds)
178.49/178.55	['concat', 'substr', 'substr', 'add']: UNSAT (0.124 seconds)
178.59/178.67	['concat', 'substr', 'substr', 'sub']: UNSAT (0.125 seconds)
178.79/178.80	['concat', 'substr', 'add', 'add']: UNSAT (0.108 seconds)
178.89/178.91	['concat', 'substr', 'add', 'sub']: UNSAT (0.108 seconds)
178.89/179.02	['concat', 'substr', 'sub', 'sub']: UNSAT (0.112 seconds)
179.02/179.13	['concat', 'add', 'add', 'add']: UNSAT (0.097 seconds)
179.19/179.23	['concat', 'add', 'add', 'sub']: UNSAT (0.096 seconds)
179.29/179.33	['concat', 'add', 'sub', 'sub']: UNSAT (0.099 seconds)
179.39/179.43	['concat', 'sub', 'sub', 'sub']: UNSAT (0.104 seconds)
179.49/179.53	['index', 'index', 'index', 'index']: UNSAT (0.146 seconds)
179.59/179.68	['index', 'index', 'index', 'length']: UNSAT (0.118 seconds)
179.79/179.80	['index', 'index', 'index', 'substr']: UNSAT (0.176 seconds)
179.89/179.97	['index', 'index', 'index', 'add']: UNSAT (0.131 seconds)
180.02/180.11	['index', 'index', 'index', 'sub']: UNSAT (0.128 seconds)
180.19/180.23	['index', 'index', 'length', 'length']: UNSAT (0.093 seconds)
180.29/180.33	['index', 'index', 'length', 'substr']: UNSAT (0.138 seconds)
180.39/180.47	['index', 'index', 'length', 'add']: UNSAT (0.109 seconds)
180.49/180.58	['index', 'index', 'length', 'sub']: UNSAT (0.110 seconds)
180.59/180.69	['index', 'index', 'substr', 'substr']: UNSAT (0.189 seconds)
180.79/180.88	['index', 'index', 'substr', 'add']: UNSAT (0.145 seconds)
180.89/181.02	['index', 'index', 'substr', 'sub']: UNSAT (0.152 seconds)
181.13/181.18	['index', 'index', 'add', 'add']: UNSAT (0.120 seconds)
181.29/181.30	['index', 'index', 'add', 'sub']: UNSAT (0.130 seconds)
181.39/181.43	['index', 'index', 'sub', 'sub']: UNSAT (0.128 seconds)
181.49/181.56	['index', 'length', 'length', 'length']: UNSAT (0.073 seconds)
181.59/181.63	['index', 'length', 'length', 'substr']: UNSAT (0.114 seconds)
181.69/181.75	['index', 'length', 'length', 'add']: UNSAT (0.081 seconds)
181.79/181.83	['index', 'length', 'length', 'sub']: UNSAT (0.084 seconds)
181.89/181.92	['index', 'length', 'substr', 'substr']: UNSAT (0.166 seconds)
182.02/182.08	['index', 'length', 'substr', 'add']: UNSAT (0.122 seconds)
182.19/182.21	['index', 'length', 'substr', 'sub']: UNSAT (0.119 seconds)
182.29/182.33	['index', 'length', 'add', 'add']: UNSAT (0.099 seconds)
182.39/182.43	['index', 'length', 'add', 'sub']: UNSAT (0.101 seconds)
182.49/182.53	['index', 'length', 'sub', 'sub']: UNSAT (0.103 seconds)
182.59/182.63	['index', 'substr', 'substr', 'substr']: UNSAT (0.225 seconds)
182.79/182.86	['index', 'substr', 'substr', 'add']: UNSAT (0.167 seconds)
182.89/183.03	['index', 'substr', 'substr', 'sub']: UNSAT (0.171 seconds)
183.19/183.20	['index', 'substr', 'add', 'add']: UNSAT (0.133 seconds)
183.29/183.33	['index', 'substr', 'add', 'sub']: UNSAT (0.138 seconds)
183.39/183.47	['index', 'substr', 'sub', 'sub']: UNSAT (0.146 seconds)
183.59/183.62	['index', 'add', 'add', 'add']: UNSAT (0.113 seconds)
183.69/183.73	['index', 'add', 'add', 'sub']: UNSAT (0.110 seconds)
183.79/183.84	['index', 'add', 'sub', 'sub']: UNSAT (0.112 seconds)
183.89/183.96	['index', 'sub', 'sub', 'sub']: UNSAT (0.114 seconds)
184.02/184.07	['length', 'length', 'length', 'length']: UNSAT (0.054 seconds)
184.02/184.13	['length', 'length', 'length', 'substr']: UNSAT (0.075 seconds)
184.19/184.20	['length', 'length', 'length', 'add']: UNSAT (0.060 seconds)
184.19/184.26	['length', 'length', 'length', 'sub']: UNSAT (0.061 seconds)
184.29/184.33	['length', 'length', 'substr', 'substr']: UNSAT (0.110 seconds)
184.39/184.44	['length', 'length', 'substr', 'add']: UNSAT (0.092 seconds)
184.49/184.53	['length', 'length', 'substr', 'sub']: UNSAT (0.091 seconds)
184.59/184.62	['length', 'length', 'add', 'add']: UNSAT (0.073 seconds)
184.69/184.70	['length', 'length', 'add', 'sub']: UNSAT (0.071 seconds)
184.69/184.77	['length', 'length', 'sub', 'sub']: UNSAT (0.075 seconds)
184.79/184.85	['length', 'substr', 'substr', 'substr']: UNSAT (0.128 seconds)
184.89/184.98	['length', 'substr', 'substr', 'add']: UNSAT (0.107 seconds)
185.02/185.08	['length', 'substr', 'substr', 'sub']: UNSAT (0.112 seconds)
185.19/185.20	['length', 'substr', 'add', 'add']: UNSAT (0.096 seconds)
185.19/185.29	['length', 'substr', 'add', 'sub']: UNSAT (0.098 seconds)
185.29/185.39	['length', 'substr', 'sub', 'sub']: UNSAT (0.097 seconds)
185.39/185.49	['length', 'add', 'add', 'add']: UNSAT (0.095 seconds)
185.49/185.59	['length', 'add', 'add', 'sub']: UNSAT (0.091 seconds)
185.59/185.68	['length', 'add', 'sub', 'sub']: UNSAT (0.086 seconds)
185.69/185.77	['length', 'sub', 'sub', 'sub']: UNSAT (0.085 seconds)
185.79/185.85	['substr', 'substr', 'substr', 'substr']: UNSAT (0.150 seconds)
185.89/186.00	['substr', 'substr', 'substr', 'add']: UNSAT (0.134 seconds)
186.13/186.14	['substr', 'substr', 'substr', 'sub']: UNSAT (0.129 seconds)
186.19/186.27	['substr', 'substr', 'add', 'add']: UNSAT (0.123 seconds)
186.29/186.39	['substr', 'substr', 'add', 'sub']: UNSAT (0.131 seconds)
186.49/186.53	['substr', 'substr', 'sub', 'sub']: UNSAT (0.127 seconds)
186.59/186.65	['substr', 'add', 'add', 'add']: UNSAT (0.112 seconds)
186.69/186.77	['substr', 'add', 'add', 'sub']: UNSAT (0.112 seconds)
186.79/186.88	['substr', 'add', 'sub', 'sub']: UNSAT (0.114 seconds)
186.89/186.99	['substr', 'sub', 'sub', 'sub']: UNSAT (0.114 seconds)
187.02/187.11	['add', 'add', 'add', 'add']: UNSAT (0.106 seconds)
187.19/187.22	['add', 'add', 'add', 'sub']: UNSAT (0.105 seconds)
187.29/187.32	['add', 'add', 'sub', 'sub']: UNSAT (0.106 seconds)
187.39/187.43	['add', 'sub', 'sub', 'sub']: UNSAT (0.113 seconds)
187.49/187.54	['sub', 'sub', 'sub', 'sub']: UNSAT (0.109 seconds)
187.59/187.65	['concat', 'concat', 'concat', 'concat', 'concat']: UNKNOWN (120.229 seconds)
307.79/307.88	Reason: smt tactic failed to show goal to be sat/unsat max-conflicts-reached
307.79/307.88	Reason: smt tactic failed to show goal to be sat/unsat max-conflicts-reached
307.79/307.88	['concat', 'concat', 'concat', 'concat', 'index']: UNSAT (0.166 seconds)
308.02/308.05	['concat', 'concat', 'concat', 'concat', 'length']: UNSAT (0.144 seconds)
308.13/308.20	['concat', 'concat', 'concat', 'concat', 'substr']: UNKNOWN (104.376 seconds)
412.48/412.57	Reason: smt tactic failed to show goal to be sat/unsat max-conflicts-reached
412.48/412.57	Reason: smt tactic failed to show goal to be sat/unsat max-conflicts-reached
412.48/412.57	['concat', 'concat', 'concat', 'concat', 'add']: UNSAT (0.141 seconds)
412.68/412.72	['concat', 'concat', 'concat', 'concat', 'sub']: UNSAT (0.138 seconds)
412.78/412.85	['concat', 'concat', 'concat', 'index', 'index']: UNSAT (0.166 seconds)
412.88/413.02	['concat', 'concat', 'concat', 'index', 'length']: UNSAT (0.142 seconds)
413.12/413.16	['concat', 'concat', 'concat', 'index', 'substr']: UNKNOWN (84.898 seconds)
497.99/498.06	Reason: smt tactic failed to show goal to be sat/unsat max-conflicts-reached
497.99/498.06	Reason: smt tactic failed to show goal to be sat/unsat max-conflicts-reached
497.99/498.06	['concat', 'concat', 'concat', 'index', 'add']: UNSAT (0.146 seconds)
498.15/498.21	['concat', 'concat', 'concat', 'index', 'sub']: UNSAT (0.151 seconds)
498.25/498.36	['concat', 'concat', 'concat', 'length', 'length']: UNSAT (0.117 seconds)
498.35/498.48	['concat', 'concat', 'concat', 'length', 'substr']: UNKNOWN (76.417 seconds)
574.84/574.90	Reason: smt tactic failed to show goal to be sat/unsat max-conflicts-reached
574.84/574.90	Reason: smt tactic failed to show goal to be sat/unsat max-conflicts-reached
574.84/574.90	['concat', 'concat', 'concat', 'length', 'add']: UNSAT (0.120 seconds)
574.84/575.02	['concat', 'concat', 'concat', 'length', 'sub']: UNSAT (0.120 seconds)
575.08/575.14	['concat', 'concat', 'concat', 'substr', 'substr']: 