0.13/0.20	=== Examples (../../dataset/examples/examples-64.json)
0.13/0.20	IO(inputs=('# this is a comment',), output='# this is a comment')
0.13/0.20	IO(inputs=('code code code # comment',), output='# comment')
0.13/0.20	IO(inputs=('sigh more code # more comments',), output='# more comments')
0.13/0.20	=== Library
0.13/0.20	concat
0.13/0.20	index
0.13/0.20	length
0.13/0.20	substr
0.13/0.20	add
0.13/0.20	sub
0.13/0.20	=== Synthesis
0.13/0.20	['concat']: UNSAT (0.034 seconds)
0.13/0.23	['index']: UNSAT (0.035 seconds)
0.13/0.27	['length']: UNSAT (0.023 seconds)
0.13/0.29	['substr']: UNSAT (0.040 seconds)
0.27/0.33	['add']: UNSAT (0.028 seconds)
0.27/0.36	['sub']: UNSAT (0.029 seconds)
0.27/0.39	['concat', 'concat']: UNSAT (0.065 seconds)
0.39/0.46	['concat', 'index']: UNSAT (0.062 seconds)
0.47/0.52	['concat', 'length']: UNSAT (0.046 seconds)
0.47/0.57	['concat', 'substr']: UNSAT (0.152 seconds)
0.69/0.72	['concat', 'add']: UNSAT (0.040 seconds)
0.69/0.76	['concat', 'sub']: UNSAT (0.041 seconds)
0.69/0.80	['index', 'index']: UNSAT (0.056 seconds)
0.79/0.86	['index', 'length']: UNSAT (0.041 seconds)
0.79/0.90	['index', 'substr']: SAT (34.998 seconds)
35.80/35.90	substr(arg0, index(arg0, '#', 0), 6303)
