0.12/0.20	=== Examples (../../dataset/examples/examples-46.json)
0.12/0.20	IO(inputs=(' a b c ',), output='0a0b0c')
0.12/0.20	IO(inputs=('1 2 3 4 5 ',), output='102030405')
0.12/0.20	IO(inputs=(' 123 4 32 4  ',), output='01230403204')
0.12/0.20	=== Library
0.12/0.20	concat
0.12/0.20	index
0.12/0.20	length
0.12/0.20	substr
0.12/0.20	add
0.12/0.20	sub
0.12/0.20	=== Synthesis
0.12/0.20	['concat']: UNSAT (0.033 seconds)
0.12/0.23	['index']: UNSAT (0.034 seconds)
0.12/0.26	['length']: UNSAT (0.032 seconds)
0.25/0.30	['substr']: UNSAT (0.054 seconds)
0.33/0.35	['add']: UNSAT (0.029 seconds)
0.33/0.38	['sub']: UNSAT (0.029 seconds)
0.33/0.41	['concat', 'concat']: UNSAT (0.060 seconds)
0.45/0.47	['concat', 'index']: UNSAT (0.059 seconds)
0.45/0.53	['concat', 'length']: UNSAT (0.043 seconds)
0.56/0.58	['concat', 'substr']: UNSAT (0.278 seconds)
0.79/0.86	['concat', 'add']: UNSAT (0.036 seconds)
0.79/0.89	['concat', 'sub']: UNSAT (0.036 seconds)
0.89/0.93	['index', 'index']: UNSAT (0.051 seconds)
0.89/0.98	['index', 'length']: UNSAT (0.038 seconds)
0.89/1.02	['index', 'substr']: UNSAT (0.107 seconds)
1.12/1.13	['index', 'add']: UNSAT (0.048 seconds)
1.12/1.18	['index', 'sub']: UNSAT (0.043 seconds)
1.19/1.22	['length', 'length']: UNSAT (0.023 seconds)
1.19/1.25	['length', 'substr']: UNSAT (0.048 seconds)
1.19/1.30	['length', 'add']: UNSAT (0.029 seconds)
1.29/1.33	['length', 'sub']: UNSAT (0.030 seconds)
1.29/1.36	['substr', 'substr']: UNSAT (0.068 seconds)
1.39/1.43	['substr', 'add']: UNSAT (0.056 seconds)
1.39/1.48	['substr', 'sub']: UNSAT (0.053 seconds)
1.49/1.54	['add', 'add']: UNSAT (0.038 seconds)
1.49/1.58	['add', 'sub']: UNSAT (0.040 seconds)
1.59/1.62	['sub', 'sub']: UNSAT (0.038 seconds)
1.59/1.65	['concat', 'concat', 'concat']: UNSAT (0.126 seconds)
1.69/1.78	['concat', 'concat', 'index']: UNSAT (0.073 seconds)
1.79/1.86	['concat', 'concat', 'length']: UNSAT (0.054 seconds)
1.89/1.91	['concat', 'concat', 'substr']: UNSAT (5.067 seconds)
6.88/6.98	['concat', 'concat', 'add']: UNSAT (0.058 seconds)
6.88/7.04	['concat', 'concat', 'sub']: UNSAT (0.057 seconds)
7.02/7.10	['concat', 'index', 'index']: UNSAT (0.077 seconds)
7.13/7.17	['concat', 'index', 'length']: UNSAT (0.060 seconds)
7.19/7.24	['concat', 'index', 'substr']: UNSAT (1.611 seconds)
8.79/8.85	['concat', 'index', 'add']: UNSAT (0.065 seconds)
8.89/8.91	['concat', 'index', 'sub']: UNSAT (0.067 seconds)
8.89/8.98	['concat', 'length', 'length']: UNSAT (0.047 seconds)
8.89/9.03	['concat', 'length', 'substr']: UNSAT (0.236 seconds)
9.19/9.26	['concat', 'length', 'add']: UNSAT (0.047 seconds)
9.29/9.31	['concat', 'length', 'sub']: UNSAT (0.047 seconds)
9.29/9.36	['concat', 'substr', 'substr']: UNSAT (1.746 seconds)
11.02/11.11	['concat', 'substr', 'add']: UNSAT (0.404 seconds)
11.49/11.51	['concat', 'substr', 'sub']: UNSAT (0.330 seconds)
11.78/11.84	['concat', 'add', 'add']: UNSAT (0.054 seconds)
11.88/11.90	['concat', 'add', 'sub']: UNSAT (0.056 seconds)
11.88/11.95	['concat', 'sub', 'sub']: UNSAT (0.061 seconds)
11.88/12.02	['index', 'index', 'index']: UNSAT (0.085 seconds)
12.02/12.10	['index', 'index', 'length']: UNSAT (0.062 seconds)
12.13/12.17	['index', 'index', 'substr']: UNSAT (0.246 seconds)
12.38/12.41	['index', 'index', 'add']: UNSAT (0.071 seconds)
12.38/12.48	['index', 'index', 'sub']: UNSAT (0.070 seconds)
12.48/12.55	['index', 'length', 'length']: UNSAT (0.047 seconds)
12.58/12.60	['index', 'length', 'substr']: UNSAT (0.178 seconds)
12.68/12.78	['index', 'length', 'add']: UNSAT (0.057 seconds)
12.78/12.84	['index', 'length', 'sub']: UNSAT (0.056 seconds)
12.88/12.90	['index', 'substr', 'substr']: UNSAT (0.909 seconds)
13.78/13.81	['index', 'substr', 'add']: UNSAT (0.179 seconds)
13.88/13.99	['index', 'substr', 'sub']: UNSAT (0.308 seconds)
14.18/14.30	['index', 'add', 'add']: UNSAT (0.064 seconds)
14.28/14.36	['index', 'add', 'sub']: UNSAT (0.066 seconds)
14.38/14.43	['index', 'sub', 'sub']: UNSAT (0.067 seconds)
14.38/14.50	['length', 'length', 'length']: UNSAT (0.034 seconds)
14.48/14.53	['length', 'length', 'substr']: UNSAT (0.059 seconds)
14.48/14.59	['length', 'length', 'add']: UNSAT (0.039 seconds)
14.58/14.63	['length', 'length', 'sub']: UNSAT (0.039 seconds)
14.58/14.67	['length', 'substr', 'substr']: UNSAT (0.240 seconds)
14.88/14.91	['length', 'substr', 'add']: UNSAT (0.087 seconds)
14.88/15.00	['length', 'substr', 'sub']: UNSAT (0.099 seconds)
15.02/15.10	['length', 'add', 'add']: UNSAT (0.051 seconds)
15.13/15.15	['length', 'add', 'sub']: UNSAT (0.052 seconds)
15.18/15.20	['length', 'sub', 'sub']: UNSAT (0.050 seconds)
15.18/15.25	['substr', 'substr', 'substr']: UNSAT (0.245 seconds)
15.48/15.50	['substr', 'substr', 'add']: UNSAT (0.205 seconds)
15.68/15.71	['substr', 'substr', 'sub']: UNSAT (0.218 seconds)
15.88/15.93	['substr', 'add', 'add']: UNSAT (0.093 seconds)
15.88/16.02	['substr', 'add', 'sub']: UNSAT (0.106 seconds)
16.02/16.13	['substr', 'sub', 'sub']: UNSAT (0.121 seconds)
16.18/16.25	['add', 'add', 'add']: UNSAT (0.063 seconds)
16.28/16.31	['add', 'add', 'sub']: UNSAT (0.064 seconds)
16.28/16.38	['add', 'sub', 'sub']: UNSAT (0.062 seconds)
16.38/16.44	['sub', 'sub', 'sub']: UNSAT (0.063 seconds)
16.48/16.50	['concat', 'concat', 'concat', 'concat']: UNSAT (0.249 seconds)
16.68/16.75	['concat', 'concat', 'concat', 'index']: UNSAT (0.105 seconds)
16.78/16.86	['concat', 'concat', 'concat', 'length']: UNSAT (0.081 seconds)
16.88/16.94	['concat', 'concat', 'concat', 'substr']: UNKNOWN (393.040 seconds)
409.87/409.98	Reason: smt tactic failed to show goal to be sat/unsat max-conflicts-reached
409.87/409.98	Reason: smt tactic failed to show goal to be sat/unsat max-conflicts-reached
409.87/409.98	['concat', 'concat', 'concat', 'add']: UNSAT (0.084 seconds)
410.00/410.07	['concat', 'concat', 'concat', 'sub']: UNSAT (0.087 seconds)
410.12/410.15	['concat', 'concat', 'index', 'index']: UNSAT (0.122 seconds)
410.17/410.28	['concat', 'concat', 'index', 'length']: UNSAT (0.092 seconds)
410.27/410.37	['concat', 'concat', 'index', 'substr']: UNSAT (41.539 seconds)
451.87/451.91	['concat', 'concat', 'index', 'add']: UNSAT (0.091 seconds)
451.87/452.00	['concat', 'concat', 'index', 'sub']: UNSAT (0.091 seconds)
452.00/452.09	['concat', 'concat', 'length', 'length']: UNSAT (0.070 seconds)
452.11/452.17	['concat', 'concat', 'length', 'substr']: UNSAT (5.448 seconds)
457.58/457.62	['concat', 'concat', 'length', 'add']: UNSAT (0.072 seconds)
457.58/457.69	['concat', 'concat', 'length', 'sub']: UNSAT (0.072 seconds)
457.68/457.76	['concat', 'concat', 'substr', 'substr']: UNKNOWN (75.797 seconds)
533.47/533.56	Reason: smt tactic failed to show goal to be sat/unsat max-conflicts-reached
533.47/533.56	Reason: smt tactic failed to show goal to be sat/unsat max-conflicts-reached
533.47/533.56	['concat', 'concat', 'substr', 'add']: UNSAT (7.133 seconds)
540.57/540.69	['concat', 'concat', 'substr', 'sub']: UNSAT (5.115 seconds)
545.77/545.81	['concat', 'concat', 'add', 'add']: UNSAT (0.082 seconds)
545.77/545.89	['concat', 'concat', 'add', 'sub']: UNSAT (0.080 seconds)
545.87/545.97	['concat', 'concat', 'sub', 'sub']: UNSAT (0.080 seconds)
545.99/546.05	['concat', 'index', 'index', 'index']: UNSAT (0.116 seconds)
546.11/546.17	['concat', 'index', 'index', 'length']: UNSAT (0.093 seconds)
546.17/546.26	['concat', 'index', 'index', 'substr']: UNSAT (2.786 seconds)
548.99/549.05	['concat', 'index', 'index', 'add']: UNSAT (0.101 seconds)
549.11/549.15	['concat', 'index', 'index', 'sub']: UNSAT (0.100 seconds)
549.17/549.25	['concat', 'index', 'length', 'length']: UNSAT (0.076 seconds)
549.27/549.33	['concat', 'index', 'length', 'substr']: UNSAT (2.060 seconds)
551.27/551.39	['concat', 'index', 'length', 'add']: UNSAT (0.079 seconds)
551.37/551.47	['concat', 'index', 'length', 'sub']: UNSAT (0.078 seconds)
551.47/551.55	['concat', 'index', 'substr', 'substr']: UNSAT (12.818 seconds)
564.27/564.37	['concat', 'index', 'substr', 'add']: UNSAT (3.028 seconds)
567.37/567.40	['concat', 'index', 'substr', 'sub']: UNSAT (2.603 seconds)
569.87/570.01	['concat', 'index', 'add', 'add']: UNSAT (0.090 seconds)
570.00/570.10	['concat', 'index', 'add', 'sub']: UNSAT (0.090 seconds)
570.11/570.19	['concat', 'index', 'sub', 'sub']: UNSAT (0.089 seconds)
570.17/570.28	['concat', 'length', 'length', 'length']: UNSAT (0.056 seconds)
570.27/570.33	['concat', 'length', 'length', 'substr']: UNSAT (0.177 seconds)
570.47/570.51	['concat', 'length', 'length', 'add']: UNSAT (0.061 seconds)
570.47/570.57	['concat', 'length', 'length', 'sub']: UNSAT (0.060 seconds)
570.57/570.64	['concat', 'length', 'substr', 'substr']: UNSAT (8.143 seconds)
578.67/578.78	['concat', 'length', 'substr', 'add']: UNSAT (0.973 seconds)
579.67/579.75	['concat', 'length', 'substr', 'sub']: UNSAT (0.927 seconds)
580.57/580.68	['concat', 'length', 'add', 'add']: UNSAT (0.074 seconds)
580.67/580.76	['concat', 'length', 'add', 'sub']: UNSAT (0.072 seconds)
580.77/580.83	['concat', 'length', 'sub', 'sub']: UNSAT (0.073 seconds)
580.87/580.91	['concat', 'substr', 'substr', 'substr']: UNSAT (11.810 seconds)
592.67/592.72	['concat', 'substr', 'substr', 'add']: UNSAT (4.669 seconds)
597.27/597.39	['concat', 'substr', 'substr', 'sub']: 