0.12/0.22	=== Examples (../../dataset/examples/examples-52.json)
0.12/0.22	IO(inputs=('hello  ',), output='HELLO')
0.12/0.22	IO(inputs=('how are you today?  ',), output='HOW ARE YOU TODAY?')
0.12/0.22	IO(inputs=('you (yes you) are awesome!!! ',), output='YOU (YES YOU) ARE AWESOME!!!')
0.12/0.22	=== Library
0.12/0.22	concat
0.12/0.22	index
0.12/0.22	length
0.12/0.22	substr
0.12/0.22	add
0.12/0.22	sub
0.12/0.22	=== Synthesis
0.12/0.22	['concat']: UNSAT (0.035 seconds)
0.12/0.26	['index']: UNSAT (0.036 seconds)
0.26/0.29	['length']: UNSAT (0.025 seconds)
0.26/0.32	['substr']: UNSAT (0.041 seconds)
0.26/0.36	['add']: UNSAT (0.030 seconds)
0.26/0.39	['sub']: UNSAT (0.030 seconds)
0.37/0.42	['concat', 'concat']: UNSAT (0.063 seconds)
0.37/0.49	['concat', 'index']: UNSAT (0.063 seconds)
0.47/0.55	['concat', 'length']: UNSAT (0.046 seconds)
0.55/0.60	['concat', 'substr']: UNSAT (0.219 seconds)
0.79/0.82	['concat', 'add']: UNSAT (0.041 seconds)
0.79/0.86	['concat', 'sub']: UNSAT (0.042 seconds)
0.79/0.90	['index', 'index']: UNSAT (0.062 seconds)
0.90/0.97	['index', 'length']: UNSAT (0.042 seconds)
0.90/1.01	['index', 'substr']: UNSAT (0.473 seconds)
1.39/1.48	['index', 'add']: UNSAT (0.049 seconds)
1.49/1.53	['index', 'sub']: UNSAT (0.051 seconds)
1.49/1.58	['length', 'length']: UNSAT (0.031 seconds)
1.59/1.62	['length', 'substr']: UNSAT (0.056 seconds)
1.59/1.67	['length', 'add']: UNSAT (0.035 seconds)
1.69/1.71	['length', 'sub']: UNSAT (0.036 seconds)
1.69/1.75	['substr', 'substr']: UNSAT (0.078 seconds)
1.79/1.82	['substr', 'add']: UNSAT (0.063 seconds)
1.79/1.89	['substr', 'sub']: UNSAT (0.064 seconds)
1.89/1.95	['add', 'add']: UNSAT (0.045 seconds)
1.99/2.00	['add', 'sub']: UNSAT (0.048 seconds)
1.99/2.05	['sub', 'sub']: UNSAT (0.048 seconds)
1.99/2.10	['concat', 'concat', 'concat']: UNSAT (0.179 seconds)
2.19/2.28	['concat', 'concat', 'index']: UNSAT (0.084 seconds)
2.31/2.36	['concat', 'concat', 'length']: UNSAT (0.065 seconds)
2.39/2.43	['concat', 'concat', 'substr']: UNSAT (0.733 seconds)
3.09/3.16	['concat', 'concat', 'add']: UNSAT (0.066 seconds)
3.09/3.23	['concat', 'concat', 'sub']: UNSAT (0.069 seconds)
3.09/3.30	['concat', 'index', 'index']: UNSAT (0.088 seconds)
3.33/3.39	['concat', 'index', 'length']: UNSAT (0.068 seconds)
3.33/3.46	['concat', 'index', 'substr']: UNSAT (2.021 seconds)
5.39/5.48	['concat', 'index', 'add']: UNSAT (0.075 seconds)
5.39/5.55	['concat', 'index', 'sub']: UNSAT (0.078 seconds)
5.57/5.63	['concat', 'length', 'length']: UNSAT (0.051 seconds)
5.57/5.68	['concat', 'length', 'substr']: UNSAT (0.160 seconds)
5.79/5.85	['concat', 'length', 'add']: UNSAT (0.057 seconds)
5.89/5.90	['concat', 'length', 'sub']: UNSAT (0.057 seconds)
5.89/5.96	['concat', 'substr', 'substr']: UNSAT (1.063 seconds)
6.99/7.03	['concat', 'substr', 'add']: UNSAT (0.146 seconds)
7.09/7.17	['concat', 'substr', 'sub']: UNSAT (0.152 seconds)
7.29/7.33	['concat', 'add', 'add']: UNSAT (0.093 seconds)
7.39/7.42	['concat', 'add', 'sub']: UNSAT (0.105 seconds)
7.49/7.53	['concat', 'sub', 'sub']: UNSAT (0.067 seconds)
7.49/7.59	['index', 'index', 'index']: UNSAT (0.097 seconds)
7.59/7.69	['index', 'index', 'length']: UNSAT (0.078 seconds)
7.59/7.77	['index', 'index', 'substr']: UNSAT (0.342 seconds)
8.09/8.12	['index', 'index', 'add']: UNSAT (0.087 seconds)
8.19/8.20	['index', 'index', 'sub']: UNSAT (0.088 seconds)
8.19/8.29	['index', 'length', 'length']: UNSAT (0.059 seconds)
8.29/8.35	['index', 'length', 'substr']: UNSAT (0.205 seconds)
8.49/8.56	['index', 'length', 'add']: UNSAT (0.067 seconds)
8.59/8.63	['index', 'length', 'sub']: UNSAT (0.064 seconds)
8.59/8.69	['index', 'substr', 'substr']: UNSAT (0.638 seconds)
9.29/9.33	['index', 'substr', 'add']: UNSAT (0.307 seconds)
9.59/9.64	['index', 'substr', 'sub']: UNSAT (0.198 seconds)
9.79/9.84	['index', 'add', 'add']: UNSAT (0.080 seconds)
9.79/9.92	['index', 'add', 'sub']: UNSAT (0.080 seconds)
9.79/10.00	['index', 'sub', 'sub']: UNSAT (0.079 seconds)
10.06/10.08	['length', 'length', 'length']: UNSAT (0.039 seconds)
10.06/10.12	['length', 'length', 'substr']: UNSAT (0.080 seconds)
10.19/10.20	['length', 'length', 'add']: UNSAT (0.047 seconds)
10.19/10.25	['length', 'length', 'sub']: UNSAT (0.049 seconds)
10.29/10.30	['length', 'substr', 'substr']: UNSAT (0.209 seconds)
10.49/10.51	['length', 'substr', 'add']: UNSAT (0.102 seconds)
10.59/10.61	['length', 'substr', 'sub']: UNSAT (0.108 seconds)
10.69/10.72	['length', 'add', 'add']: UNSAT (0.058 seconds)
10.69/10.78	['length', 'add', 'sub']: UNSAT (0.061 seconds)
10.79/10.84	['length', 'sub', 'sub']: UNSAT (0.060 seconds)
10.89/10.90	['substr', 'substr', 'substr']: UNSAT (0.260 seconds)
10.89/11.17	['substr', 'substr', 'add']: UNSAT (0.198 seconds)
11.29/11.36	['substr', 'substr', 'sub']: UNSAT (0.159 seconds)
11.49/11.52	['substr', 'add', 'add']: UNSAT (0.136 seconds)
11.59/11.66	['substr', 'add', 'sub']: UNSAT (0.134 seconds)
11.79/11.80	['substr', 'sub', 'sub']: UNSAT (0.118 seconds)
11.89/11.92	['add', 'add', 'add']: UNSAT (0.073 seconds)
11.89/11.99	['add', 'add', 'sub']: UNSAT (0.076 seconds)
11.99/12.07	['add', 'sub', 'sub']: UNSAT (0.074 seconds)
11.99/12.14	['sub', 'sub', 'sub']: UNSAT (0.076 seconds)
11.99/12.22	['concat', 'concat', 'concat', 'concat']: UNSAT (0.355 seconds)
12.49/12.57	['concat', 'concat', 'concat', 'index']: UNSAT (0.124 seconds)
12.69/12.70	['concat', 'concat', 'concat', 'length']: UNSAT (0.102 seconds)
12.79/12.80	['concat', 'concat', 'concat', 'substr']: UNSAT (140.513 seconds)
153.28/153.32	['concat', 'concat', 'concat', 'add']: UNSAT (0.099 seconds)
153.28/153.42	['concat', 'concat', 'concat', 'sub']: UNSAT (0.098 seconds)
153.41/153.52	['concat', 'concat', 'index', 'index']: UNSAT (0.157 seconds)
153.58/153.67	['concat', 'concat', 'index', 'length']: UNSAT (0.105 seconds)
153.68/153.78	['concat', 'concat', 'index', 'substr']: UNSAT (75.685 seconds)
229.39/229.47	['concat', 'concat', 'index', 'add']: UNSAT (0.112 seconds)
229.52/229.58	['concat', 'concat', 'index', 'sub']: UNSAT (0.110 seconds)
229.64/229.69	['concat', 'concat', 'length', 'length']: UNSAT (0.086 seconds)
229.69/229.78	['concat', 'concat', 'length', 'substr']: UNSAT (2.669 seconds)
232.39/232.45	['concat', 'concat', 'length', 'add']: UNSAT (0.088 seconds)
232.51/232.54	['concat', 'concat', 'length', 'sub']: UNSAT (0.088 seconds)
232.51/232.63	['concat', 'concat', 'substr', 'substr']: UNSAT (47.651 seconds)
280.18/280.28	['concat', 'concat', 'substr', 'add']: UNSAT (1.333 seconds)
281.51/281.61	['concat', 'concat', 'substr', 'sub']: UNSAT (1.256 seconds)
282.78/282.87	['concat', 'concat', 'add', 'add']: UNSAT (0.094 seconds)
282.88/282.96	['concat', 'concat', 'add', 'sub']: UNSAT (0.092 seconds)
282.98/283.06	['concat', 'concat', 'sub', 'sub']: UNSAT (0.094 seconds)
283.08/283.15	['concat', 'index', 'index', 'index']: UNSAT (0.136 seconds)
283.18/283.29	['concat', 'index', 'index', 'length']: UNSAT (0.108 seconds)
283.38/283.40	['concat', 'index', 'index', 'substr']: UNSAT (16.056 seconds)
299.38/299.46	['concat', 'index', 'index', 'add']: UNSAT (0.118 seconds)
299.51/299.57	['concat', 'index', 'index', 'sub']: UNSAT (0.122 seconds)
299.68/299.70	['concat', 'index', 'length', 'length']: UNSAT (0.086 seconds)
299.68/299.79	['concat', 'index', 'length', 'substr']: UNSAT (3.872 seconds)
303.61/303.66	['concat', 'index', 'length', 'add']: UNSAT (0.093 seconds)
303.68/303.75	['concat', 'index', 'length', 'sub']: UNSAT (0.093 seconds)
303.78/303.85	['concat', 'index', 'substr', 'substr']: UNSAT (49.814 seconds)
353.51/353.66	['concat', 'index', 'substr', 'add']: UNSAT (3.922 seconds)
357.50/357.58	['concat', 'index', 'substr', 'sub']: UNSAT (8.689 seconds)
366.18/366.27	['concat', 'index', 'add', 'add']: UNSAT (0.100 seconds)
366.28/366.38	['concat', 'index', 'add', 'sub']: UNSAT (0.098 seconds)
366.38/366.47	['concat', 'index', 'sub', 'sub']: UNSAT (0.103 seconds)
366.51/366.58	['concat', 'length', 'length', 'length']: UNSAT (0.072 seconds)
366.61/366.65	['concat', 'length', 'length', 'substr']: UNSAT (0.274 seconds)
366.88/366.93	['concat', 'length', 'length', 'add']: UNSAT (0.071 seconds)
366.98/367.00	['concat', 'length', 'length', 'sub']: UNSAT (0.072 seconds)
366.98/367.07	['concat', 'length', 'substr', 'substr']: UNSAT (2.889 seconds)
369.88/369.96	['concat', 'length', 'substr', 'add']: UNSAT (0.406 seconds)
370.28/370.37	['concat', 'length', 'substr', 'sub']: UNSAT (0.406 seconds)
370.68/370.78	['concat', 'length', 'add', 'add']: UNSAT (0.082 seconds)
370.78/370.86	['concat', 'length', 'add', 'sub']: UNSAT (0.085 seconds)
370.88/370.95	['concat', 'length', 'sub', 'sub']: UNSAT (0.083 seconds)
370.98/371.03	['concat', 'substr', 'substr', 'substr']: UNSAT (13.185 seconds)
384.18/384.22	['concat', 'substr', 'substr', 'add']: UNSAT (2.090 seconds)
386.28/386.31	['concat', 'substr', 'substr', 'sub']: UNSAT (3.418 seconds)
389.68/389.73	['concat', 'substr', 'add', 'add']: UNSAT (0.419 seconds)
390.08/390.15	['concat', 'substr', 'add', 'sub']: UNSAT (0.378 seconds)
390.38/390.53	['concat', 'substr', 'sub', 'sub']: UNSAT (0.358 seconds)
390.78/390.88	['concat', 'add', 'add', 'add']: UNSAT (0.098 seconds)
390.88/390.98	['concat', 'add', 'add', 'sub']: UNSAT (0.098 seconds)
390.98/391.08	['concat', 'add', 'sub', 'sub']: UNSAT (0.095 seconds)
391.08/391.18	['concat', 'sub', 'sub', 'sub']: UNSAT (0.095 seconds)
391.18/391.27	['index', 'index', 'index', 'index']: UNSAT (0.142 seconds)
391.38/391.42	['index', 'index', 'index', 'length']: UNSAT (0.117 seconds)
391.38/391.54	['index', 'index', 'index', 'substr']: UNSAT (0.654 seconds)
392.08/392.19	['index', 'index', 'index', 'add']: UNSAT (0.127 seconds)
392.28/392.32	['index', 'index', 'index', 'sub']: UNSAT (0.130 seconds)
392.38/392.45	['index', 'index', 'length', 'length']: UNSAT (0.096 seconds)
392.38/392.55	['index', 'index', 'length', 'substr']: UNSAT (0.431 seconds)
392.88/392.98	['index', 'index', 'length', 'add']: UNSAT (0.102 seconds)
392.98/393.08	['index', 'index', 'length', 'sub']: UNSAT (0.102 seconds)
393.08/393.19	['index', 'index', 'substr', 'substr']: UNSAT (3.494 seconds)
396.64/396.68	['index', 'index', 'substr', 'add']: UNSAT (0.717 seconds)
397.38/397.40	['index', 'index', 'substr', 'sub']: UNSAT (0.334 seconds)
397.68/397.73	['index', 'index', 'add', 'add']: UNSAT (0.123 seconds)
397.78/397.86	['index', 'index', 'add', 'sub']: UNSAT (0.121 seconds)
397.88/397.98	['index', 'index', 'sub', 'sub']: UNSAT (0.119 seconds)
398.08/398.10	['index', 'length', 'length', 'length']: UNSAT (0.073 seconds)
398.08/398.17	['index', 'length', 'length', 'substr']: UNSAT (0.304 seconds)
398.38/398.48	['index', 'length', 'length', 'add']: UNSAT (0.079 seconds)
398.38/398.56	['index', 'length', 'length', 'sub']: UNSAT (0.083 seconds)
398.51/398.64	['index', 'length', 'substr', 'substr']: UNSAT (1.730 seconds)
400.28/400.38	['index', 'length', 'substr', 'add']: UNSAT (0.293 seconds)
400.64/400.67	['index', 'length', 'substr', 'sub']: UNSAT (0.370 seconds)
400.98/401.04	['index', 'length', 'add', 'add']: UNSAT (0.094 seconds)
401.08/401.13	['index', 'length', 'add', 'sub']: UNSAT (0.094 seconds)
401.18/401.23	['index', 'length', 'sub', 'sub']: UNSAT (0.095 seconds)
401.28/401.33	['index', 'substr', 'substr', 'substr']: UNSAT (5.918 seconds)
407.18/407.24	['index', 'substr', 'substr', 'add']: UNSAT (0.905 seconds)
408.08/408.15	['index', 'substr', 'substr', 'sub']: UNSAT (1.421 seconds)
409.50/409.57	['index', 'substr', 'add', 'add']: UNSAT (0.255 seconds)
409.78/409.83	['index', 'substr', 'add', 'sub']: UNSAT (0.385 seconds)
410.18/410.21	['index', 'substr', 'sub', 'sub']: UNSAT (0.358 seconds)
410.51/410.57	['index', 'add', 'add', 'add']: UNSAT (0.117 seconds)
410.64/410.69	['index', 'add', 'add', 'sub']: UNSAT (0.118 seconds)
410.78/410.81	['index', 'add', 'sub', 'sub']: UNSAT (0.117 seconds)
410.88/410.93	['index', 'sub', 'sub', 'sub']: UNSAT (0.116 seconds)
410.98/411.05	['length', 'length', 'length', 'length']: UNSAT (0.053 seconds)
411.08/411.10	['length', 'length', 'length', 'substr']: UNSAT (0.072 seconds)
411.08/411.17	['length', 'length', 'length', 'add']: UNSAT (0.060 seconds)
411.18/411.23	['length', 'length', 'length', 'sub']: UNSAT (0.058 seconds)
411.18/411.29	['length', 'length', 'substr', 'substr']: UNSAT (0.447 seconds)
411.68/411.74	['length', 'length', 'substr', 'add']: UNSAT (0.183 seconds)
411.88/411.93	['length', 'length', 'substr', 'sub']: UNSAT (0.207 seconds)
412.08/412.13	['length', 'length', 'add', 'add']: UNSAT (0.070 seconds)
412.18/412.21	['length', 'length', 'add', 'sub']: UNSAT (0.073 seconds)
412.18/412.28	['length', 'length', 'sub', 'sub']: UNSAT (0.072 seconds)
412.28/412.35	['length', 'substr', 'substr', 'substr']: UNSAT (1.367 seconds)
413.67/413.72	['length', 'substr', 'substr', 'add']: UNSAT (0.553 seconds)
414.17/414.27	['length', 'substr', 'substr', 'sub']: UNSAT (0.642 seconds)
414.87/414.92	['length', 'substr', 'add', 'add']: UNSAT (0.359 seconds)
415.17/415.28	['length', 'substr', 'add', 'sub']: UNSAT (0.352 seconds)
415.61/415.63	['length', 'substr', 'sub', 'sub']: UNSAT (0.272 seconds)
415.87/415.90	['length', 'add', 'add', 'add']: UNSAT (0.092 seconds)
415.87/416.00	['length', 'add', 'add', 'sub']: UNSAT (0.093 seconds)
415.97/416.09	['length', 'add', 'sub', 'sub']: UNSAT (0.087 seconds)
416.07/416.18	['length', 'sub', 'sub', 'sub']: UNSAT (0.087 seconds)
416.17/416.27	['substr', 'substr', 'substr', 'substr']: UNSAT (1.648 seconds)
417.88/417.92	['substr', 'substr', 'substr', 'add']: UNSAT (1.054 seconds)
418.88/418.97	['substr', 'substr', 'substr', 'sub']: UNSAT (0.820 seconds)
419.68/419.79	['substr', 'substr', 'add', 'add']: UNSAT (0.526 seconds)
420.28/420.32	['substr', 'substr', 'add', 'sub']: UNSAT (0.401 seconds)
420.68/420.72	['substr', 'substr', 'sub', 'sub']: UNSAT (0.613 seconds)
421.28/421.34	['substr', 'add', 'add', 'add']: UNSAT (0.446 seconds)
421.68/421.78	['substr', 'add', 'add', 'sub']: UNSAT (0.358 seconds)
422.08/422.14	['substr', 'add', 'sub', 'sub']: UNSAT (0.323 seconds)
422.38/422.47	['substr', 'sub', 'sub', 'sub']: UNSAT (0.318 seconds)
422.68/422.79	['add', 'add', 'add', 'add']: UNSAT (0.109 seconds)
422.78/422.90	['add', 'add', 'add', 'sub']: UNSAT (0.107 seconds)
422.98/423.00	['add', 'add', 'sub', 'sub']: UNSAT (0.105 seconds)
423.08/423.11	['add', 'sub', 'sub', 'sub']: UNSAT (0.111 seconds)
423.18/423.22	['sub', 'sub', 'sub', 'sub']: UNSAT (0.111 seconds)
423.28/423.33	['concat', 'concat', 'concat', 'concat', 'concat']: UNSAT (0.526 seconds)
423.78/423.86	['concat', 'concat', 'concat', 'concat', 'index']: UNSAT (0.165 seconds)
423.98/424.03	['concat', 'concat', 'concat', 'concat', 'length']: UNSAT (0.140 seconds)
424.08/424.17	['concat', 'concat', 'concat', 'concat', 'substr']: 