0.13/0.21	=== Examples (../../dataset/examples/examples-58.json)
0.13/0.21	IO(inputs=('who cares about the last one.',), output='who cares about the last one')
0.13/0.21	IO(inputs=('just let them die!',), output='just let them die')
0.13/0.21	IO(inputs=('oh god what have i become!',), output='oh god what have i become')
0.13/0.21	=== Library
0.13/0.21	concat
0.13/0.21	index
0.13/0.21	length
0.13/0.21	substr
0.13/0.21	add
0.13/0.21	sub
0.13/0.21	=== Synthesis
0.13/0.21	['concat']: UNSAT (0.036 seconds)
0.13/0.24	['index']: UNSAT (0.035 seconds)
0.13/0.28	['length']: UNSAT (0.024 seconds)
0.27/0.31	['substr']: UNSAT (0.052 seconds)
0.27/0.36	['add']: UNSAT (0.030 seconds)
0.37/0.39	['sub']: UNSAT (0.036 seconds)
0.37/0.43	['concat', 'concat']: UNSAT (0.063 seconds)
0.46/0.49	['concat', 'index']: UNSAT (0.063 seconds)
0.46/0.56	['concat', 'length']: UNSAT (0.045 seconds)
0.55/0.60	['concat', 'substr']: UNSAT (0.606 seconds)
1.19/1.21	['concat', 'add']: UNSAT (0.045 seconds)
1.19/1.26	['concat', 'sub']: UNSAT (0.043 seconds)
1.29/1.30	['index', 'index']: UNSAT (0.061 seconds)
1.29/1.36	['index', 'length']: UNSAT (0.043 seconds)
1.39/1.41	['index', 'substr']: UNSAT (9.663 seconds)
11.02/11.07	['index', 'add']: UNSAT (0.051 seconds)
11.02/11.12	['index', 'sub']: UNSAT (0.049 seconds)
11.13/11.17	['length', 'length']: UNSAT (0.029 seconds)
11.19/11.20	['length', 'substr']: UNSAT (0.065 seconds)
11.19/11.27	['length', 'add']: UNSAT (0.036 seconds)
11.29/11.30	['length', 'sub']: UNSAT (0.035 seconds)
11.29/11.34	['substr', 'substr']: UNSAT (0.097 seconds)
11.39/11.44	['substr', 'add']: UNSAT (0.072 seconds)
11.49/11.51	['substr', 'sub']: UNSAT (0.067 seconds)
11.49/11.58	['add', 'add']: UNSAT (0.048 seconds)
11.59/11.63	['add', 'sub']: UNSAT (0.047 seconds)
11.59/11.68	['sub', 'sub']: UNSAT (0.048 seconds)
11.69/11.72	['concat', 'concat', 'concat']: UNSAT (0.185 seconds)
11.90/11.91	['concat', 'concat', 'index']: UNSAT (0.080 seconds)
11.90/11.99	['concat', 'concat', 'length']: UNSAT (0.065 seconds)
12.02/12.06	['concat', 'concat', 'substr']: UNSAT (10.019 seconds)
22.02/22.08	['concat', 'concat', 'add']: UNSAT (0.068 seconds)
22.13/22.15	['concat', 'concat', 'sub']: UNSAT (0.068 seconds)
22.19/22.22	['concat', 'index', 'index']: UNSAT (0.091 seconds)
22.29/22.31	['concat', 'index', 'length']: UNSAT (0.068 seconds)
22.29/22.38	['concat', 'index', 'substr']: UNKNOWN (507.924 seconds)
530.26/530.30	Reason: smt tactic failed to show goal to be sat/unsat max-conflicts-reached
530.26/530.30	Reason: smt tactic failed to show goal to be sat/unsat max-conflicts-reached
530.26/530.30	['concat', 'index', 'add']: UNSAT (0.071 seconds)
530.26/530.38	['concat', 'index', 'sub']: UNSAT (0.074 seconds)
530.36/530.45	['concat', 'length', 'length']: UNSAT (0.051 seconds)
530.46/530.50	['concat', 'length', 'substr']: UNSAT (0.774 seconds)
531.16/531.28	['concat', 'length', 'add']: UNSAT (0.053 seconds)
531.27/531.33	['concat', 'length', 'sub']: UNSAT (0.054 seconds)
531.27/531.39	['concat', 'substr', 'substr']: UNSAT (3.116 seconds)
534.47/534.50	['concat', 'substr', 'add']: UNSAT (0.844 seconds)
535.27/535.35	['concat', 'substr', 'sub']: UNSAT (0.671 seconds)
535.87/536.02	['concat', 'add', 'add']: UNSAT (0.067 seconds)
535.99/536.09	['concat', 'add', 'sub']: UNSAT (0.067 seconds)
536.10/536.16	['concat', 'sub', 'sub']: UNSAT (0.065 seconds)
536.17/536.22	['index', 'index', 'index']: UNSAT (0.096 seconds)
536.27/536.32	['index', 'index', 'length']: UNSAT (0.075 seconds)
536.37/536.40	['index', 'index', 'substr']: 