0.12/0.19	=== Examples (../../dataset/examples/examples-95.json)
0.12/0.19	IO(inputs=('no - he said',), output='Sprint: he said')
0.12/0.19	IO(inputs=('but but why - she said',), output='Sprint: she said')
0.12/0.19	IO(inputs=('well, because i say so - he said   ',), output='Sprint: he said   ')
0.12/0.19	=== Library
0.12/0.19	concat
0.12/0.19	index
0.12/0.19	length
0.12/0.19	substr
0.12/0.19	add
0.12/0.19	sub
0.12/0.19	=== Synthesis
0.12/0.19	['concat']: UNSAT (0.034 seconds)
0.12/0.23	['index']: UNSAT (0.035 seconds)
0.12/0.27	['length']: UNSAT (0.023 seconds)
0.27/0.29	['substr']: UNSAT (0.038 seconds)
0.27/0.33	['add']: UNSAT (0.029 seconds)
0.27/0.36	['sub']: UNSAT (0.029 seconds)
0.27/0.39	['concat', 'concat']: UNSAT (0.063 seconds)
0.39/0.45	['concat', 'index']: UNSAT (0.063 seconds)
0.49/0.52	['concat', 'length']: UNSAT (0.045 seconds)
0.49/0.56	['concat', 'substr']: UNSAT (0.147 seconds)
0.69/0.71	['concat', 'add']: UNSAT (0.035 seconds)
0.69/0.75	['concat', 'sub']: UNSAT (0.035 seconds)
0.69/0.78	['index', 'index']: UNSAT (0.049 seconds)
0.79/0.83	['index', 'length']: UNSAT (0.034 seconds)
0.79/0.87	['index', 'substr']: UNSAT (0.069 seconds)
0.89/0.94	['index', 'add']: UNSAT (0.042 seconds)
0.89/0.98	['index', 'sub']: UNSAT (0.043 seconds)
0.89/1.02	['length', 'length']: UNSAT (0.026 seconds)
1.02/1.05	['length', 'substr']: UNSAT (0.040 seconds)
1.02/1.09	['length', 'add']: UNSAT (0.031 seconds)
1.02/1.12	['length', 'sub']: UNSAT (0.031 seconds)
1.12/1.15	['substr', 'substr']: UNSAT (0.053 seconds)
1.19/1.21	['substr', 'add']: UNSAT (0.048 seconds)
1.19/1.26	['substr', 'sub']: UNSAT (0.047 seconds)
1.29/1.30	['add', 'add']: UNSAT (0.038 seconds)
1.29/1.34	['add', 'sub']: UNSAT (0.039 seconds)
1.29/1.38	['sub', 'sub']: UNSAT (0.038 seconds)
1.39/1.42	['concat', 'concat', 'concat']: UNSAT (0.164 seconds)
1.49/1.59	['concat', 'concat', 'index']: UNSAT (0.071 seconds)
1.59/1.66	['concat', 'concat', 'length']: UNSAT (0.055 seconds)
1.69/1.72	['concat', 'concat', 'substr']: UNSAT (0.481 seconds)
2.18/2.20	['concat', 'concat', 'add']: UNSAT (0.060 seconds)
2.18/2.26	['concat', 'concat', 'sub']: UNSAT (0.059 seconds)
2.28/2.32	['concat', 'index', 'index']: UNSAT (0.076 seconds)
2.28/2.39	['concat', 'index', 'length']: UNSAT (0.061 seconds)
2.38/2.46	['concat', 'index', 'substr']: UNSAT (2.502 seconds)
4.88/4.96	['concat', 'index', 'add']: UNSAT (0.067 seconds)
4.88/5.03	['concat', 'index', 'sub']: UNSAT (0.065 seconds)
5.02/5.09	['concat', 'length', 'length']: UNSAT (0.048 seconds)
5.12/5.14	['concat', 'length', 'substr']: UNSAT (0.122 seconds)
5.18/5.27	['concat', 'length', 'add']: UNSAT (0.047 seconds)
5.28/5.31	['concat', 'length', 'sub']: UNSAT (0.047 seconds)
5.28/5.36	['concat', 'substr', 'substr']: UNSAT (0.585 seconds)
5.89/5.95	['concat', 'substr', 'add']: UNSAT (0.126 seconds)
6.02/6.07	['concat', 'substr', 'sub']: UNSAT (0.146 seconds)
6.19/6.22	['concat', 'add', 'add']: UNSAT (0.061 seconds)
6.19/6.28	['concat', 'add', 'sub']: UNSAT (0.059 seconds)
6.29/6.34	['concat', 'sub', 'sub']: UNSAT (0.057 seconds)
6.39/6.40	['index', 'index', 'index']: UNSAT (0.084 seconds)
6.39/6.49	['index', 'index', 'length']: UNSAT (0.066 seconds)
6.49/6.55	['index', 'index', 'substr']: UNSAT (0.248 seconds)
6.79/6.80	['index', 'index', 'add']: UNSAT (0.071 seconds)
6.79/6.87	['index', 'index', 'sub']: UNSAT (0.071 seconds)
6.89/6.95	['index', 'length', 'length']: UNSAT (0.048 seconds)
6.89/6.99	['index', 'length', 'substr']: UNSAT (0.108 seconds)
7.02/7.10	['index', 'length', 'add']: UNSAT (0.058 seconds)
7.13/7.16	['index', 'length', 'sub']: UNSAT (0.055 seconds)
7.19/7.22	['index', 'substr', 'substr']: UNSAT (0.296 seconds)
7.49/7.52	['index', 'substr', 'add']: UNSAT (0.095 seconds)
7.59/7.61	['index', 'substr', 'sub']: UNSAT (0.090 seconds)
7.69/7.70	['index', 'add', 'add']: UNSAT (0.067 seconds)
7.69/7.77	['index', 'add', 'sub']: UNSAT (0.067 seconds)
7.79/7.84	['index', 'sub', 'sub']: UNSAT (0.067 seconds)
7.89/7.90	['length', 'length', 'length']: UNSAT (0.035 seconds)
7.89/7.94	['length', 'length', 'substr']: UNSAT (0.052 seconds)
7.89/7.99	['length', 'length', 'add']: UNSAT (0.040 seconds)
7.89/8.03	['length', 'length', 'sub']: UNSAT (0.039 seconds)
8.02/8.07	['length', 'substr', 'substr']: UNSAT (0.097 seconds)
8.13/8.17	['length', 'substr', 'add']: UNSAT (0.069 seconds)
8.19/8.24	['length', 'substr', 'sub']: UNSAT (0.066 seconds)
8.29/8.31	['length', 'add', 'add']: UNSAT (0.051 seconds)
8.29/8.36	['length', 'add', 'sub']: UNSAT (0.051 seconds)
8.39/8.41	['length', 'sub', 'sub']: UNSAT (0.050 seconds)
8.39/8.46	['substr', 'substr', 'substr']: UNSAT (0.101 seconds)
8.49/8.57	['substr', 'substr', 'add']: UNSAT (0.084 seconds)
8.59/8.65	['substr', 'substr', 'sub']: UNSAT (0.081 seconds)
8.69/8.73	['substr', 'add', 'add']: UNSAT (0.081 seconds)
8.79/8.81	['substr', 'add', 'sub']: UNSAT (0.074 seconds)
8.79/8.89	['substr', 'sub', 'sub']: UNSAT (0.079 seconds)
8.89/8.97	['add', 'add', 'add']: UNSAT (0.063 seconds)
8.89/9.03	['add', 'add', 'sub']: UNSAT (0.066 seconds)
9.02/9.10	['add', 'sub', 'sub']: UNSAT (0.073 seconds)
9.13/9.17	['sub', 'sub', 'sub']: UNSAT (0.064 seconds)
9.19/9.24	['concat', 'concat', 'concat', 'concat']: UNSAT (0.318 seconds)
9.49/9.56	['concat', 'concat', 'concat', 'index']: UNSAT (0.108 seconds)
9.59/9.67	['concat', 'concat', 'concat', 'length']: UNSAT (0.092 seconds)
9.69/9.76	['concat', 'concat', 'concat', 'substr']: UNSAT (30.326 seconds)
40.02/40.09	['concat', 'concat', 'concat', 'add']: UNSAT (0.085 seconds)
40.12/40.17	['concat', 'concat', 'concat', 'sub']: UNSAT (0.090 seconds)
40.18/40.26	['concat', 'concat', 'index', 'index']: UNSAT (0.116 seconds)
40.28/40.38	['concat', 'concat', 'index', 'length']: UNSAT (0.090 seconds)
40.38/40.47	['concat', 'concat', 'index', 'substr']: UNKNOWN (167.570 seconds)
208.02/208.04	Reason: smt tactic failed to show goal to be sat/unsat max-conflicts-reached
208.02/208.04	Reason: smt tactic failed to show goal to be sat/unsat max-conflicts-reached
208.02/208.04	['concat', 'concat', 'index', 'add']: UNSAT (0.093 seconds)
208.12/208.14	['concat', 'concat', 'index', 'sub']: UNSAT (0.092 seconds)
208.18/208.23	['concat', 'concat', 'length', 'length']: UNSAT (0.071 seconds)
208.28/208.30	['concat', 'concat', 'length', 'substr']: UNSAT (1.587 seconds)
209.78/209.89	['concat', 'concat', 'length', 'add']: UNSAT (0.071 seconds)
209.88/209.96	['concat', 'concat', 'length', 'sub']: UNSAT (0.073 seconds)
210.02/210.04	['concat', 'concat', 'substr', 'substr']: UNSAT (6.892 seconds)
216.88/216.93	['concat', 'concat', 'substr', 'add']: UNSAT (0.777 seconds)
217.68/217.71	['concat', 'concat', 'substr', 'sub']: UNSAT (0.961 seconds)
218.58/218.67	['concat', 'concat', 'add', 'add']: UNSAT (0.085 seconds)
218.68/218.76	['concat', 'concat', 'add', 'sub']: UNSAT (0.080 seconds)
218.78/218.84	['concat', 'concat', 'sub', 'sub']: UNSAT (0.078 seconds)
218.88/218.92	['concat', 'index', 'index', 'index']: UNSAT (0.117 seconds)
218.88/219.03	['concat', 'index', 'index', 'length']: UNSAT (0.093 seconds)
219.01/219.13	['concat', 'index', 'index', 'substr']: UNSAT (39.752 seconds)
258.78/258.88	['concat', 'index', 'index', 'add']: UNSAT (0.099 seconds)
258.88/258.98	['concat', 'index', 'index', 'sub']: UNSAT (0.103 seconds)
259.01/259.08	['concat', 'index', 'length', 'length']: UNSAT (0.074 seconds)
259.12/259.16	['concat', 'index', 'length', 'substr']: 