0.00/0.18	=== Examples (../../dataset/examples/examples-87.json)
0.00/0.18	IO(inputs=('https://outsystems.com',), output='outsystems')
0.00/0.18	IO(inputs=('http://cmu.edu',), output='cmu')
0.00/0.18	IO(inputs=('http://tecnico.ulisboa.pt',), output='tecnico')
0.00/0.18	=== Library
0.00/0.18	concat
0.00/0.18	index
0.00/0.18	length
0.00/0.18	substr
0.00/0.18	add
0.00/0.18	sub
0.00/0.18	=== Synthesis
0.00/0.18	['concat']: UNSAT (0.028 seconds)
0.00/0.21	['index']: UNSAT (0.028 seconds)
0.20/0.24	['length']: UNSAT (0.019 seconds)
0.20/0.26	['substr']: UNSAT (0.032 seconds)
0.20/0.29	['add']: UNSAT (0.024 seconds)
0.20/0.32	['sub']: UNSAT (0.024 seconds)
0.20/0.34	['concat', 'concat']: UNSAT (0.051 seconds)
0.20/0.39	['concat', 'index']: UNSAT (0.050 seconds)
0.39/0.45	['concat', 'length']: UNSAT (0.036 seconds)
0.39/0.48	['concat', 'substr']: UNSAT (0.105 seconds)
0.39/0.59	['concat', 'add']: UNSAT (0.042 seconds)
0.60/0.63	['concat', 'sub']: UNSAT (0.040 seconds)
0.60/0.67	['index', 'index']: UNSAT (0.056 seconds)
0.60/0.73	['index', 'length']: UNSAT (0.040 seconds)
0.73/0.77	['index', 'substr']: UNSAT (2.449 seconds)
3.18/3.22	['index', 'add']: UNSAT (0.050 seconds)
3.18/3.27	['index', 'sub']: UNSAT (0.047 seconds)
3.18/3.32	['length', 'length']: UNSAT (0.028 seconds)
3.33/3.35	['length', 'substr']: UNSAT (0.051 seconds)
3.33/3.40	['length', 'add']: UNSAT (0.033 seconds)
3.33/3.43	['length', 'sub']: UNSAT (0.033 seconds)
3.43/3.47	['substr', 'substr']: UNSAT (0.084 seconds)
3.49/3.55	['substr', 'add']: UNSAT (0.064 seconds)
3.59/3.62	['substr', 'sub']: UNSAT (0.059 seconds)
3.59/3.68	['add', 'add']: UNSAT (0.043 seconds)
3.69/3.72	['add', 'sub']: UNSAT (0.043 seconds)
3.69/3.77	['sub', 'sub']: UNSAT (0.044 seconds)
3.79/3.81	['concat', 'concat', 'concat']: UNSAT (0.163 seconds)
3.89/3.97	['concat', 'concat', 'index']: UNSAT (0.078 seconds)
3.99/4.05	['concat', 'concat', 'length']: UNSAT (0.060 seconds)
4.09/4.12	['concat', 'concat', 'substr']: UNSAT (0.325 seconds)
4.42/4.44	['concat', 'concat', 'add']: UNSAT (0.066 seconds)
4.49/4.51	['concat', 'concat', 'sub']: UNSAT (0.063 seconds)
4.49/4.57	['concat', 'index', 'index']: UNSAT (0.084 seconds)
4.59/4.66	['concat', 'index', 'length']: UNSAT (0.066 seconds)
4.69/4.72	['concat', 'index', 'substr']: UNSAT (5.826 seconds)
10.49/10.55	['concat', 'index', 'add']: UNSAT (0.132 seconds)
10.59/10.68	['concat', 'index', 'sub']: UNSAT (0.094 seconds)
10.69/10.78	['concat', 'length', 'length']: UNSAT (0.064 seconds)
10.79/10.84	['concat', 'length', 'substr']: UNSAT (0.223 seconds)
10.99/11.07	['concat', 'length', 'add']: UNSAT (0.069 seconds)
11.09/11.14	['concat', 'length', 'sub']: UNSAT (0.067 seconds)
11.19/11.21	['concat', 'substr', 'substr']: UNSAT (0.676 seconds)
11.79/11.88	['concat', 'substr', 'add']: UNSAT (0.125 seconds)
11.99/12.01	['concat', 'substr', 'sub']: UNSAT (0.162 seconds)
12.09/12.17	['concat', 'add', 'add']: UNSAT (0.069 seconds)
12.21/12.24	['concat', 'add', 'sub']: UNSAT (0.067 seconds)
12.21/12.31	['concat', 'sub', 'sub']: UNSAT (0.065 seconds)
12.32/12.38	['index', 'index', 'index']: UNSAT (0.098 seconds)
12.42/12.48	['index', 'index', 'length']: UNSAT (0.079 seconds)
12.49/12.56	['index', 'index', 'substr']: UNKNOWN (339.438 seconds)
351.97/352.00	Reason: smt tactic failed to show goal to be sat/unsat max-conflicts-reached
351.97/352.00	Reason: smt tactic failed to show goal to be sat/unsat max-conflicts-reached
351.97/352.00	['index', 'index', 'add']: UNSAT (0.088 seconds)
351.97/352.09	['index', 'index', 'sub']: UNSAT (0.085 seconds)
352.08/352.17	['index', 'length', 'length']: UNSAT (0.060 seconds)
352.18/352.23	['index', 'length', 'substr']: UNSAT (5.082 seconds)
357.18/357.32	['index', 'length', 'add']: UNSAT (0.067 seconds)
357.32/357.39	['index', 'length', 'sub']: UNSAT (0.067 seconds)
357.42/357.45	['index', 'substr', 'substr']: UNSAT (10.728 seconds)
368.08/368.18	['index', 'substr', 'add']: UNSAT (2.064 seconds)
370.18/370.25	['index', 'substr', 'sub']: UNSAT (1.108 seconds)
371.31/371.36	['index', 'add', 'add']: UNSAT (0.081 seconds)
371.41/371.44	['index', 'add', 'sub']: UNSAT (0.082 seconds)
371.48/371.52	['index', 'sub', 'sub']: UNSAT (0.082 seconds)
371.58/371.61	['length', 'length', 'length']: UNSAT (0.043 seconds)
371.58/371.65	['length', 'length', 'substr']: UNSAT (0.072 seconds)
371.68/371.72	['length', 'length', 'add']: UNSAT (0.049 seconds)
371.68/371.77	['length', 'length', 'sub']: UNSAT (0.048 seconds)
371.78/371.82	['length', 'substr', 'substr']: UNSAT (0.188 seconds)
371.98/372.01	['length', 'substr', 'add']: UNSAT (0.109 seconds)
372.08/372.12	['length', 'substr', 'sub']: UNSAT (0.116 seconds)
372.18/372.24	['length', 'add', 'add']: UNSAT (0.061 seconds)
372.18/372.30	['length', 'add', 'sub']: UNSAT (0.061 seconds)
372.32/372.36	['length', 'sub', 'sub']: UNSAT (0.060 seconds)
372.32/372.42	['substr', 'substr', 'substr']: UNSAT (0.459 seconds)
372.78/372.88	['substr', 'substr', 'add']: UNSAT (0.210 seconds)
372.98/373.09	['substr', 'substr', 'sub']: UNSAT (0.215 seconds)
373.18/373.31	['substr', 'add', 'add']: UNSAT (0.148 seconds)
373.42/373.46	['substr', 'add', 'sub']: UNSAT (0.154 seconds)
373.58/373.61	['substr', 'sub', 'sub']: UNSAT (0.161 seconds)
373.68/373.78	['add', 'add', 'add']: UNSAT (0.076 seconds)
373.78/373.85	['add', 'add', 'sub']: UNSAT (0.077 seconds)
373.88/373.93	['add', 'sub', 'sub']: UNSAT (0.076 seconds)
373.98/374.01	['sub', 'sub', 'sub']: UNSAT (0.077 seconds)
373.98/374.09	['concat', 'concat', 'concat', 'concat']: UNSAT (0.324 seconds)
374.31/374.41	['concat', 'concat', 'concat', 'index']: UNSAT (0.125 seconds)
374.48/374.54	['concat', 'concat', 'concat', 'length']: UNSAT (0.106 seconds)
374.58/374.65	['concat', 'concat', 'concat', 'substr']: UNSAT (1.417 seconds)
375.98/376.06	['concat', 'concat', 'concat', 'add']: UNSAT (0.099 seconds)
376.08/376.16	['concat', 'concat', 'concat', 'sub']: UNSAT (0.102 seconds)
376.18/376.27	['concat', 'concat', 'index', 'index']: UNSAT (0.148 seconds)
376.32/376.42	['concat', 'concat', 'index', 'length']: UNSAT (0.105 seconds)
376.48/376.52	['concat', 'concat', 'index', 'substr']: UNKNOWN (139.005 seconds)
515.47/515.53	Reason: smt tactic failed to show goal to be sat/unsat max-conflicts-reached
515.47/515.53	Reason: smt tactic failed to show goal to be sat/unsat max-conflicts-reached
515.47/515.53	['concat', 'concat', 'index', 'add']: UNSAT (0.112 seconds)
515.57/515.64	['concat', 'concat', 'index', 'sub']: UNSAT (0.111 seconds)
515.67/515.75	['concat', 'concat', 'length', 'length']: UNSAT (0.085 seconds)
515.77/515.84	['concat', 'concat', 'length', 'substr']: UNSAT (1.792 seconds)
517.57/517.63	['concat', 'concat', 'length', 'add']: UNSAT (0.088 seconds)
517.67/517.72	['concat', 'concat', 'length', 'sub']: UNSAT (0.092 seconds)
517.77/517.82	['concat', 'concat', 'substr', 'substr']: UNSAT (1.505 seconds)
519.17/519.32	['concat', 'concat', 'substr', 'add']: UNSAT (0.675 seconds)
519.97/520.00	['concat', 'concat', 'substr', 'sub']: UNSAT (0.801 seconds)
520.77/520.80	['concat', 'concat', 'add', 'add']: UNSAT (0.095 seconds)
520.87/520.90	['concat', 'concat', 'add', 'sub']: UNSAT (0.094 seconds)
520.87/520.99	['concat', 'concat', 'sub', 'sub']: UNSAT (0.092 seconds)
520.97/521.08	['concat', 'index', 'index', 'index']: UNSAT (0.138 seconds)
521.17/521.22	['concat', 'index', 'index', 'length']: UNSAT (0.112 seconds)
521.30/521.34	['concat', 'index', 'index', 'substr']: 