0.11/0.19	=== Examples (../../dataset/examples/examples-75.json)
0.11/0.19	IO(inputs=('Fusce sapien eros volutpat.',), output='Fusce...tpat.')
0.11/0.19	IO(inputs=('Sed condimentum at posuere.',), output='Sed c...uere.')
0.11/0.19	IO(inputs=('Morbi id ullamcorper metus.',), output='Morbi...etus.')
0.11/0.19	=== Library
0.11/0.19	concat
0.11/0.19	index
0.11/0.19	length
0.11/0.19	substr
0.11/0.19	add
0.11/0.19	sub
0.11/0.19	=== Synthesis
0.11/0.19	['concat']: UNSAT (0.030 seconds)
0.11/0.22	['index']: UNSAT (0.030 seconds)
0.11/0.25	['length']: UNSAT (0.021 seconds)
0.11/0.27	['substr']: UNSAT (0.079 seconds)
0.11/0.35	['add']: UNSAT (0.027 seconds)
0.34/0.38	['sub']: UNSAT (0.024 seconds)
0.34/0.40	['concat', 'concat']: UNSAT (0.058 seconds)
0.40/0.46	['concat', 'index']: UNSAT (0.053 seconds)
0.40/0.52	['concat', 'length']: UNSAT (0.039 seconds)
0.49/0.56	['concat', 'substr']: UNSAT (1.110 seconds)
1.59/1.67	['concat', 'add']: UNSAT (0.040 seconds)
1.69/1.71	['concat', 'sub']: UNSAT (0.041 seconds)
1.69/1.75	['index', 'index']: UNSAT (0.057 seconds)
1.79/1.81	['index', 'length']: UNSAT (0.041 seconds)
1.79/1.85	['index', 'substr']: UNSAT (0.324 seconds)
2.13/2.17	['index', 'add']: UNSAT (0.051 seconds)
2.19/2.23	['index', 'sub']: UNSAT (0.051 seconds)
2.19/2.28	['length', 'length']: UNSAT (0.029 seconds)
2.29/2.31	['length', 'substr']: UNSAT (0.117 seconds)
2.39/2.43	['length', 'add']: UNSAT (0.037 seconds)
2.39/2.46	['length', 'sub']: UNSAT (0.034 seconds)
2.49/2.50	['substr', 'substr']: UNSAT (0.296 seconds)
2.79/2.80	['substr', 'add']: UNSAT (0.117 seconds)
2.89/2.91	['substr', 'sub']: UNSAT (0.132 seconds)
3.01/3.05	['add', 'add']: UNSAT (0.047 seconds)
3.01/3.10	['add', 'sub']: UNSAT (0.046 seconds)
3.13/3.14	['sub', 'sub']: UNSAT (0.045 seconds)
3.13/3.19	['concat', 'concat', 'concat']: UNSAT (0.187 seconds)
3.29/3.38	['concat', 'concat', 'index']: UNSAT (0.085 seconds)
3.39/3.46	['concat', 'concat', 'length']: UNSAT (0.064 seconds)
3.49/3.53	['concat', 'concat', 'substr']: UNKNOWN (43.859 seconds)
47.28/47.39	Reason: smt tactic failed to show goal to be sat/unsat max-conflicts-reached
47.28/47.39	Reason: smt tactic failed to show goal to be sat/unsat max-conflicts-reached
47.28/47.39	['concat', 'concat', 'add']: UNSAT (0.070 seconds)
47.38/47.46	['concat', 'concat', 'sub']: UNSAT (0.071 seconds)
47.48/47.53	['concat', 'index', 'index']: UNSAT (0.093 seconds)
47.58/47.62	['concat', 'index', 'length']: UNSAT (0.074 seconds)
47.68/47.70	['concat', 'index', 'substr']: UNSAT (9.129 seconds)
56.78/56.83	['concat', 'index', 'add']: UNSAT (0.077 seconds)
56.88/56.91	['concat', 'index', 'sub']: UNSAT (0.075 seconds)
56.88/56.98	['concat', 'length', 'length']: UNSAT (0.053 seconds)
56.88/57.04	['concat', 'length', 'substr']: UNSAT (1.403 seconds)
58.42/58.44	['concat', 'length', 'add']: UNSAT (0.057 seconds)
58.48/58.50	['concat', 'length', 'sub']: UNSAT (0.059 seconds)
58.48/58.56	['concat', 'substr', 'substr']: UNSAT (15.572 seconds)
73.88/74.13	['concat', 'substr', 'add']: UNSAT (1.348 seconds)
75.38/75.48	['concat', 'substr', 'sub']: UNSAT (1.319 seconds)
76.78/76.80	['concat', 'add', 'add']: UNSAT (0.067 seconds)
76.78/76.87	['concat', 'add', 'sub']: UNSAT (0.067 seconds)
76.88/76.94	['concat', 'sub', 'sub']: UNSAT (0.065 seconds)
76.98/77.00	['index', 'index', 'index']: UNSAT (0.097 seconds)
77.08/77.10	['index', 'index', 'length']: UNSAT (0.074 seconds)
77.08/77.18	['index', 'index', 'substr']: UNSAT (0.489 seconds)
77.64/77.67	['index', 'index', 'add']: UNSAT (0.089 seconds)
77.68/77.76	['index', 'index', 'sub']: UNSAT (0.085 seconds)
77.78/77.84	['index', 'length', 'length']: UNSAT (0.057 seconds)
77.88/77.90	['index', 'length', 'substr']: UNSAT (0.620 seconds)
78.38/78.52	['index', 'length', 'add']: UNSAT (0.066 seconds)
78.38/78.59	['index', 'length', 'sub']: UNSAT (0.065 seconds)
78.38/78.66	['index', 'substr', 'substr']: UNSAT (2.473 seconds)
81.08/81.13	['index', 'substr', 'add']: UNSAT (0.573 seconds)
81.68/81.70	['index', 'substr', 'sub']: UNSAT (0.492 seconds)
82.18/82.20	['index', 'add', 'add']: UNSAT (0.077 seconds)
82.18/82.28	['index', 'add', 'sub']: UNSAT (0.077 seconds)
82.28/82.35	['index', 'sub', 'sub']: UNSAT (0.082 seconds)
82.38/82.44	['length', 'length', 'length']: UNSAT (0.042 seconds)
82.38/82.48	['length', 'length', 'substr']: UNSAT (0.079 seconds)
82.48/82.56	['length', 'length', 'add']: UNSAT (0.045 seconds)
82.58/82.61	['length', 'length', 'sub']: UNSAT (0.045 seconds)
82.58/82.65	['length', 'substr', 'substr']: UNSAT (1.676 seconds)
84.28/84.33	['length', 'substr', 'add']: UNSAT (0.316 seconds)
84.58/84.65	['length', 'substr', 'sub']: UNSAT (0.281 seconds)
84.88/84.93	['length', 'add', 'add']: UNSAT (0.058 seconds)
84.88/84.99	['length', 'add', 'sub']: UNSAT (0.060 seconds)
84.98/85.05	['length', 'sub', 'sub']: UNSAT (0.060 seconds)
84.98/85.11	['substr', 'substr', 'substr']: UNSAT (1.329 seconds)
86.31/86.44	['substr', 'substr', 'add']: UNSAT (1.011 seconds)
87.28/87.45	['substr', 'substr', 'sub']: UNSAT (0.954 seconds)
88.38/88.41	['substr', 'add', 'add']: UNSAT (0.271 seconds)
88.57/88.68	['substr', 'add', 'sub']: UNSAT (0.186 seconds)
88.78/88.87	['substr', 'sub', 'sub']: UNSAT (0.184 seconds)
88.98/89.05	['add', 'add', 'add']: UNSAT (0.076 seconds)
89.08/89.13	['add', 'add', 'sub']: UNSAT (0.077 seconds)
89.18/89.21	['add', 'sub', 'sub']: UNSAT (0.077 seconds)
89.18/89.29	['sub', 'sub', 'sub']: UNSAT (0.077 seconds)
89.28/89.36	['concat', 'concat', 'concat', 'concat']: UNSAT (0.405 seconds)
89.48/89.77	['concat', 'concat', 'concat', 'index']: UNSAT (0.125 seconds)
89.88/89.90	['concat', 'concat', 'concat', 'length']: UNSAT (0.102 seconds)
89.98/90.00	['concat', 'concat', 'concat', 'substr']: UNKNOWN (166.149 seconds)
256.08/256.15	Reason: smt tactic failed to show goal to be sat/unsat max-conflicts-reached
256.08/256.15	Reason: smt tactic failed to show goal to be sat/unsat max-conflicts-reached
256.08/256.15	['concat', 'concat', 'concat', 'add']: UNSAT (0.100 seconds)
256.18/256.25	['concat', 'concat', 'concat', 'sub']: UNSAT (0.100 seconds)
256.28/256.35	['concat', 'concat', 'index', 'index']: UNSAT (0.137 seconds)
256.40/256.49	['concat', 'concat', 'index', 'length']: UNSAT (0.109 seconds)
256.58/256.60	['concat', 'concat', 'index', 'substr']: UNKNOWN (99.460 seconds)
356.04/356.06	Reason: smt tactic failed to show goal to be sat/unsat max-conflicts-reached
356.04/356.06	Reason: smt tactic failed to show goal to be sat/unsat max-conflicts-reached
356.04/356.06	['concat', 'concat', 'index', 'add']: UNSAT (0.107 seconds)
356.08/356.17	['concat', 'concat', 'index', 'sub']: UNSAT (0.106 seconds)
356.18/356.28	['concat', 'concat', 'length', 'length']: UNSAT (0.086 seconds)
356.28/356.36	['concat', 'concat', 'length', 'substr']: UNSAT (55.523 seconds)
411.68/411.89	['concat', 'concat', 'length', 'add']: UNSAT (0.085 seconds)
411.68/411.97	['concat', 'concat', 'length', 'sub']: UNSAT (0.087 seconds)
411.88/412.06	['concat', 'concat', 'substr', 'substr']: UNKNOWN (180.388 seconds)
592.38/592.45	Reason: smt tactic failed to show goal to be sat/unsat max-conflicts-reached
592.38/592.45	Reason: smt tactic failed to show goal to be sat/unsat max-conflicts-reached
592.38/592.45	['concat', 'concat', 'substr', 'add']: 