0.11/0.18	=== Examples (../../dataset/examples/examples-22.json)
0.11/0.18	IO(inputs=('Suspendisse nec dapibus elit.\nMauris in purus est.\nVestibulum ac viverra quam.\nAliquam a elementum felis.\nSed sollicitudin nullam.',), output='Suspendisse nec dapibus elit.    Mauris in purus est.    Vestibulum ac viverra quam.    Aliquam a elementum felis.    Sed sollicitudin nullam.')
0.11/0.18	IO(inputs=('Nulla accumsan hendrerit neque, eu ornare felis gravida id.\nPraesent tempor metus posuere.',), output='Nulla accumsan hendrerit neque, eu ornare felis gravida id.    Praesent tempor metus posuere.')
0.11/0.18	IO(inputs=('Phasellus pharetra in massa in iaculis.\nVestibulum ante ipsum primis in faucibus orci luctus et ultrices posuere cubilia Curae; Aenean aliquet nullam.',), output='Phasellus pharetra in massa in iaculis.    Vestibulum ante ipsum primis in faucibus orci luctus et ultrices posuere cubilia Curae; Aenean aliquet nullam.')
0.11/0.18	=== Library
0.11/0.18	concat
0.11/0.18	index
0.11/0.18	length
0.11/0.18	substr
0.11/0.18	add
0.11/0.18	sub
0.11/0.18	=== Synthesis
0.11/0.18	['concat']: UNSAT (0.030 seconds)
0.11/0.21	['index']: UNSAT (0.029 seconds)
0.11/0.24	['length']: UNSAT (0.019 seconds)
0.11/0.26	['substr']: UNSAT (0.035 seconds)
0.11/0.30	['add']: UNSAT (0.023 seconds)
0.27/0.32	['sub']: UNSAT (0.022 seconds)
0.27/0.35	['concat', 'concat']: UNSAT (0.278 seconds)
0.56/0.62	['concat', 'index']: UNSAT (0.050 seconds)
0.64/0.68	['concat', 'length']: UNSAT (0.038 seconds)
0.69/0.71	['concat', 'substr']: UNSAT (2.297 seconds)
2.89/3.01	['concat', 'add']: UNSAT (0.041 seconds)
3.01/3.05	['concat', 'sub']: UNSAT (0.040 seconds)
3.01/3.09	['index', 'index']: UNSAT (0.054 seconds)
3.12/3.15	['index', 'length']: UNSAT (0.038 seconds)
3.12/3.19	['index', 'substr']: UNSAT (0.079 seconds)
3.19/3.27	['index', 'add']: UNSAT (0.049 seconds)
3.29/3.32	['index', 'sub']: UNSAT (0.050 seconds)
3.29/3.37	['length', 'length']: UNSAT (0.027 seconds)
3.29/3.40	['length', 'substr']: UNSAT (0.051 seconds)
3.39/3.45	['length', 'add']: UNSAT (0.032 seconds)
3.39/3.48	['length', 'sub']: UNSAT (0.032 seconds)
3.49/3.51	['substr', 'substr']: UNSAT (0.067 seconds)
3.49/3.58	['substr', 'add']: UNSAT (0.053 seconds)
3.59/3.64	['substr', 'sub']: UNSAT (0.053 seconds)
3.59/3.69	['add', 'add']: UNSAT (0.041 seconds)
3.69/3.73	['add', 'sub']: UNSAT (0.041 seconds)
3.69/3.77	['sub', 'sub']: UNSAT (0.041 seconds)
3.79/3.82	['concat', 'concat', 'concat']: UNSAT (7.478 seconds)
11.19/11.29	['concat', 'concat', 'index']: UNSAT (0.077 seconds)
11.29/11.37	['concat', 'concat', 'length']: UNSAT (0.060 seconds)
11.39/11.43	['concat', 'concat', 'substr']: UNSAT (2.313 seconds)
13.69/13.75	['concat', 'concat', 'add']: UNSAT (0.063 seconds)
13.79/13.81	['concat', 'concat', 'sub']: UNSAT (0.062 seconds)
13.79/13.87	['concat', 'index', 'index']: UNSAT (0.084 seconds)
13.89/13.96	['concat', 'index', 'length']: UNSAT (0.065 seconds)
13.89/14.03	['concat', 'index', 'substr']: UNSAT (10.069 seconds)
24.00/24.10	['concat', 'index', 'add']: UNSAT (0.076 seconds)
24.12/24.17	['concat', 'index', 'sub']: UNSAT (0.078 seconds)
24.19/24.25	['concat', 'length', 'length']: UNSAT (0.056 seconds)
24.29/24.31	['concat', 'length', 'substr']: UNSAT (0.186 seconds)
24.39/24.50	['concat', 'length', 'add']: UNSAT (0.060 seconds)
24.49/24.56	['concat', 'length', 'sub']: UNSAT (0.060 seconds)
24.59/24.62	['concat', 'substr', 'substr']: UNSAT (1.433 seconds)
26.00/26.05	['concat', 'substr', 'add']: UNSAT (0.184 seconds)
26.19/26.24	['concat', 'substr', 'sub']: UNSAT (0.160 seconds)
26.39/26.40	['concat', 'add', 'add']: UNSAT (0.071 seconds)
26.39/26.47	['concat', 'add', 'sub']: UNSAT (0.070 seconds)
26.49/26.54	['concat', 'sub', 'sub']: UNSAT (0.069 seconds)
26.59/26.61	['index', 'index', 'index']: UNSAT (0.098 seconds)
26.69/26.71	['index', 'index', 'length']: UNSAT (0.076 seconds)
26.69/26.79	['index', 'index', 'substr']: UNSAT (0.130 seconds)
26.89/26.92	['index', 'index', 'add']: UNSAT (0.087 seconds)
26.89/27.01	['index', 'index', 'sub']: UNSAT (0.087 seconds)
27.00/27.10	['index', 'length', 'length']: UNSAT (0.060 seconds)
27.12/27.16	['index', 'length', 'substr']: UNSAT (0.100 seconds)
27.19/27.26	['index', 'length', 'add']: UNSAT (0.070 seconds)
27.29/27.33	['index', 'length', 'sub']: UNSAT (0.067 seconds)
27.29/27.40	['index', 'substr', 'substr']: UNSAT (0.389 seconds)
27.69/27.79	['index', 'substr', 'add']: UNSAT (0.124 seconds)
27.89/27.91	['index', 'substr', 'sub']: UNSAT (0.116 seconds)
27.89/28.03	['index', 'add', 'add']: UNSAT (0.082 seconds)
28.00/28.11	['index', 'add', 'sub']: UNSAT (0.083 seconds)
28.19/28.20	['index', 'sub', 'sub']: UNSAT (0.078 seconds)
28.19/28.28	['length', 'length', 'length']: UNSAT (0.046 seconds)
28.29/28.32	['length', 'length', 'substr']: UNSAT (0.074 seconds)
28.39/28.40	['length', 'length', 'add']: UNSAT (0.048 seconds)
28.39/28.45	['length', 'length', 'sub']: UNSAT (0.048 seconds)
28.49/28.50	['length', 'substr', 'substr']: UNSAT (0.126 seconds)
28.59/28.63	['length', 'substr', 'add']: UNSAT (0.086 seconds)
28.69/28.71	['length', 'substr', 'sub']: UNSAT (0.086 seconds)
28.79/28.80	['length', 'add', 'add']: UNSAT (0.061 seconds)
28.79/28.86	['length', 'add', 'sub']: UNSAT (0.060 seconds)
28.89/28.92	['length', 'sub', 'sub']: UNSAT (0.063 seconds)
28.89/28.99	['substr', 'substr', 'substr']: UNSAT (0.171 seconds)
29.12/29.16	['substr', 'substr', 'add']: UNSAT (0.108 seconds)
29.19/29.27	['substr', 'substr', 'sub']: UNSAT (0.106 seconds)
29.29/29.38	['substr', 'add', 'add']: UNSAT (0.091 seconds)
29.39/29.47	['substr', 'add', 'sub']: UNSAT (0.091 seconds)
29.49/29.56	['substr', 'sub', 'sub']: UNSAT (0.087 seconds)
29.59/29.65	['add', 'add', 'add']: UNSAT (0.073 seconds)
29.69/29.73	['add', 'add', 'sub']: UNSAT (0.072 seconds)
29.79/29.80	['add', 'sub', 'sub']: UNSAT (0.072 seconds)
29.79/29.87	['sub', 'sub', 'sub']: UNSAT (0.075 seconds)
29.89/29.95	['concat', 'concat', 'concat', 'concat']: UNSAT (90.828 seconds)
120.69/120.78	['concat', 'concat', 'concat', 'index']: UNSAT (0.124 seconds)
120.88/120.91	['concat', 'concat', 'concat', 'length']: UNSAT (0.102 seconds)
120.88/121.01	['concat', 'concat', 'concat', 'substr']: UNSAT (98.879 seconds)
219.78/219.89	['concat', 'concat', 'concat', 'add']: UNSAT (0.099 seconds)
219.88/219.99	['concat', 'concat', 'concat', 'sub']: UNSAT (0.100 seconds)
220.00/220.09	['concat', 'concat', 'index', 'index']: UNSAT (0.144 seconds)
220.19/220.24	['concat', 'concat', 'index', 'length']: UNSAT (0.104 seconds)
220.29/220.34	['concat', 'concat', 'index', 'substr']: 