0.14/0.20	=== Examples (../../dataset/examples/examples-08.json)
0.14/0.20	IO(inputs=('one|two|three',), output='one | two | three')
0.14/0.20	IO(inputs=('a|b|c',), output='a | b | c')
0.14/0.20	IO(inputs=('this|is|not|a|regex',), output='this | is | not | a | regex')
0.14/0.20	=== Library
0.14/0.20	concat
0.14/0.20	index
0.14/0.20	length
0.14/0.20	substr
0.14/0.20	add
0.14/0.20	sub
0.14/0.20	=== Synthesis
0.14/0.20	['concat']: UNSAT (0.034 seconds)
0.14/0.24	['index']: UNSAT (0.038 seconds)
0.14/0.27	['length']: UNSAT (0.024 seconds)
0.14/0.30	['substr']: UNSAT (0.039 seconds)
0.28/0.34	['add']: UNSAT (0.030 seconds)
0.28/0.37	['sub']: UNSAT (0.029 seconds)
0.36/0.40	['concat', 'concat']: UNSAT (0.122 seconds)
0.46/0.52	['concat', 'index']: UNSAT (0.062 seconds)
0.46/0.59	['concat', 'length']: UNSAT (0.045 seconds)
0.46/0.63	['concat', 'substr']: UNSAT (0.207 seconds)
0.78/0.84	['concat', 'add']: UNSAT (0.043 seconds)
0.78/0.89	['concat', 'sub']: UNSAT (0.042 seconds)
0.88/0.93	['index', 'index']: UNSAT (0.060 seconds)
0.88/0.99	['index', 'length']: UNSAT (0.045 seconds)
0.88/1.04	['index', 'substr']: UNSAT (0.066 seconds)
1.02/1.10	['index', 'add']: UNSAT (0.050 seconds)
1.02/1.16	['index', 'sub']: UNSAT (0.051 seconds)
1.18/1.21	['length', 'length']: UNSAT (0.030 seconds)
1.18/1.24	['length', 'substr']: UNSAT (0.047 seconds)
1.18/1.29	['length', 'add']: UNSAT (0.036 seconds)
1.28/1.32	['length', 'sub']: UNSAT (0.036 seconds)
1.28/1.36	['substr', 'substr']: UNSAT (0.060 seconds)
1.38/1.42	['substr', 'add']: UNSAT (0.052 seconds)
1.38/1.48	['substr', 'sub']: UNSAT (0.054 seconds)
1.48/1.53	['add', 'add']: UNSAT (0.047 seconds)
1.48/1.58	['add', 'sub']: UNSAT (0.044 seconds)
1.58/1.62	['sub', 'sub']: UNSAT (0.046 seconds)
1.58/1.67	['concat', 'concat', 'concat']: UNSAT (1.493 seconds)
3.15/3.16	['concat', 'concat', 'index']: UNSAT (0.083 seconds)
3.19/3.25	['concat', 'concat', 'length']: UNSAT (0.065 seconds)
3.29/3.31	['concat', 'concat', 'substr']: UNSAT (0.890 seconds)
4.19/4.21	['concat', 'concat', 'add']: UNSAT (0.065 seconds)
4.19/4.27	['concat', 'concat', 'sub']: UNSAT (0.067 seconds)
4.29/4.34	['concat', 'index', 'index']: UNSAT (0.093 seconds)
4.39/4.43	['concat', 'index', 'length']: UNSAT (0.070 seconds)
4.49/4.50	['concat', 'index', 'substr']: UNSAT (0.281 seconds)
4.69/4.79	['concat', 'index', 'add']: UNSAT (0.076 seconds)
4.79/4.86	['concat', 'index', 'sub']: UNSAT (0.075 seconds)
4.89/4.94	['concat', 'length', 'length']: UNSAT (0.050 seconds)
4.89/4.99	['concat', 'length', 'substr']: UNSAT (0.124 seconds)
5.05/5.12	['concat', 'length', 'add']: UNSAT (0.055 seconds)
5.05/5.17	['concat', 'length', 'sub']: UNSAT (0.056 seconds)
5.19/5.23	['concat', 'substr', 'substr']: UNSAT (0.471 seconds)
5.69/5.70	['concat', 'substr', 'add']: UNSAT (0.125 seconds)
5.79/5.83	['concat', 'substr', 'sub']: UNSAT (0.130 seconds)
5.89/5.96	['concat', 'add', 'add']: UNSAT (0.066 seconds)
5.89/6.03	['concat', 'add', 'sub']: UNSAT (0.065 seconds)
6.01/6.09	['concat', 'sub', 'sub']: UNSAT (0.065 seconds)
6.01/6.16	['index', 'index', 'index']: UNSAT (0.094 seconds)
6.19/6.25	['index', 'index', 'length']: UNSAT (0.073 seconds)
6.29/6.33	['index', 'index', 'substr']: UNSAT (0.106 seconds)
6.39/6.43	['index', 'index', 'add']: UNSAT (0.082 seconds)
6.49/6.52	['index', 'index', 'sub']: UNSAT (0.079 seconds)
6.59/6.60	['index', 'length', 'length']: UNSAT (0.053 seconds)
6.59/6.65	['index', 'length', 'substr']: UNSAT (0.080 seconds)
6.69/6.73	['index', 'length', 'add']: UNSAT (0.063 seconds)
6.79/6.80	['index', 'length', 'sub']: UNSAT (0.063 seconds)
6.79/6.86	['index', 'substr', 'substr']: UNSAT (0.139 seconds)
6.89/7.00	['index', 'substr', 'add']: UNSAT (0.098 seconds)
7.02/7.10	['index', 'substr', 'sub']: UNSAT (0.093 seconds)
7.15/7.19	['index', 'add', 'add']: UNSAT (0.076 seconds)
7.19/7.27	['index', 'add', 'sub']: UNSAT (0.076 seconds)
7.29/7.35	['index', 'sub', 'sub']: UNSAT (0.080 seconds)
7.39/7.43	['length', 'length', 'length']: UNSAT (0.042 seconds)
7.39/7.47	['length', 'length', 'substr']: UNSAT (0.059 seconds)
7.49/7.53	['length', 'length', 'add']: UNSAT (0.045 seconds)
7.49/7.58	['length', 'length', 'sub']: UNSAT (0.043 seconds)
7.59/7.62	['length', 'substr', 'substr']: UNSAT (0.089 seconds)
7.69/7.71	['length', 'substr', 'add']: UNSAT (0.070 seconds)
7.69/7.78	['length', 'substr', 'sub']: UNSAT (0.072 seconds)
7.79/7.85	['length', 'add', 'add']: UNSAT (0.060 seconds)
7.89/7.92	['length', 'add', 'sub']: UNSAT (0.061 seconds)
7.89/7.98	['length', 'sub', 'sub']: UNSAT (0.060 seconds)
7.89/8.04	['substr', 'substr', 'substr']: UNSAT (0.116 seconds)
8.15/8.16	['substr', 'substr', 'add']: UNSAT (0.093 seconds)
8.19/8.25	['substr', 'substr', 'sub']: UNSAT (0.090 seconds)
8.29/8.34	['substr', 'add', 'add']: UNSAT (0.084 seconds)
8.39/8.43	['substr', 'add', 'sub']: UNSAT (0.084 seconds)
8.49/8.51	['substr', 'sub', 'sub']: UNSAT (0.080 seconds)
8.49/8.59	['add', 'add', 'add']: UNSAT (0.073 seconds)
8.59/8.67	['add', 'add', 'sub']: UNSAT (0.072 seconds)
8.69/8.74	['add', 'sub', 'sub']: UNSAT (0.072 seconds)
8.79/8.81	['sub', 'sub', 'sub']: UNSAT (0.071 seconds)
8.79/8.88	['concat', 'concat', 'concat', 'concat']: UNSAT (28.805 seconds)
37.59/37.69	['concat', 'concat', 'concat', 'index']: UNSAT (0.114 seconds)
37.79/37.80	['concat', 'concat', 'concat', 'length']: UNSAT (0.098 seconds)
37.89/37.90	['concat', 'concat', 'concat', 'substr']: UNSAT (120.534 seconds)
158.38/158.44	['concat', 'concat', 'concat', 'add']: UNSAT (0.098 seconds)
158.48/158.54	['concat', 'concat', 'concat', 'sub']: UNSAT (0.097 seconds)
158.58/158.64	['concat', 'concat', 'index', 'index']: UNSAT (0.131 seconds)
158.68/158.77	['concat', 'concat', 'index', 'length']: UNSAT (0.102 seconds)
158.78/158.87	['concat', 'concat', 'index', 'substr']: UNSAT (23.309 seconds)
182.14/182.18	['concat', 'concat', 'index', 'add']: UNSAT (0.107 seconds)
182.18/182.29	['concat', 'concat', 'index', 'sub']: UNSAT (0.103 seconds)
182.28/182.39	['concat', 'concat', 'length', 'length']: UNSAT (0.079 seconds)
182.38/182.47	['concat', 'concat', 'length', 'substr']: UNSAT (1.513 seconds)
183.88/183.99	['concat', 'concat', 'length', 'add']: UNSAT (0.122 seconds)
184.01/184.11	['concat', 'concat', 'length', 'sub']: UNSAT (0.082 seconds)
184.14/184.20	['concat', 'concat', 'substr', 'substr']: UNSAT (19.037 seconds)
203.18/203.23	['concat', 'concat', 'substr', 'add']: UNSAT (1.132 seconds)
204.28/204.37	['concat', 'concat', 'substr', 'sub']: UNSAT (1.300 seconds)
205.58/205.67	['concat', 'concat', 'add', 'add']: UNSAT (0.091 seconds)
205.68/205.76	['concat', 'concat', 'add', 'sub']: UNSAT (0.093 seconds)
205.78/205.85	['concat', 'concat', 'sub', 'sub']: UNSAT (0.091 seconds)
205.88/205.95	['concat', 'index', 'index', 'index']: UNSAT (0.132 seconds)
206.00/206.08	['concat', 'index', 'index', 'length']: UNSAT (0.109 seconds)
206.14/206.19	['concat', 'index', 'index', 'substr']: UNSAT (1.091 seconds)
207.18/207.28	['concat', 'index', 'index', 'add']: UNSAT (0.117 seconds)
207.38/207.40	['concat', 'index', 'index', 'sub']: UNSAT (0.111 seconds)
207.48/207.51	['concat', 'index', 'length', 'length']: UNSAT (0.083 seconds)
207.58/207.60	['concat', 'index', 'length', 'substr']: UNSAT (0.494 seconds)
208.00/208.09	['concat', 'index', 'length', 'add']: UNSAT (0.095 seconds)
208.14/208.19	['concat', 'index', 'length', 'sub']: UNSAT (0.091 seconds)
208.18/208.28	['concat', 'index', 'substr', 'substr']: UNSAT (3.183 seconds)
211.38/211.47	['concat', 'index', 'substr', 'add']: UNSAT (0.744 seconds)
212.18/212.21	['concat', 'index', 'substr', 'sub']: UNSAT (0.402 seconds)
212.58/212.61	['concat', 'index', 'add', 'add']: UNSAT (0.106 seconds)
212.68/212.72	['concat', 'index', 'add', 'sub']: UNSAT (0.107 seconds)
212.78/212.83	['concat', 'index', 'sub', 'sub']: UNSAT (0.103 seconds)
212.88/212.93	['concat', 'length', 'length', 'length']: UNSAT (0.068 seconds)
212.88/213.00	['concat', 'length', 'length', 'substr']: UNSAT (0.162 seconds)
213.14/213.16	['concat', 'length', 'length', 'add']: UNSAT (0.071 seconds)
213.18/213.24	['concat', 'length', 'length', 'sub']: UNSAT (0.071 seconds)
213.28/213.31	['concat', 'length', 'substr', 'substr']: UNSAT (1.014 seconds)
214.28/214.32	['concat', 'length', 'substr', 'add']: UNSAT (0.283 seconds)
214.58/214.61	['concat', 'length', 'substr', 'sub']: UNSAT (0.285 seconds)
214.78/214.89	['concat', 'length', 'add', 'add']: UNSAT (0.082 seconds)
214.88/214.98	['concat', 'length', 'add', 'sub']: UNSAT (0.081 seconds)
215.01/215.06	['concat', 'length', 'sub', 'sub']: UNSAT (0.082 seconds)
215.01/215.14	['concat', 'substr', 'substr', 'substr']: UNSAT (2.207 seconds)
217.28/217.35	['concat', 'substr', 'substr', 'add']: UNSAT (0.862 seconds)
218.18/218.22	['concat', 'substr', 'substr', 'sub']: UNSAT (1.020 seconds)
219.18/219.24	['concat', 'substr', 'add', 'add']: UNSAT (0.349 seconds)
219.48/219.59	['concat', 'substr', 'add', 'sub']: UNSAT (0.361 seconds)
219.88/219.95	['concat', 'substr', 'sub', 'sub']: UNSAT (0.319 seconds)
220.18/220.27	['concat', 'add', 'add', 'add']: UNSAT (0.097 seconds)
220.28/220.37	['concat', 'add', 'add', 'sub']: UNSAT (0.100 seconds)
220.38/220.47	['concat', 'add', 'sub', 'sub']: UNSAT (0.096 seconds)
220.48/220.56	['concat', 'sub', 'sub', 'sub']: UNSAT (0.100 seconds)
220.58/220.67	['index', 'index', 'index', 'index']: UNSAT (0.144 seconds)
220.78/220.81	['index', 'index', 'index', 'length']: UNSAT (0.114 seconds)
220.88/220.93	['index', 'index', 'index', 'substr']: UNSAT (0.198 seconds)
221.01/221.12	['index', 'index', 'index', 'add']: UNSAT (0.126 seconds)
221.18/221.25	['index', 'index', 'index', 'sub']: UNSAT (0.130 seconds)
221.28/221.38	['index', 'index', 'length', 'length']: UNSAT (0.092 seconds)
221.38/221.48	['index', 'index', 'length', 'substr']: UNSAT (0.132 seconds)
221.58/221.61	['index', 'index', 'length', 'add']: UNSAT (0.107 seconds)
221.68/221.72	['index', 'index', 'length', 'sub']: UNSAT (0.103 seconds)
221.78/221.82	['index', 'index', 'substr', 'substr']: UNSAT (0.363 seconds)
222.13/222.18	['index', 'index', 'substr', 'add']: UNSAT (0.141 seconds)
222.28/222.33	['index', 'index', 'substr', 'sub']: UNSAT (0.150 seconds)
222.38/222.48	['index', 'index', 'add', 'add']: UNSAT (0.117 seconds)
222.48/222.60	['index', 'index', 'add', 'sub']: UNSAT (0.122 seconds)
222.68/222.72	['index', 'index', 'sub', 'sub']: UNSAT (0.125 seconds)
222.78/222.85	['index', 'length', 'length', 'length']: UNSAT (0.071 seconds)
222.88/222.92	['index', 'length', 'length', 'substr']: UNSAT (0.106 seconds)
222.88/223.02	['index', 'length', 'length', 'add']: UNSAT (0.080 seconds)
223.00/223.11	['index', 'length', 'length', 'sub']: UNSAT (0.080 seconds)
223.13/223.19	['index', 'length', 'substr', 'substr']: UNSAT (0.190 seconds)
223.28/223.38	['index', 'length', 'substr', 'add']: UNSAT (0.122 seconds)
223.48/223.50	['index', 'length', 'substr', 'sub']: UNSAT (0.147 seconds)
223.58/223.65	['index', 'length', 'add', 'add']: UNSAT (0.096 seconds)
223.68/223.75	['index', 'length', 'add', 'sub']: UNSAT (0.095 seconds)
223.78/223.84	['index', 'length', 'sub', 'sub']: UNSAT (0.094 seconds)
223.88/223.94	['index', 'substr', 'substr', 'substr']: UNSAT (0.355 seconds)
224.18/224.29	['index', 'substr', 'substr', 'add']: UNSAT (0.159 seconds)
224.38/224.45	['index', 'substr', 'substr', 'sub']: UNSAT (0.266 seconds)
224.68/224.72	['index', 'substr', 'add', 'add']: UNSAT (0.142 seconds)
224.78/224.86	['index', 'substr', 'add', 'sub']: UNSAT (0.146 seconds)
224.88/225.01	['index', 'substr', 'sub', 'sub']: UNSAT (0.148 seconds)
225.14/225.16	['index', 'add', 'add', 'add']: UNSAT (0.115 seconds)
225.18/225.28	['index', 'add', 'add', 'sub']: UNSAT (0.119 seconds)
225.28/225.39	['index', 'add', 'sub', 'sub']: UNSAT (0.118 seconds)
225.48/225.51	['index', 'sub', 'sub', 'sub']: UNSAT (0.117 seconds)
225.58/225.63	['length', 'length', 'length', 'length']: UNSAT (0.056 seconds)
225.58/225.69	['length', 'length', 'length', 'substr']: UNSAT (0.073 seconds)
225.68/225.76	['length', 'length', 'length', 'add']: UNSAT (0.065 seconds)
225.78/225.83	['length', 'length', 'length', 'sub']: UNSAT (0.061 seconds)
225.78/225.89	['length', 'length', 'substr', 'substr']: UNSAT (0.141 seconds)
225.88/226.03	['length', 'length', 'substr', 'add']: UNSAT (0.092 seconds)
226.01/226.13	['length', 'length', 'substr', 'sub']: UNSAT (0.090 seconds)
226.18/226.22	['length', 'length', 'add', 'add']: UNSAT (0.075 seconds)
226.18/226.29	['length', 'length', 'add', 'sub']: UNSAT (0.075 seconds)
226.28/226.37	['length', 'length', 'sub', 'sub']: UNSAT (0.074 seconds)
226.38/226.44	['length', 'substr', 'substr', 'substr']: UNSAT (0.224 seconds)
226.58/226.67	['length', 'substr', 'substr', 'add']: UNSAT (0.141 seconds)
226.78/226.81	['length', 'substr', 'substr', 'sub']: UNSAT (0.167 seconds)
226.88/226.98	['length', 'substr', 'add', 'add']: UNSAT (0.107 seconds)
227.01/227.09	['length', 'substr', 'add', 'sub']: UNSAT (0.114 seconds)
227.18/227.20	['length', 'substr', 'sub', 'sub']: UNSAT (0.117 seconds)
227.28/227.32	['length', 'add', 'add', 'add']: UNSAT (0.090 seconds)
227.38/227.41	['length', 'add', 'add', 'sub']: UNSAT (0.089 seconds)
227.48/227.50	['length', 'add', 'sub', 'sub']: UNSAT (0.092 seconds)
227.48/227.59	['length', 'sub', 'sub', 'sub']: UNSAT (0.092 seconds)
227.58/227.69	['substr', 'substr', 'substr', 'substr']: UNSAT (0.203 seconds)
227.78/227.89	['substr', 'substr', 'substr', 'add']: UNSAT (0.157 seconds)
228.00/228.05	['substr', 'substr', 'substr', 'sub']: UNSAT (0.148 seconds)
228.18/228.20	['substr', 'substr', 'add', 'add']: UNSAT (0.136 seconds)
228.28/228.34	['substr', 'substr', 'add', 'sub']: UNSAT (0.137 seconds)
228.38/228.47	['substr', 'substr', 'sub', 'sub']: UNSAT (0.133 seconds)
228.58/228.61	['substr', 'add', 'add', 'add']: UNSAT (0.117 seconds)
228.68/228.73	['substr', 'add', 'add', 'sub']: UNSAT (0.120 seconds)
228.78/228.85	['substr', 'add', 'sub', 'sub']: UNSAT (0.122 seconds)
228.88/228.97	['substr', 'sub', 'sub', 'sub']: UNSAT (0.122 seconds)
229.00/229.09	['add', 'add', 'add', 'add']: UNSAT (0.105 seconds)
229.18/229.20	['add', 'add', 'add', 'sub']: UNSAT (0.109 seconds)
229.28/229.31	['add', 'add', 'sub', 'sub']: UNSAT (0.111 seconds)
229.38/229.42	['add', 'sub', 'sub', 'sub']: UNSAT (0.109 seconds)
229.48/229.53	['sub', 'sub', 'sub', 'sub']: UNSAT (0.108 seconds)
229.58/229.64	['concat', 'concat', 'concat', 'concat', 'concat']: UNKNOWN (297.497 seconds)
527.11/527.14	Reason: smt tactic failed to show goal to be sat/unsat max-conflicts-reached
527.11/527.14	Reason: smt tactic failed to show goal to be sat/unsat max-conflicts-reached
527.11/527.14	['concat', 'concat', 'concat', 'concat', 'index']: UNSAT (0.162 seconds)
527.27/527.30	['concat', 'concat', 'concat', 'concat', 'length']: UNSAT (0.137 seconds)
527.37/527.44	['concat', 'concat', 'concat', 'concat', 'substr']: 