0.13/0.21	=== Examples (../../dataset/examples/examples-70.json)
0.13/0.21	IO(inputs=('  like no spaces at all!!!  ',), output='likenospacesatall!!!')
0.13/0.21	IO(inputs=("again don't try ",), output="againdon'ttry")
0.13/0.21	IO(inputs=('you sneaky tricky sli',), output='yousneakytrickysli')
0.13/0.21	=== Library
0.13/0.21	concat
0.13/0.21	index
0.13/0.21	length
0.13/0.21	substr
0.13/0.21	add
0.13/0.21	sub
0.13/0.21	=== Synthesis
0.13/0.21	['concat']: UNSAT (0.035 seconds)
0.13/0.24	['index']: UNSAT (0.036 seconds)
0.13/0.28	['length']: UNSAT (0.024 seconds)
0.28/0.31	['substr']: UNSAT (0.054 seconds)
0.28/0.36	['add']: UNSAT (0.029 seconds)
0.38/0.39	['sub']: UNSAT (0.030 seconds)
0.38/0.42	['concat', 'concat']: UNSAT (0.063 seconds)
0.38/0.49	['concat', 'index']: UNSAT (0.063 seconds)
0.48/0.55	['concat', 'length']: UNSAT (0.045 seconds)
0.56/0.60	['concat', 'substr']: UNSAT (0.433 seconds)
1.02/1.03	['concat', 'add']: UNSAT (0.040 seconds)
1.02/1.07	['concat', 'sub']: UNSAT (0.042 seconds)
1.02/1.12	['index', 'index']: UNSAT (0.058 seconds)
1.12/1.18	['index', 'length']: UNSAT (0.057 seconds)
1.19/1.23	['index', 'substr']: UNSAT (0.171 seconds)
1.39/1.40	['index', 'add']: UNSAT (0.048 seconds)
1.39/1.45	['index', 'sub']: UNSAT (0.051 seconds)
1.49/1.51	['length', 'length']: UNSAT (0.030 seconds)
1.49/1.54	['length', 'substr']: UNSAT (0.059 seconds)
1.59/1.60	['length', 'add']: UNSAT (0.034 seconds)
1.59/1.63	['length', 'sub']: UNSAT (0.034 seconds)
1.59/1.67	['substr', 'substr']: UNSAT (0.101 seconds)
1.69/1.77	['substr', 'add']: UNSAT (0.065 seconds)
1.79/1.83	['substr', 'sub']: UNSAT (0.068 seconds)
1.89/1.90	['add', 'add']: UNSAT (0.045 seconds)
1.89/1.95	['add', 'sub']: UNSAT (0.045 seconds)
1.89/2.00	['sub', 'sub']: UNSAT (0.045 seconds)
2.03/2.04	['concat', 'concat', 'concat']: UNSAT (0.169 seconds)
2.19/2.21	['concat', 'concat', 'index']: UNSAT (0.089 seconds)
2.29/2.30	['concat', 'concat', 'length']: UNSAT (0.064 seconds)
2.29/2.37	['concat', 'concat', 'substr']: UNSAT (7.934 seconds)
10.29/10.30	['concat', 'concat', 'add']: UNSAT (0.069 seconds)
10.29/10.37	['concat', 'concat', 'sub']: UNSAT (0.073 seconds)
10.39/10.44	['concat', 'index', 'index']: UNSAT (0.092 seconds)
10.49/10.54	['concat', 'index', 'length']: UNSAT (0.069 seconds)
10.59/10.61	['concat', 'index', 'substr']: UNSAT (4.097 seconds)
14.69/14.71	['concat', 'index', 'add']: UNSAT (0.073 seconds)
14.69/14.78	['concat', 'index', 'sub']: UNSAT (0.073 seconds)
14.79/14.85	['concat', 'length', 'length']: UNSAT (0.050 seconds)
14.89/14.90	['concat', 'length', 'substr']: UNSAT (0.463 seconds)
15.29/15.37	['concat', 'length', 'add']: UNSAT (0.058 seconds)
15.39/15.43	['concat', 'length', 'sub']: UNSAT (0.059 seconds)
15.39/15.49	['concat', 'substr', 'substr']: UNSAT (2.531 seconds)
17.89/18.02	['concat', 'substr', 'add']: UNSAT (0.621 seconds)
18.59/18.64	['concat', 'substr', 'sub']: UNSAT (0.729 seconds)
19.29/19.37	['concat', 'add', 'add']: UNSAT (0.065 seconds)
19.39/19.44	['concat', 'add', 'sub']: UNSAT (0.065 seconds)
19.49/19.50	['concat', 'sub', 'sub']: UNSAT (0.067 seconds)
19.49/19.57	['index', 'index', 'index']: UNSAT (0.101 seconds)
19.59/19.67	['index', 'index', 'length']: UNSAT (0.079 seconds)
19.69/19.75	['index', 'index', 'substr']: UNSAT (0.541 seconds)
20.29/20.30	['index', 'index', 'add']: UNSAT (0.087 seconds)
20.29/20.38	['index', 'index', 'sub']: UNSAT (0.085 seconds)
20.39/20.47	['index', 'length', 'length']: UNSAT (0.056 seconds)
20.49/20.53	['index', 'length', 'substr']: UNSAT (0.264 seconds)
20.69/20.79	['index', 'length', 'add']: UNSAT (0.064 seconds)
20.79/20.86	['index', 'length', 'sub']: UNSAT (0.063 seconds)
20.89/20.92	['index', 'substr', 'substr']: UNSAT (1.128 seconds)
22.03/22.05	['index', 'substr', 'add']: UNSAT (0.308 seconds)
22.29/22.36	['index', 'substr', 'sub']: UNSAT (0.298 seconds)
22.59/22.66	['index', 'add', 'add']: UNSAT (0.086 seconds)
22.69/22.75	['index', 'add', 'sub']: UNSAT (0.077 seconds)
22.79/22.82	['index', 'sub', 'sub']: UNSAT (0.077 seconds)
22.89/22.90	['length', 'length', 'length']: UNSAT (0.042 seconds)
22.89/22.94	['length', 'length', 'substr']: UNSAT (0.068 seconds)
22.89/23.01	['length', 'length', 'add']: UNSAT (0.047 seconds)
23.02/23.06	['length', 'length', 'sub']: UNSAT (0.045 seconds)
23.02/23.11	['length', 'substr', 'substr']: UNSAT (0.394 seconds)
23.49/23.50	['length', 'substr', 'add']: UNSAT (0.141 seconds)
23.59/23.64	['length', 'substr', 'sub']: UNSAT (0.105 seconds)
23.69/23.75	['length', 'add', 'add']: UNSAT (0.066 seconds)
23.79/23.82	['length', 'add', 'sub']: UNSAT (0.060 seconds)
23.79/23.88	['length', 'sub', 'sub']: UNSAT (0.059 seconds)
23.89/23.94	['substr', 'substr', 'substr']: UNSAT (0.412 seconds)
24.29/24.35	['substr', 'substr', 'add']: UNSAT (0.466 seconds)
24.79/24.82	['substr', 'substr', 'sub']: UNSAT (0.350 seconds)
25.12/25.17	['substr', 'add', 'add']: UNSAT (0.145 seconds)
25.29/25.32	['substr', 'add', 'sub']: UNSAT (0.138 seconds)
25.39/25.46	['substr', 'sub', 'sub']: UNSAT (0.123 seconds)
25.49/25.58	['add', 'add', 'add']: UNSAT (0.076 seconds)
25.59/25.66	['add', 'add', 'sub']: UNSAT (0.073 seconds)
25.69/25.73	['add', 'sub', 'sub']: UNSAT (0.082 seconds)
25.79/25.81	['sub', 'sub', 'sub']: UNSAT (0.076 seconds)
25.79/25.89	['concat', 'concat', 'concat', 'concat']: UNSAT (0.373 seconds)
26.19/26.26	['concat', 'concat', 'concat', 'index']: UNSAT (0.125 seconds)
26.29/26.39	['concat', 'concat', 'concat', 'length']: UNSAT (0.099 seconds)
26.39/26.49	['concat', 'concat', 'concat', 'substr']: UNKNOWN (469.148 seconds)
495.58/495.64	Reason: smt tactic failed to show goal to be sat/unsat max-conflicts-reached
495.58/495.64	Reason: smt tactic failed to show goal to be sat/unsat max-conflicts-reached
495.58/495.64	['concat', 'concat', 'concat', 'add']: UNSAT (0.097 seconds)
495.67/495.74	['concat', 'concat', 'concat', 'sub']: UNSAT (0.099 seconds)
495.78/495.84	['concat', 'concat', 'index', 'index']: UNSAT (0.140 seconds)
495.88/495.98	['concat', 'concat', 'index', 'length']: UNSAT (0.100 seconds)
495.98/496.08	['concat', 'concat', 'index', 'substr']: UNSAT (65.996 seconds)
561.98/562.08	['concat', 'concat', 'index', 'add']: UNSAT (0.101 seconds)
562.08/562.18	['concat', 'concat', 'index', 'sub']: UNSAT (0.105 seconds)
562.21/562.29	['concat', 'concat', 'length', 'length']: UNSAT (0.079 seconds)
562.31/562.37	['concat', 'concat', 'length', 'substr']: UNSAT (6.550 seconds)
568.87/568.92	['concat', 'concat', 'length', 'add']: UNSAT (0.080 seconds)
568.97/569.00	['concat', 'concat', 'length', 'sub']: UNSAT (0.081 seconds)
568.97/569.08	['concat', 'concat', 'substr', 'substr']: 