0.10/0.20	=== Examples (../../dataset/examples/examples-53.json)
0.10/0.20	IO(inputs=(' this is the same as trim man...  ',), output='this is the same as trim man...')
0.10/0.20	IO(inputs=('  know your libraries',), output='know your libraries')
0.10/0.20	IO(inputs=('or is trim too young? ',), output='or is trim too young?')
0.10/0.20	=== Library
0.10/0.20	concat
0.10/0.20	index
0.10/0.20	length
0.10/0.20	substr
0.10/0.20	add
0.10/0.20	sub
0.10/0.20	=== Synthesis
0.10/0.20	['concat']: UNSAT (0.034 seconds)
0.10/0.24	['index']: UNSAT (0.035 seconds)
0.10/0.27	['length']: UNSAT (0.023 seconds)
0.10/0.29	['substr']: UNSAT (0.041 seconds)
0.25/0.34	['add']: UNSAT (0.029 seconds)
0.25/0.37	['sub']: UNSAT (0.029 seconds)
0.25/0.40	['concat', 'concat']: UNSAT (0.062 seconds)
0.43/0.46	['concat', 'index']: UNSAT (0.062 seconds)
0.43/0.52	['concat', 'length']: UNSAT (0.045 seconds)
0.43/0.57	['concat', 'substr']: UNSAT (0.250 seconds)
0.79/0.82	['concat', 'add']: UNSAT (0.039 seconds)
0.79/0.86	['concat', 'sub']: UNSAT (0.039 seconds)
0.89/0.90	['index', 'index']: UNSAT (0.054 seconds)
0.89/0.95	['index', 'length']: UNSAT (0.038 seconds)
0.89/0.99	['index', 'substr']: UNSAT (2.465 seconds)
3.39/3.46	['index', 'add']: UNSAT (0.048 seconds)
3.49/3.51	['index', 'sub']: UNSAT (0.047 seconds)
3.49/3.56	['length', 'length']: UNSAT (0.027 seconds)
3.49/3.58	['length', 'substr']: UNSAT (0.054 seconds)
3.59/3.64	['length', 'add']: UNSAT (0.035 seconds)
3.59/3.67	['length', 'sub']: UNSAT (0.034 seconds)
3.69/3.71	['substr', 'substr']: UNSAT (0.082 seconds)
3.69/3.79	['substr', 'add']: UNSAT (0.060 seconds)
3.79/3.85	['substr', 'sub']: UNSAT (0.060 seconds)
3.89/3.91	['add', 'add']: UNSAT (0.042 seconds)
3.89/3.96	['add', 'sub']: UNSAT (0.043 seconds)
3.89/4.00	['sub', 'sub']: UNSAT (0.043 seconds)
4.00/4.05	['concat', 'concat', 'concat']: UNSAT (0.180 seconds)
4.19/4.23	['concat', 'concat', 'index']: UNSAT (0.079 seconds)
4.29/4.31	['concat', 'concat', 'length']: UNSAT (0.059 seconds)
4.29/4.37	['concat', 'concat', 'substr']: UNSAT (4.692 seconds)
9.00/9.06	['concat', 'concat', 'add']: UNSAT (0.063 seconds)
9.00/9.12	['concat', 'concat', 'sub']: UNSAT (0.062 seconds)
9.13/9.19	['concat', 'index', 'index']: UNSAT (0.084 seconds)
9.19/9.27	['concat', 'index', 'length']: UNSAT (0.065 seconds)
9.29/9.34	['concat', 'index', 'substr']: UNSAT (3.133 seconds)
12.38/12.47	['concat', 'index', 'add']: UNSAT (0.072 seconds)
12.48/12.54	['concat', 'index', 'sub']: UNSAT (0.074 seconds)
12.58/12.62	['concat', 'length', 'length']: UNSAT (0.050 seconds)
12.58/12.67	['concat', 'length', 'substr']: UNSAT (0.157 seconds)
12.78/12.83	['concat', 'length', 'add']: UNSAT (0.055 seconds)
12.78/12.88	['concat', 'length', 'sub']: UNSAT (0.056 seconds)
12.88/12.94	['concat', 'substr', 'substr']: UNSAT (1.004 seconds)
13.88/13.95	['concat', 'substr', 'add']: UNSAT (0.216 seconds)
14.13/14.16	['concat', 'substr', 'sub']: UNSAT (0.205 seconds)
14.28/14.37	['concat', 'add', 'add']: UNSAT (0.066 seconds)
14.38/14.43	['concat', 'add', 'sub']: UNSAT (0.065 seconds)
14.48/14.50	['concat', 'sub', 'sub']: UNSAT (0.063 seconds)
14.48/14.57	['index', 'index', 'index']: UNSAT (0.093 seconds)
14.58/14.66	['index', 'index', 'length']: UNSAT (0.070 seconds)
14.68/14.73	['index', 'index', 'substr']: UNSAT (56.998 seconds)
71.68/71.73	['index', 'index', 'add']: UNSAT (0.087 seconds)
71.78/71.82	['index', 'index', 'sub']: UNSAT (0.083 seconds)
71.88/71.90	['index', 'length', 'length']: UNSAT (0.056 seconds)
71.88/71.96	['index', 'length', 'substr']: UNSAT (0.266 seconds)
72.18/72.23	['index', 'length', 'add']: UNSAT (0.064 seconds)
72.18/72.29	['index', 'length', 'sub']: UNSAT (0.065 seconds)
72.28/72.36	['index', 'substr', 'substr']: UNSAT (1.043 seconds)
73.38/73.40	['index', 'substr', 'add']: UNSAT (0.284 seconds)
73.58/73.69	['index', 'substr', 'sub']: UNSAT (0.337 seconds)
73.88/74.02	['index', 'add', 'add']: UNSAT (0.078 seconds)
74.00/74.10	['index', 'add', 'sub']: UNSAT (0.080 seconds)
74.12/74.18	['index', 'sub', 'sub']: UNSAT (0.078 seconds)
74.18/74.26	['length', 'length', 'length']: UNSAT (0.043 seconds)
74.28/74.31	['length', 'length', 'substr']: UNSAT (0.074 seconds)
74.28/74.38	['length', 'length', 'add']: UNSAT (0.051 seconds)
74.38/74.43	['length', 'length', 'sub']: UNSAT (0.048 seconds)
74.38/74.48	['length', 'substr', 'substr']: UNSAT (0.248 seconds)
74.68/74.73	['length', 'substr', 'add']: UNSAT (0.094 seconds)
74.78/74.83	['length', 'substr', 'sub']: UNSAT (0.103 seconds)
74.88/74.93	['length', 'add', 'add']: UNSAT (0.083 seconds)
74.88/75.02	['length', 'add', 'sub']: UNSAT (0.091 seconds)
75.00/75.11	['length', 'sub', 'sub']: UNSAT (0.058 seconds)
75.13/75.17	['substr', 'substr', 'substr']: UNSAT (0.282 seconds)
75.38/75.45	['substr', 'substr', 'add']: UNSAT (0.233 seconds)
75.58/75.68	['substr', 'substr', 'sub']: UNSAT (0.227 seconds)
75.88/75.91	['substr', 'add', 'add']: UNSAT (0.195 seconds)
76.00/76.11	['substr', 'add', 'sub']: UNSAT (0.122 seconds)
76.18/76.23	['substr', 'sub', 'sub']: UNSAT (0.142 seconds)
76.28/76.37	['add', 'add', 'add']: UNSAT (0.076 seconds)
76.38/76.45	['add', 'add', 'sub']: UNSAT (0.077 seconds)
76.48/76.53	['add', 'sub', 'sub']: UNSAT (0.073 seconds)
76.58/76.61	['sub', 'sub', 'sub']: UNSAT (0.074 seconds)
76.58/76.68	['concat', 'concat', 'concat', 'concat']: UNSAT (0.322 seconds)
76.88/77.00	['concat', 'concat', 'concat', 'index']: UNSAT (0.121 seconds)
77.00/77.13	['concat', 'concat', 'concat', 'length']: UNSAT (0.100 seconds)
77.18/77.23	['concat', 'concat', 'concat', 'substr']: UNKNOWN (354.234 seconds)
431.37/431.46	Reason: smt tactic failed to show goal to be sat/unsat max-conflicts-reached
431.37/431.46	Reason: smt tactic failed to show goal to be sat/unsat max-conflicts-reached
431.37/431.46	['concat', 'concat', 'concat', 'add']: UNSAT (0.102 seconds)
431.47/431.56	['concat', 'concat', 'concat', 'sub']: UNSAT (0.099 seconds)
431.57/431.67	['concat', 'concat', 'index', 'index']: UNSAT (0.189 seconds)
431.78/431.86	['concat', 'concat', 'index', 'length']: UNSAT (0.126 seconds)
431.88/431.98	['concat', 'concat', 'index', 'substr']: UNSAT (110.925 seconds)
542.87/542.91	['concat', 'concat', 'index', 'add']: UNSAT (0.103 seconds)
542.87/543.01	['concat', 'concat', 'index', 'sub']: UNSAT (0.107 seconds)
542.98/543.12	['concat', 'concat', 'length', 'length']: UNSAT (0.084 seconds)
543.17/543.21	['concat', 'concat', 'length', 'substr']: UNSAT (2.064 seconds)
545.17/545.27	['concat', 'concat', 'length', 'add']: UNSAT (0.084 seconds)
545.29/545.36	['concat', 'concat', 'length', 'sub']: UNSAT (0.086 seconds)
545.38/545.44	['concat', 'concat', 'substr', 'substr']: 