0.14/0.20	=== Examples (../../dataset/examples/examples-91.json)
0.14/0.20	IO(inputs=('George',), output='george')
0.14/0.20	IO(inputs=('Maebe',), output='maebe')
0.14/0.20	IO(inputs=('Michael',), output='michael')
0.14/0.20	=== Library
0.14/0.20	concat
0.14/0.20	index
0.14/0.20	length
0.14/0.20	substr
0.14/0.20	add
0.14/0.20	sub
0.14/0.20	=== Synthesis
0.14/0.20	['concat']: UNSAT (0.034 seconds)
0.14/0.24	['index']: UNSAT (0.035 seconds)
0.14/0.27	['length']: UNSAT (0.023 seconds)
0.14/0.30	['substr']: UNSAT (0.039 seconds)
0.14/0.34	['add']: UNSAT (0.029 seconds)
0.14/0.37	['sub']: UNSAT (0.029 seconds)
0.34/0.40	['concat', 'concat']: UNSAT (0.060 seconds)
0.34/0.46	['concat', 'index']: UNSAT (0.061 seconds)
0.44/0.52	['concat', 'length']: UNSAT (0.044 seconds)
0.44/0.57	['concat', 'substr']: UNSAT (0.184 seconds)
0.74/0.75	['concat', 'add']: UNSAT (0.039 seconds)
0.74/0.79	['concat', 'sub']: UNSAT (0.041 seconds)
0.79/0.83	['index', 'index']: UNSAT (0.056 seconds)
0.79/0.89	['index', 'length']: UNSAT (0.043 seconds)
0.89/0.93	['index', 'substr']: UNSAT (0.058 seconds)
0.89/0.99	['index', 'add']: UNSAT (0.048 seconds)
0.99/1.04	['index', 'sub']: UNSAT (0.045 seconds)
0.99/1.09	['length', 'length']: UNSAT (0.028 seconds)
0.99/1.12	['length', 'substr']: UNSAT (0.043 seconds)
0.99/1.16	['length', 'add']: UNSAT (0.033 seconds)
1.14/1.20	['length', 'sub']: UNSAT (0.032 seconds)
1.14/1.23	['substr', 'substr']: UNSAT (0.058 seconds)
1.14/1.29	['substr', 'add']: UNSAT (0.049 seconds)
1.29/1.34	['substr', 'sub']: UNSAT (0.049 seconds)
1.29/1.39	['add', 'add']: UNSAT (0.044 seconds)
1.39/1.43	['add', 'sub']: UNSAT (0.041 seconds)
1.39/1.47	['sub', 'sub']: UNSAT (0.041 seconds)
1.49/1.51	['concat', 'concat', 'concat']: UNSAT (0.128 seconds)
1.59/1.64	['concat', 'concat', 'index']: UNSAT (0.075 seconds)
1.69/1.72	['concat', 'concat', 'length']: UNSAT (0.059 seconds)
1.69/1.78	['concat', 'concat', 'substr']: UNSAT (4.316 seconds)
6.09/6.10	['concat', 'concat', 'add']: UNSAT (0.062 seconds)
6.09/6.16	['concat', 'concat', 'sub']: UNSAT (0.062 seconds)
6.09/6.22	['concat', 'index', 'index']: UNSAT (0.084 seconds)
6.22/6.31	['concat', 'index', 'length']: UNSAT (0.064 seconds)
6.36/6.37	['concat', 'index', 'substr']: UNSAT (1.511 seconds)
7.79/7.89	['concat', 'index', 'add']: UNSAT (0.068 seconds)
7.89/7.95	['concat', 'index', 'sub']: UNSAT (0.070 seconds)
7.99/8.03	['concat', 'length', 'length']: UNSAT (0.050 seconds)
7.99/8.08	['concat', 'length', 'substr']: UNSAT (0.516 seconds)
8.49/8.59	['concat', 'length', 'add']: UNSAT (0.052 seconds)
8.59/8.65	['concat', 'length', 'sub']: UNSAT (0.052 seconds)
8.69/8.70	['concat', 'substr', 'substr']: UNSAT (1.268 seconds)
9.89/9.97	['concat', 'substr', 'add']: UNSAT (0.327 seconds)
10.22/10.30	['concat', 'substr', 'sub']: UNSAT (0.258 seconds)
10.49/10.55	['concat', 'add', 'add']: UNSAT (0.061 seconds)
10.59/10.62	['concat', 'add', 'sub']: UNSAT (0.059 seconds)
10.59/10.68	['concat', 'sub', 'sub']: UNSAT (0.059 seconds)
10.69/10.74	['index', 'index', 'index']: UNSAT (0.085 seconds)
10.79/10.82	['index', 'index', 'length']: UNSAT (0.067 seconds)
10.79/10.89	['index', 'index', 'substr']: UNSAT (0.093 seconds)
10.89/10.98	['index', 'index', 'add']: UNSAT (0.078 seconds)
10.99/11.06	['index', 'index', 'sub']: UNSAT (0.082 seconds)
11.09/11.15	['index', 'length', 'length']: UNSAT (0.055 seconds)
11.09/11.20	['index', 'length', 'substr']: UNSAT (0.081 seconds)
11.22/11.28	['index', 'length', 'add']: UNSAT (0.062 seconds)
11.22/11.35	['index', 'length', 'sub']: UNSAT (0.062 seconds)
11.39/11.41	['index', 'substr', 'substr']: UNSAT (0.132 seconds)
11.49/11.54	['index', 'substr', 'add']: UNSAT (0.090 seconds)
11.59/11.63	['index', 'substr', 'sub']: UNSAT (0.084 seconds)
11.69/11.72	['index', 'add', 'add']: UNSAT (0.070 seconds)
11.69/11.79	['index', 'add', 'sub']: UNSAT (0.071 seconds)
11.79/11.86	['index', 'sub', 'sub']: UNSAT (0.070 seconds)
11.89/11.93	['length', 'length', 'length']: UNSAT (0.036 seconds)
11.89/11.97	['length', 'length', 'substr']: UNSAT (0.054 seconds)
11.99/12.02	['length', 'length', 'add']: UNSAT (0.043 seconds)
11.99/12.07	['length', 'length', 'sub']: UNSAT (0.046 seconds)
12.09/12.12	['length', 'substr', 'substr']: UNSAT (0.084 seconds)
12.09/12.20	['length', 'substr', 'add']: UNSAT (0.067 seconds)
12.21/12.27	['length', 'substr', 'sub']: UNSAT (0.069 seconds)
12.32/12.34	['length', 'add', 'add']: UNSAT (0.056 seconds)
12.32/12.40	['length', 'add', 'sub']: UNSAT (0.057 seconds)
12.39/12.45	['length', 'sub', 'sub']: UNSAT (0.055 seconds)
12.49/12.51	['substr', 'substr', 'substr']: UNSAT (0.103 seconds)
12.59/12.61	['substr', 'substr', 'add']: UNSAT (0.085 seconds)
12.69/12.70	['substr', 'substr', 'sub']: UNSAT (0.083 seconds)
12.69/12.78	['substr', 'add', 'add']: UNSAT (0.075 seconds)
12.79/12.86	['substr', 'add', 'sub']: UNSAT (0.075 seconds)
12.89/12.94	['substr', 'sub', 'sub']: UNSAT (0.074 seconds)
12.99/13.01	['add', 'add', 'add']: UNSAT (0.068 seconds)
12.99/13.08	['add', 'add', 'sub']: UNSAT (0.070 seconds)
13.09/13.15	['add', 'sub', 'sub']: UNSAT (0.070 seconds)
13.09/13.22	['sub', 'sub', 'sub']: UNSAT (0.069 seconds)
13.21/13.29	['concat', 'concat', 'concat', 'concat']: UNSAT (2.128 seconds)
15.39/15.42	['concat', 'concat', 'concat', 'index']: UNSAT (0.109 seconds)
15.49/15.53	['concat', 'concat', 'concat', 'length']: UNSAT (0.092 seconds)
15.59/15.62	['concat', 'concat', 'concat', 'substr']: UNKNOWN (259.456 seconds)
274.98/275.08	Reason: smt tactic failed to show goal to be sat/unsat max-conflicts-reached
274.98/275.08	Reason: smt tactic failed to show goal to be sat/unsat max-conflicts-reached
274.98/275.08	['concat', 'concat', 'concat', 'add']: UNSAT (0.101 seconds)
275.08/275.18	['concat', 'concat', 'concat', 'sub']: UNSAT (0.102 seconds)
275.21/275.29	['concat', 'concat', 'index', 'index']: UNSAT (0.144 seconds)
275.38/275.43	['concat', 'concat', 'index', 'length']: UNSAT (0.104 seconds)
275.48/275.54	['concat', 'concat', 'index', 'substr']: UNSAT (78.819 seconds)
354.31/354.36	['concat', 'concat', 'index', 'add']: UNSAT (0.106 seconds)
354.38/354.46	['concat', 'concat', 'index', 'sub']: UNSAT (0.102 seconds)
354.48/354.57	['concat', 'concat', 'length', 'length']: UNSAT (0.077 seconds)
354.58/354.65	['concat', 'concat', 'length', 'substr']: UNSAT (59.353 seconds)
413.98/414.00	['concat', 'concat', 'length', 'add']: UNSAT (0.081 seconds)
413.98/414.08	['concat', 'concat', 'length', 'sub']: UNSAT (0.080 seconds)
414.08/414.16	['concat', 'concat', 'substr', 'substr']: SAT (32.633 seconds)
446.78/446.80	concat(substr(concat(substr(arg0, 1, 8), '\\x00\\x00mgm'), 8, 1), substr(arg0, 1, 8))
