0.00/0.19	=== Examples (../../dataset/examples/examples-85.json)
0.00/0.19	IO(inputs=('aenean aliquam turpis duis.',), output='Aenean aliquam turpi')
0.00/0.19	IO(inputs=('curabitur euismod volutpat.',), output='Curabitur euismod vo')
0.00/0.19	IO(inputs=('proin pulvinar ornare amet.',), output='Proin pulvinar ornar')
0.00/0.19	=== Library
0.00/0.19	concat
0.00/0.19	index
0.00/0.19	length
0.00/0.19	substr
0.00/0.19	add
0.00/0.19	sub
0.00/0.19	=== Synthesis
0.00/0.19	['concat']: UNSAT (0.035 seconds)
0.00/0.23	['index']: UNSAT (0.035 seconds)
0.00/0.27	['length']: UNSAT (0.023 seconds)
0.00/0.29	['substr']: UNSAT (0.079 seconds)
0.00/0.37	['add']: UNSAT (0.029 seconds)
0.00/0.40	['sub']: UNSAT (0.029 seconds)
0.00/0.43	['concat', 'concat']: UNSAT (0.063 seconds)
0.29/0.49	['concat', 'index']: UNSAT (0.058 seconds)
0.29/0.55	['concat', 'length']: UNSAT (0.037 seconds)
0.29/0.59	['concat', 'substr']: UNSAT (0.952 seconds)
1.50/1.54	['concat', 'add']: UNSAT (0.039 seconds)
1.50/1.59	['concat', 'sub']: UNSAT (0.041 seconds)
1.59/1.63	['index', 'index']: UNSAT (0.055 seconds)
1.59/1.68	['index', 'length']: UNSAT (0.039 seconds)
1.69/1.72	['index', 'substr']: UNSAT (0.308 seconds)
1.97/2.03	['index', 'add']: UNSAT (0.047 seconds)
1.97/2.08	['index', 'sub']: UNSAT (0.049 seconds)
2.10/2.13	['length', 'length']: UNSAT (0.035 seconds)
2.10/2.17	['length', 'substr']: UNSAT (0.187 seconds)
2.29/2.35	['length', 'add']: UNSAT (0.032 seconds)
2.29/2.39	['length', 'sub']: UNSAT (0.033 seconds)
2.39/2.42	['substr', 'substr']: UNSAT (0.208 seconds)
2.59/2.63	['substr', 'add']: UNSAT (0.095 seconds)
2.69/2.73	['substr', 'sub']: UNSAT (0.108 seconds)
2.79/2.84	['add', 'add']: UNSAT (0.042 seconds)
2.79/2.88	['add', 'sub']: UNSAT (0.046 seconds)
2.89/2.92	['sub', 'sub']: UNSAT (0.043 seconds)
2.89/2.97	['concat', 'concat', 'concat']: UNSAT (0.182 seconds)
3.07/3.15	['concat', 'concat', 'index']: UNSAT (0.083 seconds)
3.07/3.24	['concat', 'concat', 'length']: UNSAT (0.060 seconds)
3.29/3.30	['concat', 'concat', 'substr']: UNSAT (41.233 seconds)
44.49/44.53	['concat', 'concat', 'add']: UNSAT (0.120 seconds)
44.59/44.65	['concat', 'concat', 'sub']: UNSAT (0.083 seconds)
44.69/44.74	['concat', 'index', 'index']: UNSAT (0.108 seconds)
44.79/44.85	['concat', 'index', 'length']: UNSAT (0.086 seconds)
44.89/44.93	['concat', 'index', 'substr']: UNSAT (4.111 seconds)
48.99/49.05	['concat', 'index', 'add']: UNSAT (0.081 seconds)
49.09/49.13	['concat', 'index', 'sub']: UNSAT (0.088 seconds)
49.18/49.22	['concat', 'length', 'length']: UNSAT (0.056 seconds)
49.18/49.28	['concat', 'length', 'substr']: UNSAT (1.983 seconds)
51.19/51.26	['concat', 'length', 'add']: UNSAT (0.061 seconds)
51.29/51.32	['concat', 'length', 'sub']: UNSAT (0.059 seconds)
51.29/51.38	['concat', 'substr', 'substr']: UNSAT (13.499 seconds)
64.79/64.88	['concat', 'substr', 'add']: UNSAT (1.426 seconds)
66.29/66.31	['concat', 'substr', 'sub']: UNSAT (1.682 seconds)
67.79/67.99	['concat', 'add', 'add']: UNSAT (0.067 seconds)
67.79/68.06	['concat', 'add', 'sub']: UNSAT (0.068 seconds)
68.00/68.13	['concat', 'sub', 'sub']: UNSAT (0.066 seconds)
68.19/68.20	['index', 'index', 'index']: UNSAT (0.098 seconds)
68.19/68.29	['index', 'index', 'length']: UNSAT (0.079 seconds)
68.29/68.37	['index', 'index', 'substr']: UNSAT (0.403 seconds)
68.69/68.78	['index', 'index', 'add']: UNSAT (0.085 seconds)
68.79/68.86	['index', 'index', 'sub']: UNSAT (0.083 seconds)
68.89/68.95	['index', 'length', 'length']: UNSAT (0.058 seconds)
68.99/69.01	['index', 'length', 'substr']: UNSAT (0.285 seconds)
69.11/69.29	['index', 'length', 'add']: UNSAT (0.066 seconds)
69.29/69.36	['index', 'length', 'sub']: UNSAT (0.067 seconds)
69.38/69.43	['index', 'substr', 'substr']: UNSAT (2.262 seconds)
71.58/71.69	['index', 'substr', 'add']: UNSAT (0.874 seconds)
72.45/72.57	['index', 'substr', 'sub']: UNSAT (0.562 seconds)
73.08/73.13	['index', 'add', 'add']: UNSAT (0.079 seconds)
73.18/73.21	['index', 'add', 'sub']: UNSAT (0.078 seconds)
73.18/73.29	['index', 'sub', 'sub']: UNSAT (0.080 seconds)
73.28/73.37	['length', 'length', 'length']: UNSAT (0.040 seconds)
73.38/73.41	['length', 'length', 'substr']: UNSAT (0.077 seconds)
73.38/73.49	['length', 'length', 'add']: UNSAT (0.048 seconds)
73.38/73.54	['length', 'length', 'sub']: UNSAT (0.046 seconds)
73.38/73.58	['length', 'substr', 'substr']: UNSAT (0.597 seconds)
74.08/74.18	['length', 'substr', 'add']: UNSAT (0.193 seconds)
74.28/74.38	['length', 'substr', 'sub']: UNSAT (0.239 seconds)
74.48/74.62	['length', 'add', 'add']: UNSAT (0.062 seconds)
74.48/74.68	['length', 'add', 'sub']: UNSAT (0.060 seconds)
74.65/74.74	['length', 'sub', 'sub']: UNSAT (0.063 seconds)
74.65/74.80	['substr', 'substr', 'substr']: UNSAT (0.849 seconds)
75.58/75.65	['substr', 'substr', 'add']: UNSAT (0.546 seconds)
76.18/76.20	['substr', 'substr', 'sub']: UNSAT (0.520 seconds)
76.68/76.72	['substr', 'add', 'add']: UNSAT (0.190 seconds)
76.68/76.91	['substr', 'add', 'sub']: UNSAT (0.199 seconds)
77.09/77.11	['substr', 'sub', 'sub']: UNSAT (0.192 seconds)
77.29/77.31	['add', 'add', 'add']: UNSAT (0.090 seconds)
77.39/77.40	['add', 'add', 'sub']: UNSAT (0.089 seconds)
77.39/77.49	['add', 'sub', 'sub']: UNSAT (0.089 seconds)
77.49/77.58	['sub', 'sub', 'sub']: UNSAT (0.089 seconds)
77.59/77.67	['concat', 'concat', 'concat', 'concat']: UNSAT (0.344 seconds)
77.79/78.01	['concat', 'concat', 'concat', 'index']: UNSAT (0.126 seconds)
77.97/78.14	['concat', 'concat', 'concat', 'length']: UNSAT (0.098 seconds)
78.19/78.24	['concat', 'concat', 'concat', 'substr']: UNKNOWN (284.408 seconds)
362.57/362.65	Reason: smt tactic failed to show goal to be sat/unsat max-conflicts-reached
362.57/362.65	Reason: smt tactic failed to show goal to be sat/unsat max-conflicts-reached
362.57/362.65	['concat', 'concat', 'concat', 'add']: UNSAT (0.100 seconds)
362.67/362.75	['concat', 'concat', 'concat', 'sub']: UNSAT (0.100 seconds)
362.77/362.85	['concat', 'concat', 'index', 'index']: UNSAT (0.141 seconds)
362.88/362.99	['concat', 'concat', 'index', 'length']: UNSAT (0.104 seconds)
362.98/363.10	['concat', 'concat', 'index', 'substr']: UNKNOWN (75.641 seconds)
438.67/438.74	Reason: smt tactic failed to show goal to be sat/unsat max-conflicts-reached
438.67/438.74	Reason: smt tactic failed to show goal to be sat/unsat max-conflicts-reached
438.67/438.74	['concat', 'concat', 'index', 'add']: UNSAT (0.111 seconds)
438.77/438.85	['concat', 'concat', 'index', 'sub']: UNSAT (0.109 seconds)
438.87/438.96	['concat', 'concat', 'length', 'length']: UNSAT (0.084 seconds)
438.97/439.05	['concat', 'concat', 'length', 'substr']: UNSAT (61.957 seconds)
500.97/501.01	['concat', 'concat', 'length', 'add']: UNSAT (0.085 seconds)
500.97/501.09	['concat', 'concat', 'length', 'sub']: UNSAT (0.087 seconds)
501.07/501.18	['concat', 'concat', 'substr', 'substr']: 