0.12/0.18	=== Examples (../../dataset/examples/examples-77.json)
0.12/0.18	IO(inputs=('George Michael',), output='Michael')
0.12/0.18	IO(inputs=('Michael Bluth',), output='Bluth')
0.12/0.18	IO(inputs=('Maebe Bluth',), output='Bluth')
0.12/0.18	=== Library
0.12/0.18	concat
0.12/0.18	index
0.12/0.18	length
0.12/0.18	substr
0.12/0.18	add
0.12/0.18	sub
0.12/0.18	=== Synthesis
0.12/0.18	['concat']: UNSAT (0.027 seconds)
0.12/0.20	['index']: UNSAT (0.028 seconds)
0.12/0.23	['length']: UNSAT (0.019 seconds)
0.12/0.25	['substr']: UNSAT (0.032 seconds)
0.26/0.29	['add']: UNSAT (0.024 seconds)
0.26/0.31	['sub']: UNSAT (0.023 seconds)
0.26/0.33	['concat', 'concat']: UNSAT (0.050 seconds)
0.37/0.39	['concat', 'index']: UNSAT (0.049 seconds)
0.37/0.44	['concat', 'length']: UNSAT (0.036 seconds)
0.37/0.47	['concat', 'substr']: UNSAT (0.100 seconds)
0.56/0.57	['concat', 'add']: UNSAT (0.039 seconds)
0.56/0.61	['concat', 'sub']: UNSAT (0.038 seconds)
0.62/0.65	['index', 'index']: UNSAT (0.055 seconds)
0.69/0.71	['index', 'length']: UNSAT (0.038 seconds)
0.69/0.75	['index', 'substr']: UNSAT (20.912 seconds)
21.58/21.66	['index', 'add']: UNSAT (0.052 seconds)
21.69/21.71	['index', 'sub']: UNSAT (0.050 seconds)
21.69/21.76	['length', 'length']: UNSAT (0.028 seconds)
21.69/21.79	['length', 'substr']: UNSAT (0.055 seconds)
21.79/21.85	['length', 'add']: UNSAT (0.035 seconds)
21.79/21.89	['length', 'sub']: UNSAT (0.034 seconds)
21.89/21.92	['substr', 'substr']: UNSAT (0.076 seconds)
21.99/22.00	['substr', 'add']: UNSAT (0.068 seconds)
21.99/22.07	['substr', 'sub']: UNSAT (0.063 seconds)
22.11/22.13	['add', 'add']: UNSAT (0.046 seconds)
22.11/22.18	['add', 'sub']: UNSAT (0.046 seconds)
22.11/22.22	['sub', 'sub']: UNSAT (0.047 seconds)
22.22/22.27	['concat', 'concat', 'concat']: UNSAT (0.137 seconds)
22.39/22.41	['concat', 'concat', 'index']: UNSAT (0.083 seconds)
22.39/22.49	['concat', 'concat', 'length']: UNSAT (0.095 seconds)
22.49/22.59	['concat', 'concat', 'substr']: UNSAT (0.948 seconds)
23.49/23.54	['concat', 'concat', 'add']: UNSAT (0.083 seconds)
23.59/23.62	['concat', 'concat', 'sub']: UNSAT (0.069 seconds)
23.59/23.69	['concat', 'index', 'index']: UNSAT (0.091 seconds)
23.68/23.79	['concat', 'index', 'length']: UNSAT (0.071 seconds)
23.78/23.86	['concat', 'index', 'substr']: UNKNOWN (191.163 seconds)
214.98/215.02	Reason: smt tactic failed to show goal to be sat/unsat max-conflicts-reached
214.98/215.02	Reason: smt tactic failed to show goal to be sat/unsat max-conflicts-reached
214.98/215.02	['concat', 'index', 'add']: UNSAT (0.091 seconds)
215.08/215.11	['concat', 'index', 'sub']: UNSAT (0.089 seconds)
215.08/215.20	['concat', 'length', 'length']: UNSAT (0.061 seconds)
215.21/215.27	['concat', 'length', 'substr']: UNSAT (0.314 seconds)
215.48/215.58	['concat', 'length', 'add']: UNSAT (0.066 seconds)
215.58/215.65	['concat', 'length', 'sub']: UNSAT (0.058 seconds)
215.68/215.71	['concat', 'substr', 'substr']: UNSAT (0.691 seconds)
216.38/216.40	['concat', 'substr', 'add']: UNSAT (0.152 seconds)
216.48/216.55	['concat', 'substr', 'sub']: UNSAT (0.169 seconds)
216.68/216.72	['concat', 'add', 'add']: UNSAT (0.065 seconds)
216.68/216.79	['concat', 'add', 'sub']: UNSAT (0.067 seconds)
216.78/216.86	['concat', 'sub', 'sub']: UNSAT (0.066 seconds)
216.88/216.92	['index', 'index', 'index']: UNSAT (0.098 seconds)
216.98/217.02	['index', 'index', 'length']: UNSAT (0.075 seconds)
217.08/217.10	['index', 'index', 'substr']: 