0.11/0.19	=== Examples (../../dataset/examples/examples-93.json)
0.11/0.19	IO(inputs=('no - he said',), output='he said')
0.11/0.19	IO(inputs=('but but why - she said',), output='she said')
0.11/0.19	IO(inputs=('well, because i say so - he said   ',), output='he said')
0.11/0.19	=== Library
0.11/0.19	concat
0.11/0.19	index
0.11/0.19	length
0.11/0.19	substr
0.11/0.19	add
0.11/0.19	sub
0.11/0.19	=== Synthesis
0.11/0.19	['concat']: UNSAT (0.034 seconds)
0.11/0.22	['index']: UNSAT (0.034 seconds)
0.11/0.26	['length']: UNSAT (0.023 seconds)
0.24/0.28	['substr']: UNSAT (0.039 seconds)
0.24/0.32	['add']: UNSAT (0.029 seconds)
0.24/0.35	['sub']: UNSAT (0.029 seconds)
0.34/0.38	['concat', 'concat']: UNSAT (0.063 seconds)
0.34/0.45	['concat', 'index']: UNSAT (0.061 seconds)
0.44/0.51	['concat', 'length']: UNSAT (0.044 seconds)
0.44/0.55	['concat', 'substr']: UNSAT (0.138 seconds)
0.62/0.69	['concat', 'add']: UNSAT (0.035 seconds)
0.69/0.73	['concat', 'sub']: UNSAT (0.035 seconds)
0.69/0.76	['index', 'index']: UNSAT (0.049 seconds)
0.78/0.81	['index', 'length']: UNSAT (0.035 seconds)
0.78/0.85	['index', 'substr']: UNSAT (0.195 seconds)
1.00/1.04	['index', 'add']: UNSAT (0.042 seconds)
1.00/1.09	['index', 'sub']: UNSAT (0.041 seconds)
1.00/1.13	['length', 'length']: UNSAT (0.023 seconds)
1.13/1.15	['length', 'substr']: UNSAT (0.044 seconds)
1.18/1.20	['length', 'add']: UNSAT (0.028 seconds)
1.18/1.23	['length', 'sub']: UNSAT (0.028 seconds)
1.18/1.25	['substr', 'substr']: UNSAT (0.070 seconds)
1.28/1.33	['substr', 'add']: UNSAT (0.054 seconds)
1.28/1.38	['substr', 'sub']: UNSAT (0.051 seconds)
1.38/1.43	['add', 'add']: UNSAT (0.038 seconds)
1.38/1.47	['add', 'sub']: UNSAT (0.038 seconds)
1.49/1.51	['sub', 'sub']: UNSAT (0.038 seconds)
1.49/1.55	['concat', 'concat', 'concat']: UNSAT (0.132 seconds)
1.59/1.68	['concat', 'concat', 'index']: UNSAT (0.069 seconds)
1.69/1.75	['concat', 'concat', 'length']: UNSAT (0.053 seconds)
1.79/1.81	['concat', 'concat', 'substr']: UNSAT (0.377 seconds)
2.12/2.18	['concat', 'concat', 'add']: UNSAT (0.055 seconds)
2.19/2.24	['concat', 'concat', 'sub']: UNSAT (0.054 seconds)
2.19/2.30	['concat', 'index', 'index']: UNSAT (0.074 seconds)
2.29/2.37	['concat', 'index', 'length']: UNSAT (0.057 seconds)
2.39/2.43	['concat', 'index', 'substr']: UNSAT (150.809 seconds)
153.15/153.24	['concat', 'index', 'add']: UNSAT (0.069 seconds)
153.25/153.31	['concat', 'index', 'sub']: UNSAT (0.068 seconds)
153.25/153.38	['concat', 'length', 'length']: UNSAT (0.047 seconds)
153.35/153.42	['concat', 'length', 'substr']: UNSAT (0.183 seconds)
153.55/153.61	['concat', 'length', 'add']: UNSAT (0.075 seconds)
153.55/153.69	['concat', 'length', 'sub']: UNSAT (0.064 seconds)
153.65/153.75	['concat', 'substr', 'substr']: UNSAT (0.451 seconds)
154.15/154.20	['concat', 'substr', 'add']: UNSAT (0.125 seconds)
154.25/154.33	['concat', 'substr', 'sub']: UNSAT (0.123 seconds)
154.35/154.45	['concat', 'add', 'add']: UNSAT (0.068 seconds)
154.45/154.52	['concat', 'add', 'sub']: UNSAT (0.083 seconds)
154.55/154.61	['concat', 'sub', 'sub']: UNSAT (0.055 seconds)
154.55/154.66	['index', 'index', 'index']: UNSAT (0.079 seconds)
154.65/154.74	['index', 'index', 'length']: UNSAT (0.062 seconds)
154.75/154.80	['index', 'index', 'substr']: UNKNOWN (251.375 seconds)
406.09/406.18	Reason: smt tactic failed to show goal to be sat/unsat max-conflicts-reached
406.09/406.18	Reason: smt tactic failed to show goal to be sat/unsat max-conflicts-reached
406.09/406.18	['index', 'index', 'add']: UNSAT (0.073 seconds)
406.14/406.26	['index', 'index', 'sub']: UNSAT (0.072 seconds)
406.24/406.33	['index', 'length', 'length']: UNSAT (0.047 seconds)
406.24/406.38	['index', 'length', 'substr']: UNSAT (0.245 seconds)
406.54/406.62	['index', 'length', 'add']: UNSAT (0.056 seconds)
406.54/406.68	['index', 'length', 'sub']: UNSAT (0.057 seconds)
406.64/406.74	['index', 'substr', 'substr']: SAT (57.851 seconds)
464.44/464.59	substr(substr(arg0, 2, 30), index(arg0, '-', 2), 30)
