0.00/0.26	=== Examples (../../dataset/examples/examples-49.json)
0.00/0.26	IO(inputs=('john', 'doe'), output='JOHN DOE')
0.00/0.26	IO(inputs=('jane', 'smith'), output='JANE SMITH')
0.00/0.26	IO(inputs=('michael', 'scott'), output='MICHAEL SCOTT')
0.00/0.26	=== Library
0.00/0.26	concat
0.00/0.26	index
0.00/0.26	length
0.00/0.26	substr
0.00/0.26	add
0.00/0.26	sub
0.00/0.26	=== Synthesis
0.00/0.26	['concat']: UNSAT (0.057 seconds)
0.00/0.32	['index']: UNSAT (0.059 seconds)
0.00/0.38	['length']: UNSAT (0.037 seconds)
0.27/0.42	['substr']: UNSAT (0.058 seconds)
0.27/0.48	['add']: UNSAT (0.046 seconds)
0.27/0.53	['sub']: UNSAT (0.047 seconds)
0.27/0.58	['concat', 'concat']: UNSAT (0.105 seconds)
0.27/0.69	['concat', 'index']: UNSAT (0.097 seconds)
0.62/0.78	['concat', 'length']: UNSAT (0.073 seconds)
0.62/0.86	['concat', 'substr']: UNSAT (0.105 seconds)
0.62/0.96	['concat', 'add']: UNSAT (0.084 seconds)
0.62/1.05	['concat', 'sub']: UNSAT (0.065 seconds)
0.97/1.12	['index', 'index']: UNSAT (0.076 seconds)
0.97/1.19	['index', 'length']: UNSAT (0.053 seconds)
0.97/1.25	['index', 'substr']: UNSAT (0.080 seconds)
1.20/1.33	['index', 'add']: UNSAT (0.064 seconds)
1.20/1.39	['index', 'sub']: UNSAT (0.063 seconds)
1.20/1.46	['length', 'length']: UNSAT (0.036 seconds)
1.45/1.50	['length', 'substr']: UNSAT (0.057 seconds)
1.50/1.55	['length', 'add']: UNSAT (0.043 seconds)
1.59/1.60	['length', 'sub']: UNSAT (0.043 seconds)
1.59/1.64	['substr', 'substr']: UNSAT (0.064 seconds)
1.69/1.71	['substr', 'add']: UNSAT (0.052 seconds)
1.69/1.76	['substr', 'sub']: UNSAT (0.050 seconds)
1.79/1.81	['add', 'add']: UNSAT (0.045 seconds)
1.79/1.86	['add', 'sub']: UNSAT (0.049 seconds)
1.79/1.91	['sub', 'sub']: UNSAT (0.047 seconds)
1.79/1.95	['concat', 'concat', 'concat']: UNSAT (0.701 seconds)
2.59/2.66	['concat', 'concat', 'index']: UNSAT (0.085 seconds)
2.69/2.74	['concat', 'concat', 'length']: UNSAT (0.067 seconds)
2.79/2.81	['concat', 'concat', 'substr']: UNSAT (1.575 seconds)
4.35/4.39	['concat', 'concat', 'add']: UNSAT (0.067 seconds)
4.39/4.46	['concat', 'concat', 'sub']: UNSAT (0.066 seconds)
4.49/4.52	['concat', 'index', 'index']: UNSAT (0.089 seconds)
4.59/4.61	['concat', 'index', 'length']: UNSAT (0.069 seconds)
4.59/4.68	['concat', 'index', 'substr']: UNSAT (0.114 seconds)
4.79/4.80	['concat', 'index', 'add']: UNSAT (0.075 seconds)
4.79/4.87	['concat', 'index', 'sub']: UNSAT (0.077 seconds)
4.89/4.95	['concat', 'length', 'length']: UNSAT (0.055 seconds)
4.99/5.01	['concat', 'length', 'substr']: UNSAT (0.096 seconds)
5.09/5.11	['concat', 'length', 'add']: UNSAT (0.057 seconds)
5.09/5.16	['concat', 'length', 'sub']: UNSAT (0.059 seconds)
5.09/5.22	['concat', 'substr', 'substr']: UNSAT (0.112 seconds)
5.09/5.34	['concat', 'substr', 'add']: UNSAT (0.080 seconds)
5.28/5.42	['concat', 'substr', 'sub']: UNSAT (0.080 seconds)
5.49/5.50	['concat', 'add', 'add']: UNSAT (0.065 seconds)
5.49/5.57	['concat', 'add', 'sub']: UNSAT (0.066 seconds)
5.59/5.63	['concat', 'sub', 'sub']: UNSAT (0.066 seconds)
5.69/5.70	['index', 'index', 'index']: UNSAT (0.098 seconds)
5.79/5.80	['index', 'index', 'length']: UNSAT (0.076 seconds)
5.79/5.88	['index', 'index', 'substr']: UNSAT (0.101 seconds)
5.89/5.98	['index', 'index', 'add']: UNSAT (0.087 seconds)
5.99/6.07	['index', 'index', 'sub']: UNSAT (0.088 seconds)
6.09/6.16	['index', 'length', 'length']: UNSAT (0.062 seconds)
6.19/6.22	['index', 'length', 'substr']: UNSAT (0.090 seconds)
6.19/6.31	['index', 'length', 'add']: UNSAT (0.074 seconds)
6.19/6.39	['index', 'length', 'sub']: UNSAT (0.073 seconds)
6.19/6.46	['index', 'substr', 'substr']: UNSAT (0.207 seconds)
6.59/6.67	['index', 'substr', 'add']: UNSAT (0.102 seconds)
6.69/6.77	['index', 'substr', 'sub']: UNSAT (0.099 seconds)
6.79/6.87	['index', 'add', 'add']: UNSAT (0.083 seconds)
6.89/6.96	['index', 'add', 'sub']: UNSAT (0.085 seconds)
6.99/7.04	['index', 'sub', 'sub']: UNSAT (0.085 seconds)
7.09/7.13	['length', 'length', 'length']: UNSAT (0.045 seconds)
7.09/7.17	['length', 'length', 'substr']: UNSAT (0.066 seconds)
7.19/7.24	['length', 'length', 'add']: UNSAT (0.053 seconds)
7.19/7.29	['length', 'length', 'sub']: UNSAT (0.053 seconds)
7.29/7.35	['length', 'substr', 'substr']: UNSAT (0.086 seconds)
7.29/7.44	['length', 'substr', 'add']: UNSAT (0.069 seconds)
7.29/7.51	['length', 'substr', 'sub']: UNSAT (0.075 seconds)
7.52/7.58	['length', 'add', 'add']: UNSAT (0.061 seconds)
7.52/7.64	['length', 'add', 'sub']: UNSAT (0.062 seconds)
7.69/7.71	['length', 'sub', 'sub']: UNSAT (0.062 seconds)
7.69/7.77	['substr', 'substr', 'substr']: UNSAT (0.105 seconds)
7.79/7.88	['substr', 'substr', 'add']: UNSAT (0.094 seconds)
7.89/7.97	['substr', 'substr', 'sub']: UNSAT (0.094 seconds)
7.99/8.07	['substr', 'add', 'add']: UNSAT (0.082 seconds)
8.09/8.15	['substr', 'add', 'sub']: UNSAT (0.085 seconds)
8.19/8.24	['substr', 'sub', 'sub']: UNSAT (0.087 seconds)
8.29/8.32	['add', 'add', 'add']: UNSAT (0.082 seconds)
8.39/8.41	['add', 'add', 'sub']: UNSAT (0.078 seconds)
8.39/8.49	['add', 'sub', 'sub']: UNSAT (0.078 seconds)
8.39/8.57	['sub', 'sub', 'sub']: UNSAT (0.080 seconds)
8.39/8.65	['concat', 'concat', 'concat', 'concat']: UNKNOWN (274.969 seconds)
283.57/283.62	Reason: smt tactic failed to show goal to be sat/unsat max-conflicts-reached
283.57/283.62	Reason: smt tactic failed to show goal to be sat/unsat max-conflicts-reached
283.57/283.62	['concat', 'concat', 'concat', 'index']: UNSAT (0.152 seconds)
283.67/283.77	['concat', 'concat', 'concat', 'length']: UNSAT (0.107 seconds)
283.77/283.88	['concat', 'concat', 'concat', 'substr']: UNKNOWN (163.393 seconds)
447.20/447.27	Reason: smt tactic failed to show goal to be sat/unsat max-conflicts-reached
447.20/447.27	Reason: smt tactic failed to show goal to be sat/unsat max-conflicts-reached
447.20/447.27	['concat', 'concat', 'concat', 'add']: UNSAT (0.107 seconds)
447.26/447.38	['concat', 'concat', 'concat', 'sub']: UNSAT (0.126 seconds)
447.47/447.51	['concat', 'concat', 'index', 'index']: UNSAT (0.180 seconds)
447.57/447.69	['concat', 'concat', 'index', 'length']: UNSAT (0.109 seconds)
447.77/447.80	['concat', 'concat', 'index', 'substr']: UNSAT (8.462 seconds)
456.21/456.27	['concat', 'concat', 'index', 'add']: UNSAT (0.119 seconds)
456.27/456.39	['concat', 'concat', 'index', 'sub']: UNSAT (0.113 seconds)
456.47/456.50	['concat', 'concat', 'length', 'length']: UNSAT (0.093 seconds)
456.47/456.59	['concat', 'concat', 'length', 'substr']: UNSAT (2.916 seconds)
459.47/459.51	['concat', 'concat', 'length', 'add']: UNSAT (0.094 seconds)
459.56/459.61	['concat', 'concat', 'length', 'sub']: UNSAT (0.094 seconds)
459.66/459.70	['concat', 'concat', 'substr', 'substr']: UNSAT (15.958 seconds)
475.57/475.66	['concat', 'concat', 'substr', 'add']: UNSAT (1.798 seconds)
477.38/477.46	['concat', 'concat', 'substr', 'sub']: UNSAT (1.981 seconds)
479.38/479.44	['concat', 'concat', 'add', 'add']: UNSAT (0.102 seconds)
479.47/479.54	['concat', 'concat', 'add', 'sub']: UNSAT (0.097 seconds)
479.57/479.64	['concat', 'concat', 'sub', 'sub']: UNSAT (0.098 seconds)
479.67/479.74	['concat', 'index', 'index', 'index']: UNSAT (0.142 seconds)
479.77/479.88	['concat', 'index', 'index', 'length']: UNSAT (0.119 seconds)
479.97/480.01	['concat', 'index', 'index', 'substr']: UNSAT (0.279 seconds)
480.21/480.29	['concat', 'index', 'index', 'add']: UNSAT (0.129 seconds)
480.38/480.42	['concat', 'index', 'index', 'sub']: UNSAT (0.134 seconds)
480.47/480.55	['concat', 'index', 'length', 'length']: UNSAT (0.093 seconds)
480.57/480.64	['concat', 'index', 'length', 'substr']: UNSAT (0.163 seconds)
480.77/480.81	['concat', 'index', 'length', 'add']: UNSAT (0.103 seconds)
480.87/480.91	['concat', 'index', 'length', 'sub']: UNSAT (0.103 seconds)
480.97/481.02	['concat', 'index', 'substr', 'substr']: UNSAT (0.442 seconds)
481.38/481.46	['concat', 'index', 'substr', 'add']: UNSAT (0.247 seconds)
481.67/481.71	['concat', 'index', 'substr', 'sub']: UNSAT (0.224 seconds)
481.87/481.93	['concat', 'index', 'add', 'add']: UNSAT (0.113 seconds)
481.97/482.05	['concat', 'index', 'add', 'sub']: UNSAT (0.114 seconds)
482.09/482.16	['concat', 'index', 'sub', 'sub']: UNSAT (0.116 seconds)
482.21/482.28	['concat', 'length', 'length', 'length']: UNSAT (0.077 seconds)
482.27/482.36	['concat', 'length', 'length', 'substr']: UNSAT (0.141 seconds)
482.47/482.50	['concat', 'length', 'length', 'add']: UNSAT (0.078 seconds)
482.47/482.58	['concat', 'length', 'length', 'sub']: UNSAT (0.078 seconds)
482.57/482.66	['concat', 'length', 'substr', 'substr']: UNSAT (0.323 seconds)
482.87/482.99	['concat', 'length', 'substr', 'add']: UNSAT (0.150 seconds)
483.09/483.14	['concat', 'length', 'substr', 'sub']: UNSAT (0.157 seconds)
483.21/483.30	['concat', 'length', 'add', 'add']: UNSAT (0.097 seconds)
483.27/483.39	['concat', 'length', 'add', 'sub']: UNSAT (0.089 seconds)
483.37/483.48	['concat', 'length', 'sub', 'sub']: UNSAT (0.088 seconds)
483.47/483.57	['concat', 'substr', 'substr', 'substr']: UNSAT (0.286 seconds)
483.77/483.86	['concat', 'substr', 'substr', 'add']: UNSAT (0.157 seconds)
483.97/484.02	['concat', 'substr', 'substr', 'sub']: UNSAT (0.150 seconds)
484.09/484.17	['concat', 'substr', 'add', 'add']: UNSAT (0.123 seconds)
484.21/484.29	['concat', 'substr', 'add', 'sub']: UNSAT (0.125 seconds)
484.38/484.42	['concat', 'substr', 'sub', 'sub']: UNSAT (0.120 seconds)
484.47/484.54	['concat', 'add', 'add', 'add']: UNSAT (0.107 seconds)
484.57/484.65	['concat', 'add', 'add', 'sub']: UNSAT (0.106 seconds)
484.67/484.76	['concat', 'add', 'sub', 'sub']: UNSAT (0.105 seconds)
484.77/484.86	['concat', 'sub', 'sub', 'sub']: UNSAT (0.108 seconds)
484.87/484.97	['index', 'index', 'index', 'index']: UNSAT (0.155 seconds)
484.97/485.13	['index', 'index', 'index', 'length']: UNSAT (0.127 seconds)
485.21/485.26	['index', 'index', 'index', 'substr']: UNSAT (0.195 seconds)
485.38/485.45	['index', 'index', 'index', 'add']: UNSAT (0.145 seconds)
485.57/485.60	['index', 'index', 'index', 'sub']: UNSAT (0.143 seconds)
485.67/485.74	['index', 'index', 'length', 'length']: UNSAT (0.102 seconds)
485.77/485.85	['index', 'index', 'length', 'substr']: UNSAT (0.144 seconds)
485.87/485.99	['index', 'index', 'length', 'add']: UNSAT (0.112 seconds)
485.97/486.11	['index', 'index', 'length', 'sub']: UNSAT (0.114 seconds)
486.09/486.22	['index', 'index', 'substr', 'substr']: UNSAT (0.247 seconds)
486.37/486.47	['index', 'index', 'substr', 'add']: UNSAT (0.156 seconds)
486.57/486.63	['index', 'index', 'substr', 'sub']: UNSAT (0.155 seconds)
486.67/486.78	['index', 'index', 'add', 'add']: UNSAT (0.133 seconds)
486.87/486.92	['index', 'index', 'add', 'sub']: UNSAT (0.131 seconds)
486.97/487.05	['index', 'index', 'sub', 'sub']: UNSAT (0.134 seconds)
487.09/487.19	['index', 'length', 'length', 'length']: UNSAT (0.079 seconds)
487.21/487.27	['index', 'length', 'length', 'substr']: UNSAT (0.152 seconds)
487.37/487.42	['index', 'length', 'length', 'add']: UNSAT (0.109 seconds)
487.47/487.53	['index', 'length', 'length', 'sub']: UNSAT (0.103 seconds)
487.57/487.63	['index', 'length', 'substr', 'substr']: UNSAT (0.231 seconds)
487.77/487.87	['index', 'length', 'substr', 'add']: UNSAT (0.157 seconds)
487.97/488.02	['index', 'length', 'substr', 'sub']: UNSAT (0.139 seconds)
488.09/488.16	['index', 'length', 'add', 'add']: UNSAT (0.103 seconds)
488.21/488.27	['index', 'length', 'add', 'sub']: UNSAT (0.115 seconds)
488.27/488.38	['index', 'length', 'sub', 'sub']: UNSAT (0.106 seconds)
488.38/488.49	['index', 'substr', 'substr', 'substr']: UNSAT (0.372 seconds)
488.77/488.86	['index', 'substr', 'substr', 'add']: UNSAT (0.352 seconds)
489.09/489.22	['index', 'substr', 'substr', 'sub']: UNSAT (0.205 seconds)
489.38/489.42	['index', 'substr', 'add', 'add']: UNSAT (0.159 seconds)
489.47/489.58	['index', 'substr', 'add', 'sub']: UNSAT (0.156 seconds)
489.67/489.74	['index', 'substr', 'sub', 'sub']: UNSAT (0.159 seconds)
489.87/489.90	['index', 'add', 'add', 'add']: UNSAT (0.125 seconds)
489.97/490.03	['index', 'add', 'add', 'sub']: UNSAT (0.125 seconds)
490.09/490.15	['index', 'add', 'sub', 'sub']: UNSAT (0.127 seconds)
490.21/490.28	['index', 'sub', 'sub', 'sub']: UNSAT (0.129 seconds)
490.37/490.41	['length', 'length', 'length', 'length']: UNSAT (0.063 seconds)
490.37/490.48	['length', 'length', 'length', 'substr']: UNSAT (0.079 seconds)
490.47/490.56	['length', 'length', 'length', 'add']: UNSAT (0.067 seconds)
490.57/490.63	['length', 'length', 'length', 'sub']: UNSAT (0.067 seconds)
490.57/490.69	['length', 'length', 'substr', 'substr']: UNSAT (0.166 seconds)
490.77/490.86	['length', 'length', 'substr', 'add']: UNSAT (0.101 seconds)
490.87/490.96	['length', 'length', 'substr', 'sub']: UNSAT (0.112 seconds)
490.97/491.08	['length', 'length', 'add', 'add']: UNSAT (0.079 seconds)
491.09/491.16	['length', 'length', 'add', 'sub']: UNSAT (0.079 seconds)
491.09/491.24	['length', 'length', 'sub', 'sub']: UNSAT (0.080 seconds)
491.27/491.32	['length', 'substr', 'substr', 'substr']: UNSAT (0.178 seconds)
491.47/491.50	['length', 'substr', 'substr', 'add']: UNSAT (0.125 seconds)
491.57/491.62	['length', 'substr', 'substr', 'sub']: UNSAT (0.126 seconds)
491.67/491.75	['length', 'substr', 'add', 'add']: UNSAT (0.108 seconds)
491.77/491.86	['length', 'substr', 'add', 'sub']: UNSAT (0.106 seconds)
491.87/491.97	['length', 'substr', 'sub', 'sub']: UNSAT (0.110 seconds)
491.97/492.08	['length', 'add', 'add', 'add']: UNSAT (0.096 seconds)
492.09/492.18	['length', 'add', 'add', 'sub']: UNSAT (0.093 seconds)
492.21/492.27	['length', 'add', 'sub', 'sub']: UNSAT (0.097 seconds)
492.27/492.37	['length', 'sub', 'sub', 'sub']: UNSAT (0.095 seconds)
492.38/492.46	['substr', 'substr', 'substr', 'substr']: UNSAT (0.166 seconds)
492.57/492.63	['substr', 'substr', 'substr', 'add']: UNSAT (0.145 seconds)
492.67/492.78	['substr', 'substr', 'substr', 'sub']: UNSAT (0.143 seconds)
492.87/492.92	['substr', 'substr', 'add', 'add']: UNSAT (0.143 seconds)
492.97/493.07	['substr', 'substr', 'add', 'sub']: UNSAT (0.133 seconds)
493.09/493.20	['substr', 'substr', 'sub', 'sub']: UNSAT (0.138 seconds)
493.27/493.34	['substr', 'add', 'add', 'add']: UNSAT (0.125 seconds)
493.37/493.47	['substr', 'add', 'add', 'sub']: UNSAT (0.124 seconds)
493.47/493.59	['substr', 'add', 'sub', 'sub']: UNSAT (0.125 seconds)
493.67/493.72	['substr', 'sub', 'sub', 'sub']: UNSAT (0.124 seconds)
493.77/493.84	['add', 'add', 'add', 'add']: UNSAT (0.119 seconds)
493.87/493.96	['add', 'add', 'add', 'sub']: UNSAT (0.117 seconds)
493.97/494.08	['add', 'add', 'sub', 'sub']: UNSAT (0.118 seconds)
494.09/494.20	['add', 'sub', 'sub', 'sub']: UNSAT (0.119 seconds)
494.27/494.32	['sub', 'sub', 'sub', 'sub']: UNSAT (0.117 seconds)
494.38/494.44	['concat', 'concat', 'concat', 'concat', 'concat']: 