0.12/0.20	=== Examples (../../dataset/examples/examples-31.json)
0.12/0.20	IO(inputs=('john.doe@outsystems.com',), output='john.doe')
0.12/0.20	IO(inputs=('jane.moe@cmu.edu',), output='jane.moe')
0.12/0.20	IO(inputs=('anonymous@tecnico.pt',), output='anonymous')
0.12/0.20	=== Library
0.12/0.20	concat
0.12/0.20	index
0.12/0.20	length
0.12/0.20	substr
0.12/0.20	add
0.12/0.20	sub
0.12/0.20	=== Synthesis
0.12/0.20	['concat']: UNSAT (0.034 seconds)
0.12/0.23	['index']: UNSAT (0.034 seconds)
0.12/0.27	['length']: UNSAT (0.023 seconds)
0.12/0.29	['substr']: UNSAT (0.040 seconds)
0.12/0.33	['add']: UNSAT (0.029 seconds)
0.30/0.36	['sub']: UNSAT (0.029 seconds)
0.30/0.39	['concat', 'concat']: UNSAT (0.061 seconds)
0.40/0.46	['concat', 'index']: UNSAT (0.061 seconds)
0.46/0.52	['concat', 'length']: UNSAT (0.045 seconds)
0.46/0.56	['concat', 'substr']: UNSAT (0.148 seconds)
0.69/0.71	['concat', 'add']: UNSAT (0.041 seconds)
0.69/0.75	['concat', 'sub']: UNSAT (0.041 seconds)
0.69/0.80	['index', 'index']: UNSAT (0.056 seconds)
0.79/0.85	['index', 'length']: UNSAT (0.040 seconds)
0.79/0.89	['index', 'substr']: SAT (39.186 seconds)
39.89/40.08	substr(arg0, 0, index(arg0, '@', 1))
