0.11/0.18	=== Examples (../../dataset/examples/examples-71.json)
0.11/0.18	IO(inputs=('take seven',), output='take se')
0.11/0.18	IO(inputs=(' and then trim it',), output='and th')
0.11/0.18	IO(inputs=('1234567 ',), output='1234567')
0.11/0.18	=== Library
0.11/0.18	concat
0.11/0.18	index
0.11/0.18	length
0.11/0.18	substr
0.11/0.18	add
0.11/0.18	sub
0.11/0.18	=== Synthesis
0.11/0.18	['concat']: UNSAT (0.027 seconds)
0.11/0.21	['index']: UNSAT (0.028 seconds)
0.11/0.24	['length']: UNSAT (0.019 seconds)
0.11/0.26	['substr']: UNSAT (0.032 seconds)
0.26/0.29	['add']: UNSAT (0.023 seconds)
0.26/0.32	['sub']: UNSAT (0.023 seconds)
0.26/0.34	['concat', 'concat']: UNSAT (0.049 seconds)
0.26/0.39	['concat', 'index']: UNSAT (0.049 seconds)
0.38/0.44	['concat', 'length']: UNSAT (0.036 seconds)
0.38/0.48	['concat', 'substr']: UNSAT (0.108 seconds)
0.56/0.59	['concat', 'add']: UNSAT (0.039 seconds)
0.56/0.63	['concat', 'sub']: UNSAT (0.039 seconds)
0.63/0.67	['index', 'index']: UNSAT (0.055 seconds)
0.69/0.72	['index', 'length']: UNSAT (0.039 seconds)
0.69/0.76	['index', 'substr']: UNSAT (0.266 seconds)
0.90/1.03	['index', 'add']: UNSAT (0.050 seconds)
1.02/1.08	['index', 'sub']: UNSAT (0.047 seconds)
1.02/1.13	['length', 'length']: UNSAT (0.026 seconds)
1.02/1.16	['length', 'substr']: UNSAT (0.049 seconds)
1.19/1.21	['length', 'add']: UNSAT (0.032 seconds)
1.19/1.24	['length', 'sub']: UNSAT (0.033 seconds)
1.19/1.27	['substr', 'substr']: UNSAT (0.078 seconds)
1.29/1.35	['substr', 'add']: UNSAT (0.062 seconds)
1.39/1.42	['substr', 'sub']: UNSAT (0.058 seconds)
1.39/1.47	['add', 'add']: UNSAT (0.042 seconds)
1.49/1.52	['add', 'sub']: UNSAT (0.042 seconds)
1.49/1.56	['sub', 'sub']: UNSAT (0.042 seconds)
1.59/1.60	['concat', 'concat', 'concat']: UNSAT (0.138 seconds)
1.69/1.74	['concat', 'concat', 'index']: UNSAT (0.078 seconds)
1.79/1.82	['concat', 'concat', 'length']: UNSAT (0.061 seconds)
1.79/1.88	['concat', 'concat', 'substr']: UNSAT (0.290 seconds)
2.15/2.17	['concat', 'concat', 'add']: UNSAT (0.062 seconds)
2.18/2.24	['concat', 'concat', 'sub']: UNSAT (0.062 seconds)
2.28/2.30	['concat', 'index', 'index']: UNSAT (0.083 seconds)
2.28/2.38	['concat', 'index', 'length']: UNSAT (0.064 seconds)
2.38/2.45	['concat', 'index', 'substr']: UNSAT (4.726 seconds)
7.12/7.18	['concat', 'index', 'add']: UNSAT (0.074 seconds)
7.18/7.25	['concat', 'index', 'sub']: UNSAT (0.077 seconds)
7.28/7.33	['concat', 'length', 'length']: UNSAT (0.049 seconds)
7.28/7.38	['concat', 'length', 'substr']: UNSAT (0.162 seconds)
7.48/7.54	['concat', 'length', 'add']: UNSAT (0.056 seconds)
7.58/7.60	['concat', 'length', 'sub']: UNSAT (0.055 seconds)
7.58/7.66	['concat', 'substr', 'substr']: UNSAT (0.490 seconds)
8.13/8.15	['concat', 'substr', 'add']: UNSAT (0.138 seconds)
8.19/8.29	['concat', 'substr', 'sub']: UNSAT (0.138 seconds)
8.39/8.43	['concat', 'add', 'add']: UNSAT (0.069 seconds)
8.39/8.50	['concat', 'add', 'sub']: UNSAT (0.068 seconds)
8.49/8.56	['concat', 'sub', 'sub']: UNSAT (0.067 seconds)
8.59/8.63	['index', 'index', 'index']: UNSAT (0.099 seconds)
8.69/8.73	['index', 'index', 'length']: UNSAT (0.077 seconds)
8.79/8.81	['index', 'index', 'substr']: 