0.00/0.18	=== Examples (../../dataset/examples/examples-15.json)
0.00/0.18	IO(inputs=('abc',), output='ABC')
0.00/0.18	IO(inputs=('aBcdef',), output='ABCDEF')
0.00/0.18	IO(inputs=('aaseHKLsed',), output='AASEHKLSED')
0.00/0.18	=== Library
0.00/0.18	concat
0.00/0.18	index
0.00/0.18	length
0.00/0.18	substr
0.00/0.18	add
0.00/0.18	sub
0.00/0.18	=== Synthesis
0.00/0.18	['concat']: UNSAT (0.033 seconds)
0.00/0.21	['index']: UNSAT (0.034 seconds)
0.00/0.25	['length']: UNSAT (0.023 seconds)
0.00/0.27	['substr']: UNSAT (0.037 seconds)
0.00/0.31	['add']: UNSAT (0.029 seconds)
0.23/0.34	['sub']: UNSAT (0.027 seconds)
0.23/0.37	['concat', 'concat']: UNSAT (0.048 seconds)
0.23/0.42	['concat', 'index']: UNSAT (0.049 seconds)
0.23/0.47	['concat', 'length']: UNSAT (0.036 seconds)
0.23/0.50	['concat', 'substr']: UNSAT (0.171 seconds)
0.62/0.68	['concat', 'add']: UNSAT (0.040 seconds)
0.62/0.72	['concat', 'sub']: UNSAT (0.040 seconds)
0.62/0.76	['index', 'index']: UNSAT (0.055 seconds)
0.62/0.81	['index', 'length']: UNSAT (0.039 seconds)
0.81/0.85	['index', 'substr']: UNSAT (0.059 seconds)
0.81/0.91	['index', 'add']: UNSAT (0.047 seconds)
0.81/0.96	['index', 'sub']: UNSAT (0.046 seconds)
0.99/1.01	['length', 'length']: UNSAT (0.027 seconds)
0.99/1.03	['length', 'substr']: UNSAT (0.042 seconds)
0.99/1.08	['length', 'add']: UNSAT (0.032 seconds)
1.09/1.11	['length', 'sub']: UNSAT (0.032 seconds)
1.09/1.14	['substr', 'substr']: UNSAT (0.056 seconds)
1.09/1.20	['substr', 'add']: UNSAT (0.048 seconds)
1.19/1.25	['substr', 'sub']: UNSAT (0.049 seconds)
1.19/1.30	['add', 'add']: UNSAT (0.043 seconds)
1.19/1.34	['add', 'sub']: UNSAT (0.043 seconds)
1.34/1.38	['sub', 'sub']: UNSAT (0.041 seconds)
1.34/1.43	['concat', 'concat', 'concat']: UNSAT (0.129 seconds)
1.49/1.56	['concat', 'concat', 'index']: UNSAT (0.078 seconds)
1.59/1.64	['concat', 'concat', 'length']: UNSAT (0.058 seconds)
1.59/1.69	['concat', 'concat', 'substr']: UNSAT (4.079 seconds)
5.70/5.77	['concat', 'concat', 'add']: UNSAT (0.067 seconds)
5.80/5.84	['concat', 'concat', 'sub']: UNSAT (0.066 seconds)
5.90/5.91	['concat', 'index', 'index']: UNSAT (0.089 seconds)
5.90/6.00	['concat', 'index', 'length']: UNSAT (0.068 seconds)
6.00/6.07	['concat', 'index', 'substr']: UNSAT (1.171 seconds)
7.20/7.24	['concat', 'index', 'add']: UNSAT (0.074 seconds)
7.20/7.32	['concat', 'index', 'sub']: UNSAT (0.072 seconds)
7.34/7.39	['concat', 'length', 'length']: UNSAT (0.049 seconds)
7.34/7.44	['concat', 'length', 'substr']: UNSAT (0.431 seconds)
7.80/7.87	['concat', 'length', 'add']: UNSAT (0.053 seconds)
7.90/7.92	['concat', 'length', 'sub']: UNSAT (0.053 seconds)
7.90/7.98	['concat', 'substr', 'substr']: UNSAT (1.379 seconds)
9.33/9.36	['concat', 'substr', 'add']: UNSAT (0.441 seconds)
9.70/9.80	['concat', 'substr', 'sub']: UNSAT (0.352 seconds)
10.10/10.15	['concat', 'add', 'add']: UNSAT (0.066 seconds)
10.20/10.22	['concat', 'add', 'sub']: UNSAT (0.073 seconds)
10.20/10.30	['concat', 'sub', 'sub']: UNSAT (0.081 seconds)
10.32/10.38	['index', 'index', 'index']: UNSAT (0.092 seconds)
10.43/10.47	['index', 'index', 'length']: UNSAT (0.075 seconds)
10.50/10.55	['index', 'index', 'substr']: UNSAT (0.107 seconds)
10.60/10.66	['index', 'index', 'add']: UNSAT (0.086 seconds)
10.70/10.74	['index', 'index', 'sub']: UNSAT (0.086 seconds)
10.80/10.83	['index', 'length', 'length']: UNSAT (0.059 seconds)
10.80/10.89	['index', 'length', 'substr']: UNSAT (0.086 seconds)
10.90/10.98	['index', 'length', 'add']: UNSAT (0.065 seconds)
11.00/11.04	['index', 'length', 'sub']: UNSAT (0.067 seconds)
11.10/11.11	['index', 'substr', 'substr']: UNSAT (0.140 seconds)
11.20/11.25	['index', 'substr', 'add']: UNSAT (0.099 seconds)
11.20/11.35	['index', 'substr', 'sub']: UNSAT (0.094 seconds)
11.35/11.45	['index', 'add', 'add']: UNSAT (0.076 seconds)
11.50/11.53	['index', 'add', 'sub']: UNSAT (0.076 seconds)
11.50/11.60	['index', 'sub', 'sub']: UNSAT (0.077 seconds)
11.60/11.68	['length', 'length', 'length']: UNSAT (0.042 seconds)
11.70/11.72	['length', 'length', 'substr']: UNSAT (0.063 seconds)
11.70/11.79	['length', 'length', 'add']: UNSAT (0.050 seconds)
11.80/11.84	['length', 'length', 'sub']: UNSAT (0.047 seconds)
11.80/11.89	['length', 'substr', 'substr']: UNSAT (0.089 seconds)
11.90/11.98	['length', 'substr', 'add']: UNSAT (0.071 seconds)
12.00/12.05	['length', 'substr', 'sub']: UNSAT (0.075 seconds)
12.10/12.12	['length', 'add', 'add']: UNSAT (0.063 seconds)
12.10/12.19	['length', 'add', 'sub']: UNSAT (0.059 seconds)
12.20/12.25	['length', 'sub', 'sub']: UNSAT (0.061 seconds)
12.20/12.31	['substr', 'substr', 'substr']: UNSAT (0.116 seconds)
12.32/12.43	['substr', 'substr', 'add']: UNSAT (0.095 seconds)
12.50/12.52	['substr', 'substr', 'sub']: UNSAT (0.092 seconds)
12.60/12.62	['substr', 'add', 'add']: UNSAT (0.084 seconds)
12.60/12.70	['substr', 'add', 'sub']: UNSAT (0.084 seconds)
12.70/12.79	['substr', 'sub', 'sub']: UNSAT (0.084 seconds)
12.80/12.87	['add', 'add', 'add']: UNSAT (0.073 seconds)
12.90/12.95	['add', 'add', 'sub']: UNSAT (0.072 seconds)
13.00/13.02	['add', 'sub', 'sub']: UNSAT (0.075 seconds)
13.00/13.09	['sub', 'sub', 'sub']: UNSAT (0.076 seconds)
13.10/13.17	['concat', 'concat', 'concat', 'concat']: UNSAT (1.670 seconds)
14.80/14.84	['concat', 'concat', 'concat', 'index']: UNSAT (0.125 seconds)
14.90/14.97	['concat', 'concat', 'concat', 'length']: UNSAT (0.101 seconds)
15.00/15.07	['concat', 'concat', 'concat', 'substr']: UNKNOWN (312.999 seconds)
327.99/328.07	Reason: smt tactic failed to show goal to be sat/unsat max-conflicts-reached
327.99/328.07	Reason: smt tactic failed to show goal to be sat/unsat max-conflicts-reached
327.99/328.07	['concat', 'concat', 'concat', 'add']: UNSAT (0.101 seconds)
328.09/328.17	['concat', 'concat', 'concat', 'sub']: UNSAT (0.102 seconds)
328.19/328.28	['concat', 'concat', 'index', 'index']: UNSAT (0.143 seconds)
328.39/328.42	['concat', 'concat', 'index', 'length']: UNSAT (0.106 seconds)
328.49/328.53	['concat', 'concat', 'index', 'substr']: UNSAT (42.987 seconds)
371.49/371.52	['concat', 'concat', 'index', 'add']: UNSAT (0.109 seconds)
371.59/371.63	['concat', 'concat', 'index', 'sub']: UNSAT (0.113 seconds)
371.59/371.74	['concat', 'concat', 'length', 'length']: UNSAT (0.085 seconds)
371.74/371.83	['concat', 'concat', 'length', 'substr']: UNSAT (41.823 seconds)
413.59/413.65	['concat', 'concat', 'length', 'add']: UNSAT (0.086 seconds)
413.59/413.74	['concat', 'concat', 'length', 'sub']: UNSAT (0.083 seconds)
413.71/413.82	['concat', 'concat', 'substr', 'substr']: UNSAT (80.805 seconds)
494.58/494.63	['concat', 'concat', 'substr', 'add']: UNSAT (5.302 seconds)
499.88/499.93	['concat', 'concat', 'substr', 'sub']: UNSAT (5.058 seconds)
504.88/504.99	['concat', 'concat', 'add', 'add']: UNSAT (0.092 seconds)
504.98/505.08	['concat', 'concat', 'add', 'sub']: UNSAT (0.091 seconds)
505.08/505.18	['concat', 'concat', 'sub', 'sub']: UNSAT (0.093 seconds)
505.18/505.27	['concat', 'index', 'index', 'index']: UNSAT (0.133 seconds)
505.28/505.40	['concat', 'index', 'index', 'length']: UNSAT (0.107 seconds)
505.48/505.51	['concat', 'index', 'index', 'substr']: UNSAT (10.172 seconds)
515.58/515.68	['concat', 'index', 'index', 'add']: UNSAT (0.114 seconds)
515.71/515.80	['concat', 'index', 'index', 'sub']: UNSAT (0.112 seconds)
515.88/515.91	['concat', 'index', 'length', 'length']: UNSAT (0.083 seconds)
515.88/516.00	['concat', 'index', 'length', 'substr']: UNSAT (2.152 seconds)
518.08/518.15	['concat', 'index', 'length', 'add']: UNSAT (0.093 seconds)
518.18/518.25	['concat', 'index', 'length', 'sub']: UNSAT (0.090 seconds)
518.28/518.34	['concat', 'index', 'substr', 'substr']: UNSAT (22.342 seconds)
540.58/540.68	['concat', 'index', 'substr', 'add']: UNSAT (3.618 seconds)
544.18/544.30	['concat', 'index', 'substr', 'sub']: UNSAT (3.477 seconds)
547.71/547.78	['concat', 'index', 'add', 'add']: UNSAT (0.100 seconds)
547.82/547.88	['concat', 'index', 'add', 'sub']: UNSAT (0.101 seconds)
547.88/547.98	['concat', 'index', 'sub', 'sub']: UNSAT (0.101 seconds)
547.98/548.08	['concat', 'length', 'length', 'length']: UNSAT (0.065 seconds)
548.08/548.15	['concat', 'length', 'length', 'substr']: UNSAT (0.638 seconds)
548.71/548.79	['concat', 'length', 'length', 'add']: UNSAT (0.069 seconds)
548.82/548.86	['concat', 'length', 'length', 'sub']: UNSAT (0.067 seconds)
548.88/548.93	['concat', 'length', 'substr', 'substr']: UNSAT (10.671 seconds)
559.48/559.60	['concat', 'length', 'substr', 'add']: UNSAT (0.642 seconds)
560.18/560.24	['concat', 'length', 'substr', 'sub']: UNSAT (0.749 seconds)
560.88/560.99	['concat', 'length', 'add', 'add']: UNSAT (0.081 seconds)
560.98/561.07	['concat', 'length', 'add', 'sub']: UNSAT (0.083 seconds)
561.08/561.16	['concat', 'length', 'sub', 'sub']: UNSAT (0.082 seconds)
561.18/561.24	['concat', 'substr', 'substr', 'substr']: UNSAT (9.729 seconds)
570.88/570.97	['concat', 'substr', 'substr', 'add']: UNSAT (3.495 seconds)
574.38/574.47	['concat', 'substr', 'substr', 'sub']: UNSAT (2.966 seconds)
577.38/577.43	['concat', 'substr', 'add', 'add']: UNSAT (0.796 seconds)
578.18/578.23	['concat', 'substr', 'add', 'sub']: UNSAT (0.685 seconds)
578.88/578.92	['concat', 'substr', 'sub', 'sub']: UNSAT (0.546 seconds)
579.38/579.46	['concat', 'add', 'add', 'add']: UNSAT (0.096 seconds)
579.48/579.56	['concat', 'add', 'add', 'sub']: UNSAT (0.095 seconds)
579.58/579.66	['concat', 'add', 'sub', 'sub']: UNSAT (0.096 seconds)
579.70/579.75	['concat', 'sub', 'sub', 'sub']: UNSAT (0.095 seconds)
579.82/579.85	['index', 'index', 'index', 'index']: UNSAT (0.138 seconds)
579.88/579.99	['index', 'index', 'index', 'length']: UNSAT (0.115 seconds)
580.08/580.11	['index', 'index', 'index', 'substr']: UNSAT (0.250 seconds)
580.28/580.36	['index', 'index', 'index', 'add']: UNSAT (0.132 seconds)
580.38/580.49	['index', 'index', 'index', 'sub']: UNSAT (0.130 seconds)
580.58/580.62	['index', 'index', 'length', 'length']: UNSAT (0.093 seconds)
580.58/580.71	['index', 'index', 'length', 'substr']: UNSAT (0.140 seconds)
580.82/580.85	['index', 'index', 'length', 'add']: UNSAT (0.103 seconds)
580.88/580.96	['index', 'index', 'length', 'sub']: UNSAT (0.099 seconds)
580.98/581.06	['index', 'index', 'substr', 'substr']: UNSAT (0.288 seconds)
581.28/581.35	['index', 'index', 'substr', 'add']: UNSAT (0.159 seconds)
581.48/581.51	['index', 'index', 'substr', 'sub']: UNSAT (0.142 seconds)
581.58/581.65	['index', 'index', 'add', 'add']: UNSAT (0.121 seconds)
581.71/581.77	['index', 'index', 'add', 'sub']: UNSAT (0.124 seconds)
581.82/581.90	['index', 'index', 'sub', 'sub']: UNSAT (0.119 seconds)
581.98/582.02	['index', 'length', 'length', 'length']: UNSAT (0.071 seconds)
581.98/582.09	['index', 'length', 'length', 'substr']: UNSAT (0.104 seconds)
582.08/582.20	['index', 'length', 'length', 'add']: UNSAT (0.081 seconds)
582.18/582.28	['index', 'length', 'length', 'sub']: UNSAT (0.081 seconds)
582.28/582.36	['index', 'length', 'substr', 'substr']: UNSAT (0.171 seconds)
582.48/582.53	['index', 'length', 'substr', 'add']: UNSAT (0.118 seconds)
582.58/582.65	['index', 'length', 'substr', 'sub']: UNSAT (0.122 seconds)
582.71/582.77	['index', 'length', 'add', 'add']: UNSAT (0.091 seconds)
582.82/582.87	['index', 'length', 'add', 'sub']: UNSAT (0.094 seconds)
582.88/582.96	['index', 'length', 'sub', 'sub']: UNSAT (0.094 seconds)
582.98/583.06	['index', 'substr', 'substr', 'substr']: UNSAT (0.342 seconds)
583.28/583.40	['index', 'substr', 'substr', 'add']: UNSAT (0.194 seconds)
583.48/583.60	['index', 'substr', 'substr', 'sub']: UNSAT (0.196 seconds)
583.71/583.79	['index', 'substr', 'add', 'add']: UNSAT (0.149 seconds)
583.88/583.94	['index', 'substr', 'add', 'sub']: UNSAT (0.140 seconds)
583.98/584.08	['index', 'substr', 'sub', 'sub']: UNSAT (0.147 seconds)
584.18/584.23	['index', 'add', 'add', 'add']: UNSAT (0.123 seconds)
584.28/584.36	['index', 'add', 'add', 'sub']: UNSAT (0.120 seconds)
584.38/584.48	['index', 'add', 'sub', 'sub']: UNSAT (0.117 seconds)
584.48/584.59	['index', 'sub', 'sub', 'sub']: UNSAT (0.115 seconds)
584.58/584.71	['length', 'length', 'length', 'length']: UNSAT (0.054 seconds)
584.71/584.77	['length', 'length', 'length', 'substr']: UNSAT (0.070 seconds)
584.71/584.84	['length', 'length', 'length', 'add']: UNSAT (0.059 seconds)
584.82/584.90	['length', 'length', 'length', 'sub']: UNSAT (0.058 seconds)
584.88/584.96	['length', 'length', 'substr', 'substr']: UNSAT (0.145 seconds)
584.98/585.10	['length', 'length', 'substr', 'add']: UNSAT (0.097 seconds)
585.08/585.20	['length', 'length', 'substr', 'sub']: UNSAT (0.087 seconds)
585.18/585.29	['length', 'length', 'add', 'add']: UNSAT (0.075 seconds)
585.28/585.36	['length', 'length', 'add', 'sub']: UNSAT (0.075 seconds)
585.38/585.44	['length', 'length', 'sub', 'sub']: UNSAT (0.074 seconds)
585.48/585.51	['length', 'substr', 'substr', 'substr']: UNSAT (0.214 seconds)
585.58/585.73	['length', 'substr', 'substr', 'add']: UNSAT (0.174 seconds)
585.82/585.91	['length', 'substr', 'substr', 'sub']: UNSAT (0.143 seconds)
585.98/586.05	['length', 'substr', 'add', 'add']: UNSAT (0.107 seconds)
586.08/586.16	['length', 'substr', 'add', 'sub']: UNSAT (0.114 seconds)
586.18/586.27	['length', 'substr', 'sub', 'sub']: UNSAT (0.115 seconds)
586.28/586.39	['length', 'add', 'add', 'add']: UNSAT (0.092 seconds)
586.38/586.48	['length', 'add', 'add', 'sub']: UNSAT (0.089 seconds)
586.48/586.57	['length', 'add', 'sub', 'sub']: UNSAT (0.091 seconds)
586.58/586.66	['length', 'sub', 'sub', 'sub']: UNSAT (0.090 seconds)
586.71/586.76	['substr', 'substr', 'substr', 'substr']: UNSAT (0.194 seconds)
586.88/586.95	['substr', 'substr', 'substr', 'add']: UNSAT (0.149 seconds)
586.98/587.10	['substr', 'substr', 'substr', 'sub']: UNSAT (0.149 seconds)
587.18/587.25	['substr', 'substr', 'add', 'add']: UNSAT (0.131 seconds)
587.28/587.38	['substr', 'substr', 'add', 'sub']: UNSAT (0.139 seconds)
587.48/587.52	['substr', 'substr', 'sub', 'sub']: UNSAT (0.134 seconds)
587.58/587.66	['substr', 'add', 'add', 'add']: UNSAT (0.116 seconds)
587.71/587.77	['substr', 'add', 'add', 'sub']: UNSAT (0.113 seconds)
587.82/587.89	['substr', 'add', 'sub', 'sub']: UNSAT (0.119 seconds)
587.98/588.01	['substr', 'sub', 'sub', 'sub']: UNSAT (0.118 seconds)
588.08/588.13	['add', 'add', 'add', 'add']: UNSAT (0.111 seconds)
588.18/588.24	['add', 'add', 'add', 'sub']: UNSAT (0.109 seconds)
588.28/588.35	['add', 'add', 'sub', 'sub']: UNSAT (0.110 seconds)
588.38/588.46	['add', 'sub', 'sub', 'sub']: UNSAT (0.110 seconds)
588.48/588.57	['sub', 'sub', 'sub', 'sub']: UNSAT (0.107 seconds)
588.58/588.68	['concat', 'concat', 'concat', 'concat', 'concat']: 