0.11/0.20	=== Examples (../../dataset/examples/examples-67.json)
0.11/0.20	IO(inputs=(' trim me ',), output='trim me xyz')
0.11/0.20	IO(inputs=('one more pass   ',), output='one more pass xyz')
0.11/0.20	IO(inputs=('  so smooth',), output='so smooth xyz')
0.11/0.20	=== Library
0.11/0.20	concat
0.11/0.20	index
0.11/0.20	length
0.11/0.20	substr
0.11/0.20	add
0.11/0.20	sub
0.11/0.20	=== Synthesis
0.11/0.20	['concat']: UNSAT (0.034 seconds)
0.11/0.23	['index']: UNSAT (0.034 seconds)
0.11/0.27	['length']: UNSAT (0.023 seconds)
0.11/0.29	['substr']: UNSAT (0.037 seconds)
0.27/0.33	['add']: UNSAT (0.029 seconds)
0.27/0.36	['sub']: UNSAT (0.029 seconds)
0.27/0.39	['concat', 'concat']: UNSAT (0.116 seconds)
0.36/0.51	['concat', 'index']: UNSAT (0.063 seconds)
0.52/0.57	['concat', 'length']: UNSAT (0.044 seconds)
0.52/0.62	['concat', 'substr']: UNSAT (0.233 seconds)
0.79/0.85	['concat', 'add']: UNSAT (0.040 seconds)
0.79/0.89	['concat', 'sub']: UNSAT (0.039 seconds)
0.89/0.93	['index', 'index']: UNSAT (0.058 seconds)
0.89/0.99	['index', 'length']: UNSAT (0.039 seconds)
1.00/1.03	['index', 'substr']: UNSAT (0.059 seconds)
1.00/1.09	['index', 'add']: UNSAT (0.046 seconds)
1.11/1.14	['index', 'sub']: UNSAT (0.045 seconds)
1.11/1.19	['length', 'length']: UNSAT (0.026 seconds)
1.18/1.21	['length', 'substr']: UNSAT (0.041 seconds)
1.18/1.25	['length', 'add']: UNSAT (0.032 seconds)
1.18/1.29	['length', 'sub']: UNSAT (0.031 seconds)
1.28/1.32	['substr', 'substr']: UNSAT (0.056 seconds)
1.28/1.38	['substr', 'add']: UNSAT (0.048 seconds)
1.38/1.42	['substr', 'sub']: UNSAT (0.048 seconds)
1.38/1.47	['add', 'add']: UNSAT (0.041 seconds)
1.48/1.52	['add', 'sub']: UNSAT (0.041 seconds)
1.48/1.56	['sub', 'sub']: UNSAT (0.041 seconds)
1.58/1.60	['concat', 'concat', 'concat']: UNSAT (1.104 seconds)
2.69/2.70	['concat', 'concat', 'index']: UNSAT (0.075 seconds)
2.69/2.78	['concat', 'concat', 'length']: UNSAT (0.059 seconds)
2.79/2.84	['concat', 'concat', 'substr']: UNSAT (8.756 seconds)
11.59/11.60	['concat', 'concat', 'add']: UNSAT (0.063 seconds)
11.59/11.66	['concat', 'concat', 'sub']: UNSAT (0.060 seconds)
11.69/11.72	['concat', 'index', 'index']: UNSAT (0.084 seconds)
11.79/11.81	['concat', 'index', 'length']: UNSAT (0.064 seconds)
11.79/11.87	['concat', 'index', 'substr']: UNSAT (1.342 seconds)
13.19/13.21	['concat', 'index', 'add']: UNSAT (0.072 seconds)
13.19/13.29	['concat', 'index', 'sub']: UNSAT (0.069 seconds)
13.29/13.36	['concat', 'length', 'length']: UNSAT (0.049 seconds)
13.39/13.41	['concat', 'length', 'substr']: UNSAT (0.407 seconds)
13.79/13.81	['concat', 'length', 'add']: UNSAT (0.051 seconds)
13.79/13.87	['concat', 'length', 'sub']: UNSAT (0.052 seconds)
13.89/13.92	['concat', 'substr', 'substr']: UNSAT (1.643 seconds)
15.49/15.56	['concat', 'substr', 'add']: UNSAT (0.374 seconds)
15.89/15.94	['concat', 'substr', 'sub']: UNSAT (0.342 seconds)
16.19/16.28	['concat', 'add', 'add']: UNSAT (0.063 seconds)
16.29/16.34	['concat', 'add', 'sub']: UNSAT (0.064 seconds)
16.39/16.41	['concat', 'sub', 'sub']: UNSAT (0.060 seconds)
16.39/16.47	['index', 'index', 'index']: UNSAT (0.088 seconds)
16.49/16.56	['index', 'index', 'length']: UNSAT (0.071 seconds)
16.59/16.63	['index', 'index', 'substr']: UNSAT (0.097 seconds)
16.69/16.73	['index', 'index', 'add']: UNSAT (0.078 seconds)
16.79/16.81	['index', 'index', 'sub']: UNSAT (0.075 seconds)
16.79/16.89	['index', 'length', 'length']: UNSAT (0.050 seconds)
16.89/16.94	['index', 'length', 'substr']: UNSAT (0.075 seconds)
16.89/17.01	['index', 'length', 'add']: UNSAT (0.058 seconds)
17.00/17.07	['index', 'length', 'sub']: UNSAT (0.059 seconds)
17.12/17.13	['index', 'substr', 'substr']: UNSAT (0.121 seconds)
17.19/17.25	['index', 'substr', 'add']: UNSAT (0.088 seconds)
17.29/17.34	['index', 'substr', 'sub']: UNSAT (0.088 seconds)
17.39/17.43	['index', 'add', 'add']: UNSAT (0.070 seconds)
17.49/17.50	['index', 'add', 'sub']: UNSAT (0.070 seconds)
17.49/17.57	['index', 'sub', 'sub']: UNSAT (0.071 seconds)
17.59/17.64	['length', 'length', 'length']: UNSAT (0.036 seconds)
17.59/17.68	['length', 'length', 'substr']: UNSAT (0.055 seconds)
17.69/17.74	['length', 'length', 'add']: UNSAT (0.042 seconds)
17.69/17.78	['length', 'length', 'sub']: UNSAT (0.042 seconds)
17.79/17.82	['length', 'substr', 'substr']: UNSAT (0.086 seconds)
17.89/17.91	['length', 'substr', 'add']: UNSAT (0.066 seconds)
17.89/17.98	['length', 'substr', 'sub']: UNSAT (0.078 seconds)
18.01/18.05	['length', 'add', 'add']: UNSAT (0.077 seconds)
18.12/18.13	['length', 'add', 'sub']: UNSAT (0.074 seconds)
18.19/18.21	['length', 'sub', 'sub']: UNSAT (0.073 seconds)
18.19/18.28	['substr', 'substr', 'substr']: UNSAT (0.137 seconds)
18.39/18.42	['substr', 'substr', 'add']: UNSAT (0.114 seconds)
18.49/18.54	['substr', 'substr', 'sub']: UNSAT (0.113 seconds)
18.59/18.65	['substr', 'add', 'add']: UNSAT (0.097 seconds)
18.69/18.75	['substr', 'add', 'sub']: UNSAT (0.089 seconds)
18.79/18.84	['substr', 'sub', 'sub']: UNSAT (0.087 seconds)
18.89/18.93	['add', 'add', 'add']: UNSAT (0.079 seconds)
18.89/19.01	['add', 'add', 'sub']: UNSAT (0.079 seconds)
19.01/19.09	['add', 'sub', 'sub']: UNSAT (0.078 seconds)
19.13/19.17	['sub', 'sub', 'sub']: UNSAT (0.080 seconds)
19.19/19.25	['concat', 'concat', 'concat', 'concat']: UNSAT (86.278 seconds)
105.48/105.53	['concat', 'concat', 'concat', 'index']: UNSAT (0.117 seconds)
105.58/105.65	['concat', 'concat', 'concat', 'length']: UNSAT (0.092 seconds)
105.68/105.74	['concat', 'concat', 'concat', 'substr']: UNKNOWN (310.623 seconds)
416.26/416.36	Reason: smt tactic failed to show goal to be sat/unsat max-conflicts-reached
416.26/416.36	Reason: smt tactic failed to show goal to be sat/unsat max-conflicts-reached
416.26/416.36	['concat', 'concat', 'concat', 'add']: UNSAT (0.096 seconds)
416.36/416.46	['concat', 'concat', 'concat', 'sub']: UNSAT (0.097 seconds)
416.46/416.56	['concat', 'concat', 'index', 'index']: UNSAT (0.127 seconds)
416.56/416.68	['concat', 'concat', 'index', 'length']: UNSAT (0.098 seconds)
416.66/416.78	['concat', 'concat', 'index', 'substr']: UNSAT (58.872 seconds)
475.57/475.66	['concat', 'concat', 'index', 'add']: UNSAT (0.102 seconds)
475.66/475.76	['concat', 'concat', 'index', 'sub']: UNSAT (0.101 seconds)
475.76/475.86	['concat', 'concat', 'length', 'length']: UNSAT (0.077 seconds)
475.86/475.94	['concat', 'concat', 'length', 'substr']: UNSAT (9.185 seconds)
485.10/485.13	['concat', 'concat', 'length', 'add']: UNSAT (0.082 seconds)
485.16/485.21	['concat', 'concat', 'length', 'sub']: UNSAT (0.082 seconds)
485.16/485.29	['concat', 'concat', 'substr', 'substr']: UNKNOWN (99.717 seconds)
584.86/585.01	Reason: smt tactic failed to show goal to be sat/unsat max-conflicts-reached
584.86/585.01	Reason: smt tactic failed to show goal to be sat/unsat max-conflicts-reached
584.86/585.01	['concat', 'concat', 'substr', 'add']: UNSAT (12.530 seconds)
597.46/597.54	['concat', 'concat', 'substr', 'sub']: 