0.11/0.20	=== Examples (../../dataset/examples/examples-84.json)
0.11/0.20	IO(inputs=('George Michael',), output='https://georgemichael.com')
0.11/0.20	IO(inputs=('Maebe Bluth',), output='https://maebebluth.com')
0.11/0.20	IO(inputs=('Michael Bluth',), output='https://michaelbluth.com')
0.11/0.20	=== Library
0.11/0.20	concat
0.11/0.20	index
0.11/0.20	length
0.11/0.20	substr
0.11/0.20	add
0.11/0.20	sub
0.11/0.20	=== Synthesis
0.11/0.20	['concat']: UNSAT (0.035 seconds)
0.11/0.24	['index']: UNSAT (0.036 seconds)
0.11/0.27	['length']: UNSAT (0.024 seconds)
0.26/0.30	['substr']: UNSAT (0.039 seconds)
0.26/0.34	['add']: UNSAT (0.030 seconds)
0.26/0.37	['sub']: UNSAT (0.031 seconds)
0.26/0.40	['concat', 'concat']: UNSAT (0.117 seconds)
0.38/0.52	['concat', 'index']: UNSAT (0.065 seconds)
0.50/0.59	['concat', 'length']: UNSAT (0.046 seconds)
0.59/0.63	['concat', 'substr']: UNSAT (0.114 seconds)
0.70/0.75	['concat', 'add']: UNSAT (0.043 seconds)
0.70/0.79	['concat', 'sub']: UNSAT (0.043 seconds)
0.79/0.84	['index', 'index']: UNSAT (0.059 seconds)
0.79/0.90	['index', 'length']: UNSAT (0.041 seconds)
0.89/0.94	['index', 'substr']: UNSAT (0.062 seconds)
0.89/1.00	['index', 'add']: UNSAT (0.048 seconds)
1.02/1.05	['index', 'sub']: UNSAT (0.049 seconds)
1.02/1.10	['length', 'length']: UNSAT (0.028 seconds)
1.02/1.13	['length', 'substr']: UNSAT (0.045 seconds)
1.14/1.17	['length', 'add']: UNSAT (0.032 seconds)
1.19/1.21	['length', 'sub']: UNSAT (0.035 seconds)
1.19/1.24	['substr', 'substr']: UNSAT (0.063 seconds)
1.29/1.31	['substr', 'add']: UNSAT (0.053 seconds)
1.29/1.36	['substr', 'sub']: UNSAT (0.053 seconds)
1.39/1.42	['add', 'add']: UNSAT (0.045 seconds)
1.39/1.46	['add', 'sub']: UNSAT (0.046 seconds)
1.49/1.51	['sub', 'sub']: UNSAT (0.046 seconds)
1.49/1.56	['concat', 'concat', 'concat']: UNSAT (8.287 seconds)
9.79/9.84	['concat', 'concat', 'index']: UNSAT (0.082 seconds)
9.89/9.93	['concat', 'concat', 'length']: UNSAT (0.068 seconds)
9.89/10.00	['concat', 'concat', 'substr']: UNSAT (1.652 seconds)
11.59/11.65	['concat', 'concat', 'add']: UNSAT (0.067 seconds)
11.69/11.72	['concat', 'concat', 'sub']: UNSAT (0.065 seconds)
11.69/11.78	['concat', 'index', 'index']: UNSAT (0.090 seconds)
11.79/11.87	['concat', 'index', 'length']: UNSAT (0.067 seconds)
11.89/11.94	['concat', 'index', 'substr']: UNSAT (0.139 seconds)
12.01/12.08	['concat', 'index', 'add']: UNSAT (0.074 seconds)
12.13/12.16	['concat', 'index', 'sub']: UNSAT (0.072 seconds)
12.19/12.23	['concat', 'length', 'length']: UNSAT (0.051 seconds)
12.19/12.28	['concat', 'length', 'substr']: UNSAT (0.105 seconds)
12.29/12.39	['concat', 'length', 'add']: UNSAT (0.056 seconds)
12.39/12.45	['concat', 'length', 'sub']: UNSAT (0.059 seconds)
12.49/12.51	['concat', 'substr', 'substr']: UNSAT (0.396 seconds)
12.89/12.90	['concat', 'substr', 'add']: UNSAT (0.106 seconds)
12.89/13.01	['concat', 'substr', 'sub']: UNSAT (0.113 seconds)
13.01/13.12	['concat', 'add', 'add']: UNSAT (0.062 seconds)
13.13/13.19	['concat', 'add', 'sub']: UNSAT (0.064 seconds)
13.19/13.25	['concat', 'sub', 'sub']: UNSAT (0.064 seconds)
13.29/13.32	['index', 'index', 'index']: UNSAT (0.095 seconds)
13.39/13.41	['index', 'index', 'length']: UNSAT (0.073 seconds)
13.39/13.49	['index', 'index', 'substr']: UNSAT (0.106 seconds)
13.49/13.59	['index', 'index', 'add']: UNSAT (0.085 seconds)
13.59/13.68	['index', 'index', 'sub']: UNSAT (0.087 seconds)
13.69/13.77	['index', 'length', 'length']: UNSAT (0.057 seconds)
13.79/13.83	['index', 'length', 'substr']: UNSAT (0.082 seconds)
13.89/13.91	['index', 'length', 'add']: UNSAT (0.063 seconds)
13.89/13.97	['index', 'length', 'sub']: UNSAT (0.064 seconds)
14.01/14.04	['index', 'substr', 'substr']: UNSAT (0.167 seconds)
14.19/14.21	['index', 'substr', 'add']: UNSAT (0.097 seconds)
14.29/14.30	['index', 'substr', 'sub']: UNSAT (0.095 seconds)
14.39/14.40	['index', 'add', 'add']: UNSAT (0.076 seconds)
14.39/14.48	['index', 'add', 'sub']: UNSAT (0.074 seconds)
14.49/14.55	['index', 'sub', 'sub']: UNSAT (0.074 seconds)
14.59/14.63	['length', 'length', 'length']: UNSAT (0.041 seconds)
14.59/14.67	['length', 'length', 'substr']: UNSAT (0.066 seconds)
14.69/14.74	['length', 'length', 'add']: UNSAT (0.049 seconds)
14.69/14.79	['length', 'length', 'sub']: UNSAT (0.049 seconds)
14.79/14.84	['length', 'substr', 'substr']: UNSAT (0.096 seconds)
14.89/14.93	['length', 'substr', 'add']: UNSAT (0.075 seconds)
14.89/15.01	['length', 'substr', 'sub']: UNSAT (0.074 seconds)
15.01/15.08	['length', 'add', 'add']: UNSAT (0.056 seconds)
15.13/15.14	['length', 'add', 'sub']: UNSAT (0.059 seconds)
15.19/15.20	['length', 'sub', 'sub']: UNSAT (0.060 seconds)
15.19/15.26	['substr', 'substr', 'substr']: UNSAT (0.114 seconds)
15.29/15.38	['substr', 'substr', 'add']: UNSAT (0.092 seconds)
15.39/15.47	['substr', 'substr', 'sub']: UNSAT (0.091 seconds)
15.49/15.56	['substr', 'add', 'add']: UNSAT (0.086 seconds)
15.59/15.65	['substr', 'add', 'sub']: UNSAT (0.087 seconds)
15.69/15.74	['substr', 'sub', 'sub']: UNSAT (0.086 seconds)
15.79/15.82	['add', 'add', 'add']: UNSAT (0.070 seconds)
15.79/15.89	['add', 'add', 'sub']: UNSAT (0.073 seconds)
15.89/15.97	['add', 'sub', 'sub']: UNSAT (0.076 seconds)
16.01/16.04	['sub', 'sub', 'sub']: UNSAT (0.072 seconds)
16.01/16.12	['concat', 'concat', 'concat', 'concat']: 