0.15/0.21	=== Examples (../../dataset/examples/examples-04.json)
0.15/0.21	IO(inputs=('that/folder/',), output='thatfolder')
0.15/0.21	IO(inputs=('this/folder/is/longer/',), output='thisfolderislonger')
0.15/0.21	IO(inputs=('what/about/this/one/',), output='whataboutthisone')
0.15/0.21	=== Library
0.15/0.21	concat
0.15/0.21	index
0.15/0.21	length
0.15/0.21	substr
0.15/0.21	add
0.15/0.21	sub
0.15/0.21	=== Synthesis
0.15/0.21	['concat']: UNSAT (0.040 seconds)
0.15/0.25	['index']: UNSAT (0.042 seconds)
0.15/0.29	['length']: UNSAT (0.026 seconds)
0.15/0.32	['substr']: UNSAT (0.048 seconds)
0.15/0.37	['add']: UNSAT (0.035 seconds)
0.33/0.40	['sub']: UNSAT (0.034 seconds)
0.33/0.44	['concat', 'concat']: UNSAT (0.075 seconds)
0.40/0.52	['concat', 'index']: UNSAT (0.077 seconds)
0.40/0.59	['concat', 'length']: UNSAT (0.051 seconds)
0.53/0.65	['concat', 'substr']: UNSAT (0.152 seconds)
0.78/0.80	['concat', 'add']: UNSAT (0.051 seconds)
0.78/0.85	['concat', 'sub']: UNSAT (0.049 seconds)
0.88/0.90	['index', 'index']: UNSAT (0.072 seconds)
0.88/0.97	['index', 'length']: UNSAT (0.053 seconds)
0.98/1.03	['index', 'substr']: UNSAT (0.198 seconds)
1.15/1.23	['index', 'add']: UNSAT (0.059 seconds)
1.15/1.29	['index', 'sub']: UNSAT (0.062 seconds)
1.29/1.35	['length', 'length']: UNSAT (0.034 seconds)
1.29/1.39	['length', 'substr']: UNSAT (0.061 seconds)
1.38/1.45	['length', 'add']: UNSAT (0.042 seconds)
1.38/1.49	['length', 'sub']: UNSAT (0.042 seconds)
1.48/1.53	['substr', 'substr']: UNSAT (0.112 seconds)
1.58/1.65	['substr', 'add']: UNSAT (0.094 seconds)
1.68/1.74	['substr', 'sub']: UNSAT (0.092 seconds)
1.78/1.84	['add', 'add']: UNSAT (0.066 seconds)
1.88/1.90	['add', 'sub']: UNSAT (0.066 seconds)
1.88/1.97	['sub', 'sub']: UNSAT (0.073 seconds)
1.98/2.04	['concat', 'concat', 'concat']: UNSAT (0.219 seconds)
2.21/2.26	['concat', 'concat', 'index']: UNSAT (0.098 seconds)
2.32/2.36	['concat', 'concat', 'length']: UNSAT (0.075 seconds)
2.39/2.44	['concat', 'concat', 'substr']: UNSAT (0.769 seconds)
3.09/3.21	['concat', 'concat', 'add']: UNSAT (0.074 seconds)
3.21/3.28	['concat', 'concat', 'sub']: UNSAT (0.074 seconds)
3.32/3.36	['concat', 'index', 'index']: UNSAT (0.104 seconds)
3.39/3.46	['concat', 'index', 'length']: UNSAT (0.079 seconds)
3.49/3.54	['concat', 'index', 'substr']: UNSAT (2.534 seconds)
5.99/6.08	['concat', 'index', 'add']: UNSAT (0.085 seconds)
6.09/6.17	['concat', 'index', 'sub']: UNSAT (0.085 seconds)
6.22/6.25	['concat', 'length', 'length']: UNSAT (0.060 seconds)
6.22/6.31	['concat', 'length', 'substr']: UNSAT (0.175 seconds)
6.39/6.49	['concat', 'length', 'add']: UNSAT (0.064 seconds)
6.49/6.55	['concat', 'length', 'sub']: UNSAT (0.063 seconds)
6.59/6.62	['concat', 'substr', 'substr']: UNSAT (0.718 seconds)
7.33/7.34	['concat', 'substr', 'add']: UNSAT (0.151 seconds)
7.39/7.49	['concat', 'substr', 'sub']: UNSAT (0.159 seconds)
7.59/7.65	['concat', 'add', 'add']: UNSAT (0.078 seconds)
7.69/7.73	['concat', 'add', 'sub']: UNSAT (0.078 seconds)
7.79/7.81	['concat', 'sub', 'sub']: UNSAT (0.080 seconds)
7.79/7.89	['index', 'index', 'index']: UNSAT (0.112 seconds)
7.99/8.00	['index', 'index', 'length']: UNSAT (0.087 seconds)
7.99/8.09	['index', 'index', 'substr']: UNSAT (0.490 seconds)
8.48/8.58	['index', 'index', 'add']: UNSAT (0.097 seconds)
8.58/8.68	['index', 'index', 'sub']: UNSAT (0.101 seconds)
8.69/8.78	['index', 'length', 'length']: UNSAT (0.068 seconds)
8.79/8.85	['index', 'length', 'substr']: UNSAT (0.230 seconds)
8.99/9.08	['index', 'length', 'add']: UNSAT (0.074 seconds)
9.08/9.16	['index', 'length', 'sub']: UNSAT (0.073 seconds)
9.08/9.23	['index', 'substr', 'substr']: UNSAT (0.983 seconds)
10.08/10.22	['index', 'substr', 'add']: UNSAT (0.321 seconds)
10.48/10.54	['index', 'substr', 'sub']: UNSAT (0.323 seconds)
10.78/10.86	['index', 'add', 'add']: UNSAT (0.091 seconds)
10.88/10.96	['index', 'add', 'sub']: UNSAT (0.091 seconds)
10.99/11.05	['index', 'sub', 'sub']: UNSAT (0.093 seconds)
11.09/11.14	['length', 'length', 'length']: UNSAT (0.046 seconds)
11.09/11.19	['length', 'length', 'substr']: UNSAT (0.085 seconds)
11.09/11.28	['length', 'length', 'add']: UNSAT (0.054 seconds)
11.24/11.33	['length', 'length', 'sub']: UNSAT (0.054 seconds)
11.37/11.38	['length', 'substr', 'substr']: UNSAT (0.235 seconds)
11.59/11.62	['length', 'substr', 'add']: UNSAT (0.112 seconds)
11.69/11.73	['length', 'substr', 'sub']: UNSAT (0.121 seconds)
11.79/11.86	['length', 'add', 'add']: UNSAT (0.069 seconds)
11.89/11.93	['length', 'add', 'sub']: UNSAT (0.069 seconds)
11.89/12.00	['length', 'sub', 'sub']: UNSAT (0.069 seconds)
11.99/12.07	['substr', 'substr', 'substr']: UNSAT (0.315 seconds)
12.32/12.38	['substr', 'substr', 'add']: UNSAT (0.206 seconds)
12.49/12.59	['substr', 'substr', 'sub']: UNSAT (0.188 seconds)
12.69/12.78	['substr', 'add', 'add']: UNSAT (0.163 seconds)
12.89/12.94	['substr', 'add', 'sub']: UNSAT (0.155 seconds)
13.09/13.10	['substr', 'sub', 'sub']: UNSAT (0.148 seconds)
13.21/13.25	['add', 'add', 'add']: UNSAT (0.090 seconds)
13.33/13.34	['add', 'add', 'sub']: UNSAT (0.091 seconds)
13.39/13.43	['add', 'sub', 'sub']: UNSAT (0.093 seconds)
13.49/13.53	['sub', 'sub', 'sub']: UNSAT (0.090 seconds)
13.59/13.62	['concat', 'concat', 'concat', 'concat']: UNSAT (0.375 seconds)
13.89/13.99	['concat', 'concat', 'concat', 'index']: UNSAT (0.144 seconds)
14.09/14.14	['concat', 'concat', 'concat', 'length']: UNSAT (0.121 seconds)
14.21/14.26	['concat', 'concat', 'concat', 'substr']: UNSAT (127.687 seconds)
141.88/141.95	['concat', 'concat', 'concat', 'add']: UNSAT (0.128 seconds)
141.99/142.08	['concat', 'concat', 'concat', 'sub']: UNSAT (0.124 seconds)
142.08/142.21	['concat', 'concat', 'index', 'index']: UNSAT (0.176 seconds)
142.31/142.38	['concat', 'concat', 'index', 'length']: UNSAT (0.129 seconds)
142.48/142.51	['concat', 'concat', 'index', 'substr']: UNSAT (50.752 seconds)
193.21/193.27	['concat', 'concat', 'index', 'add']: UNSAT (0.133 seconds)
193.38/193.40	['concat', 'concat', 'index', 'sub']: UNSAT (0.132 seconds)
193.48/193.53	['concat', 'concat', 'length', 'length']: UNSAT (0.096 seconds)
193.58/193.63	['concat', 'concat', 'length', 'substr']: UNSAT (2.849 seconds)
196.38/196.48	['concat', 'concat', 'length', 'add']: UNSAT (0.100 seconds)
196.48/196.58	['concat', 'concat', 'length', 'sub']: UNSAT (0.102 seconds)
196.58/196.69	['concat', 'concat', 'substr', 'substr']: UNSAT (19.335 seconds)
215.98/216.02	['concat', 'concat', 'substr', 'add']: UNSAT (0.912 seconds)
216.88/216.94	['concat', 'concat', 'substr', 'sub']: UNSAT (1.323 seconds)
218.20/218.26	['concat', 'concat', 'add', 'add']: UNSAT (0.111 seconds)
218.32/218.37	['concat', 'concat', 'add', 'sub']: UNSAT (0.111 seconds)
218.39/218.48	['concat', 'concat', 'sub', 'sub']: UNSAT (0.108 seconds)
218.49/218.59	['concat', 'index', 'index', 'index']: UNSAT (0.159 seconds)
218.69/218.75	['concat', 'index', 'index', 'length']: UNSAT (0.132 seconds)
218.79/218.89	['concat', 'index', 'index', 'substr']: UNSAT (11.739 seconds)
230.58/230.63	['concat', 'index', 'index', 'add']: UNSAT (0.147 seconds)
230.68/230.78	['concat', 'index', 'index', 'sub']: UNSAT (0.148 seconds)
230.88/230.93	['concat', 'index', 'length', 'length']: UNSAT (0.114 seconds)
230.98/231.04	['concat', 'index', 'length', 'substr']: UNSAT (3.034 seconds)
233.98/234.08	['concat', 'index', 'length', 'add']: UNSAT (0.120 seconds)
234.08/234.20	['concat', 'index', 'length', 'sub']: UNSAT (0.119 seconds)
234.20/234.32	['concat', 'index', 'substr', 'substr']: UNSAT (43.448 seconds)
277.68/277.77	['concat', 'index', 'substr', 'add']: UNSAT (5.531 seconds)
283.20/283.30	['concat', 'index', 'substr', 'sub']: UNSAT (10.235 seconds)
293.48/293.54	['concat', 'index', 'add', 'add']: UNSAT (0.132 seconds)
293.58/293.67	['concat', 'index', 'add', 'sub']: UNSAT (0.132 seconds)
293.78/293.80	['concat', 'index', 'sub', 'sub']: UNSAT (0.124 seconds)
293.88/293.93	['concat', 'length', 'length', 'length']: UNSAT (0.079 seconds)
293.98/294.01	['concat', 'length', 'length', 'substr']: UNSAT (0.241 seconds)
294.20/294.25	['concat', 'length', 'length', 'add']: UNSAT (0.088 seconds)
294.32/294.34	['concat', 'length', 'length', 'sub']: UNSAT (0.088 seconds)
294.38/294.43	['concat', 'length', 'substr', 'substr']: UNSAT (3.717 seconds)
298.08/298.15	['concat', 'length', 'substr', 'add']: UNSAT (0.624 seconds)
298.68/298.77	['concat', 'length', 'substr', 'sub']: UNSAT (0.435 seconds)
299.08/299.21	['concat', 'length', 'add', 'add']: UNSAT (0.107 seconds)
299.21/299.32	['concat', 'length', 'add', 'sub']: UNSAT (0.127 seconds)
299.38/299.45	['concat', 'length', 'sub', 'sub']: UNSAT (0.124 seconds)
299.48/299.57	['concat', 'substr', 'substr', 'substr']: UNSAT (11.837 seconds)
311.38/311.41	['concat', 'substr', 'substr', 'add']: UNSAT (1.428 seconds)
312.78/312.84	['concat', 'substr', 'substr', 'sub']: UNSAT (1.792 seconds)
314.57/314.64	['concat', 'substr', 'add', 'add']: UNSAT (0.474 seconds)
315.08/315.11	['concat', 'substr', 'add', 'sub']: UNSAT (0.424 seconds)
315.47/315.54	['concat', 'substr', 'sub', 'sub']: UNSAT (0.355 seconds)
315.77/315.89	['concat', 'add', 'add', 'add']: UNSAT (0.122 seconds)
315.97/316.02	['concat', 'add', 'add', 'sub']: UNSAT (0.122 seconds)
316.08/316.14	['concat', 'add', 'sub', 'sub']: UNSAT (0.125 seconds)
316.20/316.27	['concat', 'sub', 'sub', 'sub']: UNSAT (0.123 seconds)
316.31/316.39	['index', 'index', 'index', 'index']: UNSAT (0.176 seconds)
316.48/316.57	['index', 'index', 'index', 'length']: UNSAT (0.148 seconds)
316.68/316.72	['index', 'index', 'index', 'substr']: UNSAT (1.078 seconds)
317.68/317.80	['index', 'index', 'index', 'add']: UNSAT (0.156 seconds)
317.88/317.95	['index', 'index', 'index', 'sub']: UNSAT (0.166 seconds)
318.09/318.12	['index', 'index', 'length', 'length']: UNSAT (0.118 seconds)
318.21/318.24	['index', 'index', 'length', 'substr']: UNSAT (0.503 seconds)
318.68/318.75	['index', 'index', 'length', 'add']: UNSAT (0.128 seconds)
318.78/318.87	['index', 'index', 'length', 'sub']: UNSAT (0.127 seconds)
318.98/319.00	['index', 'index', 'substr', 'substr']: UNSAT (2.863 seconds)
321.78/321.87	['index', 'index', 'substr', 'add']: UNSAT (0.637 seconds)
322.48/322.51	['index', 'index', 'substr', 'sub']: UNSAT (0.772 seconds)
323.21/323.28	['index', 'index', 'add', 'add']: UNSAT (0.153 seconds)
323.38/323.43	['index', 'index', 'add', 'sub']: UNSAT (0.151 seconds)
323.48/323.59	['index', 'index', 'sub', 'sub']: UNSAT (0.153 seconds)
323.68/323.74	['index', 'length', 'length', 'length']: UNSAT (0.087 seconds)
323.78/323.83	['index', 'length', 'length', 'substr']: UNSAT (0.301 seconds)
324.09/324.13	['index', 'length', 'length', 'add']: UNSAT (0.104 seconds)
324.20/324.24	['index', 'length', 'length', 'sub']: UNSAT (0.099 seconds)
324.31/324.34	['index', 'length', 'substr', 'substr']: UNSAT (3.150 seconds)
327.38/327.49	['index', 'length', 'substr', 'add']: UNSAT (0.628 seconds)
328.09/328.12	['index', 'length', 'substr', 'sub']: UNSAT (0.570 seconds)
328.58/328.69	['index', 'length', 'add', 'add']: UNSAT (0.119 seconds)
328.78/328.81	['index', 'length', 'add', 'sub']: UNSAT (0.120 seconds)
328.88/328.93	['index', 'length', 'sub', 'sub']: UNSAT (0.113 seconds)
328.98/329.04	['index', 'substr', 'substr', 'substr']: UNSAT (7.241 seconds)
336.22/336.29	['index', 'substr', 'substr', 'add']: UNSAT (4.340 seconds)
340.58/340.63	['index', 'substr', 'substr', 'sub']: UNSAT (1.953 seconds)
342.48/342.58	['index', 'substr', 'add', 'add']: UNSAT (0.872 seconds)
343.38/343.45	['index', 'substr', 'add', 'sub']: UNSAT (0.607 seconds)
343.98/344.06	['index', 'substr', 'sub', 'sub']: UNSAT (0.522 seconds)
344.48/344.58	['index', 'add', 'add', 'add']: UNSAT (0.146 seconds)
344.68/344.73	['index', 'add', 'add', 'sub']: UNSAT (0.146 seconds)
344.78/344.88	['index', 'add', 'sub', 'sub']: UNSAT (0.148 seconds)
344.97/345.03	['index', 'sub', 'sub', 'sub']: UNSAT (0.148 seconds)
345.07/345.18	['length', 'length', 'length', 'length']: UNSAT (0.068 seconds)
345.07/345.25	['length', 'length', 'length', 'substr']: UNSAT (0.089 seconds)
345.22/345.34	['length', 'length', 'length', 'add']: UNSAT (0.076 seconds)
345.37/345.41	['length', 'length', 'length', 'sub']: UNSAT (0.073 seconds)
345.37/345.49	['length', 'length', 'substr', 'substr']: UNSAT (0.559 seconds)
345.97/346.05	['length', 'length', 'substr', 'add']: UNSAT (0.228 seconds)
346.20/346.28	['length', 'length', 'substr', 'sub']: UNSAT (0.233 seconds)
346.47/346.51	['length', 'length', 'add', 'add']: UNSAT (0.091 seconds)
346.57/346.60	['length', 'length', 'add', 'sub']: UNSAT (0.090 seconds)
346.57/346.69	['length', 'length', 'sub', 'sub']: UNSAT (0.089 seconds)
346.67/346.79	['length', 'substr', 'substr', 'substr']: UNSAT (2.744 seconds)
349.48/349.53	['length', 'substr', 'substr', 'add']: UNSAT (0.848 seconds)
350.24/350.38	['length', 'substr', 'substr', 'sub']: UNSAT (0.933 seconds)
351.19/351.31	['length', 'substr', 'add', 'add']: UNSAT (0.414 seconds)
351.68/351.73	['length', 'substr', 'add', 'sub']: UNSAT (0.416 seconds)
352.08/352.15	['length', 'substr', 'sub', 'sub']: UNSAT (0.331 seconds)
352.38/352.48	['length', 'add', 'add', 'add']: UNSAT (0.115 seconds)
352.58/352.60	['length', 'add', 'add', 'sub']: UNSAT (0.116 seconds)
352.68/352.71	['length', 'add', 'sub', 'sub']: UNSAT (0.113 seconds)
352.78/352.83	['length', 'sub', 'sub', 'sub']: UNSAT (0.116 seconds)
352.88/352.95	['substr', 'substr', 'substr', 'substr']: UNSAT (1.324 seconds)
354.20/354.27	['substr', 'substr', 'substr', 'add']: UNSAT (1.259 seconds)
355.48/355.53	['substr', 'substr', 'substr', 'sub']: UNSAT (1.343 seconds)
356.78/356.88	['substr', 'substr', 'add', 'add']: UNSAT (0.659 seconds)
357.48/357.54	['substr', 'substr', 'add', 'sub']: UNSAT (0.720 seconds)
358.20/358.26	['substr', 'substr', 'sub', 'sub']: UNSAT (0.685 seconds)
358.88/358.94	['substr', 'add', 'add', 'add']: UNSAT (0.480 seconds)
359.38/359.42	['substr', 'add', 'add', 'sub']: UNSAT (0.506 seconds)
359.88/359.93	['substr', 'add', 'sub', 'sub']: UNSAT (0.535 seconds)
360.38/360.47	['substr', 'sub', 'sub', 'sub']: UNSAT (0.370 seconds)
360.78/360.84	['add', 'add', 'add', 'add']: UNSAT (0.139 seconds)
360.88/360.98	['add', 'add', 'add', 'sub']: UNSAT (0.137 seconds)
361.08/361.12	['add', 'add', 'sub', 'sub']: UNSAT (0.144 seconds)
361.20/361.26	['add', 'sub', 'sub', 'sub']: UNSAT (0.144 seconds)
361.38/361.41	['sub', 'sub', 'sub', 'sub']: UNSAT (0.144 seconds)
361.48/361.55	['concat', 'concat', 'concat', 'concat', 'concat']: UNSAT (0.613 seconds)
362.08/362.17	['concat', 'concat', 'concat', 'concat', 'index']: UNSAT (0.217 seconds)
362.31/362.39	['concat', 'concat', 'concat', 'concat', 'length']: UNSAT (0.183 seconds)
362.48/362.57	['concat', 'concat', 'concat', 'concat', 'substr']: 