0.00/0.20	=== Examples (../../dataset/examples/examples-30.json)
0.00/0.20	IO(inputs=('outsystems.com',), output='outsystems')
0.00/0.20	IO(inputs=('cmu.edu',), output='cmu')
0.00/0.20	IO(inputs=('tecnico.pt',), output='tecnico')
0.00/0.20	=== Library
0.00/0.20	concat
0.00/0.20	index
0.00/0.20	length
0.00/0.20	substr
0.00/0.20	add
0.00/0.20	sub
0.00/0.20	=== Synthesis
0.00/0.20	['concat']: UNSAT (0.034 seconds)
0.13/0.23	['index']: UNSAT (0.035 seconds)
0.13/0.27	['length']: UNSAT (0.023 seconds)
0.13/0.29	['substr']: UNSAT (0.040 seconds)
0.13/0.33	['add']: UNSAT (0.029 seconds)
0.13/0.36	['sub']: UNSAT (0.029 seconds)
0.36/0.39	['concat', 'concat']: UNSAT (0.061 seconds)
0.36/0.46	['concat', 'index']: UNSAT (0.061 seconds)
0.48/0.52	['concat', 'length']: UNSAT (0.044 seconds)
0.48/0.56	['concat', 'substr']: UNSAT (0.124 seconds)
0.59/0.69	['concat', 'add']: UNSAT (0.043 seconds)
0.70/0.73	['concat', 'sub']: UNSAT (0.039 seconds)
0.73/0.77	['index', 'index']: UNSAT (0.055 seconds)
0.79/0.83	['index', 'length']: UNSAT (0.038 seconds)
0.79/0.87	['index', 'substr']: SAT (7.225 seconds)
7.99/8.09	substr(arg0, 0, index(arg0, '.', 0))
