0.11/0.20	=== Examples (../../dataset/examples/examples-72.json)
0.11/0.20	IO(inputs=('just use', 'trim '), output='just use trim')
0.11/0.20	IO(inputs=(" gudamit'", 'why you no use '), output="gudamit' why you no use")
0.11/0.20	IO(inputs=('your', 'libraries  '), output='your libraries')
0.11/0.20	=== Library
0.11/0.20	concat
0.11/0.20	index
0.11/0.20	length
0.11/0.20	substr
0.11/0.20	add
0.11/0.20	sub
0.11/0.20	=== Synthesis
0.11/0.20	['concat']: UNSAT (0.037 seconds)
0.11/0.24	['index']: UNSAT (0.038 seconds)
0.25/0.28	['length']: UNSAT (0.025 seconds)
0.25/0.30	['substr']: UNSAT (0.040 seconds)
0.25/0.34	['add']: UNSAT (0.030 seconds)
0.25/0.38	['sub']: UNSAT (0.031 seconds)
0.36/0.41	['concat', 'concat']: UNSAT (0.070 seconds)
0.46/0.48	['concat', 'index']: UNSAT (0.067 seconds)
0.46/0.55	['concat', 'length']: UNSAT (0.048 seconds)
0.56/0.60	['concat', 'substr']: UNSAT (0.070 seconds)
0.63/0.67	['concat', 'add']: UNSAT (0.050 seconds)
0.69/0.72	['concat', 'sub']: UNSAT (0.051 seconds)
0.69/0.77	['index', 'index']: UNSAT (0.079 seconds)
0.79/0.85	['index', 'length']: UNSAT (0.050 seconds)
0.89/0.90	['index', 'substr']: UNSAT (0.068 seconds)
0.89/0.97	['index', 'add']: UNSAT (0.050 seconds)
0.89/1.02	['index', 'sub']: UNSAT (0.052 seconds)
1.02/1.07	['length', 'length']: UNSAT (0.042 seconds)
1.02/1.12	['length', 'substr']: UNSAT (0.048 seconds)
1.13/1.17	['length', 'add']: UNSAT (0.034 seconds)
1.19/1.20	['length', 'sub']: UNSAT (0.037 seconds)
1.19/1.24	['substr', 'substr']: UNSAT (0.060 seconds)
1.29/1.30	['substr', 'add']: UNSAT (0.049 seconds)
1.29/1.35	['substr', 'sub']: UNSAT (0.048 seconds)
1.39/1.40	['add', 'add']: UNSAT (0.045 seconds)
1.39/1.45	['add', 'sub']: UNSAT (0.046 seconds)
1.39/1.49	['sub', 'sub']: UNSAT (0.046 seconds)
1.49/1.54	['concat', 'concat', 'concat']: UNSAT (0.181 seconds)
1.69/1.72	['concat', 'concat', 'index']: UNSAT (0.084 seconds)
1.79/1.81	['concat', 'concat', 'length']: UNSAT (0.072 seconds)
1.79/1.88	['concat', 'concat', 'substr']: UNSAT (0.424 seconds)
2.29/2.31	['concat', 'concat', 'add']: UNSAT (0.072 seconds)
2.29/2.38	['concat', 'concat', 'sub']: UNSAT (0.066 seconds)
2.39/2.45	['concat', 'index', 'index']: UNSAT (0.088 seconds)
2.49/2.54	['concat', 'index', 'length']: UNSAT (0.068 seconds)
2.59/2.61	['concat', 'index', 'substr']: UNSAT (0.167 seconds)
2.69/2.77	['concat', 'index', 'add']: UNSAT (0.076 seconds)
2.78/2.85	['concat', 'index', 'sub']: UNSAT (0.081 seconds)
2.88/2.93	['concat', 'length', 'length']: UNSAT (0.051 seconds)
2.88/2.99	['concat', 'length', 'substr']: UNSAT (0.096 seconds)
3.01/3.08	['concat', 'length', 'add']: UNSAT (0.057 seconds)
3.12/3.14	['concat', 'length', 'sub']: UNSAT (0.057 seconds)
3.18/3.20	['concat', 'substr', 'substr']: UNSAT (0.196 seconds)
3.28/3.40	['concat', 'substr', 'add']: UNSAT (0.084 seconds)
3.38/3.48	['concat', 'substr', 'sub']: UNSAT (0.078 seconds)
3.48/3.56	['concat', 'add', 'add']: UNSAT (0.065 seconds)
3.58/3.63	['concat', 'add', 'sub']: UNSAT (0.065 seconds)
3.58/3.69	['concat', 'sub', 'sub']: UNSAT (0.067 seconds)
3.68/3.76	['index', 'index', 'index']: UNSAT (0.095 seconds)
3.78/3.86	['index', 'index', 'length']: UNSAT (0.080 seconds)
3.88/3.94	['index', 'index', 'substr']: UNSAT (0.104 seconds)
4.01/4.04	['index', 'index', 'add']: UNSAT (0.085 seconds)
4.01/4.13	['index', 'index', 'sub']: UNSAT (0.087 seconds)
4.18/4.22	['index', 'length', 'length']: UNSAT (0.060 seconds)
4.18/4.28	['index', 'length', 'substr']: UNSAT (0.085 seconds)
4.28/4.36	['index', 'length', 'add']: UNSAT (0.065 seconds)
4.38/4.43	['index', 'length', 'sub']: UNSAT (0.065 seconds)
4.38/4.50	['index', 'substr', 'substr']: UNSAT (0.249 seconds)
4.68/4.75	['index', 'substr', 'add']: UNSAT (0.095 seconds)
4.78/4.84	['index', 'substr', 'sub']: UNSAT (0.094 seconds)
4.88/4.94	['index', 'add', 'add']: UNSAT (0.076 seconds)
4.88/5.01	['index', 'add', 'sub']: UNSAT (0.078 seconds)
5.01/5.09	['index', 'sub', 'sub']: UNSAT (0.079 seconds)
5.12/5.17	['length', 'length', 'length']: UNSAT (0.042 seconds)
5.18/5.22	['length', 'length', 'substr']: UNSAT (0.067 seconds)
5.18/5.28	['length', 'length', 'add']: UNSAT (0.049 seconds)
5.28/5.33	['length', 'length', 'sub']: UNSAT (0.047 seconds)
5.28/5.38	['length', 'substr', 'substr']: UNSAT (0.082 seconds)
5.38/5.46	['length', 'substr', 'add']: UNSAT (0.066 seconds)
5.48/5.53	['length', 'substr', 'sub']: UNSAT (0.068 seconds)
5.58/5.60	['length', 'add', 'add']: UNSAT (0.058 seconds)
5.58/5.66	['length', 'add', 'sub']: UNSAT (0.055 seconds)
5.68/5.72	['length', 'sub', 'sub']: UNSAT (0.058 seconds)
5.68/5.77	['substr', 'substr', 'substr']: UNSAT (0.101 seconds)
5.78/5.88	['substr', 'substr', 'add']: UNSAT (0.090 seconds)
5.88/5.97	['substr', 'substr', 'sub']: UNSAT (0.087 seconds)
6.01/6.06	['substr', 'add', 'add']: UNSAT (0.077 seconds)
6.01/6.14	['substr', 'add', 'sub']: UNSAT (0.076 seconds)
6.18/6.21	['substr', 'sub', 'sub']: UNSAT (0.080 seconds)
6.18/6.29	['add', 'add', 'add']: UNSAT (0.074 seconds)
6.28/6.37	['add', 'add', 'sub']: UNSAT (0.071 seconds)
6.38/6.44	['add', 'sub', 'sub']: UNSAT (0.071 seconds)
6.48/6.51	['sub', 'sub', 'sub']: UNSAT (0.072 seconds)
6.48/6.59	['concat', 'concat', 'concat', 'concat']: UNSAT (0.743 seconds)
7.28/7.33	['concat', 'concat', 'concat', 'index']: UNSAT (0.139 seconds)
7.39/7.47	['concat', 'concat', 'concat', 'length']: UNSAT (0.098 seconds)
7.49/7.57	['concat', 'concat', 'concat', 'substr']: UNKNOWN (101.264 seconds)
108.78/108.83	Reason: smt tactic failed to show goal to be sat/unsat max-conflicts-reached
108.78/108.83	Reason: smt tactic failed to show goal to be sat/unsat max-conflicts-reached
108.78/108.83	['concat', 'concat', 'concat', 'add']: UNSAT (0.106 seconds)
108.88/108.94	['concat', 'concat', 'concat', 'sub']: UNSAT (0.100 seconds)
109.00/109.04	['concat', 'concat', 'index', 'index']: UNSAT (0.132 seconds)
109.12/109.18	['concat', 'concat', 'index', 'length']: UNSAT (0.113 seconds)
109.18/109.29	['concat', 'concat', 'index', 'substr']: UNSAT (11.096 seconds)
120.28/120.39	['concat', 'concat', 'index', 'add']: UNSAT (0.106 seconds)
120.38/120.49	['concat', 'concat', 'index', 'sub']: UNSAT (0.108 seconds)
120.58/120.60	['concat', 'concat', 'length', 'length']: UNSAT (0.081 seconds)
120.58/120.69	['concat', 'concat', 'length', 'substr']: UNSAT (1.623 seconds)
122.27/122.31	['concat', 'concat', 'length', 'add']: UNSAT (0.085 seconds)
122.27/122.40	['concat', 'concat', 'length', 'sub']: UNSAT (0.084 seconds)
122.37/122.48	['concat', 'concat', 'substr', 'substr']: UNSAT (21.005 seconds)
143.38/143.49	['concat', 'concat', 'substr', 'add']: UNSAT (1.096 seconds)
144.48/144.58	['concat', 'concat', 'substr', 'sub']: UNSAT (1.041 seconds)
145.58/145.63	['concat', 'concat', 'add', 'add']: UNSAT (0.094 seconds)
145.68/145.72	['concat', 'concat', 'add', 'sub']: UNSAT (0.093 seconds)
145.78/145.81	['concat', 'concat', 'sub', 'sub']: UNSAT (0.095 seconds)
145.88/145.91	['concat', 'index', 'index', 'index']: UNSAT (0.138 seconds)
146.01/146.05	['concat', 'index', 'index', 'length']: UNSAT (0.117 seconds)
146.11/146.17	['concat', 'index', 'index', 'substr']: UNSAT (0.216 seconds)
146.28/146.38	['concat', 'index', 'index', 'add']: UNSAT (0.115 seconds)
146.48/146.50	['concat', 'index', 'index', 'sub']: UNSAT (0.116 seconds)
146.58/146.62	['concat', 'index', 'length', 'length']: UNSAT (0.094 seconds)
146.68/146.71	['concat', 'index', 'length', 'substr']: UNSAT (0.221 seconds)
146.88/146.94	['concat', 'index', 'length', 'add']: UNSAT (0.096 seconds)
146.88/147.03	['concat', 'index', 'length', 'sub']: UNSAT (0.100 seconds)
147.11/147.13	['concat', 'index', 'substr', 'substr']: UNSAT (0.869 seconds)
147.88/148.00	['concat', 'index', 'substr', 'add']: UNSAT (0.255 seconds)
148.18/148.26	['concat', 'index', 'substr', 'sub']: UNSAT (0.262 seconds)
148.48/148.52	['concat', 'index', 'add', 'add']: UNSAT (0.106 seconds)
148.58/148.63	['concat', 'index', 'add', 'sub']: UNSAT (0.111 seconds)
148.68/148.74	['concat', 'index', 'sub', 'sub']: UNSAT (0.105 seconds)
148.78/148.85	['concat', 'length', 'length', 'length']: UNSAT (0.070 seconds)
148.88/148.92	['concat', 'length', 'length', 'substr']: UNSAT (0.184 seconds)
149.00/149.11	['concat', 'length', 'length', 'add']: UNSAT (0.074 seconds)
149.11/149.18	['concat', 'length', 'length', 'sub']: UNSAT (0.074 seconds)
149.18/149.26	['concat', 'length', 'substr', 'substr']: UNSAT (0.679 seconds)
149.88/149.94	['concat', 'length', 'substr', 'add']: UNSAT (0.153 seconds)
150.01/150.09	['concat', 'length', 'substr', 'sub']: UNSAT (0.141 seconds)
150.18/150.23	['concat', 'length', 'add', 'add']: UNSAT (0.079 seconds)
150.28/150.31	['concat', 'length', 'add', 'sub']: UNSAT (0.082 seconds)
150.28/150.40	['concat', 'length', 'sub', 'sub']: UNSAT (0.083 seconds)
150.38/150.48	['concat', 'substr', 'substr', 'substr']: UNSAT (1.285 seconds)
151.68/151.77	['concat', 'substr', 'substr', 'add']: UNSAT (0.467 seconds)
152.18/152.23	['concat', 'substr', 'substr', 'sub']: UNSAT (0.443 seconds)
152.58/152.68	['concat', 'substr', 'add', 'add']: UNSAT (0.124 seconds)
152.78/152.80	['concat', 'substr', 'add', 'sub']: UNSAT (0.121 seconds)
152.88/152.93	['concat', 'substr', 'sub', 'sub']: UNSAT (0.109 seconds)
153.00/153.04	['concat', 'add', 'add', 'add']: UNSAT (0.098 seconds)
153.11/153.13	['concat', 'add', 'add', 'sub']: UNSAT (0.098 seconds)
153.18/153.23	['concat', 'add', 'sub', 'sub']: UNSAT (0.096 seconds)
153.28/153.33	['concat', 'sub', 'sub', 'sub']: UNSAT (0.096 seconds)
153.38/153.43	['index', 'index', 'index', 'index']: UNSAT (0.144 seconds)
153.48/153.57	['index', 'index', 'index', 'length']: UNSAT (0.118 seconds)
153.58/153.69	['index', 'index', 'index', 'substr']: UNSAT (0.177 seconds)
153.78/153.87	['index', 'index', 'index', 'add']: UNSAT (0.137 seconds)
153.88/154.01	['index', 'index', 'index', 'sub']: UNSAT (0.126 seconds)
154.12/154.14	['index', 'index', 'length', 'length']: UNSAT (0.094 seconds)
154.18/154.23	['index', 'index', 'length', 'substr']: UNSAT (0.198 seconds)
154.38/154.43	['index', 'index', 'length', 'add']: UNSAT (0.104 seconds)
154.48/154.54	['index', 'index', 'length', 'sub']: UNSAT (0.112 seconds)
154.58/154.65	['index', 'index', 'substr', 'substr']: UNSAT (0.235 seconds)
154.78/154.89	['index', 'index', 'substr', 'add']: UNSAT (0.144 seconds)
154.88/155.03	['index', 'index', 'substr', 'sub']: UNSAT (0.148 seconds)
155.11/155.18	['index', 'index', 'add', 'add']: UNSAT (0.123 seconds)
155.28/155.30	['index', 'index', 'add', 'sub']: UNSAT (0.121 seconds)
155.38/155.43	['index', 'index', 'sub', 'sub']: UNSAT (0.120 seconds)
155.48/155.55	['index', 'length', 'length', 'length']: UNSAT (0.073 seconds)
155.58/155.62	['index', 'length', 'length', 'substr']: UNSAT (0.113 seconds)
155.68/155.74	['index', 'length', 'length', 'add']: UNSAT (0.083 seconds)
155.78/155.82	['index', 'length', 'length', 'sub']: UNSAT (0.085 seconds)
155.88/155.91	['index', 'length', 'substr', 'substr']: UNSAT (0.203 seconds)
156.01/156.11	['index', 'length', 'substr', 'add']: UNSAT (0.122 seconds)
156.18/156.23	['index', 'length', 'substr', 'sub']: UNSAT (0.126 seconds)
156.28/156.36	['index', 'length', 'add', 'add']: UNSAT (0.095 seconds)
156.38/156.46	['index', 'length', 'add', 'sub']: UNSAT (0.097 seconds)
156.48/156.55	['index', 'length', 'sub', 'sub']: UNSAT (0.095 seconds)
156.58/156.65	['index', 'substr', 'substr', 'substr']: UNSAT (0.436 seconds)
157.00/157.09	['index', 'substr', 'substr', 'add']: UNSAT (0.300 seconds)
157.28/157.39	['index', 'substr', 'substr', 'sub']: UNSAT (0.195 seconds)
157.48/157.59	['index', 'substr', 'add', 'add']: UNSAT (0.151 seconds)
157.68/157.74	['index', 'substr', 'add', 'sub']: UNSAT (0.145 seconds)
157.78/157.88	['index', 'substr', 'sub', 'sub']: UNSAT (0.162 seconds)
158.01/158.05	['index', 'add', 'add', 'add']: UNSAT (0.118 seconds)
158.11/158.17	['index', 'add', 'add', 'sub']: UNSAT (0.117 seconds)
158.18/158.28	['index', 'add', 'sub', 'sub']: UNSAT (0.116 seconds)
158.38/158.40	['index', 'sub', 'sub', 'sub']: UNSAT (0.115 seconds)
158.48/158.52	['length', 'length', 'length', 'length']: UNSAT (0.056 seconds)
158.48/158.57	['length', 'length', 'length', 'substr']: UNSAT (0.072 seconds)
158.58/158.65	['length', 'length', 'length', 'add']: UNSAT (0.065 seconds)
158.68/158.71	['length', 'length', 'length', 'sub']: UNSAT (0.060 seconds)
158.68/158.77	['length', 'length', 'substr', 'substr']: UNSAT (0.176 seconds)
158.88/158.95	['length', 'length', 'substr', 'add']: UNSAT (0.094 seconds)
159.01/159.05	['length', 'length', 'substr', 'sub']: UNSAT (0.099 seconds)
159.12/159.15	['length', 'length', 'add', 'add']: UNSAT (0.070 seconds)
159.18/159.22	['length', 'length', 'add', 'sub']: UNSAT (0.072 seconds)
159.18/159.29	['length', 'length', 'sub', 'sub']: UNSAT (0.072 seconds)
159.28/159.36	['length', 'substr', 'substr', 'substr']: UNSAT (0.162 seconds)
159.48/159.53	['length', 'substr', 'substr', 'add']: UNSAT (0.119 seconds)
159.58/159.65	['length', 'substr', 'substr', 'sub']: UNSAT (0.123 seconds)
159.68/159.77	['length', 'substr', 'add', 'add']: UNSAT (0.097 seconds)
159.78/159.87	['length', 'substr', 'add', 'sub']: UNSAT (0.105 seconds)
159.88/159.98	['length', 'substr', 'sub', 'sub']: UNSAT (0.105 seconds)
160.01/160.08	['length', 'add', 'add', 'add']: UNSAT (0.086 seconds)
160.12/160.17	['length', 'add', 'add', 'sub']: UNSAT (0.089 seconds)
160.18/160.26	['length', 'add', 'sub', 'sub']: UNSAT (0.086 seconds)
160.28/160.35	['length', 'sub', 'sub', 'sub']: UNSAT (0.086 seconds)
160.38/160.43	['substr', 'substr', 'substr', 'substr']: UNSAT (0.146 seconds)
160.48/160.58	['substr', 'substr', 'substr', 'add']: UNSAT (0.134 seconds)
160.68/160.72	['substr', 'substr', 'substr', 'sub']: UNSAT (0.135 seconds)
160.78/160.85	['substr', 'substr', 'add', 'add']: UNSAT (0.122 seconds)
160.88/160.98	['substr', 'substr', 'add', 'sub']: UNSAT (0.126 seconds)
161.01/161.10	['substr', 'substr', 'sub', 'sub']: UNSAT (0.122 seconds)
161.18/161.22	['substr', 'add', 'add', 'add']: UNSAT (0.114 seconds)
161.28/161.34	['substr', 'add', 'add', 'sub']: UNSAT (0.115 seconds)
161.38/161.46	['substr', 'add', 'sub', 'sub']: UNSAT (0.114 seconds)
161.48/161.57	['substr', 'sub', 'sub', 'sub']: UNSAT (0.113 seconds)
161.58/161.69	['add', 'add', 'add', 'add']: UNSAT (0.108 seconds)
161.68/161.79	['add', 'add', 'add', 'sub']: UNSAT (0.114 seconds)
161.88/161.91	['add', 'add', 'sub', 'sub']: UNSAT (0.115 seconds)
161.88/162.03	['add', 'sub', 'sub', 'sub']: UNSAT (0.113 seconds)
162.12/162.14	['sub', 'sub', 'sub', 'sub']: UNSAT (0.105 seconds)
162.18/162.25	['concat', 'concat', 'concat', 'concat', 'concat']: UNSAT (21.700 seconds)
183.88/183.95	['concat', 'concat', 'concat', 'concat', 'index']: UNSAT (0.168 seconds)
184.00/184.12	['concat', 'concat', 'concat', 'concat', 'length']: UNSAT (0.141 seconds)
184.18/184.26	['concat', 'concat', 'concat', 'concat', 'substr']: UNKNOWN (175.213 seconds)
359.37/359.47	Reason: smt tactic failed to show goal to be sat/unsat max-conflicts-reached
359.37/359.47	Reason: smt tactic failed to show goal to be sat/unsat max-conflicts-reached
359.37/359.47	['concat', 'concat', 'concat', 'concat', 'add']: UNSAT (0.147 seconds)
359.57/359.62	['concat', 'concat', 'concat', 'concat', 'sub']: UNSAT (0.139 seconds)
359.67/359.76	['concat', 'concat', 'concat', 'index', 'index']: UNSAT (0.178 seconds)
359.87/359.94	['concat', 'concat', 'concat', 'index', 'length']: UNSAT (0.147 seconds)
360.00/360.09	['concat', 'concat', 'concat', 'index', 'substr']: UNKNOWN (206.618 seconds)
566.67/566.71	Reason: smt tactic failed to show goal to be sat/unsat max-conflicts-reached
566.67/566.71	Reason: smt tactic failed to show goal to be sat/unsat max-conflicts-reached
566.67/566.71	['concat', 'concat', 'concat', 'index', 'add']: UNSAT (0.152 seconds)
566.76/566.86	['concat', 'concat', 'concat', 'index', 'sub']: UNSAT (0.151 seconds)
566.86/567.01	['concat', 'concat', 'concat', 'length', 'length']: UNSAT (0.123 seconds)
567.10/567.14	['concat', 'concat', 'concat', 'length', 'substr']: 