0.10/0.20	=== Examples (../../dataset/examples/examples-17.json)
0.10/0.20	IO(inputs=('Quisque sollicitudin volutpat.',), output='Quisque sollicitudin...')
0.10/0.20	IO(inputs=('In viverra in mi non turpis duis.',), output='In viverra in mi non...')
0.10/0.20	IO(inputs=('Sed vel massa vitae lectus cras amet.',), output='Sed vel massa vitae ...')
0.10/0.20	=== Library
0.10/0.20	concat
0.10/0.20	index
0.10/0.20	length
0.10/0.20	substr
0.10/0.20	add
0.10/0.20	sub
0.10/0.20	=== Synthesis
0.10/0.20	['concat']: UNSAT (0.035 seconds)
0.10/0.24	['index']: UNSAT (0.035 seconds)
0.24/0.27	['length']: UNSAT (0.023 seconds)
0.24/0.30	['substr']: UNSAT (0.090 seconds)
0.24/0.39	['add']: UNSAT (0.029 seconds)
0.24/0.42	['sub']: UNSAT (0.030 seconds)
0.40/0.45	['concat', 'concat']: UNSAT (0.063 seconds)
0.48/0.51	['concat', 'index']: UNSAT (0.061 seconds)
0.48/0.57	['concat', 'length']: UNSAT (0.047 seconds)
0.57/0.62	['concat', 'substr']: SAT (0.549 seconds)
1.15/1.17	concat(substr(arg0, 0, 20), '...')
