0.00/0.18	=== Examples (../../dataset/examples/examples-05.json)
0.00/0.18	IO(inputs=('Customer with who cares',), output='who cares')
0.00/0.18	IO(inputs=('Customer with i certainly do not',), output='i certainly do not')
0.00/0.18	IO(inputs=('well someone must care',), output='well someone must care')
0.00/0.18	=== Library
0.00/0.18	concat
0.00/0.18	index
0.00/0.18	length
0.00/0.18	substr
0.00/0.18	add
0.00/0.18	sub
0.00/0.18	=== Synthesis
0.00/0.18	['concat']: UNSAT (0.027 seconds)
0.19/0.21	['index']: UNSAT (0.026 seconds)
0.19/0.24	['length']: UNSAT (0.018 seconds)
0.19/0.26	['substr']: UNSAT (0.029 seconds)
0.19/0.29	['add']: UNSAT (0.022 seconds)
0.19/0.31	['sub']: UNSAT (0.022 seconds)
0.19/0.33	['concat', 'concat']: UNSAT (0.053 seconds)
0.19/0.39	['concat', 'index']: UNSAT (0.046 seconds)
0.37/0.43	['concat', 'length']: UNSAT (0.035 seconds)
0.37/0.47	['concat', 'substr']: UNSAT (0.090 seconds)
0.37/0.56	['concat', 'add']: UNSAT (0.038 seconds)
0.57/0.60	['concat', 'sub']: UNSAT (0.038 seconds)
0.57/0.64	['index', 'index']: UNSAT (0.052 seconds)
0.64/0.69	['index', 'length']: UNSAT (0.037 seconds)
0.64/0.73	['index', 'substr']: UNSAT (2.880 seconds)
3.59/3.61	['index', 'add']: UNSAT (0.046 seconds)
3.59/3.66	['index', 'sub']: UNSAT (0.045 seconds)
3.69/3.70	['length', 'length']: UNSAT (0.026 seconds)
3.69/3.73	['length', 'substr']: UNSAT (0.050 seconds)
3.69/3.78	['length', 'add']: UNSAT (0.032 seconds)
3.79/3.81	['length', 'sub']: UNSAT (0.032 seconds)
3.79/3.85	['substr', 'substr']: UNSAT (0.077 seconds)
3.89/3.92	['substr', 'add']: UNSAT (0.058 seconds)
3.89/3.98	['substr', 'sub']: UNSAT (0.054 seconds)
3.99/4.04	['add', 'add']: UNSAT (0.041 seconds)
3.99/4.08	['add', 'sub']: UNSAT (0.042 seconds)
4.09/4.12	['sub', 'sub']: UNSAT (0.045 seconds)
4.09/4.17	['concat', 'concat', 'concat']: UNSAT (0.188 seconds)
4.18/4.36	['concat', 'concat', 'index']: UNSAT (0.078 seconds)
4.38/4.44	['concat', 'concat', 'length']: UNSAT (0.058 seconds)
4.48/4.50	['concat', 'concat', 'substr']: UNSAT (0.477 seconds)
4.88/4.97	['concat', 'concat', 'add']: UNSAT (0.064 seconds)
4.98/5.04	['concat', 'concat', 'sub']: UNSAT (0.062 seconds)
5.08/5.10	['concat', 'index', 'index']: UNSAT (0.084 seconds)
5.08/5.19	['concat', 'index', 'length']: UNSAT (0.065 seconds)
5.18/5.25	['concat', 'index', 'substr']: UNKNOWN (322.742 seconds)
327.98/328.00	Reason: smt tactic failed to show goal to be sat/unsat max-conflicts-reached
327.98/328.00	Reason: smt tactic failed to show goal to be sat/unsat max-conflicts-reached
327.98/328.00	['concat', 'index', 'add']: UNSAT (0.075 seconds)
327.98/328.07	['concat', 'index', 'sub']: UNSAT (0.074 seconds)
328.08/328.15	['concat', 'length', 'length']: UNSAT (0.051 seconds)
328.18/328.20	['concat', 'length', 'substr']: UNSAT (0.132 seconds)
328.28/328.33	['concat', 'length', 'add']: UNSAT (0.054 seconds)
328.28/328.39	['concat', 'length', 'sub']: UNSAT (0.054 seconds)
328.38/328.44	['concat', 'substr', 'substr']: UNSAT (0.312 seconds)
328.68/328.75	['concat', 'substr', 'add']: UNSAT (0.119 seconds)
328.78/328.88	['concat', 'substr', 'sub']: UNSAT (0.125 seconds)
328.98/329.00	['concat', 'add', 'add']: UNSAT (0.065 seconds)
328.98/329.07	['concat', 'add', 'sub']: UNSAT (0.066 seconds)
329.08/329.13	['concat', 'sub', 'sub']: UNSAT (0.067 seconds)
329.18/329.20	['index', 'index', 'index']: UNSAT (0.098 seconds)
329.28/329.30	['index', 'index', 'length']: UNSAT (0.074 seconds)
329.28/329.38	['index', 'index', 'substr']: 