0.00/0.20	=== Examples (../../dataset/examples/examples-42.json)
0.00/0.20	IO(inputs=('DO IT',), output='do it!@')
0.00/0.20	IO(inputs=('COME ON',), output='come on!@')
0.00/0.20	IO(inputs=("LET'S GO FAST",), output="let's go fast!@")
0.00/0.20	=== Library
0.00/0.20	concat
0.00/0.20	index
0.00/0.20	length
0.00/0.20	substr
0.00/0.20	add
0.00/0.20	sub
0.00/0.20	=== Synthesis
0.00/0.20	['concat']: UNSAT (0.035 seconds)
0.17/0.23	['index']: UNSAT (0.035 seconds)
0.17/0.27	['length']: UNSAT (0.023 seconds)
0.17/0.29	['substr']: UNSAT (0.039 seconds)
0.17/0.33	['add']: UNSAT (0.032 seconds)
0.17/0.36	['sub']: UNSAT (0.031 seconds)
0.17/0.40	['concat', 'concat']: UNSAT (0.115 seconds)
0.32/0.51	['concat', 'index']: UNSAT (0.075 seconds)
0.46/0.59	['concat', 'length']: UNSAT (0.045 seconds)
0.46/0.63	['concat', 'substr']: UNSAT (0.212 seconds)
0.83/0.85	['concat', 'add']: UNSAT (0.042 seconds)
0.83/0.89	['concat', 'sub']: UNSAT (0.041 seconds)
0.88/0.93	['index', 'index']: UNSAT (0.058 seconds)
0.88/0.99	['index', 'length']: UNSAT (0.043 seconds)
0.98/1.03	['index', 'substr']: UNSAT (0.064 seconds)
1.08/1.10	['index', 'add']: UNSAT (0.050 seconds)
1.08/1.15	['index', 'sub']: UNSAT (0.050 seconds)
1.08/1.20	['length', 'length']: UNSAT (0.028 seconds)
1.08/1.23	['length', 'substr']: UNSAT (0.043 seconds)
1.08/1.27	['length', 'add']: UNSAT (0.036 seconds)
1.23/1.31	['length', 'sub']: UNSAT (0.034 seconds)
1.23/1.35	['substr', 'substr']: UNSAT (0.063 seconds)
1.40/1.41	['substr', 'add']: UNSAT (0.056 seconds)
1.40/1.47	['substr', 'sub']: UNSAT (0.055 seconds)
1.48/1.52	['add', 'add']: UNSAT (0.046 seconds)
1.48/1.57	['add', 'sub']: UNSAT (0.044 seconds)
1.59/1.62	['sub', 'sub']: UNSAT (0.045 seconds)
1.59/1.66	['concat', 'concat', 'concat']: UNSAT (3.454 seconds)
5.09/5.12	['concat', 'concat', 'index']: UNSAT (0.085 seconds)
5.09/5.20	['concat', 'concat', 'length']: UNSAT (0.064 seconds)
5.21/5.27	['concat', 'concat', 'substr']: UNSAT (5.037 seconds)
10.20/10.31	['concat', 'concat', 'add']: UNSAT (0.067 seconds)
10.32/10.37	['concat', 'concat', 'sub']: UNSAT (0.065 seconds)
10.38/10.44	['concat', 'index', 'index']: UNSAT (0.088 seconds)
10.48/10.53	['concat', 'index', 'length']: UNSAT (0.068 seconds)
10.48/10.60	['concat', 'index', 'substr']: UNSAT (0.460 seconds)
10.98/11.06	['concat', 'index', 'add']: UNSAT (0.076 seconds)
11.08/11.14	['concat', 'index', 'sub']: UNSAT (0.074 seconds)
11.08/11.21	['concat', 'length', 'length']: UNSAT (0.052 seconds)
11.20/11.26	['concat', 'length', 'substr']: UNSAT (0.378 seconds)
11.60/11.64	['concat', 'length', 'add']: UNSAT (0.059 seconds)
11.68/11.70	['concat', 'length', 'sub']: UNSAT (0.057 seconds)
11.68/11.76	['concat', 'substr', 'substr']: UNSAT (0.943 seconds)
12.68/12.71	['concat', 'substr', 'add']: UNSAT (0.297 seconds)
12.98/13.00	['concat', 'substr', 'sub']: UNSAT (0.288 seconds)
13.20/13.29	['concat', 'add', 'add']: UNSAT (0.065 seconds)
13.34/13.36	['concat', 'add', 'sub']: UNSAT (0.065 seconds)
13.38/13.42	['concat', 'sub', 'sub']: UNSAT (0.066 seconds)
13.38/13.49	['index', 'index', 'index']: UNSAT (0.094 seconds)
13.48/13.59	['index', 'index', 'length']: UNSAT (0.079 seconds)
13.60/13.67	['index', 'index', 'substr']: UNSAT (0.112 seconds)
13.68/13.78	['index', 'index', 'add']: UNSAT (0.085 seconds)
13.78/13.87	['index', 'index', 'sub']: UNSAT (0.082 seconds)
13.88/13.95	['index', 'length', 'length']: UNSAT (0.055 seconds)
13.98/14.01	['index', 'length', 'substr']: UNSAT (0.083 seconds)
13.98/14.09	['index', 'length', 'add']: UNSAT (0.065 seconds)
14.08/14.16	['index', 'length', 'sub']: UNSAT (0.067 seconds)
14.08/14.22	['index', 'substr', 'substr']: UNSAT (0.143 seconds)
14.34/14.37	['index', 'substr', 'add']: UNSAT (0.097 seconds)
14.38/14.47	['index', 'substr', 'sub']: UNSAT (0.095 seconds)
14.48/14.56	['index', 'add', 'add']: UNSAT (0.082 seconds)
14.60/14.64	['index', 'add', 'sub']: UNSAT (0.081 seconds)
14.68/14.73	['index', 'sub', 'sub']: UNSAT (0.081 seconds)
14.78/14.81	['length', 'length', 'length']: UNSAT (0.039 seconds)
14.78/14.85	['length', 'length', 'substr']: UNSAT (0.059 seconds)
14.88/14.91	['length', 'length', 'add']: UNSAT (0.046 seconds)
14.88/14.96	['length', 'length', 'sub']: UNSAT (0.047 seconds)
14.98/15.00	['length', 'substr', 'substr']: UNSAT (0.091 seconds)
14.98/15.10	['length', 'substr', 'add']: UNSAT (0.070 seconds)
15.08/15.17	['length', 'substr', 'sub']: UNSAT (0.072 seconds)
15.20/15.24	['length', 'add', 'add']: UNSAT (0.061 seconds)
15.20/15.30	['length', 'add', 'sub']: UNSAT (0.058 seconds)
15.33/15.36	['length', 'sub', 'sub']: UNSAT (0.061 seconds)
15.38/15.42	['substr', 'substr', 'substr']: UNSAT (0.111 seconds)
15.48/15.53	['substr', 'substr', 'add']: UNSAT (0.098 seconds)
15.60/15.63	['substr', 'substr', 'sub']: UNSAT (0.094 seconds)
15.68/15.73	['substr', 'add', 'add']: UNSAT (0.088 seconds)
15.78/15.82	['substr', 'add', 'sub']: UNSAT (0.084 seconds)
15.88/15.90	['substr', 'sub', 'sub']: UNSAT (0.083 seconds)
15.88/15.99	['add', 'add', 'add']: UNSAT (0.074 seconds)
15.98/16.06	['add', 'add', 'sub']: UNSAT (0.073 seconds)
16.08/16.14	['add', 'sub', 'sub']: UNSAT (0.073 seconds)
16.08/16.21	['sub', 'sub', 'sub']: UNSAT (0.075 seconds)
16.20/16.29	['concat', 'concat', 'concat', 'concat']: 