574.69/574.80	=== Examples (examples-77.json)
574.69/574.80	(["George Michael"],"Michael")
574.69/574.80	(["Michael Bluth"],"Bluth")
574.69/574.80	=== Library
574.69/574.80	Add
574.69/574.80	Concat
574.69/574.80	Index
574.69/574.80	Length
574.69/574.80	Sub
574.69/574.80	Substr
574.69/574.80	=== Synthesis
574.69/574.80	Size: 1
574.69/574.80	Size: 2
574.69/574.80	=== Program
574.69/574.80	prog(x0):
574.69/574.80	  c0 = "21"
574.69/574.80	  c1 = "7"
574.69/574.80	  c2 = "0"
574.69/574.80	  c3 = "0"
574.69/574.80	  r0 = Concat(x0, x0)
574.69/574.80	  r1 = Substr(r0, c0, c1)
574.69/574.80	
