8.72/8.79	=== Examples (examples-76.json)
8.72/8.79	(["abcdef",3,"xyz"],"xyz")
8.72/8.79	(["012345",4,"742"],"0742")
8.72/8.79	=== Library
8.72/8.79	Add
8.72/8.79	Concat
8.72/8.79	Index
8.72/8.79	Length
8.72/8.79	Sub
8.72/8.79	Substr
8.72/8.79	=== Synthesis
8.72/8.79	Size: 1
8.72/8.79	Size: 2
8.72/8.79	Size: 3
8.72/8.79	=== Program
8.72/8.79	prog(x0, x1, x2):
8.72/8.79	  c0 = "-3"
8.72/8.79	  c1 = "0"
8.72/8.79	  c2 = "0"
8.72/8.79	  c3 = "xyz"
8.72/8.79	  r0 = Add(c0, x1)
8.72/8.79	  r1 = Substr(x0, c2, r0)
8.72/8.79	  r2 = Concat(r1, x2)
8.72/8.79	
