0.18/0.20	=== Examples (../../dataset/examples/examples-80.json)
0.18/0.20	IO(inputs=('george.bluth@outsystems.com',), output='@outsystems.com')
0.18/0.20	=== Library
0.18/0.20	concat
0.18/0.20	index
0.18/0.20	length
0.18/0.20	substr
0.18/0.20	add
0.18/0.20	sub
0.18/0.20	=== Synthesis
0.18/0.20	['concat']: UNSAT (0.022 seconds)
0.18/0.22	['index']: UNSAT (0.021 seconds)
0.18/0.24	['length']: UNSAT (0.017 seconds)
0.18/0.26	['substr']: UNSAT (0.023 seconds)
0.18/0.28	['add']: UNSAT (0.019 seconds)
0.18/0.30	['sub']: UNSAT (0.019 seconds)
0.30/0.32	['concat', 'concat']: UNSAT (0.034 seconds)
0.30/0.35	['concat', 'index']: UNSAT (0.030 seconds)
0.36/0.39	['concat', 'length']: UNSAT (0.025 seconds)
0.36/0.41	['concat', 'substr']: SAT (0.039 seconds)
0.36/0.45	substr(concat(arg0, arg0), 39, 39)
