0.13/0.19	=== Examples (../../dataset/examples/examples-58.json)
0.13/0.19	IO(inputs=('who cares about the last one.',), output='who cares about the last one')
0.13/0.19	=== Library
0.13/0.19	concat
0.13/0.19	index
0.13/0.19	length
0.13/0.19	substr
0.13/0.19	add
0.13/0.19	sub
0.13/0.19	=== Synthesis
0.13/0.19	['concat']: UNSAT (0.023 seconds)
0.13/0.22	['index']: UNSAT (0.020 seconds)
0.13/0.24	['length']: UNSAT (0.017 seconds)
0.13/0.26	['substr']: UNSAT (0.022 seconds)
0.13/0.28	['add']: UNSAT (0.020 seconds)
0.27/0.30	['sub']: UNSAT (0.020 seconds)
0.27/0.32	['concat', 'concat']: UNSAT (0.034 seconds)
0.27/0.35	['concat', 'index']: UNSAT (0.030 seconds)
0.38/0.39	['concat', 'length']: UNSAT (0.025 seconds)
0.38/0.41	['concat', 'substr']: UNSAT (0.158 seconds)
0.50/0.57	['concat', 'add']: UNSAT (0.025 seconds)
0.50/0.60	['concat', 'sub']: UNSAT (0.025 seconds)
0.60/0.62	['index', 'index']: UNSAT (0.024 seconds)
0.63/0.65	['index', 'length']: UNSAT (0.018 seconds)
0.63/0.66	['index', 'substr']: SAT (0.661 seconds)
1.29/1.33	substr(arg0, 0, index(arg0, '.', 0))
