0.11/0.20	=== Examples (../../dataset/examples/examples-07.json)
0.11/0.20	IO(inputs=('Sub of by way',), output='Sub of<br /> by way')
0.11/0.20	=== Library
0.11/0.20	concat
0.11/0.20	index
0.11/0.20	length
0.11/0.20	substr
0.11/0.20	add
0.11/0.20	sub
0.11/0.20	=== Synthesis
0.11/0.20	['concat']: UNSAT (0.024 seconds)
0.11/0.22	['index']: UNSAT (0.022 seconds)
0.11/0.25	['length']: UNSAT (0.018 seconds)
0.11/0.26	['substr']: UNSAT (0.023 seconds)
0.26/0.29	['add']: UNSAT (0.019 seconds)
0.26/0.31	['sub']: UNSAT (0.020 seconds)
0.26/0.33	['concat', 'concat']: UNSAT (0.044 seconds)
0.26/0.37	['concat', 'index']: UNSAT (0.031 seconds)
0.36/0.40	['concat', 'length']: UNSAT (0.026 seconds)
0.36/0.43	['concat', 'substr']: UNSAT (0.036 seconds)
0.36/0.47	['concat', 'add']: UNSAT (0.027 seconds)
0.46/0.50	['concat', 'sub']: UNSAT (0.026 seconds)
0.46/0.52	['index', 'index']: UNSAT (0.032 seconds)
0.46/0.56	['index', 'length']: UNSAT (0.026 seconds)
0.55/0.58	['index', 'substr']: UNSAT (0.033 seconds)
0.55/0.62	['index', 'add']: UNSAT (0.023 seconds)
0.63/0.64	['index', 'sub']: UNSAT (0.022 seconds)
0.63/0.66	['length', 'length']: UNSAT (0.017 seconds)
0.63/0.68	['length', 'substr']: UNSAT (0.022 seconds)
0.69/0.70	['length', 'add']: UNSAT (0.018 seconds)
0.69/0.72	['length', 'sub']: UNSAT (0.018 seconds)
0.69/0.74	['substr', 'substr']: UNSAT (0.027 seconds)
0.69/0.77	['substr', 'add']: UNSAT (0.024 seconds)
0.69/0.79	['substr', 'sub']: UNSAT (0.024 seconds)
0.79/0.82	['add', 'add']: UNSAT (0.022 seconds)
0.79/0.84	['add', 'sub']: UNSAT (0.022 seconds)
0.79/0.86	['sub', 'sub']: UNSAT (0.022 seconds)
0.79/0.88	['concat', 'concat', 'concat']: UNSAT (0.317 seconds)
1.19/1.20	['concat', 'concat', 'index']: UNSAT (0.034 seconds)
1.19/1.24	['concat', 'concat', 'length']: UNSAT (0.027 seconds)
1.19/1.27	['concat', 'concat', 'substr']: UNSAT (0.420 seconds)
1.59/1.69	['concat', 'concat', 'add']: UNSAT (0.028 seconds)
1.69/1.71	['concat', 'concat', 'sub']: UNSAT (0.027 seconds)
1.69/1.74	['concat', 'index', 'index']: UNSAT (0.034 seconds)
1.69/1.78	['concat', 'index', 'length']: UNSAT (0.028 seconds)
1.79/1.81	['concat', 'index', 'substr']: UNSAT (0.092 seconds)
1.89/1.90	['concat', 'index', 'add']: UNSAT (0.032 seconds)
1.89/1.93	['concat', 'index', 'sub']: UNSAT (0.032 seconds)
1.89/1.97	['concat', 'length', 'length']: UNSAT (0.024 seconds)
1.89/1.99	['concat', 'length', 'substr']: UNSAT (0.059 seconds)
2.02/2.05	['concat', 'length', 'add']: UNSAT (0.024 seconds)
2.02/2.07	['concat', 'length', 'sub']: UNSAT (0.025 seconds)
2.02/2.10	['concat', 'substr', 'substr']: UNSAT (0.066 seconds)
2.13/2.17	['concat', 'substr', 'add']: UNSAT (0.043 seconds)
2.19/2.21	['concat', 'substr', 'sub']: UNSAT (0.050 seconds)
2.19/2.26	['concat', 'add', 'add']: UNSAT (0.028 seconds)
2.19/2.29	['concat', 'add', 'sub']: UNSAT (0.027 seconds)
2.29/2.32	['concat', 'sub', 'sub']: UNSAT (0.028 seconds)
2.29/2.35	['index', 'index', 'index']: UNSAT (0.036 seconds)
2.29/2.38	['index', 'index', 'length']: UNSAT (0.030 seconds)
2.39/2.41	['index', 'index', 'substr']: UNSAT (0.064 seconds)
2.39/2.48	['index', 'index', 'add']: UNSAT (0.033 seconds)
2.49/2.51	['index', 'index', 'sub']: UNSAT (0.033 seconds)
2.49/2.55	['index', 'length', 'length']: UNSAT (0.025 seconds)
2.49/2.57	['index', 'length', 'substr']: UNSAT (0.033 seconds)
2.59/2.60	['index', 'length', 'add']: UNSAT (0.027 seconds)
2.59/2.63	['index', 'length', 'sub']: UNSAT (0.028 seconds)
2.59/2.66	['index', 'substr', 'substr']: UNSAT (0.073 seconds)
2.69/2.73	['index', 'substr', 'add']: UNSAT (0.039 seconds)
2.69/2.77	['index', 'substr', 'sub']: UNSAT (0.043 seconds)
2.79/2.82	['index', 'add', 'add']: UNSAT (0.031 seconds)
2.79/2.85	['index', 'add', 'sub']: UNSAT (0.032 seconds)
2.79/2.88	['index', 'sub', 'sub']: UNSAT (0.032 seconds)
2.89/2.92	['length', 'length', 'length']: UNSAT (0.020 seconds)
2.89/2.94	['length', 'length', 'substr']: UNSAT (0.027 seconds)
2.89/2.96	['length', 'length', 'add']: UNSAT (0.022 seconds)
2.89/2.99	['length', 'length', 'sub']: UNSAT (0.023 seconds)
2.89/3.01	['length', 'substr', 'substr']: UNSAT (0.038 seconds)
3.01/3.05	['length', 'substr', 'add']: UNSAT (0.032 seconds)
3.01/3.08	['length', 'substr', 'sub']: UNSAT (0.032 seconds)
3.01/3.12	['length', 'add', 'add']: UNSAT (0.026 seconds)
3.13/3.14	['length', 'add', 'sub']: UNSAT (0.026 seconds)
3.13/3.17	['length', 'sub', 'sub']: UNSAT (0.025 seconds)
3.13/3.19	['substr', 'substr', 'substr']: UNSAT (0.046 seconds)
3.19/3.24	['substr', 'substr', 'add']: UNSAT (0.037 seconds)
3.19/3.28	['substr', 'substr', 'sub']: UNSAT (0.037 seconds)
3.29/3.32	['substr', 'add', 'add']: UNSAT (0.033 seconds)
3.29/3.35	['substr', 'add', 'sub']: UNSAT (0.032 seconds)
3.29/3.39	['substr', 'sub', 'sub']: UNSAT (0.032 seconds)
3.39/3.42	['add', 'add', 'add']: UNSAT (0.029 seconds)
3.39/3.45	['add', 'add', 'sub']: UNSAT (0.029 seconds)
3.39/3.48	['add', 'sub', 'sub']: UNSAT (0.031 seconds)
3.49/3.51	['sub', 'sub', 'sub']: UNSAT (0.029 seconds)
3.49/3.54	['concat', 'concat', 'concat', 'concat']: UNSAT (77.478 seconds)
80.89/81.02	['concat', 'concat', 'concat', 'index']: UNSAT (0.045 seconds)
81.01/81.07	['concat', 'concat', 'concat', 'length']: UNSAT (0.037 seconds)
81.01/81.10	['concat', 'concat', 'concat', 'substr']: UNSAT (72.273 seconds)
153.28/153.38	['concat', 'concat', 'concat', 'add']: UNSAT (0.037 seconds)
153.38/153.42	['concat', 'concat', 'concat', 'sub']: UNSAT (0.034 seconds)
153.38/153.45	['concat', 'concat', 'index', 'index']: UNSAT (0.047 seconds)
153.48/153.50	['concat', 'concat', 'index', 'length']: UNSAT (0.035 seconds)
153.48/153.53	['concat', 'concat', 'index', 'substr']: UNSAT (4.995 seconds)
158.48/158.53	['concat', 'concat', 'index', 'add']: UNSAT (0.040 seconds)
158.48/158.57	['concat', 'concat', 'index', 'sub']: UNSAT (0.036 seconds)
158.58/158.61	['concat', 'concat', 'length', 'length']: UNSAT (0.031 seconds)
158.58/158.64	['concat', 'concat', 'length', 'substr']: UNSAT (2.028 seconds)
160.58/160.67	['concat', 'concat', 'length', 'add']: UNSAT (0.034 seconds)
160.68/160.70	['concat', 'concat', 'length', 'sub']: UNSAT (0.032 seconds)
160.68/160.73	['concat', 'concat', 'substr', 'substr']: UNSAT (0.913 seconds)
161.58/161.65	['concat', 'concat', 'substr', 'add']: UNSAT (1.107 seconds)
162.68/162.75	['concat', 'concat', 'substr', 'sub']: UNSAT (0.605 seconds)
163.28/163.36	['concat', 'concat', 'add', 'add']: UNSAT (0.034 seconds)
163.28/163.39	['concat', 'concat', 'add', 'sub']: UNSAT (0.035 seconds)
163.38/163.43	['concat', 'concat', 'sub', 'sub']: UNSAT (0.034 seconds)
163.38/163.47	['concat', 'index', 'index', 'index']: UNSAT (0.047 seconds)
163.48/163.51	['concat', 'index', 'index', 'length']: UNSAT (0.039 seconds)
163.48/163.55	['concat', 'index', 'index', 'substr']: UNSAT (0.349 seconds)
163.88/163.90	['concat', 'index', 'index', 'add']: UNSAT (0.041 seconds)
163.88/163.94	['concat', 'index', 'index', 'sub']: UNSAT (0.040 seconds)
163.88/163.99	['concat', 'index', 'length', 'length']: UNSAT (0.037 seconds)
163.88/164.02	['concat', 'index', 'length', 'substr']: UNSAT (0.161 seconds)
164.13/164.19	['concat', 'index', 'length', 'add']: UNSAT (0.036 seconds)
164.18/164.22	['concat', 'index', 'length', 'sub']: UNSAT (0.033 seconds)
164.18/164.26	['concat', 'index', 'substr', 'substr']: UNSAT (0.731 seconds)
164.88/164.99	['concat', 'index', 'substr', 'add']: UNSAT (0.175 seconds)
165.12/165.16	['concat', 'index', 'substr', 'sub']: UNSAT (0.133 seconds)
165.28/165.30	['concat', 'index', 'add', 'add']: UNSAT (0.036 seconds)
165.28/165.33	['concat', 'index', 'add', 'sub']: UNSAT (0.042 seconds)
165.28/165.38	['concat', 'index', 'sub', 'sub']: UNSAT (0.037 seconds)
165.38/165.42	['concat', 'length', 'length', 'length']: UNSAT (0.026 seconds)
165.38/165.44	['concat', 'length', 'length', 'substr']: UNSAT (0.064 seconds)
165.48/165.51	['concat', 'length', 'length', 'add']: UNSAT (0.026 seconds)
165.48/165.53	['concat', 'length', 'length', 'sub']: UNSAT (0.028 seconds)
165.48/165.56	['concat', 'length', 'substr', 'substr']: UNSAT (0.379 seconds)
165.88/165.94	['concat', 'length', 'substr', 'add']: UNSAT (0.144 seconds)
166.00/166.09	['concat', 'length', 'substr', 'sub']: UNSAT (0.103 seconds)
166.12/166.19	['concat', 'length', 'add', 'add']: UNSAT (0.031 seconds)
166.18/166.22	['concat', 'length', 'add', 'sub']: UNSAT (0.029 seconds)
166.18/166.25	['concat', 'length', 'sub', 'sub']: UNSAT (0.029 seconds)
166.18/166.28	['concat', 'substr', 'substr', 'substr']: UNSAT (0.236 seconds)
166.48/166.52	['concat', 'substr', 'substr', 'add']: UNSAT (0.149 seconds)
166.58/166.67	['concat', 'substr', 'substr', 'sub']: UNSAT (0.223 seconds)
166.78/166.89	['concat', 'substr', 'add', 'add']: UNSAT (0.134 seconds)
166.88/167.03	['concat', 'substr', 'add', 'sub']: UNSAT (0.125 seconds)
167.12/167.15	['concat', 'substr', 'sub', 'sub']: UNSAT (0.119 seconds)
167.18/167.27	['concat', 'add', 'add', 'add']: UNSAT (0.035 seconds)
167.28/167.31	['concat', 'add', 'add', 'sub']: UNSAT (0.037 seconds)
167.28/167.34	['concat', 'add', 'sub', 'sub']: UNSAT (0.037 seconds)
167.28/167.38	['concat', 'sub', 'sub', 'sub']: UNSAT (0.035 seconds)
167.38/167.42	['index', 'index', 'index', 'index']: UNSAT (0.048 seconds)
167.38/167.47	['index', 'index', 'index', 'length']: UNSAT (0.042 seconds)
167.48/167.51	['index', 'index', 'index', 'substr']: UNSAT (0.121 seconds)
167.58/167.63	['index', 'index', 'index', 'add']: UNSAT (0.045 seconds)
167.58/167.68	['index', 'index', 'index', 'sub']: UNSAT (0.048 seconds)
167.68/167.72	['index', 'index', 'length', 'length']: UNSAT (0.034 seconds)
167.68/167.76	['index', 'index', 'length', 'substr']: UNSAT (0.048 seconds)
167.78/167.81	['index', 'index', 'length', 'add']: UNSAT (0.037 seconds)
167.78/167.85	['index', 'index', 'length', 'sub']: UNSAT (0.035 seconds)
167.78/167.88	['index', 'index', 'substr', 'substr']: UNSAT (0.098 seconds)
167.88/167.98	['index', 'index', 'substr', 'add']: UNSAT (0.106 seconds)
168.00/168.09	['index', 'index', 'substr', 'sub']: UNSAT (0.064 seconds)
168.12/168.15	['index', 'index', 'add', 'add']: UNSAT (0.042 seconds)
168.12/168.19	['index', 'index', 'add', 'sub']: UNSAT (0.045 seconds)
168.18/168.24	['index', 'index', 'sub', 'sub']: UNSAT (0.046 seconds)
168.18/168.29	['index', 'length', 'length', 'length']: UNSAT (0.027 seconds)
168.28/168.32	['index', 'length', 'length', 'substr']: UNSAT (0.037 seconds)
168.28/168.35	['index', 'length', 'length', 'add']: UNSAT (0.032 seconds)
168.28/168.39	['index', 'length', 'length', 'sub']: UNSAT (0.029 seconds)
168.38/168.42	['index', 'length', 'substr', 'substr']: UNSAT (0.067 seconds)
168.38/168.48	['index', 'length', 'substr', 'add']: UNSAT (0.050 seconds)
168.48/168.53	['index', 'length', 'substr', 'sub']: UNSAT (0.049 seconds)
168.48/168.58	['index', 'length', 'add', 'add']: UNSAT (0.034 seconds)
168.58/168.62	['index', 'length', 'add', 'sub']: UNSAT (0.035 seconds)
168.58/168.65	['index', 'length', 'sub', 'sub']: UNSAT (0.041 seconds)
168.58/168.69	['index', 'substr', 'substr', 'substr']: UNSAT (0.129 seconds)
168.78/168.82	['index', 'substr', 'substr', 'add']: UNSAT (0.125 seconds)
168.88/168.95	['index', 'substr', 'substr', 'sub']: UNSAT (0.095 seconds)
169.00/169.05	['index', 'substr', 'add', 'add']: UNSAT (0.057 seconds)
169.00/169.10	['index', 'substr', 'add', 'sub']: UNSAT (0.059 seconds)
169.12/169.16	['index', 'substr', 'sub', 'sub']: UNSAT (0.056 seconds)
169.18/169.22	['index', 'add', 'add', 'add']: UNSAT (0.043 seconds)
169.18/169.26	['index', 'add', 'add', 'sub']: UNSAT (0.045 seconds)
169.28/169.31	['index', 'add', 'sub', 'sub']: UNSAT (0.048 seconds)
169.28/169.36	['index', 'sub', 'sub', 'sub']: UNSAT (0.042 seconds)
169.38/169.40	['length', 'length', 'length', 'length']: UNSAT (0.023 seconds)
169.38/169.43	['length', 'length', 'length', 'substr']: UNSAT (0.027 seconds)
169.38/169.45	['length', 'length', 'length', 'add']: UNSAT (0.025 seconds)
169.38/169.48	['length', 'length', 'length', 'sub']: UNSAT (0.024 seconds)
169.48/169.50	['length', 'length', 'substr', 'substr']: UNSAT (0.070 seconds)
169.48/169.57	['length', 'length', 'substr', 'add']: UNSAT (0.038 seconds)
169.58/169.61	['length', 'length', 'substr', 'sub']: UNSAT (0.040 seconds)
169.58/169.65	['length', 'length', 'add', 'add']: UNSAT (0.032 seconds)
169.58/169.69	['length', 'length', 'add', 'sub']: UNSAT (0.033 seconds)
169.68/169.72	['length', 'length', 'sub', 'sub']: UNSAT (0.033 seconds)
169.68/169.75	['length', 'substr', 'substr', 'substr']: UNSAT (0.098 seconds)
169.78/169.85	['length', 'substr', 'substr', 'add']: UNSAT (0.059 seconds)
169.88/169.91	['length', 'substr', 'substr', 'sub']: UNSAT (0.062 seconds)
169.88/169.98	['length', 'substr', 'add', 'add']: UNSAT (0.045 seconds)
169.88/170.02	['length', 'substr', 'add', 'sub']: UNSAT (0.049 seconds)
170.00/170.07	['length', 'substr', 'sub', 'sub']: UNSAT (0.046 seconds)
170.00/170.12	['length', 'add', 'add', 'add']: UNSAT (0.038 seconds)
170.12/170.16	['length', 'add', 'add', 'sub']: UNSAT (0.037 seconds)
170.12/170.19	['length', 'add', 'sub', 'sub']: UNSAT (0.034 seconds)
170.18/170.23	['length', 'sub', 'sub', 'sub']: UNSAT (0.040 seconds)
170.18/170.27	['substr', 'substr', 'substr', 'substr']: UNSAT (0.084 seconds)
170.28/170.36	['substr', 'substr', 'substr', 'add']: UNSAT (0.058 seconds)
170.38/170.41	['substr', 'substr', 'substr', 'sub']: UNSAT (0.061 seconds)
170.38/170.48	['substr', 'substr', 'add', 'add']: UNSAT (0.045 seconds)
170.48/170.52	['substr', 'substr', 'add', 'sub']: UNSAT (0.046 seconds)
170.48/170.57	['substr', 'substr', 'sub', 'sub']: UNSAT (0.045 seconds)
170.58/170.61	['substr', 'add', 'add', 'add']: UNSAT (0.048 seconds)
170.58/170.66	['substr', 'add', 'add', 'sub']: UNSAT (0.041 seconds)
170.68/170.70	['substr', 'add', 'sub', 'sub']: UNSAT (0.042 seconds)
170.68/170.75	['substr', 'sub', 'sub', 'sub']: UNSAT (0.044 seconds)
170.68/170.79	['add', 'add', 'add', 'add']: UNSAT (0.038 seconds)
170.78/170.83	['add', 'add', 'add', 'sub']: UNSAT (0.040 seconds)
170.78/170.87	['add', 'add', 'sub', 'sub']: UNSAT (0.040 seconds)
170.88/170.91	['add', 'sub', 'sub', 'sub']: UNSAT (0.036 seconds)
170.88/170.95	['sub', 'sub', 'sub', 'sub']: UNSAT (0.040 seconds)
170.88/170.99	['concat', 'concat', 'concat', 'concat', 'concat']: UNKNOWN (350.842 seconds)
521.78/521.83	Reason: smt tactic failed to show goal to be sat/unsat max-conflicts-reached
521.78/521.83	Reason: smt tactic failed to show goal to be sat/unsat max-conflicts-reached
521.78/521.83	['concat', 'concat', 'concat', 'concat', 'index']: UNSAT (0.064 seconds)
521.88/521.90	['concat', 'concat', 'concat', 'concat', 'length']: UNSAT (0.049 seconds)
521.88/521.95	['concat', 'concat', 'concat', 'concat', 'substr']: 