0.00/0.19	=== Examples (../../dataset/examples/examples-01.json)
0.00/0.19	IO(inputs=('Hello World',), output='Hello&nbsp;World')
0.00/0.19	=== Library
0.00/0.19	concat
0.00/0.19	index
0.00/0.19	length
0.00/0.19	substr
0.00/0.19	add
0.00/0.19	sub
0.00/0.19	=== Synthesis
0.00/0.19	['concat']: UNSAT (0.023 seconds)
0.00/0.22	['index']: UNSAT (0.022 seconds)
0.19/0.24	['length']: UNSAT (0.017 seconds)
0.19/0.26	['substr']: UNSAT (0.021 seconds)
0.19/0.28	['add']: UNSAT (0.018 seconds)
0.19/0.30	['sub']: UNSAT (0.018 seconds)
0.19/0.32	['concat', 'concat']: UNSAT (0.042 seconds)
0.19/0.36	['concat', 'index']: UNSAT (0.029 seconds)
0.19/0.39	['concat', 'length']: UNSAT (0.027 seconds)
0.38/0.42	['concat', 'substr']: UNSAT (0.034 seconds)
0.38/0.45	['concat', 'add']: UNSAT (0.026 seconds)
0.38/0.48	['concat', 'sub']: UNSAT (0.025 seconds)
0.38/0.50	['index', 'index']: UNSAT (0.033 seconds)
0.51/0.54	['index', 'length']: UNSAT (0.024 seconds)
0.51/0.56	['index', 'substr']: UNSAT (0.033 seconds)
0.51/0.60	['index', 'add']: UNSAT (0.024 seconds)
0.51/0.62	['index', 'sub']: UNSAT (0.021 seconds)
0.51/0.64	['length', 'length']: UNSAT (0.015 seconds)
0.51/0.66	['length', 'substr']: UNSAT (0.019 seconds)
0.64/0.68	['length', 'add']: UNSAT (0.017 seconds)
0.64/0.70	['length', 'sub']: UNSAT (0.018 seconds)
0.64/0.71	['substr', 'substr']: UNSAT (0.028 seconds)
0.64/0.74	['substr', 'add']: UNSAT (0.022 seconds)
0.75/0.76	['substr', 'sub']: UNSAT (0.022 seconds)
0.75/0.79	['add', 'add']: UNSAT (0.020 seconds)
0.78/0.81	['add', 'sub']: UNSAT (0.020 seconds)
0.78/0.83	['sub', 'sub']: UNSAT (0.019 seconds)
0.78/0.85	['concat', 'concat', 'concat']: UNSAT (0.318 seconds)
0.98/1.17	['concat', 'concat', 'index']: UNSAT (0.032 seconds)
0.98/1.20	['concat', 'concat', 'length']: UNSAT (0.026 seconds)
1.19/1.23	['concat', 'concat', 'substr']: UNSAT (0.503 seconds)
1.69/1.73	['concat', 'concat', 'add']: UNSAT (0.025 seconds)
1.69/1.76	['concat', 'concat', 'sub']: UNSAT (0.027 seconds)
1.69/1.78	['concat', 'index', 'index']: UNSAT (0.034 seconds)
1.79/1.82	['concat', 'index', 'length']: UNSAT (0.027 seconds)
1.79/1.85	['concat', 'index', 'substr']: UNSAT (0.286 seconds)
2.09/2.13	['concat', 'index', 'add']: UNSAT (0.029 seconds)
2.09/2.16	['concat', 'index', 'sub']: UNSAT (0.027 seconds)
2.09/2.19	['concat', 'length', 'length']: UNSAT (0.021 seconds)
2.09/2.21	['concat', 'length', 'substr']: UNSAT (0.066 seconds)
2.09/2.28	['concat', 'length', 'add']: UNSAT (0.024 seconds)
2.09/2.30	['concat', 'length', 'sub']: UNSAT (0.022 seconds)
2.28/2.32	['concat', 'substr', 'substr']: UNSAT (0.059 seconds)
2.28/2.38	['concat', 'substr', 'add']: UNSAT (0.045 seconds)
2.39/2.43	['concat', 'substr', 'sub']: UNSAT (0.051 seconds)
2.39/2.48	['concat', 'add', 'add']: UNSAT (0.026 seconds)
2.49/2.51	['concat', 'add', 'sub']: UNSAT (0.026 seconds)
2.49/2.53	['concat', 'sub', 'sub']: UNSAT (0.024 seconds)
2.49/2.56	['index', 'index', 'index']: UNSAT (0.032 seconds)
2.49/2.59	['index', 'index', 'length']: UNSAT (0.032 seconds)
2.59/2.62	['index', 'index', 'substr']: UNSAT (0.065 seconds)
2.59/2.69	['index', 'index', 'add']: UNSAT (0.032 seconds)
2.69/2.72	['index', 'index', 'sub']: UNSAT (0.029 seconds)
2.69/2.75	['index', 'length', 'length']: UNSAT (0.025 seconds)
2.69/2.78	['index', 'length', 'substr']: UNSAT (0.034 seconds)
2.79/2.81	['index', 'length', 'add']: UNSAT (0.025 seconds)
2.79/2.84	['index', 'length', 'sub']: UNSAT (0.024 seconds)
2.79/2.86	['index', 'substr', 'substr']: UNSAT (0.072 seconds)
2.89/2.93	['index', 'substr', 'add']: UNSAT (0.038 seconds)
2.89/2.97	['index', 'substr', 'sub']: UNSAT (0.043 seconds)
2.99/3.02	['index', 'add', 'add']: UNSAT (0.034 seconds)
2.99/3.05	['index', 'add', 'sub']: UNSAT (0.033 seconds)
2.99/3.08	['index', 'sub', 'sub']: UNSAT (0.032 seconds)
3.09/3.12	['length', 'length', 'length']: UNSAT (0.022 seconds)
3.09/3.14	['length', 'length', 'substr']: UNSAT (0.024 seconds)
3.09/3.16	['length', 'length', 'add']: UNSAT (0.019 seconds)
3.09/3.18	['length', 'length', 'sub']: UNSAT (0.024 seconds)
3.19/3.21	['length', 'substr', 'substr']: UNSAT (0.037 seconds)
3.19/3.25	['length', 'substr', 'add']: UNSAT (0.028 seconds)
3.19/3.27	['length', 'substr', 'sub']: UNSAT (0.029 seconds)
3.19/3.30	['length', 'add', 'add']: UNSAT (0.027 seconds)
3.19/3.33	['length', 'add', 'sub']: UNSAT (0.026 seconds)
3.19/3.36	['length', 'sub', 'sub']: UNSAT (0.025 seconds)
3.37/3.38	['substr', 'substr', 'substr']: UNSAT (0.044 seconds)
3.37/3.43	['substr', 'substr', 'add']: UNSAT (0.035 seconds)
3.37/3.47	['substr', 'substr', 'sub']: UNSAT (0.033 seconds)
3.49/3.50	['substr', 'add', 'add']: UNSAT (0.033 seconds)
3.49/3.53	['substr', 'add', 'sub']: UNSAT (0.031 seconds)
3.49/3.56	['substr', 'sub', 'sub']: UNSAT (0.029 seconds)
3.49/3.59	['add', 'add', 'add']: UNSAT (0.026 seconds)
3.59/3.62	['add', 'add', 'sub']: UNSAT (0.027 seconds)
3.59/3.65	['add', 'sub', 'sub']: UNSAT (0.031 seconds)
3.59/3.68	['sub', 'sub', 'sub']: UNSAT (0.027 seconds)
3.69/3.71	['concat', 'concat', 'concat', 'concat']: UNSAT (36.455 seconds)
40.09/40.16	['concat', 'concat', 'concat', 'index']: UNSAT (0.045 seconds)
40.18/40.21	['concat', 'concat', 'concat', 'length']: UNSAT (0.038 seconds)
40.18/40.25	['concat', 'concat', 'concat', 'substr']: UNSAT (70.381 seconds)
110.59/110.63	['concat', 'concat', 'concat', 'add']: UNSAT (0.036 seconds)
110.59/110.67	['concat', 'concat', 'concat', 'sub']: UNSAT (0.038 seconds)
110.69/110.71	['concat', 'concat', 'index', 'index']: UNSAT (0.047 seconds)
110.69/110.75	['concat', 'concat', 'index', 'length']: UNSAT (0.038 seconds)
110.69/110.79	['concat', 'concat', 'index', 'substr']: UNSAT (3.940 seconds)
114.68/114.73	['concat', 'concat', 'index', 'add']: UNSAT (0.041 seconds)
114.68/114.78	['concat', 'concat', 'index', 'sub']: UNSAT (0.041 seconds)
114.78/114.82	['concat', 'concat', 'length', 'length']: UNSAT (0.031 seconds)
114.78/114.85	['concat', 'concat', 'length', 'substr']: UNSAT (1.812 seconds)
116.58/116.66	['concat', 'concat', 'length', 'add']: UNSAT (0.031 seconds)
116.58/116.69	['concat', 'concat', 'length', 'sub']: UNSAT (0.030 seconds)
116.68/116.72	['concat', 'concat', 'substr', 'substr']: UNSAT (0.802 seconds)
117.48/117.53	['concat', 'concat', 'substr', 'add']: UNSAT (1.007 seconds)
118.48/118.53	['concat', 'concat', 'substr', 'sub']: UNSAT (0.681 seconds)
119.18/119.22	['concat', 'concat', 'add', 'add']: UNSAT (0.032 seconds)
119.18/119.25	['concat', 'concat', 'add', 'sub']: UNSAT (0.033 seconds)
119.18/119.28	['concat', 'concat', 'sub', 'sub']: UNSAT (0.032 seconds)
119.18/119.32	['concat', 'index', 'index', 'index']: UNSAT (0.043 seconds)
119.31/119.36	['concat', 'index', 'index', 'length']: UNSAT (0.041 seconds)
119.31/119.40	['concat', 'index', 'index', 'substr']: UNSAT (0.271 seconds)
119.58/119.67	['concat', 'index', 'index', 'add']: UNSAT (0.039 seconds)
119.68/119.71	['concat', 'index', 'index', 'sub']: UNSAT (0.043 seconds)
119.68/119.76	['concat', 'index', 'length', 'length']: UNSAT (0.032 seconds)
119.68/119.79	['concat', 'index', 'length', 'substr']: UNSAT (0.143 seconds)
119.88/119.93	['concat', 'index', 'length', 'add']: UNSAT (0.040 seconds)
119.88/119.97	['concat', 'index', 'length', 'sub']: UNSAT (0.033 seconds)
119.98/120.01	['concat', 'index', 'substr', 'substr']: UNSAT (0.714 seconds)
120.68/120.72	['concat', 'index', 'substr', 'add']: UNSAT (0.182 seconds)
120.88/120.91	['concat', 'index', 'substr', 'sub']: UNSAT (0.132 seconds)
120.98/121.04	['concat', 'index', 'add', 'add']: UNSAT (0.036 seconds)
120.98/121.08	['concat', 'index', 'add', 'sub']: UNSAT (0.036 seconds)
121.08/121.11	['concat', 'index', 'sub', 'sub']: UNSAT (0.043 seconds)
121.08/121.16	['concat', 'length', 'length', 'length']: UNSAT (0.028 seconds)
121.08/121.19	['concat', 'length', 'length', 'substr']: UNSAT (0.069 seconds)
121.18/121.26	['concat', 'length', 'length', 'add']: UNSAT (0.029 seconds)
121.18/121.29	['concat', 'length', 'length', 'sub']: UNSAT (0.031 seconds)
121.18/121.32	['concat', 'length', 'substr', 'substr']: UNSAT (0.381 seconds)
121.68/121.70	['concat', 'length', 'substr', 'add']: UNSAT (0.113 seconds)
121.78/121.81	['concat', 'length', 'substr', 'sub']: UNSAT (0.111 seconds)
121.88/121.93	['concat', 'length', 'add', 'add']: UNSAT (0.036 seconds)
121.88/121.96	['concat', 'length', 'add', 'sub']: UNSAT (0.033 seconds)
121.98/122.00	['concat', 'length', 'sub', 'sub']: UNSAT (0.033 seconds)
121.98/122.03	['concat', 'substr', 'substr', 'substr']: UNSAT (0.230 seconds)
122.18/122.26	['concat', 'substr', 'substr', 'add']: UNSAT (0.167 seconds)
122.32/122.43	['concat', 'substr', 'substr', 'sub']: UNSAT (0.224 seconds)
122.58/122.65	['concat', 'substr', 'add', 'add']: UNSAT (0.140 seconds)
122.68/122.79	['concat', 'substr', 'add', 'sub']: UNSAT (0.119 seconds)
122.88/122.91	['concat', 'substr', 'sub', 'sub']: UNSAT (0.115 seconds)
122.98/123.03	['concat', 'add', 'add', 'add']: UNSAT (0.038 seconds)
122.98/123.07	['concat', 'add', 'add', 'sub']: UNSAT (0.038 seconds)
123.08/123.11	['concat', 'add', 'sub', 'sub']: UNSAT (0.036 seconds)
123.08/123.14	['concat', 'sub', 'sub', 'sub']: UNSAT (0.035 seconds)
123.08/123.18	['index', 'index', 'index', 'index']: UNSAT (0.051 seconds)
123.18/123.23	['index', 'index', 'index', 'length']: UNSAT (0.038 seconds)
123.18/123.27	['index', 'index', 'index', 'substr']: UNSAT (0.129 seconds)
123.31/123.40	['index', 'index', 'index', 'add']: UNSAT (0.043 seconds)
123.42/123.44	['index', 'index', 'index', 'sub']: UNSAT (0.042 seconds)
123.42/123.49	['index', 'index', 'length', 'length']: UNSAT (0.032 seconds)
123.48/123.52	['index', 'index', 'length', 'substr']: UNSAT (0.044 seconds)
123.48/123.56	['index', 'index', 'length', 'add']: UNSAT (0.036 seconds)
123.58/123.60	['index', 'index', 'length', 'sub']: UNSAT (0.036 seconds)
123.58/123.64	['index', 'index', 'substr', 'substr']: UNSAT (0.158 seconds)
123.68/123.80	['index', 'index', 'substr', 'add']: UNSAT (0.061 seconds)
123.78/123.86	['index', 'index', 'substr', 'sub']: UNSAT (0.057 seconds)
123.88/123.92	['index', 'index', 'add', 'add']: UNSAT (0.047 seconds)
123.88/123.96	['index', 'index', 'add', 'sub']: UNSAT (0.045 seconds)
123.98/124.01	['index', 'index', 'sub', 'sub']: UNSAT (0.045 seconds)
123.98/124.06	['index', 'length', 'length', 'length']: UNSAT (0.028 seconds)
123.98/124.08	['index', 'length', 'length', 'substr']: UNSAT (0.037 seconds)
124.08/124.12	['index', 'length', 'length', 'add']: UNSAT (0.030 seconds)
124.08/124.15	['index', 'length', 'length', 'sub']: UNSAT (0.033 seconds)
124.08/124.19	['index', 'length', 'substr', 'substr']: UNSAT (0.063 seconds)
124.18/124.25	['index', 'length', 'substr', 'add']: UNSAT (0.050 seconds)
124.18/124.30	['index', 'length', 'substr', 'sub']: UNSAT (0.045 seconds)
124.31/124.35	['index', 'length', 'add', 'add']: UNSAT (0.036 seconds)
124.31/124.38	['index', 'length', 'add', 'sub']: UNSAT (0.034 seconds)
124.31/124.42	['index', 'length', 'sub', 'sub']: UNSAT (0.034 seconds)
124.42/124.45	['index', 'substr', 'substr', 'substr']: UNSAT (0.184 seconds)
124.58/124.64	['index', 'substr', 'substr', 'add']: UNSAT (0.098 seconds)
124.68/124.74	['index', 'substr', 'substr', 'sub']: UNSAT (0.086 seconds)
124.78/124.82	['index', 'substr', 'add', 'add']: UNSAT (0.052 seconds)
124.78/124.88	['index', 'substr', 'add', 'sub']: UNSAT (0.057 seconds)
124.88/124.93	['index', 'substr', 'sub', 'sub']: UNSAT (0.055 seconds)
124.88/124.99	['index', 'add', 'add', 'add']: UNSAT (0.047 seconds)
124.98/125.04	['index', 'add', 'add', 'sub']: UNSAT (0.050 seconds)
124.98/125.09	['index', 'add', 'sub', 'sub']: UNSAT (0.045 seconds)
125.08/125.13	['index', 'sub', 'sub', 'sub']: UNSAT (0.044 seconds)
125.08/125.18	['length', 'length', 'length', 'length']: UNSAT (0.023 seconds)
125.18/125.20	['length', 'length', 'length', 'substr']: UNSAT (0.027 seconds)
125.18/125.23	['length', 'length', 'length', 'add']: UNSAT (0.025 seconds)
125.18/125.26	['length', 'length', 'length', 'sub']: UNSAT (0.025 seconds)
125.18/125.28	['length', 'length', 'substr', 'substr']: UNSAT (0.070 seconds)
125.31/125.35	['length', 'length', 'substr', 'add']: UNSAT (0.036 seconds)
125.31/125.39	['length', 'length', 'substr', 'sub']: UNSAT (0.040 seconds)
125.31/125.43	['length', 'length', 'add', 'add']: UNSAT (0.029 seconds)
125.42/125.46	['length', 'length', 'add', 'sub']: UNSAT (0.027 seconds)
125.42/125.49	['length', 'length', 'sub', 'sub']: UNSAT (0.028 seconds)
125.48/125.52	['length', 'substr', 'substr', 'substr']: UNSAT (0.095 seconds)
125.58/125.61	['length', 'substr', 'substr', 'add']: UNSAT (0.067 seconds)
125.58/125.68	['length', 'substr', 'substr', 'sub']: UNSAT (0.062 seconds)
125.68/125.74	['length', 'substr', 'add', 'add']: UNSAT (0.045 seconds)
125.68/125.79	['length', 'substr', 'add', 'sub']: UNSAT (0.050 seconds)
125.78/125.84	['length', 'substr', 'sub', 'sub']: UNSAT (0.047 seconds)
125.78/125.89	['length', 'add', 'add', 'add']: UNSAT (0.035 seconds)
125.88/125.92	['length', 'add', 'add', 'sub']: UNSAT (0.034 seconds)
125.88/125.96	['length', 'add', 'sub', 'sub']: UNSAT (0.035 seconds)
125.88/125.99	['length', 'sub', 'sub', 'sub']: UNSAT (0.034 seconds)
125.98/126.03	['substr', 'substr', 'substr', 'substr']: UNSAT (0.086 seconds)
126.08/126.11	['substr', 'substr', 'substr', 'add']: UNSAT (0.060 seconds)
126.08/126.18	['substr', 'substr', 'substr', 'sub']: UNSAT (0.057 seconds)
126.18/126.23	['substr', 'substr', 'add', 'add']: UNSAT (0.047 seconds)
126.18/126.28	['substr', 'substr', 'add', 'sub']: UNSAT (0.044 seconds)
126.18/126.33	['substr', 'substr', 'sub', 'sub']: UNSAT (0.046 seconds)
126.32/126.37	['substr', 'add', 'add', 'add']: UNSAT (0.046 seconds)
126.32/126.42	['substr', 'add', 'add', 'sub']: UNSAT (0.043 seconds)
126.42/126.46	['substr', 'add', 'sub', 'sub']: UNSAT (0.041 seconds)
126.48/126.50	['substr', 'sub', 'sub', 'sub']: UNSAT (0.041 seconds)
126.48/126.55	['add', 'add', 'add', 'add']: UNSAT (0.039 seconds)
126.48/126.59	['add', 'add', 'add', 'sub']: UNSAT (0.037 seconds)
126.58/126.62	['add', 'add', 'sub', 'sub']: UNSAT (0.039 seconds)
126.58/126.66	['add', 'sub', 'sub', 'sub']: UNSAT (0.037 seconds)
126.68/126.70	['sub', 'sub', 'sub', 'sub']: UNSAT (0.037 seconds)
126.68/126.74	['concat', 'concat', 'concat', 'concat', 'concat']: UNKNOWN (387.900 seconds)
514.57/514.64	Reason: smt tactic failed to show goal to be sat/unsat max-conflicts-reached
514.57/514.64	Reason: smt tactic failed to show goal to be sat/unsat max-conflicts-reached
514.57/514.64	['concat', 'concat', 'concat', 'concat', 'index']: UNSAT (0.064 seconds)
514.67/514.70	['concat', 'concat', 'concat', 'concat', 'length']: UNSAT (0.053 seconds)
514.67/514.76	['concat', 'concat', 'concat', 'concat', 'substr']: 