0.00/0.20	=== Examples (../../dataset/examples/examples-76.json)
0.00/0.20	IO(inputs=('abcdef', 3, 'xyz'), output='xyz')
0.00/0.20	=== Library
0.00/0.20	concat
0.00/0.20	index
0.00/0.20	length
0.00/0.20	substr
0.00/0.20	add
0.00/0.20	sub
0.00/0.20	=== Synthesis
0.00/0.20	['concat']: UNSAT (0.023 seconds)
0.19/0.22	['index']: UNSAT (0.022 seconds)
0.19/0.24	['length']: UNSAT (0.018 seconds)
0.19/0.26	['substr']: UNSAT (0.023 seconds)
0.19/0.29	['add']: UNSAT (0.020 seconds)
0.19/0.31	['sub']: UNSAT (0.020 seconds)
0.19/0.33	['concat', 'concat']: UNSAT (0.031 seconds)
0.19/0.36	['concat', 'index']: UNSAT (0.033 seconds)
0.19/0.39	['concat', 'length']: UNSAT (0.026 seconds)
0.40/0.42	['concat', 'substr']: SAT (0.046 seconds)
0.44/0.47	substr(concat(arg0, arg2), 6, arg1)
