0.15/0.18	=== Examples (../../dataset/examples/examples-68.json)
0.15/0.18	IO(inputs=(' smith - doe ',), output='smith')
0.15/0.18	=== Library
0.15/0.18	concat
0.15/0.18	index
0.15/0.18	length
0.15/0.18	substr
0.15/0.18	add
0.15/0.18	sub
0.15/0.18	=== Synthesis
0.15/0.18	['concat']: UNSAT (0.022 seconds)
0.15/0.21	['index']: UNSAT (0.021 seconds)
0.15/0.23	['length']: UNSAT (0.017 seconds)
0.15/0.25	['substr']: UNSAT (0.024 seconds)
0.15/0.27	['add']: UNSAT (0.019 seconds)
0.15/0.29	['sub']: UNSAT (0.019 seconds)
0.29/0.31	['concat', 'concat']: UNSAT (0.032 seconds)
0.29/0.34	['concat', 'index']: UNSAT (0.030 seconds)
0.29/0.37	['concat', 'length']: UNSAT (0.024 seconds)
0.39/0.40	['concat', 'substr']: SAT (0.046 seconds)
0.39/0.45	substr(concat('\\x00\\x00\\x00\\x00', arg0), 5, 5)
