0.13/0.22	=== Examples (../../dataset/examples/examples-08.json)
0.13/0.22	IO(inputs=('one|two|three',), output='one | two | three')
0.13/0.22	=== Library
0.13/0.22	concat
0.13/0.22	index
0.13/0.22	length
0.13/0.22	substr
0.13/0.22	add
0.13/0.22	sub
0.13/0.22	=== Synthesis
0.13/0.22	['concat']: UNSAT (0.023 seconds)
0.13/0.24	['index']: UNSAT (0.021 seconds)
0.13/0.26	['length']: UNSAT (0.018 seconds)
0.13/0.28	['substr']: UNSAT (0.022 seconds)
0.28/0.30	['add']: UNSAT (0.020 seconds)
0.28/0.32	['sub']: UNSAT (0.020 seconds)
0.28/0.34	['concat', 'concat']: UNSAT (0.043 seconds)
0.37/0.39	['concat', 'index']: UNSAT (0.030 seconds)
0.37/0.42	['concat', 'length']: UNSAT (0.025 seconds)
0.37/0.44	['concat', 'substr']: UNSAT (0.035 seconds)
0.37/0.48	['concat', 'add']: UNSAT (0.026 seconds)
0.49/0.51	['concat', 'sub']: UNSAT (0.026 seconds)
0.49/0.53	['index', 'index']: UNSAT (0.032 seconds)
0.49/0.56	['index', 'length']: UNSAT (0.025 seconds)
0.58/0.59	['index', 'substr']: UNSAT (0.035 seconds)
0.62/0.63	['index', 'add']: UNSAT (0.029 seconds)
0.62/0.66	['index', 'sub']: UNSAT (0.026 seconds)
0.62/0.68	['length', 'length']: UNSAT (0.017 seconds)
0.69/0.70	['length', 'substr']: UNSAT (0.022 seconds)
0.69/0.72	['length', 'add']: UNSAT (0.018 seconds)
0.69/0.74	['length', 'sub']: UNSAT (0.026 seconds)
0.69/0.77	['substr', 'substr']: UNSAT (0.049 seconds)
0.79/0.82	['substr', 'add']: UNSAT (0.037 seconds)
0.79/0.86	['substr', 'sub']: UNSAT (0.030 seconds)
0.79/0.89	['add', 'add']: UNSAT (0.027 seconds)
0.89/0.91	['add', 'sub']: UNSAT (0.029 seconds)
0.89/0.94	['sub', 'sub']: UNSAT (0.027 seconds)
0.89/0.97	['concat', 'concat', 'concat']: UNSAT (0.454 seconds)
1.39/1.43	['concat', 'concat', 'index']: UNSAT (0.041 seconds)
1.39/1.47	['concat', 'concat', 'length']: UNSAT (0.034 seconds)
1.49/1.50	['concat', 'concat', 'substr']: UNSAT (1.024 seconds)
2.49/2.53	['concat', 'concat', 'add']: UNSAT (0.029 seconds)
2.49/2.56	['concat', 'concat', 'sub']: UNSAT (0.029 seconds)
2.49/2.59	['concat', 'index', 'index']: UNSAT (0.031 seconds)
2.58/2.62	['concat', 'index', 'length']: UNSAT (0.025 seconds)
2.58/2.65	['concat', 'index', 'substr']: UNSAT (0.108 seconds)
2.68/2.76	['concat', 'index', 'add']: UNSAT (0.031 seconds)
2.68/2.79	['concat', 'index', 'sub']: UNSAT (0.028 seconds)
2.78/2.81	['concat', 'length', 'length']: UNSAT (0.021 seconds)
2.78/2.84	['concat', 'length', 'substr']: UNSAT (0.079 seconds)
2.88/2.92	['concat', 'length', 'add']: UNSAT (0.022 seconds)
2.88/2.94	['concat', 'length', 'sub']: UNSAT (0.022 seconds)
2.88/2.96	['concat', 'substr', 'substr']: UNSAT (0.065 seconds)
2.88/3.03	['concat', 'substr', 'add']: UNSAT (0.050 seconds)
3.02/3.08	['concat', 'substr', 'sub']: UNSAT (0.064 seconds)
3.12/3.14	['concat', 'add', 'add']: UNSAT (0.053 seconds)
3.18/3.20	['concat', 'add', 'sub']: UNSAT (0.043 seconds)
3.18/3.24	['concat', 'sub', 'sub']: UNSAT (0.036 seconds)
3.18/3.28	['index', 'index', 'index']: UNSAT (0.046 seconds)
3.28/3.33	['index', 'index', 'length']: UNSAT (0.038 seconds)
3.28/3.36	['index', 'index', 'substr']: UNSAT (0.091 seconds)
3.38/3.46	['index', 'index', 'add']: UNSAT (0.043 seconds)
3.48/3.50	['index', 'index', 'sub']: UNSAT (0.042 seconds)
3.48/3.54	['index', 'length', 'length']: UNSAT (0.032 seconds)
3.48/3.58	['index', 'length', 'substr']: UNSAT (0.043 seconds)
3.58/3.62	['index', 'length', 'add']: UNSAT (0.035 seconds)
3.58/3.66	['index', 'length', 'sub']: UNSAT (0.035 seconds)
3.58/3.69	['index', 'substr', 'substr']: UNSAT (0.091 seconds)
3.68/3.78	['index', 'substr', 'add']: UNSAT (0.040 seconds)
3.78/3.82	['index', 'substr', 'sub']: UNSAT (0.046 seconds)
3.78/3.87	['index', 'add', 'add']: UNSAT (0.033 seconds)
3.88/3.90	['index', 'add', 'sub']: UNSAT (0.033 seconds)
3.88/3.94	['index', 'sub', 'sub']: UNSAT (0.033 seconds)
3.88/3.97	['length', 'length', 'length']: UNSAT (0.021 seconds)
3.88/3.99	['length', 'length', 'substr']: UNSAT (0.048 seconds)
4.03/4.04	['length', 'length', 'add']: UNSAT (0.037 seconds)
4.03/4.08	['length', 'length', 'sub']: UNSAT (0.031 seconds)
4.03/4.11	['length', 'substr', 'substr']: UNSAT (0.050 seconds)
4.13/4.16	['length', 'substr', 'add']: UNSAT (0.040 seconds)
4.19/4.21	['length', 'substr', 'sub']: UNSAT (0.041 seconds)
4.19/4.25	['length', 'add', 'add']: UNSAT (0.033 seconds)
4.19/4.28	['length', 'add', 'sub']: UNSAT (0.032 seconds)
4.29/4.31	['length', 'sub', 'sub']: UNSAT (0.032 seconds)
4.29/4.35	['substr', 'substr', 'substr']: UNSAT (0.059 seconds)
4.39/4.41	['substr', 'substr', 'add']: UNSAT (0.049 seconds)
4.39/4.46	['substr', 'substr', 'sub']: UNSAT (0.048 seconds)
4.49/4.51	['substr', 'add', 'add']: UNSAT (0.042 seconds)
4.49/4.55	['substr', 'add', 'sub']: UNSAT (0.042 seconds)
4.49/4.59	['substr', 'sub', 'sub']: UNSAT (0.041 seconds)
4.59/4.63	['add', 'add', 'add']: UNSAT (0.030 seconds)
4.59/4.66	['add', 'add', 'sub']: UNSAT (0.027 seconds)
4.59/4.69	['add', 'sub', 'sub']: UNSAT (0.027 seconds)
4.69/4.72	['sub', 'sub', 'sub']: UNSAT (0.030 seconds)
4.69/4.75	['concat', 'concat', 'concat', 'concat']: UNSAT (30.455 seconds)
35.18/35.21	['concat', 'concat', 'concat', 'index']: UNSAT (0.043 seconds)
35.18/35.25	['concat', 'concat', 'concat', 'length']: UNSAT (0.035 seconds)
35.18/35.29	['concat', 'concat', 'concat', 'substr']: UNSAT (54.791 seconds)
90.03/90.08	['concat', 'concat', 'concat', 'add']: UNSAT (0.039 seconds)
90.03/90.12	['concat', 'concat', 'concat', 'sub']: UNSAT (0.035 seconds)
90.13/90.15	['concat', 'concat', 'index', 'index']: UNSAT (0.044 seconds)
90.19/90.20	['concat', 'concat', 'index', 'length']: UNSAT (0.038 seconds)
90.19/90.24	['concat', 'concat', 'index', 'substr']: UNSAT (8.893 seconds)
99.02/99.13	['concat', 'concat', 'index', 'add']: UNSAT (0.036 seconds)
99.13/99.17	['concat', 'concat', 'index', 'sub']: UNSAT (0.038 seconds)
99.18/99.21	['concat', 'concat', 'length', 'length']: UNSAT (0.031 seconds)
99.18/99.24	['concat', 'concat', 'length', 'substr']: UNSAT (2.114 seconds)
101.28/101.35	['concat', 'concat', 'length', 'add']: UNSAT (0.030 seconds)
101.28/101.38	['concat', 'concat', 'length', 'sub']: UNSAT (0.031 seconds)
101.38/101.41	['concat', 'concat', 'substr', 'substr']: UNSAT (1.329 seconds)
102.68/102.74	['concat', 'concat', 'substr', 'add']: UNSAT (1.833 seconds)
104.48/104.58	['concat', 'concat', 'substr', 'sub']: UNSAT (0.643 seconds)
105.18/105.22	['concat', 'concat', 'add', 'add']: UNSAT (0.033 seconds)
105.18/105.26	['concat', 'concat', 'add', 'sub']: UNSAT (0.033 seconds)
105.18/105.29	['concat', 'concat', 'sub', 'sub']: UNSAT (0.034 seconds)
105.28/105.33	['concat', 'index', 'index', 'index']: UNSAT (0.044 seconds)
105.28/105.37	['concat', 'index', 'index', 'length']: UNSAT (0.038 seconds)
105.38/105.41	['concat', 'index', 'index', 'substr']: UNSAT (0.436 seconds)
105.78/105.85	['concat', 'index', 'index', 'add']: UNSAT (0.041 seconds)
105.78/105.89	['concat', 'index', 'index', 'sub']: UNSAT (0.042 seconds)
105.88/105.93	['concat', 'index', 'length', 'length']: UNSAT (0.031 seconds)
105.88/105.96	['concat', 'index', 'length', 'substr']: UNSAT (0.216 seconds)
106.12/106.18	['concat', 'index', 'length', 'add']: UNSAT (0.033 seconds)
106.18/106.21	['concat', 'index', 'length', 'sub']: UNSAT (0.036 seconds)
106.18/106.25	['concat', 'index', 'substr', 'substr']: UNSAT (1.017 seconds)
107.18/107.27	['concat', 'index', 'substr', 'add']: UNSAT (0.370 seconds)
107.58/107.64	['concat', 'index', 'substr', 'sub']: UNSAT (0.397 seconds)
108.01/108.04	['concat', 'index', 'add', 'add']: UNSAT (0.038 seconds)
108.01/108.07	['concat', 'index', 'add', 'sub']: UNSAT (0.039 seconds)
108.01/108.11	['concat', 'index', 'sub', 'sub']: UNSAT (0.037 seconds)
108.12/108.15	['concat', 'length', 'length', 'length']: UNSAT (0.025 seconds)
108.12/108.18	['concat', 'length', 'length', 'substr']: UNSAT (0.073 seconds)
108.18/108.25	['concat', 'length', 'length', 'add']: UNSAT (0.029 seconds)
108.18/108.28	['concat', 'length', 'length', 'sub']: UNSAT (0.030 seconds)
108.28/108.31	['concat', 'length', 'substr', 'substr']: UNSAT (0.648 seconds)
108.88/108.96	['concat', 'length', 'substr', 'add']: UNSAT (0.172 seconds)
109.02/109.13	['concat', 'length', 'substr', 'sub']: UNSAT (0.150 seconds)
109.18/109.28	['concat', 'length', 'add', 'add']: UNSAT (0.030 seconds)
109.28/109.31	['concat', 'length', 'add', 'sub']: UNSAT (0.031 seconds)
109.28/109.35	['concat', 'length', 'sub', 'sub']: UNSAT (0.032 seconds)
109.28/109.38	['concat', 'substr', 'substr', 'substr']: UNSAT (0.267 seconds)
109.58/109.65	['concat', 'substr', 'substr', 'add']: UNSAT (0.188 seconds)
109.78/109.84	['concat', 'substr', 'substr', 'sub']: UNSAT (0.301 seconds)
110.12/110.14	['concat', 'substr', 'add', 'add']: UNSAT (0.160 seconds)
110.28/110.30	['concat', 'substr', 'add', 'sub']: UNSAT (0.151 seconds)
110.38/110.45	['concat', 'substr', 'sub', 'sub']: UNSAT (0.132 seconds)
110.48/110.58	['concat', 'add', 'add', 'add']: UNSAT (0.036 seconds)
110.58/110.62	['concat', 'add', 'add', 'sub']: UNSAT (0.039 seconds)
110.58/110.66	['concat', 'add', 'sub', 'sub']: UNSAT (0.037 seconds)
110.68/110.70	['concat', 'sub', 'sub', 'sub']: UNSAT (0.037 seconds)
110.68/110.74	['index', 'index', 'index', 'index']: UNSAT (0.050 seconds)
110.68/110.79	['index', 'index', 'index', 'length']: UNSAT (0.042 seconds)
110.78/110.83	['index', 'index', 'index', 'substr']: UNSAT (0.143 seconds)
110.88/110.97	['index', 'index', 'index', 'add']: UNSAT (0.051 seconds)
110.88/111.03	['index', 'index', 'index', 'sub']: UNSAT (0.046 seconds)
111.02/111.07	['index', 'index', 'length', 'length']: UNSAT (0.035 seconds)
111.02/111.11	['index', 'index', 'length', 'substr']: UNSAT (0.047 seconds)
111.12/111.15	['index', 'index', 'length', 'add']: UNSAT (0.038 seconds)
111.12/111.19	['index', 'index', 'length', 'sub']: UNSAT (0.038 seconds)
111.18/111.23	['index', 'index', 'substr', 'substr']: UNSAT (0.206 seconds)
111.38/111.44	['index', 'index', 'substr', 'add']: UNSAT (0.118 seconds)
111.48/111.56	['index', 'index', 'substr', 'sub']: UNSAT (0.064 seconds)
111.58/111.62	['index', 'index', 'add', 'add']: UNSAT (0.045 seconds)
111.58/111.67	['index', 'index', 'add', 'sub']: UNSAT (0.054 seconds)
111.68/111.72	['index', 'index', 'sub', 'sub']: UNSAT (0.054 seconds)
111.68/111.78	['index', 'length', 'length', 'length']: UNSAT (0.037 seconds)
111.78/111.82	['index', 'length', 'length', 'substr']: UNSAT (0.049 seconds)
111.78/111.87	['index', 'length', 'length', 'add']: UNSAT (0.030 seconds)
111.88/111.90	['index', 'length', 'length', 'sub']: UNSAT (0.035 seconds)
111.88/111.93	['index', 'length', 'substr', 'substr']: UNSAT (0.072 seconds)
111.88/112.01	['index', 'length', 'substr', 'add']: UNSAT (0.052 seconds)
112.02/112.06	['index', 'length', 'substr', 'sub']: UNSAT (0.048 seconds)
112.02/112.11	['index', 'length', 'add', 'add']: UNSAT (0.035 seconds)
112.12/112.14	['index', 'length', 'add', 'sub']: UNSAT (0.033 seconds)
112.12/112.18	['index', 'length', 'sub', 'sub']: UNSAT (0.035 seconds)
112.18/112.21	['index', 'substr', 'substr', 'substr']: UNSAT (0.176 seconds)
112.28/112.39	['index', 'substr', 'substr', 'add']: UNSAT (0.139 seconds)
112.48/112.53	['index', 'substr', 'substr', 'sub']: UNSAT (0.102 seconds)
112.58/112.63	['index', 'substr', 'add', 'add']: UNSAT (0.058 seconds)
112.58/112.69	['index', 'substr', 'add', 'sub']: UNSAT (0.060 seconds)
112.68/112.75	['index', 'substr', 'sub', 'sub']: UNSAT (0.053 seconds)
112.78/112.81	['index', 'add', 'add', 'add']: UNSAT (0.047 seconds)
112.78/112.85	['index', 'add', 'add', 'sub']: UNSAT (0.043 seconds)
112.88/112.90	['index', 'add', 'sub', 'sub']: UNSAT (0.045 seconds)
112.88/112.94	['index', 'sub', 'sub', 'sub']: UNSAT (0.046 seconds)
112.88/112.99	['length', 'length', 'length', 'length']: UNSAT (0.024 seconds)
112.88/113.02	['length', 'length', 'length', 'substr']: UNSAT (0.029 seconds)
113.02/113.05	['length', 'length', 'length', 'add']: UNSAT (0.025 seconds)
113.02/113.07	['length', 'length', 'length', 'sub']: UNSAT (0.025 seconds)
113.02/113.10	['length', 'length', 'substr', 'substr']: UNSAT (0.070 seconds)
113.12/113.17	['length', 'length', 'substr', 'add']: UNSAT (0.037 seconds)
113.18/113.20	['length', 'length', 'substr', 'sub']: UNSAT (0.041 seconds)
113.18/113.25	['length', 'length', 'add', 'add']: UNSAT (0.030 seconds)
113.18/113.28	['length', 'length', 'add', 'sub']: UNSAT (0.030 seconds)
113.28/113.31	['length', 'length', 'sub', 'sub']: UNSAT (0.028 seconds)
113.28/113.34	['length', 'substr', 'substr', 'substr']: UNSAT (0.106 seconds)
113.38/113.44	['length', 'substr', 'substr', 'add']: UNSAT (0.069 seconds)
113.48/113.51	['length', 'substr', 'substr', 'sub']: UNSAT (0.062 seconds)
113.48/113.57	['length', 'substr', 'add', 'add']: UNSAT (0.046 seconds)
113.58/113.62	['length', 'substr', 'add', 'sub']: UNSAT (0.048 seconds)
113.58/113.67	['length', 'substr', 'sub', 'sub']: UNSAT (0.049 seconds)
113.68/113.72	['length', 'add', 'add', 'add']: UNSAT (0.035 seconds)
113.68/113.76	['length', 'add', 'add', 'sub']: UNSAT (0.035 seconds)
113.68/113.79	['length', 'add', 'sub', 'sub']: UNSAT (0.039 seconds)
113.78/113.83	['length', 'sub', 'sub', 'sub']: UNSAT (0.035 seconds)
113.78/113.87	['substr', 'substr', 'substr', 'substr']: UNSAT (0.087 seconds)
113.88/113.95	['substr', 'substr', 'substr', 'add']: UNSAT (0.065 seconds)
113.88/114.02	['substr', 'substr', 'substr', 'sub']: UNSAT (0.062 seconds)
114.02/114.08	['substr', 'substr', 'add', 'add']: UNSAT (0.049 seconds)
114.02/114.13	['substr', 'substr', 'add', 'sub']: UNSAT (0.045 seconds)
114.12/114.18	['substr', 'substr', 'sub', 'sub']: UNSAT (0.044 seconds)
114.18/114.22	['substr', 'add', 'add', 'add']: UNSAT (0.048 seconds)
114.18/114.27	['substr', 'add', 'add', 'sub']: UNSAT (0.040 seconds)
114.28/114.31	['substr', 'add', 'sub', 'sub']: UNSAT (0.042 seconds)
114.28/114.36	['substr', 'sub', 'sub', 'sub']: UNSAT (0.042 seconds)
114.38/114.40	['add', 'add', 'add', 'add']: UNSAT (0.043 seconds)
114.38/114.44	['add', 'add', 'add', 'sub']: UNSAT (0.042 seconds)
114.38/114.49	['add', 'add', 'sub', 'sub']: UNSAT (0.039 seconds)
114.48/114.53	['add', 'sub', 'sub', 'sub']: UNSAT (0.038 seconds)
114.48/114.56	['sub', 'sub', 'sub', 'sub']: UNSAT (0.037 seconds)
114.58/114.60	['concat', 'concat', 'concat', 'concat', 'concat']: UNKNOWN (346.369 seconds)
460.87/460.97	Reason: smt tactic failed to show goal to be sat/unsat max-conflicts-reached
460.87/460.97	Reason: smt tactic failed to show goal to be sat/unsat max-conflicts-reached
460.87/460.97	['concat', 'concat', 'concat', 'concat', 'index']: UNSAT (0.062 seconds)
460.87/461.04	['concat', 'concat', 'concat', 'concat', 'length']: UNSAT (0.058 seconds)
461.01/461.09	['concat', 'concat', 'concat', 'concat', 'substr']: 