0.12/0.20	=== Examples (../../dataset/examples/examples-86.json)
0.12/0.20	IO(inputs=('Sed euismod congue porta. Phasellus posuere rutrum porttitor. Curabitur nec pellentesque sem, luctus volutpat.',), output='Sed euismod congue porta. phasellus posuere rutrum porttitor. curabitur nec pellentesque sem, luctus')
0.12/0.20	=== Library
0.12/0.20	concat
0.12/0.20	index
0.12/0.20	length
0.12/0.20	substr
0.12/0.20	add
0.12/0.20	sub
0.12/0.20	=== Synthesis
0.12/0.20	['concat']: UNSAT (0.024 seconds)
0.12/0.23	['index']: UNSAT (0.021 seconds)
0.12/0.25	['length']: UNSAT (0.018 seconds)
0.12/0.27	['substr']: UNSAT (0.025 seconds)
0.12/0.29	['add']: UNSAT (0.019 seconds)
0.12/0.31	['sub']: UNSAT (0.020 seconds)
0.29/0.33	['concat', 'concat']: UNSAT (0.043 seconds)
0.29/0.38	['concat', 'index']: UNSAT (0.031 seconds)
0.36/0.41	['concat', 'length']: UNSAT (0.025 seconds)
0.36/0.43	['concat', 'substr']: UNSAT (0.166 seconds)
0.58/0.60	['concat', 'add']: UNSAT (0.027 seconds)
0.58/0.63	['concat', 'sub']: UNSAT (0.024 seconds)
0.63/0.65	['index', 'index']: UNSAT (0.026 seconds)
0.63/0.68	['index', 'length']: UNSAT (0.021 seconds)
0.69/0.70	['index', 'substr']: UNSAT (0.890 seconds)
1.48/1.59	['index', 'add']: UNSAT (0.023 seconds)
1.58/1.62	['index', 'sub']: UNSAT (0.024 seconds)
1.58/1.64	['length', 'length']: UNSAT (0.017 seconds)
1.58/1.66	['length', 'substr']: UNSAT (0.068 seconds)
1.68/1.73	['length', 'add']: UNSAT (0.019 seconds)
1.68/1.75	['length', 'sub']: UNSAT (0.019 seconds)
1.68/1.77	['substr', 'substr']: UNSAT (0.032 seconds)
1.78/1.80	['substr', 'add']: UNSAT (0.027 seconds)
1.78/1.83	['substr', 'sub']: UNSAT (0.039 seconds)
1.78/1.87	['add', 'add']: UNSAT (0.023 seconds)
1.78/1.89	['add', 'sub']: UNSAT (0.025 seconds)
1.88/1.92	['sub', 'sub']: UNSAT (0.023 seconds)
1.88/1.94	['concat', 'concat', 'concat']: UNSAT (0.211 seconds)
2.13/2.15	['concat', 'concat', 'index']: UNSAT (0.033 seconds)
2.13/2.19	['concat', 'concat', 'length']: UNSAT (0.027 seconds)
2.18/2.22	['concat', 'concat', 'substr']: UNSAT (11.039 seconds)
13.18/13.26	['concat', 'concat', 'add']: UNSAT (0.030 seconds)
13.18/13.29	['concat', 'concat', 'sub']: UNSAT (0.028 seconds)
13.28/13.31	['concat', 'index', 'index']: UNSAT (0.032 seconds)
13.28/13.35	['concat', 'index', 'length']: UNSAT (0.029 seconds)
13.28/13.38	['concat', 'index', 'substr']: UNSAT (38.034 seconds)
51.39/51.41	['concat', 'index', 'add']: UNSAT (0.033 seconds)
51.39/51.45	['concat', 'index', 'sub']: UNSAT (0.032 seconds)
51.39/51.48	['concat', 'length', 'length']: UNSAT (0.024 seconds)
51.49/51.50	['concat', 'length', 'substr']: UNSAT (2.274 seconds)
53.69/53.78	['concat', 'length', 'add']: UNSAT (0.025 seconds)
53.79/53.80	['concat', 'length', 'sub']: UNSAT (0.025 seconds)
53.79/53.83	['concat', 'substr', 'substr']: UNSAT (0.480 seconds)
54.29/54.31	['concat', 'substr', 'add']: UNSAT (0.204 seconds)
54.49/54.52	['concat', 'substr', 'sub']: UNSAT (0.484 seconds)
54.89/55.00	['concat', 'add', 'add']: UNSAT (0.027 seconds)
55.01/55.03	['concat', 'add', 'sub']: UNSAT (0.027 seconds)
55.01/55.06	['concat', 'sub', 'sub']: UNSAT (0.028 seconds)
55.01/55.09	['index', 'index', 'index']: UNSAT (0.036 seconds)
55.01/55.12	['index', 'index', 'length']: UNSAT (0.029 seconds)
55.12/55.15	['index', 'index', 'substr']: UNSAT (0.549 seconds)
55.69/55.70	['index', 'index', 'add']: UNSAT (0.032 seconds)
55.69/55.74	['index', 'index', 'sub']: UNSAT (0.033 seconds)
55.69/55.77	['index', 'length', 'length']: UNSAT (0.025 seconds)
55.69/55.79	['index', 'length', 'substr']: UNSAT (0.273 seconds)
56.01/56.07	['index', 'length', 'add']: UNSAT (0.027 seconds)
56.01/56.10	['index', 'length', 'sub']: UNSAT (0.027 seconds)
56.01/56.12	['index', 'substr', 'substr']: UNSAT (0.467 seconds)
56.49/56.59	['index', 'substr', 'add']: UNSAT (0.146 seconds)
56.69/56.74	['index', 'substr', 'sub']: UNSAT (0.231 seconds)
56.89/56.97	['index', 'add', 'add']: UNSAT (0.033 seconds)
56.89/57.00	['index', 'add', 'sub']: UNSAT (0.032 seconds)
57.01/57.04	['index', 'sub', 'sub']: UNSAT (0.031 seconds)
57.01/57.07	['length', 'length', 'length']: UNSAT (0.020 seconds)
57.01/57.09	['length', 'length', 'substr']: UNSAT (0.038 seconds)
57.12/57.13	['length', 'length', 'add']: UNSAT (0.021 seconds)
57.12/57.15	['length', 'length', 'sub']: UNSAT (0.022 seconds)
57.12/57.17	['length', 'substr', 'substr']: UNSAT (0.340 seconds)
57.49/57.51	['length', 'substr', 'add']: UNSAT (0.112 seconds)
57.59/57.63	['length', 'substr', 'sub']: UNSAT (0.184 seconds)
57.79/57.81	['length', 'add', 'add']: UNSAT (0.026 seconds)
57.79/57.84	['length', 'add', 'sub']: UNSAT (0.025 seconds)
57.79/57.86	['length', 'sub', 'sub']: UNSAT (0.025 seconds)
57.79/57.89	['substr', 'substr', 'substr']: UNSAT (0.068 seconds)
57.89/57.96	['substr', 'substr', 'add']: UNSAT (0.062 seconds)
57.89/58.02	['substr', 'substr', 'sub']: UNSAT (0.073 seconds)
58.01/58.09	['substr', 'add', 'add']: UNSAT (0.046 seconds)
58.12/58.14	['substr', 'add', 'sub']: UNSAT (0.055 seconds)
58.19/58.20	['substr', 'sub', 'sub']: UNSAT (0.053 seconds)
58.19/58.25	['add', 'add', 'add']: UNSAT (0.030 seconds)
58.19/58.28	['add', 'add', 'sub']: UNSAT (0.029 seconds)
58.29/58.31	['add', 'sub', 'sub']: UNSAT (0.029 seconds)
58.29/58.34	['sub', 'sub', 'sub']: UNSAT (0.029 seconds)
58.29/58.37	['concat', 'concat', 'concat', 'concat']: UNSAT (0.294 seconds)
58.59/58.67	['concat', 'concat', 'concat', 'index']: UNSAT (0.045 seconds)
58.69/58.71	['concat', 'concat', 'concat', 'length']: UNSAT (0.038 seconds)
58.69/58.75	['concat', 'concat', 'concat', 'substr']: 