0.00/0.20	=== Examples (../../dataset/examples/examples-82.json)
0.00/0.20	IO(inputs=('take last three', 'and add this'), output='ree and add this')
0.00/0.20	=== Library
0.00/0.20	concat
0.00/0.20	index
0.00/0.20	length
0.00/0.20	substr
0.00/0.20	add
0.00/0.20	sub
0.00/0.20	=== Synthesis
0.00/0.20	['concat']: UNSAT (0.023 seconds)
0.19/0.22	['index']: UNSAT (0.022 seconds)
0.19/0.24	['length']: UNSAT (0.018 seconds)
0.19/0.26	['substr']: UNSAT (0.021 seconds)
0.19/0.28	['add']: UNSAT (0.019 seconds)
0.19/0.30	['sub']: UNSAT (0.019 seconds)
0.19/0.32	['concat', 'concat']: UNSAT (0.036 seconds)
0.34/0.36	['concat', 'index']: UNSAT (0.031 seconds)
0.34/0.39	['concat', 'length']: UNSAT (0.025 seconds)
0.34/0.42	['concat', 'substr']: UNSAT (0.040 seconds)
0.34/0.46	['concat', 'add']: UNSAT (0.028 seconds)
0.47/0.49	['concat', 'sub']: UNSAT (0.026 seconds)
0.47/0.51	['index', 'index']: UNSAT (0.033 seconds)
0.47/0.55	['index', 'length']: UNSAT (0.027 seconds)
0.47/0.58	['index', 'substr']: UNSAT (0.035 seconds)
0.58/0.61	['index', 'add']: UNSAT (0.029 seconds)
0.58/0.64	['index', 'sub']: UNSAT (0.025 seconds)
0.58/0.67	['length', 'length']: UNSAT (0.017 seconds)
0.68/0.68	['length', 'substr']: UNSAT (0.021 seconds)
0.68/0.71	['length', 'add']: UNSAT (0.017 seconds)
0.68/0.72	['length', 'sub']: UNSAT (0.018 seconds)
0.73/0.74	['substr', 'substr']: UNSAT (0.028 seconds)
0.73/0.77	['substr', 'add']: UNSAT (0.024 seconds)
0.73/0.79	['substr', 'sub']: UNSAT (0.023 seconds)
0.79/0.82	['add', 'add']: UNSAT (0.021 seconds)
0.79/0.84	['add', 'sub']: UNSAT (0.024 seconds)
0.79/0.86	['sub', 'sub']: UNSAT (0.021 seconds)
0.79/0.88	['concat', 'concat', 'concat']: UNSAT (0.087 seconds)
0.89/0.97	['concat', 'concat', 'index']: UNSAT (0.032 seconds)
0.99/1.00	['concat', 'concat', 'length']: UNSAT (0.028 seconds)
0.99/1.03	['concat', 'concat', 'substr']: SAT (0.177 seconds)
1.16/1.21	concat('ree ', concat(arg1, substr(arg0, 5869, 5869)))
