0.00/0.16	=== Examples (examples-34.json)
0.00/0.16	(["A001 John Doe"],"John Doe")
0.00/0.16	(["B234 Jane Moe"],"Jane Moe")
0.00/0.16	(["C099 Not a standard"],"Not a standard")
0.00/0.16	=== Library
0.00/0.16	Add
0.00/0.16	Concat
0.00/0.16	Index
0.00/0.16	Length
0.00/0.16	Sub
0.00/0.16	Substr
0.00/0.16	=== Synthesis
0.00/0.16	Size: 1
0.00/0.16	=== Program
0.00/0.16	prog(x0):
0.00/0.16	  c0 = "5"
0.00/0.16	  c1 = "0"
0.00/0.16	  c2 = "53"
0.00/0.16	  c3 = "0"
0.00/0.16	  r0 = Substr(x0, c0, c2)
0.00/0.16	
