0.13/0.24	=== Examples (examples-13.json)
0.13/0.24	(["Curabitur commodo volutpat."],"commodo volutpa")
0.13/0.24	(["Phasellus dignissim nullam."],"dignissim nulla")
0.13/0.24	(["Suspendisse potenti nullam."],"e potenti nulla")
0.13/0.24	=== Library
0.13/0.24	Add
0.13/0.24	Concat
0.13/0.24	Index
0.13/0.24	Length
0.13/0.24	Sub
0.13/0.24	Substr
0.13/0.24	=== Synthesis
0.13/0.24	Size: 1
0.13/0.24	=== Program
0.13/0.24	prog(x0):
0.13/0.24	  c0 = "10"
0.13/0.24	  c1 = "0"
0.13/0.24	  c2 = "15"
0.13/0.24	  c3 = "0"
0.13/0.24	  r0 = Substr(x0, c0, c2)
0.13/0.24	
