599.98/600.00	=== Examples (examples-19.json)
599.98/600.00	(["Praesent sed diam vel amet."],"Praesent sed diam vel amet....")
599.98/600.00	(["Donec ultrices finibus ultrices. Quisque lacus posuere."],"Donec ultrices finibus ultrices. Quisque lacus pos...")
599.98/600.00	(["In hac habitasse platea dictumst. Sed dapibus sit amet neque gravida sed."],"In hac habitasse platea dictumst. Sed dapibus sit ...")
599.98/600.00	=== Library
599.98/600.00	Add
599.98/600.00	Concat
599.98/600.00	Index
599.98/600.00	Length
599.98/600.00	Sub
599.98/600.00	Substr
599.98/600.00	=== Synthesis
599.98/600.00	Size: 1
599.98/600.00	Size: 2
599.98/600.00	outsynth2: 
599.98/600.00	*** Data.SBV: fd:6: hGetLine: end of file:
599.98/600.00	***
599.98/600.00	***    Sent      : (check-sat)
599.98/600.00	***
599.98/600.00	***    Executable: /home/rodrigo/bin/z3
599.98/600.00	***    Options   : -nw -in -smt2
599.98/600.00	
