599.96/600.00	=== Examples (examples-80.json)
599.96/600.00	(["george.bluth@outsystems.com"],"@outsystems.com")
599.96/600.00	(["maebe@cmu.edu"],"@cmu.edu")
599.96/600.00	(["michael@tecnico.pt"],"@tecnico.pt")
599.96/600.00	=== Library
599.96/600.00	Add
599.96/600.00	Concat
599.96/600.00	Index
599.96/600.00	Length
599.96/600.00	Sub
599.96/600.00	Substr
599.96/600.00	=== Synthesis
599.96/600.00	Size: 1
599.96/600.00	Size: 2
599.96/600.00	outsynth2: 
599.96/600.00	*** Data.SBV: fd:6: hGetLine: end of file:
599.96/600.00	***
599.96/600.00	***    Sent      : (check-sat)
599.96/600.00	***
599.96/600.00	***    Executable: /home/rodrigo/bin/z3
599.96/600.00	***    Options   : -nw -in -smt2
599.96/600.00	
