0.12/0.19	=== Examples (../../dataset/examples/examples-11.json)
0.12/0.19	IO(inputs=('Praesent sollicitudin varius neque, ut scelerisque justo venenatis nec. Maecenas sodales justo quis neque vestibulum efficitur. Maecenas orci aliquam.',), output='Praesent sollicitudin varius neque, ut scelerisque justo venenatis nec. Maecenas sodales justo quis ')
0.12/0.19	=== Library
0.12/0.19	concat
0.12/0.19	index
0.12/0.19	length
0.12/0.19	replace
0.12/0.19	substr
0.12/0.19	to_lower
0.12/0.19	to_upper
0.12/0.19	trim
0.12/0.19	trim_start
0.12/0.19	trim_end
0.12/0.19	add
0.12/0.19	sub
0.12/0.19	=== Synthesis
0.12/0.19	['concat']: UNSAT (0.020 seconds)
0.12/0.21	['index']: UNSAT (0.017 seconds)
0.12/0.22	['length']: UNSAT (0.014 seconds)
0.12/0.24	['replace']: 