0.15/0.20	=== Examples (../../dataset/examples/examples-22.json)
0.15/0.20	IO(inputs=('Suspendisse nec dapibus elit.\nMauris in purus est.\nVestibulum ac viverra quam.\nAliquam a elementum felis.\nSed sollicitudin nullam.',), output='Suspendisse nec dapibus elit.    Mauris in purus est.    Vestibulum ac viverra quam.    Aliquam a elementum felis.    Sed sollicitudin nullam.')
0.15/0.20	=== Library
0.15/0.20	concat
0.15/0.20	index
0.15/0.20	length
0.15/0.20	replace
0.15/0.20	substr
0.15/0.20	to_lower
0.15/0.20	to_upper
0.15/0.20	trim
0.15/0.20	trim_start
0.15/0.20	trim_end
0.15/0.20	add
0.15/0.20	sub
0.15/0.20	=== Synthesis
0.15/0.20	['concat']: UNSAT (0.025 seconds)
0.15/0.22	['index']: UNSAT (0.021 seconds)
0.15/0.24	['length']: UNSAT (0.017 seconds)
0.15/0.26	['replace']: 