0.13/0.19	=== Examples (../../dataset/examples/examples-23.json)
0.13/0.19	IO(inputs=('Nam quis purus massa metus.',), output='Nam q...')
0.13/0.19	=== Library
0.13/0.19	concat
0.13/0.19	index
0.13/0.19	length
0.13/0.19	replace
0.13/0.19	substr
0.13/0.19	to_lower
0.13/0.19	to_upper
0.13/0.19	trim
0.13/0.19	trim_start
0.13/0.19	trim_end
0.13/0.19	add
0.13/0.19	sub
0.13/0.19	=== Synthesis
0.13/0.19	['concat']: UNSAT (0.023 seconds)
0.13/0.21	['index']: UNSAT (0.020 seconds)
0.13/0.23	['length']: UNSAT (0.017 seconds)
0.13/0.25	['replace']: 