0.13/0.20	=== Examples (../../dataset/examples/examples-44.json)
0.13/0.20	IO(inputs=('My Bed is not your bed',), output='my is not your bed')
0.13/0.20	=== Library
0.13/0.20	concat
0.13/0.20	index
0.13/0.20	length
0.13/0.20	replace
0.13/0.20	substr
0.13/0.20	to_lower
0.13/0.20	to_upper
0.13/0.20	trim
0.13/0.20	trim_start
0.13/0.20	trim_end
0.13/0.20	add
0.13/0.20	sub
0.13/0.20	=== Synthesis
0.13/0.20	['concat']: UNSAT (0.022 seconds)
0.13/0.22	['index']: UNSAT (0.021 seconds)
0.13/0.24	['length']: UNSAT (0.018 seconds)
0.13/0.26	['replace']: 