0.13/0.21	=== Examples (../../dataset/examples/examples-63.json)
0.13/0.21	IO(inputs=('take first nine',), output='t nine')
0.13/0.21	=== Library
0.13/0.21	concat
0.13/0.21	index
0.13/0.21	length
0.13/0.21	replace
0.13/0.21	substr
0.13/0.21	to_lower
0.13/0.21	to_upper
0.13/0.21	trim
0.13/0.21	trim_start
0.13/0.21	trim_end
0.13/0.21	add
0.13/0.21	sub
0.13/0.21	=== Synthesis
0.13/0.21	['concat']: UNSAT (0.023 seconds)
0.13/0.23	['index']: UNSAT (0.021 seconds)
0.13/0.25	['length']: UNSAT (0.018 seconds)
0.13/0.27	['replace']: 