0.15/0.20	=== Examples (../../dataset/examples/examples-68.json)
0.15/0.20	IO(inputs=(' smith - doe ',), output='smith')
0.15/0.20	=== Library
0.15/0.20	concat
0.15/0.20	index
0.15/0.20	length
0.15/0.20	replace
0.15/0.20	substr
0.15/0.20	to_lower
0.15/0.20	to_upper
0.15/0.20	trim
0.15/0.20	trim_start
0.15/0.20	trim_end
0.15/0.20	add
0.15/0.20	sub
0.15/0.20	=== Synthesis
0.15/0.20	['concat']: UNSAT (0.022 seconds)
0.15/0.22	['index']: UNSAT (0.020 seconds)
0.15/0.24	['length']: UNSAT (0.017 seconds)
0.15/0.26	['replace']: SAT (0.025 seconds)
0.15/0.29	replace('smith', arg0, 'smith')
