0.00/0.18	=== Examples (../../dataset/examples/examples-51.json)
0.00/0.18	IO(inputs=('George ', 'Michael '), output='George  Michael')
0.00/0.18	=== Library
0.00/0.18	concat
0.00/0.18	index
0.00/0.18	length
0.00/0.18	replace
0.00/0.18	substr
0.00/0.18	to_lower
0.00/0.18	to_upper
0.00/0.18	trim
0.00/0.18	trim_start
0.00/0.18	trim_end
0.00/0.18	add
0.00/0.18	sub
0.00/0.18	=== Synthesis
0.00/0.18	['concat']: UNSAT (0.020 seconds)
0.00/0.20	['index']: UNSAT (0.018 seconds)
0.18/0.22	['length']: UNSAT (0.015 seconds)
0.18/0.24	['replace']: 