0.10/0.20	=== Examples (../../dataset/examples/examples-46.json)
0.10/0.20	IO(inputs=(' a b c ',), output='0a0b0c')
0.10/0.20	=== Library
0.10/0.20	concat
0.10/0.20	index
0.10/0.20	length
0.10/0.20	replace
0.10/0.20	substr
0.10/0.20	to_lower
0.10/0.20	to_upper
0.10/0.20	trim
0.10/0.20	trim_start
0.10/0.20	trim_end
0.10/0.20	add
0.10/0.20	sub
0.10/0.20	=== Synthesis
0.10/0.20	['concat']: UNSAT (0.022 seconds)
0.10/0.22	['index']: UNSAT (0.020 seconds)
0.10/0.24	['length']: UNSAT (0.018 seconds)
0.10/0.26	['replace']: 