0.12/0.18	=== Examples (../../dataset/examples/examples-38.json)
0.12/0.18	IO(inputs=('should not be spaced',), output='<span id=should_not_be_spaced > ')
0.12/0.18	=== Library
0.12/0.18	concat
0.12/0.18	index
0.12/0.18	length
0.12/0.18	replace
0.12/0.18	substr
0.12/0.18	to_lower
0.12/0.18	to_upper
0.12/0.18	trim
0.12/0.18	trim_start
0.12/0.18	trim_end
0.12/0.18	add
0.12/0.18	sub
0.12/0.18	=== Synthesis
0.12/0.18	['concat']: UNSAT (0.018 seconds)
0.12/0.19	['index']: UNSAT (0.016 seconds)
0.12/0.21	['length']: UNSAT (0.013 seconds)
0.12/0.22	['replace']: 