0.12/0.19	=== Examples (../../dataset/examples/examples-37.json)
0.12/0.19	IO(inputs=('Duis eget ultrices sapien. / Nulla eu vehicula enim, in metus.',), output='/ Nulla eu')
0.12/0.19	=== Library
0.12/0.19	concat
0.12/0.19	index
0.12/0.19	length
0.12/0.19	replace
0.12/0.19	substr
0.12/0.19	to_lower
0.12/0.19	to_upper
0.12/0.19	trim
0.12/0.19	trim_start
0.12/0.19	trim_end
0.12/0.19	add
0.12/0.19	sub
0.12/0.19	=== Synthesis
0.12/0.19	['concat']: UNSAT (0.017 seconds)
0.12/0.21	['index']: UNSAT (0.015 seconds)
0.12/0.22	['length']: UNSAT (0.012 seconds)
0.12/0.23	['replace']: 