0.12/0.18	=== Examples (../../dataset/examples/examples-39.json)
0.12/0.18	IO(inputs=('who cares about when',), output='Created on who cares about ')
0.12/0.18	=== Library
0.12/0.18	concat
0.12/0.18	index
0.12/0.18	length
0.12/0.18	replace
0.12/0.18	substr
0.12/0.18	to_lower
0.12/0.18	to_upper
0.12/0.18	trim
0.12/0.18	trim_start
0.12/0.18	trim_end
0.12/0.18	add
0.12/0.18	sub
0.12/0.18	=== Synthesis
0.12/0.18	['concat']: UNSAT (0.017 seconds)
0.12/0.20	['index']: UNSAT (0.016 seconds)
0.12/0.22	['length']: UNSAT (0.014 seconds)
0.12/0.23	['replace']: 