599.98/600.01	=== Examples (examples-18.json)
599.98/600.01	(["Lorem ipsum dolor sit amet cras amet."],"Lorem ipsum dolor sit amet cra...")
599.98/600.01	(["Maecenas non lorem suscipit, pharetra mi sed."],"Maecenas non lorem suscipit, p...")
599.98/600.01	(["Nulla facilisi turpis duis."],"Nulla facilisi turpis duis....")
599.98/600.01	=== Library
599.98/600.01	Add
599.98/600.01	Concat
599.98/600.01	Index
599.98/600.01	Length
599.98/600.01	Sub
599.98/600.01	Substr
599.98/600.01	=== Synthesis
599.98/600.01	Size: 1
599.98/600.01	Size: 2
599.98/600.01	outsynth2: 
599.98/600.01	*** Data.SBV: fd:6: hGetLine: end of file:
599.98/600.01	***
599.98/600.01	***    Sent      : (check-sat)
599.98/600.01	***
599.98/600.01	***    Executable: /home/rodrigo/msc/code/setwise/venv/bin/z3
599.98/600.01	***    Options   : -nw -in -smt2
599.98/600.01	
