599.97/600.00	=== Examples (examples-53.json)
599.97/600.00	([" this is the same as trim man...  "],"this is the same as trim man...")
599.97/600.00	(["  know your libraries"],"know your libraries")
599.97/600.00	(["or is trim too young? "],"or is trim too young?")
599.97/600.00	=== Library
599.97/600.00	Add
599.97/600.00	Concat
599.97/600.00	Index
599.97/600.00	Length
599.97/600.00	Sub
599.97/600.00	Substr
599.97/600.00	=== Synthesis
599.97/600.00	Size: 1
599.97/600.00	Size: 2
599.97/600.00	outsynth2: 
599.97/600.00	*** Data.SBV: fd:6: hGetLine: end of file:
599.97/600.00	***
599.97/600.00	***    Sent      : (check-sat)
599.97/600.00	***
599.97/600.00	***    Executable: /home/rodrigo/msc/code/setwise/venv/bin/z3
599.97/600.00	***    Options   : -nw -in -smt2
599.97/600.00	
