600.02/600.00	=== Examples (examples-76.json)
600.02/600.00	(["abcdef",3,"xyz"],"xyz")
600.02/600.00	(["012345",4,"742"],"0742")
600.02/600.00	(["abc132",5,"xyz"],"abxyz")
600.02/600.00	=== Library
600.02/600.00	Add
600.02/600.00	Concat
600.02/600.00	Index
600.02/600.00	Length
600.02/600.00	Sub
600.02/600.00	Substr
600.02/600.00	=== Synthesis
600.02/600.00	Size: 1
600.02/600.00	Size: 2
600.02/600.00	Size: 3
600.02/600.00	outsynth2: 
600.02/600.00	*** Data.SBV: fd:6: hGetLine: end of file:
600.02/600.00	***
600.02/600.00	***    Sent      : (check-sat)
600.02/600.00	***
600.02/600.00	***    Executable: /home/rodrigo/msc/code/setwise/venv/bin/z3
600.02/600.00	***    Options   : -nw -in -smt2
600.02/600.00	
