600.20/600.71	=== Examples (examples-01.json)
600.20/600.71	(["Hello World"],"Hello&nbsp;World")
600.20/600.71	(["Indicates the (zero-based) index where the search starts."],"Indicates&nbsp;the&nbsp;(zero-based)&nbsp;index&nbsp;where&nbsp;the&nbsp;search&nbsp;starts.")
600.20/600.71	=== Library
600.20/600.71	Add
600.20/600.71	Concat
600.20/600.71	Index
600.20/600.71	Length
600.20/600.71	Replace
600.20/600.71	Sub
600.20/600.71	Substr
600.20/600.71	ToLower
600.20/600.71	ToUpper
600.20/600.71	Trim
600.20/600.71	TrimEnd
600.20/600.71	TrimStart
600.20/600.71	=== Synthesis
600.20/600.71	Size: 1
600.20/600.71	outsynth2: 
600.20/600.71	*** Data.SBV: fd:6: hGetLine: end of file:
600.20/600.71	***
600.20/600.71	***    Sent      : (check-sat)
600.20/600.71	***
600.20/600.71	***    Executable: /home/rodrigo/msc/code/setwise/venv/bin/z3
600.20/600.71	***    Options   : -nw -in -smt2
600.20/600.71	
