=== Examples (examples-25.json)
(["Suspendisse libero felis, efficitur eget metus eget, ultrices volutpat."],"Suspendisse libero felis, efficitur eget metus eget, ultrices volutpat...")
(["Donec condimentum lacus ac elit molestie, vel cursus ante nullam."],"Donec condimentum lacus ac elit molestie, vel cursus ante nullam....")
=== Library
Concat
Index
Length
Substr
Add
Sub
=== Synthesis
Size: 1
Size: 2
Size: 3
outsynth2: 
*** Data.SBV: fd:5: hGetLine: end of file:
***
***    Sent      : (check-sat)
***
***    Executable: /home/rodrigo/bin/z3
***    Options   : -nw -in -smt2

