0.12/0.15	=== Examples (examples-35.json)
0.12/0.15	(["A12345678 John Doe"],"John Doe")
0.12/0.15	(["B10293481 Jane Moe"],"Jane Moe")
0.12/0.15	(["C12341341 Anonymous"],"Anonymous")
0.12/0.15	=== Library
0.12/0.15	Add
0.12/0.15	Concat
0.12/0.15	Index
0.12/0.15	Length
0.12/0.15	Sub
0.12/0.15	Substr
0.12/0.15	=== Synthesis
0.12/0.15	Size: 1
0.12/0.15	=== Program
0.12/0.15	prog(x0):
0.12/0.15	  c0 = "10"
0.12/0.15	  c1 = "0"
0.12/0.15	  c2 = "0"
0.12/0.15	  c3 = "0"
0.12/0.15	  r0 = Substr(x0, c0, c0)
0.12/0.15	
