600.01/600.05	=== Examples (examples-55.json)
600.01/600.05	(["what is this even supposed to?"],"")
600.01/600.05	(["short one"],"s")
600.01/600.05	(["bit larger"],"")
600.01/600.05	=== Library
600.01/600.05	Add
600.01/600.05	Concat
600.01/600.05	Index
600.01/600.05	Length
600.01/600.05	Sub
600.01/600.05	Substr
600.01/600.05	=== Synthesis
600.01/600.05	Size: 1
600.01/600.05	Size: 2
600.01/600.05	outsynth2: 
600.01/600.05	*** Data.SBV: fd:6: hGetLine: end of file:
600.01/600.05	***
600.01/600.05	***    Sent      : (check-sat)
600.01/600.05	***
600.01/600.05	***    Executable: /home/rodrigo/bin/z3
600.01/600.05	***    Options   : -nw -in -smt2
600.01/600.05	
