600.00/600.08	=== Examples (examples-64.json)
600.00/600.08	(["# this is a comment"],"# this is a comment")
600.00/600.08	(["code code code # comment"],"# comment")
600.00/600.08	(["sigh more code # more comments"],"# more comments")
600.00/600.08	=== Library
600.00/600.08	Add
600.00/600.08	Concat
600.00/600.08	Index
600.00/600.08	Length
600.00/600.08	Sub
600.00/600.08	Substr
600.00/600.08	=== Synthesis
600.00/600.08	Size: 1
600.00/600.08	Size: 2
600.00/600.08	outsynth2: 
600.00/600.08	*** Data.SBV: fd:6: hGetLine: end of file:
600.00/600.08	***
600.00/600.08	***    Sent      : (check-sat)
600.00/600.08	***
600.00/600.08	***    Executable: /home/rodrigo/bin/z3
600.00/600.08	***    Options   : -nw -in -smt2
600.00/600.08	
