600.04/600.05	=== Examples (examples-40.json)
600.04/600.05	(["who cares about when"],"updated on who cares about ")
600.04/600.05	(["maybe someone will care"],"updated on maybe someone wi")
600.04/600.05	(["but then who else?"],"updated on but then who els")
600.04/600.05	=== Library
600.04/600.05	Add
600.04/600.05	Concat
600.04/600.05	Index
600.04/600.05	Length
600.04/600.05	Sub
600.04/600.05	Substr
600.04/600.05	=== Synthesis
600.04/600.05	Size: 1
600.04/600.05	Size: 2
600.04/600.05	outsynth2: 
600.04/600.05	*** Data.SBV: fd:6: hGetLine: end of file:
600.04/600.05	***
600.04/600.05	***    Sent      : (check-sat)
600.04/600.05	***
600.04/600.05	***    Executable: /home/rodrigo/bin/z3
600.04/600.05	***    Options   : -nw -in -smt2
600.04/600.05	
