0.00/0.16	=== Examples (../../dataset/examples/examples-25.json)
0.00/0.16	IO(inputs=('Suspendisse libero felis, efficitur eget metus eget, ultrices volutpat.',), output='Suspendisse libero felis, efficitur eget metus eget, ultrices volutpat...')
0.00/0.16	IO(inputs=('Donec condimentum lacus ac elit molestie, vel cursus ante nullam.',), output='Donec condimentum lacus ac elit molestie, vel cursus ante nullam....')
0.00/0.16	=== Library
0.00/0.16	concat
0.00/0.16	index
0.00/0.16	length
0.00/0.16	replace
0.00/0.16	substr
0.00/0.16	to_lower
0.00/0.16	to_upper
0.00/0.16	trim
0.00/0.16	trim_start
0.00/0.16	trim_end
0.00/0.16	add
0.00/0.16	sub
0.00/0.16	=== Synthesis
0.00/0.16	['concat']: UNSAT (0.024 seconds)
0.00/0.18	['index']: UNSAT (0.022 seconds)
0.00/0.20	['length']: UNSAT (0.017 seconds)
0.00/0.22	['replace']: 