0.13/0.20	=== Examples (../../dataset/examples/examples-68.json)
0.13/0.20	IO(inputs=(' smith - doe ',), output='smith')
0.13/0.20	IO(inputs=('  spelled-out',), output='spelled')
0.13/0.20	=== Library
0.13/0.20	concat
0.13/0.20	index
0.13/0.20	length
0.13/0.20	replace
0.13/0.20	substr
0.13/0.20	to_lower
0.13/0.20	to_upper
0.13/0.20	trim
0.13/0.20	trim_start
0.13/0.20	trim_end
0.13/0.20	add
0.13/0.20	sub
0.13/0.20	=== Synthesis
0.13/0.20	['concat']: UNSAT (0.027 seconds)
0.13/0.23	['index']: UNSAT (0.026 seconds)
0.13/0.26	['length']: UNSAT (0.020 seconds)
0.13/0.28	['replace']: 