0.11/0.20	=== Examples (../../dataset/examples/examples-42.json)
0.11/0.20	IO(inputs=('DO IT',), output='do it!@')
0.11/0.20	IO(inputs=('COME ON',), output='come on!@')
0.11/0.20	=== Library
0.11/0.20	concat
0.11/0.20	index
0.11/0.20	length
0.11/0.20	replace
0.11/0.20	substr
0.11/0.20	to_lower
0.11/0.20	to_upper
0.11/0.20	trim
0.11/0.20	trim_start
0.11/0.20	trim_end
0.11/0.20	add
0.11/0.20	sub
0.11/0.20	=== Synthesis
0.11/0.20	['concat']: UNSAT (0.028 seconds)
0.11/0.23	['index']: UNSAT (0.033 seconds)
0.11/0.27	['length']: UNSAT (0.032 seconds)
0.27/0.30	['replace']: 