0.00/0.22	=== Examples (../../dataset/examples/examples-26.json)
0.00/0.22	IO(inputs=('Nullam elementum, nisi ut pharetra molestie, mauris nisl accumsan magna orci aliquam.',), output='Nullam elementum, nisi ut pharetra molestie, mauris nisl accumsan magna orci ali...')
0.00/0.22	IO(inputs=('Nulla scelerisque purus quis felis ullamcorper, eget euismod sapien nullam.',), output='Nulla scelerisque purus quis felis ullamcorper, eget euismod sapien nullam....')
0.00/0.22	=== Library
0.00/0.22	concat
0.00/0.22	index
0.00/0.22	length
0.00/0.22	replace
0.00/0.22	substr
0.00/0.22	to_lower
0.00/0.22	to_upper
0.00/0.22	trim
0.00/0.22	trim_start
0.00/0.22	trim_end
0.00/0.22	add
0.00/0.22	sub
0.00/0.22	=== Synthesis
0.00/0.22	['concat']: UNSAT (0.025 seconds)
0.00/0.25	['index']: UNSAT (0.022 seconds)
0.00/0.27	['length']: UNSAT (0.017 seconds)
0.00/0.29	['replace']: 