0.00/0.19	=== Examples (../../dataset/examples/examples-49.json)
0.00/0.19	IO(inputs=('john', 'doe'), output='JOHN DOE')
0.00/0.19	IO(inputs=('jane', 'smith'), output='JANE SMITH')
0.00/0.19	=== Library
0.00/0.19	concat
0.00/0.19	index
0.00/0.19	length
0.00/0.19	replace
0.00/0.19	substr
0.00/0.19	to_lower
0.00/0.19	to_upper
0.00/0.19	trim
0.00/0.19	trim_start
0.00/0.19	trim_end
0.00/0.19	add
0.00/0.19	sub
0.00/0.19	=== Synthesis
0.00/0.19	['concat']: UNSAT (0.029 seconds)
0.00/0.22	['index']: UNSAT (0.029 seconds)
0.00/0.25	['length']: UNSAT (0.020 seconds)
0.00/0.27	['replace']: UNSAT (18.267 seconds)
18.48/18.54	['substr']: UNSAT (0.025 seconds)
18.48/18.56	['to_lower']: UNSAT (0.034 seconds)
18.48/18.60	['to_upper']: UNSAT (0.036 seconds)
18.58/18.63	['trim']: UNSAT (0.027 seconds)
18.58/18.66	['trim_start']: UNSAT (0.021 seconds)
18.58/18.68	['trim_end']: UNSAT (0.026 seconds)
18.68/18.71	['add']: UNSAT (0.020 seconds)
18.68/18.73	['sub']: UNSAT (0.020 seconds)
18.68/18.75	['concat', 'concat']: UNSAT (0.044 seconds)
18.68/18.80	['concat', 'index']: UNSAT (0.040 seconds)
18.78/18.84	['concat', 'length']: UNSAT (0.029 seconds)
18.78/18.87	['concat', 'replace']: SAT (2.150 seconds)
20.99/21.02	replace(concat(arg1, arg1), arg1, arg0)
