0.00/0.20	=== Examples (../../dataset/examples/examples-10.json)
0.00/0.20	IO(inputs=('hello word',), output='hello word')
0.00/0.20	IO(inputs=('hi my name is',), output='hi my name')
0.00/0.20	=== Library
0.00/0.20	concat
0.00/0.20	index
0.00/0.20	length
0.00/0.20	replace
0.00/0.20	substr
0.00/0.20	to_lower
0.00/0.20	to_upper
0.00/0.20	trim
0.00/0.20	trim_start
0.00/0.20	trim_end
0.00/0.20	add
0.00/0.20	sub
0.00/0.20	=== Synthesis
0.00/0.20	['concat']: UNSAT (0.023 seconds)
0.18/0.22	['index']: UNSAT (0.022 seconds)
0.18/0.25	['length']: UNSAT (0.015 seconds)
0.18/0.26	['replace']: 