0.00/0.19	=== Examples (../../dataset/examples/examples-72.json)
0.00/0.19	IO(inputs=('just use', 'trim '), output='just use trim')
0.00/0.19	IO(inputs=(" gudamit'", 'why you no use '), output="gudamit' why you no use")
0.00/0.19	=== Library
0.00/0.19	concat
0.00/0.19	index
0.00/0.19	length
0.00/0.19	replace
0.00/0.19	substr
0.00/0.19	to_lower
0.00/0.19	to_upper
0.00/0.19	trim
0.00/0.19	trim_start
0.00/0.19	trim_end
0.00/0.19	add
0.00/0.19	sub
0.00/0.19	=== Synthesis
0.00/0.19	['concat']: UNSAT (0.029 seconds)
0.00/0.22	['index']: UNSAT (0.028 seconds)
0.00/0.25	['length']: UNSAT (0.020 seconds)
0.17/0.27	['replace']: SAT (63.996 seconds)
64.19/64.27	replace(arg1, ' ', arg0)
