0.00/0.23	=== Examples (../../dataset/examples/examples-19.json)
0.00/0.23	IO(inputs=('Praesent sed diam vel amet.',), output='Praesent sed diam vel amet....')
0.00/0.23	IO(inputs=('Donec ultrices finibus ultrices. Quisque lacus posuere.',), output='Donec ultrices finibus ultrices. Quisque lacus pos...')
0.00/0.23	=== Library
0.00/0.23	concat
0.00/0.23	index
0.00/0.23	length
0.00/0.23	replace
0.00/0.23	substr
0.00/0.23	to_lower
0.00/0.23	to_upper
0.00/0.23	trim
0.00/0.23	trim_start
0.00/0.23	trim_end
0.00/0.23	add
0.00/0.23	sub
0.00/0.23	=== Synthesis
0.00/0.23	['concat']: UNSAT (0.025 seconds)
0.15/0.25	['index']: UNSAT (0.024 seconds)
0.15/0.28	['length']: UNSAT (0.019 seconds)
0.15/0.30	['replace']: 