0.12/0.21	=== Examples (../../dataset/examples/examples-43.json)
0.12/0.21	IO(inputs=('https://ThatCoolWebsite.com',), output='thatcoolwebsite.com')
0.12/0.21	IO(inputs=('https://secure.com',), output='secure.com')
0.12/0.21	=== Library
0.12/0.21	concat
0.12/0.21	index
0.12/0.21	length
0.12/0.21	replace
0.12/0.21	substr
0.12/0.21	to_lower
0.12/0.21	to_upper
0.12/0.21	trim
0.12/0.21	trim_start
0.12/0.21	trim_end
0.12/0.21	add
0.12/0.21	sub
0.12/0.21	=== Synthesis
0.12/0.21	['concat']: UNSAT (0.028 seconds)
0.12/0.23	['index']: UNSAT (0.027 seconds)
0.12/0.26	['length']: UNSAT (0.020 seconds)
0.12/0.28	['replace']: 