0.10/0.20	=== Examples (../../dataset/examples/examples-58.json)
0.10/0.20	IO(inputs=('who cares about the last one.',), output='who cares about the last one')
0.10/0.20	IO(inputs=('just let them die!',), output='just let them die')
0.10/0.20	=== Library
0.10/0.20	concat
0.10/0.20	index
0.10/0.20	length
0.10/0.20	replace
0.10/0.20	substr
0.10/0.20	to_lower
0.10/0.20	to_upper
0.10/0.20	trim
0.10/0.20	trim_start
0.10/0.20	trim_end
0.10/0.20	add
0.10/0.20	sub
0.10/0.20	=== Synthesis
0.10/0.20	['concat']: UNSAT (0.029 seconds)
0.10/0.23	['index']: UNSAT (0.027 seconds)
0.10/0.26	['length']: UNSAT (0.021 seconds)
0.10/0.28	['replace']: 