0.14/0.20	=== Examples (../../dataset/examples/examples-38.json)
0.14/0.20	IO(inputs=('should not be spaced',), output='<span id=should_not_be_spaced > ')
0.14/0.20	IO(inputs=('but underscored',), output='<span id=but_underscored > ')
0.14/0.20	=== Library
0.14/0.20	concat
0.14/0.20	index
0.14/0.20	length
0.14/0.20	replace
0.14/0.20	substr
0.14/0.20	to_lower
0.14/0.20	to_upper
0.14/0.20	trim
0.14/0.20	trim_start
0.14/0.20	trim_end
0.14/0.20	add
0.14/0.20	sub
0.14/0.20	=== Synthesis
0.14/0.20	['concat']: UNSAT (0.032 seconds)
0.14/0.24	['index']: UNSAT (0.028 seconds)
0.14/0.26	['length']: UNSAT (0.022 seconds)
0.14/0.29	['replace']: 