0.14/0.20	=== Examples (../../dataset/examples/examples-44.json)
0.14/0.20	IO(inputs=('My Bed is not your bed',), output='my is not your bed')
0.14/0.20	IO(inputs=('bed to Bed',), output='to bed')
0.14/0.20	=== Library
0.14/0.20	concat
0.14/0.20	index
0.14/0.20	length
0.14/0.20	replace
0.14/0.20	substr
0.14/0.20	to_lower
0.14/0.20	to_upper
0.14/0.20	trim
0.14/0.20	trim_start
0.14/0.20	trim_end
0.14/0.20	add
0.14/0.20	sub
0.14/0.20	=== Synthesis
0.14/0.20	['concat']: UNSAT (0.027 seconds)
0.14/0.23	['index']: UNSAT (0.027 seconds)
0.14/0.26	['length']: UNSAT (0.020 seconds)
0.14/0.28	['replace']: 