0.00/0.22	=== Examples (../../dataset/examples/examples-93.json)
0.00/0.22	IO(inputs=('no - he said',), output='he said')
0.00/0.22	IO(inputs=('but but why - she said',), output='she said')
0.00/0.22	=== Library
0.00/0.22	concat
0.00/0.22	index
0.00/0.22	length
0.00/0.22	replace
0.00/0.22	substr
0.00/0.22	to_lower
0.00/0.22	to_upper
0.00/0.22	trim
0.00/0.22	trim_start
0.00/0.22	trim_end
0.00/0.22	add
0.00/0.22	sub
0.00/0.22	=== Synthesis
0.00/0.22	['concat']: UNSAT (0.027 seconds)
0.00/0.25	['index']: UNSAT (0.028 seconds)
0.00/0.28	['length']: UNSAT (0.021 seconds)
0.16/0.30	['replace']: 