0.12/0.19	=== Examples (../../dataset/examples/examples-41.json)
0.12/0.19	IO(inputs=('who knows  ',), output='Prefix who knows')
0.12/0.19	IO(inputs=("  we'll see",), output="Prefix we'll see")
0.12/0.19	=== Library
0.12/0.19	concat
0.12/0.19	index
0.12/0.19	length
0.12/0.19	replace
0.12/0.19	substr
0.12/0.19	to_lower
0.12/0.19	to_upper
0.12/0.19	trim
0.12/0.19	trim_start
0.12/0.19	trim_end
0.12/0.19	add
0.12/0.19	sub
0.12/0.19	=== Synthesis
0.12/0.19	['concat']: UNSAT (0.024 seconds)
0.12/0.21	['index']: UNSAT (0.023 seconds)
0.12/0.23	['length']: UNSAT (0.016 seconds)
0.12/0.25	['replace']: 