0.11/0.17	=== Examples (../../dataset/examples/examples-50.json)
0.11/0.17	IO(inputs=('George',), output='G')
0.11/0.17	IO(inputs=('Michael',), output='M')
0.11/0.17	=== Library
0.11/0.17	concat
0.11/0.17	index
0.11/0.17	length
0.11/0.17	replace
0.11/0.17	substr
0.11/0.17	to_lower
0.11/0.17	to_upper
0.11/0.17	trim
0.11/0.17	trim_start
0.11/0.17	trim_end
0.11/0.17	add
0.11/0.17	sub
0.11/0.17	=== Synthesis
0.11/0.17	['concat']: UNSAT (0.022 seconds)
0.11/0.20	['index']: UNSAT (0.022 seconds)
0.11/0.22	['length']: UNSAT (0.016 seconds)
0.11/0.23	['replace']: 