0.00/0.19	=== Examples (../../dataset/examples/examples-06.json)
0.00/0.19	IO(inputs=('http://www.outsystems.com',), output='www.outsystems.com')
0.00/0.19	IO(inputs=('http://tecnico.ulisboa.pt/',), output='tecnico.ulisboa.pt/')
0.00/0.19	=== Library
0.00/0.19	concat
0.00/0.19	index
0.00/0.19	length
0.00/0.19	replace
0.00/0.19	substr
0.00/0.19	to_lower
0.00/0.19	to_upper
0.00/0.19	trim
0.00/0.19	trim_start
0.00/0.19	trim_end
0.00/0.19	add
0.00/0.19	sub
0.00/0.19	=== Synthesis
0.00/0.19	['concat']: UNSAT (0.023 seconds)
0.00/0.21	['index']: UNSAT (0.022 seconds)
0.00/0.23	['length']: UNSAT (0.017 seconds)
0.00/0.25	['replace']: 