0.13/0.19	=== Examples (../../dataset/examples/examples-56.json)
0.13/0.19	IO(inputs=('what are you doing? (sorry)',), output='what are you doing?')
0.13/0.19	IO(inputs=('did you want that? (hmm..)',), output='did you want that?')
0.13/0.19	=== Library
0.13/0.19	concat
0.13/0.19	index
0.13/0.19	length
0.13/0.19	replace
0.13/0.19	substr
0.13/0.19	to_lower
0.13/0.19	to_upper
0.13/0.19	trim
0.13/0.19	trim_start
0.13/0.19	trim_end
0.13/0.19	add
0.13/0.19	sub
0.13/0.19	=== Synthesis
0.13/0.19	['concat']: UNSAT (0.028 seconds)
0.13/0.22	['index']: UNSAT (0.029 seconds)
0.13/0.25	['length']: UNSAT (0.021 seconds)
0.13/0.27	['replace']: 