0.00/0.23	=== Examples (../../dataset/examples/examples-05.json)
0.00/0.23	IO(inputs=('Customer with who cares',), output='who cares')
0.00/0.23	IO(inputs=('Customer with i certainly do not',), output='i certainly do not')
0.00/0.23	=== Library
0.00/0.23	concat
0.00/0.23	index
0.00/0.23	length
0.00/0.23	replace
0.00/0.23	substr
0.00/0.23	to_lower
0.00/0.23	to_upper
0.00/0.23	trim
0.00/0.23	trim_start
0.00/0.23	trim_end
0.00/0.23	add
0.00/0.23	sub
0.00/0.23	=== Synthesis
0.00/0.23	['concat']: UNSAT (0.028 seconds)
0.00/0.26	['index']: UNSAT (0.027 seconds)
0.15/0.28	['length']: UNSAT (0.020 seconds)
0.15/0.31	['replace']: 