0.12/0.20	=== Examples (../../dataset/examples/examples-45.json)
0.12/0.20	IO(inputs=('Make it two weeks',), output='make it two wks')
0.12/0.20	IO(inputs=('Weeks 2 and 3',), output='wks 2 and 3')
0.12/0.20	=== Library
0.12/0.20	concat
0.12/0.20	index
0.12/0.20	length
0.12/0.20	replace
0.12/0.20	substr
0.12/0.20	to_lower
0.12/0.20	to_upper
0.12/0.20	trim
0.12/0.20	trim_start
0.12/0.20	trim_end
0.12/0.20	add
0.12/0.20	sub
0.12/0.20	=== Synthesis
0.12/0.20	['concat']: UNSAT (0.029 seconds)
0.12/0.23	['index']: UNSAT (0.028 seconds)
0.24/0.26	['length']: UNSAT (0.022 seconds)
0.24/0.28	['replace']: 