0.00/0.19	=== Examples (../../dataset/examples/examples-22.json)
0.00/0.19	IO(inputs=('Suspendisse nec dapibus elit.\nMauris in purus est.\nVestibulum ac viverra quam.\nAliquam a elementum felis.\nSed sollicitudin nullam.',), output='Suspendisse nec dapibus elit.    Mauris in purus est.    Vestibulum ac viverra quam.    Aliquam a elementum felis.    Sed sollicitudin nullam.')
0.00/0.19	IO(inputs=('Nulla accumsan hendrerit neque, eu ornare felis gravida id.\nPraesent tempor metus posuere.',), output='Nulla accumsan hendrerit neque, eu ornare felis gravida id.    Praesent tempor metus posuere.')
0.00/0.19	=== Library
0.00/0.19	concat
0.00/0.19	index
0.00/0.19	length
0.00/0.19	replace
0.00/0.19	substr
0.00/0.19	to_lower
0.00/0.19	to_upper
0.00/0.19	trim
0.00/0.19	trim_start
0.00/0.19	trim_end
0.00/0.19	add
0.00/0.19	sub
0.00/0.19	=== Synthesis
0.00/0.19	['concat']: UNSAT (0.030 seconds)
0.00/0.22	['index']: UNSAT (0.027 seconds)
0.00/0.25	['length']: UNSAT (0.018 seconds)
0.20/0.27	['replace']: 