0.00/0.19	=== Examples (../../dataset/examples/examples-28.json)
0.00/0.19	IO(inputs=('hello', 'world'), output='hello-world')
0.00/0.19	IO(inputs=('train it', 'spot it'), output='train-spot ')
0.00/0.19	=== Library
0.00/0.19	concat
0.00/0.19	index
0.00/0.19	length
0.00/0.19	replace
0.00/0.19	substr
0.00/0.19	to_lower
0.00/0.19	to_upper
0.00/0.19	trim
0.00/0.19	trim_start
0.00/0.19	trim_end
0.00/0.19	add
0.00/0.19	sub
0.00/0.19	=== Synthesis
0.00/0.19	['concat']: UNSAT (0.029 seconds)
0.00/0.22	['index']: UNSAT (0.029 seconds)
0.00/0.25	['length']: UNSAT (0.022 seconds)
0.00/0.28	['replace']: UNSAT (74.635 seconds)
74.88/74.91	['substr']: UNSAT (0.024 seconds)
74.88/74.94	['to_lower']: UNSAT (0.035 seconds)
74.88/74.97	['to_upper']: UNSAT (0.031 seconds)
74.99/75.00	['trim']: UNSAT (0.025 seconds)
74.99/75.03	['trim_start']: UNSAT (0.021 seconds)
74.99/75.05	['trim_end']: UNSAT (0.023 seconds)
74.99/75.08	['add']: UNSAT (0.020 seconds)
74.99/75.10	['sub']: UNSAT (0.020 seconds)
75.09/75.12	['concat', 'concat']: UNSAT (0.041 seconds)
75.09/75.16	['concat', 'index']: UNSAT (0.038 seconds)
75.19/75.20	['concat', 'length']: UNSAT (0.030 seconds)
75.19/75.23	['concat', 'replace']: 