0.00/0.18	=== Examples (../../dataset/examples/examples-12.json)
0.00/0.18	IO(inputs=('hello word', 5), output='hello')
0.00/0.18	IO(inputs=('hi my name is', 10), output='hi my name')
0.00/0.18	=== Library
0.00/0.18	concat
0.00/0.18	index
0.00/0.18	length
0.00/0.18	replace
0.00/0.18	substr
0.00/0.18	to_lower
0.00/0.18	to_upper
0.00/0.18	trim
0.00/0.18	trim_start
0.00/0.18	trim_end
0.00/0.18	add
0.00/0.18	sub
0.00/0.18	=== Synthesis
0.00/0.18	['concat']: UNSAT (0.023 seconds)
0.16/0.20	['index']: UNSAT (0.022 seconds)
0.16/0.23	['length']: UNSAT (0.016 seconds)
0.16/0.24	['replace']: UNSAT (0.025 seconds)
0.16/0.27	['substr']: SAT (0.027 seconds)
0.16/0.30	substr(arg0, 0, arg1)
