600.06/600.01	=== Examples (examples-48.json)
600.06/600.01	(["John","Doe","@gmail.com"],"johndoe.@gmail.com")
600.06/600.01	(["Jane","Smith","@outsystems.com"],"janesmith.@outsystems.com")
600.06/600.01	(["Michael","Bluth","@bluth.com"],"michaelbluth.@bluth.com")
600.06/600.01	=== Library
600.06/600.01	Add
600.06/600.01	Concat
600.06/600.01	Index
600.06/600.01	Length
600.06/600.01	Sub
600.06/600.01	Substr
600.06/600.01	=== Synthesis
600.06/600.01	Size: 1
600.06/600.01	Size: 2
600.06/600.01	Size: 3
600.06/600.01	Size: 4
600.06/600.01	outsynth2: 
600.06/600.01	*** Data.SBV: fd:6: hGetLine: end of file:
600.06/600.01	***
600.06/600.01	***    Sent      : (check-sat)
600.06/600.01	***
600.06/600.01	***    Executable: /home/rodrigo/msc/code/setwise/venv/bin/z3
600.06/600.01	***    Options   : -nw -in -smt2
600.06/600.01	
