600.02/600.04	=== Examples (examples-68.json)
600.02/600.04	([" smith - doe "],"smith")
600.02/600.04	(["  spelled-out"],"spelled")
600.02/600.04	(["32-foot  "],"32")
600.02/600.04	=== Library
600.02/600.04	Add
600.02/600.04	Concat
600.02/600.04	Index
600.02/600.04	Length
600.02/600.04	Sub
600.02/600.04	Substr
600.02/600.04	=== Synthesis
600.02/600.04	Size: 1
600.02/600.04	Size: 2
600.02/600.04	outsynth2: 
600.02/600.04	*** Data.SBV: fd:6: hGetLine: end of file:
600.02/600.04	***
600.02/600.04	***    Sent      : (check-sat)
600.02/600.04	***
600.02/600.04	***    Executable: /home/rodrigo/msc/code/setwise/venv/bin/z3
600.02/600.04	***    Options   : -nw -in -smt2
600.02/600.04	
