600.00/600.01	=== Examples (examples-44.json)
600.00/600.01	(["My Bed is not your bed"],"my is not your bed")
600.00/600.01	(["bed to Bed"],"to bed")
600.00/600.01	(["something with \"Bed \""],"something with \"\"")
600.00/600.01	=== Library
600.00/600.01	Add
600.00/600.01	Concat
600.00/600.01	Index
600.00/600.01	Length
600.00/600.01	Sub
600.00/600.01	Substr
600.00/600.01	=== Synthesis
600.00/600.01	Size: 1
600.00/600.01	Size: 2
600.00/600.01	Size: 3
600.00/600.01	outsynth2: 
600.00/600.01	*** Data.SBV: fd:6: hGetLine: end of file:
600.00/600.01	***
600.00/600.01	***    Sent      : (check-sat)
600.00/600.01	***
600.00/600.01	***    Executable: /home/rodrigo/msc/code/setwise/venv/bin/z3
600.00/600.01	***    Options   : -nw -in -smt2
600.00/600.01	
