600.16/600.23	=== Examples (examples-26.json)
600.16/600.23	(["Nullam elementum, nisi ut pharetra molestie, mauris nisl accumsan magna orci aliquam."],"Nullam elementum, nisi ut pharetra molestie, mauris nisl accumsan magna orci ali...")
600.16/600.23	(["Nulla scelerisque purus quis felis ullamcorper, eget euismod sapien nullam."],"Nulla scelerisque purus quis felis ullamcorper, eget euismod sapien nullam....")
600.16/600.23	(["Pellentesque habitant morbi tristique senectus id."],"Pellentesque habitant morbi tristique senectus id....")
600.16/600.23	=== Library
600.16/600.23	Add
600.16/600.23	Concat
600.16/600.23	Index
600.16/600.23	Length
600.16/600.23	Sub
600.16/600.23	Substr
600.16/600.23	=== Synthesis
600.16/600.23	Size: 1
600.16/600.23	Size: 2
600.16/600.23	Size: 3
600.16/600.23	outsynth2: 
600.16/600.23	*** Data.SBV: fd:6: hGetLine: end of file:
600.16/600.23	***
600.16/600.23	***    Sent      : (check-sat)
600.16/600.23	***
600.16/600.23	***    Executable: /home/rodrigo/msc/code/setwise/venv/bin/z3
600.16/600.23	***    Options   : -nw -in -smt2
600.16/600.23	
