600.02/600.04	=== Examples (examples-01.json)
600.02/600.04	(["Hello World"],"Hello&nbsp;World")
600.02/600.04	(["Indicates the (zero-based) index where the search starts."],"Indicates&nbsp;the&nbsp;(zero-based)&nbsp;index&nbsp;where&nbsp;the&nbsp;search&nbsp;starts.")
600.02/600.04	(["Can be used with attributes in aggregates."],"Can&nbsp;be&nbsp;used&nbsp;with&nbsp;attributes&nbsp;in&nbsp;aggregates.")
600.02/600.04	=== Library
600.02/600.04	Add
600.02/600.04	Concat
600.02/600.04	Index
600.02/600.04	Length
600.02/600.04	Sub
600.02/600.04	Substr
600.02/600.04	=== Synthesis
600.02/600.04	Size: 1
600.02/600.04	Size: 2
600.02/600.04	outsynth2: 
600.02/600.04	*** Data.SBV: fd:6: hGetLine: end of file:
600.02/600.04	***
600.02/600.04	***    Sent      : (check-sat)
600.02/600.04	***
600.02/600.04	***    Executable: /home/rodrigo/msc/code/setwise/venv/bin/z3
600.02/600.04	***    Options   : -nw -in -smt2
600.02/600.04	
