599.97/600.00	=== Examples (examples-36.json)
599.97/600.00	(["Duis eget ultrices sapien. / Nulla eu vehicula enim, in metus."],"/ Nulla eu vehicula enim, in metus.")
599.97/600.00	(["Sed imperdiet lectus vel amet. / Vestibulum ut ligula metus."],"/ Vestibulum ut ligula metus.")
599.97/600.00	(["Praesent in pulvinar sapien. / Orci varius natoque penatibus et magnis dis parturient montes, nascetur ridiculus mus. / Aliquam cursus est in massa metus."],"/ Orci varius natoque penatibus et magnis dis part")
599.97/600.00	=== Library
599.97/600.00	Add
599.97/600.00	Concat
599.97/600.00	Index
599.97/600.00	Length
599.97/600.00	Sub
599.97/600.00	Substr
599.97/600.00	=== Synthesis
599.97/600.00	Size: 1
599.97/600.00	Size: 2
599.97/600.00	outsynth2: 
599.97/600.00	*** Data.SBV: fd:6: hGetLine: end of file:
599.97/600.00	***
599.97/600.00	***    Sent      : (check-sat)
599.97/600.00	***
599.97/600.00	***    Executable: /home/rodrigo/msc/code/setwise/venv/bin/z3
599.97/600.00	***    Options   : -nw -in -smt2
599.97/600.00	
