599.99/600.00	=== Examples (examples-47.json)
599.99/600.00	(["00123"],"123")
599.99/600.00	(["123"],"123")
599.99/600.00	(["0000001"],"1")
599.99/600.00	=== Library
599.99/600.00	Add
599.99/600.00	Concat
599.99/600.00	Index
599.99/600.00	Length
599.99/600.00	Sub
599.99/600.00	Substr
599.99/600.00	=== Synthesis
599.99/600.00	Size: 1
599.99/600.00	Size: 2
599.99/600.01	outsynth2: 
599.99/600.01	*** Data.SBV: fd:6: hGetLine: end of file:
599.99/600.01	***
599.99/600.01	***    Sent      : (check-sat)
599.99/600.01	***
599.99/600.01	***    Executable: /home/rodrigo/msc/code/setwise/venv/bin/z3
599.99/600.01	***    Options   : -nw -in -smt2
599.99/600.01	
