600.12/600.15	=== Examples (examples-74.json)
600.12/600.15	(["George Michael"],"GM")
600.12/600.15	(["Michael Bluth"],"MB")
600.12/600.15	(["Maebe Bluth"],"MB")
600.12/600.15	=== Library
600.12/600.15	Add
600.12/600.15	Concat
600.12/600.15	Index
600.12/600.15	Length
600.12/600.15	Sub
600.12/600.15	Substr
600.12/600.15	=== Synthesis
600.12/600.15	Size: 1
600.12/600.15	Size: 2
600.12/600.15	outsynth2: 
600.12/600.15	*** Data.SBV: fd:6: hGetLine: end of file:
600.12/600.15	***
600.12/600.15	***    Sent      : (check-sat)
600.12/600.15	***
600.12/600.15	***    Executable: /home/rodrigo/msc/code/setwise/venv/bin/z3
600.12/600.15	***    Options   : -nw -in -smt2
600.12/600.15	
