599.99/600.00	=== Examples (examples-65.json)
599.99/600.00	(["take out the last 3 chars"],"ars")
599.99/600.00	(["abc"],"abc")
599.99/600.00	(["outsystems.com"],"com")
599.99/600.00	=== Library
599.99/600.00	Add
599.99/600.00	Concat
599.99/600.00	Index
599.99/600.00	Length
599.99/600.00	Sub
599.99/600.00	Substr
599.99/600.00	=== Synthesis
599.99/600.00	Size: 1
599.99/600.00	Size: 2
599.99/600.00	outsynth2: 
599.99/600.00	*** Data.SBV: fd:6: hGetLine: end of file:
599.99/600.00	***
599.99/600.00	***    Sent      : (check-sat)
599.99/600.00	***
599.99/600.00	***    Executable: /home/rodrigo/msc/code/setwise/venv/bin/z3
599.99/600.00	***    Options   : -nw -in -smt2
599.99/600.00	
