600.05/600.07	=== Examples (examples-31.json)
600.05/600.07	(["john.doe@outsystems.com"],"john.doe")
600.05/600.07	(["jane.moe@cmu.edu"],"jane.moe")
600.05/600.07	(["anonymous@tecnico.pt"],"anonymous")
600.05/600.07	=== Library
600.05/600.07	Add
600.05/600.07	Concat
600.05/600.07	Index
600.05/600.07	Length
600.05/600.07	Sub
600.05/600.07	Substr
600.05/600.07	=== Synthesis
600.05/600.07	Size: 1
600.05/600.07	Size: 2
600.05/600.07	outsynth2: 
600.05/600.07	*** Data.SBV: fd:6: hGetLine: end of file:
600.05/600.07	***
600.05/600.07	***    Sent      : (check-sat)
600.05/600.07	***
600.05/600.07	***    Executable: /home/rodrigo/msc/code/setwise/venv/bin/z3
600.05/600.07	***    Options   : -nw -in -smt2
600.05/600.07	
