0.13/0.18	=== Examples (../../dataset/examples/examples-15.json)
0.13/0.18	IO(inputs=('abc',), output='ABC')
0.13/0.18	IO(inputs=('aBcdef',), output='ABCDEF')
0.13/0.18	IO(inputs=('aaseHKLsed',), output='AASEHKLSED')
0.13/0.18	=== Library
0.13/0.18	concat
0.13/0.18	index
0.13/0.18	length
0.13/0.18	substr
0.13/0.18	add
0.13/0.18	sub
0.13/0.18	=== Synthesis
0.13/0.18	['concat']: UNSAT (0.025 seconds)
0.13/0.21	['index']: UNSAT (0.026 seconds)
0.13/0.24	['length']: UNSAT (0.016 seconds)
0.13/0.25	['substr']: UNSAT (0.026 seconds)
0.13/0.28	['add']: UNSAT (0.023 seconds)
0.26/0.30	['sub']: UNSAT (0.022 seconds)
0.26/0.33	['concat', 'concat']: UNSAT (0.044 seconds)
0.34/0.37	['concat', 'index']: UNSAT (0.045 seconds)
0.34/0.42	['concat', 'length']: UNSAT (0.031 seconds)
0.34/0.45	['concat', 'substr']: UNSAT (0.068 seconds)
0.45/0.52	['concat', 'add']: UNSAT (0.033 seconds)
0.45/0.55	['concat', 'sub']: UNSAT (0.034 seconds)
0.45/0.59	['index', 'index']: UNSAT (0.046 seconds)
0.57/0.63	['index', 'length']: UNSAT (0.033 seconds)
0.63/0.67	['index', 'substr']: UNSAT (0.051 seconds)
0.69/0.72	['index', 'add']: UNSAT (0.039 seconds)
0.69/0.76	['index', 'sub']: UNSAT (0.042 seconds)
0.69/0.80	['length', 'length']: UNSAT (0.025 seconds)
0.79/0.83	['length', 'substr']: UNSAT (0.037 seconds)
0.79/0.86	['length', 'add']: UNSAT (0.028 seconds)
0.79/0.89	['length', 'sub']: UNSAT (0.028 seconds)
0.89/0.92	['substr', 'substr']: UNSAT (0.049 seconds)
0.89/0.97	['substr', 'add']: UNSAT (0.042 seconds)
0.89/1.02	['substr', 'sub']: UNSAT (0.042 seconds)
1.02/1.06	['add', 'add']: UNSAT (0.040 seconds)
1.02/1.10	['add', 'sub']: UNSAT (0.038 seconds)
1.02/1.14	['sub', 'sub']: UNSAT (0.038 seconds)
1.14/1.18	['concat', 'concat', 'concat']: UNSAT (0.168 seconds)
1.29/1.34	['concat', 'concat', 'index']: UNSAT (0.099 seconds)
1.39/1.45	['concat', 'concat', 'length']: UNSAT (0.057 seconds)
1.49/1.50	['concat', 'concat', 'substr']: UNSAT (0.584 seconds)
2.02/2.09	['concat', 'concat', 'add']: UNSAT (0.055 seconds)
2.02/2.14	['concat', 'concat', 'sub']: UNSAT (0.055 seconds)
2.19/2.20	['concat', 'index', 'index']: UNSAT (0.076 seconds)
2.19/2.28	['concat', 'index', 'length']: UNSAT (0.063 seconds)
2.29/2.34	['concat', 'index', 'substr']: UNSAT (0.819 seconds)
3.12/3.16	['concat', 'index', 'add']: UNSAT (0.061 seconds)
3.19/3.22	['concat', 'index', 'sub']: UNSAT (0.060 seconds)
3.19/3.28	['concat', 'length', 'length']: UNSAT (0.049 seconds)
3.29/3.33	['concat', 'length', 'substr']: UNSAT (0.335 seconds)
3.59/3.67	['concat', 'length', 'add']: UNSAT (0.047 seconds)
3.69/3.72	['concat', 'length', 'sub']: UNSAT (0.045 seconds)
3.69/3.76	['concat', 'substr', 'substr']: UNSAT (0.170 seconds)
3.89/3.93	['concat', 'substr', 'add']: UNSAT (0.094 seconds)
4.00/4.03	['concat', 'substr', 'sub']: UNSAT (0.106 seconds)
4.11/4.13	['concat', 'add', 'add']: UNSAT (0.056 seconds)
4.11/4.19	['concat', 'add', 'sub']: UNSAT (0.055 seconds)
4.19/4.25	['concat', 'sub', 'sub']: UNSAT (0.054 seconds)
4.29/4.30	['index', 'index', 'index']: UNSAT (0.081 seconds)
4.29/4.38	['index', 'index', 'length']: UNSAT (0.061 seconds)
4.39/4.44	['index', 'index', 'substr']: UNSAT (0.097 seconds)
4.49/4.54	['index', 'index', 'add']: UNSAT (0.072 seconds)
4.59/4.62	['index', 'index', 'sub']: UNSAT (0.068 seconds)
4.59/4.68	['index', 'length', 'length']: UNSAT (0.047 seconds)
4.69/4.73	['index', 'length', 'substr']: UNSAT (0.070 seconds)
4.79/4.80	['index', 'length', 'add']: UNSAT (0.052 seconds)
4.79/4.86	['index', 'length', 'sub']: UNSAT (0.053 seconds)
4.89/4.91	['index', 'substr', 'substr']: UNSAT (0.133 seconds)
5.01/5.04	['index', 'substr', 'add']: UNSAT (0.085 seconds)
5.01/5.13	['index', 'substr', 'sub']: UNSAT (0.095 seconds)
5.19/5.23	['index', 'add', 'add']: UNSAT (0.067 seconds)
5.19/5.29	['index', 'add', 'sub']: UNSAT (0.069 seconds)
5.29/5.36	['index', 'sub', 'sub']: UNSAT (0.065 seconds)
5.39/5.43	['length', 'length', 'length']: UNSAT (0.034 seconds)
5.39/5.47	['length', 'length', 'substr']: UNSAT (0.053 seconds)
5.49/5.52	['length', 'length', 'add']: UNSAT (0.039 seconds)
5.49/5.56	['length', 'length', 'sub']: UNSAT (0.038 seconds)
5.59/5.60	['length', 'substr', 'substr']: UNSAT (0.075 seconds)
5.59/5.67	['length', 'substr', 'add']: UNSAT (0.059 seconds)
5.69/5.73	['length', 'substr', 'sub']: UNSAT (0.058 seconds)
5.69/5.79	['length', 'add', 'add']: UNSAT (0.050 seconds)
5.79/5.84	['length', 'add', 'sub']: UNSAT (0.048 seconds)
5.79/5.89	['length', 'sub', 'sub']: UNSAT (0.050 seconds)
5.89/5.94	['substr', 'substr', 'substr']: UNSAT (0.092 seconds)
6.01/6.04	['substr', 'substr', 'add']: UNSAT (0.078 seconds)
6.01/6.12	['substr', 'substr', 'sub']: UNSAT (0.081 seconds)
6.19/6.20	['substr', 'add', 'add']: UNSAT (0.071 seconds)
6.19/6.27	['substr', 'add', 'sub']: UNSAT (0.068 seconds)
6.29/6.34	['substr', 'sub', 'sub']: UNSAT (0.068 seconds)
6.39/6.41	['add', 'add', 'add']: UNSAT (0.063 seconds)
6.39/6.47	['add', 'add', 'sub']: UNSAT (0.066 seconds)
6.49/6.54	['add', 'sub', 'sub']: UNSAT (0.063 seconds)
6.59/6.60	['sub', 'sub', 'sub']: UNSAT (0.063 seconds)
6.59/6.67	['concat', 'concat', 'concat', 'concat']: UNSAT (5.697 seconds)
12.29/12.37	['concat', 'concat', 'concat', 'index']: UNSAT (0.106 seconds)
12.39/12.47	['concat', 'concat', 'concat', 'length']: UNSAT (0.087 seconds)
12.49/12.56	['concat', 'concat', 'concat', 'substr']: UNSAT (138.482 seconds)
151.00/151.04	['concat', 'concat', 'concat', 'add']: UNSAT (0.084 seconds)
151.00/151.13	['concat', 'concat', 'concat', 'sub']: UNSAT (0.087 seconds)
151.18/151.22	['concat', 'concat', 'index', 'index']: UNSAT (0.111 seconds)
151.28/151.33	['concat', 'concat', 'index', 'length']: UNSAT (0.086 seconds)
151.38/151.41	['concat', 'concat', 'index', 'substr']: UNSAT (11.669 seconds)
163.00/163.08	['concat', 'concat', 'index', 'add']: UNSAT (0.092 seconds)
163.12/163.18	['concat', 'concat', 'index', 'sub']: UNSAT (0.091 seconds)
163.18/163.27	['concat', 'concat', 'length', 'length']: UNSAT (0.071 seconds)
163.28/163.34	['concat', 'concat', 'length', 'substr']: UNSAT (5.187 seconds)
168.48/168.53	['concat', 'concat', 'length', 'add']: UNSAT (0.072 seconds)
168.58/168.60	['concat', 'concat', 'length', 'sub']: UNSAT (0.076 seconds)
168.58/168.68	['concat', 'concat', 'substr', 'substr']: UNSAT (5.374 seconds)
174.00/174.06	['concat', 'concat', 'substr', 'add']: UNSAT (2.487 seconds)
176.48/176.54	['concat', 'concat', 'substr', 'sub']: UNSAT (0.593 seconds)
177.11/177.14	['concat', 'concat', 'add', 'add']: UNSAT (0.077 seconds)
177.18/177.21	['concat', 'concat', 'add', 'sub']: UNSAT (0.077 seconds)
177.18/177.29	['concat', 'concat', 'sub', 'sub']: UNSAT (0.086 seconds)
177.28/177.38	['concat', 'index', 'index', 'index']: UNSAT (0.115 seconds)
177.48/177.50	['concat', 'index', 'index', 'length']: UNSAT (0.094 seconds)
177.48/177.59	['concat', 'index', 'index', 'substr']: UNSAT (3.557 seconds)
181.11/181.15	['concat', 'index', 'index', 'add']: UNSAT (0.099 seconds)
181.18/181.25	['concat', 'index', 'index', 'sub']: UNSAT (0.100 seconds)
181.28/181.35	['concat', 'index', 'length', 'length']: UNSAT (0.075 seconds)
181.38/181.43	['concat', 'index', 'length', 'substr']: UNSAT (0.964 seconds)
182.28/182.39	['concat', 'index', 'length', 'add']: UNSAT (0.073 seconds)
182.38/182.46	['concat', 'index', 'length', 'sub']: UNSAT (0.074 seconds)
182.48/182.54	['concat', 'index', 'substr', 'substr']: UNSAT (3.806 seconds)
186.28/186.35	['concat', 'index', 'substr', 'add']: UNSAT (2.273 seconds)
188.58/188.62	['concat', 'index', 'substr', 'sub']: UNSAT (1.622 seconds)
190.18/190.24	['concat', 'index', 'add', 'add']: UNSAT (0.090 seconds)
190.28/190.33	['concat', 'index', 'add', 'sub']: UNSAT (0.084 seconds)
190.38/190.42	['concat', 'index', 'sub', 'sub']: UNSAT (0.084 seconds)
190.48/190.50	['concat', 'length', 'length', 'length']: UNSAT (0.052 seconds)
190.48/190.56	['concat', 'length', 'length', 'substr']: UNSAT (0.324 seconds)
190.78/190.88	['concat', 'length', 'length', 'add']: UNSAT (0.060 seconds)
190.88/190.94	['concat', 'length', 'length', 'sub']: UNSAT (0.056 seconds)
190.88/191.00	['concat', 'length', 'substr', 'substr']: UNSAT (3.505 seconds)
194.48/194.51	['concat', 'length', 'substr', 'add']: UNSAT (0.593 seconds)
195.00/195.10	['concat', 'length', 'substr', 'sub']: UNSAT (0.534 seconds)
195.58/195.64	['concat', 'length', 'add', 'add']: UNSAT (0.066 seconds)
195.58/195.70	['concat', 'length', 'add', 'sub']: UNSAT (0.076 seconds)
195.69/195.78	['concat', 'length', 'sub', 'sub']: UNSAT (0.066 seconds)
195.78/195.85	['concat', 'substr', 'substr', 'substr']: UNSAT (0.900 seconds)
196.69/196.75	['concat', 'substr', 'substr', 'add']: UNSAT (0.580 seconds)
197.28/197.33	['concat', 'substr', 'substr', 'sub']: UNSAT (0.580 seconds)
197.88/197.91	['concat', 'substr', 'add', 'add']: UNSAT (0.525 seconds)
198.38/198.44	['concat', 'substr', 'add', 'sub']: UNSAT (0.346 seconds)
198.69/198.78	['concat', 'substr', 'sub', 'sub']: UNSAT (0.256 seconds)
199.00/199.04	['concat', 'add', 'add', 'add']: UNSAT (0.095 seconds)
199.12/199.14	['concat', 'add', 'add', 'sub']: UNSAT (0.079 seconds)
199.18/199.22	['concat', 'add', 'sub', 'sub']: UNSAT (0.097 seconds)
199.28/199.32	['concat', 'sub', 'sub', 'sub']: UNSAT (0.090 seconds)
199.38/199.41	['index', 'index', 'index', 'index']: UNSAT (0.117 seconds)
199.48/199.52	['index', 'index', 'index', 'length']: UNSAT (0.094 seconds)
199.58/199.62	['index', 'index', 'index', 'substr']: UNSAT (0.187 seconds)
199.78/199.81	['index', 'index', 'index', 'add']: UNSAT (0.098 seconds)
199.88/199.91	['index', 'index', 'index', 'sub']: UNSAT (0.121 seconds)
199.88/200.03	['index', 'index', 'length', 'length']: UNSAT (0.094 seconds)
200.00/200.12	['index', 'index', 'length', 'substr']: UNSAT (0.115 seconds)
200.18/200.24	['index', 'index', 'length', 'add']: UNSAT (0.088 seconds)
200.28/200.33	['index', 'index', 'length', 'sub']: UNSAT (0.087 seconds)
200.38/200.42	['index', 'index', 'substr', 'substr']: UNSAT (0.157 seconds)
200.48/200.58	['index', 'index', 'substr', 'add']: UNSAT (0.130 seconds)
200.58/200.71	['index', 'index', 'substr', 'sub']: UNSAT (0.132 seconds)
200.78/200.84	['index', 'index', 'add', 'add']: UNSAT (0.099 seconds)
200.88/200.94	['index', 'index', 'add', 'sub']: UNSAT (0.114 seconds)
201.00/201.06	['index', 'index', 'sub', 'sub']: UNSAT (0.110 seconds)
201.11/201.17	['index', 'length', 'length', 'length']: UNSAT (0.074 seconds)
201.18/201.24	['index', 'length', 'length', 'substr']: UNSAT (0.088 seconds)
201.28/201.33	['index', 'length', 'length', 'add']: UNSAT (0.065 seconds)
201.38/201.40	['index', 'length', 'length', 'sub']: UNSAT (0.066 seconds)
201.38/201.46	['index', 'length', 'substr', 'substr']: UNSAT (0.166 seconds)
201.58/201.63	['index', 'length', 'substr', 'add']: UNSAT (0.109 seconds)
201.69/201.74	['index', 'length', 'substr', 'sub']: UNSAT (0.092 seconds)
201.78/201.83	['index', 'length', 'add', 'add']: UNSAT (0.077 seconds)
201.88/201.91	['index', 'length', 'add', 'sub']: UNSAT (0.083 seconds)
201.88/201.99	['index', 'length', 'sub', 'sub']: UNSAT (0.105 seconds)
202.00/202.10	['index', 'substr', 'substr', 'substr']: UNSAT (0.422 seconds)
202.48/202.52	['index', 'substr', 'substr', 'add']: UNSAT (0.198 seconds)
202.69/202.72	['index', 'substr', 'substr', 'sub']: UNSAT (0.189 seconds)
202.88/202.91	['index', 'substr', 'add', 'add']: UNSAT (0.141 seconds)
203.00/203.06	['index', 'substr', 'add', 'sub']: UNSAT (0.148 seconds)
203.18/203.20	['index', 'substr', 'sub', 'sub']: UNSAT (0.152 seconds)
203.28/203.36	['index', 'add', 'add', 'add']: UNSAT (0.104 seconds)
203.38/203.46	['index', 'add', 'add', 'sub']: UNSAT (0.098 seconds)
203.48/203.56	['index', 'add', 'sub', 'sub']: UNSAT (0.094 seconds)
203.58/203.65	['index', 'sub', 'sub', 'sub']: UNSAT (0.113 seconds)
203.69/203.77	['length', 'length', 'length', 'length']: UNSAT (0.044 seconds)
203.78/203.81	['length', 'length', 'length', 'substr']: UNSAT (0.057 seconds)
203.78/203.87	['length', 'length', 'length', 'add']: UNSAT (0.049 seconds)
203.88/203.92	['length', 'length', 'length', 'sub']: UNSAT (0.052 seconds)
203.88/203.97	['length', 'length', 'substr', 'substr']: UNSAT (0.126 seconds)
204.00/204.10	['length', 'length', 'substr', 'add']: UNSAT (0.084 seconds)
204.11/204.19	['length', 'length', 'substr', 'sub']: UNSAT (0.090 seconds)
204.18/204.28	['length', 'length', 'add', 'add']: UNSAT (0.064 seconds)
204.28/204.34	['length', 'length', 'add', 'sub']: UNSAT (0.069 seconds)
204.38/204.41	['length', 'length', 'sub', 'sub']: UNSAT (0.066 seconds)
204.38/204.48	['length', 'substr', 'substr', 'substr']: UNSAT (0.184 seconds)
204.58/204.66	['length', 'substr', 'substr', 'add']: UNSAT (0.156 seconds)
204.78/204.82	['length', 'substr', 'substr', 'sub']: UNSAT (0.125 seconds)
204.88/204.95	['length', 'substr', 'add', 'add']: UNSAT (0.111 seconds)
205.00/205.06	['length', 'substr', 'add', 'sub']: UNSAT (0.116 seconds)
205.11/205.17	['length', 'substr', 'sub', 'sub']: UNSAT (0.116 seconds)
205.18/205.29	['length', 'add', 'add', 'add']: UNSAT (0.081 seconds)
205.28/205.37	['length', 'add', 'add', 'sub']: UNSAT (0.077 seconds)
205.38/205.45	['length', 'add', 'sub', 'sub']: UNSAT (0.082 seconds)
205.48/205.53	['length', 'sub', 'sub', 'sub']: UNSAT (0.081 seconds)
205.58/205.62	['substr', 'substr', 'substr', 'substr']: UNSAT (0.188 seconds)
205.78/205.81	['substr', 'substr', 'substr', 'add']: UNSAT (0.128 seconds)
205.88/205.93	['substr', 'substr', 'substr', 'sub']: UNSAT (0.146 seconds)
206.00/206.08	['substr', 'substr', 'add', 'add']: UNSAT (0.152 seconds)
206.18/206.24	['substr', 'substr', 'add', 'sub']: UNSAT (0.118 seconds)
206.28/206.35	['substr', 'substr', 'sub', 'sub']: UNSAT (0.111 seconds)
206.38/206.47	['substr', 'add', 'add', 'add']: UNSAT (0.103 seconds)
206.48/206.57	['substr', 'add', 'add', 'sub']: UNSAT (0.101 seconds)
206.58/206.67	['substr', 'add', 'sub', 'sub']: UNSAT (0.112 seconds)
206.69/206.79	['substr', 'sub', 'sub', 'sub']: UNSAT (0.093 seconds)
206.78/206.88	['add', 'add', 'add', 'add']: UNSAT (0.089 seconds)
206.88/206.97	['add', 'add', 'add', 'sub']: UNSAT (0.117 seconds)
207.00/207.09	['add', 'add', 'sub', 'sub']: UNSAT (0.112 seconds)
207.18/207.20	['add', 'sub', 'sub', 'sub']: UNSAT (0.116 seconds)
207.28/207.32	['sub', 'sub', 'sub', 'sub']: UNSAT (0.095 seconds)
207.38/207.41	['concat', 'concat', 'concat', 'concat', 'concat']: 