0.12/0.19	=== Examples (../../dataset/examples/examples-03.json)
0.12/0.19	IO(inputs=('hey. I hope you are doing good',), output='hey, I hope you are doing good')
0.12/0.19	IO(inputs=('how.are.you',), output='how,are,you')
0.12/0.19	IO(inputs=('hello.world',), output='hello,world')
0.12/0.19	=== Library
0.12/0.19	concat
0.12/0.19	index
0.12/0.19	length
0.12/0.19	substr
0.12/0.19	add
0.12/0.19	sub
0.12/0.19	=== Synthesis
0.12/0.19	['concat']: UNSAT (0.031 seconds)
0.12/0.22	['index']: UNSAT (0.030 seconds)
0.12/0.26	['length']: UNSAT (0.021 seconds)
0.26/0.28	['substr']: UNSAT (0.033 seconds)
0.26/0.31	['add']: UNSAT (0.026 seconds)
0.26/0.34	['sub']: UNSAT (0.026 seconds)
0.26/0.36	['concat', 'concat']: UNSAT (0.057 seconds)
0.36/0.42	['concat', 'index']: UNSAT (0.055 seconds)
0.46/0.48	['concat', 'length']: UNSAT (0.040 seconds)
0.46/0.52	['concat', 'substr']: UNSAT (0.099 seconds)
0.56/0.62	['concat', 'add']: UNSAT (0.040 seconds)
0.63/0.66	['concat', 'sub']: UNSAT (0.032 seconds)
0.63/0.69	['index', 'index']: UNSAT (0.046 seconds)
0.68/0.74	['index', 'length']: UNSAT (0.032 seconds)
0.68/0.77	['index', 'substr']: UNSAT (0.048 seconds)
0.78/0.82	['index', 'add']: UNSAT (0.039 seconds)
0.78/0.86	['index', 'sub']: UNSAT (0.039 seconds)
0.88/0.90	['length', 'length']: UNSAT (0.023 seconds)
0.88/0.92	['length', 'substr']: UNSAT (0.036 seconds)
0.88/0.96	['length', 'add']: UNSAT (0.028 seconds)
0.88/0.99	['length', 'sub']: UNSAT (0.027 seconds)
0.88/1.02	['substr', 'substr']: UNSAT (0.050 seconds)
1.02/1.07	['substr', 'add']: UNSAT (0.042 seconds)
1.02/1.11	['substr', 'sub']: UNSAT (0.043 seconds)
1.13/1.15	['add', 'add']: UNSAT (0.036 seconds)
1.13/1.19	['add', 'sub']: UNSAT (0.036 seconds)
1.18/1.23	['sub', 'sub']: UNSAT (0.036 seconds)
1.18/1.26	['concat', 'concat', 'concat']: UNSAT (0.194 seconds)
1.38/1.46	['concat', 'concat', 'index']: UNSAT (0.065 seconds)
1.48/1.52	['concat', 'concat', 'length']: UNSAT (0.051 seconds)
1.48/1.58	['concat', 'concat', 'substr']: UNSAT (0.282 seconds)
1.78/1.86	['concat', 'concat', 'add']: UNSAT (0.052 seconds)
1.88/1.91	['concat', 'concat', 'sub']: UNSAT (0.052 seconds)
1.88/1.97	['concat', 'index', 'index']: UNSAT (0.071 seconds)
1.88/2.04	['concat', 'index', 'length']: UNSAT (0.054 seconds)
2.02/2.09	['concat', 'index', 'substr']: UNSAT (1.946 seconds)
4.02/4.04	['concat', 'index', 'add']: UNSAT (0.060 seconds)
4.02/4.10	['concat', 'index', 'sub']: UNSAT (0.060 seconds)
4.12/4.16	['concat', 'length', 'length']: UNSAT (0.042 seconds)
4.19/4.20	['concat', 'length', 'substr']: UNSAT (0.428 seconds)
4.59/4.63	['concat', 'length', 'add']: UNSAT (0.045 seconds)
4.59/4.68	['concat', 'length', 'sub']: UNSAT (0.044 seconds)
4.69/4.72	['concat', 'substr', 'substr']: UNSAT (0.172 seconds)
4.79/4.89	['concat', 'substr', 'add']: UNSAT (0.094 seconds)
4.89/4.99	['concat', 'substr', 'sub']: UNSAT (0.108 seconds)
5.03/5.10	['concat', 'add', 'add']: UNSAT (0.053 seconds)
5.13/5.15	['concat', 'add', 'sub']: UNSAT (0.054 seconds)
5.19/5.21	['concat', 'sub', 'sub']: UNSAT (0.054 seconds)
5.19/5.26	['index', 'index', 'index']: UNSAT (0.079 seconds)
5.29/5.34	['index', 'index', 'length']: UNSAT (0.063 seconds)
5.39/5.41	['index', 'index', 'substr']: UNSAT (0.091 seconds)
5.49/5.50	['index', 'index', 'add']: UNSAT (0.066 seconds)
5.49/5.57	['index', 'index', 'sub']: UNSAT (0.070 seconds)
5.59/5.64	['index', 'length', 'length']: UNSAT (0.047 seconds)
5.59/5.68	['index', 'length', 'substr']: UNSAT (0.068 seconds)
5.69/5.75	['index', 'length', 'add']: UNSAT (0.053 seconds)
5.79/5.81	['index', 'length', 'sub']: UNSAT (0.052 seconds)
5.79/5.86	['index', 'substr', 'substr']: UNSAT (0.134 seconds)
5.89/6.00	['index', 'substr', 'add']: UNSAT (0.094 seconds)
6.03/6.09	['index', 'substr', 'sub']: UNSAT (0.132 seconds)
6.19/6.22	['index', 'add', 'add']: UNSAT (0.084 seconds)
6.29/6.31	['index', 'add', 'sub']: UNSAT (0.083 seconds)
6.29/6.39	['index', 'sub', 'sub']: UNSAT (0.084 seconds)
6.39/6.48	['length', 'length', 'length']: UNSAT (0.044 seconds)
6.49/6.52	['length', 'length', 'substr']: UNSAT (0.065 seconds)
6.49/6.59	['length', 'length', 'add']: UNSAT (0.049 seconds)
6.59/6.64	['length', 'length', 'sub']: UNSAT (0.050 seconds)
6.59/6.69	['length', 'substr', 'substr']: UNSAT (0.089 seconds)
6.69/6.78	['length', 'substr', 'add']: UNSAT (0.060 seconds)
6.79/6.84	['length', 'substr', 'sub']: UNSAT (0.061 seconds)
6.89/6.90	['length', 'add', 'add']: UNSAT (0.053 seconds)
6.89/6.96	['length', 'add', 'sub']: UNSAT (0.049 seconds)
6.89/7.01	['length', 'sub', 'sub']: UNSAT (0.052 seconds)
7.03/7.06	['substr', 'substr', 'substr']: UNSAT (0.096 seconds)
7.13/7.16	['substr', 'substr', 'add']: UNSAT (0.078 seconds)
7.19/7.24	['substr', 'substr', 'sub']: UNSAT (0.080 seconds)
7.29/7.32	['substr', 'add', 'add']: UNSAT (0.071 seconds)
7.29/7.39	['substr', 'add', 'sub']: UNSAT (0.068 seconds)
7.39/7.46	['substr', 'sub', 'sub']: UNSAT (0.078 seconds)
7.49/7.54	['add', 'add', 'add']: UNSAT (0.063 seconds)
7.59/7.60	['add', 'add', 'sub']: UNSAT (0.064 seconds)
7.59/7.66	['add', 'sub', 'sub']: UNSAT (0.061 seconds)
7.69/7.73	['sub', 'sub', 'sub']: UNSAT (0.061 seconds)
7.69/7.79	['concat', 'concat', 'concat', 'concat']: UNSAT (11.531 seconds)
19.28/19.32	['concat', 'concat', 'concat', 'index']: UNSAT (0.102 seconds)
19.39/19.42	['concat', 'concat', 'concat', 'length']: UNSAT (0.088 seconds)
19.49/19.51	['concat', 'concat', 'concat', 'substr']: UNSAT (226.201 seconds)
245.68/245.72	['concat', 'concat', 'concat', 'add']: UNSAT (0.081 seconds)
245.77/245.80	['concat', 'concat', 'concat', 'sub']: UNSAT (0.086 seconds)
245.77/245.88	['concat', 'concat', 'index', 'index']: UNSAT (0.112 seconds)
245.87/246.00	['concat', 'concat', 'index', 'length']: UNSAT (0.089 seconds)
246.01/246.09	['concat', 'concat', 'index', 'substr']: UNSAT (17.216 seconds)
263.28/263.30	['concat', 'concat', 'index', 'add']: UNSAT (0.091 seconds)
263.28/263.40	['concat', 'concat', 'index', 'sub']: UNSAT (0.088 seconds)
263.38/263.49	['concat', 'concat', 'length', 'length']: UNSAT (0.096 seconds)
263.48/263.58	['concat', 'concat', 'length', 'substr']: UNSAT (7.189 seconds)
270.68/270.77	['concat', 'concat', 'length', 'add']: UNSAT (0.068 seconds)
270.78/270.84	['concat', 'concat', 'length', 'sub']: UNSAT (0.071 seconds)
270.88/270.91	['concat', 'concat', 'substr', 'substr']: UNSAT (1.957 seconds)
272.78/272.87	['concat', 'concat', 'substr', 'add']: UNSAT (2.828 seconds)
275.68/275.70	['concat', 'concat', 'substr', 'sub']: UNSAT (0.734 seconds)
276.38/276.43	['concat', 'concat', 'add', 'add']: UNSAT (0.077 seconds)
276.48/276.51	['concat', 'concat', 'add', 'sub']: UNSAT (0.078 seconds)
276.48/276.59	['concat', 'concat', 'sub', 'sub']: UNSAT (0.091 seconds)
276.58/276.68	['concat', 'index', 'index', 'index']: UNSAT (0.106 seconds)
276.68/276.79	['concat', 'index', 'index', 'length']: UNSAT (0.089 seconds)
276.78/276.88	['concat', 'index', 'index', 'substr']: UNSAT (10.311 seconds)
287.12/287.19	['concat', 'index', 'index', 'add']: UNSAT (0.092 seconds)
287.18/287.29	['concat', 'index', 'index', 'sub']: UNSAT (0.089 seconds)
287.28/287.38	['concat', 'index', 'length', 'length']: UNSAT (0.071 seconds)
287.38/287.45	['concat', 'index', 'length', 'substr']: UNSAT (3.626 seconds)
291.01/291.07	['concat', 'index', 'length', 'add']: UNSAT (0.076 seconds)
291.11/291.15	['concat', 'index', 'length', 'sub']: UNSAT (0.076 seconds)
291.18/291.23	['concat', 'index', 'substr', 'substr']: UNSAT (13.004 seconds)
304.18/304.23	['concat', 'index', 'substr', 'add']: UNSAT (2.392 seconds)
306.58/306.63	['concat', 'index', 'substr', 'sub']: UNSAT (2.183 seconds)
308.78/308.81	['concat', 'index', 'add', 'add']: UNSAT (0.086 seconds)
308.88/308.90	['concat', 'index', 'add', 'sub']: UNSAT (0.088 seconds)
308.88/308.99	['concat', 'index', 'sub', 'sub']: UNSAT (0.087 seconds)
309.03/309.07	['concat', 'length', 'length', 'length']: UNSAT (0.058 seconds)
309.03/309.13	['concat', 'length', 'length', 'substr']: UNSAT (0.617 seconds)
309.68/309.75	['concat', 'length', 'length', 'add']: UNSAT (0.054 seconds)
309.78/309.81	['concat', 'length', 'length', 'sub']: UNSAT (0.058 seconds)
309.78/309.86	['concat', 'length', 'substr', 'substr']: UNSAT (3.950 seconds)
313.78/313.82	['concat', 'length', 'substr', 'add']: UNSAT (0.996 seconds)
314.78/314.81	['concat', 'length', 'substr', 'sub']: UNSAT (0.910 seconds)
315.68/315.72	['concat', 'length', 'add', 'add']: UNSAT (0.069 seconds)
315.68/315.79	['concat', 'length', 'add', 'sub']: UNSAT (0.069 seconds)
315.78/315.86	['concat', 'length', 'sub', 'sub']: UNSAT (0.068 seconds)
315.88/315.93	['concat', 'substr', 'substr', 'substr']: UNSAT (0.773 seconds)
316.68/316.71	['concat', 'substr', 'substr', 'add']: UNSAT (0.553 seconds)
317.18/317.26	['concat', 'substr', 'substr', 'sub']: UNSAT (0.711 seconds)
317.88/317.97	['concat', 'substr', 'add', 'add']: UNSAT (0.395 seconds)
318.28/318.37	['concat', 'substr', 'add', 'sub']: UNSAT (0.314 seconds)
318.58/318.68	['concat', 'substr', 'sub', 'sub']: UNSAT (0.328 seconds)
318.88/319.01	['concat', 'add', 'add', 'add']: UNSAT (0.083 seconds)
319.02/319.10	['concat', 'add', 'add', 'sub']: UNSAT (0.084 seconds)
319.12/319.18	['concat', 'add', 'sub', 'sub']: UNSAT (0.082 seconds)
319.18/319.26	['concat', 'sub', 'sub', 'sub']: UNSAT (0.081 seconds)
319.28/319.35	['index', 'index', 'index', 'index']: UNSAT (0.114 seconds)
319.38/319.46	['index', 'index', 'index', 'length']: UNSAT (0.096 seconds)
319.48/319.56	['index', 'index', 'index', 'substr']: UNSAT (0.214 seconds)
319.68/319.77	['index', 'index', 'index', 'add']: UNSAT (0.105 seconds)
319.78/319.88	['index', 'index', 'index', 'sub']: UNSAT (0.108 seconds)
319.88/319.99	['index', 'index', 'length', 'length']: UNSAT (0.078 seconds)
320.01/320.07	['index', 'index', 'length', 'substr']: UNSAT (0.108 seconds)
320.11/320.18	['index', 'index', 'length', 'add']: UNSAT (0.084 seconds)
320.18/320.26	['index', 'index', 'length', 'sub']: UNSAT (0.085 seconds)
320.28/320.35	['index', 'index', 'substr', 'substr']: UNSAT (0.210 seconds)
320.48/320.56	['index', 'index', 'substr', 'add']: UNSAT (0.133 seconds)
320.58/320.69	['index', 'index', 'substr', 'sub']: UNSAT (0.126 seconds)
320.78/320.82	['index', 'index', 'add', 'add']: UNSAT (0.099 seconds)
320.88/320.92	['index', 'index', 'add', 'sub']: UNSAT (0.100 seconds)
320.88/321.02	['index', 'index', 'sub', 'sub']: UNSAT (0.100 seconds)
321.01/321.12	['index', 'length', 'length', 'length']: UNSAT (0.060 seconds)
321.11/321.18	['index', 'length', 'length', 'substr']: UNSAT (0.084 seconds)
321.18/321.27	['index', 'length', 'length', 'add']: UNSAT (0.068 seconds)
321.28/321.34	['index', 'length', 'length', 'sub']: UNSAT (0.064 seconds)
321.38/321.40	['index', 'length', 'substr', 'substr']: UNSAT (0.143 seconds)
321.48/321.54	['index', 'length', 'substr', 'add']: UNSAT (0.097 seconds)
321.58/321.64	['index', 'length', 'substr', 'sub']: UNSAT (0.109 seconds)
321.68/321.75	['index', 'length', 'add', 'add']: UNSAT (0.079 seconds)
321.78/321.83	['index', 'length', 'add', 'sub']: UNSAT (0.080 seconds)
321.88/321.91	['index', 'length', 'sub', 'sub']: UNSAT (0.078 seconds)
321.88/321.99	['index', 'substr', 'substr', 'substr']: UNSAT (0.297 seconds)
322.18/322.29	['index', 'substr', 'substr', 'add']: UNSAT (0.194 seconds)
322.38/322.49	['index', 'substr', 'substr', 'sub']: UNSAT (0.222 seconds)
322.68/322.71	['index', 'substr', 'add', 'add']: UNSAT (0.127 seconds)
322.78/322.84	['index', 'substr', 'add', 'sub']: UNSAT (0.135 seconds)
322.88/322.97	['index', 'substr', 'sub', 'sub']: UNSAT (0.143 seconds)
323.02/323.12	['index', 'add', 'add', 'add']: UNSAT (0.102 seconds)
323.18/323.22	['index', 'add', 'add', 'sub']: UNSAT (0.099 seconds)
323.28/323.32	['index', 'add', 'sub', 'sub']: UNSAT (0.100 seconds)
323.38/323.42	['index', 'sub', 'sub', 'sub']: UNSAT (0.104 seconds)
323.48/323.53	['length', 'length', 'length', 'length']: UNSAT (0.045 seconds)
323.48/323.57	['length', 'length', 'length', 'substr']: UNSAT (0.059 seconds)
323.58/323.63	['length', 'length', 'length', 'add']: UNSAT (0.051 seconds)
323.58/323.68	['length', 'length', 'length', 'sub']: UNSAT (0.050 seconds)
323.68/323.73	['length', 'length', 'substr', 'substr']: UNSAT (0.111 seconds)
323.78/323.85	['length', 'length', 'substr', 'add']: UNSAT (0.079 seconds)
323.88/323.92	['length', 'length', 'substr', 'sub']: UNSAT (0.079 seconds)
323.88/324.00	['length', 'length', 'add', 'add']: UNSAT (0.060 seconds)
324.01/324.07	['length', 'length', 'add', 'sub']: UNSAT (0.063 seconds)
324.11/324.13	['length', 'length', 'sub', 'sub']: UNSAT (0.065 seconds)
324.11/324.20	['length', 'substr', 'substr', 'substr']: UNSAT (0.209 seconds)
324.38/324.41	['length', 'substr', 'substr', 'add']: UNSAT (0.115 seconds)
324.48/324.52	['length', 'substr', 'substr', 'sub']: UNSAT (0.125 seconds)
324.58/324.65	['length', 'substr', 'add', 'add']: UNSAT (0.091 seconds)
324.68/324.74	['length', 'substr', 'add', 'sub']: UNSAT (0.096 seconds)
324.78/324.84	['length', 'substr', 'sub', 'sub']: UNSAT (0.098 seconds)
324.88/324.93	['length', 'add', 'add', 'add']: UNSAT (0.079 seconds)
324.88/325.02	['length', 'add', 'add', 'sub']: UNSAT (0.079 seconds)
325.01/325.10	['length', 'add', 'sub', 'sub']: UNSAT (0.075 seconds)
325.12/325.17	['length', 'sub', 'sub', 'sub']: UNSAT (0.075 seconds)
325.18/325.25	['substr', 'substr', 'substr', 'substr']: UNSAT (0.160 seconds)
325.38/325.41	['substr', 'substr', 'substr', 'add']: UNSAT (0.131 seconds)
325.48/325.54	['substr', 'substr', 'substr', 'sub']: UNSAT (0.125 seconds)
325.58/325.67	['substr', 'substr', 'add', 'add']: UNSAT (0.125 seconds)
325.68/325.79	['substr', 'substr', 'add', 'sub']: UNSAT (0.110 seconds)
325.88/325.90	['substr', 'substr', 'sub', 'sub']: UNSAT (0.118 seconds)
325.88/326.02	['substr', 'add', 'add', 'add']: UNSAT (0.108 seconds)
326.10/326.13	['substr', 'add', 'add', 'sub']: UNSAT (0.096 seconds)
326.18/326.23	['substr', 'add', 'sub', 'sub']: UNSAT (0.099 seconds)
326.28/326.33	['substr', 'sub', 'sub', 'sub']: UNSAT (0.103 seconds)
326.38/326.43	['add', 'add', 'add', 'add']: UNSAT (0.096 seconds)
326.48/326.53	['add', 'add', 'add', 'sub']: UNSAT (0.096 seconds)
326.58/326.63	['add', 'add', 'sub', 'sub']: UNSAT (0.097 seconds)
326.68/326.72	['add', 'sub', 'sub', 'sub']: UNSAT (0.098 seconds)
326.78/326.82	['sub', 'sub', 'sub', 'sub']: UNSAT (0.101 seconds)
326.88/326.93	['concat', 'concat', 'concat', 'concat', 'concat']: 