0.12/0.20	=== Examples (../../dataset/examples/examples-65.json)
0.12/0.20	IO(inputs=('take out the last 3 chars',), output='ars')
0.12/0.20	IO(inputs=('abc',), output='abc')
0.12/0.20	IO(inputs=('outsystems.com',), output='com')
0.12/0.20	=== Library
0.12/0.20	concat
0.12/0.20	index
0.12/0.20	length
0.12/0.20	substr
0.12/0.20	add
0.12/0.20	sub
0.12/0.20	=== Synthesis
0.12/0.20	['concat']: UNSAT (0.031 seconds)
0.12/0.23	['index']: UNSAT (0.031 seconds)
0.12/0.26	['length']: UNSAT (0.022 seconds)
0.25/0.28	['substr']: UNSAT (0.034 seconds)
0.25/0.32	['add']: UNSAT (0.026 seconds)
0.25/0.35	['sub']: UNSAT (0.026 seconds)
0.25/0.37	['concat', 'concat']: UNSAT (0.056 seconds)
0.36/0.43	['concat', 'index']: UNSAT (0.054 seconds)
0.46/0.49	['concat', 'length']: UNSAT (0.040 seconds)
0.46/0.53	['concat', 'substr']: UNSAT (0.142 seconds)
0.63/0.67	['concat', 'add']: UNSAT (0.042 seconds)
0.69/0.71	['concat', 'sub']: UNSAT (0.035 seconds)
0.69/0.75	['index', 'index']: UNSAT (0.049 seconds)
0.79/0.80	['index', 'length']: UNSAT (0.034 seconds)
0.79/0.83	['index', 'substr']: UNSAT (0.069 seconds)
0.89/0.90	['index', 'add']: UNSAT (0.041 seconds)
0.89/0.94	['index', 'sub']: UNSAT (0.043 seconds)
0.89/0.99	['length', 'length']: UNSAT (0.026 seconds)
0.89/1.01	['length', 'substr']: UNSAT (0.051 seconds)
1.02/1.07	['length', 'add']: UNSAT (0.030 seconds)
1.02/1.10	['length', 'sub']: UNSAT (0.030 seconds)
1.02/1.13	['substr', 'substr']: UNSAT (0.053 seconds)
1.14/1.18	['substr', 'add']: UNSAT (0.046 seconds)
1.19/1.23	['substr', 'sub']: UNSAT (0.055 seconds)
1.19/1.28	['add', 'add']: UNSAT (0.048 seconds)
1.28/1.33	['add', 'sub']: UNSAT (0.048 seconds)
1.28/1.38	['sub', 'sub']: UNSAT (0.039 seconds)
1.38/1.42	['concat', 'concat', 'concat']: UNSAT (0.146 seconds)
1.48/1.57	['concat', 'concat', 'index']: UNSAT (0.071 seconds)
1.58/1.64	['concat', 'concat', 'length']: UNSAT (0.055 seconds)
1.68/1.70	['concat', 'concat', 'substr']: UNSAT (1.052 seconds)
2.69/2.75	['concat', 'concat', 'add']: UNSAT (0.056 seconds)
2.79/2.81	['concat', 'concat', 'sub']: UNSAT (0.065 seconds)
2.79/2.87	['concat', 'index', 'index']: UNSAT (0.080 seconds)
2.89/2.95	['concat', 'index', 'length']: UNSAT (0.059 seconds)
2.89/3.01	['concat', 'index', 'substr']: UNSAT (16.874 seconds)
19.78/19.89	['concat', 'index', 'add']: UNSAT (0.060 seconds)
19.88/19.95	['concat', 'index', 'sub']: UNSAT (0.060 seconds)
19.88/20.01	['concat', 'length', 'length']: UNSAT (0.042 seconds)
20.01/20.06	['concat', 'length', 'substr']: SAT (0.271 seconds)
20.28/20.33	substr(concat('com', arg0), length(arg0), 14)
