0.14/0.20	=== Examples (../../dataset/examples/examples-52.json)
0.14/0.20	IO(inputs=('hello  ',), output='HELLO')
0.14/0.20	IO(inputs=('how are you today?  ',), output='HOW ARE YOU TODAY?')
0.14/0.20	IO(inputs=('you (yes you) are awesome!!! ',), output='YOU (YES YOU) ARE AWESOME!!!')
0.14/0.20	=== Library
0.14/0.20	concat
0.14/0.20	index
0.14/0.20	length
0.14/0.20	substr
0.14/0.20	add
0.14/0.20	sub
0.14/0.20	=== Synthesis
0.14/0.20	['concat']: UNSAT (0.031 seconds)
0.14/0.23	['index']: UNSAT (0.031 seconds)
0.14/0.26	['length']: UNSAT (0.021 seconds)
0.27/0.28	['substr']: UNSAT (0.037 seconds)
0.27/0.32	['add']: UNSAT (0.027 seconds)
0.27/0.35	['sub']: UNSAT (0.026 seconds)
0.35/0.37	['concat', 'concat']: UNSAT (0.059 seconds)
0.35/0.43	['concat', 'index']: UNSAT (0.056 seconds)
0.46/0.49	['concat', 'length']: UNSAT (0.040 seconds)
0.46/0.53	['concat', 'substr']: UNSAT (0.097 seconds)
0.57/0.63	['concat', 'add']: UNSAT (0.037 seconds)
0.63/0.67	['concat', 'sub']: UNSAT (0.037 seconds)
0.69/0.70	['index', 'index']: UNSAT (0.048 seconds)
0.69/0.75	['index', 'length']: UNSAT (0.035 seconds)
0.69/0.79	['index', 'substr']: UNSAT (0.613 seconds)
1.39/1.40	['index', 'add']: UNSAT (0.041 seconds)
1.39/1.44	['index', 'sub']: UNSAT (0.042 seconds)
1.39/1.49	['length', 'length']: UNSAT (0.026 seconds)
1.49/1.51	['length', 'substr']: UNSAT (0.040 seconds)
1.49/1.55	['length', 'add']: UNSAT (0.029 seconds)
1.49/1.58	['length', 'sub']: UNSAT (0.028 seconds)
1.59/1.61	['substr', 'substr']: UNSAT (0.052 seconds)
1.59/1.67	['substr', 'add']: UNSAT (0.049 seconds)
1.69/1.72	['substr', 'sub']: UNSAT (0.045 seconds)
1.69/1.76	['add', 'add']: UNSAT (0.039 seconds)
1.79/1.80	['add', 'sub']: UNSAT (0.036 seconds)
1.79/1.84	['sub', 'sub']: UNSAT (0.036 seconds)
1.79/1.87	['concat', 'concat', 'concat']: UNSAT (0.194 seconds)
2.02/2.07	['concat', 'concat', 'index']: UNSAT (0.070 seconds)
2.13/2.14	['concat', 'concat', 'length']: UNSAT (0.054 seconds)
2.19/2.20	['concat', 'concat', 'substr']: UNSAT (0.292 seconds)
2.38/2.49	['concat', 'concat', 'add']: UNSAT (0.053 seconds)
2.48/2.54	['concat', 'concat', 'sub']: UNSAT (0.054 seconds)
2.58/2.60	['concat', 'index', 'index']: UNSAT (0.071 seconds)
2.58/2.67	['concat', 'index', 'length']: UNSAT (0.061 seconds)
2.68/2.73	['concat', 'index', 'substr']: UNSAT (1.728 seconds)
4.38/4.46	['concat', 'index', 'add']: UNSAT (0.062 seconds)
4.48/4.52	['concat', 'index', 'sub']: UNSAT (0.060 seconds)
4.48/4.58	['concat', 'length', 'length']: UNSAT (0.045 seconds)
4.58/4.63	['concat', 'length', 'substr']: UNSAT (0.109 seconds)
4.68/4.74	['concat', 'length', 'add']: UNSAT (0.049 seconds)
4.68/4.79	['concat', 'length', 'sub']: UNSAT (0.046 seconds)
4.78/4.84	['concat', 'substr', 'substr']: UNSAT (0.197 seconds)
4.88/5.03	['concat', 'substr', 'add']: UNSAT (0.099 seconds)
5.02/5.13	['concat', 'substr', 'sub']: UNSAT (0.077 seconds)
5.18/5.21	['concat', 'add', 'add']: UNSAT (0.056 seconds)
5.18/5.27	['concat', 'add', 'sub']: UNSAT (0.055 seconds)
5.28/5.32	['concat', 'sub', 'sub']: UNSAT (0.054 seconds)
5.28/5.38	['index', 'index', 'index']: UNSAT (0.080 seconds)
5.38/5.46	['index', 'index', 'length']: UNSAT (0.061 seconds)
5.48/5.52	['index', 'index', 'substr']: UNSAT (0.421 seconds)
5.88/5.94	['index', 'index', 'add']: UNSAT (0.071 seconds)
5.88/6.01	['index', 'index', 'sub']: UNSAT (0.070 seconds)
6.02/6.08	['index', 'length', 'length']: UNSAT (0.047 seconds)
6.02/6.13	['index', 'length', 'substr']: UNSAT (0.204 seconds)
6.28/6.34	['index', 'length', 'add']: UNSAT (0.053 seconds)
6.28/6.39	['index', 'length', 'sub']: UNSAT (0.051 seconds)
6.38/6.44	['index', 'substr', 'substr']: UNSAT (0.471 seconds)
6.88/6.92	['index', 'substr', 'add']: UNSAT (0.204 seconds)
7.02/7.12	['index', 'substr', 'sub']: UNSAT (0.148 seconds)
7.18/7.27	['index', 'add', 'add']: UNSAT (0.062 seconds)
7.28/7.33	['index', 'add', 'sub']: UNSAT (0.064 seconds)
7.38/7.40	['index', 'sub', 'sub']: UNSAT (0.062 seconds)
7.38/7.46	['length', 'length', 'length']: UNSAT (0.034 seconds)
7.38/7.49	['length', 'length', 'substr']: UNSAT (0.056 seconds)
7.48/7.55	['length', 'length', 'add']: UNSAT (0.039 seconds)
7.48/7.59	['length', 'length', 'sub']: UNSAT (0.038 seconds)
7.58/7.63	['length', 'substr', 'substr']: UNSAT (0.125 seconds)
7.68/7.76	['length', 'substr', 'add']: UNSAT (0.076 seconds)
7.78/7.83	['length', 'substr', 'sub']: UNSAT (0.088 seconds)
7.88/7.92	['length', 'add', 'add']: UNSAT (0.047 seconds)
7.88/7.97	['length', 'add', 'sub']: UNSAT (0.051 seconds)
7.88/8.02	['length', 'sub', 'sub']: UNSAT (0.050 seconds)
8.02/8.07	['substr', 'substr', 'substr']: UNSAT (0.103 seconds)
8.12/8.18	['substr', 'substr', 'add']: UNSAT (0.083 seconds)
8.18/8.26	['substr', 'substr', 'sub']: UNSAT (0.086 seconds)
8.28/8.35	['substr', 'add', 'add']: UNSAT (0.080 seconds)
8.38/8.43	['substr', 'add', 'sub']: UNSAT (0.089 seconds)
8.48/8.52	['substr', 'sub', 'sub']: UNSAT (0.085 seconds)
8.58/8.60	['add', 'add', 'add']: UNSAT (0.061 seconds)
8.58/8.67	['add', 'add', 'sub']: UNSAT (0.058 seconds)
8.69/8.72	['add', 'sub', 'sub']: UNSAT (0.061 seconds)
8.69/8.79	['sub', 'sub', 'sub']: UNSAT (0.062 seconds)
8.79/8.85	['concat', 'concat', 'concat', 'concat']: UNSAT (0.400 seconds)
9.19/9.25	['concat', 'concat', 'concat', 'index']: UNSAT (0.097 seconds)
9.29/9.35	['concat', 'concat', 'concat', 'length']: UNSAT (0.079 seconds)
9.39/9.43	['concat', 'concat', 'concat', 'substr']: UNSAT (91.880 seconds)
101.25/101.31	['concat', 'concat', 'concat', 'add']: UNSAT (0.086 seconds)
101.35/101.40	['concat', 'concat', 'concat', 'sub']: UNSAT (0.080 seconds)
101.35/101.48	['concat', 'concat', 'index', 'index']: UNSAT (0.104 seconds)
101.45/101.59	['concat', 'concat', 'index', 'length']: UNSAT (0.081 seconds)
101.55/101.67	['concat', 'concat', 'index', 'substr']: UNSAT (21.645 seconds)
123.25/123.31	['concat', 'concat', 'index', 'add']: UNSAT (0.087 seconds)
123.35/123.40	['concat', 'concat', 'index', 'sub']: UNSAT (0.083 seconds)
123.35/123.48	['concat', 'concat', 'length', 'length']: UNSAT (0.065 seconds)
123.45/123.55	['concat', 'concat', 'length', 'substr']: UNSAT (1.253 seconds)
124.75/124.80	['concat', 'concat', 'length', 'add']: UNSAT (0.065 seconds)
124.75/124.87	['concat', 'concat', 'length', 'sub']: UNSAT (0.072 seconds)
124.85/124.94	['concat', 'concat', 'substr', 'substr']: UNSAT (2.974 seconds)
127.85/127.92	['concat', 'concat', 'substr', 'add']: UNSAT (1.055 seconds)
128.85/128.97	['concat', 'concat', 'substr', 'sub']: UNSAT (0.377 seconds)
129.25/129.35	['concat', 'concat', 'add', 'add']: UNSAT (0.072 seconds)
129.35/129.42	['concat', 'concat', 'add', 'sub']: UNSAT (0.071 seconds)
129.45/129.50	['concat', 'concat', 'sub', 'sub']: UNSAT (0.085 seconds)
129.45/129.58	['concat', 'index', 'index', 'index']: UNSAT (0.104 seconds)
129.55/129.69	['concat', 'index', 'index', 'length']: UNSAT (0.088 seconds)
129.65/129.78	['concat', 'index', 'index', 'substr']: UNSAT (11.117 seconds)
140.75/140.89	['concat', 'index', 'index', 'add']: UNSAT (0.094 seconds)
140.85/140.99	['concat', 'index', 'index', 'sub']: UNSAT (0.093 seconds)
140.99/141.08	['concat', 'index', 'length', 'length']: UNSAT (0.069 seconds)
141.09/141.15	['concat', 'index', 'length', 'substr']: UNSAT (2.541 seconds)
143.55/143.69	['concat', 'index', 'length', 'add']: UNSAT (0.075 seconds)
143.65/143.77	['concat', 'index', 'length', 'sub']: UNSAT (0.072 seconds)
143.75/143.84	['concat', 'index', 'substr', 'substr']: UNSAT (12.133 seconds)
155.85/155.98	['concat', 'index', 'substr', 'add']: UNSAT (4.102 seconds)
159.99/160.08	['concat', 'index', 'substr', 'sub']: UNSAT (3.187 seconds)
163.15/163.27	['concat', 'index', 'add', 'add']: UNSAT (0.087 seconds)
163.25/163.36	['concat', 'index', 'add', 'sub']: UNSAT (0.081 seconds)
163.35/163.44	['concat', 'index', 'sub', 'sub']: UNSAT (0.081 seconds)
163.45/163.52	['concat', 'length', 'length', 'length']: UNSAT (0.052 seconds)
163.45/163.57	['concat', 'length', 'length', 'substr']: UNSAT (0.155 seconds)
163.65/163.73	['concat', 'length', 'length', 'add']: UNSAT (0.059 seconds)
163.65/163.79	['concat', 'length', 'length', 'sub']: UNSAT (0.060 seconds)
163.75/163.85	['concat', 'length', 'substr', 'substr']: UNSAT (1.776 seconds)
165.55/165.63	['concat', 'length', 'substr', 'add']: UNSAT (0.400 seconds)
165.85/166.03	['concat', 'length', 'substr', 'sub']: UNSAT (0.291 seconds)
166.25/166.32	['concat', 'length', 'add', 'add']: UNSAT (0.068 seconds)
166.25/166.39	['concat', 'length', 'add', 'sub']: UNSAT (0.065 seconds)
166.35/166.45	['concat', 'length', 'sub', 'sub']: UNSAT (0.064 seconds)
166.45/166.52	['concat', 'substr', 'substr', 'substr']: UNSAT (0.853 seconds)
167.25/167.37	['concat', 'substr', 'substr', 'add']: UNSAT (0.609 seconds)
167.85/167.98	['concat', 'substr', 'substr', 'sub']: UNSAT (0.539 seconds)
168.45/168.52	['concat', 'substr', 'add', 'add']: UNSAT (0.382 seconds)
168.85/168.91	['concat', 'substr', 'add', 'sub']: UNSAT (0.284 seconds)
169.09/169.19	['concat', 'substr', 'sub', 'sub']: UNSAT (0.261 seconds)
169.35/169.45	['concat', 'add', 'add', 'add']: UNSAT (0.078 seconds)
169.45/169.53	['concat', 'add', 'add', 'sub']: UNSAT (0.079 seconds)
169.55/169.61	['concat', 'add', 'sub', 'sub']: UNSAT (0.077 seconds)
169.55/169.69	['concat', 'sub', 'sub', 'sub']: UNSAT (0.077 seconds)
169.65/169.77	['index', 'index', 'index', 'index']: UNSAT (0.111 seconds)
169.75/169.88	['index', 'index', 'index', 'length']: UNSAT (0.093 seconds)
169.85/169.97	['index', 'index', 'index', 'substr']: UNSAT (0.896 seconds)
170.75/170.87	['index', 'index', 'index', 'add']: UNSAT (0.099 seconds)
170.85/170.97	['index', 'index', 'index', 'sub']: UNSAT (0.099 seconds)
170.99/171.07	['index', 'index', 'length', 'length']: UNSAT (0.078 seconds)
171.09/171.15	['index', 'index', 'length', 'substr']: UNSAT (0.429 seconds)
171.45/171.58	['index', 'index', 'length', 'add']: UNSAT (0.082 seconds)
171.55/171.66	['index', 'index', 'length', 'sub']: UNSAT (0.083 seconds)
171.65/171.75	['index', 'index', 'substr', 'substr']: UNSAT (2.493 seconds)
174.15/174.24	['index', 'index', 'substr', 'add']: UNSAT (0.339 seconds)
174.45/174.58	['index', 'index', 'substr', 'sub']: UNSAT (0.796 seconds)
175.25/175.38	['index', 'index', 'add', 'add']: UNSAT (0.096 seconds)
175.35/175.47	['index', 'index', 'add', 'sub']: UNSAT (0.098 seconds)
175.45/175.57	['index', 'index', 'sub', 'sub']: UNSAT (0.100 seconds)
175.55/175.67	['index', 'length', 'length', 'length']: UNSAT (0.059 seconds)
175.65/175.73	['index', 'length', 'length', 'substr']: UNSAT (0.171 seconds)
175.85/175.90	['index', 'length', 'length', 'add']: UNSAT (0.066 seconds)
175.85/175.97	['index', 'length', 'length', 'sub']: UNSAT (0.062 seconds)
175.85/176.03	['index', 'length', 'substr', 'substr']: UNSAT (1.135 seconds)
177.09/177.17	['index', 'length', 'substr', 'add']: UNSAT (0.256 seconds)
177.35/177.43	['index', 'length', 'substr', 'sub']: UNSAT (0.263 seconds)
177.55/177.69	['index', 'length', 'add', 'add']: UNSAT (0.076 seconds)
177.65/177.77	['index', 'length', 'add', 'sub']: UNSAT (0.077 seconds)
177.75/177.85	['index', 'length', 'sub', 'sub']: UNSAT (0.080 seconds)
177.85/177.93	['index', 'substr', 'substr', 'substr']: UNSAT (0.981 seconds)
178.85/178.91	['index', 'substr', 'substr', 'add']: UNSAT (0.971 seconds)
179.75/179.88	['index', 'substr', 'substr', 'sub']: UNSAT (0.673 seconds)
180.45/180.55	['index', 'substr', 'add', 'add']: UNSAT (0.227 seconds)
180.65/180.78	['index', 'substr', 'add', 'sub']: UNSAT (0.248 seconds)
180.85/181.03	['index', 'substr', 'sub', 'sub']: UNSAT (0.252 seconds)
181.15/181.28	['index', 'add', 'add', 'add']: UNSAT (0.102 seconds)
181.25/181.39	['index', 'add', 'add', 'sub']: UNSAT (0.104 seconds)
181.35/181.49	['index', 'add', 'sub', 'sub']: UNSAT (0.095 seconds)
181.45/181.59	['index', 'sub', 'sub', 'sub']: UNSAT (0.100 seconds)
181.55/181.69	['length', 'length', 'length', 'length']: UNSAT (0.047 seconds)
181.65/181.74	['length', 'length', 'length', 'substr']: UNSAT (0.058 seconds)
181.65/181.80	['length', 'length', 'length', 'add']: UNSAT (0.051 seconds)
181.75/181.85	['length', 'length', 'length', 'sub']: UNSAT (0.053 seconds)
181.85/181.90	['length', 'length', 'substr', 'substr']: UNSAT (0.526 seconds)
182.35/182.43	['length', 'length', 'substr', 'add']: UNSAT (0.149 seconds)
182.45/182.58	['length', 'length', 'substr', 'sub']: UNSAT (0.149 seconds)
182.65/182.73	['length', 'length', 'add', 'add']: UNSAT (0.058 seconds)
182.65/182.79	['length', 'length', 'add', 'sub']: UNSAT (0.061 seconds)
182.75/182.85	['length', 'length', 'sub', 'sub']: UNSAT (0.061 seconds)
182.85/182.91	['length', 'substr', 'substr', 'substr']: UNSAT (0.580 seconds)
183.35/183.49	['length', 'substr', 'substr', 'add']: UNSAT (0.441 seconds)
183.85/183.93	['length', 'substr', 'substr', 'sub']: UNSAT (0.405 seconds)
184.26/184.34	['length', 'substr', 'add', 'add']: UNSAT (0.398 seconds)
184.66/184.74	['length', 'substr', 'add', 'sub']: UNSAT (0.328 seconds)
184.99/185.07	['length', 'substr', 'sub', 'sub']: UNSAT (0.300 seconds)
185.26/185.37	['length', 'add', 'add', 'add']: UNSAT (0.077 seconds)
185.36/185.45	['length', 'add', 'add', 'sub']: UNSAT (0.081 seconds)
185.46/185.53	['length', 'add', 'sub', 'sub']: UNSAT (0.083 seconds)
185.56/185.61	['length', 'sub', 'sub', 'sub']: UNSAT (0.073 seconds)
185.56/185.69	['substr', 'substr', 'substr', 'substr']: UNSAT (0.231 seconds)
185.86/185.92	['substr', 'substr', 'substr', 'add']: UNSAT (0.179 seconds)
185.99/186.10	['substr', 'substr', 'substr', 'sub']: UNSAT (0.217 seconds)
186.26/186.32	['substr', 'substr', 'add', 'add']: UNSAT (0.243 seconds)
186.46/186.56	['substr', 'substr', 'add', 'sub']: UNSAT (0.234 seconds)
186.76/186.80	['substr', 'substr', 'sub', 'sub']: UNSAT (0.251 seconds)
186.99/187.05	['substr', 'add', 'add', 'add']: UNSAT (0.331 seconds)
187.25/187.38	['substr', 'add', 'add', 'sub']: UNSAT (0.376 seconds)
187.65/187.76	['substr', 'add', 'sub', 'sub']: UNSAT (0.305 seconds)
187.99/188.06	['substr', 'sub', 'sub', 'sub']: UNSAT (0.263 seconds)
188.25/188.33	['add', 'add', 'add', 'add']: UNSAT (0.091 seconds)
188.35/188.42	['add', 'add', 'add', 'sub']: UNSAT (0.088 seconds)
188.45/188.51	['add', 'add', 'sub', 'sub']: UNSAT (0.096 seconds)
188.55/188.61	['add', 'sub', 'sub', 'sub']: UNSAT (0.091 seconds)
188.65/188.70	['sub', 'sub', 'sub', 'sub']: UNSAT (0.090 seconds)
188.65/188.79	['concat', 'concat', 'concat', 'concat', 'concat']: UNSAT (0.798 seconds)
189.45/189.59	['concat', 'concat', 'concat', 'concat', 'index']: UNSAT (0.139 seconds)
189.65/189.73	['concat', 'concat', 'concat', 'concat', 'length']: UNSAT (0.118 seconds)
189.75/189.85	['concat', 'concat', 'concat', 'concat', 'substr']: 