0.00/0.19	=== Examples (../../dataset/examples/examples-01.json)
0.00/0.19	IO(inputs=('Hello World',), output='Hello&nbsp;World')
0.00/0.19	IO(inputs=('Indicates the (zero-based) index where the search starts.',), output='Indicates&nbsp;the&nbsp;(zero-based)&nbsp;index&nbsp;where&nbsp;the&nbsp;search&nbsp;starts.')
0.00/0.19	IO(inputs=('Can be used with attributes in aggregates.',), output='Can&nbsp;be&nbsp;used&nbsp;with&nbsp;attributes&nbsp;in&nbsp;aggregates.')
0.00/0.19	=== Library
0.00/0.19	concat
0.00/0.19	index
0.00/0.19	length
0.00/0.19	substr
0.00/0.19	add
0.00/0.19	sub
0.00/0.19	=== Synthesis
0.00/0.19	['concat']: UNSAT (0.033 seconds)
0.19/0.22	['index']: UNSAT (0.031 seconds)
0.19/0.26	['length']: UNSAT (0.021 seconds)
0.19/0.28	['substr']: UNSAT (0.035 seconds)
0.19/0.31	['add']: UNSAT (0.027 seconds)
0.19/0.34	['sub']: UNSAT (0.026 seconds)
0.19/0.37	['concat', 'concat']: UNSAT (0.173 seconds)
0.39/0.54	['concat', 'index']: UNSAT (0.056 seconds)
0.39/0.60	['concat', 'length']: UNSAT (0.040 seconds)
0.59/0.64	['concat', 'substr']: UNSAT (0.102 seconds)
0.64/0.74	['concat', 'add']: UNSAT (0.035 seconds)
0.64/0.78	['concat', 'sub']: UNSAT (0.035 seconds)
0.64/0.82	['index', 'index']: UNSAT (0.048 seconds)
0.80/0.86	['index', 'length']: UNSAT (0.034 seconds)
0.89/0.90	['index', 'substr']: UNSAT (0.056 seconds)
0.89/0.96	['index', 'add']: UNSAT (0.041 seconds)
0.99/1.00	['index', 'sub']: UNSAT (0.042 seconds)
0.99/1.04	['length', 'length']: UNSAT (0.024 seconds)
0.99/1.07	['length', 'substr']: UNSAT (0.041 seconds)
1.09/1.11	['length', 'add']: UNSAT (0.029 seconds)
1.09/1.14	['length', 'sub']: UNSAT (0.029 seconds)
1.09/1.17	['substr', 'substr']: UNSAT (0.056 seconds)
1.19/1.22	['substr', 'add']: UNSAT (0.045 seconds)
1.19/1.27	['substr', 'sub']: UNSAT (0.046 seconds)
1.19/1.32	['add', 'add']: UNSAT (0.038 seconds)
1.19/1.36	['add', 'sub']: UNSAT (0.039 seconds)
1.34/1.39	['sub', 'sub']: UNSAT (0.038 seconds)
1.34/1.43	['concat', 'concat', 'concat']: UNSAT (0.923 seconds)
2.19/2.36	['concat', 'concat', 'index']: UNSAT (0.083 seconds)
2.36/2.44	['concat', 'concat', 'length']: UNSAT (0.076 seconds)
2.49/2.52	['concat', 'concat', 'substr']: UNSAT (0.371 seconds)
2.79/2.89	['concat', 'concat', 'add']: UNSAT (0.071 seconds)
2.89/2.96	['concat', 'concat', 'sub']: UNSAT (0.070 seconds)
2.99/3.03	['concat', 'index', 'index']: UNSAT (0.095 seconds)
3.09/3.13	['concat', 'index', 'length']: UNSAT (0.073 seconds)
3.19/3.20	['concat', 'index', 'substr']: UNSAT (0.643 seconds)
3.78/3.85	['concat', 'index', 'add']: UNSAT (0.061 seconds)
3.88/3.91	['concat', 'index', 'sub']: UNSAT (0.061 seconds)
3.88/3.97	['concat', 'length', 'length']: UNSAT (0.043 seconds)
3.99/4.01	['concat', 'length', 'substr']: UNSAT (0.111 seconds)
4.09/4.13	['concat', 'length', 'add']: UNSAT (0.045 seconds)
4.09/4.17	['concat', 'length', 'sub']: UNSAT (0.045 seconds)
4.19/4.22	['concat', 'substr', 'substr']: UNSAT (0.170 seconds)
4.35/4.39	['concat', 'substr', 'add']: UNSAT (0.092 seconds)
4.45/4.48	['concat', 'substr', 'sub']: UNSAT (0.090 seconds)
4.49/4.57	['concat', 'add', 'add']: UNSAT (0.053 seconds)
4.59/4.63	['concat', 'add', 'sub']: UNSAT (0.053 seconds)
4.59/4.68	['concat', 'sub', 'sub']: UNSAT (0.054 seconds)
4.69/4.74	['index', 'index', 'index']: UNSAT (0.078 seconds)
4.79/4.82	['index', 'index', 'length']: UNSAT (0.062 seconds)
4.79/4.88	['index', 'index', 'substr']: UNSAT (0.096 seconds)
4.89/4.98	['index', 'index', 'add']: UNSAT (0.069 seconds)
4.99/5.04	['index', 'index', 'sub']: UNSAT (0.069 seconds)
5.09/5.12	['index', 'length', 'length']: UNSAT (0.046 seconds)
5.09/5.16	['index', 'length', 'substr']: UNSAT (0.072 seconds)
5.19/5.23	['index', 'length', 'add']: UNSAT (0.052 seconds)
5.19/5.29	['index', 'length', 'sub']: UNSAT (0.053 seconds)
5.19/5.34	['index', 'substr', 'substr']: UNSAT (0.140 seconds)
5.45/5.48	['index', 'substr', 'add']: UNSAT (0.079 seconds)
5.50/5.56	['index', 'substr', 'sub']: UNSAT (0.086 seconds)
5.59/5.65	['index', 'add', 'add']: UNSAT (0.065 seconds)
5.69/5.72	['index', 'add', 'sub']: UNSAT (0.064 seconds)
5.69/5.78	['index', 'sub', 'sub']: UNSAT (0.064 seconds)
5.79/5.85	['length', 'length', 'length']: UNSAT (0.033 seconds)
5.79/5.88	['length', 'length', 'substr']: UNSAT (0.052 seconds)
5.89/5.93	['length', 'length', 'add']: UNSAT (0.039 seconds)
5.89/5.97	['length', 'length', 'sub']: UNSAT (0.040 seconds)
5.99/6.01	['length', 'substr', 'substr']: UNSAT (0.087 seconds)
6.09/6.10	['length', 'substr', 'add']: UNSAT (0.062 seconds)
6.09/6.16	['length', 'substr', 'sub']: UNSAT (0.061 seconds)
6.19/6.22	['length', 'add', 'add']: UNSAT (0.048 seconds)
6.19/6.27	['length', 'add', 'sub']: UNSAT (0.049 seconds)
6.19/6.32	['length', 'sub', 'sub']: UNSAT (0.048 seconds)
6.31/6.37	['substr', 'substr', 'substr']: UNSAT (0.101 seconds)
6.42/6.48	['substr', 'substr', 'add']: UNSAT (0.077 seconds)
6.49/6.55	['substr', 'substr', 'sub']: UNSAT (0.082 seconds)
6.59/6.64	['substr', 'add', 'add']: UNSAT (0.071 seconds)
6.69/6.71	['substr', 'add', 'sub']: UNSAT (0.071 seconds)
6.69/6.78	['substr', 'sub', 'sub']: UNSAT (0.071 seconds)
6.79/6.85	['add', 'add', 'add']: UNSAT (0.061 seconds)
6.89/6.91	['add', 'add', 'sub']: UNSAT (0.062 seconds)
6.89/6.98	['add', 'sub', 'sub']: UNSAT (0.061 seconds)
6.99/7.04	['sub', 'sub', 'sub']: UNSAT (0.104 seconds)
7.09/7.14	['concat', 'concat', 'concat', 'concat']: UNSAT (227.081 seconds)
234.18/234.23	['concat', 'concat', 'concat', 'index']: UNSAT (0.108 seconds)
234.18/234.34	['concat', 'concat', 'concat', 'length']: UNSAT (0.090 seconds)
234.31/234.43	['concat', 'concat', 'concat', 'substr']: UNSAT (61.030 seconds)
295.43/295.46	['concat', 'concat', 'concat', 'add']: UNSAT (0.085 seconds)
295.48/295.54	['concat', 'concat', 'concat', 'sub']: UNSAT (0.085 seconds)
295.58/295.63	['concat', 'concat', 'index', 'index']: UNSAT (0.106 seconds)
295.68/295.74	['concat', 'concat', 'index', 'length']: UNSAT (0.089 seconds)
295.78/295.83	['concat', 'concat', 'index', 'substr']: UNSAT (75.148 seconds)
370.88/370.98	['concat', 'concat', 'index', 'add']: UNSAT (0.093 seconds)
370.98/371.07	['concat', 'concat', 'index', 'sub']: UNSAT (0.091 seconds)
371.09/371.16	['concat', 'concat', 'length', 'length']: UNSAT (0.073 seconds)
371.18/371.24	['concat', 'concat', 'length', 'substr']: UNSAT (1.619 seconds)
372.78/372.86	['concat', 'concat', 'length', 'add']: UNSAT (0.071 seconds)
372.88/372.93	['concat', 'concat', 'length', 'sub']: UNSAT (0.073 seconds)
372.98/373.00	['concat', 'concat', 'substr', 'substr']: UNSAT (1.916 seconds)
374.88/374.92	['concat', 'concat', 'substr', 'add']: UNSAT (1.041 seconds)
375.88/375.96	['concat', 'concat', 'substr', 'sub']: UNSAT (0.667 seconds)
376.58/376.63	['concat', 'concat', 'add', 'add']: UNSAT (0.080 seconds)
376.68/376.71	['concat', 'concat', 'add', 'sub']: UNSAT (0.077 seconds)
376.68/376.79	['concat', 'concat', 'sub', 'sub']: UNSAT (0.093 seconds)
376.78/376.88	['concat', 'index', 'index', 'index']: UNSAT (0.116 seconds)
376.98/377.00	['concat', 'index', 'index', 'length']: UNSAT (0.092 seconds)
376.98/377.09	['concat', 'index', 'index', 'substr']: UNSAT (1.833 seconds)
378.88/378.92	['concat', 'index', 'index', 'add']: UNSAT (0.107 seconds)
378.98/379.03	['concat', 'index', 'index', 'sub']: UNSAT (0.099 seconds)
379.09/379.13	['concat', 'index', 'length', 'length']: UNSAT (0.075 seconds)
379.18/379.21	['concat', 'index', 'length', 'substr']: UNSAT (0.840 seconds)
379.98/380.05	['concat', 'index', 'length', 'add']: UNSAT (0.080 seconds)
380.09/380.13	['concat', 'index', 'length', 'sub']: UNSAT (0.079 seconds)
380.18/380.21	['concat', 'index', 'substr', 'substr']: UNSAT (4.193 seconds)
384.32/384.41	['concat', 'index', 'substr', 'add']: UNSAT (1.151 seconds)
385.48/385.56	['concat', 'index', 'substr', 'sub']: UNSAT (0.817 seconds)
386.31/386.38	['concat', 'index', 'add', 'add']: UNSAT (0.090 seconds)
386.42/386.47	['concat', 'index', 'add', 'sub']: UNSAT (0.091 seconds)
386.48/386.56	['concat', 'index', 'sub', 'sub']: UNSAT (0.091 seconds)
386.58/386.65	['concat', 'length', 'length', 'length']: UNSAT (0.057 seconds)
386.68/386.71	['concat', 'length', 'length', 'substr']: UNSAT (0.148 seconds)
386.78/386.86	['concat', 'length', 'length', 'add']: UNSAT (0.062 seconds)
386.88/386.92	['concat', 'length', 'length', 'sub']: UNSAT (0.063 seconds)
386.88/386.99	['concat', 'length', 'substr', 'substr']: UNSAT (2.212 seconds)
389.18/389.20	['concat', 'length', 'substr', 'add']: UNSAT (0.268 seconds)
389.42/389.47	['concat', 'length', 'substr', 'sub']: UNSAT (0.236 seconds)
389.68/389.70	['concat', 'length', 'add', 'add']: UNSAT (0.068 seconds)
389.68/389.77	['concat', 'length', 'add', 'sub']: UNSAT (0.069 seconds)
389.78/389.84	['concat', 'length', 'sub', 'sub']: UNSAT (0.070 seconds)
389.88/389.92	['concat', 'substr', 'substr', 'substr']: UNSAT (0.682 seconds)
390.58/390.60	['concat', 'substr', 'substr', 'add']: UNSAT (0.378 seconds)
390.88/390.98	['concat', 'substr', 'substr', 'sub']: UNSAT (0.454 seconds)
391.31/391.43	['concat', 'substr', 'add', 'add']: UNSAT (0.320 seconds)
391.68/391.75	['concat', 'substr', 'add', 'sub']: UNSAT (0.269 seconds)
391.98/392.02	['concat', 'substr', 'sub', 'sub']: UNSAT (0.219 seconds)
392.18/392.24	['concat', 'add', 'add', 'add']: UNSAT (0.088 seconds)
392.18/392.33	['concat', 'add', 'add', 'sub']: UNSAT (0.083 seconds)
392.32/392.42	['concat', 'add', 'sub', 'sub']: UNSAT (0.085 seconds)
392.48/392.50	['concat', 'sub', 'sub', 'sub']: UNSAT (0.085 seconds)
392.48/392.59	['index', 'index', 'index', 'index']: UNSAT (0.121 seconds)
392.68/392.71	['index', 'index', 'index', 'length']: UNSAT (0.101 seconds)
392.78/392.81	['index', 'index', 'index', 'substr']: UNSAT (0.224 seconds)
392.98/393.04	['index', 'index', 'index', 'add']: UNSAT (0.110 seconds)
393.09/393.15	['index', 'index', 'index', 'sub']: UNSAT (0.115 seconds)
393.18/393.26	['index', 'index', 'length', 'length']: UNSAT (0.083 seconds)
393.31/393.35	['index', 'index', 'length', 'substr']: UNSAT (0.119 seconds)
393.42/393.47	['index', 'index', 'length', 'add']: UNSAT (0.088 seconds)
393.48/393.56	['index', 'index', 'length', 'sub']: UNSAT (0.089 seconds)
393.58/393.65	['index', 'index', 'substr', 'substr']: UNSAT (0.404 seconds)
393.98/394.05	['index', 'index', 'substr', 'add']: UNSAT (0.157 seconds)
394.18/394.21	['index', 'index', 'substr', 'sub']: UNSAT (0.135 seconds)
394.32/394.34	['index', 'index', 'add', 'add']: UNSAT (0.105 seconds)
394.42/394.45	['index', 'index', 'add', 'sub']: UNSAT (0.102 seconds)
394.48/394.55	['index', 'index', 'sub', 'sub']: UNSAT (0.107 seconds)
394.58/394.66	['index', 'length', 'length', 'length']: UNSAT (0.062 seconds)
394.68/394.72	['index', 'length', 'length', 'substr']: UNSAT (0.088 seconds)
394.78/394.81	['index', 'length', 'length', 'add']: UNSAT (0.067 seconds)
394.78/394.88	['index', 'length', 'length', 'sub']: UNSAT (0.067 seconds)
394.88/394.95	['index', 'length', 'substr', 'substr']: UNSAT (0.215 seconds)
395.09/395.16	['index', 'length', 'substr', 'add']: UNSAT (0.103 seconds)
395.18/395.27	['index', 'length', 'substr', 'sub']: UNSAT (0.109 seconds)
395.31/395.38	['index', 'length', 'add', 'add']: UNSAT (0.084 seconds)
395.42/395.46	['index', 'length', 'add', 'sub']: UNSAT (0.082 seconds)
395.48/395.55	['index', 'length', 'sub', 'sub']: UNSAT (0.079 seconds)
395.58/395.63	['index', 'substr', 'substr', 'substr']: UNSAT (0.342 seconds)
395.88/395.97	['index', 'substr', 'substr', 'add']: UNSAT (0.244 seconds)
396.18/396.21	['index', 'substr', 'substr', 'sub']: UNSAT (0.246 seconds)
396.42/396.46	['index', 'substr', 'add', 'add']: UNSAT (0.129 seconds)
396.48/396.59	['index', 'substr', 'add', 'sub']: UNSAT (0.137 seconds)
396.68/396.73	['index', 'substr', 'sub', 'sub']: UNSAT (0.140 seconds)
396.78/396.87	['index', 'add', 'add', 'add']: UNSAT (0.105 seconds)
396.88/396.98	['index', 'add', 'add', 'sub']: UNSAT (0.102 seconds)
396.98/397.08	['index', 'add', 'sub', 'sub']: UNSAT (0.104 seconds)
397.09/397.18	['index', 'sub', 'sub', 'sub']: UNSAT (0.108 seconds)
397.18/397.29	['length', 'length', 'length', 'length']: UNSAT (0.047 seconds)
397.31/397.34	['length', 'length', 'length', 'substr']: UNSAT (0.064 seconds)
397.31/397.41	['length', 'length', 'length', 'add']: UNSAT (0.054 seconds)
397.42/397.46	['length', 'length', 'length', 'sub']: UNSAT (0.052 seconds)
397.48/397.51	['length', 'length', 'substr', 'substr']: UNSAT (0.132 seconds)
397.58/397.65	['length', 'length', 'substr', 'add']: UNSAT (0.084 seconds)
397.68/397.73	['length', 'length', 'substr', 'sub']: UNSAT (0.086 seconds)
397.78/397.82	['length', 'length', 'add', 'add']: UNSAT (0.063 seconds)
397.78/397.88	['length', 'length', 'add', 'sub']: UNSAT (0.064 seconds)
397.88/397.95	['length', 'length', 'sub', 'sub']: UNSAT (0.063 seconds)
397.98/398.01	['length', 'substr', 'substr', 'substr']: UNSAT (0.283 seconds)
398.18/398.29	['length', 'substr', 'substr', 'add']: UNSAT (0.134 seconds)
398.31/398.43	['length', 'substr', 'substr', 'sub']: UNSAT (0.140 seconds)
398.48/398.57	['length', 'substr', 'add', 'add']: UNSAT (0.095 seconds)
398.58/398.66	['length', 'substr', 'add', 'sub']: UNSAT (0.100 seconds)
398.68/398.77	['length', 'substr', 'sub', 'sub']: UNSAT (0.099 seconds)
398.78/398.86	['length', 'add', 'add', 'add']: UNSAT (0.080 seconds)
398.88/398.95	['length', 'add', 'add', 'sub']: UNSAT (0.081 seconds)
398.98/399.03	['length', 'add', 'sub', 'sub']: UNSAT (0.079 seconds)
399.09/399.11	['length', 'sub', 'sub', 'sub']: UNSAT (0.082 seconds)
399.09/399.19	['substr', 'substr', 'substr', 'substr']: UNSAT (0.227 seconds)
399.32/399.42	['substr', 'substr', 'substr', 'add']: UNSAT (0.143 seconds)
399.48/399.56	['substr', 'substr', 'substr', 'sub']: UNSAT (0.143 seconds)
399.68/399.71	['substr', 'substr', 'add', 'add']: UNSAT (0.130 seconds)
399.78/399.84	['substr', 'substr', 'add', 'sub']: UNSAT (0.115 seconds)
399.88/399.95	['substr', 'substr', 'sub', 'sub']: UNSAT (0.123 seconds)
399.98/400.08	['substr', 'add', 'add', 'add']: UNSAT (0.115 seconds)
400.09/400.19	['substr', 'add', 'add', 'sub']: UNSAT (0.105 seconds)
400.18/400.30	['substr', 'add', 'sub', 'sub']: UNSAT (0.104 seconds)
400.32/400.40	['substr', 'sub', 'sub', 'sub']: UNSAT (0.108 seconds)
400.48/400.51	['add', 'add', 'add', 'add']: UNSAT (0.098 seconds)
400.58/400.61	['add', 'add', 'add', 'sub']: UNSAT (0.093 seconds)
400.68/400.71	['add', 'add', 'sub', 'sub']: UNSAT (0.094 seconds)
400.78/400.80	['add', 'sub', 'sub', 'sub']: UNSAT (0.094 seconds)
400.88/400.90	['sub', 'sub', 'sub', 'sub']: UNSAT (0.099 seconds)
400.98/401.00	['concat', 'concat', 'concat', 'concat', 'concat']: 