0.12/0.22	=== Examples (../../dataset/examples/examples-40.json)
0.12/0.22	IO(inputs=('who cares about when',), output='updated on who cares about ')
0.12/0.22	IO(inputs=('maybe someone will care',), output='updated on maybe someone wi')
0.12/0.22	IO(inputs=('but then who else?',), output='updated on but then who els')
0.12/0.22	=== Library
0.12/0.22	concat
0.12/0.22	index
0.12/0.22	length
0.12/0.22	substr
0.12/0.22	add
0.12/0.22	sub
0.12/0.22	=== Synthesis
0.12/0.22	['concat']: UNSAT (0.044 seconds)
0.12/0.26	['index']: UNSAT (0.037 seconds)
0.27/0.30	['length']: UNSAT (0.031 seconds)
0.27/0.33	['substr']: UNSAT (0.045 seconds)
0.35/0.38	['add']: UNSAT (0.020 seconds)
0.35/0.40	['sub']: UNSAT (0.022 seconds)
0.35/0.42	['concat', 'concat']: UNSAT (0.131 seconds)
0.46/0.55	['concat', 'index']: UNSAT (0.053 seconds)
0.56/0.61	['concat', 'length']: UNSAT (0.034 seconds)
0.63/0.64	['concat', 'substr']: UNSAT (0.087 seconds)
0.69/0.73	['concat', 'add']: UNSAT (0.035 seconds)
0.69/0.77	['concat', 'sub']: UNSAT (0.036 seconds)
0.79/0.81	['index', 'index']: UNSAT (0.051 seconds)
0.79/0.86	['index', 'length']: UNSAT (0.036 seconds)
0.79/0.89	['index', 'substr']: UNSAT (0.053 seconds)
0.89/0.95	['index', 'add']: UNSAT (0.040 seconds)
0.89/0.99	['index', 'sub']: UNSAT (0.065 seconds)
1.02/1.05	['length', 'length']: UNSAT (0.035 seconds)
1.02/1.09	['length', 'substr']: UNSAT (0.038 seconds)
1.02/1.13	['length', 'add']: UNSAT (0.029 seconds)
1.13/1.16	['length', 'sub']: UNSAT (0.028 seconds)
1.13/1.19	['substr', 'substr']: UNSAT (0.071 seconds)
1.19/1.26	['substr', 'add']: UNSAT (0.052 seconds)
1.29/1.31	['substr', 'sub']: UNSAT (0.056 seconds)
1.29/1.37	['add', 'add']: UNSAT (0.039 seconds)
1.39/1.41	['add', 'sub']: UNSAT (0.039 seconds)
1.39/1.45	['sub', 'sub']: UNSAT (0.038 seconds)
1.39/1.49	['concat', 'concat', 'concat']: UNSAT (0.965 seconds)
2.38/2.45	['concat', 'concat', 'index']: UNSAT (0.073 seconds)
2.48/2.53	['concat', 'concat', 'length']: UNSAT (0.055 seconds)
2.48/2.58	['concat', 'concat', 'substr']: UNSAT (0.749 seconds)
3.28/3.33	['concat', 'concat', 'add']: UNSAT (0.073 seconds)
3.38/3.41	['concat', 'concat', 'sub']: UNSAT (0.071 seconds)
3.38/3.48	['concat', 'index', 'index']: UNSAT (0.096 seconds)
3.48/3.57	['concat', 'index', 'length']: UNSAT (0.076 seconds)
3.58/3.65	['concat', 'index', 'substr']: UNSAT (0.313 seconds)
3.88/3.96	['concat', 'index', 'add']: UNSAT (0.066 seconds)
3.88/4.03	['concat', 'index', 'sub']: UNSAT (0.065 seconds)
4.01/4.10	['concat', 'length', 'length']: UNSAT (0.045 seconds)
4.01/4.14	['concat', 'length', 'substr']: UNSAT (0.143 seconds)
4.18/4.29	['concat', 'length', 'add']: UNSAT (0.047 seconds)
4.28/4.34	['concat', 'length', 'sub']: UNSAT (0.048 seconds)
4.28/4.38	['concat', 'substr', 'substr']: UNSAT (0.170 seconds)
4.48/4.56	['concat', 'substr', 'add']: UNSAT (0.091 seconds)
4.58/4.65	['concat', 'substr', 'sub']: UNSAT (0.134 seconds)
4.68/4.78	['concat', 'add', 'add']: UNSAT (0.056 seconds)
4.78/4.84	['concat', 'add', 'sub']: UNSAT (0.061 seconds)
4.88/4.90	['concat', 'sub', 'sub']: UNSAT (0.055 seconds)
4.88/4.96	['index', 'index', 'index']: UNSAT (0.080 seconds)
4.88/5.04	['index', 'index', 'length']: UNSAT (0.064 seconds)
5.01/5.10	['index', 'index', 'substr']: UNSAT (0.096 seconds)
5.18/5.20	['index', 'index', 'add']: UNSAT (0.072 seconds)
5.18/5.27	['index', 'index', 'sub']: UNSAT (0.070 seconds)
5.28/5.34	['index', 'length', 'length']: UNSAT (0.047 seconds)
5.28/5.39	['index', 'length', 'substr']: UNSAT (0.070 seconds)
5.38/5.46	['index', 'length', 'add']: UNSAT (0.052 seconds)
5.48/5.51	['index', 'length', 'sub']: UNSAT (0.066 seconds)
5.48/5.58	['index', 'substr', 'substr']: UNSAT (0.181 seconds)
5.68/5.76	['index', 'substr', 'add']: UNSAT (0.108 seconds)
5.78/5.87	['index', 'substr', 'sub']: UNSAT (0.111 seconds)
5.88/5.98	['index', 'add', 'add']: UNSAT (0.093 seconds)
6.01/6.08	['index', 'add', 'sub']: UNSAT (0.075 seconds)
6.14/6.15	['index', 'sub', 'sub']: UNSAT (0.067 seconds)
6.18/6.22	['length', 'length', 'length']: UNSAT (0.035 seconds)
6.18/6.26	['length', 'length', 'substr']: UNSAT (0.052 seconds)
6.28/6.31	['length', 'length', 'add']: UNSAT (0.041 seconds)
6.28/6.35	['length', 'length', 'sub']: UNSAT (0.040 seconds)
6.28/6.39	['length', 'substr', 'substr']: UNSAT (0.085 seconds)
6.38/6.48	['length', 'substr', 'add']: UNSAT (0.062 seconds)
6.48/6.54	['length', 'substr', 'sub']: UNSAT (0.064 seconds)
6.58/6.61	['length', 'add', 'add']: UNSAT (0.055 seconds)
6.58/6.66	['length', 'add', 'sub']: UNSAT (0.053 seconds)
6.68/6.72	['length', 'sub', 'sub']: UNSAT (0.051 seconds)
6.68/6.77	['substr', 'substr', 'substr']: UNSAT (0.101 seconds)
6.78/6.87	['substr', 'substr', 'add']: UNSAT (0.080 seconds)
6.88/6.95	['substr', 'substr', 'sub']: UNSAT (0.082 seconds)
6.88/7.03	['substr', 'add', 'add']: UNSAT (0.074 seconds)
7.01/7.11	['substr', 'add', 'sub']: UNSAT (0.072 seconds)
7.14/7.18	['substr', 'sub', 'sub']: UNSAT (0.074 seconds)
7.18/7.26	['add', 'add', 'add']: UNSAT (0.064 seconds)
7.28/7.32	['add', 'add', 'sub']: UNSAT (0.064 seconds)
7.28/7.39	['add', 'sub', 'sub']: UNSAT (0.064 seconds)
7.38/7.45	['sub', 'sub', 'sub']: UNSAT (0.064 seconds)
7.48/7.51	['concat', 'concat', 'concat', 'concat']: UNSAT (101.656 seconds)
109.14/109.17	['concat', 'concat', 'concat', 'index']: UNSAT (0.103 seconds)
109.19/109.28	['concat', 'concat', 'concat', 'length']: UNSAT (0.090 seconds)
109.28/109.37	['concat', 'concat', 'concat', 'substr']: UNSAT (224.979 seconds)
334.28/334.35	['concat', 'concat', 'concat', 'add']: UNSAT (0.085 seconds)
334.38/334.43	['concat', 'concat', 'concat', 'sub']: UNSAT (0.086 seconds)
334.47/334.52	['concat', 'concat', 'index', 'index']: UNSAT (0.108 seconds)
334.57/334.63	['concat', 'concat', 'index', 'length']: UNSAT (0.087 seconds)
334.67/334.72	['concat', 'concat', 'index', 'substr']: UNSAT (72.833 seconds)
407.47/407.55	['concat', 'concat', 'index', 'add']: UNSAT (0.091 seconds)
407.57/407.64	['concat', 'concat', 'index', 'sub']: UNSAT (0.088 seconds)
407.67/407.73	['concat', 'concat', 'length', 'length']: UNSAT (0.073 seconds)
407.77/407.81	['concat', 'concat', 'length', 'substr']: UNSAT (7.421 seconds)
415.18/415.23	['concat', 'concat', 'length', 'add']: UNSAT (0.069 seconds)
415.28/415.30	['concat', 'concat', 'length', 'sub']: UNSAT (0.070 seconds)
415.28/415.37	['concat', 'concat', 'substr', 'substr']: UNSAT (3.608 seconds)
418.87/418.98	['concat', 'concat', 'substr', 'add']: UNSAT (2.546 seconds)
421.47/421.52	['concat', 'concat', 'substr', 'sub']: UNSAT (2.216 seconds)
423.67/423.74	['concat', 'concat', 'add', 'add']: UNSAT (0.083 seconds)
423.77/423.82	['concat', 'concat', 'add', 'sub']: UNSAT (0.086 seconds)
423.87/423.91	['concat', 'concat', 'sub', 'sub']: UNSAT (0.096 seconds)
423.87/424.01	['concat', 'index', 'index', 'index']: UNSAT (0.116 seconds)
424.00/424.12	['concat', 'index', 'index', 'length']: UNSAT (0.091 seconds)
424.17/424.22	['concat', 'index', 'index', 'substr']: UNSAT (2.721 seconds)
426.87/426.94	['concat', 'index', 'index', 'add']: UNSAT (0.103 seconds)
426.87/427.04	['concat', 'index', 'index', 'sub']: UNSAT (0.103 seconds)
427.00/427.15	['concat', 'index', 'length', 'length']: UNSAT (0.075 seconds)
427.17/427.22	['concat', 'index', 'length', 'substr']: UNSAT (0.600 seconds)
427.77/427.82	['concat', 'index', 'length', 'add']: UNSAT (0.080 seconds)
427.87/427.90	['concat', 'index', 'length', 'sub']: UNSAT (0.079 seconds)
427.87/427.98	['concat', 'index', 'substr', 'substr']: UNSAT (2.966 seconds)
430.87/430.95	['concat', 'index', 'substr', 'add']: UNSAT (0.578 seconds)
431.47/431.53	['concat', 'index', 'substr', 'sub']: UNSAT (0.731 seconds)
432.17/432.26	['concat', 'index', 'add', 'add']: UNSAT (0.087 seconds)
432.27/432.35	['concat', 'index', 'add', 'sub']: UNSAT (0.088 seconds)
432.37/432.44	['concat', 'index', 'sub', 'sub']: UNSAT (0.088 seconds)
432.47/432.53	['concat', 'length', 'length', 'length']: UNSAT (0.057 seconds)
432.47/432.59	['concat', 'length', 'length', 'substr']: UNSAT (0.133 seconds)
432.67/432.72	['concat', 'length', 'length', 'add']: UNSAT (0.060 seconds)
432.67/432.78	['concat', 'length', 'length', 'sub']: UNSAT (0.060 seconds)
432.77/432.84	['concat', 'length', 'substr', 'substr']: UNSAT (1.568 seconds)
434.37/434.41	['concat', 'length', 'substr', 'add']: UNSAT (0.454 seconds)
434.77/434.87	['concat', 'length', 'substr', 'sub']: UNSAT (0.460 seconds)
435.27/435.33	['concat', 'length', 'add', 'add']: UNSAT (0.069 seconds)
435.37/435.40	['concat', 'length', 'add', 'sub']: UNSAT (0.068 seconds)
435.37/435.47	['concat', 'length', 'sub', 'sub']: UNSAT (0.069 seconds)
435.47/435.54	['concat', 'substr', 'substr', 'substr']: UNSAT (0.627 seconds)
436.01/436.16	['concat', 'substr', 'substr', 'add']: UNSAT (0.407 seconds)
436.47/436.57	['concat', 'substr', 'substr', 'sub']: UNSAT (0.814 seconds)
437.27/437.39	['concat', 'substr', 'add', 'add']: UNSAT (0.349 seconds)
437.67/437.74	['concat', 'substr', 'add', 'sub']: UNSAT (0.371 seconds)
438.00/438.11	['concat', 'substr', 'sub', 'sub']: UNSAT (0.356 seconds)
438.37/438.47	['concat', 'add', 'add', 'add']: UNSAT (0.088 seconds)
438.47/438.56	['concat', 'add', 'add', 'sub']: UNSAT (0.084 seconds)
438.57/438.64	['concat', 'add', 'sub', 'sub']: UNSAT (0.082 seconds)
438.67/438.72	['concat', 'sub', 'sub', 'sub']: UNSAT (0.085 seconds)
438.77/438.81	['index', 'index', 'index', 'index']: UNSAT (0.122 seconds)
438.87/438.93	['index', 'index', 'index', 'length']: UNSAT (0.098 seconds)
438.87/439.03	['index', 'index', 'index', 'substr']: UNSAT (0.191 seconds)
439.17/439.22	['index', 'index', 'index', 'add']: UNSAT (0.110 seconds)
439.27/439.33	['index', 'index', 'index', 'sub']: UNSAT (0.110 seconds)
439.37/439.45	['index', 'index', 'length', 'length']: UNSAT (0.082 seconds)
439.47/439.53	['index', 'index', 'length', 'substr']: UNSAT (0.114 seconds)
439.57/439.64	['index', 'index', 'length', 'add']: UNSAT (0.086 seconds)
439.67/439.73	['index', 'index', 'length', 'sub']: UNSAT (0.086 seconds)
439.77/439.82	['index', 'index', 'substr', 'substr']: UNSAT (0.171 seconds)
439.87/439.99	['index', 'index', 'substr', 'add']: UNSAT (0.134 seconds)
440.00/440.12	['index', 'index', 'substr', 'sub']: UNSAT (0.128 seconds)
440.17/440.25	['index', 'index', 'add', 'add']: UNSAT (0.102 seconds)
440.27/440.36	['index', 'index', 'add', 'sub']: UNSAT (0.104 seconds)
440.37/440.46	['index', 'index', 'sub', 'sub']: UNSAT (0.103 seconds)
440.47/440.57	['index', 'length', 'length', 'length']: UNSAT (0.061 seconds)
440.57/440.63	['index', 'length', 'length', 'substr']: UNSAT (0.086 seconds)
440.67/440.72	['index', 'length', 'length', 'add']: UNSAT (0.067 seconds)
440.67/440.78	['index', 'length', 'length', 'sub']: UNSAT (0.068 seconds)
440.77/440.85	['index', 'length', 'substr', 'substr']: UNSAT (0.168 seconds)
440.87/441.02	['index', 'length', 'substr', 'add']: UNSAT (0.103 seconds)
441.00/441.12	['index', 'length', 'substr', 'sub']: UNSAT (0.105 seconds)
441.17/441.23	['index', 'length', 'add', 'add']: UNSAT (0.080 seconds)
441.27/441.31	['index', 'length', 'add', 'sub']: UNSAT (0.080 seconds)
441.27/441.39	['index', 'length', 'sub', 'sub']: UNSAT (0.080 seconds)
441.37/441.47	['index', 'substr', 'substr', 'substr']: UNSAT (0.364 seconds)
441.77/441.84	['index', 'substr', 'substr', 'add']: UNSAT (0.226 seconds)
442.00/442.07	['index', 'substr', 'substr', 'sub']: UNSAT (0.241 seconds)
442.27/442.31	['index', 'substr', 'add', 'add']: UNSAT (0.127 seconds)
442.37/442.44	['index', 'substr', 'add', 'sub']: UNSAT (0.133 seconds)
442.47/442.57	['index', 'substr', 'sub', 'sub']: UNSAT (0.145 seconds)
442.67/442.72	['index', 'add', 'add', 'add']: UNSAT (0.105 seconds)
442.77/442.82	['index', 'add', 'add', 'sub']: UNSAT (0.101 seconds)
442.87/442.92	['index', 'add', 'sub', 'sub']: UNSAT (0.100 seconds)
442.87/443.02	['index', 'sub', 'sub', 'sub']: UNSAT (0.103 seconds)
443.00/443.13	['length', 'length', 'length', 'length']: UNSAT (0.048 seconds)
443.14/443.18	['length', 'length', 'length', 'substr']: UNSAT (0.062 seconds)
443.17/443.24	['length', 'length', 'length', 'add']: UNSAT (0.053 seconds)
443.17/443.29	['length', 'length', 'length', 'sub']: UNSAT (0.051 seconds)
443.27/443.35	['length', 'length', 'substr', 'substr']: UNSAT (0.115 seconds)
443.37/443.46	['length', 'length', 'substr', 'add']: UNSAT (0.082 seconds)
443.47/443.54	['length', 'length', 'substr', 'sub']: UNSAT (0.083 seconds)
443.57/443.63	['length', 'length', 'add', 'add']: UNSAT (0.065 seconds)
443.57/443.69	['length', 'length', 'add', 'sub']: UNSAT (0.068 seconds)
443.67/443.76	['length', 'length', 'sub', 'sub']: UNSAT (0.066 seconds)
443.77/443.83	['length', 'substr', 'substr', 'substr']: UNSAT (0.200 seconds)
443.87/444.03	['length', 'substr', 'substr', 'add']: UNSAT (0.127 seconds)
444.00/444.16	['length', 'substr', 'substr', 'sub']: UNSAT (0.158 seconds)
444.27/444.32	['length', 'substr', 'add', 'add']: UNSAT (0.098 seconds)
444.37/444.42	['length', 'substr', 'add', 'sub']: UNSAT (0.095 seconds)
444.47/444.51	['length', 'substr', 'sub', 'sub']: UNSAT (0.096 seconds)
444.57/444.61	['length', 'add', 'add', 'add']: UNSAT (0.079 seconds)
444.57/444.69	['length', 'add', 'add', 'sub']: UNSAT (0.078 seconds)
444.67/444.77	['length', 'add', 'sub', 'sub']: UNSAT (0.078 seconds)
444.77/444.85	['length', 'sub', 'sub', 'sub']: UNSAT (0.079 seconds)
444.87/444.93	['substr', 'substr', 'substr', 'substr']: UNSAT (0.185 seconds)
445.00/445.11	['substr', 'substr', 'substr', 'add']: UNSAT (0.133 seconds)
445.17/445.25	['substr', 'substr', 'substr', 'sub']: UNSAT (0.136 seconds)
445.27/445.38	['substr', 'substr', 'add', 'add']: UNSAT (0.128 seconds)
445.47/445.51	['substr', 'substr', 'add', 'sub']: UNSAT (0.115 seconds)
445.57/445.63	['substr', 'substr', 'sub', 'sub']: UNSAT (0.117 seconds)
445.67/445.75	['substr', 'add', 'add', 'add']: UNSAT (0.110 seconds)
445.77/445.86	['substr', 'add', 'add', 'sub']: UNSAT (0.099 seconds)
445.87/445.96	['substr', 'add', 'sub', 'sub']: UNSAT (0.103 seconds)
446.00/446.06	['substr', 'sub', 'sub', 'sub']: UNSAT (0.103 seconds)
446.13/446.17	['add', 'add', 'add', 'add']: UNSAT (0.096 seconds)
446.17/446.26	['add', 'add', 'add', 'sub']: UNSAT (0.099 seconds)
446.27/446.36	['add', 'add', 'sub', 'sub']: UNSAT (0.097 seconds)
446.37/446.46	['add', 'sub', 'sub', 'sub']: UNSAT (0.094 seconds)
446.47/446.56	['sub', 'sub', 'sub', 'sub']: UNSAT (0.094 seconds)
446.57/446.65	['concat', 'concat', 'concat', 'concat', 'concat']: 