0.12/0.19	=== Examples (../../dataset/examples/examples-95.json)
0.12/0.19	IO(inputs=('no - he said',), output='Sprint: he said')
0.12/0.19	IO(inputs=('but but why - she said',), output='Sprint: she said')
0.12/0.19	IO(inputs=('well, because i say so - he said   ',), output='Sprint: he said   ')
0.12/0.19	=== Library
0.12/0.19	concat
0.12/0.19	index
0.12/0.19	length
0.12/0.19	substr
0.12/0.19	add
0.12/0.19	sub
0.12/0.19	=== Synthesis
0.12/0.19	['concat']: UNSAT (0.031 seconds)
0.12/0.22	['index']: UNSAT (0.030 seconds)
0.12/0.25	['length']: UNSAT (0.022 seconds)
0.12/0.27	['substr']: UNSAT (0.034 seconds)
0.25/0.31	['add']: UNSAT (0.026 seconds)
0.25/0.33	['sub']: UNSAT (0.026 seconds)
0.25/0.36	['concat', 'concat']: UNSAT (0.060 seconds)
0.35/0.42	['concat', 'index']: UNSAT (0.055 seconds)
0.45/0.48	['concat', 'length']: UNSAT (0.034 seconds)
0.45/0.51	['concat', 'substr']: UNSAT (0.091 seconds)
0.55/0.61	['concat', 'add']: UNSAT (0.033 seconds)
0.62/0.64	['concat', 'sub']: UNSAT (0.031 seconds)
0.62/0.67	['index', 'index']: UNSAT (0.043 seconds)
0.68/0.71	['index', 'length']: UNSAT (0.031 seconds)
0.68/0.75	['index', 'substr']: UNSAT (0.059 seconds)
0.78/0.81	['index', 'add']: UNSAT (0.037 seconds)
0.78/0.84	['index', 'sub']: UNSAT (0.039 seconds)
0.78/0.88	['length', 'length']: UNSAT (0.026 seconds)
0.88/0.91	['length', 'substr']: UNSAT (0.035 seconds)
0.88/0.95	['length', 'add']: UNSAT (0.028 seconds)
0.88/0.97	['length', 'sub']: UNSAT (0.028 seconds)
0.88/1.00	['substr', 'substr']: UNSAT (0.051 seconds)
1.01/1.05	['substr', 'add']: UNSAT (0.044 seconds)
1.01/1.10	['substr', 'sub']: UNSAT (0.042 seconds)
1.12/1.14	['add', 'add']: UNSAT (0.037 seconds)
1.12/1.18	['add', 'sub']: UNSAT (0.036 seconds)
1.18/1.22	['sub', 'sub']: UNSAT (0.034 seconds)
1.18/1.25	['concat', 'concat', 'concat']: UNSAT (0.196 seconds)
1.38/1.45	['concat', 'concat', 'index']: UNSAT (0.063 seconds)
1.48/1.51	['concat', 'concat', 'length']: UNSAT (0.049 seconds)
1.48/1.56	['concat', 'concat', 'substr']: UNSAT (0.263 seconds)
1.78/1.83	['concat', 'concat', 'add']: UNSAT (0.050 seconds)
1.78/1.88	['concat', 'concat', 'sub']: UNSAT (0.052 seconds)
1.88/1.93	['concat', 'index', 'index']: UNSAT (0.070 seconds)
1.88/2.00	['concat', 'index', 'length']: UNSAT (0.055 seconds)
2.01/2.06	['concat', 'index', 'substr']: UNSAT (0.715 seconds)
2.69/2.77	['concat', 'index', 'add']: UNSAT (0.056 seconds)
2.79/2.83	['concat', 'index', 'sub']: UNSAT (0.056 seconds)
2.79/2.88	['concat', 'length', 'length']: UNSAT (0.041 seconds)
2.89/2.93	['concat', 'length', 'substr']: UNSAT (0.086 seconds)
2.89/3.01	['concat', 'length', 'add']: UNSAT (0.048 seconds)
3.01/3.06	['concat', 'length', 'sub']: UNSAT (0.045 seconds)
3.01/3.11	['concat', 'substr', 'substr']: UNSAT (0.134 seconds)
3.18/3.24	['concat', 'substr', 'add']: UNSAT (0.087 seconds)
3.28/3.33	['concat', 'substr', 'sub']: UNSAT (0.077 seconds)
3.38/3.41	['concat', 'add', 'add']: UNSAT (0.049 seconds)
3.38/3.46	['concat', 'add', 'sub']: UNSAT (0.050 seconds)
3.48/3.51	['concat', 'sub', 'sub']: UNSAT (0.052 seconds)
3.48/3.56	['index', 'index', 'index']: UNSAT (0.072 seconds)
3.58/3.64	['index', 'index', 'length']: UNSAT (0.057 seconds)
3.58/3.69	['index', 'index', 'substr']: UNSAT (0.087 seconds)
3.68/3.78	['index', 'index', 'add']: UNSAT (0.064 seconds)
3.78/3.85	['index', 'index', 'sub']: UNSAT (0.063 seconds)
3.88/3.91	['index', 'length', 'length']: UNSAT (0.043 seconds)
3.88/3.95	['index', 'length', 'substr']: UNSAT (0.068 seconds)
3.88/4.02	['index', 'length', 'add']: UNSAT (0.080 seconds)
4.01/4.10	['index', 'length', 'sub']: UNSAT (0.066 seconds)
4.13/4.17	['index', 'substr', 'substr']: UNSAT (0.225 seconds)
4.28/4.40	['index', 'substr', 'add']: UNSAT (0.101 seconds)
4.48/4.50	['index', 'substr', 'sub']: UNSAT (0.102 seconds)
4.58/4.60	['index', 'add', 'add']: UNSAT (0.072 seconds)
4.58/4.67	['index', 'add', 'sub']: UNSAT (0.057 seconds)
4.68/4.73	['index', 'sub', 'sub']: UNSAT (0.061 seconds)
4.68/4.79	['length', 'length', 'length']: UNSAT (0.030 seconds)
4.78/4.82	['length', 'length', 'substr']: UNSAT (0.046 seconds)
4.78/4.87	['length', 'length', 'add']: UNSAT (0.034 seconds)
4.88/4.91	['length', 'length', 'sub']: UNSAT (0.036 seconds)
4.88/4.94	['length', 'substr', 'substr']: UNSAT (0.096 seconds)
5.02/5.04	['length', 'substr', 'add']: UNSAT (0.055 seconds)
5.02/5.09	['length', 'substr', 'sub']: UNSAT (0.053 seconds)
5.13/5.15	['length', 'add', 'add']: UNSAT (0.044 seconds)
5.13/5.19	['length', 'add', 'sub']: UNSAT (0.043 seconds)
5.18/5.24	['length', 'sub', 'sub']: UNSAT (0.046 seconds)
5.18/5.28	['substr', 'substr', 'substr']: UNSAT (0.101 seconds)
5.28/5.39	['substr', 'substr', 'add']: UNSAT (0.069 seconds)
5.38/5.46	['substr', 'substr', 'sub']: UNSAT (0.079 seconds)
5.48/5.54	['substr', 'add', 'add']: UNSAT (0.073 seconds)
5.58/5.61	['substr', 'add', 'sub']: UNSAT (0.063 seconds)
5.58/5.67	['substr', 'sub', 'sub']: UNSAT (0.062 seconds)
5.68/5.74	['add', 'add', 'add']: UNSAT (0.054 seconds)
5.68/5.79	['add', 'add', 'sub']: UNSAT (0.057 seconds)
5.78/5.85	['add', 'sub', 'sub']: UNSAT (0.056 seconds)
5.88/5.90	['sub', 'sub', 'sub']: UNSAT (0.055 seconds)
5.88/5.96	['concat', 'concat', 'concat', 'concat']: UNSAT (0.435 seconds)
6.39/6.40	['concat', 'concat', 'concat', 'index']: UNSAT (0.094 seconds)
6.39/6.49	['concat', 'concat', 'concat', 'length']: UNSAT (0.077 seconds)
6.49/6.57	['concat', 'concat', 'concat', 'substr']: 