0.13/0.20	=== Examples (../../dataset/examples/examples-71.json)
0.13/0.20	IO(inputs=('take seven',), output='take se')
0.13/0.20	IO(inputs=(' and then trim it',), output='and th')
0.13/0.20	IO(inputs=('1234567 ',), output='1234567')
0.13/0.20	=== Library
0.13/0.20	concat
0.13/0.20	index
0.13/0.20	length
0.13/0.20	substr
0.13/0.20	add
0.13/0.20	sub
0.13/0.20	=== Synthesis
0.13/0.20	['concat']: UNSAT (0.032 seconds)
0.13/0.23	['index']: UNSAT (0.031 seconds)
0.13/0.26	['length']: UNSAT (0.021 seconds)
0.13/0.29	['substr']: UNSAT (0.034 seconds)
0.30/0.32	['add']: UNSAT (0.026 seconds)
0.30/0.35	['sub']: UNSAT (0.027 seconds)
0.30/0.38	['concat', 'concat']: UNSAT (0.057 seconds)
0.38/0.43	['concat', 'index']: UNSAT (0.057 seconds)
0.47/0.49	['concat', 'length']: UNSAT (0.042 seconds)
0.47/0.53	['concat', 'substr']: UNSAT (0.101 seconds)
0.60/0.64	['concat', 'add']: UNSAT (0.035 seconds)
0.60/0.67	['concat', 'sub']: UNSAT (0.033 seconds)
0.69/0.71	['index', 'index']: UNSAT (0.048 seconds)
0.69/0.76	['index', 'length']: UNSAT (0.034 seconds)
0.69/0.79	['index', 'substr']: UNSAT (0.125 seconds)
0.89/0.92	['index', 'add']: UNSAT (0.041 seconds)
0.89/0.96	['index', 'sub']: UNSAT (0.040 seconds)
0.89/1.00	['length', 'length']: UNSAT (0.024 seconds)
0.89/1.02	['length', 'substr']: UNSAT (0.040 seconds)
1.03/1.06	['length', 'add']: UNSAT (0.027 seconds)
1.03/1.09	['length', 'sub']: UNSAT (0.028 seconds)
1.03/1.12	['substr', 'substr']: UNSAT (0.049 seconds)
1.13/1.17	['substr', 'add']: UNSAT (0.044 seconds)
1.19/1.21	['substr', 'sub']: UNSAT (0.044 seconds)
1.19/1.26	['add', 'add']: UNSAT (0.037 seconds)
1.19/1.30	['add', 'sub']: UNSAT (0.039 seconds)
1.29/1.34	['sub', 'sub']: UNSAT (0.038 seconds)
1.29/1.37	['concat', 'concat', 'concat']: UNSAT (0.160 seconds)
1.49/1.53	['concat', 'concat', 'index']: UNSAT (0.068 seconds)
1.59/1.60	['concat', 'concat', 'length']: UNSAT (0.054 seconds)
1.59/1.66	['concat', 'concat', 'substr']: UNSAT (0.251 seconds)
1.88/1.91	['concat', 'concat', 'add']: UNSAT (0.054 seconds)
1.88/1.97	['concat', 'concat', 'sub']: UNSAT (0.053 seconds)
1.88/2.02	['concat', 'index', 'index']: UNSAT (0.074 seconds)
2.03/2.09	['concat', 'index', 'length']: UNSAT (0.058 seconds)
2.13/2.15	['concat', 'index', 'substr']: UNSAT (1.368 seconds)
3.49/3.52	['concat', 'index', 'add']: UNSAT (0.065 seconds)
3.49/3.59	['concat', 'index', 'sub']: UNSAT (0.062 seconds)
3.59/3.65	['concat', 'length', 'length']: UNSAT (0.043 seconds)
3.59/3.69	['concat', 'length', 'substr']: UNSAT (0.106 seconds)
3.78/3.80	['concat', 'length', 'add']: UNSAT (0.046 seconds)
3.78/3.85	['concat', 'length', 'sub']: UNSAT (0.044 seconds)
3.78/3.89	['concat', 'substr', 'substr']: UNSAT (0.177 seconds)
4.03/4.07	['concat', 'substr', 'add']: UNSAT (0.138 seconds)
4.18/4.21	['concat', 'substr', 'sub']: UNSAT (0.106 seconds)
4.29/4.32	['concat', 'add', 'add']: UNSAT (0.075 seconds)
4.29/4.39	['concat', 'add', 'sub']: UNSAT (0.082 seconds)
4.39/4.48	['concat', 'sub', 'sub']: UNSAT (0.084 seconds)
4.48/4.56	['index', 'index', 'index']: UNSAT (0.102 seconds)
4.58/4.67	['index', 'index', 'length']: UNSAT (0.080 seconds)
4.69/4.75	['index', 'index', 'substr']: UNSAT (0.473 seconds)
5.19/5.22	['index', 'index', 'add']: UNSAT (0.071 seconds)
5.19/5.29	['index', 'index', 'sub']: UNSAT (0.071 seconds)
5.29/5.36	['index', 'length', 'length']: UNSAT (0.048 seconds)
5.39/5.41	['index', 'length', 'substr']: UNSAT (0.203 seconds)
5.59/5.62	['index', 'length', 'add']: UNSAT (0.054 seconds)
5.59/5.67	['index', 'length', 'sub']: UNSAT (0.053 seconds)
5.69/5.72	['index', 'substr', 'substr']: UNSAT (0.486 seconds)
6.18/6.21	['index', 'substr', 'add']: UNSAT (1.320 seconds)
7.49/7.53	['index', 'substr', 'sub']: UNSAT (0.367 seconds)
7.88/7.90	['index', 'add', 'add']: UNSAT (0.067 seconds)
7.88/7.97	['index', 'add', 'sub']: UNSAT (0.069 seconds)
7.88/8.04	['index', 'sub', 'sub']: UNSAT (0.066 seconds)
8.03/8.11	['length', 'length', 'length']: UNSAT (0.034 seconds)
8.03/8.14	['length', 'length', 'substr']: UNSAT (0.055 seconds)
8.18/8.20	['length', 'length', 'add']: UNSAT (0.039 seconds)
8.18/8.24	['length', 'length', 'sub']: UNSAT (0.039 seconds)
8.18/8.28	['length', 'substr', 'substr']: UNSAT (0.127 seconds)
8.38/8.40	['length', 'substr', 'add']: UNSAT (0.077 seconds)
8.38/8.48	['length', 'substr', 'sub']: UNSAT (0.084 seconds)
8.49/8.57	['length', 'add', 'add']: UNSAT (0.053 seconds)
8.58/8.62	['length', 'add', 'sub']: UNSAT (0.081 seconds)
8.68/8.70	['length', 'sub', 'sub']: UNSAT (0.065 seconds)
8.68/8.77	['substr', 'substr', 'substr']: UNSAT (0.140 seconds)
8.88/8.91	['substr', 'substr', 'add']: UNSAT (0.111 seconds)
8.88/9.02	['substr', 'substr', 'sub']: UNSAT (0.119 seconds)
9.13/9.14	['substr', 'add', 'add']: UNSAT (0.098 seconds)
9.18/9.24	['substr', 'add', 'sub']: UNSAT (0.092 seconds)
9.28/9.33	['substr', 'sub', 'sub']: UNSAT (0.090 seconds)
9.38/9.42	['add', 'add', 'add']: UNSAT (0.065 seconds)
9.38/9.49	['add', 'add', 'sub']: UNSAT (0.063 seconds)
9.49/9.55	['add', 'sub', 'sub']: UNSAT (0.064 seconds)
9.58/9.62	['sub', 'sub', 'sub']: UNSAT (0.064 seconds)
9.58/9.68	['concat', 'concat', 'concat', 'concat']: UNSAT (0.350 seconds)
9.88/10.03	['concat', 'concat', 'concat', 'index']: UNSAT (0.105 seconds)
10.13/10.14	['concat', 'concat', 'concat', 'length']: UNSAT (0.085 seconds)
10.18/10.23	['concat', 'concat', 'concat', 'substr']: UNSAT (5.171 seconds)
15.38/15.40	['concat', 'concat', 'concat', 'add']: UNSAT (0.082 seconds)
15.38/15.48	['concat', 'concat', 'concat', 'sub']: UNSAT (0.081 seconds)
15.49/15.56	['concat', 'concat', 'index', 'index']: UNSAT (0.106 seconds)
15.58/15.67	['concat', 'concat', 'index', 'length']: UNSAT (0.088 seconds)
15.68/15.76	['concat', 'concat', 'index', 'substr']: UNSAT (26.422 seconds)
42.14/42.18	['concat', 'concat', 'index', 'add']: UNSAT (0.089 seconds)
42.19/42.27	['concat', 'concat', 'index', 'sub']: UNSAT (0.087 seconds)
42.29/42.36	['concat', 'concat', 'length', 'length']: UNSAT (0.070 seconds)
42.39/42.43	['concat', 'concat', 'length', 'substr']: UNSAT (1.261 seconds)
43.59/43.69	['concat', 'concat', 'length', 'add']: UNSAT (0.072 seconds)
43.69/43.77	['concat', 'concat', 'length', 'sub']: UNSAT (0.072 seconds)
43.79/43.84	['concat', 'concat', 'substr', 'substr']: UNSAT (1.956 seconds)
45.79/45.80	['concat', 'concat', 'substr', 'add']: UNSAT (0.753 seconds)
46.49/46.55	['concat', 'concat', 'substr', 'sub']: UNSAT (0.365 seconds)
46.89/46.92	['concat', 'concat', 'add', 'add']: UNSAT (0.077 seconds)
46.89/47.00	['concat', 'concat', 'add', 'sub']: UNSAT (0.076 seconds)
47.03/47.07	['concat', 'concat', 'sub', 'sub']: UNSAT (0.089 seconds)
47.12/47.16	['concat', 'index', 'index', 'index']: UNSAT (0.109 seconds)
47.18/47.27	['concat', 'index', 'index', 'length']: UNSAT (0.091 seconds)
47.28/47.36	['concat', 'index', 'index', 'substr']: UNKNOWN (315.016 seconds)
362.28/362.38	Reason: smt tactic failed to show goal to be sat/unsat max-conflicts-reached
362.28/362.38	Reason: smt tactic failed to show goal to be sat/unsat max-conflicts-reached
362.28/362.38	['concat', 'index', 'index', 'add']: UNSAT (0.098 seconds)
362.38/362.48	['concat', 'index', 'index', 'sub']: UNSAT (0.099 seconds)
362.48/362.58	['concat', 'index', 'length', 'length']: UNSAT (0.074 seconds)
362.58/362.65	['concat', 'index', 'length', 'substr']: UNSAT (2.783 seconds)
365.38/365.44	['concat', 'index', 'length', 'add']: UNSAT (0.080 seconds)
365.48/365.52	['concat', 'index', 'length', 'sub']: UNSAT (0.081 seconds)
365.58/365.60	['concat', 'index', 'substr', 'substr']: UNSAT (10.180 seconds)
375.68/375.78	['concat', 'index', 'substr', 'add']: UNSAT (6.115 seconds)
381.88/381.90	['concat', 'index', 'substr', 'sub']: UNSAT (14.367 seconds)
396.17/396.27	['concat', 'index', 'add', 'add']: UNSAT (0.091 seconds)
396.27/396.36	['concat', 'index', 'add', 'sub']: UNSAT (0.091 seconds)
396.38/396.45	['concat', 'index', 'sub', 'sub']: UNSAT (0.091 seconds)
396.48/396.54	['concat', 'length', 'length', 'length']: UNSAT (0.061 seconds)
396.58/396.60	['concat', 'length', 'length', 'substr']: UNSAT (0.201 seconds)
396.78/396.81	['concat', 'length', 'length', 'add']: UNSAT (0.060 seconds)
396.78/396.87	['concat', 'length', 'length', 'sub']: UNSAT (0.063 seconds)
396.88/396.93	['concat', 'length', 'substr', 'substr']: UNSAT (1.960 seconds)
398.78/398.89	['concat', 'length', 'substr', 'add']: UNSAT (0.366 seconds)
399.18/399.26	['concat', 'length', 'substr', 'sub']: UNSAT (0.355 seconds)
399.58/399.62	['concat', 'length', 'add', 'add']: UNSAT (0.071 seconds)
399.58/399.69	['concat', 'length', 'add', 'sub']: UNSAT (0.069 seconds)
399.68/399.76	['concat', 'length', 'sub', 'sub']: UNSAT (0.070 seconds)
399.78/399.83	['concat', 'substr', 'substr', 'substr']: UNSAT (0.667 seconds)
400.48/400.50	['concat', 'substr', 'substr', 'add']: UNSAT (0.832 seconds)
401.28/401.33	['concat', 'substr', 'substr', 'sub']: UNSAT (0.647 seconds)
401.87/401.98	['concat', 'substr', 'add', 'add']: UNSAT (0.411 seconds)
402.27/402.39	['concat', 'substr', 'add', 'sub']: UNSAT (0.302 seconds)
402.57/402.69	['concat', 'substr', 'sub', 'sub']: UNSAT (0.328 seconds)
402.87/403.02	['concat', 'add', 'add', 'add']: UNSAT (0.082 seconds)
403.01/403.10	['concat', 'add', 'add', 'sub']: UNSAT (0.081 seconds)
403.11/403.19	['concat', 'add', 'sub', 'sub']: UNSAT (0.081 seconds)
403.18/403.27	['concat', 'sub', 'sub', 'sub']: UNSAT (0.082 seconds)
403.28/403.35	['index', 'index', 'index', 'index']: UNSAT (0.120 seconds)
403.37/403.47	['index', 'index', 'index', 'length']: UNSAT (0.102 seconds)
403.48/403.58	['index', 'index', 'index', 'substr']: UNSAT (1.350 seconds)
404.88/404.93	['index', 'index', 'index', 'add']: UNSAT (0.110 seconds)
404.88/405.04	['index', 'index', 'index', 'sub']: UNSAT (0.110 seconds)
405.02/405.15	['index', 'index', 'length', 'length']: UNSAT (0.079 seconds)
405.18/405.23	['index', 'index', 'length', 'substr']: UNSAT (5.461 seconds)
410.58/410.69	['index', 'index', 'length', 'add']: UNSAT (0.089 seconds)
410.68/410.78	['index', 'index', 'length', 'sub']: UNSAT (0.088 seconds)
410.78/410.87	['index', 'index', 'substr', 'substr']: UNSAT (22.388 seconds)
433.18/433.26	['index', 'index', 'substr', 'add']: UNSAT (3.616 seconds)
436.77/436.87	['index', 'index', 'substr', 'sub']: UNSAT (7.720 seconds)
444.47/444.60	['index', 'index', 'add', 'add']: UNSAT (0.107 seconds)
444.68/444.70	['index', 'index', 'add', 'sub']: UNSAT (0.103 seconds)
444.78/444.81	['index', 'index', 'sub', 'sub']: UNSAT (0.104 seconds)
444.88/444.91	['index', 'length', 'length', 'length']: UNSAT (0.062 seconds)
444.88/444.97	['index', 'length', 'length', 'substr']: UNSAT (0.246 seconds)
445.18/445.22	['index', 'length', 'length', 'add']: UNSAT (0.069 seconds)
445.18/445.29	['index', 'length', 'length', 'sub']: UNSAT (0.069 seconds)
445.28/445.36	['index', 'length', 'substr', 'substr']: UNSAT (3.813 seconds)
449.12/449.18	['index', 'length', 'substr', 'add']: UNSAT (0.856 seconds)
449.88/450.03	['index', 'length', 'substr', 'sub']: UNSAT (2.843 seconds)
452.77/452.88	['index', 'length', 'add', 'add']: UNSAT (0.082 seconds)
452.87/452.96	['index', 'length', 'add', 'sub']: UNSAT (0.082 seconds)
453.02/453.04	['index', 'length', 'sub', 'sub']: UNSAT (0.082 seconds)
453.02/453.13	['index', 'substr', 'substr', 'substr']: UNSAT (2.641 seconds)
455.67/455.77	['index', 'substr', 'substr', 'add']: UNSAT (2.451 seconds)
458.17/458.22	['index', 'substr', 'substr', 'sub']: UNSAT (10.622 seconds)
468.77/468.84	['index', 'substr', 'add', 'add']: UNSAT (1.865 seconds)
470.68/470.71	['index', 'substr', 'add', 'sub']: UNSAT (0.749 seconds)
471.37/471.46	['index', 'substr', 'sub', 'sub']: 