0.11/0.19	=== Examples (../../dataset/examples/examples-57.json)
0.11/0.19	IO(inputs=('what are you doing? (sorry) yup?',), output='what are you doing? (sorry)')
0.11/0.19	IO(inputs=('did you want that? (hmm..) cmon',), output='did you want that? (hmm..)')
0.11/0.19	IO(inputs=('maybe with sub? (oh i see) im tired',), output='maybe with sub? (oh i see)')
0.11/0.19	=== Library
0.11/0.19	concat
0.11/0.19	index
0.11/0.19	length
0.11/0.19	substr
0.11/0.19	add
0.11/0.19	sub
0.11/0.19	=== Synthesis
0.11/0.19	['concat']: UNSAT (0.031 seconds)
0.11/0.23	['index']: UNSAT (0.030 seconds)
0.11/0.26	['length']: UNSAT (0.021 seconds)
0.25/0.28	['substr']: UNSAT (0.034 seconds)
0.25/0.31	['add']: UNSAT (0.026 seconds)
0.25/0.34	['sub']: UNSAT (0.026 seconds)
0.35/0.37	['concat', 'concat']: UNSAT (0.058 seconds)
0.35/0.42	['concat', 'index']: UNSAT (0.055 seconds)
0.43/0.48	['concat', 'length']: UNSAT (0.039 seconds)
0.43/0.52	['concat', 'substr']: UNSAT (0.221 seconds)
0.69/0.74	['concat', 'add']: UNSAT (0.030 seconds)
0.69/0.77	['concat', 'sub']: UNSAT (0.030 seconds)
0.79/0.80	['index', 'index']: UNSAT (0.041 seconds)
0.79/0.85	['index', 'length']: UNSAT (0.030 seconds)
0.79/0.88	['index', 'substr']: UNKNOWN (81.221 seconds)
82.00/82.10	Reason: smt tactic failed to show goal to be sat/unsat max-conflicts-reached
82.00/82.10	Reason: smt tactic failed to show goal to be sat/unsat max-conflicts-reached
82.00/82.10	['index', 'add']: UNSAT (0.039 seconds)
82.13/82.14	['index', 'sub']: UNSAT (0.038 seconds)
82.13/82.18	['length', 'length']: UNSAT (0.022 seconds)
82.18/82.20	['length', 'substr']: UNSAT (0.039 seconds)
82.18/82.24	['length', 'add']: UNSAT (0.026 seconds)
82.18/82.27	['length', 'sub']: UNSAT (0.026 seconds)
82.18/82.29	['substr', 'substr']: UNSAT (0.050 seconds)
82.28/82.34	['substr', 'add']: UNSAT (0.044 seconds)
82.28/82.39	['substr', 'sub']: UNSAT (0.043 seconds)
82.38/82.43	['add', 'add']: UNSAT (0.037 seconds)
82.38/82.47	['add', 'sub']: UNSAT (0.038 seconds)
82.48/82.51	['sub', 'sub']: UNSAT (0.037 seconds)
82.48/82.55	['concat', 'concat', 'concat']: UNSAT (0.253 seconds)
82.78/82.80	['concat', 'concat', 'index']: UNSAT (0.065 seconds)
82.78/82.87	['concat', 'concat', 'length']: UNSAT (0.051 seconds)
82.88/82.92	['concat', 'concat', 'substr']: UNSAT (0.295 seconds)
83.18/83.21	['concat', 'concat', 'add']: UNSAT (0.050 seconds)
83.18/83.27	['concat', 'concat', 'sub']: UNSAT (0.051 seconds)
83.28/83.32	['concat', 'index', 'index']: UNSAT (0.068 seconds)
83.28/83.39	['concat', 'index', 'length']: UNSAT (0.052 seconds)
83.38/83.44	['concat', 'index', 'substr']: SAT (0.826 seconds)
84.18/84.27	concat(substr(arg0, 0, index(arg0, ')', 0)), ')')
