0.12/0.20	=== Examples (../../dataset/examples/examples-83.json)
0.12/0.20	IO(inputs=('george', 'conchichina xy'), output='george At:conchichina')
0.12/0.20	IO(inputs=('maebe', 'terra de sao nunca a tarde ab'), output='maebe At:terra de sao nunca a tarde')
0.12/0.20	IO(inputs=('michael', 'cacar gambozinos 12'), output='michael At:cacar gambozinos')
0.12/0.20	=== Library
0.12/0.20	concat
0.12/0.20	index
0.12/0.20	length
0.12/0.20	substr
0.12/0.20	add
0.12/0.20	sub
0.12/0.20	=== Synthesis
0.12/0.20	['concat']: UNSAT (0.034 seconds)
0.12/0.23	['index']: UNSAT (0.052 seconds)
0.25/0.28	['length']: UNSAT (0.025 seconds)
0.25/0.31	['substr']: UNSAT (0.036 seconds)
0.25/0.35	['add']: UNSAT (0.030 seconds)
0.34/0.38	['sub']: UNSAT (0.028 seconds)
0.34/0.41	['concat', 'concat']: UNSAT (0.070 seconds)
0.44/0.48	['concat', 'index']: UNSAT (0.062 seconds)
0.44/0.54	['concat', 'length']: UNSAT (0.047 seconds)
0.53/0.59	['concat', 'substr']: UNSAT (0.067 seconds)
0.62/0.66	['concat', 'add']: UNSAT (0.052 seconds)
0.68/0.71	['concat', 'sub']: UNSAT (0.049 seconds)
0.68/0.76	['index', 'index']: UNSAT (0.055 seconds)
0.78/0.82	['index', 'length']: UNSAT (0.036 seconds)
0.78/0.85	['index', 'substr']: UNSAT (0.051 seconds)
0.88/0.90	['index', 'add']: UNSAT (0.045 seconds)
0.88/0.95	['index', 'sub']: UNSAT (0.044 seconds)
0.88/1.00	['length', 'length']: UNSAT (0.026 seconds)
0.88/1.02	['length', 'substr']: UNSAT (0.041 seconds)
1.01/1.06	['length', 'add']: UNSAT (0.028 seconds)
1.01/1.09	['length', 'sub']: UNSAT (0.032 seconds)
1.01/1.13	['substr', 'substr']: UNSAT (0.050 seconds)
1.13/1.18	['substr', 'add']: UNSAT (0.046 seconds)
1.18/1.22	['substr', 'sub']: UNSAT (0.043 seconds)
1.18/1.27	['add', 'add']: UNSAT (0.038 seconds)
1.28/1.31	['add', 'sub']: UNSAT (0.040 seconds)
1.28/1.35	['sub', 'sub']: UNSAT (0.037 seconds)
1.28/1.39	['concat', 'concat', 'concat']: UNSAT (1.249 seconds)
2.59/2.64	['concat', 'concat', 'index']: UNSAT (0.075 seconds)
2.69/2.71	['concat', 'concat', 'length']: UNSAT (0.055 seconds)
2.69/2.77	['concat', 'concat', 'substr']: UNSAT (0.477 seconds)
3.19/3.25	['concat', 'concat', 'add']: UNSAT (0.059 seconds)
3.29/3.31	['concat', 'concat', 'sub']: UNSAT (0.059 seconds)
3.29/3.37	['concat', 'index', 'index']: UNSAT (0.079 seconds)
3.39/3.45	['concat', 'index', 'length']: UNSAT (0.063 seconds)
3.49/3.51	['concat', 'index', 'substr']: UNSAT (0.464 seconds)
3.89/3.98	['concat', 'index', 'add']: UNSAT (0.066 seconds)
4.02/4.04	['concat', 'index', 'sub']: UNSAT (0.064 seconds)
4.02/4.11	['concat', 'length', 'length']: UNSAT (0.043 seconds)
4.13/4.15	['concat', 'length', 'substr']: UNSAT (0.094 seconds)
4.19/4.25	['concat', 'length', 'add']: UNSAT (0.050 seconds)
4.29/4.30	['concat', 'length', 'sub']: UNSAT (0.049 seconds)
4.29/4.35	['concat', 'substr', 'substr']: UNSAT (0.114 seconds)
4.39/4.46	['concat', 'substr', 'add']: UNSAT (0.076 seconds)
4.49/4.54	['concat', 'substr', 'sub']: UNSAT (0.078 seconds)
4.59/4.62	['concat', 'add', 'add']: UNSAT (0.056 seconds)
4.59/4.68	['concat', 'add', 'sub']: UNSAT (0.058 seconds)
4.69/4.74	['concat', 'sub', 'sub']: UNSAT (0.054 seconds)
4.69/4.79	['index', 'index', 'index']: UNSAT (0.089 seconds)
4.79/4.88	['index', 'index', 'length']: UNSAT (0.071 seconds)
4.89/4.95	['index', 'index', 'substr']: UNSAT (0.126 seconds)
5.02/5.08	['index', 'index', 'add']: UNSAT (0.075 seconds)
5.13/5.16	['index', 'index', 'sub']: UNSAT (0.075 seconds)
5.19/5.23	['index', 'length', 'length']: UNSAT (0.049 seconds)
5.19/5.28	['index', 'length', 'substr']: UNSAT (0.072 seconds)
5.29/5.35	['index', 'length', 'add']: UNSAT (0.053 seconds)
5.39/5.41	['index', 'length', 'sub']: UNSAT (0.055 seconds)
5.39/5.46	['index', 'substr', 'substr']: UNSAT (0.120 seconds)
5.49/5.59	['index', 'substr', 'add']: UNSAT (0.093 seconds)
5.59/5.68	['index', 'substr', 'sub']: UNSAT (0.091 seconds)
5.69/5.77	['index', 'add', 'add']: UNSAT (0.069 seconds)
5.79/5.84	['index', 'add', 'sub']: UNSAT (0.075 seconds)
5.89/5.92	['index', 'sub', 'sub']: UNSAT (0.072 seconds)
5.89/5.99	['length', 'length', 'length']: UNSAT (0.037 seconds)
5.89/6.03	['length', 'length', 'substr']: UNSAT (0.056 seconds)
6.02/6.09	['length', 'length', 'add']: UNSAT (0.045 seconds)
6.02/6.13	['length', 'length', 'sub']: UNSAT (0.041 seconds)
6.13/6.17	['length', 'substr', 'substr']: UNSAT (0.080 seconds)
6.19/6.25	['length', 'substr', 'add']: UNSAT (0.064 seconds)
6.29/6.32	['length', 'substr', 'sub']: UNSAT (0.061 seconds)
6.29/6.38	['length', 'add', 'add']: UNSAT (0.052 seconds)
6.39/6.43	['length', 'add', 'sub']: UNSAT (0.051 seconds)
6.39/6.49	['length', 'sub', 'sub']: UNSAT (0.052 seconds)
6.49/6.54	['substr', 'substr', 'substr']: UNSAT (0.092 seconds)
6.59/6.63	['substr', 'substr', 'add']: UNSAT (0.080 seconds)
6.69/6.71	['substr', 'substr', 'sub']: UNSAT (0.079 seconds)
6.69/6.79	['substr', 'add', 'add']: UNSAT (0.070 seconds)
6.79/6.86	['substr', 'add', 'sub']: UNSAT (0.075 seconds)
6.89/6.94	['substr', 'sub', 'sub']: UNSAT (0.073 seconds)
6.89/7.02	['add', 'add', 'add']: UNSAT (0.068 seconds)
7.01/7.08	['add', 'add', 'sub']: UNSAT (0.067 seconds)
7.13/7.15	['add', 'sub', 'sub']: UNSAT (0.068 seconds)
7.19/7.22	['sub', 'sub', 'sub']: UNSAT (0.068 seconds)
7.19/7.29	['concat', 'concat', 'concat', 'concat']: UNSAT (119.135 seconds)
126.38/126.43	['concat', 'concat', 'concat', 'index']: UNSAT (0.104 seconds)
126.48/126.53	['concat', 'concat', 'concat', 'length']: UNSAT (0.091 seconds)
126.58/126.62	['concat', 'concat', 'concat', 'substr']: UNSAT (139.406 seconds)
265.88/266.03	['concat', 'concat', 'concat', 'add']: UNSAT (0.096 seconds)
266.00/266.13	['concat', 'concat', 'concat', 'sub']: UNSAT (0.098 seconds)
266.18/266.23	['concat', 'concat', 'index', 'index']: UNSAT (0.122 seconds)
266.28/266.35	['concat', 'concat', 'index', 'length']: UNSAT (0.099 seconds)
266.37/266.45	['concat', 'concat', 'index', 'substr']: UNSAT (15.196 seconds)
281.57/281.65	['concat', 'concat', 'index', 'add']: UNSAT (0.113 seconds)
281.69/281.76	['concat', 'concat', 'index', 'sub']: UNSAT (0.098 seconds)
281.77/281.86	['concat', 'concat', 'length', 'length']: UNSAT (0.076 seconds)
281.87/281.94	['concat', 'concat', 'length', 'substr']: UNSAT (3.857 seconds)
285.69/285.79	['concat', 'concat', 'length', 'add']: UNSAT (0.075 seconds)
285.77/285.87	['concat', 'concat', 'length', 'sub']: UNSAT (0.079 seconds)
285.87/285.95	['concat', 'concat', 'substr', 'substr']: UNSAT (1.574 seconds)
287.47/287.53	['concat', 'concat', 'substr', 'add']: UNSAT (1.414 seconds)
288.87/288.94	['concat', 'concat', 'substr', 'sub']: UNSAT (1.411 seconds)
290.27/290.35	['concat', 'concat', 'add', 'add']: UNSAT (0.085 seconds)
290.37/290.44	['concat', 'concat', 'add', 'sub']: UNSAT (0.088 seconds)
290.47/290.53	['concat', 'concat', 'sub', 'sub']: UNSAT (0.089 seconds)
290.57/290.62	['concat', 'index', 'index', 'index']: UNSAT (0.124 seconds)
290.69/290.74	['concat', 'index', 'index', 'length']: UNSAT (0.100 seconds)
290.77/290.84	['concat', 'index', 'index', 'substr']: UNSAT (1.624 seconds)
292.37/292.47	['concat', 'index', 'index', 'add']: UNSAT (0.115 seconds)
292.47/292.59	['concat', 'index', 'index', 'sub']: UNSAT (0.108 seconds)
292.57/292.69	['concat', 'index', 'length', 'length']: UNSAT (0.083 seconds)
292.69/292.78	['concat', 'index', 'length', 'substr']: UNSAT (0.530 seconds)
293.27/293.31	['concat', 'index', 'length', 'add']: UNSAT (0.085 seconds)
293.27/293.40	['concat', 'index', 'length', 'sub']: UNSAT (0.086 seconds)
293.37/293.48	['concat', 'index', 'substr', 'substr']: UNSAT (1.320 seconds)
294.77/294.80	['concat', 'index', 'substr', 'add']: UNSAT (0.697 seconds)
295.47/295.50	['concat', 'index', 'substr', 'sub']: UNSAT (0.860 seconds)
296.27/296.36	['concat', 'index', 'add', 'add']: UNSAT (0.097 seconds)
296.37/296.46	['concat', 'index', 'add', 'sub']: UNSAT (0.098 seconds)
296.47/296.56	['concat', 'index', 'sub', 'sub']: UNSAT (0.101 seconds)
296.57/296.66	['concat', 'length', 'length', 'length']: UNSAT (0.069 seconds)
296.69/296.73	['concat', 'length', 'length', 'substr']: UNSAT (0.145 seconds)
296.77/296.88	['concat', 'length', 'length', 'add']: UNSAT (0.068 seconds)
296.87/296.95	['concat', 'length', 'length', 'sub']: UNSAT (0.074 seconds)
296.87/297.02	['concat', 'length', 'substr', 'substr']: UNSAT (0.425 seconds)
297.37/297.45	['concat', 'length', 'substr', 'add']: UNSAT (0.175 seconds)
297.57/297.62	['concat', 'length', 'substr', 'sub']: UNSAT (0.204 seconds)
297.77/297.83	['concat', 'length', 'add', 'add']: UNSAT (0.078 seconds)
297.87/297.91	['concat', 'length', 'add', 'sub']: UNSAT (0.078 seconds)
297.87/297.99	['concat', 'length', 'sub', 'sub']: UNSAT (0.078 seconds)
298.00/298.07	['concat', 'substr', 'substr', 'substr']: UNSAT (0.306 seconds)
298.27/298.37	['concat', 'substr', 'substr', 'add']: UNSAT (0.153 seconds)
298.47/298.53	['concat', 'substr', 'substr', 'sub']: UNSAT (0.163 seconds)
298.57/298.69	['concat', 'substr', 'add', 'add']: UNSAT (0.108 seconds)
298.77/298.80	['concat', 'substr', 'add', 'sub']: UNSAT (0.105 seconds)
298.87/298.91	['concat', 'substr', 'sub', 'sub']: UNSAT (0.104 seconds)
298.87/299.01	['concat', 'add', 'add', 'add']: UNSAT (0.092 seconds)
299.00/299.11	['concat', 'add', 'add', 'sub']: UNSAT (0.091 seconds)
299.17/299.20	['concat', 'add', 'sub', 'sub']: UNSAT (0.091 seconds)
299.17/299.29	['concat', 'sub', 'sub', 'sub']: UNSAT (0.091 seconds)
299.27/299.38	['index', 'index', 'index', 'index']: UNSAT (0.134 seconds)
299.47/299.52	['index', 'index', 'index', 'length']: UNSAT (0.113 seconds)
299.57/299.63	['index', 'index', 'index', 'substr']: UNSAT (0.171 seconds)
299.77/299.80	['index', 'index', 'index', 'add']: UNSAT (0.121 seconds)
299.87/299.93	['index', 'index', 'index', 'sub']: UNSAT (0.124 seconds)
299.99/300.05	['index', 'index', 'length', 'length']: UNSAT (0.087 seconds)
300.11/300.14	['index', 'index', 'length', 'substr']: UNSAT (0.125 seconds)
300.17/300.27	['index', 'index', 'length', 'add']: UNSAT (0.096 seconds)
300.27/300.36	['index', 'index', 'length', 'sub']: UNSAT (0.094 seconds)
300.37/300.46	['index', 'index', 'substr', 'substr']: UNSAT (0.217 seconds)
300.57/300.68	['index', 'index', 'substr', 'add']: UNSAT (0.159 seconds)
300.77/300.84	['index', 'index', 'substr', 'sub']: UNSAT (0.138 seconds)
300.87/300.97	['index', 'index', 'add', 'add']: UNSAT (0.114 seconds)
301.00/301.09	['index', 'index', 'add', 'sub']: UNSAT (0.110 seconds)
301.17/301.20	['index', 'index', 'sub', 'sub']: UNSAT (0.115 seconds)
301.27/301.32	['index', 'length', 'length', 'length']: UNSAT (0.069 seconds)
301.27/301.39	['index', 'length', 'length', 'substr']: UNSAT (0.099 seconds)
301.37/301.49	['index', 'length', 'length', 'add']: UNSAT (0.078 seconds)
301.47/301.57	['index', 'length', 'length', 'sub']: UNSAT (0.076 seconds)
301.57/301.64	['index', 'length', 'substr', 'substr']: UNSAT (0.162 seconds)
301.77/301.81	['index', 'length', 'substr', 'add']: UNSAT (0.111 seconds)
301.87/301.92	['index', 'length', 'substr', 'sub']: UNSAT (0.109 seconds)
301.99/302.03	['index', 'length', 'add', 'add']: UNSAT (0.087 seconds)
301.99/302.12	['index', 'length', 'add', 'sub']: UNSAT (0.089 seconds)
302.17/302.21	['index', 'length', 'sub', 'sub']: UNSAT (0.090 seconds)
302.27/302.30	['index', 'substr', 'substr', 'substr']: UNSAT (0.255 seconds)
302.47/302.55	['index', 'substr', 'substr', 'add']: UNSAT (0.258 seconds)
302.77/302.81	['index', 'substr', 'substr', 'sub']: UNSAT (0.172 seconds)
302.87/302.99	['index', 'substr', 'add', 'add']: UNSAT (0.140 seconds)
303.00/303.13	['index', 'substr', 'add', 'sub']: UNSAT (0.144 seconds)
303.17/303.27	['index', 'substr', 'sub', 'sub']: UNSAT (0.133 seconds)
303.37/303.41	['index', 'add', 'add', 'add']: UNSAT (0.111 seconds)
303.47/303.52	['index', 'add', 'add', 'sub']: UNSAT (0.116 seconds)
303.57/303.63	['index', 'add', 'sub', 'sub']: UNSAT (0.113 seconds)
303.69/303.75	['index', 'sub', 'sub', 'sub']: UNSAT (0.115 seconds)
303.77/303.87	['length', 'length', 'length', 'length']: UNSAT (0.050 seconds)
303.87/303.92	['length', 'length', 'length', 'substr']: UNSAT (0.065 seconds)
303.87/303.98	['length', 'length', 'length', 'add']: UNSAT (0.058 seconds)
304.00/304.04	['length', 'length', 'length', 'sub']: UNSAT (0.055 seconds)
304.00/304.10	['length', 'length', 'substr', 'substr']: UNSAT (0.144 seconds)
304.17/304.24	['length', 'length', 'substr', 'add']: UNSAT (0.085 seconds)
304.27/304.33	['length', 'length', 'substr', 'sub']: UNSAT (0.088 seconds)
304.37/304.42	['length', 'length', 'add', 'add']: UNSAT (0.067 seconds)
304.37/304.49	['length', 'length', 'add', 'sub']: UNSAT (0.067 seconds)
304.47/304.55	['length', 'length', 'sub', 'sub']: UNSAT (0.067 seconds)
304.57/304.62	['length', 'substr', 'substr', 'substr']: UNSAT (0.153 seconds)
304.69/304.78	['length', 'substr', 'substr', 'add']: UNSAT (0.123 seconds)
304.87/304.90	['length', 'substr', 'substr', 'sub']: UNSAT (0.113 seconds)
304.87/305.02	['length', 'substr', 'add', 'add']: UNSAT (0.092 seconds)
305.00/305.11	['length', 'substr', 'add', 'sub']: UNSAT (0.092 seconds)
305.17/305.20	['length', 'substr', 'sub', 'sub']: UNSAT (0.095 seconds)
305.27/305.30	['length', 'add', 'add', 'add']: UNSAT (0.082 seconds)
305.27/305.38	['length', 'add', 'add', 'sub']: UNSAT (0.080 seconds)
305.37/305.46	['length', 'add', 'sub', 'sub']: UNSAT (0.081 seconds)
305.47/305.54	['length', 'sub', 'sub', 'sub']: UNSAT (0.081 seconds)
305.57/305.63	['substr', 'substr', 'substr', 'substr']: UNSAT (0.142 seconds)
305.69/305.77	['substr', 'substr', 'substr', 'add']: UNSAT (0.129 seconds)
305.87/305.90	['substr', 'substr', 'substr', 'sub']: UNSAT (0.133 seconds)
305.87/306.03	['substr', 'substr', 'add', 'add']: UNSAT (0.116 seconds)
306.12/306.15	['substr', 'substr', 'add', 'sub']: UNSAT (0.116 seconds)
306.17/306.27	['substr', 'substr', 'sub', 'sub']: UNSAT (0.113 seconds)
306.27/306.38	['substr', 'add', 'add', 'add']: UNSAT (0.106 seconds)
306.37/306.49	['substr', 'add', 'add', 'sub']: UNSAT (0.106 seconds)
306.57/306.60	['substr', 'add', 'sub', 'sub']: UNSAT (0.105 seconds)
306.57/306.70	['substr', 'sub', 'sub', 'sub']: UNSAT (0.107 seconds)
306.77/306.81	['add', 'add', 'add', 'add']: UNSAT (0.106 seconds)
306.87/306.92	['add', 'add', 'add', 'sub']: UNSAT (0.103 seconds)
306.87/307.02	['add', 'add', 'sub', 'sub']: UNSAT (0.098 seconds)
307.00/307.12	['add', 'sub', 'sub', 'sub']: UNSAT (0.105 seconds)
307.17/307.23	['sub', 'sub', 'sub', 'sub']: UNSAT (0.103 seconds)
307.27/307.33	['concat', 'concat', 'concat', 'concat', 'concat']: UNKNOWN (270.142 seconds)
577.36/577.47	Reason: smt tactic failed to show goal to be sat/unsat max-conflicts-reached
577.36/577.47	Reason: smt tactic failed to show goal to be sat/unsat max-conflicts-reached
577.36/577.47	['concat', 'concat', 'concat', 'concat', 'index']: UNSAT (0.158 seconds)
577.56/577.63	['concat', 'concat', 'concat', 'concat', 'length']: UNSAT (0.141 seconds)
577.68/577.78	['concat', 'concat', 'concat', 'concat', 'substr']: 