0.11/0.20	=== Examples (../../dataset/examples/examples-41.json)
0.11/0.20	IO(inputs=('who knows  ',), output='Prefix who knows')
0.11/0.20	IO(inputs=("  we'll see",), output="Prefix we'll see")
0.11/0.20	IO(inputs=('  oh come on  ',), output='Prefix oh come on')
0.11/0.20	=== Library
0.11/0.20	concat
0.11/0.20	index
0.11/0.20	length
0.11/0.20	substr
0.11/0.20	add
0.11/0.20	sub
0.11/0.20	=== Synthesis
0.11/0.20	['concat']: UNSAT (0.031 seconds)
0.11/0.23	['index']: UNSAT (0.031 seconds)
0.11/0.26	['length']: UNSAT (0.021 seconds)
0.25/0.28	['substr']: UNSAT (0.033 seconds)
0.25/0.32	['add']: UNSAT (0.026 seconds)
0.25/0.35	['sub']: UNSAT (0.026 seconds)
0.25/0.37	['concat', 'concat']: UNSAT (0.105 seconds)
0.44/0.48	['concat', 'index']: UNSAT (0.054 seconds)
0.44/0.53	['concat', 'length']: UNSAT (0.039 seconds)
0.54/0.57	['concat', 'substr']: UNSAT (0.103 seconds)
0.62/0.68	['concat', 'add']: UNSAT (0.036 seconds)
0.69/0.71	['concat', 'sub']: UNSAT (0.035 seconds)
0.69/0.75	['index', 'index']: UNSAT (0.048 seconds)
0.79/0.80	['index', 'length']: UNSAT (0.035 seconds)
0.79/0.83	['index', 'substr']: UNSAT (0.049 seconds)
0.79/0.88	['index', 'add']: UNSAT (0.041 seconds)
0.89/0.92	['index', 'sub']: UNSAT (0.041 seconds)
0.89/0.97	['length', 'length']: UNSAT (0.028 seconds)
0.89/1.00	['length', 'substr']: UNSAT (0.040 seconds)
0.89/1.04	['length', 'add']: UNSAT (0.030 seconds)
1.01/1.07	['length', 'sub']: UNSAT (0.028 seconds)
1.01/1.10	['substr', 'substr']: UNSAT (0.051 seconds)
1.01/1.15	['substr', 'add']: UNSAT (0.044 seconds)
1.15/1.19	['substr', 'sub']: UNSAT (0.045 seconds)
1.19/1.24	['add', 'add']: UNSAT (0.038 seconds)
1.19/1.28	['add', 'sub']: UNSAT (0.041 seconds)
1.29/1.32	['sub', 'sub']: UNSAT (0.040 seconds)
1.29/1.36	['concat', 'concat', 'concat']: UNSAT (0.893 seconds)
2.19/2.25	['concat', 'concat', 'index']: UNSAT (0.069 seconds)
2.29/2.32	['concat', 'concat', 'length']: UNSAT (0.056 seconds)
2.29/2.38	['concat', 'concat', 'substr']: UNSAT (0.558 seconds)
2.89/2.94	['concat', 'concat', 'add']: UNSAT (0.057 seconds)
2.89/3.00	['concat', 'concat', 'sub']: UNSAT (0.058 seconds)
2.89/3.05	['concat', 'index', 'index']: UNSAT (0.075 seconds)
3.01/3.13	['concat', 'index', 'length']: UNSAT (0.060 seconds)
3.16/3.19	['concat', 'index', 'substr']: UNSAT (0.289 seconds)
3.39/3.48	['concat', 'index', 'add']: UNSAT (0.062 seconds)
3.49/3.54	['concat', 'index', 'sub']: UNSAT (0.063 seconds)
3.59/3.61	['concat', 'length', 'length']: UNSAT (0.046 seconds)
3.59/3.65	['concat', 'length', 'substr']: UNSAT (0.095 seconds)
3.69/3.75	['concat', 'length', 'add']: UNSAT (0.050 seconds)
3.79/3.80	['concat', 'length', 'sub']: UNSAT (0.048 seconds)
3.79/3.85	['concat', 'substr', 'substr']: UNSAT (0.160 seconds)
3.89/4.01	['concat', 'substr', 'add']: UNSAT (0.104 seconds)
4.01/4.11	['concat', 'substr', 'sub']: UNSAT (0.118 seconds)
4.19/4.23	['concat', 'add', 'add']: UNSAT (0.054 seconds)
4.19/4.29	['concat', 'add', 'sub']: UNSAT (0.055 seconds)
4.29/4.34	['concat', 'sub', 'sub']: UNSAT (0.055 seconds)
4.39/4.40	['index', 'index', 'index']: UNSAT (0.079 seconds)
4.39/4.48	['index', 'index', 'length']: UNSAT (0.064 seconds)
4.49/4.55	['index', 'index', 'substr']: UNSAT (0.091 seconds)
4.59/4.64	['index', 'index', 'add']: UNSAT (0.071 seconds)
4.69/4.71	['index', 'index', 'sub']: UNSAT (0.070 seconds)
4.69/4.78	['index', 'length', 'length']: UNSAT (0.047 seconds)
4.79/4.83	['index', 'length', 'substr']: UNSAT (0.068 seconds)
4.89/4.90	['index', 'length', 'add']: UNSAT (0.053 seconds)
4.89/4.95	['index', 'length', 'sub']: UNSAT (0.053 seconds)
4.89/5.00	['index', 'substr', 'substr']: UNSAT (0.119 seconds)
5.01/5.12	['index', 'substr', 'add']: UNSAT (0.117 seconds)
5.19/5.24	['index', 'substr', 'sub']: UNSAT (0.083 seconds)
5.29/5.33	['index', 'add', 'add']: UNSAT (0.066 seconds)
5.29/5.39	['index', 'add', 'sub']: UNSAT (0.066 seconds)
5.39/5.46	['index', 'sub', 'sub']: UNSAT (0.066 seconds)
5.49/5.53	['length', 'length', 'length']: UNSAT (0.034 seconds)
5.49/5.56	['length', 'length', 'substr']: UNSAT (0.049 seconds)
5.59/5.61	['length', 'length', 'add']: UNSAT (0.042 seconds)
5.59/5.66	['length', 'length', 'sub']: UNSAT (0.040 seconds)
5.69/5.70	['length', 'substr', 'substr']: UNSAT (0.077 seconds)
5.69/5.77	['length', 'substr', 'add']: UNSAT (0.060 seconds)
5.79/5.84	['length', 'substr', 'sub']: UNSAT (0.060 seconds)
5.79/5.90	['length', 'add', 'add']: UNSAT (0.050 seconds)
5.89/5.95	['length', 'add', 'sub']: UNSAT (0.049 seconds)
5.89/6.00	['length', 'sub', 'sub']: UNSAT (0.052 seconds)
5.89/6.05	['substr', 'substr', 'substr']: UNSAT (0.099 seconds)
6.01/6.15	['substr', 'substr', 'add']: UNSAT (0.080 seconds)
6.19/6.23	['substr', 'substr', 'sub']: UNSAT (0.081 seconds)
6.29/6.31	['substr', 'add', 'add']: UNSAT (0.074 seconds)
6.29/6.39	['substr', 'add', 'sub']: UNSAT (0.071 seconds)
6.39/6.46	['substr', 'sub', 'sub']: UNSAT (0.071 seconds)
6.49/6.53	['add', 'add', 'add']: UNSAT (0.067 seconds)
6.59/6.60	['add', 'add', 'sub']: UNSAT (0.067 seconds)
6.59/6.67	['add', 'sub', 'sub']: UNSAT (0.064 seconds)
6.69/6.73	['sub', 'sub', 'sub']: UNSAT (0.064 seconds)
6.79/6.80	['concat', 'concat', 'concat', 'concat']: UNSAT (89.820 seconds)
96.59/96.62	['concat', 'concat', 'concat', 'index']: UNSAT (0.103 seconds)
96.68/96.72	['concat', 'concat', 'concat', 'length']: UNSAT (0.082 seconds)
96.78/96.81	['concat', 'concat', 'concat', 'substr']: UNSAT (195.344 seconds)
292.09/292.15	['concat', 'concat', 'concat', 'add']: UNSAT (0.086 seconds)
292.21/292.24	['concat', 'concat', 'concat', 'sub']: UNSAT (0.088 seconds)
292.28/292.33	['concat', 'concat', 'index', 'index']: UNSAT (0.113 seconds)
292.38/292.44	['concat', 'concat', 'index', 'length']: UNSAT (0.094 seconds)
292.48/292.54	['concat', 'concat', 'index', 'substr']: UNSAT (21.460 seconds)
313.98/314.00	['concat', 'concat', 'index', 'add']: UNSAT (0.095 seconds)
313.98/314.09	['concat', 'concat', 'index', 'sub']: UNSAT (0.090 seconds)
314.09/314.18	['concat', 'concat', 'length', 'length']: UNSAT (0.071 seconds)
314.21/314.26	['concat', 'concat', 'length', 'substr']: UNSAT (3.769 seconds)
317.98/318.03	['concat', 'concat', 'length', 'add']: UNSAT (0.073 seconds)
317.98/318.10	['concat', 'concat', 'length', 'sub']: UNSAT (0.071 seconds)
318.09/318.17	['concat', 'concat', 'substr', 'substr']: UNSAT (2.226 seconds)
320.38/320.40	['concat', 'concat', 'substr', 'add']: UNSAT (1.795 seconds)
322.09/322.19	['concat', 'concat', 'substr', 'sub']: UNSAT (0.822 seconds)
322.98/323.02	['concat', 'concat', 'add', 'add']: UNSAT (0.079 seconds)
322.98/323.10	['concat', 'concat', 'add', 'sub']: UNSAT (0.079 seconds)
323.10/323.18	['concat', 'concat', 'sub', 'sub']: UNSAT (0.095 seconds)
323.22/323.27	['concat', 'index', 'index', 'index']: UNSAT (0.113 seconds)
323.28/323.39	['concat', 'index', 'index', 'length']: UNSAT (0.092 seconds)
323.38/323.48	['concat', 'index', 'index', 'substr']: UNSAT (1.742 seconds)
325.09/325.22	['concat', 'index', 'index', 'add']: UNSAT (0.098 seconds)
325.28/325.32	['concat', 'index', 'index', 'sub']: UNSAT (0.099 seconds)
325.38/325.42	['concat', 'index', 'length', 'length']: UNSAT (0.076 seconds)
325.48/325.50	['concat', 'index', 'length', 'substr']: UNSAT (0.646 seconds)
326.09/326.15	['concat', 'index', 'length', 'add']: UNSAT (0.079 seconds)
326.21/326.23	['concat', 'index', 'length', 'sub']: UNSAT (0.078 seconds)
326.28/326.31	['concat', 'index', 'substr', 'substr']: UNSAT (1.986 seconds)
328.21/328.29	['concat', 'index', 'substr', 'add']: UNSAT (0.753 seconds)
328.98/329.05	['concat', 'index', 'substr', 'sub']: UNSAT (0.858 seconds)
329.88/329.91	['concat', 'index', 'add', 'add']: UNSAT (0.090 seconds)
329.98/330.00	['concat', 'index', 'add', 'sub']: UNSAT (0.089 seconds)
329.98/330.09	['concat', 'index', 'sub', 'sub']: UNSAT (0.089 seconds)
330.09/330.18	['concat', 'length', 'length', 'length']: UNSAT (0.058 seconds)
330.21/330.23	['concat', 'length', 'length', 'substr']: UNSAT (0.134 seconds)
330.28/330.37	['concat', 'length', 'length', 'add']: UNSAT (0.061 seconds)
330.38/330.43	['concat', 'length', 'length', 'sub']: UNSAT (0.061 seconds)
330.38/330.49	['concat', 'length', 'substr', 'substr']: UNSAT (0.992 seconds)
331.38/331.49	['concat', 'length', 'substr', 'add']: UNSAT (0.323 seconds)
331.78/331.81	['concat', 'length', 'substr', 'sub']: UNSAT (0.365 seconds)
332.09/332.18	['concat', 'length', 'add', 'add']: UNSAT (0.070 seconds)
332.21/332.25	['concat', 'length', 'add', 'sub']: UNSAT (0.137 seconds)
332.28/332.39	['concat', 'length', 'sub', 'sub']: UNSAT (0.070 seconds)
332.38/332.46	['concat', 'substr', 'substr', 'substr']: UNSAT (0.645 seconds)
332.98/333.10	['concat', 'substr', 'substr', 'add']: UNSAT (0.545 seconds)
333.58/333.65	['concat', 'substr', 'substr', 'sub']: UNSAT (0.700 seconds)
334.28/334.35	['concat', 'substr', 'add', 'add']: UNSAT (0.385 seconds)
334.68/334.74	['concat', 'substr', 'add', 'sub']: UNSAT (0.314 seconds)
334.98/335.05	['concat', 'substr', 'sub', 'sub']: UNSAT (0.237 seconds)
335.21/335.29	['concat', 'add', 'add', 'add']: UNSAT (0.086 seconds)
335.28/335.38	['concat', 'add', 'add', 'sub']: UNSAT (0.084 seconds)
335.38/335.46	['concat', 'add', 'sub', 'sub']: UNSAT (0.088 seconds)
335.48/335.55	['concat', 'sub', 'sub', 'sub']: UNSAT (0.086 seconds)
335.58/335.64	['index', 'index', 'index', 'index']: UNSAT (0.124 seconds)
335.68/335.76	['index', 'index', 'index', 'length']: UNSAT (0.100 seconds)
335.78/335.86	['index', 'index', 'index', 'substr']: UNSAT (0.326 seconds)
336.09/336.19	['index', 'index', 'index', 'add']: UNSAT (0.106 seconds)
336.28/336.30	['index', 'index', 'index', 'sub']: UNSAT (0.105 seconds)
336.38/336.40	['index', 'index', 'length', 'length']: UNSAT (0.077 seconds)
336.38/336.48	['index', 'index', 'length', 'substr']: UNSAT (0.110 seconds)
336.48/336.59	['index', 'index', 'length', 'add']: UNSAT (0.084 seconds)
336.58/336.68	['index', 'index', 'length', 'sub']: UNSAT (0.084 seconds)
336.68/336.76	['index', 'index', 'substr', 'substr']: UNSAT (0.170 seconds)
336.88/336.93	['index', 'index', 'substr', 'add']: UNSAT (0.129 seconds)
336.98/337.06	['index', 'index', 'substr', 'sub']: UNSAT (0.122 seconds)
337.09/337.19	['index', 'index', 'add', 'add']: UNSAT (0.099 seconds)
337.21/337.29	['index', 'index', 'add', 'sub']: UNSAT (0.098 seconds)
337.28/337.38	['index', 'index', 'sub', 'sub']: UNSAT (0.100 seconds)
337.38/337.48	['index', 'length', 'length', 'length']: UNSAT (0.060 seconds)
337.48/337.55	['index', 'length', 'length', 'substr']: UNSAT (0.090 seconds)
337.58/337.64	['index', 'length', 'length', 'add']: UNSAT (0.068 seconds)
337.68/337.71	['index', 'length', 'length', 'sub']: UNSAT (0.065 seconds)
337.68/337.77	['index', 'length', 'substr', 'substr']: UNSAT (0.160 seconds)
337.88/337.93	['index', 'length', 'substr', 'add']: UNSAT (0.096 seconds)
337.98/338.03	['index', 'length', 'substr', 'sub']: UNSAT (0.097 seconds)
338.09/338.13	['index', 'length', 'add', 'add']: UNSAT (0.079 seconds)
338.09/338.21	['index', 'length', 'add', 'sub']: UNSAT (0.078 seconds)
338.21/338.29	['index', 'length', 'sub', 'sub']: UNSAT (0.079 seconds)
338.28/338.37	['index', 'substr', 'substr', 'substr']: UNSAT (0.236 seconds)
338.58/338.60	['index', 'substr', 'substr', 'add']: UNSAT (0.189 seconds)
338.68/338.79	['index', 'substr', 'substr', 'sub']: UNSAT (0.166 seconds)
338.88/338.96	['index', 'substr', 'add', 'add']: UNSAT (0.120 seconds)
338.98/339.08	['index', 'substr', 'add', 'sub']: UNSAT (0.128 seconds)
339.10/339.21	['index', 'substr', 'sub', 'sub']: UNSAT (0.129 seconds)
339.28/339.34	['index', 'add', 'add', 'add']: UNSAT (0.103 seconds)
339.38/339.44	['index', 'add', 'add', 'sub']: UNSAT (0.099 seconds)
339.48/339.54	['index', 'add', 'sub', 'sub']: UNSAT (0.100 seconds)
339.58/339.64	['index', 'sub', 'sub', 'sub']: UNSAT (0.105 seconds)
339.68/339.75	['length', 'length', 'length', 'length']: UNSAT (0.046 seconds)
339.78/339.80	['length', 'length', 'length', 'substr']: UNSAT (0.061 seconds)
339.78/339.86	['length', 'length', 'length', 'add']: UNSAT (0.053 seconds)
339.88/339.91	['length', 'length', 'length', 'sub']: UNSAT (0.050 seconds)
339.88/339.96	['length', 'length', 'substr', 'substr']: UNSAT (0.118 seconds)
339.98/340.08	['length', 'length', 'substr', 'add']: UNSAT (0.079 seconds)
340.09/340.16	['length', 'length', 'substr', 'sub']: UNSAT (0.078 seconds)
340.21/340.24	['length', 'length', 'add', 'add']: UNSAT (0.060 seconds)
340.28/340.30	['length', 'length', 'add', 'sub']: UNSAT (0.061 seconds)
340.28/340.36	['length', 'length', 'sub', 'sub']: UNSAT (0.061 seconds)
340.38/340.43	['length', 'substr', 'substr', 'substr']: UNSAT (0.199 seconds)
340.58/340.63	['length', 'substr', 'substr', 'add']: UNSAT (0.115 seconds)
340.68/340.74	['length', 'substr', 'substr', 'sub']: UNSAT (0.120 seconds)
340.78/340.86	['length', 'substr', 'add', 'add']: UNSAT (0.091 seconds)
340.88/340.95	['length', 'substr', 'add', 'sub']: UNSAT (0.091 seconds)
340.98/341.05	['length', 'substr', 'sub', 'sub']: UNSAT (0.097 seconds)
341.10/341.14	['length', 'add', 'add', 'add']: UNSAT (0.077 seconds)
341.10/341.22	['length', 'add', 'add', 'sub']: UNSAT (0.078 seconds)
341.28/341.30	['length', 'add', 'sub', 'sub']: UNSAT (0.077 seconds)
341.28/341.38	['length', 'sub', 'sub', 'sub']: UNSAT (0.076 seconds)
341.38/341.46	['substr', 'substr', 'substr', 'substr']: UNSAT (0.177 seconds)
341.58/341.63	['substr', 'substr', 'substr', 'add']: UNSAT (0.127 seconds)
341.68/341.76	['substr', 'substr', 'substr', 'sub']: UNSAT (0.127 seconds)
341.78/341.89	['substr', 'substr', 'add', 'add']: UNSAT (0.120 seconds)
341.98/342.01	['substr', 'substr', 'add', 'sub']: UNSAT (0.107 seconds)
341.98/342.12	['substr', 'substr', 'sub', 'sub']: UNSAT (0.113 seconds)
342.21/342.23	['substr', 'add', 'add', 'add']: UNSAT (0.107 seconds)
342.28/342.34	['substr', 'add', 'add', 'sub']: UNSAT (0.098 seconds)
342.38/342.44	['substr', 'add', 'sub', 'sub']: UNSAT (0.097 seconds)
342.48/342.54	['substr', 'sub', 'sub', 'sub']: UNSAT (0.100 seconds)
342.58/342.64	['add', 'add', 'add', 'add']: UNSAT (0.093 seconds)
342.68/342.73	['add', 'add', 'add', 'sub']: UNSAT (0.097 seconds)
342.78/342.83	['add', 'add', 'sub', 'sub']: UNSAT (0.097 seconds)
342.88/342.93	['add', 'sub', 'sub', 'sub']: UNSAT (0.092 seconds)
342.98/343.02	['sub', 'sub', 'sub', 'sub']: UNSAT (0.091 seconds)
342.98/343.11	['concat', 'concat', 'concat', 'concat', 'concat']: 