0.13/0.20	=== Examples (../../dataset/examples/examples-91.json)
0.13/0.20	IO(inputs=('George',), output='george')
0.13/0.20	IO(inputs=('Maebe',), output='maebe')
0.13/0.20	IO(inputs=('Michael',), output='michael')
0.13/0.20	=== Library
0.13/0.20	concat
0.13/0.20	index
0.13/0.20	length
0.13/0.20	substr
0.13/0.20	add
0.13/0.20	sub
0.13/0.20	=== Synthesis
0.13/0.20	['concat']: UNSAT (0.031 seconds)
0.13/0.23	['index']: UNSAT (0.031 seconds)
0.13/0.27	['length']: UNSAT (0.022 seconds)
0.26/0.29	['substr']: UNSAT (0.033 seconds)
0.26/0.32	['add']: UNSAT (0.027 seconds)
0.26/0.35	['sub']: UNSAT (0.028 seconds)
0.35/0.38	['concat', 'concat']: UNSAT (0.056 seconds)
0.35/0.44	['concat', 'index']: UNSAT (0.055 seconds)
0.48/0.49	['concat', 'length']: UNSAT (0.041 seconds)
0.48/0.53	['concat', 'substr']: UNSAT (0.081 seconds)
0.57/0.62	['concat', 'add']: UNSAT (0.035 seconds)
0.62/0.65	['concat', 'sub']: UNSAT (0.033 seconds)
0.62/0.68	['index', 'index']: UNSAT (0.048 seconds)
0.69/0.73	['index', 'length']: UNSAT (0.033 seconds)
0.69/0.77	['index', 'substr']: UNSAT (0.049 seconds)
0.79/0.82	['index', 'add']: UNSAT (0.040 seconds)
0.79/0.86	['index', 'sub']: UNSAT (0.041 seconds)
0.89/0.90	['length', 'length']: UNSAT (0.024 seconds)
0.89/0.92	['length', 'substr']: UNSAT (0.043 seconds)
0.89/0.97	['length', 'add']: UNSAT (0.037 seconds)
0.89/1.01	['length', 'sub']: UNSAT (0.029 seconds)
1.02/1.04	['substr', 'substr']: UNSAT (0.048 seconds)
1.02/1.09	['substr', 'add']: UNSAT (0.043 seconds)
1.02/1.13	['substr', 'sub']: UNSAT (0.042 seconds)
1.13/1.17	['add', 'add']: UNSAT (0.037 seconds)
1.19/1.21	['add', 'sub']: UNSAT (0.037 seconds)
1.19/1.25	['sub', 'sub']: UNSAT (0.036 seconds)
1.19/1.28	['concat', 'concat', 'concat']: UNSAT (0.133 seconds)
1.39/1.42	['concat', 'concat', 'index']: UNSAT (0.068 seconds)
1.39/1.49	['concat', 'concat', 'length']: UNSAT (0.057 seconds)
1.49/1.54	['concat', 'concat', 'substr']: UNSAT (1.364 seconds)
2.88/2.91	['concat', 'concat', 'add']: UNSAT (0.054 seconds)
2.88/2.96	['concat', 'concat', 'sub']: UNSAT (0.053 seconds)
2.88/3.02	['concat', 'index', 'index']: UNSAT (0.073 seconds)
3.02/3.09	['concat', 'index', 'length']: UNSAT (0.058 seconds)
3.13/3.15	['concat', 'index', 'substr']: UNSAT (0.771 seconds)
3.89/3.92	['concat', 'index', 'add']: UNSAT (0.060 seconds)
3.89/3.98	['concat', 'index', 'sub']: UNSAT (0.075 seconds)
4.03/4.06	['concat', 'length', 'length']: UNSAT (0.043 seconds)
4.03/4.10	['concat', 'length', 'substr']: UNSAT (0.285 seconds)
4.29/4.39	['concat', 'length', 'add']: UNSAT (0.046 seconds)
4.39/4.44	['concat', 'length', 'sub']: UNSAT (0.045 seconds)
4.39/4.48	['concat', 'substr', 'substr']: UNSAT (0.150 seconds)
4.60/4.63	['concat', 'substr', 'add']: UNSAT (0.184 seconds)
4.79/4.82	['concat', 'substr', 'sub']: UNSAT (0.096 seconds)
4.89/4.91	['concat', 'add', 'add']: UNSAT (0.053 seconds)
4.89/4.97	['concat', 'add', 'sub']: UNSAT (0.053 seconds)
4.89/5.02	['concat', 'sub', 'sub']: UNSAT (0.054 seconds)
5.03/5.08	['index', 'index', 'index']: UNSAT (0.079 seconds)
5.13/5.16	['index', 'index', 'length']: UNSAT (0.061 seconds)
5.19/5.22	['index', 'index', 'substr']: UNSAT (0.088 seconds)
5.29/5.31	['index', 'index', 'add']: UNSAT (0.069 seconds)
5.29/5.38	['index', 'index', 'sub']: UNSAT (0.068 seconds)
5.39/5.45	['index', 'length', 'length']: UNSAT (0.047 seconds)
5.39/5.49	['index', 'length', 'substr']: UNSAT (0.074 seconds)
5.49/5.57	['index', 'length', 'add']: UNSAT (0.067 seconds)
5.60/5.64	['index', 'length', 'sub']: UNSAT (0.054 seconds)
5.60/5.69	['index', 'substr', 'substr']: UNSAT (0.118 seconds)
5.79/5.81	['index', 'substr', 'add']: UNSAT (0.089 seconds)
5.89/5.90	['index', 'substr', 'sub']: UNSAT (0.079 seconds)
5.89/5.98	['index', 'add', 'add']: UNSAT (0.066 seconds)
6.03/6.05	['index', 'add', 'sub']: UNSAT (0.128 seconds)
6.13/6.18	['index', 'sub', 'sub']: UNSAT (0.087 seconds)
6.19/6.26	['length', 'length', 'length']: UNSAT (0.044 seconds)
6.29/6.31	['length', 'length', 'substr']: UNSAT (0.065 seconds)
6.29/6.38	['length', 'length', 'add']: UNSAT (0.055 seconds)
6.39/6.43	['length', 'length', 'sub']: UNSAT (0.050 seconds)
6.39/6.48	['length', 'substr', 'substr']: UNSAT (0.101 seconds)
6.49/6.58	['length', 'substr', 'add']: UNSAT (0.075 seconds)
6.60/6.66	['length', 'substr', 'sub']: UNSAT (0.076 seconds)
6.69/6.74	['length', 'add', 'add']: UNSAT (0.052 seconds)
6.69/6.79	['length', 'add', 'sub']: UNSAT (0.052 seconds)
6.79/6.84	['length', 'sub', 'sub']: UNSAT (0.051 seconds)
6.79/6.90	['substr', 'substr', 'substr']: UNSAT (0.093 seconds)
6.89/6.99	['substr', 'substr', 'add']: UNSAT (0.081 seconds)
7.03/7.07	['substr', 'substr', 'sub']: UNSAT (0.085 seconds)
7.13/7.16	['substr', 'add', 'add']: UNSAT (0.075 seconds)
7.19/7.23	['substr', 'add', 'sub']: UNSAT (0.074 seconds)
7.29/7.31	['substr', 'sub', 'sub']: UNSAT (0.074 seconds)
7.29/7.38	['add', 'add', 'add']: UNSAT (0.068 seconds)
7.38/7.45	['add', 'add', 'sub']: UNSAT (0.065 seconds)
7.48/7.52	['add', 'sub', 'sub']: UNSAT (0.064 seconds)
7.48/7.58	['sub', 'sub', 'sub']: UNSAT (0.065 seconds)
7.60/7.65	['concat', 'concat', 'concat', 'concat']: UNSAT (10.904 seconds)
18.49/18.55	['concat', 'concat', 'concat', 'index']: UNSAT (0.109 seconds)
18.59/18.66	['concat', 'concat', 'concat', 'length']: UNSAT (0.090 seconds)
18.68/18.75	['concat', 'concat', 'concat', 'substr']: UNSAT (127.043 seconds)
145.78/145.80	['concat', 'concat', 'concat', 'add']: UNSAT (0.085 seconds)
145.78/145.88	['concat', 'concat', 'concat', 'sub']: UNSAT (0.088 seconds)
145.89/145.97	['concat', 'concat', 'index', 'index']: UNSAT (0.110 seconds)
146.02/146.09	['concat', 'concat', 'index', 'length']: UNSAT (0.089 seconds)
146.12/146.18	['concat', 'concat', 'index', 'substr']: UNSAT (13.784 seconds)
159.88/159.96	['concat', 'concat', 'index', 'add']: UNSAT (0.094 seconds)
160.02/160.06	['concat', 'concat', 'index', 'sub']: UNSAT (0.091 seconds)
160.13/160.15	['concat', 'concat', 'length', 'length']: UNSAT (0.071 seconds)
160.18/160.22	['concat', 'concat', 'length', 'substr']: UNSAT (5.917 seconds)
166.02/166.14	['concat', 'concat', 'length', 'add']: UNSAT (0.077 seconds)
166.18/166.21	['concat', 'concat', 'length', 'sub']: UNSAT (0.074 seconds)
166.18/166.29	['concat', 'concat', 'substr', 'substr']: UNSAT (11.923 seconds)
178.18/178.21	['concat', 'concat', 'substr', 'add']: UNSAT (2.858 seconds)
181.01/181.07	['concat', 'concat', 'substr', 'sub']: UNSAT (0.599 seconds)
181.58/181.67	['concat', 'concat', 'add', 'add']: UNSAT (0.081 seconds)
181.68/181.75	['concat', 'concat', 'add', 'sub']: UNSAT (0.080 seconds)
181.78/181.83	['concat', 'concat', 'sub', 'sub']: UNSAT (0.094 seconds)
181.88/181.93	['concat', 'index', 'index', 'index']: UNSAT (0.117 seconds)
182.02/182.05	['concat', 'index', 'index', 'length']: UNSAT (0.094 seconds)
182.12/182.14	['concat', 'index', 'index', 'substr']: UNSAT (7.977 seconds)
190.02/190.12	['concat', 'index', 'index', 'add']: UNSAT (0.097 seconds)
190.18/190.22	['concat', 'index', 'index', 'sub']: UNSAT (0.098 seconds)
190.28/190.32	['concat', 'index', 'length', 'length']: UNSAT (0.074 seconds)
190.28/190.39	['concat', 'index', 'length', 'substr']: UNSAT (2.207 seconds)
192.58/192.60	['concat', 'index', 'length', 'add']: UNSAT (0.076 seconds)
192.58/192.68	['concat', 'index', 'length', 'sub']: UNSAT (0.082 seconds)
192.68/192.76	['concat', 'index', 'substr', 'substr']: UNSAT (6.530 seconds)
199.18/199.29	['concat', 'index', 'substr', 'add']: UNSAT (3.045 seconds)
202.28/202.34	['concat', 'index', 'substr', 'sub']: UNSAT (1.533 seconds)
203.78/203.87	['concat', 'index', 'add', 'add']: UNSAT (0.086 seconds)
203.88/203.96	['concat', 'index', 'add', 'sub']: UNSAT (0.089 seconds)
204.01/204.05	['concat', 'index', 'sub', 'sub']: UNSAT (0.089 seconds)
204.01/204.14	['concat', 'length', 'length', 'length']: UNSAT (0.058 seconds)
204.12/204.20	['concat', 'length', 'length', 'substr']: UNSAT (0.418 seconds)
204.58/204.61	['concat', 'length', 'length', 'add']: UNSAT (0.058 seconds)
204.58/204.67	['concat', 'length', 'length', 'sub']: UNSAT (0.065 seconds)
204.68/204.74	['concat', 'length', 'substr', 'substr']: UNSAT (2.712 seconds)
207.38/207.45	['concat', 'length', 'substr', 'add']: UNSAT (0.497 seconds)
207.88/207.95	['concat', 'length', 'substr', 'sub']: UNSAT (0.623 seconds)
208.48/208.57	['concat', 'length', 'add', 'add']: UNSAT (0.067 seconds)
208.58/208.64	['concat', 'length', 'add', 'sub']: UNSAT (0.069 seconds)
208.68/208.71	['concat', 'length', 'sub', 'sub']: UNSAT (0.069 seconds)
208.68/208.78	['concat', 'substr', 'substr', 'substr']: UNSAT (0.860 seconds)
209.58/209.64	['concat', 'substr', 'substr', 'add']: UNSAT (0.710 seconds)
210.28/210.35	['concat', 'substr', 'substr', 'sub']: UNSAT (1.144 seconds)
211.48/211.50	['concat', 'substr', 'add', 'add']: UNSAT (0.592 seconds)
212.02/212.09	['concat', 'substr', 'add', 'sub']: UNSAT (0.439 seconds)
212.48/212.53	['concat', 'substr', 'sub', 'sub']: UNSAT (0.331 seconds)
212.78/212.86	['concat', 'add', 'add', 'add']: UNSAT (0.084 seconds)
212.88/212.95	['concat', 'add', 'add', 'sub']: UNSAT (0.082 seconds)
212.88/213.03	['concat', 'add', 'sub', 'sub']: UNSAT (0.082 seconds)
213.01/213.11	['concat', 'sub', 'sub', 'sub']: UNSAT (0.083 seconds)
213.18/213.20	['index', 'index', 'index', 'index']: UNSAT (0.118 seconds)
213.28/213.32	['index', 'index', 'index', 'length']: UNSAT (0.100 seconds)
213.38/213.42	['index', 'index', 'index', 'substr']: UNSAT (0.151 seconds)
213.48/213.57	['index', 'index', 'index', 'add']: UNSAT (0.104 seconds)
213.58/213.68	['index', 'index', 'index', 'sub']: UNSAT (0.110 seconds)
213.68/213.79	['index', 'index', 'length', 'length']: UNSAT (0.080 seconds)
213.78/213.87	['index', 'index', 'length', 'substr']: UNSAT (0.108 seconds)
213.88/213.98	['index', 'index', 'length', 'add']: UNSAT (0.087 seconds)
214.01/214.06	['index', 'index', 'length', 'sub']: UNSAT (0.084 seconds)
214.12/214.15	['index', 'index', 'substr', 'substr']: UNSAT (0.447 seconds)
214.58/214.60	['index', 'index', 'substr', 'add']: UNSAT (0.209 seconds)
214.78/214.81	['index', 'index', 'substr', 'sub']: UNSAT (0.127 seconds)
214.88/214.94	['index', 'index', 'add', 'add']: UNSAT (0.105 seconds)
215.02/215.04	['index', 'index', 'add', 'sub']: UNSAT (0.102 seconds)
215.12/215.14	['index', 'index', 'sub', 'sub']: UNSAT (0.103 seconds)
215.18/215.25	['index', 'length', 'length', 'length']: UNSAT (0.059 seconds)
215.28/215.31	['index', 'length', 'length', 'substr']: UNSAT (0.110 seconds)
215.38/215.42	['index', 'length', 'length', 'add']: UNSAT (0.069 seconds)
215.38/215.49	['index', 'length', 'length', 'sub']: UNSAT (0.067 seconds)
215.48/215.56	['index', 'length', 'substr', 'substr']: UNSAT (0.129 seconds)
215.58/215.69	['index', 'length', 'substr', 'add']: UNSAT (0.102 seconds)
215.68/215.79	['index', 'length', 'substr', 'sub']: UNSAT (0.108 seconds)
215.88/215.90	['index', 'length', 'add', 'add']: UNSAT (0.081 seconds)
215.88/215.98	['index', 'length', 'add', 'sub']: UNSAT (0.082 seconds)
216.02/216.06	['index', 'length', 'sub', 'sub']: UNSAT (0.082 seconds)
216.12/216.15	['index', 'substr', 'substr', 'substr']: UNSAT (0.269 seconds)
216.38/216.42	['index', 'substr', 'substr', 'add']: UNSAT (0.182 seconds)
216.58/216.60	['index', 'substr', 'substr', 'sub']: UNSAT (0.201 seconds)
216.78/216.80	['index', 'substr', 'add', 'add']: UNSAT (0.126 seconds)
216.88/216.93	['index', 'substr', 'add', 'sub']: UNSAT (0.133 seconds)
217.02/217.06	['index', 'substr', 'sub', 'sub']: UNSAT (0.134 seconds)
217.18/217.20	['index', 'add', 'add', 'add']: UNSAT (0.102 seconds)
217.28/217.30	['index', 'add', 'add', 'sub']: UNSAT (0.100 seconds)
217.38/217.40	['index', 'add', 'sub', 'sub']: UNSAT (0.104 seconds)
217.48/217.51	['index', 'sub', 'sub', 'sub']: UNSAT (0.102 seconds)
217.58/217.61	['length', 'length', 'length', 'length']: UNSAT (0.043 seconds)
217.58/217.65	['length', 'length', 'length', 'substr']: UNSAT (0.061 seconds)
217.68/217.72	['length', 'length', 'length', 'add']: UNSAT (0.049 seconds)
217.68/217.77	['length', 'length', 'length', 'sub']: UNSAT (0.052 seconds)
217.78/217.82	['length', 'length', 'substr', 'substr']: UNSAT (0.101 seconds)
217.88/217.92	['length', 'length', 'substr', 'add']: UNSAT (0.074 seconds)
217.88/217.99	['length', 'length', 'substr', 'sub']: UNSAT (0.076 seconds)
218.02/218.07	['length', 'length', 'add', 'add']: UNSAT (0.062 seconds)
218.02/218.13	['length', 'length', 'add', 'sub']: UNSAT (0.061 seconds)
218.18/218.20	['length', 'length', 'sub', 'sub']: UNSAT (0.063 seconds)
218.18/218.26	['length', 'substr', 'substr', 'substr']: UNSAT (0.196 seconds)
218.38/218.46	['length', 'substr', 'substr', 'add']: UNSAT (0.132 seconds)
218.48/218.59	['length', 'substr', 'substr', 'sub']: UNSAT (0.123 seconds)
218.68/218.71	['length', 'substr', 'add', 'add']: UNSAT (0.097 seconds)
218.78/218.81	['length', 'substr', 'add', 'sub']: UNSAT (0.093 seconds)
218.88/218.91	['length', 'substr', 'sub', 'sub']: UNSAT (0.094 seconds)
218.88/219.00	['length', 'add', 'add', 'add']: UNSAT (0.077 seconds)
219.01/219.08	['length', 'add', 'add', 'sub']: UNSAT (0.077 seconds)
219.12/219.16	['length', 'add', 'sub', 'sub']: UNSAT (0.076 seconds)
219.18/219.23	['length', 'sub', 'sub', 'sub']: UNSAT (0.080 seconds)
219.28/219.31	['substr', 'substr', 'substr', 'substr']: UNSAT (0.163 seconds)
219.38/219.48	['substr', 'substr', 'substr', 'add']: UNSAT (0.131 seconds)
219.58/219.61	['substr', 'substr', 'substr', 'sub']: UNSAT (0.123 seconds)
219.68/219.73	['substr', 'substr', 'add', 'add']: UNSAT (0.123 seconds)
219.78/219.86	['substr', 'substr', 'add', 'sub']: UNSAT (0.108 seconds)
219.88/219.96	['substr', 'substr', 'sub', 'sub']: UNSAT (0.118 seconds)
220.02/220.08	['substr', 'add', 'add', 'add']: UNSAT (0.101 seconds)
220.12/220.18	['substr', 'add', 'add', 'sub']: UNSAT (0.102 seconds)
220.18/220.29	['substr', 'add', 'sub', 'sub']: UNSAT (0.098 seconds)
220.28/220.39	['substr', 'sub', 'sub', 'sub']: UNSAT (0.103 seconds)
220.38/220.49	['add', 'add', 'add', 'add']: UNSAT (0.094 seconds)
220.48/220.59	['add', 'add', 'add', 'sub']: UNSAT (0.093 seconds)
220.58/220.68	['add', 'add', 'sub', 'sub']: UNSAT (0.093 seconds)
220.68/220.77	['add', 'sub', 'sub', 'sub']: UNSAT (0.096 seconds)
220.78/220.87	['sub', 'sub', 'sub', 'sub']: UNSAT (0.094 seconds)
220.88/220.97	['concat', 'concat', 'concat', 'concat', 'concat']: 