0.00/0.20	=== Examples (../../dataset/examples/examples-76.json)
0.00/0.20	IO(inputs=('abcdef', 3, 'xyz'), output='xyz')
0.00/0.20	=== Library
0.00/0.20	concat
0.00/0.20	index
0.00/0.20	length
0.00/0.20	substr
0.00/0.20	add
0.00/0.20	sub
0.00/0.20	=== Synthesis
0.00/0.20	['concat']: UNSAT (0.024 seconds)
0.00/0.22	['index']: UNSAT (0.023 seconds)
0.21/0.25	['length']: UNSAT (0.018 seconds)
0.21/0.27	['substr']: UNSAT (0.024 seconds)
0.21/0.29	['add']: UNSAT (0.021 seconds)
0.21/0.31	['sub']: UNSAT (0.021 seconds)
0.21/0.33	['concat', 'concat']: UNSAT (0.032 seconds)
0.21/0.37	['concat', 'index']: UNSAT (0.037 seconds)
0.21/0.41	['concat', 'length']: UNSAT (0.027 seconds)
0.40/0.43	['concat', 'substr']: SAT (0.042 seconds)
0.40/0.48	substr(concat(arg0, arg2), 6, arg1)
