0.13/0.19	=== Examples (../../dataset/examples/examples-07.json)
0.13/0.19	IO(inputs=('Sub of by way',), output='Sub of<br /> by way')
0.13/0.19	=== Library
0.13/0.19	concat
0.13/0.19	index
0.13/0.19	length
0.13/0.19	substr
0.13/0.19	add
0.13/0.19	sub
0.13/0.19	=== Synthesis
0.13/0.19	['concat']: UNSAT (0.024 seconds)
0.13/0.22	['index']: UNSAT (0.023 seconds)
0.13/0.24	['length']: UNSAT (0.018 seconds)
0.13/0.26	['substr']: UNSAT (0.025 seconds)
0.13/0.28	['add']: UNSAT (0.021 seconds)
0.27/0.31	['sub']: UNSAT (0.020 seconds)
0.27/0.33	['concat', 'concat']: UNSAT (0.070 seconds)
0.37/0.40	['concat', 'index']: UNSAT (0.034 seconds)
0.37/0.43	['concat', 'length']: UNSAT (0.027 seconds)
0.37/0.46	['concat', 'substr']: UNSAT (0.057 seconds)
0.48/0.52	['concat', 'add']: UNSAT (0.029 seconds)
0.48/0.55	['concat', 'sub']: UNSAT (0.026 seconds)
0.48/0.58	['index', 'index']: UNSAT (0.031 seconds)
0.48/0.61	['index', 'length']: UNSAT (0.024 seconds)
0.59/0.63	['index', 'substr']: UNSAT (0.036 seconds)
0.65/0.67	['index', 'add']: UNSAT (0.028 seconds)
0.65/0.70	['index', 'sub']: UNSAT (0.028 seconds)
0.71/0.73	['length', 'length']: UNSAT (0.020 seconds)
0.71/0.75	['length', 'substr']: UNSAT (0.027 seconds)
0.71/0.78	['length', 'add']: UNSAT (0.022 seconds)
0.71/0.80	['length', 'sub']: UNSAT (0.023 seconds)
0.81/0.82	['substr', 'substr']: UNSAT (0.035 seconds)
0.81/0.86	['substr', 'add']: UNSAT (0.029 seconds)
0.81/0.89	['substr', 'sub']: UNSAT (0.029 seconds)
0.91/0.92	['add', 'add']: UNSAT (0.027 seconds)
0.91/0.95	['add', 'sub']: UNSAT (0.027 seconds)
0.91/0.98	['sub', 'sub']: UNSAT (0.026 seconds)
0.91/1.00	['concat', 'concat', 'concat']: UNSAT (2.143 seconds)
3.02/3.15	['concat', 'concat', 'index']: UNSAT (0.040 seconds)
3.02/3.19	['concat', 'concat', 'length']: UNSAT (0.034 seconds)
3.20/3.22	['concat', 'concat', 'substr']: UNSAT (2.981 seconds)
6.12/6.20	['concat', 'concat', 'add']: UNSAT (0.032 seconds)
6.12/6.24	['concat', 'concat', 'sub']: UNSAT (0.032 seconds)
6.25/6.27	['concat', 'index', 'index']: UNSAT (0.041 seconds)
6.30/6.31	['concat', 'index', 'length']: UNSAT (0.035 seconds)
6.30/6.35	['concat', 'index', 'substr']: UNSAT (0.134 seconds)
6.40/6.48	['concat', 'index', 'add']: UNSAT (0.036 seconds)
6.50/6.52	['concat', 'index', 'sub']: UNSAT (0.036 seconds)
6.50/6.56	['concat', 'length', 'length']: UNSAT (0.026 seconds)
6.50/6.58	['concat', 'length', 'substr']: UNSAT (0.070 seconds)
6.60/6.65	['concat', 'length', 'add']: UNSAT (0.028 seconds)
6.60/6.68	['concat', 'length', 'sub']: UNSAT (0.029 seconds)
6.70/6.71	['concat', 'substr', 'substr']: UNSAT (0.259 seconds)
6.90/6.97	['concat', 'substr', 'add']: UNSAT (0.077 seconds)
7.00/7.05	['concat', 'substr', 'sub']: UNSAT (0.073 seconds)
7.00/7.12	['concat', 'add', 'add']: UNSAT (0.033 seconds)
7.12/7.16	['concat', 'add', 'sub']: UNSAT (0.033 seconds)
7.12/7.19	['concat', 'sub', 'sub']: UNSAT (0.030 seconds)
7.12/7.22	['index', 'index', 'index']: UNSAT (0.043 seconds)
7.25/7.27	['index', 'index', 'length']: UNSAT (0.036 seconds)
7.25/7.31	['index', 'index', 'substr']: UNSAT (0.062 seconds)
7.30/7.37	['index', 'index', 'add']: UNSAT (0.038 seconds)
7.30/7.41	['index', 'index', 'sub']: UNSAT (0.038 seconds)
7.40/7.45	['index', 'length', 'length']: UNSAT (0.028 seconds)
7.40/7.47	['index', 'length', 'substr']: UNSAT (0.037 seconds)
7.50/7.51	['index', 'length', 'add']: UNSAT (0.030 seconds)
7.50/7.54	['index', 'length', 'sub']: UNSAT (0.031 seconds)
7.50/7.58	['index', 'substr', 'substr']: UNSAT (0.082 seconds)
7.60/7.66	['index', 'substr', 'add']: UNSAT (0.050 seconds)
7.60/7.71	['index', 'substr', 'sub']: UNSAT (0.058 seconds)
7.70/7.77	['index', 'add', 'add']: UNSAT (0.038 seconds)
7.70/7.81	['index', 'add', 'sub']: UNSAT (0.037 seconds)
7.80/7.84	['index', 'sub', 'sub']: UNSAT (0.036 seconds)
7.80/7.88	['length', 'length', 'length']: UNSAT (0.023 seconds)
7.80/7.90	['length', 'length', 'substr']: UNSAT (0.035 seconds)
7.90/7.94	['length', 'length', 'add']: UNSAT (0.026 seconds)
7.90/7.97	['length', 'length', 'sub']: UNSAT (0.027 seconds)
7.90/7.99	['length', 'substr', 'substr']: UNSAT (0.050 seconds)
8.00/8.04	['length', 'substr', 'add']: UNSAT (0.038 seconds)
8.00/8.08	['length', 'substr', 'sub']: UNSAT (0.041 seconds)
8.00/8.13	['length', 'add', 'add']: UNSAT (0.031 seconds)
8.00/8.16	['length', 'add', 'sub']: UNSAT (0.030 seconds)
8.14/8.19	['length', 'sub', 'sub']: UNSAT (0.031 seconds)
8.14/8.22	['substr', 'substr', 'substr']: UNSAT (0.055 seconds)
8.14/8.28	['substr', 'substr', 'add']: UNSAT (0.045 seconds)
8.30/8.32	['substr', 'substr', 'sub']: UNSAT (0.045 seconds)
8.30/8.37	['substr', 'add', 'add']: UNSAT (0.037 seconds)
8.30/8.41	['substr', 'add', 'sub']: UNSAT (0.038 seconds)
8.40/8.44	['substr', 'sub', 'sub']: UNSAT (0.038 seconds)
8.40/8.48	['add', 'add', 'add']: UNSAT (0.035 seconds)
8.50/8.52	['add', 'add', 'sub']: UNSAT (0.034 seconds)
8.50/8.55	['add', 'sub', 'sub']: UNSAT (0.035 seconds)
8.50/8.59	['sub', 'sub', 'sub']: UNSAT (0.034 seconds)
8.60/8.62	['concat', 'concat', 'concat', 'concat']: UNKNOWN (129.438 seconds)
138.00/138.06	Reason: smt tactic failed to show goal to be sat/unsat max-conflicts-reached
138.00/138.06	Reason: smt tactic failed to show goal to be sat/unsat max-conflicts-reached
138.00/138.06	['concat', 'concat', 'concat', 'index']: UNSAT (0.057 seconds)
138.00/138.12	['concat', 'concat', 'concat', 'length']: UNSAT (0.048 seconds)
138.12/138.17	['concat', 'concat', 'concat', 'substr']: UNKNOWN (43.611 seconds)
181.70/181.78	Reason: smt tactic failed to show goal to be sat/unsat max-conflicts-reached
181.70/181.78	Reason: smt tactic failed to show goal to be sat/unsat max-conflicts-reached
181.70/181.78	['concat', 'concat', 'concat', 'add']: UNSAT (0.045 seconds)
181.80/181.83	['concat', 'concat', 'concat', 'sub']: UNSAT (0.044 seconds)
181.80/181.87	['concat', 'concat', 'index', 'index']: UNSAT (0.055 seconds)
181.90/181.93	['concat', 'concat', 'index', 'length']: UNSAT (0.048 seconds)
181.90/181.98	['concat', 'concat', 'index', 'substr']: UNSAT (5.223 seconds)
187.12/187.20	['concat', 'concat', 'index', 'add']: UNSAT (0.047 seconds)
187.12/187.25	['concat', 'concat', 'index', 'sub']: UNSAT (0.047 seconds)
187.24/187.30	['concat', 'concat', 'length', 'length']: UNSAT (0.039 seconds)
187.29/187.34	['concat', 'concat', 'length', 'substr']: UNSAT (3.404 seconds)
190.69/190.74	['concat', 'concat', 'length', 'add']: UNSAT (0.038 seconds)
190.69/190.78	['concat', 'concat', 'length', 'sub']: UNSAT (0.040 seconds)
190.79/190.82	['concat', 'concat', 'substr', 'substr']: UNKNOWN (36.004 seconds)
226.79/226.83	Reason: smt tactic failed to show goal to be sat/unsat max-conflicts-reached
226.79/226.83	Reason: smt tactic failed to show goal to be sat/unsat max-conflicts-reached
226.79/226.83	['concat', 'concat', 'substr', 'add']: UNSAT (3.194 seconds)
229.99/230.02	['concat', 'concat', 'substr', 'sub']: UNSAT (3.459 seconds)
233.39/233.48	['concat', 'concat', 'add', 'add']: UNSAT (0.041 seconds)
233.49/233.52	['concat', 'concat', 'add', 'sub']: UNSAT (0.058 seconds)
233.49/233.58	['concat', 'concat', 'sub', 'sub']: UNSAT (0.046 seconds)
233.59/233.63	['concat', 'index', 'index', 'index']: UNSAT (0.066 seconds)
233.59/233.70	['concat', 'index', 'index', 'length']: UNSAT (0.048 seconds)
233.70/233.75	['concat', 'index', 'index', 'substr']: UNSAT (0.346 seconds)
234.00/234.09	['concat', 'index', 'index', 'add']: UNSAT (0.050 seconds)
234.11/234.14	['concat', 'index', 'index', 'sub']: UNSAT (0.050 seconds)
234.11/234.19	['concat', 'index', 'length', 'length']: UNSAT (0.039 seconds)
234.11/234.23	['concat', 'index', 'length', 'substr']: UNSAT (0.156 seconds)
234.30/234.39	['concat', 'index', 'length', 'add']: UNSAT (0.042 seconds)
234.40/234.44	['concat', 'index', 'length', 'sub']: UNSAT (0.042 seconds)
234.40/234.48	['concat', 'index', 'substr', 'substr']: UNSAT (1.102 seconds)
235.50/235.58	['concat', 'index', 'substr', 'add']: UNSAT (0.272 seconds)
235.80/235.85	['concat', 'index', 'substr', 'sub']: UNSAT (0.473 seconds)
236.30/236.33	['concat', 'index', 'add', 'add']: UNSAT (0.046 seconds)
236.30/236.38	['concat', 'index', 'add', 'sub']: UNSAT (0.047 seconds)
236.40/236.42	['concat', 'index', 'sub', 'sub']: UNSAT (0.047 seconds)
236.40/236.47	['concat', 'length', 'length', 'length']: UNSAT (0.033 seconds)
236.40/236.51	['concat', 'length', 'length', 'substr']: UNSAT (0.085 seconds)
236.50/236.59	['concat', 'length', 'length', 'add']: UNSAT (0.039 seconds)
236.60/236.63	['concat', 'length', 'length', 'sub']: UNSAT (0.035 seconds)
236.60/236.67	['concat', 'length', 'substr', 'substr']: UNSAT (0.748 seconds)
237.40/237.42	['concat', 'length', 'substr', 'add']: UNSAT (0.132 seconds)
237.50/237.55	['concat', 'length', 'substr', 'sub']: UNSAT (0.118 seconds)
237.60/237.67	['concat', 'length', 'add', 'add']: UNSAT (0.039 seconds)
237.60/237.71	['concat', 'length', 'add', 'sub']: UNSAT (0.039 seconds)
237.70/237.75	['concat', 'length', 'sub', 'sub']: UNSAT (0.039 seconds)
237.70/237.79	['concat', 'substr', 'substr', 'substr']: UNSAT (1.636 seconds)
239.40/239.42	['concat', 'substr', 'substr', 'add']: UNSAT (0.741 seconds)
240.12/240.17	['concat', 'substr', 'substr', 'sub']: UNSAT (0.961 seconds)
241.00/241.13	['concat', 'substr', 'add', 'add']: UNSAT (0.136 seconds)
241.24/241.27	['concat', 'substr', 'add', 'sub']: UNSAT (0.108 seconds)
241.30/241.38	['concat', 'substr', 'sub', 'sub']: UNSAT (0.186 seconds)
241.50/241.56	['concat', 'add', 'add', 'add']: UNSAT (0.045 seconds)
241.50/241.61	['concat', 'add', 'add', 'sub']: UNSAT (0.046 seconds)
241.60/241.66	['concat', 'add', 'sub', 'sub']: UNSAT (0.046 seconds)
241.60/241.70	['concat', 'sub', 'sub', 'sub']: UNSAT (0.044 seconds)
241.70/241.75	['index', 'index', 'index', 'index']: UNSAT (0.065 seconds)
241.80/241.81	['index', 'index', 'index', 'length']: UNSAT (0.052 seconds)
241.80/241.87	['index', 'index', 'index', 'substr']: UNSAT (0.123 seconds)
241.90/241.99	['index', 'index', 'index', 'add']: UNSAT (0.054 seconds)
242.00/242.05	['index', 'index', 'index', 'sub']: UNSAT (0.054 seconds)
242.00/242.10	['index', 'index', 'length', 'length']: UNSAT (0.041 seconds)
242.00/242.14	['index', 'index', 'length', 'substr']: UNSAT (0.057 seconds)
242.12/242.20	['index', 'index', 'length', 'add']: UNSAT (0.044 seconds)
242.12/242.25	['index', 'index', 'length', 'sub']: UNSAT (0.046 seconds)
242.24/242.29	['index', 'index', 'substr', 'substr']: UNSAT (0.131 seconds)
242.40/242.42	['index', 'index', 'substr', 'add']: UNSAT (0.075 seconds)
242.40/242.50	['index', 'index', 'substr', 'sub']: UNSAT (0.070 seconds)
242.50/242.57	['index', 'index', 'add', 'add']: UNSAT (0.054 seconds)
242.60/242.63	['index', 'index', 'add', 'sub']: UNSAT (0.053 seconds)
242.60/242.68	['index', 'index', 'sub', 'sub']: UNSAT (0.053 seconds)
242.70/242.73	['index', 'length', 'length', 'length']: UNSAT (0.036 seconds)
242.70/242.77	['index', 'length', 'length', 'substr']: UNSAT (0.049 seconds)
242.80/242.82	['index', 'length', 'length', 'add']: UNSAT (0.038 seconds)
242.80/242.86	['index', 'length', 'length', 'sub']: UNSAT (0.039 seconds)
242.80/242.90	['index', 'length', 'substr', 'substr']: UNSAT (0.081 seconds)
242.89/242.98	['index', 'length', 'substr', 'add']: UNSAT (0.061 seconds)
242.99/243.04	['index', 'length', 'substr', 'sub']: UNSAT (0.060 seconds)
242.99/243.11	['index', 'length', 'add', 'add']: UNSAT (0.044 seconds)
243.11/243.15	['index', 'length', 'add', 'sub']: UNSAT (0.044 seconds)
243.11/243.20	['index', 'length', 'sub', 'sub']: UNSAT (0.043 seconds)
243.11/243.24	['index', 'substr', 'substr', 'substr']: UNSAT (0.156 seconds)
243.29/243.40	['index', 'substr', 'substr', 'add']: UNSAT (0.093 seconds)
243.39/243.49	['index', 'substr', 'substr', 'sub']: UNSAT (0.120 seconds)
243.59/243.61	['index', 'substr', 'add', 'add']: UNSAT (0.067 seconds)
243.59/243.68	['index', 'substr', 'add', 'sub']: UNSAT (0.069 seconds)
243.69/243.75	['index', 'substr', 'sub', 'sub']: UNSAT (0.080 seconds)
243.79/243.83	['index', 'add', 'add', 'add']: UNSAT (0.055 seconds)
243.79/243.89	['index', 'add', 'add', 'sub']: UNSAT (0.056 seconds)
243.89/243.94	['index', 'add', 'sub', 'sub']: UNSAT (0.051 seconds)
243.89/243.99	['index', 'sub', 'sub', 'sub']: UNSAT (0.052 seconds)
243.99/244.05	['length', 'length', 'length', 'length']: UNSAT (0.028 seconds)
243.99/244.08	['length', 'length', 'length', 'substr']: UNSAT (0.035 seconds)
243.99/244.11	['length', 'length', 'length', 'add']: UNSAT (0.030 seconds)
243.99/244.14	['length', 'length', 'length', 'sub']: UNSAT (0.029 seconds)
244.12/244.17	['length', 'length', 'substr', 'substr']: UNSAT (0.061 seconds)
244.12/244.23	['length', 'length', 'substr', 'add']: UNSAT (0.044 seconds)
244.24/244.28	['length', 'length', 'substr', 'sub']: UNSAT (0.045 seconds)
244.29/244.32	['length', 'length', 'add', 'add']: UNSAT (0.035 seconds)
244.29/244.36	['length', 'length', 'add', 'sub']: UNSAT (0.035 seconds)
244.29/244.40	['length', 'length', 'sub', 'sub']: UNSAT (0.035 seconds)
244.39/244.43	['length', 'substr', 'substr', 'substr']: UNSAT (0.102 seconds)
244.49/244.54	['length', 'substr', 'substr', 'add']: UNSAT (0.075 seconds)
244.59/244.61	['length', 'substr', 'substr', 'sub']: UNSAT (0.076 seconds)
244.59/244.69	['length', 'substr', 'add', 'add']: UNSAT (0.056 seconds)
244.69/244.75	['length', 'substr', 'add', 'sub']: UNSAT (0.054 seconds)
244.69/244.80	['length', 'substr', 'sub', 'sub']: UNSAT (0.058 seconds)
244.79/244.86	['length', 'add', 'add', 'add']: UNSAT (0.041 seconds)
244.79/244.90	['length', 'add', 'add', 'sub']: UNSAT (0.044 seconds)
244.89/244.95	['length', 'add', 'sub', 'sub']: UNSAT (0.041 seconds)
244.89/244.99	['length', 'sub', 'sub', 'sub']: UNSAT (0.041 seconds)
244.99/245.03	['substr', 'substr', 'substr', 'substr']: UNSAT (0.097 seconds)
244.99/245.13	['substr', 'substr', 'substr', 'add']: UNSAT (0.069 seconds)
245.12/245.20	['substr', 'substr', 'substr', 'sub']: UNSAT (0.072 seconds)
245.23/245.27	['substr', 'substr', 'add', 'add']: UNSAT (0.058 seconds)
245.29/245.33	['substr', 'substr', 'add', 'sub']: UNSAT (0.056 seconds)
245.29/245.39	['substr', 'substr', 'sub', 'sub']: UNSAT (0.056 seconds)
245.39/245.45	['substr', 'add', 'add', 'add']: UNSAT (0.050 seconds)
245.39/245.50	['substr', 'add', 'add', 'sub']: UNSAT (0.050 seconds)
245.49/245.55	['substr', 'add', 'sub', 'sub']: UNSAT (0.052 seconds)
245.49/245.60	['substr', 'sub', 'sub', 'sub']: UNSAT (0.051 seconds)
245.59/245.65	['add', 'add', 'add', 'add']: UNSAT (0.046 seconds)
245.59/245.70	['add', 'add', 'add', 'sub']: UNSAT (0.046 seconds)
245.69/245.75	['add', 'add', 'sub', 'sub']: UNSAT (0.047 seconds)
245.69/245.79	['add', 'sub', 'sub', 'sub']: UNSAT (0.047 seconds)
245.79/245.84	['sub', 'sub', 'sub', 'sub']: UNSAT (0.047 seconds)
245.79/245.89	['concat', 'concat', 'concat', 'concat', 'concat']: UNKNOWN (116.882 seconds)
362.70/362.77	Reason: smt tactic failed to show goal to be sat/unsat max-conflicts-reached
362.70/362.77	Reason: smt tactic failed to show goal to be sat/unsat max-conflicts-reached
362.70/362.77	['concat', 'concat', 'concat', 'concat', 'index']: UNSAT (0.070 seconds)
362.80/362.85	['concat', 'concat', 'concat', 'concat', 'length']: UNSAT (0.060 seconds)
362.80/362.91	['concat', 'concat', 'concat', 'concat', 'substr']: UNKNOWN (84.821 seconds)
447.69/447.73	Reason: smt tactic failed to show goal to be sat/unsat max-conflicts-reached
447.69/447.73	Reason: smt tactic failed to show goal to be sat/unsat max-conflicts-reached
447.69/447.73	['concat', 'concat', 'concat', 'concat', 'add']: UNSAT (0.058 seconds)
447.69/447.79	['concat', 'concat', 'concat', 'concat', 'sub']: UNSAT (0.060 seconds)
447.79/447.85	['concat', 'concat', 'concat', 'index', 'index']: UNSAT (0.070 seconds)
447.89/447.92	['concat', 'concat', 'concat', 'index', 'length']: UNSAT (0.077 seconds)
447.89/448.00	['concat', 'concat', 'concat', 'index', 'substr']: UNKNOWN (39.352 seconds)
487.29/487.35	Reason: smt tactic failed to show goal to be sat/unsat max-conflicts-reached
487.29/487.35	Reason: smt tactic failed to show goal to be sat/unsat max-conflicts-reached
487.29/487.35	['concat', 'concat', 'concat', 'index', 'add']: UNSAT (0.062 seconds)
487.39/487.41	['concat', 'concat', 'concat', 'index', 'sub']: UNSAT (0.060 seconds)
487.39/487.48	['concat', 'concat', 'concat', 'length', 'length']: UNSAT (0.051 seconds)
487.49/487.53	['concat', 'concat', 'concat', 'length', 'substr']: UNKNOWN (53.937 seconds)
541.39/541.47	Reason: smt tactic failed to show goal to be sat/unsat max-conflicts-reached
541.39/541.47	Reason: smt tactic failed to show goal to be sat/unsat max-conflicts-reached
541.39/541.47	['concat', 'concat', 'concat', 'length', 'add']: UNSAT (0.052 seconds)
541.49/541.52	['concat', 'concat', 'concat', 'length', 'sub']: UNSAT (0.049 seconds)
541.49/541.57	['concat', 'concat', 'concat', 'substr', 'substr']: UNKNOWN (49.565 seconds)
590.99/591.14	Reason: smt tactic failed to show goal to be sat/unsat max-conflicts-reached
590.99/591.14	Reason: smt tactic failed to show goal to be sat/unsat max-conflicts-reached
590.99/591.14	['concat', 'concat', 'concat', 'substr', 'add']: 