0.13/0.19	=== Examples (../../dataset/examples/examples-42.json)
0.13/0.19	IO(inputs=('DO IT',), output='do it!@')
0.13/0.19	=== Library
0.13/0.19	concat
0.13/0.19	index
0.13/0.19	length
0.13/0.19	substr
0.13/0.19	add
0.13/0.19	sub
0.13/0.19	=== Synthesis
0.13/0.19	['concat']: UNSAT (0.024 seconds)
0.13/0.22	['index']: UNSAT (0.023 seconds)
0.13/0.24	['length']: UNSAT (0.018 seconds)
0.13/0.26	['substr']: UNSAT (0.023 seconds)
0.13/0.29	['add']: UNSAT (0.020 seconds)
0.13/0.31	['sub']: UNSAT (0.020 seconds)
0.13/0.33	['concat', 'concat']: UNSAT (0.054 seconds)
0.30/0.38	['concat', 'index']: UNSAT (0.034 seconds)
0.38/0.42	['concat', 'length']: UNSAT (0.026 seconds)
0.38/0.44	['concat', 'substr']: UNSAT (0.065 seconds)
0.45/0.51	['concat', 'add']: UNSAT (0.031 seconds)
0.45/0.54	['concat', 'sub']: UNSAT (0.029 seconds)
0.53/0.57	['index', 'index']: UNSAT (0.035 seconds)
0.53/0.61	['index', 'length']: UNSAT (0.027 seconds)
0.63/0.64	['index', 'substr']: UNSAT (0.039 seconds)
0.63/0.68	['index', 'add']: UNSAT (0.033 seconds)
0.69/0.71	['index', 'sub']: UNSAT (0.031 seconds)
0.69/0.74	['length', 'length']: UNSAT (0.018 seconds)
0.69/0.76	['length', 'substr']: UNSAT (0.025 seconds)
0.69/0.79	['length', 'add']: UNSAT (0.021 seconds)
0.79/0.81	['length', 'sub']: UNSAT (0.021 seconds)
0.79/0.83	['substr', 'substr']: UNSAT (0.031 seconds)
0.79/0.86	['substr', 'add']: UNSAT (0.028 seconds)
0.79/0.89	['substr', 'sub']: UNSAT (0.027 seconds)
0.89/0.92	['add', 'add']: UNSAT (0.024 seconds)
0.89/0.94	['add', 'sub']: UNSAT (0.024 seconds)
0.89/0.97	['sub', 'sub']: UNSAT (0.025 seconds)
0.89/0.99	['concat', 'concat', 'concat']: UNSAT (0.338 seconds)
1.29/1.33	['concat', 'concat', 'index']: UNSAT (0.039 seconds)
1.29/1.37	['concat', 'concat', 'length']: UNSAT (0.031 seconds)
1.39/1.40	['concat', 'concat', 'substr']: SAT (0.156 seconds)
1.48/1.56	substr(concat('do ', concat('it!@', arg0)), 0, 7)
