0.15/0.21	=== Examples (../../dataset/examples/examples-89.json)
0.15/0.21	IO(inputs=('|George|Maebe|Michael|',), output='Enviado para George, Maebe, Michael')
0.15/0.21	=== Library
0.15/0.21	concat
0.15/0.21	index
0.15/0.21	length
0.15/0.21	substr
0.15/0.21	add
0.15/0.21	sub
0.15/0.21	=== Synthesis
0.15/0.21	['concat']: UNSAT (0.024 seconds)
0.15/0.23	['index']: UNSAT (0.022 seconds)
0.15/0.26	['length']: UNSAT (0.019 seconds)
0.15/0.28	['substr']: UNSAT (0.025 seconds)
0.27/0.30	['add']: UNSAT (0.020 seconds)
0.27/0.32	['sub']: UNSAT (0.020 seconds)
0.27/0.34	['concat', 'concat']: UNSAT (0.059 seconds)
0.38/0.40	['concat', 'index']: UNSAT (0.032 seconds)
0.38/0.43	['concat', 'length']: UNSAT (0.028 seconds)
0.38/0.46	['concat', 'substr']: UNSAT (0.065 seconds)
0.48/0.53	['concat', 'add']: UNSAT (0.028 seconds)
0.48/0.56	['concat', 'sub']: UNSAT (0.028 seconds)
0.55/0.59	['index', 'index']: UNSAT (0.038 seconds)
0.55/0.63	['index', 'length']: UNSAT (0.027 seconds)
0.62/0.65	['index', 'substr']: UNSAT (0.032 seconds)
0.62/0.69	['index', 'add']: UNSAT (0.025 seconds)
0.68/0.71	['index', 'sub']: UNSAT (0.025 seconds)
0.68/0.74	['length', 'length']: UNSAT (0.017 seconds)
0.68/0.76	['length', 'substr']: UNSAT (0.024 seconds)
0.68/0.78	['length', 'add']: UNSAT (0.020 seconds)
0.68/0.80	['length', 'sub']: UNSAT (0.020 seconds)
0.80/0.82	['substr', 'substr']: UNSAT (0.031 seconds)
0.80/0.85	['substr', 'add']: UNSAT (0.027 seconds)
0.80/0.88	['substr', 'sub']: UNSAT (0.027 seconds)
0.88/0.91	['add', 'add']: UNSAT (0.022 seconds)
0.88/0.93	['add', 'sub']: UNSAT (0.022 seconds)
0.88/0.95	['sub', 'sub']: UNSAT (0.022 seconds)
0.88/0.98	['concat', 'concat', 'concat']: UNSAT (1.022 seconds)
1.89/2.00	['concat', 'concat', 'index']: UNSAT (0.035 seconds)
2.00/2.04	['concat', 'concat', 'length']: UNSAT (0.028 seconds)
2.00/2.06	['concat', 'concat', 'substr']: UNSAT (5.487 seconds)
7.48/7.55	['concat', 'concat', 'add']: UNSAT (0.031 seconds)
7.48/7.58	['concat', 'concat', 'sub']: UNSAT (0.032 seconds)
7.58/7.62	['concat', 'index', 'index']: UNSAT (0.040 seconds)
7.58/7.66	['concat', 'index', 'length']: UNSAT (0.031 seconds)
7.58/7.69	['concat', 'index', 'substr']: UNSAT (0.114 seconds)
7.78/7.80	['concat', 'index', 'add']: UNSAT (0.032 seconds)
7.78/7.84	['concat', 'index', 'sub']: UNSAT (0.032 seconds)
7.78/7.87	['concat', 'length', 'length']: UNSAT (0.024 seconds)
7.78/7.89	['concat', 'length', 'substr']: UNSAT (0.071 seconds)
7.90/7.97	['concat', 'length', 'add']: UNSAT (0.026 seconds)
7.90/7.99	['concat', 'length', 'sub']: UNSAT (0.027 seconds)
7.90/8.02	['concat', 'substr', 'substr']: UNSAT (0.275 seconds)
8.18/8.30	['concat', 'substr', 'add']: UNSAT (0.126 seconds)
8.38/8.42	['concat', 'substr', 'sub']: UNSAT (0.102 seconds)
8.48/8.52	['concat', 'add', 'add']: UNSAT (0.030 seconds)
8.48/8.55	['concat', 'add', 'sub']: UNSAT (0.030 seconds)
8.48/8.59	['concat', 'sub', 'sub']: UNSAT (0.031 seconds)
8.58/8.62	['index', 'index', 'index']: UNSAT (0.039 seconds)
8.58/8.66	['index', 'index', 'length']: UNSAT (0.032 seconds)
8.58/8.69	['index', 'index', 'substr']: UNSAT (0.068 seconds)
8.68/8.76	['index', 'index', 'add']: UNSAT (0.035 seconds)
8.68/8.80	['index', 'index', 'sub']: UNSAT (0.036 seconds)
8.78/8.83	['index', 'length', 'length']: UNSAT (0.027 seconds)
8.78/8.86	['index', 'length', 'substr']: UNSAT (0.036 seconds)
8.78/8.90	['index', 'length', 'add']: UNSAT (0.030 seconds)
8.90/8.93	['index', 'length', 'sub']: UNSAT (0.029 seconds)
8.90/8.96	['index', 'substr', 'substr']: UNSAT (0.076 seconds)
9.01/9.03	['index', 'substr', 'add']: UNSAT (0.047 seconds)
9.01/9.08	['index', 'substr', 'sub']: UNSAT (0.056 seconds)
9.11/9.14	['index', 'add', 'add']: UNSAT (0.033 seconds)
9.11/9.17	['index', 'add', 'sub']: UNSAT (0.033 seconds)
9.18/9.21	['index', 'sub', 'sub']: UNSAT (0.033 seconds)
9.18/9.24	['length', 'length', 'length']: UNSAT (0.020 seconds)
9.18/9.26	['length', 'length', 'substr']: UNSAT (0.030 seconds)
9.18/9.29	['length', 'length', 'add']: UNSAT (0.023 seconds)
9.28/9.32	['length', 'length', 'sub']: UNSAT (0.022 seconds)
9.28/9.34	['length', 'substr', 'substr']: UNSAT (0.046 seconds)
9.28/9.39	['length', 'substr', 'add']: UNSAT (0.037 seconds)
9.38/9.42	['length', 'substr', 'sub']: UNSAT (0.039 seconds)
9.38/9.46	['length', 'add', 'add']: UNSAT (0.030 seconds)
9.38/9.49	['length', 'add', 'sub']: UNSAT (0.030 seconds)
9.48/9.52	['length', 'sub', 'sub']: UNSAT (0.028 seconds)
9.48/9.55	['substr', 'substr', 'substr']: UNSAT (0.056 seconds)
9.58/9.61	['substr', 'substr', 'add']: UNSAT (0.042 seconds)
9.58/9.65	['substr', 'substr', 'sub']: UNSAT (0.044 seconds)
9.68/9.70	['substr', 'add', 'add']: UNSAT (0.038 seconds)
9.68/9.74	['substr', 'add', 'sub']: UNSAT (0.035 seconds)
9.68/9.77	['substr', 'sub', 'sub']: UNSAT (0.035 seconds)
9.78/9.81	['add', 'add', 'add']: UNSAT (0.032 seconds)
9.78/9.84	['add', 'add', 'sub']: UNSAT (0.032 seconds)
9.78/9.88	['add', 'sub', 'sub']: UNSAT (0.033 seconds)
9.90/9.91	['sub', 'sub', 'sub']: UNSAT (0.032 seconds)
9.90/9.94	['concat', 'concat', 'concat', 'concat']: UNKNOWN (119.649 seconds)
129.48/129.59	Reason: smt tactic failed to show goal to be sat/unsat max-conflicts-reached
129.48/129.59	Reason: smt tactic failed to show goal to be sat/unsat max-conflicts-reached
129.48/129.59	['concat', 'concat', 'concat', 'index']: UNSAT (0.077 seconds)
129.58/129.67	['concat', 'concat', 'concat', 'length']: UNSAT (0.055 seconds)
129.68/129.73	['concat', 'concat', 'concat', 'substr']: UNKNOWN (61.508 seconds)
191.17/191.24	Reason: smt tactic failed to show goal to be sat/unsat max-conflicts-reached
191.17/191.24	Reason: smt tactic failed to show goal to be sat/unsat max-conflicts-reached
191.17/191.24	['concat', 'concat', 'concat', 'add']: UNSAT (0.045 seconds)
191.17/191.28	['concat', 'concat', 'concat', 'sub']: UNSAT (0.045 seconds)
191.26/191.33	['concat', 'concat', 'index', 'index']: UNSAT (0.056 seconds)
191.26/191.39	['concat', 'concat', 'index', 'length']: UNSAT (0.046 seconds)
191.36/191.43	['concat', 'concat', 'index', 'substr']: UNSAT (10.398 seconds)
201.76/201.83	['concat', 'concat', 'index', 'add']: UNSAT (0.049 seconds)
201.76/201.88	['concat', 'concat', 'index', 'sub']: UNSAT (0.046 seconds)
201.87/201.93	['concat', 'concat', 'length', 'length']: UNSAT (0.038 seconds)
201.87/201.97	['concat', 'concat', 'length', 'substr']: UNSAT (6.889 seconds)
208.76/208.86	['concat', 'concat', 'length', 'add']: UNSAT (0.041 seconds)
208.76/208.90	['concat', 'concat', 'length', 'sub']: UNSAT (0.041 seconds)
208.87/208.94	['concat', 'concat', 'substr', 'substr']: UNKNOWN (52.494 seconds)
261.36/261.44	Reason: smt tactic failed to show goal to be sat/unsat max-conflicts-reached
261.36/261.44	Reason: smt tactic failed to show goal to be sat/unsat max-conflicts-reached
261.36/261.44	['concat', 'concat', 'substr', 'add']: UNSAT (8.220 seconds)
269.56/269.66	['concat', 'concat', 'substr', 'sub']: UNSAT (5.902 seconds)
275.46/275.56	['concat', 'concat', 'add', 'add']: UNSAT (0.041 seconds)
275.56/275.60	['concat', 'concat', 'add', 'sub']: UNSAT (0.042 seconds)
275.56/275.65	['concat', 'concat', 'sub', 'sub']: UNSAT (0.041 seconds)
275.56/275.69	['concat', 'index', 'index', 'index']: UNSAT (0.058 seconds)
275.66/275.75	['concat', 'index', 'index', 'length']: UNSAT (0.048 seconds)
275.76/275.80	['concat', 'index', 'index', 'substr']: UNSAT (0.265 seconds)
276.02/276.06	['concat', 'index', 'index', 'add']: UNSAT (0.051 seconds)
276.02/276.12	['concat', 'index', 'index', 'sub']: UNSAT (0.051 seconds)
276.11/276.17	['concat', 'index', 'length', 'length']: UNSAT (0.039 seconds)
276.16/276.21	['concat', 'index', 'length', 'substr']: UNSAT (0.171 seconds)
276.26/276.38	['concat', 'index', 'length', 'add']: UNSAT (0.040 seconds)
276.36/276.42	['concat', 'index', 'length', 'sub']: UNSAT (0.043 seconds)
276.36/276.46	['concat', 'index', 'substr', 'substr']: UNSAT (2.454 seconds)
278.86/278.92	['concat', 'index', 'substr', 'add']: UNSAT (0.243 seconds)
279.12/279.16	['concat', 'index', 'substr', 'sub']: UNSAT (0.212 seconds)
279.26/279.38	['concat', 'index', 'add', 'add']: UNSAT (0.046 seconds)
279.36/279.42	['concat', 'index', 'add', 'sub']: UNSAT (0.047 seconds)
279.36/279.47	['concat', 'index', 'sub', 'sub']: UNSAT (0.046 seconds)
279.46/279.52	['concat', 'length', 'length', 'length']: UNSAT (0.033 seconds)
279.46/279.55	['concat', 'length', 'length', 'substr']: UNSAT (0.094 seconds)
279.56/279.65	['concat', 'length', 'length', 'add']: UNSAT (0.035 seconds)
279.56/279.68	['concat', 'length', 'length', 'sub']: UNSAT (0.035 seconds)
279.66/279.72	['concat', 'length', 'substr', 'substr']: UNSAT (1.306 seconds)
280.86/281.03	['concat', 'length', 'substr', 'add']: UNSAT (0.186 seconds)
281.16/281.21	['concat', 'length', 'substr', 'sub']: UNSAT (0.151 seconds)
281.26/281.37	['concat', 'length', 'add', 'add']: UNSAT (0.038 seconds)
281.36/281.41	['concat', 'length', 'add', 'sub']: UNSAT (0.038 seconds)
281.36/281.45	['concat', 'length', 'sub', 'sub']: UNSAT (0.041 seconds)
281.36/281.49	['concat', 'substr', 'substr', 'substr']: UNSAT (2.620 seconds)
284.00/284.11	['concat', 'substr', 'substr', 'add']: UNSAT (1.061 seconds)
285.12/285.17	['concat', 'substr', 'substr', 'sub']: UNSAT (1.009 seconds)
286.11/286.18	['concat', 'substr', 'add', 'add']: UNSAT (0.116 seconds)
286.26/286.30	['concat', 'substr', 'add', 'sub']: UNSAT (0.176 seconds)
286.36/286.48	['concat', 'substr', 'sub', 'sub']: UNSAT (0.222 seconds)
286.66/286.70	['concat', 'add', 'add', 'add']: UNSAT (0.046 seconds)
286.66/286.74	['concat', 'add', 'add', 'sub']: UNSAT (0.043 seconds)
286.66/286.79	['concat', 'add', 'sub', 'sub']: UNSAT (0.044 seconds)
286.76/286.83	['concat', 'sub', 'sub', 'sub']: UNSAT (0.045 seconds)
286.76/286.88	['index', 'index', 'index', 'index']: UNSAT (0.060 seconds)
286.86/286.94	['index', 'index', 'index', 'length']: UNSAT (0.049 seconds)
286.86/286.99	['index', 'index', 'index', 'substr']: UNSAT (0.152 seconds)
287.02/287.14	['index', 'index', 'index', 'add']: UNSAT (0.053 seconds)
287.16/287.20	['index', 'index', 'index', 'sub']: UNSAT (0.055 seconds)
287.16/287.25	['index', 'index', 'length', 'length']: UNSAT (0.042 seconds)
287.26/287.30	['index', 'index', 'length', 'substr']: UNSAT (0.056 seconds)
287.26/287.35	['index', 'index', 'length', 'add']: UNSAT (0.048 seconds)
287.36/287.40	['index', 'index', 'length', 'sub']: UNSAT (0.047 seconds)
287.36/287.45	['index', 'index', 'substr', 'substr']: UNSAT (0.140 seconds)
287.46/287.59	['index', 'index', 'substr', 'add']: UNSAT (0.082 seconds)
287.56/287.67	['index', 'index', 'substr', 'sub']: UNSAT (0.074 seconds)
287.66/287.75	['index', 'index', 'add', 'add']: UNSAT (0.053 seconds)
287.76/287.80	['index', 'index', 'add', 'sub']: UNSAT (0.053 seconds)
287.76/287.86	['index', 'index', 'sub', 'sub']: UNSAT (0.053 seconds)
287.86/287.91	['index', 'length', 'length', 'length']: UNSAT (0.035 seconds)
287.86/287.95	['index', 'length', 'length', 'substr']: UNSAT (0.050 seconds)
287.86/288.00	['index', 'length', 'length', 'add']: UNSAT (0.038 seconds)
287.86/288.04	['index', 'length', 'length', 'sub']: UNSAT (0.038 seconds)
288.03/288.07	['index', 'length', 'substr', 'substr']: UNSAT (0.084 seconds)
288.12/288.16	['index', 'length', 'substr', 'add']: UNSAT (0.063 seconds)
288.16/288.22	['index', 'length', 'substr', 'sub']: UNSAT (0.062 seconds)
288.16/288.29	['index', 'length', 'add', 'add']: UNSAT (0.043 seconds)
288.26/288.33	['index', 'length', 'add', 'sub']: UNSAT (0.046 seconds)
288.26/288.38	['index', 'length', 'sub', 'sub']: UNSAT (0.044 seconds)
288.36/288.42	['index', 'substr', 'substr', 'substr']: UNSAT (0.168 seconds)
288.46/288.59	['index', 'substr', 'substr', 'add']: UNSAT (0.094 seconds)
288.56/288.69	['index', 'substr', 'substr', 'sub']: UNSAT (0.100 seconds)
288.66/288.79	['index', 'substr', 'add', 'add']: UNSAT (0.070 seconds)
288.76/288.86	['index', 'substr', 'add', 'sub']: UNSAT (0.072 seconds)
288.86/288.93	['index', 'substr', 'sub', 'sub']: UNSAT (0.080 seconds)
288.86/289.01	['index', 'add', 'add', 'add']: UNSAT (0.053 seconds)
288.86/289.06	['index', 'add', 'add', 'sub']: UNSAT (0.051 seconds)
289.03/289.12	['index', 'add', 'sub', 'sub']: UNSAT (0.051 seconds)
289.12/289.17	['index', 'sub', 'sub', 'sub']: UNSAT (0.053 seconds)
289.16/289.22	['length', 'length', 'length', 'length']: UNSAT (0.028 seconds)
289.16/289.25	['length', 'length', 'length', 'substr']: UNSAT (0.036 seconds)
289.16/289.29	['length', 'length', 'length', 'add']: UNSAT (0.031 seconds)
289.26/289.32	['length', 'length', 'length', 'sub']: UNSAT (0.029 seconds)
289.26/289.35	['length', 'length', 'substr', 'substr']: UNSAT (0.070 seconds)
289.36/289.42	['length', 'length', 'substr', 'add']: UNSAT (0.051 seconds)
289.36/289.47	['length', 'length', 'substr', 'sub']: UNSAT (0.048 seconds)
289.46/289.52	['length', 'length', 'add', 'add']: UNSAT (0.035 seconds)
289.46/289.56	['length', 'length', 'add', 'sub']: UNSAT (0.033 seconds)
289.46/289.59	['length', 'length', 'sub', 'sub']: UNSAT (0.034 seconds)
289.56/289.63	['length', 'substr', 'substr', 'substr']: UNSAT (0.108 seconds)
289.66/289.74	['length', 'substr', 'substr', 'add']: UNSAT (0.079 seconds)
289.76/289.82	['length', 'substr', 'substr', 'sub']: UNSAT (0.080 seconds)
289.86/289.90	['length', 'substr', 'add', 'add']: UNSAT (0.053 seconds)
289.86/289.95	['length', 'substr', 'add', 'sub']: UNSAT (0.055 seconds)
289.86/290.01	['length', 'substr', 'sub', 'sub']: UNSAT (0.054 seconds)
289.99/290.06	['length', 'add', 'add', 'add']: UNSAT (0.041 seconds)
289.99/290.10	['length', 'add', 'add', 'sub']: UNSAT (0.046 seconds)
290.11/290.15	['length', 'add', 'sub', 'sub']: UNSAT (0.043 seconds)
290.11/290.19	['length', 'sub', 'sub', 'sub']: UNSAT (0.043 seconds)
290.16/290.24	['substr', 'substr', 'substr', 'substr']: UNSAT (0.114 seconds)
290.27/290.35	['substr', 'substr', 'substr', 'add']: UNSAT (0.077 seconds)
290.37/290.43	['substr', 'substr', 'substr', 'sub']: UNSAT (0.079 seconds)
290.47/290.51	['substr', 'substr', 'add', 'add']: UNSAT (0.057 seconds)
290.47/290.57	['substr', 'substr', 'add', 'sub']: UNSAT (0.055 seconds)
290.57/290.62	['substr', 'substr', 'sub', 'sub']: UNSAT (0.055 seconds)
290.57/290.68	['substr', 'add', 'add', 'add']: UNSAT (0.051 seconds)
290.67/290.73	['substr', 'add', 'add', 'sub']: UNSAT (0.050 seconds)
290.67/290.78	['substr', 'add', 'sub', 'sub']: UNSAT (0.049 seconds)
290.77/290.83	['substr', 'sub', 'sub', 'sub']: UNSAT (0.051 seconds)
290.77/290.88	['add', 'add', 'add', 'add']: UNSAT (0.047 seconds)
290.87/290.93	['add', 'add', 'add', 'sub']: UNSAT (0.045 seconds)
290.87/290.98	['add', 'add', 'sub', 'sub']: UNSAT (0.046 seconds)
290.87/291.02	['add', 'sub', 'sub', 'sub']: UNSAT (0.046 seconds)
291.02/291.07	['sub', 'sub', 'sub', 'sub']: UNSAT (0.046 seconds)
291.02/291.12	['concat', 'concat', 'concat', 'concat', 'concat']: UNKNOWN (161.685 seconds)
452.76/452.80	Reason: smt tactic failed to show goal to be sat/unsat max-conflicts-reached
452.76/452.80	Reason: smt tactic failed to show goal to be sat/unsat max-conflicts-reached
452.76/452.80	['concat', 'concat', 'concat', 'concat', 'index']: UNSAT (0.067 seconds)
452.76/452.87	['concat', 'concat', 'concat', 'concat', 'length']: UNSAT (0.058 seconds)
452.86/452.93	['concat', 'concat', 'concat', 'concat', 'substr']: UNKNOWN (70.786 seconds)
523.66/523.72	Reason: smt tactic failed to show goal to be sat/unsat max-conflicts-reached
523.66/523.72	Reason: smt tactic failed to show goal to be sat/unsat max-conflicts-reached
523.66/523.72	['concat', 'concat', 'concat', 'concat', 'add']: UNSAT (0.058 seconds)
523.66/523.78	['concat', 'concat', 'concat', 'concat', 'sub']: UNSAT (0.057 seconds)
523.76/523.84	['concat', 'concat', 'concat', 'index', 'index']: UNSAT (0.070 seconds)
523.86/523.91	['concat', 'concat', 'concat', 'index', 'length']: UNSAT (0.060 seconds)
523.86/523.97	['concat', 'concat', 'concat', 'index', 'substr']: UNKNOWN (73.782 seconds)
597.66/597.75	Reason: smt tactic failed to show goal to be sat/unsat max-conflicts-reached
597.66/597.75	Reason: smt tactic failed to show goal to be sat/unsat max-conflicts-reached
597.66/597.75	['concat', 'concat', 'concat', 'index', 'add']: UNSAT (0.060 seconds)
597.76/597.81	['concat', 'concat', 'concat', 'index', 'sub']: UNSAT (0.060 seconds)
597.76/597.87	['concat', 'concat', 'concat', 'length', 'length']: UNSAT (0.050 seconds)
597.86/597.92	['concat', 'concat', 'concat', 'length', 'substr']: 