0.13/0.25	=== Examples (../../dataset/examples/examples-04.json)
0.13/0.25	IO(inputs=('that/folder/',), output='thatfolder')
0.13/0.25	=== Library
0.13/0.25	concat
0.13/0.25	index
0.13/0.25	length
0.13/0.25	substr
0.13/0.25	add
0.13/0.25	sub
0.13/0.25	=== Synthesis
0.13/0.25	['concat']: UNSAT (0.024 seconds)
0.13/0.27	['index']: UNSAT (0.023 seconds)
0.27/0.30	['length']: UNSAT (0.018 seconds)
0.27/0.31	['substr']: UNSAT (0.028 seconds)
0.27/0.34	['add']: UNSAT (0.021 seconds)
0.27/0.37	['sub']: UNSAT (0.020 seconds)
0.27/0.39	['concat', 'concat']: UNSAT (0.034 seconds)
0.27/0.42	['concat', 'index']: UNSAT (0.034 seconds)
0.39/0.46	['concat', 'length']: UNSAT (0.024 seconds)
0.39/0.48	['concat', 'substr']: SAT (0.118 seconds)
0.39/0.60	concat('that', substr(arg0, 5, 6))
