0.13/0.24	=== Examples (../../dataset/examples/examples-14.json)
0.13/0.24	IO(inputs=('ABC',), output='abc')
0.13/0.24	=== Library
0.13/0.24	concat
0.13/0.24	index
0.13/0.24	length
0.13/0.24	substr
0.13/0.24	add
0.13/0.24	sub
0.13/0.24	=== Synthesis
0.13/0.24	['concat']: UNSAT (0.024 seconds)
0.13/0.27	['index']: UNSAT (0.024 seconds)
0.27/0.29	['length']: UNSAT (0.020 seconds)
0.27/0.32	['substr']: UNSAT (0.026 seconds)
0.27/0.34	['add']: UNSAT (0.022 seconds)
0.27/0.36	['sub']: UNSAT (0.021 seconds)
0.36/0.39	['concat', 'concat']: UNSAT (0.032 seconds)
0.36/0.42	['concat', 'index']: UNSAT (0.028 seconds)
0.36/0.45	['concat', 'length']: UNSAT (0.024 seconds)
0.36/0.47	['concat', 'substr']: SAT (0.039 seconds)
0.47/0.51	substr(concat('\\x00abc\\x00', arg0), 1, 3)
