0.17/0.20	=== Examples (../../dataset/examples/examples-18.json)
0.17/0.20	IO(inputs=('Lorem ipsum dolor sit amet cras amet.',), output='Lorem ipsum dolor sit amet cra...')
0.17/0.20	=== Library
0.17/0.20	concat
0.17/0.20	index
0.17/0.20	length
0.17/0.20	substr
0.17/0.20	add
0.17/0.20	sub
0.17/0.20	=== Synthesis
0.17/0.20	['concat']: UNSAT (0.024 seconds)
0.17/0.23	['index']: UNSAT (0.022 seconds)
0.17/0.25	['length']: UNSAT (0.018 seconds)
0.17/0.27	['substr']: UNSAT (0.031 seconds)
0.17/0.30	['add']: UNSAT (0.020 seconds)
0.17/0.32	['sub']: UNSAT (0.020 seconds)
0.31/0.34	['concat', 'concat']: UNSAT (0.034 seconds)
0.36/0.38	['concat', 'index']: UNSAT (0.033 seconds)
0.36/0.41	['concat', 'length']: UNSAT (0.027 seconds)
0.36/0.44	['concat', 'substr']: SAT (0.533 seconds)
0.88/0.97	concat(substr(arg0, 0, 30), '...')
