0.15/0.20	=== Examples (../../dataset/examples/examples-17.json)
0.15/0.20	IO(inputs=('Quisque sollicitudin volutpat.',), output='Quisque sollicitudin...')
0.15/0.20	=== Library
0.15/0.20	concat
0.15/0.20	index
0.15/0.20	length
0.15/0.20	substr
0.15/0.20	add
0.15/0.20	sub
0.15/0.20	=== Synthesis
0.15/0.20	['concat']: UNSAT (0.025 seconds)
0.15/0.22	['index']: UNSAT (0.024 seconds)
0.15/0.25	['length']: UNSAT (0.020 seconds)
0.15/0.27	['substr']: UNSAT (0.032 seconds)
0.15/0.30	['add']: UNSAT (0.021 seconds)
0.30/0.32	['sub']: UNSAT (0.021 seconds)
0.30/0.35	['concat', 'concat']: UNSAT (0.035 seconds)
0.30/0.38	['concat', 'index']: UNSAT (0.034 seconds)
0.30/0.42	['concat', 'length']: UNSAT (0.029 seconds)
0.30/0.45	['concat', 'substr']: SAT (0.609 seconds)
1.03/1.06	concat(substr(arg0, 0, 20), '...')
