0.14/0.19	=== Examples (../../dataset/examples/examples-08.json)
0.14/0.19	IO(inputs=('one|two|three',), output='one | two | three')
0.14/0.19	=== Library
0.14/0.19	concat
0.14/0.19	index
0.14/0.19	length
0.14/0.19	substr
0.14/0.19	add
0.14/0.19	sub
0.14/0.19	=== Synthesis
0.14/0.19	['concat']: UNSAT (0.023 seconds)
0.14/0.21	['index']: UNSAT (0.021 seconds)
0.14/0.23	['length']: UNSAT (0.016 seconds)
0.14/0.25	['substr']: UNSAT (0.022 seconds)
0.14/0.27	['add']: UNSAT (0.019 seconds)
0.27/0.29	['sub']: UNSAT (0.017 seconds)
0.27/0.31	['concat', 'concat']: UNSAT (0.053 seconds)
0.27/0.36	['concat', 'index']: UNSAT (0.028 seconds)
0.27/0.39	['concat', 'length']: UNSAT (0.022 seconds)
0.37/0.42	['concat', 'substr']: UNSAT (0.078 seconds)
0.47/0.50	['concat', 'add']: UNSAT (0.023 seconds)
0.47/0.52	['concat', 'sub']: UNSAT (0.024 seconds)
0.47/0.54	['index', 'index']: UNSAT (0.031 seconds)
0.47/0.58	['index', 'length']: UNSAT (0.023 seconds)
0.57/0.60	['index', 'substr']: UNSAT (0.035 seconds)
0.57/0.64	['index', 'add']: UNSAT (0.029 seconds)
0.64/0.67	['index', 'sub']: UNSAT (0.028 seconds)
0.64/0.69	['length', 'length']: UNSAT (0.019 seconds)
0.64/0.71	['length', 'substr']: UNSAT (0.025 seconds)
0.71/0.74	['length', 'add']: UNSAT (0.021 seconds)
0.71/0.76	['length', 'sub']: UNSAT (0.022 seconds)
0.71/0.78	['substr', 'substr']: UNSAT (0.033 seconds)
0.80/0.82	['substr', 'add']: UNSAT (0.028 seconds)
0.80/0.85	['substr', 'sub']: UNSAT (0.027 seconds)
0.80/0.87	['add', 'add']: UNSAT (0.024 seconds)
0.80/0.90	['add', 'sub']: UNSAT (0.024 seconds)
0.90/0.92	['sub', 'sub']: UNSAT (0.025 seconds)
0.90/0.95	['concat', 'concat', 'concat']: UNSAT (1.119 seconds)
1.90/2.07	['concat', 'concat', 'index']: UNSAT (0.040 seconds)
2.06/2.11	['concat', 'concat', 'length']: UNSAT (0.033 seconds)
2.06/2.14	['concat', 'concat', 'substr']: UNSAT (6.927 seconds)
9.03/9.07	['concat', 'concat', 'add']: UNSAT (0.033 seconds)
9.03/9.11	['concat', 'concat', 'sub']: UNSAT (0.033 seconds)
9.03/9.14	['concat', 'index', 'index']: UNSAT (0.039 seconds)
9.14/9.18	['concat', 'index', 'length']: UNSAT (0.033 seconds)
9.14/9.21	['concat', 'index', 'substr']: UNSAT (0.171 seconds)
9.30/9.38	['concat', 'index', 'add']: UNSAT (0.036 seconds)
9.40/9.42	['concat', 'index', 'sub']: UNSAT (0.036 seconds)
9.40/9.46	['concat', 'length', 'length']: UNSAT (0.028 seconds)
9.40/9.49	['concat', 'length', 'substr']: UNSAT (0.153 seconds)
9.60/9.64	['concat', 'length', 'add']: UNSAT (0.029 seconds)
9.60/9.67	['concat', 'length', 'sub']: UNSAT (0.029 seconds)
9.60/9.70	['concat', 'substr', 'substr']: UNSAT (0.380 seconds)
10.03/10.08	['concat', 'substr', 'add']: UNSAT (0.108 seconds)
10.14/10.19	['concat', 'substr', 'sub']: UNSAT (0.115 seconds)
10.20/10.30	['concat', 'add', 'add']: UNSAT (0.033 seconds)
10.30/10.34	['concat', 'add', 'sub']: UNSAT (0.032 seconds)
10.30/10.37	['concat', 'sub', 'sub']: UNSAT (0.031 seconds)
10.30/10.40	['index', 'index', 'index']: UNSAT (0.043 seconds)
10.40/10.45	['index', 'index', 'length']: UNSAT (0.037 seconds)
10.40/10.49	['index', 'index', 'substr']: UNSAT (0.064 seconds)
10.50/10.55	['index', 'index', 'add']: UNSAT (0.041 seconds)
10.50/10.59	['index', 'index', 'sub']: UNSAT (0.037 seconds)
10.60/10.63	['index', 'length', 'length']: UNSAT (0.028 seconds)
10.60/10.66	['index', 'length', 'substr']: UNSAT (0.037 seconds)
10.60/10.70	['index', 'length', 'add']: UNSAT (0.030 seconds)
10.70/10.73	['index', 'length', 'sub']: UNSAT (0.030 seconds)
10.70/10.76	['index', 'substr', 'substr']: UNSAT (0.080 seconds)
10.80/10.84	['index', 'substr', 'add']: UNSAT (0.047 seconds)
10.80/10.89	['index', 'substr', 'sub']: UNSAT (0.057 seconds)
10.90/10.95	['index', 'add', 'add']: UNSAT (0.037 seconds)
10.90/10.98	['index', 'add', 'sub']: UNSAT (0.037 seconds)
10.90/11.02	['index', 'sub', 'sub']: UNSAT (0.038 seconds)
11.03/11.06	['length', 'length', 'length']: UNSAT (0.024 seconds)
11.03/11.09	['length', 'length', 'substr']: UNSAT (0.033 seconds)
11.03/11.12	['length', 'length', 'add']: UNSAT (0.026 seconds)
11.03/11.15	['length', 'length', 'sub']: UNSAT (0.026 seconds)
11.14/11.17	['length', 'substr', 'substr']: UNSAT (0.049 seconds)
11.20/11.22	['length', 'substr', 'add']: UNSAT (0.038 seconds)
11.20/11.26	['length', 'substr', 'sub']: UNSAT (0.038 seconds)
11.20/11.30	['length', 'add', 'add']: UNSAT (0.032 seconds)
11.30/11.33	['length', 'add', 'sub']: UNSAT (0.029 seconds)
11.30/11.36	['length', 'sub', 'sub']: UNSAT (0.028 seconds)
11.30/11.39	['substr', 'substr', 'substr']: UNSAT (0.055 seconds)
11.40/11.45	['substr', 'substr', 'add']: UNSAT (0.045 seconds)
11.40/11.49	['substr', 'substr', 'sub']: UNSAT (0.044 seconds)
11.50/11.54	['substr', 'add', 'add']: UNSAT (0.038 seconds)
11.50/11.58	['substr', 'add', 'sub']: UNSAT (0.037 seconds)
11.50/11.61	['substr', 'sub', 'sub']: UNSAT (0.039 seconds)
11.60/11.65	['add', 'add', 'add']: UNSAT (0.034 seconds)
11.60/11.69	['add', 'add', 'sub']: UNSAT (0.032 seconds)
11.70/11.72	['add', 'sub', 'sub']: UNSAT (0.033 seconds)
11.70/11.76	['sub', 'sub', 'sub']: UNSAT (0.035 seconds)
11.70/11.79	['concat', 'concat', 'concat', 'concat']: UNKNOWN (94.795 seconds)
106.46/106.59	Reason: smt tactic failed to show goal to be sat/unsat max-conflicts-reached
106.46/106.59	Reason: smt tactic failed to show goal to be sat/unsat max-conflicts-reached
106.46/106.59	['concat', 'concat', 'concat', 'index']: UNSAT (0.052 seconds)
106.56/106.64	['concat', 'concat', 'concat', 'length']: UNSAT (0.045 seconds)
106.56/106.69	['concat', 'concat', 'concat', 'substr']: UNKNOWN (28.046 seconds)
134.65/134.73	Reason: smt tactic failed to show goal to be sat/unsat max-conflicts-reached
134.65/134.73	Reason: smt tactic failed to show goal to be sat/unsat max-conflicts-reached
134.65/134.73	['concat', 'concat', 'concat', 'add']: UNSAT (0.042 seconds)
134.65/134.78	['concat', 'concat', 'concat', 'sub']: UNSAT (0.044 seconds)
134.75/134.82	['concat', 'concat', 'index', 'index']: UNSAT (0.054 seconds)
134.75/134.88	['concat', 'concat', 'index', 'length']: UNSAT (0.045 seconds)
134.85/134.92	['concat', 'concat', 'index', 'substr']: UNSAT (9.160 seconds)
143.99/144.08	['concat', 'concat', 'index', 'add']: UNSAT (0.045 seconds)
143.99/144.13	['concat', 'concat', 'index', 'sub']: UNSAT (0.042 seconds)
144.09/144.17	['concat', 'concat', 'length', 'length']: UNSAT (0.035 seconds)
144.09/144.21	['concat', 'concat', 'length', 'substr']: UNSAT (6.429 seconds)
150.54/150.64	['concat', 'concat', 'length', 'add']: UNSAT (0.036 seconds)
150.54/150.68	['concat', 'concat', 'length', 'sub']: UNSAT (0.035 seconds)
150.54/150.71	['concat', 'concat', 'substr', 'substr']: UNKNOWN (34.653 seconds)
185.24/185.37	Reason: smt tactic failed to show goal to be sat/unsat max-conflicts-reached
185.24/185.37	Reason: smt tactic failed to show goal to be sat/unsat max-conflicts-reached
185.24/185.37	['concat', 'concat', 'substr', 'add']: UNSAT (4.702 seconds)
189.98/190.07	['concat', 'concat', 'substr', 'sub']: UNSAT (4.380 seconds)
194.34/194.45	['concat', 'concat', 'add', 'add']: UNSAT (0.038 seconds)
194.34/194.49	['concat', 'concat', 'add', 'sub']: UNSAT (0.037 seconds)
194.44/194.53	['concat', 'concat', 'sub', 'sub']: UNSAT (0.038 seconds)
194.44/194.57	['concat', 'index', 'index', 'index']: UNSAT (0.052 seconds)
194.54/194.62	['concat', 'index', 'index', 'length']: UNSAT (0.046 seconds)
194.54/194.67	['concat', 'index', 'index', 'substr']: UNSAT (1.348 seconds)
195.84/196.02	['concat', 'index', 'index', 'add']: UNSAT (0.049 seconds)
195.98/196.07	['concat', 'index', 'index', 'sub']: UNSAT (0.047 seconds)
195.98/196.11	['concat', 'index', 'length', 'length']: UNSAT (0.038 seconds)
195.98/196.15	['concat', 'index', 'length', 'substr']: UNSAT (0.508 seconds)
196.54/196.66	['concat', 'index', 'length', 'add']: UNSAT (0.038 seconds)
196.54/196.70	['concat', 'index', 'length', 'sub']: UNSAT (0.037 seconds)
196.64/196.74	['concat', 'index', 'substr', 'substr']: UNSAT (1.811 seconds)
198.44/198.55	['concat', 'index', 'substr', 'add']: UNSAT (0.229 seconds)
198.64/198.78	['concat', 'index', 'substr', 'sub']: UNSAT (0.364 seconds)
198.98/199.15	['concat', 'index', 'add', 'add']: UNSAT (0.044 seconds)
199.09/199.19	['concat', 'index', 'add', 'sub']: UNSAT (0.045 seconds)
199.14/199.24	['concat', 'index', 'sub', 'sub']: UNSAT (0.043 seconds)
199.14/199.28	['concat', 'length', 'length', 'length']: UNSAT (0.030 seconds)
199.14/199.31	['concat', 'length', 'length', 'substr']: UNSAT (0.135 seconds)
199.34/199.45	['concat', 'length', 'length', 'add']: UNSAT (0.031 seconds)
199.34/199.48	['concat', 'length', 'length', 'sub']: UNSAT (0.031 seconds)
199.34/199.51	['concat', 'length', 'substr', 'substr']: UNSAT (1.711 seconds)
201.14/201.22	['concat', 'length', 'substr', 'add']: UNSAT (0.161 seconds)
201.24/201.38	['concat', 'length', 'substr', 'sub']: UNSAT (0.138 seconds)
201.44/201.52	['concat', 'length', 'add', 'add']: UNSAT (0.034 seconds)
201.44/201.56	['concat', 'length', 'add', 'sub']: UNSAT (0.035 seconds)
201.44/201.59	['concat', 'length', 'sub', 'sub']: UNSAT (0.035 seconds)
201.54/201.63	['concat', 'substr', 'substr', 'substr']: UNSAT (2.705 seconds)
204.24/204.33	['concat', 'substr', 'substr', 'add']: UNSAT (1.447 seconds)
205.64/205.78	['concat', 'substr', 'substr', 'sub']: UNSAT (0.986 seconds)
206.64/206.77	['concat', 'substr', 'add', 'add']: UNSAT (0.163 seconds)
206.84/206.93	['concat', 'substr', 'add', 'sub']: UNSAT (0.144 seconds)
206.98/207.08	['concat', 'substr', 'sub', 'sub']: UNSAT (0.140 seconds)
207.14/207.22	['concat', 'add', 'add', 'add']: UNSAT (0.043 seconds)
207.14/207.26	['concat', 'add', 'add', 'sub']: UNSAT (0.042 seconds)
207.14/207.31	['concat', 'add', 'sub', 'sub']: UNSAT (0.041 seconds)
207.24/207.35	['concat', 'sub', 'sub', 'sub']: UNSAT (0.043 seconds)
207.24/207.39	['index', 'index', 'index', 'index']: UNSAT (0.057 seconds)
207.34/207.45	['index', 'index', 'index', 'length']: UNSAT (0.046 seconds)
207.34/207.50	['index', 'index', 'index', 'substr']: UNSAT (0.119 seconds)
207.54/207.62	['index', 'index', 'index', 'add']: UNSAT (0.051 seconds)
207.54/207.67	['index', 'index', 'index', 'sub']: UNSAT (0.050 seconds)
207.64/207.72	['index', 'index', 'length', 'length']: UNSAT (0.038 seconds)
207.64/207.76	['index', 'index', 'length', 'substr']: UNSAT (0.051 seconds)
207.64/207.81	['index', 'index', 'length', 'add']: UNSAT (0.041 seconds)
207.74/207.85	['index', 'index', 'length', 'sub']: UNSAT (0.041 seconds)
207.74/207.89	['index', 'index', 'substr', 'substr']: UNSAT (0.124 seconds)
207.84/208.02	['index', 'index', 'substr', 'add']: UNSAT (0.073 seconds)
207.98/208.09	['index', 'index', 'substr', 'sub']: UNSAT (0.066 seconds)
208.09/208.16	['index', 'index', 'add', 'add']: UNSAT (0.049 seconds)
208.09/208.21	['index', 'index', 'add', 'sub']: UNSAT (0.048 seconds)
208.14/208.26	['index', 'index', 'sub', 'sub']: UNSAT (0.050 seconds)
208.14/208.31	['index', 'length', 'length', 'length']: UNSAT (0.032 seconds)
208.24/208.34	['index', 'length', 'length', 'substr']: UNSAT (0.046 seconds)
208.24/208.39	['index', 'length', 'length', 'add']: UNSAT (0.034 seconds)
208.34/208.42	['index', 'length', 'length', 'sub']: UNSAT (0.034 seconds)
208.34/208.46	['index', 'length', 'substr', 'substr']: UNSAT (0.072 seconds)
208.44/208.53	['index', 'length', 'substr', 'add']: UNSAT (0.055 seconds)
208.44/208.59	['index', 'length', 'substr', 'sub']: UNSAT (0.056 seconds)
208.54/208.64	['index', 'length', 'add', 'add']: UNSAT (0.041 seconds)
208.54/208.69	['index', 'length', 'add', 'sub']: UNSAT (0.039 seconds)
208.64/208.73	['index', 'length', 'sub', 'sub']: UNSAT (0.038 seconds)
208.64/208.76	['index', 'substr', 'substr', 'substr']: UNSAT (0.150 seconds)
208.84/208.92	['index', 'substr', 'substr', 'add']: UNSAT (0.083 seconds)
208.84/209.00	['index', 'substr', 'substr', 'sub']: UNSAT (0.121 seconds)
208.98/209.12	['index', 'substr', 'add', 'add']: UNSAT (0.061 seconds)
209.09/209.18	['index', 'substr', 'add', 'sub']: UNSAT (0.065 seconds)
209.14/209.25	['index', 'substr', 'sub', 'sub']: UNSAT (0.070 seconds)
209.24/209.32	['index', 'add', 'add', 'add']: UNSAT (0.050 seconds)
209.24/209.37	['index', 'add', 'add', 'sub']: UNSAT (0.049 seconds)
209.34/209.42	['index', 'add', 'sub', 'sub']: UNSAT (0.050 seconds)
209.34/209.47	['index', 'sub', 'sub', 'sub']: UNSAT (0.048 seconds)
209.44/209.52	['length', 'length', 'length', 'length']: UNSAT (0.026 seconds)
209.44/209.55	['length', 'length', 'length', 'substr']: UNSAT (0.033 seconds)
209.44/209.58	['length', 'length', 'length', 'add']: UNSAT (0.027 seconds)
209.44/209.61	['length', 'length', 'length', 'sub']: UNSAT (0.028 seconds)
209.54/209.64	['length', 'length', 'substr', 'substr']: UNSAT (0.059 seconds)
209.54/209.70	['length', 'length', 'substr', 'add']: UNSAT (0.043 seconds)
209.64/209.74	['length', 'length', 'substr', 'sub']: UNSAT (0.042 seconds)
209.64/209.79	['length', 'length', 'add', 'add']: UNSAT (0.032 seconds)
209.74/209.82	['length', 'length', 'add', 'sub']: UNSAT (0.031 seconds)
209.74/209.85	['length', 'length', 'sub', 'sub']: UNSAT (0.031 seconds)
209.74/209.88	['length', 'substr', 'substr', 'substr']: UNSAT (0.093 seconds)
209.84/209.98	['length', 'substr', 'substr', 'add']: UNSAT (0.069 seconds)
209.84/210.05	['length', 'substr', 'substr', 'sub']: UNSAT (0.072 seconds)
209.98/210.12	['length', 'substr', 'add', 'add']: UNSAT (0.049 seconds)
210.09/210.17	['length', 'substr', 'add', 'sub']: UNSAT (0.051 seconds)
210.14/210.22	['length', 'substr', 'sub', 'sub']: UNSAT (0.050 seconds)
210.14/210.27	['length', 'add', 'add', 'add']: UNSAT (0.039 seconds)
210.14/210.31	['length', 'add', 'add', 'sub']: UNSAT (0.038 seconds)
210.24/210.35	['length', 'add', 'sub', 'sub']: UNSAT (0.040 seconds)
210.24/210.39	['length', 'sub', 'sub', 'sub']: UNSAT (0.039 seconds)
210.34/210.43	['substr', 'substr', 'substr', 'substr']: UNSAT (0.095 seconds)
210.44/210.53	['substr', 'substr', 'substr', 'add']: UNSAT (0.067 seconds)
210.44/210.60	['substr', 'substr', 'substr', 'sub']: UNSAT (0.068 seconds)
210.54/210.67	['substr', 'substr', 'add', 'add']: UNSAT (0.053 seconds)
210.64/210.72	['substr', 'substr', 'add', 'sub']: UNSAT (0.050 seconds)
210.64/210.77	['substr', 'substr', 'sub', 'sub']: UNSAT (0.051 seconds)
210.74/210.82	['substr', 'add', 'add', 'add']: UNSAT (0.047 seconds)
210.74/210.87	['substr', 'add', 'add', 'sub']: UNSAT (0.046 seconds)
210.84/210.92	['substr', 'add', 'sub', 'sub']: UNSAT (0.046 seconds)
210.84/210.96	['substr', 'sub', 'sub', 'sub']: UNSAT (0.046 seconds)
210.84/211.01	['add', 'add', 'add', 'add']: UNSAT (0.043 seconds)
210.97/211.05	['add', 'add', 'add', 'sub']: UNSAT (0.042 seconds)
210.97/211.10	['add', 'add', 'sub', 'sub']: UNSAT (0.043 seconds)
210.97/211.14	['add', 'sub', 'sub', 'sub']: UNSAT (0.042 seconds)
211.08/211.18	['sub', 'sub', 'sub', 'sub']: UNSAT (0.043 seconds)
211.14/211.23	['concat', 'concat', 'concat', 'concat', 'concat']: UNKNOWN (63.836 seconds)
274.95/275.06	Reason: smt tactic failed to show goal to be sat/unsat max-conflicts-reached
274.95/275.06	Reason: smt tactic failed to show goal to be sat/unsat max-conflicts-reached
274.95/275.06	['concat', 'concat', 'concat', 'concat', 'index']: UNSAT (0.067 seconds)
274.95/275.13	['concat', 'concat', 'concat', 'concat', 'length']: UNSAT (0.058 seconds)
275.08/275.19	['concat', 'concat', 'concat', 'concat', 'substr']: UNKNOWN (61.659 seconds)
336.74/336.85	Reason: smt tactic failed to show goal to be sat/unsat max-conflicts-reached
336.74/336.85	Reason: smt tactic failed to show goal to be sat/unsat max-conflicts-reached
336.74/336.85	['concat', 'concat', 'concat', 'concat', 'add']: UNSAT (0.054 seconds)
336.74/336.91	['concat', 'concat', 'concat', 'concat', 'sub']: UNSAT (0.053 seconds)
336.84/336.96	['concat', 'concat', 'concat', 'index', 'index']: UNSAT (0.067 seconds)
336.94/337.03	['concat', 'concat', 'concat', 'index', 'length']: UNSAT (0.057 seconds)
336.94/337.09	['concat', 'concat', 'concat', 'index', 'substr']: UNKNOWN (35.989 seconds)
372.94/373.08	Reason: smt tactic failed to show goal to be sat/unsat max-conflicts-reached
372.94/373.08	Reason: smt tactic failed to show goal to be sat/unsat max-conflicts-reached
372.94/373.08	['concat', 'concat', 'concat', 'index', 'add']: UNSAT (0.061 seconds)
372.94/373.14	['concat', 'concat', 'concat', 'index', 'sub']: UNSAT (0.059 seconds)
373.07/373.20	['concat', 'concat', 'concat', 'length', 'length']: UNSAT (0.051 seconds)
373.18/373.25	['concat', 'concat', 'concat', 'length', 'substr']: UNKNOWN (47.164 seconds)
420.34/420.42	Reason: smt tactic failed to show goal to be sat/unsat max-conflicts-reached
420.34/420.42	Reason: smt tactic failed to show goal to be sat/unsat max-conflicts-reached
420.34/420.42	['concat', 'concat', 'concat', 'length', 'add']: UNSAT (0.048 seconds)
420.34/420.46	['concat', 'concat', 'concat', 'length', 'sub']: UNSAT (0.048 seconds)
420.34/420.51	['concat', 'concat', 'concat', 'substr', 'substr']: SAT (25.351 seconds)
445.74/445.87	concat(concat('one ', substr(concat('wo | ', substr(arg0, 8, 8)), 3, 3)), concat('wo | ', substr(arg0, 8, 8)))
