0.11/0.20	=== Examples (../../dataset/examples/examples-73.json)
0.11/0.20	IO(inputs=('Sed metus urna turpis duis.',), output='...rpis duis.')
0.11/0.20	=== Library
0.11/0.20	concat
0.11/0.20	index
0.11/0.20	length
0.11/0.20	substr
0.11/0.20	add
0.11/0.20	sub
0.11/0.20	=== Synthesis
0.11/0.20	['concat']: UNSAT (0.024 seconds)
0.11/0.23	['index']: UNSAT (0.022 seconds)
0.11/0.25	['length']: UNSAT (0.018 seconds)
0.11/0.27	['substr']: UNSAT (0.040 seconds)
0.11/0.31	['add']: UNSAT (0.021 seconds)
0.26/0.33	['sub']: UNSAT (0.021 seconds)
0.26/0.35	['concat', 'concat']: UNSAT (0.034 seconds)
0.26/0.39	['concat', 'index']: UNSAT (0.033 seconds)
0.26/0.42	['concat', 'length']: UNSAT (0.027 seconds)
0.42/0.45	['concat', 'substr']: SAT (0.580 seconds)
0.89/1.03	concat('...r', substr(arg0, 18, 7084))
