0.00/0.19	=== Examples (../../dataset/examples/examples-30.json)
0.00/0.19	IO(inputs=('outsystems.com',), output='outsystems')
0.00/0.19	IO(inputs=('cmu.edu',), output='cmu')
0.00/0.19	IO(inputs=('tecnico.pt',), output='tecnico')
0.00/0.19	=== Library
0.00/0.19	concat
0.00/0.19	index
0.00/0.19	length
0.00/0.19	replace
0.00/0.19	substr
0.00/0.19	to_lower
0.00/0.19	to_upper
0.00/0.19	trim
0.00/0.19	trim_start
0.00/0.19	trim_end
0.00/0.19	add
0.00/0.19	sub
0.00/0.19	=== Synthesis
0.00/0.19	['concat']: UNSAT (0.028 seconds)
0.00/0.22	['index']: UNSAT (0.026 seconds)
0.00/0.24	['length']: UNSAT (0.019 seconds)
0.00/0.26	['replace']: 