0.11/0.20	=== Examples (../../dataset/examples/examples-57.json)
0.11/0.20	IO(inputs=('what are you doing? (sorry)',), output='what are you doing? (sorry)')
0.11/0.20	IO(inputs=('did you want that? (hmm..)',), output='did you want that? (hmm..)')
0.11/0.20	IO(inputs=('maybe with sub? (oh i see)',), output='maybe with sub? (oh i see)')
0.11/0.20	=== Library
0.11/0.20	concat
0.11/0.20	index
0.11/0.20	length
0.11/0.20	replace
0.11/0.20	substr
0.11/0.20	to_lower
0.11/0.20	to_upper
0.11/0.20	trim
0.11/0.20	trim_start
0.11/0.20	trim_end
0.11/0.20	add
0.11/0.20	sub
0.11/0.20	=== Synthesis
0.11/0.20	['concat']: SAT (0.033 seconds)
0.11/0.24	concat(arg0, '')
