0.00/0.21	=== Examples (../../dataset/examples/examples-86.json)
0.00/0.21	IO(inputs=('Sed euismod congue porta. Phasellus posuere rutrum porttitor. Curabitur nec pellentesque sem, luctus volutpat.',), output='Sed euismod congue porta. phasellus posuere rutrum porttitor. curabitur nec pellentesque sem, luctus')
0.00/0.21	IO(inputs=('Quisque magna velit, congue ac dictum in, blandit et arcu. Quisque sit amet tempor dui, id venenatis volutpat.',), output='Quisque magna velit, congue ac dictum in, blandit et arcu. quisque sit amet tempor dui, id venenatis')
0.00/0.21	IO(inputs=('Sed et luctus dui. Integer dolor tortor, mattis eu egestas et, luctus vitae nunc. Nam in nisl lorem. In metus.',), output='Sed et luctus dui. integer dolor tortor, mattis eu egestas et, luctus vitae nunc. nam in nisl lorem.')
0.00/0.21	=== Library
0.00/0.21	concat
0.00/0.21	index
0.00/0.21	length
0.00/0.21	replace
0.00/0.21	substr
0.00/0.21	to_lower
0.00/0.21	to_upper
0.00/0.21	trim
0.00/0.21	trim_start
0.00/0.21	trim_end
0.00/0.21	add
0.00/0.21	sub
0.00/0.21	=== Synthesis
0.00/0.21	['concat']: UNSAT (0.034 seconds)
0.00/0.24	['index']: UNSAT (0.031 seconds)
0.00/0.27	['length']: UNSAT (0.021 seconds)
0.00/0.29	['replace']: 