0.00/0.24	=== Examples (../../dataset/examples/examples-33.json)
0.00/0.24	IO(inputs=('A001 John Doe',), output='John')
0.00/0.24	IO(inputs=('B234 Jane Moe',), output='Jane')
0.00/0.24	IO(inputs=('C099 Not a standard',), output='Not ')
0.00/0.24	=== Library
0.00/0.24	concat
0.00/0.24	index
0.00/0.24	length
0.00/0.24	replace
0.00/0.24	substr
0.00/0.24	to_lower
0.00/0.24	to_upper
0.00/0.24	trim
0.00/0.24	trim_start
0.00/0.24	trim_end
0.00/0.24	add
0.00/0.24	sub
0.00/0.24	=== Synthesis
0.00/0.24	['concat']: UNSAT (0.032 seconds)
0.24/0.27	['index']: UNSAT (0.031 seconds)
0.24/0.30	['length']: UNSAT (0.022 seconds)
0.24/0.33	['replace']: 