0.00/0.19	=== Examples (../../dataset/examples/examples-89.json)
0.00/0.19	IO(inputs=('|George|Maebe|Michael|',), output='Enviado para George, Maebe, Michael')
0.00/0.19	IO(inputs=('|John|Jane|Joao|',), output='Enviado para John, Jane, Joao')
0.00/0.19	IO(inputs=('|Abc|Def|Ghi|',), output='Enviado para Abc, Def, Ghi')
0.00/0.19	=== Library
0.00/0.19	concat
0.00/0.19	index
0.00/0.19	length
0.00/0.19	replace
0.00/0.19	substr
0.00/0.19	to_lower
0.00/0.19	to_upper
0.00/0.19	trim
0.00/0.19	trim_start
0.00/0.19	trim_end
0.00/0.19	add
0.00/0.19	sub
0.00/0.19	=== Synthesis
0.00/0.19	['concat']: UNSAT (0.031 seconds)
0.00/0.23	['index']: UNSAT (0.031 seconds)
0.00/0.26	['length']: UNSAT (0.022 seconds)
0.00/0.28	['replace']: 