0.00/0.28	=== Examples (../../dataset/examples/examples-82.json)
0.00/0.28	IO(inputs=('take last three', 'and add this'), output='ree and add this')
0.00/0.28	IO(inputs=('ueueueueueu', 'xyz'), output='ueu xyz')
0.00/0.28	IO(inputs=('george not', 'and maebe'), output='not and maebe')
0.00/0.28	=== Library
0.00/0.28	concat
0.00/0.28	index
0.00/0.28	length
0.00/0.28	replace
0.00/0.28	substr
0.00/0.28	to_lower
0.00/0.28	to_upper
0.00/0.28	trim
0.00/0.28	trim_start
0.00/0.28	trim_end
0.00/0.28	add
0.00/0.28	sub
0.00/0.28	=== Synthesis
0.00/0.28	['concat']: UNSAT (0.058 seconds)
0.00/0.34	['index']: UNSAT (0.059 seconds)
0.27/0.40	['length']: UNSAT (0.022 seconds)
0.27/0.42	['replace']: 