600.02/600.08	=== Examples (examples-83.json)
600.02/600.08	(["george","conchichina xy"],"george At:conchichina")
600.02/600.08	(["maebe","terra de sao nunca a tarde ab"],"maebe At:terra de sao nunca a tarde")
600.02/600.08	=== Library
600.02/600.08	Concat
600.02/600.08	Index
600.02/600.08	Length
600.02/600.08	Substr
600.02/600.08	Add
600.02/600.08	Sub
600.02/600.08	=== Synthesis
600.02/600.08	Size: 1
600.02/600.08	Size: 2
600.02/600.08	Size: 3
600.02/600.08	outsynth2: 
600.02/600.08	*** Data.SBV: fd:6: hGetLine: end of file:
600.02/600.08	***
600.02/600.08	***    Sent      : (check-sat)
600.02/600.08	***
600.02/600.08	***    Executable: /home/rodrigo/bin/z3
600.02/600.08	***    Options   : -nw -in -smt2
600.02/600.08	
