600.01/600.04	=== Examples (examples-22.json)
600.01/600.04	(["Suspendisse nec dapibus elit.\nMauris in purus est.\nVestibulum ac viverra quam.\nAliquam a elementum felis.\nSed sollicitudin nullam."],"Suspendisse nec dapibus elit.    Mauris in purus est.    Vestibulum ac viverra quam.    Aliquam a elementum felis.    Sed sollicitudin nullam.")
600.01/600.04	(["Nulla accumsan hendrerit neque, eu ornare felis gravida id.\nPraesent tempor metus posuere."],"Nulla accumsan hendrerit neque, eu ornare felis gravida id.    Praesent tempor metus posuere.")
600.01/600.04	=== Library
600.01/600.04	Concat
600.01/600.04	Index
600.01/600.04	Length
600.01/600.04	Substr
600.01/600.04	Add
600.01/600.04	Sub
600.01/600.04	=== Synthesis
600.01/600.04	Size: 1
600.01/600.04	Size: 2
600.01/600.04	Size: 3
600.01/600.04	outsynth2: 
600.01/600.04	*** Data.SBV: fd:6: hGetLine: end of file:
600.01/600.04	***
600.01/600.04	***    Sent      : (check-sat)
600.01/600.04	***
600.01/600.04	***    Executable: /home/rodrigo/bin/z3
600.01/600.04	***    Options   : -nw -in -smt2
600.01/600.04	
