345.13/345.24	=== Examples (examples-47.json)
345.13/345.24	(["00123"],"123")
345.13/345.24	=== Library
345.13/345.24	Add
345.13/345.24	Concat
345.13/345.24	Index
345.13/345.24	Length
345.13/345.24	Replace
345.13/345.24	Sub
345.13/345.24	Substr
345.13/345.24	ToLower
345.13/345.24	ToUpper
345.13/345.24	Trim
345.13/345.24	TrimEnd
345.13/345.24	TrimStart
345.13/345.24	=== Synthesis
345.13/345.24	Size: 1
345.13/345.24	=== Program
345.13/345.24	prog(x0):
345.13/345.24	  c0 = "123"
345.13/345.24	  r0 = Replace(c0, x0, x0)
345.13/345.24	
