170.28/170.31	=== Examples (examples-52.json)
170.28/170.31	(["hello  "],"HELLO")
170.28/170.31	=== Library
170.28/170.31	Add
170.28/170.31	Concat
170.28/170.31	Index
170.28/170.31	Length
170.28/170.31	Replace
170.28/170.31	Sub
170.28/170.31	Substr
170.28/170.31	ToLower
170.28/170.31	ToUpper
170.28/170.31	Trim
170.28/170.31	TrimEnd
170.28/170.31	TrimStart
170.28/170.31	=== Synthesis
170.28/170.31	Size: 1
170.28/170.31	=== Program
170.28/170.31	prog(x0):
170.28/170.31	  c0 = "HELLO"
170.28/170.31	  r0 = Replace(c0, x0, c0)
170.28/170.31	
