247.39/247.40	=== Examples (examples-10.json)
247.39/247.40	(["hello word"],"hello word")
247.39/247.40	=== Library
247.39/247.40	Add
247.39/247.40	Concat
247.39/247.40	Index
247.39/247.40	Length
247.39/247.40	Replace
247.39/247.40	Sub
247.39/247.40	Substr
247.39/247.40	ToLower
247.39/247.40	ToUpper
247.39/247.40	Trim
247.39/247.40	TrimEnd
247.39/247.40	TrimStart
247.39/247.40	=== Synthesis
247.39/247.40	Size: 1
247.39/247.40	=== Program
247.39/247.40	prog(x0):
247.39/247.40	  c0 = " "
247.39/247.40	  r0 = Replace(c0, c0, x0)
247.39/247.40	
