190.56/190.67	=== Examples (examples-32.json)
190.56/190.67	(["random,csv"],"random")
190.56/190.67	=== Library
190.56/190.67	Add
190.56/190.67	Concat
190.56/190.67	Index
190.56/190.67	Length
190.56/190.67	Replace
190.56/190.67	Sub
190.56/190.67	Substr
190.56/190.67	ToLower
190.56/190.67	ToUpper
190.56/190.67	Trim
190.56/190.67	TrimEnd
190.56/190.67	TrimStart
190.56/190.67	=== Synthesis
190.56/190.67	Size: 1
190.56/190.67	=== Program
190.56/190.67	prog(x0):
190.56/190.67	  c0 = "random"
190.56/190.67	  r0 = Replace(c0, x0, c0)
190.56/190.67	
