297.83/297.94	=== Examples (examples-78.json)
297.83/297.94	(["smith-doe"],"doe")
297.83/297.94	=== Library
297.83/297.94	Add
297.83/297.94	Concat
297.83/297.94	Index
297.83/297.94	Length
297.83/297.94	Replace
297.83/297.94	Sub
297.83/297.94	Substr
297.83/297.94	ToLower
297.83/297.94	ToUpper
297.83/297.94	Trim
297.83/297.94	TrimEnd
297.83/297.94	TrimStart
297.83/297.94	=== Synthesis
297.83/297.94	Size: 1
297.83/297.94	=== Program
297.83/297.94	prog(x0):
297.83/297.94	  c0 = "doe"
297.83/297.94	  r0 = Replace(c0, x0, c0)
297.83/297.94	
