0.00/0.04	=== Examples (examples-67.json)
0.00/0.04	([" trim me "],"trim me \226\8218\172")
0.00/0.04	(["one more pass   "],"one more pass \226\8218\172")
0.00/0.04	=== Library
0.00/0.04	Add
0.00/0.04	Concat
0.00/0.04	Index
0.00/0.04	Length
0.00/0.04	Replace
0.00/0.04	Sub
0.00/0.04	Substr
0.00/0.04	ToLower
0.00/0.04	ToUpper
0.00/0.04	Trim
0.00/0.04	TrimEnd
0.00/0.04	TrimStart
0.00/0.04	=== Synthesis
0.00/0.04	Size: 1
0.00/0.04	outsynth2: Data.SBV: stringToQFS: Haskell character: '\8218' is not representable in QF_S
0.00/0.04	CallStack (from HasCallStack):
0.00/0.04	  error, called at ./Data/SBV/Utils/Lib.hs:137:12 in sbv-8.2-06c86fd5f74daa6ce2b0df90c49ca0cb992ccbf755e8c7f0c083aa86b5d0b987:Data.SBV.Utils.Lib
