0.12/0.20	=== Examples (../../dataset/examples/examples-94.json)
0.12/0.20	IO(inputs=('<hello>',), output='hello')
0.12/0.20	IO(inputs=('<goodbye>',), output='goodbye')
0.12/0.20	=== Library
0.12/0.20	concat
0.12/0.20	index
0.12/0.20	length
0.12/0.20	substr
0.12/0.20	add
0.12/0.20	sub
0.12/0.20	=== Synthesis
0.12/0.20	['concat']: UNSAT (0.028 seconds)
0.12/0.23	['index']: UNSAT (0.030 seconds)
0.12/0.26	['length']: UNSAT (0.021 seconds)
0.12/0.28	['substr']: UNSAT (0.034 seconds)
0.28/0.32	['add']: UNSAT (0.024 seconds)
0.28/0.34	['sub']: UNSAT (0.024 seconds)
0.28/0.37	['concat', 'concat']: UNSAT (0.046 seconds)
0.38/0.41	['concat', 'index']: UNSAT (0.046 seconds)
0.38/0.46	['concat', 'length']: UNSAT (0.034 seconds)
0.45/0.50	['concat', 'substr']: UNSAT (0.176 seconds)
0.63/0.67	['concat', 'add']: UNSAT (0.030 seconds)
0.68/0.70	['concat', 'sub']: UNSAT (0.029 seconds)
0.68/0.73	['index', 'index']: UNSAT (0.042 seconds)
0.68/0.78	['index', 'length']: UNSAT (0.029 seconds)
0.78/0.81	['index', 'substr']: UNSAT (0.897 seconds)
1.69/1.70	['index', 'add']: UNSAT (0.036 seconds)
1.69/1.74	['index', 'sub']: UNSAT (0.035 seconds)
1.69/1.78	['length', 'length']: UNSAT (0.021 seconds)
1.79/1.80	['length', 'substr']: UNSAT (0.039 seconds)
1.79/1.84	['length', 'add']: UNSAT (0.025 seconds)
1.79/1.86	['length', 'sub']: UNSAT (0.026 seconds)
1.79/1.89	['substr', 'substr']: UNSAT (0.058 seconds)
1.89/1.95	['substr', 'add']: UNSAT (0.045 seconds)
1.89/2.00	['substr', 'sub']: UNSAT (0.041 seconds)
2.02/2.04	['add', 'add']: UNSAT (0.032 seconds)
2.02/2.07	['add', 'sub']: UNSAT (0.032 seconds)
2.02/2.10	['sub', 'sub']: UNSAT (0.032 seconds)
2.02/2.13	['concat', 'concat', 'concat']: UNSAT (0.091 seconds)
2.19/2.23	['concat', 'concat', 'index']: UNSAT (0.062 seconds)
2.19/2.29	['concat', 'concat', 'length']: UNSAT (0.047 seconds)
2.29/2.34	['concat', 'concat', 'substr']: UNSAT (4.445 seconds)
6.69/6.78	['concat', 'concat', 'add']: UNSAT (0.044 seconds)
6.79/6.83	['concat', 'concat', 'sub']: UNSAT (0.045 seconds)
6.79/6.87	['concat', 'index', 'index']: UNSAT (0.061 seconds)
6.89/6.93	['concat', 'index', 'length']: UNSAT (0.045 seconds)
6.89/6.98	['concat', 'index', 'substr']: UNKNOWN (107.144 seconds)
114.02/114.13	Reason: smt tactic failed to show goal to be sat/unsat max-conflicts-reached
114.02/114.13	Reason: smt tactic failed to show goal to be sat/unsat max-conflicts-reached
114.02/114.13	['concat', 'index', 'add']: UNSAT (0.054 seconds)
114.12/114.18	['concat', 'index', 'sub']: UNSAT (0.052 seconds)
114.18/114.23	['concat', 'length', 'length']: UNSAT (0.038 seconds)
114.18/114.27	['concat', 'length', 'substr']: UNSAT (0.260 seconds)
114.48/114.53	['concat', 'length', 'add']: UNSAT (0.038 seconds)
114.48/114.57	['concat', 'length', 'sub']: UNSAT (0.041 seconds)
114.58/114.61	['concat', 'substr', 'substr']: UNSAT (1.147 seconds)
115.68/115.76	['concat', 'substr', 'add']: UNSAT (0.292 seconds)
116.02/116.05	['concat', 'substr', 'sub']: UNSAT (0.186 seconds)
116.18/116.24	['concat', 'add', 'add']: UNSAT (0.050 seconds)
116.18/116.29	['concat', 'add', 'sub']: UNSAT (0.044 seconds)
116.28/116.34	['concat', 'sub', 'sub']: UNSAT (0.045 seconds)
116.28/116.38	['index', 'index', 'index']: UNSAT (0.065 seconds)
116.38/116.45	['index', 'index', 'length']: UNSAT (0.051 seconds)
116.48/116.50	['index', 'index', 'substr']: UNSAT (93.003 seconds)
209.48/209.51	['index', 'index', 'add']: UNSAT (0.056 seconds)
209.48/209.56	['index', 'index', 'sub']: UNSAT (0.056 seconds)
209.58/209.62	['index', 'length', 'length']: UNSAT (0.040 seconds)
209.58/209.66	['index', 'length', 'substr']: UNSAT (3.985 seconds)
213.58/213.65	['index', 'length', 'add']: UNSAT (0.043 seconds)
213.58/213.69	['index', 'length', 'sub']: UNSAT (0.045 seconds)
213.68/213.74	['index', 'substr', 'substr']: SAT (4.151 seconds)
217.78/217.89	substr(arg0, 1, index(substr(arg0, 1, 10), '>', 1))
