0.12/0.19	=== Examples (../../dataset/examples/examples-38.json)
0.12/0.19	IO(inputs=('should not be spaced',), output='<span id=should_not_be_spaced > ')
0.12/0.19	IO(inputs=('but underscored',), output='<span id=but_underscored > ')
0.12/0.19	=== Library
0.12/0.19	concat
0.12/0.19	index
0.12/0.19	length
0.12/0.19	substr
0.12/0.19	add
0.12/0.19	sub
0.12/0.19	=== Synthesis
0.12/0.19	['concat']: UNSAT (0.029 seconds)
0.12/0.22	['index']: UNSAT (0.028 seconds)
0.12/0.25	['length']: UNSAT (0.020 seconds)
0.12/0.27	['substr']: UNSAT (0.031 seconds)
0.27/0.30	['add']: UNSAT (0.025 seconds)
0.27/0.33	['sub']: UNSAT (0.025 seconds)
0.27/0.36	['concat', 'concat']: UNSAT (0.068 seconds)
0.38/0.43	['concat', 'index']: UNSAT (0.047 seconds)
0.38/0.47	['concat', 'length']: UNSAT (0.035 seconds)
0.48/0.51	['concat', 'substr']: UNSAT (0.121 seconds)
0.57/0.63	['concat', 'add']: UNSAT (0.043 seconds)
0.63/0.68	['concat', 'sub']: UNSAT (0.039 seconds)
0.69/0.72	['index', 'index']: UNSAT (0.051 seconds)
0.69/0.77	['index', 'length']: UNSAT (0.031 seconds)
0.79/0.80	['index', 'substr']: UNSAT (0.047 seconds)
0.79/0.85	['index', 'add']: UNSAT (0.038 seconds)
0.79/0.88	['index', 'sub']: UNSAT (0.037 seconds)
0.89/0.92	['length', 'length']: UNSAT (0.022 seconds)
0.89/0.95	['length', 'substr']: UNSAT (0.034 seconds)
0.89/0.98	['length', 'add']: UNSAT (0.026 seconds)
0.89/1.01	['length', 'sub']: UNSAT (0.026 seconds)
0.89/1.04	['substr', 'substr']: UNSAT (0.045 seconds)
1.05/1.08	['substr', 'add']: UNSAT (0.038 seconds)
1.05/1.12	['substr', 'sub']: UNSAT (0.038 seconds)
1.05/1.16	['add', 'add']: UNSAT (0.032 seconds)
1.17/1.19	['add', 'sub']: UNSAT (0.033 seconds)
1.19/1.23	['sub', 'sub']: UNSAT (0.032 seconds)
1.19/1.26	['concat', 'concat', 'concat']: UNSAT (4.608 seconds)
5.79/5.87	['concat', 'concat', 'index']: UNSAT (0.057 seconds)
5.89/5.93	['concat', 'concat', 'length']: UNSAT (0.045 seconds)
5.89/5.97	['concat', 'concat', 'substr']: UNSAT (3.191 seconds)
9.05/9.16	['concat', 'concat', 'add']: UNSAT (0.066 seconds)
9.19/9.23	['concat', 'concat', 'sub']: UNSAT (0.060 seconds)
9.19/9.29	['concat', 'index', 'index']: UNSAT (0.100 seconds)
9.29/9.39	['concat', 'index', 'length']: UNSAT (0.062 seconds)
9.39/9.46	['concat', 'index', 'substr']: UNSAT (0.282 seconds)
9.69/9.74	['concat', 'index', 'add']: UNSAT (0.060 seconds)
9.79/9.80	['concat', 'index', 'sub']: UNSAT (0.056 seconds)
9.79/9.86	['concat', 'length', 'length']: UNSAT (0.042 seconds)
9.89/9.90	['concat', 'length', 'substr']: UNSAT (0.099 seconds)
9.89/10.00	['concat', 'length', 'add']: UNSAT (0.044 seconds)
9.89/10.05	['concat', 'length', 'sub']: UNSAT (0.046 seconds)
10.06/10.09	['concat', 'substr', 'substr']: UNSAT (0.362 seconds)
10.39/10.46	['concat', 'substr', 'add']: UNSAT (0.109 seconds)
10.49/10.57	['concat', 'substr', 'sub']: UNSAT (0.119 seconds)
10.59/10.69	['concat', 'add', 'add']: UNSAT (0.051 seconds)
10.69/10.74	['concat', 'add', 'sub']: UNSAT (0.052 seconds)
10.69/10.79	['concat', 'sub', 'sub']: UNSAT (0.050 seconds)
10.79/10.84	['index', 'index', 'index']: UNSAT (0.089 seconds)
10.89/10.93	['index', 'index', 'length']: UNSAT (0.060 seconds)
10.89/10.99	['index', 'index', 'substr']: UNSAT (0.086 seconds)
11.06/11.08	['index', 'index', 'add']: UNSAT (0.065 seconds)
11.06/11.15	['index', 'index', 'sub']: UNSAT (0.065 seconds)
11.19/11.21	['index', 'length', 'length']: UNSAT (0.043 seconds)
11.19/11.26	['index', 'length', 'substr']: UNSAT (0.062 seconds)
11.29/11.32	['index', 'length', 'add']: UNSAT (0.050 seconds)
11.29/11.37	['index', 'length', 'sub']: UNSAT (0.051 seconds)
11.39/11.42	['index', 'substr', 'substr']: UNSAT (0.137 seconds)
11.49/11.56	['index', 'substr', 'add']: UNSAT (0.071 seconds)
11.59/11.63	['index', 'substr', 'sub']: UNSAT (0.076 seconds)
11.69/11.71	['index', 'add', 'add']: UNSAT (0.062 seconds)
11.69/11.77	['index', 'add', 'sub']: UNSAT (0.060 seconds)
11.79/11.84	['index', 'sub', 'sub']: UNSAT (0.058 seconds)
11.79/11.89	['length', 'length', 'length']: UNSAT (0.035 seconds)
11.89/11.93	['length', 'length', 'substr']: UNSAT (0.051 seconds)
11.89/11.98	['length', 'length', 'add']: UNSAT (0.039 seconds)
11.89/12.02	['length', 'length', 'sub']: UNSAT (0.039 seconds)
11.89/12.06	['length', 'substr', 'substr']: UNSAT (0.075 seconds)
12.05/12.14	['length', 'substr', 'add']: UNSAT (0.058 seconds)
12.19/12.20	['length', 'substr', 'sub']: UNSAT (0.057 seconds)
12.19/12.26	['length', 'add', 'add']: UNSAT (0.048 seconds)
12.29/12.31	['length', 'add', 'sub']: UNSAT (0.088 seconds)
12.29/12.40	['length', 'sub', 'sub']: UNSAT (0.063 seconds)
12.39/12.46	['substr', 'substr', 'substr']: UNSAT (0.086 seconds)
12.49/12.55	['substr', 'substr', 'add']: UNSAT (0.069 seconds)
12.59/12.62	['substr', 'substr', 'sub']: UNSAT (0.071 seconds)
12.59/12.69	['substr', 'add', 'add']: UNSAT (0.061 seconds)
12.69/12.75	['substr', 'add', 'sub']: UNSAT (0.062 seconds)
12.79/12.81	['substr', 'sub', 'sub']: UNSAT (0.062 seconds)
12.79/12.88	['add', 'add', 'add']: UNSAT (0.055 seconds)
12.89/12.93	['add', 'add', 'sub']: UNSAT (0.058 seconds)
12.89/12.99	['add', 'sub', 'sub']: UNSAT (0.056 seconds)
12.89/13.05	['sub', 'sub', 'sub']: UNSAT (0.057 seconds)
13.06/13.11	['concat', 'concat', 'concat', 'concat']: UNKNOWN (352.060 seconds)
365.10/365.17	Reason: smt tactic failed to show goal to be sat/unsat max-conflicts-reached
365.10/365.17	Reason: smt tactic failed to show goal to be sat/unsat max-conflicts-reached
365.10/365.17	['concat', 'concat', 'concat', 'index']: UNSAT (0.089 seconds)
365.21/365.26	['concat', 'concat', 'concat', 'length']: UNSAT (0.068 seconds)
365.27/365.33	['concat', 'concat', 'concat', 'substr']: UNKNOWN (150.288 seconds)
515.56/515.62	Reason: smt tactic failed to show goal to be sat/unsat max-conflicts-reached
515.56/515.62	Reason: smt tactic failed to show goal to be sat/unsat max-conflicts-reached
515.56/515.62	['concat', 'concat', 'concat', 'add']: UNSAT (0.071 seconds)
515.56/515.69	['concat', 'concat', 'concat', 'sub']: UNSAT (0.070 seconds)
515.66/515.76	['concat', 'concat', 'index', 'index']: UNSAT (0.097 seconds)
515.76/515.86	['concat', 'concat', 'index', 'length']: UNSAT (0.074 seconds)
515.86/515.93	['concat', 'concat', 'index', 'substr']: UNSAT (18.902 seconds)
534.76/534.84	['concat', 'concat', 'index', 'add']: UNSAT (0.074 seconds)
534.86/534.91	['concat', 'concat', 'index', 'sub']: UNSAT (0.075 seconds)
534.86/534.99	['concat', 'concat', 'length', 'length']: UNSAT (0.059 seconds)
534.96/535.05	['concat', 'concat', 'length', 'substr']: UNSAT (3.128 seconds)
538.10/538.18	['concat', 'concat', 'length', 'add']: UNSAT (0.060 seconds)
538.20/538.24	['concat', 'concat', 'length', 'sub']: UNSAT (0.061 seconds)
538.26/538.30	['concat', 'concat', 'substr', 'substr']: UNSAT (42.208 seconds)
580.46/580.51	['concat', 'concat', 'substr', 'add']: UNSAT (5.182 seconds)
585.56/585.69	['concat', 'concat', 'substr', 'sub']: UNSAT (4.889 seconds)
590.47/590.58	['concat', 'concat', 'add', 'add']: UNSAT (0.068 seconds)
590.56/590.65	['concat', 'concat', 'add', 'sub']: UNSAT (0.064 seconds)
590.66/590.71	['concat', 'concat', 'sub', 'sub']: UNSAT (0.068 seconds)
590.66/590.78	['concat', 'index', 'index', 'index']: UNSAT (0.088 seconds)
590.76/590.87	['concat', 'index', 'index', 'length']: UNSAT (0.075 seconds)
590.86/590.95	['concat', 'index', 'index', 'substr']: UNSAT (0.448 seconds)
591.36/591.40	['concat', 'index', 'index', 'add']: UNSAT (0.078 seconds)
591.36/591.48	['concat', 'index', 'index', 'sub']: UNSAT (0.078 seconds)
591.47/591.56	['concat', 'index', 'length', 'length']: UNSAT (0.060 seconds)
591.56/591.62	['concat', 'index', 'length', 'substr']: UNSAT (0.297 seconds)
591.86/591.91	['concat', 'index', 'length', 'add']: UNSAT (0.064 seconds)
591.86/591.98	['concat', 'index', 'length', 'sub']: UNSAT (0.063 seconds)
591.96/592.04	['concat', 'index', 'substr', 'substr']: UNSAT (1.660 seconds)
593.66/593.70	['concat', 'index', 'substr', 'add']: UNSAT (0.328 seconds)
593.96/594.03	['concat', 'index', 'substr', 'sub']: UNSAT (0.387 seconds)
594.36/594.42	['concat', 'index', 'add', 'add']: UNSAT (0.069 seconds)
594.36/594.49	['concat', 'index', 'add', 'sub']: UNSAT (0.071 seconds)
594.47/594.56	['concat', 'index', 'sub', 'sub']: UNSAT (0.075 seconds)
594.56/594.64	['concat', 'length', 'length', 'length']: UNSAT (0.046 seconds)
594.56/594.69	['concat', 'length', 'length', 'substr']: UNSAT (0.123 seconds)
594.76/594.81	['concat', 'length', 'length', 'add']: UNSAT (0.051 seconds)
594.76/594.86	['concat', 'length', 'length', 'sub']: UNSAT (0.050 seconds)
594.86/594.91	['concat', 'length', 'substr', 'substr']: UNSAT (0.876 seconds)
595.66/595.79	['concat', 'length', 'substr', 'add']: UNSAT (0.272 seconds)
595.96/596.06	['concat', 'length', 'substr', 'sub']: UNSAT (0.223 seconds)
596.20/596.29	['concat', 'length', 'add', 'add']: UNSAT (0.055 seconds)
596.26/596.34	['concat', 'length', 'add', 'sub']: UNSAT (0.057 seconds)
596.26/596.40	['concat', 'length', 'sub', 'sub']: UNSAT (0.056 seconds)
596.37/596.46	['concat', 'substr', 'substr', 'substr']: UNSAT (2.692 seconds)
599.10/599.15	['concat', 'substr', 'substr', 'add']: 