0.12/0.18	=== Examples (../../dataset/examples/examples-75.json)
0.12/0.18	IO(inputs=('Fusce sapien eros volutpat.',), output='Fusce...tpat.')
0.12/0.18	IO(inputs=('Sed condimentum at posuere.',), output='Sed c...uere.')
0.12/0.18	=== Library
0.12/0.18	concat
0.12/0.18	index
0.12/0.18	length
0.12/0.18	substr
0.12/0.18	add
0.12/0.18	sub
0.12/0.18	=== Synthesis
0.12/0.18	['concat']: UNSAT (0.029 seconds)
0.12/0.21	['index']: UNSAT (0.027 seconds)
0.12/0.24	['length']: UNSAT (0.020 seconds)
0.12/0.26	['substr']: UNSAT (0.064 seconds)
0.28/0.33	['add']: UNSAT (0.025 seconds)
0.28/0.35	['sub']: UNSAT (0.024 seconds)
0.28/0.38	['concat', 'concat']: UNSAT (0.049 seconds)
0.37/0.43	['concat', 'index']: UNSAT (0.047 seconds)
0.37/0.48	['concat', 'length']: UNSAT (0.035 seconds)
0.45/0.51	['concat', 'substr']: UNSAT (0.644 seconds)
1.12/1.16	['concat', 'add']: UNSAT (0.028 seconds)
1.12/1.19	['concat', 'sub']: UNSAT (0.028 seconds)
1.18/1.21	['index', 'index']: UNSAT (0.037 seconds)
1.18/1.25	['index', 'length']: UNSAT (0.027 seconds)
1.18/1.28	['index', 'substr']: UNSAT (0.484 seconds)
1.69/1.77	['index', 'add']: UNSAT (0.033 seconds)
1.79/1.80	['index', 'sub']: UNSAT (0.033 seconds)
1.79/1.83	['length', 'length']: UNSAT (0.019 seconds)
1.79/1.85	['length', 'substr']: UNSAT (0.060 seconds)
1.89/1.91	['length', 'add']: UNSAT (0.027 seconds)
1.89/1.94	['length', 'sub']: UNSAT (0.027 seconds)
1.89/1.97	['substr', 'substr']: UNSAT (0.176 seconds)
2.13/2.15	['substr', 'add']: UNSAT (0.067 seconds)
2.19/2.21	['substr', 'sub']: UNSAT (0.076 seconds)
2.19/2.29	['add', 'add']: UNSAT (0.031 seconds)
2.29/2.32	['add', 'sub']: UNSAT (0.029 seconds)
2.29/2.35	['sub', 'sub']: UNSAT (0.030 seconds)
2.29/2.38	['concat', 'concat', 'concat']: UNSAT (0.114 seconds)
2.49/2.50	['concat', 'concat', 'index']: UNSAT (0.054 seconds)
2.49/2.55	['concat', 'concat', 'length']: UNSAT (0.040 seconds)
2.49/2.59	['concat', 'concat', 'substr']: UNKNOWN (28.478 seconds)
31.01/31.07	Reason: smt tactic failed to show goal to be sat/unsat max-conflicts-reached
31.01/31.07	Reason: smt tactic failed to show goal to be sat/unsat max-conflicts-reached
31.01/31.07	['concat', 'concat', 'add']: UNSAT (0.043 seconds)
31.01/31.12	['concat', 'concat', 'sub']: UNSAT (0.042 seconds)
31.13/31.16	['concat', 'index', 'index']: UNSAT (0.054 seconds)
31.19/31.21	['concat', 'index', 'length']: UNSAT (0.046 seconds)
31.19/31.26	['concat', 'index', 'substr']: UNSAT (2.782 seconds)
34.01/34.04	['concat', 'index', 'add']: UNSAT (0.047 seconds)
34.01/34.09	['concat', 'index', 'sub']: UNSAT (0.046 seconds)
34.13/34.14	['concat', 'length', 'length']: UNSAT (0.033 seconds)
34.13/34.17	['concat', 'length', 'substr']: UNSAT (0.700 seconds)
34.79/34.87	['concat', 'length', 'add']: UNSAT (0.035 seconds)
34.89/34.91	['concat', 'length', 'sub']: UNSAT (0.035 seconds)
34.89/34.94	['concat', 'substr', 'substr']: UNSAT (12.158 seconds)
47.01/47.10	['concat', 'substr', 'add']: UNSAT (0.894 seconds)
47.89/48.00	['concat', 'substr', 'sub']: UNSAT (0.850 seconds)
48.79/48.85	['concat', 'add', 'add']: UNSAT (0.041 seconds)
48.79/48.89	['concat', 'add', 'sub']: UNSAT (0.048 seconds)
48.88/48.94	['concat', 'sub', 'sub']: UNSAT (0.047 seconds)
48.88/48.99	['index', 'index', 'index']: UNSAT (0.061 seconds)
49.01/49.05	['index', 'index', 'length']: UNSAT (0.046 seconds)
49.01/49.10	['index', 'index', 'substr']: UNSAT (0.326 seconds)
49.39/49.42	['index', 'index', 'add']: UNSAT (0.052 seconds)
49.39/49.48	['index', 'index', 'sub']: UNSAT (0.051 seconds)
49.49/49.53	['index', 'length', 'length']: UNSAT (0.036 seconds)
49.49/49.56	['index', 'length', 'substr']: UNSAT (0.176 seconds)
49.69/49.74	['index', 'length', 'add']: UNSAT (0.044 seconds)
49.69/49.79	['index', 'length', 'sub']: UNSAT (0.042 seconds)
49.79/49.83	['index', 'substr', 'substr']: UNSAT (1.068 seconds)
50.89/50.90	['index', 'substr', 'add']: UNSAT (0.215 seconds)
51.02/51.11	['index', 'substr', 'sub']: UNSAT (0.187 seconds)
51.29/51.30	['index', 'add', 'add']: UNSAT (0.049 seconds)
51.29/51.35	['index', 'add', 'sub']: UNSAT (0.049 seconds)
51.39/51.40	['index', 'sub', 'sub']: UNSAT (0.048 seconds)
51.39/51.45	['length', 'length', 'length']: UNSAT (0.028 seconds)
51.39/51.48	['length', 'length', 'substr']: UNSAT (0.050 seconds)
51.49/51.53	['length', 'length', 'add']: UNSAT (0.031 seconds)
51.49/51.56	['length', 'length', 'sub']: UNSAT (0.030 seconds)
51.49/51.59	['length', 'substr', 'substr']: UNSAT (0.700 seconds)
52.19/52.29	['length', 'substr', 'add']: UNSAT (0.116 seconds)
52.39/52.41	['length', 'substr', 'sub']: UNSAT (0.137 seconds)
52.49/52.55	['length', 'add', 'add']: UNSAT (0.037 seconds)
52.49/52.59	['length', 'add', 'sub']: UNSAT (0.038 seconds)
52.59/52.62	['length', 'sub', 'sub']: UNSAT (0.038 seconds)
52.59/52.66	['substr', 'substr', 'substr']: UNSAT (0.586 seconds)
53.19/53.25	['substr', 'substr', 'add']: UNSAT (0.460 seconds)
53.69/53.71	['substr', 'substr', 'sub']: UNSAT (0.451 seconds)
54.13/54.16	['substr', 'add', 'add']: UNSAT (0.112 seconds)
54.19/54.28	['substr', 'add', 'sub']: UNSAT (0.107 seconds)
54.29/54.38	['substr', 'sub', 'sub']: UNSAT (0.096 seconds)
54.39/54.48	['add', 'add', 'add']: UNSAT (0.046 seconds)
54.49/54.53	['add', 'add', 'sub']: UNSAT (0.046 seconds)
54.49/54.57	['add', 'sub', 'sub']: UNSAT (0.048 seconds)
54.59/54.62	['sub', 'sub', 'sub']: UNSAT (0.048 seconds)
54.59/54.67	['concat', 'concat', 'concat', 'concat']: UNSAT (0.235 seconds)
54.89/54.91	['concat', 'concat', 'concat', 'index']: UNSAT (0.076 seconds)
54.89/54.99	['concat', 'concat', 'concat', 'length']: UNSAT (0.063 seconds)
55.02/55.05	['concat', 'concat', 'concat', 'substr']: UNKNOWN (144.337 seconds)
199.28/199.39	Reason: smt tactic failed to show goal to be sat/unsat max-conflicts-reached
199.28/199.39	Reason: smt tactic failed to show goal to be sat/unsat max-conflicts-reached
199.28/199.39	['concat', 'concat', 'concat', 'add']: UNSAT (0.061 seconds)
199.38/199.45	['concat', 'concat', 'concat', 'sub']: UNSAT (0.061 seconds)
199.48/199.51	['concat', 'concat', 'index', 'index']: UNSAT (0.079 seconds)
199.48/199.59	['concat', 'concat', 'index', 'length']: UNSAT (0.068 seconds)
199.58/199.66	['concat', 'concat', 'index', 'substr']: UNKNOWN (35.065 seconds)
234.68/234.73	Reason: smt tactic failed to show goal to be sat/unsat max-conflicts-reached
234.68/234.73	Reason: smt tactic failed to show goal to be sat/unsat max-conflicts-reached
234.68/234.73	['concat', 'concat', 'index', 'add']: UNSAT (0.068 seconds)
234.68/234.79	['concat', 'concat', 'index', 'sub']: UNSAT (0.065 seconds)
234.78/234.86	['concat', 'concat', 'length', 'length']: UNSAT (0.052 seconds)
234.88/234.91	['concat', 'concat', 'length', 'substr']: UNSAT (26.584 seconds)
261.48/261.50	['concat', 'concat', 'length', 'add']: UNSAT (0.052 seconds)
261.48/261.55	['concat', 'concat', 'length', 'sub']: UNSAT (0.052 seconds)
261.58/261.61	['concat', 'concat', 'substr', 'substr']: UNKNOWN (61.938 seconds)
323.47/323.54	Reason: smt tactic failed to show goal to be sat/unsat max-conflicts-reached
323.47/323.54	Reason: smt tactic failed to show goal to be sat/unsat max-conflicts-reached
323.47/323.54	['concat', 'concat', 'substr', 'add']: UNKNOWN (27.301 seconds)
350.77/350.85	Reason: smt tactic failed to show goal to be sat/unsat max-conflicts-reached
350.77/350.85	Reason: smt tactic failed to show goal to be sat/unsat max-conflicts-reached
350.77/350.85	['concat', 'concat', 'substr', 'sub']: UNKNOWN (26.576 seconds)
377.37/377.42	Reason: smt tactic failed to show goal to be sat/unsat max-conflicts-reached
377.37/377.42	Reason: smt tactic failed to show goal to be sat/unsat max-conflicts-reached
377.37/377.42	['concat', 'concat', 'add', 'add']: UNSAT (0.057 seconds)
377.37/377.48	['concat', 'concat', 'add', 'sub']: UNSAT (0.057 seconds)
377.47/377.54	['concat', 'concat', 'sub', 'sub']: UNSAT (0.058 seconds)
377.57/377.60	['concat', 'index', 'index', 'index']: UNSAT (0.080 seconds)
377.57/377.68	['concat', 'index', 'index', 'length']: UNSAT (0.066 seconds)
377.67/377.75	['concat', 'index', 'index', 'substr']: UNSAT (13.054 seconds)
390.77/390.80	['concat', 'index', 'index', 'add']: UNSAT (0.072 seconds)
390.77/390.87	['concat', 'index', 'index', 'sub']: UNSAT (0.075 seconds)
390.87/390.95	['concat', 'index', 'length', 'length']: UNSAT (0.058 seconds)
390.87/391.01	['concat', 'index', 'length', 'substr']: UNSAT (2.124 seconds)
393.00/393.13	['concat', 'index', 'length', 'add']: UNSAT (0.063 seconds)
393.17/393.20	['concat', 'index', 'length', 'sub']: UNSAT (0.060 seconds)
393.17/393.26	['concat', 'index', 'substr', 'substr']: UNKNOWN (65.484 seconds)
458.68/458.74	Reason: smt tactic failed to show goal to be sat/unsat max-conflicts-reached
458.68/458.74	Reason: smt tactic failed to show goal to be sat/unsat max-conflicts-reached
458.68/458.74	['concat', 'index', 'substr', 'add']: UNSAT (2.865 seconds)
461.58/461.61	['concat', 'index', 'substr', 'sub']: UNSAT (3.945 seconds)
465.48/465.56	['concat', 'index', 'add', 'add']: UNSAT (0.065 seconds)
465.58/465.62	['concat', 'index', 'add', 'sub']: UNSAT (0.065 seconds)
465.58/465.69	['concat', 'index', 'sub', 'sub']: UNSAT (0.066 seconds)
465.68/465.75	['concat', 'length', 'length', 'length']: UNSAT (0.045 seconds)
465.78/465.80	['concat', 'length', 'length', 'substr']: UNSAT (0.156 seconds)
465.88/465.96	['concat', 'length', 'length', 'add']: UNSAT (0.046 seconds)
465.88/466.00	['concat', 'length', 'length', 'sub']: UNSAT (0.046 seconds)
466.00/466.05	['concat', 'length', 'substr', 'substr']: UNKNOWN (50.853 seconds)
516.88/516.90	Reason: smt tactic failed to show goal to be sat/unsat max-conflicts-reached
516.88/516.90	Reason: smt tactic failed to show goal to be sat/unsat max-conflicts-reached
516.88/516.90	['concat', 'length', 'substr', 'add']: UNSAT (1.555 seconds)
518.38/518.46	['concat', 'length', 'substr', 'sub']: UNSAT (1.580 seconds)
520.00/520.04	['concat', 'length', 'add', 'add']: UNSAT (0.051 seconds)
520.00/520.09	['concat', 'length', 'add', 'sub']: UNSAT (0.051 seconds)
520.12/520.14	['concat', 'length', 'sub', 'sub']: UNSAT (0.051 seconds)
520.12/520.19	['concat', 'substr', 'substr', 'substr']: 