0.11/0.20	=== Examples (../../dataset/examples/examples-86.json)
0.11/0.20	IO(inputs=('Sed euismod congue porta. Phasellus posuere rutrum porttitor. Curabitur nec pellentesque sem, luctus volutpat.',), output='Sed euismod congue porta. phasellus posuere rutrum porttitor. curabitur nec pellentesque sem, luctus')
0.11/0.20	IO(inputs=('Quisque magna velit, congue ac dictum in, blandit et arcu. Quisque sit amet tempor dui, id venenatis volutpat.',), output='Quisque magna velit, congue ac dictum in, blandit et arcu. quisque sit amet tempor dui, id venenatis')
0.11/0.20	=== Library
0.11/0.20	concat
0.11/0.20	index
0.11/0.20	length
0.11/0.20	substr
0.11/0.20	add
0.11/0.20	sub
0.11/0.20	=== Synthesis
0.11/0.20	['concat']: UNSAT (0.032 seconds)
0.11/0.23	['index']: UNSAT (0.030 seconds)
0.11/0.26	['length']: UNSAT (0.022 seconds)
0.11/0.28	['substr']: UNSAT (0.166 seconds)
0.37/0.45	['add']: UNSAT (0.026 seconds)
0.37/0.48	['sub']: UNSAT (0.026 seconds)
0.45/0.51	['concat', 'concat']: UNSAT (0.059 seconds)
0.45/0.57	['concat', 'index']: UNSAT (0.051 seconds)
0.55/0.62	['concat', 'length']: UNSAT (0.033 seconds)
0.64/0.65	['concat', 'substr']: UNSAT (15.837 seconds)
16.38/16.49	['concat', 'add']: UNSAT (0.034 seconds)
16.48/16.52	['concat', 'sub']: UNSAT (0.036 seconds)
16.48/16.56	['index', 'index']: UNSAT (0.046 seconds)
16.58/16.61	['index', 'length']: UNSAT (0.033 seconds)
16.58/16.64	['index', 'substr']: UNSAT (0.898 seconds)
17.49/17.54	['index', 'add']: UNSAT (0.039 seconds)
17.49/17.58	['index', 'sub']: UNSAT (0.040 seconds)
17.58/17.62	['length', 'length']: UNSAT (0.025 seconds)
17.58/17.65	['length', 'substr']: UNSAT (0.224 seconds)
17.78/17.87	['length', 'add']: UNSAT (0.027 seconds)
17.88/17.90	['length', 'sub']: UNSAT (0.027 seconds)
17.88/17.93	['substr', 'substr']: UNSAT (0.552 seconds)
18.38/18.48	['substr', 'add']: UNSAT (0.182 seconds)
18.58/18.66	['substr', 'sub']: UNSAT (0.171 seconds)
18.78/18.84	['add', 'add']: UNSAT (0.036 seconds)
18.78/18.87	['add', 'sub']: UNSAT (0.034 seconds)
18.88/18.91	['sub', 'sub']: UNSAT (0.034 seconds)
18.88/18.94	['concat', 'concat', 'concat']: UNSAT (0.350 seconds)
19.18/19.29	['concat', 'concat', 'index']: UNSAT (0.061 seconds)
19.28/19.35	['concat', 'concat', 'length']: UNSAT (0.046 seconds)
19.38/19.40	['concat', 'concat', 'substr']: UNKNOWN (289.848 seconds)
309.10/309.25	Reason: smt tactic failed to show goal to be sat/unsat max-conflicts-reached
309.10/309.25	Reason: smt tactic failed to show goal to be sat/unsat max-conflicts-reached
309.10/309.25	['concat', 'concat', 'add']: UNSAT (0.047 seconds)
309.28/309.30	['concat', 'concat', 'sub']: UNSAT (0.048 seconds)
309.28/309.35	['concat', 'index', 'index']: UNSAT (0.064 seconds)
309.38/309.41	['concat', 'index', 'length']: UNSAT (0.051 seconds)
309.38/309.46	['concat', 'index', 'substr']: UNSAT (13.786 seconds)
323.22/323.25	['concat', 'index', 'add']: UNSAT (0.054 seconds)
323.28/323.31	['concat', 'index', 'sub']: UNSAT (0.052 seconds)
323.28/323.36	['concat', 'length', 'length']: UNSAT (0.037 seconds)
323.38/323.40	['concat', 'length', 'substr']: UNSAT (7.603 seconds)
330.98/331.00	['concat', 'length', 'add']: UNSAT (0.041 seconds)
330.98/331.04	['concat', 'length', 'sub']: UNSAT (0.041 seconds)
330.98/331.08	['concat', 'substr', 'substr']: UNSAT (174.796 seconds)
505.77/505.88	['concat', 'substr', 'add']: UNSAT (9.337 seconds)
515.09/515.22	['concat', 'substr', 'sub']: UNSAT (7.567 seconds)
522.68/522.79	['concat', 'add', 'add']: UNSAT (0.051 seconds)
522.78/522.84	['concat', 'add', 'sub']: UNSAT (0.048 seconds)
522.78/522.89	['concat', 'sub', 'sub']: UNSAT (0.046 seconds)
522.87/522.94	['index', 'index', 'index']: UNSAT (0.067 seconds)
522.98/523.00	['index', 'index', 'length']: UNSAT (0.055 seconds)
522.98/523.06	['index', 'index', 'substr']: UNSAT (0.765 seconds)
523.78/523.82	['index', 'index', 'add']: UNSAT (0.061 seconds)
523.78/523.89	['index', 'index', 'sub']: UNSAT (0.060 seconds)
523.87/523.95	['index', 'length', 'length']: UNSAT (0.041 seconds)
523.87/523.99	['index', 'length', 'substr']: UNSAT (0.484 seconds)
524.37/524.47	['index', 'length', 'add']: UNSAT (0.045 seconds)
524.47/524.52	['index', 'length', 'sub']: UNSAT (0.045 seconds)
524.47/524.57	['index', 'substr', 'substr']: UNSAT (7.703 seconds)
532.23/532.27	['index', 'substr', 'add']: UNSAT (0.731 seconds)
532.98/533.00	['index', 'substr', 'sub']: UNSAT (9.567 seconds)
542.47/542.57	['index', 'add', 'add']: UNSAT (0.056 seconds)
542.58/542.63	['index', 'add', 'sub']: UNSAT (0.054 seconds)
542.58/542.68	['index', 'sub', 'sub']: UNSAT (0.054 seconds)
542.67/542.74	['length', 'length', 'length']: UNSAT (0.030 seconds)
542.67/542.77	['length', 'length', 'substr']: UNSAT (0.069 seconds)
542.78/542.84	['length', 'length', 'add']: UNSAT (0.036 seconds)
542.78/542.87	['length', 'length', 'sub']: UNSAT (0.039 seconds)
542.88/542.91	['length', 'substr', 'substr']: UNSAT (1.716 seconds)
544.58/544.63	['length', 'substr', 'add']: UNSAT (0.273 seconds)
544.88/544.90	['length', 'substr', 'sub']: UNSAT (0.301 seconds)
545.10/545.21	['length', 'add', 'add']: UNSAT (0.043 seconds)
545.10/545.25	['length', 'add', 'sub']: UNSAT (0.044 seconds)
545.23/545.30	['length', 'sub', 'sub']: UNSAT (0.046 seconds)
545.27/545.34	['substr', 'substr', 'substr']: UNSAT (1.448 seconds)
546.68/546.79	['substr', 'substr', 'add']: UNSAT (0.868 seconds)
547.58/547.66	['substr', 'substr', 'sub']: UNSAT (1.000 seconds)
548.58/548.66	['substr', 'add', 'add']: UNSAT (0.195 seconds)
548.78/548.86	['substr', 'add', 'sub']: UNSAT (0.220 seconds)
548.97/549.08	['substr', 'sub', 'sub']: UNSAT (0.193 seconds)
549.23/549.27	['add', 'add', 'add']: UNSAT (0.052 seconds)
549.27/549.32	['add', 'add', 'sub']: UNSAT (0.052 seconds)
549.27/549.38	['add', 'sub', 'sub']: UNSAT (0.055 seconds)
549.37/549.43	['sub', 'sub', 'sub']: UNSAT (0.053 seconds)
549.37/549.49	['concat', 'concat', 'concat', 'concat']: UNSAT (0.588 seconds)
549.98/550.08	['concat', 'concat', 'concat', 'index']: UNSAT (0.082 seconds)
550.10/550.16	['concat', 'concat', 'concat', 'length']: UNSAT (0.070 seconds)
550.10/550.23	['concat', 'concat', 'concat', 'substr']: 