0.11/0.17	=== Examples (../../dataset/examples/examples-39.json)
0.11/0.17	IO(inputs=('who cares about when',), output='Created on who cares about ')
0.11/0.17	IO(inputs=('maybe someone will care',), output='Created on maybe someone wi')
0.11/0.17	=== Library
0.11/0.17	concat
0.11/0.17	index
0.11/0.17	length
0.11/0.17	substr
0.11/0.17	add
0.11/0.17	sub
0.11/0.17	=== Synthesis
0.11/0.17	['concat']: UNSAT (0.024 seconds)
0.11/0.19	['index']: UNSAT (0.023 seconds)
0.11/0.21	['length']: UNSAT (0.017 seconds)
0.11/0.23	['substr']: UNSAT (0.026 seconds)
0.11/0.26	['add']: UNSAT (0.022 seconds)
0.11/0.28	['sub']: UNSAT (0.022 seconds)
0.26/0.30	['concat', 'concat']: UNSAT (0.091 seconds)
0.35/0.40	['concat', 'index']: UNSAT (0.040 seconds)
0.35/0.44	['concat', 'length']: UNSAT (0.030 seconds)
0.35/0.47	['concat', 'substr']: UNSAT (0.157 seconds)
0.57/0.63	['concat', 'add']: UNSAT (0.030 seconds)
0.57/0.66	['concat', 'sub']: UNSAT (0.036 seconds)
0.66/0.69	['index', 'index']: UNSAT (0.045 seconds)
0.69/0.74	['index', 'length']: UNSAT (0.033 seconds)
0.69/0.77	['index', 'substr']: UNSAT (0.049 seconds)
0.79/0.82	['index', 'add']: UNSAT (0.038 seconds)
0.79/0.86	['index', 'sub']: UNSAT (0.037 seconds)
0.89/0.90	['length', 'length']: UNSAT (0.022 seconds)
0.89/0.92	['length', 'substr']: UNSAT (0.036 seconds)
0.89/0.96	['length', 'add']: UNSAT (0.026 seconds)
0.89/0.99	['length', 'sub']: UNSAT (0.026 seconds)
0.89/1.01	['substr', 'substr']: UNSAT (0.044 seconds)
1.00/1.06	['substr', 'add']: UNSAT (0.038 seconds)
1.00/1.10	['substr', 'sub']: UNSAT (0.040 seconds)
1.12/1.14	['add', 'add']: UNSAT (0.035 seconds)
1.12/1.17	['add', 'sub']: UNSAT (0.034 seconds)
1.18/1.21	['sub', 'sub']: UNSAT (0.035 seconds)
1.18/1.25	['concat', 'concat', 'concat']: UNSAT (0.858 seconds)
2.00/2.10	['concat', 'concat', 'index']: UNSAT (0.059 seconds)
2.13/2.16	['concat', 'concat', 'length']: UNSAT (0.045 seconds)
2.18/2.21	['concat', 'concat', 'substr']: UNSAT (9.466 seconds)
11.59/11.68	['concat', 'concat', 'add']: UNSAT (0.046 seconds)
11.69/11.72	['concat', 'concat', 'sub']: UNSAT (0.049 seconds)
11.69/11.78	['concat', 'index', 'index']: UNSAT (0.061 seconds)
11.79/11.84	['concat', 'index', 'length']: UNSAT (0.049 seconds)
11.79/11.89	['concat', 'index', 'substr']: UNSAT (0.317 seconds)
12.19/12.20	['concat', 'index', 'add']: UNSAT (0.053 seconds)
12.19/12.26	['concat', 'index', 'sub']: UNSAT (0.054 seconds)
12.29/12.31	['concat', 'length', 'length']: UNSAT (0.039 seconds)
12.29/12.35	['concat', 'length', 'substr']: UNSAT (0.155 seconds)
12.49/12.51	['concat', 'length', 'add']: UNSAT (0.043 seconds)
12.49/12.55	['concat', 'length', 'sub']: UNSAT (0.044 seconds)
12.59/12.60	['concat', 'substr', 'substr']: UNSAT (1.055 seconds)
13.59/13.65	['concat', 'substr', 'add']: UNSAT (0.196 seconds)
13.79/13.85	['concat', 'substr', 'sub']: UNSAT (0.176 seconds)
13.89/14.03	['concat', 'add', 'add']: UNSAT (0.049 seconds)
14.01/14.08	['concat', 'add', 'sub']: UNSAT (0.049 seconds)
14.01/14.13	['concat', 'sub', 'sub']: UNSAT (0.046 seconds)
14.13/14.17	['index', 'index', 'index']: UNSAT (0.065 seconds)
14.19/14.24	['index', 'index', 'length']: UNSAT (0.052 seconds)
14.19/14.29	['index', 'index', 'substr']: UNSAT (0.081 seconds)
14.29/14.38	['index', 'index', 'add']: UNSAT (0.061 seconds)
14.39/14.44	['index', 'index', 'sub']: UNSAT (0.060 seconds)
14.49/14.50	['index', 'length', 'length']: UNSAT (0.043 seconds)
14.49/14.54	['index', 'length', 'substr']: UNSAT (0.061 seconds)
14.59/14.60	['index', 'length', 'add']: UNSAT (0.045 seconds)
14.59/14.65	['index', 'length', 'sub']: UNSAT (0.047 seconds)
14.69/14.70	['index', 'substr', 'substr']: UNSAT (0.095 seconds)
14.69/14.79	['index', 'substr', 'add']: UNSAT (0.068 seconds)
14.79/14.86	['index', 'substr', 'sub']: UNSAT (0.071 seconds)
14.89/14.93	['index', 'add', 'add']: UNSAT (0.056 seconds)
14.89/14.99	['index', 'add', 'sub']: UNSAT (0.059 seconds)
15.01/15.05	['index', 'sub', 'sub']: UNSAT (0.058 seconds)
15.01/15.11	['length', 'length', 'length']: UNSAT (0.033 seconds)
15.13/15.14	['length', 'length', 'substr']: UNSAT (0.047 seconds)
15.13/15.19	['length', 'length', 'add']: UNSAT (0.035 seconds)
15.19/15.23	['length', 'length', 'sub']: UNSAT (0.034 seconds)
15.19/15.26	['length', 'substr', 'substr']: UNSAT (0.067 seconds)
15.29/15.33	['length', 'substr', 'add']: UNSAT (0.052 seconds)
15.29/15.38	['length', 'substr', 'sub']: UNSAT (0.052 seconds)
15.39/15.44	['length', 'add', 'add']: UNSAT (0.043 seconds)
15.39/15.48	['length', 'add', 'sub']: UNSAT (0.043 seconds)
15.49/15.52	['length', 'sub', 'sub']: UNSAT (0.046 seconds)
15.49/15.57	['substr', 'substr', 'substr']: UNSAT (0.084 seconds)
15.59/15.66	['substr', 'substr', 'add']: UNSAT (0.070 seconds)
15.69/15.73	['substr', 'substr', 'sub']: UNSAT (0.071 seconds)
15.79/15.80	['substr', 'add', 'add']: UNSAT (0.060 seconds)
15.79/15.86	['substr', 'add', 'sub']: UNSAT (0.062 seconds)
15.89/15.92	['substr', 'sub', 'sub']: UNSAT (0.064 seconds)
15.89/15.99	['add', 'add', 'add']: UNSAT (0.058 seconds)
16.00/16.05	['add', 'add', 'sub']: UNSAT (0.056 seconds)
16.00/16.11	['add', 'sub', 'sub']: UNSAT (0.056 seconds)
16.12/16.16	['sub', 'sub', 'sub']: UNSAT (0.054 seconds)
16.19/16.22	['concat', 'concat', 'concat', 'concat']: UNSAT (5.056 seconds)
21.18/21.27	['concat', 'concat', 'concat', 'index']: UNSAT (0.083 seconds)
21.28/21.36	['concat', 'concat', 'concat', 'length']: UNSAT (0.067 seconds)
21.38/21.43	['concat', 'concat', 'concat', 'substr']: UNKNOWN (84.582 seconds)
105.88/106.01	Reason: smt tactic failed to show goal to be sat/unsat max-conflicts-reached
105.88/106.01	Reason: smt tactic failed to show goal to be sat/unsat max-conflicts-reached
105.88/106.01	['concat', 'concat', 'concat', 'add']: UNSAT (0.069 seconds)
106.00/106.08	['concat', 'concat', 'concat', 'sub']: UNSAT (0.070 seconds)
106.12/106.15	['concat', 'concat', 'index', 'index']: UNSAT (0.089 seconds)
106.18/106.24	['concat', 'concat', 'index', 'length']: UNSAT (0.079 seconds)
106.28/106.32	['concat', 'concat', 'index', 'substr']: UNSAT (27.071 seconds)
133.29/133.39	['concat', 'concat', 'index', 'add']: UNSAT (0.076 seconds)
133.39/133.47	['concat', 'concat', 'index', 'sub']: UNSAT (0.074 seconds)
133.50/133.55	['concat', 'concat', 'length', 'length']: UNSAT (0.061 seconds)
133.59/133.61	['concat', 'concat', 'length', 'substr']: UNSAT (10.867 seconds)
144.39/144.48	['concat', 'concat', 'length', 'add']: UNSAT (0.061 seconds)
144.50/144.54	['concat', 'concat', 'length', 'sub']: UNSAT (0.062 seconds)
144.59/144.60	['concat', 'concat', 'substr', 'substr']: UNKNOWN (95.073 seconds)
239.58/239.68	Reason: smt tactic failed to show goal to be sat/unsat max-conflicts-reached
239.58/239.68	Reason: smt tactic failed to show goal to be sat/unsat max-conflicts-reached
239.58/239.68	['concat', 'concat', 'substr', 'add']: UNSAT (10.115 seconds)
249.68/249.79	['concat', 'concat', 'substr', 'sub']: UNSAT (12.119 seconds)
261.88/261.91	['concat', 'concat', 'add', 'add']: UNSAT (0.058 seconds)
261.88/261.97	['concat', 'concat', 'add', 'sub']: UNSAT (0.062 seconds)
261.88/262.03	['concat', 'concat', 'sub', 'sub']: UNSAT (0.065 seconds)
262.01/262.10	['concat', 'index', 'index', 'index']: UNSAT (0.089 seconds)
262.13/262.19	['concat', 'index', 'index', 'length']: UNSAT (0.071 seconds)
262.18/262.26	['concat', 'index', 'index', 'substr']: UNSAT (0.664 seconds)
262.88/262.93	['concat', 'index', 'index', 'add']: UNSAT (0.074 seconds)
262.88/263.00	['concat', 'index', 'index', 'sub']: UNSAT (0.076 seconds)
263.00/263.08	['concat', 'index', 'length', 'length']: UNSAT (0.058 seconds)
263.12/263.14	['concat', 'index', 'length', 'substr']: UNSAT (0.369 seconds)
263.49/263.51	['concat', 'index', 'length', 'add']: UNSAT (0.063 seconds)
263.49/263.57	['concat', 'index', 'length', 'sub']: UNSAT (0.060 seconds)
263.58/263.63	['concat', 'index', 'substr', 'substr']: UNSAT (14.497 seconds)
278.00/278.13	['concat', 'index', 'substr', 'add']: UNSAT (0.697 seconds)
278.78/278.83	['concat', 'index', 'substr', 'sub']: UNSAT (0.800 seconds)
279.58/279.63	['concat', 'index', 'add', 'add']: UNSAT (0.070 seconds)
279.68/279.70	['concat', 'index', 'add', 'sub']: UNSAT (0.070 seconds)
279.68/279.77	['concat', 'index', 'sub', 'sub']: UNSAT (0.070 seconds)
279.78/279.84	['concat', 'length', 'length', 'length']: UNSAT (0.046 seconds)
279.78/279.89	['concat', 'length', 'length', 'substr']: UNSAT (0.115 seconds)
279.88/280.01	['concat', 'length', 'length', 'add']: UNSAT (0.048 seconds)
280.00/280.06	['concat', 'length', 'length', 'sub']: UNSAT (0.045 seconds)
280.00/280.10	['concat', 'length', 'substr', 'substr']: UNSAT (6.472 seconds)
286.49/286.58	['concat', 'length', 'substr', 'add']: UNSAT (0.304 seconds)
286.78/286.88	['concat', 'length', 'substr', 'sub']: UNSAT (0.463 seconds)
287.28/287.34	['concat', 'length', 'add', 'add']: UNSAT (0.055 seconds)
287.38/287.40	['concat', 'length', 'add', 'sub']: UNSAT (0.052 seconds)
287.38/287.45	['concat', 'length', 'sub', 'sub']: UNSAT (0.053 seconds)
287.49/287.51	['concat', 'substr', 'substr', 'substr']: UNSAT (6.063 seconds)
293.49/293.57	['concat', 'substr', 'substr', 'add']: UNSAT (3.585 seconds)
297.12/297.16	['concat', 'substr', 'substr', 'sub']: UNSAT (3.563 seconds)
300.68/300.72	['concat', 'substr', 'add', 'add']: UNSAT (0.567 seconds)
301.18/301.29	['concat', 'substr', 'add', 'sub']: UNSAT (0.430 seconds)
301.68/301.72	['concat', 'substr', 'sub', 'sub']: UNSAT (0.309 seconds)
301.88/302.03	['concat', 'add', 'add', 'add']: UNSAT (0.070 seconds)
302.00/302.10	['concat', 'add', 'add', 'sub']: UNSAT (0.068 seconds)
302.12/302.17	['concat', 'add', 'sub', 'sub']: UNSAT (0.068 seconds)
302.18/302.24	['concat', 'sub', 'sub', 'sub']: UNSAT (0.082 seconds)
302.28/302.32	['index', 'index', 'index', 'index']: UNSAT (0.092 seconds)
302.38/302.41	['index', 'index', 'index', 'length']: UNSAT (0.084 seconds)
302.38/302.50	['index', 'index', 'index', 'substr']: UNSAT (0.130 seconds)
302.58/302.63	['index', 'index', 'index', 'add']: UNSAT (0.085 seconds)
302.68/302.72	['index', 'index', 'index', 'sub']: UNSAT (0.085 seconds)
302.78/302.80	['index', 'index', 'length', 'length']: UNSAT (0.061 seconds)
302.78/302.87	['index', 'index', 'length', 'substr']: UNSAT (0.088 seconds)
302.88/302.95	['index', 'index', 'length', 'add']: UNSAT (0.070 seconds)
302.88/303.02	['index', 'index', 'length', 'sub']: UNSAT (0.072 seconds)
302.99/303.10	['index', 'index', 'substr', 'substr']: UNSAT (0.199 seconds)
303.28/303.30	['index', 'index', 'substr', 'add']: UNSAT (0.106 seconds)
303.38/303.41	['index', 'index', 'substr', 'sub']: UNSAT (0.105 seconds)
303.49/303.51	['index', 'index', 'add', 'add']: UNSAT (0.082 seconds)
303.49/303.59	['index', 'index', 'add', 'sub']: UNSAT (0.079 seconds)
303.58/303.67	['index', 'index', 'sub', 'sub']: UNSAT (0.084 seconds)
303.68/303.76	['index', 'length', 'length', 'length']: UNSAT (0.049 seconds)
303.78/303.81	['index', 'length', 'length', 'substr']: UNSAT (0.072 seconds)
303.78/303.88	['index', 'length', 'length', 'add']: UNSAT (0.057 seconds)
303.88/303.94	['index', 'length', 'length', 'sub']: UNSAT (0.054 seconds)
303.88/303.99	['index', 'length', 'substr', 'substr']: UNSAT (0.135 seconds)
304.00/304.13	['index', 'length', 'substr', 'add']: UNSAT (0.081 seconds)
304.18/304.21	['index', 'length', 'substr', 'sub']: UNSAT (0.081 seconds)
304.18/304.29	['index', 'length', 'add', 'add']: UNSAT (0.060 seconds)
304.28/304.35	['index', 'length', 'add', 'sub']: UNSAT (0.061 seconds)
304.38/304.42	['index', 'length', 'sub', 'sub']: UNSAT (0.059 seconds)
304.38/304.48	['index', 'substr', 'substr', 'substr']: UNSAT (0.200 seconds)
304.58/304.68	['index', 'substr', 'substr', 'add']: UNSAT (0.136 seconds)
304.78/304.82	['index', 'substr', 'substr', 'sub']: UNSAT (0.139 seconds)
304.88/304.96	['index', 'substr', 'add', 'add']: UNSAT (0.097 seconds)
305.01/305.05	['index', 'substr', 'add', 'sub']: UNSAT (0.098 seconds)
305.13/305.15	['index', 'substr', 'sub', 'sub']: UNSAT (0.102 seconds)
305.18/305.25	['index', 'add', 'add', 'add']: UNSAT (0.078 seconds)
305.28/305.33	['index', 'add', 'add', 'sub']: UNSAT (0.079 seconds)
305.38/305.41	['index', 'add', 'sub', 'sub']: UNSAT (0.075 seconds)
305.38/305.49	['index', 'sub', 'sub', 'sub']: UNSAT (0.081 seconds)
305.49/305.57	['length', 'length', 'length', 'length']: UNSAT (0.036 seconds)
305.58/305.61	['length', 'length', 'length', 'substr']: UNSAT (0.048 seconds)
305.58/305.66	['length', 'length', 'length', 'add']: UNSAT (0.039 seconds)
305.68/305.70	['length', 'length', 'length', 'sub']: UNSAT (0.043 seconds)
305.68/305.74	['length', 'length', 'substr', 'substr']: UNSAT (0.113 seconds)
305.78/305.86	['length', 'length', 'substr', 'add']: UNSAT (0.064 seconds)
305.88/305.92	['length', 'length', 'substr', 'sub']: UNSAT (0.064 seconds)
305.88/305.99	['length', 'length', 'add', 'add']: UNSAT (0.050 seconds)
306.00/306.04	['length', 'length', 'add', 'sub']: UNSAT (0.047 seconds)
306.00/306.08	['length', 'length', 'sub', 'sub']: UNSAT (0.049 seconds)
306.00/306.13	['length', 'substr', 'substr', 'substr']: UNSAT (0.163 seconds)
306.28/306.30	['length', 'substr', 'substr', 'add']: UNSAT (0.103 seconds)
306.38/306.40	['length', 'substr', 'substr', 'sub']: UNSAT (0.113 seconds)
306.49/306.52	['length', 'substr', 'add', 'add']: UNSAT (0.082 seconds)
306.58/306.60	['length', 'substr', 'add', 'sub']: UNSAT (0.080 seconds)
306.58/306.68	['length', 'substr', 'sub', 'sub']: UNSAT (0.078 seconds)
306.68/306.76	['length', 'add', 'add', 'add']: UNSAT (0.058 seconds)
306.78/306.82	['length', 'add', 'add', 'sub']: UNSAT (0.060 seconds)
306.78/306.88	['length', 'add', 'sub', 'sub']: UNSAT (0.059 seconds)
306.88/306.94	['length', 'sub', 'sub', 'sub']: UNSAT (0.058 seconds)
306.88/307.00	['substr', 'substr', 'substr', 'substr']: UNSAT (0.142 seconds)
307.12/307.14	['substr', 'substr', 'substr', 'add']: UNSAT (0.111 seconds)
307.18/307.25	['substr', 'substr', 'substr', 'sub']: UNSAT (0.106 seconds)
307.28/307.36	['substr', 'substr', 'add', 'add']: UNSAT (0.089 seconds)
307.38/307.45	['substr', 'substr', 'add', 'sub']: UNSAT (0.092 seconds)
307.49/307.54	['substr', 'substr', 'sub', 'sub']: UNSAT (0.091 seconds)
307.58/307.64	['substr', 'add', 'add', 'add']: UNSAT (0.086 seconds)
307.68/307.72	['substr', 'add', 'add', 'sub']: UNSAT (0.076 seconds)
307.78/307.80	['substr', 'add', 'sub', 'sub']: UNSAT (0.076 seconds)
307.78/307.88	['substr', 'sub', 'sub', 'sub']: UNSAT (0.076 seconds)
307.88/307.95	['add', 'add', 'add', 'add']: UNSAT (0.069 seconds)
307.88/308.02	['add', 'add', 'add', 'sub']: UNSAT (0.068 seconds)
308.01/308.09	['add', 'add', 'sub', 'sub']: UNSAT (0.069 seconds)
308.13/308.16	['add', 'sub', 'sub', 'sub']: UNSAT (0.078 seconds)
308.18/308.24	['sub', 'sub', 'sub', 'sub']: UNSAT (0.073 seconds)
308.29/308.31	['concat', 'concat', 'concat', 'concat', 'concat']: UNKNOWN (182.048 seconds)
490.27/490.36	Reason: smt tactic failed to show goal to be sat/unsat max-conflicts-reached
490.27/490.36	Reason: smt tactic failed to show goal to be sat/unsat max-conflicts-reached
490.27/490.36	['concat', 'concat', 'concat', 'concat', 'index']: UNSAT (0.105 seconds)
490.37/490.47	['concat', 'concat', 'concat', 'concat', 'length']: UNSAT (0.097 seconds)
490.48/490.57	['concat', 'concat', 'concat', 'concat', 'substr']: 