0.11/0.20	=== Examples (../../dataset/examples/examples-69.json)
0.11/0.20	IO(inputs=('break \\',), output='break')
0.11/0.20	IO(inputs=('line break \\',), output='line break')
0.11/0.20	=== Library
0.11/0.20	concat
0.11/0.20	index
0.11/0.20	length
0.11/0.20	substr
0.11/0.20	add
0.11/0.20	sub
0.11/0.20	=== Synthesis
0.11/0.20	['concat']: UNSAT (0.028 seconds)
0.11/0.23	['index']: UNSAT (0.028 seconds)
0.11/0.25	['length']: UNSAT (0.020 seconds)
0.11/0.28	['substr']: UNSAT (0.033 seconds)
0.26/0.31	['add']: UNSAT (0.024 seconds)
0.26/0.33	['sub']: UNSAT (0.024 seconds)
0.26/0.36	['concat', 'concat']: UNSAT (0.046 seconds)
0.36/0.41	['concat', 'index']: UNSAT (0.047 seconds)
0.36/0.45	['concat', 'length']: UNSAT (0.036 seconds)
0.46/0.49	['concat', 'substr']: UNSAT (0.218 seconds)
0.69/0.71	['concat', 'add']: UNSAT (0.027 seconds)
0.69/0.74	['concat', 'sub']: UNSAT (0.028 seconds)
0.69/0.77	['index', 'index']: UNSAT (0.037 seconds)
0.79/0.80	['index', 'length']: UNSAT (0.027 seconds)
0.79/0.83	['index', 'substr']: SAT (0.135 seconds)
0.89/0.97	substr(arg0, 0, index(arg0, ' ', 5))
