0.11/0.20	=== Examples (../../dataset/examples/examples-79.json)
0.11/0.20	IO(inputs=('outsystems.com',), output='com')
0.11/0.20	IO(inputs=('cmu.edu',), output='edu')
0.11/0.20	=== Library
0.11/0.20	concat
0.11/0.20	index
0.11/0.20	length
0.11/0.20	substr
0.11/0.20	add
0.11/0.20	sub
0.11/0.20	=== Synthesis
0.11/0.20	['concat']: UNSAT (0.029 seconds)
0.11/0.23	['index']: UNSAT (0.028 seconds)
0.11/0.26	['length']: UNSAT (0.020 seconds)
0.11/0.28	['substr']: UNSAT (0.040 seconds)
0.27/0.32	['add']: UNSAT (0.025 seconds)
0.27/0.35	['sub']: UNSAT (0.025 seconds)
0.27/0.37	['concat', 'concat']: UNSAT (0.047 seconds)
0.36/0.42	['concat', 'index']: UNSAT (0.046 seconds)
0.36/0.47	['concat', 'length']: UNSAT (0.036 seconds)
0.36/0.50	['concat', 'substr']: SAT (0.267 seconds)
0.69/0.77	substr(concat(arg0, arg0), 11, 3)
