0.13/0.18	=== Examples (../../dataset/examples/examples-44.json)
0.13/0.18	IO(inputs=('My Bed is not your bed',), output='my is not your bed')
0.13/0.18	IO(inputs=('bed to Bed',), output='to bed')
0.13/0.18	=== Library
0.13/0.18	concat
0.13/0.18	index
0.13/0.18	length
0.13/0.18	substr
0.13/0.18	add
0.13/0.18	sub
0.13/0.18	=== Synthesis
0.13/0.18	['concat']: UNSAT (0.022 seconds)
0.13/0.21	['index']: UNSAT (0.021 seconds)
0.13/0.23	['length']: UNSAT (0.016 seconds)
0.13/0.24	['substr']: UNSAT (0.028 seconds)
0.13/0.27	['add']: UNSAT (0.019 seconds)
0.13/0.29	['sub']: UNSAT (0.020 seconds)
0.29/0.31	['concat', 'concat']: UNSAT (0.037 seconds)
0.29/0.35	['concat', 'index']: UNSAT (0.037 seconds)
0.29/0.39	['concat', 'length']: UNSAT (0.030 seconds)
0.39/0.42	['concat', 'substr']: UNSAT (0.187 seconds)
0.56/0.61	['concat', 'add']: UNSAT (0.030 seconds)
0.63/0.64	['concat', 'sub']: UNSAT (0.032 seconds)
0.63/0.67	['index', 'index']: UNSAT (0.042 seconds)
0.69/0.72	['index', 'length']: UNSAT (0.030 seconds)
0.69/0.75	['index', 'substr']: UNSAT (0.107 seconds)
0.79/0.85	['index', 'add']: UNSAT (0.037 seconds)
0.79/0.89	['index', 'sub']: UNSAT (0.036 seconds)
0.89/0.93	['length', 'length']: UNSAT (0.021 seconds)
0.89/0.95	['length', 'substr']: UNSAT (0.041 seconds)
0.89/0.99	['length', 'add']: UNSAT (0.026 seconds)
0.89/1.02	['length', 'sub']: UNSAT (0.025 seconds)
1.03/1.04	['substr', 'substr']: UNSAT (0.068 seconds)
1.03/1.11	['substr', 'add']: UNSAT (0.045 seconds)
1.13/1.16	['substr', 'sub']: UNSAT (0.042 seconds)
1.19/1.20	['add', 'add']: UNSAT (0.031 seconds)
1.19/1.23	['add', 'sub']: UNSAT (0.032 seconds)
1.19/1.27	['sub', 'sub']: UNSAT (0.032 seconds)
1.29/1.30	['concat', 'concat', 'concat']: UNSAT (0.101 seconds)
1.38/1.40	['concat', 'concat', 'index']: UNSAT (0.054 seconds)
1.38/1.46	['concat', 'concat', 'length']: UNSAT (0.043 seconds)
1.48/1.50	['concat', 'concat', 'substr']: UNSAT (7.287 seconds)
8.68/8.79	['concat', 'concat', 'add']: UNSAT (0.044 seconds)
8.78/8.83	['concat', 'concat', 'sub']: UNSAT (0.046 seconds)
8.78/8.88	['concat', 'index', 'index']: UNSAT (0.058 seconds)
8.88/8.94	['concat', 'index', 'length']: UNSAT (0.045 seconds)
8.88/8.99	['concat', 'index', 'substr']: UNSAT (1.141 seconds)
10.02/10.13	['concat', 'index', 'add']: UNSAT (0.051 seconds)
10.12/10.18	['concat', 'index', 'sub']: UNSAT (0.050 seconds)
10.18/10.23	['concat', 'length', 'length']: UNSAT (0.038 seconds)
10.18/10.27	['concat', 'length', 'substr']: UNSAT (0.547 seconds)
10.78/10.82	['concat', 'length', 'add']: UNSAT (0.037 seconds)
10.78/10.86	['concat', 'length', 'sub']: UNSAT (0.037 seconds)
10.78/10.89	['concat', 'substr', 'substr']: UNSAT (1.259 seconds)
12.12/12.15	['concat', 'substr', 'add']: UNSAT (0.348 seconds)
12.48/12.50	['concat', 'substr', 'sub']: UNSAT (0.344 seconds)
12.78/12.85	['concat', 'add', 'add']: UNSAT (0.047 seconds)
12.88/12.90	['concat', 'add', 'sub']: UNSAT (0.047 seconds)
12.88/12.94	['concat', 'sub', 'sub']: UNSAT (0.045 seconds)
12.88/12.99	['index', 'index', 'index']: UNSAT (0.067 seconds)
13.02/13.06	['index', 'index', 'length']: UNSAT (0.051 seconds)
13.02/13.11	['index', 'index', 'substr']: UNSAT (0.346 seconds)
13.38/13.46	['index', 'index', 'add']: UNSAT (0.058 seconds)
13.48/13.52	['index', 'index', 'sub']: UNSAT (0.056 seconds)
13.48/13.57	['index', 'length', 'length']: UNSAT (0.041 seconds)
13.58/13.62	['index', 'length', 'substr']: UNSAT (0.121 seconds)
13.68/13.74	['index', 'length', 'add']: UNSAT (0.044 seconds)
13.68/13.78	['index', 'length', 'sub']: UNSAT (0.044 seconds)
13.78/13.83	['index', 'substr', 'substr']: UNSAT (0.480 seconds)
14.28/14.31	['index', 'substr', 'add']: UNSAT (0.157 seconds)
14.39/14.47	['index', 'substr', 'sub']: UNSAT (0.181 seconds)
14.59/14.65	['index', 'add', 'add']: UNSAT (0.054 seconds)
14.69/14.70	['index', 'add', 'sub']: UNSAT (0.055 seconds)
14.69/14.76	['index', 'sub', 'sub']: UNSAT (0.052 seconds)
14.79/14.81	['length', 'length', 'length']: UNSAT (0.029 seconds)
14.79/14.84	['length', 'length', 'substr']: UNSAT (0.050 seconds)
14.79/14.89	['length', 'length', 'add']: UNSAT (0.034 seconds)
14.88/14.93	['length', 'length', 'sub']: UNSAT (0.033 seconds)
14.88/14.96	['length', 'substr', 'substr']: UNSAT (0.257 seconds)
15.19/15.22	['length', 'substr', 'add']: UNSAT (0.084 seconds)
15.29/15.31	['length', 'substr', 'sub']: UNSAT (0.085 seconds)
15.29/15.39	['length', 'add', 'add']: UNSAT (0.044 seconds)
15.39/15.44	['length', 'add', 'sub']: UNSAT (0.041 seconds)
15.39/15.48	['length', 'sub', 'sub']: UNSAT (0.041 seconds)
15.49/15.52	['substr', 'substr', 'substr']: UNSAT (0.238 seconds)
15.69/15.76	['substr', 'substr', 'add']: UNSAT (0.187 seconds)
15.89/15.95	['substr', 'substr', 'sub']: UNSAT (0.190 seconds)
16.13/16.14	['substr', 'add', 'add']: UNSAT (0.083 seconds)
16.19/16.22	['substr', 'add', 'sub']: UNSAT (0.082 seconds)
16.29/16.31	['substr', 'sub', 'sub']: UNSAT (0.088 seconds)
16.29/16.39	['add', 'add', 'add']: UNSAT (0.052 seconds)
16.39/16.45	['add', 'add', 'sub']: UNSAT (0.049 seconds)
16.49/16.50	['add', 'sub', 'sub']: UNSAT (0.050 seconds)
16.49/16.55	['sub', 'sub', 'sub']: UNSAT (0.051 seconds)
16.59/16.60	['concat', 'concat', 'concat', 'concat']: UNSAT (0.227 seconds)
16.79/16.83	['concat', 'concat', 'concat', 'index']: UNSAT (0.081 seconds)
16.89/16.91	['concat', 'concat', 'concat', 'length']: UNSAT (0.065 seconds)
16.89/16.98	['concat', 'concat', 'concat', 'substr']: UNKNOWN (259.435 seconds)
276.38/276.41	Reason: smt tactic failed to show goal to be sat/unsat max-conflicts-reached
276.38/276.41	Reason: smt tactic failed to show goal to be sat/unsat max-conflicts-reached
276.38/276.41	['concat', 'concat', 'concat', 'add']: UNSAT (0.066 seconds)
276.38/276.48	['concat', 'concat', 'concat', 'sub']: UNSAT (0.066 seconds)
276.47/276.55	['concat', 'concat', 'index', 'index']: UNSAT (0.075 seconds)
276.57/276.62	['concat', 'concat', 'index', 'length']: UNSAT (0.069 seconds)
276.57/276.69	['concat', 'concat', 'index', 'substr']: UNSAT (29.332 seconds)
305.88/306.03	['concat', 'concat', 'index', 'add']: UNSAT (0.071 seconds)
306.02/306.10	['concat', 'concat', 'index', 'sub']: UNSAT (0.066 seconds)
306.12/306.16	['concat', 'concat', 'length', 'length']: UNSAT (0.056 seconds)
306.18/306.22	['concat', 'concat', 'length', 'substr']: UNSAT (4.611 seconds)
310.78/310.83	['concat', 'concat', 'length', 'add']: UNSAT (0.060 seconds)
310.78/310.89	['concat', 'concat', 'length', 'sub']: UNSAT (0.056 seconds)
310.88/310.95	['concat', 'concat', 'substr', 'substr']: UNKNOWN (71.115 seconds)
382.01/382.07	Reason: smt tactic failed to show goal to be sat/unsat max-conflicts-reached
382.01/382.07	Reason: smt tactic failed to show goal to be sat/unsat max-conflicts-reached
382.01/382.07	['concat', 'concat', 'substr', 'add']: UNSAT (4.048 seconds)
386.01/386.12	['concat', 'concat', 'substr', 'sub']: UNSAT (7.918 seconds)
393.88/394.03	['concat', 'concat', 'add', 'add']: UNSAT (0.060 seconds)
394.01/394.09	['concat', 'concat', 'add', 'sub']: UNSAT (0.060 seconds)
394.12/394.15	['concat', 'concat', 'sub', 'sub']: UNSAT (0.061 seconds)
394.18/394.22	['concat', 'index', 'index', 'index']: UNSAT (0.080 seconds)
394.28/394.30	['concat', 'index', 'index', 'length']: UNSAT (0.064 seconds)
394.28/394.36	['concat', 'index', 'index', 'substr']: UNSAT (5.817 seconds)
400.12/400.18	['concat', 'index', 'index', 'add']: UNSAT (0.075 seconds)
400.18/400.26	['concat', 'index', 'index', 'sub']: UNSAT (0.074 seconds)
400.28/400.33	['concat', 'index', 'length', 'length']: UNSAT (0.058 seconds)
400.28/400.39	['concat', 'index', 'length', 'substr']: UNSAT (2.234 seconds)
402.58/402.62	['concat', 'index', 'length', 'add']: UNSAT (0.059 seconds)
402.58/402.68	['concat', 'index', 'length', 'sub']: UNSAT (0.063 seconds)
402.68/402.75	['concat', 'index', 'substr', 'substr']: UNSAT (26.614 seconds)
429.28/429.36	['concat', 'index', 'substr', 'add']: UNSAT (3.180 seconds)
432.48/432.55	['concat', 'index', 'substr', 'sub']: UNSAT (1.297 seconds)
433.78/433.84	['concat', 'index', 'add', 'add']: UNSAT (0.066 seconds)
433.88/433.91	['concat', 'index', 'add', 'sub']: UNSAT (0.063 seconds)
433.88/433.97	['concat', 'index', 'sub', 'sub']: UNSAT (0.068 seconds)
434.01/434.04	['concat', 'length', 'length', 'length']: UNSAT (0.048 seconds)
434.01/434.09	['concat', 'length', 'length', 'substr']: UNSAT (0.373 seconds)
434.38/434.46	['concat', 'length', 'length', 'add']: UNSAT (0.047 seconds)
434.48/434.51	['concat', 'length', 'length', 'sub']: UNSAT (0.049 seconds)
434.48/434.56	['concat', 'length', 'substr', 'substr']: UNSAT (6.664 seconds)
441.18/441.23	['concat', 'length', 'substr', 'add']: UNSAT (0.813 seconds)
442.01/442.04	['concat', 'length', 'substr', 'sub']: UNSAT (0.792 seconds)
442.78/442.83	['concat', 'length', 'add', 'add']: UNSAT (0.056 seconds)
442.78/442.89	['concat', 'length', 'add', 'sub']: UNSAT (0.057 seconds)
442.88/442.95	['concat', 'length', 'sub', 'sub']: UNSAT (0.054 seconds)
442.88/443.00	['concat', 'substr', 'substr', 'substr']: UNSAT (7.473 seconds)
450.37/450.48	['concat', 'substr', 'substr', 'add']: UNSAT (4.668 seconds)
455.11/455.15	['concat', 'substr', 'substr', 'sub']: UNSAT (2.964 seconds)
458.01/458.11	['concat', 'substr', 'add', 'add']: UNSAT (0.418 seconds)
458.47/458.53	['concat', 'substr', 'add', 'sub']: UNSAT (0.463 seconds)
458.87/458.99	['concat', 'substr', 'sub', 'sub']: UNSAT (0.399 seconds)
459.27/459.39	['concat', 'add', 'add', 'add']: UNSAT (0.068 seconds)
459.37/459.46	['concat', 'add', 'add', 'sub']: UNSAT (0.064 seconds)
459.47/459.53	['concat', 'add', 'sub', 'sub']: UNSAT (0.073 seconds)
459.57/459.60	['concat', 'sub', 'sub', 'sub']: UNSAT (0.083 seconds)
459.57/459.69	['index', 'index', 'index', 'index']: UNSAT (0.096 seconds)
459.68/459.78	['index', 'index', 'index', 'length']: UNSAT (0.074 seconds)
459.78/459.86	['index', 'index', 'index', 'substr']: UNSAT (0.259 seconds)
460.01/460.12	['index', 'index', 'index', 'add']: UNSAT (0.089 seconds)
460.17/460.21	['index', 'index', 'index', 'sub']: UNSAT (0.088 seconds)
460.27/460.30	['index', 'index', 'length', 'length']: UNSAT (0.057 seconds)
460.27/460.36	['index', 'index', 'length', 'substr']: UNSAT (0.293 seconds)
460.57/460.65	['index', 'index', 'length', 'add']: UNSAT (0.069 seconds)
460.67/460.72	['index', 'index', 'length', 'sub']: UNSAT (0.063 seconds)
460.67/460.78	['index', 'index', 'substr', 'substr']: UNSAT (0.914 seconds)
461.67/461.70	['index', 'index', 'substr', 'add']: UNSAT (0.180 seconds)
461.77/461.88	['index', 'index', 'substr', 'sub']: UNSAT (0.378 seconds)
462.17/462.26	['index', 'index', 'add', 'add']: UNSAT (0.082 seconds)
462.27/462.34	['index', 'index', 'add', 'sub']: UNSAT (0.084 seconds)
462.37/462.43	['index', 'index', 'sub', 'sub']: UNSAT (0.079 seconds)
462.47/462.51	['index', 'length', 'length', 'length']: UNSAT (0.048 seconds)
462.47/462.56	['index', 'length', 'length', 'substr']: UNSAT (0.169 seconds)
462.67/462.73	['index', 'length', 'length', 'add']: UNSAT (0.051 seconds)
462.67/462.78	['index', 'length', 'length', 'sub']: UNSAT (0.054 seconds)
462.77/462.83	['index', 'length', 'substr', 'substr']: UNSAT (0.855 seconds)
463.57/463.69	['index', 'length', 'substr', 'add']: UNSAT (0.219 seconds)
463.87/463.91	['index', 'length', 'substr', 'sub']: UNSAT (0.215 seconds)
464.01/464.12	['index', 'length', 'add', 'add']: UNSAT (0.063 seconds)
464.11/464.19	['index', 'length', 'add', 'sub']: UNSAT (0.064 seconds)
464.17/464.25	['index', 'length', 'sub', 'sub']: UNSAT (0.065 seconds)
464.27/464.32	['index', 'substr', 'substr', 'substr']: UNSAT (3.144 seconds)
467.37/467.46	['index', 'substr', 'substr', 'add']: UNSAT (1.081 seconds)
468.47/468.55	['index', 'substr', 'substr', 'sub']: UNSAT (0.651 seconds)
469.17/469.20	['index', 'substr', 'add', 'add']: UNSAT (0.556 seconds)
469.67/469.75	['index', 'substr', 'add', 'sub']: UNSAT (0.212 seconds)
469.87/469.97	['index', 'substr', 'sub', 'sub']: UNSAT (0.268 seconds)
470.17/470.24	['index', 'add', 'add', 'add']: UNSAT (0.082 seconds)
470.27/470.32	['index', 'add', 'add', 'sub']: UNSAT (0.073 seconds)
470.27/470.39	['index', 'add', 'sub', 'sub']: UNSAT (0.085 seconds)
470.37/470.48	['index', 'sub', 'sub', 'sub']: UNSAT (0.082 seconds)
470.47/470.56	['length', 'length', 'length', 'length']: UNSAT (0.038 seconds)
470.57/470.60	['length', 'length', 'length', 'substr']: UNSAT (0.048 seconds)
470.57/470.65	['length', 'length', 'length', 'add']: UNSAT (0.041 seconds)
470.57/470.69	['length', 'length', 'length', 'sub']: UNSAT (0.043 seconds)
470.67/470.74	['length', 'length', 'substr', 'substr']: UNSAT (0.329 seconds)
471.01/471.07	['length', 'length', 'substr', 'add']: UNSAT (0.140 seconds)
471.17/471.21	['length', 'length', 'substr', 'sub']: UNSAT (0.125 seconds)
471.27/471.33	['length', 'length', 'add', 'add']: UNSAT (0.048 seconds)
471.27/471.38	['length', 'length', 'add', 'sub']: UNSAT (0.056 seconds)
471.37/471.44	['length', 'length', 'sub', 'sub']: UNSAT (0.049 seconds)
471.37/471.49	['length', 'substr', 'substr', 'substr']: UNSAT (1.137 seconds)
472.57/472.63	['length', 'substr', 'substr', 'add']: UNSAT (0.628 seconds)
473.17/473.26	['length', 'substr', 'substr', 'sub']: UNSAT (0.458 seconds)
473.67/473.71	['length', 'substr', 'add', 'add']: UNSAT (0.144 seconds)
473.77/473.86	['length', 'substr', 'add', 'sub']: UNSAT (0.191 seconds)
474.01/474.05	['length', 'substr', 'sub', 'sub']: UNSAT (0.137 seconds)
474.11/474.19	['length', 'add', 'add', 'add']: UNSAT (0.057 seconds)
474.17/474.25	['length', 'add', 'add', 'sub']: UNSAT (0.056 seconds)
474.27/474.30	['length', 'add', 'sub', 'sub']: UNSAT (0.062 seconds)
474.27/474.37	['length', 'sub', 'sub', 'sub']: UNSAT (0.064 seconds)
474.37/474.43	['substr', 'substr', 'substr', 'substr']: UNSAT (0.916 seconds)
475.27/475.35	['substr', 'substr', 'substr', 'add']: UNSAT (1.414 seconds)
476.67/476.76	['substr', 'substr', 'substr', 'sub']: UNSAT (0.985 seconds)
477.67/477.75	['substr', 'substr', 'add', 'add']: UNSAT (1.259 seconds)
478.87/479.01	['substr', 'substr', 'add', 'sub']: UNSAT (1.041 seconds)
480.01/480.05	['substr', 'substr', 'sub', 'sub']: UNSAT (0.863 seconds)
480.87/480.92	['substr', 'add', 'add', 'add']: UNSAT (0.246 seconds)
481.11/481.16	['substr', 'add', 'add', 'sub']: UNSAT (0.237 seconds)
481.37/481.40	['substr', 'add', 'sub', 'sub']: UNSAT (0.188 seconds)
481.47/481.59	['substr', 'sub', 'sub', 'sub']: UNSAT (0.163 seconds)
481.67/481.75	['add', 'add', 'add', 'add']: UNSAT (0.069 seconds)
481.77/481.82	['add', 'add', 'add', 'sub']: UNSAT (0.072 seconds)
481.77/481.90	['add', 'add', 'sub', 'sub']: UNSAT (0.071 seconds)
481.87/481.97	['add', 'sub', 'sub', 'sub']: UNSAT (0.072 seconds)
482.01/482.04	['sub', 'sub', 'sub', 'sub']: UNSAT (0.076 seconds)
482.01/482.12	['concat', 'concat', 'concat', 'concat', 'concat']: UNSAT (0.417 seconds)
482.47/482.54	['concat', 'concat', 'concat', 'concat', 'index']: UNSAT (0.105 seconds)
482.57/482.64	['concat', 'concat', 'concat', 'concat', 'length']: UNSAT (0.093 seconds)
482.67/482.74	['concat', 'concat', 'concat', 'concat', 'substr']: 