0.12/0.17	=== Examples (../../dataset/examples/examples-46.json)
0.12/0.17	IO(inputs=(' a b c ',), output='0a0b0c')
0.12/0.17	IO(inputs=('1 2 3 4 5 ',), output='102030405')
0.12/0.17	=== Library
0.12/0.17	concat
0.12/0.17	index
0.12/0.17	length
0.12/0.17	substr
0.12/0.17	add
0.12/0.17	sub
0.12/0.17	=== Synthesis
0.12/0.17	['concat']: UNSAT (0.029 seconds)
0.12/0.20	['index']: UNSAT (0.027 seconds)
0.12/0.23	['length']: UNSAT (0.020 seconds)
0.12/0.25	['substr']: UNSAT (0.033 seconds)
0.26/0.29	['add']: UNSAT (0.024 seconds)
0.26/0.31	['sub']: UNSAT (0.024 seconds)
0.26/0.34	['concat', 'concat']: UNSAT (0.046 seconds)
0.36/0.38	['concat', 'index']: UNSAT (0.045 seconds)
0.36/0.43	['concat', 'length']: UNSAT (0.031 seconds)
0.36/0.46	['concat', 'substr']: UNSAT (0.138 seconds)
0.56/0.60	['concat', 'add']: UNSAT (0.027 seconds)
0.56/0.63	['concat', 'sub']: UNSAT (0.027 seconds)
0.63/0.66	['index', 'index']: UNSAT (0.038 seconds)
0.63/0.69	['index', 'length']: UNSAT (0.029 seconds)
0.69/0.72	['index', 'substr']: UNSAT (0.067 seconds)
0.69/0.79	['index', 'add']: UNSAT (0.033 seconds)
0.79/0.83	['index', 'sub']: UNSAT (0.032 seconds)
0.79/0.86	['length', 'length']: UNSAT (0.022 seconds)
0.79/0.88	['length', 'substr']: UNSAT (0.041 seconds)
0.89/0.92	['length', 'add']: UNSAT (0.028 seconds)
0.89/0.95	['length', 'sub']: UNSAT (0.027 seconds)
0.89/0.98	['substr', 'substr']: UNSAT (0.055 seconds)
1.02/1.04	['substr', 'add']: UNSAT (0.044 seconds)
1.02/1.08	['substr', 'sub']: UNSAT (0.042 seconds)
1.02/1.12	['add', 'add']: UNSAT (0.031 seconds)
1.12/1.15	['add', 'sub']: UNSAT (0.030 seconds)
1.12/1.18	['sub', 'sub']: UNSAT (0.029 seconds)
1.19/1.21	['concat', 'concat', 'concat']: UNSAT (0.085 seconds)
1.29/1.30	['concat', 'concat', 'index']: UNSAT (0.051 seconds)
1.29/1.35	['concat', 'concat', 'length']: UNSAT (0.040 seconds)
1.29/1.39	['concat', 'concat', 'substr']: UNSAT (2.590 seconds)
3.89/3.98	['concat', 'concat', 'add']: UNSAT (0.042 seconds)
3.89/4.03	['concat', 'concat', 'sub']: UNSAT (0.044 seconds)
4.02/4.07	['concat', 'index', 'index']: UNSAT (0.059 seconds)
4.02/4.13	['concat', 'index', 'length']: UNSAT (0.043 seconds)
4.13/4.17	['concat', 'index', 'substr']: UNSAT (0.728 seconds)
4.89/4.90	['concat', 'index', 'add']: UNSAT (0.050 seconds)
4.89/4.96	['concat', 'index', 'sub']: UNSAT (0.050 seconds)
4.89/5.01	['concat', 'length', 'length']: UNSAT (0.035 seconds)
5.02/5.04	['concat', 'length', 'substr']: UNSAT (0.266 seconds)
5.29/5.31	['concat', 'length', 'add']: UNSAT (0.035 seconds)
5.29/5.34	['concat', 'length', 'sub']: UNSAT (0.038 seconds)
5.29/5.38	['concat', 'substr', 'substr']: UNSAT (0.927 seconds)
6.29/6.31	['concat', 'substr', 'add']: UNSAT (0.161 seconds)
6.39/6.47	['concat', 'substr', 'sub']: UNSAT (0.237 seconds)
6.69/6.71	['concat', 'add', 'add']: UNSAT (0.043 seconds)
6.69/6.76	['concat', 'add', 'sub']: UNSAT (0.043 seconds)
6.79/6.80	['concat', 'sub', 'sub']: UNSAT (0.043 seconds)
6.79/6.84	['index', 'index', 'index']: UNSAT (0.058 seconds)
6.89/6.90	['index', 'index', 'length']: UNSAT (0.049 seconds)
6.89/6.95	['index', 'index', 'substr']: UNSAT (0.167 seconds)
7.02/7.12	['index', 'index', 'add']: UNSAT (0.052 seconds)
7.13/7.17	['index', 'index', 'sub']: UNSAT (0.054 seconds)
7.19/7.23	['index', 'length', 'length']: UNSAT (0.036 seconds)
7.19/7.26	['index', 'length', 'substr']: UNSAT (0.103 seconds)
7.29/7.37	['index', 'length', 'add']: UNSAT (0.040 seconds)
7.39/7.41	['index', 'length', 'sub']: UNSAT (0.041 seconds)
7.39/7.45	['index', 'substr', 'substr']: UNSAT (0.282 seconds)
7.69/7.73	['index', 'substr', 'add']: UNSAT (0.172 seconds)
7.89/7.90	['index', 'substr', 'sub']: UNSAT (0.108 seconds)
7.89/8.01	['index', 'add', 'add']: UNSAT (0.054 seconds)
8.02/8.07	['index', 'add', 'sub']: UNSAT (0.052 seconds)
8.02/8.12	['index', 'sub', 'sub']: UNSAT (0.048 seconds)
8.13/8.17	['length', 'length', 'length']: UNSAT (0.033 seconds)
8.19/8.20	['length', 'length', 'substr']: UNSAT (0.057 seconds)
8.19/8.26	['length', 'length', 'add']: UNSAT (0.052 seconds)
8.29/8.32	['length', 'length', 'sub']: UNSAT (0.032 seconds)
8.29/8.35	['length', 'substr', 'substr']: UNSAT (0.241 seconds)
8.49/8.59	['length', 'substr', 'add']: UNSAT (0.087 seconds)
8.58/8.68	['length', 'substr', 'sub']: UNSAT (0.088 seconds)
8.68/8.77	['length', 'add', 'add']: UNSAT (0.052 seconds)
8.78/8.82	['length', 'add', 'sub']: UNSAT (0.053 seconds)
8.78/8.87	['length', 'sub', 'sub']: UNSAT (0.053 seconds)
8.88/8.93	['substr', 'substr', 'substr']: UNSAT (0.231 seconds)
9.12/9.16	['substr', 'substr', 'add']: UNSAT (0.153 seconds)
9.28/9.31	['substr', 'substr', 'sub']: UNSAT (0.125 seconds)
9.38/9.44	['substr', 'add', 'add']: UNSAT (0.075 seconds)
9.49/9.51	['substr', 'add', 'sub']: UNSAT (0.080 seconds)
9.49/9.60	['substr', 'sub', 'sub']: UNSAT (0.073 seconds)
9.58/9.67	['add', 'add', 'add']: UNSAT (0.046 seconds)
9.68/9.72	['add', 'add', 'sub']: UNSAT (0.046 seconds)
9.68/9.76	['add', 'sub', 'sub']: UNSAT (0.046 seconds)
9.78/9.81	['sub', 'sub', 'sub']: UNSAT (0.047 seconds)
9.78/9.86	['concat', 'concat', 'concat', 'concat']: UNSAT (0.175 seconds)
9.88/10.03	['concat', 'concat', 'concat', 'index']: UNSAT (0.075 seconds)
10.02/10.11	['concat', 'concat', 'concat', 'length']: UNSAT (0.063 seconds)
10.12/10.17	['concat', 'concat', 'concat', 'substr']: UNKNOWN (125.447 seconds)
135.59/135.62	Reason: smt tactic failed to show goal to be sat/unsat max-conflicts-reached
135.59/135.62	Reason: smt tactic failed to show goal to be sat/unsat max-conflicts-reached
135.59/135.62	['concat', 'concat', 'concat', 'add']: UNSAT (0.064 seconds)
135.59/135.69	['concat', 'concat', 'concat', 'sub']: UNSAT (0.067 seconds)
135.68/135.75	['concat', 'concat', 'index', 'index']: UNSAT (0.078 seconds)
135.78/135.83	['concat', 'concat', 'index', 'length']: UNSAT (0.065 seconds)
135.88/135.90	['concat', 'concat', 'index', 'substr']: UNSAT (39.861 seconds)
175.69/175.76	['concat', 'concat', 'index', 'add']: UNSAT (0.068 seconds)
175.79/175.83	['concat', 'concat', 'index', 'sub']: UNSAT (0.066 seconds)
175.79/175.89	['concat', 'concat', 'length', 'length']: UNSAT (0.060 seconds)
175.89/175.95	['concat', 'concat', 'length', 'substr']: UNSAT (4.803 seconds)
180.69/180.76	['concat', 'concat', 'length', 'add']: UNSAT (0.052 seconds)
180.79/180.81	['concat', 'concat', 'length', 'sub']: UNSAT (0.054 seconds)
180.79/180.87	['concat', 'concat', 'substr', 'substr']: UNKNOWN (46.601 seconds)
227.39/227.47	Reason: smt tactic failed to show goal to be sat/unsat max-conflicts-reached
227.39/227.47	Reason: smt tactic failed to show goal to be sat/unsat max-conflicts-reached
227.39/227.47	['concat', 'concat', 'substr', 'add']: UNSAT (3.548 seconds)
230.89/231.02	['concat', 'concat', 'substr', 'sub']: UNSAT (2.419 seconds)
233.39/233.44	['concat', 'concat', 'add', 'add']: UNSAT (0.064 seconds)
233.49/233.50	['concat', 'concat', 'add', 'sub']: UNSAT (0.058 seconds)
233.49/233.56	['concat', 'concat', 'sub', 'sub']: UNSAT (0.060 seconds)
233.59/233.62	['concat', 'index', 'index', 'index']: UNSAT (0.080 seconds)
233.69/233.70	['concat', 'index', 'index', 'length']: UNSAT (0.065 seconds)
233.69/233.77	['concat', 'index', 'index', 'substr']: UNSAT (2.978 seconds)
236.69/236.75	['concat', 'index', 'index', 'add']: UNSAT (0.072 seconds)
236.79/236.82	['concat', 'index', 'index', 'sub']: UNSAT (0.074 seconds)
236.79/236.90	['concat', 'index', 'length', 'length']: UNSAT (0.056 seconds)
236.89/236.95	['concat', 'index', 'length', 'substr']: UNSAT (1.363 seconds)
238.29/238.32	['concat', 'index', 'length', 'add']: UNSAT (0.059 seconds)
238.29/238.38	['concat', 'index', 'length', 'sub']: UNSAT (0.060 seconds)
238.39/238.44	['concat', 'index', 'substr', 'substr']: UNSAT (11.185 seconds)
249.59/249.62	['concat', 'index', 'substr', 'add']: UNSAT (1.110 seconds)
250.69/250.73	['concat', 'index', 'substr', 'sub']: UNSAT (1.528 seconds)
252.19/252.26	['concat', 'index', 'add', 'add']: UNSAT (0.066 seconds)
252.29/252.33	['concat', 'index', 'add', 'sub']: UNSAT (0.065 seconds)
252.29/252.39	['concat', 'index', 'sub', 'sub']: UNSAT (0.064 seconds)
252.39/252.46	['concat', 'length', 'length', 'length']: UNSAT (0.041 seconds)
252.49/252.50	['concat', 'length', 'length', 'substr']: UNSAT (0.344 seconds)
252.79/252.85	['concat', 'length', 'length', 'add']: UNSAT (0.050 seconds)
252.79/252.90	['concat', 'length', 'length', 'sub']: UNSAT (0.049 seconds)
252.89/252.95	['concat', 'length', 'substr', 'substr']: UNSAT (3.505 seconds)
256.39/256.45	['concat', 'length', 'substr', 'add']: UNSAT (0.457 seconds)
256.89/256.91	['concat', 'length', 'substr', 'sub']: UNSAT (0.680 seconds)
257.49/257.59	['concat', 'length', 'add', 'add']: UNSAT (0.052 seconds)
257.59/257.64	['concat', 'length', 'add', 'sub']: UNSAT (0.052 seconds)
257.59/257.70	['concat', 'length', 'sub', 'sub']: UNSAT (0.050 seconds)
257.69/257.75	['concat', 'substr', 'substr', 'substr']: UNSAT (10.336 seconds)
268.02/268.08	['concat', 'substr', 'substr', 'add']: UNSAT (3.105 seconds)
271.13/271.19	['concat', 'substr', 'substr', 'sub']: UNSAT (2.724 seconds)
273.88/273.92	['concat', 'substr', 'add', 'add']: UNSAT (0.466 seconds)
274.29/274.38	['concat', 'substr', 'add', 'sub']: UNSAT (0.470 seconds)
274.78/274.85	['concat', 'substr', 'sub', 'sub']: UNSAT (0.399 seconds)
275.18/275.25	['concat', 'add', 'add', 'add']: UNSAT (0.060 seconds)
275.28/275.31	['concat', 'add', 'add', 'sub']: UNSAT (0.064 seconds)
275.28/275.38	['concat', 'add', 'sub', 'sub']: UNSAT (0.062 seconds)
275.38/275.44	['concat', 'sub', 'sub', 'sub']: UNSAT (0.066 seconds)
275.49/275.51	['index', 'index', 'index', 'index']: UNSAT (0.091 seconds)
275.58/275.60	['index', 'index', 'index', 'length']: UNSAT (0.072 seconds)
275.58/275.67	['index', 'index', 'index', 'substr']: UNSAT (0.329 seconds)
275.88/276.00	['index', 'index', 'index', 'add']: UNSAT (0.083 seconds)
276.02/276.09	['index', 'index', 'index', 'sub']: UNSAT (0.087 seconds)
276.13/276.18	['index', 'index', 'length', 'length']: UNSAT (0.062 seconds)
276.18/276.24	['index', 'index', 'length', 'substr']: UNSAT (0.218 seconds)
276.38/276.46	['index', 'index', 'length', 'add']: UNSAT (0.065 seconds)
276.48/276.52	['index', 'index', 'length', 'sub']: UNSAT (0.072 seconds)
276.58/276.60	['index', 'index', 'substr', 'substr']: UNSAT (0.802 seconds)
277.38/277.40	['index', 'index', 'substr', 'add']: UNSAT (0.173 seconds)
277.49/277.57	['index', 'index', 'substr', 'sub']: UNSAT (0.193 seconds)
277.68/277.77	['index', 'index', 'add', 'add']: UNSAT (0.076 seconds)
277.78/277.85	['index', 'index', 'add', 'sub']: UNSAT (0.078 seconds)
277.88/277.92	['index', 'index', 'sub', 'sub']: UNSAT (0.079 seconds)
277.88/278.00	['index', 'length', 'length', 'length']: UNSAT (0.046 seconds)
278.02/278.05	['index', 'length', 'length', 'substr']: UNSAT (0.104 seconds)
278.13/278.16	['index', 'length', 'length', 'add']: UNSAT (0.051 seconds)
278.18/278.21	['index', 'length', 'length', 'sub']: UNSAT (0.049 seconds)
278.18/278.26	['index', 'length', 'substr', 'substr']: UNSAT (0.391 seconds)
278.58/278.65	['index', 'length', 'substr', 'add']: UNSAT (0.143 seconds)
278.68/278.79	['index', 'length', 'substr', 'sub']: UNSAT (0.108 seconds)
278.88/278.90	['index', 'length', 'add', 'add']: UNSAT (0.063 seconds)
278.88/278.97	['index', 'length', 'add', 'sub']: UNSAT (0.060 seconds)
278.88/279.03	['index', 'length', 'sub', 'sub']: UNSAT (0.062 seconds)
279.01/279.09	['index', 'substr', 'substr', 'substr']: UNSAT (1.329 seconds)
280.38/280.42	['index', 'substr', 'substr', 'add']: UNSAT (0.757 seconds)
281.13/281.18	['index', 'substr', 'substr', 'sub']: UNSAT (0.520 seconds)
281.68/281.70	['index', 'substr', 'add', 'add']: UNSAT (0.184 seconds)
281.78/281.88	['index', 'substr', 'add', 'sub']: UNSAT (0.171 seconds)
282.02/282.06	['index', 'substr', 'sub', 'sub']: UNSAT (0.155 seconds)
282.18/282.21	['index', 'add', 'add', 'add']: UNSAT (0.076 seconds)
282.18/282.29	['index', 'add', 'add', 'sub']: UNSAT (0.073 seconds)
282.28/282.36	['index', 'add', 'sub', 'sub']: UNSAT (0.074 seconds)
282.39/282.44	['index', 'sub', 'sub', 'sub']: UNSAT (0.074 seconds)
282.48/282.51	['length', 'length', 'length', 'length']: UNSAT (0.036 seconds)
282.48/282.55	['length', 'length', 'length', 'substr']: UNSAT (0.045 seconds)
282.58/282.60	['length', 'length', 'length', 'add']: UNSAT (0.038 seconds)
282.58/282.63	['length', 'length', 'length', 'sub']: UNSAT (0.037 seconds)
282.58/282.67	['length', 'length', 'substr', 'substr']: UNSAT (0.301 seconds)
282.88/282.97	['length', 'length', 'substr', 'add']: UNSAT (0.087 seconds)
283.01/283.06	['length', 'length', 'substr', 'sub']: UNSAT (0.083 seconds)
283.12/283.15	['length', 'length', 'add', 'add']: UNSAT (0.046 seconds)
283.12/283.19	['length', 'length', 'add', 'sub']: UNSAT (0.046 seconds)
283.18/283.24	['length', 'length', 'sub', 'sub']: UNSAT (0.051 seconds)
283.18/283.29	['length', 'substr', 'substr', 'substr']: UNSAT (0.603 seconds)
283.78/283.90	['length', 'substr', 'substr', 'add']: UNSAT (0.375 seconds)
284.18/284.27	['length', 'substr', 'substr', 'sub']: UNSAT (0.320 seconds)
284.48/284.59	['length', 'substr', 'add', 'add']: UNSAT (0.101 seconds)
284.58/284.69	['length', 'substr', 'add', 'sub']: UNSAT (0.122 seconds)
284.78/284.82	['length', 'substr', 'sub', 'sub']: UNSAT (0.128 seconds)
284.88/284.95	['length', 'add', 'add', 'add']: UNSAT (0.058 seconds)
284.88/285.01	['length', 'add', 'add', 'sub']: UNSAT (0.058 seconds)
285.01/285.06	['length', 'add', 'sub', 'sub']: UNSAT (0.057 seconds)
285.01/285.12	['length', 'sub', 'sub', 'sub']: UNSAT (0.056 seconds)
285.12/285.18	['substr', 'substr', 'substr', 'substr']: UNSAT (0.638 seconds)
285.78/285.82	['substr', 'substr', 'substr', 'add']: UNSAT (0.458 seconds)
286.18/286.28	['substr', 'substr', 'substr', 'sub']: UNSAT (0.478 seconds)
286.68/286.76	['substr', 'substr', 'add', 'add']: UNSAT (1.047 seconds)
287.78/287.80	['substr', 'substr', 'add', 'sub']: UNSAT (0.312 seconds)
288.01/288.12	['substr', 'substr', 'sub', 'sub']: UNSAT (0.217 seconds)
288.29/288.34	['substr', 'add', 'add', 'add']: UNSAT (0.206 seconds)
288.48/288.54	['substr', 'add', 'add', 'sub']: UNSAT (0.205 seconds)
288.68/288.75	['substr', 'add', 'sub', 'sub']: UNSAT (0.189 seconds)
288.88/288.94	['substr', 'sub', 'sub', 'sub']: UNSAT (0.246 seconds)
289.12/289.18	['add', 'add', 'add', 'add']: UNSAT (0.071 seconds)
289.18/289.26	['add', 'add', 'add', 'sub']: UNSAT (0.069 seconds)
289.28/289.33	['add', 'add', 'sub', 'sub']: UNSAT (0.068 seconds)
289.28/289.40	['add', 'sub', 'sub', 'sub']: UNSAT (0.066 seconds)
289.38/289.46	['sub', 'sub', 'sub', 'sub']: UNSAT (0.067 seconds)
289.49/289.53	['concat', 'concat', 'concat', 'concat', 'concat']: UNSAT (0.386 seconds)
289.89/289.92	['concat', 'concat', 'concat', 'concat', 'index']: UNSAT (0.112 seconds)
289.89/290.03	['concat', 'concat', 'concat', 'concat', 'length']: UNSAT (0.087 seconds)
290.01/290.12	['concat', 'concat', 'concat', 'concat', 'substr']: UNKNOWN (220.816 seconds)
510.88/510.94	Reason: smt tactic failed to show goal to be sat/unsat max-conflicts-reached
510.88/510.94	Reason: smt tactic failed to show goal to be sat/unsat max-conflicts-reached
510.88/510.94	['concat', 'concat', 'concat', 'concat', 'add']: UNSAT (0.094 seconds)
510.88/511.03	['concat', 'concat', 'concat', 'concat', 'sub']: UNSAT (0.094 seconds)
511.01/511.13	['concat', 'concat', 'concat', 'index', 'index']: UNSAT (0.104 seconds)
511.18/511.23	['concat', 'concat', 'concat', 'index', 'length']: UNSAT (0.089 seconds)
511.28/511.32	['concat', 'concat', 'concat', 'index', 'substr']: UNKNOWN (85.098 seconds)
596.37/596.42	Reason: smt tactic failed to show goal to be sat/unsat max-conflicts-reached
596.37/596.42	Reason: smt tactic failed to show goal to be sat/unsat max-conflicts-reached
596.37/596.42	['concat', 'concat', 'concat', 'index', 'add']: UNSAT (0.093 seconds)
596.47/596.51	['concat', 'concat', 'concat', 'index', 'sub']: UNSAT (0.096 seconds)
596.57/596.61	['concat', 'concat', 'concat', 'length', 'length']: UNSAT (0.087 seconds)
596.67/596.70	['concat', 'concat', 'concat', 'length', 'substr']: 