0.11/0.20	=== Examples (../../dataset/examples/examples-17.json)
0.11/0.20	IO(inputs=('Quisque sollicitudin volutpat.',), output='Quisque sollicitudin...')
0.11/0.20	IO(inputs=('In viverra in mi non turpis duis.',), output='In viverra in mi non...')
0.11/0.20	=== Library
0.11/0.20	concat
0.11/0.20	index
0.11/0.20	length
0.11/0.20	substr
0.11/0.20	add
0.11/0.20	sub
0.11/0.20	=== Synthesis
0.11/0.20	['concat']: UNSAT (0.029 seconds)
0.11/0.23	['index']: UNSAT (0.030 seconds)
0.11/0.26	['length']: UNSAT (0.021 seconds)
0.11/0.28	['substr']: UNSAT (0.058 seconds)
0.25/0.34	['add']: UNSAT (0.025 seconds)
0.25/0.37	['sub']: UNSAT (0.025 seconds)
0.37/0.39	['concat', 'concat']: UNSAT (0.050 seconds)
0.37/0.45	['concat', 'index']: UNSAT (0.047 seconds)
0.45/0.49	['concat', 'length']: UNSAT (0.037 seconds)
0.45/0.53	['concat', 'substr']: SAT (0.173 seconds)
0.69/0.71	concat(substr(arg0, 0, 19), 'n...')
