0.11/0.20	=== Examples (../../dataset/examples/examples-49.json)
0.11/0.20	IO(inputs=('john', 'doe'), output='JOHN DOE')
0.11/0.20	IO(inputs=('jane', 'smith'), output='JANE SMITH')
0.11/0.20	=== Library
0.11/0.20	concat
0.11/0.20	index
0.11/0.20	length
0.11/0.20	substr
0.11/0.20	add
0.11/0.20	sub
0.11/0.20	=== Synthesis
0.11/0.20	['concat']: UNSAT (0.031 seconds)
0.11/0.23	['index']: UNSAT (0.030 seconds)
0.11/0.26	['length']: UNSAT (0.021 seconds)
0.26/0.28	['substr']: UNSAT (0.030 seconds)
0.26/0.31	['add']: UNSAT (0.025 seconds)
0.26/0.34	['sub']: UNSAT (0.025 seconds)
0.26/0.36	['concat', 'concat']: UNSAT (0.051 seconds)
0.36/0.42	['concat', 'index']: UNSAT (0.050 seconds)
0.36/0.47	['concat', 'length']: UNSAT (0.038 seconds)
0.46/0.51	['concat', 'substr']: UNSAT (0.051 seconds)
0.46/0.56	['concat', 'add']: UNSAT (0.037 seconds)
0.56/0.60	['concat', 'sub']: UNSAT (0.029 seconds)
0.56/0.63	['index', 'index']: UNSAT (0.039 seconds)
0.63/0.67	['index', 'length']: UNSAT (0.029 seconds)
0.63/0.70	['index', 'substr']: UNSAT (0.042 seconds)
0.69/0.74	['index', 'add']: UNSAT (0.034 seconds)
0.69/0.77	['index', 'sub']: UNSAT (0.034 seconds)
0.79/0.81	['length', 'length']: UNSAT (0.021 seconds)
0.79/0.83	['length', 'substr']: UNSAT (0.031 seconds)
0.79/0.86	['length', 'add']: UNSAT (0.024 seconds)
0.79/0.89	['length', 'sub']: UNSAT (0.024 seconds)
0.89/0.91	['substr', 'substr']: UNSAT (0.039 seconds)
0.89/0.95	['substr', 'add']: UNSAT (0.034 seconds)
0.89/0.98	['substr', 'sub']: UNSAT (0.035 seconds)
0.89/1.02	['add', 'add']: UNSAT (0.032 seconds)
1.02/1.05	['add', 'sub']: UNSAT (0.030 seconds)
1.02/1.08	['sub', 'sub']: UNSAT (0.030 seconds)
1.02/1.12	['concat', 'concat', 'concat']: UNSAT (0.347 seconds)
1.39/1.46	['concat', 'concat', 'index']: UNSAT (0.055 seconds)
1.49/1.52	['concat', 'concat', 'length']: UNSAT (0.046 seconds)
1.49/1.57	['concat', 'concat', 'substr']: UNSAT (0.577 seconds)
2.13/2.14	['concat', 'concat', 'add']: UNSAT (0.045 seconds)
2.13/2.19	['concat', 'concat', 'sub']: UNSAT (0.045 seconds)
2.19/2.24	['concat', 'index', 'index']: UNSAT (0.061 seconds)
2.29/2.30	['concat', 'index', 'length']: UNSAT (0.048 seconds)
2.29/2.35	['concat', 'index', 'substr']: UNSAT (0.160 seconds)
2.49/2.51	['concat', 'index', 'add']: UNSAT (0.049 seconds)
2.49/2.56	['concat', 'index', 'sub']: UNSAT (0.049 seconds)
2.59/2.61	['concat', 'length', 'length']: UNSAT (0.035 seconds)
2.59/2.64	['concat', 'length', 'substr']: UNSAT (0.063 seconds)
2.69/2.71	['concat', 'length', 'add']: UNSAT (0.038 seconds)
2.69/2.75	['concat', 'length', 'sub']: UNSAT (0.038 seconds)
2.69/2.78	['concat', 'substr', 'substr']: UNSAT (0.076 seconds)
2.79/2.86	['concat', 'substr', 'add']: UNSAT (0.052 seconds)
2.89/2.91	['concat', 'substr', 'sub']: UNSAT (0.055 seconds)
2.89/2.97	['concat', 'add', 'add']: UNSAT (0.044 seconds)
2.89/3.01	['concat', 'add', 'sub']: UNSAT (0.045 seconds)
3.02/3.06	['concat', 'sub', 'sub']: UNSAT (0.043 seconds)
3.02/3.10	['index', 'index', 'index']: UNSAT (0.062 seconds)
3.13/3.17	['index', 'index', 'length']: UNSAT (0.052 seconds)
3.19/3.22	['index', 'index', 'substr']: UNSAT (0.091 seconds)
3.29/3.31	['index', 'index', 'add']: UNSAT (0.057 seconds)
3.29/3.37	['index', 'index', 'sub']: UNSAT (0.055 seconds)
3.39/3.43	['index', 'length', 'length']: UNSAT (0.039 seconds)
3.39/3.47	['index', 'length', 'substr']: UNSAT (0.054 seconds)
3.49/3.52	['index', 'length', 'add']: UNSAT (0.043 seconds)
3.49/3.57	['index', 'length', 'sub']: UNSAT (0.043 seconds)
3.59/3.61	['index', 'substr', 'substr']: UNSAT (0.087 seconds)
3.69/3.70	['index', 'substr', 'add']: UNSAT (0.062 seconds)
3.69/3.76	['index', 'substr', 'sub']: UNSAT (0.060 seconds)
3.79/3.82	['index', 'add', 'add']: UNSAT (0.051 seconds)
3.79/3.87	['index', 'add', 'sub']: UNSAT (0.051 seconds)
3.89/3.93	['index', 'sub', 'sub']: UNSAT (0.051 seconds)
3.89/3.98	['length', 'length', 'length']: UNSAT (0.029 seconds)
3.89/4.01	['length', 'length', 'substr']: UNSAT (0.043 seconds)
4.02/4.05	['length', 'length', 'add']: UNSAT (0.032 seconds)
4.02/4.08	['length', 'length', 'sub']: UNSAT (0.033 seconds)
4.02/4.12	['length', 'substr', 'substr']: UNSAT (0.057 seconds)
4.13/4.18	['length', 'substr', 'add']: UNSAT (0.049 seconds)
4.19/4.23	['length', 'substr', 'sub']: UNSAT (0.046 seconds)
4.19/4.27	['length', 'add', 'add']: UNSAT (0.037 seconds)
4.29/4.31	['length', 'add', 'sub']: UNSAT (0.039 seconds)
4.29/4.35	['length', 'sub', 'sub']: UNSAT (0.039 seconds)
4.29/4.39	['substr', 'substr', 'substr']: UNSAT (0.067 seconds)
4.39/4.46	['substr', 'substr', 'add']: UNSAT (0.057 seconds)
4.49/4.52	['substr', 'substr', 'sub']: UNSAT (0.057 seconds)
4.49/4.57	['substr', 'add', 'add']: UNSAT (0.051 seconds)
4.59/4.63	['substr', 'add', 'sub']: UNSAT (0.052 seconds)
4.59/4.68	['substr', 'sub', 'sub']: UNSAT (0.051 seconds)
4.69/4.73	['add', 'add', 'add']: UNSAT (0.049 seconds)
4.69/4.78	['add', 'add', 'sub']: UNSAT (0.048 seconds)
4.79/4.83	['add', 'sub', 'sub']: UNSAT (0.049 seconds)
4.79/4.88	['sub', 'sub', 'sub']: UNSAT (0.049 seconds)
4.89/4.93	['concat', 'concat', 'concat', 'concat']: UNKNOWN (109.055 seconds)
113.88/113.99	Reason: smt tactic failed to show goal to be sat/unsat max-conflicts-reached
113.88/113.99	Reason: smt tactic failed to show goal to be sat/unsat max-conflicts-reached
113.88/113.99	['concat', 'concat', 'concat', 'index']: UNSAT (0.082 seconds)
114.01/114.07	['concat', 'concat', 'concat', 'length']: UNSAT (0.066 seconds)
114.12/114.14	['concat', 'concat', 'concat', 'substr']: UNKNOWN (48.602 seconds)
162.69/162.74	Reason: smt tactic failed to show goal to be sat/unsat max-conflicts-reached
162.69/162.74	Reason: smt tactic failed to show goal to be sat/unsat max-conflicts-reached
162.69/162.74	['concat', 'concat', 'concat', 'add']: UNSAT (0.067 seconds)
162.79/162.81	['concat', 'concat', 'concat', 'sub']: UNSAT (0.070 seconds)
162.79/162.88	['concat', 'concat', 'index', 'index']: UNSAT (0.088 seconds)
162.89/162.97	['concat', 'concat', 'index', 'length']: UNSAT (0.073 seconds)
163.01/163.04	['concat', 'concat', 'index', 'substr']: UNSAT (4.129 seconds)
167.13/167.17	['concat', 'concat', 'index', 'add']: UNSAT (0.073 seconds)
167.19/167.25	['concat', 'concat', 'index', 'sub']: UNSAT (0.072 seconds)
167.29/167.32	['concat', 'concat', 'length', 'length']: UNSAT (0.055 seconds)
167.29/167.38	['concat', 'concat', 'length', 'substr']: UNSAT (1.648 seconds)
168.89/169.03	['concat', 'concat', 'length', 'add']: UNSAT (0.057 seconds)
169.01/169.08	['concat', 'concat', 'length', 'sub']: UNSAT (0.059 seconds)
169.13/169.14	['concat', 'concat', 'substr', 'substr']: UNSAT (8.898 seconds)
178.01/178.04	['concat', 'concat', 'substr', 'add']: UNSAT (0.760 seconds)
178.78/178.80	['concat', 'concat', 'substr', 'sub']: UNSAT (1.049 seconds)
179.78/179.85	['concat', 'concat', 'add', 'add']: UNSAT (0.061 seconds)
179.88/179.92	['concat', 'concat', 'add', 'sub']: UNSAT (0.060 seconds)
179.88/179.98	['concat', 'concat', 'sub', 'sub']: UNSAT (0.061 seconds)
180.01/180.04	['concat', 'index', 'index', 'index']: UNSAT (0.087 seconds)
180.01/180.13	['concat', 'index', 'index', 'length']: UNSAT (0.072 seconds)
180.18/180.20	['concat', 'index', 'index', 'substr']: UNSAT (0.541 seconds)
180.68/180.74	['concat', 'index', 'index', 'add']: UNSAT (0.077 seconds)
180.78/180.82	['concat', 'index', 'index', 'sub']: UNSAT (0.076 seconds)
180.88/180.90	['concat', 'index', 'length', 'length']: UNSAT (0.059 seconds)
180.88/180.96	['concat', 'index', 'length', 'substr']: UNSAT (0.361 seconds)
181.28/181.32	['concat', 'index', 'length', 'add']: UNSAT (0.062 seconds)
181.28/181.38	['concat', 'index', 'length', 'sub']: UNSAT (0.066 seconds)
181.38/181.45	['concat', 'index', 'substr', 'substr']: UNSAT (0.632 seconds)
182.01/182.08	['concat', 'index', 'substr', 'add']: UNSAT (0.342 seconds)
182.38/182.43	['concat', 'index', 'substr', 'sub']: UNSAT (0.313 seconds)
182.68/182.74	['concat', 'index', 'add', 'add']: UNSAT (0.070 seconds)
182.78/182.81	['concat', 'index', 'add', 'sub']: UNSAT (0.073 seconds)
182.78/182.88	['concat', 'index', 'sub', 'sub']: UNSAT (0.070 seconds)
182.88/182.96	['concat', 'length', 'length', 'length']: UNSAT (0.045 seconds)
182.88/183.00	['concat', 'length', 'length', 'substr']: UNSAT (0.131 seconds)
183.01/183.13	['concat', 'length', 'length', 'add']: UNSAT (0.051 seconds)
183.12/183.19	['concat', 'length', 'length', 'sub']: UNSAT (0.050 seconds)
183.18/183.24	['concat', 'length', 'substr', 'substr']: UNSAT (0.237 seconds)
183.38/183.47	['concat', 'length', 'substr', 'add']: UNSAT (0.138 seconds)
183.58/183.61	['concat', 'length', 'substr', 'sub']: UNSAT (0.134 seconds)
183.68/183.75	['concat', 'length', 'add', 'add']: UNSAT (0.057 seconds)
183.78/183.81	['concat', 'length', 'add', 'sub']: UNSAT (0.056 seconds)
183.78/183.86	['concat', 'length', 'sub', 'sub']: UNSAT (0.054 seconds)
183.88/183.92	['concat', 'substr', 'substr', 'substr']: UNSAT (0.201 seconds)
184.01/184.12	['concat', 'substr', 'substr', 'add']: UNSAT (0.097 seconds)
184.18/184.22	['concat', 'substr', 'substr', 'sub']: UNSAT (0.102 seconds)
184.28/184.32	['concat', 'substr', 'add', 'add']: UNSAT (0.077 seconds)
184.38/184.40	['concat', 'substr', 'add', 'sub']: UNSAT (0.075 seconds)
184.38/184.47	['concat', 'substr', 'sub', 'sub']: UNSAT (0.084 seconds)
184.48/184.56	['concat', 'add', 'add', 'add']: UNSAT (0.067 seconds)
184.58/184.63	['concat', 'add', 'add', 'sub']: UNSAT (0.066 seconds)
184.58/184.70	['concat', 'add', 'sub', 'sub']: UNSAT (0.067 seconds)
184.68/184.76	['concat', 'sub', 'sub', 'sub']: UNSAT (0.063 seconds)
184.78/184.83	['index', 'index', 'index', 'index']: UNSAT (0.093 seconds)
184.88/184.92	['index', 'index', 'index', 'length']: UNSAT (0.077 seconds)
184.88/185.00	['index', 'index', 'index', 'substr']: UNSAT (0.105 seconds)
185.01/185.10	['index', 'index', 'index', 'add']: UNSAT (0.085 seconds)
185.12/185.19	['index', 'index', 'index', 'sub']: UNSAT (0.091 seconds)
185.18/185.28	['index', 'index', 'length', 'length']: UNSAT (0.062 seconds)
185.28/185.34	['index', 'index', 'length', 'substr']: UNSAT (0.143 seconds)
185.38/185.49	['index', 'index', 'length', 'add']: UNSAT (0.074 seconds)
185.48/185.56	['index', 'index', 'length', 'sub']: UNSAT (0.073 seconds)
185.58/185.64	['index', 'index', 'substr', 'substr']: UNSAT (0.129 seconds)
185.68/185.77	['index', 'index', 'substr', 'add']: UNSAT (0.098 seconds)
185.78/185.87	['index', 'index', 'substr', 'sub']: UNSAT (0.095 seconds)
185.88/185.96	['index', 'index', 'add', 'add']: UNSAT (0.079 seconds)
186.01/186.04	['index', 'index', 'add', 'sub']: UNSAT (0.081 seconds)
186.01/186.12	['index', 'index', 'sub', 'sub']: UNSAT (0.080 seconds)
186.18/186.21	['index', 'length', 'length', 'length']: UNSAT (0.049 seconds)
186.18/186.26	['index', 'length', 'length', 'substr']: UNSAT (0.087 seconds)
186.28/186.34	['index', 'length', 'length', 'add']: UNSAT (0.052 seconds)
186.38/186.40	['index', 'length', 'length', 'sub']: UNSAT (0.054 seconds)
186.38/186.45	['index', 'length', 'substr', 'substr']: UNSAT (0.107 seconds)
186.48/186.56	['index', 'length', 'substr', 'add']: UNSAT (0.087 seconds)
186.58/186.65	['index', 'length', 'substr', 'sub']: UNSAT (0.095 seconds)
186.68/186.74	['index', 'length', 'add', 'add']: UNSAT (0.068 seconds)
186.78/186.81	['index', 'length', 'add', 'sub']: UNSAT (0.064 seconds)
186.78/186.88	['index', 'length', 'sub', 'sub']: UNSAT (0.064 seconds)
186.88/186.94	['index', 'substr', 'substr', 'substr']: UNSAT (0.306 seconds)
187.18/187.25	['index', 'substr', 'substr', 'add']: UNSAT (0.138 seconds)
187.28/187.39	['index', 'substr', 'substr', 'sub']: UNSAT (0.174 seconds)
187.48/187.56	['index', 'substr', 'add', 'add']: UNSAT (0.106 seconds)
187.58/187.67	['index', 'substr', 'add', 'sub']: UNSAT (0.101 seconds)
187.68/187.77	['index', 'substr', 'sub', 'sub']: UNSAT (0.096 seconds)
187.78/187.87	['index', 'add', 'add', 'add']: UNSAT (0.085 seconds)
187.88/187.96	['index', 'add', 'add', 'sub']: UNSAT (0.076 seconds)
187.88/188.03	['index', 'add', 'sub', 'sub']: UNSAT (0.079 seconds)
188.01/188.11	['index', 'sub', 'sub', 'sub']: UNSAT (0.080 seconds)
188.12/188.19	['length', 'length', 'length', 'length']: UNSAT (0.037 seconds)
188.18/188.23	['length', 'length', 'length', 'substr']: UNSAT (0.049 seconds)
188.18/188.28	['length', 'length', 'length', 'add']: UNSAT (0.040 seconds)
188.28/188.32	['length', 'length', 'length', 'sub']: UNSAT (0.040 seconds)
188.28/188.36	['length', 'length', 'substr', 'substr']: UNSAT (0.103 seconds)
188.38/188.47	['length', 'length', 'substr', 'add']: UNSAT (0.064 seconds)
188.48/188.53	['length', 'length', 'substr', 'sub']: UNSAT (0.065 seconds)
188.58/188.60	['length', 'length', 'add', 'add']: UNSAT (0.052 seconds)
188.58/188.65	['length', 'length', 'add', 'sub']: UNSAT (0.052 seconds)
188.68/188.70	['length', 'length', 'sub', 'sub']: UNSAT (0.052 seconds)
188.68/188.76	['length', 'substr', 'substr', 'substr']: UNSAT (0.103 seconds)
188.78/188.86	['length', 'substr', 'substr', 'add']: UNSAT (0.078 seconds)
188.88/188.94	['length', 'substr', 'substr', 'sub']: UNSAT (0.083 seconds)
188.88/189.02	['length', 'substr', 'add', 'add']: UNSAT (0.066 seconds)
189.01/189.09	['length', 'substr', 'add', 'sub']: UNSAT (0.066 seconds)
189.12/189.16	['length', 'substr', 'sub', 'sub']: UNSAT (0.068 seconds)
189.18/189.23	['length', 'add', 'add', 'add']: UNSAT (0.059 seconds)
189.18/189.29	['length', 'add', 'add', 'sub']: UNSAT (0.058 seconds)
189.28/189.34	['length', 'add', 'sub', 'sub']: UNSAT (0.058 seconds)
189.38/189.40	['length', 'sub', 'sub', 'sub']: UNSAT (0.056 seconds)
189.38/189.46	['substr', 'substr', 'substr', 'substr']: UNSAT (0.099 seconds)
189.48/189.56	['substr', 'substr', 'substr', 'add']: UNSAT (0.090 seconds)
189.58/189.65	['substr', 'substr', 'substr', 'sub']: UNSAT (0.097 seconds)
189.68/189.75	['substr', 'substr', 'add', 'add']: UNSAT (0.080 seconds)
189.78/189.83	['substr', 'substr', 'add', 'sub']: UNSAT (0.083 seconds)
189.88/189.92	['substr', 'substr', 'sub', 'sub']: UNSAT (0.084 seconds)
189.88/190.00	['substr', 'add', 'add', 'add']: UNSAT (0.073 seconds)
190.01/190.08	['substr', 'add', 'add', 'sub']: UNSAT (0.077 seconds)
190.12/190.15	['substr', 'add', 'sub', 'sub']: UNSAT (0.076 seconds)
190.18/190.23	['substr', 'sub', 'sub', 'sub']: UNSAT (0.078 seconds)
190.28/190.31	['add', 'add', 'add', 'add']: UNSAT (0.077 seconds)
190.28/190.39	['add', 'add', 'add', 'sub']: UNSAT (0.083 seconds)
190.38/190.47	['add', 'add', 'sub', 'sub']: UNSAT (0.070 seconds)
190.48/190.54	['add', 'sub', 'sub', 'sub']: UNSAT (0.071 seconds)
190.58/190.61	['sub', 'sub', 'sub', 'sub']: UNSAT (0.075 seconds)
190.58/190.69	['concat', 'concat', 'concat', 'concat', 'concat']: UNKNOWN (101.950 seconds)
292.58/292.64	Reason: smt tactic failed to show goal to be sat/unsat max-conflicts-reached
292.58/292.64	Reason: smt tactic failed to show goal to be sat/unsat max-conflicts-reached
292.58/292.64	['concat', 'concat', 'concat', 'concat', 'index']: UNSAT (0.111 seconds)
292.68/292.75	['concat', 'concat', 'concat', 'concat', 'length']: UNSAT (0.097 seconds)
292.78/292.85	['concat', 'concat', 'concat', 'concat', 'substr']: UNKNOWN (82.348 seconds)
375.18/375.20	Reason: smt tactic failed to show goal to be sat/unsat max-conflicts-reached
375.18/375.20	Reason: smt tactic failed to show goal to be sat/unsat max-conflicts-reached
375.18/375.20	['concat', 'concat', 'concat', 'concat', 'add']: UNSAT (0.090 seconds)
375.18/375.29	['concat', 'concat', 'concat', 'concat', 'sub']: UNSAT (0.092 seconds)
375.28/375.38	['concat', 'concat', 'concat', 'index', 'index']: UNSAT (0.118 seconds)
375.48/375.50	['concat', 'concat', 'concat', 'index', 'length']: UNSAT (0.098 seconds)
375.58/375.60	['concat', 'concat', 'concat', 'index', 'substr']: UNKNOWN (100.051 seconds)
475.57/475.65	Reason: smt tactic failed to show goal to be sat/unsat max-conflicts-reached
475.57/475.65	Reason: smt tactic failed to show goal to be sat/unsat max-conflicts-reached
475.57/475.65	['concat', 'concat', 'concat', 'index', 'add']: UNSAT (0.100 seconds)
475.67/475.76	['concat', 'concat', 'concat', 'index', 'sub']: UNSAT (0.097 seconds)
475.77/475.85	['concat', 'concat', 'concat', 'length', 'length']: UNSAT (0.080 seconds)
475.87/475.93	['concat', 'concat', 'concat', 'length', 'substr']: UNKNOWN (65.338 seconds)
541.17/541.27	Reason: smt tactic failed to show goal to be sat/unsat max-conflicts-reached
541.17/541.27	Reason: smt tactic failed to show goal to be sat/unsat max-conflicts-reached
541.17/541.27	['concat', 'concat', 'concat', 'length', 'add']: UNSAT (0.079 seconds)
541.27/541.35	['concat', 'concat', 'concat', 'length', 'sub']: UNSAT (0.082 seconds)
541.37/541.44	['concat', 'concat', 'concat', 'substr', 'substr']: UNKNOWN (54.244 seconds)
595.58/595.68	Reason: smt tactic failed to show goal to be sat/unsat max-conflicts-reached
595.58/595.68	Reason: smt tactic failed to show goal to be sat/unsat max-conflicts-reached
595.58/595.68	['concat', 'concat', 'concat', 'substr', 'add']: 