0.15/0.20	=== Examples (../../dataset/examples/examples-92.json)
0.15/0.20	IO(inputs=('GEORGE',), output='George')
0.15/0.20	IO(inputs=('MAEBE',), output='Maebe')
0.15/0.20	=== Library
0.15/0.20	concat
0.15/0.20	index
0.15/0.20	length
0.15/0.20	substr
0.15/0.20	add
0.15/0.20	sub
0.15/0.20	=== Synthesis
0.15/0.20	['concat']: UNSAT (0.028 seconds)
0.15/0.23	['index']: UNSAT (0.028 seconds)
0.15/0.26	['length']: UNSAT (0.020 seconds)
0.15/0.28	['substr']: UNSAT (0.031 seconds)
0.29/0.31	['add']: UNSAT (0.025 seconds)
0.29/0.34	['sub']: UNSAT (0.025 seconds)
0.29/0.36	['concat', 'concat']: UNSAT (0.046 seconds)
0.34/0.41	['concat', 'index']: UNSAT (0.047 seconds)
0.34/0.46	['concat', 'length']: UNSAT (0.035 seconds)
0.47/0.49	['concat', 'substr']: UNSAT (0.139 seconds)
0.56/0.63	['concat', 'add']: UNSAT (0.030 seconds)
0.63/0.66	['concat', 'sub']: UNSAT (0.029 seconds)
0.63/0.70	['index', 'index']: UNSAT (0.039 seconds)
0.68/0.74	['index', 'length']: UNSAT (0.029 seconds)
0.68/0.77	['index', 'substr']: UNSAT (0.043 seconds)
0.78/0.81	['index', 'add']: UNSAT (0.034 seconds)
0.78/0.84	['index', 'sub']: UNSAT (0.034 seconds)
0.78/0.88	['length', 'length']: UNSAT (0.021 seconds)
0.88/0.90	['length', 'substr']: UNSAT (0.031 seconds)
0.88/0.93	['length', 'add']: UNSAT (0.025 seconds)
0.88/0.96	['length', 'sub']: UNSAT (0.024 seconds)
0.88/0.98	['substr', 'substr']: UNSAT (0.041 seconds)
0.88/1.03	['substr', 'add']: UNSAT (0.036 seconds)
1.01/1.06	['substr', 'sub']: UNSAT (0.039 seconds)
1.01/1.10	['add', 'add']: UNSAT (0.033 seconds)
1.01/1.14	['add', 'sub']: UNSAT (0.031 seconds)
1.13/1.17	['sub', 'sub']: UNSAT (0.031 seconds)
1.18/1.20	['concat', 'concat', 'concat']: UNSAT (0.084 seconds)
1.18/1.28	['concat', 'concat', 'index']: UNSAT (0.054 seconds)
1.28/1.34	['concat', 'concat', 'length']: UNSAT (0.043 seconds)
1.28/1.38	['concat', 'concat', 'substr']: UNSAT (2.471 seconds)
3.79/3.85	['concat', 'concat', 'add']: UNSAT (0.044 seconds)
3.89/3.90	['concat', 'concat', 'sub']: UNSAT (0.046 seconds)
3.89/3.95	['concat', 'index', 'index']: UNSAT (0.058 seconds)
3.89/4.01	['concat', 'index', 'length']: UNSAT (0.049 seconds)
4.01/4.06	['concat', 'index', 'substr']: UNSAT (0.744 seconds)
4.79/4.80	['concat', 'index', 'add']: UNSAT (0.049 seconds)
4.79/4.85	['concat', 'index', 'sub']: UNSAT (0.049 seconds)
4.89/4.90	['concat', 'length', 'length']: UNSAT (0.035 seconds)
4.89/4.94	['concat', 'length', 'substr']: UNSAT (0.368 seconds)
5.28/5.30	['concat', 'length', 'add']: UNSAT (0.039 seconds)
5.28/5.34	['concat', 'length', 'sub']: UNSAT (0.040 seconds)
5.28/5.38	['concat', 'substr', 'substr']: UNSAT (0.830 seconds)
6.18/6.22	['concat', 'substr', 'add']: UNSAT (0.218 seconds)
6.38/6.43	['concat', 'substr', 'sub']: UNSAT (0.185 seconds)
6.58/6.62	['concat', 'add', 'add']: UNSAT (0.045 seconds)
6.58/6.67	['concat', 'add', 'sub']: UNSAT (0.043 seconds)
6.68/6.71	['concat', 'sub', 'sub']: UNSAT (0.044 seconds)
6.68/6.76	['index', 'index', 'index']: UNSAT (0.062 seconds)
6.78/6.82	['index', 'index', 'length']: UNSAT (0.049 seconds)
6.78/6.87	['index', 'index', 'substr']: UNSAT (0.096 seconds)
6.88/6.97	['index', 'index', 'add']: UNSAT (0.065 seconds)
6.88/7.03	['index', 'index', 'sub']: UNSAT (0.088 seconds)
7.01/7.12	['index', 'length', 'length']: UNSAT (0.051 seconds)
7.13/7.17	['index', 'length', 'substr']: UNSAT (0.073 seconds)
7.18/7.25	['index', 'length', 'add']: UNSAT (0.058 seconds)
7.28/7.31	['index', 'length', 'sub']: UNSAT (0.056 seconds)
7.28/7.36	['index', 'substr', 'substr']: UNSAT (0.143 seconds)
7.49/7.51	['index', 'substr', 'add']: UNSAT (0.080 seconds)
7.49/7.59	['index', 'substr', 'sub']: UNSAT (0.086 seconds)
7.59/7.67	['index', 'add', 'add']: UNSAT (0.053 seconds)
7.69/7.73	['index', 'add', 'sub']: UNSAT (0.052 seconds)
7.69/7.78	['index', 'sub', 'sub']: UNSAT (0.055 seconds)
7.79/7.84	['length', 'length', 'length']: UNSAT (0.031 seconds)
7.79/7.87	['length', 'length', 'substr']: UNSAT (0.042 seconds)
7.89/7.91	['length', 'length', 'add']: UNSAT (0.032 seconds)
7.89/7.95	['length', 'length', 'sub']: UNSAT (0.036 seconds)
7.89/7.98	['length', 'substr', 'substr']: UNSAT (0.064 seconds)
8.02/8.05	['length', 'substr', 'add']: UNSAT (0.049 seconds)
8.02/8.10	['length', 'substr', 'sub']: UNSAT (0.051 seconds)
8.13/8.15	['length', 'add', 'add']: UNSAT (0.040 seconds)
8.13/8.19	['length', 'add', 'sub']: UNSAT (0.042 seconds)
8.19/8.23	['length', 'sub', 'sub']: UNSAT (0.044 seconds)
8.19/8.28	['substr', 'substr', 'substr']: UNSAT (0.073 seconds)
8.29/8.35	['substr', 'substr', 'add']: UNSAT (0.061 seconds)
8.39/8.41	['substr', 'substr', 'sub']: UNSAT (0.061 seconds)
8.39/8.48	['substr', 'add', 'add']: UNSAT (0.055 seconds)
8.49/8.53	['substr', 'add', 'sub']: UNSAT (0.053 seconds)
8.49/8.59	['substr', 'sub', 'sub']: UNSAT (0.058 seconds)
8.59/8.64	['add', 'add', 'add']: UNSAT (0.052 seconds)
8.69/8.70	['add', 'add', 'sub']: UNSAT (0.053 seconds)
8.69/8.75	['add', 'sub', 'sub']: UNSAT (0.049 seconds)
8.79/8.80	['sub', 'sub', 'sub']: UNSAT (0.048 seconds)
8.79/8.85	['concat', 'concat', 'concat', 'concat']: UNSAT (1.425 seconds)
10.19/10.28	['concat', 'concat', 'concat', 'index']: UNSAT (0.082 seconds)
10.29/10.36	['concat', 'concat', 'concat', 'length']: UNSAT (0.065 seconds)
10.38/10.42	['concat', 'concat', 'concat', 'substr']: UNKNOWN (103.911 seconds)
114.27/114.34	Reason: smt tactic failed to show goal to be sat/unsat max-conflicts-reached
114.27/114.34	Reason: smt tactic failed to show goal to be sat/unsat max-conflicts-reached
114.27/114.34	['concat', 'concat', 'concat', 'add']: UNSAT (0.066 seconds)
114.38/114.41	['concat', 'concat', 'concat', 'sub']: UNSAT (0.066 seconds)
114.38/114.47	['concat', 'concat', 'index', 'index']: UNSAT (0.085 seconds)
114.48/114.56	['concat', 'concat', 'index', 'length']: UNSAT (0.068 seconds)
114.58/114.63	['concat', 'concat', 'index', 'substr']: UNKNOWN (46.850 seconds)
161.37/161.48	Reason: smt tactic failed to show goal to be sat/unsat max-conflicts-reached
161.37/161.48	Reason: smt tactic failed to show goal to be sat/unsat max-conflicts-reached
161.37/161.48	['concat', 'concat', 'index', 'add']: UNSAT (0.071 seconds)
161.47/161.55	['concat', 'concat', 'index', 'sub']: UNSAT (0.068 seconds)
161.57/161.62	['concat', 'concat', 'length', 'length']: UNSAT (0.053 seconds)
161.57/161.67	['concat', 'concat', 'length', 'substr']: UNSAT (22.614 seconds)
184.17/184.29	['concat', 'concat', 'length', 'add']: UNSAT (0.057 seconds)
184.27/184.35	['concat', 'concat', 'length', 'sub']: UNSAT (0.056 seconds)
184.37/184.40	['concat', 'concat', 'substr', 'substr']: UNKNOWN (57.054 seconds)
241.37/241.46	Reason: smt tactic failed to show goal to be sat/unsat max-conflicts-reached
241.37/241.46	Reason: smt tactic failed to show goal to be sat/unsat max-conflicts-reached
241.37/241.46	['concat', 'concat', 'substr', 'add']: UNSAT (2.401 seconds)
243.77/243.86	['concat', 'concat', 'substr', 'sub']: UNSAT (2.222 seconds)
246.00/246.08	['concat', 'concat', 'add', 'add']: UNSAT (0.066 seconds)
246.11/246.15	['concat', 'concat', 'add', 'sub']: UNSAT (0.061 seconds)
246.17/246.21	['concat', 'concat', 'sub', 'sub']: UNSAT (0.064 seconds)
246.17/246.28	['concat', 'index', 'index', 'index']: UNSAT (0.089 seconds)
246.27/246.37	['concat', 'index', 'index', 'length']: UNSAT (0.080 seconds)
246.37/246.45	['concat', 'index', 'index', 'substr']: UNSAT (3.565 seconds)
249.87/250.01	['concat', 'index', 'index', 'add']: UNSAT (0.079 seconds)
250.00/250.09	['concat', 'index', 'index', 'sub']: UNSAT (0.082 seconds)
250.11/250.18	['concat', 'index', 'length', 'length']: UNSAT (0.058 seconds)
250.17/250.23	['concat', 'index', 'length', 'substr']: UNSAT (0.883 seconds)
251.00/251.12	['concat', 'index', 'length', 'add']: UNSAT (0.065 seconds)
251.11/251.19	['concat', 'index', 'length', 'sub']: UNSAT (0.061 seconds)
251.17/251.25	['concat', 'index', 'substr', 'substr']: UNSAT (14.019 seconds)
265.17/265.27	['concat', 'index', 'substr', 'add']: UNSAT (1.010 seconds)
266.17/266.28	['concat', 'index', 'substr', 'sub']: UNSAT (1.364 seconds)
267.57/267.64	['concat', 'index', 'add', 'add']: UNSAT (0.068 seconds)
267.67/267.71	['concat', 'index', 'add', 'sub']: UNSAT (0.066 seconds)
267.67/267.78	['concat', 'index', 'sub', 'sub']: UNSAT (0.067 seconds)
267.78/267.85	['concat', 'length', 'length', 'length']: UNSAT (0.045 seconds)
267.78/267.89	['concat', 'length', 'length', 'substr']: UNSAT (0.403 seconds)
268.28/268.30	['concat', 'length', 'length', 'add']: UNSAT (0.048 seconds)
268.28/268.34	['concat', 'length', 'length', 'sub']: UNSAT (0.046 seconds)
268.28/268.39	['concat', 'length', 'substr', 'substr']: UNSAT (5.897 seconds)
274.17/274.29	['concat', 'length', 'substr', 'add']: UNSAT (0.566 seconds)
274.77/274.86	['concat', 'length', 'substr', 'sub']: UNSAT (0.572 seconds)
275.37/275.43	['concat', 'length', 'add', 'add']: UNSAT (0.054 seconds)
275.37/275.48	['concat', 'length', 'add', 'sub']: UNSAT (0.050 seconds)
275.47/275.54	['concat', 'length', 'sub', 'sub']: UNSAT (0.054 seconds)
275.47/275.59	['concat', 'substr', 'substr', 'substr']: UNSAT (6.272 seconds)
281.77/281.86	['concat', 'substr', 'substr', 'add']: UNSAT (1.970 seconds)
283.77/283.83	['concat', 'substr', 'substr', 'sub']: UNSAT (1.769 seconds)
285.57/285.60	['concat', 'substr', 'add', 'add']: UNSAT (0.382 seconds)
285.87/285.99	['concat', 'substr', 'add', 'sub']: UNSAT (0.405 seconds)
286.27/286.39	['concat', 'substr', 'sub', 'sub']: UNSAT (0.332 seconds)
286.67/286.72	['concat', 'add', 'add', 'add']: UNSAT (0.064 seconds)
286.67/286.79	['concat', 'add', 'add', 'sub']: UNSAT (0.066 seconds)
286.77/286.86	['concat', 'add', 'sub', 'sub']: UNSAT (0.063 seconds)
286.87/286.92	['concat', 'sub', 'sub', 'sub']: UNSAT (0.082 seconds)
286.87/287.00	['index', 'index', 'index', 'index']: UNSAT (0.096 seconds)
287.00/287.10	['index', 'index', 'index', 'length']: UNSAT (0.079 seconds)
287.12/287.18	['index', 'index', 'index', 'substr']: UNSAT (0.108 seconds)
287.18/287.29	['index', 'index', 'index', 'add']: UNSAT (0.081 seconds)
287.28/287.37	['index', 'index', 'index', 'sub']: UNSAT (0.083 seconds)
287.37/287.45	['index', 'index', 'length', 'length']: UNSAT (0.061 seconds)
287.47/287.52	['index', 'index', 'length', 'substr']: UNSAT (0.084 seconds)
287.57/287.60	['index', 'index', 'length', 'add']: UNSAT (0.068 seconds)
287.57/287.67	['index', 'index', 'length', 'sub']: UNSAT (0.066 seconds)
287.67/287.74	['index', 'index', 'substr', 'substr']: UNSAT (0.239 seconds)
287.87/287.98	['index', 'index', 'substr', 'add']: UNSAT (0.122 seconds)
288.00/288.10	['index', 'index', 'substr', 'sub']: UNSAT (0.097 seconds)
288.17/288.20	['index', 'index', 'add', 'add']: UNSAT (0.078 seconds)
288.17/288.28	['index', 'index', 'add', 'sub']: UNSAT (0.080 seconds)
288.27/288.36	['index', 'index', 'sub', 'sub']: UNSAT (0.081 seconds)
288.37/288.44	['index', 'length', 'length', 'length']: UNSAT (0.048 seconds)
288.37/288.49	['index', 'length', 'length', 'substr']: UNSAT (0.067 seconds)
288.47/288.56	['index', 'length', 'length', 'add']: UNSAT (0.053 seconds)
288.57/288.61	['index', 'length', 'length', 'sub']: UNSAT (0.056 seconds)
288.57/288.67	['index', 'length', 'substr', 'substr']: UNSAT (0.109 seconds)
288.67/288.78	['index', 'length', 'substr', 'add']: UNSAT (0.082 seconds)
288.77/288.86	['index', 'length', 'substr', 'sub']: UNSAT (0.086 seconds)
288.87/288.95	['index', 'length', 'add', 'add']: UNSAT (0.065 seconds)
288.87/289.01	['index', 'length', 'add', 'sub']: UNSAT (0.064 seconds)
289.00/289.08	['index', 'length', 'sub', 'sub']: UNSAT (0.066 seconds)
289.12/289.15	['index', 'substr', 'substr', 'substr']: UNSAT (0.334 seconds)
289.37/289.48	['index', 'substr', 'substr', 'add']: UNSAT (0.219 seconds)
289.67/289.70	['index', 'substr', 'substr', 'sub']: UNSAT (0.182 seconds)
289.77/289.88	['index', 'substr', 'add', 'add']: UNSAT (0.100 seconds)
289.87/289.98	['index', 'substr', 'add', 'sub']: UNSAT (0.117 seconds)
290.00/290.10	['index', 'substr', 'sub', 'sub']: UNSAT (0.106 seconds)
290.17/290.21	['index', 'add', 'add', 'add']: UNSAT (0.084 seconds)
290.17/290.30	['index', 'add', 'add', 'sub']: UNSAT (0.077 seconds)
290.27/290.37	['index', 'add', 'sub', 'sub']: UNSAT (0.077 seconds)
290.37/290.45	['index', 'sub', 'sub', 'sub']: UNSAT (0.077 seconds)
290.47/290.53	['length', 'length', 'length', 'length']: UNSAT (0.054 seconds)
290.47/290.58	['length', 'length', 'length', 'substr']: UNSAT (0.073 seconds)
290.57/290.66	['length', 'length', 'length', 'add']: UNSAT (0.044 seconds)
290.67/290.70	['length', 'length', 'length', 'sub']: UNSAT (0.041 seconds)
290.67/290.74	['length', 'length', 'substr', 'substr']: UNSAT (0.087 seconds)
290.77/290.83	['length', 'length', 'substr', 'add']: UNSAT (0.060 seconds)
290.77/290.89	['length', 'length', 'substr', 'sub']: UNSAT (0.063 seconds)
290.87/290.96	['length', 'length', 'add', 'add']: UNSAT (0.053 seconds)
290.87/291.01	['length', 'length', 'add', 'sub']: UNSAT (0.048 seconds)
290.99/291.06	['length', 'length', 'sub', 'sub']: UNSAT (0.052 seconds)
290.99/291.11	['length', 'substr', 'substr', 'substr']: UNSAT (0.177 seconds)
291.17/291.29	['length', 'substr', 'substr', 'add']: UNSAT (0.114 seconds)
291.37/291.41	['length', 'substr', 'substr', 'sub']: UNSAT (0.110 seconds)
291.47/291.52	['length', 'substr', 'add', 'add']: UNSAT (0.077 seconds)
291.47/291.59	['length', 'substr', 'add', 'sub']: UNSAT (0.076 seconds)
291.57/291.67	['length', 'substr', 'sub', 'sub']: UNSAT (0.075 seconds)
291.67/291.75	['length', 'add', 'add', 'add']: UNSAT (0.061 seconds)
291.77/291.81	['length', 'add', 'add', 'sub']: UNSAT (0.061 seconds)
291.77/291.87	['length', 'add', 'sub', 'sub']: UNSAT (0.062 seconds)
291.87/291.93	['length', 'sub', 'sub', 'sub']: UNSAT (0.062 seconds)
291.87/292.00	['substr', 'substr', 'substr', 'substr']: UNSAT (0.125 seconds)
291.99/292.12	['substr', 'substr', 'substr', 'add']: UNSAT (0.110 seconds)
292.17/292.23	['substr', 'substr', 'substr', 'sub']: UNSAT (0.101 seconds)
292.27/292.34	['substr', 'substr', 'add', 'add']: UNSAT (0.091 seconds)
292.37/292.43	['substr', 'substr', 'add', 'sub']: UNSAT (0.093 seconds)
292.47/292.52	['substr', 'substr', 'sub', 'sub']: UNSAT (0.087 seconds)
292.57/292.61	['substr', 'add', 'add', 'add']: UNSAT (0.077 seconds)
292.57/292.69	['substr', 'add', 'add', 'sub']: UNSAT (0.075 seconds)
292.67/292.76	['substr', 'add', 'sub', 'sub']: UNSAT (0.076 seconds)
292.77/292.84	['substr', 'sub', 'sub', 'sub']: UNSAT (0.078 seconds)
292.87/292.92	['add', 'add', 'add', 'add']: UNSAT (0.072 seconds)
292.87/292.99	['add', 'add', 'add', 'sub']: UNSAT (0.073 seconds)
293.00/293.07	['add', 'add', 'sub', 'sub']: UNSAT (0.071 seconds)
293.11/293.14	['add', 'sub', 'sub', 'sub']: UNSAT (0.072 seconds)
293.17/293.21	['sub', 'sub', 'sub', 'sub']: UNSAT (0.071 seconds)
293.17/293.28	['concat', 'concat', 'concat', 'concat', 'concat']: UNKNOWN (173.654 seconds)
466.86/466.94	Reason: smt tactic failed to show goal to be sat/unsat max-conflicts-reached
466.86/466.94	Reason: smt tactic failed to show goal to be sat/unsat max-conflicts-reached
466.86/466.94	['concat', 'concat', 'concat', 'concat', 'index']: UNSAT (0.110 seconds)
466.98/467.05	['concat', 'concat', 'concat', 'concat', 'length']: UNSAT (0.099 seconds)
467.10/467.15	['concat', 'concat', 'concat', 'concat', 'substr']: 