0.12/0.20	=== Examples (../../dataset/examples/examples-84.json)
0.12/0.20	IO(inputs=('George Michael',), output='https://georgemichael.com')
0.12/0.20	IO(inputs=('Maebe Bluth',), output='https://maebebluth.com')
0.12/0.20	=== Library
0.12/0.20	concat
0.12/0.20	index
0.12/0.20	length
0.12/0.20	substr
0.12/0.20	add
0.12/0.20	sub
0.12/0.20	=== Synthesis
0.12/0.20	['concat']: UNSAT (0.029 seconds)
0.12/0.23	['index']: UNSAT (0.029 seconds)
0.12/0.26	['length']: UNSAT (0.021 seconds)
0.26/0.28	['substr']: UNSAT (0.031 seconds)
0.26/0.31	['add']: UNSAT (0.025 seconds)
0.26/0.34	['sub']: UNSAT (0.025 seconds)
0.26/0.36	['concat', 'concat']: UNSAT (0.067 seconds)
0.36/0.43	['concat', 'index']: UNSAT (0.048 seconds)
0.36/0.48	['concat', 'length']: UNSAT (0.035 seconds)
0.47/0.52	['concat', 'substr']: UNSAT (0.100 seconds)
0.57/0.62	['concat', 'add']: UNSAT (0.033 seconds)
0.63/0.65	['concat', 'sub']: UNSAT (0.032 seconds)
0.63/0.68	['index', 'index']: UNSAT (0.042 seconds)
0.69/0.73	['index', 'length']: UNSAT (0.031 seconds)
0.69/0.76	['index', 'substr']: UNSAT (0.049 seconds)
0.79/0.81	['index', 'add']: UNSAT (0.037 seconds)
0.79/0.85	['index', 'sub']: UNSAT (0.037 seconds)
0.79/0.89	['length', 'length']: UNSAT (0.023 seconds)
0.89/0.91	['length', 'substr']: UNSAT (0.035 seconds)
0.89/0.95	['length', 'add']: UNSAT (0.028 seconds)
0.89/0.97	['length', 'sub']: UNSAT (0.027 seconds)
0.89/1.00	['substr', 'substr']: UNSAT (0.046 seconds)
0.89/1.05	['substr', 'add']: UNSAT (0.040 seconds)
1.04/1.09	['substr', 'sub']: UNSAT (0.040 seconds)
1.04/1.13	['add', 'add']: UNSAT (0.034 seconds)
1.15/1.17	['add', 'sub']: UNSAT (0.034 seconds)
1.19/1.20	['sub', 'sub']: UNSAT (0.035 seconds)
1.19/1.24	['concat', 'concat', 'concat']: UNSAT (4.488 seconds)
5.69/5.73	['concat', 'concat', 'index']: UNSAT (0.059 seconds)
5.69/5.79	['concat', 'concat', 'length']: UNSAT (0.047 seconds)
5.79/5.83	['concat', 'concat', 'substr']: UNSAT (2.215 seconds)
7.89/8.05	['concat', 'concat', 'add']: UNSAT (0.050 seconds)
8.03/8.10	['concat', 'concat', 'sub']: UNSAT (0.048 seconds)
8.03/8.15	['concat', 'index', 'index']: UNSAT (0.065 seconds)
8.19/8.22	['concat', 'index', 'length']: UNSAT (0.050 seconds)
8.19/8.27	['concat', 'index', 'substr']: UNSAT (0.134 seconds)
8.39/8.40	['concat', 'index', 'add']: UNSAT (0.053 seconds)
8.39/8.46	['concat', 'index', 'sub']: UNSAT (0.053 seconds)
8.49/8.51	['concat', 'length', 'length']: UNSAT (0.039 seconds)
8.49/8.55	['concat', 'length', 'substr']: UNSAT (0.109 seconds)
8.59/8.66	['concat', 'length', 'add']: UNSAT (0.071 seconds)
8.69/8.73	['concat', 'length', 'sub']: UNSAT (0.066 seconds)
8.79/8.80	['concat', 'substr', 'substr']: UNSAT (0.281 seconds)
9.04/9.08	['concat', 'substr', 'add']: UNSAT (0.093 seconds)
9.15/9.18	['concat', 'substr', 'sub']: UNSAT (0.089 seconds)
9.19/9.27	['concat', 'add', 'add']: UNSAT (0.060 seconds)
9.28/9.33	['concat', 'add', 'sub']: UNSAT (0.047 seconds)
9.28/9.38	['concat', 'sub', 'sub']: UNSAT (0.049 seconds)
9.38/9.43	['index', 'index', 'index']: UNSAT (0.069 seconds)
9.49/9.50	['index', 'index', 'length']: UNSAT (0.054 seconds)
9.49/9.55	['index', 'index', 'substr']: UNSAT (0.083 seconds)
9.58/9.64	['index', 'index', 'add']: UNSAT (0.060 seconds)
9.68/9.70	['index', 'index', 'sub']: UNSAT (0.061 seconds)
9.68/9.76	['index', 'length', 'length']: UNSAT (0.042 seconds)
9.78/9.80	['index', 'length', 'substr']: UNSAT (0.058 seconds)
9.78/9.86	['index', 'length', 'add']: UNSAT (0.050 seconds)
9.88/9.91	['index', 'length', 'sub']: UNSAT (0.048 seconds)
9.88/9.96	['index', 'substr', 'substr']: UNSAT (0.116 seconds)
10.02/10.08	['index', 'substr', 'add']: UNSAT (0.068 seconds)
10.13/10.15	['index', 'substr', 'sub']: UNSAT (0.067 seconds)
10.19/10.22	['index', 'add', 'add']: UNSAT (0.056 seconds)
10.19/10.27	['index', 'add', 'sub']: UNSAT (0.057 seconds)
10.28/10.33	['index', 'sub', 'sub']: UNSAT (0.058 seconds)
10.28/10.39	['length', 'length', 'length']: UNSAT (0.032 seconds)
10.38/10.42	['length', 'length', 'substr']: UNSAT (0.049 seconds)
10.38/10.47	['length', 'length', 'add']: UNSAT (0.037 seconds)
10.48/10.51	['length', 'length', 'sub']: UNSAT (0.035 seconds)
10.48/10.55	['length', 'substr', 'substr']: UNSAT (0.071 seconds)
10.58/10.62	['length', 'substr', 'add']: UNSAT (0.054 seconds)
10.58/10.68	['length', 'substr', 'sub']: UNSAT (0.052 seconds)
10.68/10.73	['length', 'add', 'add']: UNSAT (0.045 seconds)
10.68/10.77	['length', 'add', 'sub']: UNSAT (0.046 seconds)
10.78/10.82	['length', 'sub', 'sub']: UNSAT (0.044 seconds)
10.78/10.87	['substr', 'substr', 'substr']: UNSAT (0.086 seconds)
10.88/10.95	['substr', 'substr', 'add']: UNSAT (0.070 seconds)
10.88/11.02	['substr', 'substr', 'sub']: UNSAT (0.072 seconds)
11.03/11.10	['substr', 'add', 'add']: UNSAT (0.059 seconds)
11.14/11.16	['substr', 'add', 'sub']: UNSAT (0.060 seconds)
11.19/11.22	['substr', 'sub', 'sub']: UNSAT (0.062 seconds)
11.19/11.28	['add', 'add', 'add']: UNSAT (0.057 seconds)
11.28/11.34	['add', 'add', 'sub']: UNSAT (0.055 seconds)
11.28/11.39	['add', 'sub', 'sub']: UNSAT (0.055 seconds)
11.38/11.45	['sub', 'sub', 'sub']: UNSAT (0.053 seconds)
11.49/11.50	['concat', 'concat', 'concat', 'concat']: UNKNOWN (442.606 seconds)
453.99/454.11	Reason: smt tactic failed to show goal to be sat/unsat max-conflicts-reached
453.99/454.11	Reason: smt tactic failed to show goal to be sat/unsat max-conflicts-reached
453.99/454.11	['concat', 'concat', 'concat', 'index']: UNSAT (0.086 seconds)
454.11/454.20	['concat', 'concat', 'concat', 'length']: UNSAT (0.071 seconds)
454.19/454.27	['concat', 'concat', 'concat', 'substr']: 