0.11/0.18	=== Examples (../../dataset/examples/examples-25.json)
0.11/0.18	IO(inputs=('Suspendisse libero felis, efficitur eget metus eget, ultrices volutpat.',), output='Suspendisse libero felis, efficitur eget metus eget, ultrices volutpat...')
0.11/0.18	IO(inputs=('Donec condimentum lacus ac elit molestie, vel cursus ante nullam.',), output='Donec condimentum lacus ac elit molestie, vel cursus ante nullam....')
0.11/0.18	=== Library
0.11/0.18	concat
0.11/0.18	index
0.11/0.18	length
0.11/0.18	substr
0.11/0.18	add
0.11/0.18	sub
0.11/0.18	=== Synthesis
0.11/0.18	['concat']: UNSAT (0.024 seconds)
0.11/0.21	['index']: UNSAT (0.022 seconds)
0.11/0.23	['length']: UNSAT (0.016 seconds)
0.11/0.25	['substr']: UNSAT (0.026 seconds)
0.24/0.27	['add']: UNSAT (0.019 seconds)
0.24/0.29	['sub']: UNSAT (0.019 seconds)
0.24/0.31	['concat', 'concat']: UNSAT (0.307 seconds)
0.55/0.62	['concat', 'index']: UNSAT (0.050 seconds)
0.63/0.67	['concat', 'length']: UNSAT (0.036 seconds)
0.68/0.71	['concat', 'substr']: SAT (0.375 seconds)
1.01/1.08	concat(substr(arg0, 0, 70), '...')
