0.11/0.19	=== Examples (../../dataset/examples/examples-54.json)
0.11/0.19	IO(inputs=(' this is the same as trim man...  ',), output='this is the same as trim man...')
0.11/0.19	IO(inputs=('  know your libraries',), output='know your libraries')
0.11/0.19	=== Library
0.11/0.19	concat
0.11/0.19	index
0.11/0.19	length
0.11/0.19	substr
0.11/0.19	add
0.11/0.19	sub
0.11/0.19	=== Synthesis
0.11/0.19	['concat']: UNSAT (0.029 seconds)
0.11/0.22	['index']: UNSAT (0.028 seconds)
0.11/0.25	['length']: UNSAT (0.021 seconds)
0.25/0.27	['substr']: UNSAT (0.038 seconds)
0.25/0.31	['add']: UNSAT (0.026 seconds)
0.25/0.34	['sub']: UNSAT (0.025 seconds)
0.25/0.36	['concat', 'concat']: UNSAT (0.051 seconds)
0.35/0.41	['concat', 'index']: UNSAT (0.048 seconds)
0.35/0.46	['concat', 'length']: UNSAT (0.039 seconds)
0.47/0.50	['concat', 'substr']: UNSAT (0.465 seconds)
0.89/0.97	['concat', 'add']: UNSAT (0.035 seconds)
0.89/1.01	['concat', 'sub']: UNSAT (0.034 seconds)
0.89/1.04	['index', 'index']: UNSAT (0.044 seconds)
1.04/1.08	['index', 'length']: UNSAT (0.033 seconds)
1.04/1.12	['index', 'substr']: 