0.12/0.20	=== Examples (../../dataset/examples/examples-66.json)
0.12/0.20	IO(inputs=('take out the last 7 chars',), output='7 chars')
0.12/0.20	IO(inputs=('abcdefg',), output='abcdefg')
0.12/0.20	=== Library
0.12/0.20	concat
0.12/0.20	index
0.12/0.20	length
0.12/0.20	substr
0.12/0.20	add
0.12/0.20	sub
0.12/0.20	=== Synthesis
0.12/0.20	['concat']: UNSAT (0.029 seconds)
0.12/0.23	['index']: UNSAT (0.029 seconds)
0.12/0.26	['length']: UNSAT (0.020 seconds)
0.26/0.28	['substr']: UNSAT (0.038 seconds)
0.26/0.32	['add']: UNSAT (0.025 seconds)
0.26/0.34	['sub']: UNSAT (0.025 seconds)
0.35/0.37	['concat', 'concat']: UNSAT (0.053 seconds)
0.35/0.42	['concat', 'index']: UNSAT (0.047 seconds)
0.46/0.47	['concat', 'length']: UNSAT (0.036 seconds)
0.46/0.51	['concat', 'substr']: UNSAT (0.244 seconds)
0.69/0.75	['concat', 'add']: UNSAT (0.030 seconds)
0.69/0.78	['concat', 'sub']: UNSAT (0.034 seconds)
0.79/0.82	['index', 'index']: UNSAT (0.042 seconds)
0.79/0.86	['index', 'length']: UNSAT (0.030 seconds)
0.79/0.89	['index', 'substr']: UNSAT (0.988 seconds)
1.79/1.88	['index', 'add']: UNSAT (0.034 seconds)
1.89/1.92	['index', 'sub']: UNSAT (0.033 seconds)
1.89/1.95	['length', 'length']: UNSAT (0.021 seconds)
1.89/1.97	['length', 'substr']: UNSAT (0.041 seconds)
1.89/2.01	['length', 'add']: UNSAT (0.026 seconds)
2.02/2.04	['length', 'sub']: UNSAT (0.025 seconds)
2.02/2.07	['substr', 'substr']: UNSAT (0.061 seconds)
2.02/2.13	['substr', 'add']: UNSAT (0.047 seconds)
2.13/2.18	['substr', 'sub']: UNSAT (0.045 seconds)
2.19/2.22	['add', 'add']: UNSAT (0.030 seconds)
2.19/2.25	['add', 'sub']: UNSAT (0.030 seconds)
2.19/2.28	['sub', 'sub']: UNSAT (0.032 seconds)
2.29/2.32	['concat', 'concat', 'concat']: UNSAT (0.092 seconds)
2.39/2.41	['concat', 'concat', 'index']: UNSAT (0.053 seconds)
2.39/2.46	['concat', 'concat', 'length']: UNSAT (0.042 seconds)
2.49/2.51	['concat', 'concat', 'substr']: UNSAT (5.447 seconds)
7.89/7.95	['concat', 'concat', 'add']: UNSAT (0.042 seconds)
7.89/8.00	['concat', 'concat', 'sub']: UNSAT (0.042 seconds)
8.03/8.04	['concat', 'index', 'index']: UNSAT (0.058 seconds)
8.03/8.10	['concat', 'index', 'length']: UNSAT (0.047 seconds)
8.03/8.15	['concat', 'index', 'substr']: UNKNOWN (128.783 seconds)
136.88/136.93	Reason: smt tactic failed to show goal to be sat/unsat max-conflicts-reached
136.88/136.93	Reason: smt tactic failed to show goal to be sat/unsat max-conflicts-reached
136.88/136.93	['concat', 'index', 'add']: UNSAT (0.050 seconds)
136.88/136.98	['concat', 'index', 'sub']: UNSAT (0.048 seconds)
137.01/137.03	['concat', 'length', 'length']: UNSAT (0.033 seconds)
137.01/137.07	['concat', 'length', 'substr']: UNSAT (0.400 seconds)
137.38/137.47	['concat', 'length', 'add']: UNSAT (0.035 seconds)
137.48/137.50	['concat', 'length', 'sub']: UNSAT (0.035 seconds)
137.48/137.54	['concat', 'substr', 'substr']: UNSAT (1.398 seconds)
138.88/138.94	['concat', 'substr', 'add']: UNSAT (0.347 seconds)
139.18/139.29	['concat', 'substr', 'sub']: UNSAT (0.263 seconds)
139.48/139.55	['concat', 'add', 'add']: UNSAT (0.041 seconds)
139.48/139.59	['concat', 'add', 'sub']: UNSAT (0.042 seconds)
139.58/139.63	['concat', 'sub', 'sub']: UNSAT (0.043 seconds)
139.58/139.68	['index', 'index', 'index']: UNSAT (0.059 seconds)
139.68/139.74	['index', 'index', 'length']: UNSAT (0.046 seconds)
139.68/139.78	['index', 'index', 'substr']: UNSAT (27.247 seconds)
166.89/167.03	['index', 'index', 'add']: UNSAT (0.055 seconds)
167.02/167.09	['index', 'index', 'sub']: UNSAT (0.055 seconds)
167.13/167.14	['index', 'length', 'length']: UNSAT (0.038 seconds)
167.13/167.18	['index', 'length', 'substr']: UNSAT (33.116 seconds)
200.29/200.30	['index', 'length', 'add']: UNSAT (0.043 seconds)
200.29/200.34	['index', 'length', 'sub']: UNSAT (0.045 seconds)
200.29/200.39	['index', 'substr', 'substr']: SAT (1.331 seconds)
201.69/201.72	substr(arg0, index(arg0, substr(arg0, 18, 18), 0), 18)
