0.11/0.20	=== Examples (../../dataset/examples/examples-14.json)
0.11/0.20	IO(inputs=('ABC',), output='abc')
0.11/0.20	IO(inputs=('aBcdef',), output='abcdef')
0.11/0.20	=== Library
0.11/0.20	concat
0.11/0.20	index
0.11/0.20	length
0.11/0.20	substr
0.11/0.20	add
0.11/0.20	sub
0.11/0.20	=== Synthesis
0.11/0.20	['concat']: UNSAT (0.029 seconds)
0.11/0.23	['index']: UNSAT (0.029 seconds)
0.11/0.26	['length']: UNSAT (0.020 seconds)
0.11/0.28	['substr']: UNSAT (0.030 seconds)
0.11/0.31	['add']: UNSAT (0.025 seconds)
0.29/0.33	['sub']: UNSAT (0.025 seconds)
0.29/0.36	['concat', 'concat']: UNSAT (0.047 seconds)
0.29/0.41	['concat', 'index']: UNSAT (0.047 seconds)
0.39/0.46	['concat', 'length']: UNSAT (0.035 seconds)
0.46/0.49	['concat', 'substr']: SAT (0.150 seconds)
0.62/0.64	concat('abc', substr(arg0, 3, 6))
