0.10/0.19	=== Examples (../../dataset/examples/examples-42.json)
0.10/0.19	IO(inputs=('DO IT',), output='do it!@')
0.10/0.19	IO(inputs=('COME ON',), output='come on!@')
0.10/0.19	=== Library
0.10/0.19	concat
0.10/0.19	index
0.10/0.19	length
0.10/0.19	substr
0.10/0.19	add
0.10/0.19	sub
0.10/0.19	=== Synthesis
0.10/0.19	['concat']: UNSAT (0.029 seconds)
0.10/0.22	['index']: UNSAT (0.028 seconds)
0.10/0.25	['length']: UNSAT (0.021 seconds)
0.25/0.27	['substr']: UNSAT (0.030 seconds)
0.25/0.31	['add']: UNSAT (0.024 seconds)
0.25/0.33	['sub']: UNSAT (0.025 seconds)
0.25/0.36	['concat', 'concat']: UNSAT (0.091 seconds)
0.34/0.45	['concat', 'index']: UNSAT (0.047 seconds)
0.43/0.50	['concat', 'length']: UNSAT (0.035 seconds)
0.43/0.53	['concat', 'substr']: UNSAT (0.116 seconds)
0.63/0.65	['concat', 'add']: UNSAT (0.030 seconds)
0.63/0.68	['concat', 'sub']: UNSAT (0.030 seconds)
0.69/0.71	['index', 'index']: UNSAT (0.040 seconds)
0.69/0.75	['index', 'length']: UNSAT (0.029 seconds)
0.69/0.78	['index', 'substr']: UNSAT (0.042 seconds)
0.79/0.82	['index', 'add']: UNSAT (0.034 seconds)
0.79/0.86	['index', 'sub']: UNSAT (0.034 seconds)
0.79/0.89	['length', 'length']: UNSAT (0.021 seconds)
0.89/0.92	['length', 'substr']: UNSAT (0.032 seconds)
0.89/0.95	['length', 'add']: UNSAT (0.025 seconds)
0.89/0.97	['length', 'sub']: UNSAT (0.025 seconds)
0.89/1.00	['substr', 'substr']: UNSAT (0.042 seconds)
1.01/1.04	['substr', 'add']: UNSAT (0.036 seconds)
1.01/1.08	['substr', 'sub']: UNSAT (0.037 seconds)
1.01/1.12	['add', 'add']: UNSAT (0.031 seconds)
1.13/1.15	['add', 'sub']: UNSAT (0.032 seconds)
1.13/1.18	['sub', 'sub']: UNSAT (0.031 seconds)
1.19/1.21	['concat', 'concat', 'concat']: UNSAT (0.942 seconds)
2.12/2.16	['concat', 'concat', 'index']: UNSAT (0.054 seconds)
2.18/2.21	['concat', 'concat', 'length']: UNSAT (0.043 seconds)
2.18/2.26	['concat', 'concat', 'substr']: UNSAT (4.534 seconds)
6.69/6.79	['concat', 'concat', 'add']: UNSAT (0.064 seconds)
6.79/6.86	['concat', 'concat', 'sub']: UNSAT (0.058 seconds)
6.89/6.92	['concat', 'index', 'index']: UNSAT (0.077 seconds)
6.89/6.99	['concat', 'index', 'length']: UNSAT (0.066 seconds)
7.01/7.06	['concat', 'index', 'substr']: UNSAT (0.560 seconds)
7.59/7.62	['concat', 'index', 'add']: UNSAT (0.052 seconds)
7.59/7.67	['concat', 'index', 'sub']: UNSAT (0.051 seconds)
7.69/7.73	['concat', 'length', 'length']: UNSAT (0.036 seconds)
7.69/7.76	['concat', 'length', 'substr']: UNSAT (0.192 seconds)
7.89/7.96	['concat', 'length', 'add']: UNSAT (0.057 seconds)
7.89/8.01	['concat', 'length', 'sub']: UNSAT (0.038 seconds)
8.01/8.05	['concat', 'substr', 'substr']: UNSAT (0.421 seconds)
8.39/8.48	['concat', 'substr', 'add']: UNSAT (0.218 seconds)
8.58/8.69	['concat', 'substr', 'sub']: UNSAT (0.191 seconds)
8.78/8.89	['concat', 'add', 'add']: UNSAT (0.045 seconds)
8.88/8.93	['concat', 'add', 'sub']: UNSAT (0.046 seconds)
8.88/8.98	['concat', 'sub', 'sub']: UNSAT (0.047 seconds)
8.88/9.03	['index', 'index', 'index']: UNSAT (0.067 seconds)
9.01/9.10	['index', 'index', 'length']: UNSAT (0.053 seconds)
9.12/9.15	['index', 'index', 'substr']: UNSAT (0.075 seconds)
9.18/9.23	['index', 'index', 'add']: UNSAT (0.057 seconds)
9.18/9.28	['index', 'index', 'sub']: UNSAT (0.057 seconds)
9.30/9.34	['index', 'length', 'length']: UNSAT (0.041 seconds)
9.30/9.38	['index', 'length', 'substr']: UNSAT (0.056 seconds)
9.38/9.44	['index', 'length', 'add']: UNSAT (0.048 seconds)
9.38/9.49	['index', 'length', 'sub']: UNSAT (0.064 seconds)
9.48/9.56	['index', 'substr', 'substr']: UNSAT (0.080 seconds)
9.58/9.64	['index', 'substr', 'add']: UNSAT (0.062 seconds)
9.68/9.70	['index', 'substr', 'sub']: UNSAT (0.064 seconds)
9.68/9.76	['index', 'add', 'add']: UNSAT (0.052 seconds)
9.78/9.82	['index', 'add', 'sub']: UNSAT (0.054 seconds)
9.78/9.87	['index', 'sub', 'sub']: UNSAT (0.052 seconds)
9.88/9.93	['length', 'length', 'length']: UNSAT (0.029 seconds)
9.88/9.96	['length', 'length', 'substr']: UNSAT (0.045 seconds)
9.88/10.00	['length', 'length', 'add']: UNSAT (0.036 seconds)
10.01/10.04	['length', 'length', 'sub']: UNSAT (0.034 seconds)
10.01/10.07	['length', 'substr', 'substr']: UNSAT (0.063 seconds)
10.12/10.14	['length', 'substr', 'add']: UNSAT (0.048 seconds)
10.12/10.19	['length', 'substr', 'sub']: UNSAT (0.048 seconds)
10.18/10.23	['length', 'add', 'add']: UNSAT (0.042 seconds)
10.18/10.28	['length', 'add', 'sub']: UNSAT (0.042 seconds)
10.30/10.32	['length', 'sub', 'sub']: UNSAT (0.043 seconds)
10.30/10.36	['substr', 'substr', 'substr']: UNSAT (0.074 seconds)
10.38/10.44	['substr', 'substr', 'add']: UNSAT (0.065 seconds)
10.48/10.50	['substr', 'substr', 'sub']: UNSAT (0.066 seconds)
10.48/10.57	['substr', 'add', 'add']: UNSAT (0.057 seconds)
10.58/10.63	['substr', 'add', 'sub']: UNSAT (0.057 seconds)
10.58/10.69	['substr', 'sub', 'sub']: UNSAT (0.059 seconds)
10.68/10.75	['add', 'add', 'add']: UNSAT (0.050 seconds)
10.78/10.80	['add', 'add', 'sub']: UNSAT (0.050 seconds)
10.78/10.85	['add', 'sub', 'sub']: UNSAT (0.056 seconds)
10.88/10.91	['sub', 'sub', 'sub']: UNSAT (0.049 seconds)
10.88/10.96	['concat', 'concat', 'concat', 'concat']: UNKNOWN (347.167 seconds)
358.00/358.12	Reason: smt tactic failed to show goal to be sat/unsat max-conflicts-reached
358.00/358.12	Reason: smt tactic failed to show goal to be sat/unsat max-conflicts-reached
358.00/358.12	['concat', 'concat', 'concat', 'index']: UNSAT (0.082 seconds)
358.17/358.21	['concat', 'concat', 'concat', 'length']: UNSAT (0.067 seconds)
358.17/358.28	['concat', 'concat', 'concat', 'substr']: UNKNOWN (138.435 seconds)
496.66/496.71	Reason: smt tactic failed to show goal to be sat/unsat max-conflicts-reached
496.66/496.71	Reason: smt tactic failed to show goal to be sat/unsat max-conflicts-reached
496.66/496.71	['concat', 'concat', 'concat', 'add']: UNSAT (0.068 seconds)
496.66/496.78	['concat', 'concat', 'concat', 'sub']: UNSAT (0.062 seconds)
496.77/496.84	['concat', 'concat', 'index', 'index']: UNSAT (0.082 seconds)
496.88/496.93	['concat', 'concat', 'index', 'length']: UNSAT (0.063 seconds)
496.88/496.99	['concat', 'concat', 'index', 'substr']: UNSAT (20.266 seconds)
517.17/517.26	['concat', 'concat', 'index', 'add']: UNSAT (0.074 seconds)
517.27/517.33	['concat', 'concat', 'index', 'sub']: UNSAT (0.071 seconds)
517.37/517.41	['concat', 'concat', 'length', 'length']: UNSAT (0.055 seconds)
517.37/517.46	['concat', 'concat', 'length', 'substr']: UNSAT (5.681 seconds)
523.11/523.14	['concat', 'concat', 'length', 'add']: UNSAT (0.054 seconds)
523.17/523.20	['concat', 'concat', 'length', 'sub']: UNSAT (0.053 seconds)
523.17/523.25	['concat', 'concat', 'substr', 'substr']: UNSAT (37.834 seconds)
560.99/561.09	['concat', 'concat', 'substr', 'add']: UNSAT (3.155 seconds)
564.17/564.24	['concat', 'concat', 'substr', 'sub']: UNSAT (2.512 seconds)
566.67/566.76	['concat', 'concat', 'add', 'add']: UNSAT (0.059 seconds)
566.77/566.82	['concat', 'concat', 'add', 'sub']: UNSAT (0.057 seconds)
566.77/566.87	['concat', 'concat', 'sub', 'sub']: UNSAT (0.057 seconds)
566.88/566.93	['concat', 'index', 'index', 'index']: UNSAT (0.080 seconds)
566.88/567.01	['concat', 'index', 'index', 'length']: UNSAT (0.067 seconds)
566.99/567.08	['concat', 'index', 'index', 'substr']: UNSAT (2.492 seconds)
569.47/569.57	['concat', 'index', 'index', 'add']: UNSAT (0.074 seconds)
569.57/569.65	['concat', 'index', 'index', 'sub']: UNSAT (0.073 seconds)
569.67/569.72	['concat', 'index', 'length', 'length']: UNSAT (0.053 seconds)
569.67/569.78	['concat', 'index', 'length', 'substr']: UNSAT (0.783 seconds)
570.47/570.56	['concat', 'index', 'length', 'add']: UNSAT (0.057 seconds)
570.57/570.62	['concat', 'index', 'length', 'sub']: UNSAT (0.057 seconds)
570.57/570.68	['concat', 'index', 'substr', 'substr']: UNSAT (3.894 seconds)
574.47/574.57	['concat', 'index', 'substr', 'add']: UNSAT (0.880 seconds)
575.37/575.45	['concat', 'index', 'substr', 'sub']: UNSAT (0.851 seconds)
576.27/576.31	['concat', 'index', 'add', 'add']: UNSAT (0.068 seconds)
576.27/576.37	['concat', 'index', 'add', 'sub']: UNSAT (0.068 seconds)
576.37/576.44	['concat', 'index', 'sub', 'sub']: UNSAT (0.068 seconds)
576.47/576.51	['concat', 'length', 'length', 'length']: UNSAT (0.048 seconds)
576.47/576.56	['concat', 'length', 'length', 'substr']: UNSAT (0.295 seconds)
576.77/576.86	['concat', 'length', 'length', 'add']: UNSAT (0.049 seconds)
576.88/576.91	['concat', 'length', 'length', 'sub']: UNSAT (0.048 seconds)
576.88/576.96	['concat', 'length', 'substr', 'substr']: UNSAT (1.581 seconds)
578.47/578.54	['concat', 'length', 'substr', 'add']: UNSAT (0.313 seconds)
578.77/578.85	['concat', 'length', 'substr', 'sub']: UNSAT (0.399 seconds)
579.17/579.25	['concat', 'length', 'add', 'add']: UNSAT (0.054 seconds)
579.27/579.31	['concat', 'length', 'add', 'sub']: UNSAT (0.054 seconds)
579.27/579.36	['concat', 'length', 'sub', 'sub']: UNSAT (0.054 seconds)
579.37/579.42	['concat', 'substr', 'substr', 'substr']: UNSAT (4.124 seconds)
583.47/583.54	['concat', 'substr', 'substr', 'add']: UNSAT (1.078 seconds)
584.57/584.62	['concat', 'substr', 'substr', 'sub']: UNSAT (1.533 seconds)
586.10/586.16	['concat', 'substr', 'add', 'add']: UNSAT (0.344 seconds)
586.47/586.50	['concat', 'substr', 'add', 'sub']: UNSAT (0.358 seconds)
586.77/586.86	['concat', 'substr', 'sub', 'sub']: UNSAT (0.278 seconds)
587.11/587.14	['concat', 'add', 'add', 'add']: UNSAT (0.067 seconds)
587.17/587.21	['concat', 'add', 'add', 'sub']: UNSAT (0.066 seconds)
587.17/587.27	['concat', 'add', 'sub', 'sub']: UNSAT (0.067 seconds)
587.27/587.34	['concat', 'sub', 'sub', 'sub']: UNSAT (0.072 seconds)
587.37/587.41	['index', 'index', 'index', 'index']: UNSAT (0.091 seconds)
587.47/587.51	['index', 'index', 'index', 'length']: UNSAT (0.076 seconds)
587.47/587.58	['index', 'index', 'index', 'substr']: UNSAT (0.111 seconds)
587.57/587.70	['index', 'index', 'index', 'add']: UNSAT (0.085 seconds)
587.67/587.78	['index', 'index', 'index', 'sub']: UNSAT (0.086 seconds)
587.77/587.87	['index', 'index', 'length', 'length']: UNSAT (0.063 seconds)
587.88/587.93	['index', 'index', 'length', 'substr']: UNSAT (0.084 seconds)
587.88/588.02	['index', 'index', 'length', 'add']: UNSAT (0.068 seconds)
587.99/588.09	['index', 'index', 'length', 'sub']: UNSAT (0.067 seconds)
588.11/588.15	['index', 'index', 'substr', 'substr']: UNSAT (0.190 seconds)
588.27/588.35	['index', 'index', 'substr', 'add']: UNSAT (0.100 seconds)
588.37/588.45	['index', 'index', 'substr', 'sub']: UNSAT (0.103 seconds)
588.47/588.55	['index', 'index', 'add', 'add']: UNSAT (0.079 seconds)
588.57/588.63	['index', 'index', 'add', 'sub']: UNSAT (0.082 seconds)
588.67/588.71	['index', 'index', 'sub', 'sub']: UNSAT (0.085 seconds)
588.77/588.80	['index', 'length', 'length', 'length']: UNSAT (0.049 seconds)
588.77/588.85	['index', 'length', 'length', 'substr']: UNSAT (0.070 seconds)
588.88/588.92	['index', 'length', 'length', 'add']: UNSAT (0.054 seconds)
588.88/588.98	['index', 'length', 'length', 'sub']: UNSAT (0.054 seconds)
588.88/589.03	['index', 'length', 'substr', 'substr']: UNSAT (0.124 seconds)
589.11/589.16	['index', 'length', 'substr', 'add']: UNSAT (0.079 seconds)
589.17/589.24	['index', 'length', 'substr', 'sub']: UNSAT (0.080 seconds)
589.27/589.32	['index', 'length', 'add', 'add']: UNSAT (0.064 seconds)
589.27/589.38	['index', 'length', 'add', 'sub']: UNSAT (0.064 seconds)
589.37/589.45	['index', 'length', 'sub', 'sub']: UNSAT (0.063 seconds)
589.47/589.51	['index', 'substr', 'substr', 'substr']: UNSAT (0.179 seconds)
589.57/589.69	['index', 'substr', 'substr', 'add']: UNSAT (0.128 seconds)
589.77/589.82	['index', 'substr', 'substr', 'sub']: UNSAT (0.129 seconds)
589.88/589.95	['index', 'substr', 'add', 'add']: UNSAT (0.102 seconds)
590.00/590.05	['index', 'substr', 'add', 'sub']: UNSAT (0.098 seconds)
590.11/590.15	['index', 'substr', 'sub', 'sub']: UNSAT (0.108 seconds)
590.17/590.26	['index', 'add', 'add', 'add']: UNSAT (0.084 seconds)
590.27/590.35	['index', 'add', 'add', 'sub']: UNSAT (0.082 seconds)
590.37/590.43	['index', 'add', 'sub', 'sub']: UNSAT (0.083 seconds)
590.47/590.51	['index', 'sub', 'sub', 'sub']: UNSAT (0.080 seconds)
590.47/590.59	['length', 'length', 'length', 'length']: UNSAT (0.037 seconds)
590.57/590.63	['length', 'length', 'length', 'substr']: UNSAT (0.049 seconds)
590.57/590.68	['length', 'length', 'length', 'add']: UNSAT (0.041 seconds)
590.67/590.72	['length', 'length', 'length', 'sub']: UNSAT (0.041 seconds)
590.67/590.77	['length', 'length', 'substr', 'substr']: UNSAT (0.123 seconds)
590.77/590.89	['length', 'length', 'substr', 'add']: UNSAT (0.063 seconds)
590.88/590.95	['length', 'length', 'substr', 'sub']: UNSAT (0.065 seconds)
590.88/591.02	['length', 'length', 'add', 'add']: UNSAT (0.049 seconds)
590.99/591.07	['length', 'length', 'add', 'sub']: UNSAT (0.049 seconds)
590.99/591.12	['length', 'length', 'sub', 'sub']: UNSAT (0.048 seconds)
591.11/591.17	['length', 'substr', 'substr', 'substr']: UNSAT (0.130 seconds)
591.27/591.30	['length', 'substr', 'substr', 'add']: UNSAT (0.090 seconds)
591.27/591.39	['length', 'substr', 'substr', 'sub']: UNSAT (0.105 seconds)
591.37/591.49	['length', 'substr', 'add', 'add']: UNSAT (0.075 seconds)
591.47/591.57	['length', 'substr', 'add', 'sub']: UNSAT (0.077 seconds)
591.57/591.65	['length', 'substr', 'sub', 'sub']: UNSAT (0.079 seconds)
591.67/591.73	['length', 'add', 'add', 'add']: UNSAT (0.060 seconds)
591.67/591.79	['length', 'add', 'add', 'sub']: UNSAT (0.067 seconds)
591.77/591.86	['length', 'add', 'sub', 'sub']: UNSAT (0.065 seconds)
591.88/591.92	['length', 'sub', 'sub', 'sub']: UNSAT (0.063 seconds)
591.88/591.99	['substr', 'substr', 'substr', 'substr']: UNSAT (0.135 seconds)
591.99/592.12	['substr', 'substr', 'substr', 'add']: UNSAT (0.100 seconds)
592.17/592.22	['substr', 'substr', 'substr', 'sub']: UNSAT (0.101 seconds)
592.27/592.32	['substr', 'substr', 'add', 'add']: UNSAT (0.089 seconds)
592.37/592.41	['substr', 'substr', 'add', 'sub']: UNSAT (0.089 seconds)
592.47/592.50	['substr', 'substr', 'sub', 'sub']: UNSAT (0.088 seconds)
592.47/592.59	['substr', 'add', 'add', 'add']: UNSAT (0.077 seconds)
592.57/592.67	['substr', 'add', 'add', 'sub']: UNSAT (0.076 seconds)
592.67/592.75	['substr', 'add', 'sub', 'sub']: UNSAT (0.078 seconds)
592.77/592.83	['substr', 'sub', 'sub', 'sub']: UNSAT (0.080 seconds)
592.88/592.91	['add', 'add', 'add', 'add']: UNSAT (0.072 seconds)
592.88/592.98	['add', 'add', 'add', 'sub']: UNSAT (0.072 seconds)
592.99/593.05	['add', 'add', 'sub', 'sub']: UNSAT (0.071 seconds)
592.99/593.13	['add', 'sub', 'sub', 'sub']: UNSAT (0.071 seconds)
593.17/593.20	['sub', 'sub', 'sub', 'sub']: UNSAT (0.073 seconds)
593.17/593.27	['concat', 'concat', 'concat', 'concat', 'concat']: 