0.10/0.18	=== Examples (../../dataset/examples/examples-52.json)
0.10/0.18	IO(inputs=('hello  ',), output='HELLO')
0.10/0.18	IO(inputs=('how are you today?  ',), output='HOW ARE YOU TODAY?')
0.10/0.18	=== Library
0.10/0.18	concat
0.10/0.18	index
0.10/0.18	length
0.10/0.18	substr
0.10/0.18	add
0.10/0.18	sub
0.10/0.18	=== Synthesis
0.10/0.18	['concat']: UNSAT (0.030 seconds)
0.10/0.22	['index']: UNSAT (0.029 seconds)
0.10/0.24	['length']: UNSAT (0.021 seconds)
0.10/0.27	['substr']: UNSAT (0.037 seconds)
0.26/0.30	['add']: UNSAT (0.025 seconds)
0.26/0.33	['sub']: UNSAT (0.026 seconds)
0.26/0.36	['concat', 'concat']: UNSAT (0.049 seconds)
0.36/0.41	['concat', 'index']: UNSAT (0.049 seconds)
0.36/0.46	['concat', 'length']: UNSAT (0.036 seconds)
0.43/0.50	['concat', 'substr']: UNSAT (0.306 seconds)
0.78/0.80	['concat', 'add']: UNSAT (0.033 seconds)
0.78/0.84	['concat', 'sub']: UNSAT (0.033 seconds)
0.78/0.87	['index', 'index']: UNSAT (0.044 seconds)
0.88/0.92	['index', 'length']: UNSAT (0.033 seconds)
0.88/0.95	['index', 'substr']: UNSAT (0.084 seconds)
0.88/1.03	['index', 'add']: UNSAT (0.038 seconds)
1.00/1.07	['index', 'sub']: UNSAT (0.037 seconds)
1.00/1.11	['length', 'length']: UNSAT (0.022 seconds)
1.00/1.13	['length', 'substr']: UNSAT (0.045 seconds)
1.13/1.18	['length', 'add']: UNSAT (0.029 seconds)
1.18/1.21	['length', 'sub']: UNSAT (0.029 seconds)
1.18/1.24	['substr', 'substr']: UNSAT (0.069 seconds)
1.28/1.31	['substr', 'add']: UNSAT (0.051 seconds)
1.28/1.36	['substr', 'sub']: UNSAT (0.047 seconds)
1.38/1.41	['add', 'add']: UNSAT (0.034 seconds)
1.38/1.44	['add', 'sub']: UNSAT (0.055 seconds)
1.48/1.50	['sub', 'sub']: UNSAT (0.036 seconds)
1.48/1.54	['concat', 'concat', 'concat']: UNSAT (0.108 seconds)
1.58/1.65	['concat', 'concat', 'index']: UNSAT (0.060 seconds)
1.68/1.71	['concat', 'concat', 'length']: UNSAT (0.047 seconds)
1.68/1.76	['concat', 'concat', 'substr']: UNSAT (5.383 seconds)
7.01/7.14	['concat', 'concat', 'add']: UNSAT (0.050 seconds)
7.13/7.19	['concat', 'concat', 'sub']: UNSAT (0.047 seconds)
7.19/7.24	['concat', 'index', 'index']: UNSAT (0.064 seconds)
7.29/7.31	['concat', 'index', 'length']: UNSAT (0.052 seconds)
7.29/7.36	['concat', 'index', 'substr']: UNSAT (0.851 seconds)
8.19/8.21	['concat', 'index', 'add']: UNSAT (0.054 seconds)
8.19/8.26	['concat', 'index', 'sub']: UNSAT (0.055 seconds)
8.29/8.32	['concat', 'length', 'length']: UNSAT (0.041 seconds)
8.29/8.36	['concat', 'length', 'substr']: UNSAT (0.423 seconds)
8.69/8.79	['concat', 'length', 'add']: UNSAT (0.043 seconds)
8.79/8.83	['concat', 'length', 'sub']: UNSAT (0.044 seconds)
8.79/8.88	['concat', 'substr', 'substr']: UNSAT (1.049 seconds)
9.89/9.93	['concat', 'substr', 'add']: UNSAT (0.277 seconds)
10.19/10.20	['concat', 'substr', 'sub']: UNSAT (0.279 seconds)
10.39/10.48	['concat', 'add', 'add']: UNSAT (0.049 seconds)
10.49/10.53	['concat', 'add', 'sub']: UNSAT (0.049 seconds)
10.49/10.58	['concat', 'sub', 'sub']: UNSAT (0.050 seconds)
10.59/10.64	['index', 'index', 'index']: UNSAT (0.069 seconds)
10.69/10.71	['index', 'index', 'length']: UNSAT (0.055 seconds)
10.69/10.76	['index', 'index', 'substr']: UNSAT (0.214 seconds)
10.89/10.98	['index', 'index', 'add']: UNSAT (0.063 seconds)
11.00/11.04	['index', 'index', 'sub']: UNSAT (0.060 seconds)
11.00/11.10	['index', 'length', 'length']: UNSAT (0.042 seconds)
11.12/11.15	['index', 'length', 'substr']: UNSAT (0.152 seconds)
11.29/11.30	['index', 'length', 'add']: UNSAT (0.048 seconds)
11.29/11.35	['index', 'length', 'sub']: UNSAT (0.049 seconds)
11.39/11.40	['index', 'substr', 'substr']: UNSAT (0.388 seconds)
11.68/11.79	['index', 'substr', 'add']: UNSAT (0.182 seconds)
11.88/11.97	['index', 'substr', 'sub']: UNSAT (0.169 seconds)
12.12/12.14	['index', 'add', 'add']: UNSAT (0.057 seconds)
12.18/12.20	['index', 'add', 'sub']: UNSAT (0.056 seconds)
12.18/12.25	['index', 'sub', 'sub']: UNSAT (0.057 seconds)
12.28/12.31	['length', 'length', 'length']: UNSAT (0.031 seconds)
12.28/12.34	['length', 'length', 'substr']: UNSAT (0.059 seconds)
12.38/12.40	['length', 'length', 'add']: UNSAT (0.037 seconds)
12.38/12.44	['length', 'length', 'sub']: UNSAT (0.037 seconds)
12.38/12.48	['length', 'substr', 'substr']: UNSAT (0.269 seconds)
12.68/12.75	['length', 'substr', 'add']: UNSAT (0.103 seconds)
12.78/12.85	['length', 'substr', 'sub']: UNSAT (0.078 seconds)
12.88/12.93	['length', 'add', 'add']: UNSAT (0.046 seconds)
12.88/12.98	['length', 'add', 'sub']: UNSAT (0.049 seconds)
13.00/13.03	['length', 'sub', 'sub']: UNSAT (0.044 seconds)
13.00/13.07	['substr', 'substr', 'substr']: UNSAT (0.190 seconds)
13.18/13.27	['substr', 'substr', 'add']: UNSAT (0.204 seconds)
13.38/13.47	['substr', 'substr', 'sub']: UNSAT (0.220 seconds)
13.58/13.69	['substr', 'add', 'add']: UNSAT (0.088 seconds)
13.68/13.78	['substr', 'add', 'sub']: UNSAT (0.092 seconds)
13.78/13.87	['substr', 'sub', 'sub']: UNSAT (0.092 seconds)
13.88/13.97	['add', 'add', 'add']: UNSAT (0.056 seconds)
13.88/14.02	['add', 'add', 'sub']: UNSAT (0.055 seconds)
14.00/14.08	['add', 'sub', 'sub']: UNSAT (0.054 seconds)
14.00/14.13	['sub', 'sub', 'sub']: UNSAT (0.054 seconds)
14.13/14.19	['concat', 'concat', 'concat', 'concat']: UNSAT (0.258 seconds)
14.38/14.45	['concat', 'concat', 'concat', 'index']: UNSAT (0.087 seconds)
14.48/14.54	['concat', 'concat', 'concat', 'length']: UNSAT (0.070 seconds)
14.58/14.61	['concat', 'concat', 'concat', 'substr']: UNKNOWN (194.778 seconds)
209.27/209.39	Reason: smt tactic failed to show goal to be sat/unsat max-conflicts-reached
209.27/209.39	Reason: smt tactic failed to show goal to be sat/unsat max-conflicts-reached
209.27/209.39	['concat', 'concat', 'concat', 'add']: UNSAT (0.070 seconds)
209.38/209.46	['concat', 'concat', 'concat', 'sub']: UNSAT (0.070 seconds)
209.47/209.53	['concat', 'concat', 'index', 'index']: UNSAT (0.084 seconds)
209.57/209.61	['concat', 'concat', 'index', 'length']: UNSAT (0.071 seconds)
209.57/209.69	['concat', 'concat', 'index', 'substr']: UNSAT (28.441 seconds)
238.00/238.13	['concat', 'concat', 'index', 'add']: UNSAT (0.072 seconds)
238.18/238.20	['concat', 'concat', 'index', 'sub']: UNSAT (0.075 seconds)
238.18/238.28	['concat', 'concat', 'length', 'length']: UNSAT (0.057 seconds)
238.27/238.34	['concat', 'concat', 'length', 'substr']: UNSAT (8.732 seconds)
246.98/247.07	['concat', 'concat', 'length', 'add']: UNSAT (0.059 seconds)
247.10/247.13	['concat', 'concat', 'length', 'sub']: UNSAT (0.058 seconds)
247.10/247.19	['concat', 'concat', 'substr', 'substr']: UNKNOWN (60.213 seconds)
307.37/307.40	Reason: smt tactic failed to show goal to be sat/unsat max-conflicts-reached
307.37/307.40	Reason: smt tactic failed to show goal to be sat/unsat max-conflicts-reached
307.37/307.40	['concat', 'concat', 'substr', 'add']: UNSAT (4.546 seconds)
311.87/311.95	['concat', 'concat', 'substr', 'sub']: UNSAT (3.972 seconds)
315.87/315.92	['concat', 'concat', 'add', 'add']: UNSAT (0.066 seconds)
315.87/315.99	['concat', 'concat', 'add', 'sub']: UNSAT (0.067 seconds)
315.98/316.06	['concat', 'concat', 'sub', 'sub']: UNSAT (0.066 seconds)
315.98/316.13	['concat', 'index', 'index', 'index']: UNSAT (0.093 seconds)
316.17/316.22	['concat', 'index', 'index', 'length']: UNSAT (0.076 seconds)
316.27/316.30	['concat', 'index', 'index', 'substr']: UNSAT (2.915 seconds)
319.17/319.21	['concat', 'index', 'index', 'add']: UNSAT (0.085 seconds)
319.27/319.30	['concat', 'index', 'index', 'sub']: UNSAT (0.082 seconds)
319.27/319.38	['concat', 'index', 'length', 'length']: UNSAT (0.061 seconds)
319.37/319.44	['concat', 'index', 'length', 'substr']: UNSAT (1.797 seconds)
321.17/321.24	['concat', 'index', 'length', 'add']: UNSAT (0.066 seconds)
321.27/321.31	['concat', 'index', 'length', 'sub']: UNSAT (0.065 seconds)
321.27/321.37	['concat', 'index', 'substr', 'substr']: UNSAT (19.110 seconds)
340.37/340.49	['concat', 'index', 'substr', 'add']: UNSAT (1.996 seconds)
342.37/342.48	['concat', 'index', 'substr', 'sub']: UNSAT (1.695 seconds)
344.10/344.18	['concat', 'index', 'add', 'add']: UNSAT (0.072 seconds)
344.17/344.25	['concat', 'index', 'add', 'sub']: UNSAT (0.075 seconds)
344.27/344.33	['concat', 'index', 'sub', 'sub']: UNSAT (0.073 seconds)
344.37/344.40	['concat', 'length', 'length', 'length']: UNSAT (0.049 seconds)
344.37/344.45	['concat', 'length', 'length', 'substr']: UNSAT (0.425 seconds)
344.77/344.88	['concat', 'length', 'length', 'add']: UNSAT (0.051 seconds)
344.87/344.93	['concat', 'length', 'length', 'sub']: UNSAT (0.052 seconds)
344.87/344.98	['concat', 'length', 'substr', 'substr']: UNSAT (5.441 seconds)
350.37/350.43	['concat', 'length', 'substr', 'add']: UNSAT (0.768 seconds)
351.10/351.20	['concat', 'length', 'substr', 'sub']: UNSAT (0.982 seconds)
352.10/352.18	['concat', 'length', 'add', 'add']: UNSAT (0.056 seconds)
352.17/352.24	['concat', 'length', 'add', 'sub']: UNSAT (0.057 seconds)
352.17/352.29	['concat', 'length', 'sub', 'sub']: UNSAT (0.058 seconds)
352.27/352.35	['concat', 'substr', 'substr', 'substr']: UNSAT (8.345 seconds)
360.67/360.70	['concat', 'substr', 'substr', 'add']: UNSAT (3.400 seconds)
363.99/364.10	['concat', 'substr', 'substr', 'sub']: UNSAT (3.567 seconds)
367.57/367.67	['concat', 'substr', 'add', 'add']: UNSAT (0.534 seconds)
368.17/368.20	['concat', 'substr', 'add', 'sub']: UNSAT (0.471 seconds)
368.57/368.67	['concat', 'substr', 'sub', 'sub']: UNSAT (0.585 seconds)
369.17/369.26	['concat', 'add', 'add', 'add']: UNSAT (0.068 seconds)
369.27/369.33	['concat', 'add', 'add', 'sub']: UNSAT (0.068 seconds)
369.37/369.40	['concat', 'add', 'sub', 'sub']: UNSAT (0.069 seconds)
369.37/369.47	['concat', 'sub', 'sub', 'sub']: UNSAT (0.083 seconds)
369.47/369.55	['index', 'index', 'index', 'index']: UNSAT (0.096 seconds)
369.57/369.65	['index', 'index', 'index', 'length']: UNSAT (0.079 seconds)
369.67/369.73	['index', 'index', 'index', 'substr']: UNSAT (0.304 seconds)
369.99/370.03	['index', 'index', 'index', 'add']: UNSAT (0.095 seconds)
370.10/370.13	['index', 'index', 'index', 'sub']: UNSAT (0.089 seconds)
370.17/370.22	['index', 'index', 'length', 'length']: UNSAT (0.064 seconds)
370.17/370.29	['index', 'index', 'length', 'substr']: UNSAT (0.281 seconds)
370.47/370.57	['index', 'index', 'length', 'add']: UNSAT (0.071 seconds)
370.57/370.64	['index', 'index', 'length', 'sub']: UNSAT (0.071 seconds)
370.67/370.71	['index', 'index', 'substr', 'substr']: UNSAT (1.131 seconds)
371.77/371.84	['index', 'index', 'substr', 'add']: UNSAT (0.252 seconds)
371.99/372.10	['index', 'index', 'substr', 'sub']: UNSAT (0.394 seconds)
372.37/372.49	['index', 'index', 'add', 'add']: UNSAT (0.083 seconds)
372.47/372.58	['index', 'index', 'add', 'sub']: UNSAT (0.083 seconds)
372.57/372.66	['index', 'index', 'sub', 'sub']: UNSAT (0.085 seconds)
372.67/372.74	['index', 'length', 'length', 'length']: UNSAT (0.050 seconds)
372.77/372.80	['index', 'length', 'length', 'substr']: UNSAT (0.207 seconds)
372.87/373.00	['index', 'length', 'length', 'add']: UNSAT (0.058 seconds)
372.99/373.06	['index', 'length', 'length', 'sub']: UNSAT (0.059 seconds)
372.99/373.12	['index', 'length', 'substr', 'substr']: UNSAT (0.656 seconds)
373.67/373.78	['index', 'length', 'substr', 'add']: UNSAT (0.224 seconds)
373.87/374.01	['index', 'length', 'substr', 'sub']: UNSAT (0.275 seconds)
374.17/374.28	['index', 'length', 'add', 'add']: UNSAT (0.067 seconds)
374.27/374.35	['index', 'length', 'add', 'sub']: UNSAT (0.067 seconds)
374.37/374.42	['index', 'length', 'sub', 'sub']: UNSAT (0.066 seconds)
374.37/374.48	['index', 'substr', 'substr', 'substr']: UNSAT (1.794 seconds)
376.17/376.28	['index', 'substr', 'substr', 'add']: UNSAT (1.022 seconds)
377.27/377.30	['index', 'substr', 'substr', 'sub']: UNSAT (1.283 seconds)
378.47/378.59	['index', 'substr', 'add', 'add']: UNSAT (0.243 seconds)
378.77/378.83	['index', 'substr', 'add', 'sub']: UNSAT (0.250 seconds)
378.99/379.08	['index', 'substr', 'sub', 'sub']: UNSAT (0.301 seconds)
379.27/379.38	['index', 'add', 'add', 'add']: UNSAT (0.083 seconds)
379.37/379.47	['index', 'add', 'add', 'sub']: UNSAT (0.081 seconds)
379.47/379.55	['index', 'add', 'sub', 'sub']: UNSAT (0.081 seconds)
379.57/379.63	['index', 'sub', 'sub', 'sub']: UNSAT (0.081 seconds)
379.67/379.71	['length', 'length', 'length', 'length']: UNSAT (0.038 seconds)
379.67/379.75	['length', 'length', 'length', 'substr']: UNSAT (0.050 seconds)
379.77/379.80	['length', 'length', 'length', 'add']: UNSAT (0.044 seconds)
379.77/379.85	['length', 'length', 'length', 'sub']: UNSAT (0.046 seconds)
379.77/379.90	['length', 'length', 'substr', 'substr']: UNSAT (0.523 seconds)
380.37/380.42	['length', 'length', 'substr', 'add']: UNSAT (0.120 seconds)
380.47/380.54	['length', 'length', 'substr', 'sub']: UNSAT (0.104 seconds)
380.57/380.65	['length', 'length', 'add', 'add']: UNSAT (0.051 seconds)
380.67/380.70	['length', 'length', 'add', 'sub']: UNSAT (0.051 seconds)
380.67/380.75	['length', 'length', 'sub', 'sub']: UNSAT (0.050 seconds)
380.77/380.80	['length', 'substr', 'substr', 'substr']: UNSAT (1.677 seconds)
382.37/382.48	['length', 'substr', 'substr', 'add']: UNSAT (0.571 seconds)
382.98/383.05	['length', 'substr', 'substr', 'sub']: UNSAT (0.644 seconds)
383.67/383.70	['length', 'substr', 'add', 'add']: UNSAT (0.110 seconds)
383.77/383.81	['length', 'substr', 'add', 'sub']: UNSAT (0.155 seconds)
383.87/383.96	['length', 'substr', 'sub', 'sub']: UNSAT (0.154 seconds)
383.98/384.12	['length', 'add', 'add', 'add']: UNSAT (0.064 seconds)
384.10/384.18	['length', 'add', 'add', 'sub']: UNSAT (0.065 seconds)
384.17/384.25	['length', 'add', 'sub', 'sub']: UNSAT (0.065 seconds)
384.27/384.31	['length', 'sub', 'sub', 'sub']: UNSAT (0.066 seconds)
384.27/384.38	['substr', 'substr', 'substr', 'substr']: UNSAT (0.858 seconds)
385.17/385.24	['substr', 'substr', 'substr', 'add']: UNSAT (0.759 seconds)
385.87/386.00	['substr', 'substr', 'substr', 'sub']: UNSAT (0.547 seconds)
386.47/386.55	['substr', 'substr', 'add', 'add']: UNSAT (1.311 seconds)
387.77/387.86	['substr', 'substr', 'add', 'sub']: UNSAT (0.476 seconds)
388.27/388.34	['substr', 'substr', 'sub', 'sub']: UNSAT (0.467 seconds)
388.77/388.81	['substr', 'add', 'add', 'add']: UNSAT (0.234 seconds)
388.98/389.04	['substr', 'add', 'add', 'sub']: UNSAT (0.235 seconds)
389.17/389.28	['substr', 'add', 'sub', 'sub']: UNSAT (0.221 seconds)
389.47/389.50	['substr', 'sub', 'sub', 'sub']: UNSAT (0.245 seconds)
389.67/389.75	['add', 'add', 'add', 'add']: UNSAT (0.076 seconds)
389.77/389.82	['add', 'add', 'add', 'sub']: UNSAT (0.076 seconds)
389.87/389.90	['add', 'add', 'sub', 'sub']: UNSAT (0.075 seconds)
389.87/389.98	['add', 'sub', 'sub', 'sub']: UNSAT (0.075 seconds)
389.98/390.05	['sub', 'sub', 'sub', 'sub']: UNSAT (0.076 seconds)
390.10/390.13	['concat', 'concat', 'concat', 'concat', 'concat']: UNSAT (0.386 seconds)
390.47/390.51	['concat', 'concat', 'concat', 'concat', 'index']: UNSAT (0.111 seconds)
390.57/390.63	['concat', 'concat', 'concat', 'concat', 'length']: UNSAT (0.098 seconds)
390.67/390.73	['concat', 'concat', 'concat', 'concat', 'substr']: 