0.11/0.19	=== Examples (../../dataset/examples/examples-67.json)
0.11/0.19	IO(inputs=(' trim me ',), output='trim me xyz')
0.11/0.19	IO(inputs=('one more pass   ',), output='one more pass xyz')
0.11/0.19	=== Library
0.11/0.19	concat
0.11/0.19	index
0.11/0.19	length
0.11/0.19	substr
0.11/0.19	add
0.11/0.19	sub
0.11/0.19	=== Synthesis
0.11/0.19	['concat']: UNSAT (0.029 seconds)
0.11/0.23	['index']: UNSAT (0.029 seconds)
0.11/0.26	['length']: UNSAT (0.021 seconds)
0.11/0.28	['substr']: UNSAT (0.033 seconds)
0.25/0.31	['add']: UNSAT (0.025 seconds)
0.25/0.34	['sub']: UNSAT (0.025 seconds)
0.25/0.36	['concat', 'concat']: UNSAT (0.100 seconds)
0.35/0.46	['concat', 'index']: UNSAT (0.048 seconds)
0.45/0.51	['concat', 'length']: UNSAT (0.037 seconds)
0.45/0.55	['concat', 'substr']: UNSAT (0.209 seconds)
0.69/0.76	['concat', 'add']: UNSAT (0.031 seconds)
0.69/0.79	['concat', 'sub']: UNSAT (0.032 seconds)
0.79/0.83	['index', 'index']: UNSAT (0.043 seconds)
0.79/0.87	['index', 'length']: UNSAT (0.033 seconds)
0.89/0.90	['index', 'substr']: UNSAT (0.050 seconds)
0.89/0.95	['index', 'add']: UNSAT (0.037 seconds)
0.89/0.99	['index', 'sub']: UNSAT (0.035 seconds)
0.89/1.03	['length', 'length']: UNSAT (0.021 seconds)
0.89/1.05	['length', 'substr']: UNSAT (0.031 seconds)
1.02/1.08	['length', 'add']: UNSAT (0.026 seconds)
1.02/1.11	['length', 'sub']: UNSAT (0.026 seconds)
1.02/1.14	['substr', 'substr']: UNSAT (0.044 seconds)
1.17/1.18	['substr', 'add']: UNSAT (0.038 seconds)
1.19/1.22	['substr', 'sub']: UNSAT (0.037 seconds)
1.19/1.26	['add', 'add']: UNSAT (0.032 seconds)
1.19/1.29	['add', 'sub']: UNSAT (0.032 seconds)
1.29/1.32	['sub', 'sub']: UNSAT (0.033 seconds)
1.29/1.36	['concat', 'concat', 'concat']: UNSAT (0.566 seconds)
1.88/1.92	['concat', 'concat', 'index']: UNSAT (0.055 seconds)
1.88/1.98	['concat', 'concat', 'length']: UNSAT (0.046 seconds)
1.88/2.03	['concat', 'concat', 'substr']: UNSAT (5.491 seconds)
7.49/7.52	['concat', 'concat', 'add']: UNSAT (0.046 seconds)
7.49/7.56	['concat', 'concat', 'sub']: UNSAT (0.044 seconds)
7.59/7.61	['concat', 'index', 'index']: UNSAT (0.059 seconds)
7.59/7.67	['concat', 'index', 'length']: UNSAT (0.046 seconds)
7.69/7.72	['concat', 'index', 'substr']: UNSAT (14.655 seconds)
22.28/22.37	['concat', 'index', 'add']: UNSAT (0.051 seconds)
22.38/22.43	['concat', 'index', 'sub']: UNSAT (0.052 seconds)
22.38/22.48	['concat', 'length', 'length']: UNSAT (0.037 seconds)
22.48/22.52	['concat', 'length', 'substr']: UNSAT (0.226 seconds)
22.68/22.74	['concat', 'length', 'add']: UNSAT (0.038 seconds)
22.68/22.78	['concat', 'length', 'sub']: UNSAT (0.038 seconds)
22.78/22.82	['concat', 'substr', 'substr']: UNSAT (0.772 seconds)
23.48/23.59	['concat', 'substr', 'add']: UNSAT (0.229 seconds)
23.78/23.82	['concat', 'substr', 'sub']: UNSAT (0.206 seconds)
23.88/24.03	['concat', 'add', 'add']: UNSAT (0.045 seconds)
24.02/24.08	['concat', 'add', 'sub']: UNSAT (0.043 seconds)
24.02/24.12	['concat', 'sub', 'sub']: UNSAT (0.044 seconds)
24.02/24.17	['index', 'index', 'index']: UNSAT (0.062 seconds)
24.18/24.23	['index', 'index', 'length']: UNSAT (0.049 seconds)
24.18/24.28	['index', 'index', 'substr']: UNSAT (0.070 seconds)
24.28/24.35	['index', 'index', 'add']: UNSAT (0.055 seconds)
24.39/24.40	['index', 'index', 'sub']: UNSAT (0.055 seconds)
24.39/24.46	['index', 'length', 'length']: UNSAT (0.040 seconds)
24.49/24.50	['index', 'length', 'substr']: UNSAT (0.053 seconds)
24.49/24.56	['index', 'length', 'add']: UNSAT (0.045 seconds)
24.59/24.60	['index', 'length', 'sub']: UNSAT (0.043 seconds)
24.59/24.65	['index', 'substr', 'substr']: UNSAT (0.081 seconds)
24.69/24.73	['index', 'substr', 'add']: UNSAT (0.065 seconds)
24.69/24.79	['index', 'substr', 'sub']: UNSAT (0.066 seconds)
24.79/24.86	['index', 'add', 'add']: UNSAT (0.053 seconds)
24.89/24.91	['index', 'add', 'sub']: UNSAT (0.051 seconds)
24.89/24.97	['index', 'sub', 'sub']: UNSAT (0.052 seconds)
24.89/25.02	['length', 'length', 'length']: UNSAT (0.029 seconds)
24.89/25.05	['length', 'length', 'substr']: UNSAT (0.043 seconds)
25.01/25.09	['length', 'length', 'add']: UNSAT (0.032 seconds)
25.01/25.13	['length', 'length', 'sub']: UNSAT (0.033 seconds)
25.01/25.16	['length', 'substr', 'substr']: UNSAT (0.063 seconds)
25.19/25.22	['length', 'substr', 'add']: UNSAT (0.048 seconds)
25.19/25.27	['length', 'substr', 'sub']: UNSAT (0.048 seconds)
25.29/25.32	['length', 'add', 'add']: UNSAT (0.040 seconds)
25.29/25.36	['length', 'add', 'sub']: UNSAT (0.040 seconds)
25.39/25.40	['length', 'sub', 'sub']: UNSAT (0.042 seconds)
25.39/25.45	['substr', 'substr', 'substr']: UNSAT (0.076 seconds)
25.49/25.52	['substr', 'substr', 'add']: UNSAT (0.063 seconds)
25.49/25.59	['substr', 'substr', 'sub']: UNSAT (0.062 seconds)
25.59/25.65	['substr', 'add', 'add']: UNSAT (0.054 seconds)
25.69/25.70	['substr', 'add', 'sub']: UNSAT (0.055 seconds)
25.69/25.76	['substr', 'sub', 'sub']: UNSAT (0.056 seconds)
25.79/25.82	['add', 'add', 'add']: UNSAT (0.048 seconds)
25.79/25.87	['add', 'add', 'sub']: UNSAT (0.048 seconds)
25.89/25.91	['add', 'sub', 'sub']: UNSAT (0.049 seconds)
25.89/25.96	['sub', 'sub', 'sub']: UNSAT (0.049 seconds)
25.89/26.01	['concat', 'concat', 'concat', 'concat']: UNKNOWN (193.917 seconds)
219.88/219.93	Reason: smt tactic failed to show goal to be sat/unsat max-conflicts-reached
219.88/219.93	Reason: smt tactic failed to show goal to be sat/unsat max-conflicts-reached
219.88/219.93	['concat', 'concat', 'concat', 'index']: UNSAT (0.079 seconds)
219.88/220.01	['concat', 'concat', 'concat', 'length']: UNSAT (0.065 seconds)
220.02/220.08	['concat', 'concat', 'concat', 'substr']: UNKNOWN (188.690 seconds)
408.68/408.77	Reason: smt tactic failed to show goal to be sat/unsat max-conflicts-reached
408.68/408.77	Reason: smt tactic failed to show goal to be sat/unsat max-conflicts-reached
408.68/408.77	['concat', 'concat', 'concat', 'add']: UNSAT (0.065 seconds)
408.78/408.83	['concat', 'concat', 'concat', 'sub']: UNSAT (0.067 seconds)
408.88/408.90	['concat', 'concat', 'index', 'index']: UNSAT (0.080 seconds)
408.88/408.98	['concat', 'concat', 'index', 'length']: UNSAT (0.068 seconds)
408.88/409.05	['concat', 'concat', 'index', 'substr']: UNKNOWN (82.278 seconds)
491.27/491.33	Reason: smt tactic failed to show goal to be sat/unsat max-conflicts-reached
491.27/491.33	Reason: smt tactic failed to show goal to be sat/unsat max-conflicts-reached
491.27/491.33	['concat', 'concat', 'index', 'add']: UNSAT (0.067 seconds)
491.36/491.40	['concat', 'concat', 'index', 'sub']: UNSAT (0.065 seconds)
491.36/491.47	['concat', 'concat', 'length', 'length']: UNSAT (0.054 seconds)
491.46/491.52	['concat', 'concat', 'length', 'substr']: UNSAT (6.274 seconds)
497.67/497.79	['concat', 'concat', 'length', 'add']: UNSAT (0.051 seconds)
497.77/497.85	['concat', 'concat', 'length', 'sub']: UNSAT (0.054 seconds)
497.87/497.90	['concat', 'concat', 'substr', 'substr']: SAT (10.804 seconds)
508.66/508.71	concat(substr(concat(substr(arg0, 14, 1), arg0), 1, 14), 'xyz')
