0.12/0.20	=== Examples (../../dataset/examples/examples-03.json)
0.12/0.20	IO(inputs=('hey. I hope you are doing good',), output='hey, I hope you are doing good')
0.12/0.20	IO(inputs=('how.are.you',), output='how,are,you')
0.12/0.20	=== Library
0.12/0.20	concat
0.12/0.20	index
0.12/0.20	length
0.12/0.20	substr
0.12/0.20	add
0.12/0.20	sub
0.12/0.20	=== Synthesis
0.12/0.20	['concat']: UNSAT (0.029 seconds)
0.12/0.23	['index']: UNSAT (0.028 seconds)
0.12/0.26	['length']: UNSAT (0.020 seconds)
0.12/0.28	['substr']: UNSAT (0.031 seconds)
0.28/0.31	['add']: UNSAT (0.024 seconds)
0.28/0.34	['sub']: UNSAT (0.025 seconds)
0.28/0.36	['concat', 'concat']: UNSAT (0.048 seconds)
0.28/0.41	['concat', 'index']: UNSAT (0.047 seconds)
0.43/0.46	['concat', 'length']: UNSAT (0.036 seconds)
0.43/0.50	['concat', 'substr']: UNSAT (0.291 seconds)
0.73/0.79	['concat', 'add']: UNSAT (0.031 seconds)
0.79/0.82	['concat', 'sub']: UNSAT (0.031 seconds)
0.79/0.85	['index', 'index']: UNSAT (0.040 seconds)
0.79/0.89	['index', 'length']: UNSAT (0.030 seconds)
0.89/0.92	['index', 'substr']: UNSAT (0.049 seconds)
0.89/0.97	['index', 'add']: UNSAT (0.035 seconds)
0.99/1.01	['index', 'sub']: UNSAT (0.036 seconds)
0.99/1.05	['length', 'length']: UNSAT (0.023 seconds)
0.99/1.07	['length', 'substr']: UNSAT (0.036 seconds)
0.99/1.11	['length', 'add']: UNSAT (0.028 seconds)
0.99/1.13	['length', 'sub']: UNSAT (0.026 seconds)
1.13/1.16	['substr', 'substr']: UNSAT (0.044 seconds)
1.13/1.21	['substr', 'add']: UNSAT (0.038 seconds)
1.24/1.24	['substr', 'sub']: UNSAT (0.039 seconds)
1.24/1.28	['add', 'add']: UNSAT (0.033 seconds)
1.29/1.32	['add', 'sub']: UNSAT (0.033 seconds)
1.29/1.35	['sub', 'sub']: UNSAT (0.033 seconds)
1.29/1.39	['concat', 'concat', 'concat']: UNSAT (0.113 seconds)
1.49/1.50	['concat', 'concat', 'index']: UNSAT (0.057 seconds)
1.49/1.56	['concat', 'concat', 'length']: UNSAT (0.046 seconds)
1.59/1.60	['concat', 'concat', 'substr']: UNSAT (6.126 seconds)
7.69/7.73	['concat', 'concat', 'add']: UNSAT (0.046 seconds)
7.69/7.78	['concat', 'concat', 'sub']: UNSAT (0.045 seconds)
7.79/7.82	['concat', 'index', 'index']: UNSAT (0.060 seconds)
7.79/7.89	['concat', 'index', 'length']: UNSAT (0.047 seconds)
7.89/7.93	['concat', 'index', 'substr']: UNSAT (0.808 seconds)
8.69/8.74	['concat', 'index', 'add']: UNSAT (0.050 seconds)
8.69/8.79	['concat', 'index', 'sub']: UNSAT (0.051 seconds)
8.79/8.85	['concat', 'length', 'length']: UNSAT (0.037 seconds)
8.79/8.88	['concat', 'length', 'substr']: UNSAT (0.731 seconds)
9.59/9.62	['concat', 'length', 'add']: UNSAT (0.040 seconds)
9.59/9.66	['concat', 'length', 'sub']: UNSAT (0.039 seconds)
9.69/9.70	['concat', 'substr', 'substr']: UNSAT (1.185 seconds)
10.79/10.88	['concat', 'substr', 'add']: UNSAT (0.331 seconds)
11.12/11.22	['concat', 'substr', 'sub']: UNSAT (0.533 seconds)
11.69/11.75	['concat', 'add', 'add']: UNSAT (0.061 seconds)
11.79/11.81	['concat', 'add', 'sub']: UNSAT (0.060 seconds)
11.79/11.87	['concat', 'sub', 'sub']: UNSAT (0.061 seconds)
11.89/11.94	['index', 'index', 'index']: UNSAT (0.078 seconds)
11.99/12.02	['index', 'index', 'length']: UNSAT (0.057 seconds)
11.99/12.07	['index', 'index', 'substr']: UNSAT (0.112 seconds)
12.12/12.19	['index', 'index', 'add']: UNSAT (0.067 seconds)
12.23/12.26	['index', 'index', 'sub']: UNSAT (0.065 seconds)
12.29/12.32	['index', 'length', 'length']: UNSAT (0.047 seconds)
12.29/12.37	['index', 'length', 'substr']: UNSAT (0.061 seconds)
12.39/12.43	['index', 'length', 'add']: UNSAT (0.051 seconds)
12.39/12.48	['index', 'length', 'sub']: UNSAT (0.050 seconds)
12.49/12.53	['index', 'substr', 'substr']: UNSAT (0.096 seconds)
12.59/12.63	['index', 'substr', 'add']: UNSAT (0.071 seconds)
12.69/12.70	['index', 'substr', 'sub']: UNSAT (0.072 seconds)
12.69/12.78	['index', 'add', 'add']: UNSAT (0.062 seconds)
12.79/12.84	['index', 'add', 'sub']: UNSAT (0.060 seconds)
12.89/12.90	['index', 'sub', 'sub']: UNSAT (0.061 seconds)
12.89/12.96	['length', 'length', 'length']: UNSAT (0.035 seconds)
12.99/13.00	['length', 'length', 'substr']: UNSAT (0.052 seconds)
12.99/13.05	['length', 'length', 'add']: UNSAT (0.037 seconds)
12.99/13.09	['length', 'length', 'sub']: UNSAT (0.039 seconds)
12.99/13.13	['length', 'substr', 'substr']: UNSAT (0.075 seconds)
13.12/13.21	['length', 'substr', 'add']: UNSAT (0.058 seconds)
13.23/13.26	['length', 'substr', 'sub']: UNSAT (0.058 seconds)
13.29/13.32	['length', 'add', 'add']: UNSAT (0.049 seconds)
13.29/13.37	['length', 'add', 'sub']: UNSAT (0.046 seconds)
13.39/13.42	['length', 'sub', 'sub']: UNSAT (0.047 seconds)
13.39/13.47	['substr', 'substr', 'substr']: UNSAT (0.085 seconds)
13.49/13.55	['substr', 'substr', 'add']: UNSAT (0.082 seconds)
13.59/13.64	['substr', 'substr', 'sub']: UNSAT (0.083 seconds)
13.69/13.72	['substr', 'add', 'add']: UNSAT (0.067 seconds)
13.69/13.79	['substr', 'add', 'sub']: UNSAT (0.064 seconds)
13.79/13.85	['substr', 'sub', 'sub']: UNSAT (0.068 seconds)
13.89/13.92	['add', 'add', 'add']: UNSAT (0.057 seconds)
13.89/13.98	['add', 'add', 'sub']: UNSAT (0.058 seconds)
13.99/14.04	['add', 'sub', 'sub']: UNSAT (0.060 seconds)
13.99/14.10	['sub', 'sub', 'sub']: UNSAT (0.061 seconds)
14.12/14.16	['concat', 'concat', 'concat', 'concat']: UNSAT (1.794 seconds)
15.89/15.96	['concat', 'concat', 'concat', 'index']: UNSAT (0.087 seconds)
15.99/16.05	['concat', 'concat', 'concat', 'length']: UNSAT (0.081 seconds)
15.99/16.13	['concat', 'concat', 'concat', 'substr']: UNKNOWN (236.827 seconds)
252.88/252.96	Reason: smt tactic failed to show goal to be sat/unsat max-conflicts-reached
252.88/252.96	Reason: smt tactic failed to show goal to be sat/unsat max-conflicts-reached
252.88/252.96	['concat', 'concat', 'concat', 'add']: UNSAT (0.072 seconds)
252.98/253.03	['concat', 'concat', 'concat', 'sub']: UNSAT (0.072 seconds)
252.98/253.11	['concat', 'concat', 'index', 'index']: UNSAT (0.091 seconds)
253.11/253.20	['concat', 'concat', 'index', 'length']: UNSAT (0.076 seconds)
253.22/253.27	['concat', 'concat', 'index', 'substr']: UNSAT (38.503 seconds)
291.68/291.78	['concat', 'concat', 'index', 'add']: UNSAT (0.076 seconds)
291.78/291.86	['concat', 'concat', 'index', 'sub']: UNSAT (0.076 seconds)
291.88/291.93	['concat', 'concat', 'length', 'length']: UNSAT (0.057 seconds)
291.88/291.99	['concat', 'concat', 'length', 'substr']: UNSAT (16.093 seconds)
307.98/308.08	['concat', 'concat', 'length', 'add']: UNSAT (0.061 seconds)
308.11/308.15	['concat', 'concat', 'length', 'sub']: UNSAT (0.060 seconds)
308.11/308.21	['concat', 'concat', 'substr', 'substr']: UNSAT (62.027 seconds)
370.12/370.24	['concat', 'concat', 'substr', 'add']: UNSAT (4.720 seconds)
374.88/374.96	['concat', 'concat', 'substr', 'sub']: UNSAT (7.438 seconds)
382.28/382.40	['concat', 'concat', 'add', 'add']: UNSAT (0.067 seconds)
382.38/382.46	['concat', 'concat', 'add', 'sub']: UNSAT (0.064 seconds)
382.48/382.53	['concat', 'concat', 'sub', 'sub']: UNSAT (0.065 seconds)
382.48/382.59	['concat', 'index', 'index', 'index']: UNSAT (0.097 seconds)
382.58/382.69	['concat', 'index', 'index', 'length']: UNSAT (0.079 seconds)
382.68/382.77	['concat', 'index', 'index', 'substr']: UNSAT (5.146 seconds)
387.88/387.92	['concat', 'index', 'index', 'add']: UNSAT (0.082 seconds)
387.98/388.00	['concat', 'index', 'index', 'sub']: UNSAT (0.084 seconds)
387.98/388.09	['concat', 'index', 'length', 'length']: UNSAT (0.064 seconds)
388.12/388.15	['concat', 'index', 'length', 'substr']: UNSAT (4.697 seconds)
392.78/392.85	['concat', 'index', 'length', 'add']: UNSAT (0.067 seconds)
392.88/392.92	['concat', 'index', 'length', 'sub']: UNSAT (0.067 seconds)
392.88/392.99	['concat', 'index', 'substr', 'substr']: UNSAT (7.276 seconds)
400.24/400.26	['concat', 'index', 'substr', 'add']: UNSAT (3.300 seconds)
403.48/403.56	['concat', 'index', 'substr', 'sub']: UNSAT (3.744 seconds)
407.28/407.31	['concat', 'index', 'add', 'add']: UNSAT (0.076 seconds)
407.28/407.39	['concat', 'index', 'add', 'sub']: UNSAT (0.077 seconds)
407.38/407.46	['concat', 'index', 'sub', 'sub']: UNSAT (0.074 seconds)
407.48/407.54	['concat', 'length', 'length', 'length']: UNSAT (0.049 seconds)
407.48/407.59	['concat', 'length', 'length', 'substr']: UNSAT (0.734 seconds)
408.28/408.32	['concat', 'length', 'length', 'add']: UNSAT (0.053 seconds)
408.28/408.38	['concat', 'length', 'length', 'sub']: UNSAT (0.049 seconds)
408.38/408.43	['concat', 'length', 'substr', 'substr']: UNSAT (6.263 seconds)
414.58/414.69	['concat', 'length', 'substr', 'add']: UNSAT (1.038 seconds)
415.68/415.73	['concat', 'length', 'substr', 'sub']: UNSAT (0.604 seconds)
416.28/416.34	['concat', 'length', 'add', 'add']: UNSAT (0.059 seconds)
416.28/416.40	['concat', 'length', 'add', 'sub']: UNSAT (0.059 seconds)
416.38/416.46	['concat', 'length', 'sub', 'sub']: UNSAT (0.062 seconds)
416.48/416.52	['concat', 'substr', 'substr', 'substr']: UNSAT (9.038 seconds)
425.48/425.56	['concat', 'substr', 'substr', 'add']: UNSAT (4.411 seconds)
429.88/429.97	['concat', 'substr', 'substr', 'sub']: UNSAT (4.289 seconds)
434.21/434.26	['concat', 'substr', 'add', 'add']: UNSAT (0.565 seconds)
434.77/434.83	['concat', 'substr', 'add', 'sub']: UNSAT (0.608 seconds)
435.37/435.43	['concat', 'substr', 'sub', 'sub']: UNSAT (0.549 seconds)
435.87/435.98	['concat', 'add', 'add', 'add']: UNSAT (0.072 seconds)
435.97/436.06	['concat', 'add', 'add', 'sub']: UNSAT (0.072 seconds)
436.10/436.13	['concat', 'add', 'sub', 'sub']: UNSAT (0.073 seconds)
436.10/436.20	['concat', 'sub', 'sub', 'sub']: UNSAT (0.089 seconds)
436.21/436.29	['index', 'index', 'index', 'index']: UNSAT (0.101 seconds)
436.27/436.40	['index', 'index', 'index', 'length']: UNSAT (0.081 seconds)
436.37/436.48	['index', 'index', 'index', 'substr']: UNSAT (0.122 seconds)
436.57/436.60	['index', 'index', 'index', 'add']: UNSAT (0.091 seconds)
436.57/436.69	['index', 'index', 'index', 'sub']: UNSAT (0.092 seconds)
436.67/436.79	['index', 'index', 'length', 'length']: UNSAT (0.067 seconds)
436.77/436.85	['index', 'index', 'length', 'substr']: UNSAT (0.097 seconds)
436.87/436.95	['index', 'index', 'length', 'add']: UNSAT (0.080 seconds)
436.97/437.03	['index', 'index', 'length', 'sub']: UNSAT (0.081 seconds)
436.97/437.12	['index', 'index', 'substr', 'substr']: UNSAT (0.207 seconds)
437.27/437.32	['index', 'index', 'substr', 'add']: UNSAT (0.111 seconds)
437.37/437.44	['index', 'index', 'substr', 'sub']: UNSAT (0.105 seconds)
437.47/437.54	['index', 'index', 'add', 'add']: UNSAT (0.089 seconds)
437.57/437.63	['index', 'index', 'add', 'sub']: UNSAT (0.086 seconds)
437.67/437.72	['index', 'index', 'sub', 'sub']: UNSAT (0.088 seconds)
437.77/437.81	['index', 'length', 'length', 'length']: UNSAT (0.052 seconds)
437.77/437.86	['index', 'length', 'length', 'substr']: UNSAT (0.077 seconds)
437.87/437.94	['index', 'length', 'length', 'add']: UNSAT (0.059 seconds)
437.97/438.00	['index', 'length', 'length', 'sub']: UNSAT (0.061 seconds)
437.97/438.06	['index', 'length', 'substr', 'substr']: UNSAT (0.128 seconds)
438.10/438.19	['index', 'length', 'substr', 'add']: UNSAT (0.090 seconds)
438.21/438.28	['index', 'length', 'substr', 'sub']: UNSAT (0.091 seconds)
438.27/438.37	['index', 'length', 'add', 'add']: UNSAT (0.068 seconds)
438.37/438.44	['index', 'length', 'add', 'sub']: UNSAT (0.067 seconds)
438.47/438.51	['index', 'length', 'sub', 'sub']: UNSAT (0.070 seconds)
438.47/438.58	['index', 'substr', 'substr', 'substr']: UNSAT (0.200 seconds)
438.67/438.78	['index', 'substr', 'substr', 'add']: UNSAT (0.135 seconds)
438.87/438.92	['index', 'substr', 'substr', 'sub']: UNSAT (0.147 seconds)
438.97/439.07	['index', 'substr', 'add', 'add']: UNSAT (0.108 seconds)
439.10/439.18	['index', 'substr', 'add', 'sub']: UNSAT (0.098 seconds)
439.20/439.28	['index', 'substr', 'sub', 'sub']: UNSAT (0.110 seconds)
439.27/439.39	['index', 'add', 'add', 'add']: UNSAT (0.086 seconds)
439.37/439.47	['index', 'add', 'add', 'sub']: UNSAT (0.084 seconds)
439.47/439.56	['index', 'add', 'sub', 'sub']: UNSAT (0.082 seconds)
439.57/439.64	['index', 'sub', 'sub', 'sub']: UNSAT (0.087 seconds)
439.67/439.73	['length', 'length', 'length', 'length']: UNSAT (0.041 seconds)
439.67/439.77	['length', 'length', 'length', 'substr']: UNSAT (0.051 seconds)
439.77/439.82	['length', 'length', 'length', 'add']: UNSAT (0.045 seconds)
439.77/439.87	['length', 'length', 'length', 'sub']: UNSAT (0.047 seconds)
439.87/439.92	['length', 'length', 'substr', 'substr']: UNSAT (0.094 seconds)
439.97/440.01	['length', 'length', 'substr', 'add']: UNSAT (0.069 seconds)
439.97/440.08	['length', 'length', 'substr', 'sub']: UNSAT (0.073 seconds)
440.10/440.16	['length', 'length', 'add', 'add']: UNSAT (0.054 seconds)
440.10/440.21	['length', 'length', 'add', 'sub']: UNSAT (0.054 seconds)
440.20/440.27	['length', 'length', 'sub', 'sub']: UNSAT (0.054 seconds)
440.27/440.32	['length', 'substr', 'substr', 'substr']: UNSAT (0.166 seconds)
440.37/440.49	['length', 'substr', 'substr', 'add']: UNSAT (0.116 seconds)
440.57/440.61	['length', 'substr', 'substr', 'sub']: UNSAT (0.109 seconds)
440.67/440.72	['length', 'substr', 'add', 'add']: UNSAT (0.081 seconds)
440.77/440.80	['length', 'substr', 'add', 'sub']: UNSAT (0.087 seconds)
440.77/440.88	['length', 'substr', 'sub', 'sub']: UNSAT (0.087 seconds)
440.87/440.97	['length', 'add', 'add', 'add']: UNSAT (0.067 seconds)
440.97/441.04	['length', 'add', 'add', 'sub']: UNSAT (0.071 seconds)
440.97/441.11	['length', 'add', 'sub', 'sub']: UNSAT (0.071 seconds)
441.10/441.19	['length', 'sub', 'sub', 'sub']: UNSAT (0.067 seconds)
441.20/441.25	['substr', 'substr', 'substr', 'substr']: UNSAT (0.144 seconds)
441.37/441.40	['substr', 'substr', 'substr', 'add']: UNSAT (0.113 seconds)
441.47/441.51	['substr', 'substr', 'substr', 'sub']: UNSAT (0.110 seconds)
441.57/441.62	['substr', 'substr', 'add', 'add']: UNSAT (0.097 seconds)
441.67/441.72	['substr', 'substr', 'add', 'sub']: UNSAT (0.100 seconds)
441.77/441.82	['substr', 'substr', 'sub', 'sub']: UNSAT (0.097 seconds)
441.87/441.92	['substr', 'add', 'add', 'add']: UNSAT (0.093 seconds)
441.97/442.02	['substr', 'add', 'add', 'sub']: UNSAT (0.112 seconds)
442.10/442.13	['substr', 'add', 'sub', 'sub']: UNSAT (0.094 seconds)
442.10/442.22	['substr', 'sub', 'sub', 'sub']: UNSAT (0.085 seconds)
442.27/442.31	['add', 'add', 'add', 'add']: UNSAT (0.080 seconds)
442.27/442.39	['add', 'add', 'add', 'sub']: UNSAT (0.076 seconds)
442.37/442.47	['add', 'add', 'sub', 'sub']: UNSAT (0.078 seconds)
442.47/442.55	['add', 'sub', 'sub', 'sub']: UNSAT (0.077 seconds)
442.57/442.63	['sub', 'sub', 'sub', 'sub']: UNSAT (0.077 seconds)
442.67/442.70	['concat', 'concat', 'concat', 'concat', 'concat']: 