0.12/0.19	=== Examples (../../dataset/examples/examples-43.json)
0.12/0.19	IO(inputs=('https://ThatCoolWebsite.com',), output='thatcoolwebsite.com')
0.12/0.19	IO(inputs=('https://secure.com',), output='secure.com')
0.12/0.19	=== Library
0.12/0.19	concat
0.12/0.19	index
0.12/0.19	length
0.12/0.19	substr
0.12/0.19	add
0.12/0.19	sub
0.12/0.19	=== Synthesis
0.12/0.19	['concat']: UNSAT (0.028 seconds)
0.12/0.22	['index']: UNSAT (0.027 seconds)
0.12/0.25	['length']: UNSAT (0.020 seconds)
0.12/0.27	['substr']: UNSAT (0.036 seconds)
0.25/0.31	['add']: UNSAT (0.024 seconds)
0.25/0.33	['sub']: UNSAT (0.024 seconds)
0.25/0.36	['concat', 'concat']: UNSAT (0.047 seconds)
0.34/0.40	['concat', 'index']: UNSAT (0.046 seconds)
0.34/0.45	['concat', 'length']: UNSAT (0.035 seconds)
0.44/0.49	['concat', 'substr']: UNSAT (0.384 seconds)
0.78/0.87	['concat', 'add']: UNSAT (0.030 seconds)
0.88/0.90	['concat', 'sub']: UNSAT (0.029 seconds)
0.88/0.93	['index', 'index']: UNSAT (0.038 seconds)
0.88/0.97	['index', 'length']: UNSAT (0.028 seconds)
0.88/1.00	['index', 'substr']: UNSAT (0.155 seconds)
1.12/1.16	['index', 'add']: UNSAT (0.035 seconds)
1.12/1.19	['index', 'sub']: UNSAT (0.035 seconds)
1.18/1.23	['length', 'length']: UNSAT (0.021 seconds)
1.18/1.25	['length', 'substr']: UNSAT (0.040 seconds)
1.18/1.29	['length', 'add']: UNSAT (0.025 seconds)
1.28/1.31	['length', 'sub']: UNSAT (0.024 seconds)
1.28/1.34	['substr', 'substr']: UNSAT (0.068 seconds)
1.38/1.41	['substr', 'add']: UNSAT (0.043 seconds)
1.38/1.45	['substr', 'sub']: UNSAT (0.042 seconds)
1.38/1.49	['add', 'add']: UNSAT (0.030 seconds)
1.48/1.53	['add', 'sub']: UNSAT (0.030 seconds)
1.48/1.56	['sub', 'sub']: UNSAT (0.031 seconds)
1.48/1.59	['concat', 'concat', 'concat']: UNSAT (0.111 seconds)
1.68/1.70	['concat', 'concat', 'index']: UNSAT (0.055 seconds)
1.68/1.76	['concat', 'concat', 'length']: UNSAT (0.042 seconds)
1.78/1.80	['concat', 'concat', 'substr']: UNSAT (8.924 seconds)
10.69/10.73	['concat', 'concat', 'add']: UNSAT (0.045 seconds)
10.69/10.77	['concat', 'concat', 'sub']: UNSAT (0.044 seconds)
10.78/10.82	['concat', 'index', 'index']: UNSAT (0.059 seconds)
10.78/10.88	['concat', 'index', 'length']: UNSAT (0.045 seconds)
10.88/10.92	['concat', 'index', 'substr']: UNSAT (3.703 seconds)
14.58/14.63	['concat', 'index', 'add']: UNSAT (0.049 seconds)
14.58/14.68	['concat', 'index', 'sub']: UNSAT (0.050 seconds)
14.68/14.73	['concat', 'length', 'length']: UNSAT (0.035 seconds)
14.68/14.76	['concat', 'length', 'substr']: UNSAT (0.576 seconds)
15.28/15.34	['concat', 'length', 'add']: UNSAT (0.039 seconds)
15.28/15.38	['concat', 'length', 'sub']: UNSAT (0.037 seconds)
15.38/15.42	['concat', 'substr', 'substr']: UNSAT (3.870 seconds)
19.18/19.29	['concat', 'substr', 'add']: UNSAT (0.525 seconds)
19.78/19.81	['concat', 'substr', 'sub']: UNSAT (0.350 seconds)
20.13/20.16	['concat', 'add', 'add']: UNSAT (0.043 seconds)
20.18/20.21	['concat', 'add', 'sub']: UNSAT (0.043 seconds)
20.18/20.25	['concat', 'sub', 'sub']: UNSAT (0.043 seconds)
20.28/20.30	['index', 'index', 'index']: UNSAT (0.063 seconds)
20.28/20.36	['index', 'index', 'length']: UNSAT (0.050 seconds)
20.38/20.41	['index', 'index', 'substr']: UNSAT (0.306 seconds)
20.68/20.72	['index', 'index', 'add']: UNSAT (0.054 seconds)
20.68/20.77	['index', 'index', 'sub']: UNSAT (0.056 seconds)
20.78/20.83	['index', 'length', 'length']: UNSAT (0.040 seconds)
20.78/20.87	['index', 'length', 'substr']: UNSAT (0.233 seconds)
21.01/21.10	['index', 'length', 'add']: UNSAT (0.042 seconds)
21.12/21.15	['index', 'length', 'sub']: UNSAT (0.043 seconds)
21.12/21.19	['index', 'substr', 'substr']: UNSAT (1.342 seconds)
22.48/22.53	['index', 'substr', 'add']: UNSAT (0.180 seconds)
22.68/22.72	['index', 'substr', 'sub']: UNSAT (0.305 seconds)
22.88/23.02	['index', 'add', 'add']: UNSAT (0.051 seconds)
23.01/23.07	['index', 'add', 'sub']: UNSAT (0.053 seconds)
23.01/23.13	['index', 'sub', 'sub']: UNSAT (0.052 seconds)
23.12/23.18	['length', 'length', 'length']: UNSAT (0.029 seconds)
23.18/23.21	['length', 'length', 'substr']: UNSAT (0.049 seconds)
23.18/23.26	['length', 'length', 'add']: UNSAT (0.033 seconds)
23.18/23.29	['length', 'length', 'sub']: UNSAT (0.033 seconds)
23.28/23.33	['length', 'substr', 'substr']: UNSAT (0.353 seconds)
23.58/23.68	['length', 'substr', 'add']: UNSAT (0.100 seconds)
23.68/23.78	['length', 'substr', 'sub']: UNSAT (0.106 seconds)
23.78/23.89	['length', 'add', 'add']: UNSAT (0.040 seconds)
23.88/23.93	['length', 'add', 'sub']: UNSAT (0.040 seconds)
23.88/23.97	['length', 'sub', 'sub']: UNSAT (0.041 seconds)
23.88/24.01	['substr', 'substr', 'substr']: UNSAT (0.226 seconds)
24.18/24.24	['substr', 'substr', 'add']: UNSAT (0.217 seconds)
24.38/24.46	['substr', 'substr', 'sub']: UNSAT (0.196 seconds)
24.58/24.65	['substr', 'add', 'add']: UNSAT (0.084 seconds)
24.68/24.74	['substr', 'add', 'sub']: UNSAT (0.087 seconds)
24.78/24.83	['substr', 'sub', 'sub']: UNSAT (0.085 seconds)
24.88/24.91	['add', 'add', 'add']: UNSAT (0.048 seconds)
24.88/24.96	['add', 'add', 'sub']: UNSAT (0.048 seconds)
24.88/25.01	['add', 'sub', 'sub']: UNSAT (0.049 seconds)
25.01/25.06	['sub', 'sub', 'sub']: UNSAT (0.048 seconds)
25.01/25.11	['concat', 'concat', 'concat', 'concat']: UNSAT (0.210 seconds)
25.28/25.32	['concat', 'concat', 'concat', 'index']: UNSAT (0.077 seconds)
25.38/25.40	['concat', 'concat', 'concat', 'length']: UNSAT (0.064 seconds)
25.38/25.46	['concat', 'concat', 'concat', 'substr']: UNKNOWN (181.248 seconds)
206.68/206.71	Reason: smt tactic failed to show goal to be sat/unsat max-conflicts-reached
206.68/206.71	Reason: smt tactic failed to show goal to be sat/unsat max-conflicts-reached
206.68/206.71	['concat', 'concat', 'concat', 'add']: UNSAT (0.061 seconds)
206.68/206.77	['concat', 'concat', 'concat', 'sub']: UNSAT (0.062 seconds)
206.78/206.84	['concat', 'concat', 'index', 'index']: UNSAT (0.076 seconds)
206.88/206.91	['concat', 'concat', 'index', 'length']: UNSAT (0.067 seconds)
206.88/206.98	['concat', 'concat', 'index', 'substr']: UNKNOWN (68.757 seconds)
275.68/275.74	Reason: smt tactic failed to show goal to be sat/unsat max-conflicts-reached
275.68/275.74	Reason: smt tactic failed to show goal to be sat/unsat max-conflicts-reached
275.68/275.74	['concat', 'concat', 'index', 'add']: UNSAT (0.070 seconds)
275.78/275.81	['concat', 'concat', 'index', 'sub']: UNSAT (0.067 seconds)
275.78/275.88	['concat', 'concat', 'length', 'length']: UNSAT (0.053 seconds)
275.88/275.93	['concat', 'concat', 'length', 'substr']: UNSAT (9.007 seconds)
284.89/284.94	['concat', 'concat', 'length', 'add']: UNSAT (0.061 seconds)
284.89/285.00	['concat', 'concat', 'length', 'sub']: UNSAT (0.059 seconds)
285.00/285.06	['concat', 'concat', 'substr', 'substr']: UNKNOWN (75.654 seconds)
360.68/360.72	Reason: smt tactic failed to show goal to be sat/unsat max-conflicts-reached
360.68/360.72	Reason: smt tactic failed to show goal to be sat/unsat max-conflicts-reached
360.68/360.72	['concat', 'concat', 'substr', 'add']: UNSAT (7.889 seconds)
368.58/368.61	['concat', 'concat', 'substr', 'sub']: UNSAT (8.181 seconds)
376.68/376.79	['concat', 'concat', 'add', 'add']: UNSAT (0.058 seconds)
376.78/376.85	['concat', 'concat', 'add', 'sub']: UNSAT (0.057 seconds)
376.88/376.90	['concat', 'concat', 'sub', 'sub']: UNSAT (0.057 seconds)
376.88/376.96	['concat', 'index', 'index', 'index']: UNSAT (0.082 seconds)
377.00/377.05	['concat', 'index', 'index', 'length']: UNSAT (0.066 seconds)
377.00/377.11	['concat', 'index', 'index', 'substr']: UNSAT (4.308 seconds)
381.39/381.42	['concat', 'index', 'index', 'add']: UNSAT (0.080 seconds)
381.48/381.50	['concat', 'index', 'index', 'sub']: UNSAT (0.079 seconds)
381.48/381.58	['concat', 'index', 'length', 'length']: UNSAT (0.059 seconds)
381.58/381.64	['concat', 'index', 'length', 'substr']: UNSAT (4.817 seconds)
386.39/386.46	['concat', 'index', 'length', 'add']: UNSAT (0.061 seconds)
386.48/386.52	['concat', 'index', 'length', 'sub']: UNSAT (0.064 seconds)
386.48/386.59	['concat', 'index', 'substr', 'substr']: UNKNOWN (64.647 seconds)
451.17/451.24	Reason: smt tactic failed to show goal to be sat/unsat max-conflicts-reached
451.17/451.24	Reason: smt tactic failed to show goal to be sat/unsat max-conflicts-reached
451.17/451.24	['concat', 'index', 'substr', 'add']: UNSAT (2.695 seconds)
453.87/453.93	['concat', 'index', 'substr', 'sub']: UNSAT (3.537 seconds)
457.38/457.47	['concat', 'index', 'add', 'add']: UNSAT (0.070 seconds)
457.47/457.54	['concat', 'index', 'add', 'sub']: UNSAT (0.068 seconds)
457.57/457.61	['concat', 'index', 'sub', 'sub']: UNSAT (0.070 seconds)
457.57/457.68	['concat', 'length', 'length', 'length']: UNSAT (0.046 seconds)
457.67/457.73	['concat', 'length', 'length', 'substr']: UNSAT (0.166 seconds)
457.77/457.90	['concat', 'length', 'length', 'add']: UNSAT (0.045 seconds)
457.87/457.94	['concat', 'length', 'length', 'sub']: UNSAT (0.045 seconds)
457.87/457.99	['concat', 'length', 'substr', 'substr']: UNSAT (17.938 seconds)
475.87/475.93	['concat', 'length', 'substr', 'add']: UNSAT (1.345 seconds)
477.17/477.27	['concat', 'length', 'substr', 'sub']: UNSAT (1.619 seconds)
478.77/478.89	['concat', 'length', 'add', 'add']: UNSAT (0.056 seconds)
478.87/478.95	['concat', 'length', 'add', 'sub']: UNSAT (0.057 seconds)
478.87/479.01	['concat', 'length', 'sub', 'sub']: UNSAT (0.055 seconds)
479.00/479.07	['concat', 'substr', 'substr', 'substr']: UNSAT (22.585 seconds)
501.57/501.65	['concat', 'substr', 'substr', 'add']: UNSAT (11.923 seconds)
513.47/513.58	['concat', 'substr', 'substr', 'sub']: UNSAT (9.922 seconds)
523.47/523.50	['concat', 'substr', 'add', 'add']: UNSAT (0.716 seconds)
524.17/524.22	['concat', 'substr', 'add', 'sub']: UNSAT (0.511 seconds)
524.67/524.73	['concat', 'substr', 'sub', 'sub']: UNSAT (0.559 seconds)
525.17/525.29	['concat', 'add', 'add', 'add']: UNSAT (0.065 seconds)
525.27/525.35	['concat', 'add', 'add', 'sub']: UNSAT (0.065 seconds)
525.38/525.42	['concat', 'add', 'sub', 'sub']: UNSAT (0.066 seconds)
525.38/525.49	['concat', 'sub', 'sub', 'sub']: UNSAT (0.082 seconds)
525.47/525.57	['index', 'index', 'index', 'index']: UNSAT (0.095 seconds)
525.57/525.67	['index', 'index', 'index', 'length']: UNSAT (0.078 seconds)
525.67/525.74	['index', 'index', 'index', 'substr']: UNSAT (0.717 seconds)
526.38/526.46	['index', 'index', 'index', 'add']: UNSAT (0.085 seconds)
526.47/526.55	['index', 'index', 'index', 'sub']: UNSAT (0.086 seconds)
526.57/526.64	['index', 'index', 'length', 'length']: UNSAT (0.063 seconds)
526.67/526.70	['index', 'index', 'length', 'substr']: UNSAT (0.543 seconds)
527.17/527.24	['index', 'index', 'length', 'add']: UNSAT (0.068 seconds)
527.27/527.31	['index', 'index', 'length', 'sub']: UNSAT (0.068 seconds)
527.27/527.38	['index', 'index', 'substr', 'substr']: UNSAT (2.704 seconds)
530.00/530.09	['index', 'index', 'substr', 'add']: UNSAT (0.865 seconds)
530.87/530.95	['index', 'index', 'substr', 'sub']: UNSAT (0.381 seconds)
531.27/531.34	['index', 'index', 'add', 'add']: UNSAT (0.082 seconds)
531.38/531.42	['index', 'index', 'add', 'sub']: UNSAT (0.080 seconds)
531.47/531.50	['index', 'index', 'sub', 'sub']: UNSAT (0.083 seconds)
531.47/531.58	['index', 'length', 'length', 'length']: UNSAT (0.051 seconds)
531.57/531.64	['index', 'length', 'length', 'substr']: UNSAT (0.232 seconds)
531.77/531.87	['index', 'length', 'length', 'add']: UNSAT (0.057 seconds)
531.87/531.93	['index', 'length', 'length', 'sub']: UNSAT (0.055 seconds)
531.87/531.98	['index', 'length', 'substr', 'substr']: UNSAT (2.312 seconds)
534.27/534.30	['index', 'length', 'substr', 'add']: UNSAT (0.598 seconds)
534.87/534.90	['index', 'length', 'substr', 'sub']: UNSAT (0.680 seconds)
535.47/535.58	['index', 'length', 'add', 'add']: UNSAT (0.064 seconds)
535.57/535.64	['index', 'length', 'add', 'sub']: UNSAT (0.065 seconds)
535.67/535.71	['index', 'length', 'sub', 'sub']: UNSAT (0.063 seconds)
535.67/535.77	['index', 'substr', 'substr', 'substr']: UNSAT (22.707 seconds)
558.38/558.48	['index', 'substr', 'substr', 'add']: UNSAT (1.782 seconds)
560.17/560.26	['index', 'substr', 'substr', 'sub']: UNSAT (1.890 seconds)
562.11/562.15	['index', 'substr', 'add', 'add']: UNSAT (0.407 seconds)
562.47/562.56	['index', 'substr', 'add', 'sub']: UNSAT (0.451 seconds)
562.87/563.02	['index', 'substr', 'sub', 'sub']: UNSAT (0.717 seconds)
563.67/563.73	['index', 'add', 'add', 'add']: UNSAT (0.080 seconds)
563.77/563.81	['index', 'add', 'add', 'sub']: UNSAT (0.078 seconds)
563.77/563.89	['index', 'add', 'sub', 'sub']: UNSAT (0.077 seconds)
563.87/563.97	['index', 'sub', 'sub', 'sub']: UNSAT (0.080 seconds)
564.00/564.05	['length', 'length', 'length', 'length']: UNSAT (0.038 seconds)
564.00/564.09	['length', 'length', 'length', 'substr']: UNSAT (0.050 seconds)
564.11/564.14	['length', 'length', 'length', 'add']: UNSAT (0.042 seconds)
564.11/564.19	['length', 'length', 'length', 'sub']: UNSAT (0.041 seconds)
564.17/564.23	['length', 'length', 'substr', 'substr']: UNSAT (0.880 seconds)
565.00/565.11	['length', 'length', 'substr', 'add']: UNSAT (0.174 seconds)
565.17/565.28	['length', 'length', 'substr', 'sub']: UNSAT (0.159 seconds)
565.38/565.44	['length', 'length', 'add', 'add']: UNSAT (0.049 seconds)
565.38/565.49	['length', 'length', 'add', 'sub']: UNSAT (0.049 seconds)
565.47/565.54	['length', 'length', 'sub', 'sub']: UNSAT (0.050 seconds)
565.47/565.59	['length', 'substr', 'substr', 'substr']: UNSAT (3.337 seconds)
568.87/568.93	['length', 'substr', 'substr', 'add']: UNSAT (1.512 seconds)
570.38/570.44	['length', 'substr', 'substr', 'sub']: UNSAT (1.411 seconds)
571.77/571.86	['length', 'substr', 'add', 'add']: UNSAT (0.258 seconds)
571.99/572.12	['length', 'substr', 'add', 'sub']: UNSAT (0.309 seconds)
572.38/572.43	['length', 'substr', 'sub', 'sub']: UNSAT (0.289 seconds)
572.67/572.71	['length', 'add', 'add', 'add']: UNSAT (0.062 seconds)
572.67/572.78	['length', 'add', 'add', 'sub']: UNSAT (0.062 seconds)
572.77/572.84	['length', 'add', 'sub', 'sub']: UNSAT (0.062 seconds)
572.87/572.90	['length', 'sub', 'sub', 'sub']: UNSAT (0.062 seconds)
572.87/572.97	['substr', 'substr', 'substr', 'substr']: UNSAT (1.092 seconds)
573.99/574.06	['substr', 'substr', 'substr', 'add']: UNSAT (1.650 seconds)
575.67/575.71	['substr', 'substr', 'substr', 'sub']: UNSAT (1.309 seconds)
576.87/577.02	['substr', 'substr', 'add', 'add']: UNSAT (1.286 seconds)
578.27/578.31	['substr', 'substr', 'add', 'sub']: UNSAT (1.181 seconds)
579.37/579.49	['substr', 'substr', 'sub', 'sub']: UNSAT (0.800 seconds)
580.17/580.29	['substr', 'add', 'add', 'add']: UNSAT (0.205 seconds)
580.37/580.50	['substr', 'add', 'add', 'sub']: UNSAT (0.207 seconds)
580.67/580.71	['substr', 'add', 'sub', 'sub']: UNSAT (0.217 seconds)
580.87/580.92	['substr', 'sub', 'sub', 'sub']: UNSAT (0.209 seconds)
580.99/581.13	['add', 'add', 'add', 'add']: UNSAT (0.071 seconds)
581.17/581.21	['add', 'add', 'add', 'sub']: UNSAT (0.071 seconds)
581.17/581.28	['add', 'add', 'sub', 'sub']: UNSAT (0.072 seconds)
581.27/581.35	['add', 'sub', 'sub', 'sub']: UNSAT (0.070 seconds)
581.37/581.42	['sub', 'sub', 'sub', 'sub']: UNSAT (0.071 seconds)
581.37/581.49	['concat', 'concat', 'concat', 'concat', 'concat']: UNSAT (0.442 seconds)
581.87/581.94	['concat', 'concat', 'concat', 'concat', 'index']: UNSAT (0.107 seconds)
581.99/582.04	['concat', 'concat', 'concat', 'concat', 'length']: UNSAT (0.090 seconds)
581.99/582.14	['concat', 'concat', 'concat', 'concat', 'substr']: 