0.11/0.20	=== Examples (../../dataset/examples/examples-02.json)
0.11/0.20	IO(inputs=('0,1',), output='0, 1')
0.11/0.20	IO(inputs=('a,b,c,d',), output='a, b, c, d')
0.11/0.20	=== Library
0.11/0.20	concat
0.11/0.20	index
0.11/0.20	length
0.11/0.20	substr
0.11/0.20	add
0.11/0.20	sub
0.11/0.20	=== Synthesis
0.11/0.20	['concat']: UNSAT (0.029 seconds)
0.11/0.23	['index']: UNSAT (0.029 seconds)
0.11/0.26	['length']: UNSAT (0.021 seconds)
0.11/0.28	['substr']: UNSAT (0.031 seconds)
0.26/0.32	['add']: UNSAT (0.025 seconds)
0.26/0.34	['sub']: UNSAT (0.025 seconds)
0.26/0.37	['concat', 'concat']: UNSAT (0.083 seconds)
0.38/0.45	['concat', 'index']: UNSAT (0.047 seconds)
0.46/0.50	['concat', 'length']: UNSAT (0.036 seconds)
0.46/0.54	['concat', 'substr']: UNSAT (0.081 seconds)
0.58/0.62	['concat', 'add']: UNSAT (0.033 seconds)
0.63/0.65	['concat', 'sub']: UNSAT (0.033 seconds)
0.63/0.69	['index', 'index']: UNSAT (0.044 seconds)
0.69/0.73	['index', 'length']: UNSAT (0.032 seconds)
0.69/0.77	['index', 'substr']: UNSAT (0.047 seconds)
0.79/0.81	['index', 'add']: UNSAT (0.037 seconds)
0.79/0.85	['index', 'sub']: UNSAT (0.038 seconds)
0.79/0.89	['length', 'length']: UNSAT (0.024 seconds)
0.89/0.91	['length', 'substr']: UNSAT (0.034 seconds)
0.89/0.95	['length', 'add']: UNSAT (0.027 seconds)
0.89/0.98	['length', 'sub']: UNSAT (0.027 seconds)
0.89/1.00	['substr', 'substr']: UNSAT (0.045 seconds)
1.02/1.05	['substr', 'add']: UNSAT (0.040 seconds)
1.02/1.09	['substr', 'sub']: UNSAT (0.040 seconds)
1.02/1.13	['add', 'add']: UNSAT (0.035 seconds)
1.13/1.17	['add', 'sub']: UNSAT (0.035 seconds)
1.20/1.20	['sub', 'sub']: UNSAT (0.036 seconds)
1.20/1.24	['concat', 'concat', 'concat']: UNSAT (0.482 seconds)
1.69/1.72	['concat', 'concat', 'index']: UNSAT (0.059 seconds)
1.69/1.78	['concat', 'concat', 'length']: UNSAT (0.047 seconds)
1.79/1.83	['concat', 'concat', 'substr']: UNSAT (1.322 seconds)
3.12/3.15	['concat', 'concat', 'add']: UNSAT (0.058 seconds)
3.19/3.21	['concat', 'concat', 'sub']: UNSAT (0.058 seconds)
3.19/3.27	['concat', 'index', 'index']: UNSAT (0.063 seconds)
3.29/3.34	['concat', 'index', 'length']: UNSAT (0.050 seconds)
3.29/3.39	['concat', 'index', 'substr']: UNSAT (0.426 seconds)
3.79/3.82	['concat', 'index', 'add']: UNSAT (0.053 seconds)
3.79/3.87	['concat', 'index', 'sub']: UNSAT (0.071 seconds)
3.89/3.94	['concat', 'length', 'length']: UNSAT (0.057 seconds)
3.89/4.00	['concat', 'length', 'substr']: UNSAT (0.106 seconds)
4.01/4.11	['concat', 'length', 'add']: UNSAT (0.041 seconds)
4.13/4.15	['concat', 'length', 'sub']: UNSAT (0.040 seconds)
4.13/4.19	['concat', 'substr', 'substr']: UNSAT (0.376 seconds)
4.48/4.57	['concat', 'substr', 'add']: UNSAT (0.103 seconds)
4.59/4.67	['concat', 'substr', 'sub']: UNSAT (0.097 seconds)
4.69/4.77	['concat', 'add', 'add']: UNSAT (0.050 seconds)
4.79/4.82	['concat', 'add', 'sub']: UNSAT (0.046 seconds)
4.79/4.87	['concat', 'sub', 'sub']: UNSAT (0.046 seconds)
4.89/4.91	['index', 'index', 'index']: UNSAT (0.065 seconds)
4.89/4.98	['index', 'index', 'length']: UNSAT (0.060 seconds)
5.01/5.04	['index', 'index', 'substr']: UNSAT (0.078 seconds)
5.01/5.12	['index', 'index', 'add']: UNSAT (0.061 seconds)
5.13/5.18	['index', 'index', 'sub']: UNSAT (0.061 seconds)
5.20/5.24	['index', 'length', 'length']: UNSAT (0.040 seconds)
5.20/5.29	['index', 'length', 'substr']: UNSAT (0.058 seconds)
5.29/5.35	['index', 'length', 'add']: UNSAT (0.050 seconds)
5.39/5.40	['index', 'length', 'sub']: UNSAT (0.045 seconds)
5.39/5.44	['index', 'substr', 'substr']: UNSAT (0.087 seconds)
5.49/5.53	['index', 'substr', 'add']: UNSAT (0.071 seconds)
5.59/5.60	['index', 'substr', 'sub']: UNSAT (0.070 seconds)
5.59/5.67	['index', 'add', 'add']: UNSAT (0.055 seconds)
5.69/5.73	['index', 'add', 'sub']: UNSAT (0.057 seconds)
5.69/5.79	['index', 'sub', 'sub']: UNSAT (0.057 seconds)
5.79/5.84	['length', 'length', 'length']: UNSAT (0.032 seconds)
5.79/5.88	['length', 'length', 'substr']: UNSAT (0.045 seconds)
5.89/5.92	['length', 'length', 'add']: UNSAT (0.034 seconds)
5.89/5.96	['length', 'length', 'sub']: UNSAT (0.034 seconds)
5.89/5.99	['length', 'substr', 'substr']: UNSAT (0.068 seconds)
6.02/6.06	['length', 'substr', 'add']: UNSAT (0.054 seconds)
6.02/6.12	['length', 'substr', 'sub']: UNSAT (0.053 seconds)
6.13/6.17	['length', 'add', 'add']: UNSAT (0.044 seconds)
6.20/6.21	['length', 'add', 'sub']: UNSAT (0.044 seconds)
6.20/6.26	['length', 'sub', 'sub']: UNSAT (0.042 seconds)
6.29/6.30	['substr', 'substr', 'substr']: UNSAT (0.075 seconds)
6.29/6.38	['substr', 'substr', 'add']: UNSAT (0.065 seconds)
6.39/6.45	['substr', 'substr', 'sub']: UNSAT (0.067 seconds)
6.49/6.51	['substr', 'add', 'add']: UNSAT (0.061 seconds)
6.49/6.58	['substr', 'add', 'sub']: UNSAT (0.058 seconds)
6.59/6.64	['substr', 'sub', 'sub']: UNSAT (0.061 seconds)
6.69/6.70	['add', 'add', 'add']: UNSAT (0.054 seconds)
6.69/6.75	['add', 'add', 'sub']: UNSAT (0.055 seconds)
6.79/6.81	['add', 'sub', 'sub']: UNSAT (0.055 seconds)
6.79/6.86	['sub', 'sub', 'sub']: UNSAT (0.052 seconds)
6.89/6.92	['concat', 'concat', 'concat', 'concat']: UNSAT (51.127 seconds)
58.01/58.05	['concat', 'concat', 'concat', 'index']: UNSAT (0.087 seconds)
58.01/58.13	['concat', 'concat', 'concat', 'length']: UNSAT (0.073 seconds)
58.18/58.21	['concat', 'concat', 'concat', 'substr']: UNKNOWN (120.302 seconds)
178.48/178.51	Reason: smt tactic failed to show goal to be sat/unsat max-conflicts-reached
178.48/178.51	Reason: smt tactic failed to show goal to be sat/unsat max-conflicts-reached
178.48/178.51	['concat', 'concat', 'concat', 'add']: UNSAT (0.068 seconds)
178.48/178.58	['concat', 'concat', 'concat', 'sub']: UNSAT (0.071 seconds)
178.59/178.65	['concat', 'concat', 'index', 'index']: UNSAT (0.086 seconds)
178.68/178.74	['concat', 'concat', 'index', 'length']: UNSAT (0.074 seconds)
178.78/178.81	['concat', 'concat', 'index', 'substr']: UNSAT (14.386 seconds)
193.18/193.20	['concat', 'concat', 'index', 'add']: UNSAT (0.077 seconds)
193.18/193.28	['concat', 'concat', 'index', 'sub']: UNSAT (0.074 seconds)
193.28/193.35	['concat', 'concat', 'length', 'length']: UNSAT (0.057 seconds)
193.38/193.41	['concat', 'concat', 'length', 'substr']: UNSAT (2.053 seconds)
195.38/195.46	['concat', 'concat', 'length', 'add']: UNSAT (0.062 seconds)
195.48/195.53	['concat', 'concat', 'length', 'sub']: UNSAT (0.060 seconds)
195.48/195.59	['concat', 'concat', 'substr', 'substr']: UNSAT (30.320 seconds)
225.88/225.91	['concat', 'concat', 'substr', 'add']: UNSAT (1.354 seconds)
227.18/227.26	['concat', 'concat', 'substr', 'sub']: UNSAT (1.535 seconds)
228.78/228.80	['concat', 'concat', 'add', 'add']: UNSAT (0.066 seconds)
228.78/228.87	['concat', 'concat', 'add', 'sub']: UNSAT (0.066 seconds)
228.88/228.94	['concat', 'concat', 'sub', 'sub']: UNSAT (0.066 seconds)
228.88/229.00	['concat', 'index', 'index', 'index']: UNSAT (0.104 seconds)
229.00/229.11	['concat', 'index', 'index', 'length']: UNSAT (0.076 seconds)
229.12/229.18	['concat', 'index', 'index', 'substr']: UNSAT (1.128 seconds)
230.28/230.31	['concat', 'index', 'index', 'add']: UNSAT (0.084 seconds)
230.38/230.40	['concat', 'index', 'index', 'sub']: UNSAT (0.082 seconds)
230.38/230.48	['concat', 'index', 'length', 'length']: UNSAT (0.064 seconds)
230.48/230.55	['concat', 'index', 'length', 'substr']: UNSAT (1.363 seconds)
231.89/231.91	['concat', 'index', 'length', 'add']: UNSAT (0.067 seconds)
231.89/231.98	['concat', 'index', 'length', 'sub']: UNSAT (0.067 seconds)
232.01/232.05	['concat', 'index', 'substr', 'substr']: UNSAT (5.086 seconds)
237.01/237.13	['concat', 'index', 'substr', 'add']: UNSAT (1.549 seconds)
238.59/238.68	['concat', 'index', 'substr', 'sub']: UNSAT (0.707 seconds)
239.29/239.39	['concat', 'index', 'add', 'add']: UNSAT (0.077 seconds)
239.39/239.47	['concat', 'index', 'add', 'sub']: UNSAT (0.072 seconds)
239.49/239.54	['concat', 'index', 'sub', 'sub']: UNSAT (0.077 seconds)
239.59/239.62	['concat', 'length', 'length', 'length']: UNSAT (0.050 seconds)
239.59/239.67	['concat', 'length', 'length', 'substr']: UNSAT (0.179 seconds)
239.79/239.85	['concat', 'length', 'length', 'add']: UNSAT (0.052 seconds)
239.89/239.90	['concat', 'length', 'length', 'sub']: UNSAT (0.053 seconds)
239.89/239.96	['concat', 'length', 'substr', 'substr']: UNSAT (1.229 seconds)
241.13/241.19	['concat', 'length', 'substr', 'add']: UNSAT (0.235 seconds)
241.39/241.42	['concat', 'length', 'substr', 'sub']: UNSAT (0.292 seconds)
241.69/241.72	['concat', 'length', 'add', 'add']: UNSAT (0.061 seconds)
241.69/241.78	['concat', 'length', 'add', 'sub']: UNSAT (0.058 seconds)
241.79/241.84	['concat', 'length', 'sub', 'sub']: UNSAT (0.059 seconds)
241.89/241.90	['concat', 'substr', 'substr', 'substr']: UNSAT (2.807 seconds)
244.69/244.71	['concat', 'substr', 'substr', 'add']: UNSAT (1.030 seconds)
245.69/245.74	['concat', 'substr', 'substr', 'sub']: UNSAT (1.094 seconds)
246.79/246.83	['concat', 'substr', 'add', 'add']: UNSAT (0.228 seconds)
247.01/247.06	['concat', 'substr', 'add', 'sub']: UNSAT (0.263 seconds)
247.29/247.32	['concat', 'substr', 'sub', 'sub']: UNSAT (0.278 seconds)
247.59/247.60	['concat', 'add', 'add', 'add']: UNSAT (0.071 seconds)
247.59/247.68	['concat', 'add', 'add', 'sub']: UNSAT (0.072 seconds)
247.69/247.75	['concat', 'add', 'sub', 'sub']: UNSAT (0.072 seconds)
247.78/247.82	['concat', 'sub', 'sub', 'sub']: UNSAT (0.086 seconds)
247.88/247.91	['index', 'index', 'index', 'index']: UNSAT (0.101 seconds)
247.88/248.01	['index', 'index', 'index', 'length']: UNSAT (0.082 seconds)
248.01/248.09	['index', 'index', 'index', 'substr']: UNSAT (0.120 seconds)
248.18/248.21	['index', 'index', 'index', 'add']: UNSAT (0.096 seconds)
248.28/248.31	['index', 'index', 'index', 'sub']: UNSAT (0.096 seconds)
248.38/248.41	['index', 'index', 'length', 'length']: UNSAT (0.066 seconds)
248.38/248.48	['index', 'index', 'length', 'substr']: UNSAT (0.098 seconds)
248.48/248.57	['index', 'index', 'length', 'add']: UNSAT (0.077 seconds)
248.59/248.65	['index', 'index', 'length', 'sub']: UNSAT (0.076 seconds)
248.68/248.73	['index', 'index', 'substr', 'substr']: UNSAT (0.163 seconds)
248.78/248.89	['index', 'index', 'substr', 'add']: UNSAT (0.103 seconds)
248.88/249.00	['index', 'index', 'substr', 'sub']: UNSAT (0.137 seconds)
249.01/249.14	['index', 'index', 'add', 'add']: UNSAT (0.086 seconds)
249.18/249.22	['index', 'index', 'add', 'sub']: UNSAT (0.088 seconds)
249.28/249.31	['index', 'index', 'sub', 'sub']: UNSAT (0.091 seconds)
249.38/249.40	['index', 'length', 'length', 'length']: UNSAT (0.053 seconds)
249.38/249.46	['index', 'length', 'length', 'substr']: UNSAT (0.075 seconds)
249.48/249.53	['index', 'length', 'length', 'add']: UNSAT (0.063 seconds)
249.48/249.60	['index', 'length', 'length', 'sub']: UNSAT (0.058 seconds)
249.59/249.66	['index', 'length', 'substr', 'substr']: UNSAT (0.159 seconds)
249.78/249.82	['index', 'length', 'substr', 'add']: UNSAT (0.090 seconds)
249.88/249.91	['index', 'length', 'substr', 'sub']: UNSAT (0.090 seconds)
249.88/250.00	['index', 'length', 'add', 'add']: UNSAT (0.067 seconds)
250.01/250.07	['index', 'length', 'add', 'sub']: UNSAT (0.068 seconds)
250.01/250.13	['index', 'length', 'sub', 'sub']: UNSAT (0.071 seconds)
250.18/250.21	['index', 'substr', 'substr', 'substr']: UNSAT (0.201 seconds)
250.38/250.41	['index', 'substr', 'substr', 'add']: UNSAT (0.136 seconds)
250.48/250.55	['index', 'substr', 'substr', 'sub']: UNSAT (0.133 seconds)
250.59/250.68	['index', 'substr', 'add', 'add']: UNSAT (0.107 seconds)
250.68/250.79	['index', 'substr', 'add', 'sub']: UNSAT (0.099 seconds)
250.78/250.89	['index', 'substr', 'sub', 'sub']: UNSAT (0.107 seconds)
250.88/251.00	['index', 'add', 'add', 'add']: UNSAT (0.087 seconds)
251.01/251.09	['index', 'add', 'add', 'sub']: UNSAT (0.085 seconds)
251.12/251.17	['index', 'add', 'sub', 'sub']: UNSAT (0.086 seconds)
251.18/251.26	['index', 'sub', 'sub', 'sub']: UNSAT (0.084 seconds)
251.28/251.34	['length', 'length', 'length', 'length']: UNSAT (0.045 seconds)
251.28/251.39	['length', 'length', 'length', 'substr']: UNSAT (0.052 seconds)
251.38/251.44	['length', 'length', 'length', 'add']: UNSAT (0.044 seconds)
251.38/251.49	['length', 'length', 'length', 'sub']: UNSAT (0.049 seconds)
251.48/251.54	['length', 'length', 'substr', 'substr']: UNSAT (0.114 seconds)
251.58/251.65	['length', 'length', 'substr', 'add']: UNSAT (0.074 seconds)
251.68/251.73	['length', 'length', 'substr', 'sub']: UNSAT (0.075 seconds)
251.78/251.80	['length', 'length', 'add', 'add']: UNSAT (0.055 seconds)
251.78/251.86	['length', 'length', 'add', 'sub']: UNSAT (0.054 seconds)
251.88/251.92	['length', 'length', 'sub', 'sub']: UNSAT (0.052 seconds)
251.88/251.97	['length', 'substr', 'substr', 'substr']: UNSAT (0.137 seconds)
252.01/252.11	['length', 'substr', 'substr', 'add']: UNSAT (0.123 seconds)
252.18/252.23	['length', 'substr', 'substr', 'sub']: UNSAT (0.122 seconds)
252.28/252.35	['length', 'substr', 'add', 'add']: UNSAT (0.083 seconds)
252.38/252.44	['length', 'substr', 'add', 'sub']: UNSAT (0.088 seconds)
252.48/252.53	['length', 'substr', 'sub', 'sub']: UNSAT (0.095 seconds)
252.59/252.62	['length', 'add', 'add', 'add']: UNSAT (0.070 seconds)
252.59/252.69	['length', 'add', 'add', 'sub']: UNSAT (0.069 seconds)
252.68/252.76	['length', 'add', 'sub', 'sub']: UNSAT (0.068 seconds)
252.78/252.83	['length', 'sub', 'sub', 'sub']: UNSAT (0.067 seconds)
252.88/252.90	['substr', 'substr', 'substr', 'substr']: UNSAT (0.143 seconds)
253.01/253.04	['substr', 'substr', 'substr', 'add']: UNSAT (0.107 seconds)
253.12/253.15	['substr', 'substr', 'substr', 'sub']: UNSAT (0.108 seconds)
253.18/253.26	['substr', 'substr', 'add', 'add']: UNSAT (0.096 seconds)
253.28/253.36	['substr', 'substr', 'add', 'sub']: UNSAT (0.099 seconds)
253.38/253.46	['substr', 'substr', 'sub', 'sub']: UNSAT (0.097 seconds)
253.48/253.56	['substr', 'add', 'add', 'add']: UNSAT (0.085 seconds)
253.59/253.64	['substr', 'add', 'add', 'sub']: UNSAT (0.087 seconds)
253.68/253.73	['substr', 'add', 'sub', 'sub']: UNSAT (0.087 seconds)
253.78/253.82	['substr', 'sub', 'sub', 'sub']: UNSAT (0.085 seconds)
253.88/253.91	['add', 'add', 'add', 'add']: UNSAT (0.078 seconds)
253.88/253.98	['add', 'add', 'add', 'sub']: UNSAT (0.079 seconds)
254.01/254.06	['add', 'add', 'sub', 'sub']: UNSAT (0.078 seconds)
254.12/254.14	['add', 'sub', 'sub', 'sub']: UNSAT (0.078 seconds)
254.18/254.22	['sub', 'sub', 'sub', 'sub']: UNSAT (0.079 seconds)
254.28/254.30	['concat', 'concat', 'concat', 'concat', 'concat']: UNKNOWN (303.220 seconds)
557.47/557.52	Reason: smt tactic failed to show goal to be sat/unsat max-conflicts-reached
557.47/557.52	Reason: smt tactic failed to show goal to be sat/unsat max-conflicts-reached
557.47/557.52	['concat', 'concat', 'concat', 'concat', 'index']: UNSAT (0.121 seconds)
557.59/557.65	['concat', 'concat', 'concat', 'concat', 'length']: UNSAT (0.101 seconds)
557.67/557.75	['concat', 'concat', 'concat', 'concat', 'substr']: 