0.11/0.19	=== Examples (../../dataset/examples/examples-45.json)
0.11/0.19	IO(inputs=('Make it two weeks',), output='make it two wks')
0.11/0.19	IO(inputs=('Weeks 2 and 3',), output='wks 2 and 3')
0.11/0.19	=== Library
0.11/0.19	concat
0.11/0.19	index
0.11/0.19	length
0.11/0.19	substr
0.11/0.19	add
0.11/0.19	sub
0.11/0.19	=== Synthesis
0.11/0.19	['concat']: UNSAT (0.028 seconds)
0.11/0.22	['index']: UNSAT (0.028 seconds)
0.11/0.25	['length']: UNSAT (0.021 seconds)
0.11/0.27	['substr']: UNSAT (0.036 seconds)
0.25/0.31	['add']: UNSAT (0.025 seconds)
0.25/0.33	['sub']: UNSAT (0.024 seconds)
0.25/0.36	['concat', 'concat']: UNSAT (0.047 seconds)
0.34/0.41	['concat', 'index']: UNSAT (0.047 seconds)
0.34/0.45	['concat', 'length']: UNSAT (0.034 seconds)
0.45/0.49	['concat', 'substr']: UNSAT (0.197 seconds)
0.63/0.69	['concat', 'add']: UNSAT (0.029 seconds)
0.69/0.72	['concat', 'sub']: UNSAT (0.028 seconds)
0.69/0.75	['index', 'index']: UNSAT (0.037 seconds)
0.69/0.78	['index', 'length']: UNSAT (0.027 seconds)
0.79/0.81	['index', 'substr']: UNSAT (0.087 seconds)
0.89/0.90	['index', 'add']: UNSAT (0.031 seconds)
0.89/0.93	['index', 'sub']: UNSAT (0.032 seconds)
0.89/0.96	['length', 'length']: UNSAT (0.020 seconds)
0.89/0.98	['length', 'substr']: UNSAT (0.039 seconds)
0.89/1.02	['length', 'add']: UNSAT (0.023 seconds)
1.01/1.05	['length', 'sub']: UNSAT (0.024 seconds)
1.01/1.07	['substr', 'substr']: UNSAT (0.065 seconds)
1.13/1.14	['substr', 'add']: UNSAT (0.044 seconds)
1.13/1.18	['substr', 'sub']: UNSAT (0.045 seconds)
1.19/1.23	['add', 'add']: UNSAT (0.030 seconds)
1.19/1.26	['add', 'sub']: UNSAT (0.034 seconds)
1.19/1.30	['sub', 'sub']: UNSAT (0.032 seconds)
1.32/1.33	['concat', 'concat', 'concat']: UNSAT (0.097 seconds)
1.39/1.43	['concat', 'concat', 'index']: UNSAT (0.052 seconds)
1.39/1.48	['concat', 'concat', 'length']: UNSAT (0.042 seconds)
1.49/1.52	['concat', 'concat', 'substr']: UNSAT (3.957 seconds)
5.39/5.48	['concat', 'concat', 'add']: UNSAT (0.045 seconds)
5.49/5.52	['concat', 'concat', 'sub']: UNSAT (0.046 seconds)
5.49/5.57	['concat', 'index', 'index']: UNSAT (0.093 seconds)
5.59/5.67	['concat', 'index', 'length']: UNSAT (0.058 seconds)
5.69/5.72	['concat', 'index', 'substr']: UNSAT (1.258 seconds)
6.89/6.98	['concat', 'index', 'add']: UNSAT (0.049 seconds)
6.89/7.03	['concat', 'index', 'sub']: UNSAT (0.048 seconds)
7.02/7.08	['concat', 'length', 'length']: UNSAT (0.035 seconds)
7.02/7.12	['concat', 'length', 'substr']: UNSAT (0.362 seconds)
7.39/7.48	['concat', 'length', 'add']: UNSAT (0.039 seconds)
7.49/7.52	['concat', 'length', 'sub']: UNSAT (0.038 seconds)
7.49/7.56	['concat', 'substr', 'substr']: UNSAT (1.032 seconds)
8.49/8.59	['concat', 'substr', 'add']: UNSAT (0.267 seconds)
8.79/8.86	['concat', 'substr', 'sub']: UNSAT (0.240 seconds)
9.02/9.10	['concat', 'add', 'add']: UNSAT (0.044 seconds)
9.13/9.15	['concat', 'add', 'sub']: UNSAT (0.048 seconds)
9.13/9.20	['concat', 'sub', 'sub']: UNSAT (0.045 seconds)
9.19/9.24	['index', 'index', 'index']: UNSAT (0.064 seconds)
9.19/9.31	['index', 'index', 'length']: UNSAT (0.051 seconds)
9.32/9.36	['index', 'index', 'substr']: UNSAT (0.197 seconds)
9.49/9.56	['index', 'index', 'add']: UNSAT (0.055 seconds)
9.59/9.61	['index', 'index', 'sub']: UNSAT (0.056 seconds)
9.59/9.67	['index', 'length', 'length']: UNSAT (0.035 seconds)
9.69/9.70	['index', 'length', 'substr']: UNSAT (0.126 seconds)
9.79/9.83	['index', 'length', 'add']: UNSAT (0.041 seconds)
9.79/9.87	['index', 'length', 'sub']: UNSAT (0.043 seconds)
9.89/9.92	['index', 'substr', 'substr']: UNSAT (0.296 seconds)
10.19/10.22	['index', 'substr', 'add']: UNSAT (0.134 seconds)
10.32/10.35	['index', 'substr', 'sub']: UNSAT (0.132 seconds)
10.39/10.48	['index', 'add', 'add']: UNSAT (0.053 seconds)
10.49/10.54	['index', 'add', 'sub']: UNSAT (0.050 seconds)
10.49/10.59	['index', 'sub', 'sub']: UNSAT (0.051 seconds)
10.59/10.64	['length', 'length', 'length']: UNSAT (0.029 seconds)
10.59/10.67	['length', 'length', 'substr']: UNSAT (0.053 seconds)
10.69/10.72	['length', 'length', 'add']: UNSAT (0.030 seconds)
10.69/10.75	['length', 'length', 'sub']: UNSAT (0.030 seconds)
10.69/10.78	['length', 'substr', 'substr']: UNSAT (0.223 seconds)
10.89/11.01	['length', 'substr', 'add']: UNSAT (0.084 seconds)
11.01/11.09	['length', 'substr', 'sub']: UNSAT (0.079 seconds)
11.12/11.17	['length', 'add', 'add']: UNSAT (0.043 seconds)
11.18/11.22	['length', 'add', 'sub']: UNSAT (0.040 seconds)
11.18/11.26	['length', 'sub', 'sub']: UNSAT (0.040 seconds)
11.18/11.30	['substr', 'substr', 'substr']: UNSAT (0.207 seconds)
11.48/11.51	['substr', 'substr', 'add']: UNSAT (0.164 seconds)
11.58/11.67	['substr', 'substr', 'sub']: UNSAT (0.170 seconds)
11.78/11.84	['substr', 'add', 'add']: UNSAT (0.083 seconds)
11.88/11.93	['substr', 'add', 'sub']: UNSAT (0.083 seconds)
11.88/12.01	['substr', 'sub', 'sub']: UNSAT (0.096 seconds)
12.01/12.11	['add', 'add', 'add']: UNSAT (0.049 seconds)
12.12/12.16	['add', 'add', 'sub']: UNSAT (0.051 seconds)
12.18/12.21	['add', 'sub', 'sub']: UNSAT (0.051 seconds)
12.18/12.26	['sub', 'sub', 'sub']: UNSAT (0.048 seconds)
12.18/12.31	['concat', 'concat', 'concat', 'concat']: UNSAT (0.236 seconds)
12.48/12.55	['concat', 'concat', 'concat', 'index']: UNSAT (0.077 seconds)
12.58/12.62	['concat', 'concat', 'concat', 'length']: UNSAT (0.065 seconds)
12.58/12.69	['concat', 'concat', 'concat', 'substr']: UNKNOWN (194.320 seconds)
206.88/207.01	Reason: smt tactic failed to show goal to be sat/unsat max-conflicts-reached
206.88/207.01	Reason: smt tactic failed to show goal to be sat/unsat max-conflicts-reached
206.88/207.01	['concat', 'concat', 'concat', 'add']: UNSAT (0.063 seconds)
207.00/207.07	['concat', 'concat', 'concat', 'sub']: UNSAT (0.064 seconds)
207.12/207.14	['concat', 'concat', 'index', 'index']: UNSAT (0.087 seconds)
207.19/207.23	['concat', 'concat', 'index', 'length']: UNSAT (0.072 seconds)
207.28/207.30	['concat', 'concat', 'index', 'substr']: UNSAT (21.147 seconds)
228.38/228.45	['concat', 'concat', 'index', 'add']: UNSAT (0.073 seconds)
228.48/228.52	['concat', 'concat', 'index', 'sub']: UNSAT (0.066 seconds)
228.48/228.59	['concat', 'concat', 'length', 'length']: UNSAT (0.050 seconds)
228.58/228.64	['concat', 'concat', 'length', 'substr']: UNSAT (5.968 seconds)
234.58/234.61	['concat', 'concat', 'length', 'add']: UNSAT (0.052 seconds)
234.58/234.66	['concat', 'concat', 'length', 'sub']: UNSAT (0.053 seconds)
234.69/234.72	['concat', 'concat', 'substr', 'substr']: UNKNOWN (78.896 seconds)
313.58/313.61	Reason: smt tactic failed to show goal to be sat/unsat max-conflicts-reached
313.58/313.61	Reason: smt tactic failed to show goal to be sat/unsat max-conflicts-reached
313.58/313.61	['concat', 'concat', 'substr', 'add']: UNSAT (4.578 seconds)
318.11/318.19	['concat', 'concat', 'substr', 'sub']: UNSAT (4.360 seconds)
322.48/322.55	['concat', 'concat', 'add', 'add']: UNSAT (0.060 seconds)
322.58/322.61	['concat', 'concat', 'add', 'sub']: UNSAT (0.059 seconds)
322.58/322.67	['concat', 'concat', 'sub', 'sub']: UNSAT (0.057 seconds)
322.68/322.73	['concat', 'index', 'index', 'index']: UNSAT (0.084 seconds)
322.78/322.82	['concat', 'index', 'index', 'length']: UNSAT (0.081 seconds)
322.88/322.90	['concat', 'index', 'index', 'substr']: UNSAT (8.579 seconds)
331.38/331.48	['concat', 'index', 'index', 'add']: UNSAT (0.072 seconds)
331.48/331.55	['concat', 'index', 'index', 'sub']: UNSAT (0.072 seconds)
331.58/331.62	['concat', 'index', 'length', 'length']: UNSAT (0.055 seconds)
331.58/331.68	['concat', 'index', 'length', 'substr']: UNSAT (1.149 seconds)
332.78/332.83	['concat', 'index', 'length', 'add']: UNSAT (0.058 seconds)
332.78/332.89	['concat', 'index', 'length', 'sub']: UNSAT (0.058 seconds)
332.88/332.95	['concat', 'index', 'substr', 'substr']: UNSAT (11.174 seconds)
343.99/344.12	['concat', 'index', 'substr', 'add']: UNSAT (2.854 seconds)
346.88/346.98	['concat', 'index', 'substr', 'sub']: UNSAT (2.255 seconds)
349.18/349.23	['concat', 'index', 'add', 'add']: UNSAT (0.066 seconds)
349.28/349.30	['concat', 'index', 'add', 'sub']: UNSAT (0.068 seconds)
349.28/349.37	['concat', 'index', 'sub', 'sub']: UNSAT (0.071 seconds)
349.38/349.44	['concat', 'length', 'length', 'length']: UNSAT (0.046 seconds)
349.38/349.49	['concat', 'length', 'length', 'substr']: UNSAT (0.395 seconds)
349.78/349.89	['concat', 'length', 'length', 'add']: UNSAT (0.045 seconds)
349.88/349.93	['concat', 'length', 'length', 'sub']: UNSAT (0.044 seconds)
349.88/349.98	['concat', 'length', 'substr', 'substr']: UNSAT (5.974 seconds)
355.88/355.95	['concat', 'length', 'substr', 'add']: UNSAT (0.640 seconds)
356.48/356.59	['concat', 'length', 'substr', 'sub']: UNSAT (0.679 seconds)
357.18/357.27	['concat', 'length', 'add', 'add']: UNSAT (0.051 seconds)
357.28/357.32	['concat', 'length', 'add', 'sub']: UNSAT (0.052 seconds)
357.28/357.38	['concat', 'length', 'sub', 'sub']: UNSAT (0.052 seconds)
357.38/357.43	['concat', 'substr', 'substr', 'substr']: UNSAT (12.427 seconds)
369.78/369.86	['concat', 'substr', 'substr', 'add']: UNSAT (3.767 seconds)
373.58/373.63	['concat', 'substr', 'substr', 'sub']: UNSAT (3.845 seconds)
377.38/377.47	['concat', 'substr', 'add', 'add']: UNSAT (0.433 seconds)
377.88/377.90	['concat', 'substr', 'add', 'sub']: UNSAT (0.559 seconds)
378.38/378.46	['concat', 'substr', 'sub', 'sub']: UNSAT (0.409 seconds)
378.78/378.87	['concat', 'add', 'add', 'add']: UNSAT (0.062 seconds)
378.88/378.94	['concat', 'add', 'add', 'sub']: UNSAT (0.062 seconds)
378.88/379.00	['concat', 'add', 'sub', 'sub']: UNSAT (0.061 seconds)
379.00/379.06	['concat', 'sub', 'sub', 'sub']: UNSAT (0.067 seconds)
379.00/379.13	['index', 'index', 'index', 'index']: UNSAT (0.090 seconds)
379.19/379.22	['index', 'index', 'index', 'length']: UNSAT (0.071 seconds)
379.19/379.29	['index', 'index', 'index', 'substr']: UNSAT (0.365 seconds)
379.58/379.66	['index', 'index', 'index', 'add']: UNSAT (0.084 seconds)
379.68/379.74	['index', 'index', 'index', 'sub']: UNSAT (0.081 seconds)
379.78/379.83	['index', 'index', 'length', 'length']: UNSAT (0.059 seconds)
379.78/379.89	['index', 'index', 'length', 'substr']: UNSAT (0.266 seconds)
380.12/380.15	['index', 'index', 'length', 'add']: UNSAT (0.069 seconds)
380.19/380.22	['index', 'index', 'length', 'sub']: UNSAT (0.062 seconds)
380.19/380.29	['index', 'index', 'substr', 'substr']: UNSAT (0.763 seconds)
381.00/381.05	['index', 'index', 'substr', 'add']: UNSAT (0.165 seconds)
381.19/381.22	['index', 'index', 'substr', 'sub']: UNSAT (0.255 seconds)
381.38/381.47	['index', 'index', 'add', 'add']: UNSAT (0.077 seconds)
381.48/381.55	['index', 'index', 'add', 'sub']: UNSAT (0.081 seconds)
381.58/381.63	['index', 'index', 'sub', 'sub']: UNSAT (0.079 seconds)
381.68/381.71	['index', 'length', 'length', 'length']: UNSAT (0.045 seconds)
381.68/381.76	['index', 'length', 'length', 'substr']: UNSAT (0.180 seconds)
381.88/381.94	['index', 'length', 'length', 'add']: UNSAT (0.051 seconds)
381.88/381.99	['index', 'length', 'length', 'sub']: UNSAT (0.052 seconds)
382.00/382.04	['index', 'length', 'substr', 'substr']: UNSAT (0.458 seconds)
382.48/382.50	['index', 'length', 'substr', 'add']: UNSAT (0.529 seconds)
382.88/383.03	['index', 'length', 'substr', 'sub']: UNSAT (0.171 seconds)
383.19/383.20	['index', 'length', 'add', 'add']: UNSAT (0.067 seconds)
383.19/383.27	['index', 'length', 'add', 'sub']: UNSAT (0.059 seconds)
383.28/383.33	['index', 'length', 'sub', 'sub']: UNSAT (0.062 seconds)
383.28/383.39	['index', 'substr', 'substr', 'substr']: UNSAT (2.118 seconds)
385.48/385.51	['index', 'substr', 'substr', 'add']: UNSAT (0.652 seconds)
386.12/386.17	['index', 'substr', 'substr', 'sub']: UNSAT (0.736 seconds)
386.88/386.90	['index', 'substr', 'add', 'add']: UNSAT (0.539 seconds)
387.38/387.44	['index', 'substr', 'add', 'sub']: UNSAT (0.232 seconds)
387.58/387.68	['index', 'substr', 'sub', 'sub']: UNSAT (0.193 seconds)
387.78/387.87	['index', 'add', 'add', 'add']: UNSAT (0.076 seconds)
387.88/387.95	['index', 'add', 'add', 'sub']: UNSAT (0.072 seconds)
387.88/388.02	['index', 'add', 'sub', 'sub']: UNSAT (0.074 seconds)
388.00/388.10	['index', 'sub', 'sub', 'sub']: UNSAT (0.074 seconds)
388.12/388.17	['length', 'length', 'length', 'length']: UNSAT (0.040 seconds)
388.19/388.21	['length', 'length', 'length', 'substr']: UNSAT (0.048 seconds)
388.19/388.26	['length', 'length', 'length', 'add']: UNSAT (0.038 seconds)
388.28/388.30	['length', 'length', 'length', 'sub']: UNSAT (0.038 seconds)
388.28/388.34	['length', 'length', 'substr', 'substr']: UNSAT (0.310 seconds)
388.58/388.65	['length', 'length', 'substr', 'add']: UNSAT (0.102 seconds)
388.68/388.75	['length', 'length', 'substr', 'sub']: UNSAT (0.128 seconds)
388.78/388.88	['length', 'length', 'add', 'add']: UNSAT (0.045 seconds)
388.88/388.93	['length', 'length', 'add', 'sub']: UNSAT (0.046 seconds)
388.88/388.97	['length', 'length', 'sub', 'sub']: UNSAT (0.047 seconds)
388.88/389.02	['length', 'substr', 'substr', 'substr']: UNSAT (1.340 seconds)
390.28/390.36	['length', 'substr', 'substr', 'add']: UNSAT (0.590 seconds)
390.88/390.95	['length', 'substr', 'substr', 'sub']: UNSAT (0.398 seconds)
391.28/391.35	['length', 'substr', 'add', 'add']: UNSAT (0.111 seconds)
391.38/391.46	['length', 'substr', 'add', 'sub']: UNSAT (0.206 seconds)
391.58/391.67	['length', 'substr', 'sub', 'sub']: UNSAT (0.127 seconds)
391.78/391.80	['length', 'add', 'add', 'add']: UNSAT (0.063 seconds)
391.78/391.86	['length', 'add', 'add', 'sub']: UNSAT (0.063 seconds)
391.88/391.93	['length', 'add', 'sub', 'sub']: UNSAT (0.059 seconds)
391.88/391.98	['length', 'sub', 'sub', 'sub']: UNSAT (0.058 seconds)
392.00/392.04	['substr', 'substr', 'substr', 'substr']: UNSAT (0.782 seconds)
392.78/392.83	['substr', 'substr', 'substr', 'add']: UNSAT (0.748 seconds)
393.48/393.58	['substr', 'substr', 'substr', 'sub']: UNSAT (0.495 seconds)
394.00/394.07	['substr', 'substr', 'add', 'add']: UNSAT (1.147 seconds)
395.19/395.22	['substr', 'substr', 'add', 'sub']: UNSAT (0.345 seconds)
395.48/395.57	['substr', 'substr', 'sub', 'sub']: UNSAT (0.397 seconds)
395.88/395.96	['substr', 'add', 'add', 'add']: UNSAT (0.185 seconds)
396.12/396.15	['substr', 'add', 'add', 'sub']: UNSAT (0.164 seconds)
396.28/396.31	['substr', 'add', 'sub', 'sub']: UNSAT (0.160 seconds)
396.38/396.48	['substr', 'sub', 'sub', 'sub']: UNSAT (0.178 seconds)
396.58/396.65	['add', 'add', 'add', 'add']: UNSAT (0.068 seconds)
396.68/396.72	['add', 'add', 'add', 'sub']: UNSAT (0.068 seconds)
396.68/396.79	['add', 'add', 'sub', 'sub']: UNSAT (0.071 seconds)
396.78/396.86	['add', 'sub', 'sub', 'sub']: UNSAT (0.068 seconds)
396.88/396.93	['sub', 'sub', 'sub', 'sub']: UNSAT (0.073 seconds)
396.88/397.01	['concat', 'concat', 'concat', 'concat', 'concat']: UNSAT (0.477 seconds)
397.38/397.48	['concat', 'concat', 'concat', 'concat', 'index']: UNSAT (0.100 seconds)
397.48/397.58	['concat', 'concat', 'concat', 'concat', 'length']: UNSAT (0.089 seconds)
397.58/397.67	['concat', 'concat', 'concat', 'concat', 'substr']: 