0.12/0.20	=== Examples (../../dataset/examples/examples-60.json)
0.12/0.20	IO(inputs=('who cares about the last ones...',), output='who cares about the last ones')
0.12/0.20	IO(inputs=('just let them die!!!',), output='just let them die')
0.12/0.20	=== Library
0.12/0.20	concat
0.12/0.20	index
0.12/0.20	length
0.12/0.20	substr
0.12/0.20	add
0.12/0.20	sub
0.12/0.20	=== Synthesis
0.12/0.20	['concat']: UNSAT (0.029 seconds)
0.12/0.23	['index']: UNSAT (0.029 seconds)
0.12/0.26	['length']: UNSAT (0.021 seconds)
0.27/0.28	['substr']: UNSAT (0.039 seconds)
0.27/0.32	['add']: UNSAT (0.025 seconds)
0.27/0.35	['sub']: UNSAT (0.024 seconds)
0.27/0.37	['concat', 'concat']: UNSAT (0.048 seconds)
0.37/0.42	['concat', 'index']: UNSAT (0.047 seconds)
0.37/0.47	['concat', 'length']: UNSAT (0.036 seconds)
0.47/0.51	['concat', 'substr']: UNSAT (0.339 seconds)
0.79/0.85	['concat', 'add']: UNSAT (0.031 seconds)
0.79/0.88	['concat', 'sub']: UNSAT (0.031 seconds)
0.89/0.91	['index', 'index']: UNSAT (0.041 seconds)
0.89/0.95	['index', 'length']: UNSAT (0.030 seconds)
0.89/0.98	['index', 'substr']: UNKNOWN (120.595 seconds)
121.49/121.58	Reason: smt tactic failed to show goal to be sat/unsat max-conflicts-reached
121.49/121.58	Reason: smt tactic failed to show goal to be sat/unsat max-conflicts-reached
121.49/121.58	['index', 'add']: UNSAT (0.040 seconds)
121.58/121.62	['index', 'sub']: UNSAT (0.040 seconds)
121.58/121.66	['length', 'length']: UNSAT (0.022 seconds)
121.58/121.68	['length', 'substr']: UNSAT (0.045 seconds)
121.68/121.73	['length', 'add']: UNSAT (0.028 seconds)
121.68/121.76	['length', 'sub']: UNSAT (0.029 seconds)
121.68/121.79	['substr', 'substr']: UNSAT (0.063 seconds)
121.78/121.85	['substr', 'add']: UNSAT (0.066 seconds)
121.88/121.92	['substr', 'sub']: UNSAT (0.047 seconds)
121.88/121.97	['add', 'add']: UNSAT (0.032 seconds)
121.88/122.00	['add', 'sub']: UNSAT (0.034 seconds)
121.88/122.03	['sub', 'sub']: UNSAT (0.034 seconds)
122.01/122.07	['concat', 'concat', 'concat']: UNSAT (0.119 seconds)
122.12/122.19	['concat', 'concat', 'index']: UNSAT (0.058 seconds)
122.18/122.25	['concat', 'concat', 'length']: UNSAT (0.046 seconds)
122.18/122.29	['concat', 'concat', 'substr']: UNSAT (7.273 seconds)
129.48/129.57	['concat', 'concat', 'add']: UNSAT (0.046 seconds)
129.58/129.62	['concat', 'concat', 'sub']: UNSAT (0.047 seconds)
129.58/129.66	['concat', 'index', 'index']: UNSAT (0.063 seconds)
129.68/129.73	['concat', 'index', 'length']: UNSAT (0.047 seconds)
129.68/129.78	['concat', 'index', 'substr']: UNKNOWN (280.180 seconds)
409.87/409.96	Reason: smt tactic failed to show goal to be sat/unsat max-conflicts-reached
409.87/409.96	Reason: smt tactic failed to show goal to be sat/unsat max-conflicts-reached
409.87/409.96	['concat', 'index', 'add']: UNSAT (0.050 seconds)
409.87/410.01	['concat', 'index', 'sub']: UNSAT (0.051 seconds)
410.01/410.06	['concat', 'length', 'length']: UNSAT (0.037 seconds)
410.01/410.10	['concat', 'length', 'substr']: UNSAT (0.539 seconds)
410.57/410.64	['concat', 'length', 'add']: UNSAT (0.041 seconds)
410.57/410.68	['concat', 'length', 'sub']: UNSAT (0.040 seconds)
410.67/410.72	['concat', 'substr', 'substr']: UNSAT (1.212 seconds)
411.87/411.93	['concat', 'substr', 'add']: UNSAT (0.345 seconds)
412.17/412.28	['concat', 'substr', 'sub']: UNSAT (0.405 seconds)
412.57/412.69	['concat', 'add', 'add']: UNSAT (0.047 seconds)
412.67/412.73	['concat', 'add', 'sub']: UNSAT (0.047 seconds)
412.67/412.78	['concat', 'sub', 'sub']: UNSAT (0.049 seconds)
412.77/412.83	['index', 'index', 'index']: UNSAT (0.069 seconds)
412.87/412.90	['index', 'index', 'length']: UNSAT (0.052 seconds)
412.87/412.96	['index', 'index', 'substr']: 