0.13/0.20	=== Examples (../../dataset/examples/examples-74.json)
0.13/0.20	IO(inputs=('George Michael',), output='GM')
0.13/0.20	IO(inputs=('Michael Bluth',), output='MB')
0.13/0.20	=== Library
0.13/0.20	concat
0.13/0.20	index
0.13/0.20	length
0.13/0.20	substr
0.13/0.20	add
0.13/0.20	sub
0.13/0.20	=== Synthesis
0.13/0.20	['concat']: UNSAT (0.028 seconds)
0.13/0.22	['index']: UNSAT (0.027 seconds)
0.13/0.25	['length']: UNSAT (0.020 seconds)
0.13/0.27	['substr']: UNSAT (0.046 seconds)
0.29/0.32	['add']: UNSAT (0.024 seconds)
0.29/0.34	['sub']: UNSAT (0.024 seconds)
0.29/0.37	['concat', 'concat']: UNSAT (0.047 seconds)
0.36/0.42	['concat', 'index']: UNSAT (0.049 seconds)
0.36/0.47	['concat', 'length']: UNSAT (0.034 seconds)
0.46/0.50	['concat', 'substr']: SAT (0.187 seconds)
0.63/0.69	substr(concat(arg0, '\\x00GMB\\x00'), 15, 2)
