0.00/0.19	=== Examples (../../dataset/examples/examples-26.json)
0.00/0.19	IO(inputs=('Nullam elementum, nisi ut pharetra molestie, mauris nisl accumsan magna orci aliquam.',), output='Nullam elementum, nisi ut pharetra molestie, mauris nisl accumsan magna orci ali...')
0.00/0.19	IO(inputs=('Nulla scelerisque purus quis felis ullamcorper, eget euismod sapien nullam.',), output='Nulla scelerisque purus quis felis ullamcorper, eget euismod sapien nullam....')
0.00/0.19	IO(inputs=('Pellentesque habitant morbi tristique senectus id.',), output='Pellentesque habitant morbi tristique senectus id....')
0.00/0.19	=== Library
0.00/0.19	concat
0.00/0.19	index
0.00/0.19	length
0.00/0.19	replace
0.00/0.19	substr
0.00/0.19	to_lower
0.00/0.19	to_upper
0.00/0.19	trim
0.00/0.19	trim_start
0.00/0.19	trim_end
0.00/0.19	add
0.00/0.19	sub
0.00/0.19	=== Synthesis
0.00/0.19	['concat']: UNSAT (0.030 seconds)
0.00/0.22	['index']: UNSAT (0.027 seconds)
0.00/0.25	['length']: UNSAT (0.019 seconds)
0.00/0.27	['replace']: 