0.00/0.19	=== Examples (../../dataset/examples/examples-12.json)
0.00/0.19	IO(inputs=('hello word', 5), output='hello')
0.00/0.19	IO(inputs=('hi my name is', 10), output='hi my name')
0.00/0.19	IO(inputs=('Praesent sollicitudin varius neque, ut scelerisque justo venenatis nec. Maecenas sodales justo quis neque vestibulum efficitur. Maecenas orci aliquam.', 100), output='Praesent sollicitudin varius neque, ut scelerisque justo venenatis nec. Maecenas sodales justo quis ')
0.00/0.19	=== Library
0.00/0.19	concat
0.00/0.19	index
0.00/0.19	length
0.00/0.19	replace
0.00/0.19	substr
0.00/0.19	to_lower
0.00/0.19	to_upper
0.00/0.19	trim
0.00/0.19	trim_start
0.00/0.19	trim_end
0.00/0.19	add
0.00/0.19	sub
0.00/0.19	=== Synthesis
0.00/0.19	['concat']: UNSAT (0.027 seconds)
0.00/0.21	['index']: UNSAT (0.029 seconds)
0.00/0.24	['length']: UNSAT (0.019 seconds)
0.17/0.26	['replace']: UNSAT (0.035 seconds)
0.17/0.30	['substr']: SAT (0.070 seconds)
0.17/0.37	substr(arg0, 0, arg1)
