0.00/0.21	=== Examples (../../dataset/examples/examples-13.json)
0.00/0.21	IO(inputs=('Curabitur commodo volutpat.',), output='commodo volutpa')
0.00/0.21	IO(inputs=('Phasellus dignissim nullam.',), output='dignissim nulla')
0.00/0.21	IO(inputs=('Suspendisse potenti nullam.',), output='e potenti nulla')
0.00/0.21	=== Library
0.00/0.21	concat
0.00/0.21	index
0.00/0.21	length
0.00/0.21	replace
0.00/0.21	substr
0.00/0.21	to_lower
0.00/0.21	to_upper
0.00/0.21	trim
0.00/0.21	trim_start
0.00/0.21	trim_end
0.00/0.21	add
0.00/0.21	sub
0.00/0.21	=== Synthesis
0.00/0.21	['concat']: UNSAT (0.032 seconds)
0.00/0.24	['index']: UNSAT (0.031 seconds)
0.00/0.27	['length']: UNSAT (0.021 seconds)
0.00/0.29	['replace']: 