0.00/0.18	=== Examples (../../dataset/examples/examples-19.json)
0.00/0.18	IO(inputs=('Praesent sed diam vel amet.',), output='Praesent sed diam vel amet....')
0.00/0.18	IO(inputs=('Donec ultrices finibus ultrices. Quisque lacus posuere.',), output='Donec ultrices finibus ultrices. Quisque lacus pos...')
0.00/0.18	IO(inputs=('In hac habitasse platea dictumst. Sed dapibus sit amet neque gravida sed.',), output='In hac habitasse platea dictumst. Sed dapibus sit ...')
0.00/0.18	=== Library
0.00/0.18	concat
0.00/0.18	index
0.00/0.18	length
0.00/0.18	replace
0.00/0.18	substr
0.00/0.18	to_lower
0.00/0.18	to_upper
0.00/0.18	trim
0.00/0.18	trim_start
0.00/0.18	trim_end
0.00/0.18	add
0.00/0.18	sub
0.00/0.18	=== Synthesis
0.00/0.18	['concat']: UNSAT (0.027 seconds)
0.00/0.21	['index']: UNSAT (0.026 seconds)
0.00/0.24	['length']: UNSAT (0.018 seconds)
0.00/0.26	['replace']: 