0.00/0.20	=== Examples (../../dataset/examples/examples-09.json)
0.00/0.20	IO(inputs=('hello word',), output='hello')
0.00/0.20	IO(inputs=('hi my name is',), output='hi my')
0.00/0.20	IO(inputs=('how are you doing',), output='how a')
0.00/0.20	=== Library
0.00/0.20	concat
0.00/0.20	index
0.00/0.20	length
0.00/0.20	replace
0.00/0.20	substr
0.00/0.20	to_lower
0.00/0.20	to_upper
0.00/0.20	trim
0.00/0.20	trim_start
0.00/0.20	trim_end
0.00/0.20	add
0.00/0.20	sub
0.00/0.20	=== Synthesis
0.00/0.20	['concat']: UNSAT (0.040 seconds)
0.00/0.24	['index']: UNSAT (0.033 seconds)
0.00/0.27	['length']: UNSAT (0.023 seconds)
0.24/0.30	['replace']: 