0.00/0.21	=== Examples (../../dataset/examples/examples-76.json)
0.00/0.21	IO(inputs=('abcdef', 3, 'xyz'), output='xyz')
0.00/0.21	IO(inputs=('012345', 4, '742'), output='0742')
0.00/0.21	IO(inputs=('abc132', 5, 'xyz'), output='abxyz')
0.00/0.21	=== Library
0.00/0.21	concat
0.00/0.21	index
0.00/0.21	length
0.00/0.21	replace
0.00/0.21	substr
0.00/0.21	to_lower
0.00/0.21	to_upper
0.00/0.21	trim
0.00/0.21	trim_start
0.00/0.21	trim_end
0.00/0.21	add
0.00/0.21	sub
0.00/0.21	=== Synthesis
0.00/0.21	['concat']: UNSAT (0.053 seconds)
0.00/0.26	['index']: UNSAT (0.059 seconds)
0.00/0.32	['length']: UNSAT (0.037 seconds)
0.00/0.36	['replace']: UNSAT (0.051 seconds)
0.21/0.41	['substr']: UNSAT (0.059 seconds)
0.21/0.47	['to_lower']: UNSAT (0.075 seconds)
0.21/0.55	['to_upper']: UNSAT (0.054 seconds)
0.21/0.60	['trim']: UNSAT (0.033 seconds)
0.21/0.64	['trim_start']: UNSAT (0.025 seconds)
0.56/0.66	['trim_end']: UNSAT (0.031 seconds)
0.56/0.70	['add']: UNSAT (0.026 seconds)
0.56/0.72	['sub']: UNSAT (0.026 seconds)
0.56/0.75	['concat', 'concat']: UNSAT (0.052 seconds)
0.56/0.80	['concat', 'index']: UNSAT (0.057 seconds)
0.72/0.86	['concat', 'length']: UNSAT (0.040 seconds)
0.72/0.90	['concat', 'replace']: UNSAT (0.064 seconds)
0.72/0.97	['concat', 'substr']: UNSAT (0.093 seconds)
0.90/1.06	['concat', 'to_lower']: UNSAT (0.063 seconds)
0.90/1.12	['concat', 'to_upper']: UNSAT (0.063 seconds)
1.09/1.19	['concat', 'trim']: UNSAT (0.052 seconds)
1.19/1.24	['concat', 'trim_start']: UNSAT (0.043 seconds)
1.19/1.29	['concat', 'trim_end']: UNSAT (0.048 seconds)
1.29/1.33	['concat', 'add']: UNSAT (0.047 seconds)
1.29/1.38	['concat', 'sub']: UNSAT (0.043 seconds)
1.39/1.43	['index', 'index']: UNSAT (0.062 seconds)
1.39/1.49	['index', 'length']: UNSAT (0.047 seconds)
1.49/1.54	['index', 'replace']: UNSAT (0.069 seconds)
1.49/1.61	['index', 'substr']: UNSAT (0.097 seconds)
1.49/1.71	['index', 'to_lower']: UNSAT (0.067 seconds)
1.49/1.77	['index', 'to_upper']: UNSAT (0.066 seconds)
1.67/1.84	['index', 'trim']: UNSAT (0.055 seconds)
1.67/1.90	['index', 'trim_start']: UNSAT (0.049 seconds)
1.89/1.95	['index', 'trim_end']: UNSAT (0.054 seconds)
1.98/2.00	['index', 'add']: UNSAT (0.053 seconds)
1.98/2.06	['index', 'sub']: UNSAT (0.053 seconds)
2.08/2.11	['length', 'length']: UNSAT (0.030 seconds)
2.08/2.14	['length', 'replace']: UNSAT (0.052 seconds)
2.08/2.20	['length', 'substr']: UNSAT (0.049 seconds)
2.18/2.24	['length', 'to_lower']: UNSAT (0.051 seconds)
2.29/2.30	['length', 'to_upper']: UNSAT (0.052 seconds)
2.29/2.35	['length', 'trim']: UNSAT (0.042 seconds)
2.29/2.39	['length', 'trim_start']: UNSAT (0.034 seconds)
2.39/2.43	['length', 'trim_end']: UNSAT (0.039 seconds)
2.39/2.47	['length', 'add']: UNSAT (0.036 seconds)
2.49/2.50	['length', 'sub']: UNSAT (0.036 seconds)
2.49/2.54	['replace', 'replace']: UNSAT (0.076 seconds)
2.59/2.62	['replace', 'substr']: UNSAT (45.505 seconds)
48.08/48.12	['replace', 'to_lower']: UNSAT (0.080 seconds)
48.19/48.21	['replace', 'to_upper']: UNSAT (0.076 seconds)
48.19/48.28	['replace', 'trim']: UNSAT (0.064 seconds)
48.29/48.35	['replace', 'trim_start']: UNSAT (0.056 seconds)
48.29/48.41	['replace', 'trim_end']: UNSAT (0.059 seconds)
48.42/48.47	['replace', 'add']: UNSAT (0.058 seconds)
48.42/48.52	['replace', 'sub']: UNSAT (0.054 seconds)
48.42/48.58	['substr', 'substr']: UNSAT (0.061 seconds)
48.42/48.64	['substr', 'to_lower']: UNSAT (0.067 seconds)
48.42/48.71	['substr', 'to_upper']: UNSAT (0.066 seconds)
48.58/48.78	['substr', 'trim']: UNSAT (0.060 seconds)
48.81/48.84	['substr', 'trim_start']: UNSAT (0.050 seconds)
48.81/48.89	['substr', 'trim_end']: UNSAT (0.056 seconds)
48.89/48.95	['substr', 'add']: UNSAT (0.053 seconds)
48.99/49.00	['substr', 'sub']: UNSAT (0.052 seconds)
48.99/49.05	['to_lower', 'to_lower']: UNSAT (0.074 seconds)
49.09/49.13	['to_lower', 'to_upper']: UNSAT (0.074 seconds)
49.19/49.20	['to_lower', 'trim']: UNSAT (0.066 seconds)
49.19/49.27	['to_lower', 'trim_start']: UNSAT (0.058 seconds)
49.29/49.33	['to_lower', 'trim_end']: UNSAT (0.065 seconds)
49.29/49.39	['to_lower', 'add']: UNSAT (0.059 seconds)
49.39/49.45	['to_lower', 'sub']: UNSAT (0.059 seconds)
49.49/49.52	['to_upper', 'to_upper']: UNSAT (0.073 seconds)
49.49/49.59	['to_upper', 'trim']: UNSAT (0.094 seconds)
49.61/49.69	['to_upper', 'trim_start']: UNSAT (0.112 seconds)
49.61/49.80	['to_upper', 'trim_end']: UNSAT (0.075 seconds)
49.77/49.88	['to_upper', 'add']: UNSAT (0.069 seconds)
49.77/49.95	['to_upper', 'sub']: UNSAT (0.072 seconds)
49.99/50.02	['trim', 'trim']: UNSAT (0.055 seconds)
49.99/50.07	['trim', 'trim_start']: UNSAT (0.048 seconds)
50.09/50.12	['trim', 'trim_end']: UNSAT (0.052 seconds)
50.09/50.18	['trim', 'add']: UNSAT (0.049 seconds)
50.19/50.23	['trim', 'sub']: UNSAT (0.047 seconds)
50.19/50.27	['trim_start', 'trim_start']: UNSAT (0.039 seconds)
50.29/50.31	['trim_start', 'trim_end']: UNSAT (0.064 seconds)
50.29/50.38	['trim_start', 'add']: UNSAT (0.042 seconds)
50.39/50.42	['trim_start', 'sub']: UNSAT (0.044 seconds)
50.39/50.47	['trim_end', 'trim_end']: UNSAT (0.051 seconds)
50.49/50.52	['trim_end', 'add']: UNSAT (0.046 seconds)
50.49/50.57	['trim_end', 'sub']: UNSAT (0.046 seconds)
50.59/50.62	['add', 'add']: UNSAT (0.050 seconds)
50.59/50.67	['add', 'sub']: UNSAT (0.049 seconds)
50.69/50.72	['sub', 'sub']: UNSAT (0.049 seconds)
50.69/50.77	['concat', 'concat', 'concat']: UNSAT (0.084 seconds)
50.69/50.85	['concat', 'concat', 'index']: UNSAT (0.087 seconds)
50.69/50.94	['concat', 'concat', 'length']: UNSAT (0.068 seconds)
50.69/51.01	['concat', 'concat', 'replace']: UNSAT (0.099 seconds)
51.09/51.11	['concat', 'concat', 'substr']: UNSAT (1.918 seconds)
52.89/53.03	['concat', 'concat', 'to_lower']: UNSAT (0.091 seconds)
52.89/53.12	['concat', 'concat', 'to_upper']: UNSAT (0.089 seconds)
53.03/53.21	['concat', 'concat', 'trim']: UNSAT (0.079 seconds)
53.03/53.29	['concat', 'concat', 'trim_start']: UNSAT (0.071 seconds)
53.29/53.36	['concat', 'concat', 'trim_end']: UNSAT (0.078 seconds)
53.39/53.44	['concat', 'concat', 'add']: UNSAT (0.073 seconds)
53.49/53.52	['concat', 'concat', 'sub']: UNSAT (0.071 seconds)
53.49/53.59	['concat', 'index', 'index']: UNSAT (0.095 seconds)
53.59/53.68	['concat', 'index', 'length']: UNSAT (0.073 seconds)
53.69/53.76	['concat', 'index', 'replace']: UNSAT (0.104 seconds)
53.79/53.86	['concat', 'index', 'substr']: UNSAT (1.363 seconds)
55.10/55.23	['concat', 'index', 'to_lower']: UNSAT (0.095 seconds)
55.29/55.32	['concat', 'index', 'to_upper']: UNSAT (0.095 seconds)
55.38/55.42	['concat', 'index', 'trim']: UNSAT (0.087 seconds)
55.49/55.51	['concat', 'index', 'trim_start']: UNSAT (0.079 seconds)
55.49/55.59	['concat', 'index', 'trim_end']: UNSAT (0.083 seconds)
55.59/55.67	['concat', 'index', 'add']: UNSAT (0.078 seconds)
55.69/55.75	['concat', 'index', 'sub']: UNSAT (0.078 seconds)
55.79/55.83	['concat', 'length', 'length']: UNSAT (0.051 seconds)
55.79/55.88	['concat', 'length', 'replace']: UNSAT (0.078 seconds)
55.89/55.96	['concat', 'length', 'substr']: UNSAT (0.152 seconds)
55.99/56.11	['concat', 'length', 'to_lower']: UNSAT (0.074 seconds)
56.11/56.19	['concat', 'length', 'to_upper']: UNSAT (0.074 seconds)
56.23/56.26	['concat', 'length', 'trim']: UNSAT (0.066 seconds)
56.29/56.33	['concat', 'length', 'trim_start']: UNSAT (0.058 seconds)
56.29/56.39	['concat', 'length', 'trim_end']: UNSAT (0.062 seconds)
56.40/56.45	['concat', 'length', 'add']: UNSAT (0.061 seconds)
56.49/56.52	['concat', 'length', 'sub']: UNSAT (0.059 seconds)
56.49/56.58	['concat', 'replace', 'replace']: UNSAT (0.112 seconds)
56.59/56.69	['concat', 'replace', 'substr']: UNKNOWN (124.194 seconds)
180.69/180.88	Reason: smt tactic failed to show goal to be sat/unsat max-conflicts-reached
180.69/180.88	Reason: smt tactic failed to show goal to be sat/unsat max-conflicts-reached
180.69/180.88	['concat', 'replace', 'to_lower']: UNSAT (0.105 seconds)
180.83/180.99	['concat', 'replace', 'to_upper']: UNSAT (0.103 seconds)
181.04/181.09	['concat', 'replace', 'trim']: UNSAT (0.092 seconds)
181.08/181.19	['concat', 'replace', 'trim_start']: UNSAT (0.085 seconds)
181.18/181.27	['concat', 'replace', 'trim_end']: UNSAT (0.090 seconds)
181.28/181.36	['concat', 'replace', 'add']: UNSAT (0.081 seconds)
181.38/181.45	['concat', 'replace', 'sub']: UNSAT (0.082 seconds)
181.48/181.53	['concat', 'substr', 'substr']: UNSAT (0.603 seconds)
181.99/182.13	['concat', 'substr', 'to_lower']: 