0.00/0.18	=== Examples (../../dataset/examples/examples-25.json)
0.00/0.18	IO(inputs=('Suspendisse libero felis, efficitur eget metus eget, ultrices volutpat.',), output='Suspendisse libero felis, efficitur eget metus eget, ultrices volutpat...')
0.00/0.18	IO(inputs=('Donec condimentum lacus ac elit molestie, vel cursus ante nullam.',), output='Donec condimentum lacus ac elit molestie, vel cursus ante nullam....')
0.00/0.18	IO(inputs=('Pellentesque eu tellus rutrum, mollis lacus eu, posuere massa. Duis varius nibh amet.',), output='Pellentesque eu tellus rutrum, mollis lacus eu, posuere massa. Duis va...')
0.00/0.18	=== Library
0.00/0.18	concat
0.00/0.18	index
0.00/0.18	length
0.00/0.18	replace
0.00/0.18	substr
0.00/0.18	to_lower
0.00/0.18	to_upper
0.00/0.18	trim
0.00/0.18	trim_start
0.00/0.18	trim_end
0.00/0.18	add
0.00/0.18	sub
0.00/0.18	=== Synthesis
0.00/0.18	['concat']: UNSAT (0.034 seconds)
0.00/0.22	['index']: UNSAT (0.031 seconds)
0.00/0.25	['length']: UNSAT (0.022 seconds)
0.00/0.27	['replace']: 