=== Examples (examples-22.json)
(["Suspendisse nec dapibus elit.\nMauris in purus est.\nVestibulum ac viverra quam.\nAliquam a elementum felis.\nSed sollicitudin nullam."],"Suspendisse nec dapibus elit.    Mauris in purus est.    Vestibulum ac viverra quam.    Aliquam a elementum felis.    Sed sollicitudin nullam.")
(["Nulla accumsan hendrerit neque, eu ornare felis gravida id.\nPraesent tempor metus posuere."],"Nulla accumsan hendrerit neque, eu ornare felis gravida id.    Praesent tempor metus posuere.")
=== Library
Concat
Index
Length
Substr
Add
Sub
=== Synthesis
Size: 1
Size: 2
Size: 3
outsynth2: 
*** Data.SBV: fd:5: hGetLine: end of file:
***
***    Sent      : (check-sat)
***
***    Executable: /home/rodrigo/bin/z3
***    Options   : -nw -in -smt2

