0.12/0.19	=== Examples (../../dataset/examples/examples-48.json)
0.12/0.19	IO(inputs=('John', 'Doe', '@gmail.com'), output='johndoe.@gmail.com')
0.12/0.19	=== Library
0.12/0.19	concat
0.12/0.19	index
0.12/0.19	length
0.12/0.19	replace
0.12/0.19	substr
0.12/0.19	to_lower
0.12/0.19	to_upper
0.12/0.19	trim
0.12/0.19	trim_start
0.12/0.19	trim_end
0.12/0.19	add
0.12/0.19	sub
0.12/0.19	=== Synthesis
0.12/0.19	['concat']: UNSAT (0.025 seconds)
0.12/0.22	['index']: UNSAT (0.022 seconds)
0.12/0.24	['length']: UNSAT (0.018 seconds)
0.12/0.26	['replace']: UNSAT (0.089 seconds)
0.26/0.35	['substr']: UNSAT (0.022 seconds)
0.26/0.37	['to_lower']: UNSAT (0.026 seconds)
0.36/0.40	['to_upper']: UNSAT (0.026 seconds)
0.36/0.42	['trim']: UNSAT (0.023 seconds)
0.36/0.45	['trim_start']: UNSAT (0.020 seconds)
0.36/0.47	['trim_end']: UNSAT (0.022 seconds)
0.45/0.49	['add']: UNSAT (0.019 seconds)
0.45/0.51	['sub']: UNSAT (0.019 seconds)
0.45/0.53	['concat', 'concat']: UNSAT (0.034 seconds)
0.45/0.56	['concat', 'index']: UNSAT (0.032 seconds)
0.56/0.60	['concat', 'length']: UNSAT (0.018 seconds)
0.56/0.62	['concat', 'replace']: SAT (0.135 seconds)
0.69/0.75	replace(concat(arg1, arg2), arg1, arg0)
