0.14/0.18	=== Examples (../../dataset/examples/examples-40.json)
0.14/0.18	IO(inputs=('who cares about when',), output='updated on who cares about ')
0.14/0.18	=== Library
0.14/0.18	concat
0.14/0.18	index
0.14/0.18	length
0.14/0.18	replace
0.14/0.18	substr
0.14/0.18	to_lower
0.14/0.18	to_upper
0.14/0.18	trim
0.14/0.18	trim_start
0.14/0.18	trim_end
0.14/0.18	add
0.14/0.18	sub
0.14/0.18	=== Synthesis
0.14/0.18	['concat']: UNSAT (0.017 seconds)
0.14/0.20	['index']: UNSAT (0.015 seconds)
0.14/0.22	['length']: UNSAT (0.013 seconds)
0.14/0.23	['replace']: 