0.12/0.19	=== Examples (../../dataset/examples/examples-65.json)
0.12/0.19	IO(inputs=('take out the last 3 chars',), output='ars')
0.12/0.19	=== Library
0.12/0.19	concat
0.12/0.19	index
0.12/0.19	length
0.12/0.19	replace
0.12/0.19	substr
0.12/0.19	to_lower
0.12/0.19	to_upper
0.12/0.19	trim
0.12/0.19	trim_start
0.12/0.19	trim_end
0.12/0.19	add
0.12/0.19	sub
0.12/0.19	=== Synthesis
0.12/0.19	['concat']: UNSAT (0.022 seconds)
0.12/0.21	['index']: UNSAT (0.021 seconds)
0.12/0.24	['length']: UNSAT (0.018 seconds)
0.12/0.25	['replace']: SAT (0.027 seconds)
0.26/0.28	replace('ars', arg0, 'ars')
