0.13/0.20	=== Examples (../../dataset/examples/examples-54.json)
0.13/0.20	IO(inputs=(' this is the same as trim man...  ',), output='this is the same as trim man...')
0.13/0.20	IO(inputs=('  know your libraries',), output='know your libraries')
0.13/0.20	IO(inputs=('or is trim too young? ',), output='or is trim too young?')
0.13/0.20	=== Library
0.13/0.20	concat
0.13/0.20	index
0.13/0.20	length
0.13/0.20	substr
0.13/0.20	to_lower
0.13/0.20	to_upper
0.13/0.20	trim
0.13/0.20	trim_start
0.13/0.20	trim_end
0.13/0.20	add
0.13/0.20	sub
0.13/0.20	=== Synthesis
0.13/0.20	['concat']: UNSAT (0.032 seconds)
0.13/0.23	['index']: UNSAT (0.031 seconds)
0.13/0.26	['length']: UNSAT (0.022 seconds)
0.13/0.29	['substr']: UNSAT (0.036 seconds)
0.31/0.32	['to_lower']: UNSAT (0.107 seconds)
0.39/0.43	['to_upper']: UNSAT (0.226 seconds)
0.64/0.66	['trim']: 