0.13/0.20	=== Examples (../../dataset/examples/examples-78.json)
0.13/0.20	IO(inputs=('smith-doe',), output='doe')
0.13/0.20	IO(inputs=('spelled-out',), output='out')
0.13/0.20	IO(inputs=('32-foot',), output='foot')
0.13/0.20	=== Library
0.13/0.20	concat
0.13/0.20	index
0.13/0.20	length
0.13/0.20	substr
0.13/0.20	to_lower
0.13/0.20	to_upper
0.13/0.20	trim
0.13/0.20	trim_start
0.13/0.20	trim_end
0.13/0.20	add
0.13/0.20	sub
0.13/0.20	=== Synthesis
0.13/0.20	['concat']: UNSAT (0.031 seconds)
0.13/0.23	['index']: UNSAT (0.032 seconds)
0.13/0.26	['length']: UNSAT (0.022 seconds)
0.13/0.29	['substr']: UNSAT (0.035 seconds)
0.28/0.32	['to_lower']: UNSAT (0.199 seconds)
0.48/0.52	['to_upper']: UNSAT (0.299 seconds)
0.79/0.82	['trim']: 