0.10/0.20	=== Examples (../../dataset/examples/examples-11.json)
0.10/0.20	IO(inputs=('Praesent sollicitudin varius neque, ut scelerisque justo venenatis nec. Maecenas sodales justo quis neque vestibulum efficitur. Maecenas orci aliquam.',), output='Praesent sollicitudin varius neque, ut scelerisque justo venenatis nec. Maecenas sodales justo quis ')
0.10/0.20	IO(inputs=('Curabitur commodo pellentesque erat. Fusce efficitur tincidunt tincidunt. Proin velit elit, sodales at tincidunt nullam.',), output='Curabitur commodo pellentesque erat. Fusce efficitur tincidunt tincidunt. Proin velit elit, sodales ')
0.10/0.20	IO(inputs=('Sed eleifend posuere dui sed hendrerit. Mauris egestas iaculis ultrices. Mauris at ipsum ornare, accumsan diam eget viverra fusce.',), output='Sed eleifend posuere dui sed hendrerit. Mauris egestas iaculis ultrices. Mauris at ipsum ornare, acc')
0.10/0.20	=== Library
0.10/0.20	concat
0.10/0.20	index
0.10/0.20	length
0.10/0.20	substr
0.10/0.20	to_lower
0.10/0.20	to_upper
0.10/0.20	trim
0.10/0.20	trim_start
0.10/0.20	trim_end
0.10/0.20	add
0.10/0.20	sub
0.10/0.20	=== Synthesis
0.10/0.20	['concat']: UNSAT (0.036 seconds)
0.10/0.24	['index']: UNSAT (0.032 seconds)
0.10/0.27	['length']: UNSAT (0.023 seconds)
0.28/0.30	['substr']: UNSAT (0.041 seconds)
0.28/0.34	['to_lower']: UNSAT (0.249 seconds)
0.44/0.59	['to_upper']: UNSAT (0.632 seconds)
1.18/1.22	['trim']: 