0.12/0.19	=== Examples (../../dataset/examples/examples-65.json)
0.12/0.19	IO(inputs=('take out the last 3 chars',), output='ars')
0.12/0.19	IO(inputs=('abc',), output='abc')
0.12/0.19	IO(inputs=('outsystems.com',), output='com')
0.12/0.19	=== Library
0.12/0.19	concat
0.12/0.19	index
0.12/0.19	length
0.12/0.19	substr
0.12/0.19	to_lower
0.12/0.19	to_upper
0.12/0.19	trim
0.12/0.19	trim_start
0.12/0.19	trim_end
0.12/0.19	add
0.12/0.19	sub
0.12/0.19	=== Synthesis
0.12/0.19	['concat']: UNSAT (0.031 seconds)
0.12/0.22	['index']: UNSAT (0.032 seconds)
0.12/0.25	['length']: UNSAT (0.022 seconds)
0.12/0.28	['substr']: UNSAT (0.035 seconds)
0.27/0.31	['to_lower']: UNSAT (0.130 seconds)
0.27/0.44	['to_upper']: UNSAT (0.105 seconds)
0.42/0.55	['trim']: 