0.14/0.22	=== Examples (../../dataset/examples/examples-31.json)
0.14/0.22	IO(inputs=('john.doe@outsystems.com',), output='john.doe')
0.14/0.22	IO(inputs=('jane.moe@cmu.edu',), output='jane.moe')
0.14/0.22	IO(inputs=('anonymous@tecnico.pt',), output='anonymous')
0.14/0.22	=== Library
0.14/0.22	concat
0.14/0.22	index
0.14/0.22	length
0.14/0.22	substr
0.14/0.22	to_lower
0.14/0.22	to_upper
0.14/0.22	trim
0.14/0.22	trim_start
0.14/0.22	trim_end
0.14/0.22	add
0.14/0.22	sub
0.14/0.22	=== Synthesis
0.14/0.22	['concat']: UNSAT (0.036 seconds)
0.14/0.26	['index']: UNSAT (0.052 seconds)
0.29/0.31	['length']: UNSAT (0.023 seconds)
0.29/0.33	['substr']: UNSAT (0.052 seconds)
0.29/0.39	['to_lower']: UNKNOWN (59.582 seconds)
59.88/59.97	Reason: smt tactic failed to show goal to be sat/unsat max-conflicts-reached
59.88/59.97	Reason: smt tactic failed to show goal to be sat/unsat max-conflicts-reached
59.88/59.97	['to_upper']: UNSAT (0.162 seconds)
60.12/60.13	['trim']: 