0.14/0.19	=== Examples (../../dataset/examples/examples-69.json)
0.14/0.19	IO(inputs=('break \\',), output='break')
0.14/0.19	IO(inputs=('line break \\',), output='line break')
0.14/0.19	IO(inputs=('another break \\',), output='another break')
0.14/0.19	=== Library
0.14/0.19	concat
0.14/0.19	index
0.14/0.19	length
0.14/0.19	substr
0.14/0.19	to_lower
0.14/0.19	to_upper
0.14/0.19	trim
0.14/0.19	trim_start
0.14/0.19	trim_end
0.14/0.19	add
0.14/0.19	sub
0.14/0.19	=== Synthesis
0.14/0.19	['concat']: UNSAT (0.033 seconds)
0.14/0.22	['index']: UNSAT (0.032 seconds)
0.14/0.25	['length']: UNSAT (0.022 seconds)
0.14/0.28	['substr']: UNSAT (0.036 seconds)
0.14/0.31	['to_lower']: UNSAT (8.833 seconds)
9.10/9.15	['to_upper']: UNSAT (0.188 seconds)
9.29/9.34	['trim']: 