0.00/0.19	=== Examples (../../dataset/examples/examples-25.json)
0.00/0.19	IO(inputs=('Suspendisse libero felis, efficitur eget metus eget, ultrices volutpat.',), output='Suspendisse libero felis, efficitur eget metus eget, ultrices volutpat...')
0.00/0.19	IO(inputs=('Donec condimentum lacus ac elit molestie, vel cursus ante nullam.',), output='Donec condimentum lacus ac elit molestie, vel cursus ante nullam....')
0.00/0.19	IO(inputs=('Pellentesque eu tellus rutrum, mollis lacus eu, posuere massa. Duis varius nibh amet.',), output='Pellentesque eu tellus rutrum, mollis lacus eu, posuere massa. Duis va...')
0.00/0.19	=== Library
0.00/0.19	concat
0.00/0.19	index
0.00/0.19	length
0.00/0.19	substr
0.00/0.19	to_lower
0.00/0.19	to_upper
0.00/0.19	trim
0.00/0.19	trim_start
0.00/0.19	trim_end
0.00/0.19	add
0.00/0.19	sub
0.00/0.19	=== Synthesis
0.00/0.19	['concat']: UNSAT (0.034 seconds)
0.00/0.23	['index']: UNSAT (0.031 seconds)
0.00/0.26	['length']: UNSAT (0.022 seconds)
0.00/0.28	['substr']: UNSAT (0.037 seconds)
0.00/0.32	['to_lower']: UNSAT (0.437 seconds)
0.61/0.76	['to_upper']: UNSAT (0.232 seconds)
0.86/0.99	['trim']: 