0.00/0.21	=== Examples (../../dataset/examples/examples-52.json)
0.00/0.21	IO(inputs=('hello  ',), output='HELLO')
0.00/0.21	IO(inputs=('how are you today?  ',), output='HOW ARE YOU TODAY?')
0.00/0.21	IO(inputs=('you (yes you) are awesome!!! ',), output='YOU (YES YOU) ARE AWESOME!!!')
0.00/0.21	=== Library
0.00/0.21	concat
0.00/0.21	index
0.00/0.21	length
0.00/0.21	substr
0.00/0.21	to_lower
0.00/0.21	to_upper
0.00/0.21	trim
0.00/0.21	trim_start
0.00/0.21	trim_end
0.00/0.21	add
0.00/0.21	sub
0.00/0.21	=== Synthesis
0.00/0.21	['concat']: UNSAT (0.033 seconds)
0.22/0.24	['index']: UNSAT (0.032 seconds)
0.22/0.28	['length']: UNSAT (0.022 seconds)
0.22/0.30	['substr']: UNSAT (0.036 seconds)
0.22/0.34	['to_lower']: UNSAT (0.184 seconds)
0.45/0.52	['to_upper']: UNSAT (11.275 seconds)
11.79/11.80	['trim']: 