0.11/0.19	=== Examples (../../dataset/examples/examples-32.json)
0.11/0.19	IO(inputs=('random,csv',), output='random')
0.11/0.19	IO(inputs=('another,one',), output='another')
0.11/0.19	IO(inputs=('a,larger,one,this,time',), output='a')
0.11/0.19	=== Library
0.11/0.19	concat
0.11/0.19	index
0.11/0.19	length
0.11/0.19	substr
0.11/0.19	to_lower
0.11/0.19	to_upper
0.11/0.19	trim
0.11/0.19	trim_start
0.11/0.19	trim_end
0.11/0.19	add
0.11/0.19	sub
0.11/0.19	=== Synthesis
0.11/0.19	['concat']: UNSAT (0.027 seconds)
0.11/0.22	['index']: UNSAT (0.025 seconds)
0.11/0.24	['length']: UNSAT (0.018 seconds)
0.24/0.26	['substr']: UNSAT (0.029 seconds)
0.24/0.29	['to_lower']: UNSAT (0.246 seconds)
0.49/0.54	['to_upper']: UNSAT (0.087 seconds)
0.62/0.63	['trim']: 