0.17/0.24	=== Examples (../../dataset/examples/examples-57.json)
0.17/0.24	IO(inputs=('what are you doing? (sorry) yup?',), output='what are you doing? (sorry)')
0.17/0.24	IO(inputs=('did you want that? (hmm..) cmon',), output='did you want that? (hmm..)')
0.17/0.24	IO(inputs=('maybe with sub? (oh i see) im tired',), output='maybe with sub? (oh i see)')
0.17/0.24	=== Library
0.17/0.24	concat
0.17/0.24	index
0.17/0.24	length
0.17/0.24	substr
0.17/0.24	to_lower
0.17/0.24	to_upper
0.17/0.24	trim
0.17/0.24	trim_start
0.17/0.24	trim_end
0.17/0.24	add
0.17/0.24	sub
0.17/0.24	=== Synthesis
0.17/0.24	['concat']: UNSAT (0.029 seconds)
0.17/0.27	['index']: UNSAT (0.027 seconds)
0.17/0.30	['length']: UNSAT (0.021 seconds)
0.17/0.32	['substr']: UNSAT (0.057 seconds)
0.17/0.38	['to_lower']: UNKNOWN (134.132 seconds)
134.48/134.51	Reason: smt tactic failed to show goal to be sat/unsat max-conflicts-reached
134.48/134.51	Reason: smt tactic failed to show goal to be sat/unsat max-conflicts-reached
134.48/134.51	['to_upper']: UNSAT (0.102 seconds)
134.58/134.62	['trim']: 