0.15/0.22	=== Examples (../../dataset/examples/examples-93.json)
0.15/0.22	IO(inputs=('no - he said',), output='he said')
0.15/0.22	IO(inputs=('but but why - she said',), output='she said')
0.15/0.22	IO(inputs=('well, because i say so - he said   ',), output='he said')
0.15/0.22	=== Library
0.15/0.22	concat
0.15/0.22	index
0.15/0.22	length
0.15/0.22	substr
0.15/0.22	to_lower
0.15/0.22	to_upper
0.15/0.22	trim
0.15/0.22	trim_start
0.15/0.22	trim_end
0.15/0.22	add
0.15/0.22	sub
0.15/0.22	=== Synthesis
0.15/0.22	['concat']: UNSAT (0.032 seconds)
0.15/0.25	['index']: UNSAT (0.032 seconds)
0.15/0.28	['length']: UNSAT (0.023 seconds)
0.15/0.31	['substr']: UNSAT (0.036 seconds)
0.31/0.34	['to_lower']: UNSAT (1.575 seconds)
1.88/1.92	['to_upper']: UNSAT (0.212 seconds)
1.98/2.13	['trim']: 