0.13/0.19	=== Examples (../../dataset/examples/examples-35.json)
0.13/0.19	IO(inputs=('A12345678 John Doe',), output='John Doe')
0.13/0.19	IO(inputs=('B10293481 Jane Moe',), output='Jane Moe')
0.13/0.19	IO(inputs=('C12341341 Anonymous',), output='Anonymous')
0.13/0.19	=== Library
0.13/0.19	concat
0.13/0.19	index
0.13/0.19	length
0.13/0.19	substr
0.13/0.19	to_lower
0.13/0.19	to_upper
0.13/0.19	trim
0.13/0.19	trim_start
0.13/0.19	trim_end
0.13/0.19	add
0.13/0.19	sub
0.13/0.19	=== Synthesis
0.13/0.19	['concat']: UNSAT (0.029 seconds)
0.13/0.22	['index']: UNSAT (0.030 seconds)
0.13/0.25	['length']: UNSAT (0.021 seconds)
0.13/0.27	['substr']: SAT (0.037 seconds)
0.27/0.31	substr(arg0, 10, 10)
