0.00/0.21	=== Examples (../../dataset/examples/examples-37.json)
0.00/0.21	IO(inputs=('Duis eget ultrices sapien. / Nulla eu vehicula enim, in metus.',), output='/ Nulla eu')
0.00/0.21	IO(inputs=('Sed imperdiet lectus vel amet. / Vestibulum ut ligula metus.',), output='/ Vestibul')
0.00/0.21	IO(inputs=('Praesent in pulvinar sapien. / Orci varius natoque penatibus et magnis dis parturient montes, nascetur ridiculus mus. / Aliquam cursus est in massa metus.',), output='/ Orci var')
0.00/0.21	=== Library
0.00/0.21	concat
0.00/0.21	index
0.00/0.21	length
0.00/0.21	substr
0.00/0.21	to_lower
0.00/0.21	to_upper
0.00/0.21	trim
0.00/0.21	trim_start
0.00/0.21	trim_end
0.00/0.21	add
0.00/0.21	sub
0.00/0.21	=== Synthesis
0.00/0.21	['concat']: UNSAT (0.032 seconds)
0.00/0.24	['index']: UNSAT (0.029 seconds)
0.00/0.27	['length']: UNSAT (0.021 seconds)
0.00/0.29	['substr']: UNSAT (0.054 seconds)
0.29/0.35	['to_lower']: UNSAT (0.363 seconds)
0.61/0.71	['to_upper']: UNSAT (0.176 seconds)
0.61/0.89	['trim']: 