0.15/0.19	=== Examples (../../dataset/examples/examples-17.json)
0.15/0.19	IO(inputs=('Quisque sollicitudin volutpat.',), output='Quisque sollicitudin...')
0.15/0.19	IO(inputs=('In viverra in mi non turpis duis.',), output='In viverra in mi non...')
0.15/0.19	IO(inputs=('Sed vel massa vitae lectus cras amet.',), output='Sed vel massa vitae ...')
0.15/0.19	=== Library
0.15/0.19	concat
0.15/0.19	index
0.15/0.19	length
0.15/0.19	substr
0.15/0.19	to_lower
0.15/0.19	to_upper
0.15/0.19	trim
0.15/0.19	trim_start
0.15/0.19	trim_end
0.15/0.19	add
0.15/0.19	sub
0.15/0.19	=== Synthesis
0.15/0.19	['concat']: UNSAT (0.033 seconds)
0.15/0.22	['index']: UNSAT (0.031 seconds)
0.15/0.26	['length']: UNSAT (0.022 seconds)
0.15/0.28	['substr']: UNSAT (0.035 seconds)
0.29/0.31	['to_lower']: UNSAT (0.184 seconds)
0.45/0.50	['to_upper']: UNSAT (0.759 seconds)
1.21/1.26	['trim']: 