0.12/0.26	=== Examples (../../dataset/examples/examples-46.json)
0.12/0.26	IO(inputs=(' a b c ',), output='0a0b0c')
0.12/0.26	IO(inputs=('1 2 3 4 5 ',), output='102030405')
0.12/0.26	IO(inputs=(' 123 4 32 4  ',), output='01230403204')
0.12/0.26	=== Library
0.12/0.26	concat
0.12/0.26	index
0.12/0.26	length
0.12/0.26	substr
0.12/0.26	to_lower
0.12/0.26	to_upper
0.12/0.26	trim
0.12/0.26	trim_start
0.12/0.26	trim_end
0.12/0.26	add
0.12/0.26	sub
0.12/0.26	=== Synthesis
0.12/0.26	['concat']: UNSAT (0.056 seconds)
0.28/0.32	['index']: UNSAT (0.048 seconds)
0.28/0.36	['length']: UNSAT (0.042 seconds)
0.28/0.41	['substr']: UNSAT (0.057 seconds)
0.38/0.47	['to_lower']: UNSAT (0.249 seconds)
0.69/0.72	['to_upper']: UNSAT (0.119 seconds)
0.79/0.84	['trim']: UNSAT (167.339 seconds)
168.12/168.18	['trim_start']: UNSAT (0.037 seconds)
168.19/168.22	['trim_end']: UNSAT (7.848 seconds)
176.00/176.06	['add']: UNSAT (0.022 seconds)
176.00/176.09	['sub']: UNSAT (0.022 seconds)
176.00/176.11	['concat', 'concat']: UNSAT (0.046 seconds)
176.12/176.16	['concat', 'index']: UNSAT (0.045 seconds)
176.18/176.20	['concat', 'length']: UNSAT (0.053 seconds)
176.18/176.26	['concat', 'substr']: UNSAT (0.076 seconds)
176.29/176.33	['concat', 'to_lower']: UNKNOWN (17.807 seconds)
194.12/194.14	Reason: smt tactic failed to show goal to be sat/unsat max-conflicts-reached
194.12/194.14	Reason: smt tactic failed to show goal to be sat/unsat max-conflicts-reached
194.12/194.14	['concat', 'to_upper']: UNKNOWN (16.349 seconds)
210.38/210.49	Reason: smt tactic failed to show goal to be sat/unsat max-conflicts-reached
210.38/210.49	Reason: smt tactic failed to show goal to be sat/unsat max-conflicts-reached
210.38/210.49	['concat', 'trim']: 