0.10/0.24	=== Examples (../../dataset/examples/examples-67.json)
0.10/0.24	IO(inputs=(' trim me ',), output='trim me xyz')
0.10/0.24	IO(inputs=('one more pass   ',), output='one more pass xyz')
0.10/0.24	IO(inputs=('  so smooth',), output='so smooth xyz')
0.10/0.24	=== Library
0.10/0.24	concat
0.10/0.24	index
0.10/0.24	length
0.10/0.24	substr
0.10/0.24	to_lower
0.10/0.24	to_upper
0.10/0.24	trim
0.10/0.24	trim_start
0.10/0.24	trim_end
0.10/0.24	add
0.10/0.24	sub
0.10/0.24	=== Synthesis
0.10/0.24	['concat']: UNSAT (0.030 seconds)
0.24/0.27	['index']: UNSAT (0.029 seconds)
0.24/0.30	['length']: UNSAT (0.020 seconds)
0.24/0.32	['substr']: UNSAT (0.032 seconds)
0.33/0.36	['to_lower']: UNSAT (0.109 seconds)
0.44/0.47	['to_upper']: UNSAT (0.101 seconds)
0.54/0.57	['trim']: 