0.00/0.24	=== Examples (../../dataset/examples/examples-48.json)
0.00/0.24	IO(inputs=('John', 'Doe', '@gmail.com'), output='johndoe.@gmail.com')
0.00/0.24	IO(inputs=('Jane', 'Smith', '@outsystems.com'), output='janesmith.@outsystems.com')
0.00/0.24	IO(inputs=('Michael', 'Bluth', '@bluth.com'), output='michaelbluth.@bluth.com')
0.00/0.24	=== Library
0.00/0.24	concat
0.00/0.24	index
0.00/0.24	length
0.00/0.24	substr
0.00/0.24	to_lower
0.00/0.24	to_upper
0.00/0.24	trim
0.00/0.24	trim_start
0.00/0.24	trim_end
0.00/0.24	add
0.00/0.24	sub
0.00/0.24	=== Synthesis
0.00/0.24	['concat']: UNSAT (0.038 seconds)
0.19/0.27	['index']: UNSAT (0.044 seconds)
0.19/0.32	['length']: UNSAT (0.038 seconds)
0.33/0.36	['substr']: UNSAT (0.046 seconds)
0.33/0.41	['to_lower']: UNSAT (0.052 seconds)
0.33/0.46	['to_upper']: UNSAT (0.051 seconds)
0.46/0.51	['trim']: UNSAT (0.039 seconds)
0.46/0.55	['trim_start']: UNSAT (0.031 seconds)
0.46/0.58	['trim_end']: UNSAT (0.037 seconds)
0.56/0.62	['add']: UNSAT (0.030 seconds)
0.56/0.65	['sub']: UNSAT (0.030 seconds)
0.56/0.68	['concat', 'concat']: UNSAT (0.068 seconds)
0.74/0.75	['concat', 'index']: UNSAT (0.067 seconds)
0.81/0.82	['concat', 'length']: UNSAT (0.049 seconds)
0.81/0.87	['concat', 'substr']: UNSAT (0.066 seconds)
0.91/0.94	['concat', 'to_lower']: UNSAT (0.063 seconds)
0.91/1.00	['concat', 'to_upper']: UNSAT (0.065 seconds)
1.01/1.07	['concat', 'trim']: UNSAT (0.069 seconds)
1.01/1.14	['concat', 'trim_start']: UNSAT (0.052 seconds)
1.13/1.19	['concat', 'trim_end']: UNSAT (0.073 seconds)
1.25/1.27	['concat', 'add']: UNSAT (0.043 seconds)
1.25/1.31	['concat', 'sub']: UNSAT (0.044 seconds)
1.31/1.35	['index', 'index']: UNSAT (0.061 seconds)
1.41/1.42	['index', 'length']: UNSAT (0.043 seconds)
1.41/1.46	['index', 'substr']: UNSAT (0.065 seconds)
1.51/1.53	['index', 'to_lower']: UNSAT (0.065 seconds)
1.51/1.59	['index', 'to_upper']: UNSAT (0.068 seconds)
1.61/1.66	['index', 'trim']: UNSAT (0.058 seconds)
1.71/1.72	['index', 'trim_start']: UNSAT (0.046 seconds)
1.71/1.77	['index', 'trim_end']: UNSAT (0.053 seconds)
1.81/1.82	['index', 'add']: UNSAT (0.051 seconds)
1.81/1.87	['index', 'sub']: UNSAT (0.051 seconds)
1.91/1.93	['length', 'length']: UNSAT (0.031 seconds)
1.91/1.96	['length', 'substr']: UNSAT (0.044 seconds)
1.91/2.00	['length', 'to_lower']: UNSAT (0.050 seconds)
2.01/2.05	['length', 'to_upper']: UNSAT (0.053 seconds)
2.01/2.11	['length', 'trim']: UNSAT (0.043 seconds)
2.01/2.15	['length', 'trim_start']: UNSAT (0.037 seconds)
2.13/2.19	['length', 'trim_end']: UNSAT (0.039 seconds)
2.13/2.23	['length', 'add']: UNSAT (0.037 seconds)
2.25/2.27	['length', 'sub']: UNSAT (0.035 seconds)
2.25/2.30	['substr', 'substr']: UNSAT (0.062 seconds)
2.31/2.37	['substr', 'to_lower']: UNSAT (0.066 seconds)
2.41/2.43	['substr', 'to_upper']: UNSAT (0.065 seconds)
2.41/2.50	['substr', 'trim']: UNSAT (0.059 seconds)
2.51/2.56	['substr', 'trim_start']: UNSAT (0.048 seconds)
2.51/2.61	['substr', 'trim_end']: UNSAT (0.059 seconds)
2.61/2.67	['substr', 'add']: UNSAT (0.051 seconds)
2.71/2.72	['substr', 'sub']: UNSAT (0.053 seconds)
2.71/2.77	['to_lower', 'to_lower']: UNSAT (0.077 seconds)
2.81/2.85	['to_lower', 'to_upper']: UNSAT (0.073 seconds)
2.91/2.93	['to_lower', 'trim']: UNSAT (0.066 seconds)
2.91/2.99	['to_lower', 'trim_start']: UNSAT (0.056 seconds)
3.01/3.05	['to_lower', 'trim_end']: UNSAT (0.065 seconds)
3.01/3.12	['to_lower', 'add']: UNSAT (0.056 seconds)
3.13/3.17	['to_lower', 'sub']: UNSAT (0.055 seconds)
3.13/3.23	['to_upper', 'to_upper']: UNSAT (0.073 seconds)
3.25/3.30	['to_upper', 'trim']: UNSAT (0.065 seconds)
3.31/3.37	['to_upper', 'trim_start']: UNSAT (0.058 seconds)
3.41/3.43	['to_upper', 'trim_end']: UNSAT (0.065 seconds)
3.41/3.49	['to_upper', 'add']: UNSAT (0.055 seconds)
3.51/3.55	['to_upper', 'sub']: UNSAT (0.056 seconds)
3.51/3.61	['trim', 'trim']: UNSAT (0.069 seconds)
3.61/3.68	['trim', 'trim_start']: UNSAT (0.051 seconds)
3.71/3.73	['trim', 'trim_end']: UNSAT (0.059 seconds)
3.71/3.79	['trim', 'add']: UNSAT (0.047 seconds)
3.81/3.84	['trim', 'sub']: UNSAT (0.045 seconds)
3.81/3.88	['trim_start', 'trim_start']: UNSAT (0.041 seconds)
3.91/3.92	['trim_start', 'trim_end']: UNSAT (0.054 seconds)
3.91/3.98	['trim_start', 'add']: UNSAT (0.038 seconds)
4.01/4.02	['trim_start', 'sub']: UNSAT (0.040 seconds)
4.01/4.06	['trim_end', 'trim_end']: UNSAT (0.052 seconds)
4.01/4.11	['trim_end', 'add']: UNSAT (0.045 seconds)
4.13/4.16	['trim_end', 'sub']: UNSAT (0.044 seconds)
4.13/4.20	['add', 'add']: UNSAT (0.048 seconds)
4.13/4.25	['add', 'sub']: UNSAT (0.044 seconds)
4.24/4.30	['sub', 'sub']: UNSAT (0.048 seconds)
4.31/4.35	['concat', 'concat', 'concat']: UNSAT (0.250 seconds)
4.51/4.60	['concat', 'concat', 'index']: UNSAT (0.089 seconds)
4.61/4.69	['concat', 'concat', 'length']: UNSAT (0.092 seconds)
4.71/4.78	['concat', 'concat', 'substr']: UNSAT (0.173 seconds)
4.91/4.95	['concat', 'concat', 'to_lower']: UNKNOWN (95.821 seconds)
100.70/100.78	Reason: smt tactic failed to show goal to be sat/unsat max-conflicts-reached
100.70/100.78	Reason: smt tactic failed to show goal to be sat/unsat max-conflicts-reached
100.70/100.78	['concat', 'concat', 'to_upper']: UNSAT (0.900 seconds)
101.60/101.68	['concat', 'concat', 'trim']: UNSAT (141.745 seconds)
243.40/243.43	['concat', 'concat', 'trim_start']: UNSAT (0.214 seconds)
243.60/243.64	['concat', 'concat', 'trim_end']: 