0.17/0.20	=== Examples (../../dataset/examples/examples-28.json)
0.17/0.20	IO(inputs=('hello', 'world'), output='hello-world')
0.17/0.20	IO(inputs=('train it', 'spot it'), output='train-spot ')
0.17/0.20	IO(inputs=('rain yeah', 'fenix id'), output='rain -fenix')
0.17/0.20	=== Library
0.17/0.20	concat
0.17/0.20	index
0.17/0.20	length
0.17/0.20	substr
0.17/0.20	to_lower
0.17/0.20	to_upper
0.17/0.20	trim
0.17/0.20	trim_start
0.17/0.20	trim_end
0.17/0.20	add
0.17/0.20	sub
0.17/0.20	=== Synthesis
0.17/0.20	['concat']: UNSAT (0.034 seconds)
0.17/0.23	['index']: UNSAT (0.036 seconds)
0.17/0.27	['length']: UNSAT (0.023 seconds)
0.17/0.29	['substr']: UNSAT (0.035 seconds)
0.17/0.33	['to_lower']: UNSAT (0.050 seconds)
0.17/0.38	['to_upper']: UNSAT (0.052 seconds)
0.17/0.43	['trim']: UNSAT (0.039 seconds)
0.17/0.47	['trim_start']: UNSAT (0.029 seconds)
0.40/0.50	['trim_end']: UNSAT (0.036 seconds)
0.40/0.54	['add']: UNSAT (0.028 seconds)
0.40/0.57	['sub']: UNSAT (0.029 seconds)
0.56/0.60	['concat', 'concat']: UNSAT (0.062 seconds)
0.56/0.66	['concat', 'index']: UNSAT (0.052 seconds)
0.56/0.71	['concat', 'length']: UNSAT (0.039 seconds)
0.56/0.75	['concat', 'substr']: UNSAT (0.051 seconds)
0.56/0.80	['concat', 'to_lower']: UNSAT (23.898 seconds)
24.69/24.70	['concat', 'to_upper']: UNSAT (0.158 seconds)
24.79/24.86	['concat', 'trim']: UNSAT (37.017 seconds)
61.81/61.88	['concat', 'trim_start']: UNSAT (0.052 seconds)
61.88/61.94	['concat', 'trim_end']: 