0.11/0.18	=== Examples (../../dataset/examples/examples-72.json)
0.11/0.18	IO(inputs=('just use', 'trim '), output='just use trim')
0.11/0.18	IO(inputs=(" gudamit'", 'why you no use '), output="gudamit' why you no use")
0.11/0.18	IO(inputs=('your', 'libraries  '), output='your libraries')
0.11/0.18	=== Library
0.11/0.18	concat
0.11/0.18	index
0.11/0.18	length
0.11/0.18	substr
0.11/0.18	to_lower
0.11/0.18	to_upper
0.11/0.18	trim
0.11/0.18	trim_start
0.11/0.18	trim_end
0.11/0.18	add
0.11/0.18	sub
0.11/0.18	=== Synthesis
0.11/0.18	['concat']: UNSAT (0.030 seconds)
0.11/0.21	['index']: UNSAT (0.028 seconds)
0.11/0.24	['length']: UNSAT (0.019 seconds)
0.11/0.26	['substr']: UNSAT (0.028 seconds)
0.25/0.29	['to_lower']: UNSAT (0.041 seconds)
0.25/0.33	['to_upper']: UNSAT (0.041 seconds)
0.25/0.38	['trim']: UNSAT (0.032 seconds)
0.37/0.41	['trim_start']: UNSAT (0.024 seconds)
0.37/0.43	['trim_end']: UNSAT (0.029 seconds)
0.37/0.46	['add']: UNSAT (0.024 seconds)
0.37/0.49	['sub']: UNSAT (0.023 seconds)
0.47/0.51	['concat', 'concat']: UNSAT (0.057 seconds)
0.47/0.57	['concat', 'index']: UNSAT (0.050 seconds)
0.54/0.62	['concat', 'length']: UNSAT (0.038 seconds)
0.63/0.66	['concat', 'substr']: UNSAT (0.056 seconds)
0.69/0.72	['concat', 'to_lower']: UNSAT (0.245 seconds)
0.89/0.96	['concat', 'to_upper']: UNSAT (0.163 seconds)
1.01/1.13	['concat', 'trim']: UNSAT (225.881 seconds)
226.98/227.01	['concat', 'trim_start']: UNSAT (0.056 seconds)
226.98/227.07	['concat', 'trim_end']: UNSAT (34.127 seconds)
261.10/261.20	['concat', 'add']: UNSAT (0.039 seconds)
261.10/261.24	['concat', 'sub']: UNSAT (0.039 seconds)
261.24/261.27	['index', 'index']: UNSAT (0.057 seconds)
261.28/261.33	['index', 'length']: UNSAT (0.041 seconds)
261.28/261.37	['index', 'substr']: UNSAT (0.058 seconds)
261.38/261.43	['index', 'to_lower']: UNSAT (0.060 seconds)
261.38/261.49	['index', 'to_upper']: UNSAT (0.062 seconds)
261.48/261.56	['index', 'trim']: UNSAT (0.053 seconds)
261.58/261.61	['index', 'trim_start']: UNSAT (0.047 seconds)
261.58/261.66	['index', 'trim_end']: UNSAT (0.052 seconds)
261.68/261.71	['index', 'add']: UNSAT (0.050 seconds)
261.68/261.76	['index', 'sub']: UNSAT (0.047 seconds)
261.78/261.81	['length', 'length']: UNSAT (0.027 seconds)
261.78/261.84	['length', 'substr']: UNSAT (0.041 seconds)
261.78/261.88	['length', 'to_lower']: UNSAT (0.048 seconds)
261.88/261.93	['length', 'to_upper']: UNSAT (0.048 seconds)
261.88/261.98	['length', 'trim']: UNSAT (0.039 seconds)
261.98/262.02	['length', 'trim_start']: UNSAT (0.033 seconds)
261.98/262.05	['length', 'trim_end']: UNSAT (0.036 seconds)
261.98/262.09	['length', 'add']: UNSAT (0.033 seconds)
261.98/262.12	['length', 'sub']: UNSAT (0.032 seconds)
262.10/262.15	['substr', 'substr']: UNSAT (0.055 seconds)
262.10/262.21	['substr', 'to_lower']: UNSAT (0.060 seconds)
262.24/262.27	['substr', 'to_upper']: UNSAT (0.059 seconds)
262.28/262.33	['substr', 'trim']: UNSAT (0.052 seconds)
262.28/262.38	['substr', 'trim_start']: UNSAT (0.046 seconds)
262.38/262.43	['substr', 'trim_end']: UNSAT (0.051 seconds)
262.38/262.48	['substr', 'add']: UNSAT (0.047 seconds)
262.48/262.53	['substr', 'sub']: UNSAT (0.048 seconds)
262.48/262.58	['to_lower', 'to_lower']: UNSAT (0.070 seconds)
262.58/262.65	['to_lower', 'to_upper']: UNSAT (0.076 seconds)
262.68/262.73	['to_lower', 'trim']: UNSAT (0.066 seconds)
262.68/262.79	['to_lower', 'trim_start']: UNSAT (0.059 seconds)
262.78/262.85	['to_lower', 'trim_end']: UNSAT (0.063 seconds)
262.88/262.92	['to_lower', 'add']: UNSAT (0.051 seconds)
262.88/262.97	['to_lower', 'sub']: UNSAT (0.051 seconds)
262.98/263.02	['to_upper', 'to_upper']: UNSAT (0.069 seconds)
262.98/263.09	['to_upper', 'trim']: UNSAT (0.064 seconds)
263.10/263.16	['to_upper', 'trim_start']: UNSAT (0.060 seconds)
263.10/263.22	['to_upper', 'trim_end']: UNSAT (0.064 seconds)
263.23/263.28	['to_upper', 'add']: UNSAT (0.051 seconds)
263.28/263.33	['to_upper', 'sub']: UNSAT (0.053 seconds)
263.28/263.39	['trim', 'trim']: UNSAT (0.062 seconds)
263.38/263.45	['trim', 'trim_start']: UNSAT (0.050 seconds)
263.48/263.50	['trim', 'trim_end']: UNSAT (0.055 seconds)
263.48/263.56	['trim', 'add']: UNSAT (0.043 seconds)
263.58/263.60	['trim', 'sub']: UNSAT (0.044 seconds)
263.58/263.64	['trim_start', 'trim_start']: UNSAT (0.041 seconds)
263.58/263.69	['trim_start', 'trim_end']: UNSAT (0.054 seconds)
263.68/263.74	['trim_start', 'add']: UNSAT (0.039 seconds)
263.68/263.78	['trim_start', 'sub']: UNSAT (0.036 seconds)
263.78/263.82	['trim_end', 'trim_end']: UNSAT (0.052 seconds)
263.78/263.87	['trim_end', 'add']: UNSAT (0.044 seconds)
263.88/263.92	['trim_end', 'sub']: UNSAT (0.048 seconds)
263.88/263.97	['add', 'add']: UNSAT (0.083 seconds)
263.98/264.05	['add', 'sub']: UNSAT (0.059 seconds)
263.98/264.11	['sub', 'sub']: UNSAT (0.053 seconds)
264.11/264.16	['concat', 'concat', 'concat']: UNSAT (0.305 seconds)
264.38/264.47	['concat', 'concat', 'index']: UNSAT (0.100 seconds)
264.48/264.57	['concat', 'concat', 'length']: UNSAT (0.072 seconds)
264.58/264.64	['concat', 'concat', 'substr']: UNSAT (0.260 seconds)
264.88/264.90	['concat', 'concat', 'to_lower']: UNKNOWN (50.257 seconds)
315.10/315.16	Reason: smt tactic failed to show goal to be sat/unsat max-conflicts-reached
315.10/315.16	Reason: smt tactic failed to show goal to be sat/unsat max-conflicts-reached
315.10/315.16	['concat', 'concat', 'to_upper']: UNKNOWN (19.869 seconds)
334.98/335.03	Reason: smt tactic failed to show goal to be sat/unsat max-conflicts-reached
334.98/335.03	Reason: smt tactic failed to show goal to be sat/unsat max-conflicts-reached
334.98/335.03	['concat', 'concat', 'trim']: 