0.00/0.20	=== Examples (../../dataset/examples/examples-64.json)
0.00/0.20	IO(inputs=('# this is a comment',), output='# this is a comment')
0.00/0.20	IO(inputs=('code code code # comment',), output='# comment')
0.00/0.20	IO(inputs=('sigh more code # more comments',), output='# more comments')
0.00/0.20	=== Library
0.00/0.20	concat
0.00/0.20	index
0.00/0.20	length
0.00/0.20	substr
0.00/0.20	to_lower
0.00/0.20	to_upper
0.00/0.20	trim
0.00/0.20	trim_start
0.00/0.20	trim_end
0.00/0.20	add
0.00/0.20	sub
0.00/0.20	=== Synthesis
0.00/0.20	['concat']: UNSAT (0.031 seconds)
0.00/0.24	['index']: UNSAT (0.031 seconds)
0.00/0.27	['length']: UNSAT (0.023 seconds)
0.00/0.29	['substr']: UNSAT (0.035 seconds)
0.00/0.33	['to_lower']: UNSAT (5.782 seconds)
6.01/6.11	['to_upper']: UNSAT (0.125 seconds)
6.21/6.24	['trim']: 