0.10/0.16	=== Examples (../../dataset/examples/examples-84.json)
0.10/0.16	IO(inputs=('George Michael',), output='https://georgemichael.com')
0.10/0.16	IO(inputs=('Maebe Bluth',), output='https://maebebluth.com')
0.10/0.16	IO(inputs=('Michael Bluth',), output='https://michaelbluth.com')
0.10/0.16	=== Library
0.10/0.16	concat
0.10/0.16	index
0.10/0.16	length
0.10/0.16	substr
0.10/0.16	to_lower
0.10/0.16	to_upper
0.10/0.16	trim
0.10/0.16	trim_start
0.10/0.16	trim_end
0.10/0.16	add
0.10/0.16	sub
0.10/0.16	=== Synthesis
0.10/0.16	['concat']: UNSAT (0.028 seconds)
0.10/0.19	['index']: UNSAT (0.027 seconds)
0.10/0.21	['length']: UNSAT (0.020 seconds)
0.10/0.24	['substr']: UNSAT (0.032 seconds)
0.10/0.27	['to_lower']: UNSAT (0.372 seconds)
0.63/0.64	['to_upper']: UNSAT (0.062 seconds)
0.69/0.70	['trim']: UNSAT (14.777 seconds)
15.39/15.48	['trim_start']: UNSAT (0.028 seconds)
15.49/15.51	['trim_end']: UNSAT (26.720 seconds)
42.19/42.23	['add']: UNSAT (0.023 seconds)
42.19/42.26	['sub']: UNSAT (0.026 seconds)
42.19/42.28	['concat', 'concat']: UNSAT (0.090 seconds)
42.29/42.37	['concat', 'index']: UNSAT (0.045 seconds)
42.39/42.42	['concat', 'length']: UNSAT (0.037 seconds)
42.39/42.46	['concat', 'substr']: UNSAT (0.092 seconds)
42.49/42.55	['concat', 'to_lower']: UNKNOWN (43.816 seconds)
86.29/86.37	Reason: smt tactic failed to show goal to be sat/unsat max-conflicts-reached
86.29/86.37	Reason: smt tactic failed to show goal to be sat/unsat max-conflicts-reached
86.29/86.37	['concat', 'to_upper']: UNSAT (30.774 seconds)
117.12/117.14	['concat', 'trim']: 