0.00/0.20	=== Examples (../../dataset/examples/examples-24.json)
0.00/0.20	IO(inputs=('Nulla sapien nisi, auctor sed.',), output='Nulla sapien nisi, auctor sed....')
0.00/0.20	IO(inputs=('Nunc sed magna in ante congue feugiat nullam.',), output='Nunc sed magna in ante congue feugiat nu...')
0.00/0.20	IO(inputs=('Suspendisse ac neque vestibulum volutpat.',), output='Suspendisse ac neque vestibulum volutpat...')
0.00/0.20	=== Library
0.00/0.20	concat
0.00/0.20	index
0.00/0.20	length
0.00/0.20	substr
0.00/0.20	to_lower
0.00/0.20	to_upper
0.00/0.20	trim
0.00/0.20	trim_start
0.00/0.20	trim_end
0.00/0.20	add
0.00/0.20	sub
0.00/0.20	=== Synthesis
0.00/0.20	['concat']: UNSAT (0.033 seconds)
0.00/0.23	['index']: UNSAT (0.033 seconds)
0.00/0.26	['length']: UNSAT (0.023 seconds)
0.27/0.29	['substr']: UNSAT (0.037 seconds)
0.27/0.33	['to_lower']: UNSAT (0.238 seconds)
0.55/0.57	['to_upper']: UNSAT (0.452 seconds)
0.99/1.02	['trim']: 