0.12/0.20	=== Examples (../../dataset/examples/examples-16.json)
0.12/0.20	IO(inputs=('  hello world',), output='hello world')
0.12/0.20	IO(inputs=(' how are you? ',), output='how are you?')
0.12/0.20	IO(inputs=('are you there? ',), output='are you there?')
0.12/0.20	=== Library
0.12/0.20	concat
0.12/0.20	index
0.12/0.20	length
0.12/0.20	substr
0.12/0.20	to_lower
0.12/0.20	to_upper
0.12/0.20	trim
0.12/0.20	trim_start
0.12/0.20	trim_end
0.12/0.20	add
0.12/0.20	sub
0.12/0.20	=== Synthesis
0.12/0.20	['concat']: UNSAT (0.032 seconds)
0.12/0.23	['index']: UNSAT (0.033 seconds)
0.12/0.26	['length']: UNSAT (0.023 seconds)
0.28/0.29	['substr']: UNSAT (0.035 seconds)
0.28/0.32	['to_lower']: UNSAT (0.113 seconds)
0.38/0.44	['to_upper']: UNSAT (0.239 seconds)
0.63/0.68	['trim']: 