0.11/0.19	=== Examples (../../dataset/examples/examples-79.json)
0.11/0.19	IO(inputs=('outsystems.com',), output='com')
0.11/0.19	IO(inputs=('cmu.edu',), output='edu')
0.11/0.19	IO(inputs=('tecnico.pt',), output='pt')
0.11/0.19	=== Library
0.11/0.19	concat
0.11/0.19	index
0.11/0.19	length
0.11/0.19	substr
0.11/0.19	to_lower
0.11/0.19	to_upper
0.11/0.19	trim
0.11/0.19	trim_start
0.11/0.19	trim_end
0.11/0.19	add
0.11/0.19	sub
0.11/0.19	=== Synthesis
0.11/0.19	['concat']: UNSAT (0.032 seconds)
0.11/0.23	['index']: UNSAT (0.032 seconds)
0.11/0.26	['length']: UNSAT (0.022 seconds)
0.11/0.28	['substr']: UNSAT (0.035 seconds)
0.26/0.32	['to_lower']: UNSAT (0.444 seconds)
0.69/0.76	['to_upper']: UNSAT (0.201 seconds)
0.89/0.97	['trim']: 