0.17/0.24	=== Examples (../../dataset/examples/examples-21.json)
0.17/0.24	IO(inputs=('10-05-2019',), output='10/05/20')
0.17/0.24	IO(inputs=('31-12-1999',), output='31/12/19')
0.17/0.24	IO(inputs=('01-01-2000',), output='01/01/20')
0.17/0.24	=== Library
0.17/0.24	concat
0.17/0.24	index
0.17/0.24	length
0.17/0.24	substr
0.17/0.24	to_lower
0.17/0.24	to_upper
0.17/0.24	trim
0.17/0.24	trim_start
0.17/0.24	trim_end
0.17/0.24	add
0.17/0.24	sub
0.17/0.24	=== Synthesis
0.17/0.24	['concat']: UNSAT (0.028 seconds)
0.17/0.27	['index']: UNSAT (0.028 seconds)
0.17/0.30	['length']: UNSAT (0.030 seconds)
0.17/0.33	['substr']: UNSAT (0.046 seconds)
0.33/0.38	['to_lower']: UNKNOWN (24.718 seconds)
25.01/25.10	Reason: smt tactic failed to show goal to be sat/unsat max-conflicts-reached
25.01/25.10	Reason: smt tactic failed to show goal to be sat/unsat max-conflicts-reached
25.01/25.10	['to_upper']: UNKNOWN (33.018 seconds)
58.10/58.12	Reason: smt tactic failed to show goal to be sat/unsat max-conflicts-reached
58.10/58.12	Reason: smt tactic failed to show goal to be sat/unsat max-conflicts-reached
58.10/58.12	['trim']: UNSAT (13.913 seconds)
72.00/72.03	['trim_start']: UNSAT (0.053 seconds)
72.00/72.09	['trim_end']: UNSAT (36.603 seconds)
108.60/108.69	['add']: UNSAT (0.030 seconds)
108.70/108.72	['sub']: UNSAT (0.028 seconds)
108.70/108.75	['concat', 'concat']: UNSAT (0.050 seconds)
108.70/108.80	['concat', 'index']: UNSAT (0.048 seconds)
108.80/108.85	['concat', 'length']: UNSAT (0.036 seconds)
108.80/108.89	['concat', 'substr']: UNSAT (0.111 seconds)
108.90/109.00	['concat', 'to_lower']: UNKNOWN (36.108 seconds)
145.00/145.11	Reason: smt tactic failed to show goal to be sat/unsat max-conflicts-reached
145.00/145.11	Reason: smt tactic failed to show goal to be sat/unsat max-conflicts-reached
145.00/145.11	['concat', 'to_upper']: UNSAT (9.709 seconds)
154.80/154.82	['concat', 'trim']: 