0.12/0.19	=== Examples (../../dataset/examples/examples-77.json)
0.12/0.19	IO(inputs=('George Michael',), output='Michael')
0.12/0.19	IO(inputs=('Michael Bluth',), output='Bluth')
0.12/0.19	IO(inputs=('Maebe Bluth',), output='Bluth')
0.12/0.19	=== Library
0.12/0.19	concat
0.12/0.19	index
0.12/0.19	length
0.12/0.19	substr
0.12/0.19	to_lower
0.12/0.19	to_upper
0.12/0.19	trim
0.12/0.19	trim_start
0.12/0.19	trim_end
0.12/0.19	add
0.12/0.19	sub
0.12/0.19	=== Synthesis
0.12/0.19	['concat']: UNSAT (0.028 seconds)
0.12/0.22	['index']: UNSAT (0.033 seconds)
0.12/0.26	['length']: UNSAT (0.036 seconds)
0.12/0.29	['substr']: UNSAT (0.051 seconds)
0.30/0.35	['to_lower']: UNSAT (0.476 seconds)
0.70/0.82	['to_upper']: UNSAT (0.492 seconds)
1.19/1.32	['trim']: 