0.11/0.21	=== Examples (../../dataset/examples/examples-33.json)
0.11/0.21	IO(inputs=('A001 John Doe',), output='John')
0.11/0.21	IO(inputs=('B234 Jane Moe',), output='Jane')
0.11/0.21	IO(inputs=('C099 Not a standard',), output='Not ')
0.11/0.21	=== Library
0.11/0.21	concat
0.11/0.21	index
0.11/0.21	length
0.11/0.21	substr
0.11/0.21	to_lower
0.11/0.21	to_upper
0.11/0.21	trim
0.11/0.21	trim_start
0.11/0.21	trim_end
0.11/0.21	add
0.11/0.21	sub
0.11/0.21	=== Synthesis
0.11/0.21	['concat']: UNSAT (0.033 seconds)
0.11/0.24	['index']: UNSAT (0.032 seconds)
0.11/0.28	['length']: UNSAT (0.023 seconds)
0.29/0.30	['substr']: UNSAT (0.038 seconds)
0.29/0.34	['to_lower']: UNSAT (0.242 seconds)
0.56/0.58	['to_upper']: UNSAT (0.147 seconds)
0.69/0.73	['trim']: 