0.13/0.20	=== Examples (../../dataset/examples/examples-92.json)
0.13/0.20	IO(inputs=('GEORGE',), output='George')
0.13/0.20	IO(inputs=('MAEBE',), output='Maebe')
0.13/0.20	IO(inputs=('MICHAEL',), output='Michael')
0.13/0.20	=== Library
0.13/0.20	concat
0.13/0.20	index
0.13/0.20	length
0.13/0.20	substr
0.13/0.20	to_lower
0.13/0.20	to_upper
0.13/0.20	trim
0.13/0.20	trim_start
0.13/0.20	trim_end
0.13/0.20	add
0.13/0.20	sub
0.13/0.20	=== Synthesis
0.13/0.20	['concat']: UNSAT (0.031 seconds)
0.13/0.23	['index']: UNSAT (0.032 seconds)
0.13/0.26	['length']: UNSAT (0.023 seconds)
0.13/0.29	['substr']: UNSAT (0.035 seconds)
0.13/0.32	['to_lower']: UNSAT (0.201 seconds)
0.46/0.53	['to_upper']: UNSAT (0.160 seconds)
0.63/0.69	['trim']: UNSAT (3.626 seconds)
4.29/4.31	['trim_start']: UNSAT (0.026 seconds)
4.29/4.34	['trim_end']: SAT (249.722 seconds)
253.99/254.06	trim_end(arg0)
