0.15/0.21	=== Examples (../../dataset/examples/examples-80.json)
0.15/0.21	IO(inputs=('george.bluth@outsystems.com',), output='@outsystems.com')
0.15/0.21	IO(inputs=('maebe@cmu.edu',), output='@cmu.edu')
0.15/0.21	IO(inputs=('michael@tecnico.pt',), output='@tecnico.pt')
0.15/0.21	=== Library
0.15/0.21	concat
0.15/0.21	index
0.15/0.21	length
0.15/0.21	substr
0.15/0.21	to_lower
0.15/0.21	to_upper
0.15/0.21	trim
0.15/0.21	trim_start
0.15/0.21	trim_end
0.15/0.21	add
0.15/0.21	sub
0.15/0.21	=== Synthesis
0.15/0.21	['concat']: UNSAT (0.036 seconds)
0.15/0.24	['index']: UNSAT (0.050 seconds)
0.15/0.29	['length']: UNSAT (0.032 seconds)
0.31/0.33	['substr']: UNSAT (0.031 seconds)
0.31/0.36	['to_lower']: UNSAT (0.083 seconds)
0.42/0.44	['to_upper']: UNSAT (0.452 seconds)
0.83/0.90	['trim']: 