0.13/0.21	=== Examples (../../dataset/examples/examples-90.json)
0.13/0.21	IO(inputs=('george',), output='George')
0.13/0.21	IO(inputs=('maebe',), output='Maebe')
0.13/0.21	IO(inputs=('michael',), output='Michael')
0.13/0.21	=== Library
0.13/0.21	concat
0.13/0.21	index
0.13/0.21	length
0.13/0.21	substr
0.13/0.21	to_lower
0.13/0.21	to_upper
0.13/0.21	trim
0.13/0.21	trim_start
0.13/0.21	trim_end
0.13/0.21	add
0.13/0.21	sub
0.13/0.21	=== Synthesis
0.13/0.21	['concat']: UNSAT (0.033 seconds)
0.13/0.24	['index']: UNSAT (0.035 seconds)
0.13/0.28	['length']: UNSAT (0.024 seconds)
0.13/0.30	['substr']: UNSAT (0.036 seconds)
0.29/0.34	['to_lower']: UNSAT (0.074 seconds)
0.39/0.41	['to_upper']: UNSAT (0.376 seconds)
0.69/0.79	['trim']: UNSAT (3.001 seconds)
3.69/3.79	['trim_start']: UNSAT (0.028 seconds)
3.79/3.82	['trim_end']: UNSAT (3.350 seconds)
6.99/7.17	['add']: UNSAT (0.024 seconds)
7.17/7.20	['sub']: UNSAT (0.025 seconds)
7.17/7.22	['concat', 'concat']: UNSAT (0.049 seconds)
7.17/7.27	['concat', 'index']: UNSAT (0.048 seconds)
7.29/7.32	['concat', 'length']: UNSAT (0.036 seconds)
7.29/7.36	['concat', 'substr']: UNSAT (0.072 seconds)
7.39/7.43	['concat', 'to_lower']: UNSAT (1.906 seconds)
9.28/9.34	['concat', 'to_upper']: UNKNOWN (10.114 seconds)
19.39/19.45	Reason: smt tactic failed to show goal to be sat/unsat max-conflicts-reached
19.39/19.45	Reason: smt tactic failed to show goal to be sat/unsat max-conflicts-reached
19.39/19.45	['concat', 'trim']: 