0.13/0.20	=== Examples (../../dataset/examples/examples-60.json)
0.13/0.20	IO(inputs=('who cares about the last ones...',), output='who cares about the last ones')
0.13/0.20	IO(inputs=('just let them die!!!',), output='just let them die')
0.13/0.20	IO(inputs=('oh god what have i become!!!',), output='oh god what have i become')
0.13/0.20	=== Library
0.13/0.20	concat
0.13/0.20	index
0.13/0.20	length
0.13/0.20	substr
0.13/0.20	to_lower
0.13/0.20	to_upper
0.13/0.20	trim
0.13/0.20	trim_start
0.13/0.20	trim_end
0.13/0.20	add
0.13/0.20	sub
0.13/0.20	=== Synthesis
0.13/0.20	['concat']: UNSAT (0.033 seconds)
0.13/0.24	['index']: UNSAT (0.032 seconds)
0.13/0.27	['length']: UNSAT (0.021 seconds)
0.27/0.29	['substr']: UNSAT (0.036 seconds)
0.27/0.33	['to_lower']: UNKNOWN (111.997 seconds)
112.28/112.33	Reason: smt tactic failed to show goal to be sat/unsat max-conflicts-reached
112.28/112.33	Reason: smt tactic failed to show goal to be sat/unsat max-conflicts-reached
112.28/112.33	['to_upper']: UNSAT (0.176 seconds)
112.49/112.50	['trim']: UNSAT (297.209 seconds)
409.68/409.71	['trim_start']: UNSAT (0.033 seconds)
409.68/409.75	['trim_end']: 