0.14/0.21	=== Examples (../../dataset/examples/examples-43.json)
0.14/0.21	IO(inputs=('https://ThatCoolWebsite.com',), output='thatcoolwebsite.com')
0.14/0.21	IO(inputs=('https://secure.com',), output='secure.com')
0.14/0.21	IO(inputs=('http://insecure.com',), output='insecure.com')
0.14/0.21	=== Library
0.14/0.21	concat
0.14/0.21	index
0.14/0.21	length
0.14/0.21	substr
0.14/0.21	to_lower
0.14/0.21	to_upper
0.14/0.21	trim
0.14/0.21	trim_start
0.14/0.21	trim_end
0.14/0.21	add
0.14/0.21	sub
0.14/0.21	=== Synthesis
0.14/0.21	['concat']: UNSAT (0.032 seconds)
0.14/0.24	['index']: UNSAT (0.032 seconds)
0.14/0.27	['length']: UNSAT (0.023 seconds)
0.14/0.30	['substr']: UNSAT (0.050 seconds)
0.29/0.35	['to_lower']: UNSAT (0.092 seconds)
0.37/0.44	['to_upper']: UNSAT (0.105 seconds)
0.45/0.55	['trim']: 