0.11/0.20	=== Examples (../../dataset/examples/examples-34.json)
0.11/0.20	IO(inputs=('A001 John Doe',), output='John Doe')
0.11/0.20	IO(inputs=('B234 Jane Moe',), output='Jane Moe')
0.11/0.20	IO(inputs=('C099 Not a standard',), output='Not a standard')
0.11/0.20	=== Library
0.11/0.20	concat
0.11/0.20	index
0.11/0.20	length
0.11/0.20	substr
0.11/0.20	to_lower
0.11/0.20	to_upper
0.11/0.20	trim
0.11/0.20	trim_start
0.11/0.20	trim_end
0.11/0.20	add
0.11/0.20	sub
0.11/0.20	=== Synthesis
0.11/0.20	['concat']: UNSAT (0.032 seconds)
0.11/0.24	['index']: UNSAT (0.032 seconds)
0.11/0.27	['length']: UNSAT (0.022 seconds)
0.25/0.29	['substr']: UNSAT (0.035 seconds)
0.25/0.33	['to_lower']: UNSAT (0.238 seconds)
0.53/0.57	['to_upper']: UNSAT (0.148 seconds)
0.65/0.72	['trim']: 