0.19/0.25	=== Examples (../../dataset/examples/examples-18.json)
0.19/0.25	IO(inputs=('Lorem ipsum dolor sit amet cras amet.',), output='Lorem ipsum dolor sit amet cra...')
0.19/0.25	IO(inputs=('Maecenas non lorem suscipit, pharetra mi sed.',), output='Maecenas non lorem suscipit, p...')
0.19/0.25	IO(inputs=('Nulla facilisi turpis duis.',), output='Nulla facilisi turpis duis....')
0.19/0.25	=== Library
0.19/0.25	concat
0.19/0.25	index
0.19/0.25	length
0.19/0.25	substr
0.19/0.25	to_lower
0.19/0.25	to_upper
0.19/0.25	trim
0.19/0.25	trim_start
0.19/0.25	trim_end
0.19/0.25	add
0.19/0.25	sub
0.19/0.25	=== Synthesis
0.19/0.25	['concat']: UNSAT (0.029 seconds)
0.19/0.28	['index']: UNSAT (0.028 seconds)
0.19/0.31	['length']: UNSAT (0.037 seconds)
0.19/0.34	['substr']: UNSAT (0.053 seconds)
0.36/0.40	['to_lower']: UNSAT (0.218 seconds)
0.58/0.62	['to_upper']: UNSAT (0.919 seconds)
1.49/1.54	['trim']: 