0.14/0.19	=== Examples (../../dataset/examples/examples-76.json)
0.14/0.19	IO(inputs=('abcdef', 3, 'xyz'), output='xyz')
0.14/0.19	IO(inputs=('012345', 4, '742'), output='0742')
0.14/0.19	IO(inputs=('abc132', 5, 'xyz'), output='abxyz')
0.14/0.19	=== Library
0.14/0.19	concat
0.14/0.19	index
0.14/0.19	length
0.14/0.19	substr
0.14/0.19	to_lower
0.14/0.19	to_upper
0.14/0.19	trim
0.14/0.19	trim_start
0.14/0.19	trim_end
0.14/0.19	add
0.14/0.19	sub
0.14/0.19	=== Synthesis
0.14/0.19	['concat']: UNSAT (0.029 seconds)
0.14/0.22	['index']: UNSAT (0.038 seconds)
0.14/0.26	['length']: UNSAT (0.035 seconds)
0.29/0.30	['substr']: UNSAT (0.059 seconds)
0.29/0.36	['to_lower']: UNSAT (0.056 seconds)
0.38/0.42	['to_upper']: UNSAT (0.054 seconds)
0.38/0.47	['trim']: UNSAT (0.042 seconds)
0.48/0.52	['trim_start']: UNSAT (0.025 seconds)
0.48/0.54	['trim_end']: UNSAT (0.051 seconds)
0.58/0.59	['add']: UNSAT (0.048 seconds)
0.63/0.64	['sub']: UNSAT (0.028 seconds)
0.63/0.67	['concat', 'concat']: UNSAT (0.061 seconds)
0.69/0.73	['concat', 'index']: UNSAT (0.086 seconds)
0.79/0.82	['concat', 'length']: UNSAT (0.075 seconds)
0.89/0.90	['concat', 'substr']: UNSAT (0.129 seconds)
0.89/1.03	['concat', 'to_lower']: UNSAT (0.067 seconds)
1.03/1.10	['concat', 'to_upper']: UNSAT (0.060 seconds)
1.13/1.16	['concat', 'trim']: UNSAT (0.055 seconds)
1.19/1.21	['concat', 'trim_start']: UNSAT (0.044 seconds)
1.19/1.26	['concat', 'trim_end']: UNSAT (0.056 seconds)
1.29/1.32	['concat', 'add']: UNSAT (0.059 seconds)
1.29/1.38	['concat', 'sub']: UNSAT (0.046 seconds)
1.39/1.42	['index', 'index']: UNSAT (0.065 seconds)
1.39/1.49	['index', 'length']: UNSAT (0.044 seconds)
1.49/1.54	['index', 'substr']: UNSAT (0.113 seconds)
1.59/1.65	['index', 'to_lower']: UNSAT (0.068 seconds)
1.69/1.72	['index', 'to_upper']: UNSAT (0.084 seconds)
1.79/1.80	['index', 'trim']: UNSAT (0.057 seconds)
1.79/1.86	['index', 'trim_start']: UNSAT (0.080 seconds)
1.89/1.94	['index', 'trim_end']: UNSAT (0.103 seconds)
1.89/2.05	['index', 'add']: UNSAT (0.080 seconds)
2.09/2.13	['index', 'sub']: UNSAT (0.052 seconds)
2.09/2.18	['length', 'length']: UNSAT (0.031 seconds)
2.19/2.21	['length', 'substr']: UNSAT (0.047 seconds)
2.19/2.26	['length', 'to_lower']: UNSAT (0.063 seconds)
2.29/2.33	['length', 'to_upper']: UNSAT (0.059 seconds)
2.29/2.39	['length', 'trim']: UNSAT (0.041 seconds)
2.39/2.43	['length', 'trim_start']: UNSAT (0.037 seconds)
2.39/2.47	['length', 'trim_end']: UNSAT (0.040 seconds)
2.49/2.51	['length', 'add']: UNSAT (0.037 seconds)
2.49/2.55	['length', 'sub']: UNSAT (0.037 seconds)
2.49/2.58	['substr', 'substr']: UNSAT (0.086 seconds)
2.59/2.67	['substr', 'to_lower']: UNSAT (0.090 seconds)
2.69/2.76	['substr', 'to_upper']: UNSAT (0.070 seconds)
2.79/2.83	['substr', 'trim']: UNSAT (0.062 seconds)
2.89/2.90	['substr', 'trim_start']: UNSAT (0.053 seconds)
2.89/2.95	['substr', 'trim_end']: UNSAT (0.081 seconds)
2.99/3.03	['substr', 'add']: UNSAT (0.093 seconds)
2.99/3.13	['substr', 'sub']: UNSAT (0.092 seconds)
3.19/3.22	['to_lower', 'to_lower']: UNSAT (0.076 seconds)
3.19/3.30	['to_lower', 'to_upper']: UNSAT (0.096 seconds)
3.31/3.40	['to_lower', 'trim']: UNSAT (0.065 seconds)
3.39/3.46	['to_lower', 'trim_start']: UNSAT (0.057 seconds)
3.49/3.52	['to_lower', 'trim_end']: UNSAT (0.061 seconds)
3.49/3.58	['to_lower', 'add']: UNSAT (0.078 seconds)
3.59/3.66	['to_lower', 'sub']: UNSAT (0.060 seconds)
3.69/3.72	['to_upper', 'to_upper']: UNSAT (0.094 seconds)
3.79/3.82	['to_upper', 'trim']: UNSAT (0.062 seconds)
3.79/3.88	['to_upper', 'trim_start']: UNSAT (0.060 seconds)
3.89/3.94	['to_upper', 'trim_end']: UNSAT (0.083 seconds)
3.99/4.03	['to_upper', 'add']: UNSAT (0.078 seconds)
4.09/4.10	['to_upper', 'sub']: UNSAT (0.056 seconds)
4.09/4.16	['trim', 'trim']: UNSAT (0.088 seconds)
4.09/4.25	['trim', 'trim_start']: UNSAT (0.085 seconds)
4.31/4.34	['trim', 'trim_end']: UNSAT (0.059 seconds)
4.31/4.40	['trim', 'add']: UNSAT (0.048 seconds)
4.41/4.45	['trim', 'sub']: UNSAT (0.050 seconds)
4.49/4.50	['trim_start', 'trim_start']: UNSAT (0.038 seconds)
4.49/4.54	['trim_start', 'trim_end']: UNSAT (0.046 seconds)
4.49/4.59	['trim_start', 'add']: UNSAT (0.061 seconds)
4.59/4.65	['trim_start', 'sub']: UNSAT (0.042 seconds)
4.59/4.69	['trim_end', 'trim_end']: UNSAT (0.071 seconds)
4.69/4.76	['trim_end', 'add']: UNSAT (0.046 seconds)
4.79/4.81	['trim_end', 'sub']: UNSAT (0.045 seconds)
4.79/4.86	['add', 'add']: UNSAT (0.049 seconds)
4.89/4.91	['add', 'sub']: UNSAT (0.048 seconds)
4.89/4.95	['sub', 'sub']: UNSAT (0.071 seconds)
4.99/5.03	['concat', 'concat', 'concat']: UNSAT (0.106 seconds)
5.09/5.13	['concat', 'concat', 'index']: UNSAT (0.089 seconds)
5.19/5.22	['concat', 'concat', 'length']: UNSAT (0.073 seconds)
5.19/5.30	['concat', 'concat', 'substr']: UNSAT (2.165 seconds)
7.39/7.47	['concat', 'concat', 'to_lower']: UNSAT (0.155 seconds)
7.39/7.62	['concat', 'concat', 'to_upper']: UNSAT (0.152 seconds)
7.67/7.78	['concat', 'concat', 'trim']: UNSAT (0.098 seconds)
7.79/7.88	['concat', 'concat', 'trim_start']: UNSAT (0.086 seconds)
7.89/7.96	['concat', 'concat', 'trim_end']: UNSAT (0.094 seconds)
7.99/8.06	['concat', 'concat', 'add']: UNSAT (0.086 seconds)
8.09/8.15	['concat', 'concat', 'sub']: UNSAT (0.084 seconds)
8.19/8.23	['concat', 'index', 'index']: UNSAT (0.109 seconds)
8.29/8.34	['concat', 'index', 'length']: UNSAT (0.074 seconds)
8.39/8.42	['concat', 'index', 'substr']: UNSAT (1.479 seconds)
9.80/9.90	['concat', 'index', 'to_lower']: UNSAT (0.175 seconds)
10.01/10.07	['concat', 'index', 'to_upper']: UNSAT (0.121 seconds)
10.19/10.20	['concat', 'index', 'trim']: UNSAT (0.161 seconds)
10.29/10.36	['concat', 'index', 'trim_start']: UNSAT (0.095 seconds)
10.39/10.46	['concat', 'index', 'trim_end']: UNSAT (0.099 seconds)
10.49/10.56	['concat', 'index', 'add']: UNSAT (0.123 seconds)
10.59/10.68	['concat', 'index', 'sub']: UNSAT (0.135 seconds)
10.69/10.82	['concat', 'length', 'length']: UNSAT (0.080 seconds)
10.87/10.90	['concat', 'length', 'substr']: UNSAT (0.205 seconds)
11.09/11.10	['concat', 'length', 'to_lower']: UNSAT (0.081 seconds)
11.09/11.19	['concat', 'length', 'to_upper']: UNSAT (0.081 seconds)
11.19/11.27	['concat', 'length', 'trim']: UNSAT (0.070 seconds)
11.29/11.34	['concat', 'length', 'trim_start']: UNSAT (0.060 seconds)
11.39/11.40	['concat', 'length', 'trim_end']: UNSAT (0.066 seconds)
11.39/11.47	['concat', 'length', 'add']: UNSAT (0.061 seconds)
11.49/11.53	['concat', 'length', 'sub']: UNSAT (0.062 seconds)
11.49/11.60	['concat', 'substr', 'substr']: UNSAT (0.777 seconds)
12.29/12.37	['concat', 'substr', 'to_lower']: 