0.00/0.18	=== Examples (../../dataset/examples/examples-26.json)
0.00/0.18	IO(inputs=('Nullam elementum, nisi ut pharetra molestie, mauris nisl accumsan magna orci aliquam.',), output='Nullam elementum, nisi ut pharetra molestie, mauris nisl accumsan magna orci ali...')
0.00/0.18	IO(inputs=('Nulla scelerisque purus quis felis ullamcorper, eget euismod sapien nullam.',), output='Nulla scelerisque purus quis felis ullamcorper, eget euismod sapien nullam....')
0.00/0.18	IO(inputs=('Pellentesque habitant morbi tristique senectus id.',), output='Pellentesque habitant morbi tristique senectus id....')
0.00/0.18	=== Library
0.00/0.18	concat
0.00/0.18	index
0.00/0.18	length
0.00/0.18	substr
0.00/0.18	to_lower
0.00/0.18	to_upper
0.00/0.18	trim
0.00/0.18	trim_start
0.00/0.18	trim_end
0.00/0.18	add
0.00/0.18	sub
0.00/0.18	=== Synthesis
0.00/0.18	['concat']: UNSAT (0.030 seconds)
0.00/0.21	['index']: UNSAT (0.028 seconds)
0.00/0.24	['length']: UNSAT (0.019 seconds)
0.00/0.26	['substr']: UNSAT (0.033 seconds)
0.18/0.29	['to_lower']: UNSAT (0.234 seconds)
0.18/0.53	['to_upper']: UNSAT (0.344 seconds)
0.63/0.87	['trim']: 