0.00/0.19	=== Examples (../../dataset/examples/examples-62.json)
0.00/0.19	IO(inputs=('1234: try this (hmm)',), output='try this')
0.00/0.19	IO(inputs=('ABCD: then that (ok)',), output='then that')
0.00/0.19	IO(inputs=('a1b2: so this is how it feels (boring)',), output='so this is how it feels')
0.00/0.19	=== Library
0.00/0.19	concat
0.00/0.19	index
0.00/0.19	length
0.00/0.19	substr
0.00/0.19	to_lower
0.00/0.19	to_upper
0.00/0.19	trim
0.00/0.19	trim_start
0.00/0.19	trim_end
0.00/0.19	add
0.00/0.19	sub
0.00/0.19	=== Synthesis
0.00/0.19	['concat']: UNSAT (0.032 seconds)
0.00/0.23	['index']: UNSAT (0.031 seconds)
0.00/0.26	['length']: UNSAT (0.022 seconds)
0.00/0.28	['substr']: UNSAT (0.035 seconds)
0.22/0.32	['to_lower']: UNSAT (0.191 seconds)
0.22/0.51	['to_upper']: UNSAT (0.123 seconds)
0.48/0.63	['trim']: 