0.12/0.20	=== Examples (../../dataset/examples/examples-51.json)
0.12/0.20	IO(inputs=('George ', 'Michael '), output='George  Michael')
0.12/0.20	IO(inputs=('Maebe', 'Bluth   '), output='Maebe Bluth')
0.12/0.20	IO(inputs=('George', 'Sr. '), output='George Sr.')
0.12/0.20	=== Library
0.12/0.20	concat
0.12/0.20	index
0.12/0.20	length
0.12/0.20	substr
0.12/0.20	to_lower
0.12/0.20	to_upper
0.12/0.20	trim
0.12/0.20	trim_start
0.12/0.20	trim_end
0.12/0.20	add
0.12/0.20	sub
0.12/0.20	=== Synthesis
0.12/0.20	['concat']: UNSAT (0.034 seconds)
0.12/0.24	['index']: UNSAT (0.036 seconds)
0.12/0.27	['length']: UNSAT (0.024 seconds)
0.12/0.30	['substr']: UNSAT (0.036 seconds)
0.30/0.33	['to_lower']: UNSAT (0.049 seconds)
0.34/0.38	['to_upper']: UNSAT (0.049 seconds)
0.34/0.43	['trim']: UNSAT (0.038 seconds)
0.44/0.47	['trim_start']: UNSAT (0.029 seconds)
0.44/0.50	['trim_end']: UNSAT (0.035 seconds)
0.44/0.54	['add']: UNSAT (0.028 seconds)
0.44/0.57	['sub']: UNSAT (0.029 seconds)
0.44/0.60	['concat', 'concat']: UNSAT (0.060 seconds)
0.62/0.66	['concat', 'index']: UNSAT (0.052 seconds)
0.69/0.71	['concat', 'length']: UNSAT (0.039 seconds)
0.69/0.75	['concat', 'substr']: UNSAT (0.054 seconds)
0.79/0.81	['concat', 'to_lower']: UNSAT (0.242 seconds)
1.01/1.05	['concat', 'to_upper']: UNSAT (0.416 seconds)
1.39/1.47	['concat', 'trim']: 