599.99/600.04	=== Examples (examples-18.json)
599.99/600.04	(["Lorem ipsum dolor sit amet cras amet."],"Lorem ipsum dolor sit amet cra...")
599.99/600.04	(["Maecenas non lorem suscipit, pharetra mi sed."],"Maecenas non lorem suscipit, p...")
599.99/600.04	=== Library
599.99/600.04	Add
599.99/600.04	Concat
599.99/600.04	Index
599.99/600.04	Length
599.99/600.04	Sub
599.99/600.04	Substr
599.99/600.04	=== Synthesis
599.99/600.04	Size: 1
599.99/600.04	Size: 2
599.99/600.04	outsynth2: 
599.99/600.04	*** Data.SBV: fd:6: hGetLine: end of file:
599.99/600.04	***
599.99/600.04	***    Sent      : (check-sat)
599.99/600.04	***
599.99/600.04	***    Executable: /home/rodrigo/bin/z3
599.99/600.04	***    Options   : -nw -in -smt2
599.99/600.04	
