222.86/222.91	=== Examples (examples-73.json)
222.86/222.91	(["Sed metus urna turpis duis."],"...rpis duis.")
222.86/222.91	(["Praesent vitae dui posuere."],"...i posuere.")
222.86/222.91	=== Library
222.86/222.91	Add
222.86/222.91	Concat
222.86/222.91	Index
222.86/222.91	Length
222.86/222.91	Sub
222.86/222.91	Substr
222.86/222.91	=== Synthesis
222.86/222.91	Size: 1
222.86/222.91	Size: 2
222.86/222.91	=== Program
222.86/222.91	prog(x0):
222.86/222.91	  c0 = "17"
222.86/222.91	  c1 = "0"
222.86/222.91	  c2 = "..."
222.86/222.91	  c3 = "22"
222.86/222.91	  r0 = Substr(x0, c0, c3)
222.86/222.91	  r1 = Concat(c2, r0)
222.86/222.91	
