599.98/600.01	=== Examples (examples-30.json)
599.98/600.01	(["outsystems.com"],"outsystems")
599.98/600.01	(["cmu.edu"],"cmu")
599.98/600.01	=== Library
599.98/600.01	Add
599.98/600.01	Concat
599.98/600.01	Index
599.98/600.01	Length
599.98/600.01	Sub
599.98/600.01	Substr
599.98/600.01	=== Synthesis
599.98/600.01	Size: 1
599.98/600.01	Size: 2
599.98/600.01	outsynth2: 
599.98/600.01	*** Data.SBV: fd:6: hGetLine: end of file:
599.98/600.01	***
599.98/600.01	***    Sent      : (check-sat)
599.98/600.01	***
599.98/600.01	***    Executable: /home/rodrigo/bin/z3
599.98/600.01	***    Options   : -nw -in -smt2
599.98/600.01	
