0.00/0.26	=== Examples (../../dataset/examples/examples-64.json)
0.00/0.26	IO(inputs=('# this is a comment',), output='# this is a comment')
0.00/0.26	IO(inputs=('code code code # comment',), output='# comment')
0.00/0.26	=== Library
0.00/0.26	concat
0.00/0.26	index
0.00/0.26	length
0.00/0.26	replace
0.00/0.26	substr
0.00/0.26	to_lower
0.00/0.26	to_upper
0.00/0.26	trim
0.00/0.26	trim_start
0.00/0.26	trim_end
0.00/0.26	add
0.00/0.26	sub
0.00/0.26	=== Synthesis
0.00/0.26	['concat']: UNSAT (0.034 seconds)
0.00/0.29	['index']: UNSAT (0.023 seconds)
0.24/0.32	['length']: UNSAT (0.018 seconds)
0.24/0.33	['replace']: 