0.12/0.19	=== Examples (../../dataset/examples/examples-48.json)
0.12/0.19	IO(inputs=('John', 'Doe', '@gmail.com'), output='johndoe.@gmail.com')
0.12/0.19	IO(inputs=('Jane', 'Smith', '@outsystems.com'), output='janesmith.@outsystems.com')
0.12/0.19	=== Library
0.12/0.19	concat
0.12/0.19	index
0.12/0.19	length
0.12/0.19	replace
0.12/0.19	substr
0.12/0.19	to_lower
0.12/0.19	to_upper
0.12/0.19	trim
0.12/0.19	trim_start
0.12/0.19	trim_end
0.12/0.19	add
0.12/0.19	sub
0.12/0.19	=== Synthesis
0.12/0.19	['concat']: UNSAT (0.023 seconds)
0.12/0.21	['index']: UNSAT (0.025 seconds)
0.12/0.24	['length']: UNSAT (0.019 seconds)
0.12/0.26	['replace']: UNSAT (0.846 seconds)
1.02/1.10	['substr']: UNSAT (0.025 seconds)
1.02/1.13	['to_lower']: UNSAT (0.034 seconds)
1.14/1.16	['to_upper']: UNSAT (0.031 seconds)
1.14/1.20	['trim']: UNSAT (0.025 seconds)
1.19/1.22	['trim_start']: UNSAT (0.020 seconds)
1.19/1.24	['trim_end']: UNSAT (0.025 seconds)
1.19/1.27	['add']: UNSAT (0.020 seconds)
1.19/1.29	['sub']: UNSAT (0.019 seconds)
1.29/1.31	['concat', 'concat']: UNSAT (0.044 seconds)
1.29/1.35	['concat', 'index']: UNSAT (0.040 seconds)
1.29/1.39	['concat', 'length']: UNSAT (0.030 seconds)
1.39/1.42	['concat', 'replace']: SAT (0.472 seconds)
1.89/1.90	replace(concat(arg2, arg1), arg1, arg0)
