0.11/0.20	=== Examples (../../dataset/examples/examples-44.json)
0.11/0.20	IO(inputs=('My Bed is not your bed',), output='my is not your bed')
0.11/0.20	IO(inputs=('bed to Bed',), output='to bed')
0.11/0.20	=== Library
0.11/0.20	concat
0.11/0.20	index
0.11/0.20	length
0.11/0.20	substr
0.11/0.20	add
0.11/0.20	sub
0.11/0.20	=== Synthesis
0.11/0.20	['concat']: UNSAT (0.026 seconds)
0.11/0.22	['index']: UNSAT (0.025 seconds)
0.11/0.25	['length']: UNSAT (0.020 seconds)
0.11/0.27	['substr']: UNSAT (0.030 seconds)
0.25/0.30	['add']: UNSAT (0.022 seconds)
0.25/0.33	['sub']: UNSAT (0.023 seconds)
0.25/0.35	['concat', 'concat']: UNSAT (0.045 seconds)
0.25/0.39	['concat', 'index']: UNSAT (0.041 seconds)
0.39/0.44	['concat', 'length']: UNSAT (0.032 seconds)
0.39/0.47	['concat', 'substr']: UNSAT (0.072 seconds)
0.47/0.54	['concat', 'add']: UNSAT (0.034 seconds)
0.47/0.58	['concat', 'sub']: UNSAT (0.036 seconds)
0.57/0.61	['index', 'index']: UNSAT (0.047 seconds)
0.63/0.66	['index', 'length']: UNSAT (0.030 seconds)
0.63/0.69	['index', 'substr']: UNSAT (0.213 seconds)
0.89/0.90	['index', 'add']: UNSAT (0.030 seconds)
0.89/0.94	['index', 'sub']: UNSAT (0.030 seconds)
0.89/0.97	['length', 'length']: UNSAT (0.019 seconds)
0.89/0.99	['length', 'substr']: UNSAT (0.035 seconds)
0.89/1.02	['length', 'add']: UNSAT (0.022 seconds)
1.01/1.04	['length', 'sub']: UNSAT (0.021 seconds)
1.01/1.07	['substr', 'substr']: UNSAT (0.036 seconds)
1.01/1.10	['substr', 'add']: UNSAT (0.034 seconds)
1.01/1.14	['substr', 'sub']: UNSAT (0.031 seconds)
1.13/1.17	['add', 'add']: UNSAT (0.028 seconds)
1.19/1.20	['add', 'sub']: UNSAT (0.029 seconds)
1.19/1.23	['sub', 'sub']: UNSAT (0.027 seconds)
1.19/1.25	['concat', 'concat', 'concat']: UNSAT (0.165 seconds)
1.39/1.42	['concat', 'concat', 'index']: UNSAT (0.047 seconds)
1.39/1.47	['concat', 'concat', 'length']: UNSAT (0.037 seconds)
1.49/1.51	['concat', 'concat', 'substr']: UNSAT (0.924 seconds)
2.39/2.43	['concat', 'concat', 'add']: UNSAT (0.041 seconds)
2.39/2.47	['concat', 'concat', 'sub']: UNSAT (0.042 seconds)
2.49/2.52	['concat', 'index', 'index']: UNSAT (0.051 seconds)
2.49/2.57	['concat', 'index', 'length']: UNSAT (0.043 seconds)
2.59/2.61	['concat', 'index', 'substr']: UNSAT (1.969 seconds)
4.49/4.58	['concat', 'index', 'add']: UNSAT (0.042 seconds)
4.59/4.62	['concat', 'index', 'sub']: UNSAT (0.046 seconds)
4.59/4.67	['concat', 'length', 'length']: UNSAT (0.030 seconds)
4.69/4.70	['concat', 'length', 'substr']: UNSAT (0.263 seconds)
4.89/4.96	['concat', 'length', 'add']: UNSAT (0.034 seconds)
4.89/5.00	['concat', 'length', 'sub']: UNSAT (0.037 seconds)
4.89/5.04	['concat', 'substr', 'substr']: UNSAT (0.117 seconds)
5.14/5.15	['concat', 'substr', 'add']: UNSAT (0.127 seconds)
5.19/5.28	['concat', 'substr', 'sub']: UNSAT (0.058 seconds)
5.29/5.34	['concat', 'add', 'add']: UNSAT (0.041 seconds)
5.29/5.38	['concat', 'add', 'sub']: UNSAT (0.044 seconds)
5.39/5.43	['concat', 'sub', 'sub']: UNSAT (0.044 seconds)
5.39/5.47	['index', 'index', 'index']: UNSAT (0.056 seconds)
5.49/5.53	['index', 'index', 'length']: UNSAT (0.045 seconds)
5.49/5.58	['index', 'index', 'substr']: UNSAT (0.223 seconds)
5.79/5.80	['index', 'index', 'add']: UNSAT (0.050 seconds)
5.79/5.85	['index', 'index', 'sub']: UNSAT (0.046 seconds)
5.89/5.90	['index', 'length', 'length']: UNSAT (0.033 seconds)
5.89/5.93	['index', 'length', 'substr']: UNSAT (0.093 seconds)
5.89/6.02	['index', 'length', 'add']: UNSAT (0.037 seconds)
6.02/6.06	['index', 'length', 'sub']: UNSAT (0.038 seconds)
6.02/6.10	['index', 'substr', 'substr']: UNSAT (0.226 seconds)
6.29/6.33	['index', 'substr', 'add']: UNSAT (0.135 seconds)
6.39/6.46	['index', 'substr', 'sub']: UNSAT (0.204 seconds)
6.59/6.67	['index', 'add', 'add']: UNSAT (0.045 seconds)
6.69/6.72	['index', 'add', 'sub']: UNSAT (0.047 seconds)
6.69/6.76	['index', 'sub', 'sub']: UNSAT (0.046 seconds)
6.79/6.81	['length', 'length', 'length']: UNSAT (0.028 seconds)
6.79/6.84	['length', 'length', 'substr']: UNSAT (0.042 seconds)
6.79/6.88	['length', 'length', 'add']: UNSAT (0.031 seconds)
6.89/6.91	['length', 'length', 'sub']: UNSAT (0.029 seconds)
6.89/6.94	['length', 'substr', 'substr']: UNSAT (0.120 seconds)
7.01/7.06	['length', 'substr', 'add']: UNSAT (0.058 seconds)
7.01/7.12	['length', 'substr', 'sub']: UNSAT (0.057 seconds)
7.12/7.18	['length', 'add', 'add']: UNSAT (0.036 seconds)
7.19/7.22	['length', 'add', 'sub']: UNSAT (0.034 seconds)
7.19/7.25	['length', 'sub', 'sub']: UNSAT (0.034 seconds)
7.19/7.29	['substr', 'substr', 'substr']: UNSAT (0.075 seconds)
7.29/7.36	['substr', 'substr', 'add']: UNSAT (0.067 seconds)
7.39/7.43	['substr', 'substr', 'sub']: UNSAT (0.068 seconds)
7.49/7.50	['substr', 'add', 'add']: UNSAT (0.075 seconds)
7.49/7.58	['substr', 'add', 'sub']: UNSAT (0.065 seconds)
7.59/7.64	['substr', 'sub', 'sub']: UNSAT (0.062 seconds)
7.69/7.70	['add', 'add', 'add']: UNSAT (0.044 seconds)
7.69/7.75	['add', 'add', 'sub']: UNSAT (0.044 seconds)
7.69/7.79	['add', 'sub', 'sub']: UNSAT (0.042 seconds)
7.79/7.84	['sub', 'sub', 'sub']: UNSAT (0.044 seconds)
7.79/7.88	['concat', 'concat', 'concat', 'concat']: UNSAT (0.268 seconds)
8.13/8.15	['concat', 'concat', 'concat', 'index']: UNSAT (0.068 seconds)
8.19/8.22	['concat', 'concat', 'concat', 'length']: UNSAT (0.058 seconds)
8.19/8.28	['concat', 'concat', 'concat', 'substr']: UNSAT (141.932 seconds)
150.19/150.21	['concat', 'concat', 'concat', 'add']: UNSAT (0.061 seconds)
150.19/150.27	['concat', 'concat', 'concat', 'sub']: UNSAT (0.065 seconds)
150.28/150.34	['concat', 'concat', 'index', 'index']: UNSAT (0.075 seconds)
150.39/150.41	['concat', 'concat', 'index', 'length']: UNSAT (0.060 seconds)
150.39/150.48	['concat', 'concat', 'index', 'substr']: UNSAT (12.180 seconds)
162.58/162.66	['concat', 'concat', 'index', 'add']: UNSAT (0.063 seconds)
162.68/162.72	['concat', 'concat', 'index', 'sub']: UNSAT (0.062 seconds)
162.68/162.78	['concat', 'concat', 'length', 'length']: UNSAT (0.049 seconds)
162.78/162.83	['concat', 'concat', 'length', 'substr']: UNSAT (4.083 seconds)
166.89/166.92	['concat', 'concat', 'length', 'add']: UNSAT (0.049 seconds)
166.89/166.97	['concat', 'concat', 'length', 'sub']: UNSAT (0.050 seconds)
166.89/167.02	['concat', 'concat', 'substr', 'substr']: UNSAT (4.458 seconds)
171.39/171.48	['concat', 'concat', 'substr', 'add']: UNSAT (2.196 seconds)
173.59/173.67	['concat', 'concat', 'substr', 'sub']: UNSAT (0.243 seconds)
173.89/173.92	['concat', 'concat', 'add', 'add']: UNSAT (0.055 seconds)
173.89/173.97	['concat', 'concat', 'add', 'sub']: UNSAT (0.054 seconds)
173.89/174.03	['concat', 'concat', 'sub', 'sub']: UNSAT (0.054 seconds)
174.01/174.08	['concat', 'index', 'index', 'index']: UNSAT (0.078 seconds)
174.13/174.16	['concat', 'index', 'index', 'length']: UNSAT (0.065 seconds)
174.19/174.23	['concat', 'index', 'index', 'substr']: UNSAT (8.136 seconds)
182.29/182.36	['concat', 'index', 'index', 'add']: UNSAT (0.068 seconds)
182.39/182.43	['concat', 'index', 'index', 'sub']: UNSAT (0.068 seconds)
182.49/182.50	['concat', 'index', 'length', 'length']: UNSAT (0.052 seconds)
182.49/182.56	['concat', 'index', 'length', 'substr']: UNSAT (1.716 seconds)
184.19/184.27	['concat', 'index', 'length', 'add']: UNSAT (0.055 seconds)
184.29/184.33	['concat', 'index', 'length', 'sub']: UNSAT (0.054 seconds)
184.29/184.38	['concat', 'index', 'substr', 'substr']: UNSAT (8.277 seconds)
192.59/192.66	['concat', 'index', 'substr', 'add']: UNSAT (1.974 seconds)
194.59/194.64	['concat', 'index', 'substr', 'sub']: UNSAT (1.414 seconds)
196.01/196.05	['concat', 'index', 'add', 'add']: UNSAT (0.062 seconds)
196.01/196.11	['concat', 'index', 'add', 'sub']: UNSAT (0.062 seconds)
196.13/196.18	['concat', 'index', 'sub', 'sub']: UNSAT (0.062 seconds)
196.19/196.24	['concat', 'length', 'length', 'length']: UNSAT (0.041 seconds)
196.19/196.28	['concat', 'length', 'length', 'substr']: UNSAT (0.141 seconds)
196.39/196.42	['concat', 'length', 'length', 'add']: UNSAT (0.043 seconds)
196.39/196.47	['concat', 'length', 'length', 'sub']: UNSAT (0.044 seconds)
196.49/196.51	['concat', 'length', 'substr', 'substr']: UNSAT (2.891 seconds)
199.39/199.40	['concat', 'length', 'substr', 'add']: UNSAT (0.586 seconds)
199.89/199.99	['concat', 'length', 'substr', 'sub']: UNSAT (0.597 seconds)
200.49/200.59	['concat', 'length', 'add', 'add']: UNSAT (0.053 seconds)
200.59/200.64	['concat', 'length', 'add', 'sub']: UNSAT (0.050 seconds)
200.59/200.69	['concat', 'length', 'sub', 'sub']: UNSAT (0.051 seconds)
200.69/200.75	['concat', 'substr', 'substr', 'substr']: UNSAT (0.624 seconds)
201.29/201.37	['concat', 'substr', 'substr', 'add']: UNSAT (0.581 seconds)
201.89/201.95	['concat', 'substr', 'substr', 'sub']: UNSAT (0.392 seconds)
202.29/202.35	['concat', 'substr', 'add', 'add']: UNSAT (0.521 seconds)
202.79/202.87	['concat', 'substr', 'add', 'sub']: UNSAT (0.254 seconds)
203.01/203.12	['concat', 'substr', 'sub', 'sub']: UNSAT (0.179 seconds)
203.29/203.30	['concat', 'add', 'add', 'add']: UNSAT (0.060 seconds)
203.29/203.36	['concat', 'add', 'add', 'sub']: UNSAT (0.060 seconds)
203.39/203.42	['concat', 'add', 'sub', 'sub']: UNSAT (0.059 seconds)
203.39/203.48	['concat', 'sub', 'sub', 'sub']: UNSAT (0.059 seconds)
203.49/203.54	['index', 'index', 'index', 'index']: UNSAT (0.083 seconds)
203.59/203.63	['index', 'index', 'index', 'length']: UNSAT (0.071 seconds)
203.69/203.70	['index', 'index', 'index', 'substr']: UNSAT (0.881 seconds)
204.49/204.58	['index', 'index', 'index', 'add']: UNSAT (0.078 seconds)
204.59/204.66	['index', 'index', 'index', 'sub']: UNSAT (0.076 seconds)
204.69/204.74	['index', 'index', 'length', 'length']: UNSAT (0.055 seconds)
204.69/204.79	['index', 'index', 'length', 'substr']: UNSAT (0.319 seconds)
205.01/205.11	['index', 'index', 'length', 'add']: UNSAT (0.062 seconds)
205.13/205.18	['index', 'index', 'length', 'sub']: UNSAT (0.062 seconds)
205.19/205.24	['index', 'index', 'substr', 'substr']: UNSAT (1.405 seconds)
206.59/206.64	['index', 'index', 'substr', 'add']: UNSAT (0.276 seconds)
206.89/206.92	['index', 'index', 'substr', 'sub']: UNSAT (0.225 seconds)
207.13/207.15	['index', 'index', 'add', 'add']: UNSAT (0.072 seconds)
207.19/207.22	['index', 'index', 'add', 'sub']: UNSAT (0.074 seconds)
207.19/207.29	['index', 'index', 'sub', 'sub']: UNSAT (0.074 seconds)
207.29/207.37	['index', 'length', 'length', 'length']: UNSAT (0.044 seconds)
207.39/207.41	['index', 'length', 'length', 'substr']: UNSAT (0.134 seconds)
207.49/207.55	['index', 'length', 'length', 'add']: UNSAT (0.049 seconds)
207.59/207.60	['index', 'length', 'length', 'sub']: UNSAT (0.049 seconds)
207.59/207.65	['index', 'length', 'substr', 'substr']: UNSAT (0.803 seconds)
208.39/208.45	['index', 'length', 'substr', 'add']: UNSAT (0.211 seconds)
208.59/208.66	['index', 'length', 'substr', 'sub']: UNSAT (0.172 seconds)
208.79/208.84	['index', 'length', 'add', 'add']: UNSAT (0.058 seconds)
208.89/208.90	['index', 'length', 'add', 'sub']: UNSAT (0.059 seconds)
208.89/208.96	['index', 'length', 'sub', 'sub']: UNSAT (0.057 seconds)
208.89/209.01	['index', 'substr', 'substr', 'substr']: UNSAT (1.164 seconds)
210.13/210.18	['index', 'substr', 'substr', 'add']: UNSAT (0.759 seconds)
210.89/210.94	['index', 'substr', 'substr', 'sub']: UNSAT (0.622 seconds)
211.49/211.56	['index', 'substr', 'add', 'add']: UNSAT (0.236 seconds)
211.79/211.80	['index', 'substr', 'add', 'sub']: UNSAT (0.495 seconds)
212.19/212.29	['index', 'substr', 'sub', 'sub']: UNSAT (0.219 seconds)
212.49/212.51	['index', 'add', 'add', 'add']: UNSAT (0.074 seconds)
212.49/212.59	['index', 'add', 'add', 'sub']: UNSAT (0.071 seconds)
212.59/212.66	['index', 'add', 'sub', 'sub']: UNSAT (0.070 seconds)
212.69/212.73	['index', 'sub', 'sub', 'sub']: UNSAT (0.071 seconds)
212.79/212.80	['length', 'length', 'length', 'length']: UNSAT (0.034 seconds)
212.79/212.84	['length', 'length', 'length', 'substr']: UNSAT (0.047 seconds)
212.79/212.88	['length', 'length', 'length', 'add']: UNSAT (0.038 seconds)
212.89/212.92	['length', 'length', 'length', 'sub']: UNSAT (0.038 seconds)
212.89/212.96	['length', 'length', 'substr', 'substr']: UNSAT (0.390 seconds)
213.29/213.35	['length', 'length', 'substr', 'add']: UNSAT (0.081 seconds)
213.39/213.43	['length', 'length', 'substr', 'sub']: UNSAT (0.094 seconds)
213.49/213.53	['length', 'length', 'add', 'add']: UNSAT (0.045 seconds)
213.49/213.57	['length', 'length', 'add', 'sub']: UNSAT (0.045 seconds)
213.59/213.62	['length', 'length', 'sub', 'sub']: UNSAT (0.046 seconds)
213.59/213.67	['length', 'substr', 'substr', 'substr']: UNSAT (0.353 seconds)
213.89/214.02	['length', 'substr', 'substr', 'add']: UNSAT (0.436 seconds)
214.39/214.46	['length', 'substr', 'substr', 'sub']: UNSAT (0.461 seconds)
214.89/214.92	['length', 'substr', 'add', 'add']: UNSAT (0.218 seconds)
215.01/215.14	['length', 'substr', 'add', 'sub']: UNSAT (0.255 seconds)
215.29/215.39	['length', 'substr', 'sub', 'sub']: UNSAT (0.188 seconds)
215.49/215.58	['length', 'add', 'add', 'add']: UNSAT (0.056 seconds)
215.59/215.64	['length', 'add', 'add', 'sub']: UNSAT (0.057 seconds)
215.69/215.70	['length', 'add', 'sub', 'sub']: UNSAT (0.057 seconds)
215.69/215.76	['length', 'sub', 'sub', 'sub']: UNSAT (0.058 seconds)
215.79/215.81	['substr', 'substr', 'substr', 'substr']: UNSAT (0.172 seconds)
215.89/215.99	['substr', 'substr', 'substr', 'add']: UNSAT (0.169 seconds)
216.12/216.16	['substr', 'substr', 'substr', 'sub']: UNSAT (0.181 seconds)
216.29/216.34	['substr', 'substr', 'add', 'add']: UNSAT (0.160 seconds)
216.49/216.50	['substr', 'substr', 'add', 'sub']: UNSAT (0.193 seconds)
216.59/216.69	['substr', 'substr', 'sub', 'sub']: UNSAT (0.191 seconds)
216.79/216.89	['substr', 'add', 'add', 'add']: UNSAT (0.282 seconds)
217.13/217.17	['substr', 'add', 'add', 'sub']: UNSAT (0.317 seconds)
217.39/217.49	['substr', 'add', 'sub', 'sub']: UNSAT (0.257 seconds)
217.69/217.74	['substr', 'sub', 'sub', 'sub']: UNSAT (0.252 seconds)
217.89/218.00	['add', 'add', 'add', 'add']: UNSAT (0.066 seconds)
218.01/218.06	['add', 'add', 'add', 'sub']: UNSAT (0.066 seconds)
218.01/218.13	['add', 'add', 'sub', 'sub']: UNSAT (0.065 seconds)
218.19/218.20	['add', 'sub', 'sub', 'sub']: UNSAT (0.066 seconds)
218.19/218.26	['sub', 'sub', 'sub', 'sub']: UNSAT (0.065 seconds)
218.29/218.33	['concat', 'concat', 'concat', 'concat', 'concat']: UNSAT (0.501 seconds)
218.79/218.83	['concat', 'concat', 'concat', 'concat', 'index']: UNSAT (0.101 seconds)
218.89/218.93	['concat', 'concat', 'concat', 'concat', 'length']: UNSAT (0.089 seconds)
218.89/219.02	['concat', 'concat', 'concat', 'concat', 'substr']: 