0.11/0.20	=== Examples (../../dataset/examples/examples-70.json)
0.11/0.20	IO(inputs=('  like no spaces at all!!!  ',), output='likenospacesatall!!!')
0.11/0.20	IO(inputs=("again don't try ",), output="againdon'ttry")
0.11/0.20	=== Library
0.11/0.20	concat
0.11/0.20	index
0.11/0.20	length
0.11/0.20	substr
0.11/0.20	add
0.11/0.20	sub
0.11/0.20	=== Synthesis
0.11/0.20	['concat']: UNSAT (0.027 seconds)
0.11/0.23	['index']: UNSAT (0.025 seconds)
0.11/0.26	['length']: UNSAT (0.019 seconds)
0.11/0.28	['substr']: UNSAT (0.032 seconds)
0.27/0.31	['add']: UNSAT (0.034 seconds)
0.27/0.34	['sub']: UNSAT (0.022 seconds)
0.27/0.37	['concat', 'concat']: UNSAT (0.045 seconds)
0.35/0.41	['concat', 'index']: UNSAT (0.041 seconds)
0.35/0.45	['concat', 'length']: UNSAT (0.032 seconds)
0.44/0.49	['concat', 'substr']: UNSAT (0.085 seconds)
0.44/0.57	['concat', 'add']: UNSAT (0.034 seconds)
0.54/0.61	['concat', 'sub']: UNSAT (0.035 seconds)
0.62/0.64	['index', 'index']: UNSAT (0.037 seconds)
0.62/0.68	['index', 'length']: UNSAT (0.027 seconds)
0.68/0.71	['index', 'substr']: UNSAT (0.072 seconds)
0.68/0.78	['index', 'add']: UNSAT (0.030 seconds)
0.78/0.81	['index', 'sub']: UNSAT (0.033 seconds)
0.78/0.85	['length', 'length']: UNSAT (0.019 seconds)
0.78/0.87	['length', 'substr']: UNSAT (0.034 seconds)
0.88/0.90	['length', 'add']: UNSAT (0.023 seconds)
0.88/0.92	['length', 'sub']: UNSAT (0.023 seconds)
0.88/0.95	['substr', 'substr']: UNSAT (0.036 seconds)
0.88/0.98	['substr', 'add']: UNSAT (0.035 seconds)
0.88/1.02	['substr', 'sub']: UNSAT (0.032 seconds)
1.00/1.05	['add', 'add']: UNSAT (0.028 seconds)
1.00/1.08	['add', 'sub']: UNSAT (0.027 seconds)
1.00/1.11	['sub', 'sub']: UNSAT (0.032 seconds)
1.12/1.14	['concat', 'concat', 'concat']: UNSAT (0.190 seconds)
1.28/1.33	['concat', 'concat', 'index']: UNSAT (0.062 seconds)
1.28/1.39	['concat', 'concat', 'length']: UNSAT (0.041 seconds)
1.38/1.44	['concat', 'concat', 'substr']: UNSAT (0.582 seconds)
1.88/2.02	['concat', 'concat', 'add']: UNSAT (0.040 seconds)
2.00/2.06	['concat', 'concat', 'sub']: UNSAT (0.040 seconds)
2.00/2.10	['concat', 'index', 'index']: UNSAT (0.054 seconds)
2.13/2.15	['concat', 'index', 'length']: UNSAT (0.040 seconds)
2.13/2.20	['concat', 'index', 'substr']: UNSAT (1.026 seconds)
3.19/3.22	['concat', 'index', 'add']: UNSAT (0.044 seconds)
3.19/3.27	['concat', 'index', 'sub']: UNSAT (0.042 seconds)
3.29/3.31	['concat', 'length', 'length']: UNSAT (0.033 seconds)
3.29/3.34	['concat', 'length', 'substr']: UNSAT (0.076 seconds)
3.39/3.42	['concat', 'length', 'add']: UNSAT (0.035 seconds)
3.39/3.45	['concat', 'length', 'sub']: UNSAT (0.033 seconds)
3.39/3.49	['concat', 'substr', 'substr']: UNSAT (0.134 seconds)
3.59/3.62	['concat', 'substr', 'add']: UNSAT (0.081 seconds)
3.69/3.70	['concat', 'substr', 'sub']: UNSAT (0.062 seconds)
3.69/3.77	['concat', 'add', 'add']: UNSAT (0.037 seconds)
3.79/3.80	['concat', 'add', 'sub']: UNSAT (0.042 seconds)
3.79/3.85	['concat', 'sub', 'sub']: UNSAT (0.038 seconds)
3.79/3.88	['index', 'index', 'index']: UNSAT (0.054 seconds)
3.89/3.94	['index', 'index', 'length']: UNSAT (0.044 seconds)
3.89/3.98	['index', 'index', 'substr']: UNSAT (0.214 seconds)
4.19/4.20	['index', 'index', 'add']: UNSAT (0.047 seconds)
4.19/4.25	['index', 'index', 'sub']: UNSAT (0.052 seconds)
4.29/4.30	['index', 'length', 'length']: UNSAT (0.033 seconds)
4.29/4.33	['index', 'length', 'substr']: UNSAT (0.108 seconds)
4.39/4.44	['index', 'length', 'add']: UNSAT (0.041 seconds)
4.39/4.48	['index', 'length', 'sub']: UNSAT (0.036 seconds)
4.49/4.52	['index', 'substr', 'substr']: UNSAT (0.285 seconds)
4.79/4.81	['index', 'substr', 'add']: UNSAT (0.109 seconds)
4.89/4.92	['index', 'substr', 'sub']: UNSAT (0.441 seconds)
5.29/5.36	['index', 'add', 'add']: UNSAT (0.043 seconds)
5.39/5.40	['index', 'add', 'sub']: UNSAT (0.060 seconds)
5.39/5.46	['index', 'sub', 'sub']: UNSAT (0.047 seconds)
5.49/5.51	['length', 'length', 'length']: UNSAT (0.024 seconds)
5.49/5.54	['length', 'length', 'substr']: UNSAT (0.039 seconds)
5.49/5.58	['length', 'length', 'add']: UNSAT (0.031 seconds)
5.59/5.61	['length', 'length', 'sub']: UNSAT (0.028 seconds)
5.59/5.64	['length', 'substr', 'substr']: UNSAT (0.100 seconds)
5.69/5.74	['length', 'substr', 'add']: UNSAT (0.057 seconds)
5.69/5.79	['length', 'substr', 'sub']: UNSAT (0.061 seconds)
5.79/5.86	['length', 'add', 'add']: UNSAT (0.036 seconds)
5.79/5.89	['length', 'add', 'sub']: UNSAT (0.037 seconds)
5.89/5.93	['length', 'sub', 'sub']: UNSAT (0.036 seconds)
5.89/5.97	['substr', 'substr', 'substr']: UNSAT (0.084 seconds)
6.01/6.05	['substr', 'substr', 'add']: UNSAT (0.068 seconds)
6.01/6.12	['substr', 'substr', 'sub']: UNSAT (0.070 seconds)
6.13/6.19	['substr', 'add', 'add']: UNSAT (0.067 seconds)
6.19/6.26	['substr', 'add', 'sub']: UNSAT (0.065 seconds)
6.29/6.32	['substr', 'sub', 'sub']: UNSAT (0.057 seconds)
6.29/6.38	['add', 'add', 'add']: UNSAT (0.046 seconds)
6.39/6.43	['add', 'add', 'sub']: UNSAT (0.053 seconds)
6.39/6.48	['add', 'sub', 'sub']: UNSAT (0.047 seconds)
6.49/6.53	['sub', 'sub', 'sub']: UNSAT (0.046 seconds)
6.49/6.58	['concat', 'concat', 'concat', 'concat']: UNSAT (0.280 seconds)
6.79/6.86	['concat', 'concat', 'concat', 'index']: UNSAT (0.067 seconds)
6.89/6.93	['concat', 'concat', 'concat', 'length']: UNSAT (0.060 seconds)
6.89/6.99	['concat', 'concat', 'concat', 'substr']: UNSAT (135.016 seconds)
141.85/142.00	['concat', 'concat', 'concat', 'add']: UNSAT (0.063 seconds)
141.98/142.07	['concat', 'concat', 'concat', 'sub']: UNSAT (0.060 seconds)
141.98/142.13	['concat', 'concat', 'index', 'index']: UNSAT (0.074 seconds)
142.16/142.20	['concat', 'concat', 'index', 'length']: UNSAT (0.061 seconds)
142.16/142.27	['concat', 'concat', 'index', 'substr']: UNSAT (17.464 seconds)
159.65/159.73	['concat', 'concat', 'index', 'add']: UNSAT (0.064 seconds)
159.75/159.80	['concat', 'concat', 'index', 'sub']: UNSAT (0.064 seconds)
159.75/159.86	['concat', 'concat', 'length', 'length']: UNSAT (0.050 seconds)
159.85/159.91	['concat', 'concat', 'length', 'substr']: UNSAT (1.782 seconds)
161.55/161.70	['concat', 'concat', 'length', 'add']: UNSAT (0.051 seconds)
161.65/161.75	['concat', 'concat', 'length', 'sub']: UNSAT (0.050 seconds)
161.75/161.80	['concat', 'concat', 'substr', 'substr']: UNSAT (3.535 seconds)
165.25/165.33	['concat', 'concat', 'substr', 'add']: UNSAT (2.058 seconds)
167.25/167.39	['concat', 'concat', 'substr', 'sub']: UNSAT (0.281 seconds)
167.55/167.68	['concat', 'concat', 'add', 'add']: UNSAT (0.055 seconds)
167.65/167.73	['concat', 'concat', 'add', 'sub']: UNSAT (0.054 seconds)
167.65/167.79	['concat', 'concat', 'sub', 'sub']: UNSAT (0.055 seconds)
167.75/167.84	['concat', 'index', 'index', 'index']: UNSAT (0.077 seconds)
167.85/167.92	['concat', 'index', 'index', 'length']: UNSAT (0.065 seconds)
167.85/167.99	['concat', 'index', 'index', 'substr']: UNSAT (6.725 seconds)
174.64/174.71	['concat', 'index', 'index', 'add']: UNSAT (0.069 seconds)
174.64/174.78	['concat', 'index', 'index', 'sub']: UNSAT (0.068 seconds)
174.74/174.85	['concat', 'index', 'length', 'length']: UNSAT (0.053 seconds)
174.84/174.90	['concat', 'index', 'length', 'substr']: UNSAT (1.703 seconds)
176.54/176.61	['concat', 'index', 'length', 'add']: UNSAT (0.056 seconds)
176.54/176.66	['concat', 'index', 'length', 'sub']: UNSAT (0.056 seconds)
176.64/176.72	['concat', 'index', 'substr', 'substr']: UNSAT (17.251 seconds)
193.84/193.97	['concat', 'index', 'substr', 'add']: UNSAT (3.103 seconds)
196.96/197.08	['concat', 'index', 'substr', 'sub']: UNSAT (2.700 seconds)
199.64/199.78	['concat', 'index', 'add', 'add']: UNSAT (0.062 seconds)
199.74/199.84	['concat', 'index', 'add', 'sub']: UNSAT (0.063 seconds)
199.84/199.90	['concat', 'index', 'sub', 'sub']: UNSAT (0.062 seconds)
199.84/199.97	['concat', 'length', 'length', 'length']: UNSAT (0.042 seconds)
199.84/200.01	['concat', 'length', 'length', 'substr']: UNSAT (0.126 seconds)
199.96/200.14	['concat', 'length', 'length', 'add']: UNSAT (0.043 seconds)
200.08/200.18	['concat', 'length', 'length', 'sub']: UNSAT (0.044 seconds)
200.14/200.22	['concat', 'length', 'substr', 'substr']: UNSAT (2.172 seconds)
202.34/202.40	['concat', 'length', 'substr', 'add']: UNSAT (0.351 seconds)
202.64/202.75	['concat', 'length', 'substr', 'sub']: UNSAT (0.302 seconds)
202.95/203.05	['concat', 'length', 'add', 'add']: UNSAT (0.049 seconds)
202.95/203.10	['concat', 'length', 'add', 'sub']: UNSAT (0.049 seconds)
203.07/203.15	['concat', 'length', 'sub', 'sub']: UNSAT (0.051 seconds)
203.14/203.20	['concat', 'substr', 'substr', 'substr']: UNSAT (0.599 seconds)
203.74/203.80	['concat', 'substr', 'substr', 'add']: UNSAT (0.609 seconds)
204.34/204.41	['concat', 'substr', 'substr', 'sub']: UNSAT (0.411 seconds)
204.74/204.82	['concat', 'substr', 'add', 'add']: UNSAT (0.420 seconds)
205.14/205.25	['concat', 'substr', 'add', 'sub']: UNSAT (0.207 seconds)
205.34/205.45	['concat', 'substr', 'sub', 'sub']: UNSAT (0.185 seconds)
205.54/205.64	['concat', 'add', 'add', 'add']: UNSAT (0.060 seconds)
205.64/205.70	['concat', 'add', 'add', 'sub']: UNSAT (0.060 seconds)
205.64/205.76	['concat', 'add', 'sub', 'sub']: UNSAT (0.064 seconds)
205.74/205.83	['concat', 'sub', 'sub', 'sub']: UNSAT (0.060 seconds)
205.74/205.89	['index', 'index', 'index', 'index']: UNSAT (0.087 seconds)
205.84/205.97	['index', 'index', 'index', 'length']: UNSAT (0.072 seconds)
205.96/206.05	['index', 'index', 'index', 'substr']: UNSAT (0.400 seconds)
206.34/206.45	['index', 'index', 'index', 'add']: UNSAT (0.083 seconds)
206.44/206.53	['index', 'index', 'index', 'sub']: UNSAT (0.082 seconds)
206.54/206.62	['index', 'index', 'length', 'length']: UNSAT (0.059 seconds)
206.54/206.68	['index', 'index', 'length', 'substr']: UNSAT (0.283 seconds)
206.84/206.96	['index', 'index', 'length', 'add']: UNSAT (0.063 seconds)
206.84/207.02	['index', 'index', 'length', 'sub']: UNSAT (0.066 seconds)
206.96/207.09	['index', 'index', 'substr', 'substr']: UNSAT (1.261 seconds)
208.23/208.35	['index', 'index', 'substr', 'add']: UNSAT (0.479 seconds)
208.73/208.83	['index', 'index', 'substr', 'sub']: UNSAT (0.298 seconds)
208.95/209.13	['index', 'index', 'add', 'add']: UNSAT (0.075 seconds)
209.13/209.21	['index', 'index', 'add', 'sub']: UNSAT (0.076 seconds)
209.13/209.29	['index', 'index', 'sub', 'sub']: UNSAT (0.076 seconds)
209.23/209.36	['index', 'length', 'length', 'length']: UNSAT (0.047 seconds)
209.33/209.41	['index', 'length', 'length', 'substr']: UNSAT (0.156 seconds)
209.43/209.57	['index', 'length', 'length', 'add']: UNSAT (0.051 seconds)
209.53/209.62	['index', 'length', 'length', 'sub']: UNSAT (0.049 seconds)
209.53/209.67	['index', 'length', 'substr', 'substr']: UNSAT (0.764 seconds)
210.33/210.43	['index', 'length', 'substr', 'add']: UNSAT (0.208 seconds)
210.53/210.64	['index', 'length', 'substr', 'sub']: UNSAT (0.171 seconds)
210.73/210.81	['index', 'length', 'add', 'add']: UNSAT (0.059 seconds)
210.73/210.87	['index', 'length', 'add', 'sub']: UNSAT (0.058 seconds)
210.83/210.93	['index', 'length', 'sub', 'sub']: UNSAT (0.057 seconds)
210.83/210.99	['index', 'substr', 'substr', 'substr']: UNSAT (1.161 seconds)
212.08/212.15	['index', 'substr', 'substr', 'add']: UNSAT (0.715 seconds)
212.73/212.87	['index', 'substr', 'substr', 'sub']: UNSAT (0.698 seconds)
213.43/213.57	['index', 'substr', 'add', 'add']: UNSAT (0.216 seconds)
213.63/213.79	['index', 'substr', 'add', 'sub']: UNSAT (0.228 seconds)
213.83/214.01	['index', 'substr', 'sub', 'sub']: UNSAT (0.147 seconds)
214.07/214.16	['index', 'add', 'add', 'add']: UNSAT (0.073 seconds)
214.13/214.24	['index', 'add', 'add', 'sub']: UNSAT (0.071 seconds)
214.23/214.31	['index', 'add', 'sub', 'sub']: UNSAT (0.070 seconds)
214.23/214.38	['index', 'sub', 'sub', 'sub']: UNSAT (0.071 seconds)
214.33/214.45	['length', 'length', 'length', 'length']: UNSAT (0.034 seconds)
214.33/214.49	['length', 'length', 'length', 'substr']: UNSAT (0.045 seconds)
214.43/214.53	['length', 'length', 'length', 'add']: UNSAT (0.037 seconds)
214.43/214.57	['length', 'length', 'length', 'sub']: UNSAT (0.038 seconds)
214.53/214.61	['length', 'length', 'substr', 'substr']: UNSAT (0.590 seconds)
215.14/215.20	['length', 'length', 'substr', 'add']: UNSAT (0.104 seconds)
215.24/215.30	['length', 'length', 'substr', 'sub']: UNSAT (0.096 seconds)
215.34/215.40	['length', 'length', 'add', 'add']: UNSAT (0.044 seconds)
215.34/215.44	['length', 'length', 'add', 'sub']: UNSAT (0.045 seconds)
215.34/215.49	['length', 'length', 'sub', 'sub']: UNSAT (0.044 seconds)
215.44/215.54	['length', 'substr', 'substr', 'substr']: UNSAT (0.593 seconds)
215.95/216.13	['length', 'substr', 'substr', 'add']: UNSAT (0.570 seconds)
216.64/216.70	['length', 'substr', 'substr', 'sub']: UNSAT (0.388 seconds)
216.96/217.09	['length', 'substr', 'add', 'add']: UNSAT (0.214 seconds)
217.24/217.30	['length', 'substr', 'add', 'sub']: UNSAT (0.199 seconds)
217.44/217.50	['length', 'substr', 'sub', 'sub']: UNSAT (0.150 seconds)
217.54/217.66	['length', 'add', 'add', 'add']: UNSAT (0.056 seconds)
217.64/217.71	['length', 'add', 'add', 'sub']: UNSAT (0.056 seconds)
217.64/217.77	['length', 'add', 'sub', 'sub']: UNSAT (0.055 seconds)
217.74/217.82	['length', 'sub', 'sub', 'sub']: UNSAT (0.057 seconds)
217.74/217.88	['substr', 'substr', 'substr', 'substr']: UNSAT (0.174 seconds)
217.96/218.06	['substr', 'substr', 'substr', 'add']: UNSAT (0.149 seconds)
218.14/218.21	['substr', 'substr', 'substr', 'sub']: UNSAT (0.167 seconds)
218.24/218.38	['substr', 'substr', 'add', 'add']: UNSAT (0.187 seconds)
218.44/218.56	['substr', 'substr', 'add', 'sub']: UNSAT (0.203 seconds)
218.64/218.77	['substr', 'substr', 'sub', 'sub']: UNSAT (0.184 seconds)
218.84/218.95	['substr', 'add', 'add', 'add']: UNSAT (0.402 seconds)
219.24/219.36	['substr', 'add', 'add', 'sub']: UNSAT (0.314 seconds)
219.54/219.67	['substr', 'add', 'sub', 'sub']: UNSAT (0.296 seconds)
219.84/219.97	['substr', 'sub', 'sub', 'sub']: UNSAT (0.265 seconds)
220.14/220.23	['add', 'add', 'add', 'add']: UNSAT (0.066 seconds)
220.24/220.30	['add', 'add', 'add', 'sub']: UNSAT (0.065 seconds)
220.24/220.37	['add', 'add', 'sub', 'sub']: UNSAT (0.065 seconds)
220.34/220.43	['add', 'sub', 'sub', 'sub']: UNSAT (0.065 seconds)
220.44/220.50	['sub', 'sub', 'sub', 'sub']: UNSAT (0.065 seconds)
220.44/220.56	['concat', 'concat', 'concat', 'concat', 'concat']: UNSAT (0.438 seconds)
220.84/221.00	['concat', 'concat', 'concat', 'concat', 'index']: UNSAT (0.100 seconds)
220.96/221.10	['concat', 'concat', 'concat', 'concat', 'length']: UNSAT (0.084 seconds)
221.08/221.19	['concat', 'concat', 'concat', 'concat', 'substr']: 