0.10/0.20	=== Examples (../../dataset/examples/examples-22.json)
0.10/0.20	IO(inputs=('Suspendisse nec dapibus elit.\nMauris in purus est.\nVestibulum ac viverra quam.\nAliquam a elementum felis.\nSed sollicitudin nullam.',), output='Suspendisse nec dapibus elit.    Mauris in purus est.    Vestibulum ac viverra quam.    Aliquam a elementum felis.    Sed sollicitudin nullam.')
0.10/0.20	IO(inputs=('Nulla accumsan hendrerit neque, eu ornare felis gravida id.\nPraesent tempor metus posuere.',), output='Nulla accumsan hendrerit neque, eu ornare felis gravida id.    Praesent tempor metus posuere.')
0.10/0.20	=== Library
0.10/0.20	concat
0.10/0.20	index
0.10/0.20	length
0.10/0.20	substr
0.10/0.20	add
0.10/0.20	sub
0.10/0.20	=== Synthesis
0.10/0.20	['concat']: UNSAT (0.029 seconds)
0.10/0.23	['index']: UNSAT (0.026 seconds)
0.10/0.25	['length']: UNSAT (0.019 seconds)
0.10/0.27	['substr']: UNSAT (0.031 seconds)
0.25/0.31	['add']: UNSAT (0.023 seconds)
0.25/0.33	['sub']: UNSAT (0.023 seconds)
0.25/0.35	['concat', 'concat']: UNSAT (0.303 seconds)
0.62/0.66	['concat', 'index']: UNSAT (0.040 seconds)
0.69/0.70	['concat', 'length']: UNSAT (0.024 seconds)
0.69/0.72	['concat', 'substr']: UNSAT (0.264 seconds)
0.89/0.99	['concat', 'add']: UNSAT (0.028 seconds)
0.89/1.02	['concat', 'sub']: UNSAT (0.026 seconds)
1.00/1.04	['index', 'index']: UNSAT (0.034 seconds)
1.00/1.08	['index', 'length']: UNSAT (0.024 seconds)
1.00/1.10	['index', 'substr']: UNSAT (0.045 seconds)
1.12/1.15	['index', 'add']: UNSAT (0.030 seconds)
1.12/1.18	['index', 'sub']: UNSAT (0.029 seconds)
1.19/1.21	['length', 'length']: UNSAT (0.018 seconds)
1.19/1.23	['length', 'substr']: UNSAT (0.030 seconds)
1.19/1.26	['length', 'add']: UNSAT (0.020 seconds)
1.19/1.28	['length', 'sub']: UNSAT (0.022 seconds)
1.29/1.30	['substr', 'substr']: UNSAT (0.045 seconds)
1.29/1.35	['substr', 'add']: UNSAT (0.034 seconds)
1.29/1.38	['substr', 'sub']: UNSAT (0.037 seconds)
1.39/1.42	['add', 'add']: UNSAT (0.031 seconds)
1.39/1.45	['add', 'sub']: UNSAT (0.030 seconds)
1.39/1.48	['sub', 'sub']: UNSAT (0.029 seconds)
1.49/1.51	['concat', 'concat', 'concat']: UNSAT (2.549 seconds)
4.01/4.06	['concat', 'concat', 'index']: UNSAT (0.051 seconds)
4.01/4.11	['concat', 'concat', 'length']: UNSAT (0.037 seconds)
4.13/4.15	['concat', 'concat', 'substr']: UNSAT (0.857 seconds)
4.89/5.01	['concat', 'concat', 'add']: UNSAT (0.039 seconds)
5.00/5.05	['concat', 'concat', 'sub']: UNSAT (0.039 seconds)
5.00/5.09	['concat', 'index', 'index']: UNSAT (0.050 seconds)
5.13/5.14	['concat', 'index', 'length']: UNSAT (0.038 seconds)
5.13/5.18	['concat', 'index', 'substr']: UNSAT (2.211 seconds)
7.29/7.39	['concat', 'index', 'add']: UNSAT (0.047 seconds)
7.39/7.44	['concat', 'index', 'sub']: UNSAT (0.043 seconds)
7.39/7.48	['concat', 'length', 'length']: UNSAT (0.034 seconds)
7.49/7.51	['concat', 'length', 'substr']: UNSAT (0.099 seconds)
7.59/7.61	['concat', 'length', 'add']: UNSAT (0.033 seconds)
7.59/7.65	['concat', 'length', 'sub']: UNSAT (0.036 seconds)
7.59/7.68	['concat', 'substr', 'substr']: UNSAT (0.146 seconds)
7.79/7.83	['concat', 'substr', 'add']: UNSAT (0.084 seconds)
7.89/7.92	['concat', 'substr', 'sub']: UNSAT (0.076 seconds)
7.89/7.99	['concat', 'add', 'add']: UNSAT (0.040 seconds)
7.89/8.03	['concat', 'add', 'sub']: UNSAT (0.041 seconds)
8.01/8.08	['concat', 'sub', 'sub']: UNSAT (0.039 seconds)
8.01/8.12	['index', 'index', 'index']: UNSAT (0.058 seconds)
8.13/8.17	['index', 'index', 'length']: UNSAT (0.042 seconds)
8.19/8.22	['index', 'index', 'substr']: UNSAT (0.080 seconds)
8.29/8.30	['index', 'index', 'add']: UNSAT (0.048 seconds)
8.29/8.35	['index', 'index', 'sub']: UNSAT (0.051 seconds)
8.39/8.40	['index', 'length', 'length']: UNSAT (0.033 seconds)
8.39/8.43	['index', 'length', 'substr']: UNSAT (0.047 seconds)
8.39/8.48	['index', 'length', 'add']: UNSAT (0.037 seconds)
8.49/8.52	['index', 'length', 'sub']: UNSAT (0.039 seconds)
8.49/8.56	['index', 'substr', 'substr']: UNSAT (0.162 seconds)
8.70/8.72	['index', 'substr', 'add']: UNSAT (0.065 seconds)
8.70/8.79	['index', 'substr', 'sub']: UNSAT (0.066 seconds)
8.79/8.85	['index', 'add', 'add']: UNSAT (0.045 seconds)
8.89/8.90	['index', 'add', 'sub']: UNSAT (0.047 seconds)
8.89/8.95	['index', 'sub', 'sub']: UNSAT (0.044 seconds)
8.89/8.99	['length', 'length', 'length']: UNSAT (0.025 seconds)
8.89/9.02	['length', 'length', 'substr']: UNSAT (0.041 seconds)
9.01/9.06	['length', 'length', 'add']: UNSAT (0.027 seconds)
9.01/9.09	['length', 'length', 'sub']: UNSAT (0.028 seconds)
9.01/9.11	['length', 'substr', 'substr']: UNSAT (0.078 seconds)
9.13/9.19	['length', 'substr', 'add']: UNSAT (0.050 seconds)
9.19/9.24	['length', 'substr', 'sub']: UNSAT (0.045 seconds)
9.19/9.29	['length', 'add', 'add']: UNSAT (0.039 seconds)
9.29/9.33	['length', 'add', 'sub']: UNSAT (0.036 seconds)
9.29/9.37	['length', 'sub', 'sub']: UNSAT (0.038 seconds)
9.39/9.40	['substr', 'substr', 'substr']: UNSAT (0.094 seconds)
9.49/9.50	['substr', 'substr', 'add']: UNSAT (0.060 seconds)
9.49/9.56	['substr', 'substr', 'sub']: UNSAT (0.065 seconds)
9.59/9.63	['substr', 'add', 'add']: UNSAT (0.051 seconds)
9.59/9.68	['substr', 'add', 'sub']: UNSAT (0.051 seconds)
9.69/9.73	['substr', 'sub', 'sub']: UNSAT (0.057 seconds)
9.69/9.79	['add', 'add', 'add']: UNSAT (0.042 seconds)
9.79/9.83	['add', 'add', 'sub']: UNSAT (0.044 seconds)
9.79/9.87	['add', 'sub', 'sub']: UNSAT (0.049 seconds)
9.89/9.92	['sub', 'sub', 'sub']: UNSAT (0.041 seconds)
9.89/9.96	['concat', 'concat', 'concat', 'concat']: UNSAT (81.776 seconds)
91.69/91.74	['concat', 'concat', 'concat', 'index']: UNSAT (0.078 seconds)
91.79/91.82	['concat', 'concat', 'concat', 'length']: UNSAT (0.065 seconds)
91.79/91.89	['concat', 'concat', 'concat', 'substr']: UNSAT (215.586 seconds)
307.38/307.47	['concat', 'concat', 'concat', 'add']: UNSAT (0.063 seconds)
307.48/307.54	['concat', 'concat', 'concat', 'sub']: UNSAT (0.063 seconds)
307.58/307.60	['concat', 'concat', 'index', 'index']: UNSAT (0.082 seconds)
307.58/307.69	['concat', 'concat', 'index', 'length']: UNSAT (0.063 seconds)
307.68/307.75	['concat', 'concat', 'index', 'substr']: 