0.00/0.20	=== Examples (../../dataset/examples/examples-26.json)
0.00/0.20	IO(inputs=('Nullam elementum, nisi ut pharetra molestie, mauris nisl accumsan magna orci aliquam.',), output='Nullam elementum, nisi ut pharetra molestie, mauris nisl accumsan magna orci ali...')
0.00/0.20	IO(inputs=('Nulla scelerisque purus quis felis ullamcorper, eget euismod sapien nullam.',), output='Nulla scelerisque purus quis felis ullamcorper, eget euismod sapien nullam....')
0.00/0.20	=== Library
0.00/0.20	concat
0.00/0.20	index
0.00/0.20	length
0.00/0.20	substr
0.00/0.20	add
0.00/0.20	sub
0.00/0.20	=== Synthesis
0.00/0.20	['concat']: UNSAT (0.028 seconds)
0.21/0.22	['index']: UNSAT (0.026 seconds)
0.21/0.25	['length']: UNSAT (0.020 seconds)
0.21/0.27	['substr']: UNSAT (0.031 seconds)
0.21/0.30	['add']: UNSAT (0.023 seconds)
0.21/0.33	['sub']: UNSAT (0.023 seconds)
0.21/0.35	['concat', 'concat']: UNSAT (0.053 seconds)
0.40/0.41	['concat', 'index']: UNSAT (0.063 seconds)
0.40/0.47	['concat', 'length']: UNSAT (0.041 seconds)
0.40/0.51	['concat', 'substr']: UNSAT (0.235 seconds)
0.60/0.75	['concat', 'add']: UNSAT (0.037 seconds)
0.60/0.79	['concat', 'sub']: UNSAT (0.035 seconds)
0.80/0.82	['index', 'index']: UNSAT (0.046 seconds)
0.80/0.87	['index', 'length']: UNSAT (0.033 seconds)
0.80/0.90	['index', 'substr']: UNSAT (0.058 seconds)
0.80/0.96	['index', 'add']: UNSAT (0.039 seconds)
0.99/1.00	['index', 'sub']: UNSAT (0.041 seconds)
0.99/1.04	['length', 'length']: UNSAT (0.026 seconds)
0.99/1.07	['length', 'substr']: UNSAT (0.030 seconds)
1.09/1.10	['length', 'add']: UNSAT (0.021 seconds)
1.09/1.12	['length', 'sub']: UNSAT (0.023 seconds)
1.09/1.15	['substr', 'substr']: UNSAT (0.043 seconds)
1.09/1.19	['substr', 'add']: UNSAT (0.033 seconds)
1.09/1.22	['substr', 'sub']: UNSAT (0.037 seconds)
1.23/1.26	['add', 'add']: UNSAT (0.027 seconds)
1.23/1.29	['add', 'sub']: UNSAT (0.027 seconds)
1.23/1.32	['sub', 'sub']: UNSAT (0.030 seconds)
1.33/1.35	['concat', 'concat', 'concat']: UNSAT (0.285 seconds)
1.59/1.63	['concat', 'concat', 'index']: UNSAT (0.046 seconds)
1.59/1.68	['concat', 'concat', 'length']: UNSAT (0.040 seconds)
1.69/1.72	['concat', 'concat', 'substr']: UNSAT (0.471 seconds)
2.09/2.19	['concat', 'concat', 'add']: UNSAT (0.052 seconds)
2.20/2.25	['concat', 'concat', 'sub']: UNSAT (0.053 seconds)
2.20/2.30	['concat', 'index', 'index']: UNSAT (0.072 seconds)
2.31/2.37	['concat', 'index', 'length']: UNSAT (0.054 seconds)
2.41/2.43	['concat', 'index', 'substr']: UNSAT (1.012 seconds)
3.42/3.44	['concat', 'index', 'add']: UNSAT (0.048 seconds)
3.42/3.49	['concat', 'index', 'sub']: UNSAT (0.075 seconds)
3.49/3.57	['concat', 'length', 'length']: UNSAT (0.050 seconds)
3.59/3.62	['concat', 'length', 'substr']: UNSAT (0.131 seconds)
3.69/3.75	['concat', 'length', 'add']: UNSAT (0.047 seconds)
3.79/3.80	['concat', 'length', 'sub']: UNSAT (0.047 seconds)
3.79/3.85	['concat', 'substr', 'substr']: UNSAT (0.168 seconds)
3.99/4.01	['concat', 'substr', 'add']: UNSAT (0.089 seconds)
4.09/4.10	['concat', 'substr', 'sub']: SAT (0.307 seconds)
4.31/4.41	concat(substr(arg0, sub(80, 80), 80), '...')
