0.13/0.18	=== Examples (../../dataset/examples/examples-73.json)
0.13/0.18	IO(inputs=('Sed metus urna turpis duis.',), output='...rpis duis.')
0.13/0.18	IO(inputs=('Praesent vitae dui posuere.',), output='...i posuere.')
0.13/0.18	=== Library
0.13/0.18	concat
0.13/0.18	index
0.13/0.18	length
0.13/0.18	substr
0.13/0.18	add
0.13/0.18	sub
0.13/0.18	=== Synthesis
0.13/0.18	['concat']: UNSAT (0.022 seconds)
0.13/0.20	['index']: UNSAT (0.021 seconds)
0.13/0.23	['length']: UNSAT (0.015 seconds)
0.13/0.24	['substr']: UNSAT (0.059 seconds)
0.13/0.30	['add']: UNSAT (0.025 seconds)
0.30/0.33	['sub']: UNSAT (0.018 seconds)
0.30/0.35	['concat', 'concat']: UNSAT (0.048 seconds)
0.30/0.40	['concat', 'index']: UNSAT (0.039 seconds)
0.39/0.44	['concat', 'length']: UNSAT (0.042 seconds)
0.46/0.48	['concat', 'substr']: SAT (0.389 seconds)
0.79/0.87	concat('...', substr(arg0, 17, 17))
