0.11/0.19	=== Examples (../../dataset/examples/examples-38.json)
0.11/0.19	IO(inputs=('should not be spaced',), output='<span id=should_not_be_spaced > ')
0.11/0.19	IO(inputs=('but underscored',), output='<span id=but_underscored > ')
0.11/0.19	=== Library
0.11/0.19	concat
0.11/0.19	index
0.11/0.19	length
0.11/0.19	substr
0.11/0.19	add
0.11/0.19	sub
0.11/0.19	=== Synthesis
0.11/0.19	['concat']: UNSAT (0.026 seconds)
0.11/0.22	['index']: UNSAT (0.026 seconds)
0.11/0.24	['length']: UNSAT (0.019 seconds)
0.11/0.26	['substr']: UNSAT (0.027 seconds)
0.25/0.29	['add']: UNSAT (0.022 seconds)
0.25/0.31	['sub']: UNSAT (0.023 seconds)
0.25/0.34	['concat', 'concat']: UNSAT (0.070 seconds)
0.35/0.41	['concat', 'index']: UNSAT (0.043 seconds)
0.35/0.45	['concat', 'length']: UNSAT (0.032 seconds)
0.35/0.49	['concat', 'substr']: UNSAT (0.069 seconds)
0.45/0.55	['concat', 'add']: UNSAT (0.050 seconds)
0.45/0.60	['concat', 'sub']: UNSAT (0.034 seconds)
0.60/0.64	['index', 'index']: UNSAT (0.033 seconds)
0.63/0.67	['index', 'length']: UNSAT (0.024 seconds)
0.69/0.70	['index', 'substr']: UNSAT (0.037 seconds)
0.69/0.74	['index', 'add']: UNSAT (0.028 seconds)
0.69/0.76	['index', 'sub']: UNSAT (0.028 seconds)
0.69/0.79	['length', 'length']: UNSAT (0.018 seconds)
0.79/0.81	['length', 'substr']: UNSAT (0.027 seconds)
0.79/0.84	['length', 'add']: UNSAT (0.024 seconds)
0.79/0.86	['length', 'sub']: UNSAT (0.021 seconds)
0.79/0.89	['substr', 'substr']: UNSAT (0.039 seconds)
0.90/0.92	['substr', 'add']: UNSAT (0.033 seconds)
0.90/0.96	['substr', 'sub']: UNSAT (0.030 seconds)
0.90/0.99	['add', 'add']: UNSAT (0.029 seconds)
0.90/1.02	['add', 'sub']: UNSAT (0.029 seconds)
1.00/1.05	['sub', 'sub']: UNSAT (0.032 seconds)
1.00/1.08	['concat', 'concat', 'concat']: UNSAT (0.663 seconds)
1.69/1.75	['concat', 'concat', 'index']: UNSAT (0.051 seconds)
1.79/1.80	['concat', 'concat', 'length']: UNSAT (0.037 seconds)
1.79/1.84	['concat', 'concat', 'substr']: UNSAT (0.574 seconds)
2.39/2.41	['concat', 'concat', 'add']: UNSAT (0.040 seconds)
2.39/2.45	['concat', 'concat', 'sub']: UNSAT (0.038 seconds)
2.39/2.49	['concat', 'index', 'index']: UNSAT (0.055 seconds)
2.49/2.54	['concat', 'index', 'length']: UNSAT (0.038 seconds)
2.49/2.58	['concat', 'index', 'substr']: UNSAT (0.132 seconds)
2.69/2.72	['concat', 'index', 'add']: UNSAT (0.045 seconds)
2.69/2.76	['concat', 'index', 'sub']: UNSAT (0.044 seconds)
2.79/2.81	['concat', 'length', 'length']: UNSAT (0.033 seconds)
2.79/2.84	['concat', 'length', 'substr']: UNSAT (0.075 seconds)
2.90/2.92	['concat', 'length', 'add']: UNSAT (0.036 seconds)
2.90/2.95	['concat', 'length', 'sub']: UNSAT (0.034 seconds)
2.90/2.99	['concat', 'substr', 'substr']: UNSAT (0.110 seconds)
3.01/3.10	['concat', 'substr', 'add']: UNSAT (0.062 seconds)
3.13/3.16	['concat', 'substr', 'sub']: UNSAT (0.060 seconds)
3.19/3.22	['concat', 'add', 'add']: UNSAT (0.038 seconds)
3.19/3.26	['concat', 'add', 'sub']: UNSAT (0.037 seconds)
3.29/3.30	['concat', 'sub', 'sub']: UNSAT (0.036 seconds)
3.29/3.34	['index', 'index', 'index']: UNSAT (0.054 seconds)
3.29/3.39	['index', 'index', 'length']: UNSAT (0.045 seconds)
3.39/3.44	['index', 'index', 'substr']: UNSAT (0.062 seconds)
3.49/3.50	['index', 'index', 'add']: UNSAT (0.049 seconds)
3.49/3.55	['index', 'index', 'sub']: UNSAT (0.048 seconds)
3.59/3.60	['index', 'length', 'length']: UNSAT (0.032 seconds)
3.59/3.63	['index', 'length', 'substr']: UNSAT (0.050 seconds)
3.59/3.68	['index', 'length', 'add']: UNSAT (0.041 seconds)
3.69/3.72	['index', 'length', 'sub']: UNSAT (0.042 seconds)
3.69/3.77	['index', 'substr', 'substr']: UNSAT (0.108 seconds)
3.79/3.87	['index', 'substr', 'add']: UNSAT (0.056 seconds)
3.90/3.93	['index', 'substr', 'sub']: UNSAT (0.055 seconds)
3.90/3.99	['index', 'add', 'add']: UNSAT (0.048 seconds)
3.90/4.04	['index', 'add', 'sub']: UNSAT (0.048 seconds)
4.01/4.08	['index', 'sub', 'sub']: UNSAT (0.044 seconds)
4.01/4.13	['length', 'length', 'length']: UNSAT (0.027 seconds)
4.13/4.16	['length', 'length', 'substr']: UNSAT (0.041 seconds)
4.19/4.20	['length', 'length', 'add']: UNSAT (0.029 seconds)
4.19/4.23	['length', 'length', 'sub']: UNSAT (0.032 seconds)
4.19/4.26	['length', 'substr', 'substr']: UNSAT (0.058 seconds)
4.29/4.32	['length', 'substr', 'add']: UNSAT (0.040 seconds)
4.29/4.36	['length', 'substr', 'sub']: UNSAT (0.043 seconds)
4.39/4.40	['length', 'add', 'add']: UNSAT (0.033 seconds)
4.39/4.44	['length', 'add', 'sub']: UNSAT (0.035 seconds)
4.39/4.47	['length', 'sub', 'sub']: UNSAT (0.036 seconds)
4.49/4.51	['substr', 'substr', 'substr']: UNSAT (0.067 seconds)
4.49/4.58	['substr', 'substr', 'add']: UNSAT (0.051 seconds)
4.59/4.63	['substr', 'substr', 'sub']: UNSAT (0.058 seconds)
4.59/4.69	['substr', 'add', 'add']: UNSAT (0.048 seconds)
4.69/4.74	['substr', 'add', 'sub']: UNSAT (0.049 seconds)
4.69/4.79	['substr', 'sub', 'sub']: UNSAT (0.052 seconds)
4.79/4.84	['add', 'add', 'add']: UNSAT (0.044 seconds)
4.79/4.88	['add', 'add', 'sub']: UNSAT (0.047 seconds)
4.90/4.93	['add', 'sub', 'sub']: UNSAT (0.042 seconds)
4.90/4.97	['sub', 'sub', 'sub']: UNSAT (0.046 seconds)
4.90/5.02	['concat', 'concat', 'concat', 'concat']: 