0.11/0.19	=== Examples (../../dataset/examples/examples-59.json)
0.11/0.19	IO(inputs=('who cares about the last ones...',), output='who cares about the last ones.')
0.11/0.19	IO(inputs=('just let them die!!!',), output='just let them die!')
0.11/0.19	=== Library
0.11/0.19	concat
0.11/0.19	index
0.11/0.19	length
0.11/0.19	substr
0.11/0.19	add
0.11/0.19	sub
0.11/0.19	=== Synthesis
0.11/0.19	['concat']: UNSAT (0.026 seconds)
0.11/0.22	['index']: UNSAT (0.026 seconds)
0.11/0.25	['length']: UNSAT (0.021 seconds)
0.11/0.27	['substr']: UNSAT (0.028 seconds)
0.25/0.30	['add']: UNSAT (0.022 seconds)
0.25/0.32	['sub']: UNSAT (0.022 seconds)
0.25/0.34	['concat', 'concat']: UNSAT (0.045 seconds)
0.25/0.39	['concat', 'index']: UNSAT (0.042 seconds)
0.35/0.43	['concat', 'length']: UNSAT (0.032 seconds)
0.35/0.47	['concat', 'substr']: UNSAT (0.080 seconds)
0.46/0.55	['concat', 'add']: UNSAT (0.033 seconds)
0.54/0.58	['concat', 'sub']: UNSAT (0.034 seconds)
0.54/0.62	['index', 'index']: UNSAT (0.042 seconds)
0.62/0.66	['index', 'length']: UNSAT (0.024 seconds)
0.62/0.68	['index', 'substr']: UNSAT (0.818 seconds)
1.49/1.50	['index', 'add']: UNSAT (0.033 seconds)
1.49/1.54	['index', 'sub']: UNSAT (0.030 seconds)
1.49/1.57	['length', 'length']: UNSAT (0.018 seconds)
1.49/1.58	['length', 'substr']: UNSAT (0.038 seconds)
1.59/1.62	['length', 'add']: UNSAT (0.021 seconds)
1.59/1.64	['length', 'sub']: UNSAT (0.020 seconds)
1.59/1.67	['substr', 'substr']: UNSAT (0.038 seconds)
1.69/1.70	['substr', 'add']: UNSAT (0.039 seconds)
1.69/1.74	['substr', 'sub']: UNSAT (0.033 seconds)
1.69/1.78	['add', 'add']: UNSAT (0.029 seconds)
1.79/1.81	['add', 'sub']: UNSAT (0.030 seconds)
1.79/1.84	['sub', 'sub']: UNSAT (0.028 seconds)
1.79/1.87	['concat', 'concat', 'concat']: UNSAT (0.218 seconds)
2.00/2.08	['concat', 'concat', 'index']: UNSAT (0.045 seconds)
2.12/2.13	['concat', 'concat', 'length']: UNSAT (0.039 seconds)
2.12/2.17	['concat', 'concat', 'substr']: UNSAT (0.982 seconds)
3.13/3.15	['concat', 'concat', 'add']: UNSAT (0.041 seconds)
3.13/3.20	['concat', 'concat', 'sub']: UNSAT (0.042 seconds)
3.19/3.24	['concat', 'index', 'index']: UNSAT (0.055 seconds)
3.19/3.29	['concat', 'index', 'length']: UNSAT (0.042 seconds)
3.28/3.34	['concat', 'index', 'substr']: UNSAT (90.577 seconds)
93.88/93.92	['concat', 'index', 'add']: UNSAT (0.044 seconds)
93.88/93.96	['concat', 'index', 'sub']: UNSAT (0.044 seconds)
93.88/94.00	['concat', 'length', 'length']: UNSAT (0.033 seconds)
94.00/94.04	['concat', 'length', 'substr']: UNSAT (0.378 seconds)
94.38/94.42	['concat', 'length', 'add']: UNSAT (0.036 seconds)
94.38/94.45	['concat', 'length', 'sub']: UNSAT (0.033 seconds)
94.38/94.49	['concat', 'substr', 'substr']: UNSAT (0.116 seconds)
94.58/94.60	['concat', 'substr', 'add']: UNSAT (0.072 seconds)
94.58/94.68	['concat', 'substr', 'sub']: UNSAT (0.060 seconds)
94.68/94.74	['concat', 'add', 'add']: UNSAT (0.039 seconds)
94.68/94.78	['concat', 'add', 'sub']: UNSAT (0.044 seconds)
94.78/94.82	['concat', 'sub', 'sub']: UNSAT (0.041 seconds)
94.78/94.87	['index', 'index', 'index']: UNSAT (0.061 seconds)
94.88/94.93	['index', 'index', 'length']: UNSAT (0.043 seconds)
94.88/94.97	['index', 'index', 'substr']: UNSAT (121.503 seconds)
216.38/216.47	['index', 'index', 'add']: UNSAT (0.049 seconds)
216.48/216.53	['index', 'index', 'sub']: UNSAT (0.047 seconds)
216.48/216.57	['index', 'length', 'length']: UNSAT (0.033 seconds)
216.58/216.61	['index', 'length', 'substr']: UNSAT (24.131 seconds)
240.68/240.74	['index', 'length', 'add']: UNSAT (0.044 seconds)
240.68/240.78	['index', 'length', 'sub']: UNSAT (0.040 seconds)
240.78/240.82	['index', 'substr', 'substr']: UNSAT (39.108 seconds)
279.88/279.93	['index', 'substr', 'add']: UNSAT (0.962 seconds)
280.78/280.90	['index', 'substr', 'sub']: UNSAT (110.300 seconds)
391.18/391.20	['index', 'add', 'add']: UNSAT (0.047 seconds)
391.18/391.24	['index', 'add', 'sub']: UNSAT (0.049 seconds)
391.18/391.29	['index', 'sub', 'sub']: UNSAT (0.047 seconds)
391.28/391.34	['length', 'length', 'length']: UNSAT (0.028 seconds)
391.28/391.37	['length', 'length', 'substr']: UNSAT (0.049 seconds)
391.38/391.42	['length', 'length', 'add']: UNSAT (0.030 seconds)
391.38/391.45	['length', 'length', 'sub']: UNSAT (0.030 seconds)
391.38/391.48	['length', 'substr', 'substr']: UNSAT (0.171 seconds)
391.58/391.65	['length', 'substr', 'add']: UNSAT (0.066 seconds)
391.68/391.72	['length', 'substr', 'sub']: UNSAT (0.067 seconds)
391.68/391.79	['length', 'add', 'add']: UNSAT (0.037 seconds)
391.78/391.83	['length', 'add', 'sub']: UNSAT (0.036 seconds)
391.78/391.86	['length', 'sub', 'sub']: UNSAT (0.043 seconds)
391.88/391.91	['substr', 'substr', 'substr']: UNSAT (0.086 seconds)
391.88/391.99	['substr', 'substr', 'add']: UNSAT (0.070 seconds)
392.01/392.06	['substr', 'substr', 'sub']: UNSAT (0.068 seconds)
392.01/392.13	['substr', 'add', 'add']: UNSAT (0.067 seconds)
392.18/392.20	['substr', 'add', 'sub']: UNSAT (0.064 seconds)
392.18/392.27	['substr', 'sub', 'sub']: UNSAT (0.062 seconds)
392.28/392.33	['add', 'add', 'add']: UNSAT (0.045 seconds)
392.28/392.37	['add', 'add', 'sub']: UNSAT (0.045 seconds)
392.38/392.42	['add', 'sub', 'sub']: UNSAT (0.045 seconds)
392.38/392.47	['sub', 'sub', 'sub']: UNSAT (0.045 seconds)
392.48/392.51	['concat', 'concat', 'concat', 'concat']: UNSAT (0.337 seconds)
392.78/392.85	['concat', 'concat', 'concat', 'index']: UNSAT (0.073 seconds)
392.88/392.92	['concat', 'concat', 'concat', 'length']: UNSAT (0.064 seconds)
392.88/392.99	['concat', 'concat', 'concat', 'substr']: UNSAT (124.962 seconds)
517.88/517.95	['concat', 'concat', 'concat', 'add']: UNSAT (0.062 seconds)
517.88/518.01	['concat', 'concat', 'concat', 'sub']: UNSAT (0.061 seconds)
517.99/518.07	['concat', 'concat', 'index', 'index']: UNSAT (0.080 seconds)
518.12/518.16	['concat', 'concat', 'index', 'length']: UNSAT (0.065 seconds)
518.17/518.22	['concat', 'concat', 'index', 'substr']: 