0.12/0.20	=== Examples (../../dataset/examples/examples-32.json)
0.12/0.20	IO(inputs=('random,csv',), output='random')
0.12/0.20	IO(inputs=('another,one',), output='another')
0.12/0.20	=== Library
0.12/0.20	concat
0.12/0.20	index
0.12/0.20	length
0.12/0.20	substr
0.12/0.20	add
0.12/0.20	sub
0.12/0.20	=== Synthesis
0.12/0.20	['concat']: UNSAT (0.027 seconds)
0.12/0.23	['index']: UNSAT (0.026 seconds)
0.12/0.25	['length']: UNSAT (0.020 seconds)
0.12/0.28	['substr']: UNSAT (0.028 seconds)
0.27/0.30	['add']: UNSAT (0.023 seconds)
0.27/0.33	['sub']: UNSAT (0.023 seconds)
0.27/0.35	['concat', 'concat']: UNSAT (0.044 seconds)
0.35/0.40	['concat', 'index']: UNSAT (0.043 seconds)
0.35/0.44	['concat', 'length']: UNSAT (0.033 seconds)
0.35/0.47	['concat', 'substr']: UNSAT (0.111 seconds)
0.49/0.59	['concat', 'add']: UNSAT (0.035 seconds)
0.60/0.62	['concat', 'sub']: UNSAT (0.031 seconds)
0.63/0.65	['index', 'index']: UNSAT (0.038 seconds)
0.63/0.69	['index', 'length']: UNSAT (0.029 seconds)
0.69/0.72	['index', 'substr']: SAT (0.164 seconds)
0.79/0.89	substr(arg0, 0, index(arg0, ',', 0))
