599.99/600.00	=== Examples (examples-83.json)
599.99/600.00	(["george","conchichina xy"],"george At:conchichina")
599.99/600.00	(["maebe","terra de sao nunca a tarde ab"],"maebe At:terra de sao nunca a tarde")
599.99/600.00	=== Library
599.99/600.00	Add
599.99/600.00	Concat
599.99/600.00	Index
599.99/600.00	Length
599.99/600.00	Sub
599.99/600.00	Substr
599.99/600.00	=== Synthesis
599.99/600.00	Size: 1
599.99/600.00	Size: 2
599.99/600.00	Size: 3
599.99/600.00	outsynth2: 
599.99/600.00	*** Data.SBV: fd:6: hGetLine: end of file:
599.99/600.00	***
599.99/600.00	***    Sent      : (check-sat)
599.99/600.00	***
599.99/600.00	***    Executable: /home/rodrigo/msc/code/setwise/venv/bin/z3
599.99/600.00	***    Options   : -nw -in -smt2
599.99/600.00	
