599.97/600.01	=== Examples (examples-62.json)
599.97/600.01	(["1234: try this (hmm)"],"try this")
599.97/600.01	(["ABCD: then that (ok)"],"then that")
599.97/600.01	=== Library
599.97/600.01	Add
599.97/600.01	Concat
599.97/600.01	Index
599.97/600.01	Length
599.97/600.01	Sub
599.97/600.01	Substr
599.97/600.01	=== Synthesis
599.97/600.01	Size: 1
599.97/600.01	Size: 2
599.97/600.01	outsynth2: 
599.97/600.01	*** Data.SBV: fd:6: hGetLine: end of file:
599.97/600.01	***
599.97/600.01	***    Sent      : (check-sat)
599.97/600.01	***
599.97/600.01	***    Executable: /home/rodrigo/msc/code/setwise/venv/bin/z3
599.97/600.01	***    Options   : -nw -in -smt2
599.97/600.01	
