600.06/600.10	=== Examples (examples-53.json)
600.06/600.10	([" this is the same as trim man...  "],"this is the same as trim man...")
600.06/600.10	(["  know your libraries"],"know your libraries")
600.06/600.10	=== Library
600.06/600.10	Add
600.06/600.10	Concat
600.06/600.10	Index
600.06/600.10	Length
600.06/600.10	Sub
600.06/600.10	Substr
600.06/600.10	=== Synthesis
600.06/600.10	Size: 1
600.06/600.10	Size: 2
600.06/600.10	outsynth2: 
600.06/600.10	*** Data.SBV: fd:6: hGetLine: end of file:
600.06/600.10	***
600.06/600.10	***    Sent      : (check-sat)
600.06/600.10	***
600.06/600.10	***    Executable: /home/rodrigo/msc/code/setwise/venv/bin/z3
600.06/600.10	***    Options   : -nw -in -smt2
600.06/600.10	
