599.99/600.06	=== Examples (examples-89.json)
599.99/600.06	(["|George|Maebe|Michael|"],"Enviado para George, Maebe, Michael")
599.99/600.06	(["|John|Jane|Joao|"],"Enviado para John, Jane, Joao")
599.99/600.06	=== Library
599.99/600.06	Add
599.99/600.06	Concat
599.99/600.06	Index
599.99/600.06	Length
599.99/600.06	Sub
599.99/600.06	Substr
599.99/600.06	=== Synthesis
599.99/600.06	Size: 1
599.99/600.06	Size: 2
599.99/600.06	outsynth2: 
599.99/600.06	*** Data.SBV: fd:6: hGetLine: end of file:
599.99/600.06	***
599.99/600.06	***    Sent      : (check-sat)
599.99/600.06	***
599.99/600.06	***    Executable: /home/rodrigo/msc/code/setwise/venv/bin/z3
599.99/600.06	***    Options   : -nw -in -smt2
599.99/600.06	
