599.99/600.05	=== Examples (examples-92.json)
599.99/600.05	(["GEORGE"],"George")
599.99/600.05	(["MAEBE"],"Maebe")
599.99/600.05	=== Library
599.99/600.05	Add
599.99/600.05	Concat
599.99/600.05	Index
599.99/600.05	Length
599.99/600.05	Sub
599.99/600.05	Substr
599.99/600.05	=== Synthesis
599.99/600.05	Size: 1
599.99/600.05	Size: 2
599.99/600.05	outsynth2: 
599.99/600.05	*** Data.SBV: fd:6: hGetLine: end of file:
599.99/600.05	***
599.99/600.05	***    Sent      : (check-sat)
599.99/600.05	***
599.99/600.05	***    Executable: /home/rodrigo/msc/code/setwise/venv/bin/z3
599.99/600.05	***    Options   : -nw -in -smt2
599.99/600.05	
