0.11/0.20	=== Examples (../../dataset/examples/examples-61.json)
0.11/0.20	IO(inputs=('?01-01-1999',), output='01-01-1999')
0.11/0.20	IO(inputs=('?table cell',), output='table cell')
0.11/0.20	IO(inputs=('Xprobably this',), output='probably this')
0.11/0.20	=== Library
0.11/0.20	concat
0.11/0.20	index
0.11/0.20	length
0.11/0.20	substr
0.11/0.20	add
0.11/0.20	sub
0.11/0.20	=== Synthesis
0.11/0.20	['concat']: UNSAT (0.030 seconds)
0.11/0.24	['index']: UNSAT (0.031 seconds)
0.11/0.27	['length']: UNSAT (0.021 seconds)
0.26/0.29	['substr']: UNSAT (0.034 seconds)
0.26/0.32	['add']: UNSAT (0.026 seconds)
0.26/0.35	['sub']: UNSAT (0.026 seconds)
0.26/0.38	['concat', 'concat']: UNSAT (0.055 seconds)
0.36/0.43	['concat', 'index']: UNSAT (0.056 seconds)
0.46/0.49	['concat', 'length']: UNSAT (0.040 seconds)
0.46/0.53	['concat', 'substr']: UNSAT (0.094 seconds)
0.46/0.62	['concat', 'add']: UNSAT (0.040 seconds)
0.60/0.67	['concat', 'sub']: UNSAT (0.035 seconds)
0.70/0.70	['index', 'index']: UNSAT (0.047 seconds)
0.70/0.75	['index', 'length']: UNSAT (0.036 seconds)
0.70/0.79	['index', 'substr']: UNSAT (0.346 seconds)
0.99/1.13	['index', 'add']: UNSAT (0.043 seconds)
1.11/1.18	['index', 'sub']: UNSAT (0.039 seconds)
1.11/1.22	['length', 'length']: UNSAT (0.022 seconds)
1.11/1.24	['length', 'substr']: SAT (0.057 seconds)
1.29/1.30	substr(arg0, length('\\x00'), 7733)
