0.11/0.20	=== Examples (../../dataset/examples/examples-80.json)
0.11/0.20	IO(inputs=('george.bluth@outsystems.com',), output='@outsystems.com')
0.11/0.20	IO(inputs=('maebe@cmu.edu',), output='@cmu.edu')
0.11/0.20	IO(inputs=('michael@tecnico.pt',), output='@tecnico.pt')
0.11/0.20	=== Library
0.11/0.20	concat
0.11/0.20	index
0.11/0.20	length
0.11/0.20	substr
0.11/0.20	add
0.11/0.20	sub
0.11/0.20	=== Synthesis
0.11/0.20	['concat']: UNSAT (0.033 seconds)
0.11/0.23	['index']: UNSAT (0.031 seconds)
0.11/0.27	['length']: UNSAT (0.022 seconds)
0.25/0.29	['substr']: UNSAT (0.035 seconds)
0.25/0.32	['add']: UNSAT (0.027 seconds)
0.25/0.35	['sub']: UNSAT (0.026 seconds)
0.25/0.38	['concat', 'concat']: UNSAT (0.059 seconds)
0.35/0.44	['concat', 'index']: UNSAT (0.055 seconds)
0.45/0.49	['concat', 'length']: UNSAT (0.041 seconds)
0.45/0.54	['concat', 'substr']: UNSAT (0.137 seconds)
0.61/0.67	['concat', 'add']: UNSAT (0.034 seconds)
0.68/0.71	['concat', 'sub']: UNSAT (0.035 seconds)
0.68/0.75	['index', 'index']: UNSAT (0.048 seconds)
0.68/0.79	['index', 'length']: UNSAT (0.036 seconds)
0.78/0.83	['index', 'substr']: UNSAT (0.136 seconds)
0.88/0.97	['index', 'add']: UNSAT (0.039 seconds)
0.88/1.01	['index', 'sub']: UNSAT (0.041 seconds)
1.01/1.05	['length', 'length']: UNSAT (0.023 seconds)
1.01/1.07	['length', 'substr']: UNSAT (0.039 seconds)
1.01/1.11	['length', 'add']: UNSAT (0.026 seconds)
1.01/1.14	['length', 'sub']: UNSAT (0.030 seconds)
1.13/1.17	['substr', 'substr']: UNSAT (0.048 seconds)
1.18/1.22	['substr', 'add']: UNSAT (0.048 seconds)
1.18/1.27	['substr', 'sub']: UNSAT (0.041 seconds)
1.28/1.31	['add', 'add']: UNSAT (0.039 seconds)
1.28/1.35	['add', 'sub']: UNSAT (0.038 seconds)
1.28/1.39	['sub', 'sub']: UNSAT (0.040 seconds)
1.38/1.43	['concat', 'concat', 'concat']: UNSAT (0.195 seconds)
1.59/1.63	['concat', 'concat', 'index']: UNSAT (0.066 seconds)
1.59/1.69	['concat', 'concat', 'length']: UNSAT (0.055 seconds)
1.69/1.75	['concat', 'concat', 'substr']: UNSAT (0.445 seconds)
2.13/2.20	['concat', 'concat', 'add']: UNSAT (0.054 seconds)
2.19/2.25	['concat', 'concat', 'sub']: UNSAT (0.051 seconds)
2.29/2.30	['concat', 'index', 'index']: UNSAT (0.072 seconds)
2.29/2.38	['concat', 'index', 'length']: UNSAT (0.054 seconds)
2.39/2.43	['concat', 'index', 'substr']: UNKNOWN (324.274 seconds)
326.68/326.71	Reason: smt tactic failed to show goal to be sat/unsat max-conflicts-reached
326.68/326.71	Reason: smt tactic failed to show goal to be sat/unsat max-conflicts-reached
326.68/326.71	['concat', 'index', 'add']: UNSAT (0.060 seconds)
326.68/326.77	['concat', 'index', 'sub']: UNSAT (0.060 seconds)
326.78/326.83	['concat', 'length', 'length']: UNSAT (0.043 seconds)
326.78/326.87	['concat', 'length', 'substr']: UNSAT (0.109 seconds)
326.88/326.98	['concat', 'length', 'add']: UNSAT (0.044 seconds)
326.88/327.03	['concat', 'length', 'sub']: UNSAT (0.048 seconds)
327.00/327.07	['concat', 'substr', 'substr']: UNSAT (0.187 seconds)
327.17/327.26	['concat', 'substr', 'add']: UNSAT (0.100 seconds)
327.27/327.36	['concat', 'substr', 'sub']: UNSAT (0.082 seconds)
327.37/327.45	['concat', 'add', 'add']: UNSAT (0.050 seconds)
327.47/327.50	['concat', 'add', 'sub']: UNSAT (0.054 seconds)
327.47/327.55	['concat', 'sub', 'sub']: UNSAT (0.051 seconds)
327.57/327.60	['index', 'index', 'index']: UNSAT (0.074 seconds)
327.57/327.68	['index', 'index', 'length']: UNSAT (0.056 seconds)
327.67/327.73	['index', 'index', 'substr']: UNSAT (96.302 seconds)
423.99/424.04	['index', 'index', 'add']: UNSAT (0.066 seconds)
423.99/424.10	['index', 'index', 'sub']: UNSAT (0.066 seconds)
424.12/424.17	['index', 'length', 'length']: UNSAT (0.043 seconds)
424.18/424.21	['index', 'length', 'substr']: SAT (48.229 seconds)
472.37/472.44	substr(arg0, index(arg0, '@', length('@')), 9817)
