0.12/0.20	=== Examples (../../dataset/examples/examples-47.json)
0.12/0.20	IO(inputs=('00123',), output='123')
0.12/0.20	IO(inputs=('123',), output='123')
0.12/0.20	IO(inputs=('0000001',), output='1')
0.12/0.20	=== Library
0.12/0.20	concat
0.12/0.20	index
0.12/0.20	length
0.12/0.20	substr
0.12/0.20	add
0.12/0.20	sub
0.12/0.20	=== Synthesis
0.12/0.20	['concat']: UNSAT (0.031 seconds)
0.12/0.24	['index']: UNSAT (0.031 seconds)
0.12/0.27	['length']: UNSAT (0.023 seconds)
0.12/0.29	['substr']: UNSAT (0.034 seconds)
0.28/0.33	['add']: UNSAT (0.027 seconds)
0.28/0.35	['sub']: UNSAT (0.027 seconds)
0.28/0.38	['concat', 'concat']: UNSAT (0.056 seconds)
0.36/0.44	['concat', 'index']: UNSAT (0.057 seconds)
0.36/0.50	['concat', 'length']: UNSAT (0.041 seconds)
0.47/0.54	['concat', 'substr']: UNSAT (0.068 seconds)
0.47/0.61	['concat', 'add']: UNSAT (0.038 seconds)
0.63/0.65	['concat', 'sub']: UNSAT (0.035 seconds)
0.63/0.68	['index', 'index']: UNSAT (0.049 seconds)
0.69/0.73	['index', 'length']: UNSAT (0.035 seconds)
0.69/0.77	['index', 'substr']: UNSAT (0.065 seconds)
0.79/0.83	['index', 'add']: UNSAT (0.041 seconds)
0.79/0.88	['index', 'sub']: UNSAT (0.041 seconds)
0.89/0.92	['length', 'length']: UNSAT (0.024 seconds)
0.89/0.94	['length', 'substr']: UNSAT (0.040 seconds)
0.89/0.98	['length', 'add']: UNSAT (0.028 seconds)
0.89/1.01	['length', 'sub']: UNSAT (0.029 seconds)
0.89/1.04	['substr', 'substr']: UNSAT (0.054 seconds)
1.03/1.10	['substr', 'add']: UNSAT (0.044 seconds)
1.03/1.14	['substr', 'sub']: UNSAT (0.045 seconds)
1.15/1.19	['add', 'add']: UNSAT (0.038 seconds)
1.19/1.23	['add', 'sub']: UNSAT (0.039 seconds)
1.19/1.26	['sub', 'sub']: UNSAT (0.039 seconds)
1.29/1.30	['concat', 'concat', 'concat']: UNSAT (0.154 seconds)
1.39/1.46	['concat', 'concat', 'index']: UNSAT (0.071 seconds)
1.49/1.53	['concat', 'concat', 'length']: UNSAT (0.054 seconds)
1.49/1.59	['concat', 'concat', 'substr']: UNSAT (0.212 seconds)
1.79/1.80	['concat', 'concat', 'add']: UNSAT (0.057 seconds)
1.79/1.86	['concat', 'concat', 'sub']: UNSAT (0.055 seconds)
1.89/1.91	['concat', 'index', 'index']: UNSAT (0.075 seconds)
1.89/1.99	['concat', 'index', 'length']: UNSAT (0.059 seconds)
1.89/2.05	['concat', 'index', 'substr']: UNSAT (4.052 seconds)
6.02/6.10	['concat', 'index', 'add']: UNSAT (0.068 seconds)
6.16/6.17	['concat', 'index', 'sub']: UNSAT (0.066 seconds)
6.18/6.24	['concat', 'length', 'length']: UNSAT (0.048 seconds)
6.18/6.29	['concat', 'length', 'substr']: UNSAT (0.124 seconds)
6.38/6.41	['concat', 'length', 'add']: UNSAT (0.046 seconds)
6.38/6.46	['concat', 'length', 'sub']: UNSAT (0.049 seconds)
6.48/6.51	['concat', 'substr', 'substr']: UNSAT (0.168 seconds)
6.58/6.68	['concat', 'substr', 'add']: UNSAT (0.092 seconds)
6.68/6.77	['concat', 'substr', 'sub']: UNSAT (0.077 seconds)
6.78/6.85	['concat', 'add', 'add']: UNSAT (0.053 seconds)
6.88/6.90	['concat', 'add', 'sub']: UNSAT (0.054 seconds)
6.88/6.96	['concat', 'sub', 'sub']: UNSAT (0.053 seconds)
6.88/7.01	['index', 'index', 'index']: UNSAT (0.083 seconds)
7.04/7.09	['index', 'index', 'length']: UNSAT (0.065 seconds)
7.04/7.16	['index', 'index', 'substr']: UNSAT (0.257 seconds)
7.38/7.42	['index', 'index', 'add']: UNSAT (0.075 seconds)
7.38/7.49	['index', 'index', 'sub']: UNSAT (0.070 seconds)
7.48/7.56	['index', 'length', 'length']: UNSAT (0.047 seconds)
7.58/7.61	['index', 'length', 'substr']: SAT (0.302 seconds)
7.88/7.92	substr(arg0, index(arg0, '1', 0), length(arg0))
