0.13/0.20	=== Examples (../../dataset/examples/examples-82.json)
0.13/0.20	IO(inputs=('take last three', 'and add this'), output='ree and add this')
0.13/0.20	IO(inputs=('ueueueueueu', 'xyz'), output='ueu xyz')
0.13/0.20	IO(inputs=('george not', 'and maebe'), output='not and maebe')
0.13/0.20	=== Library
0.13/0.20	concat
0.13/0.20	index
0.13/0.20	length
0.13/0.20	substr
0.13/0.20	add
0.13/0.20	sub
0.13/0.20	=== Synthesis
0.13/0.20	['concat']: UNSAT (0.034 seconds)
0.13/0.23	['index']: UNSAT (0.034 seconds)
0.25/0.27	['length']: UNSAT (0.022 seconds)
0.25/0.29	['substr']: UNSAT (0.034 seconds)
0.25/0.33	['add']: UNSAT (0.028 seconds)
0.25/0.36	['sub']: UNSAT (0.028 seconds)
0.36/0.39	['concat', 'concat']: UNSAT (0.068 seconds)
0.36/0.45	['concat', 'index']: UNSAT (0.061 seconds)
0.46/0.52	['concat', 'length']: UNSAT (0.045 seconds)
0.46/0.56	['concat', 'substr']: UNSAT (0.067 seconds)
0.56/0.63	['concat', 'add']: UNSAT (0.038 seconds)
0.62/0.67	['concat', 'sub']: UNSAT (0.038 seconds)
0.68/0.71	['index', 'index']: UNSAT (0.053 seconds)
0.68/0.76	['index', 'length']: UNSAT (0.039 seconds)
0.78/0.80	['index', 'substr']: UNSAT (0.055 seconds)
0.78/0.86	['index', 'add']: UNSAT (0.045 seconds)
0.88/0.90	['index', 'sub']: UNSAT (0.048 seconds)
0.88/0.95	['length', 'length']: UNSAT (0.052 seconds)
0.88/1.01	['length', 'substr']: UNSAT (0.061 seconds)
1.02/1.07	['length', 'add']: UNSAT (0.041 seconds)
1.02/1.11	['length', 'sub']: UNSAT (0.039 seconds)
1.12/1.15	['substr', 'substr']: UNSAT (0.068 seconds)
1.18/1.22	['substr', 'add']: UNSAT (0.057 seconds)
1.18/1.28	['substr', 'sub']: UNSAT (0.057 seconds)
1.28/1.34	['add', 'add']: UNSAT (0.056 seconds)
1.28/1.40	['add', 'sub']: UNSAT (0.052 seconds)
1.38/1.45	['sub', 'sub']: UNSAT (0.054 seconds)
1.48/1.50	['concat', 'concat', 'concat']: UNSAT (0.156 seconds)
1.59/1.66	['concat', 'concat', 'index']: UNSAT (0.076 seconds)
1.69/1.74	['concat', 'concat', 'length']: UNSAT (0.059 seconds)
1.79/1.80	['concat', 'concat', 'substr']: UNSAT (0.901 seconds)
2.69/2.70	['concat', 'concat', 'add']: UNSAT (0.059 seconds)
2.69/2.76	['concat', 'concat', 'sub']: UNSAT (0.059 seconds)
2.79/2.82	['concat', 'index', 'index']: UNSAT (0.075 seconds)
2.89/2.90	['concat', 'index', 'length']: UNSAT (0.063 seconds)
2.89/2.96	['concat', 'index', 'substr']: UNSAT (0.951 seconds)
3.89/3.91	['concat', 'index', 'add']: UNSAT (0.065 seconds)
3.89/3.98	['concat', 'index', 'sub']: UNSAT (0.066 seconds)
4.03/4.05	['concat', 'length', 'length']: UNSAT (0.043 seconds)
4.03/4.09	['concat', 'length', 'substr']: UNSAT (0.250 seconds)
4.29/4.34	['concat', 'length', 'add']: UNSAT (0.046 seconds)
4.29/4.39	['concat', 'length', 'sub']: UNSAT (0.050 seconds)
4.39/4.44	['concat', 'substr', 'substr']: UNSAT (0.134 seconds)
4.49/4.57	['concat', 'substr', 'add']: UNSAT (0.123 seconds)
4.69/4.70	['concat', 'substr', 'sub']: UNSAT (0.099 seconds)
4.79/4.80	['concat', 'add', 'add']: UNSAT (0.062 seconds)
4.79/4.86	['concat', 'add', 'sub']: UNSAT (0.054 seconds)
4.89/4.91	['concat', 'sub', 'sub']: UNSAT (0.059 seconds)
4.89/4.97	['index', 'index', 'index']: UNSAT (0.093 seconds)
5.02/5.07	['index', 'index', 'length']: UNSAT (0.066 seconds)
5.12/5.14	['index', 'index', 'substr']: UNSAT (0.100 seconds)
5.19/5.24	['index', 'index', 'add']: UNSAT (0.071 seconds)
5.29/5.31	['index', 'index', 'sub']: UNSAT (0.070 seconds)
5.29/5.38	['index', 'length', 'length']: UNSAT (0.051 seconds)
5.39/5.43	['index', 'length', 'substr']: UNSAT (0.073 seconds)
5.49/5.51	['index', 'length', 'add']: UNSAT (0.057 seconds)
5.49/5.56	['index', 'length', 'sub']: UNSAT (0.057 seconds)
5.59/5.62	['index', 'substr', 'substr']: UNSAT (0.108 seconds)
5.69/5.73	['index', 'substr', 'add']: UNSAT (0.091 seconds)
5.79/5.82	['index', 'substr', 'sub']: UNSAT (0.089 seconds)
5.89/5.91	['index', 'add', 'add']: UNSAT (0.069 seconds)
5.89/5.98	['index', 'add', 'sub']: UNSAT (0.067 seconds)
6.02/6.05	['index', 'sub', 'sub']: UNSAT (0.066 seconds)
6.02/6.12	['length', 'length', 'length']: UNSAT (0.037 seconds)
6.12/6.16	['length', 'length', 'substr']: UNSAT (0.051 seconds)
6.19/6.21	['length', 'length', 'add']: UNSAT (0.042 seconds)
6.19/6.25	['length', 'length', 'sub']: UNSAT (0.042 seconds)
6.19/6.29	['length', 'substr', 'substr']: UNSAT (0.078 seconds)
6.29/6.37	['length', 'substr', 'add']: UNSAT (0.062 seconds)
6.39/6.44	['length', 'substr', 'sub']: UNSAT (0.066 seconds)
6.49/6.50	['length', 'add', 'add']: UNSAT (0.055 seconds)
6.49/6.56	['length', 'add', 'sub']: UNSAT (0.052 seconds)
6.59/6.61	['length', 'sub', 'sub']: UNSAT (0.052 seconds)
6.59/6.67	['substr', 'substr', 'substr']: UNSAT (0.088 seconds)
6.68/6.75	['substr', 'substr', 'add']: UNSAT (0.119 seconds)
6.78/6.88	['substr', 'substr', 'sub']: UNSAT (0.108 seconds)
6.89/6.98	['substr', 'add', 'add']: UNSAT (0.071 seconds)
7.02/7.06	['substr', 'add', 'sub']: UNSAT (0.067 seconds)
7.02/7.12	['substr', 'sub', 'sub']: UNSAT (0.068 seconds)
7.13/7.19	['add', 'add', 'add']: UNSAT (0.062 seconds)
7.18/7.26	['add', 'add', 'sub']: UNSAT (0.063 seconds)
7.28/7.32	['add', 'sub', 'sub']: UNSAT (0.061 seconds)
7.28/7.38	['sub', 'sub', 'sub']: UNSAT (0.065 seconds)
7.38/7.45	['concat', 'concat', 'concat', 'concat']: UNSAT (0.381 seconds)
7.78/7.83	['concat', 'concat', 'concat', 'index']: UNSAT (0.108 seconds)
7.88/7.94	['concat', 'concat', 'concat', 'length']: UNSAT (0.090 seconds)
7.88/8.03	['concat', 'concat', 'concat', 'substr']: UNSAT (174.442 seconds)
182.38/182.47	['concat', 'concat', 'concat', 'add']: UNSAT (0.098 seconds)
182.48/182.57	['concat', 'concat', 'concat', 'sub']: UNSAT (0.094 seconds)
182.58/182.66	['concat', 'concat', 'index', 'index']: UNSAT (0.118 seconds)
182.68/182.78	['concat', 'concat', 'index', 'length']: UNSAT (0.105 seconds)
182.78/182.89	['concat', 'concat', 'index', 'substr']: UNSAT (30.129 seconds)
212.88/213.02	['concat', 'concat', 'index', 'add']: UNSAT (0.105 seconds)
213.02/213.13	['concat', 'concat', 'index', 'sub']: UNSAT (0.093 seconds)
213.18/213.22	['concat', 'concat', 'length', 'length']: UNSAT (0.075 seconds)
213.18/213.30	['concat', 'concat', 'length', 'substr']: UNSAT (7.320 seconds)
220.58/220.62	['concat', 'concat', 'length', 'add']: UNSAT (0.074 seconds)
220.58/220.69	['concat', 'concat', 'length', 'sub']: UNSAT (0.075 seconds)
220.68/220.77	['concat', 'concat', 'substr', 'substr']: UNSAT (6.102 seconds)
226.78/226.87	['concat', 'concat', 'substr', 'add']: UNSAT (1.836 seconds)
228.68/228.71	['concat', 'concat', 'substr', 'sub']: UNSAT (1.162 seconds)
229.78/229.87	['concat', 'concat', 'add', 'add']: UNSAT (0.081 seconds)
229.88/229.95	['concat', 'concat', 'add', 'sub']: UNSAT (0.083 seconds)
230.02/230.04	['concat', 'concat', 'sub', 'sub']: UNSAT (0.080 seconds)
230.02/230.12	['concat', 'index', 'index', 'index']: UNSAT (0.118 seconds)
230.18/230.24	['concat', 'index', 'index', 'length']: UNSAT (0.103 seconds)
230.28/230.34	['concat', 'index', 'index', 'substr']: UNSAT (4.302 seconds)
234.58/234.64	['concat', 'index', 'index', 'add']: UNSAT (0.107 seconds)
234.68/234.75	['concat', 'index', 'index', 'sub']: UNSAT (0.103 seconds)
234.78/234.86	['concat', 'index', 'length', 'length']: UNSAT (0.077 seconds)
234.88/234.93	['concat', 'index', 'length', 'substr']: UNSAT (1.174 seconds)
236.02/236.11	['concat', 'index', 'length', 'add']: UNSAT (0.085 seconds)
236.12/236.19	['concat', 'index', 'length', 'sub']: UNSAT (0.086 seconds)
236.18/236.28	['concat', 'index', 'substr', 'substr']: UNSAT (3.976 seconds)
240.18/240.26	['concat', 'index', 'substr', 'add']: UNSAT (1.056 seconds)
241.28/241.31	['concat', 'index', 'substr', 'sub']: UNSAT (1.384 seconds)
242.68/242.70	['concat', 'index', 'add', 'add']: UNSAT (0.101 seconds)
242.78/242.80	['concat', 'index', 'add', 'sub']: UNSAT (0.100 seconds)
242.88/242.90	['concat', 'index', 'sub', 'sub']: UNSAT (0.096 seconds)
242.88/243.00	['concat', 'length', 'length', 'length']: UNSAT (0.063 seconds)
243.02/243.06	['concat', 'length', 'length', 'substr']: UNSAT (0.207 seconds)
243.18/243.27	['concat', 'length', 'length', 'add']: UNSAT (0.066 seconds)
243.28/243.34	['concat', 'length', 'length', 'sub']: UNSAT (0.068 seconds)
243.38/243.41	['concat', 'length', 'substr', 'substr']: UNSAT (1.590 seconds)
244.88/245.00	['concat', 'length', 'substr', 'add']: UNSAT (0.580 seconds)
245.48/245.58	['concat', 'length', 'substr', 'sub']: UNSAT (0.532 seconds)
246.02/246.11	['concat', 'length', 'add', 'add']: UNSAT (0.075 seconds)
246.12/246.19	['concat', 'length', 'add', 'sub']: UNSAT (0.074 seconds)
246.18/246.26	['concat', 'length', 'sub', 'sub']: UNSAT (0.072 seconds)
246.28/246.33	['concat', 'substr', 'substr', 'substr']: UNSAT (0.548 seconds)
246.78/246.88	['concat', 'substr', 'substr', 'add']: UNSAT (0.397 seconds)
247.18/247.28	['concat', 'substr', 'substr', 'sub']: UNSAT (0.499 seconds)
247.68/247.78	['concat', 'substr', 'add', 'add']: UNSAT (0.362 seconds)
248.12/248.14	['concat', 'substr', 'add', 'sub']: UNSAT (0.233 seconds)
248.28/248.38	['concat', 'substr', 'sub', 'sub']: UNSAT (0.224 seconds)
248.58/248.60	['concat', 'add', 'add', 'add']: UNSAT (0.087 seconds)
248.58/248.69	['concat', 'add', 'add', 'sub']: UNSAT (0.089 seconds)
248.68/248.78	['concat', 'add', 'sub', 'sub']: UNSAT (0.089 seconds)
248.78/248.87	['concat', 'sub', 'sub', 'sub']: UNSAT (0.091 seconds)
248.88/248.96	['index', 'index', 'index', 'index']: UNSAT (0.126 seconds)
249.02/249.09	['index', 'index', 'index', 'length']: UNSAT (0.103 seconds)
249.12/249.19	['index', 'index', 'index', 'substr']: UNSAT (0.147 seconds)
249.28/249.34	['index', 'index', 'index', 'add']: UNSAT (0.116 seconds)
249.38/249.46	['index', 'index', 'index', 'sub']: UNSAT (0.118 seconds)
249.48/249.58	['index', 'index', 'length', 'length']: UNSAT (0.083 seconds)
249.58/249.66	['index', 'index', 'length', 'substr']: UNSAT (0.117 seconds)
249.68/249.78	['index', 'index', 'length', 'add']: UNSAT (0.093 seconds)
249.78/249.87	['index', 'index', 'length', 'sub']: UNSAT (0.100 seconds)
249.88/249.97	['index', 'index', 'substr', 'substr']: UNSAT (0.186 seconds)
250.11/250.16	['index', 'index', 'substr', 'add']: UNSAT (0.143 seconds)
250.28/250.31	['index', 'index', 'substr', 'sub']: UNSAT (0.126 seconds)
250.38/250.43	['index', 'index', 'add', 'add']: UNSAT (0.102 seconds)
250.48/250.53	['index', 'index', 'add', 'sub']: UNSAT (0.112 seconds)
250.58/250.65	['index', 'index', 'sub', 'sub']: UNSAT (0.113 seconds)
250.68/250.76	['index', 'length', 'length', 'length']: UNSAT (0.068 seconds)
250.78/250.83	['index', 'length', 'length', 'substr']: UNSAT (0.102 seconds)
250.88/250.93	['index', 'length', 'length', 'add']: UNSAT (0.079 seconds)
250.88/251.01	['index', 'length', 'length', 'sub']: UNSAT (0.075 seconds)
251.02/251.09	['index', 'length', 'substr', 'substr']: UNSAT (0.142 seconds)
251.18/251.23	['index', 'length', 'substr', 'add']: UNSAT (0.115 seconds)
251.28/251.35	['index', 'length', 'substr', 'sub']: UNSAT (0.113 seconds)
251.38/251.46	['index', 'length', 'add', 'add']: UNSAT (0.088 seconds)
251.48/251.55	['index', 'length', 'add', 'sub']: UNSAT (0.088 seconds)
251.58/251.64	['index', 'length', 'sub', 'sub']: UNSAT (0.088 seconds)
251.68/251.73	['index', 'substr', 'substr', 'substr']: UNSAT (0.424 seconds)
252.12/252.15	['index', 'substr', 'substr', 'add']: UNSAT (0.224 seconds)
252.28/252.38	['index', 'substr', 'substr', 'sub']: UNSAT (0.163 seconds)
252.48/252.54	['index', 'substr', 'add', 'add']: UNSAT (0.135 seconds)
252.58/252.68	['index', 'substr', 'add', 'sub']: UNSAT (0.142 seconds)
252.78/252.82	['index', 'substr', 'sub', 'sub']: UNSAT (0.137 seconds)
252.88/252.96	['index', 'add', 'add', 'add']: UNSAT (0.111 seconds)
253.02/253.07	['index', 'add', 'add', 'sub']: UNSAT (0.109 seconds)
253.12/253.18	['index', 'add', 'sub', 'sub']: UNSAT (0.113 seconds)
253.28/253.30	['index', 'sub', 'sub', 'sub']: UNSAT (0.112 seconds)
253.38/253.41	['length', 'length', 'length', 'length']: UNSAT (0.050 seconds)
253.38/253.46	['length', 'length', 'length', 'substr']: UNSAT (0.067 seconds)
253.48/253.53	['length', 'length', 'length', 'add']: UNSAT (0.055 seconds)
253.48/253.58	['length', 'length', 'length', 'sub']: UNSAT (0.056 seconds)
253.58/253.64	['length', 'length', 'substr', 'substr']: UNSAT (0.144 seconds)
253.68/253.79	['length', 'length', 'substr', 'add']: UNSAT (0.085 seconds)
253.78/253.87	['length', 'length', 'substr', 'sub']: UNSAT (0.085 seconds)
253.88/253.96	['length', 'length', 'add', 'add']: UNSAT (0.070 seconds)
253.88/254.03	['length', 'length', 'add', 'sub']: UNSAT (0.069 seconds)
254.02/254.10	['length', 'length', 'sub', 'sub']: UNSAT (0.067 seconds)
254.12/254.17	['length', 'substr', 'substr', 'substr']: UNSAT (0.145 seconds)
254.28/254.31	['length', 'substr', 'substr', 'add']: UNSAT (0.108 seconds)
254.38/254.42	['length', 'substr', 'substr', 'sub']: UNSAT (0.111 seconds)
254.48/254.54	['length', 'substr', 'add', 'add']: UNSAT (0.093 seconds)
254.58/254.63	['length', 'substr', 'add', 'sub']: UNSAT (0.100 seconds)
254.68/254.73	['length', 'substr', 'sub', 'sub']: UNSAT (0.103 seconds)
254.78/254.84	['length', 'add', 'add', 'add']: UNSAT (0.083 seconds)
254.88/254.92	['length', 'add', 'add', 'sub']: UNSAT (0.084 seconds)
254.88/255.00	['length', 'add', 'sub', 'sub']: UNSAT (0.085 seconds)
255.02/255.09	['length', 'sub', 'sub', 'sub']: UNSAT (0.081 seconds)
255.12/255.17	['substr', 'substr', 'substr', 'substr']: UNSAT (0.145 seconds)
255.28/255.32	['substr', 'substr', 'substr', 'add']: UNSAT (0.124 seconds)
255.38/255.44	['substr', 'substr', 'substr', 'sub']: UNSAT (0.124 seconds)
255.48/255.57	['substr', 'substr', 'add', 'add']: UNSAT (0.115 seconds)
255.58/255.68	['substr', 'substr', 'add', 'sub']: UNSAT (0.114 seconds)
255.78/255.80	['substr', 'substr', 'sub', 'sub']: UNSAT (0.118 seconds)
255.88/255.92	['substr', 'add', 'add', 'add']: UNSAT (0.107 seconds)
255.88/256.03	['substr', 'add', 'add', 'sub']: UNSAT (0.109 seconds)
256.02/256.14	['substr', 'add', 'sub', 'sub']: UNSAT (0.106 seconds)
256.18/256.24	['substr', 'sub', 'sub', 'sub']: UNSAT (0.104 seconds)
256.28/256.35	['add', 'add', 'add', 'add']: UNSAT (0.100 seconds)
256.38/256.45	['add', 'add', 'add', 'sub']: UNSAT (0.101 seconds)
256.48/256.55	['add', 'add', 'sub', 'sub']: UNSAT (0.101 seconds)
256.58/256.65	['add', 'sub', 'sub', 'sub']: UNSAT (0.101 seconds)
256.68/256.75	['sub', 'sub', 'sub', 'sub']: UNSAT (0.102 seconds)
256.78/256.86	['concat', 'concat', 'concat', 'concat', 'concat']: UNSAT (0.518 seconds)
257.28/257.38	['concat', 'concat', 'concat', 'concat', 'index']: UNSAT (0.153 seconds)
257.48/257.53	['concat', 'concat', 'concat', 'concat', 'length']: UNSAT (0.125 seconds)
257.58/257.66	['concat', 'concat', 'concat', 'concat', 'substr']: 