0.11/0.20	=== Examples (../../dataset/examples/examples-24.json)
0.11/0.20	IO(inputs=('Nulla sapien nisi, auctor sed.',), output='Nulla sapien nisi, auctor sed....')
0.11/0.20	IO(inputs=('Nunc sed magna in ante congue feugiat nullam.',), output='Nunc sed magna in ante congue feugiat nu...')
0.11/0.20	IO(inputs=('Suspendisse ac neque vestibulum volutpat.',), output='Suspendisse ac neque vestibulum volutpat...')
0.11/0.20	=== Library
0.11/0.20	concat
0.11/0.20	index
0.11/0.20	length
0.11/0.20	substr
0.11/0.20	add
0.11/0.20	sub
0.11/0.20	=== Synthesis
0.11/0.20	['concat']: UNSAT (0.032 seconds)
0.11/0.23	['index']: UNSAT (0.031 seconds)
0.11/0.26	['length']: UNSAT (0.021 seconds)
0.25/0.29	['substr']: UNSAT (0.035 seconds)
0.25/0.32	['add']: UNSAT (0.027 seconds)
0.25/0.35	['sub']: UNSAT (0.027 seconds)
0.25/0.38	['concat', 'concat']: UNSAT (0.062 seconds)
0.35/0.44	['concat', 'index']: UNSAT (0.056 seconds)
0.45/0.50	['concat', 'length']: UNSAT (0.041 seconds)
0.45/0.54	['concat', 'substr']: UNSAT (0.200 seconds)
0.69/0.74	['concat', 'add']: UNSAT (0.034 seconds)
0.69/0.77	['concat', 'sub']: UNSAT (0.034 seconds)
0.79/0.81	['index', 'index']: UNSAT (0.047 seconds)
0.79/0.86	['index', 'length']: UNSAT (0.033 seconds)
0.79/0.89	['index', 'substr']: UNSAT (0.050 seconds)
0.89/0.94	['index', 'add']: UNSAT (0.040 seconds)
0.89/0.98	['index', 'sub']: UNSAT (0.040 seconds)
0.89/1.02	['length', 'length']: UNSAT (0.023 seconds)
1.01/1.05	['length', 'substr']: UNSAT (0.040 seconds)
1.01/1.09	['length', 'add']: UNSAT (0.028 seconds)
1.01/1.12	['length', 'sub']: UNSAT (0.029 seconds)
1.13/1.15	['substr', 'substr']: UNSAT (0.051 seconds)
1.19/1.20	['substr', 'add']: UNSAT (0.046 seconds)
1.19/1.24	['substr', 'sub']: UNSAT (0.044 seconds)
1.19/1.29	['add', 'add']: UNSAT (0.038 seconds)
1.29/1.33	['add', 'sub']: UNSAT (0.037 seconds)
1.29/1.37	['sub', 'sub']: UNSAT (0.038 seconds)
1.39/1.40	['concat', 'concat', 'concat']: UNSAT (0.391 seconds)
1.79/1.80	['concat', 'concat', 'index']: UNSAT (0.070 seconds)
1.79/1.87	['concat', 'concat', 'length']: UNSAT (0.055 seconds)
1.89/1.92	['concat', 'concat', 'substr']: UNSAT (0.395 seconds)
2.29/2.32	['concat', 'concat', 'add']: UNSAT (0.056 seconds)
2.29/2.38	['concat', 'concat', 'sub']: UNSAT (0.059 seconds)
2.39/2.44	['concat', 'index', 'index']: UNSAT (0.075 seconds)
2.49/2.51	['concat', 'index', 'length']: UNSAT (0.058 seconds)
2.49/2.57	['concat', 'index', 'substr']: UNSAT (0.456 seconds)
2.89/3.03	['concat', 'index', 'add']: UNSAT (0.066 seconds)
3.01/3.09	['concat', 'index', 'sub']: UNSAT (0.062 seconds)
3.12/3.16	['concat', 'length', 'length']: UNSAT (0.043 seconds)
3.19/3.20	['concat', 'length', 'substr']: UNSAT (0.107 seconds)
3.29/3.31	['concat', 'length', 'add']: UNSAT (0.046 seconds)
3.29/3.35	['concat', 'length', 'sub']: UNSAT (0.047 seconds)
3.39/3.40	['concat', 'substr', 'substr']: UNSAT (0.163 seconds)
3.49/3.57	['concat', 'substr', 'add']: UNSAT (0.103 seconds)
3.59/3.67	['concat', 'substr', 'sub']: SAT (0.564 seconds)
4.19/4.24	concat(substr(arg0, sub(40, 40), 40), '...')
