0.11/0.20	=== Examples (../../dataset/examples/examples-53.json)
0.11/0.20	IO(inputs=(' this is the same as trim man...  ',), output='this is the same as trim man...')
0.11/0.20	IO(inputs=('  know your libraries',), output='know your libraries')
0.11/0.20	IO(inputs=('or is trim too young? ',), output='or is trim too young?')
0.11/0.20	=== Library
0.11/0.20	concat
0.11/0.20	index
0.11/0.20	length
0.11/0.20	substr
0.11/0.20	add
0.11/0.20	sub
0.11/0.20	=== Synthesis
0.11/0.20	['concat']: UNSAT (0.032 seconds)
0.11/0.23	['index']: UNSAT (0.032 seconds)
0.11/0.26	['length']: UNSAT (0.021 seconds)
0.11/0.28	['substr']: UNSAT (0.034 seconds)
0.11/0.32	['add']: UNSAT (0.028 seconds)
0.29/0.35	['sub']: UNSAT (0.027 seconds)
0.29/0.38	['concat', 'concat']: UNSAT (0.060 seconds)
0.38/0.44	['concat', 'index']: UNSAT (0.055 seconds)
0.43/0.49	['concat', 'length']: UNSAT (0.042 seconds)
0.43/0.54	['concat', 'substr']: UNSAT (0.186 seconds)
0.69/0.72	['concat', 'add']: UNSAT (0.037 seconds)
0.69/0.76	['concat', 'sub']: UNSAT (0.035 seconds)
0.79/0.80	['index', 'index']: UNSAT (0.046 seconds)
0.79/0.84	['index', 'length']: UNSAT (0.037 seconds)
0.79/0.88	['index', 'substr']: UNSAT (0.120 seconds)
0.89/1.00	['index', 'add']: UNSAT (0.042 seconds)
1.01/1.05	['index', 'sub']: UNSAT (0.042 seconds)
1.01/1.09	['length', 'length']: UNSAT (0.023 seconds)
1.01/1.11	['length', 'substr']: UNSAT (0.043 seconds)
1.13/1.16	['length', 'add']: UNSAT (0.029 seconds)
1.13/1.19	['length', 'sub']: UNSAT (0.028 seconds)
1.19/1.21	['substr', 'substr']: UNSAT (0.054 seconds)
1.19/1.27	['substr', 'add']: UNSAT (0.044 seconds)
1.29/1.31	['substr', 'sub']: UNSAT (0.046 seconds)
1.29/1.36	['add', 'add']: UNSAT (0.039 seconds)
1.39/1.40	['add', 'sub']: UNSAT (0.038 seconds)
1.39/1.44	['sub', 'sub']: UNSAT (0.038 seconds)
1.39/1.48	['concat', 'concat', 'concat']: UNSAT (0.233 seconds)
1.69/1.71	['concat', 'concat', 'index']: UNSAT (0.070 seconds)
1.69/1.78	['concat', 'concat', 'length']: UNSAT (0.052 seconds)
1.79/1.83	['concat', 'concat', 'substr']: UNSAT (1.677 seconds)
3.49/3.51	['concat', 'concat', 'add']: UNSAT (0.057 seconds)
3.49/3.57	['concat', 'concat', 'sub']: UNSAT (0.059 seconds)
3.59/3.63	['concat', 'index', 'index']: UNSAT (0.072 seconds)
3.69/3.70	['concat', 'index', 'length']: UNSAT (0.059 seconds)
3.69/3.76	['concat', 'index', 'substr']: UNSAT (2.074 seconds)
5.79/5.84	['concat', 'index', 'add']: UNSAT (0.062 seconds)
5.89/5.90	['concat', 'index', 'sub']: UNSAT (0.057 seconds)
5.89/5.96	['concat', 'length', 'length']: UNSAT (0.044 seconds)
5.89/6.00	['concat', 'length', 'substr']: UNSAT (0.109 seconds)
6.02/6.11	['concat', 'length', 'add']: UNSAT (0.045 seconds)
6.13/6.16	['concat', 'length', 'sub']: UNSAT (0.045 seconds)
6.19/6.20	['concat', 'substr', 'substr']: UNSAT (0.155 seconds)
6.29/6.36	['concat', 'substr', 'add']: UNSAT (0.090 seconds)
6.39/6.45	['concat', 'substr', 'sub']: UNSAT (0.078 seconds)
6.49/6.53	['concat', 'add', 'add']: UNSAT (0.050 seconds)
6.49/6.58	['concat', 'add', 'sub']: UNSAT (0.057 seconds)
6.59/6.64	['concat', 'sub', 'sub']: UNSAT (0.056 seconds)
6.59/6.69	['index', 'index', 'index']: UNSAT (0.085 seconds)
6.69/6.78	['index', 'index', 'length']: UNSAT (0.057 seconds)
6.79/6.84	['index', 'index', 'substr']: UNSAT (4.557 seconds)
11.39/11.40	['index', 'index', 'add']: UNSAT (0.068 seconds)
11.39/11.47	['index', 'index', 'sub']: UNSAT (0.069 seconds)
11.49/11.53	['index', 'length', 'length']: UNSAT (0.046 seconds)
11.49/11.58	['index', 'length', 'substr']: UNSAT (0.219 seconds)
11.79/11.80	['index', 'length', 'add']: UNSAT (0.055 seconds)
11.79/11.86	['index', 'length', 'sub']: UNSAT (0.052 seconds)
11.89/11.91	['index', 'substr', 'substr']: UNSAT (1.069 seconds)
12.89/12.98	['index', 'substr', 'add']: UNSAT (0.242 seconds)
13.19/13.22	['index', 'substr', 'sub']: UNSAT (0.229 seconds)
13.39/13.45	['index', 'add', 'add']: UNSAT (0.061 seconds)
13.49/13.51	['index', 'add', 'sub']: UNSAT (0.066 seconds)
13.49/13.58	['index', 'sub', 'sub']: UNSAT (0.060 seconds)
13.59/13.64	['length', 'length', 'length']: UNSAT (0.034 seconds)
13.59/13.68	['length', 'length', 'substr']: UNSAT (0.061 seconds)
13.69/13.74	['length', 'length', 'add']: UNSAT (0.038 seconds)
13.69/13.78	['length', 'length', 'sub']: UNSAT (0.040 seconds)
13.79/13.82	['length', 'substr', 'substr']: UNSAT (0.123 seconds)
13.89/13.94	['length', 'substr', 'add']: UNSAT (0.075 seconds)
13.89/14.02	['length', 'substr', 'sub']: UNSAT (0.078 seconds)
14.02/14.10	['length', 'add', 'add']: UNSAT (0.046 seconds)
14.13/14.14	['length', 'add', 'sub']: UNSAT (0.050 seconds)
14.13/14.19	['length', 'sub', 'sub']: UNSAT (0.046 seconds)
14.19/14.24	['substr', 'substr', 'substr']: UNSAT (0.107 seconds)
14.29/14.35	['substr', 'substr', 'add']: UNSAT (0.093 seconds)
14.39/14.44	['substr', 'substr', 'sub']: UNSAT (0.094 seconds)
14.49/14.54	['substr', 'add', 'add']: UNSAT (0.085 seconds)
14.59/14.62	['substr', 'add', 'sub']: UNSAT (0.090 seconds)
14.69/14.71	['substr', 'sub', 'sub']: UNSAT (0.086 seconds)
14.79/14.80	['add', 'add', 'add']: UNSAT (0.099 seconds)
14.89/14.90	['add', 'add', 'sub']: UNSAT (0.082 seconds)
14.89/14.98	['add', 'sub', 'sub']: UNSAT (0.082 seconds)
15.01/15.07	['sub', 'sub', 'sub']: UNSAT (0.082 seconds)
15.13/15.15	['concat', 'concat', 'concat', 'concat']: UNSAT (0.489 seconds)
15.59/15.64	['concat', 'concat', 'concat', 'index']: UNSAT (0.104 seconds)
15.69/15.74	['concat', 'concat', 'concat', 'length']: UNSAT (0.087 seconds)
15.79/15.83	['concat', 'concat', 'concat', 'substr']: UNSAT (232.383 seconds)
248.15/248.22	['concat', 'concat', 'concat', 'add']: UNSAT (0.085 seconds)
248.25/248.30	['concat', 'concat', 'concat', 'sub']: UNSAT (0.085 seconds)
248.25/248.39	['concat', 'concat', 'index', 'index']: UNSAT (0.109 seconds)
248.46/248.50	['concat', 'concat', 'index', 'length']: UNSAT (0.091 seconds)
248.46/248.59	['concat', 'concat', 'index', 'substr']: UNSAT (38.847 seconds)
287.36/287.44	['concat', 'concat', 'index', 'add']: UNSAT (0.090 seconds)
287.46/287.53	['concat', 'concat', 'index', 'sub']: UNSAT (0.089 seconds)
287.56/287.62	['concat', 'concat', 'length', 'length']: UNSAT (0.071 seconds)
287.56/287.69	['concat', 'concat', 'length', 'substr']: UNSAT (1.843 seconds)
289.46/289.54	['concat', 'concat', 'length', 'add']: UNSAT (0.070 seconds)
289.56/289.61	['concat', 'concat', 'length', 'sub']: UNSAT (0.070 seconds)
289.56/289.68	['concat', 'concat', 'substr', 'substr']: UNSAT (6.043 seconds)
295.66/295.72	['concat', 'concat', 'substr', 'add']: UNSAT (1.615 seconds)
297.26/297.34	['concat', 'concat', 'substr', 'sub']: UNSAT (0.368 seconds)
297.66/297.71	['concat', 'concat', 'add', 'add']: UNSAT (0.077 seconds)
297.66/297.79	['concat', 'concat', 'add', 'sub']: UNSAT (0.078 seconds)
297.76/297.86	['concat', 'concat', 'sub', 'sub']: UNSAT (0.084 seconds)
297.86/297.95	['concat', 'index', 'index', 'index']: UNSAT (0.116 seconds)
297.98/298.07	['concat', 'index', 'index', 'length']: UNSAT (0.094 seconds)
298.10/298.16	['concat', 'index', 'index', 'substr']: 