0.11/0.20	=== Examples (../../dataset/examples/examples-92.json)
0.11/0.20	IO(inputs=('GEORGE',), output='George')
0.11/0.20	IO(inputs=('MAEBE',), output='Maebe')
0.11/0.20	IO(inputs=('MICHAEL',), output='Michael')
0.11/0.20	=== Library
0.11/0.20	concat
0.11/0.20	index
0.11/0.20	length
0.11/0.20	substr
0.11/0.20	add
0.11/0.20	sub
0.11/0.20	=== Synthesis
0.11/0.20	['concat']: UNSAT (0.031 seconds)
0.11/0.23	['index']: UNSAT (0.030 seconds)
0.11/0.26	['length']: UNSAT (0.021 seconds)
0.26/0.28	['substr']: UNSAT (0.034 seconds)
0.26/0.32	['add']: UNSAT (0.026 seconds)
0.26/0.35	['sub']: UNSAT (0.026 seconds)
0.26/0.37	['concat', 'concat']: UNSAT (0.055 seconds)
0.36/0.43	['concat', 'index']: UNSAT (0.054 seconds)
0.46/0.48	['concat', 'length']: UNSAT (0.042 seconds)
0.46/0.53	['concat', 'substr']: UNSAT (0.080 seconds)
0.56/0.61	['concat', 'add']: UNSAT (0.043 seconds)
0.63/0.65	['concat', 'sub']: UNSAT (0.038 seconds)
0.63/0.69	['index', 'index']: UNSAT (0.044 seconds)
0.69/0.73	['index', 'length']: UNSAT (0.031 seconds)
0.69/0.77	['index', 'substr']: UNSAT (0.045 seconds)
0.79/0.81	['index', 'add']: UNSAT (0.037 seconds)
0.79/0.85	['index', 'sub']: UNSAT (0.040 seconds)
0.79/0.89	['length', 'length']: UNSAT (0.022 seconds)
0.89/0.91	['length', 'substr']: UNSAT (0.035 seconds)
0.89/0.95	['length', 'add']: UNSAT (0.029 seconds)
0.89/0.98	['length', 'sub']: UNSAT (0.026 seconds)
0.89/1.00	['substr', 'substr']: UNSAT (0.050 seconds)
1.01/1.05	['substr', 'add']: UNSAT (0.045 seconds)
1.01/1.10	['substr', 'sub']: UNSAT (0.041 seconds)
1.13/1.14	['add', 'add']: UNSAT (0.037 seconds)
1.13/1.18	['add', 'sub']: UNSAT (0.034 seconds)
1.19/1.21	['sub', 'sub']: UNSAT (0.035 seconds)
1.19/1.25	['concat', 'concat', 'concat']: UNSAT (0.131 seconds)
1.29/1.38	['concat', 'concat', 'index']: UNSAT (0.064 seconds)
1.39/1.45	['concat', 'concat', 'length']: UNSAT (0.051 seconds)
1.49/1.50	['concat', 'concat', 'substr']: UNSAT (1.366 seconds)
2.79/2.87	['concat', 'concat', 'add']: UNSAT (0.052 seconds)
2.89/2.92	['concat', 'concat', 'sub']: UNSAT (0.052 seconds)
2.89/2.97	['concat', 'index', 'index']: UNSAT (0.073 seconds)
3.01/3.04	['concat', 'index', 'length']: UNSAT (0.057 seconds)
3.01/3.10	['concat', 'index', 'substr']: UNSAT (0.513 seconds)
3.59/3.62	['concat', 'index', 'add']: UNSAT (0.057 seconds)
3.59/3.68	['concat', 'index', 'sub']: UNSAT (0.059 seconds)
3.69/3.73	['concat', 'length', 'length']: UNSAT (0.040 seconds)
3.69/3.78	['concat', 'length', 'substr']: UNSAT (0.299 seconds)
4.01/4.08	['concat', 'length', 'add']: UNSAT (0.042 seconds)
4.01/4.12	['concat', 'length', 'sub']: UNSAT (0.050 seconds)
4.12/4.17	['concat', 'substr', 'substr']: UNSAT (0.144 seconds)
4.29/4.31	['concat', 'substr', 'add']: UNSAT (0.164 seconds)
4.39/4.48	['concat', 'substr', 'sub']: UNSAT (0.099 seconds)
4.49/4.58	['concat', 'add', 'add']: UNSAT (0.053 seconds)
4.59/4.63	['concat', 'add', 'sub']: UNSAT (0.050 seconds)
4.59/4.68	['concat', 'sub', 'sub']: UNSAT (0.051 seconds)
4.69/4.73	['index', 'index', 'index']: UNSAT (0.073 seconds)
4.79/4.81	['index', 'index', 'length']: UNSAT (0.059 seconds)
4.79/4.87	['index', 'index', 'substr']: UNSAT (0.083 seconds)
4.89/4.95	['index', 'index', 'add']: UNSAT (0.068 seconds)
4.89/5.02	['index', 'index', 'sub']: UNSAT (0.068 seconds)
5.01/5.09	['index', 'length', 'length']: UNSAT (0.044 seconds)
5.01/5.13	['index', 'length', 'substr']: UNSAT (0.073 seconds)
5.19/5.21	['index', 'length', 'add']: UNSAT (0.051 seconds)
5.19/5.26	['index', 'length', 'sub']: UNSAT (0.052 seconds)
5.29/5.31	['index', 'substr', 'substr']: UNSAT (0.108 seconds)
5.39/5.42	['index', 'substr', 'add']: UNSAT (0.089 seconds)
5.49/5.51	['index', 'substr', 'sub']: UNSAT (0.082 seconds)
5.49/5.59	['index', 'add', 'add']: UNSAT (0.062 seconds)
5.59/5.66	['index', 'add', 'sub']: UNSAT (0.064 seconds)
5.69/5.72	['index', 'sub', 'sub']: UNSAT (0.063 seconds)
5.69/5.78	['length', 'length', 'length']: UNSAT (0.031 seconds)
5.79/5.82	['length', 'length', 'substr']: UNSAT (0.048 seconds)
5.79/5.87	['length', 'length', 'add']: UNSAT (0.037 seconds)
5.89/5.90	['length', 'length', 'sub']: UNSAT (0.035 seconds)
5.89/5.94	['length', 'substr', 'substr']: UNSAT (0.076 seconds)
5.89/6.02	['length', 'substr', 'add']: UNSAT (0.054 seconds)
6.01/6.07	['length', 'substr', 'sub']: UNSAT (0.057 seconds)
6.01/6.13	['length', 'add', 'add']: UNSAT (0.046 seconds)
6.13/6.17	['length', 'add', 'sub']: UNSAT (0.074 seconds)
6.19/6.25	['length', 'sub', 'sub']: UNSAT (0.074 seconds)
6.29/6.33	['substr', 'substr', 'substr']: UNSAT (0.117 seconds)
6.39/6.44	['substr', 'substr', 'add']: UNSAT (0.100 seconds)
6.49/6.55	['substr', 'substr', 'sub']: UNSAT (0.103 seconds)
6.59/6.65	['substr', 'add', 'add']: UNSAT (0.092 seconds)
6.69/6.74	['substr', 'add', 'sub']: UNSAT (0.090 seconds)
6.79/6.83	['substr', 'sub', 'sub']: UNSAT (0.069 seconds)
6.89/6.90	['add', 'add', 'add']: UNSAT (0.062 seconds)
6.89/6.97	['add', 'add', 'sub']: UNSAT (0.062 seconds)
6.89/7.03	['add', 'sub', 'sub']: UNSAT (0.062 seconds)
7.01/7.09	['sub', 'sub', 'sub']: UNSAT (0.064 seconds)
7.12/7.16	['concat', 'concat', 'concat', 'concat']: UNSAT (17.832 seconds)
24.89/24.99	['concat', 'concat', 'concat', 'index']: UNSAT (0.098 seconds)
25.01/25.09	['concat', 'concat', 'concat', 'length']: UNSAT (0.079 seconds)
25.12/25.17	['concat', 'concat', 'concat', 'substr']: UNSAT (158.000 seconds)
183.13/183.17	['concat', 'concat', 'concat', 'add']: UNSAT (0.082 seconds)
183.18/183.25	['concat', 'concat', 'concat', 'sub']: UNSAT (0.083 seconds)
183.28/183.34	['concat', 'concat', 'index', 'index']: UNSAT (0.108 seconds)
183.38/183.45	['concat', 'concat', 'index', 'length']: UNSAT (0.084 seconds)
183.48/183.53	['concat', 'concat', 'index', 'substr']: UNSAT (16.853 seconds)
200.28/200.39	['concat', 'concat', 'index', 'add']: UNSAT (0.121 seconds)
200.48/200.51	['concat', 'concat', 'index', 'sub']: UNSAT (0.116 seconds)
200.58/200.63	['concat', 'concat', 'length', 'length']: UNSAT (0.090 seconds)
200.68/200.72	['concat', 'concat', 'length', 'substr']: UNSAT (8.147 seconds)
208.78/208.87	['concat', 'concat', 'length', 'add']: UNSAT (0.065 seconds)
208.88/208.93	['concat', 'concat', 'length', 'sub']: UNSAT (0.066 seconds)
208.88/209.00	['concat', 'concat', 'substr', 'substr']: UNSAT (9.492 seconds)
218.38/218.49	['concat', 'concat', 'substr', 'add']: UNSAT (2.047 seconds)
220.48/220.54	['concat', 'concat', 'substr', 'sub']: UNSAT (0.546 seconds)
221.00/221.09	['concat', 'concat', 'add', 'add']: UNSAT (0.072 seconds)
221.11/221.16	['concat', 'concat', 'add', 'sub']: UNSAT (0.073 seconds)
221.18/221.23	['concat', 'concat', 'sub', 'sub']: UNSAT (0.085 seconds)
221.28/221.32	['concat', 'index', 'index', 'index']: UNSAT (0.104 seconds)
221.38/221.42	['concat', 'index', 'index', 'length']: UNSAT (0.086 seconds)
221.48/221.51	['concat', 'index', 'index', 'substr']: UNSAT (6.488 seconds)
227.88/228.00	['concat', 'index', 'index', 'add']: UNSAT (0.095 seconds)
228.01/228.09	['concat', 'index', 'index', 'sub']: UNSAT (0.092 seconds)
228.12/228.19	['concat', 'index', 'length', 'length']: UNSAT (0.068 seconds)
228.18/228.26	['concat', 'index', 'length', 'substr']: UNSAT (2.564 seconds)
230.78/230.82	['concat', 'index', 'length', 'add']: UNSAT (0.073 seconds)
230.78/230.90	['concat', 'index', 'length', 'sub']: UNSAT (0.073 seconds)
230.88/230.97	['concat', 'index', 'substr', 'substr']: UNSAT (4.970 seconds)
235.88/235.94	['concat', 'index', 'substr', 'add']: UNSAT (1.803 seconds)
237.68/237.74	['concat', 'index', 'substr', 'sub']: UNSAT (1.748 seconds)
239.38/239.49	['concat', 'index', 'add', 'add']: UNSAT (0.087 seconds)
239.48/239.58	['concat', 'index', 'add', 'sub']: UNSAT (0.084 seconds)
239.58/239.67	['concat', 'index', 'sub', 'sub']: UNSAT (0.082 seconds)
239.68/239.75	['concat', 'length', 'length', 'length']: UNSAT (0.053 seconds)
239.78/239.80	['concat', 'length', 'length', 'substr']: UNSAT (0.395 seconds)
240.18/240.20	['concat', 'length', 'length', 'add']: UNSAT (0.057 seconds)
240.18/240.25	['concat', 'length', 'length', 'sub']: UNSAT (0.059 seconds)
240.28/240.31	['concat', 'length', 'substr', 'substr']: UNSAT (2.818 seconds)
243.01/243.13	['concat', 'length', 'substr', 'add']: UNSAT (0.462 seconds)
243.58/243.60	['concat', 'length', 'substr', 'sub']: UNSAT (0.391 seconds)
243.88/243.99	['concat', 'length', 'add', 'add']: UNSAT (0.069 seconds)
244.01/244.06	['concat', 'length', 'add', 'sub']: UNSAT (0.072 seconds)
244.01/244.13	['concat', 'length', 'sub', 'sub']: UNSAT (0.065 seconds)
244.18/244.20	['concat', 'substr', 'substr', 'substr']: UNSAT (0.899 seconds)
245.01/245.10	['concat', 'substr', 'substr', 'add']: UNSAT (0.680 seconds)
245.68/245.78	['concat', 'substr', 'substr', 'sub']: UNSAT (0.743 seconds)
246.48/246.52	['concat', 'substr', 'add', 'add']: UNSAT (0.588 seconds)
247.01/247.11	['concat', 'substr', 'add', 'sub']: UNSAT (0.421 seconds)
247.48/247.53	['concat', 'substr', 'sub', 'sub']: UNSAT (0.323 seconds)
247.78/247.86	['concat', 'add', 'add', 'add']: UNSAT (0.080 seconds)
247.88/247.94	['concat', 'add', 'add', 'sub']: UNSAT (0.079 seconds)
247.88/248.02	['concat', 'add', 'sub', 'sub']: UNSAT (0.078 seconds)
248.01/248.10	['concat', 'sub', 'sub', 'sub']: UNSAT (0.077 seconds)
248.12/248.17	['index', 'index', 'index', 'index']: UNSAT (0.113 seconds)
248.18/248.29	['index', 'index', 'index', 'length']: UNSAT (0.094 seconds)
248.28/248.38	['index', 'index', 'index', 'substr']: UNSAT (0.147 seconds)
248.48/248.53	['index', 'index', 'index', 'add']: UNSAT (0.106 seconds)
248.58/248.64	['index', 'index', 'index', 'sub']: UNSAT (0.104 seconds)
248.68/248.74	['index', 'index', 'length', 'length']: UNSAT (0.074 seconds)
248.78/248.82	['index', 'index', 'length', 'substr']: UNSAT (0.102 seconds)
248.88/248.92	['index', 'index', 'length', 'add']: UNSAT (0.082 seconds)
248.88/249.00	['index', 'index', 'length', 'sub']: UNSAT (0.081 seconds)
249.01/249.09	['index', 'index', 'substr', 'substr']: UNSAT (0.426 seconds)
249.48/249.51	['index', 'index', 'substr', 'add']: UNSAT (0.201 seconds)
249.68/249.71	['index', 'index', 'substr', 'sub']: UNSAT (0.119 seconds)
249.78/249.84	['index', 'index', 'add', 'add']: UNSAT (0.096 seconds)
249.88/249.93	['index', 'index', 'add', 'sub']: UNSAT (0.097 seconds)
249.88/250.03	['index', 'index', 'sub', 'sub']: UNSAT (0.096 seconds)
250.01/250.13	['index', 'length', 'length', 'length']: UNSAT (0.057 seconds)
250.12/250.18	['index', 'length', 'length', 'substr']: UNSAT (0.105 seconds)
250.18/250.29	['index', 'length', 'length', 'add']: UNSAT (0.065 seconds)
250.28/250.36	['index', 'length', 'length', 'sub']: UNSAT (0.063 seconds)
250.38/250.42	['index', 'length', 'substr', 'substr']: UNSAT (0.121 seconds)
250.48/250.54	['index', 'length', 'substr', 'add']: UNSAT (0.096 seconds)
250.59/250.64	['index', 'length', 'substr', 'sub']: UNSAT (0.108 seconds)
250.68/250.75	['index', 'length', 'add', 'add']: UNSAT (0.082 seconds)
250.78/250.83	['index', 'length', 'add', 'sub']: UNSAT (0.082 seconds)
250.88/250.91	['index', 'length', 'sub', 'sub']: UNSAT (0.079 seconds)
250.88/250.99	['index', 'substr', 'substr', 'substr']: UNSAT (0.251 seconds)
251.18/251.25	['index', 'substr', 'substr', 'add']: UNSAT (0.168 seconds)
251.38/251.41	['index', 'substr', 'substr', 'sub']: UNSAT (0.184 seconds)
251.58/251.60	['index', 'substr', 'add', 'add']: UNSAT (0.119 seconds)
251.68/251.72	['index', 'substr', 'add', 'sub']: UNSAT (0.127 seconds)
251.79/251.85	['index', 'substr', 'sub', 'sub']: UNSAT (0.133 seconds)
251.88/251.98	['index', 'add', 'add', 'add']: UNSAT (0.103 seconds)
252.00/252.09	['index', 'add', 'add', 'sub']: UNSAT (0.100 seconds)
252.12/252.19	['index', 'add', 'sub', 'sub']: UNSAT (0.096 seconds)
252.18/252.28	['index', 'sub', 'sub', 'sub']: UNSAT (0.098 seconds)
252.28/252.38	['length', 'length', 'length', 'length']: UNSAT (0.043 seconds)
252.38/252.42	['length', 'length', 'length', 'substr']: UNSAT (0.057 seconds)
252.38/252.48	['length', 'length', 'length', 'add']: UNSAT (0.048 seconds)
252.48/252.53	['length', 'length', 'length', 'sub']: UNSAT (0.050 seconds)
252.48/252.58	['length', 'length', 'substr', 'substr']: UNSAT (0.095 seconds)
252.58/252.68	['length', 'length', 'substr', 'add']: UNSAT (0.072 seconds)
252.68/252.75	['length', 'length', 'substr', 'sub']: UNSAT (0.073 seconds)
252.78/252.82	['length', 'length', 'add', 'add']: UNSAT (0.059 seconds)
252.78/252.88	['length', 'length', 'add', 'sub']: UNSAT (0.058 seconds)
252.88/252.94	['length', 'length', 'sub', 'sub']: UNSAT (0.059 seconds)
252.88/253.00	['length', 'substr', 'substr', 'substr']: UNSAT (0.168 seconds)
253.12/253.17	['length', 'substr', 'substr', 'add']: UNSAT (0.124 seconds)
253.18/253.30	['length', 'substr', 'substr', 'sub']: UNSAT (0.122 seconds)
253.38/253.42	['length', 'substr', 'add', 'add']: UNSAT (0.095 seconds)
253.48/253.51	['length', 'substr', 'add', 'sub']: UNSAT (0.088 seconds)
253.58/253.60	['length', 'substr', 'sub', 'sub']: UNSAT (0.092 seconds)
253.58/253.69	['length', 'add', 'add', 'add']: UNSAT (0.074 seconds)
253.68/253.77	['length', 'add', 'add', 'sub']: UNSAT (0.075 seconds)
253.78/253.85	['length', 'add', 'sub', 'sub']: UNSAT (0.074 seconds)
253.88/253.92	['length', 'sub', 'sub', 'sub']: UNSAT (0.078 seconds)
253.88/254.00	['substr', 'substr', 'substr', 'substr']: UNSAT (0.155 seconds)
254.12/254.15	['substr', 'substr', 'substr', 'add']: UNSAT (0.124 seconds)
254.18/254.28	['substr', 'substr', 'substr', 'sub']: UNSAT (0.120 seconds)
254.38/254.40	['substr', 'substr', 'add', 'add']: UNSAT (0.117 seconds)
254.48/254.52	['substr', 'substr', 'add', 'sub']: UNSAT (0.105 seconds)
254.58/254.62	['substr', 'substr', 'sub', 'sub']: UNSAT (0.109 seconds)
254.68/254.73	['substr', 'add', 'add', 'add']: UNSAT (0.099 seconds)
254.78/254.83	['substr', 'add', 'add', 'sub']: UNSAT (0.099 seconds)
254.88/254.93	['substr', 'add', 'sub', 'sub']: UNSAT (0.105 seconds)
254.88/255.04	['substr', 'sub', 'sub', 'sub']: UNSAT (0.100 seconds)
255.01/255.14	['add', 'add', 'add', 'add']: UNSAT (0.090 seconds)
255.18/255.23	['add', 'add', 'add', 'sub']: UNSAT (0.088 seconds)
255.28/255.32	['add', 'add', 'sub', 'sub']: UNSAT (0.091 seconds)
255.38/255.41	['add', 'sub', 'sub', 'sub']: UNSAT (0.090 seconds)
255.48/255.50	['sub', 'sub', 'sub', 'sub']: UNSAT (0.091 seconds)
255.48/255.59	['concat', 'concat', 'concat', 'concat', 'concat']: 