0.11/0.20	=== Examples (../../dataset/examples/examples-81.json)
0.11/0.20	IO(inputs=('abc\\xyz',), output='xyz')
0.11/0.20	IO(inputs=('012asdf\\abcd',), output='abcd')
0.11/0.20	IO(inputs=('asdfa\\asdfas',), output='asdfas')
0.11/0.20	=== Library
0.11/0.20	concat
0.11/0.20	index
0.11/0.20	length
0.11/0.20	substr
0.11/0.20	add
0.11/0.20	sub
0.11/0.20	=== Synthesis
0.11/0.20	['concat']: UNSAT (0.032 seconds)
0.11/0.23	['index']: UNSAT (0.031 seconds)
0.11/0.26	['length']: UNSAT (0.022 seconds)
0.26/0.29	['substr']: UNSAT (0.035 seconds)
0.26/0.32	['add']: UNSAT (0.026 seconds)
0.26/0.35	['sub']: UNSAT (0.026 seconds)
0.26/0.38	['concat', 'concat']: UNSAT (0.057 seconds)
0.36/0.43	['concat', 'index']: UNSAT (0.055 seconds)
0.36/0.49	['concat', 'length']: UNSAT (0.040 seconds)
0.46/0.53	['concat', 'substr']: UNSAT (0.087 seconds)
0.46/0.62	['concat', 'add']: UNSAT (0.045 seconds)
0.66/0.66	['concat', 'sub']: UNSAT (0.034 seconds)
0.69/0.70	['index', 'index']: UNSAT (0.045 seconds)
0.69/0.75	['index', 'length']: UNSAT (0.035 seconds)
0.69/0.78	['index', 'substr']: UNSAT (0.990 seconds)
1.69/1.77	['index', 'add']: UNSAT (0.040 seconds)
1.79/1.81	['index', 'sub']: UNSAT (0.039 seconds)
1.79/1.85	['length', 'length']: UNSAT (0.025 seconds)
1.79/1.88	['length', 'substr']: UNSAT (0.035 seconds)
1.89/1.91	['length', 'add']: UNSAT (0.027 seconds)
1.89/1.94	['length', 'sub']: UNSAT (0.029 seconds)
1.89/1.97	['substr', 'substr']: UNSAT (0.050 seconds)
1.89/2.02	['substr', 'add']: UNSAT (0.043 seconds)
2.01/2.07	['substr', 'sub']: UNSAT (0.041 seconds)
2.01/2.11	['add', 'add']: UNSAT (0.037 seconds)
2.12/2.15	['add', 'sub']: UNSAT (0.036 seconds)
2.12/2.18	['sub', 'sub']: UNSAT (0.039 seconds)
2.19/2.22	['concat', 'concat', 'concat']: UNSAT (0.147 seconds)
2.29/2.37	['concat', 'concat', 'index']: UNSAT (0.062 seconds)
2.39/2.43	['concat', 'concat', 'length']: UNSAT (0.050 seconds)
2.39/2.48	['concat', 'concat', 'substr']: UNSAT (0.336 seconds)
2.79/2.82	['concat', 'concat', 'add']: UNSAT (0.055 seconds)
2.79/2.88	['concat', 'concat', 'sub']: UNSAT (0.049 seconds)
2.89/2.93	['concat', 'index', 'index']: UNSAT (0.067 seconds)
2.89/2.99	['concat', 'index', 'length']: UNSAT (0.055 seconds)
3.02/3.05	['concat', 'index', 'substr']: UNKNOWN (217.637 seconds)
220.58/220.69	Reason: smt tactic failed to show goal to be sat/unsat max-conflicts-reached
220.58/220.69	Reason: smt tactic failed to show goal to be sat/unsat max-conflicts-reached
220.58/220.69	['concat', 'index', 'add']: UNSAT (0.060 seconds)
220.68/220.75	['concat', 'index', 'sub']: UNSAT (0.060 seconds)
220.78/220.81	['concat', 'length', 'length']: UNSAT (0.042 seconds)
220.78/220.85	['concat', 'length', 'substr']: UNSAT (0.101 seconds)
220.88/220.95	['concat', 'length', 'add']: UNSAT (0.041 seconds)
220.88/220.99	['concat', 'length', 'sub']: UNSAT (0.046 seconds)
221.01/221.04	['concat', 'substr', 'substr']: UNSAT (0.137 seconds)
221.12/221.18	['concat', 'substr', 'add']: UNSAT (0.083 seconds)
221.18/221.26	['concat', 'substr', 'sub']: UNSAT (0.081 seconds)
221.28/221.34	['concat', 'add', 'add']: UNSAT (0.052 seconds)
221.38/221.40	['concat', 'add', 'sub']: UNSAT (0.050 seconds)
221.38/221.45	['concat', 'sub', 'sub']: UNSAT (0.052 seconds)
221.49/221.50	['index', 'index', 'index']: UNSAT (0.077 seconds)
221.49/221.58	['index', 'index', 'length']: UNSAT (0.061 seconds)
221.58/221.64	['index', 'index', 'substr']: UNSAT (22.371 seconds)
243.88/244.01	['index', 'index', 'add']: UNSAT (0.071 seconds)
244.01/244.08	['index', 'index', 'sub']: UNSAT (0.065 seconds)
244.12/244.15	['index', 'length', 'length']: UNSAT (0.045 seconds)
244.12/244.20	['index', 'length', 'substr']: UNSAT (2.469 seconds)
246.58/246.67	['index', 'length', 'add']: UNSAT (0.048 seconds)
246.68/246.71	['index', 'length', 'sub']: UNSAT (0.050 seconds)
246.68/246.77	['index', 'substr', 'substr']: UNSAT (7.917 seconds)
254.58/254.68	['index', 'substr', 'add']: SAT (1.911 seconds)
256.58/256.60	substr(arg0, add(1, index(arg0, '\\\\', 1)), add(1, index(arg0, '\\\\', 1)))
