0.12/0.19	=== Examples (../../dataset/examples/examples-94.json)
0.12/0.19	IO(inputs=('<hello>',), output='hello')
0.12/0.19	IO(inputs=('<goodbye>',), output='goodbye')
0.12/0.19	IO(inputs=('<sigh>',), output='sigh')
0.12/0.19	=== Library
0.12/0.19	concat
0.12/0.19	index
0.12/0.19	length
0.12/0.19	substr
0.12/0.19	add
0.12/0.19	sub
0.12/0.19	=== Synthesis
0.12/0.19	['concat']: UNSAT (0.030 seconds)
0.12/0.22	['index']: UNSAT (0.031 seconds)
0.12/0.25	['length']: UNSAT (0.023 seconds)
0.26/0.28	['substr']: UNSAT (0.033 seconds)
0.26/0.31	['add']: UNSAT (0.026 seconds)
0.26/0.34	['sub']: UNSAT (0.026 seconds)
0.26/0.36	['concat', 'concat']: UNSAT (0.055 seconds)
0.36/0.42	['concat', 'index']: UNSAT (0.054 seconds)
0.36/0.48	['concat', 'length']: UNSAT (0.041 seconds)
0.46/0.52	['concat', 'substr']: UNSAT (0.097 seconds)
0.55/0.62	['concat', 'add']: UNSAT (0.031 seconds)
0.63/0.65	['concat', 'sub']: UNSAT (0.031 seconds)
0.63/0.68	['index', 'index']: UNSAT (0.046 seconds)
0.69/0.72	['index', 'length']: UNSAT (0.030 seconds)
0.69/0.76	['index', 'substr']: UNSAT (0.219 seconds)
0.89/0.97	['index', 'add']: UNSAT (0.037 seconds)
0.89/1.01	['index', 'sub']: UNSAT (0.043 seconds)
1.01/1.06	['length', 'length']: UNSAT (0.025 seconds)
1.01/1.08	['length', 'substr']: UNSAT (0.038 seconds)
1.01/1.12	['length', 'add']: UNSAT (0.026 seconds)
1.13/1.15	['length', 'sub']: UNSAT (0.026 seconds)
1.13/1.17	['substr', 'substr']: UNSAT (0.046 seconds)
1.19/1.22	['substr', 'add']: UNSAT (0.041 seconds)
1.19/1.26	['substr', 'sub']: UNSAT (0.041 seconds)
1.29/1.30	['add', 'add']: UNSAT (0.057 seconds)
1.29/1.36	['add', 'sub']: UNSAT (0.057 seconds)
1.39/1.42	['sub', 'sub']: UNSAT (0.043 seconds)
1.39/1.46	['concat', 'concat', 'concat']: UNSAT (0.130 seconds)
1.49/1.59	['concat', 'concat', 'index']: UNSAT (0.064 seconds)
1.59/1.66	['concat', 'concat', 'length']: UNSAT (0.049 seconds)
1.69/1.71	['concat', 'concat', 'substr']: UNSAT (1.039 seconds)
2.69/2.75	['concat', 'concat', 'add']: UNSAT (0.054 seconds)
2.79/2.80	['concat', 'concat', 'sub']: UNSAT (0.050 seconds)
2.79/2.85	['concat', 'index', 'index']: UNSAT (0.067 seconds)
2.89/2.92	['concat', 'index', 'length']: UNSAT (0.052 seconds)
2.89/2.98	['concat', 'index', 'substr']: UNSAT (44.134 seconds)
47.01/47.11	['concat', 'index', 'add']: UNSAT (0.056 seconds)
47.13/47.17	['concat', 'index', 'sub']: UNSAT (0.056 seconds)
47.19/47.22	['concat', 'length', 'length']: UNSAT (0.039 seconds)
47.19/47.26	['concat', 'length', 'substr']: UNSAT (0.223 seconds)
47.39/47.49	['concat', 'length', 'add']: UNSAT (0.042 seconds)
47.49/47.53	['concat', 'length', 'sub']: UNSAT (0.041 seconds)
47.49/47.57	['concat', 'substr', 'substr']: UNSAT (0.284 seconds)
47.79/47.86	['concat', 'substr', 'add']: UNSAT (0.348 seconds)
48.19/48.21	['concat', 'substr', 'sub']: UNSAT (0.076 seconds)
48.19/48.29	['concat', 'add', 'add']: UNSAT (0.050 seconds)
48.28/48.34	['concat', 'add', 'sub']: UNSAT (0.049 seconds)
48.28/48.39	['concat', 'sub', 'sub']: UNSAT (0.048 seconds)
48.38/48.43	['index', 'index', 'index']: UNSAT (0.121 seconds)
48.48/48.56	['index', 'index', 'length']: UNSAT (0.080 seconds)
48.58/48.64	['index', 'index', 'substr']: UNSAT (3.283 seconds)
51.88/51.92	['index', 'index', 'add']: UNSAT (0.066 seconds)
51.88/51.99	['index', 'index', 'sub']: UNSAT (0.065 seconds)
52.01/52.05	['index', 'length', 'length']: UNSAT (0.043 seconds)
52.01/52.10	['index', 'length', 'substr']: UNSAT (1.295 seconds)
53.28/53.39	['index', 'length', 'add']: UNSAT (0.053 seconds)
53.38/53.45	['index', 'length', 'sub']: UNSAT (0.048 seconds)
53.48/53.50	['index', 'substr', 'substr']: UNSAT (2.779 seconds)
56.18/56.28	['index', 'substr', 'add']: UNSAT (0.369 seconds)
56.59/56.65	['index', 'substr', 'sub']: SAT (1.208 seconds)
57.79/57.86	substr(arg0, 1, sub(index(arg0, '>', 1), 1))
