0.12/0.20	=== Examples (../../dataset/examples/examples-19.json)
0.12/0.20	IO(inputs=('Praesent sed diam vel amet.',), output='Praesent sed diam vel amet....')
0.12/0.20	IO(inputs=('Donec ultrices finibus ultrices. Quisque lacus posuere.',), output='Donec ultrices finibus ultrices. Quisque lacus pos...')
0.12/0.20	IO(inputs=('In hac habitasse platea dictumst. Sed dapibus sit amet neque gravida sed.',), output='In hac habitasse platea dictumst. Sed dapibus sit ...')
0.12/0.20	=== Library
0.12/0.20	concat
0.12/0.20	index
0.12/0.20	length
0.12/0.20	substr
0.12/0.20	add
0.12/0.20	sub
0.12/0.20	=== Synthesis
0.12/0.20	['concat']: UNSAT (0.032 seconds)
0.12/0.23	['index']: UNSAT (0.031 seconds)
0.12/0.26	['length']: UNSAT (0.022 seconds)
0.26/0.28	['substr']: UNSAT (0.036 seconds)
0.26/0.32	['add']: UNSAT (0.029 seconds)
0.26/0.35	['sub']: UNSAT (0.027 seconds)
0.35/0.38	['concat', 'concat']: UNSAT (0.064 seconds)
0.35/0.44	['concat', 'index']: UNSAT (0.057 seconds)
0.45/0.50	['concat', 'length']: UNSAT (0.041 seconds)
0.45/0.54	['concat', 'substr']: UNSAT (0.224 seconds)
0.69/0.77	['concat', 'add']: UNSAT (0.035 seconds)
0.80/0.80	['concat', 'sub']: UNSAT (0.038 seconds)
0.80/0.84	['index', 'index']: UNSAT (0.049 seconds)
0.80/0.89	['index', 'length']: UNSAT (0.036 seconds)
0.90/0.93	['index', 'substr']: UNSAT (0.057 seconds)
0.90/0.99	['index', 'add']: UNSAT (0.045 seconds)
0.90/1.03	['index', 'sub']: UNSAT (0.045 seconds)
1.02/1.08	['length', 'length']: UNSAT (0.025 seconds)
1.02/1.11	['length', 'substr']: UNSAT (0.045 seconds)
1.13/1.15	['length', 'add']: UNSAT (0.029 seconds)
1.13/1.18	['length', 'sub']: UNSAT (0.029 seconds)
1.20/1.21	['substr', 'substr']: UNSAT (0.055 seconds)
1.20/1.27	['substr', 'add']: UNSAT (0.046 seconds)
1.30/1.31	['substr', 'sub']: UNSAT (0.051 seconds)
1.30/1.36	['add', 'add']: UNSAT (0.043 seconds)
1.40/1.41	['add', 'sub']: UNSAT (0.041 seconds)
1.40/1.45	['sub', 'sub']: UNSAT (0.040 seconds)
1.40/1.49	['concat', 'concat', 'concat']: UNSAT (0.431 seconds)
1.89/1.92	['concat', 'concat', 'index']: UNSAT (0.073 seconds)
1.89/2.00	['concat', 'concat', 'length']: UNSAT (0.059 seconds)
2.02/2.06	['concat', 'concat', 'substr']: UNSAT (0.329 seconds)
2.29/2.39	['concat', 'concat', 'add']: UNSAT (0.057 seconds)
2.39/2.45	['concat', 'concat', 'sub']: UNSAT (0.057 seconds)
2.49/2.50	['concat', 'index', 'index']: UNSAT (0.077 seconds)
2.49/2.58	['concat', 'index', 'length']: UNSAT (0.060 seconds)
2.60/2.64	['concat', 'index', 'substr']: UNSAT (0.474 seconds)
3.02/3.12	['concat', 'index', 'add']: UNSAT (0.065 seconds)
3.14/3.18	['concat', 'index', 'sub']: UNSAT (0.063 seconds)
3.20/3.25	['concat', 'length', 'length']: UNSAT (0.045 seconds)
3.20/3.29	['concat', 'length', 'substr']: UNSAT (0.124 seconds)
3.40/3.42	['concat', 'length', 'add']: UNSAT (0.048 seconds)
3.40/3.47	['concat', 'length', 'sub']: UNSAT (0.050 seconds)
3.50/3.52	['concat', 'substr', 'substr']: UNSAT (0.201 seconds)
3.70/3.72	['concat', 'substr', 'add']: UNSAT (0.102 seconds)
3.80/3.82	['concat', 'substr', 'sub']: SAT (0.628 seconds)
4.40/4.45	concat(substr(arg0, sub(50, 50), 50), '...')
