0.13/0.19	=== Examples (../../dataset/examples/examples-16.json)
0.13/0.19	IO(inputs=('  hello world',), output='hello world')
0.13/0.19	IO(inputs=(' how are you? ',), output='how are you?')
0.13/0.19	IO(inputs=('are you there? ',), output='are you there?')
0.13/0.19	=== Library
0.13/0.19	concat
0.13/0.19	index
0.13/0.19	length
0.13/0.19	substr
0.13/0.19	add
0.13/0.19	sub
0.13/0.19	=== Synthesis
0.13/0.19	['concat']: UNSAT (0.033 seconds)
0.13/0.23	['index']: UNSAT (0.031 seconds)
0.13/0.26	['length']: UNSAT (0.021 seconds)
0.13/0.28	['substr']: UNSAT (0.034 seconds)
0.28/0.32	['add']: UNSAT (0.026 seconds)
0.28/0.34	['sub']: UNSAT (0.027 seconds)
0.34/0.37	['concat', 'concat']: UNSAT (0.057 seconds)
0.34/0.43	['concat', 'index']: UNSAT (0.056 seconds)
0.43/0.49	['concat', 'length']: UNSAT (0.040 seconds)
0.43/0.53	['concat', 'substr']: UNSAT (0.116 seconds)
0.63/0.64	['concat', 'add']: UNSAT (0.036 seconds)
0.63/0.68	['concat', 'sub']: UNSAT (0.037 seconds)
0.69/0.72	['index', 'index']: UNSAT (0.047 seconds)
0.69/0.77	['index', 'length']: UNSAT (0.037 seconds)
0.79/0.80	['index', 'substr']: UNSAT (0.313 seconds)
1.00/1.12	['index', 'add']: UNSAT (0.040 seconds)
1.13/1.16	['index', 'sub']: UNSAT (0.042 seconds)
1.19/1.20	['length', 'length']: UNSAT (0.024 seconds)
1.19/1.23	['length', 'substr']: UNSAT (0.040 seconds)
1.19/1.27	['length', 'add']: UNSAT (0.029 seconds)
1.29/1.30	['length', 'sub']: UNSAT (0.028 seconds)
1.29/1.32	['substr', 'substr']: UNSAT (0.051 seconds)
1.29/1.38	['substr', 'add']: UNSAT (0.046 seconds)
1.39/1.42	['substr', 'sub']: UNSAT (0.045 seconds)
1.39/1.47	['add', 'add']: UNSAT (0.039 seconds)
1.49/1.51	['add', 'sub']: UNSAT (0.038 seconds)
1.49/1.55	['sub', 'sub']: UNSAT (0.037 seconds)
1.49/1.59	['concat', 'concat', 'concat']: UNSAT (0.171 seconds)
1.69/1.76	['concat', 'concat', 'index']: UNSAT (0.071 seconds)
1.79/1.83	['concat', 'concat', 'length']: UNSAT (0.054 seconds)
1.79/1.88	['concat', 'concat', 'substr']: UNSAT (0.302 seconds)
2.13/2.19	['concat', 'concat', 'add']: UNSAT (0.058 seconds)
2.19/2.25	['concat', 'concat', 'sub']: UNSAT (0.053 seconds)
2.29/2.30	['concat', 'index', 'index']: UNSAT (0.074 seconds)
2.29/2.37	['concat', 'index', 'length']: UNSAT (0.056 seconds)
2.39/2.43	['concat', 'index', 'substr']: UNSAT (1.611 seconds)
4.00/4.04	['concat', 'index', 'add']: UNSAT (0.067 seconds)
4.00/4.11	['concat', 'index', 'sub']: UNSAT (0.063 seconds)
4.13/4.17	['concat', 'length', 'length']: UNSAT (0.046 seconds)
4.18/4.22	['concat', 'length', 'substr']: UNSAT (0.102 seconds)
4.28/4.32	['concat', 'length', 'add']: UNSAT (0.045 seconds)
4.28/4.37	['concat', 'length', 'sub']: UNSAT (0.045 seconds)
4.38/4.42	['concat', 'substr', 'substr']: UNSAT (0.200 seconds)
4.58/4.62	['concat', 'substr', 'add']: UNSAT (0.098 seconds)
4.68/4.72	['concat', 'substr', 'sub']: UNSAT (0.087 seconds)
4.78/4.80	['concat', 'add', 'add']: UNSAT (0.054 seconds)
4.78/4.86	['concat', 'add', 'sub']: UNSAT (0.058 seconds)
4.88/4.92	['concat', 'sub', 'sub']: UNSAT (0.057 seconds)
4.88/4.97	['index', 'index', 'index']: UNSAT (0.092 seconds)
5.00/5.07	['index', 'index', 'length']: UNSAT (0.104 seconds)
5.13/5.17	['index', 'index', 'substr']: UNSAT (1.347 seconds)
6.49/6.52	['index', 'index', 'add']: UNSAT (0.069 seconds)
6.49/6.59	['index', 'index', 'sub']: UNSAT (0.069 seconds)
6.59/6.66	['index', 'length', 'length']: UNSAT (0.048 seconds)
6.69/6.71	['index', 'length', 'substr']: UNSAT (0.207 seconds)
6.88/6.92	['index', 'length', 'add']: UNSAT (0.055 seconds)
6.88/6.97	['index', 'length', 'sub']: UNSAT (0.053 seconds)
6.88/7.03	['index', 'substr', 'substr']: UNSAT (0.435 seconds)
7.39/7.46	['index', 'substr', 'add']: UNSAT (0.268 seconds)
7.69/7.73	['index', 'substr', 'sub']: UNSAT (0.267 seconds)
7.89/8.00	['index', 'add', 'add']: UNSAT (0.084 seconds)
8.01/8.09	['index', 'add', 'sub']: UNSAT (0.084 seconds)
8.13/8.17	['index', 'sub', 'sub']: UNSAT (0.083 seconds)
8.19/8.26	['length', 'length', 'length']: UNSAT (0.045 seconds)
8.29/8.30	['length', 'length', 'substr']: UNSAT (0.075 seconds)
8.29/8.38	['length', 'length', 'add']: UNSAT (0.050 seconds)
8.39/8.43	['length', 'length', 'sub']: UNSAT (0.049 seconds)
8.39/8.48	['length', 'substr', 'substr']: UNSAT (0.124 seconds)
8.59/8.60	['length', 'substr', 'add']: UNSAT (0.079 seconds)
8.59/8.68	['length', 'substr', 'sub']: UNSAT (0.079 seconds)
8.69/8.76	['length', 'add', 'add']: UNSAT (0.051 seconds)
8.79/8.82	['length', 'add', 'sub']: UNSAT (0.054 seconds)
8.79/8.87	['length', 'sub', 'sub']: UNSAT (0.051 seconds)
8.89/8.92	['substr', 'substr', 'substr']: UNSAT (0.105 seconds)
8.89/9.03	['substr', 'substr', 'add']: UNSAT (0.097 seconds)
9.01/9.13	['substr', 'substr', 'sub']: UNSAT (0.098 seconds)
9.19/9.23	['substr', 'add', 'add']: UNSAT (0.087 seconds)
9.29/9.31	['substr', 'add', 'sub']: UNSAT (0.093 seconds)
9.39/9.41	['substr', 'sub', 'sub']: UNSAT (0.091 seconds)
9.49/9.50	['add', 'add', 'add']: UNSAT (0.063 seconds)
9.49/9.56	['add', 'add', 'sub']: UNSAT (0.064 seconds)
9.59/9.63	['add', 'sub', 'sub']: UNSAT (0.065 seconds)
9.59/9.69	['sub', 'sub', 'sub']: UNSAT (0.064 seconds)
9.69/9.76	['concat', 'concat', 'concat', 'concat']: UNSAT (0.413 seconds)
10.13/10.17	['concat', 'concat', 'concat', 'index']: UNSAT (0.105 seconds)
10.19/10.28	['concat', 'concat', 'concat', 'length']: UNSAT (0.086 seconds)
10.29/10.37	['concat', 'concat', 'concat', 'substr']: UNSAT (68.624 seconds)
78.89/78.99	['concat', 'concat', 'concat', 'add']: UNSAT (0.088 seconds)
79.00/79.08	['concat', 'concat', 'concat', 'sub']: UNSAT (0.087 seconds)
79.12/79.17	['concat', 'concat', 'index', 'index']: UNSAT (0.110 seconds)
79.19/79.28	['concat', 'concat', 'index', 'length']: UNSAT (0.089 seconds)
79.29/79.37	['concat', 'concat', 'index', 'substr']: UNSAT (27.989 seconds)
107.29/107.36	['concat', 'concat', 'index', 'add']: UNSAT (0.094 seconds)
107.39/107.46	['concat', 'concat', 'index', 'sub']: UNSAT (0.090 seconds)
107.49/107.55	['concat', 'concat', 'length', 'length']: UNSAT (0.069 seconds)
107.59/107.62	['concat', 'concat', 'length', 'substr']: UNSAT (1.878 seconds)
109.39/109.50	['concat', 'concat', 'length', 'add']: UNSAT (0.071 seconds)
109.49/109.57	['concat', 'concat', 'length', 'sub']: UNSAT (0.074 seconds)
109.59/109.64	['concat', 'concat', 'substr', 'substr']: UNSAT (6.544 seconds)
116.13/116.19	['concat', 'concat', 'substr', 'add']: UNSAT (1.653 seconds)
117.79/117.84	['concat', 'concat', 'substr', 'sub']: UNSAT (0.316 seconds)
118.13/118.16	['concat', 'concat', 'add', 'add']: UNSAT (0.077 seconds)
118.19/118.24	['concat', 'concat', 'add', 'sub']: UNSAT (0.077 seconds)
118.29/118.32	['concat', 'concat', 'sub', 'sub']: UNSAT (0.090 seconds)
118.39/118.41	['concat', 'index', 'index', 'index']: UNSAT (0.111 seconds)
118.49/118.52	['concat', 'index', 'index', 'length']: UNSAT (0.090 seconds)
118.59/118.61	['concat', 'index', 'index', 'substr']: 