0.00/0.19	=== Examples (../../dataset/examples/examples-51.json)
0.00/0.19	IO(inputs=('George ', 'Michael '), output='George  Michael')
0.00/0.19	IO(inputs=('Maebe', 'Bluth   '), output='Maebe Bluth')
0.00/0.19	IO(inputs=('George', 'Sr. '), output='George Sr.')
0.00/0.19	=== Library
0.00/0.19	concat
0.00/0.19	index
0.00/0.19	length
0.00/0.19	substr
0.00/0.19	add
0.00/0.19	sub
0.00/0.19	=== Synthesis
0.00/0.19	['concat']: UNSAT (0.034 seconds)
0.00/0.22	['index']: UNSAT (0.033 seconds)
0.21/0.26	['length']: UNSAT (0.023 seconds)
0.21/0.28	['substr']: UNSAT (0.034 seconds)
0.21/0.32	['add']: UNSAT (0.028 seconds)
0.21/0.35	['sub']: UNSAT (0.028 seconds)
0.21/0.38	['concat', 'concat']: UNSAT (0.079 seconds)
0.44/0.46	['concat', 'index']: UNSAT (0.073 seconds)
0.44/0.53	['concat', 'length']: UNSAT (0.043 seconds)
0.44/0.57	['concat', 'substr']: UNSAT (0.062 seconds)
0.61/0.64	['concat', 'add']: UNSAT (0.047 seconds)
0.61/0.69	['concat', 'sub']: UNSAT (0.048 seconds)
0.61/0.74	['index', 'index']: UNSAT (0.065 seconds)
0.61/0.80	['index', 'length']: UNSAT (0.048 seconds)
0.82/0.85	['index', 'substr']: UNSAT (0.069 seconds)
0.89/0.92	['index', 'add']: UNSAT (0.058 seconds)
0.89/0.98	['index', 'sub']: UNSAT (0.059 seconds)
0.99/1.04	['length', 'length']: UNSAT (0.034 seconds)
0.99/1.07	['length', 'substr']: UNSAT (0.040 seconds)
1.09/1.12	['length', 'add']: UNSAT (0.028 seconds)
1.09/1.14	['length', 'sub']: UNSAT (0.028 seconds)
1.09/1.17	['substr', 'substr']: UNSAT (0.051 seconds)
1.09/1.22	['substr', 'add']: UNSAT (0.040 seconds)
1.23/1.27	['substr', 'sub']: UNSAT (0.044 seconds)
1.23/1.31	['add', 'add']: UNSAT (0.037 seconds)
1.34/1.35	['add', 'sub']: UNSAT (0.037 seconds)
1.34/1.39	['sub', 'sub']: UNSAT (0.036 seconds)
1.41/1.42	['concat', 'concat', 'concat']: UNSAT (0.206 seconds)
1.59/1.63	['concat', 'concat', 'index']: UNSAT (0.071 seconds)
1.69/1.70	['concat', 'concat', 'length']: UNSAT (0.058 seconds)
1.69/1.76	['concat', 'concat', 'substr']: UNSAT (0.291 seconds)
1.99/2.05	['concat', 'concat', 'add']: UNSAT (0.061 seconds)
2.08/2.11	['concat', 'concat', 'sub']: UNSAT (0.060 seconds)
2.08/2.18	['concat', 'index', 'index']: UNSAT (0.080 seconds)
2.22/2.26	['concat', 'index', 'length']: UNSAT (0.122 seconds)
2.32/2.38	['concat', 'index', 'substr']: UNSAT (0.125 seconds)
2.48/2.51	['concat', 'index', 'add']: UNSAT (0.060 seconds)
2.48/2.57	['concat', 'index', 'sub']: UNSAT (0.061 seconds)
2.58/2.63	['concat', 'length', 'length']: UNSAT (0.042 seconds)
2.58/2.67	['concat', 'length', 'substr']: UNSAT (0.081 seconds)
2.68/2.76	['concat', 'length', 'add']: UNSAT (0.051 seconds)
2.78/2.81	['concat', 'length', 'sub']: UNSAT (0.048 seconds)
2.78/2.86	['concat', 'substr', 'substr']: UNSAT (0.118 seconds)
2.88/2.98	['concat', 'substr', 'add']: UNSAT (0.071 seconds)
2.98/3.05	['concat', 'substr', 'sub']: UNSAT (0.072 seconds)
3.08/3.12	['concat', 'add', 'add']: UNSAT (0.060 seconds)
3.08/3.18	['concat', 'add', 'sub']: UNSAT (0.061 seconds)
3.22/3.24	['concat', 'sub', 'sub']: UNSAT (0.060 seconds)
3.22/3.30	['index', 'index', 'index']: UNSAT (0.086 seconds)
3.33/3.39	['index', 'index', 'length']: UNSAT (0.066 seconds)
3.40/3.46	['index', 'index', 'substr']: UNSAT (0.098 seconds)
3.48/3.56	['index', 'index', 'add']: UNSAT (0.073 seconds)
3.58/3.63	['index', 'index', 'sub']: UNSAT (0.075 seconds)
3.68/3.71	['index', 'length', 'length']: UNSAT (0.052 seconds)
3.68/3.76	['index', 'length', 'substr']: UNSAT (0.067 seconds)
3.78/3.83	['index', 'length', 'add']: UNSAT (0.052 seconds)
3.78/3.88	['index', 'length', 'sub']: UNSAT (0.056 seconds)
3.89/3.94	['index', 'substr', 'substr']: UNSAT (0.117 seconds)
3.99/4.06	['index', 'substr', 'add']: UNSAT (0.084 seconds)
4.09/4.14	['index', 'substr', 'sub']: UNSAT (0.082 seconds)
4.09/4.23	['index', 'add', 'add']: UNSAT (0.064 seconds)
4.23/4.29	['index', 'add', 'sub']: UNSAT (0.072 seconds)
4.34/4.36	['index', 'sub', 'sub']: UNSAT (0.067 seconds)
4.39/4.43	['length', 'length', 'length']: UNSAT (0.036 seconds)
4.39/4.47	['length', 'length', 'substr']: UNSAT (0.050 seconds)
4.49/4.52	['length', 'length', 'add']: UNSAT (0.038 seconds)
4.49/4.56	['length', 'length', 'sub']: UNSAT (0.039 seconds)
4.59/4.60	['length', 'substr', 'substr']: UNSAT (0.072 seconds)
4.59/4.67	['length', 'substr', 'add']: UNSAT (0.060 seconds)
4.69/4.73	['length', 'substr', 'sub']: UNSAT (0.054 seconds)
4.69/4.79	['length', 'add', 'add']: UNSAT (0.050 seconds)
4.79/4.84	['length', 'add', 'sub']: UNSAT (0.046 seconds)
4.79/4.89	['length', 'sub', 'sub']: UNSAT (0.050 seconds)
4.89/4.94	['substr', 'substr', 'substr']: UNSAT (0.095 seconds)
4.99/5.03	['substr', 'substr', 'add']: UNSAT (0.079 seconds)
5.09/5.11	['substr', 'substr', 'sub']: UNSAT (0.072 seconds)
5.09/5.18	['substr', 'add', 'add']: UNSAT (0.068 seconds)
5.22/5.25	['substr', 'add', 'sub']: UNSAT (0.069 seconds)
5.22/5.32	['substr', 'sub', 'sub']: UNSAT (0.070 seconds)
5.33/5.39	['add', 'add', 'add']: UNSAT (0.063 seconds)
5.40/5.46	['add', 'add', 'sub']: UNSAT (0.065 seconds)
5.50/5.52	['add', 'sub', 'sub']: UNSAT (0.066 seconds)
5.50/5.59	['sub', 'sub', 'sub']: UNSAT (0.062 seconds)
5.59/5.65	['concat', 'concat', 'concat', 'concat']: UNSAT (1.249 seconds)
6.89/6.90	['concat', 'concat', 'concat', 'index']: UNSAT (0.111 seconds)
6.99/7.02	['concat', 'concat', 'concat', 'length']: UNSAT (0.089 seconds)
7.09/7.11	['concat', 'concat', 'concat', 'substr']: UNSAT (61.273 seconds)
68.34/68.38	['concat', 'concat', 'concat', 'add']: UNSAT (0.091 seconds)
68.40/68.47	['concat', 'concat', 'concat', 'sub']: UNSAT (0.093 seconds)
68.48/68.57	['concat', 'concat', 'index', 'index']: UNSAT (0.116 seconds)
68.58/68.68	['concat', 'concat', 'index', 'length']: UNSAT (0.097 seconds)
68.68/68.78	['concat', 'concat', 'index', 'substr']: SAT (5.126 seconds)
73.88/73.91	concat(concat(arg0, ' '), substr(arg1, 0, index(arg1, ' ', 0)))
