0.00/0.20	=== Examples (../../dataset/examples/examples-76.json)
0.00/0.20	IO(inputs=('abcdef', 3, 'xyz'), output='xyz')
0.00/0.20	IO(inputs=('012345', 4, '742'), output='0742')
0.00/0.20	IO(inputs=('abc132', 5, 'xyz'), output='abxyz')
0.00/0.20	=== Library
0.00/0.20	concat
0.00/0.20	index
0.00/0.20	length
0.00/0.20	substr
0.00/0.20	add
0.00/0.20	sub
0.00/0.20	=== Synthesis
0.00/0.20	['concat']: UNSAT (0.034 seconds)
0.19/0.23	['index']: UNSAT (0.037 seconds)
0.19/0.27	['length']: UNSAT (0.024 seconds)
0.19/0.29	['substr']: UNSAT (0.038 seconds)
0.19/0.33	['add']: UNSAT (0.031 seconds)
0.19/0.36	['sub']: UNSAT (0.030 seconds)
0.19/0.40	['concat', 'concat']: UNSAT (0.059 seconds)
0.40/0.46	['concat', 'index']: UNSAT (0.066 seconds)
0.40/0.52	['concat', 'length']: UNSAT (0.045 seconds)
0.40/0.57	['concat', 'substr']: UNSAT (0.094 seconds)
0.59/0.66	['concat', 'add']: UNSAT (0.042 seconds)
0.59/0.71	['concat', 'sub']: UNSAT (0.041 seconds)
0.59/0.75	['index', 'index']: UNSAT (0.058 seconds)
0.59/0.81	['index', 'length']: UNSAT (0.041 seconds)
0.78/0.85	['index', 'substr']: UNSAT (0.088 seconds)
0.78/0.94	['index', 'add']: UNSAT (0.050 seconds)
0.95/0.99	['index', 'sub']: UNSAT (0.050 seconds)
0.95/1.04	['length', 'length']: UNSAT (0.027 seconds)
1.03/1.07	['length', 'substr']: UNSAT (0.045 seconds)
1.09/1.11	['length', 'add']: UNSAT (0.034 seconds)
1.09/1.15	['length', 'sub']: UNSAT (0.035 seconds)
1.09/1.18	['substr', 'substr']: UNSAT (0.060 seconds)
1.19/1.24	['substr', 'add']: UNSAT (0.050 seconds)
1.19/1.30	['substr', 'sub']: UNSAT (0.049 seconds)
1.31/1.35	['add', 'add']: UNSAT (0.045 seconds)
1.31/1.39	['add', 'sub']: UNSAT (0.045 seconds)
1.41/1.44	['sub', 'sub']: UNSAT (0.045 seconds)
1.41/1.48	['concat', 'concat', 'concat']: UNSAT (0.075 seconds)
1.51/1.56	['concat', 'concat', 'index']: UNSAT (0.082 seconds)
1.59/1.64	['concat', 'concat', 'length']: UNSAT (0.062 seconds)
1.69/1.71	['concat', 'concat', 'substr']: UNSAT (1.845 seconds)
3.52/3.55	['concat', 'concat', 'add']: UNSAT (0.064 seconds)
3.59/3.62	['concat', 'concat', 'sub']: UNSAT (0.063 seconds)
3.59/3.68	['concat', 'index', 'index']: UNSAT (0.087 seconds)
3.69/3.77	['concat', 'index', 'length']: UNSAT (0.062 seconds)
3.79/3.83	['concat', 'index', 'substr']: UNSAT (1.195 seconds)
4.99/5.03	['concat', 'index', 'add']: UNSAT (0.074 seconds)
5.09/5.10	['concat', 'index', 'sub']: UNSAT (0.067 seconds)
5.09/5.17	['concat', 'length', 'length']: UNSAT (0.048 seconds)
5.19/5.22	['concat', 'length', 'substr']: UNSAT (0.143 seconds)
5.31/5.36	['concat', 'length', 'add']: UNSAT (0.053 seconds)
5.31/5.42	['concat', 'length', 'sub']: UNSAT (0.053 seconds)
5.42/5.47	['concat', 'substr', 'substr']: UNSAT (0.549 seconds)
5.99/6.02	['concat', 'substr', 'add']: UNSAT (0.140 seconds)
6.09/6.16	['concat', 'substr', 'sub']: UNSAT (0.175 seconds)
6.31/6.34	['concat', 'add', 'add']: UNSAT (0.059 seconds)
6.31/6.40	['concat', 'add', 'sub']: UNSAT (0.061 seconds)
6.42/6.46	['concat', 'sub', 'sub']: UNSAT (0.058 seconds)
6.42/6.52	['index', 'index', 'index']: UNSAT (0.091 seconds)
6.59/6.61	['index', 'index', 'length']: UNSAT (0.071 seconds)
6.59/6.68	['index', 'index', 'substr']: UNSAT (0.384 seconds)
6.99/7.07	['index', 'index', 'add']: UNSAT (0.080 seconds)
7.09/7.15	['index', 'index', 'sub']: UNSAT (0.080 seconds)
7.19/7.23	['index', 'length', 'length']: UNSAT (0.053 seconds)
7.19/7.29	['index', 'length', 'substr']: UNSAT (0.125 seconds)
7.31/7.41	['index', 'length', 'add']: UNSAT (0.062 seconds)
7.42/7.48	['index', 'length', 'sub']: UNSAT (0.060 seconds)
7.53/7.54	['index', 'substr', 'substr']: UNSAT (0.589 seconds)
8.09/8.13	['index', 'substr', 'add']: UNSAT (0.279 seconds)
8.31/8.41	['index', 'substr', 'sub']: UNSAT (0.218 seconds)
8.59/8.63	['index', 'add', 'add']: UNSAT (0.075 seconds)
8.69/8.70	['index', 'add', 'sub']: UNSAT (0.075 seconds)
8.69/8.78	['index', 'sub', 'sub']: UNSAT (0.073 seconds)
8.79/8.85	['length', 'length', 'length']: UNSAT (0.038 seconds)
8.79/8.89	['length', 'length', 'substr']: UNSAT (0.054 seconds)
8.89/8.94	['length', 'length', 'add']: UNSAT (0.049 seconds)
8.89/8.99	['length', 'length', 'sub']: UNSAT (0.045 seconds)
8.99/9.04	['length', 'substr', 'substr']: UNSAT (0.150 seconds)
9.09/9.19	['length', 'substr', 'add']: UNSAT (0.086 seconds)
9.19/9.28	['length', 'substr', 'sub']: UNSAT (0.075 seconds)
9.31/9.35	['length', 'add', 'add']: UNSAT (0.058 seconds)
9.31/9.41	['length', 'add', 'sub']: UNSAT (0.056 seconds)
9.42/9.47	['length', 'sub', 'sub']: UNSAT (0.056 seconds)
9.42/9.53	['substr', 'substr', 'substr']: UNSAT (0.097 seconds)
9.59/9.62	['substr', 'substr', 'add']: UNSAT (0.089 seconds)
9.69/9.71	['substr', 'substr', 'sub']: UNSAT (0.084 seconds)
9.79/9.80	['substr', 'add', 'add']: UNSAT (0.075 seconds)
9.79/9.87	['substr', 'add', 'sub']: UNSAT (0.076 seconds)
9.89/9.95	['substr', 'sub', 'sub']: UNSAT (0.080 seconds)
9.99/10.03	['add', 'add', 'add']: UNSAT (0.076 seconds)
10.09/10.11	['add', 'add', 'sub']: UNSAT (0.073 seconds)
10.09/10.18	['add', 'sub', 'sub']: UNSAT (0.071 seconds)
10.19/10.25	['sub', 'sub', 'sub']: UNSAT (0.071 seconds)
10.31/10.33	['concat', 'concat', 'concat', 'concat']: UNSAT (0.110 seconds)
10.31/10.44	['concat', 'concat', 'concat', 'index']: UNSAT (0.118 seconds)
10.54/10.56	['concat', 'concat', 'concat', 'length']: UNSAT (0.093 seconds)
10.59/10.65	['concat', 'concat', 'concat', 'substr']: 