0.12/0.19	=== Examples (../../dataset/examples/examples-74.json)
0.12/0.19	IO(inputs=('George Michael',), output='GM')
0.12/0.19	IO(inputs=('Michael Bluth',), output='MB')
0.12/0.19	IO(inputs=('Maebe Bluth',), output='MB')
0.12/0.19	=== Library
0.12/0.19	concat
0.12/0.19	index
0.12/0.19	length
0.12/0.19	substr
0.12/0.19	add
0.12/0.19	sub
0.12/0.19	=== Synthesis
0.12/0.19	['concat']: UNSAT (0.031 seconds)
0.12/0.22	['index']: UNSAT (0.030 seconds)
0.12/0.25	['length']: UNSAT (0.021 seconds)
0.12/0.27	['substr']: UNSAT (0.036 seconds)
0.30/0.31	['add']: UNSAT (0.026 seconds)
0.30/0.34	['sub']: UNSAT (0.026 seconds)
0.30/0.36	['concat', 'concat']: UNSAT (0.058 seconds)
0.40/0.42	['concat', 'index']: UNSAT (0.055 seconds)
0.46/0.48	['concat', 'length']: UNSAT (0.039 seconds)
0.46/0.52	['concat', 'substr']: UNSAT (0.126 seconds)
0.57/0.65	['concat', 'add']: UNSAT (0.035 seconds)
0.65/0.68	['concat', 'sub']: UNSAT (0.034 seconds)
0.69/0.72	['index', 'index']: UNSAT (0.049 seconds)
0.69/0.77	['index', 'length']: UNSAT (0.036 seconds)
0.79/0.80	['index', 'substr']: UNSAT (1.026 seconds)
1.79/1.83	['index', 'add']: UNSAT (0.041 seconds)
1.79/1.87	['index', 'sub']: UNSAT (0.044 seconds)
1.89/1.92	['length', 'length']: UNSAT (0.025 seconds)
1.89/1.94	['length', 'substr']: UNSAT (0.069 seconds)
1.89/2.01	['length', 'add']: UNSAT (0.030 seconds)
2.03/2.04	['length', 'sub']: UNSAT (0.028 seconds)
2.03/2.07	['substr', 'substr']: UNSAT (0.054 seconds)
2.03/2.13	['substr', 'add']: UNSAT (0.058 seconds)
2.13/2.18	['substr', 'sub']: UNSAT (0.056 seconds)
2.19/2.24	['add', 'add']: UNSAT (0.040 seconds)
2.19/2.28	['add', 'sub']: UNSAT (0.039 seconds)
2.29/2.32	['sub', 'sub']: UNSAT (0.038 seconds)
2.29/2.36	['concat', 'concat', 'concat']: UNSAT (0.196 seconds)
2.49/2.56	['concat', 'concat', 'index']: UNSAT (0.072 seconds)
2.59/2.63	['concat', 'concat', 'length']: UNSAT (0.056 seconds)
2.59/2.69	['concat', 'concat', 'substr']: UNSAT (1.020 seconds)
3.69/3.71	['concat', 'concat', 'add']: UNSAT (0.055 seconds)
3.69/3.76	['concat', 'concat', 'sub']: UNSAT (0.056 seconds)
3.78/3.82	['concat', 'index', 'index']: UNSAT (0.076 seconds)
3.88/3.90	['concat', 'index', 'length']: UNSAT (0.058 seconds)
3.88/3.96	['concat', 'index', 'substr']: UNSAT (11.666 seconds)
15.59/15.62	['concat', 'index', 'add']: UNSAT (0.061 seconds)
15.59/15.69	['concat', 'index', 'sub']: UNSAT (0.061 seconds)
15.69/15.75	['concat', 'length', 'length']: UNSAT (0.042 seconds)
15.69/15.79	['concat', 'length', 'substr']: UNSAT (0.514 seconds)
16.29/16.31	['concat', 'length', 'add']: UNSAT (0.044 seconds)
16.29/16.35	['concat', 'length', 'sub']: UNSAT (0.045 seconds)
16.39/16.40	['concat', 'substr', 'substr']: UNSAT (0.684 seconds)
17.03/17.08	['concat', 'substr', 'add']: UNSAT (0.238 seconds)
17.29/17.32	['concat', 'substr', 'sub']: UNSAT (0.155 seconds)
17.39/17.48	['concat', 'add', 'add']: UNSAT (0.054 seconds)
17.49/17.53	['concat', 'add', 'sub']: UNSAT (0.053 seconds)
17.49/17.59	['concat', 'sub', 'sub']: UNSAT (0.057 seconds)
17.59/17.64	['index', 'index', 'index']: UNSAT (0.081 seconds)
17.69/17.73	['index', 'index', 'length']: UNSAT (0.062 seconds)
17.69/17.79	['index', 'index', 'substr']: UNSAT (3.530 seconds)
21.29/21.32	['index', 'index', 'add']: UNSAT (0.068 seconds)
21.29/21.39	['index', 'index', 'sub']: UNSAT (0.068 seconds)
21.39/21.46	['index', 'length', 'length']: UNSAT (0.046 seconds)
21.49/21.50	['index', 'length', 'substr']: UNSAT (1.088 seconds)
22.49/22.59	['index', 'length', 'add']: UNSAT (0.052 seconds)
22.59/22.65	['index', 'length', 'sub']: UNSAT (0.052 seconds)
22.69/22.70	['index', 'substr', 'substr']: UNSAT (4.814 seconds)
27.49/27.51	['index', 'substr', 'add']: UNSAT (1.130 seconds)
28.59/28.65	['index', 'substr', 'sub']: UNSAT (1.638 seconds)
30.19/30.28	['index', 'add', 'add']: UNSAT (0.063 seconds)
30.29/30.35	['index', 'add', 'sub']: UNSAT (0.064 seconds)
30.39/30.41	['index', 'sub', 'sub']: UNSAT (0.063 seconds)
30.39/30.48	['length', 'length', 'length']: UNSAT (0.033 seconds)
30.49/30.51	['length', 'length', 'substr']: UNSAT (0.058 seconds)
30.49/30.57	['length', 'length', 'add']: UNSAT (0.038 seconds)
30.59/30.61	['length', 'length', 'sub']: UNSAT (0.039 seconds)
30.59/30.65	['length', 'substr', 'substr']: UNSAT (0.394 seconds)
31.03/31.04	['length', 'substr', 'add']: UNSAT (0.135 seconds)
31.13/31.18	['length', 'substr', 'sub']: UNSAT (0.113 seconds)
31.19/31.29	['length', 'add', 'add']: UNSAT (0.049 seconds)
31.29/31.34	['length', 'add', 'sub']: UNSAT (0.049 seconds)
31.29/31.39	['length', 'sub', 'sub']: UNSAT (0.049 seconds)
31.39/31.44	['substr', 'substr', 'substr']: UNSAT (0.102 seconds)
31.49/31.54	['substr', 'substr', 'add']: UNSAT (0.128 seconds)
31.59/31.67	['substr', 'substr', 'sub']: UNSAT (0.120 seconds)
31.69/31.79	['substr', 'add', 'add']: UNSAT (0.131 seconds)
31.88/31.93	['substr', 'add', 'sub']: UNSAT (0.112 seconds)
32.02/32.04	['substr', 'sub', 'sub']: UNSAT (0.093 seconds)
32.02/32.13	['add', 'add', 'add']: UNSAT (0.061 seconds)
32.13/32.20	['add', 'add', 'sub']: UNSAT (0.061 seconds)
32.18/32.26	['add', 'sub', 'sub']: UNSAT (0.060 seconds)
32.28/32.32	['sub', 'sub', 'sub']: UNSAT (0.061 seconds)
32.28/32.38	['concat', 'concat', 'concat', 'concat']: UNSAT (0.287 seconds)
32.58/32.67	['concat', 'concat', 'concat', 'index']: UNSAT (0.101 seconds)
32.68/32.77	['concat', 'concat', 'concat', 'length']: UNSAT (0.082 seconds)
32.78/32.85	['concat', 'concat', 'concat', 'substr']: UNSAT (158.108 seconds)
190.88/190.96	['concat', 'concat', 'concat', 'add']: UNSAT (0.083 seconds)
191.02/191.05	['concat', 'concat', 'concat', 'sub']: UNSAT (0.085 seconds)
191.02/191.13	['concat', 'concat', 'index', 'index']: UNSAT (0.108 seconds)
191.18/191.24	['concat', 'concat', 'index', 'length']: UNSAT (0.087 seconds)
191.28/191.33	['concat', 'concat', 'index', 'substr']: 