0.12/0.20	=== Examples (../../dataset/examples/examples-22.json)
0.12/0.20	IO(inputs=('Suspendisse nec dapibus elit.\nMauris in purus est.\nVestibulum ac viverra quam.\nAliquam a elementum felis.\nSed sollicitudin nullam.',), output='Suspendisse nec dapibus elit.    Mauris in purus est.    Vestibulum ac viverra quam.    Aliquam a elementum felis.    Sed sollicitudin nullam.')
0.12/0.20	IO(inputs=('Nulla accumsan hendrerit neque, eu ornare felis gravida id.\nPraesent tempor metus posuere.',), output='Nulla accumsan hendrerit neque, eu ornare felis gravida id.    Praesent tempor metus posuere.')
0.12/0.20	IO(inputs=('Phasellus pharetra in massa in iaculis.\nVestibulum ante ipsum primis in faucibus orci luctus et ultrices posuere cubilia Curae; Aenean aliquet nullam.',), output='Phasellus pharetra in massa in iaculis.    Vestibulum ante ipsum primis in faucibus orci luctus et ultrices posuere cubilia Curae; Aenean aliquet nullam.')
0.12/0.20	=== Library
0.12/0.20	concat
0.12/0.20	index
0.12/0.20	length
0.12/0.20	substr
0.12/0.20	add
0.12/0.20	sub
0.12/0.20	=== Synthesis
0.12/0.20	['concat']: UNSAT (0.035 seconds)
0.12/0.24	['index']: UNSAT (0.032 seconds)
0.12/0.27	['length']: UNSAT (0.022 seconds)
0.12/0.29	['substr']: UNSAT (0.041 seconds)
0.29/0.33	['add']: UNSAT (0.027 seconds)
0.29/0.36	['sub']: UNSAT (0.027 seconds)
0.36/0.39	['concat', 'concat']: UNSAT (0.442 seconds)
0.79/0.83	['concat', 'index']: UNSAT (0.047 seconds)
0.79/0.88	['concat', 'length']: UNSAT (0.034 seconds)
0.89/0.91	['concat', 'substr']: UNSAT (2.071 seconds)
2.89/2.99	['concat', 'add']: UNSAT (0.037 seconds)
2.89/3.03	['concat', 'sub']: UNSAT (0.035 seconds)
3.02/3.06	['index', 'index']: UNSAT (0.048 seconds)
3.02/3.11	['index', 'length']: UNSAT (0.033 seconds)
3.13/3.14	['index', 'substr']: UNSAT (0.061 seconds)
3.18/3.21	['index', 'add']: UNSAT (0.043 seconds)
3.18/3.25	['index', 'sub']: UNSAT (0.042 seconds)
3.18/3.29	['length', 'length']: UNSAT (0.028 seconds)
3.28/3.32	['length', 'substr']: UNSAT (0.048 seconds)
3.28/3.37	['length', 'add']: UNSAT (0.031 seconds)
3.38/3.40	['length', 'sub']: UNSAT (0.028 seconds)
3.38/3.43	['substr', 'substr']: UNSAT (0.063 seconds)
3.38/3.49	['substr', 'add']: UNSAT (0.055 seconds)
3.48/3.55	['substr', 'sub']: UNSAT (0.051 seconds)
3.58/3.60	['add', 'add']: UNSAT (0.039 seconds)
3.58/3.64	['add', 'sub']: UNSAT (0.039 seconds)
3.58/3.68	['sub', 'sub']: UNSAT (0.037 seconds)
3.68/3.72	['concat', 'concat', 'concat']: UNSAT (3.567 seconds)
7.19/7.29	['concat', 'concat', 'index']: UNSAT (0.072 seconds)
7.29/7.36	['concat', 'concat', 'length']: UNSAT (0.058 seconds)
7.39/7.42	['concat', 'concat', 'substr']: UNSAT (1.219 seconds)
8.59/8.64	['concat', 'concat', 'add']: UNSAT (0.065 seconds)
8.69/8.71	['concat', 'concat', 'sub']: UNSAT (0.058 seconds)
8.69/8.76	['concat', 'index', 'index']: UNSAT (0.077 seconds)
8.79/8.84	['concat', 'index', 'length']: UNSAT (0.059 seconds)
8.89/8.90	['concat', 'index', 'substr']: UNSAT (3.091 seconds)
11.89/11.99	['concat', 'index', 'add']: UNSAT (0.065 seconds)
12.02/12.06	['concat', 'index', 'sub']: UNSAT (0.063 seconds)
12.02/12.12	['concat', 'length', 'length']: UNSAT (0.044 seconds)
12.13/12.17	['concat', 'length', 'substr']: UNSAT (0.129 seconds)
12.29/12.30	['concat', 'length', 'add']: UNSAT (0.054 seconds)
12.29/12.35	['concat', 'length', 'sub']: UNSAT (0.050 seconds)
12.39/12.40	['concat', 'substr', 'substr']: UNSAT (0.240 seconds)
12.59/12.65	['concat', 'substr', 'add']: UNSAT (0.132 seconds)
12.69/12.78	['concat', 'substr', 'sub']: UNSAT (0.107 seconds)
12.79/12.89	['concat', 'add', 'add']: UNSAT (0.056 seconds)
12.89/12.94	['concat', 'add', 'sub']: UNSAT (0.055 seconds)
12.89/13.00	['concat', 'sub', 'sub']: UNSAT (0.060 seconds)
13.03/13.06	['index', 'index', 'index']: UNSAT (0.083 seconds)
13.14/13.14	['index', 'index', 'length']: UNSAT (0.065 seconds)
13.19/13.21	['index', 'index', 'substr']: UNSAT (0.117 seconds)
13.29/13.33	['index', 'index', 'add']: UNSAT (0.070 seconds)
13.39/13.40	['index', 'index', 'sub']: UNSAT (0.071 seconds)
13.39/13.47	['index', 'length', 'length']: UNSAT (0.049 seconds)
13.49/13.52	['index', 'length', 'substr']: UNSAT (0.085 seconds)
13.59/13.61	['index', 'length', 'add']: UNSAT (0.053 seconds)
13.59/13.66	['index', 'length', 'sub']: UNSAT (0.053 seconds)
13.69/13.71	['index', 'substr', 'substr']: UNSAT (0.193 seconds)
13.89/13.91	['index', 'substr', 'add']: UNSAT (0.155 seconds)
14.02/14.06	['index', 'substr', 'sub']: UNSAT (0.110 seconds)
14.13/14.17	['index', 'add', 'add']: UNSAT (0.067 seconds)
14.19/14.24	['index', 'add', 'sub']: UNSAT (0.068 seconds)
14.29/14.31	['index', 'sub', 'sub']: UNSAT (0.068 seconds)
14.29/14.38	['length', 'length', 'length']: UNSAT (0.035 seconds)
14.39/14.42	['length', 'length', 'substr']: UNSAT (0.064 seconds)
14.39/14.48	['length', 'length', 'add']: UNSAT (0.043 seconds)
14.49/14.53	['length', 'length', 'sub']: UNSAT (0.042 seconds)
14.49/14.57	['length', 'substr', 'substr']: UNSAT (0.109 seconds)
14.59/14.68	['length', 'substr', 'add']: UNSAT (0.072 seconds)
14.69/14.75	['length', 'substr', 'sub']: UNSAT (0.078 seconds)
14.79/14.83	['length', 'add', 'add']: UNSAT (0.054 seconds)
14.79/14.88	['length', 'add', 'sub']: UNSAT (0.051 seconds)
14.89/14.94	['length', 'sub', 'sub']: UNSAT (0.052 seconds)
14.89/14.99	['substr', 'substr', 'substr']: UNSAT (0.129 seconds)
15.02/15.12	['substr', 'substr', 'add']: UNSAT (0.091 seconds)
15.19/15.21	['substr', 'substr', 'sub']: UNSAT (0.097 seconds)
15.29/15.31	['substr', 'add', 'add']: UNSAT (0.076 seconds)
15.29/15.39	['substr', 'add', 'sub']: UNSAT (0.075 seconds)
15.39/15.46	['substr', 'sub', 'sub']: UNSAT (0.076 seconds)
15.49/15.54	['add', 'add', 'add']: UNSAT (0.061 seconds)
15.59/15.60	['add', 'add', 'sub']: UNSAT (0.063 seconds)
15.59/15.67	['add', 'sub', 'sub']: UNSAT (0.061 seconds)
15.69/15.73	['sub', 'sub', 'sub']: UNSAT (0.078 seconds)
15.79/15.81	['concat', 'concat', 'concat', 'concat']: UNSAT (339.640 seconds)
355.38/355.45	['concat', 'concat', 'concat', 'index']: UNSAT (0.105 seconds)
355.47/355.55	['concat', 'concat', 'concat', 'length']: UNSAT (0.096 seconds)
355.57/355.65	['concat', 'concat', 'concat', 'substr']: UNSAT (159.448 seconds)
515.01/515.10	['concat', 'concat', 'concat', 'add']: UNSAT (0.086 seconds)
515.12/515.19	['concat', 'concat', 'concat', 'sub']: UNSAT (0.083 seconds)
515.18/515.27	['concat', 'concat', 'index', 'index']: UNSAT (0.112 seconds)
515.28/515.38	['concat', 'concat', 'index', 'length']: UNSAT (0.089 seconds)
515.38/515.47	['concat', 'concat', 'index', 'substr']: 