0.12/0.20	=== Examples (../../dataset/examples/examples-93.json)
0.12/0.20	IO(inputs=('no - he said',), output='he said')
0.12/0.20	IO(inputs=('but but why - she said',), output='she said')
0.12/0.20	IO(inputs=('well, because i say so - he said   ',), output='he said')
0.12/0.20	=== Library
0.12/0.20	concat
0.12/0.20	index
0.12/0.20	length
0.12/0.20	substr
0.12/0.20	add
0.12/0.20	sub
0.12/0.20	=== Synthesis
0.12/0.20	['concat']: UNSAT (0.031 seconds)
0.12/0.23	['index']: UNSAT (0.030 seconds)
0.12/0.26	['length']: UNSAT (0.021 seconds)
0.27/0.28	['substr']: UNSAT (0.033 seconds)
0.27/0.32	['add']: UNSAT (0.026 seconds)
0.27/0.34	['sub']: UNSAT (0.026 seconds)
0.27/0.37	['concat', 'concat']: UNSAT (0.059 seconds)
0.37/0.43	['concat', 'index']: UNSAT (0.055 seconds)
0.47/0.48	['concat', 'length']: UNSAT (0.041 seconds)
0.47/0.53	['concat', 'substr']: UNSAT (0.121 seconds)
0.63/0.65	['concat', 'add']: UNSAT (0.034 seconds)
0.63/0.68	['concat', 'sub']: UNSAT (0.031 seconds)
0.69/0.71	['index', 'index']: UNSAT (0.043 seconds)
0.69/0.76	['index', 'length']: UNSAT (0.030 seconds)
0.69/0.79	['index', 'substr']: UNSAT (0.230 seconds)
0.89/1.02	['index', 'add']: UNSAT (0.038 seconds)
1.02/1.06	['index', 'sub']: UNSAT (0.038 seconds)
1.02/1.10	['length', 'length']: UNSAT (0.022 seconds)
1.02/1.12	['length', 'substr']: UNSAT (0.036 seconds)
1.12/1.16	['length', 'add']: UNSAT (0.025 seconds)
1.12/1.18	['length', 'sub']: UNSAT (0.026 seconds)
1.18/1.21	['substr', 'substr']: UNSAT (0.047 seconds)
1.18/1.26	['substr', 'add']: UNSAT (0.042 seconds)
1.28/1.30	['substr', 'sub']: UNSAT (0.041 seconds)
1.28/1.34	['add', 'add']: UNSAT (0.034 seconds)
1.28/1.38	['add', 'sub']: UNSAT (0.035 seconds)
1.38/1.41	['sub', 'sub']: UNSAT (0.037 seconds)
1.38/1.45	['concat', 'concat', 'concat']: UNSAT (0.256 seconds)
1.68/1.71	['concat', 'concat', 'index']: UNSAT (0.063 seconds)
1.68/1.77	['concat', 'concat', 'length']: UNSAT (0.049 seconds)
1.78/1.82	['concat', 'concat', 'substr']: UNSAT (0.276 seconds)
2.02/2.10	['concat', 'concat', 'add']: UNSAT (0.049 seconds)
2.12/2.15	['concat', 'concat', 'sub']: UNSAT (0.052 seconds)
2.18/2.20	['concat', 'index', 'index']: UNSAT (0.067 seconds)
2.18/2.27	['concat', 'index', 'length']: UNSAT (0.052 seconds)
2.28/2.32	['concat', 'index', 'substr']: UNSAT (2.244 seconds)
4.49/4.57	['concat', 'index', 'add']: UNSAT (0.058 seconds)
4.59/4.63	['concat', 'index', 'sub']: UNSAT (0.059 seconds)
4.59/4.69	['concat', 'length', 'length']: UNSAT (0.043 seconds)
4.69/4.73	['concat', 'length', 'substr']: UNSAT (0.104 seconds)
4.79/4.83	['concat', 'length', 'add']: UNSAT (0.041 seconds)
4.79/4.88	['concat', 'length', 'sub']: UNSAT (0.042 seconds)
4.89/4.92	['concat', 'substr', 'substr']: UNSAT (0.166 seconds)
5.03/5.09	['concat', 'substr', 'add']: UNSAT (0.094 seconds)
5.13/5.18	['concat', 'substr', 'sub']: UNSAT (0.075 seconds)
5.19/5.26	['concat', 'add', 'add']: UNSAT (0.053 seconds)
5.29/5.31	['concat', 'add', 'sub']: UNSAT (0.052 seconds)
5.29/5.36	['concat', 'sub', 'sub']: UNSAT (0.051 seconds)
5.39/5.41	['index', 'index', 'index']: UNSAT (0.073 seconds)
5.39/5.49	['index', 'index', 'length']: UNSAT (0.058 seconds)
5.49/5.55	['index', 'index', 'substr']: UNSAT (1.125 seconds)
6.59/6.67	['index', 'index', 'add']: UNSAT (0.065 seconds)
6.69/6.74	['index', 'index', 'sub']: UNSAT (0.068 seconds)
6.79/6.81	['index', 'length', 'length']: UNSAT (0.043 seconds)
6.79/6.85	['index', 'length', 'substr']: UNSAT (0.221 seconds)
7.03/7.07	['index', 'length', 'add']: UNSAT (0.048 seconds)
7.03/7.12	['index', 'length', 'sub']: UNSAT (0.050 seconds)
7.13/7.17	['index', 'substr', 'substr']: UNSAT (1.135 seconds)
8.29/8.31	['index', 'substr', 'add']: UNSAT (0.227 seconds)
8.49/8.54	['index', 'substr', 'sub']: UNSAT (0.190 seconds)
8.69/8.73	['index', 'add', 'add']: UNSAT (0.061 seconds)
8.69/8.79	['index', 'add', 'sub']: UNSAT (0.062 seconds)
8.79/8.85	['index', 'sub', 'sub']: UNSAT (0.060 seconds)
8.89/8.91	['length', 'length', 'length']: UNSAT (0.030 seconds)
8.89/8.94	['length', 'length', 'substr']: UNSAT (0.051 seconds)
8.89/9.00	['length', 'length', 'add']: UNSAT (0.038 seconds)
9.03/9.03	['length', 'length', 'sub']: UNSAT (0.036 seconds)
9.03/9.07	['length', 'substr', 'substr']: UNSAT (0.118 seconds)
9.13/9.19	['length', 'substr', 'add']: UNSAT (0.081 seconds)
9.19/9.27	['length', 'substr', 'sub']: UNSAT (0.079 seconds)
9.29/9.35	['length', 'add', 'add']: UNSAT (0.044 seconds)
9.29/9.40	['length', 'add', 'sub']: UNSAT (0.044 seconds)
9.39/9.44	['length', 'sub', 'sub']: UNSAT (0.044 seconds)
9.39/9.49	['substr', 'substr', 'substr']: UNSAT (0.097 seconds)
9.49/9.58	['substr', 'substr', 'add']: UNSAT (0.083 seconds)
9.59/9.67	['substr', 'substr', 'sub']: UNSAT (0.086 seconds)
9.69/9.75	['substr', 'add', 'add']: UNSAT (0.158 seconds)
9.89/9.91	['substr', 'add', 'sub']: UNSAT (0.135 seconds)
10.03/10.05	['substr', 'sub', 'sub']: UNSAT (0.124 seconds)
10.13/10.17	['add', 'add', 'add']: UNSAT (0.079 seconds)
10.19/10.26	['add', 'add', 'sub']: UNSAT (0.078 seconds)
10.29/10.33	['add', 'sub', 'sub']: UNSAT (0.079 seconds)
10.39/10.41	['sub', 'sub', 'sub']: UNSAT (0.079 seconds)
10.39/10.49	['concat', 'concat', 'concat', 'concat']: UNSAT (0.427 seconds)
10.89/10.92	['concat', 'concat', 'concat', 'index']: UNSAT (0.100 seconds)
10.89/11.02	['concat', 'concat', 'concat', 'length']: UNSAT (0.080 seconds)
11.02/11.10	['concat', 'concat', 'concat', 'substr']: UNSAT (4.964 seconds)
16.02/16.07	['concat', 'concat', 'concat', 'add']: UNSAT (0.075 seconds)
16.12/16.14	['concat', 'concat', 'concat', 'sub']: UNSAT (0.080 seconds)
16.18/16.23	['concat', 'concat', 'index', 'index']: UNSAT (0.110 seconds)
16.28/16.34	['concat', 'concat', 'index', 'length']: UNSAT (0.089 seconds)
16.38/16.43	['concat', 'concat', 'index', 'substr']: UNSAT (21.976 seconds)
38.38/38.40	['concat', 'concat', 'index', 'add']: UNSAT (0.084 seconds)
38.38/38.49	['concat', 'concat', 'index', 'sub']: UNSAT (0.082 seconds)
38.48/38.57	['concat', 'concat', 'length', 'length']: UNSAT (0.064 seconds)
38.58/38.64	['concat', 'concat', 'length', 'substr']: UNSAT (1.204 seconds)
39.78/39.84	['concat', 'concat', 'length', 'add']: UNSAT (0.063 seconds)
39.89/39.90	['concat', 'concat', 'length', 'sub']: UNSAT (0.064 seconds)
39.89/39.97	['concat', 'concat', 'substr', 'substr']: UNSAT (1.120 seconds)
41.03/41.09	['concat', 'concat', 'substr', 'add']: UNSAT (0.778 seconds)
41.79/41.87	['concat', 'concat', 'substr', 'sub']: UNSAT (0.345 seconds)
42.19/42.21	['concat', 'concat', 'add', 'add']: UNSAT (0.073 seconds)
42.19/42.29	['concat', 'concat', 'add', 'sub']: UNSAT (0.074 seconds)
42.29/42.36	['concat', 'concat', 'sub', 'sub']: UNSAT (0.086 seconds)
42.39/42.45	['concat', 'index', 'index', 'index']: UNSAT (0.106 seconds)
42.49/42.56	['concat', 'index', 'index', 'length']: UNSAT (0.086 seconds)
42.59/42.64	['concat', 'index', 'index', 'substr']: UNKNOWN (511.062 seconds)
553.67/553.71	Reason: smt tactic failed to show goal to be sat/unsat max-conflicts-reached
553.67/553.71	Reason: smt tactic failed to show goal to be sat/unsat max-conflicts-reached
553.67/553.71	['concat', 'index', 'index', 'add']: UNSAT (0.090 seconds)
553.78/553.80	['concat', 'index', 'index', 'sub']: UNSAT (0.090 seconds)
553.78/553.89	['concat', 'index', 'length', 'length']: UNSAT (0.066 seconds)
553.87/553.95	['concat', 'index', 'length', 'substr']: UNSAT (8.568 seconds)
562.47/562.52	['concat', 'index', 'length', 'add']: UNSAT (0.072 seconds)
562.47/562.60	['concat', 'index', 'length', 'sub']: UNSAT (0.071 seconds)
562.57/562.67	['concat', 'index', 'substr', 'substr']: UNSAT (26.275 seconds)
588.87/588.94	['concat', 'index', 'substr', 'add']: UNSAT (9.234 seconds)
598.11/598.18	['concat', 'index', 'substr', 'sub']: 