600.00/600.00	=== Examples (examples-92.json)
600.00/600.00	(["GEORGE"],"George")
600.00/600.00	(["MAEBE"],"Maebe")
600.00/600.00	(["MICHAEL"],"Michael")
600.00/600.00	=== Library
600.00/600.00	Concat
600.00/600.00	Index
600.00/600.00	Length
600.00/600.00	Substr
600.00/600.00	Add
600.00/600.00	Sub
600.00/600.00	=== Synthesis
600.00/600.00	Size: 1
600.00/600.00	Size: 2
600.00/600.00	Size: 3
600.00/600.00	outsynth2: 
600.00/600.00	*** Data.SBV: fd:6: hGetLine: end of file:
600.00/600.00	***
600.00/600.00	***    Sent      : (check-sat)
600.00/600.00	***
600.00/600.00	***    Executable: /home/rodrigo/bin/z3
600.00/600.00	***    Options   : -nw -in -smt2
600.00/600.00	
