600.06/600.06	=== Examples (examples-08.json)
600.06/600.06	(["one|two|three"],"one | two | three")
600.06/600.06	(["a|b|c"],"a | b | c")
600.06/600.06	(["this|is|not|a|regex"],"this | is | not | a | regex")
600.06/600.06	=== Library
600.06/600.06	Concat
600.06/600.06	Index
600.06/600.06	Length
600.06/600.06	Substr
600.06/600.06	Add
600.06/600.06	Sub
600.06/600.06	=== Synthesis
600.06/600.06	Size: 1
600.06/600.06	Size: 2
600.06/600.06	Size: 3
600.06/600.06	outsynth2: 
600.06/600.06	*** Data.SBV: fd:6: hGetLine: end of file:
600.06/600.06	***
600.06/600.06	***    Sent      : (check-sat)
600.06/600.06	***
600.06/600.06	***    Executable: /home/rodrigo/bin/z3
600.06/600.06	***    Options   : -nw -in -smt2
600.06/600.06	
