599.94/600.04	=== Examples (examples-49.json)
599.94/600.04	(["john","doe"],"JOHN DOE")
599.94/600.04	(["jane","smith"],"JANE SMITH")
599.94/600.04	(["michael","scott"],"MICHAEL SCOTT")
599.94/600.04	=== Library
599.94/600.04	Concat
599.94/600.04	Index
599.94/600.04	Length
599.94/600.04	Substr
599.94/600.04	Add
599.94/600.04	Sub
599.94/600.04	=== Synthesis
599.94/600.04	Size: 1
599.94/600.04	Size: 2
599.94/600.04	Size: 3
599.94/600.04	outsynth2: 
599.94/600.04	*** Data.SBV: fd:6: hGetLine: end of file:
599.94/600.04	***
599.94/600.04	***    Sent      : (check-sat)
599.94/600.04	***
599.94/600.04	***    Executable: /home/rodrigo/bin/z3
599.94/600.04	***    Options   : -nw -in -smt2
599.94/600.04	
