600.02/600.04	=== Examples (examples-72.json)
600.02/600.04	(["just use","trim "],"just use trim")
600.02/600.04	([" gudamit'","why you no use "],"gudamit' why you no use")
600.02/600.04	(["your","libraries  "],"your libraries")
600.02/600.04	=== Library
600.02/600.04	Concat
600.02/600.04	Index
600.02/600.04	Length
600.02/600.04	Substr
600.02/600.04	Add
600.02/600.04	Sub
600.02/600.04	=== Synthesis
600.02/600.04	Size: 1
600.02/600.04	Size: 2
600.02/600.04	Size: 3
600.02/600.04	outsynth2: 
600.02/600.04	*** Data.SBV: fd:6: hGetLine: end of file:
600.02/600.04	***
600.02/600.04	***    Sent      : (check-sat)
600.02/600.04	***
600.02/600.04	***    Executable: /home/rodrigo/bin/z3
600.02/600.04	***    Options   : -nw -in -smt2
600.02/600.04	
