0.00/0.25	=== Examples (../../dataset/examples/examples-79.json)
0.00/0.25	IO(inputs=('outsystems.com',), output='com')
0.00/0.25	IO(inputs=('cmu.edu',), output='edu')
0.00/0.25	IO(inputs=('tecnico.pt',), output='pt')
0.00/0.25	=== Library
0.00/0.25	concat
0.00/0.25	index
0.00/0.25	length
0.00/0.25	replace
0.00/0.25	substr
0.00/0.25	to_lower
0.00/0.25	to_upper
0.00/0.25	trim
0.00/0.25	trim_start
0.00/0.25	trim_end
0.00/0.25	add
0.00/0.25	sub
0.00/0.25	=== Synthesis
0.00/0.25	['concat']: UNSAT (0.031 seconds)
0.00/0.28	['index']: UNSAT (0.030 seconds)
0.24/0.31	['length']: UNSAT (0.022 seconds)
0.24/0.33	['replace']: 