0.00/0.28	=== Examples (../../dataset/examples/examples-94.json)
0.00/0.28	IO(inputs=('<hello>',), output='hello')
0.00/0.28	IO(inputs=('<goodbye>',), output='goodbye')
0.00/0.28	IO(inputs=('<sigh>',), output='sigh')
0.00/0.28	=== Library
0.00/0.28	concat
0.00/0.28	index
0.00/0.28	length
0.00/0.28	replace
0.00/0.28	substr
0.00/0.28	to_lower
0.00/0.28	to_upper
0.00/0.28	trim
0.00/0.28	trim_start
0.00/0.28	trim_end
0.00/0.28	add
0.00/0.28	sub
0.00/0.28	=== Synthesis
0.00/0.28	['concat']: UNSAT (0.032 seconds)
0.00/0.31	['index']: UNSAT (0.032 seconds)
0.00/0.34	['length']: UNSAT (0.022 seconds)
0.00/0.36	['replace']: 