0.00/0.23	=== Examples (../../dataset/examples/examples-51.json)
0.00/0.23	IO(inputs=('George ', 'Michael '), output='George  Michael')
0.00/0.23	IO(inputs=('Maebe', 'Bluth   '), output='Maebe Bluth')
0.00/0.23	IO(inputs=('George', 'Sr. '), output='George Sr.')
0.00/0.23	=== Library
0.00/0.23	concat
0.00/0.23	index
0.00/0.23	length
0.00/0.23	replace
0.00/0.23	substr
0.00/0.23	to_lower
0.00/0.23	to_upper
0.00/0.23	trim
0.00/0.23	trim_start
0.00/0.23	trim_end
0.00/0.23	add
0.00/0.23	sub
0.00/0.23	=== Synthesis
0.00/0.23	['concat']: UNSAT (0.034 seconds)
0.00/0.27	['index']: UNSAT (0.033 seconds)
0.00/0.30	['length']: UNSAT (0.022 seconds)
0.00/0.32	['replace']: UNSAT (211.523 seconds)
211.78/211.85	['substr']: UNSAT (0.030 seconds)
211.78/211.88	['to_lower']: UNSAT (0.041 seconds)
211.78/211.92	['to_upper']: UNSAT (0.040 seconds)
211.91/211.96	['trim']: UNSAT (0.033 seconds)
211.91/211.99	['trim_start']: UNSAT (0.026 seconds)
211.91/212.02	['trim_end']: UNSAT (0.029 seconds)
211.91/212.05	['add']: UNSAT (0.025 seconds)
211.91/212.08	['sub']: UNSAT (0.024 seconds)
212.04/212.10	['concat', 'concat']: UNSAT (0.053 seconds)
212.04/212.16	['concat', 'index']: UNSAT (0.050 seconds)
212.18/212.21	['concat', 'length']: UNSAT (0.037 seconds)
212.18/212.25	['concat', 'replace']: SAT (253.551 seconds)
465.69/465.80	concat(arg0, replace(' ', ' ', arg1))
