0.00/0.18	=== Examples (../../dataset/examples/examples-04.json)
0.00/0.18	IO(inputs=('that/folder/',), output='thatfolder')
0.00/0.18	IO(inputs=('this/folder/is/longer/',), output='thisfolderislonger')
0.00/0.18	IO(inputs=('what/about/this/one/',), output='whataboutthisone')
0.00/0.18	=== Library
0.00/0.18	concat
0.00/0.18	index
0.00/0.18	length
0.00/0.18	replace
0.00/0.18	substr
0.00/0.18	to_lower
0.00/0.18	to_upper
0.00/0.18	trim
0.00/0.18	trim_start
0.00/0.18	trim_end
0.00/0.18	add
0.00/0.18	sub
0.00/0.18	=== Synthesis
0.00/0.18	['concat']: UNSAT (0.027 seconds)
0.00/0.21	['index']: UNSAT (0.027 seconds)
0.00/0.24	['length']: UNSAT (0.019 seconds)
0.00/0.26	['replace']: 