0.00/0.18	=== Examples (../../dataset/examples/examples-27.json)
0.00/0.18	IO(inputs=('Maecenas sollicitudin tempus odio et imperdiet. Morbi sit amet mi fermentum, facilisis tellus amet.',), output='Maecenas sollicitudin tempus odio et imperdiet. Morbi sit amet mi fermentum, facilisis tellus amet....')
0.00/0.18	IO(inputs=('Pellentesque sit amet nisl non risus condimentum accumsan. Sed id eleifend dolor, ac interdum nullam.',), output='Pellentesque sit amet nisl non risus condimentum accumsan. Sed id eleifend dolor, ac interdum nullam...')
0.00/0.18	IO(inputs=('Praesent cursus, mauris ac rhoncus efficitur amet.',), output='Praesent cursus, mauris ac rhoncus efficitur amet....')
0.00/0.18	=== Library
0.00/0.18	concat
0.00/0.18	index
0.00/0.18	length
0.00/0.18	replace
0.00/0.18	substr
0.00/0.18	to_lower
0.00/0.18	to_upper
0.00/0.18	trim
0.00/0.18	trim_start
0.00/0.18	trim_end
0.00/0.18	add
0.00/0.18	sub
0.00/0.18	=== Synthesis
0.00/0.18	['concat']: UNSAT (0.028 seconds)
0.00/0.20	['index']: UNSAT (0.025 seconds)
0.00/0.23	['length']: UNSAT (0.017 seconds)
0.00/0.25	['replace']: 