0.10/0.20	=== Examples (../../dataset/examples/examples-56.json)
0.10/0.20	IO(inputs=('what are you doing? (sorry)',), output='what are you doing?')
0.10/0.20	IO(inputs=('did you want that? (hmm..)',), output='did you want that?')
0.10/0.20	IO(inputs=('maybe with add? (oh i see)',), output='maybe with add?')
0.10/0.20	=== Library
0.10/0.20	concat
0.10/0.20	index
0.10/0.20	length
0.10/0.20	replace
0.10/0.20	substr
0.10/0.20	to_lower
0.10/0.20	to_upper
0.10/0.20	trim
0.10/0.20	trim_start
0.10/0.20	trim_end
0.10/0.20	add
0.10/0.20	sub
0.10/0.20	=== Synthesis
0.10/0.20	['concat']: UNSAT (0.032 seconds)
0.10/0.23	['index']: UNSAT (0.031 seconds)
0.10/0.26	['length']: UNSAT (0.022 seconds)
0.10/0.28	['replace']: 