0.00/0.19	=== Examples (../../dataset/examples/examples-85.json)
0.00/0.19	IO(inputs=('aenean aliquam turpis duis.',), output='Aenean aliquam turpi')
0.00/0.19	IO(inputs=('curabitur euismod volutpat.',), output='Curabitur euismod vo')
0.00/0.19	IO(inputs=('proin pulvinar ornare amet.',), output='Proin pulvinar ornar')
0.00/0.19	=== Library
0.00/0.19	concat
0.00/0.19	index
0.00/0.19	length
0.00/0.19	replace
0.00/0.19	substr
0.00/0.19	to_lower
0.00/0.19	to_upper
0.00/0.19	trim
0.00/0.19	trim_start
0.00/0.19	trim_end
0.00/0.19	add
0.00/0.19	sub
0.00/0.19	=== Synthesis
0.00/0.19	['concat']: UNSAT (0.031 seconds)
0.00/0.22	['index']: UNSAT (0.031 seconds)
0.00/0.25	['length']: UNSAT (0.022 seconds)
0.00/0.27	['replace']: 