0.11/0.20	=== Examples (../../dataset/examples/examples-21.json)
0.11/0.20	IO(inputs=('10-05-2019',), output='10/05/20')
0.11/0.20	IO(inputs=('31-12-1999',), output='31/12/19')
0.11/0.20	IO(inputs=('01-01-2000',), output='01/01/20')
0.11/0.20	=== Library
0.11/0.20	concat
0.11/0.20	index
0.11/0.20	length
0.11/0.20	replace
0.11/0.20	substr
0.11/0.20	to_lower
0.11/0.20	to_upper
0.11/0.20	trim
0.11/0.20	trim_start
0.11/0.20	trim_end
0.11/0.20	add
0.11/0.20	sub
0.11/0.20	=== Synthesis
0.11/0.20	['concat']: UNSAT (0.029 seconds)
0.11/0.23	['index']: UNSAT (0.051 seconds)
0.11/0.28	['length']: UNSAT (0.034 seconds)
0.11/0.32	['replace']: 