0.00/0.19	=== Examples (../../dataset/examples/examples-01.json)
0.00/0.19	IO(inputs=('Hello World',), output='Hello&nbsp;World')
0.00/0.19	IO(inputs=('Indicates the (zero-based) index where the search starts.',), output='Indicates&nbsp;the&nbsp;(zero-based)&nbsp;index&nbsp;where&nbsp;the&nbsp;search&nbsp;starts.')
0.00/0.19	IO(inputs=('Can be used with attributes in aggregates.',), output='Can&nbsp;be&nbsp;used&nbsp;with&nbsp;attributes&nbsp;in&nbsp;aggregates.')
0.00/0.19	=== Library
0.00/0.19	concat
0.00/0.19	index
0.00/0.19	length
0.00/0.19	replace
0.00/0.19	substr
0.00/0.19	to_lower
0.00/0.19	to_upper
0.00/0.19	trim
0.00/0.19	trim_start
0.00/0.19	trim_end
0.00/0.19	add
0.00/0.19	sub
0.00/0.19	=== Synthesis
0.00/0.19	['concat']: UNSAT (0.032 seconds)
0.00/0.22	['index']: UNSAT (0.031 seconds)
0.00/0.25	['length']: UNSAT (0.021 seconds)
0.00/0.28	['replace']: 