0.00/0.21	=== Examples (../../dataset/examples/examples-72.json)
0.00/0.21	IO(inputs=('just use', 'trim '), output='just use trim')
0.00/0.21	IO(inputs=(" gudamit'", 'why you no use '), output="gudamit' why you no use")
0.00/0.21	IO(inputs=('your', 'libraries  '), output='your libraries')
0.00/0.21	=== Library
0.00/0.21	concat
0.00/0.21	index
0.00/0.21	length
0.00/0.21	replace
0.00/0.21	substr
0.00/0.21	to_lower
0.00/0.21	to_upper
0.00/0.21	trim
0.00/0.21	trim_start
0.00/0.21	trim_end
0.00/0.21	add
0.00/0.21	sub
0.00/0.21	=== Synthesis
0.00/0.21	['concat']: UNSAT (0.034 seconds)
0.00/0.24	['index']: UNSAT (0.035 seconds)
0.00/0.28	['length']: UNSAT (0.023 seconds)
0.00/0.30	['replace']: UNSAT (381.863 seconds)
382.08/382.17	['substr']: UNSAT (0.035 seconds)
382.18/382.20	['to_lower']: UNSAT (0.047 seconds)
382.18/382.25	['to_upper']: UNSAT (0.044 seconds)
382.18/382.30	['trim']: UNSAT (0.036 seconds)
382.29/382.33	['trim_start']: UNSAT (0.025 seconds)
382.29/382.36	['trim_end']: UNSAT (0.030 seconds)
382.29/382.39	['add']: UNSAT (0.024 seconds)
382.38/382.41	['sub']: UNSAT (0.024 seconds)
382.38/382.44	['concat', 'concat']: UNSAT (0.056 seconds)
382.38/382.50	['concat', 'index']: UNSAT (0.052 seconds)
382.48/382.55	['concat', 'length']: UNSAT (0.037 seconds)
382.48/382.59	['concat', 'replace']: 