0.00/0.19	=== Examples (../../dataset/examples/examples-42.json)
0.00/0.19	IO(inputs=('DO IT',), output='do it!@')
0.00/0.19	IO(inputs=('COME ON',), output='come on!@')
0.00/0.19	IO(inputs=("LET'S GO FAST",), output="let's go fast!@")
0.00/0.19	=== Library
0.00/0.19	concat
0.00/0.19	index
0.00/0.19	length
0.00/0.19	replace
0.00/0.19	substr
0.00/0.19	to_lower
0.00/0.19	to_upper
0.00/0.19	trim
0.00/0.19	trim_start
0.00/0.19	trim_end
0.00/0.19	add
0.00/0.19	sub
0.00/0.19	=== Synthesis
0.00/0.19	['concat']: UNSAT (0.031 seconds)
0.00/0.23	['index']: UNSAT (0.031 seconds)
0.00/0.26	['length']: UNSAT (0.023 seconds)
0.00/0.28	['replace']: 