0.00/0.17	=== Examples (../../dataset/examples/examples-11.json)
0.00/0.17	IO(inputs=('Praesent sollicitudin varius neque, ut scelerisque justo venenatis nec. Maecenas sodales justo quis neque vestibulum efficitur. Maecenas orci aliquam.',), output='Praesent sollicitudin varius neque, ut scelerisque justo venenatis nec. Maecenas sodales justo quis ')
0.00/0.17	IO(inputs=('Curabitur commodo pellentesque erat. Fusce efficitur tincidunt tincidunt. Proin velit elit, sodales at tincidunt nullam.',), output='Curabitur commodo pellentesque erat. Fusce efficitur tincidunt tincidunt. Proin velit elit, sodales ')
0.00/0.17	IO(inputs=('Sed eleifend posuere dui sed hendrerit. Mauris egestas iaculis ultrices. Mauris at ipsum ornare, accumsan diam eget viverra fusce.',), output='Sed eleifend posuere dui sed hendrerit. Mauris egestas iaculis ultrices. Mauris at ipsum ornare, acc')
0.00/0.17	=== Library
0.00/0.17	concat
0.00/0.17	index
0.00/0.17	length
0.00/0.17	replace
0.00/0.17	substr
0.00/0.17	to_lower
0.00/0.17	to_upper
0.00/0.17	trim
0.00/0.17	trim_start
0.00/0.17	trim_end
0.00/0.17	add
0.00/0.17	sub
0.00/0.17	=== Synthesis
0.00/0.17	['concat']: UNSAT (0.032 seconds)
0.00/0.20	['index']: UNSAT (0.028 seconds)
0.00/0.23	['length']: UNSAT (0.020 seconds)
0.00/0.25	['replace']: 