0.00/0.20	=== Examples (../../dataset/examples/examples-87.json)
0.00/0.20	IO(inputs=('https://outsystems.com',), output='outsystems')
0.00/0.20	IO(inputs=('http://cmu.edu',), output='cmu')
0.00/0.20	IO(inputs=('http://tecnico.ulisboa.pt',), output='tecnico')
0.00/0.20	=== Library
0.00/0.20	concat
0.00/0.20	index
0.00/0.20	length
0.00/0.20	replace
0.00/0.20	substr
0.00/0.20	to_lower
0.00/0.20	to_upper
0.00/0.20	trim
0.00/0.20	trim_start
0.00/0.20	trim_end
0.00/0.20	add
0.00/0.20	sub
0.00/0.20	=== Synthesis
0.00/0.20	['concat']: UNSAT (0.032 seconds)
0.00/0.23	['index']: UNSAT (0.031 seconds)
0.00/0.26	['length']: UNSAT (0.021 seconds)
0.00/0.28	['replace']: 