0.00/0.21	=== Examples (../../dataset/examples/examples-50.json)
0.00/0.21	IO(inputs=('George',), output='G')
0.00/0.21	IO(inputs=('Michael',), output='M')
0.00/0.21	IO(inputs=('Jane',), output='J')
0.00/0.21	=== Library
0.00/0.21	concat
0.00/0.21	index
0.00/0.21	length
0.00/0.21	replace
0.00/0.21	substr
0.00/0.21	to_lower
0.00/0.21	to_upper
0.00/0.21	trim
0.00/0.21	trim_start
0.00/0.21	trim_end
0.00/0.21	add
0.00/0.21	sub
0.00/0.21	=== Synthesis
0.00/0.21	['concat']: UNSAT (0.028 seconds)
0.00/0.23	['index']: UNSAT (0.028 seconds)
0.00/0.26	['length']: UNSAT (0.019 seconds)
0.00/0.28	['replace']: 