0.11/0.20	=== Examples (../../dataset/examples/examples-59.json)
0.11/0.20	IO(inputs=('who cares about the last ones...',), output='who cares about the last ones.')
0.11/0.20	IO(inputs=('just let them die!!!',), output='just let them die!')
0.11/0.20	IO(inputs=('oh god what have i become!!!',), output='oh god what have i become!')
0.11/0.20	=== Library
0.11/0.20	concat
0.11/0.20	index
0.11/0.20	length
0.11/0.20	replace
0.11/0.20	substr
0.11/0.20	to_lower
0.11/0.20	to_upper
0.11/0.20	trim
0.11/0.20	trim_start
0.11/0.20	trim_end
0.11/0.20	add
0.11/0.20	sub
0.11/0.20	=== Synthesis
0.11/0.20	['concat']: UNSAT (0.032 seconds)
0.11/0.24	['index']: UNSAT (0.032 seconds)
0.11/0.27	['length']: UNSAT (0.023 seconds)
0.11/0.29	['replace']: 