0.00/0.23	=== Examples (../../dataset/examples/examples-03.json)
0.00/0.23	IO(inputs=('hey. I hope you are doing good',), output='hey, I hope you are doing good')
0.00/0.23	IO(inputs=('how.are.you',), output='how,are,you')
0.00/0.23	IO(inputs=('hello.world',), output='hello,world')
0.00/0.23	=== Library
0.00/0.23	concat
0.00/0.23	index
0.00/0.23	length
0.00/0.23	replace
0.00/0.23	substr
0.00/0.23	to_lower
0.00/0.23	to_upper
0.00/0.23	trim
0.00/0.23	trim_start
0.00/0.23	trim_end
0.00/0.23	add
0.00/0.23	sub
0.00/0.23	=== Synthesis
0.00/0.23	['concat']: UNSAT (0.031 seconds)
0.00/0.26	['index']: UNSAT (0.031 seconds)
0.22/0.29	['length']: UNSAT (0.022 seconds)
0.22/0.31	['replace']: 