0.00/0.21	=== Examples (../../dataset/examples/examples-17.json)
0.00/0.21	IO(inputs=('Quisque sollicitudin volutpat.',), output='Quisque sollicitudin...')
0.00/0.21	IO(inputs=('In viverra in mi non turpis duis.',), output='In viverra in mi non...')
0.00/0.21	IO(inputs=('Sed vel massa vitae lectus cras amet.',), output='Sed vel massa vitae ...')
0.00/0.21	=== Library
0.00/0.21	concat
0.00/0.21	index
0.00/0.21	length
0.00/0.21	replace
0.00/0.21	substr
0.00/0.21	to_lower
0.00/0.21	to_upper
0.00/0.21	trim
0.00/0.21	trim_start
0.00/0.21	trim_end
0.00/0.21	add
0.00/0.21	sub
0.00/0.21	=== Synthesis
0.00/0.21	['concat']: UNSAT (0.032 seconds)
0.00/0.25	['index']: UNSAT (0.031 seconds)
0.00/0.28	['length']: UNSAT (0.022 seconds)
0.00/0.30	['replace']: 