0.00/0.27	=== Examples (../../dataset/examples/examples-31.json)
0.00/0.27	IO(inputs=('john.doe@outsystems.com',), output='john.doe')
0.00/0.27	IO(inputs=('jane.moe@cmu.edu',), output='jane.moe')
0.00/0.27	IO(inputs=('anonymous@tecnico.pt',), output='anonymous')
0.00/0.27	=== Library
0.00/0.27	concat
0.00/0.27	index
0.00/0.27	length
0.00/0.27	replace
0.00/0.27	substr
0.00/0.27	to_lower
0.00/0.27	to_upper
0.00/0.27	trim
0.00/0.27	trim_start
0.00/0.27	trim_end
0.00/0.27	add
0.00/0.27	sub
0.00/0.27	=== Synthesis
0.00/0.27	['concat']: UNSAT (0.027 seconds)
0.27/0.30	['index']: UNSAT (0.028 seconds)
0.27/0.33	['length']: UNSAT (0.019 seconds)
0.27/0.35	['replace']: 