0.00/0.19	=== Examples (../../dataset/examples/examples-66.json)
0.00/0.19	IO(inputs=('take out the last 7 chars',), output='7 chars')
0.00/0.19	IO(inputs=('abcdefg',), output='abcdefg')
0.00/0.19	IO(inputs=('outsystems.com',), output='ems.com')
0.00/0.19	=== Library
0.00/0.19	concat
0.00/0.19	index
0.00/0.19	length
0.00/0.19	replace
0.00/0.19	substr
0.00/0.19	to_lower
0.00/0.19	to_upper
0.00/0.19	trim
0.00/0.19	trim_start
0.00/0.19	trim_end
0.00/0.19	add
0.00/0.19	sub
0.00/0.19	=== Synthesis
0.00/0.19	['concat']: UNSAT (0.034 seconds)
0.00/0.23	['index']: UNSAT (0.031 seconds)
0.00/0.26	['length']: UNSAT (0.023 seconds)
0.00/0.29	['replace']: 