0.12/0.20	=== Examples (../../dataset/examples/examples-49.json)
0.12/0.20	IO(inputs=('john', 'doe'), output='JOHN DOE')
0.12/0.20	=== Library
0.12/0.20	concat
0.12/0.20	index
0.12/0.20	length
0.12/0.20	substr
0.12/0.20	add
0.12/0.20	sub
0.12/0.20	=== Synthesis
0.12/0.20	['concat']: UNSAT (0.023 seconds)
0.12/0.22	['index']: UNSAT (0.021 seconds)
0.12/0.24	['length']: UNSAT (0.017 seconds)
0.12/0.26	['substr']: UNSAT (0.023 seconds)
0.26/0.28	['add']: UNSAT (0.019 seconds)
0.26/0.30	['sub']: UNSAT (0.019 seconds)
0.26/0.32	['concat', 'concat']: UNSAT (0.032 seconds)
0.26/0.35	['concat', 'index']: UNSAT (0.030 seconds)
0.36/0.39	['concat', 'length']: UNSAT (0.025 seconds)
0.36/0.41	['concat', 'substr']: UNSAT (0.031 seconds)
0.36/0.44	['concat', 'add']: UNSAT (0.026 seconds)
0.36/0.47	['concat', 'sub']: UNSAT (0.027 seconds)
0.46/0.50	['index', 'index']: UNSAT (0.033 seconds)
0.46/0.53	['index', 'length']: UNSAT (0.026 seconds)
0.46/0.56	['index', 'substr']: UNSAT (0.035 seconds)
0.56/0.59	['index', 'add']: UNSAT (0.030 seconds)
0.56/0.62	['index', 'sub']: UNSAT (0.022 seconds)
0.63/0.65	['length', 'length']: UNSAT (0.015 seconds)
0.63/0.66	['length', 'substr']: UNSAT (0.019 seconds)
0.63/0.68	['length', 'add']: UNSAT (0.016 seconds)
0.69/0.70	['length', 'sub']: UNSAT (0.016 seconds)
0.69/0.71	['substr', 'substr']: UNSAT (0.023 seconds)
0.69/0.74	['substr', 'add']: UNSAT (0.021 seconds)
0.69/0.76	['substr', 'sub']: UNSAT (0.021 seconds)
0.69/0.78	['add', 'add']: UNSAT (0.019 seconds)
0.79/0.80	['add', 'sub']: UNSAT (0.020 seconds)
0.79/0.82	['sub', 'sub']: UNSAT (0.019 seconds)
0.79/0.84	['concat', 'concat', 'concat']: UNSAT (0.163 seconds)
0.89/1.00	['concat', 'concat', 'index']: UNSAT (0.031 seconds)
0.89/1.03	['concat', 'concat', 'length']: UNSAT (0.025 seconds)
1.01/1.06	['concat', 'concat', 'substr']: UNSAT (0.137 seconds)
1.19/1.20	['concat', 'concat', 'add']: UNSAT (0.025 seconds)
1.19/1.22	['concat', 'concat', 'sub']: UNSAT (0.025 seconds)
1.19/1.25	['concat', 'index', 'index']: UNSAT (0.031 seconds)
1.19/1.28	['concat', 'index', 'length']: UNSAT (0.026 seconds)
1.29/1.31	['concat', 'index', 'substr']: UNSAT (0.070 seconds)
1.29/1.38	['concat', 'index', 'add']: UNSAT (0.027 seconds)
1.39/1.41	['concat', 'index', 'sub']: UNSAT (0.028 seconds)
1.39/1.43	['concat', 'length', 'length']: UNSAT (0.022 seconds)
1.39/1.46	['concat', 'length', 'substr']: UNSAT (0.049 seconds)
1.49/1.51	['concat', 'length', 'add']: UNSAT (0.025 seconds)
1.49/1.53	['concat', 'length', 'sub']: UNSAT (0.024 seconds)
1.49/1.56	['concat', 'substr', 'substr']: UNSAT (0.044 seconds)
1.59/1.60	['concat', 'substr', 'add']: UNSAT (0.032 seconds)
1.59/1.63	['concat', 'substr', 'sub']: UNSAT (0.030 seconds)
1.59/1.66	['concat', 'add', 'add']: UNSAT (0.026 seconds)
1.59/1.69	['concat', 'add', 'sub']: UNSAT (0.025 seconds)
1.69/1.72	['concat', 'sub', 'sub']: UNSAT (0.025 seconds)
1.69/1.74	['index', 'index', 'index']: UNSAT (0.033 seconds)
1.69/1.77	['index', 'index', 'length']: UNSAT (0.028 seconds)
1.79/1.80	['index', 'index', 'substr']: UNSAT (0.052 seconds)
1.79/1.86	['index', 'index', 'add']: UNSAT (0.031 seconds)
1.79/1.89	['index', 'index', 'sub']: UNSAT (0.031 seconds)
1.89/1.92	['index', 'length', 'length']: UNSAT (0.023 seconds)
1.89/1.94	['index', 'length', 'substr']: UNSAT (0.030 seconds)
1.89/1.97	['index', 'length', 'add']: UNSAT (0.025 seconds)
1.89/2.00	['index', 'length', 'sub']: UNSAT (0.025 seconds)
1.89/2.02	['index', 'substr', 'substr']: UNSAT (0.043 seconds)
2.01/2.07	['index', 'substr', 'add']: UNSAT (0.035 seconds)
2.01/2.10	['index', 'substr', 'sub']: UNSAT (0.034 seconds)
2.01/2.14	['index', 'add', 'add']: UNSAT (0.029 seconds)
2.13/2.17	['index', 'add', 'sub']: UNSAT (0.031 seconds)
2.19/2.20	['index', 'sub', 'sub']: UNSAT (0.029 seconds)
2.19/2.23	['length', 'length', 'length']: UNSAT (0.018 seconds)
2.19/2.24	['length', 'length', 'substr']: UNSAT (0.024 seconds)
2.19/2.27	['length', 'length', 'add']: UNSAT (0.020 seconds)
2.19/2.29	['length', 'length', 'sub']: UNSAT (0.020 seconds)
2.29/2.31	['length', 'substr', 'substr']: UNSAT (0.032 seconds)
2.29/2.34	['length', 'substr', 'add']: UNSAT (0.026 seconds)
2.29/2.37	['length', 'substr', 'sub']: UNSAT (0.026 seconds)
2.29/2.40	['length', 'add', 'add']: UNSAT (0.023 seconds)
2.39/2.42	['length', 'add', 'sub']: UNSAT (0.022 seconds)
2.39/2.44	['length', 'sub', 'sub']: UNSAT (0.024 seconds)
2.39/2.47	['substr', 'substr', 'substr']: UNSAT (0.036 seconds)
2.49/2.50	['substr', 'substr', 'add']: UNSAT (0.032 seconds)
2.49/2.54	['substr', 'substr', 'sub']: UNSAT (0.033 seconds)
2.49/2.57	['substr', 'add', 'add']: UNSAT (0.029 seconds)
2.59/2.60	['substr', 'add', 'sub']: UNSAT (0.029 seconds)
2.59/2.63	['substr', 'sub', 'sub']: UNSAT (0.029 seconds)
2.59/2.66	['add', 'add', 'add']: UNSAT (0.027 seconds)
2.59/2.68	['add', 'add', 'sub']: UNSAT (0.027 seconds)
2.69/2.71	['add', 'sub', 'sub']: UNSAT (0.027 seconds)
2.69/2.74	['sub', 'sub', 'sub']: UNSAT (0.026 seconds)
2.69/2.77	['concat', 'concat', 'concat', 'concat']: UNSAT (24.309 seconds)
27.02/27.08	['concat', 'concat', 'concat', 'index']: UNSAT (0.051 seconds)
27.02/27.13	['concat', 'concat', 'concat', 'length']: UNSAT (0.035 seconds)
27.14/27.16	['concat', 'concat', 'concat', 'substr']: UNSAT (21.953 seconds)
49.02/49.12	['concat', 'concat', 'concat', 'add']: UNSAT (0.037 seconds)
49.13/49.16	['concat', 'concat', 'concat', 'sub']: UNSAT (0.037 seconds)
49.13/49.19	['concat', 'concat', 'index', 'index']: UNSAT (0.044 seconds)
49.19/49.24	['concat', 'concat', 'index', 'length']: UNSAT (0.036 seconds)
49.19/49.27	['concat', 'concat', 'index', 'substr']: UNSAT (1.590 seconds)
50.79/50.86	['concat', 'concat', 'index', 'add']: UNSAT (0.038 seconds)
50.89/50.90	['concat', 'concat', 'index', 'sub']: UNSAT (0.037 seconds)
50.89/50.94	['concat', 'concat', 'length', 'length']: UNSAT (0.030 seconds)
50.89/50.97	['concat', 'concat', 'length', 'substr']: UNSAT (0.908 seconds)
51.79/51.88	['concat', 'concat', 'length', 'add']: UNSAT (0.031 seconds)
51.89/51.91	['concat', 'concat', 'length', 'sub']: UNSAT (0.032 seconds)
51.89/51.95	['concat', 'concat', 'substr', 'substr']: UNSAT (0.881 seconds)
52.79/52.83	['concat', 'concat', 'substr', 'add']: UNSAT (0.305 seconds)
53.01/53.13	['concat', 'concat', 'substr', 'sub']: UNSAT (0.203 seconds)
53.29/53.34	['concat', 'concat', 'add', 'add']: UNSAT (0.033 seconds)
53.29/53.37	['concat', 'concat', 'add', 'sub']: UNSAT (0.033 seconds)
53.39/53.40	['concat', 'concat', 'sub', 'sub']: UNSAT (0.033 seconds)
53.39/53.44	['concat', 'index', 'index', 'index']: UNSAT (0.045 seconds)
53.39/53.48	['concat', 'index', 'index', 'length']: UNSAT (0.038 seconds)
53.49/53.52	['concat', 'index', 'index', 'substr']: UNSAT (0.191 seconds)
53.69/53.71	['concat', 'index', 'index', 'add']: UNSAT (0.040 seconds)
53.69/53.76	['concat', 'index', 'index', 'sub']: UNSAT (0.040 seconds)
53.69/53.80	['concat', 'index', 'length', 'length']: UNSAT (0.032 seconds)
53.79/53.83	['concat', 'index', 'length', 'substr']: UNSAT (0.172 seconds)
53.89/54.00	['concat', 'index', 'length', 'add']: UNSAT (0.034 seconds)
53.89/54.04	['concat', 'index', 'length', 'sub']: UNSAT (0.033 seconds)
54.01/54.07	['concat', 'index', 'substr', 'substr']: UNSAT (0.408 seconds)
54.38/54.48	['concat', 'index', 'substr', 'add']: UNSAT (0.258 seconds)
54.68/54.74	['concat', 'index', 'substr', 'sub']: UNSAT (0.300 seconds)
54.88/55.04	['concat', 'index', 'add', 'add']: UNSAT (0.040 seconds)
55.01/55.08	['concat', 'index', 'add', 'sub']: UNSAT (0.038 seconds)
55.01/55.12	['concat', 'index', 'sub', 'sub']: UNSAT (0.037 seconds)
55.12/55.15	['concat', 'length', 'length', 'length']: UNSAT (0.027 seconds)
55.12/55.18	['concat', 'length', 'length', 'substr']: UNSAT (0.068 seconds)
55.18/55.25	['concat', 'length', 'length', 'add']: UNSAT (0.028 seconds)
55.18/55.28	['concat', 'length', 'length', 'sub']: UNSAT (0.027 seconds)
55.28/55.30	['concat', 'length', 'substr', 'substr']: UNSAT (0.223 seconds)
55.48/55.53	['concat', 'length', 'substr', 'add']: UNSAT (0.097 seconds)
55.58/55.63	['concat', 'length', 'substr', 'sub']: UNSAT (0.106 seconds)
55.68/55.73	['concat', 'length', 'add', 'add']: UNSAT (0.031 seconds)
55.68/55.76	['concat', 'length', 'add', 'sub']: UNSAT (0.031 seconds)
55.78/55.80	['concat', 'length', 'sub', 'sub']: UNSAT (0.030 seconds)
55.78/55.83	['concat', 'substr', 'substr', 'substr']: UNSAT (0.137 seconds)
55.88/55.97	['concat', 'substr', 'substr', 'add']: UNSAT (0.062 seconds)
55.88/56.03	['concat', 'substr', 'substr', 'sub']: UNSAT (0.058 seconds)
56.01/56.09	['concat', 'substr', 'add', 'add']: UNSAT (0.043 seconds)
56.01/56.13	['concat', 'substr', 'add', 'sub']: UNSAT (0.040 seconds)
56.12/56.17	['concat', 'substr', 'sub', 'sub']: UNSAT (0.039 seconds)
56.18/56.21	['concat', 'add', 'add', 'add']: UNSAT (0.035 seconds)
56.18/56.25	['concat', 'add', 'add', 'sub']: UNSAT (0.037 seconds)
56.18/56.28	['concat', 'add', 'sub', 'sub']: UNSAT (0.035 seconds)
56.28/56.32	['concat', 'sub', 'sub', 'sub']: UNSAT (0.038 seconds)
56.28/56.36	['index', 'index', 'index', 'index']: UNSAT (0.050 seconds)
56.38/56.41	['index', 'index', 'index', 'length']: UNSAT (0.042 seconds)
56.38/56.45	['index', 'index', 'index', 'substr']: UNSAT (0.055 seconds)
56.48/56.51	['index', 'index', 'index', 'add']: UNSAT (0.044 seconds)
56.48/56.55	['index', 'index', 'index', 'sub']: UNSAT (0.044 seconds)
56.58/56.60	['index', 'index', 'length', 'length']: UNSAT (0.035 seconds)
56.58/56.63	['index', 'index', 'length', 'substr']: UNSAT (0.045 seconds)
56.58/56.68	['index', 'index', 'length', 'add']: UNSAT (0.037 seconds)
56.68/56.72	['index', 'index', 'length', 'sub']: UNSAT (0.036 seconds)
56.68/56.75	['index', 'index', 'substr', 'substr']: UNSAT (0.076 seconds)
56.78/56.83	['index', 'index', 'substr', 'add']: UNSAT (0.061 seconds)
56.78/56.89	['index', 'index', 'substr', 'sub']: UNSAT (0.076 seconds)
56.88/56.97	['index', 'index', 'add', 'add']: UNSAT (0.043 seconds)
56.88/57.01	['index', 'index', 'add', 'sub']: UNSAT (0.043 seconds)
57.01/57.05	['index', 'index', 'sub', 'sub']: UNSAT (0.043 seconds)
57.01/57.10	['index', 'length', 'length', 'length']: UNSAT (0.028 seconds)
57.01/57.13	['index', 'length', 'length', 'substr']: UNSAT (0.063 seconds)
57.12/57.19	['index', 'length', 'length', 'add']: UNSAT (0.030 seconds)
57.18/57.22	['index', 'length', 'length', 'sub']: UNSAT (0.029 seconds)
57.18/57.25	['index', 'length', 'substr', 'substr']: UNSAT (0.068 seconds)
57.28/57.32	['index', 'length', 'substr', 'add']: UNSAT (0.049 seconds)
57.28/57.37	['index', 'length', 'substr', 'sub']: UNSAT (0.047 seconds)
57.38/57.42	['index', 'length', 'add', 'add']: UNSAT (0.035 seconds)
57.38/57.45	['index', 'length', 'add', 'sub']: UNSAT (0.034 seconds)
57.38/57.49	['index', 'length', 'sub', 'sub']: UNSAT (0.034 seconds)
57.48/57.52	['index', 'substr', 'substr', 'substr']: UNSAT (0.147 seconds)
57.58/57.67	['index', 'substr', 'substr', 'add']: UNSAT (0.114 seconds)
57.68/57.78	['index', 'substr', 'substr', 'sub']: UNSAT (0.073 seconds)
57.78/57.86	['index', 'substr', 'add', 'add']: UNSAT (0.057 seconds)
57.88/57.91	['index', 'substr', 'add', 'sub']: UNSAT (0.057 seconds)
57.88/57.97	['index', 'substr', 'sub', 'sub']: UNSAT (0.056 seconds)
57.88/58.03	['index', 'add', 'add', 'add']: UNSAT (0.043 seconds)
58.01/58.07	['index', 'add', 'add', 'sub']: UNSAT (0.045 seconds)
58.01/58.12	['index', 'add', 'sub', 'sub']: UNSAT (0.043 seconds)
58.12/58.16	['index', 'sub', 'sub', 'sub']: UNSAT (0.044 seconds)
58.18/58.21	['length', 'length', 'length', 'length']: UNSAT (0.025 seconds)
58.18/58.23	['length', 'length', 'length', 'substr']: UNSAT (0.029 seconds)
58.18/58.26	['length', 'length', 'length', 'add']: UNSAT (0.025 seconds)
58.18/58.29	['length', 'length', 'length', 'sub']: UNSAT (0.026 seconds)
58.28/58.31	['length', 'length', 'substr', 'substr']: UNSAT (0.063 seconds)
58.28/58.38	['length', 'length', 'substr', 'add']: UNSAT (0.040 seconds)
58.38/58.42	['length', 'length', 'substr', 'sub']: UNSAT (0.040 seconds)
58.38/58.46	['length', 'length', 'add', 'add']: UNSAT (0.029 seconds)
58.38/58.49	['length', 'length', 'add', 'sub']: UNSAT (0.028 seconds)
58.48/58.52	['length', 'length', 'sub', 'sub']: UNSAT (0.028 seconds)
58.48/58.54	['length', 'substr', 'substr', 'substr']: UNSAT (0.060 seconds)
58.58/58.61	['length', 'substr', 'substr', 'add']: UNSAT (0.042 seconds)
58.58/58.65	['length', 'substr', 'substr', 'sub']: UNSAT (0.044 seconds)
58.58/58.69	['length', 'substr', 'add', 'add']: UNSAT (0.035 seconds)
58.68/58.73	['length', 'substr', 'add', 'sub']: UNSAT (0.036 seconds)
58.68/58.77	['length', 'substr', 'sub', 'sub']: UNSAT (0.038 seconds)
58.78/58.80	['length', 'add', 'add', 'add']: UNSAT (0.038 seconds)
58.78/58.84	['length', 'add', 'add', 'sub']: UNSAT (0.039 seconds)
58.78/58.88	['length', 'add', 'sub', 'sub']: UNSAT (0.040 seconds)
58.88/58.92	['length', 'sub', 'sub', 'sub']: UNSAT (0.031 seconds)
58.88/58.96	['substr', 'substr', 'substr', 'substr']: UNSAT (0.052 seconds)
58.88/59.01	['substr', 'substr', 'substr', 'add']: UNSAT (0.046 seconds)
59.02/59.05	['substr', 'substr', 'substr', 'sub']: UNSAT (0.046 seconds)
59.02/59.10	['substr', 'substr', 'add', 'add']: UNSAT (0.042 seconds)
59.02/59.14	['substr', 'substr', 'add', 'sub']: UNSAT (0.043 seconds)
59.14/59.19	['substr', 'substr', 'sub', 'sub']: UNSAT (0.042 seconds)
59.18/59.23	['substr', 'add', 'add', 'add']: UNSAT (0.038 seconds)
59.18/59.27	['substr', 'add', 'add', 'sub']: UNSAT (0.038 seconds)
59.28/59.31	['substr', 'add', 'sub', 'sub']: UNSAT (0.038 seconds)
59.28/59.34	['substr', 'sub', 'sub', 'sub']: UNSAT (0.038 seconds)
59.28/59.38	['add', 'add', 'add', 'add']: UNSAT (0.041 seconds)
59.38/59.42	['add', 'add', 'add', 'sub']: UNSAT (0.041 seconds)
59.38/59.47	['add', 'add', 'sub', 'sub']: UNSAT (0.037 seconds)
59.48/59.50	['add', 'sub', 'sub', 'sub']: UNSAT (0.038 seconds)
59.48/59.54	['sub', 'sub', 'sub', 'sub']: UNSAT (0.038 seconds)
59.48/59.58	['concat', 'concat', 'concat', 'concat', 'concat']: UNKNOWN (68.700 seconds)
128.19/128.28	Reason: smt tactic failed to show goal to be sat/unsat max-conflicts-reached
128.19/128.28	Reason: smt tactic failed to show goal to be sat/unsat max-conflicts-reached
128.19/128.28	['concat', 'concat', 'concat', 'concat', 'index']: UNSAT (0.057 seconds)
128.29/128.34	['concat', 'concat', 'concat', 'concat', 'length']: UNSAT (0.049 seconds)
128.29/128.39	['concat', 'concat', 'concat', 'concat', 'substr']: UNKNOWN (46.378 seconds)
174.68/174.77	Reason: smt tactic failed to show goal to be sat/unsat max-conflicts-reached
174.68/174.77	Reason: smt tactic failed to show goal to be sat/unsat max-conflicts-reached
174.68/174.77	['concat', 'concat', 'concat', 'concat', 'add']: UNSAT (0.049 seconds)
174.79/174.82	['concat', 'concat', 'concat', 'concat', 'sub']: UNSAT (0.049 seconds)
174.79/174.87	['concat', 'concat', 'concat', 'index', 'index']: UNSAT (0.058 seconds)
174.89/174.93	['concat', 'concat', 'concat', 'index', 'length']: UNSAT (0.049 seconds)
174.89/174.98	['concat', 'concat', 'concat', 'index', 'substr']: UNKNOWN (31.768 seconds)
206.68/206.75	Reason: smt tactic failed to show goal to be sat/unsat max-conflicts-reached
206.68/206.75	Reason: smt tactic failed to show goal to be sat/unsat max-conflicts-reached
206.68/206.75	['concat', 'concat', 'concat', 'index', 'add']: UNSAT (0.049 seconds)
206.78/206.80	['concat', 'concat', 'concat', 'index', 'sub']: UNSAT (0.049 seconds)
206.78/206.85	['concat', 'concat', 'concat', 'length', 'length']: UNSAT (0.041 seconds)
206.78/206.89	['concat', 'concat', 'concat', 'length', 'substr']: UNKNOWN (28.334 seconds)
235.18/235.22	Reason: smt tactic failed to show goal to be sat/unsat max-conflicts-reached
235.18/235.22	Reason: smt tactic failed to show goal to be sat/unsat max-conflicts-reached
235.18/235.22	['concat', 'concat', 'concat', 'length', 'add']: UNSAT (0.041 seconds)
235.18/235.26	['concat', 'concat', 'concat', 'length', 'sub']: UNSAT (0.041 seconds)
235.28/235.31	['concat', 'concat', 'concat', 'substr', 'substr']: UNKNOWN (23.543 seconds)
258.78/258.85	Reason: smt tactic failed to show goal to be sat/unsat max-conflicts-reached
258.78/258.85	Reason: smt tactic failed to show goal to be sat/unsat max-conflicts-reached
258.78/258.85	['concat', 'concat', 'concat', 'substr', 'add']: UNKNOWN (19.781 seconds)
278.58/278.63	Reason: smt tactic failed to show goal to be sat/unsat max-conflicts-reached
278.58/278.63	Reason: smt tactic failed to show goal to be sat/unsat max-conflicts-reached
278.58/278.63	['concat', 'concat', 'concat', 'substr', 'sub']: UNKNOWN (26.223 seconds)
304.78/304.85	Reason: smt tactic failed to show goal to be sat/unsat max-conflicts-reached
304.78/304.85	Reason: smt tactic failed to show goal to be sat/unsat max-conflicts-reached
304.78/304.85	['concat', 'concat', 'concat', 'add', 'add']: UNSAT (0.044 seconds)
304.88/304.90	['concat', 'concat', 'concat', 'add', 'sub']: UNSAT (0.043 seconds)
304.88/304.94	['concat', 'concat', 'concat', 'sub', 'sub']: UNSAT (0.044 seconds)
304.88/304.99	['concat', 'concat', 'index', 'index', 'index']: UNSAT (0.060 seconds)
305.00/305.05	['concat', 'concat', 'index', 'index', 'length']: UNSAT (0.050 seconds)
305.00/305.10	['concat', 'concat', 'index', 'index', 'substr']: UNSAT (5.437 seconds)
310.48/310.54	['concat', 'concat', 'index', 'index', 'add']: UNSAT (0.053 seconds)
310.48/310.59	['concat', 'concat', 'index', 'index', 'sub']: UNSAT (0.055 seconds)
310.58/310.65	['concat', 'concat', 'index', 'length', 'length']: UNSAT (0.043 seconds)
310.58/310.69	['concat', 'concat', 'index', 'length', 'substr']: UNSAT (3.453 seconds)
314.12/314.14	['concat', 'concat', 'index', 'length', 'add']: UNSAT (0.044 seconds)
314.12/314.19	['concat', 'concat', 'index', 'length', 'sub']: UNSAT (0.044 seconds)
314.18/314.23	['concat', 'concat', 'index', 'substr', 'substr']: UNKNOWN (17.055 seconds)
331.18/331.29	Reason: smt tactic failed to show goal to be sat/unsat max-conflicts-reached
331.18/331.29	Reason: smt tactic failed to show goal to be sat/unsat max-conflicts-reached
331.18/331.29	['concat', 'concat', 'index', 'substr', 'add']: UNSAT (3.270 seconds)
334.48/334.56	['concat', 'concat', 'index', 'substr', 'sub']: UNSAT (3.079 seconds)
337.58/337.64	['concat', 'concat', 'index', 'add', 'add']: UNSAT (0.047 seconds)
337.58/337.69	['concat', 'concat', 'index', 'add', 'sub']: UNSAT (0.047 seconds)
337.68/337.73	['concat', 'concat', 'index', 'sub', 'sub']: UNSAT (0.047 seconds)
337.68/337.78	['concat', 'concat', 'length', 'length', 'length']: UNSAT (0.036 seconds)
337.78/337.82	['concat', 'concat', 'length', 'length', 'substr']: UNSAT (2.868 seconds)
340.58/340.69	['concat', 'concat', 'length', 'length', 'add']: UNSAT (0.039 seconds)
340.68/340.73	['concat', 'concat', 'length', 'length', 'sub']: UNSAT (0.038 seconds)
340.68/340.76	['concat', 'concat', 'length', 'substr', 'substr']: UNKNOWN (17.342 seconds)
358.01/358.11	Reason: smt tactic failed to show goal to be sat/unsat max-conflicts-reached
358.01/358.11	Reason: smt tactic failed to show goal to be sat/unsat max-conflicts-reached
358.01/358.11	['concat', 'concat', 'length', 'substr', 'add']: UNSAT (2.264 seconds)
360.28/360.37	['concat', 'concat', 'length', 'substr', 'sub']: UNSAT (2.257 seconds)
362.58/362.63	['concat', 'concat', 'length', 'add', 'add']: UNSAT (0.042 seconds)
362.58/362.67	['concat', 'concat', 'length', 'add', 'sub']: UNSAT (0.039 seconds)
362.68/362.71	['concat', 'concat', 'length', 'sub', 'sub']: UNSAT (0.039 seconds)
362.68/362.75	['concat', 'concat', 'substr', 'substr', 'substr']: UNSAT (6.891 seconds)
369.58/369.64	['concat', 'concat', 'substr', 'substr', 'add']: UNSAT (6.132 seconds)
375.68/375.78	['concat', 'concat', 'substr', 'substr', 'sub']: UNSAT (10.148 seconds)
385.88/385.92	['concat', 'concat', 'substr', 'add', 'add']: UNSAT (1.251 seconds)
387.12/387.18	['concat', 'concat', 'substr', 'add', 'sub']: UNSAT (1.095 seconds)
388.18/388.27	['concat', 'concat', 'substr', 'sub', 'sub']: UNSAT (0.976 seconds)
389.18/389.25	['concat', 'concat', 'add', 'add', 'add']: UNSAT (0.044 seconds)
389.18/389.29	['concat', 'concat', 'add', 'add', 'sub']: UNSAT (0.046 seconds)
389.28/389.34	['concat', 'concat', 'add', 'sub', 'sub']: UNSAT (0.044 seconds)
389.28/389.38	['concat', 'concat', 'sub', 'sub', 'sub']: UNSAT (0.044 seconds)
389.38/389.43	['concat', 'index', 'index', 'index', 'index']: UNSAT (0.063 seconds)
389.38/389.49	['concat', 'index', 'index', 'index', 'length']: UNSAT (0.053 seconds)
389.48/389.55	['concat', 'index', 'index', 'index', 'substr']: UNSAT (1.178 seconds)
390.68/390.73	['concat', 'index', 'index', 'index', 'add']: UNSAT (0.058 seconds)
390.68/390.78	['concat', 'index', 'index', 'index', 'sub']: UNSAT (0.058 seconds)
390.78/390.84	['concat', 'index', 'index', 'length', 'length']: UNSAT (0.045 seconds)
390.78/390.89	['concat', 'index', 'index', 'length', 'substr']: UNSAT (0.655 seconds)
391.48/391.54	['concat', 'index', 'index', 'length', 'add']: UNSAT (0.046 seconds)
391.48/391.59	['concat', 'index', 'index', 'length', 'sub']: UNSAT (0.047 seconds)
391.58/391.64	['concat', 'index', 'index', 'substr', 'substr']: UNSAT (1.420 seconds)
393.00/393.06	['concat', 'index', 'index', 'substr', 'add']: UNSAT (0.632 seconds)
393.58/393.69	['concat', 'index', 'index', 'substr', 'sub']: UNSAT (0.422 seconds)
394.00/394.11	['concat', 'index', 'index', 'add', 'add']: UNSAT (0.054 seconds)
394.12/394.17	['concat', 'index', 'index', 'add', 'sub']: UNSAT (0.053 seconds)
394.18/394.22	['concat', 'index', 'index', 'sub', 'sub']: UNSAT (0.053 seconds)
394.18/394.28	['concat', 'index', 'length', 'length', 'length']: UNSAT (0.038 seconds)
394.28/394.31	['concat', 'index', 'length', 'length', 'substr']: UNSAT (0.189 seconds)
394.48/394.50	['concat', 'index', 'length', 'length', 'add']: UNSAT (0.039 seconds)
394.48/394.54	['concat', 'index', 'length', 'length', 'sub']: UNSAT (0.040 seconds)
394.48/394.58	['concat', 'index', 'length', 'substr', 'substr']: UNSAT (1.377 seconds)
395.88/395.96	['concat', 'index', 'length', 'substr', 'add']: UNSAT (0.296 seconds)
396.18/396.26	['concat', 'index', 'length', 'substr', 'sub']: UNSAT (0.424 seconds)
396.58/396.68	['concat', 'index', 'length', 'add', 'add']: UNSAT (0.046 seconds)
396.68/396.73	['concat', 'index', 'length', 'add', 'sub']: UNSAT (0.044 seconds)
396.68/396.78	['concat', 'index', 'length', 'sub', 'sub']: UNSAT (0.046 seconds)
396.78/396.82	['concat', 'index', 'substr', 'substr', 'substr']: UNSAT (3.099 seconds)
399.88/399.92	['concat', 'index', 'substr', 'substr', 'add']: UNSAT (2.505 seconds)
402.38/402.43	['concat', 'index', 'substr', 'substr', 'sub']: UNSAT (1.247 seconds)
403.58/403.67	['concat', 'index', 'substr', 'add', 'add']: UNSAT (0.603 seconds)
404.18/404.28	['concat', 'index', 'substr', 'add', 'sub']: UNSAT (0.289 seconds)
404.48/404.57	['concat', 'index', 'substr', 'sub', 'sub']: UNSAT (0.657 seconds)
405.18/405.23	['concat', 'index', 'add', 'add', 'add']: UNSAT (0.051 seconds)
405.18/405.28	['concat', 'index', 'add', 'add', 'sub']: UNSAT (0.052 seconds)
405.28/405.33	['concat', 'index', 'add', 'sub', 'sub']: UNSAT (0.053 seconds)
405.28/405.38	['concat', 'index', 'sub', 'sub', 'sub']: UNSAT (0.053 seconds)
405.38/405.44	['concat', 'length', 'length', 'length', 'length']: UNSAT (0.031 seconds)
405.38/405.47	['concat', 'length', 'length', 'length', 'substr']: UNSAT (0.037 seconds)
405.48/405.51	['concat', 'length', 'length', 'length', 'add']: UNSAT (0.033 seconds)
405.48/405.54	['concat', 'length', 'length', 'length', 'sub']: UNSAT (0.033 seconds)
405.48/405.57	['concat', 'length', 'length', 'substr', 'substr']: UNSAT (0.857 seconds)
406.38/406.43	['concat', 'length', 'length', 'substr', 'add']: UNSAT (0.154 seconds)
406.48/406.59	['concat', 'length', 'length', 'substr', 'sub']: UNSAT (0.190 seconds)
406.68/406.78	['concat', 'length', 'length', 'add', 'add']: UNSAT (0.037 seconds)
406.78/406.81	['concat', 'length', 'length', 'add', 'sub']: UNSAT (0.036 seconds)
406.78/406.85	['concat', 'length', 'length', 'sub', 'sub']: UNSAT (0.035 seconds)
406.78/406.89	['concat', 'length', 'substr', 'substr', 'substr']: UNSAT (2.759 seconds)
409.58/409.65	['concat', 'length', 'substr', 'substr', 'add']: UNSAT (0.908 seconds)
410.48/410.55	['concat', 'length', 'substr', 'substr', 'sub']: UNSAT (0.934 seconds)
411.38/411.49	['concat', 'length', 'substr', 'add', 'add']: UNSAT (0.186 seconds)
411.58/411.68	['concat', 'length', 'substr', 'add', 'sub']: UNSAT (0.156 seconds)
411.78/411.83	['concat', 'length', 'substr', 'sub', 'sub']: UNSAT (0.298 seconds)
412.00/412.13	['concat', 'length', 'add', 'add', 'add']: UNSAT (0.041 seconds)
412.12/412.17	['concat', 'length', 'add', 'add', 'sub']: UNSAT (0.041 seconds)
412.18/412.21	['concat', 'length', 'add', 'sub', 'sub']: UNSAT (0.042 seconds)
412.18/412.26	['concat', 'length', 'sub', 'sub', 'sub']: UNSAT (0.041 seconds)
412.28/412.30	['concat', 'substr', 'substr', 'substr', 'substr']: UNSAT (0.399 seconds)
412.68/412.70	['concat', 'substr', 'substr', 'substr', 'add']: UNSAT (0.141 seconds)
412.78/412.84	['concat', 'substr', 'substr', 'substr', 'sub']: UNSAT (0.149 seconds)
412.88/412.99	['concat', 'substr', 'substr', 'add', 'add']: UNSAT (0.079 seconds)
413.00/413.07	['concat', 'substr', 'substr', 'add', 'sub']: UNSAT (0.072 seconds)
413.12/413.14	['concat', 'substr', 'substr', 'sub', 'sub']: UNSAT (0.071 seconds)
413.18/413.21	['concat', 'substr', 'add', 'add', 'add']: UNSAT (0.067 seconds)
413.18/413.28	['concat', 'substr', 'add', 'add', 'sub']: UNSAT (0.051 seconds)
413.28/413.33	['concat', 'substr', 'add', 'sub', 'sub']: UNSAT (0.051 seconds)
413.28/413.38	['concat', 'substr', 'sub', 'sub', 'sub']: UNSAT (0.052 seconds)
413.38/413.44	['concat', 'add', 'add', 'add', 'add']: UNSAT (0.057 seconds)
413.38/413.49	['concat', 'add', 'add', 'add', 'sub']: UNSAT (0.052 seconds)
413.48/413.55	['concat', 'add', 'add', 'sub', 'sub']: UNSAT (0.054 seconds)
413.58/413.60	['concat', 'add', 'sub', 'sub', 'sub']: UNSAT (0.057 seconds)
413.58/413.66	['concat', 'sub', 'sub', 'sub', 'sub']: UNSAT (0.055 seconds)
413.68/413.72	['index', 'index', 'index', 'index', 'index']: UNSAT (0.069 seconds)
413.68/413.79	['index', 'index', 'index', 'index', 'length']: UNSAT (0.056 seconds)
413.78/413.84	['index', 'index', 'index', 'index', 'substr']: UNSAT (0.105 seconds)
413.88/413.95	['index', 'index', 'index', 'index', 'add']: UNSAT (0.065 seconds)
413.88/414.01	['index', 'index', 'index', 'index', 'sub']: UNSAT (0.063 seconds)
414.00/414.08	['index', 'index', 'index', 'length', 'length']: UNSAT (0.047 seconds)
414.00/414.13	['index', 'index', 'index', 'length', 'substr']: UNSAT (0.078 seconds)
414.18/414.20	['index', 'index', 'index', 'length', 'add']: UNSAT (0.052 seconds)
414.18/414.26	['index', 'index', 'index', 'length', 'sub']: UNSAT (0.052 seconds)
414.28/414.31	['index', 'index', 'index', 'substr', 'substr']: UNSAT (0.305 seconds)
414.58/414.62	['index', 'index', 'index', 'substr', 'add']: UNSAT (0.097 seconds)
414.68/414.72	['index', 'index', 'index', 'substr', 'sub']: UNSAT (0.098 seconds)
414.78/414.81	['index', 'index', 'index', 'add', 'add']: UNSAT (0.061 seconds)
414.78/414.88	['index', 'index', 'index', 'add', 'sub']: UNSAT (0.062 seconds)
414.88/414.94	['index', 'index', 'index', 'sub', 'sub']: UNSAT (0.062 seconds)
414.88/415.00	['index', 'index', 'length', 'length', 'length']: UNSAT (0.040 seconds)
415.00/415.04	['index', 'index', 'length', 'length', 'substr']: UNSAT (0.063 seconds)
415.00/415.11	['index', 'index', 'length', 'length', 'add']: UNSAT (0.043 seconds)
415.12/415.15	['index', 'index', 'length', 'length', 'sub']: UNSAT (0.042 seconds)
415.12/415.19	['index', 'index', 'length', 'substr', 'substr']: UNSAT (0.113 seconds)
415.28/415.31	['index', 'index', 'length', 'substr', 'add']: UNSAT (0.079 seconds)
415.28/415.38	['index', 'index', 'length', 'substr', 'sub']: UNSAT (0.084 seconds)
415.38/415.47	['index', 'index', 'length', 'add', 'add']: UNSAT (0.050 seconds)
415.48/415.52	['index', 'index', 'length', 'add', 'sub']: UNSAT (0.050 seconds)
415.48/415.57	['index', 'index', 'length', 'sub', 'sub']: UNSAT (0.049 seconds)
415.58/415.62	['index', 'index', 'substr', 'substr', 'substr']: UNSAT (0.602 seconds)
416.18/416.22	['index', 'index', 'substr', 'substr', 'add']: UNSAT (0.227 seconds)
416.38/416.45	['index', 'index', 'substr', 'substr', 'sub']: UNSAT (0.124 seconds)
416.48/416.58	['index', 'index', 'substr', 'add', 'add']: UNSAT (0.085 seconds)
416.58/416.66	['index', 'index', 'substr', 'add', 'sub']: UNSAT (0.090 seconds)
416.68/416.75	['index', 'index', 'substr', 'sub', 'sub']: UNSAT (0.089 seconds)
416.78/416.84	['index', 'index', 'add', 'add', 'add']: UNSAT (0.062 seconds)
416.88/416.91	['index', 'index', 'add', 'add', 'sub']: UNSAT (0.061 seconds)
416.88/416.97	['index', 'index', 'add', 'sub', 'sub']: UNSAT (0.066 seconds)
416.88/417.04	['index', 'index', 'sub', 'sub', 'sub']: UNSAT (0.062 seconds)
417.00/417.10	['index', 'length', 'length', 'length', 'length']: UNSAT (0.033 seconds)
417.00/417.13	['index', 'length', 'length', 'length', 'substr']: UNSAT (0.042 seconds)
417.12/417.17	['index', 'length', 'length', 'length', 'add']: UNSAT (0.036 seconds)
417.18/417.21	['index', 'length', 'length', 'length', 'sub']: UNSAT (0.036 seconds)
417.18/417.25	['index', 'length', 'length', 'substr', 'substr']: UNSAT (0.125 seconds)
417.28/417.37	['index', 'length', 'length', 'substr', 'add']: UNSAT (0.065 seconds)
417.38/417.44	['index', 'length', 'length', 'substr', 'sub']: UNSAT (0.071 seconds)
417.48/417.51	['index', 'length', 'length', 'add', 'add']: UNSAT (0.042 seconds)
417.48/417.55	['index', 'length', 'length', 'add', 'sub']: UNSAT (0.040 seconds)
417.48/417.59	['index', 'length', 'length', 'sub', 'sub']: UNSAT (0.040 seconds)
417.58/417.64	['index', 'length', 'substr', 'substr', 'substr']: UNSAT (0.281 seconds)
417.88/417.92	['index', 'length', 'substr', 'substr', 'add']: UNSAT (0.147 seconds)
418.00/418.06	['index', 'length', 'substr', 'substr', 'sub']: UNSAT (0.126 seconds)
418.12/418.19	['index', 'length', 'substr', 'add', 'add']: UNSAT (0.074 seconds)
418.18/418.27	['index', 'length', 'substr', 'add', 'sub']: UNSAT (0.075 seconds)
418.28/418.34	['index', 'length', 'substr', 'sub', 'sub']: UNSAT (0.089 seconds)
418.38/418.43	['index', 'length', 'add', 'add', 'add']: UNSAT (0.054 seconds)
418.38/418.49	['index', 'length', 'add', 'add', 'sub']: UNSAT (0.051 seconds)
418.48/418.54	['index', 'length', 'add', 'sub', 'sub']: UNSAT (0.053 seconds)
418.48/418.59	['index', 'length', 'sub', 'sub', 'sub']: UNSAT (0.052 seconds)
418.58/418.64	['index', 'substr', 'substr', 'substr', 'substr']: UNSAT (0.440 seconds)
419.00/419.09	['index', 'substr', 'substr', 'substr', 'add']: UNSAT (0.293 seconds)
419.28/419.38	['index', 'substr', 'substr', 'substr', 'sub']: UNSAT (0.292 seconds)
419.58/419.67	['index', 'substr', 'substr', 'add', 'add']: UNSAT (0.154 seconds)
419.78/419.83	['index', 'substr', 'substr', 'add', 'sub']: UNSAT (0.122 seconds)
419.88/419.95	['index', 'substr', 'substr', 'sub', 'sub']: UNSAT (0.113 seconds)
420.00/420.06	['index', 'substr', 'add', 'add', 'add']: UNSAT (0.094 seconds)
420.12/420.16	['index', 'substr', 'add', 'add', 'sub']: UNSAT (0.089 seconds)
420.18/420.25	['index', 'substr', 'add', 'sub', 'sub']: UNSAT (0.091 seconds)
420.28/420.34	['index', 'substr', 'sub', 'sub', 'sub']: UNSAT (0.088 seconds)
420.38/420.43	['index', 'add', 'add', 'add', 'add']: UNSAT (0.065 seconds)
420.38/420.49	['index', 'add', 'add', 'add', 'sub']: UNSAT (0.063 seconds)
420.48/420.56	['index', 'add', 'add', 'sub', 'sub']: UNSAT (0.068 seconds)
420.58/420.63	['index', 'add', 'sub', 'sub', 'sub']: UNSAT (0.062 seconds)
420.58/420.69	['index', 'sub', 'sub', 'sub', 'sub']: UNSAT (0.061 seconds)
420.68/420.75	['length', 'length', 'length', 'length', 'length']: UNSAT (0.027 seconds)
420.68/420.78	['length', 'length', 'length', 'length', 'substr']: UNSAT (0.033 seconds)
420.78/420.81	['length', 'length', 'length', 'length', 'add']: UNSAT (0.029 seconds)
420.78/420.84	['length', 'length', 'length', 'length', 'sub']: UNSAT (0.029 seconds)
420.78/420.87	['length', 'length', 'length', 'substr', 'substr']: UNSAT (0.101 seconds)
420.88/420.97	['length', 'length', 'length', 'substr', 'add']: UNSAT (0.053 seconds)
420.88/421.03	['length', 'length', 'length', 'substr', 'sub']: UNSAT (0.052 seconds)
421.00/421.08	['length', 'length', 'length', 'add', 'add']: UNSAT (0.034 seconds)
421.00/421.11	['length', 'length', 'length', 'add', 'sub']: UNSAT (0.032 seconds)
421.12/421.15	['length', 'length', 'length', 'sub', 'sub']: UNSAT (0.032 seconds)
421.12/421.18	['length', 'length', 'substr', 'substr', 'substr']: UNSAT (0.237 seconds)
421.38/421.42	['length', 'length', 'substr', 'substr', 'add']: UNSAT (0.113 seconds)
421.48/421.53	['length', 'length', 'substr', 'substr', 'sub']: UNSAT (0.123 seconds)
421.58/421.65	['length', 'length', 'substr', 'add', 'add']: UNSAT (0.068 seconds)
421.68/421.72	['length', 'length', 'substr', 'add', 'sub']: UNSAT (0.065 seconds)
421.68/421.79	['length', 'length', 'substr', 'sub', 'sub']: UNSAT (0.067 seconds)
421.78/421.86	['length', 'length', 'add', 'add', 'add']: UNSAT (0.039 seconds)
421.88/421.90	['length', 'length', 'add', 'add', 'sub']: UNSAT (0.039 seconds)
421.88/421.94	['length', 'length', 'add', 'sub', 'sub']: UNSAT (0.038 seconds)
421.88/421.97	['length', 'length', 'sub', 'sub', 'sub']: UNSAT (0.039 seconds)
421.88/422.01	['length', 'substr', 'substr', 'substr', 'substr']: UNSAT (0.157 seconds)
422.12/422.17	['length', 'substr', 'substr', 'substr', 'add']: UNSAT (0.082 seconds)
422.18/422.25	['length', 'substr', 'substr', 'substr', 'sub']: UNSAT (0.073 seconds)
422.28/422.33	['length', 'substr', 'substr', 'add', 'add']: UNSAT (0.053 seconds)
422.28/422.38	['length', 'substr', 'substr', 'add', 'sub']: UNSAT (0.053 seconds)
422.38/422.44	['length', 'substr', 'substr', 'sub', 'sub']: UNSAT (0.062 seconds)
422.48/422.50	['length', 'substr', 'add', 'add', 'add']: UNSAT (0.051 seconds)
422.48/422.55	['length', 'substr', 'add', 'add', 'sub']: UNSAT (0.049 seconds)
422.58/422.60	['length', 'substr', 'add', 'sub', 'sub']: UNSAT (0.048 seconds)
422.58/422.65	['length', 'substr', 'sub', 'sub', 'sub']: UNSAT (0.046 seconds)
422.58/422.69	['length', 'add', 'add', 'add', 'add']: UNSAT (0.041 seconds)
422.68/422.74	['length', 'add', 'add', 'add', 'sub']: UNSAT (0.041 seconds)
422.68/422.78	['length', 'add', 'add', 'sub', 'sub']: UNSAT (0.042 seconds)
422.78/422.82	['length', 'add', 'sub', 'sub', 'sub']: UNSAT (0.042 seconds)
422.78/422.86	['length', 'sub', 'sub', 'sub', 'sub']: UNSAT (0.041 seconds)
422.88/422.91	['substr', 'substr', 'substr', 'substr', 'substr']: UNSAT (0.087 seconds)
422.88/422.99	['substr', 'substr', 'substr', 'substr', 'add']: UNSAT (0.069 seconds)
423.00/423.06	['substr', 'substr', 'substr', 'substr', 'sub']: UNSAT (0.069 seconds)
423.00/423.13	['substr', 'substr', 'substr', 'add', 'add']: UNSAT (0.058 seconds)
423.12/423.19	['substr', 'substr', 'substr', 'add', 'sub']: UNSAT (0.058 seconds)
423.18/423.25	['substr', 'substr', 'substr', 'sub', 'sub']: UNSAT (0.060 seconds)
423.28/423.31	['substr', 'substr', 'add', 'add', 'add']: UNSAT (0.055 seconds)
423.28/423.37	['substr', 'substr', 'add', 'add', 'sub']: UNSAT (0.055 seconds)
423.38/423.42	['substr', 'substr', 'add', 'sub', 'sub']: UNSAT (0.057 seconds)
423.38/423.48	['substr', 'substr', 'sub', 'sub', 'sub']: UNSAT (0.055 seconds)
423.48/423.54	['substr', 'add', 'add', 'add', 'add']: UNSAT (0.050 seconds)
423.48/423.59	['substr', 'add', 'add', 'add', 'sub']: UNSAT (0.055 seconds)
423.58/423.64	['substr', 'add', 'add', 'sub', 'sub']: UNSAT (0.051 seconds)
423.58/423.70	['substr', 'add', 'sub', 'sub', 'sub']: UNSAT (0.050 seconds)
423.68/423.75	['substr', 'sub', 'sub', 'sub', 'sub']: UNSAT (0.050 seconds)
423.78/423.80	['add', 'add', 'add', 'add', 'add']: UNSAT (0.049 seconds)
423.78/423.85	['add', 'add', 'add', 'add', 'sub']: UNSAT (0.049 seconds)
423.78/423.90	['add', 'add', 'add', 'sub', 'sub']: UNSAT (0.049 seconds)
423.88/423.95	['add', 'add', 'sub', 'sub', 'sub']: UNSAT (0.049 seconds)
423.88/424.00	['add', 'sub', 'sub', 'sub', 'sub']: UNSAT (0.049 seconds)
424.00/424.05	['sub', 'sub', 'sub', 'sub', 'sub']: UNSAT (0.050 seconds)
424.00/424.10	['concat', 'concat', 'concat', 'concat', 'concat', 'concat']: UNKNOWN (103.473 seconds)
527.48/527.57	Reason: smt tactic failed to show goal to be sat/unsat max-conflicts-reached
527.48/527.57	Reason: smt tactic failed to show goal to be sat/unsat max-conflicts-reached
527.48/527.57	['concat', 'concat', 'concat', 'concat', 'concat', 'index']: UNSAT (0.072 seconds)
527.58/527.64	['concat', 'concat', 'concat', 'concat', 'concat', 'length']: UNSAT (0.062 seconds)
527.68/527.70	['concat', 'concat', 'concat', 'concat', 'concat', 'substr']: 