0.11/0.20	=== Examples (../../dataset/examples/examples-85.json)
0.11/0.20	IO(inputs=('aenean aliquam turpis duis.',), output='Aenean aliquam turpi')
0.11/0.20	=== Library
0.11/0.20	concat
0.11/0.20	index
0.11/0.20	length
0.11/0.20	substr
0.11/0.20	add
0.11/0.20	sub
0.11/0.20	=== Synthesis
0.11/0.20	['concat']: UNSAT (0.022 seconds)
0.11/0.22	['index']: UNSAT (0.021 seconds)
0.11/0.24	['length']: UNSAT (0.018 seconds)
0.11/0.26	['substr']: UNSAT (0.023 seconds)
0.25/0.28	['add']: UNSAT (0.019 seconds)
0.25/0.30	['sub']: UNSAT (0.020 seconds)
0.25/0.32	['concat', 'concat']: UNSAT (0.036 seconds)
0.25/0.36	['concat', 'index']: UNSAT (0.030 seconds)
0.25/0.39	['concat', 'length']: UNSAT (0.025 seconds)
0.37/0.42	['concat', 'substr']: UNSAT (0.060 seconds)
0.37/0.48	['concat', 'add']: UNSAT (0.026 seconds)
0.37/0.50	['concat', 'sub']: UNSAT (0.026 seconds)
0.48/0.53	['index', 'index']: UNSAT (0.032 seconds)
0.48/0.56	['index', 'length']: UNSAT (0.025 seconds)
0.56/0.59	['index', 'substr']: UNSAT (0.121 seconds)
0.69/0.71	['index', 'add']: UNSAT (0.022 seconds)
0.69/0.74	['index', 'sub']: UNSAT (0.023 seconds)
0.69/0.76	['length', 'length']: UNSAT (0.018 seconds)
0.69/0.78	['length', 'substr']: UNSAT (0.035 seconds)
0.79/0.81	['length', 'add']: UNSAT (0.018 seconds)
0.79/0.83	['length', 'sub']: UNSAT (0.018 seconds)
0.79/0.85	['substr', 'substr']: UNSAT (0.027 seconds)
0.79/0.88	['substr', 'add']: UNSAT (0.023 seconds)
0.89/0.90	['substr', 'sub']: UNSAT (0.026 seconds)
0.89/0.93	['add', 'add']: UNSAT (0.022 seconds)
0.89/0.95	['add', 'sub']: UNSAT (0.023 seconds)
0.89/0.97	['sub', 'sub']: UNSAT (0.021 seconds)
0.89/1.00	['concat', 'concat', 'concat']: UNSAT (0.083 seconds)
1.01/1.08	['concat', 'concat', 'index']: UNSAT (0.031 seconds)
1.01/1.11	['concat', 'concat', 'length']: UNSAT (0.026 seconds)
1.01/1.14	['concat', 'concat', 'substr']: UNSAT (1.908 seconds)
2.89/3.05	['concat', 'concat', 'add']: UNSAT (0.027 seconds)
3.01/3.08	['concat', 'concat', 'sub']: UNSAT (0.027 seconds)
3.01/3.10	['concat', 'index', 'index']: UNSAT (0.033 seconds)
3.01/3.14	['concat', 'index', 'length']: UNSAT (0.029 seconds)
3.01/3.17	['concat', 'index', 'substr']: UNSAT (4.196 seconds)
7.29/7.36	['concat', 'index', 'add']: UNSAT (0.028 seconds)
7.29/7.39	['concat', 'index', 'sub']: UNSAT (0.030 seconds)
7.39/7.42	['concat', 'length', 'length']: UNSAT (0.024 seconds)
7.39/7.45	['concat', 'length', 'substr']: SAT (0.330 seconds)
7.69/7.78	concat('Aenea', substr(arg0, length('Aenea'), 15))
