0.13/0.20	=== Examples (../../dataset/examples/examples-38.json)
0.13/0.20	IO(inputs=('should not be spaced',), output='<span id=should_not_be_spaced > ')
0.13/0.20	=== Library
0.13/0.20	concat
0.13/0.20	index
0.13/0.20	length
0.13/0.20	substr
0.13/0.20	add
0.13/0.20	sub
0.13/0.20	=== Synthesis
0.13/0.20	['concat']: UNSAT (0.023 seconds)
0.13/0.22	['index']: UNSAT (0.021 seconds)
0.13/0.25	['length']: UNSAT (0.017 seconds)
0.13/0.26	['substr']: UNSAT (0.023 seconds)
0.27/0.29	['add']: UNSAT (0.019 seconds)
0.27/0.31	['sub']: UNSAT (0.019 seconds)
0.27/0.33	['concat', 'concat']: UNSAT (0.048 seconds)
0.27/0.38	['concat', 'index']: UNSAT (0.031 seconds)
0.37/0.41	['concat', 'length']: UNSAT (0.025 seconds)
0.37/0.43	['concat', 'substr']: UNSAT (0.036 seconds)
0.37/0.47	['concat', 'add']: UNSAT (0.028 seconds)
0.47/0.50	['concat', 'sub']: UNSAT (0.027 seconds)
0.47/0.53	['index', 'index']: UNSAT (0.033 seconds)
0.47/0.56	['index', 'length']: UNSAT (0.026 seconds)
0.47/0.59	['index', 'substr']: UNSAT (0.036 seconds)
0.60/0.62	['index', 'add']: UNSAT (0.025 seconds)
0.60/0.65	['index', 'sub']: UNSAT (0.023 seconds)
0.66/0.67	['length', 'length']: UNSAT (0.017 seconds)
0.66/0.69	['length', 'substr']: UNSAT (0.023 seconds)
0.69/0.71	['length', 'add']: UNSAT (0.019 seconds)
0.69/0.73	['length', 'sub']: UNSAT (0.019 seconds)
0.69/0.75	['substr', 'substr']: UNSAT (0.028 seconds)
0.69/0.78	['substr', 'add']: UNSAT (0.025 seconds)
0.79/0.81	['substr', 'sub']: UNSAT (0.025 seconds)
0.79/0.83	['add', 'add']: UNSAT (0.022 seconds)
0.79/0.85	['add', 'sub']: UNSAT (0.022 seconds)
0.79/0.88	['sub', 'sub']: UNSAT (0.021 seconds)
0.89/0.90	['concat', 'concat', 'concat']: UNSAT (0.325 seconds)
1.19/1.22	['concat', 'concat', 'index']: UNSAT (0.032 seconds)
1.19/1.26	['concat', 'concat', 'length']: UNSAT (0.029 seconds)
1.19/1.29	['concat', 'concat', 'substr']: UNSAT (0.631 seconds)
1.89/1.92	['concat', 'concat', 'add']: UNSAT (0.048 seconds)
1.89/1.97	['concat', 'concat', 'sub']: UNSAT (0.048 seconds)
1.89/2.02	['concat', 'index', 'index']: UNSAT (0.046 seconds)
2.02/2.06	['concat', 'index', 'length']: UNSAT (0.036 seconds)
2.02/2.10	['concat', 'index', 'substr']: UNSAT (0.136 seconds)
2.19/2.24	['concat', 'index', 'add']: UNSAT (0.038 seconds)
2.19/2.28	['concat', 'index', 'sub']: UNSAT (0.039 seconds)
2.29/2.32	['concat', 'length', 'length']: UNSAT (0.040 seconds)
2.29/2.36	['concat', 'length', 'substr']: UNSAT (0.125 seconds)
2.39/2.48	['concat', 'length', 'add']: UNSAT (0.033 seconds)
2.49/2.52	['concat', 'length', 'sub']: UNSAT (0.032 seconds)
2.49/2.55	['concat', 'substr', 'substr']: UNSAT (0.093 seconds)
2.59/2.65	['concat', 'substr', 'add']: UNSAT (0.062 seconds)
2.69/2.71	['concat', 'substr', 'sub']: UNSAT (0.081 seconds)
2.69/2.79	['concat', 'add', 'add']: UNSAT (0.036 seconds)
2.79/2.83	['concat', 'add', 'sub']: UNSAT (0.036 seconds)
2.79/2.86	['concat', 'sub', 'sub']: UNSAT (0.035 seconds)
2.89/2.90	['index', 'index', 'index']: UNSAT (0.047 seconds)
2.89/2.95	['index', 'index', 'length']: UNSAT (0.040 seconds)
2.89/2.99	['index', 'index', 'substr']: UNSAT (0.072 seconds)
3.02/3.06	['index', 'index', 'add']: UNSAT (0.032 seconds)
3.02/3.09	['index', 'index', 'sub']: UNSAT (0.032 seconds)
3.02/3.13	['index', 'length', 'length']: UNSAT (0.025 seconds)
3.13/3.15	['index', 'length', 'substr']: UNSAT (0.035 seconds)
3.13/3.19	['index', 'length', 'add']: UNSAT (0.025 seconds)
3.19/3.21	['index', 'length', 'sub']: UNSAT (0.026 seconds)
3.19/3.24	['index', 'substr', 'substr']: UNSAT (0.079 seconds)
3.29/3.32	['index', 'substr', 'add']: UNSAT (0.043 seconds)
3.29/3.37	['index', 'substr', 'sub']: UNSAT (0.044 seconds)
3.39/3.41	['index', 'add', 'add']: UNSAT (0.034 seconds)
3.39/3.45	['index', 'add', 'sub']: UNSAT (0.032 seconds)
3.39/3.48	['index', 'sub', 'sub']: UNSAT (0.031 seconds)
3.49/3.51	['length', 'length', 'length']: UNSAT (0.021 seconds)
3.49/3.53	['length', 'length', 'substr']: UNSAT (0.027 seconds)
3.49/3.56	['length', 'length', 'add']: UNSAT (0.022 seconds)
3.49/3.58	['length', 'length', 'sub']: UNSAT (0.022 seconds)
3.59/3.60	['length', 'substr', 'substr']: UNSAT (0.039 seconds)
3.59/3.64	['length', 'substr', 'add']: UNSAT (0.034 seconds)
3.59/3.68	['length', 'substr', 'sub']: UNSAT (0.031 seconds)
3.69/3.71	['length', 'add', 'add']: UNSAT (0.025 seconds)
3.69/3.74	['length', 'add', 'sub']: UNSAT (0.027 seconds)
3.69/3.76	['length', 'sub', 'sub']: UNSAT (0.024 seconds)
3.69/3.79	['substr', 'substr', 'substr']: UNSAT (0.044 seconds)
3.79/3.83	['substr', 'substr', 'add']: UNSAT (0.041 seconds)
3.79/3.88	['substr', 'substr', 'sub']: UNSAT (0.035 seconds)
3.89/3.91	['substr', 'add', 'add']: UNSAT (0.032 seconds)
3.89/3.95	['substr', 'add', 'sub']: UNSAT (0.036 seconds)
3.89/3.98	['substr', 'sub', 'sub']: UNSAT (0.036 seconds)
3.89/4.02	['add', 'add', 'add']: UNSAT (0.031 seconds)
4.03/4.05	['add', 'add', 'sub']: UNSAT (0.030 seconds)
4.03/4.08	['add', 'sub', 'sub']: UNSAT (0.028 seconds)
4.03/4.11	['sub', 'sub', 'sub']: UNSAT (0.026 seconds)
4.13/4.14	['concat', 'concat', 'concat', 'concat']: UNSAT (141.271 seconds)
145.39/145.41	['concat', 'concat', 'concat', 'index']: UNSAT (0.046 seconds)
145.39/145.46	['concat', 'concat', 'concat', 'length']: UNSAT (0.042 seconds)
145.48/145.50	['concat', 'concat', 'concat', 'substr']: UNSAT (45.408 seconds)
190.89/190.91	['concat', 'concat', 'concat', 'add']: UNSAT (0.035 seconds)
190.89/190.95	['concat', 'concat', 'concat', 'sub']: UNSAT (0.036 seconds)
190.89/190.98	['concat', 'concat', 'index', 'index']: UNSAT (0.043 seconds)
190.89/191.03	['concat', 'concat', 'index', 'length']: UNSAT (0.039 seconds)
191.03/191.07	['concat', 'concat', 'index', 'substr']: UNSAT (23.916 seconds)
214.89/214.98	['concat', 'concat', 'index', 'add']: UNSAT (0.038 seconds)
214.89/215.02	['concat', 'concat', 'index', 'sub']: UNSAT (0.037 seconds)
215.02/215.06	['concat', 'concat', 'length', 'length']: UNSAT (0.032 seconds)
215.02/215.09	['concat', 'concat', 'length', 'substr']: UNSAT (2.293 seconds)
217.29/217.39	['concat', 'concat', 'length', 'add']: UNSAT (0.034 seconds)
217.39/217.42	['concat', 'concat', 'length', 'sub']: UNSAT (0.034 seconds)
217.39/217.46	['concat', 'concat', 'substr', 'substr']: UNSAT (0.893 seconds)
218.29/218.35	['concat', 'concat', 'substr', 'add']: UNSAT (1.552 seconds)
219.89/219.90	['concat', 'concat', 'substr', 'sub']: UNSAT (0.907 seconds)
220.79/220.81	['concat', 'concat', 'add', 'add']: UNSAT (0.037 seconds)
220.79/220.85	['concat', 'concat', 'add', 'sub']: UNSAT (0.033 seconds)
220.79/220.88	['concat', 'concat', 'sub', 'sub']: UNSAT (0.033 seconds)
220.89/220.92	['concat', 'index', 'index', 'index']: UNSAT (0.042 seconds)
220.89/220.96	['concat', 'index', 'index', 'length']: UNSAT (0.037 seconds)
220.89/221.00	['concat', 'index', 'index', 'substr']: UNSAT (0.411 seconds)
221.39/221.41	['concat', 'index', 'index', 'add']: UNSAT (0.043 seconds)
221.39/221.45	['concat', 'index', 'index', 'sub']: UNSAT (0.044 seconds)
221.49/221.50	['concat', 'index', 'length', 'length']: UNSAT (0.036 seconds)
221.49/221.53	['concat', 'index', 'length', 'substr']: UNSAT (0.175 seconds)
221.69/221.71	['concat', 'index', 'length', 'add']: UNSAT (0.034 seconds)
221.69/221.74	['concat', 'index', 'length', 'sub']: UNSAT (0.033 seconds)
221.69/221.78	['concat', 'index', 'substr', 'substr']: UNSAT (0.812 seconds)
222.49/222.59	['concat', 'index', 'substr', 'add']: UNSAT (0.210 seconds)
222.79/222.80	['concat', 'index', 'substr', 'sub']: UNSAT (0.143 seconds)
222.89/222.94	['concat', 'index', 'add', 'add']: UNSAT (0.036 seconds)
222.89/222.98	['concat', 'index', 'add', 'sub']: UNSAT (0.041 seconds)
222.89/223.02	['concat', 'index', 'sub', 'sub']: UNSAT (0.037 seconds)
223.02/223.06	['concat', 'length', 'length', 'length']: UNSAT (0.025 seconds)
223.02/223.08	['concat', 'length', 'length', 'substr']: UNSAT (0.071 seconds)
223.13/223.16	['concat', 'length', 'length', 'add']: UNSAT (0.029 seconds)
223.13/223.19	['concat', 'length', 'length', 'sub']: UNSAT (0.030 seconds)
223.19/223.22	['concat', 'length', 'substr', 'substr']: UNSAT (0.588 seconds)
223.79/223.81	['concat', 'length', 'substr', 'add']: UNSAT (0.154 seconds)
223.89/223.96	['concat', 'length', 'substr', 'sub']: UNSAT (0.153 seconds)
224.02/224.11	['concat', 'length', 'add', 'add']: UNSAT (0.029 seconds)
224.12/224.14	['concat', 'length', 'add', 'sub']: UNSAT (0.029 seconds)
224.12/224.17	['concat', 'length', 'sub', 'sub']: UNSAT (0.029 seconds)
224.19/224.20	['concat', 'substr', 'substr', 'substr']: UNSAT (0.247 seconds)
224.39/224.45	['concat', 'substr', 'substr', 'add']: UNSAT (0.162 seconds)
224.59/224.61	['concat', 'substr', 'substr', 'sub']: UNSAT (0.291 seconds)
224.89/224.91	['concat', 'substr', 'add', 'add']: UNSAT (0.123 seconds)
224.89/225.03	['concat', 'substr', 'add', 'sub']: UNSAT (0.120 seconds)
225.12/225.15	['concat', 'substr', 'sub', 'sub']: UNSAT (0.149 seconds)
225.29/225.30	['concat', 'add', 'add', 'add']: UNSAT (0.036 seconds)
225.29/225.34	['concat', 'add', 'add', 'sub']: UNSAT (0.034 seconds)
225.29/225.37	['concat', 'add', 'sub', 'sub']: UNSAT (0.034 seconds)
225.39/225.41	['concat', 'sub', 'sub', 'sub']: UNSAT (0.035 seconds)
225.39/225.44	['index', 'index', 'index', 'index']: UNSAT (0.048 seconds)
225.39/225.49	['index', 'index', 'index', 'length']: UNSAT (0.038 seconds)
225.49/225.53	['index', 'index', 'index', 'substr']: UNSAT (0.097 seconds)
225.59/225.63	['index', 'index', 'index', 'add']: UNSAT (0.046 seconds)
225.59/225.67	['index', 'index', 'index', 'sub']: UNSAT (0.044 seconds)
225.69/225.72	['index', 'index', 'length', 'length']: UNSAT (0.037 seconds)
225.69/225.76	['index', 'index', 'length', 'substr']: UNSAT (0.044 seconds)
225.79/225.80	['index', 'index', 'length', 'add']: UNSAT (0.038 seconds)
225.79/225.84	['index', 'index', 'length', 'sub']: UNSAT (0.038 seconds)
225.79/225.88	['index', 'index', 'substr', 'substr']: UNSAT (0.211 seconds)
226.02/226.09	['index', 'index', 'substr', 'add']: UNSAT (0.057 seconds)
226.12/226.15	['index', 'index', 'substr', 'sub']: UNSAT (0.054 seconds)
226.19/226.20	['index', 'index', 'add', 'add']: UNSAT (0.044 seconds)
226.19/226.25	['index', 'index', 'add', 'sub']: UNSAT (0.042 seconds)
226.19/226.29	['index', 'index', 'sub', 'sub']: UNSAT (0.045 seconds)
226.29/226.34	['index', 'length', 'length', 'length']: UNSAT (0.028 seconds)
226.29/226.37	['index', 'length', 'length', 'substr']: UNSAT (0.037 seconds)
226.39/226.40	['index', 'length', 'length', 'add']: UNSAT (0.033 seconds)
226.39/226.44	['index', 'length', 'length', 'sub']: UNSAT (0.032 seconds)
226.39/226.47	['index', 'length', 'substr', 'substr']: UNSAT (0.069 seconds)
226.49/226.54	['index', 'length', 'substr', 'add']: UNSAT (0.058 seconds)
226.59/226.60	['index', 'length', 'substr', 'sub']: UNSAT (0.052 seconds)
226.59/226.65	['index', 'length', 'add', 'add']: UNSAT (0.037 seconds)
226.59/226.69	['index', 'length', 'add', 'sub']: UNSAT (0.036 seconds)
226.69/226.72	['index', 'length', 'sub', 'sub']: UNSAT (0.035 seconds)
226.69/226.76	['index', 'substr', 'substr', 'substr']: UNSAT (0.153 seconds)
226.89/226.91	['index', 'substr', 'substr', 'add']: UNSAT (0.142 seconds)
227.03/227.06	['index', 'substr', 'substr', 'sub']: UNSAT (0.105 seconds)
227.13/227.16	['index', 'substr', 'add', 'add']: UNSAT (0.055 seconds)
227.19/227.22	['index', 'substr', 'add', 'sub']: UNSAT (0.061 seconds)
227.19/227.28	['index', 'substr', 'sub', 'sub']: UNSAT (0.056 seconds)
227.29/227.34	['index', 'add', 'add', 'add']: UNSAT (0.042 seconds)
227.29/227.38	['index', 'add', 'add', 'sub']: UNSAT (0.041 seconds)
227.39/227.42	['index', 'add', 'sub', 'sub']: UNSAT (0.043 seconds)
227.39/227.47	['index', 'sub', 'sub', 'sub']: UNSAT (0.046 seconds)
227.49/227.51	['length', 'length', 'length', 'length']: UNSAT (0.022 seconds)
227.49/227.53	['length', 'length', 'length', 'substr']: UNSAT (0.027 seconds)
227.49/227.56	['length', 'length', 'length', 'add']: UNSAT (0.028 seconds)
227.49/227.59	['length', 'length', 'length', 'sub']: UNSAT (0.025 seconds)
227.59/227.62	['length', 'length', 'substr', 'substr']: UNSAT (0.078 seconds)
227.69/227.70	['length', 'length', 'substr', 'add']: UNSAT (0.043 seconds)
227.69/227.74	['length', 'length', 'substr', 'sub']: UNSAT (0.040 seconds)
227.69/227.78	['length', 'length', 'add', 'add']: UNSAT (0.028 seconds)
227.79/227.81	['length', 'length', 'add', 'sub']: UNSAT (0.028 seconds)
227.79/227.84	['length', 'length', 'sub', 'sub']: UNSAT (0.028 seconds)
227.79/227.87	['length', 'substr', 'substr', 'substr']: UNSAT (0.097 seconds)
227.89/227.96	['length', 'substr', 'substr', 'add']: UNSAT (0.064 seconds)
227.89/228.03	['length', 'substr', 'substr', 'sub']: UNSAT (0.061 seconds)
228.02/228.09	['length', 'substr', 'add', 'add']: UNSAT (0.046 seconds)
228.12/228.14	['length', 'substr', 'add', 'sub']: UNSAT (0.050 seconds)
228.12/228.19	['length', 'substr', 'sub', 'sub']: UNSAT (0.048 seconds)
228.19/228.24	['length', 'add', 'add', 'add']: UNSAT (0.037 seconds)
228.19/228.27	['length', 'add', 'add', 'sub']: UNSAT (0.036 seconds)
228.29/228.31	['length', 'add', 'sub', 'sub']: UNSAT (0.038 seconds)
228.29/228.35	['length', 'sub', 'sub', 'sub']: UNSAT (0.036 seconds)
228.29/228.39	['substr', 'substr', 'substr', 'substr']: UNSAT (0.102 seconds)
228.39/228.49	['substr', 'substr', 'substr', 'add']: UNSAT (0.064 seconds)
228.49/228.55	['substr', 'substr', 'substr', 'sub']: UNSAT (0.062 seconds)
228.59/228.61	['substr', 'substr', 'add', 'add']: UNSAT (0.050 seconds)
228.59/228.66	['substr', 'substr', 'add', 'sub']: UNSAT (0.051 seconds)
228.69/228.72	['substr', 'substr', 'sub', 'sub']: UNSAT (0.048 seconds)
228.69/228.77	['substr', 'add', 'add', 'add']: UNSAT (0.047 seconds)
228.79/228.81	['substr', 'add', 'add', 'sub']: UNSAT (0.045 seconds)
228.79/228.86	['substr', 'add', 'sub', 'sub']: UNSAT (0.040 seconds)
228.89/228.90	['substr', 'sub', 'sub', 'sub']: UNSAT (0.043 seconds)
228.89/228.94	['add', 'add', 'add', 'add']: UNSAT (0.037 seconds)
228.89/228.98	['add', 'add', 'add', 'sub']: UNSAT (0.040 seconds)
228.89/229.02	['add', 'add', 'sub', 'sub']: UNSAT (0.039 seconds)
229.03/229.06	['add', 'sub', 'sub', 'sub']: UNSAT (0.040 seconds)
229.03/229.10	['sub', 'sub', 'sub', 'sub']: UNSAT (0.039 seconds)
229.13/229.14	['concat', 'concat', 'concat', 'concat', 'concat']: 