0.13/0.20	=== Examples (../../dataset/examples/examples-87.json)
0.13/0.20	IO(inputs=('https://outsystems.com',), output='outsystems')
0.13/0.20	=== Library
0.13/0.20	concat
0.13/0.20	index
0.13/0.20	length
0.13/0.20	substr
0.13/0.20	add
0.13/0.20	sub
0.13/0.20	=== Synthesis
0.13/0.20	['concat']: UNSAT (0.023 seconds)
0.13/0.22	['index']: UNSAT (0.021 seconds)
0.13/0.25	['length']: UNSAT (0.018 seconds)
0.13/0.26	['substr']: UNSAT (0.026 seconds)
0.13/0.29	['add']: UNSAT (0.019 seconds)
0.30/0.31	['sub']: UNSAT (0.020 seconds)
0.30/0.33	['concat', 'concat']: UNSAT (0.034 seconds)
0.30/0.37	['concat', 'index']: UNSAT (0.030 seconds)
0.30/0.40	['concat', 'length']: UNSAT (0.025 seconds)
0.39/0.42	['concat', 'substr']: SAT (0.074 seconds)
0.48/0.50	substr(concat('\\x00\\x00', arg0), 10, 10)
