0.12/0.20	=== Examples (../../dataset/examples/examples-22.json)
0.12/0.20	IO(inputs=('Suspendisse nec dapibus elit.\nMauris in purus est.\nVestibulum ac viverra quam.\nAliquam a elementum felis.\nSed sollicitudin nullam.',), output='Suspendisse nec dapibus elit.    Mauris in purus est.    Vestibulum ac viverra quam.    Aliquam a elementum felis.    Sed sollicitudin nullam.')
0.12/0.20	=== Library
0.12/0.20	concat
0.12/0.20	index
0.12/0.20	length
0.12/0.20	substr
0.12/0.20	add
0.12/0.20	sub
0.12/0.20	=== Synthesis
0.12/0.20	['concat']: UNSAT (0.025 seconds)
0.12/0.22	['index']: UNSAT (0.020 seconds)
0.12/0.25	['length']: UNSAT (0.017 seconds)
0.12/0.26	['substr']: UNSAT (0.025 seconds)
0.27/0.29	['add']: UNSAT (0.019 seconds)
0.27/0.31	['sub']: UNSAT (0.019 seconds)
0.27/0.33	['concat', 'concat']: UNSAT (0.089 seconds)
0.38/0.42	['concat', 'index']: UNSAT (0.030 seconds)
0.38/0.45	['concat', 'length']: UNSAT (0.025 seconds)
0.38/0.47	['concat', 'substr']: UNSAT (0.043 seconds)
0.48/0.52	['concat', 'add']: UNSAT (0.027 seconds)
0.48/0.55	['concat', 'sub']: UNSAT (0.026 seconds)
0.48/0.57	['index', 'index']: UNSAT (0.031 seconds)
0.58/0.60	['index', 'length']: UNSAT (0.025 seconds)
0.58/0.63	['index', 'substr']: UNSAT (0.048 seconds)
0.63/0.68	['index', 'add']: UNSAT (0.024 seconds)
0.69/0.70	['index', 'sub']: UNSAT (0.021 seconds)
0.69/0.72	['length', 'length']: UNSAT (0.016 seconds)
0.69/0.74	['length', 'substr']: UNSAT (0.023 seconds)
0.69/0.76	['length', 'add']: UNSAT (0.016 seconds)
0.69/0.78	['length', 'sub']: UNSAT (0.017 seconds)
0.79/0.80	['substr', 'substr']: UNSAT (0.029 seconds)
0.79/0.83	['substr', 'add']: UNSAT (0.023 seconds)
0.79/0.85	['substr', 'sub']: UNSAT (0.023 seconds)
0.79/0.87	['add', 'add']: UNSAT (0.019 seconds)
0.79/0.89	['add', 'sub']: UNSAT (0.020 seconds)
0.90/0.91	['sub', 'sub']: UNSAT (0.020 seconds)
0.90/0.93	['concat', 'concat', 'concat']: UNSAT (1.526 seconds)
2.39/2.46	['concat', 'concat', 'index']: UNSAT (0.030 seconds)
2.39/2.49	['concat', 'concat', 'length']: UNSAT (0.025 seconds)
2.49/2.52	['concat', 'concat', 'substr']: UNSAT (6.377 seconds)
8.79/8.89	['concat', 'concat', 'add']: UNSAT (0.049 seconds)
8.90/8.95	['concat', 'concat', 'sub']: UNSAT (0.044 seconds)
8.90/8.99	['concat', 'index', 'index']: UNSAT (0.046 seconds)
8.90/9.04	['concat', 'index', 'length']: UNSAT (0.036 seconds)
9.03/9.07	['concat', 'index', 'substr']: UNSAT (4.785 seconds)
13.78/13.86	['concat', 'index', 'add']: UNSAT (0.029 seconds)
13.78/13.89	['concat', 'index', 'sub']: UNSAT (0.029 seconds)
13.90/13.92	['concat', 'length', 'length']: UNSAT (0.023 seconds)
13.90/13.95	['concat', 'length', 'substr']: UNSAT (0.214 seconds)
14.14/14.16	['concat', 'length', 'add']: UNSAT (0.025 seconds)
14.14/14.19	['concat', 'length', 'sub']: UNSAT (0.024 seconds)
14.19/14.21	['concat', 'substr', 'substr']: UNSAT (0.109 seconds)
14.29/14.32	['concat', 'substr', 'add']: UNSAT (0.203 seconds)
14.49/14.52	['concat', 'substr', 'sub']: UNSAT (0.162 seconds)
14.59/14.69	['concat', 'add', 'add']: UNSAT (0.025 seconds)
14.69/14.71	['concat', 'add', 'sub']: UNSAT (0.026 seconds)
14.69/14.74	['concat', 'sub', 'sub']: UNSAT (0.026 seconds)
14.69/14.76	['index', 'index', 'index']: UNSAT (0.032 seconds)
14.79/14.80	['index', 'index', 'length']: UNSAT (0.028 seconds)
14.79/14.83	['index', 'index', 'substr']: UNSAT (0.090 seconds)
14.90/14.92	['index', 'index', 'add']: UNSAT (0.033 seconds)
14.90/14.95	['index', 'index', 'sub']: UNSAT (0.032 seconds)
14.90/14.98	['index', 'length', 'length']: UNSAT (0.022 seconds)
14.90/15.01	['index', 'length', 'substr']: UNSAT (0.039 seconds)
15.03/15.05	['index', 'length', 'add']: UNSAT (0.025 seconds)
15.03/15.07	['index', 'length', 'sub']: UNSAT (0.026 seconds)
15.03/15.10	['index', 'substr', 'substr']: UNSAT (0.107 seconds)
15.19/15.21	['index', 'substr', 'add']: UNSAT (0.046 seconds)
15.19/15.25	['index', 'substr', 'sub']: UNSAT (0.081 seconds)
15.29/15.33	['index', 'add', 'add']: UNSAT (0.031 seconds)
15.29/15.37	['index', 'add', 'sub']: UNSAT (0.029 seconds)
15.29/15.40	['index', 'sub', 'sub']: UNSAT (0.029 seconds)
15.39/15.42	['length', 'length', 'length']: UNSAT (0.019 seconds)
15.39/15.44	['length', 'length', 'substr']: UNSAT (0.031 seconds)
15.39/15.48	['length', 'length', 'add']: UNSAT (0.024 seconds)
15.49/15.50	['length', 'length', 'sub']: UNSAT (0.022 seconds)
15.49/15.52	['length', 'substr', 'substr']: UNSAT (0.051 seconds)
15.49/15.57	['length', 'substr', 'add']: UNSAT (0.038 seconds)
15.59/15.61	['length', 'substr', 'sub']: UNSAT (0.038 seconds)
15.59/15.65	['length', 'add', 'add']: UNSAT (0.026 seconds)
15.59/15.68	['length', 'add', 'sub']: UNSAT (0.024 seconds)
15.69/15.70	['length', 'sub', 'sub']: UNSAT (0.024 seconds)
15.69/15.73	['substr', 'substr', 'substr']: UNSAT (0.060 seconds)
15.69/15.79	['substr', 'substr', 'add']: UNSAT (0.042 seconds)
15.79/15.83	['substr', 'substr', 'sub']: UNSAT (0.043 seconds)
15.79/15.87	['substr', 'add', 'add']: UNSAT (0.032 seconds)
15.90/15.91	['substr', 'add', 'sub']: UNSAT (0.032 seconds)
15.90/15.94	['substr', 'sub', 'sub']: UNSAT (0.031 seconds)
15.90/15.97	['add', 'add', 'add']: UNSAT (0.027 seconds)
15.90/16.00	['add', 'add', 'sub']: UNSAT (0.027 seconds)
15.90/16.03	['add', 'sub', 'sub']: UNSAT (0.027 seconds)
16.03/16.05	['sub', 'sub', 'sub']: UNSAT (0.026 seconds)
16.03/16.08	['concat', 'concat', 'concat', 'concat']: UNSAT (259.368 seconds)
275.38/275.45	['concat', 'concat', 'concat', 'index']: UNSAT (0.041 seconds)
275.38/275.49	['concat', 'concat', 'concat', 'length']: UNSAT (0.038 seconds)
275.48/275.53	['concat', 'concat', 'concat', 'substr']: 