0.13/0.19	=== Examples (../../dataset/examples/examples-71.json)
0.13/0.19	IO(inputs=('take seven',), output='take se')
0.13/0.19	=== Library
0.13/0.19	concat
0.13/0.19	index
0.13/0.19	length
0.13/0.19	substr
0.13/0.19	add
0.13/0.19	sub
0.13/0.19	=== Synthesis
0.13/0.19	['concat']: UNSAT (0.018 seconds)
0.13/0.21	['index']: UNSAT (0.017 seconds)
0.13/0.22	['length']: UNSAT (0.014 seconds)
0.13/0.24	['substr']: UNSAT (0.018 seconds)
0.13/0.26	['add']: UNSAT (0.016 seconds)
0.13/0.27	['sub']: UNSAT (0.016 seconds)
0.13/0.29	['concat', 'concat']: UNSAT (0.026 seconds)
0.28/0.32	['concat', 'index']: UNSAT (0.025 seconds)
0.28/0.34	['concat', 'length']: UNSAT (0.021 seconds)
0.28/0.36	['concat', 'substr']: UNSAT (0.124 seconds)
0.46/0.49	['concat', 'add']: UNSAT (0.022 seconds)
0.46/0.51	['concat', 'sub']: UNSAT (0.022 seconds)
0.46/0.53	['index', 'index']: UNSAT (0.029 seconds)
0.46/0.56	['index', 'length']: UNSAT (0.022 seconds)
0.55/0.59	['index', 'substr']: SAT (0.088 seconds)
0.62/0.68	substr(arg0, 0, index(arg0, 've', 0))
