0.00/0.20	=== Examples (../../dataset/examples/examples-26.json)
0.00/0.20	IO(inputs=('Nullam elementum, nisi ut pharetra molestie, mauris nisl accumsan magna orci aliquam.',), output='Nullam elementum, nisi ut pharetra molestie, mauris nisl accumsan magna orci ali...')
0.00/0.20	=== Library
0.00/0.20	concat
0.00/0.20	index
0.00/0.20	length
0.00/0.20	substr
0.00/0.20	add
0.00/0.20	sub
0.00/0.20	=== Synthesis
0.00/0.20	['concat']: UNSAT (0.023 seconds)
0.00/0.22	['index']: UNSAT (0.020 seconds)
0.22/0.24	['length']: UNSAT (0.017 seconds)
0.22/0.26	['substr']: UNSAT (0.024 seconds)
0.22/0.28	['add']: UNSAT (0.019 seconds)
0.22/0.30	['sub']: UNSAT (0.019 seconds)
0.22/0.32	['concat', 'concat']: UNSAT (0.040 seconds)
0.22/0.36	['concat', 'index']: UNSAT (0.030 seconds)
0.22/0.39	['concat', 'length']: UNSAT (0.025 seconds)
0.40/0.42	['concat', 'substr']: UNSAT (0.132 seconds)
0.46/0.55	['concat', 'add']: UNSAT (0.026 seconds)
0.46/0.58	['concat', 'sub']: UNSAT (0.026 seconds)
0.46/0.61	['index', 'index']: UNSAT (0.032 seconds)
0.61/0.64	['index', 'length']: UNSAT (0.025 seconds)
0.61/0.67	['index', 'substr']: UNSAT (0.573 seconds)
1.20/1.24	['index', 'add']: UNSAT (0.022 seconds)
1.20/1.26	['index', 'sub']: UNSAT (0.022 seconds)
1.20/1.28	['length', 'length']: UNSAT (0.016 seconds)
1.28/1.30	['length', 'substr']: UNSAT (0.044 seconds)
1.28/1.35	['length', 'add']: UNSAT (0.018 seconds)
1.28/1.36	['length', 'sub']: UNSAT (0.017 seconds)
1.28/1.38	['substr', 'substr']: UNSAT (0.030 seconds)
1.38/1.41	['substr', 'add']: UNSAT (0.024 seconds)
1.38/1.44	['substr', 'sub']: UNSAT (0.033 seconds)
1.38/1.47	['add', 'add']: UNSAT (0.021 seconds)
1.38/1.49	['add', 'sub']: UNSAT (0.021 seconds)
1.48/1.51	['sub', 'sub']: UNSAT (0.020 seconds)
1.48/1.53	['concat', 'concat', 'concat']: UNSAT (0.152 seconds)
1.58/1.69	['concat', 'concat', 'index']: UNSAT (0.032 seconds)
1.68/1.72	['concat', 'concat', 'length']: UNSAT (0.026 seconds)
1.68/1.75	['concat', 'concat', 'substr']: UNSAT (9.347 seconds)
10.99/11.10	['concat', 'concat', 'add']: UNSAT (0.028 seconds)
11.09/11.12	['concat', 'concat', 'sub']: UNSAT (0.029 seconds)
11.09/11.15	['concat', 'index', 'index']: UNSAT (0.034 seconds)
11.09/11.19	['concat', 'index', 'length']: UNSAT (0.029 seconds)
11.09/11.22	['concat', 'index', 'substr']: UNSAT (34.364 seconds)
45.48/45.58	['concat', 'index', 'add']: UNSAT (0.036 seconds)
45.58/45.62	['concat', 'index', 'sub']: UNSAT (0.030 seconds)
45.58/45.65	['concat', 'length', 'length']: UNSAT (0.023 seconds)
45.58/45.67	['concat', 'length', 'substr']: UNSAT (0.697 seconds)
46.30/46.37	['concat', 'length', 'add']: UNSAT (0.025 seconds)
46.38/46.40	['concat', 'length', 'sub']: UNSAT (0.025 seconds)
46.38/46.42	['concat', 'substr', 'substr']: UNSAT (0.138 seconds)
46.48/46.56	['concat', 'substr', 'add']: UNSAT (0.167 seconds)
46.68/46.73	['concat', 'substr', 'sub']: SAT (0.358 seconds)
46.98/47.09	concat(substr(arg0, sub(80, 80), 80), '...')
