0.11/0.20	=== Examples (../../dataset/examples/examples-57.json)
0.11/0.20	IO(inputs=('what are you doing? (sorry) yup?',), output='what are you doing? (sorry)')
0.11/0.20	=== Library
0.11/0.20	concat
0.11/0.20	index
0.11/0.20	length
0.11/0.20	substr
0.11/0.20	add
0.11/0.20	sub
0.11/0.20	=== Synthesis
0.11/0.20	['concat']: UNSAT (0.024 seconds)
0.11/0.22	['index']: UNSAT (0.021 seconds)
0.11/0.24	['length']: UNSAT (0.018 seconds)
0.11/0.26	['substr']: UNSAT (0.023 seconds)
0.25/0.29	['add']: UNSAT (0.019 seconds)
0.25/0.31	['sub']: UNSAT (0.020 seconds)
0.25/0.33	['concat', 'concat']: UNSAT (0.035 seconds)
0.25/0.36	['concat', 'index']: UNSAT (0.031 seconds)
0.34/0.39	['concat', 'length']: UNSAT (0.025 seconds)
0.34/0.42	['concat', 'substr']: UNSAT (0.128 seconds)
0.44/0.55	['concat', 'add']: UNSAT (0.019 seconds)
0.44/0.57	['concat', 'sub']: UNSAT (0.019 seconds)
0.54/0.59	['index', 'index']: UNSAT (0.023 seconds)
0.54/0.61	['index', 'length']: UNSAT (0.018 seconds)
0.54/0.63	['index', 'substr']: SAT (0.339 seconds)
0.88/0.97	substr(arg0, 0, index(arg0, ' yup', 0))
