0.00/0.07	=== Examples (examples-67.json)
0.00/0.07	([" trim me "],"trim me \226\8218\172")
0.00/0.07	(["one more pass   "],"one more pass \226\8218\172")
0.00/0.07	(["  so smooth"],"so smooth \226\8218\172")
0.00/0.07	=== Library
0.00/0.07	Add
0.00/0.07	Concat
0.00/0.07	Index
0.00/0.07	Length
0.00/0.07	Replace
0.00/0.07	Sub
0.00/0.07	Substr
0.00/0.07	ToLower
0.00/0.07	ToUpper
0.00/0.07	Trim
0.00/0.07	TrimEnd
0.00/0.07	TrimStart
0.00/0.07	=== Synthesis
0.00/0.07	Size: 1
0.00/0.07	outsynth2: Data.SBV: stringToQFS: Haskell character: '\8218' is not representable in QF_S
0.00/0.07	CallStack (from HasCallStack):
0.00/0.07	  error, called at ./Data/SBV/Utils/Lib.hs:137:12 in sbv-8.2-06c86fd5f74daa6ce2b0df90c49ca0cb992ccbf755e8c7f0c083aa86b5d0b987:Data.SBV.Utils.Lib
