600.03/600.06	=== Examples (examples-03.json)
600.03/600.06	(["hey. I hope you are doing good"],"hey, I hope you are doing good")
600.03/600.06	=== Library
600.03/600.06	Add
600.03/600.06	Concat
600.03/600.06	Index
600.03/600.06	Length
600.03/600.06	Replace
600.03/600.06	Sub
600.03/600.06	Substr
600.03/600.06	ToLower
600.03/600.06	ToUpper
600.03/600.06	Trim
600.03/600.06	TrimEnd
600.03/600.06	TrimStart
600.03/600.06	=== Synthesis
600.03/600.06	Size: 1
600.03/600.06	outsynth2: 
600.03/600.06	*** Data.SBV: fd:6: hGetLine: end of file:
600.03/600.06	***
600.03/600.06	***    Sent      : (check-sat)
600.03/600.06	***
600.03/600.06	***    Executable: /home/rodrigo/msc/code/setwise/venv/bin/z3
600.03/600.06	***    Options   : -nw -in -smt2
600.03/600.06	
