132.43/132.48	=== Examples (examples-52.json)
132.43/132.48	(["hello  "],"HELLO")
132.43/132.48	=== Library
132.43/132.48	Add
132.43/132.48	Concat
132.43/132.48	Index
132.43/132.48	Length
132.43/132.48	Replace
132.43/132.48	Sub
132.43/132.48	Substr
132.43/132.48	ToLower
132.43/132.48	ToUpper
132.43/132.48	Trim
132.43/132.48	TrimEnd
132.43/132.48	TrimStart
132.43/132.48	=== Synthesis
132.43/132.48	Size: 1
132.43/132.48	=== Program
132.43/132.48	prog(x0):
132.43/132.48	  c0 = "HELLO"
132.43/132.48	  r0 = Replace(c0, x0, c0)
132.43/132.48	
