343.38/343.40	=== Examples (examples-81.json)
343.38/343.40	(["abc\\xyz"],"xyz")
343.38/343.40	=== Library
343.38/343.40	Add
343.38/343.40	Concat
343.38/343.40	Index
343.38/343.40	Length
343.38/343.40	Replace
343.38/343.40	Sub
343.38/343.40	Substr
343.38/343.40	ToLower
343.38/343.40	ToUpper
343.38/343.40	Trim
343.38/343.40	TrimEnd
343.38/343.40	TrimStart
343.38/343.40	=== Synthesis
343.38/343.40	Size: 1
343.38/343.40	=== Program
343.38/343.40	prog(x0):
343.38/343.40	  c0 = "xyz"
343.38/343.40	  r0 = Replace(c0, x0, x0)
343.38/343.40	
