187.69/187.71	=== Examples (examples-10.json)
187.69/187.71	(["hello word"],"hello word")
187.69/187.71	=== Library
187.69/187.71	Add
187.69/187.71	Concat
187.69/187.71	Index
187.69/187.71	Length
187.69/187.71	Replace
187.69/187.71	Sub
187.69/187.71	Substr
187.69/187.71	ToLower
187.69/187.71	ToUpper
187.69/187.71	Trim
187.69/187.71	TrimEnd
187.69/187.71	TrimStart
187.69/187.71	=== Synthesis
187.69/187.71	Size: 1
187.69/187.71	=== Program
187.69/187.71	prog(x0):
187.69/187.71	  c0 = " "
187.69/187.71	  r0 = Replace(c0, c0, x0)
187.69/187.71	
