145.49/145.55	=== Examples (examples-32.json)
145.49/145.55	(["random,csv"],"random")
145.49/145.55	=== Library
145.49/145.55	Add
145.49/145.55	Concat
145.49/145.55	Index
145.49/145.55	Length
145.49/145.55	Replace
145.49/145.55	Sub
145.49/145.55	Substr
145.49/145.55	ToLower
145.49/145.55	ToUpper
145.49/145.55	Trim
145.49/145.55	TrimEnd
145.49/145.55	TrimStart
145.49/145.55	=== Synthesis
145.49/145.55	Size: 1
145.49/145.55	=== Program
145.49/145.55	prog(x0):
145.49/145.55	  c0 = "random"
145.49/145.55	  r0 = Replace(c0, x0, c0)
145.49/145.55	
