600.03/600.05	=== Examples (examples-06.json)
600.03/600.05	(["http://www.outsystems.com"],"www.outsystems.com")
600.03/600.05	=== Library
600.03/600.05	Add
600.03/600.05	Concat
600.03/600.05	Index
600.03/600.05	Length
600.03/600.05	Replace
600.03/600.05	Sub
600.03/600.05	Substr
600.03/600.05	ToLower
600.03/600.05	ToUpper
600.03/600.05	Trim
600.03/600.05	TrimEnd
600.03/600.05	TrimStart
600.03/600.05	=== Synthesis
600.03/600.05	Size: 1
600.03/600.05	outsynth2: 
600.03/600.05	*** Data.SBV: fd:6: hGetLine: end of file:
600.03/600.05	***
600.03/600.05	***    Sent      : (check-sat)
600.03/600.05	***
600.03/600.05	***    Executable: /home/rodrigo/msc/code/setwise/venv/bin/z3
600.03/600.05	***    Options   : -nw -in -smt2
600.03/600.05	
