279.02/279.09	=== Examples (examples-47.json)
279.02/279.09	(["00123"],"123")
279.02/279.09	=== Library
279.02/279.09	Add
279.02/279.09	Concat
279.02/279.09	Index
279.02/279.09	Length
279.02/279.09	Replace
279.02/279.09	Sub
279.02/279.09	Substr
279.02/279.09	ToLower
279.02/279.09	ToUpper
279.02/279.09	Trim
279.02/279.09	TrimEnd
279.02/279.09	TrimStart
279.02/279.09	=== Synthesis
279.02/279.09	Size: 1
279.02/279.09	=== Program
279.02/279.09	prog(x0):
279.02/279.09	  c0 = "123"
279.02/279.09	  r0 = Replace(c0, x0, x0)
279.02/279.09	
