190.78/190.88	=== Examples (examples-78.json)
190.78/190.88	(["smith-doe"],"doe")
190.78/190.88	=== Library
190.78/190.88	Add
190.78/190.88	Concat
190.78/190.88	Index
190.78/190.88	Length
190.78/190.88	Replace
190.78/190.88	Sub
190.78/190.88	Substr
190.78/190.88	ToLower
190.78/190.88	ToUpper
190.78/190.88	Trim
190.78/190.88	TrimEnd
190.78/190.88	TrimStart
190.78/190.88	=== Synthesis
190.78/190.88	Size: 1
190.78/190.88	=== Program
190.78/190.88	prog(x0):
190.78/190.88	  c0 = "doe"
190.78/190.88	  r0 = Replace(c0, x0, c0)
190.78/190.88	
