23.19/23.20	=== Examples (examples-46.json)
23.19/23.20	([" a b c "],"0a0b0c")
23.19/23.20	=== Library
23.19/23.20	Add
23.19/23.20	Concat
23.19/23.20	Index
23.19/23.20	Length
23.19/23.20	Replace
23.19/23.20	Sub
23.19/23.20	Substr
23.19/23.20	ToLower
23.19/23.20	ToUpper
23.19/23.20	Trim
23.19/23.20	TrimEnd
23.19/23.20	TrimStart
23.19/23.20	=== Synthesis
23.19/23.20	Size: 1
23.19/23.20	=== Program
23.19/23.20	prog(x0):
23.19/23.20	  c0 = "0a0b0c"
23.19/23.20	  r0 = Replace(c0, x0, x0)
23.19/23.20	
