600.00/600.03	=== Examples (examples-41.json)
600.00/600.03	(["who knows  "],"Prefix who knows")
600.00/600.03	(["  we'll see"],"Prefix we'll see")
600.00/600.03	=== Library
600.00/600.03	Concat
600.00/600.03	Index
600.00/600.03	Length
600.00/600.03	Substr
600.00/600.03	Add
600.00/600.03	Sub
600.00/600.03	=== Synthesis
600.00/600.03	Size: 1
600.00/600.03	Size: 2
600.00/600.03	Size: 3
600.00/600.03	outsynth2: 
600.00/600.03	*** Data.SBV: fd:6: hGetLine: end of file:
600.00/600.03	***
600.00/600.03	***    Sent      : (check-sat)
600.00/600.03	***
600.00/600.03	***    Executable: /home/rodrigo/bin/z3
600.00/600.03	***    Options   : -nw -in -smt2
600.00/600.03	
